Tue 17 Mar 2026 19:55:34 IST

SLURM_JOBID:		 16028191
SLURM_JOB_NODELIST:	 ise-cpu256-32 

--------------------------
date: SM_Grids
number_of_graphs: 10
graph_type: grid
size_of_graphs: [6, 6]
heuristic: bcc_heuristic
snake: False
run_uni: True
run_bi: True
run_multi: False
solution_vertices: []
algorithms: ['DFBnB']
bsd: False
cube_first_dims: 4
cube_buffer_dim: None
backward_sym_generation: False
sym_coil: False
prefix_set: None

---------- SM_Grids/6x6_grid_with_random_blocks_12per_0 ----------
[00:00:00:00:017] Expansion 27: New longest path found with length 28: [0, 6, 12, 18, 24, 25, 19, 13, 7, 1, 2, 8, 14, 20, 26, 32, 33, 27, 28, 22, 16, 10, 4, 5, 11, 17, 23, 29, 35]
[00:00:00:00:188] Path of length 28 found: [0, 6, 12, 18, 24, 25, 19, 13, 7, 1, 2, 8, 14, 20, 26, 32, 33, 27, 28, 22, 16, 10, 4, 5, 11, 17, 23, 29, 35]
[00:00:00:00:188] ! Unidirectional s-t. expansions: 323, time: 188 [ms], path length: 28 [edges], generated: 563
[00:00:00:00:007] Expansion 9: New longest path found with length 10: [35, 29, 23, 17, 11, 5, 4, 3, 2, 1, 0]
[00:00:00:00:014] Expansion 27: New longest path found with length 28: [35, 29, 23, 17, 11, 5, 4, 3, 2, 1, 7, 8, 14, 15, 16, 22, 28, 27, 33, 32, 26, 20, 19, 25, 24, 18, 12, 6, 0]
[00:00:00:00:179] Path of length 28 found: [35, 29, 23, 17, 11, 5, 4, 3, 2, 1, 7, 8, 14, 15, 16, 22, 28, 27, 33, 32, 26, 20, 19, 25, 24, 18, 12, 6, 0]
[00:00:00:00:179] ! Unidirectional t-s. expansions: 400, time: 179 [ms], path length: 28 [edges], generated: 665
[00:00:00:00:010] Expansion 14:New longest path found with length 28: [0, 6, 12, 18, 24, 25, 19, 13, 7, 1, 2, 8, 14, 20, 26, 32, 33, 27, 28, 22, 16, 10, 4, 5, 11, 17, 23, 29, 35]
[00:00:00:00:209] Path of length 28 found: [0, 6, 12, 18, 24, 25, 19, 13, 7, 1, 2, 8, 14, 20, 26, 32, 33, 27, 28, 22, 16, 10, 4, 5, 11, 17, 23, 29, 35]
[00:00:00:00:501] ! Bidirectional. expansions: 287, time: 209 [ms], path length: 28 [edges], g_F: 14, g_B: 14, generated: {'F': 534, 'B': 520}, MM: 0, MMPER: -1.0%
[00:00:00:00:501] 
---------- SM_Grids/6x6_grid_with_random_blocks_12per_1 ----------
[00:00:00:00:014] Expansion 21: New longest path found with length 22: [0, 6, 12, 18, 24, 30, 31, 25, 19, 13, 7, 1, 2, 8, 9, 15, 14, 20, 26, 32, 33, 34, 35]
[00:00:00:00:016] Expansion 27: New longest path found with length 28: [0, 6, 12, 18, 24, 30, 31, 25, 19, 13, 7, 1, 2, 8, 9, 15, 14, 20, 26, 32, 33, 34, 28, 22, 16, 17, 23, 29, 35]
[00:00:00:00:122] Path of length 28 found: [0, 6, 12, 18, 24, 30, 31, 25, 19, 13, 7, 1, 2, 8, 9, 15, 14, 20, 26, 32, 33, 34, 28, 22, 16, 17, 23, 29, 35]
[00:00:00:00:122] ! Unidirectional s-t. expansions: 202, time: 122 [ms], path length: 28 [edges], generated: 356
[00:00:00:00:007] Expansion 9: New longest path found with length 10: [35, 29, 23, 17, 16, 15, 9, 8, 2, 1, 0]
[00:00:00:00:015] Expansion 27: New longest path found with length 28: [35, 29, 23, 17, 16, 15, 9, 8, 2, 1, 7, 13, 14, 20, 21, 22, 28, 34, 33, 32, 26, 25, 31, 30, 24, 18, 12, 6, 0]
[00:00:00:00:217] Path of length 28 found: [35, 29, 23, 17, 16, 15, 9, 8, 2, 1, 7, 13, 14, 20, 21, 22, 28, 34, 33, 32, 26, 25, 31, 30, 24, 18, 12, 6, 0]
[00:00:00:00:217] ! Unidirectional t-s. expansions: 321, time: 217 [ms], path length: 28 [edges], generated: 550
[00:00:00:00:012] Expansion 15:New longest path found with length 28: [0, 6, 12, 18, 24, 30, 31, 25, 26, 32, 33, 34, 28, 22, 21, 20, 19, 13, 7, 1, 2, 8, 9, 15, 16, 17, 23, 29, 35]
[00:00:00:00:169] Path of length 28 found: [0, 6, 12, 18, 24, 30, 31, 25, 26, 32, 33, 34, 28, 22, 21, 20, 19, 13, 7, 1, 2, 8, 9, 15, 16, 17, 23, 29, 35]
[00:00:00:00:436] ! Bidirectional. expansions: 227, time: 169 [ms], path length: 28 [edges], g_F: 14, g_B: 14, generated: {'F': 417, 'B': 412}, MM: 0, MMPER: -1.0%
[00:00:00:00:436] 
---------- SM_Grids/6x6_grid_with_random_blocks_12per_2 ----------
[00:00:00:00:020] Expansion 23: New longest path found with length 24: [0, 1, 2, 8, 7, 13, 12, 18, 24, 30, 31, 25, 19, 20, 26, 32, 33, 27, 21, 22, 16, 17, 23, 29, 35]
[00:00:00:00:020] Expansion 25: New longest path found with length 26: [0, 1, 2, 8, 7, 13, 12, 18, 24, 30, 31, 25, 19, 20, 26, 32, 33, 27, 21, 22, 16, 17, 23, 29, 28, 34, 35]
[00:00:00:00:021] Path of length 26 found: [0, 1, 2, 8, 7, 13, 12, 18, 24, 30, 31, 25, 19, 20, 26, 32, 33, 27, 21, 22, 16, 17, 23, 29, 28, 34, 35]
[00:00:00:00:022] ! Unidirectional s-t. expansions: 26, time: 21 [ms], path length: 26 [edges], generated: 44
[00:00:00:00:016] Expansion 25: New longest path found with length 26: [35, 29, 23, 17, 16, 22, 21, 20, 19, 25, 26, 27, 28, 34, 33, 32, 31, 30, 24, 18, 12, 13, 14, 8, 2, 1, 0]
[00:00:00:00:188] Path of length 26 found: [35, 29, 23, 17, 16, 22, 21, 20, 19, 25, 26, 27, 28, 34, 33, 32, 31, 30, 24, 18, 12, 13, 14, 8, 2, 1, 0]
[00:00:00:00:188] ! Unidirectional t-s. expansions: 337, time: 188 [ms], path length: 26 [edges], generated: 556
[00:00:00:00:011] Expansion 13:New longest path found with length 26: [0, 1, 2, 8, 7, 13, 12, 18, 24, 30, 31, 32, 33, 34, 28, 27, 26, 25, 19, 20, 21, 22, 16, 17, 23, 29, 35]
[00:00:00:00:028] Path of length 26 found: [0, 1, 2, 8, 7, 13, 12, 18, 24, 30, 31, 32, 33, 34, 28, 27, 26, 25, 19, 20, 21, 22, 16, 17, 23, 29, 35]
[00:00:00:00:291] ! Bidirectional. expansions: 27, time: 28 [ms], path length: 26 [edges], g_F: 13, g_B: 13, generated: {'F': 52, 'B': 55}, MM: 0, MMPER: -1.0%
[00:00:00:00:291] 
---------- SM_Grids/6x6_grid_with_random_blocks_12per_3 ----------
[00:00:00:00:018] Expansion 29: New longest path found with length 30: [0, 1, 7, 6, 12, 18, 19, 13, 14, 8, 9, 3, 4, 10, 11, 17, 23, 22, 16, 15, 21, 20, 26, 25, 31, 32, 33, 27, 28, 34, 35]
[00:00:00:00:019] Path of length 30 found: [0, 1, 7, 6, 12, 18, 19, 13, 14, 8, 9, 3, 4, 10, 11, 17, 23, 22, 16, 15, 21, 20, 26, 25, 31, 32, 33, 27, 28, 34, 35]
[00:00:00:00:019] ! Unidirectional s-t. expansions: 30, time: 19 [ms], path length: 30 [edges], generated: 49
[00:00:00:00:019] Expansion 27: New longest path found with length 28: [35, 34, 28, 22, 23, 17, 11, 10, 4, 3, 9, 8, 7, 13, 14, 15, 21, 20, 26, 27, 33, 32, 31, 25, 19, 18, 12, 6, 0]
[00:00:00:00:216] Expansion 417: New longest path found with length 30: [35, 34, 28, 27, 33, 32, 31, 25, 26, 20, 21, 15, 16, 22, 23, 17, 11, 10, 4, 3, 9, 8, 14, 13, 19, 18, 12, 6, 7, 1, 0]
[00:00:00:00:217] Path of length 30 found: [35, 34, 28, 27, 33, 32, 31, 25, 26, 20, 21, 15, 16, 22, 23, 17, 11, 10, 4, 3, 9, 8, 14, 13, 19, 18, 12, 6, 7, 1, 0]
[00:00:00:00:217] ! Unidirectional t-s. expansions: 418, time: 217 [ms], path length: 30 [edges], generated: 702
[00:00:00:00:013] Expansion 14:New longest path found with length 28: [0, 1, 7, 6, 12, 18, 19, 13, 14, 20, 26, 25, 31, 32, 33, 27, 21, 15, 9, 3, 4, 10, 11, 17, 23, 22, 28, 34, 35]
[00:00:00:00:041] Expansion 44:New longest path found with length 30: [0, 1, 7, 6, 12, 18, 19, 13, 14, 8, 9, 3, 4, 10, 11, 17, 23, 22, 16, 15, 21, 20, 26, 25, 31, 32, 33, 27, 28, 34, 35]
[00:00:00:00:041] Path of length 30 found: [0, 1, 7, 6, 12, 18, 19, 13, 14, 8, 9, 3, 4, 10, 11, 17, 23, 22, 16, 15, 21, 20, 26, 25, 31, 32, 33, 27, 28, 34, 35]
[00:00:00:00:311] ! Bidirectional. expansions: 44, time: 41 [ms], path length: 30 [edges], g_F: 15, g_B: 15, generated: {'F': 87, 'B': 89}, MM: 0, MMPER: -1.0%
[00:00:00:00:312] 
---------- SM_Grids/6x6_grid_with_random_blocks_12per_4 ----------
[00:00:00:00:018] Expansion 27: New longest path found with length 28: [0, 6, 12, 18, 24, 30, 31, 25, 26, 32, 33, 27, 21, 20, 14, 13, 7, 8, 9, 3, 4, 5, 11, 10, 16, 17, 23, 29, 35]
[00:00:00:00:018] Expansion 29: New longest path found with length 30: [0, 6, 12, 18, 24, 30, 31, 25, 26, 32, 33, 27, 21, 20, 14, 13, 7, 8, 9, 3, 4, 5, 11, 10, 16, 17, 23, 29, 28, 34, 35]
[00:00:00:00:063] Path of length 30 found: [0, 6, 12, 18, 24, 30, 31, 25, 26, 32, 33, 27, 21, 20, 14, 13, 7, 8, 9, 3, 4, 5, 11, 10, 16, 17, 23, 29, 28, 34, 35]
[00:00:00:00:063] ! Unidirectional s-t. expansions: 99, time: 63 [ms], path length: 30 [edges], generated: 163
[00:00:00:00:018] Expansion 29: New longest path found with length 30: [35, 29, 23, 17, 11, 5, 4, 3, 9, 10, 16, 15, 14, 20, 21, 27, 28, 34, 33, 32, 26, 25, 31, 30, 24, 18, 12, 13, 7, 6, 0]
[00:00:00:00:147] Path of length 30 found: [35, 29, 23, 17, 11, 5, 4, 3, 9, 10, 16, 15, 14, 20, 21, 27, 28, 34, 33, 32, 26, 25, 31, 30, 24, 18, 12, 13, 7, 6, 0]
[00:00:00:00:147] ! Unidirectional t-s. expansions: 245, time: 147 [ms], path length: 30 [edges], generated: 405
[00:00:00:00:012] Expansion 14:New longest path found with length 28: [0, 6, 12, 18, 24, 30, 31, 25, 26, 32, 33, 34, 28, 27, 21, 20, 14, 13, 7, 8, 9, 3, 4, 5, 11, 17, 23, 29, 35]
[00:00:00:00:016] Expansion 22:New longest path found with length 30: [0, 6, 12, 18, 24, 30, 31, 25, 26, 32, 33, 34, 28, 27, 21, 20, 14, 13, 7, 8, 9, 15, 16, 10, 4, 5, 11, 17, 23, 29, 35]
[00:00:00:00:157] Path of length 30 found: [0, 6, 12, 18, 24, 30, 31, 25, 26, 32, 33, 34, 28, 27, 21, 20, 14, 13, 7, 8, 9, 15, 16, 10, 4, 5, 11, 17, 23, 29, 35]
[00:00:00:00:422] ! Bidirectional. expansions: 164, time: 157 [ms], path length: 30 [edges], g_F: 15, g_B: 15, generated: {'F': 279, 'B': 282}, MM: 0, MMPER: -1.0%
[00:00:00:00:423] 
---------- SM_Grids/6x6_grid_with_random_blocks_12per_5 ----------
[00:00:00:00:021] Expansion 29: New longest path found with length 30: [0, 6, 12, 18, 24, 30, 31, 32, 26, 20, 19, 13, 7, 1, 2, 8, 9, 3, 4, 5, 11, 10, 16, 17, 23, 22, 21, 27, 33, 34, 35]
[00:00:00:00:112] Path of length 30 found: [0, 6, 12, 18, 24, 30, 31, 32, 26, 20, 19, 13, 7, 1, 2, 8, 9, 3, 4, 5, 11, 10, 16, 17, 23, 22, 21, 27, 33, 34, 35]
[00:00:00:00:112] ! Unidirectional s-t. expansions: 166, time: 112 [ms], path length: 30 [edges], generated: 255
[00:00:00:00:008] Expansion 9: New longest path found with length 10: [35, 29, 23, 17, 11, 5, 4, 3, 2, 1, 0]
[00:00:00:00:017] Expansion 29: New longest path found with length 30: [35, 29, 23, 17, 11, 5, 4, 3, 2, 1, 7, 8, 9, 10, 16, 22, 21, 20, 26, 27, 33, 32, 31, 30, 24, 18, 19, 13, 12, 6, 0]
[00:00:00:00:018] Path of length 30 found: [35, 29, 23, 17, 11, 5, 4, 3, 2, 1, 7, 8, 9, 10, 16, 22, 21, 20, 26, 27, 33, 32, 31, 30, 24, 18, 19, 13, 12, 6, 0]
[00:00:00:00:018] ! Unidirectional t-s. expansions: 30, time: 18 [ms], path length: 30 [edges], generated: 45
[00:00:00:00:011] Expansion 14:New longest path found with length 28: [0, 6, 12, 18, 24, 30, 31, 32, 33, 27, 26, 20, 21, 22, 16, 10, 9, 8, 7, 1, 2, 3, 4, 5, 11, 17, 23, 29, 35]
[00:00:00:00:046] Expansion 68:New longest path found with length 30: [0, 6, 12, 13, 19, 18, 24, 30, 31, 32, 33, 27, 26, 20, 21, 22, 16, 10, 9, 8, 7, 1, 2, 3, 4, 5, 11, 17, 23, 29, 35]
[00:00:00:00:047] Path of length 30 found: [0, 6, 12, 13, 19, 18, 24, 30, 31, 32, 33, 27, 26, 20, 21, 22, 16, 10, 9, 8, 7, 1, 2, 3, 4, 5, 11, 17, 23, 29, 35]
[00:00:00:00:315] ! Bidirectional. expansions: 68, time: 47 [ms], path length: 30 [edges], g_F: 15, g_B: 15, generated: {'F': 110, 'B': 121}, MM: 0, MMPER: -1.0%
[00:00:00:00:315] 
---------- SM_Grids/6x6_grid_with_random_blocks_12per_6 ----------
[00:00:00:00:015] Expansion 19: New longest path found with length 20: [0, 6, 12, 18, 24, 25, 19, 13, 7, 1, 2, 3, 9, 8, 14, 20, 26, 32, 33, 34, 35]
[00:00:00:00:017] Expansion 27: New longest path found with length 28: [0, 6, 12, 18, 24, 25, 19, 13, 7, 1, 2, 3, 9, 8, 14, 20, 26, 32, 33, 34, 28, 22, 21, 15, 16, 17, 23, 29, 35]
[00:00:00:00:018] Path of length 28 found: [0, 6, 12, 18, 24, 25, 19, 13, 7, 1, 2, 3, 9, 8, 14, 20, 26, 32, 33, 34, 28, 22, 21, 15, 16, 17, 23, 29, 35]
[00:00:00:00:018] ! Unidirectional s-t. expansions: 28, time: 18 [ms], path length: 28 [edges], generated: 46
[00:00:00:00:009] Expansion 9: New longest path found with length 10: [35, 29, 23, 17, 16, 15, 9, 3, 2, 1, 0]
[00:00:00:00:017] Expansion 27: New longest path found with length 28: [35, 29, 23, 17, 16, 15, 9, 3, 2, 1, 7, 8, 14, 13, 19, 20, 21, 22, 28, 34, 33, 32, 26, 25, 24, 18, 12, 6, 0]
[00:00:00:00:018] Path of length 28 found: [35, 29, 23, 17, 16, 15, 9, 3, 2, 1, 7, 8, 14, 13, 19, 20, 21, 22, 28, 34, 33, 32, 26, 25, 24, 18, 12, 6, 0]
[00:00:00:00:019] ! Unidirectional t-s. expansions: 28, time: 18 [ms], path length: 28 [edges], generated: 46
[00:00:00:00:012] Expansion 14:New longest path found with length 28: [0, 6, 12, 18, 24, 25, 19, 13, 7, 1, 2, 3, 9, 8, 14, 20, 26, 32, 33, 34, 28, 22, 21, 15, 16, 17, 23, 29, 35]
[00:00:00:00:013] Path of length 28 found: [0, 6, 12, 18, 24, 25, 19, 13, 7, 1, 2, 3, 9, 8, 14, 20, 26, 32, 33, 34, 28, 22, 21, 15, 16, 17, 23, 29, 35]
[00:00:00:00:283] ! Bidirectional. expansions: 14, time: 13 [ms], path length: 28 [edges], g_F: 14, g_B: 14, generated: {'F': 26, 'B': 23}, MM: 0, MMPER: -1.0%
[00:00:00:00:283] 
---------- SM_Grids/6x6_grid_with_random_blocks_12per_7 ----------
[00:00:00:00:017] Expansion 25: New longest path found with length 26: [0, 1, 7, 13, 12, 18, 24, 30, 31, 25, 26, 20, 21, 15, 9, 8, 2, 3, 4, 10, 11, 17, 16, 22, 23, 29, 35]
[00:00:00:00:018] Expansion 29: New longest path found with length 30: [0, 1, 7, 13, 12, 18, 24, 30, 31, 25, 26, 20, 21, 15, 9, 8, 2, 3, 4, 10, 11, 17, 16, 22, 23, 29, 28, 27, 33, 34, 35]
[00:00:00:00:071] Path of length 30 found: [0, 1, 7, 13, 12, 18, 24, 30, 31, 25, 26, 20, 21, 15, 9, 8, 2, 3, 4, 10, 11, 17, 16, 22, 23, 29, 28, 27, 33, 34, 35]
[00:00:00:00:071] ! Unidirectional s-t. expansions: 122, time: 71 [ms], path length: 30 [edges], generated: 190
[00:00:00:00:017] Expansion 29: New longest path found with length 30: [35, 29, 23, 17, 11, 10, 4, 3, 2, 8, 9, 15, 16, 22, 21, 20, 26, 27, 28, 34, 33, 32, 31, 25, 24, 18, 12, 13, 7, 1, 0]
[00:00:00:00:173] Path of length 30 found: [35, 29, 23, 17, 11, 10, 4, 3, 2, 8, 9, 15, 16, 22, 21, 20, 26, 27, 28, 34, 33, 32, 31, 25, 24, 18, 12, 13, 7, 1, 0]
[00:00:00:00:173] ! Unidirectional t-s. expansions: 267, time: 173 [ms], path length: 30 [edges], generated: 441
[00:00:00:00:011] Expansion 16:New longest path found with length 30: [0, 1, 7, 13, 12, 18, 24, 30, 31, 25, 26, 20, 21, 27, 33, 34, 28, 22, 16, 15, 9, 8, 2, 3, 4, 10, 11, 17, 23, 29, 35]
[00:00:00:00:137] Path of length 30 found: [0, 1, 7, 13, 12, 18, 24, 30, 31, 25, 26, 20, 21, 27, 33, 34, 28, 22, 16, 15, 9, 8, 2, 3, 4, 10, 11, 17, 23, 29, 35]
[00:00:00:00:410] ! Bidirectional. expansions: 179, time: 137 [ms], path length: 30 [edges], g_F: 15, g_B: 15, generated: {'F': 288, 'B': 332}, MM: 0, MMPER: -1.0%
[00:00:00:00:410] 
---------- SM_Grids/6x6_grid_with_random_blocks_12per_8 ----------
[00:00:00:00:019] Expansion 25: New longest path found with length 26: [0, 6, 12, 18, 24, 30, 31, 25, 19, 20, 14, 8, 7, 1, 2, 3, 9, 15, 16, 10, 4, 5, 11, 17, 23, 29, 35]
[00:00:00:00:074] Expansion 114: New longest path found with length 28: [0, 6, 7, 1, 2, 8, 9, 3, 4, 5, 11, 17, 23, 22, 16, 15, 14, 20, 19, 18, 24, 30, 31, 25, 26, 27, 33, 34, 35]
[00:00:00:00:192] Expansion 277: New longest path found with length 30: [0, 1, 2, 3, 9, 10, 4, 5, 11, 17, 23, 22, 16, 15, 14, 8, 7, 6, 12, 18, 24, 30, 31, 25, 19, 20, 26, 27, 33, 34, 35]
[00:00:00:00:228] Path of length 30 found: [0, 1, 2, 3, 9, 10, 4, 5, 11, 17, 23, 22, 16, 15, 14, 8, 7, 6, 12, 18, 24, 30, 31, 25, 19, 20, 26, 27, 33, 34, 35]
[00:00:00:00:228] ! Unidirectional s-t. expansions: 299, time: 228 [ms], path length: 30 [edges], generated: 515
[00:00:00:00:010] Expansion 13: New longest path found with length 14: [35, 34, 33, 27, 26, 20, 19, 25, 31, 30, 24, 18, 12, 6, 0]
[00:00:00:00:017] Expansion 29: New longest path found with length 30: [35, 34, 33, 27, 26, 20, 19, 25, 31, 30, 24, 18, 12, 6, 7, 8, 14, 15, 9, 10, 16, 22, 23, 17, 11, 5, 4, 3, 2, 1, 0]
[00:00:00:00:018] Path of length 30 found: [35, 34, 33, 27, 26, 20, 19, 25, 31, 30, 24, 18, 12, 6, 7, 8, 14, 15, 9, 10, 16, 22, 23, 17, 11, 5, 4, 3, 2, 1, 0]
[00:00:00:00:018] ! Unidirectional t-s. expansions: 30, time: 18 [ms], path length: 30 [edges], generated: 45
[00:00:00:00:011] Expansion 14:New longest path found with length 28: [0, 6, 7, 1, 2, 8, 9, 3, 4, 5, 11, 17, 23, 22, 16, 15, 14, 20, 19, 18, 24, 30, 31, 25, 26, 27, 33, 34, 35]
[00:00:00:00:029] Expansion 39:New longest path found with length 30: [0, 1, 2, 3, 9, 10, 4, 5, 11, 17, 23, 22, 16, 15, 14, 8, 7, 6, 12, 18, 24, 30, 31, 25, 19, 20, 26, 27, 33, 34, 35]
[00:00:00:00:029] Path of length 30 found: [0, 1, 2, 3, 9, 10, 4, 5, 11, 17, 23, 22, 16, 15, 14, 8, 7, 6, 12, 18, 24, 30, 31, 25, 19, 20, 26, 27, 33, 34, 35]
[00:00:00:00:309] ! Bidirectional. expansions: 39, time: 29 [ms], path length: 30 [edges], g_F: 15, g_B: 15, generated: {'F': 71, 'B': 56}, MM: 0, MMPER: -1.0%
[00:00:00:00:309] 
---------- SM_Grids/6x6_grid_with_random_blocks_12per_9 ----------
[00:00:00:00:064] Expansion 25: New longest path found with length 26: [0, 6, 7, 1, 2, 8, 14, 13, 19, 25, 26, 20, 21, 15, 9, 3, 4, 5, 11, 10, 16, 22, 28, 27, 33, 34, 35]
[00:00:00:00:469] Path of length 26 found: [0, 6, 7, 1, 2, 8, 14, 13, 19, 25, 26, 20, 21, 15, 9, 3, 4, 5, 11, 10, 16, 22, 28, 27, 33, 34, 35]
[00:00:00:00:469] ! Unidirectional s-t. expansions: 644, time: 469 [ms], path length: 26 [edges], generated: 1,216
[00:00:00:00:018] Expansion 25: New longest path found with length 26: [35, 29, 28, 34, 33, 27, 21, 22, 16, 17, 11, 5, 4, 10, 9, 3, 2, 8, 14, 20, 26, 25, 19, 13, 7, 1, 0]
[00:00:00:00:307] Path of length 26 found: [35, 29, 28, 34, 33, 27, 21, 22, 16, 17, 11, 5, 4, 10, 9, 3, 2, 8, 14, 20, 26, 25, 19, 13, 7, 1, 0]
[00:00:00:00:307] ! Unidirectional t-s. expansions: 567, time: 307 [ms], path length: 26 [edges], generated: 1,010
[00:00:00:00:012] Expansion 13:New longest path found with length 22: [0, 6, 7, 1, 2, 8, 14, 15, 9, 3, 4, 10, 11, 17, 16, 22, 21, 27, 33, 34, 28, 29, 35]
[00:00:00:00:018] Expansion 22:New longest path found with length 26: [0, 6, 7, 1, 2, 8, 14, 15, 9, 3, 4, 5, 11, 10, 16, 22, 21, 20, 19, 25, 26, 27, 33, 34, 28, 29, 35]
[00:00:00:00:188] Path of length 26 found: [0, 6, 7, 1, 2, 8, 14, 15, 9, 3, 4, 5, 11, 10, 16, 22, 21, 20, 19, 25, 26, 27, 33, 34, 28, 29, 35]
[00:00:00:00:451] ! Bidirectional. expansions: 268, time: 188 [ms], path length: 26 [edges], g_F: 13, g_B: 13, generated: {'F': 499, 'B': 552}, MM: 0, MMPER: -1.0%

[00:00:00:00:451] average expansions: (194, 264, 132, 0)
[00:00:00:00:452] average time: (131, 148, 102, 0)
[00:00:00:00:452] X-DFBnB: 194 , 131 (expansions , time[ms])
[00:00:00:00:452] BiX-DFBnB: 132 , 102 (expansions , time[ms])

