Tue 17 Mar 2026 19:55:34 IST

SLURM_JOBID:		 16028195
SLURM_JOB_NODELIST:	 ise-cpu256-32 

--------------------------
date: SM_Grids
number_of_graphs: 10
graph_type: grid
size_of_graphs: [6, 7]
heuristic: bcc_heuristic
snake: False
run_uni: True
run_bi: True
run_multi: False
solution_vertices: []
algorithms: ['DFBnB']
bsd: False
cube_first_dims: 4
cube_buffer_dim: None
backward_sym_generation: False
sym_coil: False
prefix_set: None

---------- SM_Grids/6x7_grid_with_random_blocks_12per_0 ----------
[00:00:00:00:022] Expansion 32: New longest path found with length 33: [0, 1, 8, 7, 14, 21, 28, 29, 36, 37, 30, 23, 22, 15, 16, 9, 10, 3, 4, 5, 12, 11, 18, 17, 24, 31, 38, 39, 32, 25, 26, 27, 34, 41]
[00:00:00:00:022] Expansion 34: New longest path found with length 35: [0, 1, 8, 7, 14, 21, 28, 29, 36, 37, 30, 23, 22, 15, 16, 9, 10, 3, 4, 5, 12, 11, 18, 17, 24, 31, 38, 39, 32, 25, 26, 27, 34, 33, 40, 41]
[00:00:00:00:023] Path of length 35 found: [0, 1, 8, 7, 14, 21, 28, 29, 36, 37, 30, 23, 22, 15, 16, 9, 10, 3, 4, 5, 12, 11, 18, 17, 24, 31, 38, 39, 32, 25, 26, 27, 34, 33, 40, 41]
[00:00:00:00:023] ! Unidirectional s-t. expansions: 35, time: 23 [ms], path length: 35 [edges], generated: 58
[00:00:00:00:019] Expansion 32: New longest path found with length 33: [41, 34, 27, 26, 25, 18, 11, 12, 5, 4, 3, 10, 9, 8, 15, 22, 23, 16, 17, 24, 31, 32, 33, 40, 39, 38, 37, 30, 29, 28, 21, 14, 7, 0]
[00:00:00:00:038] Expansion 77: New longest path found with length 35: [41, 34, 27, 26, 25, 18, 11, 12, 5, 4, 3, 10, 9, 16, 17, 24, 23, 30, 31, 32, 33, 40, 39, 38, 37, 36, 29, 28, 21, 22, 15, 14, 7, 8, 1, 0]
[00:00:00:00:039] Path of length 35 found: [41, 34, 27, 26, 25, 18, 11, 12, 5, 4, 3, 10, 9, 16, 17, 24, 23, 30, 31, 32, 33, 40, 39, 38, 37, 36, 29, 28, 21, 22, 15, 14, 7, 8, 1, 0]
[00:00:00:00:039] ! Unidirectional t-s. expansions: 78, time: 39 [ms], path length: 35 [edges], generated: 128
[00:00:00:00:013] Expansion 16:New longest path found with length 33: [0, 1, 8, 7, 14, 21, 28, 29, 36, 37, 38, 39, 40, 33, 32, 31, 24, 23, 22, 15, 16, 9, 10, 3, 4, 5, 12, 11, 18, 25, 26, 27, 34, 41]
[00:00:00:00:030] Expansion 46:New longest path found with length 35: [0, 1, 8, 7, 14, 21, 28, 29, 36, 37, 38, 39, 40, 33, 32, 31, 30, 23, 22, 15, 16, 9, 10, 3, 4, 5, 12, 11, 18, 17, 24, 25, 26, 27, 34, 41]
[00:00:00:00:031] Path of length 35 found: [0, 1, 8, 7, 14, 21, 28, 29, 36, 37, 38, 39, 40, 33, 32, 31, 30, 23, 22, 15, 16, 9, 10, 3, 4, 5, 12, 11, 18, 17, 24, 25, 26, 27, 34, 41]
[00:00:00:00:348] ! Bidirectional. expansions: 47, time: 31 [ms], path length: 35 [edges], g_F: 18, g_B: 17, generated: {'F': 99, 'B': 94}, MM: 1, MMPER: 1.7777777777777777%
[00:00:00:00:348] 
---------- SM_Grids/6x7_grid_with_random_blocks_12per_1 ----------
[00:00:00:00:021] Expansion 30: New longest path found with length 31: [0, 7, 14, 21, 28, 35, 36, 29, 22, 15, 8, 1, 2, 9, 10, 17, 16, 23, 30, 37, 38, 39, 32, 33, 26, 19, 12, 13, 20, 27, 34, 41]
[00:00:00:00:723] Path of length 31 found: [0, 7, 14, 21, 28, 35, 36, 29, 22, 15, 8, 1, 2, 9, 10, 17, 16, 23, 30, 37, 38, 39, 32, 33, 26, 19, 12, 13, 20, 27, 34, 41]
[00:00:00:00:723] ! Unidirectional s-t. expansions: 978, time: 723 [ms], path length: 31 [edges], generated: 1,644
[00:00:00:00:017] Expansion 20: New longest path found with length 21: [41, 34, 27, 20, 13, 12, 19, 26, 33, 32, 39, 38, 37, 30, 23, 24, 17, 10, 9, 2, 1, 0]
[00:00:00:00:021] Expansion 30: New longest path found with length 31: [41, 34, 27, 20, 13, 12, 19, 26, 33, 32, 39, 38, 37, 30, 23, 24, 17, 10, 9, 2, 1, 8, 15, 22, 29, 36, 35, 28, 21, 14, 7, 0]
[00:00:00:00:122] Path of length 31 found: [41, 34, 27, 20, 13, 12, 19, 26, 33, 32, 39, 38, 37, 30, 23, 24, 17, 10, 9, 2, 1, 8, 15, 22, 29, 36, 35, 28, 21, 14, 7, 0]
[00:00:00:00:122] ! Unidirectional t-s. expansions: 186, time: 122 [ms], path length: 31 [edges], generated: 350
[00:00:00:00:014] Expansion 15:New longest path found with length 31: [0, 7, 14, 21, 28, 35, 36, 29, 22, 15, 8, 1, 2, 9, 10, 17, 16, 23, 30, 37, 38, 39, 32, 33, 26, 19, 12, 13, 20, 27, 34, 41]
[00:00:00:00:242] Path of length 31 found: [0, 7, 14, 21, 28, 35, 36, 29, 22, 15, 8, 1, 2, 9, 10, 17, 16, 23, 30, 37, 38, 39, 32, 33, 26, 19, 12, 13, 20, 27, 34, 41]
[00:00:00:00:540] ! Bidirectional. expansions: 225, time: 243 [ms], path length: 31 [edges], g_F: 16, g_B: 15, generated: {'F': 444, 'B': 399}, MM: 1, MMPER: 2.125%
[00:00:00:00:540] 
---------- SM_Grids/6x7_grid_with_random_blocks_12per_2 ----------
[00:00:00:00:027] Expansion 32: New longest path found with length 33: [0, 7, 14, 21, 28, 35, 36, 37, 30, 29, 22, 15, 8, 1, 2, 3, 10, 9, 16, 23, 24, 31, 32, 25, 18, 11, 12, 13, 20, 19, 26, 27, 34, 41]
[00:00:00:01:214] Path of length 33 found: [0, 7, 14, 21, 28, 35, 36, 37, 30, 29, 22, 15, 8, 1, 2, 3, 10, 9, 16, 23, 24, 31, 32, 25, 18, 11, 12, 13, 20, 19, 26, 27, 34, 41]
[00:00:00:01:214] ! Unidirectional s-t. expansions: 1,874, time: 1,214 [ms], path length: 33 [edges], generated: 3,351
[00:00:00:00:015] Expansion 16: New longest path found with length 17: [41, 40, 39, 32, 25, 18, 19, 26, 27, 20, 13, 12, 11, 10, 3, 2, 1, 0]
[00:00:00:00:022] Expansion 32: New longest path found with length 33: [41, 40, 39, 32, 25, 18, 19, 26, 27, 20, 13, 12, 11, 10, 3, 2, 1, 8, 9, 16, 15, 22, 23, 24, 31, 30, 37, 36, 29, 28, 21, 14, 7, 0]
[00:00:00:00:179] Path of length 33 found: [41, 40, 39, 32, 25, 18, 19, 26, 27, 20, 13, 12, 11, 10, 3, 2, 1, 8, 9, 16, 15, 22, 23, 24, 31, 30, 37, 36, 29, 28, 21, 14, 7, 0]
[00:00:00:00:180] ! Unidirectional t-s. expansions: 319, time: 179 [ms], path length: 33 [edges], generated: 548
[00:00:00:00:016] Expansion 15:New longest path found with length 31: [0, 7, 14, 21, 28, 35, 36, 37, 30, 31, 24, 23, 22, 15, 16, 9, 2, 3, 10, 11, 12, 13, 20, 27, 26, 19, 18, 25, 32, 39, 40, 41]
[00:00:00:00:017] Expansion 16:New longest path found with length 33: [0, 7, 14, 21, 28, 35, 36, 37, 30, 31, 24, 23, 22, 15, 16, 9, 8, 1, 2, 3, 10, 11, 12, 13, 20, 27, 26, 19, 18, 25, 32, 39, 40, 41]
[00:00:00:00:238] Path of length 33 found: [0, 7, 14, 21, 28, 35, 36, 37, 30, 31, 24, 23, 22, 15, 16, 9, 8, 1, 2, 3, 10, 11, 12, 13, 20, 27, 26, 19, 18, 25, 32, 39, 40, 41]
[00:00:00:00:535] ! Bidirectional. expansions: 211, time: 238 [ms], path length: 33 [edges], g_F: 17, g_B: 16, generated: {'F': 369, 'B': 392}, MM: 1, MMPER: 1.9411764705882355%
[00:00:00:00:535] 
---------- SM_Grids/6x7_grid_with_random_blocks_12per_3 ----------
[00:00:00:00:021] Expansion 28: New longest path found with length 29: [0, 1, 2, 9, 16, 15, 22, 21, 28, 35, 36, 29, 30, 23, 24, 17, 10, 3, 4, 5, 6, 13, 12, 11, 18, 19, 26, 27, 34, 41]
[00:00:00:00:022] Expansion 32: New longest path found with length 33: [0, 1, 2, 9, 16, 15, 22, 21, 28, 35, 36, 29, 30, 23, 24, 17, 10, 3, 4, 5, 6, 13, 12, 11, 18, 19, 26, 27, 34, 33, 32, 39, 40, 41]
[00:00:00:00:218] Path of length 33 found: [0, 1, 2, 9, 16, 15, 22, 21, 28, 35, 36, 29, 30, 23, 24, 17, 10, 3, 4, 5, 6, 13, 12, 11, 18, 19, 26, 27, 34, 33, 32, 39, 40, 41]
[00:00:00:00:218] ! Unidirectional s-t. expansions: 297, time: 218 [ms], path length: 33 [edges], generated: 520
[00:00:00:00:022] Expansion 32: New longest path found with length 33: [41, 34, 27, 26, 33, 40, 39, 32, 31, 24, 23, 30, 37, 36, 35, 28, 21, 22, 15, 16, 9, 10, 17, 18, 19, 12, 13, 6, 5, 4, 3, 2, 1, 0]
[00:00:00:00:206] Path of length 33 found: [41, 34, 27, 26, 33, 40, 39, 32, 31, 24, 23, 30, 37, 36, 35, 28, 21, 22, 15, 16, 9, 10, 17, 18, 19, 12, 13, 6, 5, 4, 3, 2, 1, 0]
[00:00:00:00:206] ! Unidirectional t-s. expansions: 335, time: 206 [ms], path length: 33 [edges], generated: 586
[00:00:00:00:014] Expansion 16:New longest path found with length 33: [0, 1, 2, 9, 10, 3, 4, 5, 6, 13, 12, 11, 18, 17, 16, 15, 22, 21, 28, 35, 36, 37, 30, 23, 24, 31, 32, 39, 40, 33, 26, 27, 34, 41]
[00:00:00:00:144] Path of length 33 found: [0, 1, 2, 9, 10, 3, 4, 5, 6, 13, 12, 11, 18, 17, 16, 15, 22, 21, 28, 35, 36, 37, 30, 23, 24, 31, 32, 39, 40, 33, 26, 27, 34, 41]
[00:00:00:00:441] ! Bidirectional. expansions: 210, time: 144 [ms], path length: 33 [edges], g_F: 17, g_B: 16, generated: {'F': 377, 'B': 360}, MM: 1, MMPER: 1.9411764705882355%
[00:00:00:00:441] 
---------- SM_Grids/6x7_grid_with_random_blocks_12per_4 ----------
[00:00:00:00:021] Expansion 26: New longest path found with length 27: [0, 7, 14, 21, 28, 35, 36, 37, 38, 31, 24, 23, 16, 15, 8, 1, 2, 9, 10, 3, 4, 11, 18, 25, 32, 39, 40, 41]
[00:00:00:00:023] Expansion 32: New longest path found with length 33: [0, 7, 14, 21, 28, 35, 36, 37, 38, 31, 24, 23, 16, 15, 8, 1, 2, 9, 10, 3, 4, 11, 18, 25, 32, 39, 40, 33, 26, 19, 20, 27, 34, 41]
[00:00:00:00:153] Path of length 33 found: [0, 7, 14, 21, 28, 35, 36, 37, 38, 31, 24, 23, 16, 15, 8, 1, 2, 9, 10, 3, 4, 11, 18, 25, 32, 39, 40, 33, 26, 19, 20, 27, 34, 41]
[00:00:00:00:153] ! Unidirectional s-t. expansions: 230, time: 153 [ms], path length: 33 [edges], generated: 361
[00:00:00:00:012] Expansion 12: New longest path found with length 13: [41, 34, 27, 20, 19, 18, 11, 4, 3, 10, 9, 2, 1, 0]
[00:00:00:00:021] Expansion 32: New longest path found with length 33: [41, 34, 27, 20, 19, 18, 11, 4, 3, 10, 9, 2, 1, 8, 15, 16, 23, 24, 31, 32, 25, 26, 33, 40, 39, 38, 37, 36, 29, 28, 21, 14, 7, 0]
[00:00:00:00:146] Path of length 33 found: [41, 34, 27, 20, 19, 18, 11, 4, 3, 10, 9, 2, 1, 8, 15, 16, 23, 24, 31, 32, 25, 26, 33, 40, 39, 38, 37, 36, 29, 28, 21, 14, 7, 0]
[00:00:00:00:146] ! Unidirectional t-s. expansions: 219, time: 146 [ms], path length: 33 [edges], generated: 353
[00:00:00:00:014] Expansion 16:New longest path found with length 33: [0, 7, 14, 21, 28, 35, 36, 37, 38, 31, 32, 39, 40, 33, 26, 25, 24, 23, 16, 15, 8, 1, 2, 9, 10, 3, 4, 11, 18, 19, 20, 27, 34, 41]
[00:00:00:00:206] Path of length 33 found: [0, 7, 14, 21, 28, 35, 36, 37, 38, 31, 32, 39, 40, 33, 26, 25, 24, 23, 16, 15, 8, 1, 2, 9, 10, 3, 4, 11, 18, 19, 20, 27, 34, 41]
[00:00:00:00:506] ! Bidirectional. expansions: 184, time: 206 [ms], path length: 33 [edges], g_F: 17, g_B: 16, generated: {'F': 344, 'B': 341}, MM: 1, MMPER: 1.9411764705882355%
[00:00:00:00:506] 
---------- SM_Grids/6x7_grid_with_random_blocks_12per_5 ----------
[00:00:00:00:068] Expansion 32: New longest path found with length 33: [0, 1, 8, 15, 14, 21, 28, 35, 36, 29, 22, 23, 16, 9, 2, 3, 10, 11, 18, 25, 24, 31, 38, 39, 32, 33, 26, 19, 12, 13, 20, 27, 34, 41]
[00:00:00:00:108] Expansion 113: New longest path found with length 35: [0, 1, 8, 15, 14, 21, 22, 29, 28, 35, 36, 37, 38, 31, 24, 23, 16, 9, 2, 3, 10, 11, 18, 25, 32, 39, 40, 33, 26, 19, 12, 13, 20, 27, 34, 41]
[00:00:00:00:109] Path of length 35 found: [0, 1, 8, 15, 14, 21, 22, 29, 28, 35, 36, 37, 38, 31, 24, 23, 16, 9, 2, 3, 10, 11, 18, 25, 32, 39, 40, 33, 26, 19, 12, 13, 20, 27, 34, 41]
[00:00:00:00:109] ! Unidirectional s-t. expansions: 114, time: 109 [ms], path length: 35 [edges], generated: 193
[00:00:00:00:022] Expansion 34: New longest path found with length 35: [41, 34, 27, 20, 13, 12, 11, 10, 3, 2, 9, 16, 23, 24, 31, 32, 25, 18, 19, 26, 33, 40, 39, 38, 37, 36, 35, 28, 29, 22, 21, 14, 15, 8, 1, 0]
[00:00:00:00:023] Path of length 35 found: [41, 34, 27, 20, 13, 12, 11, 10, 3, 2, 9, 16, 23, 24, 31, 32, 25, 18, 19, 26, 33, 40, 39, 38, 37, 36, 35, 28, 29, 22, 21, 14, 15, 8, 1, 0]
[00:00:00:00:023] ! Unidirectional t-s. expansions: 35, time: 23 [ms], path length: 35 [edges], generated: 55
[00:00:00:00:015] Expansion 16:New longest path found with length 33: [0, 1, 8, 15, 14, 21, 28, 35, 36, 37, 38, 31, 32, 39, 40, 33, 26, 19, 18, 25, 24, 23, 16, 9, 2, 3, 10, 11, 12, 13, 20, 27, 34, 41]
[00:00:00:00:032] Expansion 41:New longest path found with length 35: [0, 1, 8, 15, 14, 21, 22, 29, 28, 35, 36, 37, 38, 31, 32, 39, 40, 33, 26, 19, 18, 25, 24, 23, 16, 9, 2, 3, 10, 11, 12, 13, 20, 27, 34, 41]
[00:00:00:00:033] Path of length 35 found: [0, 1, 8, 15, 14, 21, 22, 29, 28, 35, 36, 37, 38, 31, 32, 39, 40, 33, 26, 19, 18, 25, 24, 23, 16, 9, 2, 3, 10, 11, 12, 13, 20, 27, 34, 41]
[00:00:00:00:312] ! Bidirectional. expansions: 42, time: 33 [ms], path length: 35 [edges], g_F: 18, g_B: 17, generated: {'F': 73, 'B': 78}, MM: 1, MMPER: 1.7777777777777777%
[00:00:00:00:312] 
---------- SM_Grids/6x7_grid_with_random_blocks_12per_6 ----------
[00:00:00:00:019] Expansion 26: New longest path found with length 27: [0, 7, 8, 15, 22, 23, 24, 17, 10, 9, 2, 3, 4, 11, 12, 5, 6, 13, 20, 19, 26, 25, 32, 31, 38, 39, 40, 41]
[00:00:00:00:020] Expansion 28: New longest path found with length 29: [0, 7, 8, 15, 22, 23, 24, 17, 10, 9, 2, 3, 4, 11, 12, 5, 6, 13, 20, 19, 26, 25, 32, 31, 38, 39, 40, 33, 34, 41]
[00:00:00:00:079] Path of length 29 found: [0, 7, 8, 15, 22, 23, 24, 17, 10, 9, 2, 3, 4, 11, 12, 5, 6, 13, 20, 19, 26, 25, 32, 31, 38, 39, 40, 33, 34, 41]
[00:00:00:00:079] ! Unidirectional s-t. expansions: 104, time: 79 [ms], path length: 29 [edges], generated: 179
[00:00:00:00:021] Expansion 28: New longest path found with length 29: [41, 34, 27, 20, 13, 6, 5, 4, 3, 2, 9, 10, 11, 12, 19, 26, 25, 32, 33, 40, 39, 38, 31, 24, 23, 22, 15, 8, 1, 0]
[00:00:00:00:385] Path of length 29 found: [41, 34, 27, 20, 13, 6, 5, 4, 3, 2, 9, 10, 11, 12, 19, 26, 25, 32, 33, 40, 39, 38, 31, 24, 23, 22, 15, 8, 1, 0]
[00:00:00:00:386] ! Unidirectional t-s. expansions: 559, time: 386 [ms], path length: 29 [edges], generated: 961
[00:00:00:00:014] Expansion 14:New longest path found with length 29: [0, 7, 8, 15, 22, 23, 24, 31, 38, 39, 40, 33, 32, 25, 26, 19, 12, 11, 10, 9, 2, 3, 4, 5, 6, 13, 20, 27, 34, 41]
[00:00:00:00:212] Path of length 29 found: [0, 7, 8, 15, 22, 23, 24, 31, 38, 39, 40, 33, 32, 25, 26, 19, 12, 11, 10, 9, 2, 3, 4, 5, 6, 13, 20, 27, 34, 41]
[00:00:00:00:507] ! Bidirectional. expansions: 214, time: 212 [ms], path length: 29 [edges], g_F: 15, g_B: 14, generated: {'F': 404, 'B': 376}, MM: 1, MMPER: 2.3333333333333335%
[00:00:00:00:507] 
---------- SM_Grids/6x7_grid_with_random_blocks_12per_7 ----------
[00:00:00:00:022] Expansion 32: New longest path found with length 33: [0, 1, 8, 7, 14, 21, 28, 35, 36, 29, 22, 15, 16, 9, 10, 3, 4, 11, 12, 5, 6, 13, 20, 27, 26, 25, 24, 31, 38, 39, 32, 33, 34, 41]
[00:00:00:00:732] Path of length 33 found: [0, 1, 8, 7, 14, 21, 28, 35, 36, 29, 22, 15, 16, 9, 10, 3, 4, 11, 12, 5, 6, 13, 20, 27, 26, 25, 24, 31, 38, 39, 32, 33, 34, 41]
[00:00:00:00:732] ! Unidirectional s-t. expansions: 1,097, time: 732 [ms], path length: 33 [edges], generated: 1,831
[00:00:00:00:021] Expansion 32: New longest path found with length 33: [41, 34, 27, 20, 13, 6, 5, 12, 11, 4, 3, 10, 9, 8, 15, 16, 23, 24, 25, 26, 33, 32, 31, 38, 37, 36, 35, 28, 29, 22, 21, 14, 7, 0]
[00:00:00:00:440] Path of length 33 found: [41, 34, 27, 20, 13, 6, 5, 12, 11, 4, 3, 10, 9, 8, 15, 16, 23, 24, 25, 26, 33, 32, 31, 38, 37, 36, 35, 28, 29, 22, 21, 14, 7, 0]
[00:00:00:00:440] ! Unidirectional t-s. expansions: 749, time: 440 [ms], path length: 33 [edges], generated: 1,253
[00:00:00:00:014] Expansion 19:New longest path found with length 33: [0, 1, 8, 7, 14, 21, 28, 35, 36, 37, 38, 39, 32, 33, 26, 25, 24, 23, 22, 15, 16, 9, 10, 3, 4, 11, 12, 5, 6, 13, 20, 27, 34, 41]
[00:00:00:00:694] Path of length 33 found: [0, 1, 8, 7, 14, 21, 28, 35, 36, 37, 38, 39, 32, 33, 26, 25, 24, 23, 22, 15, 16, 9, 10, 3, 4, 11, 12, 5, 6, 13, 20, 27, 34, 41]
[00:00:00:00:974] ! Bidirectional. expansions: 801, time: 694 [ms], path length: 33 [edges], g_F: 17, g_B: 16, generated: {'F': 1,395, 'B': 1,374}, MM: 1, MMPER: 1.9411764705882355%
[00:00:00:00:975] 
---------- SM_Grids/6x7_grid_with_random_blocks_12per_8 ----------
[00:00:00:00:021] Expansion 32: New longest path found with length 33: [0, 7, 8, 15, 14, 21, 22, 29, 36, 37, 30, 23, 16, 17, 10, 3, 4, 5, 6, 13, 12, 19, 18, 25, 24, 31, 38, 39, 32, 33, 26, 27, 34, 41]
[00:00:00:00:070] Path of length 33 found: [0, 7, 8, 15, 14, 21, 22, 29, 36, 37, 30, 23, 16, 17, 10, 3, 4, 5, 6, 13, 12, 19, 18, 25, 24, 31, 38, 39, 32, 33, 26, 27, 34, 41]
[00:00:00:00:070] ! Unidirectional s-t. expansions: 108, time: 70 [ms], path length: 33 [edges], generated: 183
[00:00:00:00:021] Expansion 32: New longest path found with length 33: [41, 34, 27, 20, 13, 6, 5, 4, 3, 10, 17, 16, 23, 30, 31, 24, 25, 18, 19, 26, 33, 32, 39, 38, 37, 36, 29, 22, 21, 14, 15, 8, 7, 0]
[00:00:00:00:163] Path of length 33 found: [41, 34, 27, 20, 13, 6, 5, 4, 3, 10, 17, 16, 23, 30, 31, 24, 25, 18, 19, 26, 33, 32, 39, 38, 37, 36, 29, 22, 21, 14, 15, 8, 7, 0]
[00:00:00:00:163] ! Unidirectional t-s. expansions: 181, time: 163 [ms], path length: 33 [edges], generated: 323
[00:00:00:00:013] Expansion 14:New longest path found with length 29: [0, 7, 8, 15, 14, 21, 22, 29, 36, 37, 30, 31, 38, 39, 32, 25, 24, 23, 16, 17, 10, 3, 4, 5, 6, 13, 20, 27, 34, 41]
[00:00:00:00:014] Expansion 16:New longest path found with length 33: [0, 7, 8, 15, 14, 21, 22, 29, 36, 37, 30, 31, 38, 39, 32, 33, 26, 19, 18, 25, 24, 23, 16, 17, 10, 3, 4, 5, 6, 13, 20, 27, 34, 41]
[00:00:00:00:079] Path of length 33 found: [0, 7, 8, 15, 14, 21, 22, 29, 36, 37, 30, 31, 38, 39, 32, 33, 26, 19, 18, 25, 24, 23, 16, 17, 10, 3, 4, 5, 6, 13, 20, 27, 34, 41]
[00:00:00:00:359] ! Bidirectional. expansions: 105, time: 79 [ms], path length: 33 [edges], g_F: 17, g_B: 16, generated: {'F': 195, 'B': 189}, MM: 1, MMPER: 1.9411764705882355%
[00:00:00:00:359] 
---------- SM_Grids/6x7_grid_with_random_blocks_12per_9 ----------
[00:00:00:00:021] Expansion 30: New longest path found with length 31: [0, 7, 14, 21, 28, 29, 22, 15, 16, 9, 2, 3, 10, 17, 24, 31, 30, 37, 38, 39, 32, 25, 18, 11, 4, 5, 12, 13, 20, 27, 34, 41]
[00:00:00:00:022] Expansion 32: New longest path found with length 33: [0, 7, 14, 21, 28, 29, 22, 15, 16, 9, 2, 3, 10, 17, 24, 31, 30, 37, 38, 39, 32, 25, 18, 11, 4, 5, 12, 13, 20, 27, 34, 33, 40, 41]
[00:00:00:00:176] Path of length 33 found: [0, 7, 14, 21, 28, 29, 22, 15, 16, 9, 2, 3, 10, 17, 24, 31, 30, 37, 38, 39, 32, 25, 18, 11, 4, 5, 12, 13, 20, 27, 34, 33, 40, 41]
[00:00:00:00:177] ! Unidirectional s-t. expansions: 270, time: 177 [ms], path length: 33 [edges], generated: 462
[00:00:00:00:021] Expansion 32: New longest path found with length 33: [41, 34, 27, 20, 13, 6, 5, 12, 11, 4, 3, 2, 9, 10, 17, 18, 25, 24, 31, 32, 33, 40, 39, 38, 37, 30, 29, 28, 21, 22, 15, 14, 7, 0]
[00:00:00:00:493] Path of length 33 found: [41, 34, 27, 20, 13, 6, 5, 12, 11, 4, 3, 2, 9, 10, 17, 18, 25, 24, 31, 32, 33, 40, 39, 38, 37, 30, 29, 28, 21, 22, 15, 14, 7, 0]
[00:00:00:00:493] ! Unidirectional t-s. expansions: 738, time: 493 [ms], path length: 33 [edges], generated: 1,258
[00:00:00:00:014] Expansion 15:New longest path found with length 31: [0, 7, 14, 21, 28, 29, 22, 15, 16, 9, 2, 3, 10, 17, 24, 31, 38, 39, 40, 33, 32, 25, 18, 11, 12, 5, 6, 13, 20, 27, 34, 41]
[00:00:00:00:014] Expansion 16:New longest path found with length 33: [0, 7, 14, 21, 28, 29, 22, 15, 16, 9, 2, 3, 10, 17, 24, 31, 30, 37, 38, 39, 40, 33, 32, 25, 18, 11, 12, 5, 6, 13, 20, 27, 34, 41]
[00:00:00:00:150] Path of length 33 found: [0, 7, 14, 21, 28, 29, 22, 15, 16, 9, 2, 3, 10, 17, 24, 31, 30, 37, 38, 39, 40, 33, 32, 25, 18, 11, 12, 5, 6, 13, 20, 27, 34, 41]
[00:00:00:00:438] ! Bidirectional. expansions: 173, time: 151 [ms], path length: 33 [edges], g_F: 17, g_B: 16, generated: {'F': 329, 'B': 267}, MM: 1, MMPER: 1.9411764705882355%

[00:00:00:00:438] average expansions: (511, 340, 221, 0)
[00:00:00:00:438] average time: (350, 220, 203, 0)
[00:00:00:00:438] X-DFBnB: 340 , 220 (expansions , time[ms])
[00:00:00:00:438] BiX-DFBnB: 221 , 203 (expansions , time[ms])

