Tue 17 Mar 2026 19:55:34 IST

SLURM_JOBID:		 16028194
SLURM_JOB_NODELIST:	 ise-cpu256-32 

--------------------------
date: SM_Grids
number_of_graphs: 10
graph_type: grid
size_of_graphs: [6, 7]
heuristic: bcc_heuristic
snake: False
run_uni: True
run_bi: True
run_multi: False
solution_vertices: []
algorithms: ['DFBnB']
bsd: False
cube_first_dims: 4
cube_buffer_dim: None
backward_sym_generation: False
sym_coil: False
prefix_set: None

---------- SM_Grids/6x7_grid_with_random_blocks_8per_0 ----------
[00:00:00:00:023] Expansion 30: New longest path found with length 31: [0, 7, 14, 21, 28, 35, 36, 29, 22, 15, 8, 1, 2, 3, 10, 9, 16, 23, 30, 37, 38, 31, 24, 25, 18, 11, 12, 19, 26, 27, 34, 41]
[00:00:00:00:024] Expansion 34: New longest path found with length 35: [0, 7, 14, 21, 28, 35, 36, 29, 22, 15, 8, 1, 2, 3, 10, 9, 16, 23, 30, 37, 38, 31, 24, 25, 18, 11, 12, 19, 26, 27, 34, 33, 32, 39, 40, 41]
[00:00:00:00:026] Path of length 35 found: [0, 7, 14, 21, 28, 35, 36, 29, 22, 15, 8, 1, 2, 3, 10, 9, 16, 23, 30, 37, 38, 31, 24, 25, 18, 11, 12, 19, 26, 27, 34, 33, 32, 39, 40, 41]
[00:00:00:00:026] ! Unidirectional s-t. expansions: 35, time: 26 [ms], path length: 35 [edges], generated: 59
[00:00:00:00:014] Expansion 16: New longest path found with length 17: [41, 34, 27, 26, 19, 12, 11, 18, 25, 24, 23, 16, 9, 10, 3, 2, 1, 0]
[00:00:00:00:021] Expansion 34: New longest path found with length 35: [41, 34, 27, 26, 19, 12, 11, 18, 25, 24, 23, 16, 9, 10, 3, 2, 1, 8, 15, 22, 29, 30, 31, 32, 33, 40, 39, 38, 37, 36, 35, 28, 21, 14, 7, 0]
[00:00:00:00:022] Path of length 35 found: [41, 34, 27, 26, 19, 12, 11, 18, 25, 24, 23, 16, 9, 10, 3, 2, 1, 8, 15, 22, 29, 30, 31, 32, 33, 40, 39, 38, 37, 36, 35, 28, 21, 14, 7, 0]
[00:00:00:00:022] ! Unidirectional t-s. expansions: 35, time: 22 [ms], path length: 35 [edges], generated: 59
[00:00:00:00:016] Expansion 17:New longest path found with length 35: [0, 7, 14, 21, 28, 35, 36, 29, 22, 15, 8, 1, 2, 3, 10, 9, 16, 23, 30, 37, 38, 39, 40, 33, 32, 31, 24, 25, 18, 11, 12, 19, 26, 27, 34, 41]
[00:00:00:00:017] Path of length 35 found: [0, 7, 14, 21, 28, 35, 36, 29, 22, 15, 8, 1, 2, 3, 10, 9, 16, 23, 30, 37, 38, 39, 40, 33, 32, 31, 24, 25, 18, 11, 12, 19, 26, 27, 34, 41]
[00:00:00:00:336] ! Bidirectional. expansions: 18, time: 17 [ms], path length: 35 [edges], g_F: 18, g_B: 17, generated: {'F': 31, 'B': 33}, MM: 1, MMPER: 1.7777777777777777%
[00:00:00:00:336] 
---------- SM_Grids/6x7_grid_with_random_blocks_8per_1 ----------
[00:00:00:00:026] Expansion 32: New longest path found with length 33: [0, 7, 14, 21, 28, 35, 36, 29, 22, 15, 8, 1, 2, 9, 16, 23, 30, 31, 24, 25, 18, 11, 10, 3, 4, 5, 12, 13, 20, 19, 26, 27, 34, 41]
[00:00:00:00:027] Expansion 36: New longest path found with length 37: [0, 7, 14, 21, 28, 35, 36, 29, 22, 15, 8, 1, 2, 9, 16, 23, 30, 31, 24, 25, 18, 11, 10, 3, 4, 5, 12, 13, 20, 19, 26, 27, 34, 33, 32, 39, 40, 41]
[00:00:00:00:982] Path of length 37 found: [0, 7, 14, 21, 28, 35, 36, 29, 22, 15, 8, 1, 2, 9, 16, 23, 30, 31, 24, 25, 18, 11, 10, 3, 4, 5, 12, 13, 20, 19, 26, 27, 34, 33, 32, 39, 40, 41]
[00:00:00:00:982] ! Unidirectional s-t. expansions: 1,458, time: 982 [ms], path length: 37 [edges], generated: 2,422
[00:00:00:00:011] Expansion 10: New longest path found with length 11: [41, 34, 27, 20, 13, 12, 5, 4, 3, 2, 1, 0]
[00:00:00:00:026] Expansion 36: New longest path found with length 37: [41, 34, 27, 20, 13, 12, 5, 4, 3, 2, 1, 8, 15, 22, 23, 16, 9, 10, 11, 18, 19, 26, 25, 32, 33, 40, 39, 38, 31, 30, 29, 36, 35, 28, 21, 14, 7, 0]
[00:00:00:00:620] Path of length 37 found: [41, 34, 27, 20, 13, 12, 5, 4, 3, 2, 1, 8, 15, 22, 23, 16, 9, 10, 11, 18, 19, 26, 25, 32, 33, 40, 39, 38, 31, 30, 29, 36, 35, 28, 21, 14, 7, 0]
[00:00:00:00:620] ! Unidirectional t-s. expansions: 849, time: 620 [ms], path length: 37 [edges], generated: 1,427
[00:00:00:00:017] Expansion 15:New longest path found with length 31: [0, 7, 14, 21, 28, 35, 36, 29, 22, 15, 16, 23, 30, 31, 24, 25, 18, 11, 10, 9, 8, 1, 2, 3, 4, 5, 12, 13, 20, 27, 34, 41]
[00:00:00:00:019] Expansion 19:New longest path found with length 37: [0, 7, 14, 21, 28, 35, 36, 29, 22, 15, 16, 23, 30, 31, 24, 25, 32, 39, 40, 33, 26, 19, 18, 11, 10, 9, 8, 1, 2, 3, 4, 5, 12, 13, 20, 27, 34, 41]
[00:00:00:01:511] Path of length 37 found: [0, 7, 14, 21, 28, 35, 36, 29, 22, 15, 16, 23, 30, 31, 24, 25, 32, 39, 40, 33, 26, 19, 18, 11, 10, 9, 8, 1, 2, 3, 4, 5, 12, 13, 20, 27, 34, 41]
[00:00:00:01:807] ! Bidirectional. expansions: 1,700, time: 1,511 [ms], path length: 37 [edges], g_F: 19, g_B: 18, generated: {'F': 2,955, 'B': 3,066}, MM: 1, MMPER: 1.6315789473684212%
[00:00:00:01:807] 
---------- SM_Grids/6x7_grid_with_random_blocks_8per_2 ----------
[00:00:00:00:027] Expansion 36: New longest path found with length 37: [0, 7, 14, 15, 8, 1, 2, 3, 10, 9, 16, 23, 22, 29, 28, 35, 36, 37, 30, 31, 38, 39, 32, 25, 24, 17, 18, 11, 12, 5, 6, 13, 20, 19, 26, 33, 40, 41]
[00:00:00:01:211] Path of length 37 found: [0, 7, 14, 15, 8, 1, 2, 3, 10, 9, 16, 23, 22, 29, 28, 35, 36, 37, 30, 31, 38, 39, 32, 25, 24, 17, 18, 11, 12, 5, 6, 13, 20, 19, 26, 33, 40, 41]
[00:00:00:01:211] ! Unidirectional s-t. expansions: 1,889, time: 1,211 [ms], path length: 37 [edges], generated: 3,145
[00:00:00:00:016] Expansion 16: New longest path found with length 17: [41, 40, 33, 26, 27, 20, 13, 6, 5, 12, 19, 18, 11, 10, 3, 2, 1, 0]
[00:00:00:00:026] Expansion 36: New longest path found with length 37: [41, 40, 33, 26, 27, 20, 13, 6, 5, 12, 19, 18, 11, 10, 3, 2, 1, 8, 9, 16, 17, 24, 25, 32, 39, 38, 31, 30, 37, 36, 35, 28, 29, 22, 15, 14, 7, 0]
[00:00:00:00:483] Path of length 37 found: [41, 40, 33, 26, 27, 20, 13, 6, 5, 12, 19, 18, 11, 10, 3, 2, 1, 8, 9, 16, 17, 24, 25, 32, 39, 38, 31, 30, 37, 36, 35, 28, 29, 22, 15, 14, 7, 0]
[00:00:00:00:484] ! Unidirectional t-s. expansions: 638, time: 483 [ms], path length: 37 [edges], generated: 1,119
[00:00:00:00:018] Expansion 17:New longest path found with length 35: [0, 7, 14, 15, 8, 1, 2, 3, 10, 9, 16, 23, 22, 29, 28, 35, 36, 37, 38, 39, 32, 25, 24, 17, 18, 11, 12, 5, 6, 13, 20, 27, 26, 33, 40, 41]
[00:00:00:00:018] Expansion 18:New longest path found with length 37: [0, 7, 14, 15, 8, 1, 2, 3, 10, 9, 16, 23, 22, 29, 28, 35, 36, 37, 30, 31, 38, 39, 32, 25, 24, 17, 18, 11, 12, 5, 6, 13, 20, 27, 26, 33, 40, 41]
[00:00:00:00:748] Path of length 37 found: [0, 7, 14, 15, 8, 1, 2, 3, 10, 9, 16, 23, 22, 29, 28, 35, 36, 37, 30, 31, 38, 39, 32, 25, 24, 17, 18, 11, 12, 5, 6, 13, 20, 27, 26, 33, 40, 41]
[00:00:00:01:043] ! Bidirectional. expansions: 969, time: 748 [ms], path length: 37 [edges], g_F: 19, g_B: 18, generated: {'F': 1,760, 'B': 1,761}, MM: 1, MMPER: 1.6315789473684212%
[00:00:00:01:043] 
---------- SM_Grids/6x7_grid_with_random_blocks_8per_3 ----------
[00:00:00:00:026] Expansion 34: New longest path found with length 35: [0, 7, 14, 21, 28, 35, 36, 29, 22, 15, 8, 1, 2, 9, 16, 23, 30, 37, 38, 31, 24, 25, 18, 11, 4, 5, 12, 19, 20, 27, 26, 33, 32, 39, 40, 41]
[00:00:00:02:293] Path of length 35 found: [0, 7, 14, 21, 28, 35, 36, 29, 22, 15, 8, 1, 2, 9, 16, 23, 30, 37, 38, 31, 24, 25, 18, 11, 4, 5, 12, 19, 20, 27, 26, 33, 32, 39, 40, 41]
[00:00:00:02:294] ! Unidirectional s-t. expansions: 3,620, time: 2,294 [ms], path length: 35 [edges], generated: 6,383
[00:00:00:00:013] Expansion 12: New longest path found with length 13: [41, 34, 27, 20, 19, 12, 5, 4, 11, 10, 9, 2, 1, 0]
[00:00:00:00:025] Expansion 34: New longest path found with length 35: [41, 34, 27, 20, 19, 12, 5, 4, 11, 10, 9, 2, 1, 8, 15, 16, 23, 22, 29, 30, 31, 24, 25, 26, 33, 32, 39, 38, 37, 36, 35, 28, 21, 14, 7, 0]
[00:00:00:01:862] Path of length 35 found: [41, 34, 27, 20, 19, 12, 5, 4, 11, 10, 9, 2, 1, 8, 15, 16, 23, 22, 29, 30, 31, 24, 25, 26, 33, 32, 39, 38, 37, 36, 35, 28, 21, 14, 7, 0]
[00:00:00:01:862] ! Unidirectional t-s. expansions: 2,485, time: 1,862 [ms], path length: 35 [edges], generated: 4,421
[00:00:00:00:018] Expansion 16:New longest path found with length 33: [0, 7, 14, 21, 28, 35, 36, 29, 22, 15, 8, 1, 2, 9, 16, 23, 30, 31, 32, 39, 40, 33, 26, 25, 18, 11, 4, 5, 12, 19, 20, 27, 34, 41]
[00:00:00:00:019] Expansion 18:New longest path found with length 35: [0, 7, 14, 21, 28, 35, 36, 29, 22, 15, 8, 1, 2, 9, 16, 23, 30, 37, 38, 31, 32, 39, 40, 33, 26, 25, 18, 11, 4, 5, 12, 19, 20, 27, 34, 41]
[00:00:00:02:157] Path of length 35 found: [0, 7, 14, 21, 28, 35, 36, 29, 22, 15, 8, 1, 2, 9, 16, 23, 30, 37, 38, 31, 32, 39, 40, 33, 26, 25, 18, 11, 4, 5, 12, 19, 20, 27, 34, 41]
[00:00:00:02:450] ! Bidirectional. expansions: 2,263, time: 2,157 [ms], path length: 35 [edges], g_F: 18, g_B: 17, generated: {'F': 4,290, 'B': 4,288}, MM: 1, MMPER: 1.7777777777777777%
[00:00:00:02:450] 
---------- SM_Grids/6x7_grid_with_random_blocks_8per_4 ----------
[00:00:00:00:026] Expansion 36: New longest path found with length 37: [0, 7, 14, 21, 28, 35, 36, 29, 22, 15, 8, 1, 2, 3, 10, 17, 16, 23, 24, 31, 38, 39, 32, 25, 18, 11, 4, 5, 6, 13, 12, 19, 20, 27, 26, 33, 34, 41]
[00:00:00:00:672] Path of length 37 found: [0, 7, 14, 21, 28, 35, 36, 29, 22, 15, 8, 1, 2, 3, 10, 17, 16, 23, 24, 31, 38, 39, 32, 25, 18, 11, 4, 5, 6, 13, 12, 19, 20, 27, 26, 33, 34, 41]
[00:00:00:00:672] ! Unidirectional s-t. expansions: 952, time: 672 [ms], path length: 37 [edges], generated: 1,566
[00:00:00:00:010] Expansion 10: New longest path found with length 11: [41, 34, 27, 20, 13, 6, 5, 4, 3, 2, 1, 0]
[00:00:00:00:025] Expansion 34: New longest path found with length 35: [41, 34, 27, 20, 13, 6, 5, 4, 3, 2, 1, 8, 15, 22, 23, 16, 17, 10, 11, 12, 19, 18, 25, 26, 33, 32, 31, 38, 37, 36, 29, 28, 21, 14, 7, 0]
[00:00:00:00:102] Expansion 190: New longest path found with length 37: [41, 34, 27, 20, 13, 6, 5, 4, 3, 2, 1, 8, 15, 16, 23, 24, 17, 10, 11, 12, 19, 18, 25, 26, 33, 32, 31, 38, 37, 36, 35, 28, 29, 22, 21, 14, 7, 0]
[00:00:00:00:463] Path of length 37 found: [41, 34, 27, 20, 13, 6, 5, 4, 3, 2, 1, 8, 15, 16, 23, 24, 17, 10, 11, 12, 19, 18, 25, 26, 33, 32, 31, 38, 37, 36, 35, 28, 29, 22, 21, 14, 7, 0]
[00:00:00:00:464] ! Unidirectional t-s. expansions: 681, time: 463 [ms], path length: 37 [edges], generated: 1,147
[00:00:00:00:017] Expansion 18:New longest path found with length 37: [0, 7, 14, 21, 28, 35, 36, 29, 22, 23, 24, 31, 38, 39, 32, 33, 26, 25, 18, 19, 12, 11, 10, 17, 16, 15, 8, 1, 2, 3, 4, 5, 6, 13, 20, 27, 34, 41]
[00:00:00:00:561] Path of length 37 found: [0, 7, 14, 21, 28, 35, 36, 29, 22, 23, 24, 31, 38, 39, 32, 33, 26, 25, 18, 19, 12, 11, 10, 17, 16, 15, 8, 1, 2, 3, 4, 5, 6, 13, 20, 27, 34, 41]
[00:00:00:00:877] ! Bidirectional. expansions: 655, time: 561 [ms], path length: 37 [edges], g_F: 19, g_B: 18, generated: {'F': 1,180, 'B': 1,224}, MM: 1, MMPER: 1.6315789473684212%
[00:00:00:00:877] 
---------- SM_Grids/6x7_grid_with_random_blocks_8per_5 ----------
[00:00:00:00:026] Expansion 36: New longest path found with length 37: [0, 7, 14, 21, 28, 35, 36, 29, 22, 15, 8, 1, 2, 3, 10, 17, 16, 23, 30, 37, 38, 31, 32, 25, 18, 11, 4, 5, 6, 13, 12, 19, 20, 27, 26, 33, 40, 41]
[00:00:00:01:331] Path of length 37 found: [0, 7, 14, 21, 28, 35, 36, 29, 22, 15, 8, 1, 2, 3, 10, 17, 16, 23, 30, 37, 38, 31, 32, 25, 18, 11, 4, 5, 6, 13, 12, 19, 20, 27, 26, 33, 40, 41]
[00:00:00:01:332] ! Unidirectional s-t. expansions: 2,167, time: 1,332 [ms], path length: 37 [edges], generated: 3,495
[00:00:00:00:013] Expansion 12: New longest path found with length 13: [41, 40, 33, 26, 27, 20, 13, 6, 5, 4, 3, 2, 1, 0]
[00:00:00:00:026] Expansion 36: New longest path found with length 37: [41, 40, 33, 26, 27, 20, 13, 6, 5, 4, 3, 2, 1, 8, 15, 22, 29, 30, 23, 16, 17, 10, 11, 12, 19, 18, 25, 32, 31, 38, 37, 36, 35, 28, 21, 14, 7, 0]
[00:00:00:00:227] Path of length 37 found: [41, 40, 33, 26, 27, 20, 13, 6, 5, 4, 3, 2, 1, 8, 15, 22, 29, 30, 23, 16, 17, 10, 11, 12, 19, 18, 25, 32, 31, 38, 37, 36, 35, 28, 21, 14, 7, 0]
[00:00:00:00:227] ! Unidirectional t-s. expansions: 303, time: 227 [ms], path length: 37 [edges], generated: 509
[00:00:00:00:017] Expansion 18:New longest path found with length 37: [0, 7, 14, 21, 28, 35, 36, 29, 22, 15, 8, 1, 2, 3, 10, 17, 16, 23, 30, 31, 38, 39, 32, 25, 18, 19, 12, 11, 4, 5, 6, 13, 20, 27, 26, 33, 40, 41]
[00:00:00:00:720] Path of length 37 found: [0, 7, 14, 21, 28, 35, 36, 29, 22, 15, 8, 1, 2, 3, 10, 17, 16, 23, 30, 31, 38, 39, 32, 25, 18, 19, 12, 11, 4, 5, 6, 13, 20, 27, 26, 33, 40, 41]
[00:00:00:01:007] ! Bidirectional. expansions: 868, time: 720 [ms], path length: 37 [edges], g_F: 19, g_B: 18, generated: {'F': 1,523, 'B': 1,546}, MM: 1, MMPER: 1.6315789473684212%
[00:00:00:01:007] 
---------- SM_Grids/6x7_grid_with_random_blocks_8per_6 ----------
[00:00:00:00:026] Expansion 36: New longest path found with length 37: [0, 7, 14, 21, 28, 35, 36, 37, 30, 23, 22, 15, 8, 1, 2, 9, 16, 17, 10, 3, 4, 11, 12, 5, 6, 13, 20, 27, 26, 25, 24, 31, 38, 39, 32, 33, 40, 41]
[00:00:00:01:501] Path of length 37 found: [0, 7, 14, 21, 28, 35, 36, 37, 30, 23, 22, 15, 8, 1, 2, 9, 16, 17, 10, 3, 4, 11, 12, 5, 6, 13, 20, 27, 26, 25, 24, 31, 38, 39, 32, 33, 40, 41]
[00:00:00:01:501] ! Unidirectional s-t. expansions: 2,463, time: 1,501 [ms], path length: 37 [edges], generated: 4,071
[00:00:00:00:012] Expansion 12: New longest path found with length 13: [41, 34, 27, 20, 13, 6, 5, 12, 11, 4, 3, 2, 1, 0]
[00:00:00:00:025] Expansion 36: New longest path found with length 37: [41, 34, 27, 20, 13, 6, 5, 12, 11, 4, 3, 2, 1, 8, 15, 22, 23, 16, 9, 10, 17, 24, 31, 32, 25, 26, 33, 40, 39, 38, 37, 36, 35, 28, 21, 14, 7, 0]
[00:00:00:00:694] Path of length 37 found: [41, 34, 27, 20, 13, 6, 5, 12, 11, 4, 3, 2, 1, 8, 15, 22, 23, 16, 9, 10, 17, 24, 31, 32, 25, 26, 33, 40, 39, 38, 37, 36, 35, 28, 21, 14, 7, 0]
[00:00:00:00:694] ! Unidirectional t-s. expansions: 1,001, time: 694 [ms], path length: 37 [edges], generated: 1,772
[00:00:00:00:016] Expansion 16:New longest path found with length 33: [0, 7, 14, 21, 28, 35, 36, 37, 30, 31, 38, 39, 40, 33, 26, 25, 24, 23, 22, 15, 8, 1, 2, 3, 4, 11, 12, 5, 6, 13, 20, 27, 34, 41]
[00:00:00:00:017] Expansion 17:New longest path found with length 35: [0, 7, 14, 21, 28, 35, 36, 37, 30, 31, 38, 39, 40, 33, 26, 25, 24, 17, 16, 23, 22, 15, 8, 1, 2, 3, 4, 11, 12, 5, 6, 13, 20, 27, 34, 41]
[00:00:00:00:017] Expansion 18:New longest path found with length 37: [0, 7, 14, 21, 28, 35, 36, 37, 30, 31, 38, 39, 40, 33, 26, 25, 24, 17, 10, 9, 16, 23, 22, 15, 8, 1, 2, 3, 4, 11, 12, 5, 6, 13, 20, 27, 34, 41]
[00:00:00:01:237] Path of length 37 found: [0, 7, 14, 21, 28, 35, 36, 37, 30, 31, 38, 39, 40, 33, 26, 25, 24, 17, 10, 9, 16, 23, 22, 15, 8, 1, 2, 3, 4, 11, 12, 5, 6, 13, 20, 27, 34, 41]
[00:00:00:01:531] ! Bidirectional. expansions: 1,448, time: 1,237 [ms], path length: 37 [edges], g_F: 19, g_B: 18, generated: {'F': 2,558, 'B': 2,510}, MM: 1, MMPER: 1.6315789473684212%
[00:00:00:01:531] 
---------- SM_Grids/6x7_grid_with_random_blocks_8per_7 ----------
[00:00:00:00:062] Expansion 34: New longest path found with length 35: [0, 7, 14, 21, 28, 35, 36, 29, 22, 15, 8, 1, 2, 3, 10, 9, 16, 23, 30, 37, 38, 39, 32, 31, 24, 17, 18, 11, 12, 13, 20, 19, 26, 33, 34, 41]
[00:00:00:19:885] Path of length 35 found: [0, 7, 14, 21, 28, 35, 36, 29, 22, 15, 8, 1, 2, 3, 10, 9, 16, 23, 30, 37, 38, 39, 32, 31, 24, 17, 18, 11, 12, 13, 20, 19, 26, 33, 34, 41]
[00:00:00:19:885] ! Unidirectional s-t. expansions: 36,470, time: 19,885 [ms], path length: 35 [edges], generated: 63,843
[00:00:00:00:010] Expansion 10: New longest path found with length 11: [41, 34, 27, 20, 13, 12, 11, 10, 3, 2, 1, 0]
[00:00:00:00:024] Expansion 34: New longest path found with length 35: [41, 34, 27, 20, 13, 12, 11, 10, 3, 2, 1, 8, 9, 16, 15, 22, 29, 30, 23, 24, 17, 18, 19, 26, 25, 32, 31, 38, 37, 36, 35, 28, 21, 14, 7, 0]
[00:00:00:14:390] Path of length 35 found: [41, 34, 27, 20, 13, 12, 11, 10, 3, 2, 1, 8, 9, 16, 15, 22, 29, 30, 23, 24, 17, 18, 19, 26, 25, 32, 31, 38, 37, 36, 35, 28, 21, 14, 7, 0]
[00:00:00:14:390] ! Unidirectional t-s. expansions: 26,538, time: 14,390 [ms], path length: 35 [edges], generated: 46,394
[00:00:00:00:017] Expansion 17:New longest path found with length 35: [0, 7, 14, 21, 28, 35, 36, 29, 22, 23, 30, 37, 38, 39, 32, 31, 24, 25, 26, 19, 18, 17, 16, 15, 8, 1, 2, 3, 10, 11, 12, 13, 20, 27, 34, 41]
[00:00:00:10:429] Path of length 35 found: [0, 7, 14, 21, 28, 35, 36, 29, 22, 23, 30, 37, 38, 39, 32, 31, 24, 25, 26, 19, 18, 17, 16, 15, 8, 1, 2, 3, 10, 11, 12, 13, 20, 27, 34, 41]
[00:00:00:10:699] ! Bidirectional. expansions: 15,098, time: 10,430 [ms], path length: 35 [edges], g_F: 18, g_B: 17, generated: {'F': 29,844, 'B': 30,092}, MM: 1, MMPER: 1.7777777777777777%
[00:00:00:10:699] 
---------- SM_Grids/6x7_grid_with_random_blocks_8per_8 ----------
[00:00:00:00:026] Expansion 34: New longest path found with length 35: [0, 1, 2, 9, 8, 15, 14, 21, 28, 29, 22, 23, 16, 17, 10, 11, 4, 5, 6, 13, 12, 19, 18, 25, 24, 31, 30, 37, 38, 39, 32, 33, 26, 27, 34, 41]
[00:00:00:14:085] Path of length 35 found: [0, 1, 2, 9, 8, 15, 14, 21, 28, 29, 22, 23, 16, 17, 10, 11, 4, 5, 6, 13, 12, 19, 18, 25, 24, 31, 30, 37, 38, 39, 32, 33, 26, 27, 34, 41]
[00:00:00:14:085] ! Unidirectional s-t. expansions: 25,833, time: 14,085 [ms], path length: 35 [edges], generated: 46,204
[00:00:00:00:025] Expansion 34: New longest path found with length 35: [41, 34, 27, 20, 13, 6, 5, 4, 11, 12, 19, 18, 17, 10, 9, 16, 23, 30, 31, 24, 25, 26, 33, 32, 39, 38, 37, 36, 29, 28, 21, 14, 15, 8, 1, 0]
[00:00:00:27:420] Path of length 35 found: [41, 34, 27, 20, 13, 6, 5, 4, 11, 12, 19, 18, 17, 10, 9, 16, 23, 30, 31, 24, 25, 26, 33, 32, 39, 38, 37, 36, 29, 28, 21, 14, 15, 8, 1, 0]
[00:00:00:27:420] ! Unidirectional t-s. expansions: 54,482, time: 27,420 [ms], path length: 35 [edges], generated: 92,268
[00:00:00:00:013] Expansion 11:New longest path found with length 23: [0, 1, 2, 9, 8, 15, 14, 21, 28, 29, 22, 23, 24, 17, 10, 11, 4, 5, 6, 13, 20, 27, 34, 41]
[00:00:00:00:014] Expansion 12:New longest path found with length 25: [0, 1, 2, 9, 8, 15, 14, 21, 28, 29, 22, 23, 30, 31, 24, 17, 10, 11, 4, 5, 6, 13, 20, 27, 34, 41]
[00:00:00:00:016] Expansion 18:New longest path found with length 35: [0, 1, 2, 9, 8, 15, 14, 21, 28, 29, 22, 23, 30, 37, 38, 39, 40, 33, 26, 19, 18, 25, 32, 31, 24, 17, 10, 11, 4, 5, 6, 13, 20, 27, 34, 41]
[00:00:00:12:486] Path of length 35 found: [0, 1, 2, 9, 8, 15, 14, 21, 28, 29, 22, 23, 30, 37, 38, 39, 40, 33, 26, 19, 18, 25, 32, 31, 24, 17, 10, 11, 4, 5, 6, 13, 20, 27, 34, 41]
[00:00:00:12:745] ! Bidirectional. expansions: 16,994, time: 12,486 [ms], path length: 35 [edges], g_F: 18, g_B: 17, generated: {'F': 32,922, 'B': 32,032}, MM: 1, MMPER: 1.7777777777777777%
[00:00:00:12:746] 
---------- SM_Grids/6x7_grid_with_random_blocks_8per_9 ----------
[00:00:00:00:023] Expansion 32: New longest path found with length 33: [0, 7, 14, 21, 28, 35, 36, 29, 22, 15, 8, 1, 2, 9, 16, 23, 30, 37, 38, 31, 24, 17, 18, 11, 4, 5, 6, 13, 12, 19, 26, 27, 34, 41]
[00:00:00:00:031] Expansion 49: New longest path found with length 35: [0, 7, 14, 21, 28, 35, 36, 29, 22, 15, 8, 1, 2, 9, 16, 23, 30, 37, 38, 39, 32, 31, 24, 17, 18, 11, 4, 5, 6, 13, 12, 19, 26, 27, 34, 41]
[00:00:00:00:096] Expansion 164: New longest path found with length 37: [0, 7, 14, 21, 28, 35, 36, 29, 22, 15, 16, 9, 8, 1, 2, 3, 4, 11, 12, 5, 6, 13, 20, 27, 26, 19, 18, 17, 24, 23, 30, 37, 38, 31, 32, 39, 40, 41]
[00:00:00:00:319] Path of length 37 found: [0, 7, 14, 21, 28, 35, 36, 29, 22, 15, 16, 9, 8, 1, 2, 3, 4, 11, 12, 5, 6, 13, 20, 27, 26, 19, 18, 17, 24, 23, 30, 37, 38, 31, 32, 39, 40, 41]
[00:00:00:00:319] ! Unidirectional s-t. expansions: 437, time: 319 [ms], path length: 37 [edges], generated: 786
[00:00:00:00:013] Expansion 14: New longest path found with length 15: [41, 34, 27, 26, 19, 20, 13, 6, 5, 12, 11, 4, 3, 2, 1, 0]
[00:00:00:00:023] Expansion 34: New longest path found with length 35: [41, 34, 27, 26, 19, 20, 13, 6, 5, 12, 11, 4, 3, 2, 1, 8, 9, 16, 17, 24, 23, 22, 29, 30, 31, 32, 39, 38, 37, 36, 35, 28, 21, 14, 7, 0]
[00:00:00:00:293] Expansion 495: New longest path found with length 37: [41, 40, 39, 32, 31, 38, 37, 30, 23, 24, 17, 18, 11, 12, 19, 26, 27, 20, 13, 6, 5, 4, 3, 2, 1, 8, 9, 16, 15, 22, 29, 36, 35, 28, 21, 14, 7, 0]
[00:00:00:00:294] Path of length 37 found: [41, 40, 39, 32, 31, 38, 37, 30, 23, 24, 17, 18, 11, 12, 19, 26, 27, 20, 13, 6, 5, 4, 3, 2, 1, 8, 9, 16, 15, 22, 29, 36, 35, 28, 21, 14, 7, 0]
[00:00:00:00:294] ! Unidirectional t-s. expansions: 496, time: 294 [ms], path length: 37 [edges], generated: 835
[00:00:00:00:016] Expansion 17:New longest path found with length 35: [0, 7, 14, 21, 28, 35, 36, 29, 22, 15, 8, 1, 2, 9, 16, 23, 30, 37, 38, 39, 32, 31, 24, 17, 18, 11, 12, 5, 6, 13, 20, 19, 26, 27, 34, 41]
[00:00:00:00:402] Expansion 489:New longest path found with length 37: [0, 7, 14, 21, 28, 35, 36, 29, 22, 15, 16, 9, 8, 1, 2, 3, 4, 5, 6, 13, 20, 27, 26, 19, 12, 11, 18, 17, 24, 23, 30, 37, 38, 31, 32, 39, 40, 41]
[00:00:00:00:403] Path of length 37 found: [0, 7, 14, 21, 28, 35, 36, 29, 22, 15, 16, 9, 8, 1, 2, 3, 4, 5, 6, 13, 20, 27, 26, 19, 12, 11, 18, 17, 24, 23, 30, 37, 38, 31, 32, 39, 40, 41]
[00:00:00:00:659] ! Bidirectional. expansions: 490, time: 403 [ms], path length: 37 [edges], g_F: 19, g_B: 18, generated: {'F': 877, 'B': 841}, MM: 1, MMPER: 1.6315789473684212%

[00:00:00:00:659] average expansions: (7,532, 8,751, 4,050, 0)
[00:00:00:00:659] average time: (4,231, 4,648, 3,027, 0)
[00:00:00:00:659] X-DFBnB: 7,532 , 4,231 (expansions , time[ms])
[00:00:00:00:659] BiX-DFBnB: 4,050 , 3,027 (expansions , time[ms])

