Tue 17 Mar 2026 19:55:34 IST

SLURM_JOBID:		 16028197
SLURM_JOB_NODELIST:	 ise-cpu256-32 

--------------------------
date: SM_Grids
number_of_graphs: 10
graph_type: grid
size_of_graphs: [6, 7]
heuristic: bcc_heuristic
snake: False
run_uni: True
run_bi: True
run_multi: False
solution_vertices: []
algorithms: ['DFBnB']
bsd: False
cube_first_dims: 4
cube_buffer_dim: None
backward_sym_generation: False
sym_coil: False
prefix_set: None

---------- SM_Grids/6x7_grid_with_random_blocks_20per_0 ----------
[00:00:00:00:016] Expansion 28: New longest path found with length 29: [0, 7, 14, 21, 28, 29, 22, 15, 16, 9, 2, 3, 10, 11, 12, 19, 20, 27, 26, 25, 24, 31, 30, 37, 38, 39, 32, 33, 40, 41]
[00:00:00:00:050] Path of length 29 found: [0, 7, 14, 21, 28, 29, 22, 15, 16, 9, 2, 3, 10, 11, 12, 19, 20, 27, 26, 25, 24, 31, 30, 37, 38, 39, 32, 33, 40, 41]
[00:00:00:00:050] ! Unidirectional s-t. expansions: 99, time: 50 [ms], path length: 29 [edges], generated: 169
[00:00:00:00:015] Expansion 28: New longest path found with length 29: [41, 34, 27, 20, 19, 26, 25, 24, 31, 32, 33, 40, 39, 38, 37, 30, 29, 28, 21, 22, 15, 16, 9, 10, 11, 4, 3, 2, 1, 0]
[00:00:00:00:169] Path of length 29 found: [41, 34, 27, 20, 19, 26, 25, 24, 31, 32, 33, 40, 39, 38, 37, 30, 29, 28, 21, 22, 15, 16, 9, 10, 11, 4, 3, 2, 1, 0]
[00:00:00:00:169] ! Unidirectional t-s. expansions: 301, time: 169 [ms], path length: 29 [edges], generated: 507
[00:00:00:00:008] Expansion 8:New longest path found with length 17: [0, 7, 14, 21, 28, 29, 30, 37, 38, 31, 24, 25, 26, 19, 20, 27, 34, 41]
[00:00:00:00:008] Expansion 9:New longest path found with length 19: [0, 7, 14, 21, 28, 29, 30, 37, 38, 39, 32, 31, 24, 25, 26, 19, 20, 27, 34, 41]
[00:00:00:00:009] Expansion 10:New longest path found with length 21: [0, 7, 14, 21, 28, 29, 30, 37, 38, 39, 40, 33, 32, 31, 24, 25, 26, 19, 20, 27, 34, 41]
[00:00:00:00:015] Expansion 20:New longest path found with length 23: [0, 7, 14, 15, 22, 21, 28, 29, 30, 37, 38, 39, 40, 33, 32, 31, 24, 25, 26, 19, 20, 27, 34, 41]
[00:00:00:00:025] Expansion 34:New longest path found with length 27: [0, 7, 14, 21, 28, 29, 22, 15, 16, 9, 2, 3, 10, 11, 12, 19, 20, 27, 26, 25, 24, 31, 32, 39, 40, 33, 34, 41]
[00:00:00:00:030] Expansion 45:New longest path found with length 29: [0, 7, 14, 21, 28, 29, 22, 15, 16, 9, 2, 3, 10, 11, 12, 19, 20, 27, 26, 25, 24, 31, 30, 37, 38, 39, 40, 33, 34, 41]
[00:00:00:00:156] Path of length 29 found: [0, 7, 14, 21, 28, 29, 22, 15, 16, 9, 2, 3, 10, 11, 12, 19, 20, 27, 26, 25, 24, 31, 30, 37, 38, 39, 40, 33, 34, 41]
[00:00:00:00:485] ! Bidirectional. expansions: 197, time: 156 [ms], path length: 29 [edges], g_F: 15, g_B: 14, generated: {'F': 339, 'B': 369}, MM: 1, MMPER: 2.3333333333333335%
[00:00:00:00:485] 
---------- SM_Grids/6x7_grid_with_random_blocks_20per_1 ----------
[00:00:00:00:016] Expansion 24: New longest path found with length 25: [0, 7, 8, 15, 14, 21, 22, 29, 28, 35, 36, 37, 30, 31, 38, 39, 32, 33, 26, 19, 12, 13, 20, 27, 34, 41]
[00:00:00:00:017] Path of length 25 found: [0, 7, 8, 15, 14, 21, 22, 29, 28, 35, 36, 37, 30, 31, 38, 39, 32, 33, 26, 19, 12, 13, 20, 27, 34, 41]
[00:00:00:00:017] ! Unidirectional s-t. expansions: 25, time: 17 [ms], path length: 25 [edges], generated: 39
[00:00:00:00:015] Expansion 24: New longest path found with length 25: [41, 34, 27, 20, 13, 12, 19, 26, 33, 32, 39, 38, 31, 30, 37, 36, 35, 28, 29, 22, 21, 14, 15, 8, 7, 0]
[00:00:00:00:016] Path of length 25 found: [41, 34, 27, 20, 13, 12, 19, 26, 33, 32, 39, 38, 31, 30, 37, 36, 35, 28, 29, 22, 21, 14, 15, 8, 7, 0]
[00:00:00:00:016] ! Unidirectional t-s. expansions: 25, time: 16 [ms], path length: 25 [edges], generated: 39
[00:00:00:00:010] Expansion 11:New longest path found with length 23: [0, 7, 8, 15, 14, 21, 22, 29, 28, 35, 36, 37, 38, 39, 32, 33, 26, 19, 12, 13, 20, 27, 34, 41]
[00:00:00:00:010] Expansion 12:New longest path found with length 25: [0, 7, 8, 15, 14, 21, 22, 29, 28, 35, 36, 37, 30, 31, 38, 39, 32, 33, 26, 19, 12, 13, 20, 27, 34, 41]
[00:00:00:00:011] Path of length 25 found: [0, 7, 8, 15, 14, 21, 22, 29, 28, 35, 36, 37, 30, 31, 38, 39, 32, 33, 26, 19, 12, 13, 20, 27, 34, 41]
[00:00:00:00:313] ! Bidirectional. expansions: 13, time: 11 [ms], path length: 25 [edges], g_F: 13, g_B: 12, generated: {'F': 20, 'B': 21}, MM: 1, MMPER: 2.8461538461538463%
[00:00:00:00:313] 
---------- SM_Grids/6x7_grid_with_random_blocks_20per_2 ----------
[00:00:00:00:016] Expansion 24: New longest path found with length 25: [0, 1, 8, 7, 14, 21, 28, 29, 22, 15, 16, 9, 10, 3, 4, 5, 12, 11, 18, 25, 24, 31, 38, 39, 40, 41]
[00:00:00:00:019] Expansion 34: New longest path found with length 29: [0, 1, 8, 7, 14, 21, 28, 29, 22, 15, 16, 9, 10, 3, 4, 5, 12, 11, 18, 19, 20, 27, 26, 25, 24, 31, 38, 39, 40, 41]
[00:00:00:00:041] Path of length 29 found: [0, 1, 8, 7, 14, 21, 28, 29, 22, 15, 16, 9, 10, 3, 4, 5, 12, 11, 18, 19, 20, 27, 26, 25, 24, 31, 38, 39, 40, 41]
[00:00:00:00:041] ! Unidirectional s-t. expansions: 56, time: 41 [ms], path length: 29 [edges], generated: 95
[00:00:00:00:017] Expansion 26: New longest path found with length 27: [41, 40, 39, 38, 31, 24, 25, 26, 27, 20, 19, 18, 11, 12, 5, 4, 3, 10, 9, 16, 15, 22, 29, 28, 21, 14, 7, 0]
[00:00:00:00:017] Expansion 28: New longest path found with length 29: [41, 40, 39, 38, 31, 24, 25, 26, 27, 20, 19, 18, 11, 12, 5, 4, 3, 10, 9, 16, 15, 22, 29, 28, 21, 14, 7, 8, 1, 0]
[00:00:00:00:018] Path of length 29 found: [41, 40, 39, 38, 31, 24, 25, 26, 27, 20, 19, 18, 11, 12, 5, 4, 3, 10, 9, 16, 15, 22, 29, 28, 21, 14, 7, 8, 1, 0]
[00:00:00:00:018] ! Unidirectional t-s. expansions: 29, time: 18 [ms], path length: 29 [edges], generated: 45
[00:00:00:00:010] Expansion 12:New longest path found with length 25: [0, 1, 8, 7, 14, 21, 28, 29, 22, 15, 16, 9, 10, 11, 18, 19, 20, 27, 26, 25, 24, 31, 38, 39, 40, 41]
[00:00:00:00:010] Expansion 14:New longest path found with length 29: [0, 1, 8, 7, 14, 21, 28, 29, 22, 15, 16, 9, 10, 3, 4, 5, 12, 11, 18, 19, 20, 27, 26, 25, 24, 31, 38, 39, 40, 41]
[00:00:00:00:011] Path of length 29 found: [0, 1, 8, 7, 14, 21, 28, 29, 22, 15, 16, 9, 10, 3, 4, 5, 12, 11, 18, 19, 20, 27, 26, 25, 24, 31, 38, 39, 40, 41]
[00:00:00:00:341] ! Bidirectional. expansions: 15, time: 11 [ms], path length: 29 [edges], g_F: 15, g_B: 14, generated: {'F': 24, 'B': 24}, MM: 1, MMPER: 2.3333333333333335%
[00:00:00:00:341] 
---------- SM_Grids/6x7_grid_with_random_blocks_20per_3 ----------
[00:00:00:00:017] Expansion 24: New longest path found with length 25: [0, 7, 14, 15, 8, 1, 2, 3, 4, 11, 10, 9, 16, 17, 24, 23, 30, 37, 38, 31, 32, 25, 26, 27, 34, 41]
[00:00:00:00:018] Expansion 26: New longest path found with length 27: [0, 7, 14, 15, 8, 1, 2, 3, 4, 11, 10, 9, 16, 17, 24, 23, 30, 37, 38, 31, 32, 25, 26, 27, 34, 33, 40, 41]
[00:00:00:00:059] Path of length 27 found: [0, 7, 14, 15, 8, 1, 2, 3, 4, 11, 10, 9, 16, 17, 24, 23, 30, 37, 38, 31, 32, 25, 26, 27, 34, 33, 40, 41]
[00:00:00:00:059] ! Unidirectional s-t. expansions: 83, time: 59 [ms], path length: 27 [edges], generated: 140
[00:00:00:00:017] Expansion 26: New longest path found with length 27: [41, 34, 27, 26, 25, 24, 31, 32, 33, 40, 39, 38, 37, 30, 23, 16, 17, 10, 11, 4, 3, 2, 9, 8, 15, 14, 7, 0]
[00:00:00:00:101] Path of length 27 found: [41, 34, 27, 26, 25, 24, 31, 32, 33, 40, 39, 38, 37, 30, 23, 16, 17, 10, 11, 4, 3, 2, 9, 8, 15, 14, 7, 0]
[00:00:00:00:101] ! Unidirectional t-s. expansions: 166, time: 101 [ms], path length: 27 [edges], generated: 279
[00:00:00:00:012] Expansion 13:New longest path found with length 27: [0, 7, 14, 15, 8, 1, 2, 3, 4, 11, 10, 9, 16, 23, 30, 37, 38, 39, 40, 33, 32, 31, 24, 25, 26, 27, 34, 41]
[00:00:00:00:154] Path of length 27 found: [0, 7, 14, 15, 8, 1, 2, 3, 4, 11, 10, 9, 16, 23, 30, 37, 38, 39, 40, 33, 32, 31, 24, 25, 26, 27, 34, 41]
[00:00:00:00:447] ! Bidirectional. expansions: 190, time: 154 [ms], path length: 27 [edges], g_F: 14, g_B: 13, generated: {'F': 306, 'B': 333}, MM: 1, MMPER: 2.5714285714285716%
[00:00:00:00:447] 
---------- SM_Grids/6x7_grid_with_random_blocks_20per_4 ----------
[00:00:00:00:017] Expansion 28: New longest path found with length 29: [0, 7, 14, 15, 22, 29, 30, 23, 16, 9, 10, 17, 24, 31, 38, 39, 32, 25, 18, 11, 4, 5, 6, 13, 20, 27, 26, 33, 34, 41]
[00:00:00:00:018] Path of length 29 found: [0, 7, 14, 15, 22, 29, 30, 23, 16, 9, 10, 17, 24, 31, 38, 39, 32, 25, 18, 11, 4, 5, 6, 13, 20, 27, 26, 33, 34, 41]
[00:00:00:00:019] ! Unidirectional s-t. expansions: 29, time: 18 [ms], path length: 29 [edges], generated: 44
[00:00:00:00:018] Expansion 28: New longest path found with length 29: [41, 34, 27, 20, 13, 6, 5, 4, 11, 10, 9, 16, 23, 24, 17, 18, 25, 26, 33, 32, 39, 38, 31, 30, 29, 22, 15, 14, 7, 0]
[00:00:00:00:019] Path of length 29 found: [41, 34, 27, 20, 13, 6, 5, 4, 11, 10, 9, 16, 23, 24, 17, 18, 25, 26, 33, 32, 39, 38, 31, 30, 29, 22, 15, 14, 7, 0]
[00:00:00:00:019] ! Unidirectional t-s. expansions: 29, time: 19 [ms], path length: 29 [edges], generated: 44
[00:00:00:00:010] Expansion 13:New longest path found with length 27: [0, 7, 14, 15, 22, 29, 30, 23, 16, 9, 10, 17, 24, 31, 32, 33, 26, 25, 18, 11, 4, 5, 6, 13, 20, 27, 34, 41]
[00:00:00:00:010] Expansion 14:New longest path found with length 29: [0, 7, 14, 15, 22, 29, 30, 23, 16, 9, 10, 17, 24, 31, 38, 39, 32, 33, 26, 25, 18, 11, 4, 5, 6, 13, 20, 27, 34, 41]
[00:00:00:00:011] Path of length 29 found: [0, 7, 14, 15, 22, 29, 30, 23, 16, 9, 10, 17, 24, 31, 38, 39, 32, 33, 26, 25, 18, 11, 4, 5, 6, 13, 20, 27, 34, 41]
[00:00:00:00:311] ! Bidirectional. expansions: 15, time: 11 [ms], path length: 29 [edges], g_F: 15, g_B: 14, generated: {'F': 27, 'B': 22}, MM: 1, MMPER: 2.3333333333333335%
[00:00:00:00:311] 
---------- SM_Grids/6x7_grid_with_random_blocks_20per_5 ----------
[00:00:00:00:014] Expansion 18: New longest path found with length 19: [0, 1, 2, 9, 10, 3, 4, 5, 12, 11, 18, 25, 32, 33, 26, 19, 20, 27, 34, 41]
[00:00:00:00:052] Path of length 19 found: [0, 1, 2, 9, 10, 3, 4, 5, 12, 11, 18, 25, 32, 33, 26, 19, 20, 27, 34, 41]
[00:00:00:00:052] ! Unidirectional s-t. expansions: 71, time: 52 [ms], path length: 19 [edges], generated: 126
[00:00:00:00:012] Expansion 18: New longest path found with length 19: [41, 40, 33, 32, 25, 26, 27, 20, 19, 12, 5, 4, 11, 18, 17, 10, 3, 2, 1, 0]
[00:00:00:00:044] Path of length 19 found: [41, 40, 33, 32, 25, 26, 27, 20, 19, 12, 5, 4, 11, 18, 17, 10, 3, 2, 1, 0]
[00:00:00:00:044] ! Unidirectional t-s. expansions: 59, time: 44 [ms], path length: 19 [edges], generated: 107
[00:00:00:00:008] Expansion 8:New longest path found with length 17: [0, 1, 2, 9, 10, 3, 4, 5, 12, 19, 20, 27, 26, 25, 32, 33, 40, 41]
[00:00:00:00:009] Expansion 9:New longest path found with length 19: [0, 1, 2, 9, 10, 3, 4, 5, 12, 11, 18, 19, 20, 27, 26, 25, 32, 33, 40, 41]
[00:00:00:00:021] Path of length 19 found: [0, 1, 2, 9, 10, 3, 4, 5, 12, 11, 18, 19, 20, 27, 26, 25, 32, 33, 40, 41]
[00:00:00:00:329] ! Bidirectional. expansions: 19, time: 21 [ms], path length: 19 [edges], g_F: 10, g_B: 9, generated: {'F': 33, 'B': 37}, MM: 1, MMPER: 4.0%
[00:00:00:00:329] 
---------- SM_Grids/6x7_grid_with_random_blocks_20per_6 ----------
[00:00:00:00:018] Expansion 20: New longest path found with length 21: [0, 7, 8, 15, 22, 23, 24, 17, 16, 9, 10, 3, 4, 5, 12, 11, 18, 19, 20, 27, 34, 41]
[00:00:00:00:019] Expansion 22: New longest path found with length 23: [0, 7, 8, 15, 22, 23, 24, 17, 16, 9, 10, 3, 4, 5, 12, 11, 18, 19, 20, 27, 34, 33, 40, 41]
[00:00:00:00:034] Expansion 51: New longest path found with length 25: [0, 7, 8, 15, 16, 9, 10, 3, 4, 5, 12, 11, 18, 17, 24, 23, 22, 21, 28, 35, 36, 37, 38, 39, 40, 41]
[00:00:00:00:034] Expansion 53: New longest path found with length 27: [0, 7, 8, 15, 16, 9, 10, 3, 4, 5, 12, 11, 18, 17, 24, 23, 22, 21, 28, 35, 36, 37, 38, 39, 40, 33, 34, 41]
[00:00:00:00:179] Path of length 27 found: [0, 7, 8, 15, 16, 9, 10, 3, 4, 5, 12, 11, 18, 17, 24, 23, 22, 21, 28, 35, 36, 37, 38, 39, 40, 33, 34, 41]
[00:00:00:00:180] ! Unidirectional s-t. expansions: 269, time: 179 [ms], path length: 27 [edges], generated: 451
[00:00:00:00:017] Expansion 26: New longest path found with length 27: [41, 34, 33, 40, 39, 38, 37, 36, 35, 28, 21, 22, 15, 16, 23, 24, 17, 18, 19, 12, 5, 4, 3, 10, 9, 8, 1, 0]
[00:00:00:00:115] Path of length 27 found: [41, 34, 33, 40, 39, 38, 37, 36, 35, 28, 21, 22, 15, 16, 23, 24, 17, 18, 19, 12, 5, 4, 3, 10, 9, 8, 1, 0]
[00:00:00:00:115] ! Unidirectional t-s. expansions: 239, time: 115 [ms], path length: 27 [edges], generated: 394
[00:00:00:00:011] Expansion 13:New longest path found with length 27: [0, 7, 8, 15, 16, 9, 10, 3, 4, 5, 12, 11, 18, 17, 24, 23, 22, 21, 28, 35, 36, 37, 38, 39, 40, 33, 34, 41]
[00:00:00:00:058] Path of length 27 found: [0, 7, 8, 15, 16, 9, 10, 3, 4, 5, 12, 11, 18, 17, 24, 23, 22, 21, 28, 35, 36, 37, 38, 39, 40, 33, 34, 41]
[00:00:00:00:358] ! Bidirectional. expansions: 76, time: 58 [ms], path length: 27 [edges], g_F: 14, g_B: 13, generated: {'F': 148, 'B': 114}, MM: 1, MMPER: 2.5714285714285716%
[00:00:00:00:358] 
---------- SM_Grids/6x7_grid_with_random_blocks_20per_7 ----------
[00:00:00:00:015] Expansion 22: New longest path found with length 23: [0, 1, 8, 7, 14, 15, 22, 23, 30, 37, 38, 31, 24, 25, 18, 19, 20, 27, 26, 33, 32, 39, 40, 41]
[00:00:00:00:130] Path of length 23 found: [0, 1, 8, 7, 14, 15, 22, 23, 30, 37, 38, 31, 24, 25, 18, 19, 20, 27, 26, 33, 32, 39, 40, 41]
[00:00:00:00:130] ! Unidirectional s-t. expansions: 132, time: 130 [ms], path length: 23 [edges], generated: 253
[00:00:00:00:014] Expansion 20: New longest path found with length 21: [41, 34, 27, 20, 19, 18, 25, 26, 33, 40, 39, 32, 31, 38, 37, 30, 23, 16, 15, 14, 7, 0]
[00:00:00:00:015] Expansion 22: New longest path found with length 23: [41, 34, 27, 20, 19, 18, 25, 26, 33, 40, 39, 32, 31, 38, 37, 30, 23, 16, 15, 14, 7, 8, 1, 0]
[00:00:00:00:200] Path of length 23 found: [41, 34, 27, 20, 19, 18, 25, 26, 33, 40, 39, 32, 31, 38, 37, 30, 23, 16, 15, 14, 7, 8, 1, 0]
[00:00:00:00:200] ! Unidirectional t-s. expansions: 308, time: 200 [ms], path length: 23 [edges], generated: 538
[00:00:00:00:011] Expansion 12:New longest path found with length 23: [0, 1, 8, 7, 14, 15, 22, 23, 24, 31, 30, 37, 38, 39, 40, 33, 26, 25, 18, 19, 20, 27, 34, 41]
[00:00:00:00:057] Path of length 23 found: [0, 1, 8, 7, 14, 15, 22, 23, 24, 31, 30, 37, 38, 39, 40, 33, 26, 25, 18, 19, 20, 27, 34, 41]
[00:00:00:00:342] ! Bidirectional. expansions: 63, time: 57 [ms], path length: 23 [edges], g_F: 12, g_B: 11, generated: {'F': 112, 'B': 126}, MM: 1, MMPER: 3.166666666666667%
[00:00:00:00:342] 
---------- SM_Grids/6x7_grid_with_random_blocks_20per_8 ----------
[00:00:00:00:018] Expansion 28: New longest path found with length 27: [0, 1, 8, 7, 14, 21, 28, 29, 22, 15, 16, 9, 10, 3, 4, 5, 12, 11, 18, 19, 20, 27, 26, 33, 32, 39, 40, 41]
[00:00:00:00:033] Path of length 27 found: [0, 1, 8, 7, 14, 21, 28, 29, 22, 15, 16, 9, 10, 3, 4, 5, 12, 11, 18, 19, 20, 27, 26, 33, 32, 39, 40, 41]
[00:00:00:00:033] ! Unidirectional s-t. expansions: 43, time: 33 [ms], path length: 27 [edges], generated: 76
[00:00:00:00:015] Expansion 22: New longest path found with length 23: [41, 40, 33, 26, 27, 20, 19, 18, 11, 12, 5, 4, 3, 10, 9, 16, 15, 22, 29, 28, 21, 14, 7, 0]
[00:00:00:00:016] Expansion 24: New longest path found with length 25: [41, 40, 33, 26, 27, 20, 19, 18, 11, 12, 5, 4, 3, 10, 9, 16, 15, 22, 29, 28, 21, 14, 7, 8, 1, 0]
[00:00:00:00:030] Expansion 49: New longest path found with length 27: [41, 40, 39, 32, 33, 26, 27, 20, 19, 18, 11, 12, 5, 4, 3, 10, 9, 16, 15, 22, 29, 28, 21, 14, 7, 8, 1, 0]
[00:00:00:00:031] Path of length 27 found: [41, 40, 39, 32, 33, 26, 27, 20, 19, 18, 11, 12, 5, 4, 3, 10, 9, 16, 15, 22, 29, 28, 21, 14, 7, 8, 1, 0]
[00:00:00:00:031] ! Unidirectional t-s. expansions: 50, time: 31 [ms], path length: 27 [edges], generated: 77
[00:00:00:00:009] Expansion 12:New longest path found with length 25: [0, 1, 8, 7, 14, 21, 28, 29, 22, 15, 16, 9, 10, 3, 4, 5, 12, 11, 18, 19, 20, 27, 26, 33, 40, 41]
[00:00:00:00:017] Expansion 24:New longest path found with length 27: [0, 1, 8, 7, 14, 21, 28, 29, 22, 15, 16, 9, 10, 3, 4, 5, 12, 11, 18, 19, 20, 27, 26, 33, 32, 39, 40, 41]
[00:00:00:00:025] Path of length 27 found: [0, 1, 8, 7, 14, 21, 28, 29, 22, 15, 16, 9, 10, 3, 4, 5, 12, 11, 18, 19, 20, 27, 26, 33, 32, 39, 40, 41]
[00:00:00:00:312] ! Bidirectional. expansions: 30, time: 25 [ms], path length: 27 [edges], g_F: 14, g_B: 13, generated: {'F': 52, 'B': 48}, MM: 1, MMPER: 2.5714285714285716%
[00:00:00:00:312] 
---------- SM_Grids/6x7_grid_with_random_blocks_20per_9 ----------
[00:00:00:00:015] Expansion 20: New longest path found with length 21: [0, 7, 14, 21, 22, 15, 8, 1, 2, 9, 10, 17, 24, 23, 30, 37, 38, 31, 32, 39, 40, 41]
[00:00:00:00:017] Expansion 27: New longest path found with length 25: [0, 7, 14, 21, 22, 15, 8, 1, 2, 9, 10, 17, 24, 23, 30, 37, 38, 31, 32, 39, 40, 33, 26, 27, 34, 41]
[00:00:00:00:024] Path of length 25 found: [0, 7, 14, 21, 22, 15, 8, 1, 2, 9, 10, 17, 24, 23, 30, 37, 38, 31, 32, 39, 40, 33, 26, 27, 34, 41]
[00:00:00:00:024] ! Unidirectional s-t. expansions: 34, time: 24 [ms], path length: 25 [edges], generated: 59
[00:00:00:00:016] Expansion 24: New longest path found with length 25: [41, 34, 27, 26, 33, 40, 39, 32, 31, 38, 37, 30, 23, 24, 17, 10, 3, 2, 9, 8, 15, 22, 21, 14, 7, 0]
[00:00:00:00:017] Path of length 25 found: [41, 34, 27, 26, 33, 40, 39, 32, 31, 38, 37, 30, 23, 24, 17, 10, 3, 2, 9, 8, 15, 22, 21, 14, 7, 0]
[00:00:00:00:018] ! Unidirectional t-s. expansions: 25, time: 17 [ms], path length: 25 [edges], generated: 41
[00:00:00:00:011] Expansion 12:New longest path found with length 25: [0, 7, 14, 21, 22, 15, 8, 1, 2, 9, 10, 17, 24, 23, 30, 37, 38, 31, 32, 39, 40, 33, 26, 27, 34, 41]
[00:00:00:00:021] Path of length 25 found: [0, 7, 14, 21, 22, 15, 8, 1, 2, 9, 10, 17, 24, 23, 30, 37, 38, 31, 32, 39, 40, 33, 26, 27, 34, 41]
[00:00:00:00:319] ! Bidirectional. expansions: 19, time: 21 [ms], path length: 25 [edges], g_F: 13, g_B: 12, generated: {'F': 37, 'B': 33}, MM: 1, MMPER: 2.8461538461538463%

[00:00:00:00:319] average expansions: (84, 123, 64, 0)
[00:00:00:00:319] average time: (60, 73, 52, 0)
[00:00:00:00:319] X-DFBnB: 84 , 60 (expansions , time[ms])
[00:00:00:00:319] BiX-DFBnB: 64 , 52 (expansions , time[ms])

