Tue 17 Mar 2026 19:55:34 IST

SLURM_JOBID:		 16028198
SLURM_JOB_NODELIST:	 ise-cpu256-32 

--------------------------
date: SM_Grids
number_of_graphs: 10
graph_type: grid
size_of_graphs: [6, 8]
heuristic: bcc_heuristic
snake: False
run_uni: True
run_bi: True
run_multi: False
solution_vertices: []
algorithms: ['DFBnB']
bsd: False
cube_first_dims: 4
cube_buffer_dim: None
backward_sym_generation: False
sym_coil: False
prefix_set: None

---------- SM_Grids/6x8_grid_with_random_blocks_8per_0 ----------
[00:00:00:00:032] Expansion 39: New longest path found with length 40: [0, 1, 9, 8, 16, 24, 32, 40, 41, 33, 25, 17, 18, 10, 11, 3, 4, 12, 20, 19, 27, 26, 34, 42, 43, 35, 36, 28, 29, 21, 13, 5, 6, 14, 15, 23, 31, 30, 38, 46, 47]
[00:00:01:45:817] Valid states checked so far: 200,000, Expansions: 199,998, Global best: 41
[00:00:01:58:841] Path of length 40 found: [0, 1, 9, 8, 16, 24, 32, 40, 41, 33, 25, 17, 18, 10, 11, 3, 4, 12, 20, 19, 27, 26, 34, 42, 43, 35, 36, 28, 29, 21, 13, 5, 6, 14, 15, 23, 31, 30, 38, 46, 47]
[00:00:01:58:842] ! Unidirectional s-t. expansions: 226,242, time: 118,841 [ms], path length: 40 [edges], generated: 373,425
[00:00:00:00:032] Expansion 39: New longest path found with length 40: [47, 46, 38, 39, 31, 23, 15, 7, 6, 14, 13, 5, 4, 3, 11, 12, 20, 21, 29, 37, 36, 28, 27, 19, 18, 10, 9, 17, 25, 26, 34, 35, 43, 42, 41, 33, 32, 24, 16, 8, 0]
[00:00:01:27:854] Path of length 40 found: [47, 46, 38, 39, 31, 23, 15, 7, 6, 14, 13, 5, 4, 3, 11, 12, 20, 21, 29, 37, 36, 28, 27, 19, 18, 10, 9, 17, 25, 26, 34, 35, 43, 42, 41, 33, 32, 24, 16, 8, 0]
[00:00:01:27:854] ! Unidirectional t-s. expansions: 169,029, time: 87,854 [ms], path length: 40 [edges], generated: 285,824
[00:00:00:00:024] Expansion 20:New longest path found with length 40: [0, 1, 9, 8, 16, 24, 32, 40, 41, 33, 25, 17, 18, 10, 11, 19, 27, 26, 34, 42, 43, 35, 36, 28, 29, 21, 20, 12, 4, 5, 13, 14, 6, 7, 15, 23, 31, 39, 38, 46, 47]
[00:00:01:01:871] Path of length 40 found: [0, 1, 9, 8, 16, 24, 32, 40, 41, 33, 25, 17, 18, 10, 11, 19, 27, 26, 34, 42, 43, 35, 36, 28, 29, 21, 20, 12, 4, 5, 13, 14, 6, 7, 15, 23, 31, 39, 38, 46, 47]
[00:00:01:02:184] ! Bidirectional. expansions: 82,081, time: 61,871 [ms], path length: 40 [edges], g_F: 20, g_B: 20, generated: {'F': 154,240, 'B': 165,249}, MM: 0, MMPER: -1.0%
[00:00:01:02:185] 
---------- SM_Grids/6x8_grid_with_random_blocks_8per_1 ----------
[00:00:00:00:068] Expansion 37: New longest path found with length 38: [0, 8, 16, 24, 32, 40, 41, 33, 25, 17, 18, 10, 11, 3, 4, 12, 20, 19, 27, 26, 34, 42, 43, 35, 36, 28, 29, 21, 13, 14, 6, 7, 15, 23, 22, 30, 31, 39, 47]
[00:00:00:00:070] Expansion 41: New longest path found with length 42: [0, 8, 16, 24, 32, 40, 41, 33, 25, 17, 18, 10, 11, 3, 4, 12, 20, 19, 27, 26, 34, 42, 43, 35, 36, 28, 29, 21, 13, 14, 6, 7, 15, 23, 22, 30, 31, 39, 38, 37, 45, 46, 47]
[00:00:00:01:747] Path of length 42 found: [0, 8, 16, 24, 32, 40, 41, 33, 25, 17, 18, 10, 11, 3, 4, 12, 20, 19, 27, 26, 34, 42, 43, 35, 36, 28, 29, 21, 13, 14, 6, 7, 15, 23, 22, 30, 31, 39, 38, 37, 45, 46, 47]
[00:00:00:01:747] ! Unidirectional s-t. expansions: 2,468, time: 1,747 [ms], path length: 42 [edges], generated: 4,467
[00:00:00:00:031] Expansion 41: New longest path found with length 42: [47, 39, 31, 23, 15, 7, 6, 14, 13, 12, 4, 3, 11, 10, 18, 17, 25, 33, 34, 26, 27, 19, 20, 28, 36, 37, 29, 21, 22, 30, 38, 46, 45, 44, 43, 42, 41, 40, 32, 24, 16, 8, 0]
[00:00:00:10:281] Path of length 42 found: [47, 39, 31, 23, 15, 7, 6, 14, 13, 12, 4, 3, 11, 10, 18, 17, 25, 33, 34, 26, 27, 19, 20, 28, 36, 37, 29, 21, 22, 30, 38, 46, 45, 44, 43, 42, 41, 40, 32, 24, 16, 8, 0]
[00:00:00:10:281] ! Unidirectional t-s. expansions: 16,921, time: 10,281 [ms], path length: 42 [edges], generated: 27,943
[00:00:00:00:021] Expansion 21:New longest path found with length 42: [0, 8, 16, 24, 32, 40, 41, 33, 25, 17, 18, 26, 34, 42, 43, 35, 36, 44, 45, 46, 38, 37, 29, 30, 22, 21, 20, 28, 27, 19, 11, 3, 4, 12, 13, 14, 6, 7, 15, 23, 31, 39, 47]
[00:00:00:03:870] Path of length 42 found: [0, 8, 16, 24, 32, 40, 41, 33, 25, 17, 18, 26, 34, 42, 43, 35, 36, 44, 45, 46, 38, 37, 29, 30, 22, 21, 20, 28, 27, 19, 11, 3, 4, 12, 13, 14, 6, 7, 15, 23, 31, 39, 47]
[00:00:00:04:161] ! Bidirectional. expansions: 4,645, time: 3,870 [ms], path length: 42 [edges], g_F: 21, g_B: 21, generated: {'F': 9,096, 'B': 8,720}, MM: 0, MMPER: -1.0%
[00:00:00:04:161] 
---------- SM_Grids/6x8_grid_with_random_blocks_8per_2 ----------
[00:00:00:00:032] Expansion 39: New longest path found with length 40: [0, 8, 16, 24, 32, 40, 41, 42, 34, 33, 25, 17, 9, 1, 2, 3, 11, 10, 18, 26, 27, 19, 20, 28, 36, 44, 45, 37, 29, 21, 22, 14, 6, 7, 15, 23, 31, 30, 38, 46, 47]
[00:00:00:26:373] Path of length 40 found: [0, 8, 16, 24, 32, 40, 41, 42, 34, 33, 25, 17, 9, 1, 2, 3, 11, 10, 18, 26, 27, 19, 20, 28, 36, 44, 45, 37, 29, 21, 22, 14, 6, 7, 15, 23, 31, 30, 38, 46, 47]
[00:00:00:26:373] ! Unidirectional s-t. expansions: 45,755, time: 26,373 [ms], path length: 40 [edges], generated: 81,796
[00:00:00:00:018] Expansion 15: New longest path found with length 16: [47, 39, 31, 23, 15, 7, 6, 14, 22, 21, 20, 12, 11, 3, 2, 1, 0]
[00:00:00:00:032] Expansion 39: New longest path found with length 40: [47, 39, 31, 23, 15, 7, 6, 14, 22, 21, 20, 12, 11, 3, 2, 1, 9, 10, 18, 19, 27, 28, 29, 30, 38, 46, 45, 37, 36, 35, 34, 26, 25, 33, 41, 40, 32, 24, 16, 8, 0]
[00:00:00:20:683] Path of length 40 found: [47, 39, 31, 23, 15, 7, 6, 14, 22, 21, 20, 12, 11, 3, 2, 1, 9, 10, 18, 19, 27, 28, 29, 30, 38, 46, 45, 37, 36, 35, 34, 26, 25, 33, 41, 40, 32, 24, 16, 8, 0]
[00:00:00:20:684] ! Unidirectional t-s. expansions: 36,690, time: 20,683 [ms], path length: 40 [edges], generated: 65,262
[00:00:00:00:023] Expansion 20:New longest path found with length 40: [0, 8, 16, 24, 32, 40, 41, 42, 34, 33, 25, 17, 9, 1, 2, 3, 11, 10, 18, 26, 27, 35, 36, 37, 45, 46, 38, 30, 29, 28, 20, 21, 22, 14, 6, 7, 15, 23, 31, 39, 47]
[00:00:00:26:850] Path of length 40 found: [0, 8, 16, 24, 32, 40, 41, 42, 34, 33, 25, 17, 9, 1, 2, 3, 11, 10, 18, 26, 27, 35, 36, 37, 45, 46, 38, 30, 29, 28, 20, 21, 22, 14, 6, 7, 15, 23, 31, 39, 47]
[00:00:00:27:140] ! Bidirectional. expansions: 35,973, time: 26,850 [ms], path length: 40 [edges], g_F: 20, g_B: 20, generated: {'F': 65,673, 'B': 65,849}, MM: 0, MMPER: -1.0%
[00:00:00:27:140] 
---------- SM_Grids/6x8_grid_with_random_blocks_8per_3 ----------
[00:00:00:00:032] Expansion 41: New longest path found with length 42: [0, 8, 9, 1, 2, 10, 18, 17, 25, 24, 32, 40, 41, 33, 34, 26, 27, 19, 11, 3, 4, 12, 20, 28, 36, 35, 43, 44, 45, 37, 29, 21, 13, 14, 6, 7, 15, 23, 31, 30, 38, 46, 47]
[00:00:00:12:289] Path of length 42 found: [0, 8, 9, 1, 2, 10, 18, 17, 25, 24, 32, 40, 41, 33, 34, 26, 27, 19, 11, 3, 4, 12, 20, 28, 36, 35, 43, 44, 45, 37, 29, 21, 13, 14, 6, 7, 15, 23, 31, 30, 38, 46, 47]
[00:00:00:12:289] ! Unidirectional s-t. expansions: 22,310, time: 12,289 [ms], path length: 42 [edges], generated: 36,862
[00:00:00:00:032] Expansion 41: New longest path found with length 42: [47, 39, 31, 23, 15, 7, 6, 14, 13, 12, 4, 3, 2, 10, 11, 19, 18, 26, 34, 35, 27, 28, 20, 21, 29, 30, 38, 46, 45, 37, 36, 44, 43, 42, 41, 40, 32, 24, 25, 17, 9, 1, 0]
[00:00:00:20:390] Path of length 42 found: [47, 39, 31, 23, 15, 7, 6, 14, 13, 12, 4, 3, 2, 10, 11, 19, 18, 26, 34, 35, 27, 28, 20, 21, 29, 30, 38, 46, 45, 37, 36, 44, 43, 42, 41, 40, 32, 24, 25, 17, 9, 1, 0]
[00:00:00:20:390] ! Unidirectional t-s. expansions: 35,254, time: 20,390 [ms], path length: 42 [edges], generated: 59,483
[00:00:00:00:022] Expansion 23:New longest path found with length 42: [0, 8, 9, 1, 2, 10, 18, 17, 25, 24, 32, 40, 41, 33, 34, 42, 43, 44, 45, 46, 38, 30, 29, 21, 20, 28, 36, 35, 27, 19, 11, 3, 4, 12, 13, 14, 6, 7, 15, 23, 31, 39, 47]
[00:00:00:09:131] Path of length 42 found: [0, 8, 9, 1, 2, 10, 18, 17, 25, 24, 32, 40, 41, 33, 34, 42, 43, 44, 45, 46, 38, 30, 29, 21, 20, 28, 36, 35, 27, 19, 11, 3, 4, 12, 13, 14, 6, 7, 15, 23, 31, 39, 47]
[00:00:00:09:422] ! Bidirectional. expansions: 12,270, time: 9,131 [ms], path length: 42 [edges], g_F: 21, g_B: 21, generated: {'F': 22,130, 'B': 22,827}, MM: 0, MMPER: -1.0%
[00:00:00:09:422] 
---------- SM_Grids/6x8_grid_with_random_blocks_8per_4 ----------
[00:00:00:00:034] Expansion 41: New longest path found with length 42: [0, 1, 9, 17, 16, 24, 32, 40, 41, 33, 25, 26, 18, 10, 2, 3, 11, 19, 27, 35, 34, 42, 43, 44, 45, 37, 36, 28, 20, 12, 4, 5, 6, 7, 15, 14, 13, 21, 29, 30, 38, 39, 47]
[00:00:00:52:853] Path of length 42 found: [0, 1, 9, 17, 16, 24, 32, 40, 41, 33, 25, 26, 18, 10, 2, 3, 11, 19, 27, 35, 34, 42, 43, 44, 45, 37, 36, 28, 20, 12, 4, 5, 6, 7, 15, 14, 13, 21, 29, 30, 38, 39, 47]
[00:00:00:52:853] ! Unidirectional s-t. expansions: 100,578, time: 52,853 [ms], path length: 42 [edges], generated: 160,745
[00:00:00:00:033] Expansion 41: New longest path found with length 42: [47, 39, 31, 30, 38, 37, 45, 44, 36, 28, 29, 21, 22, 14, 15, 7, 6, 5, 13, 12, 4, 3, 2, 10, 11, 19, 18, 26, 27, 35, 43, 42, 34, 33, 41, 40, 32, 24, 16, 17, 9, 1, 0]
[00:00:00:25:239] Path of length 42 found: [47, 39, 31, 30, 38, 37, 45, 44, 36, 28, 29, 21, 22, 14, 15, 7, 6, 5, 13, 12, 4, 3, 2, 10, 11, 19, 18, 26, 27, 35, 43, 42, 34, 33, 41, 40, 32, 24, 16, 17, 9, 1, 0]
[00:00:00:25:239] ! Unidirectional t-s. expansions: 41,563, time: 25,239 [ms], path length: 42 [edges], generated: 70,836
[00:00:00:00:024] Expansion 21:New longest path found with length 42: [0, 1, 9, 17, 16, 24, 32, 40, 41, 33, 25, 26, 34, 42, 43, 35, 27, 19, 18, 10, 2, 3, 4, 12, 13, 5, 6, 7, 15, 14, 22, 21, 29, 28, 36, 44, 45, 37, 38, 30, 31, 39, 47]
[00:00:00:13:721] Path of length 42 found: [0, 1, 9, 17, 16, 24, 32, 40, 41, 33, 25, 26, 34, 42, 43, 35, 27, 19, 18, 10, 2, 3, 4, 12, 13, 5, 6, 7, 15, 14, 22, 21, 29, 28, 36, 44, 45, 37, 38, 30, 31, 39, 47]
[00:00:00:14:018] ! Bidirectional. expansions: 17,884, time: 13,721 [ms], path length: 42 [edges], g_F: 21, g_B: 21, generated: {'F': 35,009, 'B': 34,821}, MM: 0, MMPER: -1.0%
[00:00:00:14:018] 
---------- SM_Grids/6x8_grid_with_random_blocks_8per_5 ----------
[00:00:00:00:031] Expansion 33: New longest path found with length 34: [0, 8, 16, 17, 9, 1, 2, 10, 18, 26, 25, 33, 32, 40, 41, 42, 43, 44, 36, 28, 27, 19, 11, 3, 4, 5, 13, 12, 20, 21, 29, 37, 45, 46, 47]
[00:00:00:00:033] Expansion 41: New longest path found with length 42: [0, 8, 16, 17, 9, 1, 2, 10, 18, 26, 25, 33, 32, 40, 41, 42, 43, 44, 36, 28, 27, 19, 11, 3, 4, 5, 13, 12, 20, 21, 29, 37, 45, 46, 38, 30, 22, 14, 15, 23, 31, 39, 47]
[00:00:00:04:217] Path of length 42 found: [0, 8, 16, 17, 9, 1, 2, 10, 18, 26, 25, 33, 32, 40, 41, 42, 43, 44, 36, 28, 27, 19, 11, 3, 4, 5, 13, 12, 20, 21, 29, 37, 45, 46, 38, 30, 22, 14, 15, 23, 31, 39, 47]
[00:00:00:04:218] ! Unidirectional s-t. expansions: 5,956, time: 4,217 [ms], path length: 42 [edges], generated: 10,512
[00:00:00:00:014] Expansion 11: New longest path found with length 12: [47, 39, 31, 23, 15, 14, 13, 5, 4, 3, 2, 1, 0]
[00:00:00:00:032] Expansion 41: New longest path found with length 42: [47, 39, 31, 23, 15, 14, 13, 5, 4, 3, 2, 1, 9, 10, 18, 26, 27, 19, 11, 12, 20, 28, 36, 37, 29, 21, 22, 30, 38, 46, 45, 44, 43, 42, 41, 40, 32, 33, 25, 17, 16, 8, 0]
[00:00:00:04:989] Path of length 42 found: [47, 39, 31, 23, 15, 14, 13, 5, 4, 3, 2, 1, 9, 10, 18, 26, 27, 19, 11, 12, 20, 28, 36, 37, 29, 21, 22, 30, 38, 46, 45, 44, 43, 42, 41, 40, 32, 33, 25, 17, 16, 8, 0]
[00:00:00:04:990] ! Unidirectional t-s. expansions: 7,522, time: 4,989 [ms], path length: 42 [edges], generated: 12,111
[00:00:00:00:022] Expansion 21:New longest path found with length 42: [0, 8, 16, 17, 9, 1, 2, 10, 18, 26, 25, 33, 32, 40, 41, 42, 43, 44, 45, 46, 38, 30, 22, 21, 29, 37, 36, 28, 27, 19, 20, 12, 11, 3, 4, 5, 13, 14, 15, 23, 31, 39, 47]
[00:00:00:06:121] Path of length 42 found: [0, 8, 16, 17, 9, 1, 2, 10, 18, 26, 25, 33, 32, 40, 41, 42, 43, 44, 45, 46, 38, 30, 22, 21, 29, 37, 36, 28, 27, 19, 20, 12, 11, 3, 4, 5, 13, 14, 15, 23, 31, 39, 47]
[00:00:00:06:410] ! Bidirectional. expansions: 6,824, time: 6,121 [ms], path length: 42 [edges], g_F: 21, g_B: 21, generated: {'F': 13,112, 'B': 12,158}, MM: 0, MMPER: -1.0%
[00:00:00:06:410] 
---------- SM_Grids/6x8_grid_with_random_blocks_8per_6 ----------
[00:00:00:00:033] Expansion 41: New longest path found with length 42: [0, 8, 16, 24, 32, 40, 41, 33, 25, 17, 18, 10, 11, 19, 27, 26, 34, 42, 43, 35, 36, 44, 45, 37, 29, 28, 20, 12, 4, 5, 13, 21, 22, 14, 6, 7, 15, 23, 31, 30, 38, 46, 47]
[00:00:00:06:004] Path of length 42 found: [0, 8, 16, 24, 32, 40, 41, 33, 25, 17, 18, 10, 11, 19, 27, 26, 34, 42, 43, 35, 36, 44, 45, 37, 29, 28, 20, 12, 4, 5, 13, 21, 22, 14, 6, 7, 15, 23, 31, 30, 38, 46, 47]
[00:00:00:06:004] ! Unidirectional s-t. expansions: 10,116, time: 6,004 [ms], path length: 42 [edges], generated: 17,664
[00:00:00:00:032] Expansion 41: New longest path found with length 42: [47, 39, 31, 23, 15, 7, 6, 5, 4, 12, 11, 10, 18, 17, 25, 33, 34, 26, 27, 19, 20, 28, 36, 37, 29, 21, 13, 14, 22, 30, 38, 46, 45, 44, 43, 42, 41, 40, 32, 24, 16, 8, 0]
[00:00:00:22:352] Path of length 42 found: [47, 39, 31, 23, 15, 7, 6, 5, 4, 12, 11, 10, 18, 17, 25, 33, 34, 26, 27, 19, 20, 28, 36, 37, 29, 21, 13, 14, 22, 30, 38, 46, 45, 44, 43, 42, 41, 40, 32, 24, 16, 8, 0]
[00:00:00:22:352] ! Unidirectional t-s. expansions: 37,813, time: 22,352 [ms], path length: 42 [edges], generated: 63,696
[00:00:00:00:022] Expansion 21:New longest path found with length 42: [0, 8, 16, 24, 32, 40, 41, 33, 25, 17, 18, 26, 34, 42, 43, 44, 45, 46, 38, 37, 29, 30, 22, 14, 13, 21, 20, 28, 36, 35, 27, 19, 11, 12, 4, 5, 6, 7, 15, 23, 31, 39, 47]
[00:00:00:08:477] Path of length 42 found: [0, 8, 16, 24, 32, 40, 41, 33, 25, 17, 18, 26, 34, 42, 43, 44, 45, 46, 38, 37, 29, 30, 22, 14, 13, 21, 20, 28, 36, 35, 27, 19, 11, 12, 4, 5, 6, 7, 15, 23, 31, 39, 47]
[00:00:00:08:795] ! Bidirectional. expansions: 10,677, time: 8,477 [ms], path length: 42 [edges], g_F: 21, g_B: 21, generated: {'F': 20,769, 'B': 20,204}, MM: 0, MMPER: -1.0%
[00:00:00:08:795] 
---------- SM_Grids/6x8_grid_with_random_blocks_8per_7 ----------
[00:00:00:00:029] Expansion 33: New longest path found with length 34: [0, 8, 16, 24, 32, 40, 41, 33, 25, 17, 9, 1, 2, 10, 18, 26, 34, 42, 43, 35, 27, 19, 11, 3, 4, 12, 20, 21, 29, 37, 36, 44, 45, 46, 47]
[00:00:00:00:032] Expansion 41: New longest path found with length 42: [0, 8, 16, 24, 32, 40, 41, 33, 25, 17, 9, 1, 2, 10, 18, 26, 34, 42, 43, 35, 27, 19, 11, 3, 4, 12, 20, 21, 29, 37, 36, 44, 45, 46, 38, 30, 22, 14, 15, 23, 31, 39, 47]
[00:00:00:00:042] Expansion 64: New longest path found with length 44: [0, 8, 16, 24, 32, 40, 41, 33, 25, 17, 9, 1, 2, 10, 18, 26, 34, 42, 43, 35, 27, 19, 20, 12, 11, 3, 4, 5, 6, 14, 15, 23, 22, 21, 29, 37, 36, 44, 45, 46, 38, 30, 31, 39, 47]
[00:00:00:00:044] Path of length 44 found: [0, 8, 16, 24, 32, 40, 41, 33, 25, 17, 9, 1, 2, 10, 18, 26, 34, 42, 43, 35, 27, 19, 20, 12, 11, 3, 4, 5, 6, 14, 15, 23, 22, 21, 29, 37, 36, 44, 45, 46, 38, 30, 31, 39, 47]
[00:00:00:00:044] ! Unidirectional s-t. expansions: 65, time: 44 [ms], path length: 44 [edges], generated: 105
[00:00:00:00:012] Expansion 11: New longest path found with length 12: [47, 39, 31, 23, 15, 14, 6, 5, 4, 3, 2, 1, 0]
[00:00:00:00:032] Expansion 43: New longest path found with length 44: [47, 39, 31, 23, 15, 14, 6, 5, 4, 3, 2, 1, 9, 17, 25, 33, 34, 26, 18, 10, 11, 12, 20, 19, 27, 35, 36, 37, 29, 21, 22, 30, 38, 46, 45, 44, 43, 42, 41, 40, 32, 24, 16, 8, 0]
[00:00:00:00:033] Path of length 44 found: [47, 39, 31, 23, 15, 14, 6, 5, 4, 3, 2, 1, 9, 17, 25, 33, 34, 26, 18, 10, 11, 12, 20, 19, 27, 35, 36, 37, 29, 21, 22, 30, 38, 46, 45, 44, 43, 42, 41, 40, 32, 24, 16, 8, 0]
[00:00:00:00:033] ! Unidirectional t-s. expansions: 44, time: 33 [ms], path length: 44 [edges], generated: 72
[00:00:00:00:021] Expansion 22:New longest path found with length 44: [0, 8, 16, 24, 32, 40, 41, 33, 25, 17, 9, 1, 2, 10, 18, 26, 34, 42, 43, 44, 45, 46, 38, 30, 22, 21, 29, 37, 36, 35, 27, 19, 20, 12, 11, 3, 4, 5, 6, 14, 15, 23, 31, 39, 47]
[00:00:00:00:022] Path of length 44 found: [0, 8, 16, 24, 32, 40, 41, 33, 25, 17, 9, 1, 2, 10, 18, 26, 34, 42, 43, 44, 45, 46, 38, 30, 22, 21, 29, 37, 36, 35, 27, 19, 20, 12, 11, 3, 4, 5, 6, 14, 15, 23, 31, 39, 47]
[00:00:00:00:311] ! Bidirectional. expansions: 22, time: 22 [ms], path length: 44 [edges], g_F: 22, g_B: 22, generated: {'F': 41, 'B': 40}, MM: 0, MMPER: -1.0%
[00:00:00:00:311] 
---------- SM_Grids/6x8_grid_with_random_blocks_8per_8 ----------
[00:00:00:00:032] Expansion 41: New longest path found with length 42: [0, 8, 16, 24, 32, 40, 41, 33, 25, 17, 9, 1, 2, 10, 18, 26, 27, 35, 43, 44, 36, 28, 20, 19, 11, 3, 4, 12, 13, 5, 6, 7, 15, 14, 22, 21, 29, 37, 38, 30, 31, 39, 47]
[00:00:00:12:327] Path of length 42 found: [0, 8, 16, 24, 32, 40, 41, 33, 25, 17, 9, 1, 2, 10, 18, 26, 27, 35, 43, 44, 36, 28, 20, 19, 11, 3, 4, 12, 13, 5, 6, 7, 15, 14, 22, 21, 29, 37, 38, 30, 31, 39, 47]
[00:00:00:12:327] ! Unidirectional s-t. expansions: 17,523, time: 12,327 [ms], path length: 42 [edges], generated: 29,807
[00:00:00:00:017] Expansion 15: New longest path found with length 16: [47, 46, 38, 39, 31, 30, 22, 14, 15, 7, 6, 5, 4, 3, 2, 1, 0]
[00:00:00:00:032] Expansion 41: New longest path found with length 42: [47, 46, 38, 39, 31, 30, 22, 14, 15, 7, 6, 5, 4, 3, 2, 1, 9, 17, 25, 26, 18, 10, 11, 19, 27, 28, 20, 12, 13, 21, 29, 37, 36, 35, 43, 42, 41, 33, 32, 24, 16, 8, 0]
[00:00:00:05:536] Path of length 42 found: [47, 46, 38, 39, 31, 30, 22, 14, 15, 7, 6, 5, 4, 3, 2, 1, 9, 17, 25, 26, 18, 10, 11, 19, 27, 28, 20, 12, 13, 21, 29, 37, 36, 35, 43, 42, 41, 33, 32, 24, 16, 8, 0]
[00:00:00:05:536] ! Unidirectional t-s. expansions: 9,251, time: 5,536 [ms], path length: 42 [edges], generated: 15,674
[00:00:00:00:019] Expansion 16:New longest path found with length 32: [0, 8, 16, 24, 32, 40, 41, 33, 25, 17, 9, 1, 2, 10, 18, 26, 27, 19, 11, 3, 4, 5, 6, 7, 15, 14, 22, 30, 31, 39, 38, 46, 47]
[00:00:00:00:022] Expansion 23:New longest path found with length 42: [0, 8, 16, 24, 32, 40, 41, 33, 25, 17, 9, 1, 2, 10, 18, 26, 27, 35, 43, 44, 36, 28, 29, 21, 13, 12, 20, 19, 11, 3, 4, 5, 6, 7, 15, 14, 22, 30, 31, 39, 38, 46, 47]
[00:00:00:06:494] Path of length 42 found: [0, 8, 16, 24, 32, 40, 41, 33, 25, 17, 9, 1, 2, 10, 18, 26, 27, 35, 43, 44, 36, 28, 29, 21, 13, 12, 20, 19, 11, 3, 4, 5, 6, 7, 15, 14, 22, 30, 31, 39, 38, 46, 47]
[00:00:00:06:779] ! Bidirectional. expansions: 8,494, time: 6,494 [ms], path length: 42 [edges], g_F: 21, g_B: 21, generated: {'F': 14,954, 'B': 15,847}, MM: 0, MMPER: -1.0%
[00:00:00:06:779] 
---------- SM_Grids/6x8_grid_with_random_blocks_8per_9 ----------
[00:00:00:00:032] Expansion 37: New longest path found with length 38: [0, 1, 9, 17, 16, 24, 32, 33, 25, 26, 18, 10, 2, 3, 11, 19, 27, 35, 34, 42, 43, 44, 36, 28, 20, 12, 13, 5, 6, 7, 15, 14, 22, 21, 29, 37, 45, 46, 47]
[00:00:00:00:033] Expansion 41: New longest path found with length 42: [0, 1, 9, 17, 16, 24, 32, 33, 25, 26, 18, 10, 2, 3, 11, 19, 27, 35, 34, 42, 43, 44, 36, 28, 20, 12, 13, 5, 6, 7, 15, 14, 22, 21, 29, 37, 45, 46, 38, 30, 31, 39, 47]
[00:00:00:14:759] Expansion 26,005: New longest path found with length 44: [0, 1, 9, 10, 2, 3, 11, 12, 20, 28, 27, 19, 18, 26, 25, 17, 16, 24, 32, 33, 41, 42, 34, 35, 43, 44, 36, 37, 45, 46, 38, 30, 29, 21, 13, 5, 6, 7, 15, 14, 22, 23, 31, 39, 47]
[00:00:00:14:761] Path of length 44 found: [0, 1, 9, 10, 2, 3, 11, 12, 20, 28, 27, 19, 18, 26, 25, 17, 16, 24, 32, 33, 41, 42, 34, 35, 43, 44, 36, 37, 45, 46, 38, 30, 29, 21, 13, 5, 6, 7, 15, 14, 22, 23, 31, 39, 47]
[00:00:00:14:761] ! Unidirectional s-t. expansions: 26,006, time: 14,761 [ms], path length: 44 [edges], generated: 45,100
[00:00:00:00:033] Expansion 41: New longest path found with length 42: [47, 39, 31, 23, 15, 7, 6, 5, 13, 14, 22, 21, 20, 12, 11, 3, 2, 10, 18, 19, 27, 26, 34, 35, 36, 28, 29, 30, 38, 37, 45, 44, 43, 42, 41, 33, 32, 24, 16, 17, 9, 1, 0]
[00:00:00:00:557] Expansion 916: New longest path found with length 44: [47, 39, 31, 23, 15, 7, 6, 5, 13, 14, 22, 21, 29, 30, 38, 46, 45, 37, 36, 44, 43, 35, 34, 42, 41, 33, 32, 24, 16, 17, 25, 26, 18, 19, 27, 28, 20, 12, 11, 3, 2, 10, 9, 1, 0]
[00:00:00:00:559] Path of length 44 found: [47, 39, 31, 23, 15, 7, 6, 5, 13, 14, 22, 21, 29, 30, 38, 46, 45, 37, 36, 44, 43, 35, 34, 42, 41, 33, 32, 24, 16, 17, 25, 26, 18, 19, 27, 28, 20, 12, 11, 3, 2, 10, 9, 1, 0]
[00:00:00:00:559] ! Unidirectional t-s. expansions: 917, time: 559 [ms], path length: 44 [edges], generated: 1,520
[00:00:00:00:023] Expansion 21:New longest path found with length 42: [0, 1, 9, 17, 16, 24, 32, 33, 25, 26, 18, 10, 2, 3, 11, 19, 27, 35, 34, 42, 43, 44, 45, 46, 38, 30, 29, 37, 36, 28, 20, 21, 22, 14, 13, 5, 6, 7, 15, 23, 31, 39, 47]
[00:00:00:02:340] Expansion 3,129:New longest path found with length 44: [0, 1, 9, 10, 2, 3, 11, 12, 20, 28, 27, 19, 18, 26, 25, 17, 16, 24, 32, 33, 41, 42, 34, 35, 43, 44, 36, 37, 45, 46, 38, 30, 29, 21, 22, 14, 13, 5, 6, 7, 15, 23, 31, 39, 47]
[00:00:00:02:341] Path of length 44 found: [0, 1, 9, 10, 2, 3, 11, 12, 20, 28, 27, 19, 18, 26, 25, 17, 16, 24, 32, 33, 41, 42, 34, 35, 43, 44, 36, 37, 45, 46, 38, 30, 29, 21, 22, 14, 13, 5, 6, 7, 15, 23, 31, 39, 47]
[00:00:00:02:635] ! Bidirectional. expansions: 3,129, time: 2,341 [ms], path length: 44 [edges], g_F: 22, g_B: 22, generated: {'F': 6,084, 'B': 6,113}, MM: 0, MMPER: -1.0%

[00:00:00:02:635] average expansions: (45,702, 35,500, 18,200, 0)
[00:00:00:02:635] average time: (24,946, 19,792, 13,890, 0)
[00:00:00:02:635] X-DFBnB: 35,500 , 19,792 (expansions , time[ms])
[00:00:00:02:635] BiX-DFBnB: 18,200 , 13,890 (expansions , time[ms])

