Tue 17 Mar 2026 19:55:34 IST

SLURM_JOBID:		 16028201
SLURM_JOB_NODELIST:	 ise-cpu256-32 

--------------------------
date: SM_Grids
number_of_graphs: 10
graph_type: grid
size_of_graphs: [6, 8]
heuristic: bcc_heuristic
snake: False
run_uni: True
run_bi: True
run_multi: False
solution_vertices: []
algorithms: ['DFBnB']
bsd: False
cube_first_dims: 4
cube_buffer_dim: None
backward_sym_generation: False
sym_coil: False
prefix_set: None

---------- SM_Grids/6x8_grid_with_random_blocks_20per_0 ----------
[00:00:00:00:017] Expansion 23: New longest path found with length 24: [0, 8, 16, 24, 25, 17, 18, 10, 2, 3, 11, 19, 20, 21, 13, 5, 6, 7, 15, 14, 22, 30, 31, 39, 47]
[00:00:00:00:047] Expansion 68: New longest path found with length 26: [0, 8, 16, 17, 25, 24, 32, 40, 41, 42, 34, 35, 27, 19, 20, 21, 13, 5, 6, 7, 15, 14, 22, 30, 31, 39, 47]
[00:00:00:00:071] Expansion 106: New longest path found with length 30: [0, 1, 2, 3, 11, 10, 18, 17, 16, 24, 32, 40, 41, 42, 34, 35, 27, 19, 20, 21, 13, 5, 6, 7, 15, 14, 22, 30, 31, 39, 47]
[00:00:00:00:098] Path of length 30 found: [0, 1, 2, 3, 11, 10, 18, 17, 16, 24, 32, 40, 41, 42, 34, 35, 27, 19, 20, 21, 13, 5, 6, 7, 15, 14, 22, 30, 31, 39, 47]
[00:00:00:00:099] ! Unidirectional s-t. expansions: 150, time: 99 [ms], path length: 30 [edges], generated: 234
[00:00:00:00:016] Expansion 29: New longest path found with length 30: [47, 39, 31, 30, 22, 23, 15, 7, 6, 5, 13, 21, 20, 19, 27, 35, 34, 42, 41, 40, 32, 24, 25, 17, 18, 10, 11, 3, 2, 1, 0]
[00:00:00:00:073] Path of length 30 found: [47, 39, 31, 30, 22, 23, 15, 7, 6, 5, 13, 21, 20, 19, 27, 35, 34, 42, 41, 40, 32, 24, 25, 17, 18, 10, 11, 3, 2, 1, 0]
[00:00:00:00:073] ! Unidirectional t-s. expansions: 130, time: 73 [ms], path length: 30 [edges], generated: 192
[00:00:00:00:010] Expansion 14:New longest path found with length 24: [0, 8, 16, 24, 32, 40, 41, 42, 34, 35, 27, 19, 20, 21, 13, 5, 6, 7, 15, 23, 22, 30, 31, 39, 47]
[00:00:00:00:021] Expansion 29:New longest path found with length 26: [0, 8, 16, 17, 25, 24, 32, 40, 41, 42, 34, 35, 27, 19, 20, 21, 13, 5, 6, 7, 15, 23, 22, 30, 31, 39, 47]
[00:00:00:00:034] Expansion 45:New longest path found with length 30: [0, 1, 2, 3, 11, 10, 18, 17, 16, 24, 32, 40, 41, 42, 34, 35, 27, 19, 20, 21, 13, 5, 6, 7, 15, 23, 22, 30, 31, 39, 47]
[00:00:00:00:048] Path of length 30 found: [0, 1, 2, 3, 11, 10, 18, 17, 16, 24, 32, 40, 41, 42, 34, 35, 27, 19, 20, 21, 13, 5, 6, 7, 15, 23, 22, 30, 31, 39, 47]
[00:00:00:00:411] ! Bidirectional. expansions: 60, time: 48 [ms], path length: 30 [edges], g_F: 15, g_B: 15, generated: {'F': 91, 'B': 98}, MM: 0, MMPER: -1.0%
[00:00:00:00:411] 
---------- SM_Grids/6x8_grid_with_random_blocks_20per_1 ----------
[00:00:00:00:021] Expansion 33: New longest path found with length 32: [0, 1, 2, 3, 11, 19, 27, 26, 25, 24, 32, 40, 41, 33, 34, 42, 43, 35, 36, 28, 20, 21, 13, 5, 6, 14, 15, 23, 31, 30, 38, 39, 47]
[00:00:00:00:028] Expansion 50: New longest path found with length 34: [0, 1, 2, 3, 11, 19, 27, 26, 25, 24, 32, 40, 41, 33, 34, 42, 43, 44, 45, 37, 36, 28, 20, 21, 13, 5, 6, 14, 15, 23, 31, 30, 38, 39, 47]
[00:00:00:00:119] Path of length 34 found: [0, 1, 2, 3, 11, 19, 27, 26, 25, 24, 32, 40, 41, 33, 34, 42, 43, 44, 45, 37, 36, 28, 20, 21, 13, 5, 6, 14, 15, 23, 31, 30, 38, 39, 47]
[00:00:00:00:120] ! Unidirectional s-t. expansions: 211, time: 120 [ms], path length: 34 [edges], generated: 318
[00:00:00:00:020] Expansion 29: New longest path found with length 30: [47, 39, 31, 23, 15, 7, 6, 5, 13, 21, 20, 19, 27, 28, 36, 37, 45, 44, 43, 35, 34, 42, 41, 40, 32, 24, 25, 17, 9, 1, 0]
[00:00:00:00:069] Expansion 111: New longest path found with length 32: [47, 39, 31, 23, 15, 7, 6, 5, 13, 21, 20, 28, 36, 37, 45, 44, 43, 35, 34, 42, 41, 40, 32, 24, 25, 26, 27, 19, 11, 3, 2, 1, 0]
[00:00:00:00:310] Expansion 445: New longest path found with length 34: [47, 39, 38, 30, 31, 23, 15, 7, 6, 5, 13, 21, 20, 28, 36, 37, 45, 44, 43, 35, 34, 42, 41, 40, 32, 24, 25, 26, 27, 19, 11, 3, 2, 1, 0]
[00:00:00:00:458] Path of length 34 found: [47, 39, 38, 30, 31, 23, 15, 7, 6, 5, 13, 21, 20, 28, 36, 37, 45, 44, 43, 35, 34, 42, 41, 40, 32, 24, 25, 26, 27, 19, 11, 3, 2, 1, 0]
[00:00:00:00:459] ! Unidirectional t-s. expansions: 675, time: 458 [ms], path length: 34 [edges], generated: 1,210
[00:00:00:00:015] Expansion 16:New longest path found with length 32: [0, 1, 2, 3, 11, 19, 27, 26, 25, 24, 32, 40, 41, 33, 34, 42, 43, 44, 45, 37, 36, 28, 20, 21, 13, 5, 6, 7, 15, 23, 31, 39, 47]
[00:00:00:00:067] Expansion 83:New longest path found with length 34: [0, 1, 2, 3, 11, 19, 27, 26, 25, 24, 32, 40, 41, 33, 34, 42, 43, 44, 45, 37, 36, 28, 20, 21, 13, 5, 6, 7, 15, 23, 31, 30, 38, 39, 47]
[00:00:00:00:112] Path of length 34 found: [0, 1, 2, 3, 11, 19, 27, 26, 25, 24, 32, 40, 41, 33, 34, 42, 43, 44, 45, 37, 36, 28, 20, 21, 13, 5, 6, 7, 15, 23, 31, 30, 38, 39, 47]
[00:00:00:00:445] ! Bidirectional. expansions: 141, time: 113 [ms], path length: 34 [edges], g_F: 17, g_B: 17, generated: {'F': 255, 'B': 239}, MM: 0, MMPER: -1.0%
[00:00:00:00:445] 
---------- SM_Grids/6x8_grid_with_random_blocks_20per_2 ----------
[00:00:00:00:022] Expansion 31: New longest path found with length 32: [0, 1, 2, 3, 11, 10, 9, 8, 16, 17, 25, 24, 32, 33, 34, 35, 43, 44, 36, 28, 29, 21, 13, 14, 6, 7, 15, 23, 31, 30, 38, 46, 47]
[00:00:00:00:077] Path of length 32 found: [0, 1, 2, 3, 11, 10, 9, 8, 16, 17, 25, 24, 32, 33, 34, 35, 43, 44, 36, 28, 29, 21, 13, 14, 6, 7, 15, 23, 31, 30, 38, 46, 47]
[00:00:00:00:077] ! Unidirectional s-t. expansions: 126, time: 77 [ms], path length: 32 [edges], generated: 204
[00:00:00:00:023] Expansion 31: New longest path found with length 32: [47, 46, 38, 39, 31, 23, 15, 7, 6, 14, 13, 21, 29, 28, 36, 44, 43, 35, 34, 26, 25, 33, 32, 24, 16, 17, 9, 10, 11, 3, 2, 1, 0]
[00:00:00:00:105] Path of length 32 found: [47, 46, 38, 39, 31, 23, 15, 7, 6, 14, 13, 21, 29, 28, 36, 44, 43, 35, 34, 26, 25, 33, 32, 24, 16, 17, 9, 10, 11, 3, 2, 1, 0]
[00:00:00:00:105] ! Unidirectional t-s. expansions: 149, time: 105 [ms], path length: 32 [edges], generated: 237
[00:00:00:00:014] Expansion 16:New longest path found with length 32: [0, 1, 2, 3, 11, 10, 9, 8, 16, 17, 25, 24, 32, 33, 34, 35, 43, 44, 36, 28, 29, 21, 13, 14, 6, 7, 15, 23, 31, 39, 38, 46, 47]
[00:00:00:00:069] Path of length 32 found: [0, 1, 2, 3, 11, 10, 9, 8, 16, 17, 25, 24, 32, 33, 34, 35, 43, 44, 36, 28, 29, 21, 13, 14, 6, 7, 15, 23, 31, 39, 38, 46, 47]
[00:00:00:00:408] ! Bidirectional. expansions: 85, time: 69 [ms], path length: 32 [edges], g_F: 16, g_B: 16, generated: {'F': 151, 'B': 121}, MM: 0, MMPER: -1.0%
[00:00:00:00:409] 
---------- SM_Grids/6x8_grid_with_random_blocks_20per_3 ----------
[00:00:00:00:021] Expansion 27: New longest path found with length 28: [0, 8, 16, 24, 32, 40, 41, 33, 34, 42, 43, 35, 27, 26, 18, 10, 11, 12, 13, 21, 22, 14, 6, 7, 15, 23, 31, 39, 47]
[00:00:00:00:023] Expansion 33: New longest path found with length 34: [0, 8, 16, 24, 32, 40, 41, 33, 34, 42, 43, 35, 27, 26, 18, 10, 11, 12, 13, 21, 22, 14, 6, 7, 15, 23, 31, 39, 38, 37, 36, 44, 45, 46, 47]
[00:00:00:00:052] Path of length 34 found: [0, 8, 16, 24, 32, 40, 41, 33, 34, 42, 43, 35, 27, 26, 18, 10, 11, 12, 13, 21, 22, 14, 6, 7, 15, 23, 31, 39, 38, 37, 36, 44, 45, 46, 47]
[00:00:00:00:052] ! Unidirectional s-t. expansions: 72, time: 52 [ms], path length: 34 [edges], generated: 115
[00:00:00:00:023] Expansion 33: New longest path found with length 34: [47, 39, 31, 23, 15, 7, 6, 14, 22, 21, 13, 12, 11, 10, 18, 26, 27, 35, 36, 37, 38, 46, 45, 44, 43, 42, 34, 33, 41, 40, 32, 24, 16, 8, 0]
[00:00:00:00:118] Path of length 34 found: [47, 39, 31, 23, 15, 7, 6, 14, 22, 21, 13, 12, 11, 10, 18, 26, 27, 35, 36, 37, 38, 46, 45, 44, 43, 42, 34, 33, 41, 40, 32, 24, 16, 8, 0]
[00:00:00:00:118] ! Unidirectional t-s. expansions: 145, time: 118 [ms], path length: 34 [edges], generated: 229
[00:00:00:00:014] Expansion 17:New longest path found with length 34: [0, 8, 16, 24, 32, 40, 41, 33, 34, 42, 43, 44, 45, 46, 38, 37, 36, 35, 27, 26, 18, 10, 11, 12, 13, 21, 22, 14, 6, 7, 15, 23, 31, 39, 47]
[00:00:00:00:052] Path of length 34 found: [0, 8, 16, 24, 32, 40, 41, 33, 34, 42, 43, 44, 45, 46, 38, 37, 36, 35, 27, 26, 18, 10, 11, 12, 13, 21, 22, 14, 6, 7, 15, 23, 31, 39, 47]
[00:00:00:00:397] ! Bidirectional. expansions: 55, time: 52 [ms], path length: 34 [edges], g_F: 17, g_B: 17, generated: {'F': 89, 'B': 93}, MM: 0, MMPER: -1.0%
[00:00:00:00:397] 
---------- SM_Grids/6x8_grid_with_random_blocks_20per_4 ----------
[00:00:00:00:024] Expansion 27: New longest path found with length 28: [0, 8, 16, 24, 32, 40, 41, 42, 34, 26, 25, 17, 9, 1, 2, 10, 11, 3, 4, 12, 20, 21, 22, 14, 15, 23, 31, 39, 47]
[00:00:00:00:026] Expansion 31: New longest path found with length 32: [0, 8, 16, 24, 32, 40, 41, 42, 34, 26, 25, 17, 9, 1, 2, 10, 11, 3, 4, 12, 20, 21, 22, 14, 15, 23, 31, 39, 38, 37, 45, 46, 47]
[00:00:00:00:153] Path of length 32 found: [0, 8, 16, 24, 32, 40, 41, 42, 34, 26, 25, 17, 9, 1, 2, 10, 11, 3, 4, 12, 20, 21, 22, 14, 15, 23, 31, 39, 38, 37, 45, 46, 47]
[00:00:00:00:153] ! Unidirectional s-t. expansions: 216, time: 153 [ms], path length: 32 [edges], generated: 363
[00:00:00:00:022] Expansion 31: New longest path found with length 32: [47, 46, 45, 37, 38, 39, 31, 23, 15, 14, 6, 5, 4, 12, 20, 19, 11, 3, 2, 10, 9, 17, 25, 26, 34, 42, 41, 33, 32, 24, 16, 8, 0]
[00:00:00:00:131] Path of length 32 found: [47, 46, 45, 37, 38, 39, 31, 23, 15, 14, 6, 5, 4, 12, 20, 19, 11, 3, 2, 10, 9, 17, 25, 26, 34, 42, 41, 33, 32, 24, 16, 8, 0]
[00:00:00:00:131] ! Unidirectional t-s. expansions: 133, time: 131 [ms], path length: 32 [edges], generated: 238
[00:00:00:00:014] Expansion 16:New longest path found with length 32: [0, 8, 16, 24, 32, 40, 41, 42, 34, 26, 25, 17, 9, 1, 2, 10, 11, 19, 20, 12, 4, 5, 6, 14, 15, 23, 31, 39, 38, 37, 45, 46, 47]
[00:00:00:00:073] Path of length 32 found: [0, 8, 16, 24, 32, 40, 41, 42, 34, 26, 25, 17, 9, 1, 2, 10, 11, 19, 20, 12, 4, 5, 6, 14, 15, 23, 31, 39, 38, 37, 45, 46, 47]
[00:00:00:00:399] ! Bidirectional. expansions: 104, time: 73 [ms], path length: 32 [edges], g_F: 16, g_B: 16, generated: {'F': 159, 'B': 179}, MM: 0, MMPER: -1.0%
[00:00:00:00:399] 
---------- SM_Grids/6x8_grid_with_random_blocks_20per_5 ----------
[00:00:00:00:021] Expansion 25: New longest path found with length 26: [0, 8, 16, 24, 25, 17, 9, 1, 2, 10, 11, 3, 4, 12, 20, 19, 18, 26, 27, 35, 43, 44, 45, 37, 38, 46, 47]
[00:00:00:00:039] Expansion 50: New longest path found with length 28: [0, 8, 16, 17, 9, 1, 2, 10, 11, 3, 4, 12, 20, 19, 18, 26, 25, 24, 32, 40, 41, 42, 43, 44, 45, 37, 38, 46, 47]
[00:00:00:00:229] Path of length 28 found: [0, 8, 16, 17, 9, 1, 2, 10, 11, 3, 4, 12, 20, 19, 18, 26, 25, 24, 32, 40, 41, 42, 43, 44, 45, 37, 38, 46, 47]
[00:00:00:00:229] ! Unidirectional s-t. expansions: 263, time: 229 [ms], path length: 28 [edges], generated: 487
[00:00:00:00:011] Expansion 13: New longest path found with length 14: [47, 46, 38, 37, 45, 44, 43, 42, 41, 40, 32, 24, 16, 8, 0]
[00:00:00:00:021] Expansion 27: New longest path found with length 28: [47, 46, 38, 37, 45, 44, 43, 42, 41, 40, 32, 24, 16, 8, 9, 17, 25, 26, 27, 19, 18, 10, 11, 12, 4, 3, 2, 1, 0]
[00:00:00:00:049] Path of length 28 found: [47, 46, 38, 37, 45, 44, 43, 42, 41, 40, 32, 24, 16, 8, 9, 17, 25, 26, 27, 19, 18, 10, 11, 12, 4, 3, 2, 1, 0]
[00:00:00:00:049] ! Unidirectional t-s. expansions: 63, time: 49 [ms], path length: 28 [edges], generated: 115
[00:00:00:00:013] Expansion 16:New longest path found with length 26: [0, 8, 16, 24, 25, 17, 9, 1, 2, 10, 11, 3, 4, 12, 20, 19, 18, 26, 27, 35, 43, 44, 45, 37, 38, 46, 47]
[00:00:00:00:023] Expansion 29:New longest path found with length 28: [0, 8, 16, 17, 9, 1, 2, 10, 11, 3, 4, 12, 20, 19, 27, 26, 25, 24, 32, 40, 41, 42, 43, 44, 45, 37, 38, 46, 47]
[00:00:00:00:101] Path of length 28 found: [0, 8, 16, 17, 9, 1, 2, 10, 11, 3, 4, 12, 20, 19, 27, 26, 25, 24, 32, 40, 41, 42, 43, 44, 45, 37, 38, 46, 47]
[00:00:00:00:430] ! Bidirectional. expansions: 111, time: 101 [ms], path length: 28 [edges], g_F: 14, g_B: 14, generated: {'F': 219, 'B': 151}, MM: 0, MMPER: -1.0%
[00:00:00:00:430] 
---------- SM_Grids/6x8_grid_with_random_blocks_20per_6 ----------
[00:00:00:00:022] Expansion 27: New longest path found with length 28: [0, 8, 16, 24, 32, 40, 41, 33, 25, 17, 18, 10, 2, 3, 11, 12, 20, 19, 27, 35, 43, 44, 36, 28, 29, 37, 38, 39, 47]
[00:00:00:00:071] Path of length 28 found: [0, 8, 16, 24, 32, 40, 41, 33, 25, 17, 18, 10, 2, 3, 11, 12, 20, 19, 27, 35, 43, 44, 36, 28, 29, 37, 38, 39, 47]
[00:00:00:00:071] ! Unidirectional s-t. expansions: 79, time: 71 [ms], path length: 28 [edges], generated: 141
[00:00:00:00:020] Expansion 27: New longest path found with length 28: [47, 39, 38, 37, 29, 28, 36, 44, 43, 35, 27, 19, 20, 12, 11, 3, 2, 10, 18, 17, 25, 33, 41, 40, 32, 24, 16, 8, 0]
[00:00:00:00:076] Path of length 28 found: [47, 39, 38, 37, 29, 28, 36, 44, 43, 35, 27, 19, 20, 12, 11, 3, 2, 10, 18, 17, 25, 33, 41, 40, 32, 24, 16, 8, 0]
[00:00:00:00:077] ! Unidirectional t-s. expansions: 95, time: 76 [ms], path length: 28 [edges], generated: 158
[00:00:00:00:014] Expansion 15:New longest path found with length 28: [0, 8, 16, 24, 32, 40, 41, 33, 25, 17, 18, 10, 2, 3, 11, 12, 20, 19, 27, 35, 43, 44, 36, 28, 29, 37, 38, 39, 47]
[00:00:00:00:033] Path of length 28 found: [0, 8, 16, 24, 32, 40, 41, 33, 25, 17, 18, 10, 2, 3, 11, 12, 20, 19, 27, 35, 43, 44, 36, 28, 29, 37, 38, 39, 47]
[00:00:00:00:374] ! Bidirectional. expansions: 30, time: 33 [ms], path length: 28 [edges], g_F: 14, g_B: 14, generated: {'F': 50, 'B': 55}, MM: 0, MMPER: -1.0%
[00:00:00:00:374] 
---------- SM_Grids/6x8_grid_with_random_blocks_20per_7 ----------
[00:00:00:00:024] Expansion 27: New longest path found with length 28: [0, 8, 16, 17, 25, 33, 41, 42, 34, 26, 18, 10, 9, 1, 2, 3, 4, 5, 6, 14, 13, 12, 20, 28, 36, 37, 45, 46, 47]
[00:00:00:00:025] Expansion 31: New longest path found with length 32: [0, 8, 16, 17, 25, 33, 41, 42, 34, 26, 18, 10, 9, 1, 2, 3, 4, 5, 6, 14, 13, 12, 20, 28, 36, 37, 45, 46, 38, 30, 31, 39, 47]
[00:00:00:00:046] Path of length 32 found: [0, 8, 16, 17, 25, 33, 41, 42, 34, 26, 18, 10, 9, 1, 2, 3, 4, 5, 6, 14, 13, 12, 20, 28, 36, 37, 45, 46, 38, 30, 31, 39, 47]
[00:00:00:00:046] ! Unidirectional s-t. expansions: 54, time: 46 [ms], path length: 32 [edges], generated: 90
[00:00:00:00:016] Expansion 19: New longest path found with length 20: [47, 39, 31, 30, 38, 46, 45, 37, 36, 28, 20, 21, 13, 14, 6, 5, 4, 3, 2, 1, 0]
[00:00:00:00:022] Expansion 31: New longest path found with length 32: [47, 39, 31, 30, 38, 46, 45, 37, 36, 28, 20, 21, 13, 14, 6, 5, 4, 3, 2, 1, 9, 10, 18, 26, 34, 42, 41, 33, 25, 17, 16, 8, 0]
[00:00:00:00:023] Path of length 32 found: [47, 39, 31, 30, 38, 46, 45, 37, 36, 28, 20, 21, 13, 14, 6, 5, 4, 3, 2, 1, 9, 10, 18, 26, 34, 42, 41, 33, 25, 17, 16, 8, 0]
[00:00:00:00:023] ! Unidirectional t-s. expansions: 32, time: 23 [ms], path length: 32 [edges], generated: 52
[00:00:00:00:014] Expansion 16:New longest path found with length 32: [0, 8, 16, 17, 25, 33, 41, 42, 34, 26, 18, 10, 9, 1, 2, 3, 4, 5, 6, 14, 13, 21, 20, 28, 36, 37, 45, 46, 38, 30, 31, 39, 47]
[00:00:00:00:030] Path of length 32 found: [0, 8, 16, 17, 25, 33, 41, 42, 34, 26, 18, 10, 9, 1, 2, 3, 4, 5, 6, 14, 13, 21, 20, 28, 36, 37, 45, 46, 38, 30, 31, 39, 47]
[00:00:00:00:376] ! Bidirectional. expansions: 30, time: 30 [ms], path length: 32 [edges], g_F: 16, g_B: 16, generated: {'F': 52, 'B': 48}, MM: 0, MMPER: -1.0%
[00:00:00:00:376] 
---------- SM_Grids/6x8_grid_with_random_blocks_20per_8 ----------
[00:00:00:00:026] Expansion 33: New longest path found with length 34: [0, 1, 9, 8, 16, 17, 25, 33, 34, 26, 27, 19, 11, 12, 20, 28, 36, 35, 43, 44, 45, 37, 29, 21, 13, 5, 6, 14, 22, 23, 31, 30, 38, 39, 47]
[00:00:00:00:027] Path of length 34 found: [0, 1, 9, 8, 16, 17, 25, 33, 34, 26, 27, 19, 11, 12, 20, 28, 36, 35, 43, 44, 45, 37, 29, 21, 13, 5, 6, 14, 22, 23, 31, 30, 38, 39, 47]
[00:00:00:00:027] ! Unidirectional s-t. expansions: 34, time: 27 [ms], path length: 34 [edges], generated: 56
[00:00:00:00:024] Expansion 29: New longest path found with length 30: [47, 39, 31, 23, 22, 14, 6, 5, 13, 12, 11, 19, 27, 28, 20, 21, 29, 30, 38, 37, 45, 44, 36, 35, 34, 26, 25, 17, 16, 8, 0]
[00:00:00:00:024] Expansion 31: New longest path found with length 32: [47, 39, 31, 23, 22, 14, 6, 5, 13, 12, 11, 19, 27, 28, 20, 21, 29, 30, 38, 37, 45, 44, 36, 35, 34, 26, 25, 17, 16, 8, 9, 1, 0]
[00:00:00:00:041] Expansion 61: New longest path found with length 34: [47, 39, 31, 23, 22, 14, 6, 5, 13, 12, 11, 19, 20, 21, 29, 30, 38, 37, 45, 44, 43, 35, 36, 28, 27, 26, 34, 33, 25, 17, 16, 8, 9, 1, 0]
[00:00:00:00:205] Path of length 34 found: [47, 39, 31, 23, 22, 14, 6, 5, 13, 12, 11, 19, 20, 21, 29, 30, 38, 37, 45, 44, 43, 35, 36, 28, 27, 26, 34, 33, 25, 17, 16, 8, 9, 1, 0]
[00:00:00:00:205] ! Unidirectional t-s. expansions: 201, time: 205 [ms], path length: 34 [edges], generated: 339
[00:00:00:00:015] Expansion 17:New longest path found with length 32: [0, 1, 9, 8, 16, 17, 25, 33, 34, 26, 27, 35, 43, 44, 45, 37, 36, 28, 29, 21, 20, 19, 11, 12, 13, 5, 6, 14, 22, 23, 31, 39, 47]
[00:00:00:00:020] Expansion 26:New longest path found with length 34: [0, 1, 9, 8, 16, 17, 25, 33, 34, 26, 27, 28, 36, 35, 43, 44, 45, 37, 38, 30, 29, 21, 20, 19, 11, 12, 13, 5, 6, 14, 22, 23, 31, 39, 47]
[00:00:00:00:023] Path of length 34 found: [0, 1, 9, 8, 16, 17, 25, 33, 34, 26, 27, 28, 36, 35, 43, 44, 45, 37, 38, 30, 29, 21, 20, 19, 11, 12, 13, 5, 6, 14, 22, 23, 31, 39, 47]
[00:00:00:00:354] ! Bidirectional. expansions: 27, time: 23 [ms], path length: 34 [edges], g_F: 17, g_B: 17, generated: {'F': 51, 'B': 52}, MM: 0, MMPER: -1.0%
[00:00:00:00:354] 
---------- SM_Grids/6x8_grid_with_random_blocks_20per_9 ----------
[00:00:00:00:019] Expansion 23: New longest path found with length 24: [0, 1, 9, 10, 2, 3, 11, 19, 20, 28, 27, 26, 34, 33, 32, 40, 41, 42, 43, 35, 36, 37, 45, 46, 47]
[00:00:00:00:020] Expansion 25: New longest path found with length 26: [0, 1, 9, 10, 2, 3, 11, 19, 20, 28, 27, 26, 34, 33, 32, 40, 41, 42, 43, 35, 36, 37, 45, 46, 38, 39, 47]
[00:00:00:00:040] Expansion 58: New longest path found with length 28: [0, 1, 2, 3, 11, 10, 9, 17, 16, 24, 32, 40, 41, 33, 34, 42, 43, 35, 27, 19, 20, 28, 36, 37, 45, 46, 38, 39, 47]
[00:00:00:00:058] Path of length 28 found: [0, 1, 2, 3, 11, 10, 9, 17, 16, 24, 32, 40, 41, 33, 34, 42, 43, 35, 27, 19, 20, 28, 36, 37, 45, 46, 38, 39, 47]
[00:00:00:00:058] ! Unidirectional s-t. expansions: 87, time: 58 [ms], path length: 28 [edges], generated: 140
[00:00:00:00:019] Expansion 27: New longest path found with length 28: [47, 39, 38, 46, 45, 37, 29, 28, 20, 19, 27, 26, 34, 35, 43, 42, 41, 33, 32, 24, 16, 17, 9, 10, 11, 3, 2, 1, 0]
[00:00:00:00:041] Path of length 28 found: [47, 39, 38, 46, 45, 37, 29, 28, 20, 19, 27, 26, 34, 35, 43, 42, 41, 33, 32, 24, 16, 17, 9, 10, 11, 3, 2, 1, 0]
[00:00:00:00:041] ! Unidirectional t-s. expansions: 55, time: 41 [ms], path length: 28 [edges], generated: 92
[00:00:00:00:013] Expansion 14:New longest path found with length 26: [0, 1, 9, 10, 2, 3, 11, 19, 27, 26, 34, 33, 32, 40, 41, 42, 43, 35, 36, 28, 29, 37, 45, 46, 38, 39, 47]
[00:00:00:00:024] Expansion 27:New longest path found with length 28: [0, 1, 2, 3, 11, 10, 9, 17, 16, 24, 32, 40, 41, 42, 43, 35, 34, 26, 27, 19, 20, 28, 29, 37, 45, 46, 38, 39, 47]
[00:00:00:00:033] Path of length 28 found: [0, 1, 2, 3, 11, 10, 9, 17, 16, 24, 32, 40, 41, 42, 43, 35, 34, 26, 27, 19, 20, 28, 29, 37, 45, 46, 38, 39, 47]
[00:00:00:00:369] ! Bidirectional. expansions: 36, time: 33 [ms], path length: 28 [edges], g_F: 14, g_B: 14, generated: {'F': 57, 'B': 62}, MM: 0, MMPER: -1.0%

[00:00:00:00:369] average expansions: (129, 168, 68, 0)
[00:00:00:00:370] average time: (93, 128, 58, 0)
[00:00:00:00:370] X-DFBnB: 129 , 93 (expansions , time[ms])
[00:00:00:00:370] BiX-DFBnB: 68 , 58 (expansions , time[ms])

