Tue 17 Mar 2026 19:55:34 IST

SLURM_JOBID:		 16028200
SLURM_JOB_NODELIST:	 ise-cpu256-32 

--------------------------
date: SM_Grids
number_of_graphs: 10
graph_type: grid
size_of_graphs: [6, 8]
heuristic: bcc_heuristic
snake: False
run_uni: True
run_bi: True
run_multi: False
solution_vertices: []
algorithms: ['DFBnB']
bsd: False
cube_first_dims: 4
cube_buffer_dim: None
backward_sym_generation: False
sym_coil: False
prefix_set: None

---------- SM_Grids/6x8_grid_with_random_blocks_16per_0 ----------
[00:00:00:00:024] Expansion 33: New longest path found with length 34: [0, 8, 16, 24, 25, 17, 9, 1, 2, 10, 18, 26, 34, 42, 43, 35, 36, 28, 20, 19, 11, 3, 4, 5, 6, 14, 15, 23, 31, 30, 38, 37, 45, 46, 47]
[00:00:00:05:910] Path of length 34 found: [0, 8, 16, 24, 25, 17, 9, 1, 2, 10, 18, 26, 34, 42, 43, 35, 36, 28, 20, 19, 11, 3, 4, 5, 6, 14, 15, 23, 31, 30, 38, 37, 45, 46, 47]
[00:00:00:05:910] ! Unidirectional s-t. expansions: 10,288, time: 5,910 [ms], path length: 34 [edges], generated: 16,623
[00:00:00:00:012] Expansion 11: New longest path found with length 12: [47, 39, 31, 23, 15, 7, 6, 5, 4, 3, 2, 1, 0]
[00:00:00:00:026] Expansion 33: New longest path found with length 34: [47, 39, 31, 23, 15, 7, 6, 5, 4, 3, 2, 1, 9, 17, 18, 10, 11, 19, 20, 28, 36, 37, 38, 46, 45, 44, 43, 35, 34, 26, 25, 24, 16, 8, 0]
[00:00:00:03:340] Path of length 34 found: [47, 39, 31, 23, 15, 7, 6, 5, 4, 3, 2, 1, 9, 17, 18, 10, 11, 19, 20, 28, 36, 37, 38, 46, 45, 44, 43, 35, 34, 26, 25, 24, 16, 8, 0]
[00:00:00:03:340] ! Unidirectional t-s. expansions: 5,386, time: 3,340 [ms], path length: 34 [edges], generated: 9,086
[00:00:00:00:017] Expansion 18:New longest path found with length 34: [0, 8, 16, 24, 25, 17, 9, 1, 2, 10, 18, 26, 34, 42, 43, 44, 45, 46, 38, 37, 36, 28, 20, 19, 11, 3, 4, 5, 6, 7, 15, 23, 31, 39, 47]
[00:00:00:03:755] Path of length 34 found: [0, 8, 16, 24, 25, 17, 9, 1, 2, 10, 18, 26, 34, 42, 43, 44, 45, 46, 38, 37, 36, 28, 20, 19, 11, 3, 4, 5, 6, 7, 15, 23, 31, 39, 47]
[00:00:00:04:145] ! Bidirectional. expansions: 5,262, time: 3,755 [ms], path length: 34 [edges], g_F: 17, g_B: 17, generated: {'F': 9,167, 'B': 9,412}, MM: 0, MMPER: -1.0%
[00:00:00:04:145] 
---------- SM_Grids/6x8_grid_with_random_blocks_16per_1 ----------
[00:00:00:00:022] Expansion 25: New longest path found with length 26: [0, 8, 9, 1, 2, 10, 18, 17, 25, 26, 27, 19, 11, 3, 4, 5, 13, 12, 20, 28, 36, 35, 43, 44, 45, 46, 47]
[00:00:00:00:023] Expansion 27: New longest path found with length 28: [0, 8, 9, 1, 2, 10, 18, 17, 25, 26, 27, 19, 11, 3, 4, 5, 13, 12, 20, 28, 36, 35, 43, 44, 45, 46, 38, 39, 47]
[00:00:00:00:029] Expansion 42: New longest path found with length 30: [0, 8, 9, 1, 2, 10, 18, 17, 25, 26, 27, 19, 11, 3, 4, 5, 13, 12, 20, 21, 29, 28, 36, 35, 43, 44, 45, 46, 38, 39, 47]
[00:00:00:00:060] Expansion 92: New longest path found with length 32: [0, 8, 9, 1, 2, 10, 18, 17, 25, 26, 27, 19, 20, 12, 11, 3, 4, 5, 13, 14, 22, 21, 29, 28, 36, 35, 43, 44, 45, 46, 38, 39, 47]
[00:00:00:00:439] Path of length 32 found: [0, 8, 9, 1, 2, 10, 18, 17, 25, 26, 27, 19, 20, 12, 11, 3, 4, 5, 13, 14, 22, 21, 29, 28, 36, 35, 43, 44, 45, 46, 38, 39, 47]
[00:00:00:00:440] ! Unidirectional s-t. expansions: 524, time: 439 [ms], path length: 32 [edges], generated: 994
[00:00:00:00:024] Expansion 29: New longest path found with length 30: [47, 39, 38, 46, 45, 44, 43, 35, 36, 28, 29, 21, 22, 14, 13, 5, 4, 3, 2, 10, 11, 12, 20, 19, 27, 26, 18, 17, 9, 1, 0]
[00:00:00:00:034] Expansion 51: New longest path found with length 32: [47, 39, 38, 46, 45, 44, 43, 35, 36, 28, 29, 21, 22, 14, 13, 5, 4, 3, 11, 12, 20, 19, 27, 26, 25, 17, 18, 10, 2, 1, 9, 8, 0]
[00:00:00:00:117] Path of length 32 found: [47, 39, 38, 46, 45, 44, 43, 35, 36, 28, 29, 21, 22, 14, 13, 5, 4, 3, 11, 12, 20, 19, 27, 26, 25, 17, 18, 10, 2, 1, 9, 8, 0]
[00:00:00:00:118] ! Unidirectional t-s. expansions: 171, time: 117 [ms], path length: 32 [edges], generated: 305
[00:00:00:00:016] Expansion 16:New longest path found with length 32: [0, 8, 9, 1, 2, 10, 18, 17, 25, 26, 27, 19, 20, 12, 11, 3, 4, 5, 13, 14, 22, 21, 29, 28, 36, 35, 43, 44, 45, 46, 38, 39, 47]
[00:00:00:00:049] Path of length 32 found: [0, 8, 9, 1, 2, 10, 18, 17, 25, 26, 27, 19, 20, 12, 11, 3, 4, 5, 13, 14, 22, 21, 29, 28, 36, 35, 43, 44, 45, 46, 38, 39, 47]
[00:00:00:00:379] ! Bidirectional. expansions: 42, time: 49 [ms], path length: 32 [edges], g_F: 16, g_B: 16, generated: {'F': 85, 'B': 74}, MM: 0, MMPER: -1.0%
[00:00:00:00:379] 
---------- SM_Grids/6x8_grid_with_random_blocks_16per_2 ----------
[00:00:00:00:023] Expansion 27: New longest path found with length 28: [0, 8, 16, 24, 32, 40, 41, 33, 25, 17, 9, 1, 2, 3, 11, 19, 20, 12, 13, 21, 22, 14, 6, 7, 15, 23, 31, 39, 47]
[00:00:00:00:026] Expansion 35: New longest path found with length 36: [0, 8, 16, 24, 32, 40, 41, 33, 25, 17, 9, 1, 2, 3, 11, 19, 20, 12, 13, 21, 22, 14, 6, 7, 15, 23, 31, 39, 38, 37, 36, 35, 43, 44, 45, 46, 47]
[00:00:00:00:040] Expansion 60: New longest path found with length 38: [0, 8, 16, 24, 32, 40, 41, 33, 25, 17, 9, 1, 2, 3, 11, 12, 13, 14, 6, 7, 15, 23, 22, 21, 20, 19, 18, 26, 34, 35, 43, 44, 36, 37, 45, 46, 38, 39, 47]
[00:00:00:00:212] Path of length 38 found: [0, 8, 16, 24, 32, 40, 41, 33, 25, 17, 9, 1, 2, 3, 11, 12, 13, 14, 6, 7, 15, 23, 22, 21, 20, 19, 18, 26, 34, 35, 43, 44, 36, 37, 45, 46, 38, 39, 47]
[00:00:00:00:212] ! Unidirectional s-t. expansions: 276, time: 212 [ms], path length: 38 [edges], generated: 451
[00:00:00:00:022] Expansion 25: New longest path found with length 26: [47, 39, 38, 46, 45, 37, 36, 44, 43, 35, 27, 19, 20, 21, 22, 23, 15, 7, 6, 14, 13, 12, 11, 3, 2, 1, 0]
[00:00:00:00:027] Expansion 37: New longest path found with length 38: [47, 39, 38, 46, 45, 37, 36, 44, 43, 35, 27, 19, 20, 21, 22, 23, 15, 7, 6, 14, 13, 12, 11, 3, 2, 1, 9, 17, 18, 26, 34, 33, 41, 40, 32, 24, 16, 8, 0]
[00:00:00:00:128] Path of length 38 found: [47, 39, 38, 46, 45, 37, 36, 44, 43, 35, 27, 19, 20, 21, 22, 23, 15, 7, 6, 14, 13, 12, 11, 3, 2, 1, 9, 17, 18, 26, 34, 33, 41, 40, 32, 24, 16, 8, 0]
[00:00:00:00:128] ! Unidirectional t-s. expansions: 173, time: 128 [ms], path length: 38 [edges], generated: 296
[00:00:00:00:017] Expansion 19:New longest path found with length 38: [0, 8, 16, 24, 32, 40, 41, 33, 25, 17, 9, 1, 2, 3, 11, 12, 13, 14, 6, 7, 15, 23, 22, 21, 20, 19, 18, 26, 34, 35, 43, 44, 36, 37, 45, 46, 38, 39, 47]
[00:00:00:00:145] Path of length 38 found: [0, 8, 16, 24, 32, 40, 41, 33, 25, 17, 9, 1, 2, 3, 11, 12, 13, 14, 6, 7, 15, 23, 22, 21, 20, 19, 18, 26, 34, 35, 43, 44, 36, 37, 45, 46, 38, 39, 47]
[00:00:00:00:503] ! Bidirectional. expansions: 167, time: 145 [ms], path length: 38 [edges], g_F: 19, g_B: 19, generated: {'F': 274, 'B': 285}, MM: 0, MMPER: -1.0%
[00:00:00:00:504] 
---------- SM_Grids/6x8_grid_with_random_blocks_16per_3 ----------
[00:00:00:00:022] Expansion 25: New longest path found with length 26: [0, 8, 16, 24, 32, 40, 41, 42, 34, 33, 25, 17, 9, 1, 2, 3, 11, 19, 27, 35, 36, 28, 29, 37, 45, 46, 47]
[00:00:00:00:028] Expansion 39: New longest path found with length 40: [0, 8, 16, 24, 32, 40, 41, 42, 34, 33, 25, 17, 9, 1, 2, 3, 11, 19, 27, 35, 36, 28, 29, 37, 45, 46, 38, 30, 22, 14, 13, 12, 4, 5, 6, 7, 15, 23, 31, 39, 47]
[00:00:00:00:029] Path of length 40 found: [0, 8, 16, 24, 32, 40, 41, 42, 34, 33, 25, 17, 9, 1, 2, 3, 11, 19, 27, 35, 36, 28, 29, 37, 45, 46, 38, 30, 22, 14, 13, 12, 4, 5, 6, 7, 15, 23, 31, 39, 47]
[00:00:00:00:029] ! Unidirectional s-t. expansions: 40, time: 29 [ms], path length: 40 [edges], generated: 60
[00:00:00:00:027] Expansion 35: New longest path found with length 36: [47, 39, 31, 23, 15, 7, 6, 5, 4, 3, 11, 12, 13, 14, 22, 30, 38, 46, 45, 37, 29, 28, 27, 35, 34, 42, 41, 40, 32, 33, 25, 24, 16, 17, 9, 1, 0]
[00:00:00:00:058] Expansion 94: New longest path found with length 40: [47, 39, 31, 23, 15, 7, 6, 5, 4, 12, 13, 14, 22, 30, 38, 46, 45, 37, 29, 28, 36, 35, 27, 19, 11, 3, 2, 1, 9, 17, 25, 33, 34, 42, 41, 40, 32, 24, 16, 8, 0]
[00:00:00:00:059] Path of length 40 found: [47, 39, 31, 23, 15, 7, 6, 5, 4, 12, 13, 14, 22, 30, 38, 46, 45, 37, 29, 28, 36, 35, 27, 19, 11, 3, 2, 1, 9, 17, 25, 33, 34, 42, 41, 40, 32, 24, 16, 8, 0]
[00:00:00:00:059] ! Unidirectional t-s. expansions: 95, time: 59 [ms], path length: 40 [edges], generated: 146
[00:00:00:00:018] Expansion 20:New longest path found with length 40: [0, 8, 16, 24, 32, 40, 41, 42, 34, 33, 25, 17, 9, 1, 2, 3, 11, 19, 27, 35, 36, 28, 29, 37, 45, 46, 38, 30, 22, 14, 13, 12, 4, 5, 6, 7, 15, 23, 31, 39, 47]
[00:00:00:00:019] Path of length 40 found: [0, 8, 16, 24, 32, 40, 41, 42, 34, 33, 25, 17, 9, 1, 2, 3, 11, 19, 27, 35, 36, 28, 29, 37, 45, 46, 38, 30, 22, 14, 13, 12, 4, 5, 6, 7, 15, 23, 31, 39, 47]
[00:00:00:00:351] ! Bidirectional. expansions: 20, time: 19 [ms], path length: 40 [edges], g_F: 20, g_B: 20, generated: {'F': 30, 'B': 33}, MM: 0, MMPER: -1.0%
[00:00:00:00:351] 
---------- SM_Grids/6x8_grid_with_random_blocks_16per_4 ----------
[00:00:00:00:027] Expansion 33: New longest path found with length 34: [0, 8, 16, 24, 25, 17, 9, 1, 2, 3, 11, 10, 18, 26, 27, 19, 20, 12, 13, 5, 6, 7, 15, 14, 22, 21, 29, 28, 36, 35, 43, 44, 45, 46, 47]
[00:00:00:00:756] Path of length 34 found: [0, 8, 16, 24, 25, 17, 9, 1, 2, 3, 11, 10, 18, 26, 27, 19, 20, 12, 13, 5, 6, 7, 15, 14, 22, 21, 29, 28, 36, 35, 43, 44, 45, 46, 47]
[00:00:00:00:756] ! Unidirectional s-t. expansions: 878, time: 756 [ms], path length: 34 [edges], generated: 1,637
[00:00:00:00:021] Expansion 23: New longest path found with length 24: [47, 46, 45, 44, 43, 35, 36, 28, 20, 21, 29, 30, 22, 23, 15, 7, 6, 5, 13, 12, 11, 3, 2, 1, 0]
[00:00:00:00:026] Expansion 33: New longest path found with length 34: [47, 46, 45, 44, 43, 35, 36, 28, 20, 21, 29, 30, 22, 23, 15, 7, 6, 5, 13, 12, 11, 3, 2, 1, 9, 10, 18, 19, 27, 26, 25, 17, 16, 8, 0]
[00:00:00:00:443] Path of length 34 found: [47, 46, 45, 44, 43, 35, 36, 28, 20, 21, 29, 30, 22, 23, 15, 7, 6, 5, 13, 12, 11, 3, 2, 1, 9, 10, 18, 19, 27, 26, 25, 17, 16, 8, 0]
[00:00:00:00:443] ! Unidirectional t-s. expansions: 644, time: 443 [ms], path length: 34 [edges], generated: 1,147
[00:00:00:00:017] Expansion 19:New longest path found with length 34: [0, 8, 16, 24, 25, 17, 9, 1, 2, 10, 18, 26, 27, 19, 11, 12, 13, 5, 6, 7, 15, 23, 22, 30, 29, 21, 20, 28, 36, 35, 43, 44, 45, 46, 47]
[00:00:00:00:543] Path of length 34 found: [0, 8, 16, 24, 25, 17, 9, 1, 2, 10, 18, 26, 27, 19, 11, 12, 13, 5, 6, 7, 15, 23, 22, 30, 29, 21, 20, 28, 36, 35, 43, 44, 45, 46, 47]
[00:00:00:00:873] ! Bidirectional. expansions: 753, time: 543 [ms], path length: 34 [edges], g_F: 17, g_B: 17, generated: {'F': 1,410, 'B': 1,371}, MM: 0, MMPER: -1.0%
[00:00:00:00:874] 
---------- SM_Grids/6x8_grid_with_random_blocks_16per_5 ----------
[00:00:00:00:027] Expansion 35: New longest path found with length 36: [0, 1, 2, 10, 11, 19, 27, 26, 25, 17, 16, 24, 32, 40, 41, 33, 34, 42, 43, 35, 36, 44, 45, 37, 29, 21, 13, 5, 6, 14, 15, 23, 22, 30, 31, 39, 47]
[00:00:00:00:027] Expansion 37: New longest path found with length 38: [0, 1, 2, 10, 11, 19, 27, 26, 25, 17, 16, 24, 32, 40, 41, 33, 34, 42, 43, 35, 36, 44, 45, 37, 29, 21, 13, 5, 6, 14, 15, 23, 22, 30, 31, 39, 38, 46, 47]
[00:00:00:00:028] Path of length 38 found: [0, 1, 2, 10, 11, 19, 27, 26, 25, 17, 16, 24, 32, 40, 41, 33, 34, 42, 43, 35, 36, 44, 45, 37, 29, 21, 13, 5, 6, 14, 15, 23, 22, 30, 31, 39, 38, 46, 47]
[00:00:00:00:029] ! Unidirectional s-t. expansions: 38, time: 28 [ms], path length: 38 [edges], generated: 60
[00:00:00:00:026] Expansion 35: New longest path found with length 36: [47, 39, 31, 23, 15, 14, 6, 5, 13, 12, 11, 19, 27, 26, 25, 33, 34, 35, 36, 37, 29, 21, 22, 30, 38, 46, 45, 44, 43, 42, 41, 40, 32, 24, 16, 8, 0]
[00:00:00:00:067] Expansion 107: New longest path found with length 38: [47, 39, 31, 23, 15, 14, 6, 5, 13, 21, 22, 30, 29, 37, 38, 46, 45, 44, 36, 35, 43, 42, 34, 33, 41, 40, 32, 24, 16, 17, 25, 26, 27, 19, 11, 10, 2, 1, 0]
[00:00:00:00:636] Path of length 38 found: [47, 39, 31, 23, 15, 14, 6, 5, 13, 21, 22, 30, 29, 37, 38, 46, 45, 44, 36, 35, 43, 42, 34, 33, 41, 40, 32, 24, 16, 17, 25, 26, 27, 19, 11, 10, 2, 1, 0]
[00:00:00:00:636] ! Unidirectional t-s. expansions: 799, time: 636 [ms], path length: 38 [edges], generated: 1,338
[00:00:00:00:017] Expansion 19:New longest path found with length 38: [0, 1, 2, 10, 11, 19, 27, 26, 25, 17, 16, 24, 32, 40, 41, 33, 34, 42, 43, 35, 36, 44, 45, 46, 38, 37, 29, 30, 22, 21, 13, 5, 6, 14, 15, 23, 31, 39, 47]
[00:00:00:00:040] Path of length 38 found: [0, 1, 2, 10, 11, 19, 27, 26, 25, 17, 16, 24, 32, 40, 41, 33, 34, 42, 43, 35, 36, 44, 45, 46, 38, 37, 29, 30, 22, 21, 13, 5, 6, 14, 15, 23, 31, 39, 47]
[00:00:00:00:401] ! Bidirectional. expansions: 35, time: 40 [ms], path length: 38 [edges], g_F: 19, g_B: 19, generated: {'F': 53, 'B': 66}, MM: 0, MMPER: -1.0%
[00:00:00:00:401] 
---------- SM_Grids/6x8_grid_with_random_blocks_16per_6 ----------
[00:00:00:00:027] Expansion 33: New longest path found with length 34: [0, 8, 16, 24, 32, 40, 41, 33, 25, 17, 9, 1, 2, 3, 11, 12, 13, 5, 6, 14, 22, 21, 29, 28, 27, 26, 34, 35, 43, 44, 36, 37, 45, 46, 47]
[00:00:00:00:058] Expansion 77: New longest path found with length 36: [0, 8, 16, 24, 32, 40, 41, 33, 25, 17, 18, 10, 9, 1, 2, 3, 11, 12, 13, 5, 6, 14, 22, 21, 29, 28, 27, 26, 34, 35, 43, 44, 36, 37, 45, 46, 47]
[00:00:00:00:237] Path of length 36 found: [0, 8, 16, 24, 32, 40, 41, 33, 25, 17, 18, 10, 9, 1, 2, 3, 11, 12, 13, 5, 6, 14, 22, 21, 29, 28, 27, 26, 34, 35, 43, 44, 36, 37, 45, 46, 47]
[00:00:00:00:237] ! Unidirectional s-t. expansions: 298, time: 237 [ms], path length: 36 [edges], generated: 491
[00:00:00:00:016] Expansion 15: New longest path found with length 16: [47, 46, 45, 37, 29, 30, 22, 14, 6, 5, 13, 12, 11, 3, 2, 1, 0]
[00:00:00:00:026] Expansion 35: New longest path found with length 36: [47, 46, 45, 37, 29, 30, 22, 14, 6, 5, 13, 12, 11, 3, 2, 1, 9, 10, 18, 17, 25, 26, 27, 28, 36, 44, 43, 35, 34, 33, 41, 40, 32, 24, 16, 8, 0]
[00:00:00:00:136] Path of length 36 found: [47, 46, 45, 37, 29, 30, 22, 14, 6, 5, 13, 12, 11, 3, 2, 1, 9, 10, 18, 17, 25, 26, 27, 28, 36, 44, 43, 35, 34, 33, 41, 40, 32, 24, 16, 8, 0]
[00:00:00:00:136] ! Unidirectional t-s. expansions: 166, time: 136 [ms], path length: 36 [edges], generated: 287
[00:00:00:00:018] Expansion 18:New longest path found with length 36: [0, 8, 16, 24, 32, 40, 41, 33, 34, 35, 43, 44, 36, 28, 27, 26, 25, 17, 18, 10, 9, 1, 2, 3, 11, 12, 13, 5, 6, 14, 22, 30, 29, 37, 45, 46, 47]
[00:00:00:00:234] Path of length 36 found: [0, 8, 16, 24, 32, 40, 41, 33, 34, 35, 43, 44, 36, 28, 27, 26, 25, 17, 18, 10, 9, 1, 2, 3, 11, 12, 13, 5, 6, 14, 22, 30, 29, 37, 45, 46, 47]
[00:00:00:00:565] ! Bidirectional. expansions: 237, time: 234 [ms], path length: 36 [edges], g_F: 18, g_B: 18, generated: {'F': 402, 'B': 433}, MM: 0, MMPER: -1.0%
[00:00:00:00:565] 
---------- SM_Grids/6x8_grid_with_random_blocks_16per_7 ----------
[00:00:00:00:029] Expansion 37: New longest path found with length 38: [0, 8, 16, 24, 32, 40, 41, 42, 43, 35, 34, 26, 25, 17, 9, 1, 2, 10, 18, 19, 27, 28, 20, 12, 11, 3, 4, 5, 13, 14, 15, 23, 31, 30, 29, 37, 38, 39, 47]
[00:00:00:00:978] Path of length 38 found: [0, 8, 16, 24, 32, 40, 41, 42, 43, 35, 34, 26, 25, 17, 9, 1, 2, 10, 18, 19, 27, 28, 20, 12, 11, 3, 4, 5, 13, 14, 15, 23, 31, 30, 29, 37, 38, 39, 47]
[00:00:00:00:979] ! Unidirectional s-t. expansions: 1,277, time: 979 [ms], path length: 38 [edges], generated: 2,002
[00:00:00:00:011] Expansion 11: New longest path found with length 12: [47, 39, 31, 23, 15, 14, 13, 5, 4, 3, 2, 1, 0]
[00:00:00:00:028] Expansion 37: New longest path found with length 38: [47, 39, 31, 23, 15, 14, 13, 5, 4, 3, 2, 1, 9, 17, 25, 26, 18, 10, 11, 12, 20, 19, 27, 28, 29, 30, 38, 37, 36, 35, 34, 42, 41, 40, 32, 24, 16, 8, 0]
[00:00:00:01:000] Path of length 38 found: [47, 39, 31, 23, 15, 14, 13, 5, 4, 3, 2, 1, 9, 17, 25, 26, 18, 10, 11, 12, 20, 19, 27, 28, 29, 30, 38, 37, 36, 35, 34, 42, 41, 40, 32, 24, 16, 8, 0]
[00:00:00:01:000] ! Unidirectional t-s. expansions: 1,394, time: 1,000 [ms], path length: 38 [edges], generated: 2,504
[00:00:00:00:018] Expansion 19:New longest path found with length 38: [0, 8, 16, 24, 32, 40, 41, 42, 43, 35, 36, 37, 38, 30, 29, 28, 20, 12, 11, 10, 18, 19, 27, 26, 25, 17, 9, 1, 2, 3, 4, 5, 13, 14, 15, 23, 31, 39, 47]
[00:00:00:01:124] Path of length 38 found: [0, 8, 16, 24, 32, 40, 41, 42, 43, 35, 36, 37, 38, 30, 29, 28, 20, 12, 11, 10, 18, 19, 27, 26, 25, 17, 9, 1, 2, 3, 4, 5, 13, 14, 15, 23, 31, 39, 47]
[00:00:00:01:448] ! Bidirectional. expansions: 1,400, time: 1,124 [ms], path length: 38 [edges], g_F: 19, g_B: 19, generated: {'F': 2,324, 'B': 2,407}, MM: 0, MMPER: -1.0%
[00:00:00:01:448] 
---------- SM_Grids/6x8_grid_with_random_blocks_16per_8 ----------
[00:00:00:00:026] Expansion 33: New longest path found with length 34: [0, 8, 9, 17, 16, 24, 32, 40, 41, 33, 25, 26, 27, 19, 20, 28, 36, 35, 43, 44, 45, 37, 29, 21, 13, 5, 6, 14, 15, 23, 22, 30, 31, 39, 47]
[00:00:00:00:027] Expansion 35: New longest path found with length 36: [0, 8, 9, 17, 16, 24, 32, 40, 41, 33, 25, 26, 27, 19, 20, 28, 36, 35, 43, 44, 45, 37, 29, 21, 13, 5, 6, 14, 15, 23, 22, 30, 31, 39, 38, 46, 47]
[00:00:00:00:029] Path of length 36 found: [0, 8, 9, 17, 16, 24, 32, 40, 41, 33, 25, 26, 27, 19, 20, 28, 36, 35, 43, 44, 45, 37, 29, 21, 13, 5, 6, 14, 15, 23, 22, 30, 31, 39, 38, 46, 47]
[00:00:00:00:029] ! Unidirectional s-t. expansions: 37, time: 29 [ms], path length: 36 [edges], generated: 60
[00:00:00:00:027] Expansion 35: New longest path found with length 36: [47, 39, 31, 23, 15, 14, 6, 5, 13, 21, 22, 30, 29, 28, 20, 19, 27, 35, 36, 37, 38, 46, 45, 44, 43, 42, 41, 40, 32, 33, 25, 24, 16, 17, 9, 8, 0]
[00:00:00:00:241] Path of length 36 found: [47, 39, 31, 23, 15, 14, 6, 5, 13, 21, 22, 30, 29, 28, 20, 19, 27, 35, 36, 37, 38, 46, 45, 44, 43, 42, 41, 40, 32, 33, 25, 24, 16, 17, 9, 8, 0]
[00:00:00:00:241] ! Unidirectional t-s. expansions: 270, time: 241 [ms], path length: 36 [edges], generated: 474
[00:00:00:00:017] Expansion 18:New longest path found with length 36: [0, 8, 9, 17, 16, 24, 32, 40, 41, 33, 25, 26, 27, 19, 20, 28, 36, 35, 43, 44, 45, 46, 38, 37, 29, 30, 22, 21, 13, 5, 6, 14, 15, 23, 31, 39, 47]
[00:00:00:00:109] Path of length 36 found: [0, 8, 9, 17, 16, 24, 32, 40, 41, 33, 25, 26, 27, 19, 20, 28, 36, 35, 43, 44, 45, 46, 38, 37, 29, 30, 22, 21, 13, 5, 6, 14, 15, 23, 31, 39, 47]
[00:00:00:00:435] ! Bidirectional. expansions: 91, time: 109 [ms], path length: 36 [edges], g_F: 18, g_B: 18, generated: {'F': 154, 'B': 180}, MM: 0, MMPER: -1.0%
[00:00:00:00:435] 
---------- SM_Grids/6x8_grid_with_random_blocks_16per_9 ----------
[00:00:00:00:027] Expansion 33: New longest path found with length 34: [0, 1, 9, 17, 25, 24, 32, 40, 41, 33, 34, 42, 43, 35, 27, 26, 18, 10, 2, 3, 4, 12, 20, 28, 29, 21, 13, 5, 6, 14, 22, 23, 31, 39, 47]
[00:00:00:00:028] Expansion 35: New longest path found with length 36: [0, 1, 9, 17, 25, 24, 32, 40, 41, 33, 34, 42, 43, 35, 27, 26, 18, 10, 2, 3, 4, 12, 20, 28, 29, 21, 13, 5, 6, 14, 22, 23, 31, 39, 38, 46, 47]
[00:00:00:00:088] Expansion 136: New longest path found with length 38: [0, 1, 9, 17, 25, 24, 32, 40, 41, 33, 34, 42, 43, 35, 36, 28, 29, 21, 13, 12, 20, 19, 27, 26, 18, 10, 2, 3, 4, 5, 6, 14, 22, 23, 31, 39, 38, 46, 47]
[00:00:00:01:328] Path of length 38 found: [0, 1, 9, 17, 25, 24, 32, 40, 41, 33, 34, 42, 43, 35, 36, 28, 29, 21, 13, 12, 20, 19, 27, 26, 18, 10, 2, 3, 4, 5, 6, 14, 22, 23, 31, 39, 38, 46, 47]
[00:00:00:01:328] ! Unidirectional s-t. expansions: 1,808, time: 1,328 [ms], path length: 38 [edges], generated: 3,176
[00:00:00:00:027] Expansion 35: New longest path found with length 36: [47, 39, 38, 46, 45, 44, 36, 28, 29, 21, 22, 14, 6, 5, 13, 12, 4, 3, 2, 10, 18, 19, 27, 26, 34, 35, 43, 42, 41, 40, 32, 24, 25, 17, 9, 1, 0]
[00:00:00:00:172] Expansion 241: New longest path found with length 38: [47, 39, 38, 46, 45, 44, 36, 35, 43, 42, 34, 33, 41, 40, 32, 24, 25, 17, 9, 10, 18, 26, 27, 19, 20, 28, 29, 21, 22, 14, 6, 5, 13, 12, 4, 3, 2, 1, 0]
[00:00:00:00:470] Path of length 38 found: [47, 39, 38, 46, 45, 44, 36, 35, 43, 42, 34, 33, 41, 40, 32, 24, 25, 17, 9, 10, 18, 26, 27, 19, 20, 28, 29, 21, 22, 14, 6, 5, 13, 12, 4, 3, 2, 1, 0]
[00:00:00:00:471] ! Unidirectional t-s. expansions: 677, time: 471 [ms], path length: 38 [edges], generated: 1,156
[00:00:00:00:017] Expansion 18:New longest path found with length 36: [0, 1, 9, 17, 25, 24, 32, 40, 41, 33, 34, 42, 43, 35, 27, 26, 18, 10, 2, 3, 4, 12, 13, 5, 6, 14, 22, 21, 29, 28, 36, 44, 45, 46, 38, 39, 47]
[00:00:00:00:136] Expansion 161:New longest path found with length 38: [0, 1, 9, 17, 18, 10, 2, 3, 4, 12, 13, 5, 6, 14, 22, 21, 29, 28, 20, 19, 27, 26, 25, 24, 32, 40, 41, 33, 34, 42, 43, 35, 36, 44, 45, 46, 38, 39, 47]
[00:00:00:00:303] Path of length 38 found: [0, 1, 9, 17, 18, 10, 2, 3, 4, 12, 13, 5, 6, 14, 22, 21, 29, 28, 20, 19, 27, 26, 25, 24, 32, 40, 41, 33, 34, 42, 43, 35, 36, 44, 45, 46, 38, 39, 47]
[00:00:00:00:637] ! Bidirectional. expansions: 430, time: 304 [ms], path length: 38 [edges], g_F: 19, g_B: 19, generated: {'F': 808, 'B': 824}, MM: 0, MMPER: -1.0%

[00:00:00:00:637] average expansions: (1,546, 978, 844, 0)
[00:00:00:00:637] average time: (995, 657, 632, 0)
[00:00:00:00:637] X-DFBnB: 978 , 657 (expansions , time[ms])
[00:00:00:00:637] BiX-DFBnB: 844 , 632 (expansions , time[ms])

