Tue 17 Mar 2026 19:55:33 IST

SLURM_JOBID:		 16028205
SLURM_JOB_NODELIST:	 ise-cpu256-32 

--------------------------
date: SM_Grids
number_of_graphs: 10
graph_type: grid
size_of_graphs: [7, 7]
heuristic: bcc_heuristic
snake: False
run_uni: True
run_bi: True
run_multi: False
solution_vertices: []
algorithms: ['DFBnB']
bsd: False
cube_first_dims: 4
cube_buffer_dim: None
backward_sym_generation: False
sym_coil: False
prefix_set: None

---------- SM_Grids/7x7_grid_with_random_blocks_20per_0 ----------
[00:00:00:00:018] Expansion 25: New longest path found with length 26: [0, 1, 2, 9, 8, 7, 14, 21, 28, 35, 42, 43, 36, 29, 22, 23, 24, 31, 38, 45, 46, 39, 32, 33, 34, 41, 48]
[00:00:00:00:019] Expansion 27: New longest path found with length 28: [0, 1, 2, 9, 8, 7, 14, 21, 28, 35, 42, 43, 36, 29, 22, 23, 24, 31, 38, 45, 46, 39, 32, 33, 34, 41, 40, 47, 48]
[00:00:00:00:021] Path of length 28 found: [0, 1, 2, 9, 8, 7, 14, 21, 28, 35, 42, 43, 36, 29, 22, 23, 24, 31, 38, 45, 46, 39, 32, 33, 34, 41, 40, 47, 48]
[00:00:00:00:021] ! Unidirectional s-t. expansions: 30, time: 21 [ms], path length: 28 [edges], generated: 48
[00:00:00:00:014] Expansion 21: New longest path found with length 22: [48, 41, 34, 33, 32, 31, 38, 39, 40, 47, 46, 45, 44, 43, 42, 35, 36, 29, 22, 21, 14, 7, 0]
[00:00:00:00:015] Expansion 25: New longest path found with length 26: [48, 41, 34, 33, 32, 31, 38, 39, 40, 47, 46, 45, 44, 43, 42, 35, 36, 29, 22, 21, 14, 7, 8, 9, 2, 1, 0]
[00:00:00:00:026] Expansion 48: New longest path found with length 28: [48, 41, 34, 33, 32, 39, 40, 47, 46, 45, 38, 31, 24, 23, 22, 29, 36, 43, 42, 35, 28, 21, 14, 7, 8, 9, 2, 1, 0]
[00:00:00:00:047] Path of length 28 found: [48, 41, 34, 33, 32, 39, 40, 47, 46, 45, 38, 31, 24, 23, 22, 29, 36, 43, 42, 35, 28, 21, 14, 7, 8, 9, 2, 1, 0]
[00:00:00:00:048] ! Unidirectional t-s. expansions: 75, time: 47 [ms], path length: 28 [edges], generated: 122
[00:00:00:00:011] Expansion 13:New longest path found with length 26: [0, 1, 2, 9, 8, 7, 14, 21, 22, 29, 28, 35, 42, 43, 44, 45, 46, 47, 40, 39, 38, 31, 32, 33, 34, 41, 48]
[00:00:00:00:017] Expansion 22:New longest path found with length 28: [0, 1, 2, 9, 8, 7, 14, 21, 28, 35, 42, 43, 36, 29, 22, 23, 24, 31, 38, 45, 46, 47, 40, 39, 32, 33, 34, 41, 48]
[00:00:00:00:047] Path of length 28 found: [0, 1, 2, 9, 8, 7, 14, 21, 28, 35, 42, 43, 36, 29, 22, 23, 24, 31, 38, 45, 46, 47, 40, 39, 32, 33, 34, 41, 48]
[00:00:00:00:405] ! Bidirectional. expansions: 56, time: 47 [ms], path length: 28 [edges], g_F: 14, g_B: 14, generated: {'F': 89, 'B': 92}, MM: 0, MMPER: -1.0%
[00:00:00:00:405] 
---------- SM_Grids/7x7_grid_with_random_blocks_20per_1 ----------
[00:00:00:00:019] Expansion 25: New longest path found with length 26: [0, 7, 14, 21, 22, 15, 8, 9, 2, 3, 10, 11, 18, 17, 16, 23, 30, 31, 32, 39, 40, 33, 26, 27, 34, 41, 48]
[00:00:00:00:036] Expansion 54: New longest path found with length 32: [0, 7, 14, 15, 8, 9, 2, 3, 10, 11, 18, 17, 16, 23, 22, 29, 36, 35, 42, 43, 44, 37, 30, 31, 32, 39, 40, 33, 26, 27, 34, 41, 48]
[00:00:00:00:054] Path of length 32 found: [0, 7, 14, 15, 8, 9, 2, 3, 10, 11, 18, 17, 16, 23, 22, 29, 36, 35, 42, 43, 44, 37, 30, 31, 32, 39, 40, 33, 26, 27, 34, 41, 48]
[00:00:00:00:054] ! Unidirectional s-t. expansions: 80, time: 54 [ms], path length: 32 [edges], generated: 126
[00:00:00:00:019] Expansion 31: New longest path found with length 32: [48, 47, 40, 41, 34, 27, 26, 33, 32, 31, 30, 37, 44, 43, 42, 35, 36, 29, 22, 21, 14, 15, 16, 17, 18, 11, 10, 3, 2, 9, 8, 7, 0]
[00:00:00:00:034] Path of length 32 found: [48, 47, 40, 41, 34, 27, 26, 33, 32, 31, 30, 37, 44, 43, 42, 35, 36, 29, 22, 21, 14, 15, 16, 17, 18, 11, 10, 3, 2, 9, 8, 7, 0]
[00:00:00:00:034] ! Unidirectional t-s. expansions: 50, time: 34 [ms], path length: 32 [edges], generated: 81
[00:00:00:00:013] Expansion 13:New longest path found with length 26: [0, 7, 14, 21, 22, 15, 8, 9, 2, 3, 10, 11, 18, 17, 16, 23, 30, 31, 32, 33, 26, 27, 34, 41, 40, 47, 48]
[00:00:00:00:023] Expansion 26:New longest path found with length 32: [0, 7, 14, 15, 8, 9, 2, 3, 10, 11, 18, 17, 16, 23, 22, 29, 36, 35, 42, 43, 44, 37, 30, 31, 32, 33, 26, 27, 34, 41, 40, 47, 48]
[00:00:00:00:047] Path of length 32 found: [0, 7, 14, 15, 8, 9, 2, 3, 10, 11, 18, 17, 16, 23, 22, 29, 36, 35, 42, 43, 44, 37, 30, 31, 32, 33, 26, 27, 34, 41, 40, 47, 48]
[00:00:00:00:387] ! Bidirectional. expansions: 48, time: 47 [ms], path length: 32 [edges], g_F: 16, g_B: 16, generated: {'F': 78, 'B': 83}, MM: 0, MMPER: -1.0%
[00:00:00:00:388] 
---------- SM_Grids/7x7_grid_with_random_blocks_20per_2 ----------
[00:00:00:00:022] Expansion 25: New longest path found with length 26: [0, 7, 8, 1, 2, 9, 10, 3, 4, 11, 18, 25, 32, 31, 30, 29, 28, 35, 42, 43, 44, 45, 38, 39, 46, 47, 48]
[00:00:00:00:026] Expansion 37: New longest path found with length 38: [0, 7, 8, 1, 2, 9, 10, 3, 4, 11, 18, 25, 32, 31, 30, 29, 28, 35, 42, 43, 44, 45, 38, 39, 46, 47, 40, 33, 26, 19, 12, 5, 6, 13, 20, 27, 34, 41, 48]
[00:00:00:00:027] Path of length 38 found: [0, 7, 8, 1, 2, 9, 10, 3, 4, 11, 18, 25, 32, 31, 30, 29, 28, 35, 42, 43, 44, 45, 38, 39, 46, 47, 40, 33, 26, 19, 12, 5, 6, 13, 20, 27, 34, 41, 48]
[00:00:00:00:027] ! Unidirectional s-t. expansions: 38, time: 27 [ms], path length: 38 [edges], generated: 59
[00:00:00:00:025] Expansion 37: New longest path found with length 38: [48, 41, 34, 27, 20, 13, 6, 5, 4, 11, 12, 19, 26, 33, 40, 47, 46, 39, 38, 45, 44, 43, 42, 35, 28, 29, 30, 31, 32, 25, 18, 17, 10, 3, 2, 9, 8, 1, 0]
[00:00:00:00:641] Path of length 38 found: [48, 41, 34, 27, 20, 13, 6, 5, 4, 11, 12, 19, 26, 33, 40, 47, 46, 39, 38, 45, 44, 43, 42, 35, 28, 29, 30, 31, 32, 25, 18, 17, 10, 3, 2, 9, 8, 1, 0]
[00:00:00:00:641] ! Unidirectional t-s. expansions: 1,190, time: 641 [ms], path length: 38 [edges], generated: 1,819
[00:00:00:00:014] Expansion 12:New longest path found with length 24: [0, 7, 8, 1, 2, 9, 10, 3, 4, 11, 18, 25, 32, 33, 26, 19, 12, 5, 6, 13, 20, 27, 34, 41, 48]
[00:00:00:00:017] Expansion 19:New longest path found with length 38: [0, 7, 8, 1, 2, 9, 10, 3, 4, 11, 18, 25, 32, 31, 30, 29, 28, 35, 42, 43, 44, 45, 38, 39, 46, 47, 40, 33, 26, 19, 12, 5, 6, 13, 20, 27, 34, 41, 48]
[00:00:00:00:054] Path of length 38 found: [0, 7, 8, 1, 2, 9, 10, 3, 4, 11, 18, 25, 32, 31, 30, 29, 28, 35, 42, 43, 44, 45, 38, 39, 46, 47, 40, 33, 26, 19, 12, 5, 6, 13, 20, 27, 34, 41, 48]
[00:00:00:00:383] ! Bidirectional. expansions: 46, time: 54 [ms], path length: 38 [edges], g_F: 19, g_B: 19, generated: {'F': 81, 'B': 86}, MM: 0, MMPER: -1.0%
[00:00:00:00:383] 
---------- SM_Grids/7x7_grid_with_random_blocks_20per_3 ----------
[00:00:00:00:022] Expansion 33: New longest path found with length 34: [0, 7, 14, 21, 28, 35, 42, 43, 36, 37, 44, 45, 38, 31, 30, 23, 16, 9, 8, 1, 2, 3, 4, 11, 12, 19, 20, 27, 34, 33, 32, 39, 40, 47, 48]
[00:00:00:00:030] Expansion 53: New longest path found with length 36: [0, 7, 14, 21, 28, 35, 42, 43, 36, 37, 44, 45, 38, 31, 30, 23, 24, 17, 16, 9, 8, 1, 2, 3, 4, 11, 12, 19, 20, 27, 34, 33, 32, 39, 40, 47, 48]
[00:00:00:00:116] Path of length 36 found: [0, 7, 14, 21, 28, 35, 42, 43, 36, 37, 44, 45, 38, 31, 30, 23, 24, 17, 16, 9, 8, 1, 2, 3, 4, 11, 12, 19, 20, 27, 34, 33, 32, 39, 40, 47, 48]
[00:00:00:00:116] ! Unidirectional s-t. expansions: 158, time: 116 [ms], path length: 36 [edges], generated: 263
[00:00:00:00:011] Expansion 13: New longest path found with length 14: [48, 47, 40, 33, 34, 27, 20, 19, 12, 11, 4, 3, 2, 1, 0]
[00:00:00:00:022] Expansion 33: New longest path found with length 34: [48, 47, 40, 33, 34, 27, 20, 19, 12, 11, 4, 3, 2, 1, 8, 9, 16, 17, 24, 25, 32, 39, 38, 31, 30, 37, 44, 43, 36, 35, 28, 21, 14, 7, 0]
[00:00:00:00:028] Expansion 47: New longest path found with length 36: [48, 47, 40, 33, 34, 27, 20, 19, 12, 11, 4, 3, 2, 1, 8, 9, 16, 17, 24, 25, 32, 39, 38, 45, 44, 43, 42, 35, 36, 37, 30, 23, 22, 21, 14, 7, 0]
[00:00:00:00:141] Path of length 36 found: [48, 47, 40, 33, 34, 27, 20, 19, 12, 11, 4, 3, 2, 1, 8, 9, 16, 17, 24, 25, 32, 39, 38, 45, 44, 43, 42, 35, 36, 37, 30, 23, 22, 21, 14, 7, 0]
[00:00:00:00:141] ! Unidirectional t-s. expansions: 201, time: 141 [ms], path length: 36 [edges], generated: 348
[00:00:00:00:014] Expansion 19:New longest path found with length 36: [0, 7, 14, 21, 28, 35, 42, 43, 36, 37, 44, 45, 38, 39, 32, 25, 24, 31, 30, 23, 16, 9, 8, 1, 2, 3, 4, 11, 12, 19, 20, 27, 34, 33, 40, 47, 48]
[00:00:00:00:093] Path of length 36 found: [0, 7, 14, 21, 28, 35, 42, 43, 36, 37, 44, 45, 38, 39, 32, 25, 24, 31, 30, 23, 16, 9, 8, 1, 2, 3, 4, 11, 12, 19, 20, 27, 34, 33, 40, 47, 48]
[00:00:00:00:430] ! Bidirectional. expansions: 112, time: 93 [ms], path length: 36 [edges], g_F: 18, g_B: 18, generated: {'F': 184, 'B': 188}, MM: 0, MMPER: -1.0%
[00:00:00:00:431] 
---------- SM_Grids/7x7_grid_with_random_blocks_20per_4 ----------
[00:00:00:00:024] Expansion 29: New longest path found with length 30: [0, 7, 8, 1, 2, 9, 16, 15, 22, 29, 28, 35, 36, 37, 30, 23, 24, 17, 10, 3, 4, 11, 18, 25, 32, 39, 38, 45, 46, 47, 48]
[00:00:00:00:026] Expansion 35: New longest path found with length 36: [0, 7, 8, 1, 2, 9, 16, 15, 22, 29, 28, 35, 36, 37, 30, 23, 24, 17, 10, 3, 4, 11, 18, 25, 32, 39, 38, 45, 46, 47, 40, 33, 26, 27, 34, 41, 48]
[00:00:00:00:096] Path of length 36 found: [0, 7, 8, 1, 2, 9, 16, 15, 22, 29, 28, 35, 36, 37, 30, 23, 24, 17, 10, 3, 4, 11, 18, 25, 32, 39, 38, 45, 46, 47, 40, 33, 26, 27, 34, 41, 48]
[00:00:00:00:096] ! Unidirectional s-t. expansions: 121, time: 96 [ms], path length: 36 [edges], generated: 214
[00:00:00:00:026] Expansion 33: New longest path found with length 34: [48, 41, 34, 27, 26, 25, 32, 33, 40, 47, 46, 39, 38, 45, 44, 37, 36, 35, 28, 29, 30, 23, 22, 15, 8, 9, 16, 17, 18, 11, 4, 3, 2, 1, 0]
[00:00:00:00:030] Expansion 45: New longest path found with length 36: [48, 41, 34, 27, 26, 25, 32, 33, 40, 47, 46, 39, 38, 45, 44, 37, 36, 35, 28, 29, 30, 23, 22, 15, 16, 9, 10, 17, 18, 11, 4, 3, 2, 1, 8, 7, 0]
[00:00:00:00:071] Path of length 36 found: [48, 41, 34, 27, 26, 25, 32, 33, 40, 47, 46, 39, 38, 45, 44, 37, 36, 35, 28, 29, 30, 23, 22, 15, 16, 9, 10, 17, 18, 11, 4, 3, 2, 1, 8, 7, 0]
[00:00:00:00:072] ! Unidirectional t-s. expansions: 83, time: 71 [ms], path length: 36 [edges], generated: 149
[00:00:00:00:056] Expansion 21:New longest path found with length 36: [0, 7, 8, 1, 2, 9, 10, 3, 4, 11, 18, 17, 24, 23, 16, 15, 22, 29, 28, 35, 36, 37, 44, 45, 38, 39, 46, 47, 40, 33, 32, 25, 26, 27, 34, 41, 48]
[00:00:00:00:167] Path of length 36 found: [0, 7, 8, 1, 2, 9, 10, 3, 4, 11, 18, 17, 24, 23, 16, 15, 22, 29, 28, 35, 36, 37, 44, 45, 38, 39, 46, 47, 40, 33, 32, 25, 26, 27, 34, 41, 48]
[00:00:00:00:500] ! Bidirectional. expansions: 116, time: 167 [ms], path length: 36 [edges], g_F: 18, g_B: 18, generated: {'F': 230, 'B': 206}, MM: 0, MMPER: -1.0%
[00:00:00:00:500] 
---------- SM_Grids/7x7_grid_with_random_blocks_20per_5 ----------
[00:00:00:00:024] Expansion 33: New longest path found with length 34: [0, 7, 14, 21, 28, 35, 42, 43, 36, 29, 30, 31, 24, 17, 10, 9, 16, 15, 8, 1, 2, 3, 4, 5, 6, 13, 12, 19, 18, 25, 32, 39, 40, 47, 48]
[00:00:00:00:381] Path of length 34 found: [0, 7, 14, 21, 28, 35, 42, 43, 36, 29, 30, 31, 24, 17, 10, 9, 16, 15, 8, 1, 2, 3, 4, 5, 6, 13, 12, 19, 18, 25, 32, 39, 40, 47, 48]
[00:00:00:00:381] ! Unidirectional s-t. expansions: 589, time: 381 [ms], path length: 34 [edges], generated: 864
[00:00:00:00:014] Expansion 15: New longest path found with length 16: [48, 47, 40, 39, 38, 31, 30, 29, 36, 43, 42, 35, 28, 21, 14, 7, 0]
[00:00:00:00:023] Expansion 33: New longest path found with length 34: [48, 47, 40, 39, 38, 31, 30, 29, 36, 43, 42, 35, 28, 21, 14, 7, 8, 15, 16, 9, 10, 17, 24, 25, 18, 19, 20, 13, 6, 5, 4, 3, 2, 1, 0]
[00:00:00:00:109] Path of length 34 found: [48, 47, 40, 39, 38, 31, 30, 29, 36, 43, 42, 35, 28, 21, 14, 7, 8, 15, 16, 9, 10, 17, 24, 25, 18, 19, 20, 13, 6, 5, 4, 3, 2, 1, 0]
[00:00:00:00:109] ! Unidirectional t-s. expansions: 157, time: 109 [ms], path length: 34 [edges], generated: 274
[00:00:00:00:013] Expansion 17:New longest path found with length 34: [0, 7, 14, 21, 28, 35, 42, 43, 36, 29, 30, 31, 24, 17, 10, 9, 16, 15, 8, 1, 2, 3, 4, 5, 6, 13, 20, 19, 18, 25, 32, 39, 40, 47, 48]
[00:00:00:00:127] Path of length 34 found: [0, 7, 14, 21, 28, 35, 42, 43, 36, 29, 30, 31, 24, 17, 10, 9, 16, 15, 8, 1, 2, 3, 4, 5, 6, 13, 20, 19, 18, 25, 32, 39, 40, 47, 48]
[00:00:00:00:456] ! Bidirectional. expansions: 119, time: 127 [ms], path length: 34 [edges], g_F: 17, g_B: 17, generated: {'F': 197, 'B': 221}, MM: 0, MMPER: -1.0%
[00:00:00:00:456] 
---------- SM_Grids/7x7_grid_with_random_blocks_20per_6 ----------
[00:00:00:00:022] Expansion 31: New longest path found with length 32: [0, 1, 8, 7, 14, 21, 28, 29, 22, 23, 30, 31, 32, 25, 18, 17, 16, 9, 10, 3, 4, 5, 6, 13, 12, 19, 20, 27, 26, 33, 34, 41, 48]
[00:00:00:00:023] Expansion 33: New longest path found with length 34: [0, 1, 8, 7, 14, 21, 28, 29, 22, 23, 30, 31, 32, 25, 18, 17, 16, 9, 10, 3, 4, 5, 6, 13, 12, 19, 20, 27, 26, 33, 34, 41, 40, 47, 48]
[00:00:00:00:024] Path of length 34 found: [0, 1, 8, 7, 14, 21, 28, 29, 22, 23, 30, 31, 32, 25, 18, 17, 16, 9, 10, 3, 4, 5, 6, 13, 12, 19, 20, 27, 26, 33, 34, 41, 40, 47, 48]
[00:00:00:00:024] ! Unidirectional s-t. expansions: 34, time: 24 [ms], path length: 34 [edges], generated: 50
[00:00:00:00:022] Expansion 29: New longest path found with length 30: [48, 47, 40, 41, 34, 27, 20, 13, 6, 5, 4, 3, 10, 9, 16, 17, 18, 19, 26, 25, 32, 31, 30, 23, 22, 29, 28, 21, 14, 7, 0]
[00:00:00:00:022] Expansion 31: New longest path found with length 32: [48, 47, 40, 41, 34, 27, 20, 13, 6, 5, 4, 3, 10, 9, 16, 17, 18, 19, 26, 25, 32, 31, 30, 23, 22, 29, 28, 21, 14, 7, 8, 1, 0]
[00:00:00:00:054] Expansion 77: New longest path found with length 34: [48, 47, 40, 41, 34, 27, 20, 19, 12, 13, 6, 5, 4, 3, 10, 9, 16, 17, 18, 25, 26, 33, 32, 31, 30, 23, 22, 29, 28, 21, 14, 7, 8, 1, 0]
[00:00:00:00:055] Path of length 34 found: [48, 47, 40, 41, 34, 27, 20, 19, 12, 13, 6, 5, 4, 3, 10, 9, 16, 17, 18, 25, 26, 33, 32, 31, 30, 23, 22, 29, 28, 21, 14, 7, 8, 1, 0]
[00:00:00:00:055] ! Unidirectional t-s. expansions: 78, time: 55 [ms], path length: 34 [edges], generated: 121
[00:00:00:00:015] Expansion 17:New longest path found with length 32: [0, 1, 8, 7, 14, 21, 28, 29, 22, 23, 30, 31, 32, 33, 26, 19, 18, 17, 16, 9, 10, 3, 4, 5, 6, 13, 20, 27, 34, 41, 40, 47, 48]
[00:00:00:00:026] Expansion 35:New longest path found with length 34: [0, 1, 8, 7, 14, 21, 28, 29, 22, 23, 30, 31, 32, 33, 26, 25, 18, 17, 16, 9, 10, 3, 4, 5, 6, 13, 12, 19, 20, 27, 34, 41, 40, 47, 48]
[00:00:00:00:026] Path of length 34 found: [0, 1, 8, 7, 14, 21, 28, 29, 22, 23, 30, 31, 32, 33, 26, 25, 18, 17, 16, 9, 10, 3, 4, 5, 6, 13, 12, 19, 20, 27, 34, 41, 40, 47, 48]
[00:00:00:00:360] ! Bidirectional. expansions: 35, time: 26 [ms], path length: 34 [edges], g_F: 17, g_B: 17, generated: {'F': 66, 'B': 57}, MM: 0, MMPER: -1.0%
[00:00:00:00:360] 
---------- SM_Grids/7x7_grid_with_random_blocks_20per_7 ----------
[00:00:00:00:020] Expansion 25: New longest path found with length 26: [0, 1, 2, 9, 16, 23, 24, 17, 10, 3, 4, 5, 6, 13, 12, 11, 18, 19, 26, 25, 32, 31, 38, 39, 46, 47, 48]
[00:00:00:00:021] Expansion 27: New longest path found with length 28: [0, 1, 2, 9, 16, 23, 24, 17, 10, 3, 4, 5, 6, 13, 12, 11, 18, 19, 26, 25, 32, 31, 38, 39, 46, 47, 40, 41, 48]
[00:00:00:00:131] Path of length 28 found: [0, 1, 2, 9, 16, 23, 24, 17, 10, 3, 4, 5, 6, 13, 12, 11, 18, 19, 26, 25, 32, 31, 38, 39, 46, 47, 40, 41, 48]
[00:00:00:00:131] ! Unidirectional s-t. expansions: 116, time: 131 [ms], path length: 28 [edges], generated: 208
[00:00:00:00:023] Expansion 27: New longest path found with length 28: [48, 41, 40, 47, 46, 39, 38, 31, 24, 23, 16, 9, 10, 17, 18, 25, 32, 33, 26, 19, 12, 13, 6, 5, 4, 3, 2, 1, 0]
[00:00:00:00:082] Path of length 28 found: [48, 41, 40, 47, 46, 39, 38, 31, 24, 23, 16, 9, 10, 17, 18, 25, 32, 33, 26, 19, 12, 13, 6, 5, 4, 3, 2, 1, 0]
[00:00:00:00:096] ! Unidirectional t-s. expansions: 104, time: 95 [ms], path length: 28 [edges], generated: 182
[00:00:00:00:012] Expansion 14:New longest path found with length 28: [0, 1, 2, 9, 16, 23, 24, 17, 10, 3, 4, 5, 6, 13, 12, 11, 18, 25, 26, 33, 32, 31, 38, 39, 46, 47, 40, 41, 48]
[00:00:00:00:051] Path of length 28 found: [0, 1, 2, 9, 16, 23, 24, 17, 10, 3, 4, 5, 6, 13, 12, 11, 18, 25, 26, 33, 32, 31, 38, 39, 46, 47, 40, 41, 48]
[00:00:00:00:393] ! Bidirectional. expansions: 58, time: 52 [ms], path length: 28 [edges], g_F: 14, g_B: 14, generated: {'F': 109, 'B': 112}, MM: 0, MMPER: -1.0%
[00:00:00:00:393] 
---------- SM_Grids/7x7_grid_with_random_blocks_20per_8 ----------
[00:00:00:00:025] Expansion 35: New longest path found with length 36: [0, 7, 14, 15, 8, 1, 2, 9, 16, 17, 10, 3, 4, 5, 12, 11, 18, 25, 32, 31, 30, 29, 28, 35, 42, 43, 44, 45, 38, 39, 40, 33, 26, 27, 34, 41, 48]
[00:00:00:00:048] Expansion 79: New longest path found with length 38: [0, 7, 14, 15, 8, 1, 2, 9, 10, 3, 4, 5, 12, 11, 18, 17, 16, 23, 30, 29, 28, 35, 42, 43, 44, 45, 46, 39, 38, 31, 32, 25, 26, 27, 34, 33, 40, 41, 48]
[00:00:00:00:049] Path of length 38 found: [0, 7, 14, 15, 8, 1, 2, 9, 10, 3, 4, 5, 12, 11, 18, 17, 16, 23, 30, 29, 28, 35, 42, 43, 44, 45, 46, 39, 38, 31, 32, 25, 26, 27, 34, 33, 40, 41, 48]
[00:00:00:00:049] ! Unidirectional s-t. expansions: 80, time: 49 [ms], path length: 38 [edges], generated: 119
[00:00:00:00:025] Expansion 31: New longest path found with length 32: [48, 41, 34, 27, 26, 25, 32, 33, 40, 39, 46, 45, 44, 43, 42, 35, 28, 29, 30, 23, 16, 9, 10, 17, 18, 11, 12, 5, 4, 3, 2, 1, 0]
[00:00:00:00:026] Expansion 35: New longest path found with length 36: [48, 41, 34, 27, 26, 25, 32, 33, 40, 39, 46, 45, 44, 43, 42, 35, 28, 29, 30, 23, 16, 9, 10, 17, 18, 11, 12, 5, 4, 3, 2, 1, 8, 15, 14, 7, 0]
[00:00:00:00:071] Expansion 96: New longest path found with length 38: [48, 41, 40, 33, 34, 27, 26, 25, 32, 31, 38, 39, 46, 45, 44, 43, 42, 35, 28, 29, 30, 23, 16, 9, 10, 17, 18, 11, 12, 5, 4, 3, 2, 1, 8, 15, 14, 7, 0]
[00:00:00:00:072] Path of length 38 found: [48, 41, 40, 33, 34, 27, 26, 25, 32, 31, 38, 39, 46, 45, 44, 43, 42, 35, 28, 29, 30, 23, 16, 9, 10, 17, 18, 11, 12, 5, 4, 3, 2, 1, 8, 15, 14, 7, 0]
[00:00:00:00:072] ! Unidirectional t-s. expansions: 97, time: 72 [ms], path length: 38 [edges], generated: 147
[00:00:00:00:015] Expansion 18:New longest path found with length 36: [0, 7, 14, 15, 8, 1, 2, 9, 10, 3, 4, 5, 12, 11, 18, 17, 16, 23, 30, 29, 28, 35, 42, 43, 44, 45, 46, 39, 40, 33, 32, 25, 26, 27, 34, 41, 48]
[00:00:00:00:093] Expansion 107:New longest path found with length 38: [0, 7, 14, 15, 8, 1, 2, 9, 10, 3, 4, 5, 12, 11, 18, 17, 16, 23, 30, 29, 28, 35, 42, 43, 44, 45, 46, 39, 38, 31, 32, 25, 26, 27, 34, 33, 40, 41, 48]
[00:00:00:00:094] Path of length 38 found: [0, 7, 14, 15, 8, 1, 2, 9, 10, 3, 4, 5, 12, 11, 18, 17, 16, 23, 30, 29, 28, 35, 42, 43, 44, 45, 46, 39, 38, 31, 32, 25, 26, 27, 34, 33, 40, 41, 48]
[00:00:00:00:429] ! Bidirectional. expansions: 107, time: 94 [ms], path length: 38 [edges], g_F: 19, g_B: 19, generated: {'F': 189, 'B': 164}, MM: 0, MMPER: -1.0%
[00:00:00:00:429] 
---------- SM_Grids/7x7_grid_with_random_blocks_20per_9 ----------
[00:00:00:00:024] Expansion 33: New longest path found with length 34: [0, 7, 8, 1, 2, 9, 10, 3, 4, 5, 12, 13, 20, 27, 34, 33, 32, 31, 30, 23, 22, 29, 28, 35, 42, 43, 36, 37, 44, 45, 46, 39, 40, 41, 48]
[00:00:00:00:044] Expansion 67: New longest path found with length 36: [0, 7, 8, 15, 22, 23, 30, 29, 28, 35, 42, 43, 36, 37, 44, 45, 46, 39, 32, 25, 18, 17, 10, 9, 2, 3, 4, 5, 12, 13, 20, 27, 34, 33, 40, 41, 48]
[00:00:00:00:203] Path of length 36 found: [0, 7, 8, 15, 22, 23, 30, 29, 28, 35, 42, 43, 36, 37, 44, 45, 46, 39, 32, 25, 18, 17, 10, 9, 2, 3, 4, 5, 12, 13, 20, 27, 34, 33, 40, 41, 48]
[00:00:00:00:203] ! Unidirectional s-t. expansions: 294, time: 203 [ms], path length: 36 [edges], generated: 439
[00:00:00:00:023] Expansion 35: New longest path found with length 36: [48, 41, 34, 27, 20, 13, 6, 5, 4, 3, 2, 9, 10, 17, 18, 25, 32, 33, 40, 39, 46, 45, 44, 37, 36, 43, 42, 35, 28, 29, 30, 23, 22, 15, 8, 1, 0]
[00:00:00:00:228] Path of length 36 found: [48, 41, 34, 27, 20, 13, 6, 5, 4, 3, 2, 9, 10, 17, 18, 25, 32, 33, 40, 39, 46, 45, 44, 37, 36, 43, 42, 35, 28, 29, 30, 23, 22, 15, 8, 1, 0]
[00:00:00:00:228] ! Unidirectional t-s. expansions: 384, time: 228 [ms], path length: 36 [edges], generated: 584
[00:00:00:00:015] Expansion 18:New longest path found with length 36: [0, 7, 8, 15, 22, 23, 30, 29, 28, 35, 42, 43, 36, 37, 44, 45, 46, 39, 40, 33, 32, 25, 18, 17, 10, 9, 2, 3, 4, 5, 6, 13, 20, 27, 34, 41, 48]
[00:00:00:00:109] Path of length 36 found: [0, 7, 8, 15, 22, 23, 30, 29, 28, 35, 42, 43, 36, 37, 44, 45, 46, 39, 40, 33, 32, 25, 18, 17, 10, 9, 2, 3, 4, 5, 6, 13, 20, 27, 34, 41, 48]
[00:00:00:00:479] ! Bidirectional. expansions: 109, time: 109 [ms], path length: 36 [edges], g_F: 18, g_B: 18, generated: {'F': 204, 'B': 164}, MM: 0, MMPER: -1.0%

[00:00:00:00:479] average expansions: (154, 242, 81, 0)
[00:00:00:00:479] average time: (110, 149, 82, 0)
[00:00:00:00:480] X-DFBnB: 154 , 110 (expansions , time[ms])
[00:00:00:00:480] BiX-DFBnB: 81 , 82 (expansions , time[ms])

