Tue 17 Mar 2026 19:55:36 IST

SLURM_JOBID:		 16028210
SLURM_JOB_NODELIST:	 ise-cpu256-01 

--------------------------
date: SM_Grids
number_of_graphs: 10
graph_type: grid
size_of_graphs: [8, 8]
heuristic: bcc_heuristic
snake: False
run_uni: True
run_bi: True
run_multi: False
solution_vertices: []
algorithms: ['DFBnB']
bsd: False
cube_first_dims: 4
cube_buffer_dim: None
backward_sym_generation: False
sym_coil: False
prefix_set: None

---------- SM_Grids/8x8_grid_with_random_blocks_8per_0 ----------
[00:00:00:00:053] Expansion 53: New longest path found with length 54: [0, 8, 16, 24, 32, 40, 41, 49, 57, 58, 59, 51, 43, 42, 34, 33, 25, 17, 9, 10, 2, 3, 11, 19, 18, 26, 27, 35, 36, 44, 45, 37, 29, 28, 20, 21, 13, 5, 6, 7, 15, 14, 22, 23, 31, 30, 38, 39, 47, 46, 54, 53, 61, 62, 63]
[00:00:02:58:572] Valid states checked so far: 200,000, Expansions: 199,998, Global best: 55
[00:00:05:21:828] Expansion 351,815: New longest path found with length 56: [0, 8, 9, 17, 16, 24, 32, 40, 41, 49, 57, 58, 59, 51, 43, 42, 34, 33, 25, 26, 18, 19, 11, 10, 2, 3, 4, 5, 13, 21, 20, 28, 27, 35, 36, 44, 45, 37, 29, 30, 22, 14, 6, 7, 15, 23, 31, 39, 38, 46, 47, 55, 54, 53, 61, 62, 63]
[00:00:05:22:683] Path of length 56 found: [0, 8, 9, 17, 16, 24, 32, 40, 41, 49, 57, 58, 59, 51, 43, 42, 34, 33, 25, 26, 18, 19, 11, 10, 2, 3, 4, 5, 13, 21, 20, 28, 27, 35, 36, 44, 45, 37, 29, 30, 22, 14, 6, 7, 15, 23, 31, 39, 38, 46, 47, 55, 54, 53, 61, 62, 63]
[00:00:05:22:684] ! Unidirectional s-t. expansions: 352,557, time: 322,683 [ms], path length: 56 [edges], generated: 626,224
[00:00:00:00:061] Expansion 53: New longest path found with length 54: [63, 55, 47, 39, 31, 23, 15, 7, 6, 5, 4, 3, 2, 10, 11, 19, 18, 17, 25, 33, 34, 26, 27, 35, 43, 44, 36, 28, 20, 21, 13, 14, 22, 30, 29, 37, 38, 46, 45, 53, 54, 62, 61, 60, 59, 58, 57, 49, 41, 40, 32, 24, 16, 8, 0]
[00:00:00:00:788] Expansion 834: New longest path found with length 56: [63, 55, 47, 39, 31, 23, 15, 7, 6, 5, 4, 3, 2, 10, 11, 19, 18, 26, 25, 33, 34, 42, 43, 44, 36, 35, 27, 28, 20, 21, 13, 14, 22, 30, 29, 37, 38, 46, 45, 53, 54, 62, 61, 60, 59, 58, 57, 49, 41, 40, 32, 24, 16, 17, 9, 8, 0]
[00:00:00:10:227] Path of length 56 found: [63, 55, 47, 39, 31, 23, 15, 7, 6, 5, 4, 3, 2, 10, 11, 19, 18, 26, 25, 33, 34, 42, 43, 44, 36, 35, 27, 28, 20, 21, 13, 14, 22, 30, 29, 37, 38, 46, 45, 53, 54, 62, 61, 60, 59, 58, 57, 49, 41, 40, 32, 24, 16, 17, 9, 8, 0]
[00:00:00:10:227] ! Unidirectional t-s. expansions: 8,438, time: 10,227 [ms], path length: 56 [edges], generated: 15,432
[00:00:00:00:033] Expansion 18:New longest path found with length 36: [0, 8, 16, 24, 32, 40, 41, 49, 57, 58, 59, 51, 43, 42, 34, 33, 25, 26, 27, 19, 18, 17, 9, 10, 2, 3, 4, 5, 6, 7, 15, 23, 31, 39, 47, 55, 63]
[00:00:00:00:035] Expansion 20:New longest path found with length 40: [0, 8, 16, 24, 32, 40, 41, 49, 57, 58, 59, 51, 43, 42, 34, 33, 25, 26, 27, 35, 36, 28, 20, 19, 18, 17, 9, 10, 2, 3, 4, 5, 6, 7, 15, 23, 31, 39, 47, 55, 63]
[00:00:00:00:040] Expansion 28:New longest path found with length 54: [0, 8, 16, 24, 32, 40, 41, 49, 57, 58, 59, 51, 43, 42, 34, 33, 25, 26, 27, 35, 36, 44, 45, 53, 61, 62, 54, 46, 38, 30, 22, 14, 13, 21, 29, 28, 20, 19, 18, 17, 9, 10, 2, 3, 4, 5, 6, 7, 15, 23, 31, 39, 47, 55, 63]
[00:00:02:13:489] Expansion 113,078:New longest path found with length 56: [0, 8, 9, 17, 16, 24, 32, 40, 41, 49, 57, 58, 59, 60, 61, 62, 54, 53, 45, 46, 38, 37, 29, 30, 22, 14, 13, 21, 20, 28, 27, 35, 36, 44, 43, 42, 34, 33, 25, 26, 18, 19, 11, 10, 2, 3, 4, 5, 6, 7, 15, 23, 31, 39, 47, 55, 63]
[00:00:02:18:878] Path of length 56 found: [0, 8, 9, 17, 16, 24, 32, 40, 41, 49, 57, 58, 59, 60, 61, 62, 54, 53, 45, 46, 38, 37, 29, 30, 22, 14, 13, 21, 20, 28, 27, 35, 36, 44, 43, 42, 34, 33, 25, 26, 18, 19, 11, 10, 2, 3, 4, 5, 6, 7, 15, 23, 31, 39, 47, 55, 63]
[00:00:02:19:321] ! Bidirectional. expansions: 116,252, time: 138,878 [ms], path length: 56 [edges], g_F: 28, g_B: 28, generated: {'F': 220,846, 'B': 207,637}, MM: 0, MMPER: -1.0%
[00:00:02:19:321] 
---------- SM_Grids/8x8_grid_with_random_blocks_8per_1 ----------
[00:00:00:00:062] Expansion 55: New longest path found with length 56: [0, 8, 16, 24, 32, 40, 48, 56, 57, 49, 41, 42, 50, 51, 59, 60, 52, 44, 43, 35, 34, 26, 18, 17, 9, 1, 2, 10, 11, 3, 4, 12, 20, 28, 36, 37, 29, 21, 13, 5, 6, 7, 15, 14, 22, 23, 31, 30, 38, 39, 47, 46, 54, 53, 61, 62, 63]
[00:00:01:26:419] Path of length 56 found: [0, 8, 16, 24, 32, 40, 48, 56, 57, 49, 41, 42, 50, 51, 59, 60, 52, 44, 43, 35, 34, 26, 18, 17, 9, 1, 2, 10, 11, 3, 4, 12, 20, 28, 36, 37, 29, 21, 13, 5, 6, 7, 15, 14, 22, 23, 31, 30, 38, 39, 47, 46, 54, 53, 61, 62, 63]
[00:00:01:26:419] ! Unidirectional s-t. expansions: 87,497, time: 86,419 [ms], path length: 56 [edges], generated: 150,127
[00:00:00:00:023] Expansion 13: New longest path found with length 14: [63, 55, 47, 39, 31, 23, 15, 7, 6, 5, 4, 3, 2, 1, 0]
[00:00:00:00:060] Expansion 53: New longest path found with length 54: [63, 55, 47, 39, 31, 23, 15, 7, 6, 5, 4, 3, 2, 1, 9, 17, 18, 10, 11, 19, 20, 12, 13, 14, 22, 21, 29, 28, 36, 37, 38, 46, 54, 62, 61, 53, 52, 60, 59, 51, 43, 35, 34, 42, 50, 49, 57, 56, 48, 40, 32, 24, 16, 8, 0]
[00:00:00:01:130] Expansion 1,316: New longest path found with length 56: [63, 55, 47, 39, 31, 23, 15, 7, 6, 5, 4, 3, 2, 1, 9, 17, 18, 26, 34, 35, 43, 44, 36, 28, 20, 19, 11, 12, 13, 14, 22, 21, 29, 37, 38, 46, 54, 62, 61, 53, 52, 60, 59, 51, 50, 42, 41, 49, 57, 56, 48, 40, 32, 24, 16, 8, 0]
[00:00:02:25:897] Path of length 56 found: [63, 55, 47, 39, 31, 23, 15, 7, 6, 5, 4, 3, 2, 1, 9, 17, 18, 26, 34, 35, 43, 44, 36, 28, 20, 19, 11, 12, 13, 14, 22, 21, 29, 37, 38, 46, 54, 62, 61, 53, 52, 60, 59, 51, 50, 42, 41, 49, 57, 56, 48, 40, 32, 24, 16, 8, 0]
[00:00:02:25:897] ! Unidirectional t-s. expansions: 149,029, time: 145,897 [ms], path length: 56 [edges], generated: 250,566
[00:00:00:00:040] Expansion 28:New longest path found with length 56: [0, 8, 16, 24, 32, 40, 48, 56, 57, 49, 41, 42, 50, 51, 59, 60, 52, 53, 61, 62, 54, 46, 38, 30, 22, 14, 13, 12, 11, 19, 20, 28, 29, 37, 36, 44, 43, 35, 34, 26, 18, 17, 9, 1, 2, 3, 4, 5, 6, 7, 15, 23, 31, 39, 47, 55, 63]
[00:00:02:01:226] Path of length 56 found: [0, 8, 16, 24, 32, 40, 48, 56, 57, 49, 41, 42, 50, 51, 59, 60, 52, 53, 61, 62, 54, 46, 38, 30, 22, 14, 13, 12, 11, 19, 20, 28, 29, 37, 36, 44, 43, 35, 34, 26, 18, 17, 9, 1, 2, 3, 4, 5, 6, 7, 15, 23, 31, 39, 47, 55, 63]
[00:00:02:01:643] ! Bidirectional. expansions: 99,402, time: 121,226 [ms], path length: 56 [edges], g_F: 28, g_B: 28, generated: {'F': 188,218, 'B': 181,986}, MM: 0, MMPER: -1.0%
[00:00:02:01:643] 
---------- SM_Grids/8x8_grid_with_random_blocks_8per_2 ----------
[00:00:00:00:062] Expansion 55: New longest path found with length 56: [0, 8, 16, 24, 32, 40, 48, 56, 57, 49, 41, 42, 34, 26, 25, 17, 18, 10, 9, 1, 2, 3, 11, 12, 20, 21, 13, 5, 6, 7, 15, 14, 22, 23, 31, 30, 29, 37, 36, 35, 43, 51, 50, 58, 59, 60, 52, 44, 45, 53, 54, 46, 38, 39, 47, 55, 63]
[00:00:00:00:329] Expansion 436: New longest path found with length 58: [0, 8, 16, 24, 32, 40, 48, 56, 57, 49, 41, 42, 34, 35, 27, 26, 25, 17, 18, 10, 9, 1, 2, 3, 11, 12, 20, 21, 13, 5, 6, 7, 15, 14, 22, 23, 31, 30, 29, 37, 36, 44, 43, 51, 50, 58, 59, 60, 52, 53, 45, 46, 38, 39, 47, 55, 54, 62, 63]
[00:00:00:00:331] Path of length 58 found: [0, 8, 16, 24, 32, 40, 48, 56, 57, 49, 41, 42, 34, 35, 27, 26, 25, 17, 18, 10, 9, 1, 2, 3, 11, 12, 20, 21, 13, 5, 6, 7, 15, 14, 22, 23, 31, 30, 29, 37, 36, 44, 43, 51, 50, 58, 59, 60, 52, 53, 45, 46, 38, 39, 47, 55, 54, 62, 63]
[00:00:00:00:331] ! Unidirectional s-t. expansions: 437, time: 331 [ms], path length: 58 [edges], generated: 718
[00:00:00:00:032] Expansion 21: New longest path found with length 22: [63, 62, 54, 55, 47, 39, 31, 23, 15, 7, 6, 5, 13, 14, 22, 21, 20, 12, 11, 3, 2, 1, 0]
[00:00:00:00:060] Expansion 57: New longest path found with length 58: [63, 62, 54, 55, 47, 39, 31, 23, 15, 7, 6, 5, 13, 14, 22, 21, 20, 12, 11, 3, 2, 1, 9, 10, 18, 17, 25, 26, 27, 35, 34, 42, 41, 49, 50, 51, 43, 44, 36, 37, 29, 30, 38, 46, 45, 53, 52, 60, 59, 58, 57, 56, 48, 40, 32, 24, 16, 8, 0]
[00:00:00:00:062] Path of length 58 found: [63, 62, 54, 55, 47, 39, 31, 23, 15, 7, 6, 5, 13, 14, 22, 21, 20, 12, 11, 3, 2, 1, 9, 10, 18, 17, 25, 26, 27, 35, 34, 42, 41, 49, 50, 51, 43, 44, 36, 37, 29, 30, 38, 46, 45, 53, 52, 60, 59, 58, 57, 56, 48, 40, 32, 24, 16, 8, 0]
[00:00:00:00:062] ! Unidirectional t-s. expansions: 58, time: 62 [ms], path length: 58 [edges], generated: 94
[00:00:00:00:039] Expansion 29:New longest path found with length 56: [0, 8, 16, 24, 32, 40, 48, 56, 57, 49, 41, 42, 34, 26, 25, 17, 18, 10, 9, 1, 2, 3, 11, 12, 20, 21, 29, 37, 36, 35, 43, 51, 50, 58, 59, 60, 52, 53, 45, 46, 38, 30, 22, 14, 13, 5, 6, 7, 15, 23, 31, 39, 47, 55, 54, 62, 63]
[00:00:00:00:051] Expansion 45:New longest path found with length 58: [0, 8, 16, 24, 32, 40, 48, 56, 57, 49, 41, 42, 34, 35, 27, 26, 25, 17, 18, 10, 9, 1, 2, 3, 11, 12, 20, 21, 29, 37, 36, 44, 43, 51, 50, 58, 59, 60, 52, 53, 45, 46, 38, 30, 22, 14, 13, 5, 6, 7, 15, 23, 31, 39, 47, 55, 54, 62, 63]
[00:00:00:00:052] Path of length 58 found: [0, 8, 16, 24, 32, 40, 48, 56, 57, 49, 41, 42, 34, 35, 27, 26, 25, 17, 18, 10, 9, 1, 2, 3, 11, 12, 20, 21, 29, 37, 36, 44, 43, 51, 50, 58, 59, 60, 52, 53, 45, 46, 38, 30, 22, 14, 13, 5, 6, 7, 15, 23, 31, 39, 47, 55, 54, 62, 63]
[00:00:00:00:506] ! Bidirectional. expansions: 45, time: 52 [ms], path length: 58 [edges], g_F: 29, g_B: 29, generated: {'F': 78, 'B': 85}, MM: 0, MMPER: -1.0%
[00:00:00:00:506] 
---------- SM_Grids/8x8_grid_with_random_blocks_8per_3 ----------
[00:00:00:00:062] Expansion 53: New longest path found with length 54: [0, 8, 16, 17, 25, 33, 32, 40, 41, 49, 48, 56, 57, 58, 50, 51, 59, 60, 52, 44, 43, 35, 34, 26, 18, 10, 2, 3, 4, 12, 20, 19, 27, 28, 36, 37, 29, 21, 13, 5, 6, 7, 15, 14, 22, 30, 31, 39, 47, 46, 45, 53, 61, 62, 63]
[00:00:00:00:062] Expansion 55: New longest path found with length 56: [0, 8, 16, 17, 25, 33, 32, 40, 41, 49, 48, 56, 57, 58, 50, 51, 59, 60, 52, 44, 43, 35, 34, 26, 18, 10, 2, 3, 4, 12, 20, 19, 27, 28, 36, 37, 29, 21, 13, 5, 6, 7, 15, 14, 22, 30, 31, 39, 47, 46, 45, 53, 61, 62, 54, 55, 63]
[00:00:00:05:889] Path of length 56 found: [0, 8, 16, 17, 25, 33, 32, 40, 41, 49, 48, 56, 57, 58, 50, 51, 59, 60, 52, 44, 43, 35, 34, 26, 18, 10, 2, 3, 4, 12, 20, 19, 27, 28, 36, 37, 29, 21, 13, 5, 6, 7, 15, 14, 22, 30, 31, 39, 47, 46, 45, 53, 61, 62, 54, 55, 63]
[00:00:00:05:889] ! Unidirectional s-t. expansions: 6,257, time: 5,889 [ms], path length: 56 [edges], generated: 10,651
[00:00:00:00:058] Expansion 53: New longest path found with length 54: [63, 55, 47, 39, 31, 23, 15, 7, 6, 5, 4, 3, 2, 10, 18, 26, 34, 35, 27, 19, 20, 12, 13, 14, 22, 21, 29, 28, 36, 37, 45, 46, 54, 62, 61, 53, 52, 44, 43, 51, 59, 58, 50, 49, 57, 56, 48, 40, 32, 33, 25, 17, 16, 8, 0]
[00:00:00:00:699] Expansion 865: New longest path found with length 56: [63, 55, 47, 39, 31, 23, 15, 7, 6, 5, 4, 3, 2, 10, 18, 26, 34, 35, 43, 44, 36, 28, 27, 19, 20, 12, 13, 14, 22, 21, 29, 37, 45, 46, 54, 62, 61, 53, 52, 60, 59, 51, 50, 58, 57, 56, 48, 49, 41, 40, 32, 33, 25, 17, 16, 8, 0]
[00:00:01:12:210] Path of length 56 found: [63, 55, 47, 39, 31, 23, 15, 7, 6, 5, 4, 3, 2, 10, 18, 26, 34, 35, 43, 44, 36, 28, 27, 19, 20, 12, 13, 14, 22, 21, 29, 37, 45, 46, 54, 62, 61, 53, 52, 60, 59, 51, 50, 58, 57, 56, 48, 49, 41, 40, 32, 33, 25, 17, 16, 8, 0]
[00:00:01:12:210] ! Unidirectional t-s. expansions: 69,174, time: 72,210 [ms], path length: 56 [edges], generated: 117,071
[00:00:00:00:038] Expansion 28:New longest path found with length 56: [0, 8, 16, 17, 25, 33, 32, 40, 41, 49, 48, 56, 57, 58, 50, 51, 59, 60, 52, 53, 61, 62, 54, 46, 45, 37, 29, 21, 22, 14, 13, 12, 20, 19, 27, 28, 36, 44, 43, 35, 34, 26, 18, 10, 2, 3, 4, 5, 6, 7, 15, 23, 31, 39, 47, 55, 63]
[00:00:00:07:969] Path of length 56 found: [0, 8, 16, 17, 25, 33, 32, 40, 41, 49, 48, 56, 57, 58, 50, 51, 59, 60, 52, 53, 61, 62, 54, 46, 45, 37, 29, 21, 22, 14, 13, 12, 20, 19, 27, 28, 36, 44, 43, 35, 34, 26, 18, 10, 2, 3, 4, 5, 6, 7, 15, 23, 31, 39, 47, 55, 63]
[00:00:00:08:388] ! Bidirectional. expansions: 7,053, time: 7,969 [ms], path length: 56 [edges], g_F: 28, g_B: 28, generated: {'F': 12,767, 'B': 12,517}, MM: 0, MMPER: -1.0%
[00:00:00:08:388] 
---------- SM_Grids/8x8_grid_with_random_blocks_8per_4 ----------
[00:00:00:00:061] Expansion 49: New longest path found with length 50: [0, 8, 16, 24, 32, 40, 48, 56, 57, 49, 41, 33, 25, 17, 9, 1, 2, 10, 18, 26, 34, 42, 43, 51, 59, 60, 52, 44, 36, 35, 27, 19, 11, 3, 4, 12, 20, 28, 29, 21, 13, 14, 22, 30, 31, 39, 38, 46, 47, 55, 63]
[00:00:00:00:062] Expansion 51: New longest path found with length 52: [0, 8, 16, 24, 32, 40, 48, 56, 57, 49, 41, 33, 25, 17, 9, 1, 2, 10, 18, 26, 34, 42, 43, 51, 59, 60, 52, 44, 36, 35, 27, 19, 11, 3, 4, 12, 20, 28, 29, 21, 13, 14, 22, 30, 31, 39, 38, 46, 47, 55, 54, 62, 63]
[00:00:02:59:049] Valid states checked so far: 200,000, Expansions: 199,998, Global best: 53
[00:00:06:04:461] Valid states checked so far: 400,000, Expansions: 399,998, Global best: 53
[00:00:09:05:685] Valid states checked so far: 600,000, Expansions: 599,998, Global best: 53
[00:00:12:17:626] Valid states checked so far: 800,000, Expansions: 799,998, Global best: 53
[00:00:15:28:628] Valid states checked so far: 1,000,000, Expansions: 999,998, Global best: 53
[00:00:18:32:055] Valid states checked so far: 1,200,000, Expansions: 1,199,998, Global best: 53
[00:00:21:34:475] Valid states checked so far: 1,400,000, Expansions: 1,399,998, Global best: 53
[00:00:23:20:471] Path of length 52 found: [0, 8, 16, 24, 32, 40, 48, 56, 57, 49, 41, 33, 25, 17, 9, 1, 2, 10, 18, 26, 34, 42, 43, 51, 59, 60, 52, 44, 36, 35, 27, 19, 11, 3, 4, 12, 20, 28, 29, 21, 13, 14, 22, 30, 31, 39, 38, 46, 47, 55, 54, 62, 63]
[00:00:23:20:472] ! Unidirectional s-t. expansions: 1,509,255, time: 1,400,471 [ms], path length: 52 [edges], generated: 2,544,464
[00:00:00:00:046] Expansion 29: New longest path found with length 30: [63, 62, 54, 53, 52, 60, 59, 51, 43, 44, 36, 28, 20, 21, 29, 37, 38, 46, 47, 39, 31, 30, 22, 14, 13, 12, 4, 3, 2, 1, 0]
[00:00:00:00:062] Expansion 51: New longest path found with length 52: [63, 62, 54, 53, 52, 60, 59, 51, 43, 44, 36, 28, 20, 21, 29, 37, 38, 46, 47, 39, 31, 30, 22, 14, 13, 12, 4, 3, 2, 1, 9, 17, 25, 26, 18, 10, 11, 19, 27, 35, 34, 42, 41, 49, 57, 56, 48, 40, 32, 24, 16, 8, 0]
[00:00:01:58:789] Path of length 52 found: [63, 62, 54, 53, 52, 60, 59, 51, 43, 44, 36, 28, 20, 21, 29, 37, 38, 46, 47, 39, 31, 30, 22, 14, 13, 12, 4, 3, 2, 1, 9, 17, 25, 26, 18, 10, 11, 19, 27, 35, 34, 42, 41, 49, 57, 56, 48, 40, 32, 24, 16, 8, 0]
[00:00:01:58:790] ! Unidirectional t-s. expansions: 120,695, time: 118,789 [ms], path length: 52 [edges], generated: 210,727
[00:00:00:00:043] Expansion 26:New longest path found with length 52: [0, 8, 16, 24, 32, 40, 48, 56, 57, 49, 41, 42, 34, 33, 25, 17, 9, 1, 2, 10, 18, 26, 27, 19, 11, 3, 4, 12, 13, 14, 22, 30, 31, 39, 47, 46, 38, 37, 29, 21, 20, 28, 36, 44, 43, 51, 59, 60, 52, 53, 54, 62, 63]
[00:00:03:09:932] Path of length 52 found: [0, 8, 16, 24, 32, 40, 48, 56, 57, 49, 41, 42, 34, 33, 25, 17, 9, 1, 2, 10, 18, 26, 27, 19, 11, 3, 4, 12, 13, 14, 22, 30, 31, 39, 47, 46, 38, 37, 29, 21, 20, 28, 36, 44, 43, 51, 59, 60, 52, 53, 54, 62, 63]
[00:00:03:10:351] ! Bidirectional. expansions: 165,182, time: 189,932 [ms], path length: 52 [edges], g_F: 26, g_B: 26, generated: {'F': 307,461, 'B': 319,611}, MM: 0, MMPER: -1.0%
[00:00:03:10:351] 
---------- SM_Grids/8x8_grid_with_random_blocks_8per_5 ----------
[00:00:00:00:105] Expansion 53: New longest path found with length 54: [0, 1, 2, 3, 11, 12, 4, 5, 13, 21, 20, 28, 27, 26, 18, 17, 16, 24, 25, 33, 32, 40, 48, 56, 57, 49, 41, 42, 34, 35, 43, 51, 50, 58, 59, 60, 61, 53, 52, 44, 36, 37, 29, 30, 22, 14, 6, 7, 15, 23, 31, 39, 47, 55, 63]
[00:00:02:45:382] Valid states checked so far: 200,000, Expansions: 199,998, Global best: 55
[00:00:05:39:994] Valid states checked so far: 400,000, Expansions: 399,998, Global best: 55
[00:00:07:45:123] Path of length 54 found: [0, 1, 2, 3, 11, 12, 4, 5, 13, 21, 20, 28, 27, 26, 18, 17, 16, 24, 25, 33, 32, 40, 48, 56, 57, 49, 41, 42, 34, 35, 43, 51, 50, 58, 59, 60, 61, 53, 52, 44, 36, 37, 29, 30, 22, 14, 6, 7, 15, 23, 31, 39, 47, 55, 63]
[00:00:07:45:123] ! Unidirectional s-t. expansions: 540,981, time: 465,123 [ms], path length: 54 [edges], generated: 909,861
[00:00:00:00:060] Expansion 53: New longest path found with length 54: [63, 55, 47, 39, 31, 23, 15, 7, 6, 5, 4, 3, 11, 12, 20, 28, 29, 21, 13, 14, 22, 30, 38, 37, 36, 35, 27, 26, 18, 17, 25, 33, 34, 42, 41, 49, 50, 51, 43, 44, 45, 53, 52, 60, 59, 58, 57, 56, 48, 40, 32, 24, 16, 8, 0]
[00:00:02:50:986] Valid states checked so far: 200,000, Expansions: 199,999, Global best: 55
[00:00:05:57:190] Valid states checked so far: 400,000, Expansions: 399,999, Global best: 55
[00:00:08:58:525] Valid states checked so far: 600,000, Expansions: 599,999, Global best: 55
[00:00:11:05:484] Path of length 54 found: [63, 55, 47, 39, 31, 23, 15, 7, 6, 5, 4, 3, 11, 12, 20, 28, 29, 21, 13, 14, 22, 30, 38, 37, 36, 35, 27, 26, 18, 17, 25, 33, 34, 42, 41, 49, 50, 51, 43, 44, 45, 53, 52, 60, 59, 58, 57, 56, 48, 40, 32, 24, 16, 8, 0]
[00:00:11:05:484] ! Unidirectional t-s. expansions: 729,797, time: 665,484 [ms], path length: 54 [edges], generated: 1,333,905
[00:00:00:00:038] Expansion 27:New longest path found with length 54: [0, 1, 2, 3, 11, 12, 4, 5, 13, 21, 20, 28, 27, 26, 18, 17, 16, 24, 32, 40, 48, 56, 57, 58, 59, 60, 61, 53, 45, 44, 52, 51, 43, 42, 50, 49, 41, 33, 34, 35, 36, 37, 29, 30, 22, 14, 6, 7, 15, 23, 31, 39, 47, 55, 63]
[00:00:02:02:869] Path of length 54 found: [0, 1, 2, 3, 11, 12, 4, 5, 13, 21, 20, 28, 27, 26, 18, 17, 16, 24, 32, 40, 48, 56, 57, 58, 59, 60, 61, 53, 45, 44, 52, 51, 43, 42, 50, 49, 41, 33, 34, 35, 36, 37, 29, 30, 22, 14, 6, 7, 15, 23, 31, 39, 47, 55, 63]
[00:00:02:03:323] ! Bidirectional. expansions: 116,980, time: 122,869 [ms], path length: 54 [edges], g_F: 27, g_B: 27, generated: {'F': 225,044, 'B': 213,129}, MM: 0, MMPER: -1.0%
[00:00:02:03:323] 
---------- SM_Grids/8x8_grid_with_random_blocks_8per_6 ----------
[00:00:00:00:064] Expansion 55: New longest path found with length 56: [0, 8, 16, 24, 32, 40, 48, 49, 41, 33, 25, 17, 9, 1, 2, 10, 18, 26, 34, 42, 50, 58, 59, 51, 43, 35, 27, 19, 11, 3, 4, 12, 20, 28, 36, 44, 52, 53, 45, 37, 29, 21, 13, 5, 6, 14, 15, 23, 22, 30, 31, 39, 38, 46, 54, 62, 63]
[00:00:02:12:132] Valid states checked so far: 200,000, Expansions: 199,998, Global best: 57
[00:00:04:31:512] Valid states checked so far: 400,000, Expansions: 399,998, Global best: 57
[00:00:06:51:981] Valid states checked so far: 600,000, Expansions: 599,998, Global best: 57
[00:00:09:08:979] Valid states checked so far: 800,000, Expansions: 799,998, Global best: 57
[00:00:11:29:506] Valid states checked so far: 1,000,000, Expansions: 999,998, Global best: 57
[00:00:13:58:926] Valid states checked so far: 1,200,000, Expansions: 1,199,998, Global best: 57
[00:00:16:28:619] Valid states checked so far: 1,400,000, Expansions: 1,399,998, Global best: 57
[00:00:18:58:980] Valid states checked so far: 1,600,000, Expansions: 1,599,998, Global best: 57
[00:00:21:27:768] Valid states checked so far: 1,800,000, Expansions: 1,799,998, Global best: 57
[00:00:23:58:194] Valid states checked so far: 2,000,000, Expansions: 1,999,998, Global best: 57
[00:00:26:31:373] Valid states checked so far: 2,200,000, Expansions: 2,199,998, Global best: 57
[00:00:29:00:671] Valid states checked so far: 2,400,000, Expansions: 2,399,998, Global best: 57
[00:00:31:24:032] Valid states checked so far: 2,600,000, Expansions: 2,599,998, Global best: 57
[00:00:33:46:022] Valid states checked so far: 2,800,000, Expansions: 2,799,998, Global best: 57
[00:00:36:12:891] Valid states checked so far: 3,000,000, Expansions: 2,999,998, Global best: 57
[00:00:38:36:044] Valid states checked so far: 3,200,000, Expansions: 3,199,998, Global best: 57
[00:00:41:11:033] Valid states checked so far: 3,400,000, Expansions: 3,399,998, Global best: 57
[00:00:43:33:519] Valid states checked so far: 3,600,000, Expansions: 3,599,998, Global best: 57
[00:00:46:00:299] Valid states checked so far: 3,800,000, Expansions: 3,799,998, Global best: 57
[00:00:48:29:596] Valid states checked so far: 4,000,000, Expansions: 3,999,998, Global best: 57
[00:00:50:52:987] Valid states checked so far: 4,200,000, Expansions: 4,199,998, Global best: 57
[00:00:53:16:361] Valid states checked so far: 4,400,000, Expansions: 4,399,998, Global best: 57
[00:00:55:45:776] Valid states checked so far: 4,600,000, Expansions: 4,599,998, Global best: 57
[00:00:58:14:422] Valid states checked so far: 4,800,000, Expansions: 4,799,998, Global best: 57
[00:01:00:33:818] Valid states checked so far: 5,000,000, Expansions: 4,999,998, Global best: 57
[00:01:02:53:919] Valid states checked so far: 5,200,000, Expansions: 5,199,998, Global best: 57
[00:01:05:35:884] Valid states checked so far: 5,400,000, Expansions: 5,399,998, Global best: 57
[00:01:07:59:837] Valid states checked so far: 5,600,000, Expansions: 5,599,998, Global best: 57
[00:01:10:24:778] Valid states checked so far: 5,800,000, Expansions: 5,799,998, Global best: 57
[00:01:12:59:681] Valid states checked so far: 6,000,000, Expansions: 5,999,998, Global best: 57
[00:01:15:25:424] Valid states checked so far: 6,200,000, Expansions: 6,199,998, Global best: 57
[00:01:17:52:190] Valid states checked so far: 6,400,000, Expansions: 6,399,998, Global best: 57
[00:01:20:13:509] Valid states checked so far: 6,600,000, Expansions: 6,599,998, Global best: 57
[00:01:22:33:734] Valid states checked so far: 6,800,000, Expansions: 6,799,998, Global best: 57
[00:01:25:12:127] Valid states checked so far: 7,000,000, Expansions: 6,999,998, Global best: 57
[00:01:27:36:998] Valid states checked so far: 7,200,000, Expansions: 7,199,998, Global best: 57
[00:01:30:00:456] Valid states checked so far: 7,400,000, Expansions: 7,399,998, Global best: 57
[00:01:32:23:767] Valid states checked so far: 7,600,000, Expansions: 7,599,998, Global best: 57
[00:01:34:43:120] Valid states checked so far: 7,800,000, Expansions: 7,799,998, Global best: 57
[00:01:37:23:389] Valid states checked so far: 8,000,000, Expansions: 7,999,998, Global best: 57
[00:01:39:45:698] Valid states checked so far: 8,200,000, Expansions: 8,199,998, Global best: 57
[00:01:42:12:089] Valid states checked so far: 8,400,000, Expansions: 8,399,998, Global best: 57
[00:01:44:36:954] Valid states checked so far: 8,600,000, Expansions: 8,599,998, Global best: 57
[00:01:47:00:806] Valid states checked so far: 8,800,000, Expansions: 8,799,998, Global best: 57
[00:01:49:31:019] Valid states checked so far: 9,000,000, Expansions: 8,999,998, Global best: 57
[00:01:52:14:514] Valid states checked so far: 9,200,000, Expansions: 9,199,998, Global best: 57
[00:01:54:37:281] Valid states checked so far: 9,400,000, Expansions: 9,399,998, Global best: 57
[00:01:56:56:620] Valid states checked so far: 9,600,000, Expansions: 9,599,998, Global best: 57
[00:01:59:14:229] Valid states checked so far: 9,800,000, Expansions: 9,799,998, Global best: 57
[00:02:01:36:710] Valid states checked so far: 10,000,000, Expansions: 9,999,998, Global best: 57
[00:02:03:57:279] Valid states checked so far: 10,200,000, Expansions: 10,199,998, Global best: 57
[00:02:06:18:937] Valid states checked so far: 10,400,000, Expansions: 10,399,998, Global best: 57
[00:02:08:58:039] Valid states checked so far: 10,600,000, Expansions: 10,599,998, Global best: 57
[00:02:11:26:405] Valid states checked so far: 10,800,000, Expansions: 10,799,998, Global best: 57
[00:02:11:28:802] Path of length 56 found: [0, 8, 16, 24, 32, 40, 48, 49, 41, 33, 25, 17, 9, 1, 2, 10, 18, 26, 34, 42, 50, 58, 59, 51, 43, 35, 27, 19, 11, 3, 4, 12, 20, 28, 36, 44, 52, 53, 45, 37, 29, 21, 13, 5, 6, 14, 15, 23, 22, 30, 31, 39, 38, 46, 54, 62, 63]
[00:02:11:28:803] ! Unidirectional s-t. expansions: 10,803,333, time: 7,888,802 [ms], path length: 56 [edges], generated: 17,151,992
[00:00:00:00:035] Expansion 17: New longest path found with length 18: [63, 62, 61, 53, 54, 46, 47, 39, 31, 23, 15, 14, 6, 5, 4, 3, 2, 1, 0]
[00:00:00:00:073] Expansion 55: New longest path found with length 56: [63, 62, 61, 53, 54, 46, 47, 39, 31, 23, 15, 14, 6, 5, 4, 3, 2, 1, 9, 17, 25, 33, 41, 42, 34, 26, 18, 10, 11, 19, 27, 35, 36, 28, 20, 12, 13, 21, 22, 30, 29, 37, 45, 44, 43, 51, 59, 58, 50, 49, 48, 40, 32, 24, 16, 8, 0]
[00:00:03:10:711] Valid states checked so far: 200,000, Expansions: 199,999, Global best: 57
[00:00:06:17:006] Valid states checked so far: 400,000, Expansions: 399,999, Global best: 57
[00:00:09:26:722] Valid states checked so far: 600,000, Expansions: 599,999, Global best: 57
[00:00:12:36:424] Valid states checked so far: 800,000, Expansions: 799,999, Global best: 57
[00:00:15:39:791] Valid states checked so far: 1,000,000, Expansions: 999,999, Global best: 57
[00:00:19:54:340] Valid states checked so far: 1,200,000, Expansions: 1,199,999, Global best: 57
[00:00:21:52:701] Path of length 56 found: [63, 62, 61, 53, 54, 46, 47, 39, 31, 23, 15, 14, 6, 5, 4, 3, 2, 1, 9, 17, 25, 33, 41, 42, 34, 26, 18, 10, 11, 19, 27, 35, 36, 28, 20, 12, 13, 21, 22, 30, 29, 37, 45, 44, 43, 51, 59, 58, 50, 49, 48, 40, 32, 24, 16, 8, 0]
[00:00:21:52:703] ! Unidirectional t-s. expansions: 1,332,439, time: 1,312,701 [ms], path length: 56 [edges], generated: 2,364,591
[00:00:00:00:051] Expansion 30:New longest path found with length 56: [0, 8, 16, 24, 32, 40, 48, 49, 41, 33, 25, 17, 9, 1, 2, 10, 18, 26, 34, 42, 50, 58, 59, 51, 43, 44, 45, 37, 29, 30, 22, 21, 13, 12, 20, 28, 36, 35, 27, 19, 11, 3, 4, 5, 6, 14, 15, 23, 31, 39, 47, 46, 54, 53, 61, 62, 63]
[00:00:03:00:130] Valid meeting checks so far: 200,000, state_vs_state: 1,057, state_vs_prefix: 0, prefix_vs_prefix: 198,943
[00:00:05:51:517] Valid meeting checks so far: 400,000, state_vs_state: 1,897, state_vs_prefix: 0, prefix_vs_prefix: 398,103
[00:00:08:43:777] Valid meeting checks so far: 600,000, state_vs_state: 2,803, state_vs_prefix: 0, prefix_vs_prefix: 597,197
[00:00:11:25:570] Valid meeting checks so far: 800,000, state_vs_state: 3,895, state_vs_prefix: 0, prefix_vs_prefix: 796,105
[00:00:14:17:416] Valid meeting checks so far: 1,000,000, state_vs_state: 4,875, state_vs_prefix: 0, prefix_vs_prefix: 995,125
[00:00:17:11:329] Valid meeting checks so far: 1,200,000, state_vs_state: 5,778, state_vs_prefix: 0, prefix_vs_prefix: 1,194,222
[00:00:19:58:657] Valid meeting checks so far: 1,400,000, state_vs_state: 6,490, state_vs_prefix: 0, prefix_vs_prefix: 1,393,510
[00:00:22:59:009] Valid meeting checks so far: 1,600,000, state_vs_state: 7,412, state_vs_prefix: 0, prefix_vs_prefix: 1,592,588
[00:00:25:54:335] Valid meeting checks so far: 1,800,000, state_vs_state: 8,515, state_vs_prefix: 0, prefix_vs_prefix: 1,791,485
[00:00:28:53:276] Valid meeting checks so far: 2,000,000, state_vs_state: 9,359, state_vs_prefix: 0, prefix_vs_prefix: 1,990,641
[00:00:29:07:813] Path of length 56 found: [0, 8, 16, 24, 32, 40, 48, 49, 41, 33, 25, 17, 9, 1, 2, 10, 18, 26, 34, 42, 50, 58, 59, 51, 43, 44, 45, 37, 29, 30, 22, 21, 13, 12, 20, 28, 36, 35, 27, 19, 11, 3, 4, 5, 6, 14, 15, 23, 31, 39, 47, 46, 54, 53, 61, 62, 63]
[00:00:29:08:268] ! Bidirectional. expansions: 1,734,135, time: 1,747,813 [ms], path length: 56 [edges], g_F: 28, g_B: 28, generated: {'F': 3,264,457, 'B': 3,380,060}, MM: 0, MMPER: -1.0%
[00:00:29:08:268] 
---------- SM_Grids/8x8_grid_with_random_blocks_8per_7 ----------
[00:00:00:00:061] Expansion 49: New longest path found with length 50: [0, 8, 16, 24, 32, 40, 48, 56, 57, 49, 41, 33, 25, 17, 18, 10, 2, 3, 11, 12, 4, 5, 6, 14, 22, 23, 31, 30, 29, 21, 20, 28, 27, 26, 34, 35, 43, 51, 50, 58, 59, 60, 52, 44, 36, 37, 45, 53, 61, 62, 63]
[00:00:00:00:064] Expansion 55: New longest path found with length 56: [0, 8, 16, 24, 32, 40, 48, 56, 57, 49, 41, 33, 25, 17, 18, 10, 2, 3, 11, 12, 4, 5, 6, 14, 22, 23, 31, 30, 29, 21, 20, 28, 27, 26, 34, 35, 43, 51, 50, 58, 59, 60, 52, 44, 36, 37, 45, 53, 61, 62, 54, 46, 38, 39, 47, 55, 63]
[00:00:00:00:066] Path of length 56 found: [0, 8, 16, 24, 32, 40, 48, 56, 57, 49, 41, 33, 25, 17, 18, 10, 2, 3, 11, 12, 4, 5, 6, 14, 22, 23, 31, 30, 29, 21, 20, 28, 27, 26, 34, 35, 43, 51, 50, 58, 59, 60, 52, 44, 36, 37, 45, 53, 61, 62, 54, 46, 38, 39, 47, 55, 63]
[00:00:00:00:066] ! Unidirectional s-t. expansions: 56, time: 66 [ms], path length: 56 [edges], generated: 93
[00:00:00:00:059] Expansion 53: New longest path found with length 54: [63, 55, 47, 39, 31, 23, 22, 14, 6, 5, 4, 3, 2, 10, 11, 12, 20, 21, 29, 30, 38, 37, 36, 28, 27, 26, 18, 17, 25, 33, 34, 35, 43, 51, 52, 44, 45, 46, 54, 53, 61, 60, 59, 58, 50, 49, 57, 56, 48, 40, 32, 24, 16, 8, 0]
[00:00:00:00:091] Expansion 103: New longest path found with length 56: [63, 55, 47, 39, 31, 23, 22, 14, 6, 5, 4, 3, 2, 10, 11, 12, 20, 21, 29, 30, 38, 37, 36, 28, 27, 26, 18, 17, 25, 33, 34, 35, 43, 44, 52, 53, 45, 46, 54, 62, 61, 60, 59, 51, 50, 58, 57, 56, 48, 49, 41, 40, 32, 24, 16, 8, 0]
[00:00:01:24:120] Path of length 56 found: [63, 55, 47, 39, 31, 23, 22, 14, 6, 5, 4, 3, 2, 10, 11, 12, 20, 21, 29, 30, 38, 37, 36, 28, 27, 26, 18, 17, 25, 33, 34, 35, 43, 44, 52, 53, 45, 46, 54, 62, 61, 60, 59, 51, 50, 58, 57, 56, 48, 49, 41, 40, 32, 24, 16, 8, 0]
[00:00:01:24:121] ! Unidirectional t-s. expansions: 79,760, time: 84,120 [ms], path length: 56 [edges], generated: 128,797
[00:00:00:00:040] Expansion 28:New longest path found with length 56: [0, 8, 16, 24, 32, 40, 48, 56, 57, 49, 41, 33, 25, 17, 18, 26, 34, 35, 27, 28, 36, 44, 43, 51, 50, 58, 59, 60, 52, 53, 61, 62, 54, 46, 45, 37, 38, 30, 29, 21, 20, 12, 11, 10, 2, 3, 4, 5, 6, 14, 22, 23, 31, 39, 47, 55, 63]
[00:00:00:00:043] Path of length 56 found: [0, 8, 16, 24, 32, 40, 48, 56, 57, 49, 41, 33, 25, 17, 18, 26, 34, 35, 27, 28, 36, 44, 43, 51, 50, 58, 59, 60, 52, 53, 61, 62, 54, 46, 45, 37, 38, 30, 29, 21, 20, 12, 11, 10, 2, 3, 4, 5, 6, 14, 22, 23, 31, 39, 47, 55, 63]
[00:00:00:00:483] ! Bidirectional. expansions: 28, time: 43 [ms], path length: 56 [edges], g_F: 28, g_B: 28, generated: {'F': 50, 'B': 49}, MM: 0, MMPER: -1.0%
[00:00:00:00:484] 
---------- SM_Grids/8x8_grid_with_random_blocks_8per_8 ----------
[00:00:00:00:063] Expansion 49: New longest path found with length 50: [0, 1, 9, 17, 16, 24, 32, 33, 25, 26, 18, 10, 2, 3, 11, 19, 27, 35, 34, 42, 41, 49, 48, 56, 57, 58, 59, 51, 43, 44, 36, 28, 20, 12, 4, 5, 6, 7, 15, 23, 31, 30, 29, 37, 45, 53, 52, 60, 61, 62, 63]
[00:00:00:00:066] Expansion 55: New longest path found with length 56: [0, 1, 9, 17, 16, 24, 32, 33, 25, 26, 18, 10, 2, 3, 11, 19, 27, 35, 34, 42, 41, 49, 48, 56, 57, 58, 59, 51, 43, 44, 36, 28, 20, 12, 4, 5, 6, 7, 15, 23, 31, 30, 29, 37, 45, 53, 52, 60, 61, 62, 54, 46, 38, 39, 47, 55, 63]
[00:00:00:00:082] Expansion 81: New longest path found with length 58: [0, 1, 9, 17, 16, 24, 32, 33, 25, 26, 18, 10, 2, 3, 11, 19, 27, 35, 34, 42, 41, 49, 48, 56, 57, 58, 59, 51, 43, 44, 36, 28, 20, 21, 13, 12, 4, 5, 6, 7, 15, 23, 31, 30, 29, 37, 45, 53, 52, 60, 61, 62, 54, 46, 38, 39, 47, 55, 63]
[00:00:00:00:084] Path of length 58 found: [0, 1, 9, 17, 16, 24, 32, 33, 25, 26, 18, 10, 2, 3, 11, 19, 27, 35, 34, 42, 41, 49, 48, 56, 57, 58, 59, 51, 43, 44, 36, 28, 20, 21, 13, 12, 4, 5, 6, 7, 15, 23, 31, 30, 29, 37, 45, 53, 52, 60, 61, 62, 54, 46, 38, 39, 47, 55, 63]
[00:00:00:00:084] ! Unidirectional s-t. expansions: 82, time: 84 [ms], path length: 58 [edges], generated: 132
[00:00:00:00:064] Expansion 55: New longest path found with length 56: [63, 55, 47, 39, 31, 23, 15, 7, 6, 5, 4, 3, 2, 10, 18, 26, 34, 42, 43, 35, 27, 19, 11, 12, 13, 21, 20, 28, 36, 44, 52, 53, 45, 37, 29, 30, 38, 46, 54, 62, 61, 60, 59, 58, 57, 56, 48, 49, 41, 33, 32, 24, 16, 17, 9, 1, 0]
[00:00:00:05:740] Expansion 7,989: New longest path found with length 58: [63, 55, 47, 39, 31, 23, 15, 7, 6, 5, 4, 3, 2, 10, 18, 19, 11, 12, 13, 21, 20, 28, 27, 35, 43, 51, 52, 44, 36, 37, 29, 30, 38, 46, 45, 53, 54, 62, 61, 60, 59, 58, 57, 56, 48, 49, 41, 42, 34, 26, 25, 33, 32, 24, 16, 17, 9, 1, 0]
[00:00:00:05:743] Path of length 58 found: [63, 55, 47, 39, 31, 23, 15, 7, 6, 5, 4, 3, 2, 10, 18, 19, 11, 12, 13, 21, 20, 28, 27, 35, 43, 51, 52, 44, 36, 37, 29, 30, 38, 46, 45, 53, 54, 62, 61, 60, 59, 58, 57, 56, 48, 49, 41, 42, 34, 26, 25, 33, 32, 24, 16, 17, 9, 1, 0]
[00:00:00:05:744] ! Unidirectional t-s. expansions: 7,990, time: 5,743 [ms], path length: 58 [edges], generated: 11,800
[00:00:00:00:034] Expansion 17:New longest path found with length 34: [0, 1, 9, 17, 16, 24, 32, 33, 25, 26, 18, 10, 2, 3, 11, 19, 27, 35, 36, 28, 20, 21, 13, 12, 4, 5, 6, 7, 15, 23, 31, 39, 47, 55, 63]
[00:00:00:00:041] Expansion 29:New longest path found with length 58: [0, 1, 9, 17, 16, 24, 32, 33, 25, 26, 18, 10, 2, 3, 11, 19, 27, 35, 34, 42, 41, 49, 48, 56, 57, 58, 59, 60, 61, 62, 54, 46, 38, 30, 29, 37, 45, 53, 52, 51, 43, 44, 36, 28, 20, 21, 13, 12, 4, 5, 6, 7, 15, 23, 31, 39, 47, 55, 63]
[00:00:00:00:043] Path of length 58 found: [0, 1, 9, 17, 16, 24, 32, 33, 25, 26, 18, 10, 2, 3, 11, 19, 27, 35, 34, 42, 41, 49, 48, 56, 57, 58, 59, 60, 61, 62, 54, 46, 38, 30, 29, 37, 45, 53, 52, 51, 43, 44, 36, 28, 20, 21, 13, 12, 4, 5, 6, 7, 15, 23, 31, 39, 47, 55, 63]
[00:00:00:00:471] ! Bidirectional. expansions: 29, time: 44 [ms], path length: 58 [edges], g_F: 29, g_B: 29, generated: {'F': 51, 'B': 54}, MM: 0, MMPER: -1.0%
[00:00:00:00:471] 
---------- SM_Grids/8x8_grid_with_random_blocks_8per_9 ----------
[00:00:00:00:062] Expansion 49: New longest path found with length 50: [0, 8, 16, 24, 32, 40, 48, 56, 57, 49, 50, 58, 59, 51, 43, 42, 34, 33, 25, 26, 18, 10, 2, 3, 11, 19, 27, 35, 36, 28, 20, 12, 4, 5, 6, 7, 15, 14, 13, 21, 22, 30, 29, 37, 45, 53, 52, 60, 61, 62, 63]
[00:00:00:00:064] Expansion 55: New longest path found with length 56: [0, 8, 16, 24, 32, 40, 48, 56, 57, 49, 50, 58, 59, 51, 43, 42, 34, 33, 25, 26, 18, 10, 2, 3, 11, 19, 27, 35, 36, 28, 20, 12, 4, 5, 6, 7, 15, 14, 13, 21, 22, 30, 29, 37, 45, 53, 52, 60, 61, 62, 54, 46, 38, 39, 47, 55, 63]
[00:00:00:14:421] Path of length 56 found: [0, 8, 16, 24, 32, 40, 48, 56, 57, 49, 50, 58, 59, 51, 43, 42, 34, 33, 25, 26, 18, 10, 2, 3, 11, 19, 27, 35, 36, 28, 20, 12, 4, 5, 6, 7, 15, 14, 13, 21, 22, 30, 29, 37, 45, 53, 52, 60, 61, 62, 54, 46, 38, 39, 47, 55, 63]
[00:00:00:14:422] ! Unidirectional s-t. expansions: 14,774, time: 14,421 [ms], path length: 56 [edges], generated: 25,445
[00:00:00:00:062] Expansion 53: New longest path found with length 54: [63, 55, 47, 39, 31, 30, 22, 14, 15, 7, 6, 5, 4, 3, 2, 10, 18, 26, 25, 33, 34, 42, 50, 51, 43, 35, 27, 19, 11, 12, 13, 21, 20, 28, 36, 37, 38, 46, 45, 53, 54, 62, 61, 60, 59, 58, 57, 49, 48, 40, 32, 24, 16, 8, 0]
[00:00:00:00:332] Expansion 444: New longest path found with length 56: [63, 55, 47, 39, 31, 30, 22, 14, 15, 7, 6, 5, 4, 3, 2, 10, 18, 26, 25, 33, 34, 42, 43, 35, 27, 19, 11, 12, 13, 21, 20, 28, 36, 37, 38, 46, 45, 53, 54, 62, 61, 60, 52, 51, 59, 58, 50, 49, 57, 56, 48, 40, 32, 24, 16, 8, 0]
[00:00:03:08:125] Path of length 56 found: [63, 55, 47, 39, 31, 30, 22, 14, 15, 7, 6, 5, 4, 3, 2, 10, 18, 26, 25, 33, 34, 42, 43, 35, 27, 19, 11, 12, 13, 21, 20, 28, 36, 37, 38, 46, 45, 53, 54, 62, 61, 60, 52, 51, 59, 58, 50, 49, 57, 56, 48, 40, 32, 24, 16, 8, 0]
[00:00:03:08:126] ! Unidirectional t-s. expansions: 179,201, time: 188,126 [ms], path length: 56 [edges], generated: 308,984
[00:00:00:00:044] Expansion 30:New longest path found with length 56: [0, 8, 16, 24, 32, 40, 48, 56, 57, 49, 50, 58, 59, 51, 52, 60, 61, 62, 54, 53, 45, 46, 38, 37, 29, 21, 13, 12, 11, 19, 27, 28, 36, 35, 43, 42, 34, 33, 25, 26, 18, 10, 2, 3, 4, 5, 6, 7, 15, 14, 22, 30, 31, 39, 47, 55, 63]
[00:00:00:17:084] Path of length 56 found: [0, 8, 16, 24, 32, 40, 48, 56, 57, 49, 50, 58, 59, 51, 52, 60, 61, 62, 54, 53, 45, 46, 38, 37, 29, 21, 13, 12, 11, 19, 27, 28, 36, 35, 43, 42, 34, 33, 25, 26, 18, 10, 2, 3, 4, 5, 6, 7, 15, 14, 22, 30, 31, 39, 47, 55, 63]
[00:00:00:17:534] ! Bidirectional. expansions: 15,576, time: 17,084 [ms], path length: 56 [edges], g_F: 28, g_B: 28, generated: {'F': 30,095, 'B': 28,419}, MM: 0, MMPER: -1.0%

[00:00:00:17:534] average expansions: (1,331,523, 267,658, 225,468, 0)
[00:00:00:17:534] average time: (1,018,429, 260,336, 234,591, 0)
[00:00:00:17:534] X-DFBnB: 267,658 , 260,336 (expansions , time[ms])
[00:00:00:17:534] BiX-DFBnB: 225,468 , 234,591 (expansions , time[ms])

