Wed 18 Mar 2026 10:41:05 IST

SLURM_JOBID:		 16051546
SLURM_JOB_NODELIST:	 ise-cpu256-32 

--------------------------
date: SM_Grids
number_of_graphs: 10
graph_type: grid
size_of_graphs: [7, 9]
heuristic: bcc_heuristic
snake: True
run_uni: True
run_bi: True
run_multi: False
solution_vertices: []
algorithms: ['DFBnB']
bsd: False
cube_first_dims: 4
cube_buffer_dim: None
backward_sym_generation: False
sym_coil: False
prefix_set: None

---------- SM_Grids/7x9_grid_with_random_blocks_16per_0 ----------
[00:00:00:00:053] Expansion 13: New longest path found with length 14: [0, 1, 2, 3, 4, 13, 14, 23, 32, 41, 50, 59, 60, 61, 62]
[00:00:00:00:143] Expansion 47: New longest path found with length 16: [0, 1, 2, 3, 4, 13, 14, 23, 24, 33, 42, 41, 50, 59, 60, 61, 62]
[00:00:00:00:435] Expansion 149: New longest path found with length 24: [0, 1, 2, 11, 20, 19, 18, 27, 36, 45, 54, 55, 56, 47, 38, 39, 30, 31, 32, 41, 50, 59, 60, 61, 62]
[00:00:00:04:162] Path of length 24 found: [0, 1, 2, 11, 20, 19, 18, 27, 36, 45, 54, 55, 56, 47, 38, 39, 30, 31, 32, 41, 50, 59, 60, 61, 62]
[00:00:00:04:163] ! Unidirectional s-t. expansions: 1,618, time: 4,162 [ms], path length: 24 [edges], generated: 2,892
[00:00:00:00:934] Expansion 506: New longest path found with length 14: [62, 53, 44, 35, 34, 33, 24, 15, 14, 5, 4, 3, 2, 1, 0]
[00:00:00:05:134] Expansion 2,611: New longest path found with length 22: [62, 53, 44, 35, 34, 33, 32, 41, 40, 39, 48, 57, 56, 55, 46, 45, 36, 27, 18, 19, 10, 1, 0]
[00:00:00:05:159] Expansion 2,627: New longest path found with length 24: [62, 53, 44, 35, 34, 33, 32, 41, 40, 39, 48, 57, 56, 55, 46, 45, 36, 27, 18, 19, 20, 11, 2, 1, 0]
[00:00:00:08:732] Path of length 24 found: [62, 53, 44, 35, 34, 33, 32, 41, 40, 39, 48, 57, 56, 55, 46, 45, 36, 27, 18, 19, 20, 11, 2, 1, 0]
[00:00:00:08:732] ! Unidirectional t-s. expansions: 3,669, time: 8,732 [ms], path length: 24 [edges], generated: 5,421
[00:00:00:00:046] Expansion 7:New longest path found with length 14: [0, 1, 2, 3, 4, 13, 14, 23, 24, 33, 34, 35, 44, 53, 62]
[00:00:00:00:167] Expansion 47:New longest path found with length 24: [0, 1, 2, 11, 20, 19, 18, 27, 36, 45, 54, 55, 56, 47, 38, 39, 40, 41, 42, 33, 34, 35, 44, 53, 62]
[00:00:00:02:046] Path of length 24 found: [0, 1, 2, 11, 20, 19, 18, 27, 36, 45, 54, 55, 56, 47, 38, 39, 40, 41, 42, 33, 34, 35, 44, 53, 62]
[00:00:00:02:528] ! Bidirectional. expansions: 347, time: 2,046 [ms], path length: 24 [edges], g_F: 12, g_B: 12, generated: {'F': 516, 'B': 731}, MM: 0, MMPER: -1.0%
[00:00:00:02:528] 
---------- SM_Grids/7x9_grid_with_random_blocks_16per_1 ----------
[00:00:00:00:097] Expansion 27: New longest path found with length 28: [0, 9, 18, 19, 28, 37, 36, 45, 54, 55, 56, 57, 58, 49, 40, 31, 32, 23, 14, 5, 6, 7, 16, 25, 26, 35, 44, 53, 62]
[00:00:00:00:159] Expansion 52: New longest path found with length 32: [0, 9, 18, 19, 28, 37, 36, 45, 54, 55, 56, 57, 58, 59, 60, 51, 42, 33, 32, 31, 22, 13, 14, 5, 6, 7, 16, 25, 26, 35, 44, 53, 62]
[00:00:00:01:123] Expansion 339: New longest path found with length 34: [0, 9, 10, 19, 28, 27, 36, 45, 54, 55, 56, 47, 38, 39, 40, 49, 58, 59, 60, 51, 42, 33, 32, 23, 14, 5, 6, 7, 16, 25, 26, 35, 44, 53, 62]
[00:00:00:02:420] Expansion 729: New longest path found with length 38: [0, 1, 2, 3, 12, 21, 20, 19, 18, 27, 36, 45, 54, 55, 56, 47, 38, 39, 40, 49, 58, 59, 60, 51, 42, 33, 32, 23, 14, 5, 6, 7, 16, 25, 26, 35, 44, 53, 62]
[00:00:00:02:508] Path of length 38 found: [0, 1, 2, 3, 12, 21, 20, 19, 18, 27, 36, 45, 54, 55, 56, 47, 38, 39, 40, 49, 58, 59, 60, 51, 42, 33, 32, 23, 14, 5, 6, 7, 16, 25, 26, 35, 44, 53, 62]
[00:00:00:02:508] ! Unidirectional s-t. expansions: 756, time: 2,508 [ms], path length: 38 [edges], generated: 1,179
[00:00:00:00:071] Expansion 17: New longest path found with length 18: [62, 53, 44, 35, 26, 17, 16, 7, 6, 5, 14, 23, 22, 21, 12, 3, 2, 1, 0]
[00:00:00:00:687] Expansion 367: New longest path found with length 32: [62, 53, 44, 35, 26, 17, 16, 7, 6, 5, 14, 23, 22, 31, 40, 41, 42, 51, 60, 59, 58, 57, 56, 47, 38, 37, 36, 27, 18, 19, 10, 1, 0]
[00:00:00:00:742] Expansion 393: New longest path found with length 38: [62, 53, 44, 35, 26, 17, 16, 7, 6, 5, 14, 23, 32, 33, 42, 51, 60, 59, 58, 49, 40, 39, 38, 47, 56, 55, 54, 45, 36, 27, 18, 19, 20, 21, 12, 3, 2, 1, 0]
[00:00:00:01:024] Path of length 38 found: [62, 53, 44, 35, 26, 17, 16, 7, 6, 5, 14, 23, 32, 33, 42, 51, 60, 59, 58, 49, 40, 39, 38, 47, 56, 55, 54, 45, 36, 27, 18, 19, 20, 21, 12, 3, 2, 1, 0]
[00:00:00:01:025] ! Unidirectional t-s. expansions: 484, time: 1,025 [ms], path length: 38 [edges], generated: 647
[00:00:00:00:103] Expansion 14:New longest path found with length 28: [0, 9, 18, 19, 28, 37, 36, 45, 54, 55, 56, 57, 58, 49, 40, 31, 22, 13, 14, 5, 6, 7, 8, 17, 26, 35, 44, 53, 62]
[00:00:00:00:109] Expansion 18:New longest path found with length 32: [0, 9, 18, 19, 28, 37, 36, 45, 54, 55, 56, 57, 58, 59, 60, 51, 42, 41, 40, 31, 22, 13, 14, 5, 6, 7, 8, 17, 26, 35, 44, 53, 62]
[00:00:00:00:878] Expansion 240:New longest path found with length 34: [0, 9, 10, 19, 28, 27, 36, 45, 54, 55, 56, 47, 38, 39, 40, 49, 58, 59, 60, 51, 42, 33, 32, 23, 14, 5, 6, 7, 8, 17, 26, 35, 44, 53, 62]
[00:00:00:01:625] Expansion 420:New longest path found with length 38: [0, 1, 2, 3, 12, 21, 20, 19, 18, 27, 36, 45, 54, 55, 56, 47, 38, 39, 40, 49, 58, 59, 60, 51, 42, 33, 32, 23, 14, 5, 6, 7, 16, 17, 26, 35, 44, 53, 62]
[00:00:00:01:637] Path of length 38 found: [0, 1, 2, 3, 12, 21, 20, 19, 18, 27, 36, 45, 54, 55, 56, 47, 38, 39, 40, 49, 58, 59, 60, 51, 42, 33, 32, 23, 14, 5, 6, 7, 16, 17, 26, 35, 44, 53, 62]
[00:00:00:02:067] ! Bidirectional. expansions: 422, time: 1,637 [ms], path length: 38 [edges], g_F: 19, g_B: 19, generated: {'F': 618, 'B': 620}, MM: 0, MMPER: -1.0%
[00:00:00:02:067] 
---------- SM_Grids/7x9_grid_with_random_blocks_16per_2 ----------
[00:00:00:00:097] Expansion 26: New longest path found with length 24: [0, 9, 10, 19, 28, 37, 38, 39, 30, 31, 22, 13, 4, 5, 6, 15, 16, 25, 26, 35, 44, 43, 52, 61, 62]
[00:00:00:01:297] Expansion 525: New longest path found with length 26: [0, 1, 2, 11, 20, 19, 28, 37, 38, 39, 30, 31, 32, 23, 14, 5, 6, 7, 16, 25, 26, 35, 44, 43, 52, 61, 62]
[00:00:00:03:038] Path of length 26 found: [0, 1, 2, 11, 20, 19, 28, 37, 38, 39, 30, 31, 32, 23, 14, 5, 6, 7, 16, 25, 26, 35, 44, 43, 52, 61, 62]
[00:00:00:03:038] ! Unidirectional s-t. expansions: 1,302, time: 3,038 [ms], path length: 26 [edges], generated: 1,949
[00:00:00:00:348] Expansion 147: New longest path found with length 14: [62, 53, 52, 51, 50, 49, 48, 39, 38, 37, 28, 19, 10, 1, 0]
[00:00:00:00:472] Expansion 202: New longest path found with length 16: [62, 53, 52, 51, 50, 49, 48, 39, 38, 37, 28, 19, 20, 11, 2, 1, 0]
[00:00:00:00:724] Expansion 312: New longest path found with length 20: [62, 53, 52, 51, 50, 49, 48, 39, 30, 31, 32, 23, 14, 5, 4, 3, 2, 11, 10, 9, 0]
[00:00:00:01:251] Expansion 531: New longest path found with length 22: [62, 53, 44, 35, 26, 17, 8, 7, 6, 5, 4, 13, 22, 31, 40, 39, 38, 37, 28, 19, 10, 1, 0]
[00:00:00:01:257] Expansion 535: New longest path found with length 24: [62, 53, 44, 35, 26, 17, 8, 7, 6, 5, 4, 13, 22, 31, 40, 39, 38, 37, 28, 19, 20, 11, 2, 1, 0]
[00:00:00:02:672] Expansion 948: New longest path found with length 26: [62, 61, 52, 43, 44, 35, 26, 17, 8, 7, 6, 5, 4, 13, 22, 31, 40, 39, 38, 37, 28, 19, 20, 11, 2, 1, 0]
[00:00:00:04:300] Path of length 26 found: [62, 61, 52, 43, 44, 35, 26, 17, 8, 7, 6, 5, 4, 13, 22, 31, 40, 39, 38, 37, 28, 19, 20, 11, 2, 1, 0]
[00:00:00:04:300] ! Unidirectional t-s. expansions: 1,432, time: 4,300 [ms], path length: 26 [edges], generated: 2,447
[00:00:00:00:066] Expansion 10:New longest path found with length 20: [0, 9, 10, 11, 2, 3, 4, 5, 14, 23, 22, 31, 30, 39, 48, 49, 50, 51, 52, 53, 62]
[00:00:00:00:184] Expansion 30:New longest path found with length 22: [0, 9, 10, 19, 28, 37, 38, 39, 30, 31, 22, 13, 4, 5, 6, 7, 8, 17, 26, 35, 44, 53, 62]
[00:00:00:00:396] Expansion 88:New longest path found with length 24: [0, 9, 10, 19, 28, 37, 38, 39, 30, 31, 22, 13, 4, 5, 6, 7, 8, 17, 26, 35, 44, 43, 52, 61, 62]
[00:00:00:01:365] Expansion 325:New longest path found with length 26: [0, 1, 2, 11, 20, 19, 28, 37, 38, 39, 30, 31, 22, 13, 4, 5, 6, 7, 8, 17, 26, 35, 44, 43, 52, 61, 62]
[00:00:00:01:461] Path of length 26 found: [0, 1, 2, 11, 20, 19, 28, 37, 38, 39, 30, 31, 22, 13, 4, 5, 6, 7, 8, 17, 26, 35, 44, 43, 52, 61, 62]
[00:00:00:01:887] ! Bidirectional. expansions: 346, time: 1,461 [ms], path length: 26 [edges], g_F: 13, g_B: 13, generated: {'F': 655, 'B': 581}, MM: 0, MMPER: -1.0%
[00:00:00:01:887] 
---------- SM_Grids/7x9_grid_with_random_blocks_16per_3 ----------
[00:00:00:00:218] Expansion 106: New longest path found with length 24: [0, 9, 18, 27, 36, 45, 46, 47, 38, 29, 20, 11, 2, 3, 4, 13, 22, 31, 40, 49, 50, 51, 52, 61, 62]
[00:00:00:00:245] Expansion 122: New longest path found with length 32: [0, 9, 18, 27, 36, 45, 46, 47, 38, 29, 20, 11, 2, 3, 4, 13, 22, 31, 32, 33, 24, 15, 6, 7, 8, 17, 26, 35, 44, 43, 52, 61, 62]
[00:00:00:00:288] Expansion 143: New longest path found with length 34: [0, 9, 18, 27, 36, 45, 46, 47, 38, 29, 20, 11, 2, 3, 4, 13, 14, 15, 6, 7, 8, 17, 26, 35, 34, 33, 32, 31, 40, 49, 50, 51, 52, 61, 62]
[00:00:00:01:375] Path of length 34 found: [0, 9, 18, 27, 36, 45, 46, 47, 38, 29, 20, 11, 2, 3, 4, 13, 14, 15, 6, 7, 8, 17, 26, 35, 34, 33, 32, 31, 40, 49, 50, 51, 52, 61, 62]
[00:00:00:01:375] ! Unidirectional s-t. expansions: 441, time: 1,375 [ms], path length: 34 [edges], generated: 682
[00:00:00:00:117] Expansion 34: New longest path found with length 28: [62, 61, 52, 43, 44, 35, 26, 17, 8, 7, 6, 15, 24, 23, 32, 31, 40, 49, 48, 47, 46, 45, 36, 27, 18, 19, 10, 1, 0]
[00:00:00:00:127] Expansion 40: New longest path found with length 32: [62, 61, 52, 43, 44, 35, 26, 17, 8, 7, 6, 15, 24, 23, 32, 31, 40, 49, 48, 47, 46, 45, 36, 27, 18, 19, 20, 21, 12, 3, 2, 1, 0]
[00:00:00:02:201] Expansion 705: New longest path found with length 34: [62, 61, 52, 51, 42, 33, 34, 35, 26, 17, 8, 7, 6, 15, 14, 13, 4, 3, 2, 11, 20, 21, 30, 31, 40, 49, 48, 47, 46, 45, 36, 27, 18, 9, 0]
[00:00:00:02:631] Path of length 34 found: [62, 61, 52, 51, 42, 33, 34, 35, 26, 17, 8, 7, 6, 15, 14, 13, 4, 3, 2, 11, 20, 21, 30, 31, 40, 49, 48, 47, 46, 45, 36, 27, 18, 9, 0]
[00:00:00:02:631] ! Unidirectional t-s. expansions: 830, time: 2,631 [ms], path length: 34 [edges], generated: 1,431
[00:00:00:00:072] Expansion 13:New longest path found with length 26: [0, 9, 18, 27, 36, 45, 46, 47, 38, 39, 40, 31, 22, 13, 14, 15, 6, 7, 8, 17, 26, 35, 44, 43, 52, 61, 62]
[00:00:00:00:086] Expansion 18:New longest path found with length 30: [0, 9, 18, 27, 36, 45, 46, 47, 38, 39, 30, 21, 20, 11, 2, 3, 4, 13, 14, 15, 6, 7, 8, 17, 26, 35, 44, 43, 52, 61, 62]
[00:00:00:00:105] Expansion 25:New longest path found with length 32: [0, 9, 18, 27, 36, 45, 46, 47, 38, 29, 20, 11, 2, 3, 4, 13, 22, 31, 32, 33, 24, 15, 6, 7, 8, 17, 26, 35, 44, 43, 52, 61, 62]
[00:00:00:00:272] Expansion 67:New longest path found with length 34: [0, 9, 18, 27, 36, 45, 46, 47, 48, 49, 40, 31, 30, 21, 20, 11, 2, 3, 4, 13, 14, 15, 6, 7, 8, 17, 26, 35, 34, 33, 42, 51, 52, 61, 62]
[00:00:00:00:699] Path of length 34 found: [0, 9, 18, 27, 36, 45, 46, 47, 48, 49, 40, 31, 30, 21, 20, 11, 2, 3, 4, 13, 14, 15, 6, 7, 8, 17, 26, 35, 34, 33, 42, 51, 52, 61, 62]
[00:00:00:01:146] ! Bidirectional. expansions: 134, time: 699 [ms], path length: 34 [edges], g_F: 17, g_B: 17, generated: {'F': 240, 'B': 213}, MM: 0, MMPER: -1.0%
[00:00:00:01:146] 
---------- SM_Grids/7x9_grid_with_random_blocks_16per_4 ----------
[00:00:00:00:065] Expansion 15: New longest path found with length 16: [0, 1, 10, 19, 18, 27, 36, 37, 46, 47, 48, 49, 58, 59, 60, 61, 62]
[00:00:00:00:304] Expansion 90: New longest path found with length 20: [0, 1, 10, 19, 20, 21, 12, 3, 4, 5, 6, 15, 16, 17, 26, 35, 34, 43, 52, 61, 62]
[00:00:00:01:190] Expansion 331: New longest path found with length 24: [0, 9, 18, 27, 36, 37, 38, 29, 20, 11, 12, 3, 4, 5, 14, 15, 16, 17, 26, 35, 34, 43, 52, 61, 62]
[00:00:00:01:320] Expansion 377: New longest path found with length 26: [0, 9, 18, 27, 36, 37, 38, 29, 20, 11, 12, 13, 22, 31, 32, 33, 24, 15, 16, 17, 26, 35, 44, 43, 52, 61, 62]
[00:00:00:02:053] Path of length 26 found: [0, 9, 18, 27, 36, 37, 38, 29, 20, 11, 12, 13, 22, 31, 32, 33, 24, 15, 16, 17, 26, 35, 44, 43, 52, 61, 62]
[00:00:00:02:053] ! Unidirectional s-t. expansions: 580, time: 2,053 [ms], path length: 26 [edges], generated: 886
[00:00:00:00:860] Expansion 485: New longest path found with length 16: [62, 61, 60, 59, 50, 49, 48, 47, 46, 37, 36, 27, 18, 19, 10, 1, 0]
[00:00:00:09:238] Expansion 5,199: New longest path found with length 20: [62, 61, 52, 43, 44, 35, 26, 17, 16, 7, 6, 5, 14, 23, 22, 21, 12, 11, 10, 1, 0]
[00:00:00:09:257] Expansion 5,207: New longest path found with length 24: [62, 61, 52, 43, 44, 35, 26, 17, 16, 7, 6, 5, 14, 23, 22, 21, 20, 29, 38, 37, 36, 27, 18, 9, 0]
[00:00:00:09:740] Expansion 5,348: New longest path found with length 26: [62, 61, 52, 43, 44, 35, 26, 17, 16, 15, 24, 33, 32, 31, 22, 13, 12, 11, 20, 29, 38, 37, 36, 27, 18, 9, 0]
[00:00:00:12:330] Path of length 26 found: [62, 61, 52, 43, 44, 35, 26, 17, 16, 15, 24, 33, 32, 31, 22, 13, 12, 11, 20, 29, 38, 37, 36, 27, 18, 9, 0]
[00:00:00:12:331] ! Unidirectional t-s. expansions: 5,993, time: 12,331 [ms], path length: 26 [edges], generated: 8,430
[00:00:00:00:054] Expansion 9:New longest path found with length 16: [0, 1, 10, 11, 20, 29, 28, 37, 46, 47, 48, 49, 50, 59, 60, 61, 62]
[00:00:00:00:155] Expansion 33:New longest path found with length 20: [0, 1, 10, 19, 20, 21, 12, 3, 4, 5, 14, 15, 16, 17, 26, 35, 44, 43, 52, 61, 62]
[00:00:00:00:418] Expansion 88:New longest path found with length 24: [0, 9, 18, 27, 36, 37, 38, 29, 20, 11, 12, 13, 4, 5, 6, 7, 16, 17, 26, 35, 44, 43, 52, 61, 62]
[00:00:00:00:448] Expansion 100:New longest path found with length 26: [0, 9, 18, 27, 36, 37, 38, 29, 20, 11, 12, 13, 22, 31, 32, 33, 24, 15, 16, 17, 26, 35, 44, 43, 52, 61, 62]
[00:00:00:00:932] Path of length 26 found: [0, 9, 18, 27, 36, 37, 38, 29, 20, 11, 12, 13, 22, 31, 32, 33, 24, 15, 16, 17, 26, 35, 44, 43, 52, 61, 62]
[00:00:00:01:404] ! Bidirectional. expansions: 180, time: 932 [ms], path length: 26 [edges], g_F: 13, g_B: 13, generated: {'F': 323, 'B': 269}, MM: 0, MMPER: -1.0%
[00:00:00:01:404] 
---------- SM_Grids/7x9_grid_with_random_blocks_16per_5 ----------
[00:00:00:00:089] Expansion 21: New longest path found with length 22: [0, 9, 18, 27, 36, 37, 38, 47, 56, 57, 58, 59, 50, 41, 32, 23, 24, 25, 34, 43, 52, 61, 62]
[00:00:00:00:124] Expansion 37: New longest path found with length 30: [0, 9, 18, 27, 36, 37, 38, 47, 56, 57, 58, 59, 50, 41, 40, 31, 30, 21, 12, 3, 4, 5, 14, 23, 24, 33, 34, 43, 52, 61, 62]
[00:00:00:01:628] Path of length 30 found: [0, 9, 18, 27, 36, 37, 38, 47, 56, 57, 58, 59, 50, 41, 40, 31, 30, 21, 12, 3, 4, 5, 14, 23, 24, 33, 34, 43, 52, 61, 62]
[00:00:00:01:628] ! Unidirectional s-t. expansions: 393, time: 1,628 [ms], path length: 30 [edges], generated: 754
[00:00:00:00:098] Expansion 29: New longest path found with length 30: [62, 53, 52, 43, 34, 25, 24, 23, 14, 5, 4, 3, 12, 21, 30, 31, 40, 41, 50, 59, 58, 57, 48, 47, 38, 37, 28, 19, 18, 9, 0]
[00:00:00:01:315] Path of length 30 found: [62, 53, 52, 43, 34, 25, 24, 23, 14, 5, 4, 3, 12, 21, 30, 31, 40, 41, 50, 59, 58, 57, 48, 47, 38, 37, 28, 19, 18, 9, 0]
[00:00:00:01:315] ! Unidirectional t-s. expansions: 343, time: 1,315 [ms], path length: 30 [edges], generated: 597
[00:00:00:00:142] Expansion 71:New longest path found with length 18: [0, 9, 18, 27, 36, 37, 38, 29, 30, 31, 32, 23, 24, 25, 34, 43, 52, 53, 62]
[00:00:00:00:153] Expansion 74:New longest path found with length 22: [0, 9, 18, 27, 36, 37, 38, 29, 30, 21, 12, 3, 4, 5, 14, 23, 24, 25, 34, 43, 52, 53, 62]
[00:00:00:00:184] Expansion 83:New longest path found with length 30: [0, 9, 18, 27, 36, 37, 38, 47, 56, 57, 58, 59, 50, 41, 40, 31, 30, 21, 12, 3, 4, 5, 14, 23, 24, 25, 34, 43, 52, 53, 62]
[00:00:00:01:685] Path of length 30 found: [0, 9, 18, 27, 36, 37, 38, 47, 56, 57, 58, 59, 50, 41, 40, 31, 30, 21, 12, 3, 4, 5, 14, 23, 24, 25, 34, 43, 52, 53, 62]
[00:00:00:02:107] ! Bidirectional. expansions: 299, time: 1,685 [ms], path length: 30 [edges], g_F: 15, g_B: 15, generated: {'F': 503, 'B': 518}, MM: 0, MMPER: -1.0%
[00:00:00:02:107] 
---------- SM_Grids/7x9_grid_with_random_blocks_16per_6 ----------
[00:00:00:00:136] Expansion 31: New longest path found with length 32: [0, 9, 10, 11, 2, 3, 4, 5, 14, 15, 16, 17, 26, 35, 34, 33, 42, 41, 40, 31, 30, 29, 28, 37, 46, 47, 56, 57, 58, 59, 60, 61, 62]
[00:00:00:03:428] Path of length 32 found: [0, 9, 10, 11, 2, 3, 4, 5, 14, 15, 16, 17, 26, 35, 34, 33, 42, 41, 40, 31, 30, 29, 28, 37, 46, 47, 56, 57, 58, 59, 60, 61, 62]
[00:00:00:03:428] ! Unidirectional s-t. expansions: 1,317, time: 3,428 [ms], path length: 32 [edges], generated: 1,926
[00:00:00:00:112] Expansion 34: New longest path found with length 24: [62, 61, 60, 59, 58, 49, 40, 41, 32, 23, 24, 25, 26, 17, 8, 7, 6, 5, 4, 3, 2, 11, 10, 9, 0]
[00:00:00:00:159] Expansion 59: New longest path found with length 28: [62, 61, 60, 59, 58, 49, 40, 41, 32, 23, 24, 25, 26, 17, 8, 7, 6, 5, 4, 3, 12, 21, 30, 29, 28, 19, 10, 1, 0]
[00:00:00:01:851] Expansion 641: New longest path found with length 32: [62, 61, 60, 59, 58, 57, 56, 47, 46, 37, 28, 19, 20, 21, 30, 31, 40, 41, 42, 33, 34, 25, 26, 17, 8, 7, 6, 5, 4, 3, 2, 1, 0]
[00:00:00:02:555] Path of length 32 found: [62, 61, 60, 59, 58, 57, 56, 47, 46, 37, 28, 19, 20, 21, 30, 31, 40, 41, 42, 33, 34, 25, 26, 17, 8, 7, 6, 5, 4, 3, 2, 1, 0]
[00:00:00:02:555] ! Unidirectional t-s. expansions: 891, time: 2,555 [ms], path length: 32 [edges], generated: 1,468
[00:00:00:00:050] Expansion 7:New longest path found with length 14: [0, 9, 10, 19, 20, 29, 30, 31, 40, 49, 58, 59, 60, 61, 62]
[00:00:00:00:080] Expansion 17:New longest path found with length 26: [0, 9, 10, 19, 20, 21, 12, 3, 4, 5, 6, 7, 8, 17, 26, 25, 24, 23, 32, 31, 40, 49, 58, 59, 60, 61, 62]
[00:00:00:00:223] Expansion 50:New longest path found with length 28: [0, 9, 10, 19, 28, 29, 30, 21, 12, 3, 4, 5, 6, 7, 8, 17, 26, 25, 24, 23, 32, 41, 40, 49, 58, 59, 60, 61, 62]
[00:00:00:00:326] Expansion 72:New longest path found with length 30: [0, 9, 10, 11, 2, 3, 4, 5, 14, 15, 16, 17, 26, 35, 34, 33, 42, 41, 40, 31, 30, 29, 38, 47, 56, 57, 58, 59, 60, 61, 62]
[00:00:00:00:362] Expansion 82:New longest path found with length 32: [0, 9, 10, 11, 2, 3, 4, 5, 14, 15, 16, 17, 26, 35, 34, 33, 42, 41, 40, 31, 30, 29, 28, 37, 46, 47, 56, 57, 58, 59, 60, 61, 62]
[00:00:00:00:880] Path of length 32 found: [0, 9, 10, 11, 2, 3, 4, 5, 14, 15, 16, 17, 26, 35, 34, 33, 42, 41, 40, 31, 30, 29, 28, 37, 46, 47, 56, 57, 58, 59, 60, 61, 62]
[00:00:00:01:295] ! Bidirectional. expansions: 197, time: 880 [ms], path length: 32 [edges], g_F: 16, g_B: 16, generated: {'F': 333, 'B': 364}, MM: 0, MMPER: -1.0%
[00:00:00:01:295] 
---------- SM_Grids/7x9_grid_with_random_blocks_16per_7 ----------
[00:00:00:00:304] Expansion 90: New longest path found with length 14: [0, 1, 10, 11, 20, 21, 30, 39, 40, 41, 42, 51, 60, 61, 62]
[00:00:00:00:526] Expansion 187: New longest path found with length 16: [0, 1, 10, 11, 20, 21, 30, 39, 40, 49, 58, 59, 60, 51, 52, 53, 62]
[00:00:00:00:813] Expansion 324: New longest path found with length 18: [0, 1, 10, 11, 20, 21, 30, 39, 38, 47, 56, 57, 58, 59, 60, 51, 52, 53, 62]
[00:00:00:00:897] Expansion 352: New longest path found with length 32: [0, 1, 10, 11, 20, 21, 22, 13, 4, 5, 6, 15, 16, 17, 26, 35, 34, 33, 32, 41, 40, 39, 38, 47, 56, 57, 58, 59, 60, 51, 52, 53, 62]
[00:00:00:05:489] Path of length 32 found: [0, 1, 10, 11, 20, 21, 22, 13, 4, 5, 6, 15, 16, 17, 26, 35, 34, 33, 32, 41, 40, 39, 38, 47, 56, 57, 58, 59, 60, 51, 52, 53, 62]
[00:00:00:05:489] ! Unidirectional s-t. expansions: 1,929, time: 5,489 [ms], path length: 32 [edges], generated: 2,930
[00:00:00:00:090] Expansion 23: New longest path found with length 24: [62, 53, 52, 51, 60, 59, 58, 57, 56, 47, 38, 39, 40, 31, 32, 23, 14, 5, 4, 3, 12, 11, 10, 1, 0]
[00:00:00:00:129] Expansion 41: New longest path found with length 30: [62, 53, 52, 51, 60, 59, 58, 57, 56, 47, 38, 39, 40, 31, 32, 33, 34, 35, 26, 17, 8, 7, 6, 15, 14, 13, 4, 3, 2, 1, 0]
[00:00:00:00:343] Expansion 135: New longest path found with length 32: [62, 53, 52, 51, 60, 59, 58, 57, 56, 47, 38, 39, 40, 41, 32, 33, 34, 35, 26, 17, 8, 7, 6, 15, 14, 13, 22, 21, 20, 11, 2, 1, 0]
[00:00:00:01:739] Path of length 32 found: [62, 53, 52, 51, 60, 59, 58, 57, 56, 47, 38, 39, 40, 41, 32, 33, 34, 35, 26, 17, 8, 7, 6, 15, 14, 13, 22, 21, 20, 11, 2, 1, 0]
[00:00:00:01:739] ! Unidirectional t-s. expansions: 502, time: 1,739 [ms], path length: 32 [edges], generated: 864
[00:00:00:00:072] Expansion 16:New longest path found with length 32: [0, 1, 2, 11, 20, 21, 22, 13, 4, 5, 6, 15, 16, 17, 26, 35, 34, 33, 32, 41, 40, 39, 38, 47, 56, 57, 58, 59, 60, 51, 52, 53, 62]
[00:00:00:01:209] Path of length 32 found: [0, 1, 2, 11, 20, 21, 22, 13, 4, 5, 6, 15, 16, 17, 26, 35, 34, 33, 32, 41, 40, 39, 38, 47, 56, 57, 58, 59, 60, 51, 52, 53, 62]
[00:00:00:01:659] ! Bidirectional. expansions: 189, time: 1,209 [ms], path length: 32 [edges], g_F: 16, g_B: 16, generated: {'F': 358, 'B': 316}, MM: 0, MMPER: -1.0%
[00:00:00:01:659] 
---------- SM_Grids/7x9_grid_with_random_blocks_16per_8 ----------
[00:00:00:00:108] Expansion 31: New longest path found with length 32: [0, 9, 18, 27, 36, 45, 54, 55, 56, 47, 48, 39, 30, 21, 12, 3, 4, 5, 6, 7, 8, 17, 26, 25, 24, 33, 32, 41, 50, 59, 60, 61, 62]
[00:00:00:05:834] Path of length 32 found: [0, 9, 18, 27, 36, 45, 54, 55, 56, 47, 48, 39, 30, 21, 12, 3, 4, 5, 6, 7, 8, 17, 26, 25, 24, 33, 32, 41, 50, 59, 60, 61, 62]
[00:00:00:05:834] ! Unidirectional s-t. expansions: 2,435, time: 5,834 [ms], path length: 32 [edges], generated: 3,737
[00:00:00:00:104] Expansion 31: New longest path found with length 32: [62, 53, 52, 43, 34, 25, 26, 17, 8, 7, 6, 5, 4, 3, 12, 21, 30, 39, 40, 41, 50, 59, 58, 57, 56, 47, 46, 37, 36, 27, 18, 9, 0]
[00:00:00:04:808] Path of length 32 found: [62, 53, 52, 43, 34, 25, 26, 17, 8, 7, 6, 5, 4, 3, 12, 21, 30, 39, 40, 41, 50, 59, 58, 57, 56, 47, 46, 37, 36, 27, 18, 9, 0]
[00:00:00:04:808] ! Unidirectional t-s. expansions: 1,551, time: 4,808 [ms], path length: 32 [edges], generated: 2,389
[00:00:00:00:083] Expansion 19:New longest path found with length 32: [0, 9, 18, 27, 36, 45, 54, 55, 56, 57, 58, 59, 50, 41, 40, 39, 30, 21, 12, 13, 14, 15, 6, 7, 8, 17, 26, 25, 34, 43, 52, 53, 62]
[00:00:00:03:285] Path of length 32 found: [0, 9, 18, 27, 36, 45, 54, 55, 56, 57, 58, 59, 50, 41, 40, 39, 30, 21, 12, 13, 14, 15, 6, 7, 8, 17, 26, 25, 34, 43, 52, 53, 62]
[00:00:00:03:734] ! Bidirectional. expansions: 1,029, time: 3,285 [ms], path length: 32 [edges], g_F: 16, g_B: 16, generated: {'F': 1,790, 'B': 1,412}, MM: 0, MMPER: -1.0%
[00:00:00:03:734] 
---------- SM_Grids/7x9_grid_with_random_blocks_16per_9 ----------
[00:00:00:00:059] Expansion 13: New longest path found with length 14: [0, 1, 2, 3, 12, 13, 22, 31, 40, 41, 50, 59, 60, 61, 62]
[00:00:00:00:137] Expansion 33: New longest path found with length 16: [0, 1, 2, 3, 4, 5, 14, 23, 22, 31, 40, 41, 50, 59, 60, 61, 62]
[00:00:00:00:191] Expansion 51: New longest path found with length 24: [0, 1, 2, 3, 4, 5, 6, 7, 16, 17, 26, 35, 34, 33, 24, 23, 22, 31, 40, 41, 50, 59, 60, 61, 62]
[00:00:00:00:293] Path of length 24 found: [0, 1, 2, 3, 4, 5, 6, 7, 16, 17, 26, 35, 34, 33, 24, 23, 22, 31, 40, 41, 50, 59, 60, 61, 62]
[00:00:00:00:293] ! Unidirectional s-t. expansions: 82, time: 293 [ms], path length: 24 [edges], generated: 131
[00:00:00:00:059] Expansion 13: New longest path found with length 14: [62, 53, 52, 51, 50, 41, 40, 31, 22, 13, 4, 3, 2, 1, 0]
[00:00:00:00:106] Expansion 31: New longest path found with length 24: [62, 53, 52, 51, 50, 41, 40, 31, 22, 23, 24, 33, 34, 35, 26, 17, 8, 7, 6, 5, 4, 3, 2, 1, 0]
[00:00:00:00:678] Path of length 24 found: [62, 53, 52, 51, 50, 41, 40, 31, 22, 23, 24, 33, 34, 35, 26, 17, 8, 7, 6, 5, 4, 3, 2, 1, 0]
[00:00:00:00:679] ! Unidirectional t-s. expansions: 222, time: 678 [ms], path length: 24 [edges], generated: 320
[00:00:00:00:464] Expansion 300:New longest path found with length 14: [0, 1, 2, 3, 12, 13, 22, 31, 40, 41, 50, 51, 52, 53, 62]
[00:00:00:00:988] Expansion 654:New longest path found with length 16: [0, 1, 2, 3, 4, 5, 14, 23, 22, 31, 40, 41, 50, 51, 52, 53, 62]
[00:00:00:01:012] Expansion 660:New longest path found with length 24: [0, 1, 2, 3, 4, 5, 6, 7, 16, 17, 26, 35, 34, 33, 24, 23, 22, 31, 40, 41, 50, 51, 52, 53, 62]
[00:00:00:01:195] Path of length 24 found: [0, 1, 2, 3, 4, 5, 6, 7, 16, 17, 26, 35, 34, 33, 24, 23, 22, 31, 40, 41, 50, 51, 52, 53, 62]
[00:00:00:01:615] ! Bidirectional. expansions: 693, time: 1,195 [ms], path length: 24 [edges], g_F: 12, g_B: 12, generated: {'F': 635, 'B': 899}, MM: 0, MMPER: -1.0%

[00:00:00:01:615] average expansions: (1,085, 1,592, 384, 0)
[00:00:00:01:615] average time: (2,981, 4,011, 1,503, 0)
[00:00:00:01:615] X-DFBnB: 1,085 , 2,981 (expansions , time[ms])
[00:00:00:01:615] BiX-DFBnB: 384 , 1,503 (expansions , time[ms])

