Wed 18 Mar 2026 10:41:05 IST

SLURM_JOBID:		 16051544
SLURM_JOB_NODELIST:	 ise-cpu256-32 

--------------------------
date: SM_Grids
number_of_graphs: 10
graph_type: grid
size_of_graphs: [7, 9]
heuristic: bcc_heuristic
snake: True
run_uni: True
run_bi: True
run_multi: False
solution_vertices: []
algorithms: ['DFBnB']
bsd: False
cube_first_dims: 4
cube_buffer_dim: None
backward_sym_generation: False
sym_coil: False
prefix_set: None

---------- SM_Grids/7x9_grid_with_random_blocks_8per_0 ----------
[00:00:00:00:108] Expansion 35: New longest path found with length 36: [0, 9, 18, 19, 28, 37, 36, 45, 54, 55, 56, 47, 48, 49, 58, 59, 60, 51, 42, 33, 32, 23, 22, 21, 12, 3, 4, 5, 6, 15, 16, 25, 26, 35, 44, 53, 62]
[00:00:00:02:193] Expansion 651: New longest path found with length 38: [0, 9, 18, 27, 36, 45, 54, 55, 56, 47, 38, 39, 40, 49, 58, 59, 60, 51, 42, 33, 32, 23, 22, 21, 20, 11, 2, 3, 4, 5, 6, 15, 16, 25, 26, 35, 44, 53, 62]
[00:00:00:05:580] Path of length 38 found: [0, 9, 18, 27, 36, 45, 54, 55, 56, 47, 38, 39, 40, 49, 58, 59, 60, 51, 42, 33, 32, 23, 22, 21, 20, 11, 2, 3, 4, 5, 6, 15, 16, 25, 26, 35, 44, 53, 62]
[00:00:00:05:580] ! Unidirectional s-t. expansions: 1,465, time: 5,580 [ms], path length: 38 [edges], generated: 2,462
[00:00:00:05:656] Expansion 3,293: New longest path found with length 16: [62, 53, 44, 35, 26, 25, 16, 7, 6, 5, 4, 3, 2, 11, 10, 9, 0]
[00:00:00:05:713] Expansion 3,313: New longest path found with length 34: [62, 53, 44, 35, 26, 25, 16, 7, 6, 5, 4, 3, 2, 11, 20, 21, 30, 31, 40, 41, 42, 51, 60, 59, 58, 57, 48, 47, 46, 37, 28, 27, 18, 9, 0]
[00:00:00:05:763] Expansion 3,337: New longest path found with length 36: [62, 53, 44, 35, 26, 25, 16, 7, 6, 5, 4, 3, 2, 11, 20, 21, 30, 31, 32, 41, 42, 51, 60, 59, 58, 49, 48, 47, 56, 55, 54, 45, 36, 27, 18, 9, 0]
[00:00:00:05:873] Expansion 3,384: New longest path found with length 38: [62, 53, 44, 35, 26, 25, 16, 7, 6, 5, 4, 3, 2, 11, 20, 21, 22, 23, 32, 33, 42, 51, 60, 59, 58, 49, 40, 39, 38, 47, 56, 55, 54, 45, 36, 27, 18, 9, 0]
[00:00:00:08:870] Path of length 38 found: [62, 53, 44, 35, 26, 25, 16, 7, 6, 5, 4, 3, 2, 11, 20, 21, 22, 23, 32, 33, 42, 51, 60, 59, 58, 49, 40, 39, 38, 47, 56, 55, 54, 45, 36, 27, 18, 9, 0]
[00:00:00:08:870] ! Unidirectional t-s. expansions: 4,056, time: 8,870 [ms], path length: 38 [edges], generated: 5,810
[00:00:00:00:093] Expansion 15:New longest path found with length 30: [0, 9, 10, 19, 20, 29, 30, 39, 48, 57, 58, 59, 60, 51, 42, 33, 32, 23, 22, 13, 4, 5, 6, 7, 16, 25, 26, 35, 44, 53, 62]
[00:00:00:00:172] Expansion 34:New longest path found with length 34: [0, 9, 10, 19, 20, 29, 38, 37, 36, 45, 54, 55, 56, 57, 58, 59, 60, 51, 42, 41, 32, 23, 22, 13, 4, 5, 6, 7, 16, 25, 26, 35, 44, 53, 62]
[00:00:00:00:345] Expansion 72:New longest path found with length 38: [0, 9, 10, 19, 28, 27, 36, 45, 54, 55, 56, 47, 38, 39, 40, 49, 58, 59, 60, 51, 42, 33, 32, 23, 22, 21, 12, 3, 4, 5, 6, 7, 16, 25, 26, 35, 44, 53, 62]
[00:00:00:02:289] Path of length 38 found: [0, 9, 10, 19, 28, 27, 36, 45, 54, 55, 56, 47, 38, 39, 40, 49, 58, 59, 60, 51, 42, 33, 32, 23, 22, 21, 12, 3, 4, 5, 6, 7, 16, 25, 26, 35, 44, 53, 62]
[00:00:00:02:731] ! Bidirectional. expansions: 352, time: 2,289 [ms], path length: 38 [edges], g_F: 19, g_B: 19, generated: {'F': 623, 'B': 595}, MM: 0, MMPER: -1.0%
[00:00:00:02:731] 
---------- SM_Grids/7x9_grid_with_random_blocks_8per_1 ----------
[00:00:00:00:224] Expansion 80: New longest path found with length 26: [0, 9, 18, 19, 20, 29, 30, 31, 22, 23, 14, 5, 6, 7, 16, 25, 26, 35, 44, 43, 42, 41, 50, 59, 60, 61, 62]
[00:00:00:00:630] Expansion 199: New longest path found with length 28: [0, 9, 18, 19, 20, 29, 30, 31, 40, 49, 58, 59, 60, 51, 42, 33, 24, 23, 14, 5, 6, 7, 16, 17, 26, 35, 44, 53, 62]
[00:00:00:00:890] Expansion 276: New longest path found with length 34: [0, 9, 18, 19, 20, 29, 38, 37, 36, 45, 54, 55, 56, 57, 48, 49, 40, 31, 22, 23, 14, 5, 6, 7, 16, 25, 26, 35, 44, 43, 42, 51, 60, 61, 62]
[00:00:00:06:143] Expansion 1,639: New longest path found with length 36: [0, 1, 2, 3, 12, 21, 22, 31, 40, 39, 38, 29, 28, 27, 36, 45, 54, 55, 56, 57, 58, 59, 50, 51, 42, 33, 24, 15, 6, 7, 8, 17, 26, 35, 44, 53, 62]
[00:00:00:07:496] Expansion 1,990: New longest path found with length 38: [0, 1, 2, 3, 12, 21, 20, 19, 18, 27, 36, 45, 54, 55, 56, 47, 38, 39, 40, 49, 58, 59, 60, 51, 42, 33, 24, 23, 14, 5, 6, 7, 16, 17, 26, 35, 44, 53, 62]
[00:00:00:09:481] Path of length 38 found: [0, 1, 2, 3, 12, 21, 20, 19, 18, 27, 36, 45, 54, 55, 56, 47, 38, 39, 40, 49, 58, 59, 60, 51, 42, 33, 24, 23, 14, 5, 6, 7, 16, 17, 26, 35, 44, 53, 62]
[00:00:00:09:481] ! Unidirectional s-t. expansions: 2,437, time: 9,481 [ms], path length: 38 [edges], generated: 4,142
[00:00:00:00:106] Expansion 21: New longest path found with length 22: [62, 61, 52, 43, 44, 35, 26, 17, 8, 7, 6, 5, 14, 23, 22, 31, 30, 29, 28, 19, 18, 9, 0]
[00:00:00:00:132] Expansion 31: New longest path found with length 28: [62, 61, 52, 43, 44, 35, 26, 17, 8, 7, 6, 5, 14, 23, 22, 31, 30, 29, 38, 47, 56, 55, 54, 45, 36, 27, 18, 9, 0]
[00:00:00:00:170] Expansion 46: New longest path found with length 32: [62, 61, 52, 43, 44, 35, 26, 17, 8, 7, 6, 5, 14, 23, 22, 31, 30, 39, 48, 47, 56, 55, 54, 45, 36, 37, 28, 19, 20, 11, 2, 1, 0]
[00:00:00:00:390] Expansion 149: New longest path found with length 34: [62, 61, 52, 43, 44, 35, 26, 17, 8, 7, 6, 5, 14, 23, 22, 31, 40, 41, 50, 59, 58, 57, 48, 47, 46, 37, 36, 27, 18, 19, 20, 11, 2, 1, 0]
[00:00:00:09:480] Expansion 4,066: New longest path found with length 36: [62, 61, 60, 59, 50, 41, 42, 43, 44, 35, 26, 17, 8, 7, 6, 5, 14, 23, 22, 31, 30, 39, 48, 47, 56, 55, 54, 45, 36, 37, 28, 19, 20, 11, 2, 1, 0]
[00:00:00:11:810] Expansion 4,914: New longest path found with length 38: [62, 53, 44, 35, 26, 17, 8, 7, 6, 5, 14, 23, 24, 33, 42, 51, 60, 59, 58, 49, 40, 39, 38, 47, 56, 55, 54, 45, 36, 27, 18, 19, 20, 21, 12, 3, 2, 1, 0]
[00:00:00:13:141] Path of length 38 found: [62, 53, 44, 35, 26, 17, 8, 7, 6, 5, 14, 23, 24, 33, 42, 51, 60, 59, 58, 49, 40, 39, 38, 47, 56, 55, 54, 45, 36, 27, 18, 19, 20, 21, 12, 3, 2, 1, 0]
[00:00:00:13:141] ! Unidirectional t-s. expansions: 5,238, time: 13,141 [ms], path length: 38 [edges], generated: 8,328
[00:00:00:00:099] Expansion 17:New longest path found with length 28: [0, 9, 18, 27, 36, 45, 54, 55, 56, 47, 48, 49, 40, 31, 22, 23, 14, 5, 6, 7, 8, 17, 26, 35, 44, 43, 52, 61, 62]
[00:00:00:00:217] Expansion 51:New longest path found with length 30: [0, 9, 18, 27, 36, 45, 54, 55, 56, 57, 48, 39, 38, 29, 20, 21, 22, 23, 14, 5, 6, 7, 8, 17, 26, 35, 44, 43, 52, 61, 62]
[00:00:00:00:281] Expansion 71:New longest path found with length 32: [0, 9, 18, 27, 36, 45, 54, 55, 56, 57, 58, 49, 40, 39, 38, 29, 20, 21, 22, 23, 14, 5, 6, 7, 8, 17, 26, 35, 44, 43, 52, 61, 62]
[00:00:00:00:335] Expansion 93:New longest path found with length 34: [0, 9, 18, 27, 36, 45, 54, 55, 56, 57, 58, 59, 50, 41, 40, 39, 38, 29, 20, 21, 22, 23, 14, 5, 6, 7, 8, 17, 26, 35, 44, 43, 52, 61, 62]
[00:00:00:06:684] Expansion 1,395:New longest path found with length 36: [0, 1, 2, 11, 12, 21, 30, 29, 28, 27, 36, 45, 54, 55, 56, 47, 48, 49, 58, 59, 60, 51, 42, 33, 24, 23, 14, 5, 6, 7, 8, 17, 26, 35, 44, 53, 62]
[00:00:00:07:747] Expansion 1,603:New longest path found with length 38: [0, 1, 2, 3, 12, 21, 20, 19, 18, 27, 36, 45, 54, 55, 56, 47, 38, 39, 40, 49, 58, 59, 60, 51, 42, 33, 24, 23, 14, 5, 6, 7, 8, 17, 26, 35, 44, 53, 62]
[00:00:00:08:272] Path of length 38 found: [0, 1, 2, 3, 12, 21, 20, 19, 18, 27, 36, 45, 54, 55, 56, 47, 38, 39, 40, 49, 58, 59, 60, 51, 42, 33, 24, 23, 14, 5, 6, 7, 8, 17, 26, 35, 44, 53, 62]
[00:00:00:08:701] ! Bidirectional. expansions: 1,665, time: 8,272 [ms], path length: 38 [edges], g_F: 19, g_B: 19, generated: {'F': 3,160, 'B': 2,649}, MM: 0, MMPER: -1.0%
[00:00:00:08:701] 
---------- SM_Grids/7x9_grid_with_random_blocks_8per_2 ----------
[00:00:00:00:128] Expansion 29: New longest path found with length 30: [0, 9, 18, 27, 28, 37, 46, 55, 56, 57, 58, 49, 40, 39, 30, 21, 22, 13, 14, 5, 6, 7, 16, 25, 24, 33, 42, 51, 60, 61, 62]
[00:00:00:00:143] Expansion 38: New longest path found with length 32: [0, 9, 18, 27, 28, 37, 46, 55, 56, 57, 58, 49, 40, 39, 30, 21, 22, 13, 14, 5, 6, 7, 16, 25, 26, 35, 44, 43, 42, 51, 60, 61, 62]
[00:00:00:01:914] Expansion 499: New longest path found with length 34: [0, 9, 18, 27, 36, 45, 54, 55, 56, 47, 38, 29, 20, 11, 12, 13, 14, 5, 6, 7, 16, 25, 26, 35, 44, 43, 42, 41, 40, 49, 58, 59, 60, 61, 62]
[00:00:00:10:724] Expansion 2,875: New longest path found with length 36: [0, 9, 10, 11, 12, 21, 22, 23, 14, 5, 6, 7, 16, 25, 26, 35, 44, 43, 42, 41, 40, 39, 38, 29, 28, 27, 36, 45, 54, 55, 56, 57, 58, 59, 60, 61, 62]
[00:00:00:19:787] Path of length 36 found: [0, 9, 10, 11, 12, 21, 22, 23, 14, 5, 6, 7, 16, 25, 26, 35, 44, 43, 42, 41, 40, 39, 38, 29, 28, 27, 36, 45, 54, 55, 56, 57, 58, 59, 60, 61, 62]
[00:00:00:19:787] ! Unidirectional s-t. expansions: 5,150, time: 19,787 [ms], path length: 36 [edges], generated: 8,964
[00:00:00:00:082] Expansion 13: New longest path found with length 14: [62, 53, 52, 43, 34, 33, 24, 15, 14, 13, 12, 3, 2, 1, 0]
[00:00:00:01:393] Expansion 646: New longest path found with length 16: [62, 53, 52, 43, 34, 33, 24, 15, 14, 13, 12, 11, 20, 19, 18, 9, 0]
[00:00:00:01:806] Expansion 827: New longest path found with length 30: [62, 53, 52, 43, 34, 33, 24, 15, 14, 13, 12, 11, 20, 29, 30, 39, 40, 41, 50, 59, 58, 57, 56, 47, 46, 37, 36, 27, 18, 9, 0]
[00:00:00:02:940] Expansion 1,196: New longest path found with length 32: [62, 53, 52, 43, 34, 25, 16, 7, 6, 5, 14, 23, 22, 31, 40, 41, 50, 59, 58, 57, 56, 55, 54, 45, 36, 37, 38, 29, 20, 11, 2, 1, 0]
[00:00:00:13:683] Expansion 4,258: New longest path found with length 34: [62, 53, 44, 35, 26, 25, 16, 7, 6, 5, 14, 23, 22, 31, 40, 41, 42, 51, 60, 59, 58, 57, 56, 55, 54, 45, 36, 37, 38, 29, 20, 11, 2, 1, 0]
[00:00:00:28:178] Expansion 8,474: New longest path found with length 36: [62, 61, 60, 59, 58, 49, 40, 41, 42, 43, 44, 35, 26, 25, 16, 7, 6, 5, 14, 23, 22, 21, 30, 29, 38, 47, 56, 55, 54, 45, 36, 27, 18, 19, 10, 1, 0]
[00:00:00:33:416] Path of length 36 found: [62, 61, 60, 59, 58, 49, 40, 41, 42, 43, 44, 35, 26, 25, 16, 7, 6, 5, 14, 23, 22, 21, 30, 29, 38, 47, 56, 55, 54, 45, 36, 27, 18, 19, 10, 1, 0]
[00:00:00:33:417] ! Unidirectional t-s. expansions: 9,754, time: 33,416 [ms], path length: 36 [edges], generated: 16,708
[00:00:00:00:114] Expansion 17:New longest path found with length 34: [0, 9, 18, 27, 36, 45, 54, 55, 56, 57, 58, 59, 60, 51, 42, 41, 40, 39, 38, 29, 20, 21, 22, 23, 14, 5, 6, 7, 16, 25, 26, 35, 44, 53, 62]
[00:00:00:09:327] Expansion 1,492:New longest path found with length 36: [0, 9, 10, 11, 12, 21, 22, 23, 14, 5, 6, 7, 16, 25, 26, 35, 44, 43, 42, 41, 40, 39, 38, 29, 28, 27, 36, 45, 46, 55, 56, 57, 58, 59, 60, 61, 62]
[00:00:00:12:229] Path of length 36 found: [0, 9, 10, 11, 12, 21, 22, 23, 14, 5, 6, 7, 16, 25, 26, 35, 44, 43, 42, 41, 40, 39, 38, 29, 28, 27, 36, 45, 46, 55, 56, 57, 58, 59, 60, 61, 62]
[00:00:00:12:656] ! Bidirectional. expansions: 1,834, time: 12,229 [ms], path length: 36 [edges], g_F: 18, g_B: 18, generated: {'F': 3,364, 'B': 3,276}, MM: 0, MMPER: -1.0%
[00:00:00:12:656] 
---------- SM_Grids/7x9_grid_with_random_blocks_8per_3 ----------
[00:00:00:00:204] Expansion 31: New longest path found with length 32: [0, 1, 10, 11, 12, 3, 4, 5, 14, 23, 24, 25, 34, 43, 42, 41, 40, 31, 30, 29, 28, 27, 36, 45, 54, 55, 56, 57, 58, 59, 60, 61, 62]
[00:00:00:00:458] Expansion 115: New longest path found with length 34: [0, 1, 10, 11, 12, 3, 4, 5, 14, 15, 16, 17, 26, 35, 34, 33, 42, 41, 40, 31, 30, 29, 28, 27, 36, 45, 54, 55, 56, 57, 58, 59, 60, 61, 62]
[00:00:00:00:662] Expansion 181: New longest path found with length 36: [0, 1, 10, 11, 12, 3, 4, 5, 6, 7, 16, 17, 26, 35, 34, 33, 24, 23, 22, 31, 30, 29, 28, 27, 36, 45, 54, 55, 56, 47, 48, 49, 58, 59, 60, 61, 62]
[00:00:00:13:478] Expansion 3,540: New longest path found with length 38: [0, 9, 10, 11, 2, 3, 4, 13, 22, 23, 24, 15, 6, 7, 8, 17, 26, 35, 34, 43, 42, 41, 40, 39, 30, 29, 28, 27, 36, 45, 54, 55, 56, 57, 58, 59, 60, 61, 62]
[00:00:00:14:913] Path of length 38 found: [0, 9, 10, 11, 2, 3, 4, 13, 22, 23, 24, 15, 6, 7, 8, 17, 26, 35, 34, 43, 42, 41, 40, 39, 30, 29, 28, 27, 36, 45, 54, 55, 56, 57, 58, 59, 60, 61, 62]
[00:00:00:14:914] ! Unidirectional s-t. expansions: 3,870, time: 14,913 [ms], path length: 38 [edges], generated: 6,550
[00:00:00:00:304] Expansion 132: New longest path found with length 24: [62, 61, 60, 59, 50, 41, 42, 43, 34, 35, 26, 17, 8, 7, 6, 15, 14, 13, 4, 3, 2, 11, 10, 9, 0]
[00:00:00:00:344] Expansion 150: New longest path found with length 34: [62, 61, 60, 59, 50, 41, 42, 43, 34, 35, 26, 17, 8, 7, 6, 15, 14, 13, 22, 21, 30, 29, 38, 47, 56, 55, 54, 45, 36, 27, 18, 19, 10, 1, 0]
[00:00:00:14:511] Expansion 6,858: New longest path found with length 36: [62, 61, 60, 59, 50, 49, 48, 57, 56, 55, 54, 45, 36, 37, 38, 29, 30, 21, 22, 23, 24, 33, 34, 35, 26, 17, 8, 7, 6, 5, 4, 3, 2, 11, 10, 9, 0]
[00:00:00:17:729] Expansion 7,998: New longest path found with length 38: [62, 61, 60, 59, 58, 57, 56, 55, 54, 45, 36, 27, 28, 29, 38, 39, 40, 41, 42, 43, 34, 35, 26, 17, 8, 7, 6, 15, 24, 23, 22, 13, 4, 3, 2, 11, 10, 9, 0]
[00:00:00:19:779] Path of length 38 found: [62, 61, 60, 59, 58, 57, 56, 55, 54, 45, 36, 27, 28, 29, 38, 39, 40, 41, 42, 43, 34, 35, 26, 17, 8, 7, 6, 15, 24, 23, 22, 13, 4, 3, 2, 11, 10, 9, 0]
[00:00:00:19:779] ! Unidirectional t-s. expansions: 8,472, time: 19,779 [ms], path length: 38 [edges], generated: 12,804
[00:00:00:00:107] Expansion 19:New longest path found with length 34: [0, 9, 18, 19, 28, 37, 36, 45, 54, 55, 56, 47, 48, 39, 30, 21, 12, 13, 14, 15, 6, 7, 8, 17, 26, 35, 34, 33, 42, 41, 50, 59, 60, 61, 62]
[00:00:00:06:036] Expansion 1,613:New longest path found with length 36: [0, 9, 10, 11, 2, 3, 4, 5, 6, 7, 8, 17, 26, 25, 24, 23, 22, 21, 30, 29, 28, 27, 36, 45, 54, 55, 56, 57, 58, 49, 40, 41, 42, 51, 60, 61, 62]
[00:00:00:06:648] Expansion 1,723:New longest path found with length 38: [0, 9, 10, 11, 2, 3, 4, 13, 22, 23, 24, 15, 6, 7, 8, 17, 26, 35, 34, 43, 42, 41, 40, 39, 38, 29, 28, 27, 36, 45, 54, 55, 56, 57, 58, 59, 60, 61, 62]
[00:00:00:08:031] Path of length 38 found: [0, 9, 10, 11, 2, 3, 4, 13, 22, 23, 24, 15, 6, 7, 8, 17, 26, 35, 34, 43, 42, 41, 40, 39, 38, 29, 28, 27, 36, 45, 54, 55, 56, 57, 58, 59, 60, 61, 62]
[00:00:00:08:456] ! Bidirectional. expansions: 1,919, time: 8,031 [ms], path length: 38 [edges], g_F: 19, g_B: 19, generated: {'F': 3,630, 'B': 3,217}, MM: 0, MMPER: -1.0%
[00:00:00:08:456] 
---------- SM_Grids/7x9_grid_with_random_blocks_8per_4 ----------
[00:00:00:00:128] Expansion 30: New longest path found with length 30: [0, 9, 18, 27, 36, 45, 54, 55, 56, 47, 38, 39, 30, 21, 20, 11, 2, 3, 4, 13, 14, 15, 24, 33, 32, 41, 50, 59, 60, 61, 62]
[00:00:00:00:534] Expansion 142: New longest path found with length 32: [0, 9, 18, 27, 36, 45, 54, 55, 56, 47, 38, 29, 20, 11, 2, 3, 4, 13, 22, 31, 40, 49, 58, 59, 60, 51, 42, 33, 34, 35, 44, 53, 62]
[00:00:00:00:826] Expansion 224: New longest path found with length 36: [0, 9, 18, 27, 36, 45, 54, 55, 56, 47, 48, 49, 58, 59, 60, 51, 42, 41, 32, 31, 30, 21, 20, 11, 2, 3, 4, 13, 14, 15, 24, 25, 34, 35, 44, 53, 62]
[00:00:00:02:610] Path of length 36 found: [0, 9, 18, 27, 36, 45, 54, 55, 56, 47, 48, 49, 58, 59, 60, 51, 42, 41, 32, 31, 30, 21, 20, 11, 2, 3, 4, 13, 14, 15, 24, 25, 34, 35, 44, 53, 62]
[00:00:00:02:610] ! Unidirectional s-t. expansions: 560, time: 2,610 [ms], path length: 36 [edges], generated: 1,031
[00:00:00:04:789] Expansion 2,213: New longest path found with length 16: [62, 53, 44, 35, 34, 25, 24, 15, 14, 13, 4, 3, 2, 11, 10, 9, 0]
[00:00:00:06:239] Expansion 2,911: New longest path found with length 18: [62, 53, 44, 35, 34, 25, 24, 15, 14, 13, 4, 3, 2, 11, 20, 19, 18, 9, 0]
[00:00:00:08:055] Expansion 3,755: New longest path found with length 36: [62, 53, 44, 35, 34, 25, 24, 15, 14, 13, 4, 3, 2, 11, 20, 29, 30, 31, 32, 41, 42, 51, 60, 59, 58, 49, 48, 47, 56, 55, 54, 45, 36, 27, 18, 9, 0]
[00:00:00:09:385] Path of length 36 found: [62, 53, 44, 35, 34, 25, 24, 15, 14, 13, 4, 3, 2, 11, 20, 29, 30, 31, 32, 41, 42, 51, 60, 59, 58, 49, 48, 47, 56, 55, 54, 45, 36, 27, 18, 9, 0]
[00:00:00:09:385] ! Unidirectional t-s. expansions: 4,049, time: 9,385 [ms], path length: 36 [edges], generated: 5,959
[00:00:00:00:093] Expansion 14:New longest path found with length 28: [0, 9, 18, 27, 36, 45, 54, 55, 56, 47, 38, 39, 30, 21, 20, 11, 2, 3, 4, 13, 14, 15, 24, 25, 34, 35, 44, 53, 62]
[00:00:00:00:114] Expansion 22:New longest path found with length 36: [0, 9, 18, 27, 36, 45, 54, 55, 56, 47, 48, 49, 58, 59, 60, 51, 42, 41, 32, 31, 30, 29, 20, 11, 2, 3, 4, 13, 14, 15, 24, 25, 34, 35, 44, 53, 62]
[00:00:00:00:812] Path of length 36 found: [0, 9, 18, 27, 36, 45, 54, 55, 56, 47, 48, 49, 58, 59, 60, 51, 42, 41, 32, 31, 30, 29, 20, 11, 2, 3, 4, 13, 14, 15, 24, 25, 34, 35, 44, 53, 62]
[00:00:00:01:241] ! Bidirectional. expansions: 106, time: 812 [ms], path length: 36 [edges], g_F: 18, g_B: 18, generated: {'F': 200, 'B': 180}, MM: 0, MMPER: -1.0%
[00:00:00:01:242] 
---------- SM_Grids/7x9_grid_with_random_blocks_8per_5 ----------
[00:00:00:00:134] Expansion 35: New longest path found with length 36: [0, 1, 10, 19, 20, 21, 12, 3, 4, 5, 6, 15, 16, 17, 26, 35, 34, 33, 32, 31, 40, 39, 38, 37, 36, 45, 54, 55, 56, 57, 58, 59, 50, 51, 52, 53, 62]
[00:00:00:03:318] Expansion 858: New longest path found with length 38: [0, 1, 10, 11, 12, 3, 4, 5, 6, 7, 16, 17, 26, 35, 34, 33, 24, 23, 22, 31, 40, 39, 38, 29, 28, 27, 36, 45, 54, 55, 56, 57, 58, 59, 50, 51, 52, 53, 62]
[00:00:00:09:544] Path of length 38 found: [0, 1, 10, 11, 12, 3, 4, 5, 6, 7, 16, 17, 26, 35, 34, 33, 24, 23, 22, 31, 40, 39, 38, 29, 28, 27, 36, 45, 54, 55, 56, 57, 58, 59, 50, 51, 52, 53, 62]
[00:00:00:09:544] ! Unidirectional s-t. expansions: 2,198, time: 9,544 [ms], path length: 38 [edges], generated: 3,767
[00:00:00:04:033] Expansion 2,059: New longest path found with length 16: [62, 53, 44, 35, 26, 17, 16, 7, 6, 5, 4, 3, 2, 11, 10, 9, 0]
[00:00:00:04:090] Expansion 2,079: New longest path found with length 34: [62, 53, 44, 35, 26, 17, 16, 7, 6, 5, 4, 3, 2, 11, 20, 21, 22, 23, 32, 33, 42, 51, 60, 59, 58, 49, 40, 39, 38, 37, 28, 27, 18, 9, 0]
[00:00:00:04:818] Expansion 2,396: New longest path found with length 38: [62, 53, 44, 35, 26, 17, 16, 7, 6, 5, 4, 3, 2, 11, 20, 29, 38, 39, 40, 31, 22, 23, 24, 33, 42, 51, 50, 59, 58, 57, 56, 55, 46, 45, 36, 27, 18, 9, 0]
[00:00:00:09:493] Path of length 38 found: [62, 53, 44, 35, 26, 17, 16, 7, 6, 5, 4, 3, 2, 11, 20, 29, 38, 39, 40, 31, 22, 23, 24, 33, 42, 51, 50, 59, 58, 57, 56, 55, 46, 45, 36, 27, 18, 9, 0]
[00:00:00:09:493] ! Unidirectional t-s. expansions: 3,464, time: 9,493 [ms], path length: 38 [edges], generated: 5,156
[00:00:00:00:106] Expansion 20:New longest path found with length 34: [0, 9, 18, 19, 28, 37, 36, 45, 54, 55, 56, 57, 48, 39, 40, 41, 42, 33, 24, 23, 22, 21, 12, 3, 4, 5, 6, 7, 16, 17, 26, 35, 44, 53, 62]
[00:00:00:01:543] Expansion 314:New longest path found with length 36: [0, 9, 18, 19, 20, 11, 2, 3, 4, 5, 6, 7, 16, 25, 24, 23, 22, 31, 40, 39, 38, 37, 36, 45, 54, 55, 56, 57, 58, 59, 50, 51, 42, 43, 44, 53, 62]
[00:00:00:01:852] Expansion 375:New longest path found with length 38: [0, 9, 18, 27, 36, 45, 54, 55, 56, 57, 58, 59, 50, 51, 42, 33, 24, 23, 22, 31, 40, 39, 38, 29, 20, 11, 2, 3, 4, 5, 6, 7, 16, 17, 26, 35, 44, 53, 62]
[00:00:00:03:416] Path of length 38 found: [0, 9, 18, 27, 36, 45, 54, 55, 56, 57, 58, 59, 50, 51, 42, 33, 24, 23, 22, 31, 40, 39, 38, 29, 20, 11, 2, 3, 4, 5, 6, 7, 16, 17, 26, 35, 44, 53, 62]
[00:00:00:03:844] ! Bidirectional. expansions: 561, time: 3,416 [ms], path length: 38 [edges], g_F: 19, g_B: 19, generated: {'F': 895, 'B': 999}, MM: 0, MMPER: -1.0%
[00:00:00:03:844] 
---------- SM_Grids/7x9_grid_with_random_blocks_8per_6 ----------
[00:00:00:00:128] Expansion 29: New longest path found with length 30: [0, 9, 18, 27, 36, 37, 46, 55, 56, 57, 58, 49, 40, 39, 30, 29, 20, 11, 12, 3, 4, 5, 14, 23, 32, 33, 34, 35, 44, 53, 62]
[00:00:00:00:169] Expansion 50: New longest path found with length 32: [0, 9, 18, 27, 36, 37, 46, 55, 56, 57, 58, 49, 40, 39, 30, 29, 20, 11, 12, 3, 4, 5, 14, 23, 24, 25, 26, 35, 44, 43, 52, 61, 62]
[00:00:00:00:196] Expansion 62: New longest path found with length 34: [0, 9, 18, 27, 36, 37, 46, 55, 56, 57, 58, 49, 40, 39, 30, 29, 20, 11, 12, 3, 4, 5, 14, 15, 16, 17, 26, 35, 34, 33, 42, 51, 52, 61, 62]
[00:00:00:11:747] Path of length 34 found: [0, 9, 18, 27, 36, 37, 46, 55, 56, 57, 58, 49, 40, 39, 30, 29, 20, 11, 12, 3, 4, 5, 14, 15, 16, 17, 26, 35, 34, 33, 42, 51, 52, 61, 62]
[00:00:00:11:747] ! Unidirectional s-t. expansions: 3,137, time: 11,747 [ms], path length: 34 [edges], generated: 5,586
[00:00:00:00:553] Expansion 252: New longest path found with length 20: [62, 53, 52, 51, 42, 41, 40, 49, 58, 57, 56, 55, 46, 37, 36, 27, 18, 19, 10, 1, 0]
[00:00:00:01:492] Expansion 708: New longest path found with length 22: [62, 53, 52, 51, 42, 41, 40, 49, 58, 57, 56, 55, 46, 37, 38, 29, 30, 21, 12, 11, 10, 1, 0]
[00:00:00:01:775] Expansion 804: New longest path found with length 24: [62, 53, 52, 51, 42, 41, 40, 31, 22, 23, 24, 25, 26, 17, 8, 7, 6, 5, 4, 3, 12, 11, 10, 1, 0]
[00:00:00:01:792] Expansion 812: New longest path found with length 30: [62, 53, 52, 51, 42, 41, 40, 31, 22, 23, 24, 25, 26, 17, 8, 7, 6, 5, 4, 3, 12, 11, 20, 29, 38, 37, 36, 27, 18, 9, 0]
[00:00:00:02:411] Expansion 967: New longest path found with length 34: [62, 53, 52, 51, 42, 33, 34, 25, 26, 17, 8, 7, 6, 15, 14, 13, 22, 21, 30, 39, 40, 49, 58, 57, 56, 47, 46, 37, 36, 27, 18, 19, 10, 1, 0]
[00:00:00:17:813] Path of length 34 found: [62, 53, 52, 51, 42, 33, 34, 25, 26, 17, 8, 7, 6, 15, 14, 13, 22, 21, 30, 39, 40, 49, 58, 57, 56, 47, 46, 37, 36, 27, 18, 19, 10, 1, 0]
[00:00:00:17:814] ! Unidirectional t-s. expansions: 4,969, time: 17,813 [ms], path length: 34 [edges], generated: 8,979
[00:00:00:00:080] Expansion 10:New longest path found with length 20: [0, 9, 18, 27, 36, 37, 38, 29, 20, 11, 12, 13, 22, 31, 40, 41, 42, 51, 52, 53, 62]
[00:00:00:00:095] Expansion 16:New longest path found with length 30: [0, 9, 18, 27, 36, 37, 38, 29, 20, 11, 12, 3, 4, 5, 6, 7, 8, 17, 26, 25, 24, 23, 22, 31, 40, 41, 42, 51, 52, 53, 62]
[00:00:00:00:225] Expansion 44:New longest path found with length 32: [0, 9, 18, 27, 36, 37, 46, 55, 56, 57, 58, 49, 40, 31, 30, 21, 12, 13, 14, 15, 6, 7, 8, 17, 26, 25, 34, 33, 42, 51, 52, 53, 62]
[00:00:00:00:229] Expansion 48:New longest path found with length 34: [0, 9, 18, 27, 36, 37, 46, 55, 56, 57, 58, 49, 40, 31, 30, 29, 20, 11, 12, 13, 14, 15, 6, 7, 8, 17, 26, 25, 34, 33, 42, 51, 52, 53, 62]
[00:00:00:12:219] Path of length 34 found: [0, 9, 18, 27, 36, 37, 46, 55, 56, 57, 58, 49, 40, 31, 30, 29, 20, 11, 12, 13, 14, 15, 6, 7, 8, 17, 26, 25, 34, 33, 42, 51, 52, 53, 62]
[00:00:00:12:618] ! Bidirectional. expansions: 2,262, time: 12,220 [ms], path length: 34 [edges], g_F: 17, g_B: 17, generated: {'F': 3,904, 'B': 3,946}, MM: 0, MMPER: -1.0%
[00:00:00:12:618] 
---------- SM_Grids/7x9_grid_with_random_blocks_8per_7 ----------
[00:00:00:00:119] Expansion 31: New longest path found with length 32: [0, 1, 10, 19, 18, 27, 36, 45, 54, 55, 56, 47, 38, 29, 30, 31, 22, 13, 4, 5, 6, 15, 16, 25, 34, 33, 42, 41, 50, 59, 60, 61, 62]
[00:00:00:00:248] Expansion 90: New longest path found with length 34: [0, 1, 10, 19, 18, 27, 36, 45, 54, 55, 56, 47, 38, 29, 30, 31, 22, 13, 4, 5, 6, 7, 8, 17, 26, 25, 24, 33, 42, 41, 50, 59, 60, 61, 62]
[00:00:00:03:682] Expansion 1,210: New longest path found with length 36: [0, 1, 10, 11, 12, 3, 4, 5, 6, 7, 8, 17, 26, 25, 24, 33, 32, 31, 30, 29, 28, 27, 36, 45, 54, 55, 56, 47, 48, 49, 58, 59, 60, 51, 52, 53, 62]
[00:00:00:07:496] Expansion 2,495: New longest path found with length 38: [0, 1, 2, 3, 12, 13, 14, 5, 6, 7, 8, 17, 26, 25, 24, 33, 32, 31, 30, 29, 20, 19, 18, 27, 36, 45, 54, 55, 56, 47, 48, 49, 58, 59, 60, 51, 52, 53, 62]
[00:00:00:10:179] Path of length 38 found: [0, 1, 2, 3, 12, 13, 14, 5, 6, 7, 8, 17, 26, 25, 24, 33, 32, 31, 30, 29, 20, 19, 18, 27, 36, 45, 54, 55, 56, 47, 48, 49, 58, 59, 60, 51, 52, 53, 62]
[00:00:00:10:179] ! Unidirectional s-t. expansions: 3,142, time: 10,179 [ms], path length: 38 [edges], generated: 5,250
[00:00:00:00:089] Expansion 17: New longest path found with length 18: [62, 53, 44, 43, 34, 33, 32, 41, 50, 49, 48, 39, 30, 29, 28, 27, 18, 9, 0]
[00:00:00:00:675] Expansion 291: New longest path found with length 20: [62, 53, 44, 43, 34, 33, 32, 41, 50, 49, 48, 39, 38, 37, 28, 19, 20, 11, 2, 1, 0]
[00:00:00:00:971] Expansion 448: New longest path found with length 22: [62, 53, 44, 43, 34, 33, 32, 41, 50, 49, 48, 39, 38, 37, 36, 27, 18, 19, 20, 11, 2, 1, 0]
[00:00:00:01:172] Expansion 542: New longest path found with length 24: [62, 53, 44, 43, 34, 33, 32, 41, 50, 49, 48, 47, 56, 55, 54, 45, 36, 37, 28, 29, 20, 11, 2, 1, 0]
[00:00:00:03:187] Expansion 1,487: New longest path found with length 26: [62, 53, 44, 43, 34, 33, 32, 31, 22, 13, 4, 3, 2, 11, 20, 29, 38, 47, 56, 55, 54, 45, 36, 27, 18, 9, 0]
[00:00:00:03:285] Expansion 1,516: New longest path found with length 28: [62, 53, 44, 43, 34, 33, 24, 15, 6, 5, 4, 13, 12, 11, 20, 29, 30, 39, 48, 47, 56, 55, 54, 45, 36, 27, 18, 9, 0]
[00:00:00:03:335] Expansion 1,536: New longest path found with length 30: [62, 53, 44, 43, 34, 33, 24, 15, 6, 5, 4, 13, 22, 31, 30, 39, 48, 47, 56, 55, 54, 45, 36, 37, 28, 19, 20, 11, 2, 1, 0]
[00:00:00:03:456] Expansion 1,573: New longest path found with length 34: [62, 53, 44, 43, 34, 25, 26, 17, 8, 7, 6, 5, 14, 13, 12, 11, 20, 29, 30, 31, 32, 41, 50, 49, 48, 47, 56, 55, 54, 45, 36, 27, 18, 9, 0]
[00:00:00:03:781] Expansion 1,678: New longest path found with length 36: [62, 53, 44, 43, 34, 25, 26, 17, 8, 7, 6, 15, 14, 13, 4, 3, 2, 11, 20, 29, 30, 31, 32, 41, 50, 49, 48, 47, 56, 55, 54, 45, 36, 27, 18, 9, 0]
[00:00:00:05:345] Expansion 2,082: New longest path found with length 38: [62, 53, 52, 51, 60, 59, 58, 49, 48, 47, 56, 55, 54, 45, 36, 37, 28, 29, 30, 31, 32, 33, 34, 25, 26, 17, 8, 7, 6, 15, 14, 13, 4, 3, 2, 11, 10, 9, 0]
[00:00:00:06:932] Path of length 38 found: [62, 53, 52, 51, 60, 59, 58, 49, 48, 47, 56, 55, 54, 45, 36, 37, 28, 29, 30, 31, 32, 33, 34, 25, 26, 17, 8, 7, 6, 15, 14, 13, 4, 3, 2, 11, 10, 9, 0]
[00:00:00:06:932] ! Unidirectional t-s. expansions: 2,455, time: 6,932 [ms], path length: 38 [edges], generated: 3,791
[00:00:00:00:096] Expansion 16:New longest path found with length 32: [0, 1, 10, 19, 18, 27, 36, 45, 54, 55, 56, 47, 48, 49, 50, 41, 32, 31, 22, 13, 4, 5, 6, 7, 8, 17, 26, 25, 34, 43, 44, 53, 62]
[00:00:00:01:128] Expansion 267:New longest path found with length 34: [0, 1, 10, 11, 20, 29, 28, 27, 36, 45, 54, 55, 56, 47, 48, 49, 50, 41, 32, 31, 22, 13, 4, 5, 6, 7, 8, 17, 26, 25, 34, 43, 44, 53, 62]
[00:00:00:01:744] Expansion 386:New longest path found with length 36: [0, 1, 10, 11, 12, 3, 4, 5, 6, 7, 8, 17, 26, 25, 24, 33, 32, 31, 30, 29, 28, 27, 36, 45, 54, 55, 56, 47, 48, 49, 58, 59, 60, 51, 52, 53, 62]
[00:00:00:02:466] Expansion 527:New longest path found with length 38: [0, 1, 2, 3, 12, 13, 14, 5, 6, 7, 8, 17, 26, 25, 24, 33, 32, 31, 30, 29, 20, 19, 18, 27, 36, 45, 54, 55, 56, 47, 48, 49, 58, 59, 60, 51, 52, 53, 62]
[00:00:00:03:960] Path of length 38 found: [0, 1, 2, 3, 12, 13, 14, 5, 6, 7, 8, 17, 26, 25, 24, 33, 32, 31, 30, 29, 20, 19, 18, 27, 36, 45, 54, 55, 56, 47, 48, 49, 58, 59, 60, 51, 52, 53, 62]
[00:00:00:04:390] ! Bidirectional. expansions: 697, time: 3,960 [ms], path length: 38 [edges], g_F: 19, g_B: 19, generated: {'F': 1,173, 'B': 1,207}, MM: 0, MMPER: -1.0%
[00:00:00:04:390] 
---------- SM_Grids/7x9_grid_with_random_blocks_8per_8 ----------
[00:00:00:00:125] Expansion 37: New longest path found with length 38: [0, 9, 18, 27, 36, 45, 54, 55, 56, 47, 38, 29, 20, 11, 2, 3, 4, 13, 22, 31, 40, 49, 58, 59, 60, 51, 42, 33, 24, 15, 6, 7, 8, 17, 26, 35, 44, 53, 62]
[00:00:00:04:919] Path of length 38 found: [0, 9, 18, 27, 36, 45, 54, 55, 56, 47, 38, 29, 20, 11, 2, 3, 4, 13, 22, 31, 40, 49, 58, 59, 60, 51, 42, 33, 24, 15, 6, 7, 8, 17, 26, 35, 44, 53, 62]
[00:00:00:04:919] ! Unidirectional s-t. expansions: 1,329, time: 4,919 [ms], path length: 38 [edges], generated: 2,092
[00:00:00:00:115] Expansion 29: New longest path found with length 30: [62, 53, 44, 35, 34, 33, 24, 15, 6, 5, 4, 3, 2, 11, 20, 21, 22, 31, 40, 49, 58, 57, 56, 47, 38, 37, 28, 27, 18, 9, 0]
[00:00:00:01:922] Expansion 583: New longest path found with length 32: [62, 53, 44, 35, 34, 33, 42, 51, 60, 59, 58, 49, 40, 31, 22, 13, 4, 3, 2, 11, 20, 29, 38, 47, 56, 55, 54, 45, 36, 27, 18, 9, 0]
[00:00:00:02:392] Expansion 717: New longest path found with length 36: [62, 53, 44, 35, 26, 17, 8, 7, 6, 5, 4, 13, 12, 21, 20, 29, 38, 39, 40, 31, 32, 33, 42, 51, 50, 59, 58, 57, 56, 55, 46, 45, 36, 27, 18, 9, 0]
[00:00:00:03:350] Expansion 1,049: New longest path found with length 38: [62, 53, 44, 35, 26, 17, 8, 7, 6, 5, 4, 3, 2, 11, 20, 21, 22, 23, 32, 33, 42, 51, 60, 59, 58, 49, 40, 39, 38, 47, 56, 55, 54, 45, 36, 27, 18, 9, 0]
[00:00:00:09:212] Path of length 38 found: [62, 53, 44, 35, 26, 17, 8, 7, 6, 5, 4, 3, 2, 11, 20, 21, 22, 23, 32, 33, 42, 51, 60, 59, 58, 49, 40, 39, 38, 47, 56, 55, 54, 45, 36, 27, 18, 9, 0]
[00:00:00:09:212] ! Unidirectional t-s. expansions: 2,602, time: 9,212 [ms], path length: 38 [edges], generated: 4,401
[00:00:00:00:075] Expansion 12:New longest path found with length 24: [0, 1, 10, 11, 20, 21, 30, 31, 32, 23, 24, 15, 6, 7, 8, 17, 26, 35, 34, 43, 42, 51, 60, 61, 62]
[00:00:00:00:126] Expansion 25:New longest path found with length 34: [0, 1, 10, 11, 20, 29, 28, 27, 36, 45, 54, 55, 56, 47, 48, 39, 40, 31, 22, 13, 4, 5, 6, 7, 8, 17, 26, 35, 34, 43, 42, 51, 60, 61, 62]
[00:00:00:00:564] Expansion 162:New longest path found with length 36: [0, 1, 10, 11, 12, 3, 4, 5, 6, 7, 16, 17, 26, 35, 34, 33, 24, 23, 22, 31, 30, 29, 28, 27, 36, 45, 54, 55, 56, 57, 58, 49, 50, 51, 60, 61, 62]
[00:00:00:00:864] Expansion 239:New longest path found with length 38: [0, 1, 10, 11, 12, 3, 4, 5, 6, 7, 16, 17, 26, 35, 44, 43, 42, 33, 24, 23, 22, 31, 30, 29, 28, 27, 36, 45, 54, 55, 56, 57, 48, 49, 50, 59, 60, 61, 62]
[00:00:00:02:999] Path of length 38 found: [0, 1, 10, 11, 12, 3, 4, 5, 6, 7, 16, 17, 26, 35, 44, 43, 42, 33, 24, 23, 22, 31, 30, 29, 28, 27, 36, 45, 54, 55, 56, 57, 48, 49, 50, 59, 60, 61, 62]
[00:00:00:03:396] ! Bidirectional. expansions: 569, time: 3,000 [ms], path length: 38 [edges], g_F: 19, g_B: 19, generated: {'F': 962, 'B': 894}, MM: 0, MMPER: -1.0%
[00:00:00:03:397] 
---------- SM_Grids/7x9_grid_with_random_blocks_8per_9 ----------
[00:00:00:00:078] Expansion 15: New longest path found with length 16: [0, 1, 2, 11, 20, 19, 28, 37, 38, 47, 56, 57, 58, 59, 60, 61, 62]
[00:00:00:00:123] Expansion 33: New longest path found with length 32: [0, 1, 2, 11, 20, 19, 28, 37, 38, 47, 56, 57, 58, 59, 50, 41, 40, 31, 22, 13, 4, 5, 6, 7, 8, 17, 26, 25, 34, 43, 52, 61, 62]
[00:00:00:02:084] Expansion 633: New longest path found with length 34: [0, 1, 2, 3, 4, 13, 14, 15, 6, 7, 8, 17, 26, 25, 34, 33, 42, 41, 40, 31, 30, 21, 20, 19, 28, 37, 38, 47, 56, 57, 58, 59, 60, 61, 62]
[00:00:00:05:153] Expansion 1,476: New longest path found with length 36: [0, 9, 18, 27, 28, 37, 38, 47, 56, 57, 58, 59, 50, 41, 40, 31, 30, 21, 20, 11, 2, 3, 4, 13, 14, 15, 6, 7, 8, 17, 26, 25, 34, 43, 52, 61, 62]
[00:00:00:06:729] Path of length 36 found: [0, 9, 18, 27, 28, 37, 38, 47, 56, 57, 58, 59, 50, 41, 40, 31, 30, 21, 20, 11, 2, 3, 4, 13, 14, 15, 6, 7, 8, 17, 26, 25, 34, 43, 52, 61, 62]
[00:00:00:06:730] ! Unidirectional s-t. expansions: 1,880, time: 6,730 [ms], path length: 36 [edges], generated: 3,128
[00:00:00:00:103] Expansion 25: New longest path found with length 26: [62, 53, 52, 43, 34, 35, 26, 17, 8, 7, 6, 15, 24, 23, 22, 13, 4, 3, 2, 11, 20, 29, 28, 27, 18, 9, 0]
[00:00:00:00:199] Expansion 60: New longest path found with length 30: [62, 53, 52, 43, 34, 35, 26, 17, 8, 7, 6, 15, 24, 23, 22, 31, 40, 41, 50, 59, 58, 57, 48, 47, 38, 37, 28, 19, 10, 1, 0]
[00:00:00:00:206] Expansion 65: New longest path found with length 32: [62, 53, 52, 43, 34, 35, 26, 17, 8, 7, 6, 15, 24, 23, 22, 31, 40, 41, 50, 59, 58, 57, 48, 47, 38, 37, 28, 19, 20, 11, 2, 1, 0]
[00:00:00:00:457] Expansion 180: New longest path found with length 36: [62, 53, 52, 43, 34, 35, 26, 17, 8, 7, 6, 15, 14, 13, 4, 3, 2, 11, 20, 21, 30, 31, 40, 41, 50, 59, 58, 57, 48, 47, 38, 37, 28, 27, 18, 9, 0]
[00:00:00:04:664] Path of length 36 found: [62, 53, 52, 43, 34, 35, 26, 17, 8, 7, 6, 15, 14, 13, 4, 3, 2, 11, 20, 21, 30, 31, 40, 41, 50, 59, 58, 57, 48, 47, 38, 37, 28, 27, 18, 9, 0]
[00:00:00:04:665] ! Unidirectional t-s. expansions: 1,233, time: 4,664 [ms], path length: 36 [edges], generated: 2,058
[00:00:00:00:094] Expansion 16:New longest path found with length 32: [0, 1, 2, 11, 20, 19, 28, 37, 38, 47, 56, 57, 58, 59, 50, 41, 40, 31, 22, 13, 4, 5, 6, 7, 8, 17, 26, 35, 44, 43, 52, 61, 62]
[00:00:00:00:874] Expansion 146:New longest path found with length 34: [0, 1, 2, 3, 4, 13, 14, 15, 6, 7, 8, 17, 26, 25, 34, 33, 42, 41, 40, 31, 30, 21, 20, 19, 28, 37, 38, 47, 56, 57, 58, 59, 60, 61, 62]
[00:00:00:01:723] Expansion 286:New longest path found with length 36: [0, 9, 18, 27, 28, 37, 38, 47, 56, 57, 58, 59, 50, 41, 40, 31, 30, 21, 20, 11, 2, 3, 4, 13, 14, 15, 6, 7, 8, 17, 26, 35, 34, 43, 52, 53, 62]
[00:00:00:02:545] Path of length 36 found: [0, 9, 18, 27, 28, 37, 38, 47, 56, 57, 58, 59, 50, 41, 40, 31, 30, 21, 20, 11, 2, 3, 4, 13, 14, 15, 6, 7, 8, 17, 26, 35, 34, 43, 52, 53, 62]
[00:00:00:02:937] ! Bidirectional. expansions: 400, time: 2,545 [ms], path length: 36 [edges], g_F: 18, g_B: 18, generated: {'F': 747, 'B': 681}, MM: 0, MMPER: -1.0%

[00:00:00:02:937] average expansions: (2,517, 4,629, 1,036, 0)
[00:00:00:02:937] average time: (9,549, 13,270, 5,677, 0)
[00:00:00:02:937] X-DFBnB: 2,517 , 9,549 (expansions , time[ms])
[00:00:00:02:937] BiX-DFBnB: 1,036 , 5,677 (expansions , time[ms])

