Wed 18 Mar 2026 10:41:05 IST

SLURM_JOBID:		 16051553
SLURM_JOB_NODELIST:	 ise-cpu256-32 

--------------------------
date: SM_Grids
number_of_graphs: 10
graph_type: grid
size_of_graphs: [7, 8]
heuristic: bcc_heuristic
snake: True
run_uni: True
run_bi: True
run_multi: False
solution_vertices: []
algorithms: ['DFBnB']
bsd: False
cube_first_dims: 4
cube_buffer_dim: None
backward_sym_generation: False
sym_coil: False
prefix_set: None

---------- SM_Grids/7x8_grid_with_random_blocks_12per_0 ----------
[00:00:00:00:082] Expansion 31: New longest path found with length 31: [0, 1, 2, 10, 11, 12, 4, 5, 6, 7, 15, 23, 22, 21, 29, 28, 27, 26, 25, 24, 32, 40, 48, 49, 50, 42, 43, 44, 45, 46, 47, 55]
[00:00:00:02:613] Expansion 1,050: New longest path found with length 33: [0, 1, 2, 3, 4, 5, 6, 7, 15, 23, 22, 21, 20, 28, 27, 26, 18, 17, 16, 24, 32, 40, 48, 49, 50, 42, 43, 44, 45, 37, 38, 39, 47, 55]
[00:00:00:02:867] Path of length 33 found: [0, 1, 2, 3, 4, 5, 6, 7, 15, 23, 22, 21, 20, 28, 27, 26, 18, 17, 16, 24, 32, 40, 48, 49, 50, 42, 43, 44, 45, 37, 38, 39, 47, 55]
[00:00:00:02:868] ! Unidirectional s-t. expansions: 1,128, time: 2,867 [ms], path length: 33 [edges], generated: 1,794
[00:00:00:00:086] Expansion 26: New longest path found with length 27: [55, 47, 39, 31, 30, 29, 37, 45, 44, 43, 51, 50, 49, 48, 40, 32, 24, 16, 17, 18, 19, 20, 12, 4, 3, 2, 1, 0]
[00:00:00:00:995] Expansion 356: New longest path found with length 31: [55, 47, 39, 31, 23, 15, 7, 6, 5, 4, 12, 20, 28, 29, 37, 45, 44, 43, 51, 50, 49, 41, 40, 32, 24, 16, 17, 18, 10, 2, 1, 0]
[00:00:00:01:919] Expansion 680: New longest path found with length 33: [55, 47, 39, 38, 37, 45, 44, 43, 51, 50, 49, 48, 40, 32, 24, 16, 17, 18, 26, 27, 28, 20, 21, 22, 23, 15, 7, 6, 5, 4, 3, 2, 1, 0]
[00:00:00:02:909] Path of length 33 found: [55, 47, 39, 38, 37, 45, 44, 43, 51, 50, 49, 48, 40, 32, 24, 16, 17, 18, 26, 27, 28, 20, 21, 22, 23, 15, 7, 6, 5, 4, 3, 2, 1, 0]
[00:00:00:02:909] ! Unidirectional t-s. expansions: 950, time: 2,909 [ms], path length: 33 [edges], generated: 1,641
[00:00:00:00:177] Expansion 66:New longest path found with length 13: [0, 1, 2, 10, 11, 12, 20, 21, 29, 30, 31, 39, 47, 55]
[00:00:00:00:204] Expansion 73:New longest path found with length 25: [0, 1, 2, 10, 11, 19, 27, 26, 25, 24, 32, 40, 48, 49, 50, 51, 43, 44, 45, 37, 29, 30, 31, 39, 47, 55]
[00:00:00:00:247] Expansion 84:New longest path found with length 31: [0, 1, 2, 10, 11, 19, 27, 26, 25, 24, 32, 40, 48, 49, 50, 42, 43, 44, 45, 37, 29, 21, 13, 5, 6, 7, 15, 23, 31, 39, 47, 55]
[00:00:00:00:544] Expansion 129:New longest path found with length 33: [0, 1, 2, 3, 4, 5, 6, 7, 15, 23, 22, 21, 20, 28, 27, 26, 18, 17, 16, 24, 32, 40, 48, 49, 50, 51, 43, 44, 45, 37, 38, 39, 47, 55]
[00:00:00:00:754] Path of length 33 found: [0, 1, 2, 3, 4, 5, 6, 7, 15, 23, 22, 21, 20, 28, 27, 26, 18, 17, 16, 24, 32, 40, 48, 49, 50, 51, 43, 44, 45, 37, 38, 39, 47, 55]
[00:00:00:01:164] ! Bidirectional. expansions: 161, time: 754 [ms], path length: 33 [edges], g_F: 17, g_B: 16, generated: {'F': 278, 'B': 287}, MM: 1, MMPER: 1.9411764705882355%
[00:00:00:01:164] 
---------- SM_Grids/7x8_grid_with_random_blocks_12per_1 ----------
[00:00:00:00:095] Expansion 25: New longest path found with length 25: [0, 8, 16, 24, 32, 40, 41, 42, 34, 26, 27, 19, 11, 3, 4, 5, 13, 14, 22, 30, 38, 37, 45, 53, 54, 55]
[00:00:00:00:280] Expansion 96: New longest path found with length 27: [0, 8, 16, 24, 32, 40, 41, 42, 34, 26, 18, 10, 2, 3, 4, 5, 6, 14, 22, 21, 20, 28, 36, 44, 45, 46, 54, 55]
[00:00:00:04:253] Expansion 1,445: New longest path found with length 29: [0, 8, 9, 10, 2, 3, 4, 5, 6, 14, 22, 21, 20, 19, 27, 26, 25, 24, 32, 40, 41, 42, 43, 44, 36, 37, 38, 46, 54, 55]
[00:00:00:05:276] Path of length 29 found: [0, 8, 9, 10, 2, 3, 4, 5, 6, 14, 22, 21, 20, 19, 27, 26, 25, 24, 32, 40, 41, 42, 43, 44, 36, 37, 38, 46, 54, 55]
[00:00:00:05:276] ! Unidirectional s-t. expansions: 1,721, time: 5,276 [ms], path length: 29 [edges], generated: 3,034
[00:00:00:00:461] Expansion 222: New longest path found with length 15: [55, 47, 39, 38, 30, 22, 14, 6, 5, 4, 3, 2, 10, 9, 8, 0]
[00:00:00:00:494] Expansion 236: New longest path found with length 27: [55, 47, 39, 38, 30, 22, 14, 6, 5, 4, 3, 2, 10, 18, 19, 20, 28, 36, 35, 43, 42, 41, 33, 25, 24, 16, 8, 0]
[00:00:00:01:826] Expansion 620: New longest path found with length 29: [55, 47, 39, 38, 37, 45, 44, 43, 42, 41, 40, 32, 24, 25, 26, 27, 28, 20, 21, 22, 14, 6, 5, 4, 3, 2, 10, 9, 8, 0]
[00:00:00:05:032] Path of length 29 found: [55, 47, 39, 38, 37, 45, 44, 43, 42, 41, 40, 32, 24, 25, 26, 27, 28, 20, 21, 22, 14, 6, 5, 4, 3, 2, 10, 9, 8, 0]
[00:00:00:05:032] ! Unidirectional t-s. expansions: 1,478, time: 5,032 [ms], path length: 29 [edges], generated: 2,728
[00:00:00:00:083] Expansion 15:New longest path found with length 25: [0, 8, 16, 17, 25, 33, 41, 42, 43, 35, 36, 28, 20, 19, 11, 3, 4, 5, 6, 14, 22, 30, 38, 39, 47, 55]
[00:00:00:00:425] Expansion 69:New longest path found with length 27: [0, 8, 16, 24, 32, 40, 41, 42, 34, 26, 18, 10, 2, 3, 4, 5, 6, 14, 22, 21, 20, 28, 36, 37, 38, 39, 47, 55]
[00:00:00:01:607] Expansion 237:New longest path found with length 29: [0, 8, 9, 10, 2, 3, 4, 5, 6, 14, 22, 21, 20, 19, 27, 26, 25, 24, 32, 40, 41, 42, 43, 44, 45, 37, 38, 39, 47, 55]
[00:00:00:03:105] Path of length 29 found: [0, 8, 9, 10, 2, 3, 4, 5, 6, 14, 22, 21, 20, 19, 27, 26, 25, 24, 32, 40, 41, 42, 43, 44, 45, 37, 38, 39, 47, 55]
[00:00:00:03:513] ! Bidirectional. expansions: 441, time: 3,105 [ms], path length: 29 [edges], g_F: 15, g_B: 14, generated: {'F': 901, 'B': 920}, MM: 1, MMPER: 2.3333333333333335%
[00:00:00:03:513] 
---------- SM_Grids/7x8_grid_with_random_blocks_12per_2 ----------
[00:00:00:00:089] Expansion 26: New longest path found with length 27: [0, 8, 16, 24, 32, 33, 34, 26, 18, 10, 2, 3, 4, 5, 6, 7, 15, 23, 22, 21, 20, 28, 36, 37, 45, 53, 54, 55]
[00:00:00:00:535] Expansion 209: New longest path found with length 29: [0, 8, 16, 24, 32, 33, 34, 35, 43, 44, 45, 37, 29, 28, 20, 19, 18, 10, 2, 3, 4, 5, 13, 14, 22, 23, 31, 39, 47, 55]
[00:00:00:01:120] Expansion 399: New longest path found with length 31: [0, 1, 2, 3, 4, 5, 6, 7, 15, 23, 31, 39, 38, 37, 29, 21, 20, 19, 18, 17, 16, 24, 32, 33, 34, 35, 43, 44, 52, 53, 54, 55]
[00:00:00:01:432] Path of length 31 found: [0, 1, 2, 3, 4, 5, 6, 7, 15, 23, 31, 39, 38, 37, 29, 21, 20, 19, 18, 17, 16, 24, 32, 33, 34, 35, 43, 44, 52, 53, 54, 55]
[00:00:00:01:433] ! Unidirectional s-t. expansions: 503, time: 1,433 [ms], path length: 31 [edges], generated: 810
[00:00:00:00:079] Expansion 20: New longest path found with length 21: [55, 47, 39, 31, 23, 15, 7, 6, 5, 4, 3, 2, 10, 18, 26, 34, 33, 32, 24, 16, 8, 0]
[00:00:00:00:100] Expansion 29: New longest path found with length 23: [55, 47, 39, 31, 23, 15, 7, 6, 5, 4, 3, 2, 10, 18, 19, 27, 35, 34, 33, 32, 24, 16, 8, 0]
[00:00:00:00:127] Expansion 43: New longest path found with length 29: [55, 47, 39, 31, 23, 15, 7, 6, 5, 4, 3, 2, 10, 18, 19, 20, 28, 29, 37, 45, 44, 43, 35, 34, 33, 32, 24, 16, 8, 0]
[00:00:00:02:491] Expansion 787: New longest path found with length 31: [55, 54, 53, 52, 44, 43, 35, 34, 33, 32, 24, 16, 17, 18, 19, 20, 28, 29, 37, 38, 39, 31, 23, 15, 7, 6, 5, 4, 3, 2, 1, 0]
[00:00:00:02:891] Path of length 31 found: [55, 54, 53, 52, 44, 43, 35, 34, 33, 32, 24, 16, 17, 18, 19, 20, 28, 29, 37, 38, 39, 31, 23, 15, 7, 6, 5, 4, 3, 2, 1, 0]
[00:00:00:02:891] ! Unidirectional t-s. expansions: 923, time: 2,891 [ms], path length: 31 [edges], generated: 1,600
[00:00:00:00:058] Expansion 14:New longest path found with length 13: [0, 8, 16, 24, 32, 33, 34, 35, 43, 44, 52, 53, 54, 55]
[00:00:00:00:090] Expansion 24:New longest path found with length 27: [0, 8, 16, 24, 32, 33, 34, 26, 27, 19, 11, 3, 4, 5, 6, 7, 15, 23, 31, 39, 38, 37, 36, 44, 52, 53, 54, 55]
[00:00:00:00:411] Expansion 89:New longest path found with length 29: [0, 8, 16, 24, 32, 33, 34, 35, 43, 44, 45, 37, 29, 21, 20, 19, 18, 10, 2, 3, 4, 5, 6, 7, 15, 23, 31, 39, 47, 55]
[00:00:00:00:943] Expansion 201:New longest path found with length 31: [0, 1, 2, 3, 4, 5, 6, 7, 15, 23, 31, 39, 38, 37, 29, 21, 20, 19, 18, 17, 16, 24, 32, 33, 34, 35, 43, 44, 52, 53, 54, 55]
[00:00:00:01:067] Path of length 31 found: [0, 1, 2, 3, 4, 5, 6, 7, 15, 23, 31, 39, 38, 37, 29, 21, 20, 19, 18, 17, 16, 24, 32, 33, 34, 35, 43, 44, 52, 53, 54, 55]
[00:00:00:01:447] ! Bidirectional. expansions: 220, time: 1,067 [ms], path length: 31 [edges], g_F: 16, g_B: 15, generated: {'F': 366, 'B': 391}, MM: 1, MMPER: 2.125%
[00:00:00:01:447] 
---------- SM_Grids/7x8_grid_with_random_blocks_12per_3 ----------
[00:00:00:00:096] Expansion 26: New longest path found with length 27: [0, 8, 16, 24, 32, 33, 41, 49, 50, 51, 43, 35, 27, 19, 11, 3, 4, 5, 6, 14, 22, 21, 29, 37, 45, 46, 47, 55]
[00:00:00:00:340] Expansion 124: New longest path found with length 29: [0, 8, 16, 24, 32, 33, 41, 49, 50, 51, 52, 53, 45, 37, 36, 35, 27, 19, 11, 3, 4, 5, 6, 14, 22, 30, 31, 39, 47, 55]
[00:00:00:05:280] Expansion 1,482: New longest path found with length 31: [0, 1, 9, 17, 16, 24, 32, 33, 41, 49, 50, 51, 52, 53, 45, 37, 36, 35, 27, 19, 11, 3, 4, 5, 6, 14, 22, 30, 31, 39, 47, 55]
[00:00:00:05:678] Path of length 31 found: [0, 1, 9, 17, 16, 24, 32, 33, 41, 49, 50, 51, 52, 53, 45, 37, 36, 35, 27, 19, 11, 3, 4, 5, 6, 14, 22, 30, 31, 39, 47, 55]
[00:00:00:05:679] ! Unidirectional s-t. expansions: 1,598, time: 5,678 [ms], path length: 31 [edges], generated: 3,026
[00:00:00:00:901] Expansion 482: New longest path found with length 15: [55, 47, 39, 31, 30, 22, 14, 6, 5, 4, 3, 2, 10, 9, 8, 0]
[00:00:00:00:945] Expansion 500: New longest path found with length 29: [55, 47, 39, 31, 30, 22, 14, 6, 5, 4, 3, 11, 19, 20, 28, 36, 37, 45, 53, 52, 51, 43, 42, 34, 26, 25, 24, 16, 8, 0]
[00:00:00:00:954] Expansion 507: New longest path found with length 31: [55, 47, 39, 31, 30, 22, 14, 6, 5, 4, 3, 11, 19, 20, 28, 36, 37, 45, 53, 52, 51, 43, 42, 34, 33, 32, 24, 16, 17, 9, 1, 0]
[00:00:00:02:585] Path of length 31 found: [55, 47, 39, 31, 30, 22, 14, 6, 5, 4, 3, 11, 19, 20, 28, 36, 37, 45, 53, 52, 51, 43, 42, 34, 33, 32, 24, 16, 17, 9, 1, 0]
[00:00:00:02:586] ! Unidirectional t-s. expansions: 992, time: 2,585 [ms], path length: 31 [edges], generated: 1,557
[00:00:00:00:081] Expansion 17:New longest path found with length 27: [0, 8, 16, 24, 32, 33, 41, 49, 50, 51, 52, 44, 36, 28, 27, 19, 11, 3, 4, 5, 6, 14, 22, 30, 31, 39, 47, 55]
[00:00:00:00:090] Expansion 21:New longest path found with length 29: [0, 8, 16, 24, 32, 33, 41, 49, 50, 51, 52, 53, 45, 37, 36, 35, 27, 19, 11, 3, 4, 5, 6, 14, 22, 30, 31, 39, 47, 55]
[00:00:00:02:007] Expansion 413:New longest path found with length 31: [0, 1, 9, 17, 16, 24, 32, 33, 41, 49, 50, 51, 52, 53, 45, 37, 36, 35, 27, 19, 11, 3, 4, 5, 6, 14, 22, 30, 31, 39, 47, 55]
[00:00:00:02:261] Path of length 31 found: [0, 1, 9, 17, 16, 24, 32, 33, 41, 49, 50, 51, 52, 53, 45, 37, 36, 35, 27, 19, 11, 3, 4, 5, 6, 14, 22, 30, 31, 39, 47, 55]
[00:00:00:02:628] ! Bidirectional. expansions: 449, time: 2,261 [ms], path length: 31 [edges], g_F: 16, g_B: 15, generated: {'F': 789, 'B': 809}, MM: 1, MMPER: 2.125%
[00:00:00:02:628] 
---------- SM_Grids/7x8_grid_with_random_blocks_12per_4 ----------
[00:00:00:00:097] Expansion 30: New longest path found with length 31: [0, 1, 9, 17, 16, 24, 32, 40, 48, 49, 50, 42, 34, 35, 27, 19, 11, 12, 4, 5, 6, 7, 15, 23, 22, 30, 38, 37, 45, 53, 54, 55]
[00:00:00:04:240] Expansion 1,783: New longest path found with length 33: [0, 1, 2, 10, 18, 17, 16, 24, 32, 40, 48, 49, 50, 42, 34, 35, 27, 28, 20, 12, 4, 5, 6, 7, 15, 23, 22, 30, 38, 37, 45, 53, 54, 55]
[00:00:00:05:576] Path of length 33 found: [0, 1, 2, 10, 18, 17, 16, 24, 32, 40, 48, 49, 50, 42, 34, 35, 27, 28, 20, 12, 4, 5, 6, 7, 15, 23, 22, 30, 38, 37, 45, 53, 54, 55]
[00:00:00:05:576] ! Unidirectional s-t. expansions: 2,262, time: 5,576 [ms], path length: 33 [edges], generated: 3,286
[00:00:00:00:094] Expansion 30: New longest path found with length 31: [55, 47, 39, 31, 23, 15, 7, 6, 5, 4, 12, 11, 19, 27, 28, 36, 37, 45, 53, 52, 51, 43, 42, 41, 33, 32, 24, 16, 17, 9, 1, 0]
[00:00:00:03:511] Expansion 1,239: New longest path found with length 33: [55, 54, 53, 45, 37, 38, 39, 31, 23, 15, 7, 6, 5, 4, 12, 20, 28, 27, 35, 43, 51, 50, 49, 48, 40, 32, 24, 16, 17, 18, 10, 2, 1, 0]
[00:00:00:04:770] Path of length 33 found: [55, 54, 53, 45, 37, 38, 39, 31, 23, 15, 7, 6, 5, 4, 12, 20, 28, 27, 35, 43, 51, 50, 49, 48, 40, 32, 24, 16, 17, 18, 10, 2, 1, 0]
[00:00:00:04:770] ! Unidirectional t-s. expansions: 1,643, time: 4,770 [ms], path length: 33 [edges], generated: 2,583
[00:00:00:00:054] Expansion 8:New longest path found with length 17: [0, 1, 9, 10, 18, 19, 20, 12, 4, 5, 6, 7, 15, 23, 31, 39, 47, 55]
[00:00:00:00:122] Expansion 26:New longest path found with length 25: [0, 1, 9, 10, 11, 12, 20, 28, 27, 35, 34, 33, 32, 40, 48, 49, 50, 51, 52, 53, 45, 37, 38, 39, 47, 55]
[00:00:00:00:174] Expansion 40:New longest path found with length 31: [0, 1, 9, 17, 16, 24, 32, 40, 48, 49, 50, 51, 52, 53, 45, 37, 36, 35, 27, 19, 11, 12, 4, 5, 6, 7, 15, 23, 31, 39, 47, 55]
[00:00:00:01:473] Expansion 409:New longest path found with length 33: [0, 1, 2, 10, 18, 17, 16, 24, 32, 40, 48, 49, 50, 42, 34, 35, 27, 28, 20, 12, 4, 5, 6, 7, 15, 23, 31, 39, 38, 37, 45, 53, 54, 55]
[00:00:00:01:592] Path of length 33 found: [0, 1, 2, 10, 18, 17, 16, 24, 32, 40, 48, 49, 50, 42, 34, 35, 27, 28, 20, 12, 4, 5, 6, 7, 15, 23, 31, 39, 38, 37, 45, 53, 54, 55]
[00:00:00:01:968] ! Bidirectional. expansions: 426, time: 1,592 [ms], path length: 33 [edges], g_F: 17, g_B: 16, generated: {'F': 727, 'B': 666}, MM: 1, MMPER: 1.9411764705882355%
[00:00:00:01:969] 
---------- SM_Grids/7x8_grid_with_random_blocks_12per_5 ----------
[00:00:00:00:654] Expansion 333: New longest path found with length 17: [0, 8, 16, 17, 25, 33, 32, 40, 48, 49, 50, 51, 52, 53, 45, 46, 47, 55]
[00:00:00:00:699] Expansion 351: New longest path found with length 27: [0, 8, 16, 17, 25, 33, 32, 40, 48, 49, 50, 51, 43, 35, 27, 19, 11, 3, 4, 5, 6, 14, 22, 23, 31, 39, 47, 55]
[00:00:00:00:889] Expansion 442: New longest path found with length 29: [0, 8, 16, 17, 25, 33, 32, 40, 48, 49, 50, 51, 43, 35, 36, 28, 20, 19, 11, 3, 4, 5, 13, 14, 22, 23, 31, 39, 47, 55]
[00:00:00:01:323] Expansion 627: New longest path found with length 31: [0, 8, 16, 17, 18, 10, 2, 3, 4, 5, 13, 14, 22, 30, 29, 28, 27, 35, 34, 33, 32, 40, 48, 49, 50, 51, 52, 53, 45, 46, 47, 55]
[00:00:00:04:477] Path of length 31 found: [0, 8, 16, 17, 18, 10, 2, 3, 4, 5, 13, 14, 22, 30, 29, 28, 27, 35, 34, 33, 32, 40, 48, 49, 50, 51, 52, 53, 45, 46, 47, 55]
[00:00:00:04:477] ! Unidirectional s-t. expansions: 1,712, time: 4,477 [ms], path length: 31 [edges], generated: 2,617
[00:00:00:00:072] Expansion 16: New longest path found with length 17: [55, 47, 46, 38, 30, 22, 14, 6, 5, 4, 3, 2, 10, 18, 17, 16, 8, 0]
[00:00:00:00:201] Expansion 73: New longest path found with length 29: [55, 47, 46, 38, 30, 22, 14, 6, 5, 4, 3, 11, 19, 20, 28, 36, 35, 43, 51, 50, 49, 48, 40, 32, 33, 25, 17, 9, 1, 0]
[00:00:00:01:459] Expansion 514: New longest path found with length 31: [55, 47, 46, 45, 53, 52, 51, 50, 49, 48, 40, 32, 33, 34, 35, 27, 28, 29, 30, 22, 14, 6, 5, 4, 12, 11, 10, 18, 17, 16, 8, 0]
[00:00:00:02:018] Path of length 31 found: [55, 47, 46, 45, 53, 52, 51, 50, 49, 48, 40, 32, 33, 34, 35, 27, 28, 29, 30, 22, 14, 6, 5, 4, 12, 11, 10, 18, 17, 16, 8, 0]
[00:00:00:02:019] ! Unidirectional t-s. expansions: 666, time: 2,018 [ms], path length: 31 [edges], generated: 1,158
[00:00:00:00:268] Expansion 142:New longest path found with length 15: [0, 8, 16, 17, 25, 26, 27, 35, 43, 51, 52, 53, 45, 46, 47, 55]
[00:00:00:00:287] Expansion 149:New longest path found with length 17: [0, 8, 16, 17, 25, 33, 32, 40, 48, 49, 50, 51, 52, 53, 45, 46, 47, 55]
[00:00:00:00:325] Expansion 160:New longest path found with length 31: [0, 8, 16, 17, 18, 10, 2, 3, 4, 5, 6, 14, 22, 21, 20, 28, 27, 35, 34, 33, 32, 40, 48, 49, 50, 51, 52, 53, 45, 46, 47, 55]
[00:00:00:01:121] Path of length 31 found: [0, 8, 16, 17, 18, 10, 2, 3, 4, 5, 6, 14, 22, 21, 20, 28, 27, 35, 34, 33, 32, 40, 48, 49, 50, 51, 52, 53, 45, 46, 47, 55]
[00:00:00:01:501] ! Bidirectional. expansions: 332, time: 1,121 [ms], path length: 31 [edges], g_F: 16, g_B: 15, generated: {'F': 578, 'B': 395}, MM: 1, MMPER: 2.125%
[00:00:00:01:501] 
---------- SM_Grids/7x8_grid_with_random_blocks_12per_6 ----------
[00:00:00:00:092] Expansion 26: New longest path found with length 27: [0, 8, 9, 10, 11, 19, 27, 26, 34, 33, 32, 40, 48, 49, 50, 51, 43, 44, 36, 37, 29, 21, 22, 23, 31, 39, 47, 55]
[00:00:00:02:415] Path of length 27 found: [0, 8, 9, 10, 11, 19, 27, 26, 34, 33, 32, 40, 48, 49, 50, 51, 43, 44, 36, 37, 29, 21, 22, 23, 31, 39, 47, 55]
[00:00:00:02:415] ! Unidirectional s-t. expansions: 737, time: 2,415 [ms], path length: 27 [edges], generated: 1,370
[00:00:00:00:067] Expansion 13: New longest path found with length 13: [55, 47, 46, 38, 30, 22, 21, 20, 19, 11, 10, 9, 8, 0]
[00:00:00:00:091] Expansion 21: New longest path found with length 15: [55, 47, 46, 38, 30, 22, 21, 20, 28, 27, 26, 18, 10, 9, 8, 0]
[00:00:00:00:132] Expansion 39: New longest path found with length 25: [55, 47, 46, 38, 30, 22, 21, 20, 28, 36, 44, 52, 51, 50, 49, 48, 40, 32, 33, 34, 26, 18, 10, 9, 8, 0]
[00:00:00:00:782] Expansion 215: New longest path found with length 27: [55, 47, 39, 31, 23, 22, 21, 20, 28, 36, 37, 45, 53, 52, 51, 50, 49, 48, 40, 32, 33, 34, 26, 18, 10, 9, 8, 0]
[00:00:00:02:523] Path of length 27 found: [55, 47, 39, 31, 23, 22, 21, 20, 28, 36, 37, 45, 53, 52, 51, 50, 49, 48, 40, 32, 33, 34, 26, 18, 10, 9, 8, 0]
[00:00:00:02:524] ! Unidirectional t-s. expansions: 712, time: 2,523 [ms], path length: 27 [edges], generated: 1,276
[00:00:00:00:275] Expansion 141:New longest path found with length 17: [0, 8, 9, 10, 11, 19, 27, 28, 29, 21, 22, 23, 31, 39, 38, 46, 54, 55]
[00:00:00:00:321] Expansion 152:New longest path found with length 27: [0, 8, 9, 10, 18, 26, 34, 33, 32, 40, 48, 49, 50, 51, 43, 44, 36, 28, 20, 21, 22, 23, 31, 39, 38, 46, 54, 55]
[00:00:00:01:482] Path of length 27 found: [0, 8, 9, 10, 18, 26, 34, 33, 32, 40, 48, 49, 50, 51, 43, 44, 36, 28, 20, 21, 22, 23, 31, 39, 38, 46, 54, 55]
[00:00:00:01:886] ! Bidirectional. expansions: 307, time: 1,482 [ms], path length: 27 [edges], g_F: 14, g_B: 13, generated: {'F': 627, 'B': 436}, MM: 1, MMPER: 2.5714285714285716%
[00:00:00:01:887] 
---------- SM_Grids/7x8_grid_with_random_blocks_12per_7 ----------
[00:00:00:00:096] Expansion 28: New longest path found with length 29: [0, 8, 9, 17, 18, 26, 34, 33, 41, 49, 50, 51, 43, 44, 36, 28, 20, 12, 4, 5, 6, 14, 15, 23, 31, 30, 38, 46, 54, 55]
[00:00:00:00:357] Expansion 114: New longest path found with length 31: [0, 8, 9, 17, 18, 19, 11, 3, 4, 5, 13, 14, 15, 23, 31, 30, 29, 28, 36, 35, 34, 33, 41, 49, 50, 51, 52, 53, 45, 46, 47, 55]
[00:00:00:02:418] Path of length 31 found: [0, 8, 9, 17, 18, 19, 11, 3, 4, 5, 13, 14, 15, 23, 31, 30, 29, 28, 36, 35, 34, 33, 41, 49, 50, 51, 52, 53, 45, 46, 47, 55]
[00:00:00:02:418] ! Unidirectional s-t. expansions: 672, time: 2,418 [ms], path length: 31 [edges], generated: 1,140
[00:00:00:00:779] Expansion 437: New longest path found with length 15: [55, 47, 39, 31, 23, 15, 14, 6, 5, 4, 3, 2, 10, 9, 8, 0]
[00:00:00:03:932] Expansion 2,115: New longest path found with length 17: [55, 47, 39, 31, 23, 15, 14, 6, 5, 4, 3, 11, 19, 18, 17, 9, 1, 0]
[00:00:00:04:210] Expansion 2,265: New longest path found with length 29: [55, 47, 39, 31, 23, 15, 14, 6, 5, 4, 3, 11, 19, 20, 28, 29, 37, 45, 53, 52, 51, 43, 35, 34, 26, 25, 17, 9, 1, 0]
[00:00:00:06:843] Expansion 3,122: New longest path found with length 31: [55, 47, 46, 45, 53, 52, 51, 50, 49, 41, 33, 34, 35, 36, 28, 29, 30, 31, 23, 15, 14, 6, 5, 4, 12, 11, 19, 18, 17, 9, 1, 0]
[00:00:00:08:206] Path of length 31 found: [55, 47, 46, 45, 53, 52, 51, 50, 49, 41, 33, 34, 35, 36, 28, 29, 30, 31, 23, 15, 14, 6, 5, 4, 12, 11, 19, 18, 17, 9, 1, 0]
[00:00:00:08:206] ! Unidirectional t-s. expansions: 3,478, time: 8,206 [ms], path length: 31 [edges], generated: 5,407
[00:00:00:00:078] Expansion 14:New longest path found with length 29: [0, 8, 9, 17, 18, 26, 34, 33, 41, 49, 50, 51, 43, 44, 45, 37, 29, 28, 20, 12, 4, 5, 6, 14, 15, 23, 31, 39, 47, 55]
[00:00:00:00:481] Expansion 93:New longest path found with length 31: [0, 8, 9, 17, 18, 19, 11, 3, 4, 5, 13, 14, 15, 23, 31, 30, 29, 28, 36, 35, 34, 33, 41, 49, 50, 51, 52, 53, 45, 46, 47, 55]
[00:00:00:01:073] Path of length 31 found: [0, 8, 9, 17, 18, 19, 11, 3, 4, 5, 13, 14, 15, 23, 31, 30, 29, 28, 36, 35, 34, 33, 41, 49, 50, 51, 52, 53, 45, 46, 47, 55]
[00:00:00:01:452] ! Bidirectional. expansions: 161, time: 1,073 [ms], path length: 31 [edges], g_F: 16, g_B: 15, generated: {'F': 315, 'B': 289}, MM: 1, MMPER: 2.125%
[00:00:00:01:452] 
---------- SM_Grids/7x8_grid_with_random_blocks_12per_8 ----------
[00:00:00:00:084] Expansion 20: New longest path found with length 21: [0, 8, 16, 24, 32, 33, 34, 26, 27, 19, 11, 3, 4, 5, 6, 14, 22, 30, 31, 39, 47, 55]
[00:00:00:00:096] Expansion 27: New longest path found with length 25: [0, 8, 16, 24, 32, 33, 34, 26, 27, 19, 11, 3, 4, 5, 6, 14, 22, 30, 29, 37, 36, 44, 52, 53, 54, 55]
[00:00:00:01:485] Expansion 623: New longest path found with length 31: [0, 8, 16, 24, 32, 33, 34, 42, 50, 51, 52, 53, 45, 37, 36, 28, 27, 19, 18, 10, 2, 3, 4, 5, 6, 14, 22, 30, 31, 39, 47, 55]
[00:00:00:03:053] Path of length 31 found: [0, 8, 16, 24, 32, 33, 34, 42, 50, 51, 52, 53, 45, 37, 36, 28, 27, 19, 18, 10, 2, 3, 4, 5, 6, 14, 22, 30, 31, 39, 47, 55]
[00:00:00:03:053] ! Unidirectional s-t. expansions: 1,071, time: 3,053 [ms], path length: 31 [edges], generated: 1,774
[00:00:00:00:081] Expansion 20: New longest path found with length 21: [55, 47, 39, 31, 30, 22, 14, 6, 5, 4, 3, 2, 10, 18, 26, 34, 33, 32, 24, 16, 8, 0]
[00:00:00:00:109] Expansion 37: New longest path found with length 31: [55, 47, 39, 31, 30, 22, 14, 6, 5, 4, 3, 2, 10, 18, 19, 27, 28, 36, 37, 45, 53, 52, 51, 43, 42, 34, 33, 32, 24, 16, 8, 0]
[00:00:00:01:436] Path of length 31 found: [55, 47, 39, 31, 30, 22, 14, 6, 5, 4, 3, 2, 10, 18, 19, 27, 28, 36, 37, 45, 53, 52, 51, 43, 42, 34, 33, 32, 24, 16, 8, 0]
[00:00:00:01:437] ! Unidirectional t-s. expansions: 380, time: 1,436 [ms], path length: 31 [edges], generated: 675
[00:00:00:00:083] Expansion 15:New longest path found with length 31: [0, 8, 16, 24, 32, 33, 34, 42, 50, 51, 52, 53, 45, 37, 36, 28, 27, 19, 18, 10, 2, 3, 4, 5, 6, 14, 22, 30, 31, 39, 47, 55]
[00:00:00:00:722] Path of length 31 found: [0, 8, 16, 24, 32, 33, 34, 42, 50, 51, 52, 53, 45, 37, 36, 28, 27, 19, 18, 10, 2, 3, 4, 5, 6, 14, 22, 30, 31, 39, 47, 55]
[00:00:00:01:099] ! Bidirectional. expansions: 111, time: 722 [ms], path length: 31 [edges], g_F: 16, g_B: 15, generated: {'F': 186, 'B': 217}, MM: 1, MMPER: 2.125%
[00:00:00:01:100] 
---------- SM_Grids/7x8_grid_with_random_blocks_12per_9 ----------
[00:00:00:00:126] Expansion 30: New longest path found with length 31: [0, 8, 16, 17, 18, 26, 34, 33, 32, 40, 48, 49, 50, 51, 43, 44, 36, 28, 20, 12, 13, 5, 6, 7, 15, 23, 22, 30, 38, 46, 54, 55]
[00:00:00:01:070] Path of length 31 found: [0, 8, 16, 17, 18, 26, 34, 33, 32, 40, 48, 49, 50, 51, 43, 44, 36, 28, 20, 12, 13, 5, 6, 7, 15, 23, 22, 30, 38, 46, 54, 55]
[00:00:00:01:070] ! Unidirectional s-t. expansions: 276, time: 1,070 [ms], path length: 31 [edges], generated: 487
[00:00:00:00:239] Expansion 122: New longest path found with length 19: [55, 54, 46, 38, 39, 31, 23, 15, 7, 6, 5, 13, 12, 11, 10, 18, 17, 16, 8, 0]
[00:00:00:00:483] Expansion 270: New longest path found with length 31: [55, 54, 46, 38, 39, 31, 23, 15, 7, 6, 5, 13, 12, 11, 10, 18, 26, 27, 28, 36, 44, 43, 51, 50, 49, 41, 33, 32, 24, 16, 8, 0]
[00:00:00:01:874] Path of length 31 found: [55, 54, 46, 38, 39, 31, 23, 15, 7, 6, 5, 13, 12, 11, 10, 18, 26, 27, 28, 36, 44, 43, 51, 50, 49, 41, 33, 32, 24, 16, 8, 0]
[00:00:00:01:875] ! Unidirectional t-s. expansions: 625, time: 1,875 [ms], path length: 31 [edges], generated: 1,056
[00:00:00:00:070] Expansion 16:New longest path found with length 31: [0, 8, 16, 17, 18, 26, 34, 33, 32, 40, 48, 49, 50, 51, 43, 44, 36, 28, 20, 12, 13, 5, 6, 7, 15, 23, 31, 39, 38, 46, 54, 55]
[00:00:00:01:670] Path of length 31 found: [0, 8, 16, 17, 18, 26, 34, 33, 32, 40, 48, 49, 50, 51, 43, 44, 36, 28, 20, 12, 13, 5, 6, 7, 15, 23, 31, 39, 38, 46, 54, 55]
[00:00:00:02:047] ! Bidirectional. expansions: 383, time: 1,670 [ms], path length: 31 [edges], g_F: 16, g_B: 15, generated: {'F': 640, 'B': 606}, MM: 1, MMPER: 2.125%

[00:00:00:02:047] average expansions: (1,168, 1,185, 299, 0)
[00:00:00:02:047] average time: (3,426, 3,424, 1,485, 0)
[00:00:00:02:047] X-DFBnB: 1,168 , 3,424 (expansions , time[ms])
[00:00:00:02:047] BiX-DFBnB: 299 , 1,485 (expansions , time[ms])

