Wed 18 Mar 2026 10:41:05 IST

SLURM_JOBID:		 16051549
SLURM_JOB_NODELIST:	 ise-cpu256-32 

--------------------------
date: SM_Grids
number_of_graphs: 10
graph_type: grid
size_of_graphs: [7, 7]
heuristic: bcc_heuristic
snake: True
run_uni: True
run_bi: True
run_multi: False
solution_vertices: []
algorithms: ['DFBnB']
bsd: False
cube_first_dims: 4
cube_buffer_dim: None
backward_sym_generation: False
sym_coil: False
prefix_set: None

---------- SM_Grids/7x7_grid_with_random_blocks_12per_0 ----------
[00:00:00:00:057] Expansion 22: New longest path found with length 22: [0, 7, 8, 15, 22, 21, 28, 35, 42, 43, 44, 37, 30, 31, 24, 17, 18, 19, 26, 33, 40, 47, 48]
[00:00:00:00:285] Expansion 122: New longest path found with length 24: [0, 7, 8, 9, 2, 3, 4, 11, 18, 17, 24, 31, 30, 29, 28, 35, 42, 43, 44, 45, 46, 39, 40, 41, 48]
[00:00:00:00:706] Expansion 286: New longest path found with length 26: [0, 7, 14, 15, 16, 9, 2, 3, 4, 11, 18, 19, 26, 33, 32, 31, 30, 29, 28, 35, 42, 43, 44, 45, 46, 47, 48]
[00:00:00:01:037] Path of length 26 found: [0, 7, 14, 15, 16, 9, 2, 3, 4, 11, 18, 19, 26, 33, 32, 31, 30, 29, 28, 35, 42, 43, 44, 45, 46, 47, 48]
[00:00:00:01:038] ! Unidirectional s-t. expansions: 388, time: 1,037 [ms], path length: 26 [edges], generated: 683
[00:00:00:00:221] Expansion 136: New longest path found with length 14: [48, 41, 40, 33, 26, 19, 18, 11, 4, 3, 2, 9, 8, 7, 0]
[00:00:00:00:304] Expansion 193: New longest path found with length 16: [48, 41, 40, 33, 26, 19, 18, 11, 4, 3, 2, 9, 16, 15, 14, 7, 0]
[00:00:00:00:463] Expansion 289: New longest path found with length 22: [48, 41, 40, 33, 26, 19, 18, 17, 24, 31, 30, 37, 44, 43, 42, 35, 28, 21, 14, 15, 8, 1, 0]
[00:00:00:00:719] Expansion 448: New longest path found with length 24: [48, 41, 40, 33, 32, 31, 38, 37, 44, 43, 42, 35, 28, 29, 22, 15, 16, 17, 18, 11, 4, 3, 2, 1, 0]
[00:00:00:01:615] Expansion 789: New longest path found with length 26: [48, 47, 46, 45, 44, 43, 42, 35, 28, 29, 30, 31, 32, 33, 26, 19, 18, 11, 4, 3, 2, 9, 16, 15, 14, 7, 0]
[00:00:00:01:677] Path of length 26 found: [48, 47, 46, 45, 44, 43, 42, 35, 28, 29, 30, 31, 32, 33, 26, 19, 18, 11, 4, 3, 2, 9, 16, 15, 14, 7, 0]
[00:00:00:01:677] ! Unidirectional t-s. expansions: 811, time: 1,677 [ms], path length: 26 [edges], generated: 1,279
[00:00:00:00:053] Expansion 10:New longest path found with length 20: [0, 7, 14, 21, 22, 29, 36, 43, 44, 45, 38, 31, 24, 17, 18, 19, 26, 33, 40, 41, 48]
[00:00:00:00:113] Expansion 26:New longest path found with length 22: [0, 7, 14, 15, 22, 29, 28, 35, 42, 43, 44, 37, 38, 31, 24, 17, 18, 19, 26, 33, 40, 41, 48]
[00:00:00:00:218] Expansion 50:New longest path found with length 24: [0, 7, 8, 9, 2, 3, 4, 11, 18, 17, 24, 31, 30, 29, 28, 35, 42, 43, 44, 45, 46, 39, 40, 41, 48]
[00:00:00:00:437] Expansion 96:New longest path found with length 26: [0, 7, 14, 15, 16, 9, 2, 3, 4, 11, 18, 19, 26, 33, 32, 31, 30, 29, 28, 35, 42, 43, 44, 45, 46, 47, 48]
[00:00:00:00:493] Path of length 26 found: [0, 7, 14, 15, 16, 9, 2, 3, 4, 11, 18, 19, 26, 33, 32, 31, 30, 29, 28, 35, 42, 43, 44, 45, 46, 47, 48]
[00:00:00:00:858] ! Bidirectional. expansions: 103, time: 493 [ms], path length: 26 [edges], g_F: 13, g_B: 13, generated: {'F': 188, 'B': 183}, MM: 0, MMPER: -1.0%
[00:00:00:00:859] 
---------- SM_Grids/7x7_grid_with_random_blocks_12per_1 ----------
[00:00:00:00:067] Expansion 23: New longest path found with length 24: [0, 7, 8, 9, 2, 3, 4, 11, 18, 25, 32, 31, 30, 23, 22, 21, 28, 35, 42, 43, 44, 45, 46, 47, 48]
[00:00:00:00:105] Expansion 47: New longest path found with length 28: [0, 7, 8, 9, 2, 3, 4, 11, 18, 19, 20, 27, 34, 33, 32, 31, 30, 23, 22, 21, 28, 35, 42, 43, 44, 45, 46, 47, 48]
[00:00:00:00:407] Path of length 28 found: [0, 7, 8, 9, 2, 3, 4, 11, 18, 19, 20, 27, 34, 33, 32, 31, 30, 23, 22, 21, 28, 35, 42, 43, 44, 45, 46, 47, 48]
[00:00:00:00:408] ! Unidirectional s-t. expansions: 120, time: 407 [ms], path length: 28 [edges], generated: 200
[00:00:00:00:073] Expansion 25: New longest path found with length 24: [48, 41, 34, 27, 20, 19, 18, 25, 32, 39, 46, 45, 44, 43, 42, 35, 28, 29, 30, 23, 16, 9, 2, 1, 0]
[00:00:00:00:292] Expansion 163: New longest path found with length 28: [48, 41, 34, 27, 20, 19, 18, 11, 4, 3, 2, 9, 16, 23, 30, 31, 32, 39, 46, 45, 44, 43, 36, 35, 28, 21, 14, 7, 0]
[00:00:00:00:504] Path of length 28 found: [48, 41, 34, 27, 20, 19, 18, 11, 4, 3, 2, 9, 16, 23, 30, 31, 32, 39, 46, 45, 44, 43, 36, 35, 28, 21, 14, 7, 0]
[00:00:00:00:505] ! Unidirectional t-s. expansions: 227, time: 505 [ms], path length: 28 [edges], generated: 354
[00:00:00:00:061] Expansion 12:New longest path found with length 24: [0, 1, 8, 15, 16, 23, 30, 29, 28, 35, 42, 43, 44, 45, 46, 39, 32, 25, 18, 19, 20, 27, 34, 41, 48]
[00:00:00:00:350] Expansion 62:New longest path found with length 28: [0, 7, 14, 21, 28, 35, 42, 43, 44, 45, 46, 39, 32, 31, 30, 23, 16, 9, 2, 3, 4, 11, 18, 19, 20, 27, 34, 41, 48]
[00:00:00:00:431] Path of length 28 found: [0, 7, 14, 21, 28, 35, 42, 43, 44, 45, 46, 39, 32, 31, 30, 23, 16, 9, 2, 3, 4, 11, 18, 19, 20, 27, 34, 41, 48]
[00:00:00:00:777] ! Bidirectional. expansions: 72, time: 431 [ms], path length: 28 [edges], g_F: 14, g_B: 14, generated: {'F': 140, 'B': 134}, MM: 0, MMPER: -1.0%
[00:00:00:00:777] 
---------- SM_Grids/7x7_grid_with_random_blocks_12per_2 ----------
[00:00:00:00:453] Expansion 236: New longest path found with length 12: [0, 1, 2, 3, 10, 11, 18, 19, 26, 33, 40, 47, 48]
[00:00:00:00:491] Expansion 255: New longest path found with length 24: [0, 1, 2, 3, 10, 11, 18, 25, 24, 23, 16, 15, 14, 21, 28, 29, 36, 43, 44, 45, 38, 39, 40, 47, 48]
[00:00:00:01:024] Expansion 412: New longest path found with length 26: [0, 7, 14, 21, 28, 29, 36, 43, 44, 45, 38, 31, 24, 23, 16, 9, 2, 3, 4, 11, 18, 19, 26, 33, 40, 47, 48]
[00:00:00:01:204] Path of length 26 found: [0, 7, 14, 21, 28, 29, 36, 43, 44, 45, 38, 31, 24, 23, 16, 9, 2, 3, 4, 11, 18, 19, 26, 33, 40, 47, 48]
[00:00:00:01:204] ! Unidirectional s-t. expansions: 459, time: 1,204 [ms], path length: 26 [edges], generated: 757
[00:00:00:00:182] Expansion 88: New longest path found with length 14: [48, 41, 34, 33, 26, 19, 18, 11, 4, 3, 2, 9, 8, 7, 0]
[00:00:00:00:207] Expansion 102: New longest path found with length 26: [48, 41, 34, 33, 26, 19, 18, 11, 4, 3, 2, 9, 16, 23, 24, 31, 38, 45, 44, 43, 36, 29, 28, 21, 14, 7, 0]
[00:00:00:00:611] Path of length 26 found: [48, 41, 34, 33, 26, 19, 18, 11, 4, 3, 2, 9, 16, 23, 24, 31, 38, 45, 44, 43, 36, 29, 28, 21, 14, 7, 0]
[00:00:00:00:611] ! Unidirectional t-s. expansions: 219, time: 611 [ms], path length: 26 [edges], generated: 368
[00:00:00:00:065] Expansion 19:New longest path found with length 20: [0, 1, 2, 9, 10, 17, 24, 23, 22, 29, 36, 43, 44, 45, 38, 39, 32, 33, 34, 41, 48]
[00:00:00:00:101] Expansion 30:New longest path found with length 22: [0, 1, 2, 9, 16, 15, 14, 21, 28, 29, 36, 43, 44, 45, 38, 31, 24, 25, 26, 33, 34, 41, 48]
[00:00:00:00:157] Expansion 47:New longest path found with length 24: [0, 1, 2, 3, 4, 11, 18, 17, 16, 15, 14, 21, 28, 29, 36, 43, 44, 45, 38, 39, 32, 33, 34, 41, 48]
[00:00:00:00:538] Expansion 119:New longest path found with length 26: [0, 7, 14, 21, 28, 29, 36, 43, 44, 45, 38, 31, 24, 23, 16, 9, 2, 3, 4, 11, 18, 19, 26, 33, 34, 41, 48]
[00:00:00:00:594] Path of length 26 found: [0, 7, 14, 21, 28, 29, 36, 43, 44, 45, 38, 31, 24, 23, 16, 9, 2, 3, 4, 11, 18, 19, 26, 33, 34, 41, 48]
[00:00:00:00:964] ! Bidirectional. expansions: 126, time: 594 [ms], path length: 26 [edges], g_F: 13, g_B: 13, generated: {'F': 208, 'B': 235}, MM: 0, MMPER: -1.0%
[00:00:00:00:964] 
---------- SM_Grids/7x7_grid_with_random_blocks_12per_3 ----------
[00:00:00:00:074] Expansion 27: New longest path found with length 28: [0, 1, 8, 15, 14, 21, 28, 35, 36, 37, 30, 23, 24, 17, 10, 3, 4, 5, 6, 13, 20, 19, 26, 33, 32, 39, 46, 47, 48]
[00:00:00:00:183] Path of length 28 found: [0, 1, 8, 15, 14, 21, 28, 35, 36, 37, 30, 23, 24, 17, 10, 3, 4, 5, 6, 13, 20, 19, 26, 33, 32, 39, 46, 47, 48]
[00:00:00:00:183] ! Unidirectional s-t. expansions: 52, time: 183 [ms], path length: 28 [edges], generated: 90
[00:00:00:00:081] Expansion 29: New longest path found with length 20: [48, 47, 46, 39, 32, 33, 34, 27, 20, 13, 6, 5, 4, 3, 2, 9, 16, 15, 14, 7, 0]
[00:00:00:00:116] Expansion 53: New longest path found with length 26: [48, 47, 46, 39, 32, 33, 34, 27, 20, 13, 6, 5, 4, 3, 2, 9, 16, 23, 30, 37, 36, 35, 28, 21, 14, 7, 0]
[00:00:00:00:168] Expansion 81: New longest path found with length 28: [48, 47, 46, 39, 32, 33, 34, 27, 20, 13, 6, 5, 4, 3, 10, 17, 24, 23, 30, 37, 36, 35, 28, 21, 14, 15, 8, 1, 0]
[00:00:00:01:264] Path of length 28 found: [48, 47, 46, 39, 32, 33, 34, 27, 20, 13, 6, 5, 4, 3, 10, 17, 24, 23, 30, 37, 36, 35, 28, 21, 14, 15, 8, 1, 0]
[00:00:00:01:264] ! Unidirectional t-s. expansions: 468, time: 1,264 [ms], path length: 28 [edges], generated: 809
[00:00:00:00:060] Expansion 13:New longest path found with length 26: [0, 7, 14, 21, 28, 35, 36, 37, 30, 23, 16, 9, 2, 3, 4, 5, 6, 13, 20, 27, 26, 25, 32, 39, 40, 41, 48]
[00:00:00:00:433] Expansion 84:New longest path found with length 28: [0, 1, 8, 15, 14, 21, 28, 35, 36, 37, 30, 23, 24, 17, 10, 3, 4, 5, 6, 13, 20, 27, 34, 33, 32, 39, 46, 47, 48]
[00:00:00:00:520] Path of length 28 found: [0, 1, 8, 15, 14, 21, 28, 35, 36, 37, 30, 23, 24, 17, 10, 3, 4, 5, 6, 13, 20, 27, 34, 33, 32, 39, 46, 47, 48]
[00:00:00:00:864] ! Bidirectional. expansions: 97, time: 520 [ms], path length: 28 [edges], g_F: 14, g_B: 14, generated: {'F': 182, 'B': 159}, MM: 0, MMPER: -1.0%
[00:00:00:00:864] 
---------- SM_Grids/7x7_grid_with_random_blocks_12per_4 ----------
[00:00:00:00:106] Expansion 24: New longest path found with length 24: [0, 7, 8, 9, 2, 3, 4, 5, 12, 19, 18, 17, 24, 23, 22, 29, 36, 43, 44, 45, 38, 39, 40, 47, 48]
[00:00:00:00:198] Expansion 70: New longest path found with length 26: [0, 7, 8, 9, 2, 3, 4, 5, 12, 13, 20, 27, 26, 33, 32, 31, 24, 23, 22, 29, 36, 43, 44, 45, 46, 47, 48]
[00:00:00:01:848] Path of length 26 found: [0, 7, 8, 9, 2, 3, 4, 5, 12, 13, 20, 27, 26, 33, 32, 31, 24, 23, 22, 29, 36, 43, 44, 45, 46, 47, 48]
[00:00:00:01:848] ! Unidirectional s-t. expansions: 644, time: 1,848 [ms], path length: 26 [edges], generated: 1,151
[00:00:00:00:079] Expansion 26: New longest path found with length 26: [48, 41, 40, 33, 26, 27, 20, 13, 6, 5, 4, 11, 18, 17, 24, 31, 38, 45, 44, 43, 36, 29, 22, 15, 8, 1, 0]
[00:00:00:01:578] Path of length 26 found: [48, 41, 40, 33, 26, 27, 20, 13, 6, 5, 4, 11, 18, 17, 24, 31, 38, 45, 44, 43, 36, 29, 22, 15, 8, 1, 0]
[00:00:00:01:578] ! Unidirectional t-s. expansions: 543, time: 1,578 [ms], path length: 26 [edges], generated: 970
[00:00:00:00:063] Expansion 13:New longest path found with length 24: [0, 7, 8, 9, 2, 3, 4, 5, 12, 19, 18, 17, 24, 23, 22, 29, 36, 43, 44, 45, 46, 39, 40, 41, 48]
[00:00:00:00:074] Expansion 18:New longest path found with length 26: [0, 7, 8, 9, 2, 3, 4, 5, 6, 13, 20, 19, 18, 17, 24, 23, 22, 29, 36, 43, 44, 45, 46, 39, 40, 41, 48]
[00:00:00:00:847] Path of length 26 found: [0, 7, 8, 9, 2, 3, 4, 5, 6, 13, 20, 19, 18, 17, 24, 23, 22, 29, 36, 43, 44, 45, 46, 39, 40, 41, 48]
[00:00:00:01:209] ! Bidirectional. expansions: 166, time: 847 [ms], path length: 26 [edges], g_F: 13, g_B: 13, generated: {'F': 318, 'B': 277}, MM: 0, MMPER: -1.0%
[00:00:00:01:209] 
---------- SM_Grids/7x7_grid_with_random_blocks_12per_5 ----------
[00:00:00:00:089] Expansion 34: New longest path found with length 20: [0, 1, 2, 9, 10, 11, 4, 5, 6, 13, 20, 19, 26, 25, 32, 31, 38, 45, 46, 47, 48]
[00:00:00:00:111] Expansion 46: New longest path found with length 26: [0, 1, 2, 9, 10, 11, 4, 5, 6, 13, 20, 19, 26, 25, 24, 23, 22, 21, 28, 35, 36, 37, 38, 45, 46, 47, 48]
[00:00:00:00:197] Expansion 83: New longest path found with length 28: [0, 1, 2, 9, 10, 11, 4, 5, 6, 13, 20, 27, 34, 33, 32, 25, 24, 23, 22, 21, 28, 35, 36, 37, 38, 45, 46, 47, 48]
[00:00:00:00:834] Path of length 28 found: [0, 1, 2, 9, 10, 11, 4, 5, 6, 13, 20, 27, 34, 33, 32, 25, 24, 23, 22, 21, 28, 35, 36, 37, 38, 45, 46, 47, 48]
[00:00:00:00:835] ! Unidirectional s-t. expansions: 278, time: 835 [ms], path length: 28 [edges], generated: 469
[00:00:00:00:057] Expansion 15: New longest path found with length 16: [48, 47, 46, 45, 38, 37, 36, 35, 28, 21, 14, 15, 16, 9, 2, 1, 0]
[00:00:00:00:197] Expansion 100: New longest path found with length 28: [48, 47, 46, 45, 38, 37, 36, 35, 28, 21, 22, 23, 24, 25, 32, 33, 34, 27, 20, 13, 6, 5, 4, 11, 10, 9, 2, 1, 0]
[00:00:00:00:638] Path of length 28 found: [48, 47, 46, 45, 38, 37, 36, 35, 28, 21, 22, 23, 24, 25, 32, 33, 34, 27, 20, 13, 6, 5, 4, 11, 10, 9, 2, 1, 0]
[00:00:00:00:638] ! Unidirectional t-s. expansions: 245, time: 638 [ms], path length: 28 [edges], generated: 390
[00:00:00:00:055] Expansion 12:New longest path found with length 24: [0, 1, 2, 9, 10, 11, 4, 5, 6, 13, 20, 19, 26, 25, 24, 23, 22, 29, 36, 37, 38, 45, 46, 47, 48]
[00:00:00:00:058] Expansion 14:New longest path found with length 26: [0, 1, 2, 9, 10, 11, 4, 5, 6, 13, 20, 27, 34, 33, 32, 25, 24, 23, 22, 29, 36, 37, 38, 45, 46, 47, 48]
[00:00:00:00:075] Expansion 24:New longest path found with length 28: [0, 1, 2, 9, 10, 11, 4, 5, 6, 13, 20, 27, 34, 33, 32, 25, 24, 23, 22, 21, 28, 35, 36, 37, 38, 45, 46, 47, 48]
[00:00:00:00:306] Path of length 28 found: [0, 1, 2, 9, 10, 11, 4, 5, 6, 13, 20, 27, 34, 33, 32, 25, 24, 23, 22, 21, 28, 35, 36, 37, 38, 45, 46, 47, 48]
[00:00:00:00:648] ! Bidirectional. expansions: 62, time: 306 [ms], path length: 28 [edges], g_F: 14, g_B: 14, generated: {'F': 112, 'B': 112}, MM: 0, MMPER: -1.0%
[00:00:00:00:648] 
---------- SM_Grids/7x7_grid_with_random_blocks_12per_6 ----------
[00:00:00:00:074] Expansion 25: New longest path found with length 26: [0, 1, 8, 15, 14, 21, 28, 35, 42, 43, 44, 37, 30, 23, 24, 25, 18, 11, 4, 5, 6, 13, 20, 27, 34, 41, 48]
[00:00:00:00:137] Expansion 53: New longest path found with length 28: [0, 1, 8, 15, 14, 21, 28, 35, 42, 43, 44, 45, 46, 39, 32, 31, 24, 17, 18, 11, 4, 5, 6, 13, 20, 27, 34, 41, 48]
[00:00:00:00:696] Path of length 28 found: [0, 1, 8, 15, 14, 21, 28, 35, 42, 43, 44, 45, 46, 39, 32, 31, 24, 17, 18, 11, 4, 5, 6, 13, 20, 27, 34, 41, 48]
[00:00:00:00:696] ! Unidirectional s-t. expansions: 241, time: 696 [ms], path length: 28 [edges], generated: 399
[00:00:00:00:039] Expansion 11: New longest path found with length 12: [48, 41, 34, 27, 20, 13, 6, 5, 4, 3, 2, 1, 0]
[00:00:00:00:079] Expansion 28: New longest path found with length 26: [48, 41, 34, 27, 20, 13, 6, 5, 4, 11, 18, 25, 24, 23, 30, 37, 44, 43, 42, 35, 28, 21, 14, 15, 8, 1, 0]
[00:00:00:00:197] Expansion 82: New longest path found with length 28: [48, 41, 34, 27, 20, 13, 6, 5, 4, 11, 18, 25, 32, 39, 38, 45, 44, 43, 42, 35, 28, 29, 30, 23, 16, 15, 8, 1, 0]
[00:00:00:00:791] Path of length 28 found: [48, 41, 34, 27, 20, 13, 6, 5, 4, 11, 18, 25, 32, 39, 38, 45, 44, 43, 42, 35, 28, 29, 30, 23, 16, 15, 8, 1, 0]
[00:00:00:00:791] ! Unidirectional t-s. expansions: 289, time: 791 [ms], path length: 28 [edges], generated: 455
[00:00:00:00:057] Expansion 14:New longest path found with length 26: [0, 7, 14, 21, 22, 29, 36, 43, 44, 45, 46, 39, 32, 31, 24, 17, 18, 11, 4, 5, 6, 13, 20, 27, 34, 41, 48]
[00:00:00:00:097] Expansion 26:New longest path found with length 28: [0, 7, 14, 21, 28, 35, 42, 43, 44, 45, 46, 39, 32, 31, 30, 23, 16, 17, 18, 11, 4, 5, 6, 13, 20, 27, 34, 41, 48]
[00:00:00:00:414] Path of length 28 found: [0, 7, 14, 21, 28, 35, 42, 43, 44, 45, 46, 39, 32, 31, 30, 23, 16, 17, 18, 11, 4, 5, 6, 13, 20, 27, 34, 41, 48]
[00:00:00:00:752] ! Bidirectional. expansions: 99, time: 414 [ms], path length: 28 [edges], g_F: 14, g_B: 14, generated: {'F': 163, 'B': 157}, MM: 0, MMPER: -1.0%
[00:00:00:00:752] 
---------- SM_Grids/7x7_grid_with_random_blocks_12per_7 ----------
[00:00:00:00:072] Expansion 27: New longest path found with length 28: [0, 7, 14, 15, 16, 9, 2, 3, 4, 11, 12, 19, 26, 25, 24, 31, 30, 29, 28, 35, 42, 43, 44, 45, 46, 39, 40, 41, 48]
[00:00:00:00:632] Path of length 28 found: [0, 7, 14, 15, 16, 9, 2, 3, 4, 11, 12, 19, 26, 25, 24, 31, 30, 29, 28, 35, 42, 43, 44, 45, 46, 39, 40, 41, 48]
[00:00:00:00:632] ! Unidirectional s-t. expansions: 187, time: 632 [ms], path length: 28 [edges], generated: 325
[00:00:00:00:071] Expansion 25: New longest path found with length 26: [48, 41, 34, 33, 26, 19, 12, 11, 4, 3, 2, 9, 16, 17, 24, 31, 38, 45, 44, 43, 36, 29, 28, 21, 14, 7, 0]
[00:00:00:01:155] Expansion 416: New longest path found with length 28: [48, 41, 40, 39, 46, 45, 44, 43, 42, 35, 28, 29, 30, 31, 24, 25, 26, 19, 12, 11, 4, 3, 2, 9, 16, 15, 14, 7, 0]
[00:00:00:01:272] Path of length 28 found: [48, 41, 40, 39, 46, 45, 44, 43, 42, 35, 28, 29, 30, 31, 24, 25, 26, 19, 12, 11, 4, 3, 2, 9, 16, 15, 14, 7, 0]
[00:00:00:01:272] ! Unidirectional t-s. expansions: 454, time: 1,272 [ms], path length: 28 [edges], generated: 805
[00:00:00:00:060] Expansion 13:New longest path found with length 26: [0, 7, 14, 21, 28, 35, 42, 43, 44, 45, 38, 31, 24, 17, 16, 9, 2, 3, 4, 11, 12, 19, 26, 33, 34, 41, 48]
[00:00:00:00:177] Expansion 37:New longest path found with length 28: [0, 7, 14, 15, 16, 9, 2, 3, 4, 11, 12, 19, 26, 25, 24, 31, 30, 29, 28, 35, 42, 43, 44, 45, 46, 39, 40, 41, 48]
[00:00:00:00:327] Path of length 28 found: [0, 7, 14, 15, 16, 9, 2, 3, 4, 11, 12, 19, 26, 25, 24, 31, 30, 29, 28, 35, 42, 43, 44, 45, 46, 39, 40, 41, 48]
[00:00:00:00:694] ! Bidirectional. expansions: 60, time: 327 [ms], path length: 28 [edges], g_F: 14, g_B: 14, generated: {'F': 107, 'B': 114}, MM: 0, MMPER: -1.0%
[00:00:00:00:694] 
---------- SM_Grids/7x7_grid_with_random_blocks_12per_8 ----------
[00:00:00:00:528] Expansion 333: New longest path found with length 16: [0, 7, 14, 15, 22, 29, 28, 35, 42, 43, 44, 37, 38, 39, 46, 47, 48]
[00:00:00:00:601] Expansion 364: New longest path found with length 22: [0, 7, 14, 15, 22, 23, 24, 17, 10, 3, 4, 5, 12, 13, 20, 27, 26, 33, 32, 39, 46, 47, 48]
[00:00:00:01:046] Expansion 536: New longest path found with length 28: [0, 7, 14, 21, 28, 35, 42, 43, 44, 37, 30, 23, 24, 17, 10, 3, 4, 5, 12, 13, 20, 27, 26, 33, 32, 39, 46, 47, 48]
[00:00:00:01:811] Expansion 783: New longest path found with length 30: [0, 1, 8, 15, 14, 21, 28, 35, 42, 43, 44, 37, 30, 23, 24, 17, 10, 3, 4, 5, 12, 13, 20, 27, 26, 33, 32, 39, 46, 47, 48]
[00:00:00:01:958] Path of length 30 found: [0, 1, 8, 15, 14, 21, 28, 35, 42, 43, 44, 37, 30, 23, 24, 17, 10, 3, 4, 5, 12, 13, 20, 27, 26, 33, 32, 39, 46, 47, 48]
[00:00:00:01:958] ! Unidirectional s-t. expansions: 823, time: 1,958 [ms], path length: 30 [edges], generated: 1,295
[00:00:00:00:108] Expansion 54: New longest path found with length 20: [48, 47, 46, 39, 32, 31, 24, 17, 18, 19, 20, 13, 6, 5, 4, 3, 2, 9, 8, 7, 0]
[00:00:00:00:205] Expansion 92: New longest path found with length 28: [48, 47, 46, 39, 32, 31, 30, 37, 44, 43, 42, 35, 28, 21, 14, 15, 16, 17, 18, 19, 20, 13, 6, 5, 4, 3, 2, 1, 0]
[00:00:00:00:355] Expansion 154: New longest path found with length 30: [48, 47, 46, 39, 32, 33, 26, 27, 20, 13, 6, 5, 4, 3, 10, 17, 24, 23, 30, 37, 44, 43, 42, 35, 28, 21, 14, 15, 8, 1, 0]
[00:00:00:00:502] Path of length 30 found: [48, 47, 46, 39, 32, 33, 26, 27, 20, 13, 6, 5, 4, 3, 10, 17, 24, 23, 30, 37, 44, 43, 42, 35, 28, 21, 14, 15, 8, 1, 0]
[00:00:00:00:502] ! Unidirectional t-s. expansions: 194, time: 502 [ms], path length: 30 [edges], generated: 320
[00:00:00:00:054] Expansion 12:New longest path found with length 22: [0, 7, 14, 15, 22, 23, 24, 17, 10, 3, 4, 5, 6, 13, 20, 19, 26, 33, 32, 39, 46, 47, 48]
[00:00:00:00:124] Expansion 28:New longest path found with length 28: [0, 7, 14, 21, 28, 35, 42, 43, 44, 37, 30, 23, 24, 17, 10, 3, 4, 5, 6, 13, 20, 27, 26, 33, 32, 39, 46, 47, 48]
[00:00:00:00:315] Expansion 67:New longest path found with length 30: [0, 1, 8, 15, 14, 21, 28, 35, 42, 43, 44, 37, 30, 23, 24, 17, 10, 3, 4, 5, 6, 13, 20, 19, 26, 33, 32, 39, 46, 47, 48]
[00:00:00:00:349] Path of length 30 found: [0, 1, 8, 15, 14, 21, 28, 35, 42, 43, 44, 37, 30, 23, 24, 17, 10, 3, 4, 5, 6, 13, 20, 19, 26, 33, 32, 39, 46, 47, 48]
[00:00:00:00:715] ! Bidirectional. expansions: 72, time: 349 [ms], path length: 30 [edges], g_F: 15, g_B: 15, generated: {'F': 126, 'B': 127}, MM: 0, MMPER: -1.0%
[00:00:00:00:716] 
---------- SM_Grids/7x7_grid_with_random_blocks_12per_9 ----------
[00:00:00:00:519] Expansion 304: New longest path found with length 14: [0, 7, 14, 21, 28, 29, 36, 37, 38, 39, 32, 33, 34, 41, 48]
[00:00:00:00:545] Expansion 319: New longest path found with length 26: [0, 7, 14, 21, 28, 29, 36, 37, 38, 39, 32, 25, 24, 23, 16, 9, 2, 3, 4, 11, 12, 19, 20, 27, 34, 41, 48]
[00:00:00:01:510] Path of length 26 found: [0, 7, 14, 21, 28, 29, 36, 37, 38, 39, 32, 25, 24, 23, 16, 9, 2, 3, 4, 11, 12, 19, 20, 27, 34, 41, 48]
[00:00:00:01:510] ! Unidirectional s-t. expansions: 610, time: 1,510 [ms], path length: 26 [edges], generated: 982
[00:00:00:00:074] Expansion 24: New longest path found with length 24: [48, 41, 34, 27, 20, 13, 6, 5, 4, 11, 18, 17, 24, 31, 38, 37, 36, 29, 28, 21, 14, 15, 8, 1, 0]
[00:00:00:00:124] Expansion 47: New longest path found with length 26: [48, 41, 34, 27, 20, 13, 6, 5, 4, 11, 18, 25, 32, 39, 38, 37, 30, 29, 28, 21, 14, 15, 16, 9, 2, 1, 0]
[00:00:00:01:175] Path of length 26 found: [48, 41, 34, 27, 20, 13, 6, 5, 4, 11, 18, 25, 32, 39, 38, 37, 30, 29, 28, 21, 14, 15, 16, 9, 2, 1, 0]
[00:00:00:01:175] ! Unidirectional t-s. expansions: 393, time: 1,175 [ms], path length: 26 [edges], generated: 710
[00:00:00:00:061] Expansion 13:New longest path found with length 26: [0, 7, 14, 21, 28, 29, 36, 37, 38, 39, 32, 25, 18, 17, 16, 9, 2, 3, 4, 5, 6, 13, 20, 27, 34, 41, 48]
[00:00:00:00:534] Path of length 26 found: [0, 7, 14, 21, 28, 29, 36, 37, 38, 39, 32, 25, 18, 17, 16, 9, 2, 3, 4, 5, 6, 13, 20, 27, 34, 41, 48]
[00:00:00:00:877] ! Bidirectional. expansions: 103, time: 534 [ms], path length: 26 [edges], g_F: 13, g_B: 13, generated: {'F': 179, 'B': 202}, MM: 0, MMPER: -1.0%

[00:00:00:00:878] average expansions: (380, 384, 96, 0)
[00:00:00:00:878] average time: (1,031, 1,001, 482, 0)
[00:00:00:00:878] X-DFBnB: 380 , 1,001 (expansions , time[ms])
[00:00:00:00:878] BiX-DFBnB: 96 , 482 (expansions , time[ms])

