Wed 18 Mar 2026 10:41:07 IST

SLURM_JOBID:		 16051561
SLURM_JOB_NODELIST:	 ise-cpu256-01 

--------------------------
date: SM_Grids
number_of_graphs: 10
graph_type: grid
size_of_graphs: [8, 8]
heuristic: bcc_heuristic
snake: True
run_uni: True
run_bi: True
run_multi: False
solution_vertices: []
algorithms: ['DFBnB']
bsd: False
cube_first_dims: 4
cube_buffer_dim: None
backward_sym_generation: False
sym_coil: False
prefix_set: None

---------- SM_Grids/8x8_grid_with_random_blocks_12per_0 ----------
[00:00:00:00:093] Expansion 27: New longest path found with length 28: [0, 8, 16, 24, 25, 33, 41, 40, 48, 56, 57, 58, 50, 51, 43, 35, 36, 28, 20, 12, 13, 14, 22, 30, 31, 39, 47, 55, 63]
[00:00:00:00:133] Expansion 49: New longest path found with length 32: [0, 8, 16, 24, 25, 33, 41, 40, 48, 56, 57, 58, 50, 51, 43, 35, 27, 19, 18, 10, 2, 3, 4, 12, 13, 21, 22, 30, 31, 39, 47, 55, 63]
[00:00:00:00:182] Expansion 75: New longest path found with length 34: [0, 8, 16, 24, 25, 33, 41, 40, 48, 56, 57, 58, 50, 51, 43, 44, 36, 28, 27, 19, 18, 10, 2, 3, 4, 12, 13, 21, 22, 30, 31, 39, 47, 55, 63]
[00:00:00:00:319] Expansion 151: New longest path found with length 36: [0, 8, 16, 24, 25, 33, 41, 40, 48, 56, 57, 58, 50, 51, 52, 53, 45, 37, 36, 35, 27, 19, 18, 10, 2, 3, 4, 12, 13, 21, 22, 30, 31, 39, 47, 55, 63]
[00:00:00:01:663] Path of length 36 found: [0, 8, 16, 24, 25, 33, 41, 40, 48, 56, 57, 58, 50, 51, 52, 53, 45, 37, 36, 35, 27, 19, 18, 10, 2, 3, 4, 12, 13, 21, 22, 30, 31, 39, 47, 55, 63]
[00:00:00:01:664] ! Unidirectional s-t. expansions: 525, time: 1,663 [ms], path length: 36 [edges], generated: 805
[00:00:00:00:112] Expansion 35: New longest path found with length 36: [63, 55, 47, 39, 31, 30, 22, 14, 13, 12, 4, 3, 2, 10, 18, 19, 27, 28, 36, 37, 45, 53, 61, 60, 59, 58, 57, 56, 48, 40, 41, 33, 25, 24, 16, 8, 0]
[00:00:00:00:808] Path of length 36 found: [63, 55, 47, 39, 31, 30, 22, 14, 13, 12, 4, 3, 2, 10, 18, 19, 27, 28, 36, 37, 45, 53, 61, 60, 59, 58, 57, 56, 48, 40, 41, 33, 25, 24, 16, 8, 0]
[00:00:00:00:808] ! Unidirectional t-s. expansions: 251, time: 808 [ms], path length: 36 [edges], generated: 406
[00:00:00:00:088] Expansion 17:New longest path found with length 34: [0, 8, 16, 24, 25, 33, 41, 40, 48, 56, 57, 58, 50, 51, 52, 44, 36, 28, 27, 19, 18, 10, 2, 3, 4, 12, 13, 14, 22, 30, 31, 39, 47, 55, 63]
[00:00:00:00:093] Expansion 20:New longest path found with length 36: [0, 8, 16, 24, 25, 33, 41, 40, 48, 56, 57, 58, 50, 51, 52, 53, 45, 37, 36, 35, 27, 19, 18, 10, 2, 3, 4, 12, 13, 14, 22, 30, 31, 39, 47, 55, 63]
[00:00:00:00:406] Path of length 36 found: [0, 8, 16, 24, 25, 33, 41, 40, 48, 56, 57, 58, 50, 51, 52, 53, 45, 37, 36, 35, 27, 19, 18, 10, 2, 3, 4, 12, 13, 14, 22, 30, 31, 39, 47, 55, 63]
[00:00:00:00:859] ! Bidirectional. expansions: 75, time: 406 [ms], path length: 36 [edges], g_F: 18, g_B: 18, generated: {'F': 144, 'B': 110}, MM: 0, MMPER: -1.0%
[00:00:00:00:859] 
---------- SM_Grids/8x8_grid_with_random_blocks_12per_1 ----------
[00:00:00:00:132] Expansion 19: New longest path found with length 20: [0, 8, 16, 24, 32, 33, 41, 49, 50, 58, 59, 60, 61, 53, 45, 37, 38, 39, 47, 55, 63]
[00:00:00:00:411] Expansion 89: New longest path found with length 26: [0, 8, 16, 24, 32, 33, 34, 26, 27, 19, 11, 3, 4, 5, 6, 14, 22, 21, 29, 37, 36, 44, 52, 60, 61, 62, 63]
[00:00:00:02:867] Expansion 711: New longest path found with length 32: [0, 8, 9, 10, 2, 3, 4, 5, 6, 14, 22, 21, 20, 19, 27, 26, 25, 33, 41, 49, 50, 58, 59, 60, 61, 53, 45, 37, 38, 39, 47, 55, 63]
[00:00:00:06:077] Path of length 32 found: [0, 8, 9, 10, 2, 3, 4, 5, 6, 14, 22, 21, 20, 19, 27, 26, 25, 33, 41, 49, 50, 58, 59, 60, 61, 53, 45, 37, 38, 39, 47, 55, 63]
[00:00:00:06:078] ! Unidirectional s-t. expansions: 1,592, time: 6,078 [ms], path length: 32 [edges], generated: 2,869
[00:00:00:00:121] Expansion 31: New longest path found with length 30: [63, 55, 47, 39, 38, 37, 36, 44, 52, 51, 50, 49, 41, 33, 34, 26, 27, 19, 20, 21, 22, 14, 6, 5, 4, 3, 2, 10, 9, 8, 0]
[00:00:00:00:403] Expansion 126: New longest path found with length 32: [63, 55, 47, 39, 38, 37, 36, 44, 52, 60, 59, 58, 50, 49, 41, 33, 34, 26, 27, 19, 20, 21, 22, 14, 6, 5, 4, 3, 2, 10, 9, 8, 0]
[00:00:00:09:298] Path of length 32 found: [63, 55, 47, 39, 38, 37, 36, 44, 52, 60, 59, 58, 50, 49, 41, 33, 34, 26, 27, 19, 20, 21, 22, 14, 6, 5, 4, 3, 2, 10, 9, 8, 0]
[00:00:00:09:298] ! Unidirectional t-s. expansions: 2,601, time: 9,298 [ms], path length: 32 [edges], generated: 4,495
[00:00:00:00:076] Expansion 8:New longest path found with length 16: [0, 8, 16, 24, 32, 33, 34, 26, 27, 28, 36, 37, 38, 39, 47, 55, 63]
[00:00:00:00:096] Expansion 16:New longest path found with length 20: [0, 8, 16, 24, 32, 33, 34, 42, 50, 58, 59, 60, 52, 44, 36, 37, 38, 39, 47, 55, 63]
[00:00:00:00:126] Expansion 23:New longest path found with length 24: [0, 8, 16, 24, 32, 33, 34, 26, 27, 19, 11, 3, 4, 5, 6, 14, 22, 21, 29, 37, 38, 39, 47, 55, 63]
[00:00:00:00:877] Expansion 153:New longest path found with length 26: [0, 8, 16, 24, 32, 33, 34, 26, 27, 19, 11, 3, 4, 5, 6, 14, 22, 21, 29, 37, 36, 44, 52, 53, 54, 55, 63]
[00:00:00:01:184] Expansion 197:New longest path found with length 30: [0, 8, 9, 10, 2, 3, 4, 5, 6, 14, 22, 21, 20, 19, 27, 26, 25, 33, 41, 49, 50, 51, 52, 44, 36, 37, 38, 39, 47, 55, 63]
[00:00:00:01:204] Expansion 204:New longest path found with length 32: [0, 8, 9, 10, 2, 3, 4, 5, 6, 14, 22, 21, 20, 19, 27, 26, 25, 33, 41, 49, 50, 58, 59, 60, 52, 44, 36, 37, 38, 39, 47, 55, 63]
[00:00:00:06:782] Path of length 32 found: [0, 8, 9, 10, 2, 3, 4, 5, 6, 14, 22, 21, 20, 19, 27, 26, 25, 33, 41, 49, 50, 58, 59, 60, 52, 44, 36, 37, 38, 39, 47, 55, 63]
[00:00:00:07:215] ! Bidirectional. expansions: 1,088, time: 6,782 [ms], path length: 32 [edges], g_F: 16, g_B: 16, generated: {'F': 1,947, 'B': 2,006}, MM: 0, MMPER: -1.0%
[00:00:00:07:215] 
---------- SM_Grids/8x8_grid_with_random_blocks_12per_2 ----------
[00:00:00:00:164] Expansion 31: New longest path found with length 32: [0, 8, 16, 24, 32, 33, 34, 42, 50, 58, 59, 60, 52, 44, 36, 28, 27, 19, 18, 10, 2, 3, 4, 12, 13, 21, 22, 30, 38, 46, 54, 62, 63]
[00:00:00:00:178] Expansion 41: New longest path found with length 34: [0, 8, 16, 24, 32, 33, 34, 42, 50, 58, 59, 60, 52, 44, 36, 28, 27, 19, 18, 10, 2, 3, 4, 12, 13, 14, 15, 23, 31, 30, 38, 46, 54, 62, 63]
[00:00:00:01:812] Path of length 34 found: [0, 8, 16, 24, 32, 33, 34, 42, 50, 58, 59, 60, 52, 44, 36, 28, 27, 19, 18, 10, 2, 3, 4, 12, 13, 14, 15, 23, 31, 30, 38, 46, 54, 62, 63]
[00:00:00:01:812] ! Unidirectional s-t. expansions: 453, time: 1,812 [ms], path length: 34 [edges], generated: 764
[00:00:00:00:121] Expansion 31: New longest path found with length 32: [63, 55, 47, 46, 38, 30, 31, 23, 15, 14, 13, 5, 4, 3, 2, 10, 18, 19, 27, 28, 36, 44, 52, 51, 50, 42, 34, 33, 25, 24, 16, 8, 0]
[00:00:00:00:140] Expansion 42: New longest path found with length 34: [63, 55, 47, 46, 38, 30, 31, 23, 15, 14, 13, 5, 4, 3, 2, 10, 18, 19, 27, 28, 36, 44, 52, 60, 59, 58, 50, 42, 34, 33, 25, 24, 16, 8, 0]
[00:00:00:02:455] Path of length 34 found: [63, 55, 47, 46, 38, 30, 31, 23, 15, 14, 13, 5, 4, 3, 2, 10, 18, 19, 27, 28, 36, 44, 52, 60, 59, 58, 50, 42, 34, 33, 25, 24, 16, 8, 0]
[00:00:00:02:455] ! Unidirectional t-s. expansions: 617, time: 2,455 [ms], path length: 34 [edges], generated: 1,067
[00:00:00:00:100] Expansion 17:New longest path found with length 34: [0, 8, 16, 24, 32, 33, 34, 42, 50, 58, 59, 60, 52, 44, 36, 28, 20, 19, 18, 10, 2, 3, 4, 5, 13, 14, 15, 23, 31, 30, 38, 46, 47, 55, 63]
[00:00:00:01:642] Path of length 34 found: [0, 8, 16, 24, 32, 33, 34, 42, 50, 58, 59, 60, 52, 44, 36, 28, 20, 19, 18, 10, 2, 3, 4, 5, 13, 14, 15, 23, 31, 30, 38, 46, 47, 55, 63]
[00:00:00:02:069] ! Bidirectional. expansions: 225, time: 1,642 [ms], path length: 34 [edges], g_F: 17, g_B: 17, generated: {'F': 383, 'B': 427}, MM: 0, MMPER: -1.0%
[00:00:00:02:069] 
---------- SM_Grids/8x8_grid_with_random_blocks_12per_3 ----------
[00:00:00:00:070] Expansion 13: New longest path found with length 14: [0, 8, 16, 24, 32, 33, 41, 49, 57, 58, 59, 60, 61, 62, 63]
[00:00:00:00:130] Expansion 35: New longest path found with length 34: [0, 8, 16, 24, 32, 33, 41, 49, 57, 58, 59, 60, 52, 44, 43, 35, 27, 19, 18, 10, 2, 3, 4, 12, 13, 14, 15, 23, 31, 30, 38, 46, 54, 62, 63]
[00:00:00:20:298] Path of length 34 found: [0, 8, 16, 24, 32, 33, 41, 49, 57, 58, 59, 60, 52, 44, 43, 35, 27, 19, 18, 10, 2, 3, 4, 12, 13, 14, 15, 23, 31, 30, 38, 46, 54, 62, 63]
[00:00:00:20:298] ! Unidirectional s-t. expansions: 6,804, time: 20,298 [ms], path length: 34 [edges], generated: 10,648
[00:00:00:00:417] Expansion 200: New longest path found with length 18: [63, 62, 54, 46, 47, 39, 31, 30, 22, 14, 6, 5, 4, 3, 2, 10, 9, 8, 0]
[00:00:00:00:458] Expansion 218: New longest path found with length 34: [63, 62, 54, 46, 47, 39, 31, 30, 22, 14, 6, 5, 4, 3, 2, 10, 18, 26, 27, 35, 36, 44, 52, 60, 59, 58, 57, 49, 41, 33, 32, 24, 16, 8, 0]
[00:00:00:25:340] Path of length 34 found: [63, 62, 54, 46, 47, 39, 31, 30, 22, 14, 6, 5, 4, 3, 2, 10, 18, 26, 27, 35, 36, 44, 52, 60, 59, 58, 57, 49, 41, 33, 32, 24, 16, 8, 0]
[00:00:00:25:341] ! Unidirectional t-s. expansions: 9,062, time: 25,341 [ms], path length: 34 [edges], generated: 14,215
[00:00:00:00:087] Expansion 15:New longest path found with length 30: [0, 1, 2, 3, 4, 12, 20, 19, 18, 17, 16, 24, 32, 33, 41, 49, 50, 51, 43, 35, 36, 37, 29, 30, 31, 39, 47, 46, 54, 62, 63]
[00:00:00:00:090] Expansion 17:New longest path found with length 32: [0, 1, 2, 3, 4, 12, 20, 19, 18, 17, 16, 24, 32, 33, 41, 49, 57, 58, 59, 51, 43, 35, 36, 37, 29, 30, 31, 39, 47, 46, 54, 62, 63]
[00:00:00:00:386] Expansion 68:New longest path found with length 34: [0, 1, 2, 3, 4, 12, 13, 14, 15, 23, 31, 39, 47, 46, 45, 37, 36, 35, 27, 26, 18, 17, 16, 24, 32, 33, 41, 49, 50, 51, 52, 60, 61, 62, 63]
[00:00:00:05:079] Path of length 34 found: [0, 1, 2, 3, 4, 12, 13, 14, 15, 23, 31, 39, 47, 46, 45, 37, 36, 35, 27, 26, 18, 17, 16, 24, 32, 33, 41, 49, 50, 51, 52, 60, 61, 62, 63]
[00:00:00:05:506] ! Bidirectional. expansions: 865, time: 5,079 [ms], path length: 34 [edges], g_F: 17, g_B: 17, generated: {'F': 1,480, 'B': 1,458}, MM: 0, MMPER: -1.0%
[00:00:00:05:507] 
---------- SM_Grids/8x8_grid_with_random_blocks_12per_4 ----------
[00:00:00:00:124] Expansion 29: New longest path found with length 30: [0, 8, 16, 24, 25, 33, 41, 49, 57, 58, 59, 51, 43, 44, 36, 28, 27, 19, 11, 12, 4, 5, 6, 14, 22, 30, 38, 39, 47, 55, 63]
[00:00:00:00:785] Expansion 283: New longest path found with length 32: [0, 8, 16, 24, 25, 33, 41, 49, 57, 58, 59, 60, 52, 44, 43, 35, 27, 19, 11, 12, 4, 5, 6, 14, 22, 21, 29, 37, 38, 39, 47, 55, 63]
[00:00:00:02:181] Expansion 646: New longest path found with length 34: [0, 8, 16, 24, 25, 26, 18, 19, 11, 12, 4, 5, 6, 14, 22, 23, 31, 39, 38, 37, 36, 35, 43, 42, 41, 49, 57, 58, 59, 60, 52, 53, 54, 62, 63]
[00:00:00:07:353] Path of length 34 found: [0, 8, 16, 24, 25, 26, 18, 19, 11, 12, 4, 5, 6, 14, 22, 23, 31, 39, 38, 37, 36, 35, 43, 42, 41, 49, 57, 58, 59, 60, 52, 53, 54, 62, 63]
[00:00:00:07:353] ! Unidirectional s-t. expansions: 1,873, time: 7,353 [ms], path length: 34 [edges], generated: 3,250
[00:00:00:00:098] Expansion 19: New longest path found with length 20: [63, 55, 47, 39, 31, 23, 22, 14, 6, 5, 4, 12, 11, 10, 18, 26, 25, 24, 16, 8, 0]
[00:00:00:00:153] Expansion 36: New longest path found with length 30: [63, 55, 47, 39, 31, 23, 22, 14, 6, 5, 4, 12, 11, 19, 27, 28, 36, 44, 52, 60, 59, 58, 57, 49, 41, 33, 25, 17, 9, 8, 0]
[00:00:00:04:448] Expansion 1,218: New longest path found with length 32: [63, 55, 47, 39, 38, 37, 29, 21, 22, 14, 6, 5, 4, 12, 11, 19, 27, 35, 43, 44, 52, 60, 59, 58, 57, 49, 41, 33, 25, 17, 9, 8, 0]
[00:00:00:06:287] Expansion 1,640: New longest path found with length 34: [63, 55, 54, 53, 61, 60, 59, 58, 57, 49, 41, 33, 34, 35, 27, 28, 29, 37, 38, 39, 31, 23, 22, 14, 6, 5, 4, 12, 11, 10, 18, 17, 16, 8, 0]
[00:00:00:11:411] Path of length 34 found: [63, 55, 54, 53, 61, 60, 59, 58, 57, 49, 41, 33, 34, 35, 27, 28, 29, 37, 38, 39, 31, 23, 22, 14, 6, 5, 4, 12, 11, 10, 18, 17, 16, 8, 0]
[00:00:00:11:411] ! Unidirectional t-s. expansions: 2,876, time: 11,411 [ms], path length: 34 [edges], generated: 5,450
[00:00:00:00:103] Expansion 15:New longest path found with length 30: [0, 8, 16, 24, 25, 33, 41, 49, 57, 58, 59, 60, 52, 44, 36, 28, 27, 19, 11, 12, 4, 5, 6, 14, 22, 23, 31, 39, 47, 55, 63]
[00:00:00:01:317] Expansion 208:New longest path found with length 32: [0, 8, 16, 24, 25, 33, 41, 49, 57, 58, 59, 60, 52, 44, 43, 35, 27, 19, 11, 12, 4, 5, 6, 14, 22, 21, 29, 37, 38, 39, 47, 55, 63]
[00:00:00:04:774] Expansion 644:New longest path found with length 34: [0, 8, 16, 24, 25, 26, 18, 10, 11, 12, 4, 5, 6, 14, 22, 23, 31, 39, 38, 37, 36, 35, 43, 42, 41, 49, 57, 58, 59, 60, 61, 53, 54, 55, 63]
[00:00:00:07:802] Path of length 34 found: [0, 8, 16, 24, 25, 26, 18, 10, 11, 12, 4, 5, 6, 14, 22, 23, 31, 39, 38, 37, 36, 35, 43, 42, 41, 49, 57, 58, 59, 60, 61, 53, 54, 55, 63]
[00:00:00:08:265] ! Bidirectional. expansions: 1,026, time: 7,802 [ms], path length: 34 [edges], g_F: 17, g_B: 17, generated: {'F': 2,087, 'B': 1,982}, MM: 0, MMPER: -1.0%
[00:00:00:08:265] 
---------- SM_Grids/8x8_grid_with_random_blocks_12per_5 ----------
[00:00:00:00:587] Expansion 257: New longest path found with length 20: [0, 8, 16, 17, 25, 33, 41, 42, 50, 58, 59, 60, 52, 44, 45, 37, 38, 39, 47, 55, 63]
[00:00:00:00:623] Expansion 273: New longest path found with length 32: [0, 8, 16, 17, 25, 33, 41, 42, 50, 58, 59, 60, 52, 44, 45, 37, 29, 28, 27, 19, 11, 3, 4, 5, 13, 14, 22, 23, 31, 39, 47, 55, 63]
[00:00:00:07:772] Expansion 2,190: New longest path found with length 34: [0, 8, 9, 17, 25, 24, 32, 40, 41, 42, 50, 58, 59, 60, 52, 44, 45, 37, 29, 28, 27, 19, 11, 3, 4, 5, 13, 14, 22, 23, 31, 39, 47, 55, 63]
[00:00:00:17:067] Path of length 34 found: [0, 8, 9, 17, 25, 24, 32, 40, 41, 42, 50, 58, 59, 60, 52, 44, 45, 37, 29, 28, 27, 19, 11, 3, 4, 5, 13, 14, 22, 23, 31, 39, 47, 55, 63]
[00:00:00:17:067] ! Unidirectional s-t. expansions: 4,644, time: 17,067 [ms], path length: 34 [edges], generated: 8,088
[00:00:00:00:078] Expansion 15: New longest path found with length 16: [63, 55, 47, 46, 38, 37, 29, 21, 22, 14, 6, 5, 4, 3, 2, 1, 0]
[00:00:00:00:096] Expansion 21: New longest path found with length 20: [63, 55, 47, 46, 38, 37, 29, 21, 22, 14, 6, 5, 4, 3, 11, 19, 18, 17, 9, 1, 0]
[00:00:00:00:619] Expansion 286: New longest path found with length 28: [63, 55, 47, 46, 38, 37, 29, 21, 22, 14, 6, 5, 4, 3, 11, 19, 27, 35, 43, 42, 41, 33, 32, 24, 16, 17, 9, 1, 0]
[00:00:00:02:014] Expansion 637: New longest path found with length 30: [63, 55, 47, 46, 45, 53, 61, 60, 59, 51, 50, 42, 34, 33, 25, 17, 18, 19, 27, 28, 29, 21, 22, 14, 6, 5, 4, 3, 2, 1, 0]
[00:00:00:02:035] Expansion 649: New longest path found with length 32: [63, 55, 47, 46, 45, 53, 61, 60, 59, 51, 50, 42, 34, 33, 25, 17, 18, 19, 27, 28, 29, 30, 31, 23, 15, 14, 6, 5, 4, 3, 2, 1, 0]
[00:00:00:02:089] Expansion 672: New longest path found with length 34: [63, 55, 47, 46, 45, 53, 61, 60, 59, 51, 50, 42, 34, 33, 32, 24, 16, 17, 18, 19, 27, 28, 29, 30, 31, 23, 15, 14, 6, 5, 4, 3, 2, 1, 0]
[00:00:00:12:945] Path of length 34 found: [63, 55, 47, 46, 45, 53, 61, 60, 59, 51, 50, 42, 34, 33, 32, 24, 16, 17, 18, 19, 27, 28, 29, 30, 31, 23, 15, 14, 6, 5, 4, 3, 2, 1, 0]
[00:00:00:12:946] ! Unidirectional t-s. expansions: 3,533, time: 12,945 [ms], path length: 34 [edges], generated: 5,874
[00:00:00:00:094] Expansion 13:New longest path found with length 26: [0, 8, 16, 24, 32, 40, 41, 42, 34, 35, 27, 19, 11, 3, 4, 5, 6, 14, 22, 21, 29, 37, 38, 46, 47, 55, 63]
[00:00:00:00:534] Expansion 78:New longest path found with length 28: [0, 8, 16, 24, 32, 40, 41, 42, 34, 35, 27, 19, 11, 3, 4, 5, 6, 14, 15, 23, 31, 30, 29, 37, 45, 46, 47, 55, 63]
[00:00:00:00:718] Expansion 106:New longest path found with length 32: [0, 8, 16, 17, 25, 33, 41, 42, 50, 58, 59, 60, 52, 44, 45, 37, 29, 28, 27, 19, 11, 3, 4, 5, 6, 14, 15, 23, 31, 39, 47, 55, 63]
[00:00:00:02:027] Expansion 286:New longest path found with length 34: [0, 8, 9, 17, 25, 24, 32, 40, 41, 42, 50, 58, 59, 60, 52, 44, 45, 37, 29, 28, 27, 19, 11, 3, 4, 5, 6, 14, 15, 23, 31, 39, 47, 55, 63]
[00:00:00:06:432] Path of length 34 found: [0, 8, 9, 17, 25, 24, 32, 40, 41, 42, 50, 58, 59, 60, 52, 44, 45, 37, 29, 28, 27, 19, 11, 3, 4, 5, 6, 14, 15, 23, 31, 39, 47, 55, 63]
[00:00:00:06:891] ! Bidirectional. expansions: 948, time: 6,432 [ms], path length: 34 [edges], g_F: 17, g_B: 17, generated: {'F': 1,696, 'B': 1,787}, MM: 0, MMPER: -1.0%
[00:00:00:06:891] 
---------- SM_Grids/8x8_grid_with_random_blocks_12per_6 ----------
[00:00:00:01:339] Expansion 583: New longest path found with length 14: [0, 8, 16, 17, 25, 26, 34, 42, 50, 51, 59, 60, 61, 62, 63]
[00:00:00:01:380] Expansion 594: New longest path found with length 16: [0, 8, 16, 17, 25, 26, 34, 42, 43, 44, 36, 37, 38, 46, 54, 62, 63]
[00:00:00:01:510] Expansion 631: New longest path found with length 28: [0, 8, 16, 17, 25, 26, 27, 19, 11, 12, 4, 5, 6, 7, 15, 23, 22, 21, 29, 37, 36, 44, 43, 51, 59, 60, 61, 62, 63]
[00:00:00:04:621] Expansion 1,587: New longest path found with length 32: [0, 8, 16, 24, 32, 40, 48, 49, 50, 51, 43, 35, 34, 26, 18, 10, 2, 3, 4, 5, 6, 7, 15, 23, 22, 21, 29, 37, 38, 46, 54, 62, 63]
[00:00:00:08:050] Expansion 2,682: New longest path found with length 34: [0, 8, 9, 10, 2, 3, 4, 5, 6, 7, 15, 23, 22, 21, 20, 19, 27, 26, 25, 24, 32, 40, 48, 49, 50, 51, 43, 44, 36, 37, 38, 46, 54, 62, 63]
[00:00:00:13:591] Path of length 34 found: [0, 8, 9, 10, 2, 3, 4, 5, 6, 7, 15, 23, 22, 21, 20, 19, 27, 26, 25, 24, 32, 40, 48, 49, 50, 51, 43, 44, 36, 37, 38, 46, 54, 62, 63]
[00:00:00:13:591] ! Unidirectional s-t. expansions: 4,224, time: 13,591 [ms], path length: 34 [edges], generated: 6,944
[00:00:00:01:546] Expansion 663: New longest path found with length 16: [63, 62, 61, 60, 59, 51, 50, 49, 41, 40, 32, 24, 16, 17, 9, 1, 0]
[00:00:00:01:969] Expansion 847: New longest path found with length 18: [63, 62, 61, 60, 59, 51, 50, 49, 41, 40, 32, 24, 16, 17, 18, 10, 2, 1, 0]
[00:00:00:02:556] Expansion 1,097: New longest path found with length 32: [63, 62, 61, 60, 59, 51, 50, 49, 41, 40, 32, 24, 16, 17, 18, 26, 34, 35, 36, 28, 29, 21, 22, 23, 15, 7, 6, 5, 4, 3, 2, 1, 0]
[00:00:00:06:876] Expansion 2,295: New longest path found with length 34: [63, 62, 54, 46, 38, 37, 36, 44, 43, 42, 50, 49, 48, 40, 32, 24, 25, 26, 27, 19, 20, 21, 22, 23, 15, 7, 6, 5, 4, 3, 2, 10, 9, 8, 0]
[00:00:00:08:649] Path of length 34 found: [63, 62, 54, 46, 38, 37, 36, 44, 43, 42, 50, 49, 48, 40, 32, 24, 25, 26, 27, 19, 20, 21, 22, 23, 15, 7, 6, 5, 4, 3, 2, 10, 9, 8, 0]
[00:00:00:08:650] ! Unidirectional t-s. expansions: 2,729, time: 8,650 [ms], path length: 34 [edges], generated: 4,520
[00:00:00:00:076] Expansion 14:New longest path found with length 14: [0, 8, 16, 24, 32, 40, 41, 42, 43, 51, 59, 60, 61, 62, 63]
[00:00:00:00:132] Expansion 23:New longest path found with length 24: [0, 8, 16, 24, 25, 26, 18, 10, 2, 3, 4, 12, 20, 21, 29, 37, 45, 44, 43, 51, 59, 60, 61, 62, 63]
[00:00:00:00:140] Expansion 26:New longest path found with length 28: [0, 8, 16, 24, 25, 26, 18, 10, 2, 3, 4, 5, 6, 7, 15, 23, 22, 21, 29, 37, 45, 44, 43, 51, 59, 60, 61, 62, 63]
[00:00:00:00:266] Expansion 49:New longest path found with length 32: [0, 8, 16, 24, 32, 40, 48, 49, 50, 42, 34, 26, 18, 10, 2, 3, 4, 5, 6, 7, 15, 23, 22, 21, 29, 28, 36, 44, 45, 53, 61, 62, 63]
[00:00:00:02:580] Expansion 422:New longest path found with length 34: [0, 8, 9, 10, 2, 3, 4, 5, 6, 7, 15, 23, 22, 21, 20, 19, 27, 26, 25, 24, 32, 40, 48, 49, 50, 42, 43, 44, 36, 37, 38, 46, 54, 62, 63]
[00:00:00:03:811] Path of length 34 found: [0, 8, 9, 10, 2, 3, 4, 5, 6, 7, 15, 23, 22, 21, 20, 19, 27, 26, 25, 24, 32, 40, 48, 49, 50, 42, 43, 44, 36, 37, 38, 46, 54, 62, 63]
[00:00:00:04:262] ! Bidirectional. expansions: 612, time: 3,811 [ms], path length: 34 [edges], g_F: 17, g_B: 17, generated: {'F': 1,092, 'B': 1,192}, MM: 0, MMPER: -1.0%
[00:00:00:04:262] 
---------- SM_Grids/8x8_grid_with_random_blocks_12per_7 ----------
[00:00:00:00:203] Expansion 82: New longest path found with length 28: [0, 8, 16, 24, 25, 26, 18, 19, 20, 28, 36, 35, 43, 42, 41, 40, 48, 56, 57, 58, 59, 60, 52, 53, 45, 46, 47, 55, 63]
[00:00:00:00:485] Expansion 211: New longest path found with length 36: [0, 8, 16, 24, 25, 26, 18, 19, 20, 12, 13, 5, 6, 7, 15, 23, 22, 30, 38, 37, 36, 35, 43, 42, 41, 40, 48, 56, 57, 58, 59, 60, 52, 53, 54, 62, 63]
[00:00:00:06:893] Path of length 36 found: [0, 8, 16, 24, 25, 26, 18, 19, 20, 12, 13, 5, 6, 7, 15, 23, 22, 30, 38, 37, 36, 35, 43, 42, 41, 40, 48, 56, 57, 58, 59, 60, 52, 53, 54, 62, 63]
[00:00:00:06:893] ! Unidirectional s-t. expansions: 1,842, time: 6,893 [ms], path length: 36 [edges], generated: 3,026
[00:00:00:00:095] Expansion 19: New longest path found with length 20: [63, 55, 47, 39, 38, 30, 22, 23, 15, 7, 6, 5, 13, 12, 20, 19, 18, 17, 9, 8, 0]
[00:00:00:00:955] Expansion 501: New longest path found with length 22: [63, 55, 47, 39, 38, 30, 22, 23, 15, 7, 6, 5, 13, 12, 20, 19, 18, 26, 25, 24, 16, 8, 0]
[00:00:00:01:131] Expansion 588: New longest path found with length 36: [63, 55, 47, 39, 38, 30, 22, 23, 15, 7, 6, 5, 13, 12, 20, 19, 18, 26, 34, 42, 43, 44, 45, 53, 61, 60, 59, 58, 57, 49, 48, 40, 32, 24, 16, 8, 0]
[00:00:00:10:129] Path of length 36 found: [63, 55, 47, 39, 38, 30, 22, 23, 15, 7, 6, 5, 13, 12, 20, 19, 18, 26, 34, 42, 43, 44, 45, 53, 61, 60, 59, 58, 57, 49, 48, 40, 32, 24, 16, 8, 0]
[00:00:00:10:129] ! Unidirectional t-s. expansions: 3,280, time: 10,129 [ms], path length: 36 [edges], generated: 5,090
[00:00:00:00:100] Expansion 17:New longest path found with length 34: [0, 8, 16, 24, 25, 26, 34, 42, 41, 40, 48, 56, 57, 58, 59, 60, 52, 44, 36, 28, 20, 12, 13, 5, 6, 7, 15, 23, 31, 39, 38, 46, 54, 55, 63]
[00:00:00:00:313] Expansion 56:New longest path found with length 36: [0, 8, 16, 24, 25, 26, 18, 19, 20, 12, 13, 5, 6, 7, 15, 23, 22, 30, 38, 37, 36, 35, 43, 42, 41, 40, 48, 56, 57, 58, 59, 60, 61, 53, 54, 55, 63]
[00:00:00:02:675] Path of length 36 found: [0, 8, 16, 24, 25, 26, 18, 19, 20, 12, 13, 5, 6, 7, 15, 23, 22, 30, 38, 37, 36, 35, 43, 42, 41, 40, 48, 56, 57, 58, 59, 60, 61, 53, 54, 55, 63]
[00:00:00:03:101] ! Bidirectional. expansions: 402, time: 2,675 [ms], path length: 36 [edges], g_F: 18, g_B: 18, generated: {'F': 763, 'B': 623}, MM: 0, MMPER: -1.0%
[00:00:00:03:101] 
---------- SM_Grids/8x8_grid_with_random_blocks_12per_8 ----------
[00:00:00:00:126] Expansion 33: New longest path found with length 34: [0, 8, 9, 10, 2, 3, 4, 5, 6, 14, 15, 23, 31, 30, 29, 21, 20, 19, 27, 26, 25, 33, 41, 49, 57, 58, 59, 60, 52, 44, 45, 46, 47, 55, 63]
[00:00:00:02:350] Expansion 573: New longest path found with length 36: [0, 8, 16, 24, 32, 33, 41, 49, 57, 58, 59, 60, 52, 44, 43, 35, 27, 26, 18, 10, 2, 3, 4, 5, 6, 7, 15, 23, 22, 21, 29, 37, 38, 46, 47, 55, 63]
[00:00:00:05:143] Path of length 36 found: [0, 8, 16, 24, 32, 33, 41, 49, 57, 58, 59, 60, 52, 44, 43, 35, 27, 26, 18, 10, 2, 3, 4, 5, 6, 7, 15, 23, 22, 21, 29, 37, 38, 46, 47, 55, 63]
[00:00:00:05:143] ! Unidirectional s-t. expansions: 1,269, time: 5,143 [ms], path length: 36 [edges], generated: 2,235
[00:00:00:00:457] Expansion 196: New longest path found with length 18: [63, 55, 47, 39, 38, 30, 22, 23, 15, 7, 6, 5, 4, 3, 2, 10, 9, 8, 0]
[00:00:00:00:502] Expansion 214: New longest path found with length 34: [63, 55, 47, 39, 38, 30, 22, 23, 15, 7, 6, 5, 4, 3, 2, 10, 18, 26, 27, 35, 43, 44, 52, 60, 59, 58, 57, 49, 41, 33, 32, 24, 16, 8, 0]
[00:00:00:00:837] Expansion 343: New longest path found with length 36: [63, 55, 47, 39, 38, 30, 22, 23, 15, 7, 6, 5, 4, 12, 20, 28, 27, 35, 43, 44, 52, 60, 59, 58, 57, 49, 41, 33, 32, 24, 16, 17, 18, 10, 2, 1, 0]
[00:00:00:05:648] Path of length 36 found: [63, 55, 47, 39, 38, 30, 22, 23, 15, 7, 6, 5, 4, 12, 20, 28, 27, 35, 43, 44, 52, 60, 59, 58, 57, 49, 41, 33, 32, 24, 16, 17, 18, 10, 2, 1, 0]
[00:00:00:05:649] ! Unidirectional t-s. expansions: 1,598, time: 5,648 [ms], path length: 36 [edges], generated: 2,616
[00:00:00:00:100] Expansion 17:New longest path found with length 34: [0, 8, 16, 24, 32, 33, 41, 49, 57, 58, 59, 60, 52, 44, 43, 35, 27, 19, 18, 10, 2, 3, 4, 5, 6, 7, 15, 23, 31, 30, 38, 46, 47, 55, 63]
[00:00:00:00:265] Expansion 61:New longest path found with length 36: [0, 8, 16, 24, 32, 33, 41, 49, 57, 58, 59, 60, 52, 44, 43, 35, 27, 19, 18, 10, 2, 3, 4, 5, 6, 7, 15, 23, 22, 21, 29, 37, 38, 46, 47, 55, 63]
[00:00:00:02:534] Path of length 36 found: [0, 8, 16, 24, 32, 33, 41, 49, 57, 58, 59, 60, 52, 44, 43, 35, 27, 19, 18, 10, 2, 3, 4, 5, 6, 7, 15, 23, 22, 21, 29, 37, 38, 46, 47, 55, 63]
[00:00:00:02:985] ! Bidirectional. expansions: 408, time: 2,534 [ms], path length: 36 [edges], g_F: 18, g_B: 18, generated: {'F': 695, 'B': 752}, MM: 0, MMPER: -1.0%
[00:00:00:02:985] 
---------- SM_Grids/8x8_grid_with_random_blocks_12per_9 ----------
[00:00:00:01:495] Expansion 733: New longest path found with length 18: [0, 8, 16, 24, 32, 40, 48, 56, 57, 58, 50, 51, 52, 53, 45, 46, 47, 55, 63]
[00:00:00:01:561] Expansion 757: New longest path found with length 34: [0, 8, 16, 24, 32, 40, 48, 56, 57, 58, 50, 51, 43, 35, 34, 26, 18, 10, 11, 12, 4, 5, 6, 7, 15, 23, 31, 30, 29, 37, 45, 53, 61, 62, 63]
[00:00:00:09:070] Expansion 3,294: New longest path found with length 36: [0, 8, 9, 10, 18, 26, 25, 24, 32, 40, 48, 56, 57, 58, 50, 51, 43, 35, 36, 28, 20, 12, 4, 5, 6, 7, 15, 23, 31, 30, 38, 46, 45, 53, 61, 62, 63]
[00:00:00:17:949] Path of length 36 found: [0, 8, 9, 10, 18, 26, 25, 24, 32, 40, 48, 56, 57, 58, 50, 51, 43, 35, 36, 28, 20, 12, 4, 5, 6, 7, 15, 23, 31, 30, 38, 46, 45, 53, 61, 62, 63]
[00:00:00:17:949] ! Unidirectional s-t. expansions: 6,279, time: 17,949 [ms], path length: 36 [edges], generated: 9,032
[00:00:00:00:125] Expansion 33: New longest path found with length 34: [63, 55, 47, 46, 45, 37, 29, 30, 31, 23, 15, 7, 6, 5, 4, 12, 11, 10, 18, 26, 27, 35, 43, 51, 50, 58, 57, 56, 48, 40, 32, 24, 16, 8, 0]
[00:00:00:01:099] Expansion 448: New longest path found with length 36: [63, 55, 47, 46, 45, 53, 61, 60, 59, 51, 50, 49, 48, 40, 32, 24, 25, 26, 34, 35, 36, 28, 29, 30, 31, 23, 15, 7, 6, 5, 4, 12, 11, 10, 2, 1, 0]
[00:00:00:12:184] Path of length 36 found: [63, 55, 47, 46, 45, 53, 61, 60, 59, 51, 50, 49, 48, 40, 32, 24, 25, 26, 34, 35, 36, 28, 29, 30, 31, 23, 15, 7, 6, 5, 4, 12, 11, 10, 2, 1, 0]
[00:00:00:12:184] ! Unidirectional t-s. expansions: 3,655, time: 12,184 [ms], path length: 36 [edges], generated: 5,758
[00:00:00:00:099] Expansion 16:New longest path found with length 32: [0, 8, 16, 24, 32, 40, 48, 56, 57, 58, 59, 51, 43, 35, 27, 26, 18, 10, 11, 12, 4, 5, 6, 7, 15, 23, 31, 30, 38, 46, 47, 55, 63]
[00:00:00:00:439] Expansion 101:New longest path found with length 34: [0, 8, 16, 24, 32, 40, 48, 56, 57, 58, 59, 51, 43, 35, 27, 26, 18, 10, 11, 12, 4, 5, 6, 7, 15, 23, 31, 30, 29, 37, 45, 46, 47, 55, 63]
[00:00:00:01:213] Expansion 287:New longest path found with length 36: [0, 8, 9, 10, 11, 12, 4, 5, 6, 7, 15, 23, 31, 30, 29, 28, 36, 35, 34, 26, 25, 24, 32, 40, 41, 49, 50, 51, 59, 60, 61, 53, 45, 46, 47, 55, 63]
[00:00:00:05:193] Path of length 36 found: [0, 8, 9, 10, 11, 12, 4, 5, 6, 7, 15, 23, 31, 30, 29, 28, 36, 35, 34, 26, 25, 24, 32, 40, 41, 49, 50, 51, 59, 60, 61, 53, 45, 46, 47, 55, 63]
[00:00:00:05:620] ! Bidirectional. expansions: 883, time: 5,193 [ms], path length: 36 [edges], g_F: 18, g_B: 18, generated: {'F': 1,603, 'B': 1,382}, MM: 0, MMPER: -1.0%

[00:00:00:05:620] average expansions: (2,950, 3,020, 653, 0)
[00:00:00:05:620] average time: (9,785, 9,887, 4,236, 0)
[00:00:00:05:620] X-DFBnB: 2,950 , 9,785 (expansions , time[ms])
[00:00:00:05:620] BiX-DFBnB: 653 , 4,236 (expansions , time[ms])

