Wed 18 Mar 2026 10:41:07 IST

SLURM_JOBID:		 16051560
SLURM_JOB_NODELIST:	 ise-cpu256-01 

--------------------------
date: SM_Grids
number_of_graphs: 10
graph_type: grid
size_of_graphs: [8, 8]
heuristic: bcc_heuristic
snake: True
run_uni: True
run_bi: True
run_multi: False
solution_vertices: []
algorithms: ['DFBnB']
bsd: False
cube_first_dims: 4
cube_buffer_dim: None
backward_sym_generation: False
sym_coil: False
prefix_set: None

---------- SM_Grids/8x8_grid_with_random_blocks_8per_0 ----------
[00:00:00:00:115] Expansion 35: New longest path found with length 36: [0, 8, 16, 17, 18, 10, 2, 3, 4, 5, 6, 7, 15, 23, 22, 21, 20, 28, 27, 35, 34, 33, 41, 49, 57, 58, 59, 60, 61, 53, 45, 37, 38, 39, 47, 55, 63]
[00:00:00:15:558] Path of length 36 found: [0, 8, 16, 17, 18, 10, 2, 3, 4, 5, 6, 7, 15, 23, 22, 21, 20, 28, 27, 35, 34, 33, 41, 49, 57, 58, 59, 60, 61, 53, 45, 37, 38, 39, 47, 55, 63]
[00:00:00:15:558] ! Unidirectional s-t. expansions: 4,583, time: 15,558 [ms], path length: 36 [edges], generated: 7,859
[00:00:00:01:682] Expansion 837: New longest path found with length 16: [63, 55, 47, 39, 31, 30, 22, 14, 6, 5, 4, 3, 2, 10, 9, 8, 0]
[00:00:00:01:733] Expansion 857: New longest path found with length 34: [63, 55, 47, 39, 31, 30, 22, 14, 6, 5, 4, 3, 2, 10, 18, 19, 20, 28, 36, 37, 45, 53, 61, 60, 59, 58, 57, 49, 41, 33, 25, 24, 16, 8, 0]
[00:00:00:09:973] Expansion 3,485: New longest path found with length 36: [63, 55, 47, 39, 38, 30, 22, 23, 15, 7, 6, 5, 4, 3, 2, 10, 18, 19, 27, 28, 36, 44, 45, 53, 61, 60, 59, 58, 57, 49, 41, 33, 25, 24, 16, 8, 0]
[00:00:00:31:578] Path of length 36 found: [63, 55, 47, 39, 38, 30, 22, 23, 15, 7, 6, 5, 4, 3, 2, 10, 18, 19, 27, 28, 36, 44, 45, 53, 61, 60, 59, 58, 57, 49, 41, 33, 25, 24, 16, 8, 0]
[00:00:00:31:578] ! Unidirectional t-s. expansions: 9,039, time: 31,578 [ms], path length: 36 [edges], generated: 14,986
[00:00:00:00:118] Expansion 19:New longest path found with length 34: [0, 8, 16, 24, 32, 40, 41, 49, 57, 58, 59, 60, 61, 53, 45, 37, 29, 28, 27, 26, 18, 10, 2, 3, 4, 5, 6, 7, 15, 23, 31, 39, 47, 55, 63]
[00:00:00:01:707] Expansion 405:New longest path found with length 36: [0, 8, 16, 24, 32, 40, 41, 49, 57, 58, 59, 60, 61, 53, 45, 44, 43, 35, 27, 19, 18, 10, 2, 3, 4, 5, 6, 7, 15, 23, 22, 30, 38, 39, 47, 55, 63]
[00:00:00:10:786] Path of length 36 found: [0, 8, 16, 24, 32, 40, 41, 49, 57, 58, 59, 60, 61, 53, 45, 44, 43, 35, 27, 19, 18, 10, 2, 3, 4, 5, 6, 7, 15, 23, 22, 30, 38, 39, 47, 55, 63]
[00:00:00:11:293] ! Bidirectional. expansions: 1,832, time: 10,787 [ms], path length: 36 [edges], g_F: 18, g_B: 18, generated: {'F': 3,317, 'B': 3,361}, MM: 0, MMPER: -1.0%
[00:00:00:11:293] 
---------- SM_Grids/8x8_grid_with_random_blocks_8per_1 ----------
[00:00:00:00:104] Expansion 19: New longest path found with length 20: [0, 1, 9, 17, 16, 24, 32, 40, 48, 49, 50, 42, 34, 35, 36, 44, 52, 60, 61, 62, 63]
[00:00:00:00:927] Expansion 466: New longest path found with length 32: [0, 1, 9, 17, 16, 24, 32, 40, 48, 49, 50, 42, 34, 35, 36, 28, 20, 19, 11, 3, 4, 5, 13, 14, 15, 23, 31, 30, 38, 46, 54, 62, 63]
[00:00:00:01:550] Expansion 777: New longest path found with length 34: [0, 1, 9, 17, 16, 24, 32, 40, 48, 49, 50, 42, 34, 35, 36, 37, 29, 21, 20, 19, 11, 3, 4, 5, 6, 14, 15, 23, 31, 39, 47, 46, 54, 62, 63]
[00:00:00:21:580] Expansion 6,764: New longest path found with length 36: [0, 1, 2, 3, 11, 12, 13, 5, 6, 7, 15, 23, 22, 30, 29, 28, 36, 35, 34, 26, 18, 17, 16, 24, 32, 40, 48, 49, 50, 51, 59, 60, 61, 53, 54, 55, 63]
[00:00:00:31:810] Path of length 36 found: [0, 1, 2, 3, 11, 12, 13, 5, 6, 7, 15, 23, 22, 30, 29, 28, 36, 35, 34, 26, 18, 17, 16, 24, 32, 40, 48, 49, 50, 51, 59, 60, 61, 53, 54, 55, 63]
[00:00:00:31:811] ! Unidirectional s-t. expansions: 9,295, time: 31,810 [ms], path length: 36 [edges], generated: 15,504
[00:00:00:00:134] Expansion 31: New longest path found with length 32: [63, 55, 47, 46, 38, 30, 31, 23, 15, 7, 6, 5, 4, 3, 2, 10, 18, 19, 20, 28, 36, 44, 52, 51, 50, 49, 41, 40, 32, 24, 16, 8, 0]
[00:00:00:21:198] Expansion 5,532: New longest path found with length 34: [63, 55, 54, 46, 38, 39, 31, 23, 15, 7, 6, 5, 13, 21, 29, 28, 36, 44, 52, 51, 50, 42, 41, 40, 32, 24, 16, 17, 18, 19, 11, 3, 2, 1, 0]
[00:00:00:26:582] Expansion 6,878: New longest path found with length 36: [63, 55, 54, 53, 61, 60, 59, 51, 50, 49, 41, 40, 32, 24, 16, 17, 18, 26, 34, 35, 36, 28, 29, 30, 22, 23, 15, 7, 6, 5, 13, 12, 11, 3, 2, 1, 0]
[00:00:00:36:526] Path of length 36 found: [63, 55, 54, 53, 61, 60, 59, 51, 50, 49, 41, 40, 32, 24, 16, 17, 18, 26, 34, 35, 36, 28, 29, 30, 22, 23, 15, 7, 6, 5, 13, 12, 11, 3, 2, 1, 0]
[00:00:00:36:526] ! Unidirectional t-s. expansions: 9,175, time: 36,526 [ms], path length: 36 [edges], generated: 16,758
[00:00:00:00:112] Expansion 16:New longest path found with length 32: [0, 1, 9, 17, 16, 24, 32, 40, 48, 49, 50, 51, 43, 35, 36, 37, 29, 21, 20, 19, 11, 3, 4, 5, 6, 7, 15, 23, 31, 39, 47, 55, 63]
[00:00:00:06:169] Expansion 1,053:New longest path found with length 34: [0, 1, 2, 3, 11, 19, 18, 17, 16, 24, 32, 40, 48, 49, 50, 51, 43, 35, 36, 28, 29, 21, 13, 5, 6, 7, 15, 23, 31, 39, 38, 46, 54, 55, 63]
[00:00:00:06:490] Expansion 1,108:New longest path found with length 36: [0, 1, 2, 3, 11, 12, 13, 5, 6, 7, 15, 23, 22, 30, 29, 28, 36, 35, 34, 26, 18, 17, 16, 24, 32, 40, 41, 49, 50, 51, 59, 60, 61, 53, 54, 55, 63]
[00:00:00:13:333] Path of length 36 found: [0, 1, 2, 3, 11, 12, 13, 5, 6, 7, 15, 23, 22, 30, 29, 28, 36, 35, 34, 26, 18, 17, 16, 24, 32, 40, 41, 49, 50, 51, 59, 60, 61, 53, 54, 55, 63]
[00:00:00:13:777] ! Bidirectional. expansions: 1,976, time: 13,333 [ms], path length: 36 [edges], g_F: 18, g_B: 18, generated: {'F': 3,753, 'B': 3,684}, MM: 0, MMPER: -1.0%
[00:00:00:13:778] 
---------- SM_Grids/8x8_grid_with_random_blocks_8per_2 ----------
[00:00:00:05:503] Expansion 2,477: New longest path found with length 16: [0, 1, 2, 3, 11, 12, 20, 21, 22, 23, 31, 39, 47, 46, 54, 62, 63]
[00:00:00:07:779] Expansion 3,509: New longest path found with length 18: [0, 1, 2, 3, 11, 12, 20, 21, 22, 23, 31, 39, 38, 37, 45, 53, 54, 62, 63]
[00:00:00:08:386] Expansion 3,763: New longest path found with length 20: [0, 1, 2, 3, 11, 12, 20, 21, 22, 23, 31, 39, 38, 37, 36, 44, 52, 53, 54, 62, 63]
[00:00:00:08:437] Expansion 3,782: New longest path found with length 34: [0, 1, 2, 3, 11, 12, 20, 21, 22, 23, 31, 39, 38, 37, 36, 35, 27, 26, 18, 17, 16, 24, 32, 40, 48, 56, 57, 58, 50, 51, 52, 53, 54, 62, 63]
[00:00:00:08:735] Expansion 3,856: New longest path found with length 36: [0, 1, 2, 3, 11, 12, 13, 5, 6, 7, 15, 23, 22, 30, 29, 37, 36, 35, 27, 26, 18, 17, 16, 24, 32, 40, 48, 56, 57, 58, 50, 51, 52, 53, 54, 62, 63]
[00:00:00:21:766] Path of length 36 found: [0, 1, 2, 3, 11, 12, 13, 5, 6, 7, 15, 23, 22, 30, 29, 37, 36, 35, 27, 26, 18, 17, 16, 24, 32, 40, 48, 56, 57, 58, 50, 51, 52, 53, 54, 62, 63]
[00:00:00:21:766] ! Unidirectional s-t. expansions: 7,154, time: 21,766 [ms], path length: 36 [edges], generated: 10,985
[00:00:00:00:097] Expansion 19: New longest path found with length 20: [63, 55, 54, 46, 45, 37, 29, 30, 22, 23, 15, 7, 6, 5, 13, 12, 11, 3, 2, 1, 0]
[00:00:00:00:786] Expansion 354: New longest path found with length 34: [63, 55, 54, 46, 45, 37, 29, 30, 22, 23, 15, 7, 6, 5, 13, 12, 11, 10, 18, 26, 34, 35, 43, 51, 59, 58, 57, 49, 41, 40, 32, 24, 16, 8, 0]
[00:00:00:02:828] Expansion 885: New longest path found with length 36: [63, 55, 54, 53, 52, 60, 59, 58, 57, 56, 48, 40, 32, 24, 16, 17, 18, 26, 34, 35, 36, 37, 38, 39, 31, 23, 15, 7, 6, 5, 13, 12, 11, 3, 2, 1, 0]
[00:00:00:13:841] Path of length 36 found: [63, 55, 54, 53, 52, 60, 59, 58, 57, 56, 48, 40, 32, 24, 16, 17, 18, 26, 34, 35, 36, 37, 38, 39, 31, 23, 15, 7, 6, 5, 13, 12, 11, 3, 2, 1, 0]
[00:00:00:13:841] ! Unidirectional t-s. expansions: 4,128, time: 13,841 [ms], path length: 36 [edges], generated: 6,573
[00:00:00:00:063] Expansion 7:New longest path found with length 14: [0, 1, 2, 3, 11, 12, 20, 21, 29, 37, 45, 46, 54, 62, 63]
[00:00:00:00:078] Expansion 11:New longest path found with length 20: [0, 1, 2, 3, 11, 12, 13, 5, 6, 7, 15, 23, 22, 30, 29, 37, 45, 46, 54, 62, 63]
[00:00:00:00:170] Expansion 28:New longest path found with length 34: [0, 1, 2, 3, 11, 12, 20, 21, 22, 23, 31, 39, 38, 37, 36, 35, 27, 26, 18, 17, 16, 24, 32, 40, 48, 56, 57, 58, 59, 60, 52, 53, 54, 62, 63]
[00:00:00:00:256] Expansion 50:New longest path found with length 36: [0, 1, 2, 3, 11, 12, 13, 5, 6, 7, 15, 23, 22, 30, 29, 37, 36, 35, 27, 26, 18, 17, 16, 24, 32, 40, 48, 56, 57, 58, 59, 60, 52, 53, 54, 62, 63]
[00:00:00:05:940] Path of length 36 found: [0, 1, 2, 3, 11, 12, 13, 5, 6, 7, 15, 23, 22, 30, 29, 37, 36, 35, 27, 26, 18, 17, 16, 24, 32, 40, 48, 56, 57, 58, 59, 60, 52, 53, 54, 62, 63]
[00:00:00:06:372] ! Bidirectional. expansions: 988, time: 5,940 [ms], path length: 36 [edges], g_F: 18, g_B: 18, generated: {'F': 1,691, 'B': 1,715}, MM: 0, MMPER: -1.0%
[00:00:00:06:372] 
---------- SM_Grids/8x8_grid_with_random_blocks_8per_3 ----------
[00:00:00:00:141] Expansion 35: New longest path found with length 36: [0, 8, 16, 17, 18, 10, 2, 3, 4, 5, 6, 7, 15, 23, 22, 21, 20, 28, 27, 35, 34, 33, 32, 40, 48, 56, 57, 58, 50, 51, 52, 44, 45, 46, 54, 62, 63]
[00:00:00:01:518] Expansion 572: New longest path found with length 38: [0, 8, 16, 17, 18, 10, 2, 3, 4, 5, 6, 7, 15, 23, 31, 39, 47, 46, 45, 37, 29, 28, 27, 35, 34, 33, 32, 40, 48, 56, 57, 58, 50, 51, 52, 60, 61, 62, 63]
[00:00:00:07:766] Path of length 38 found: [0, 8, 16, 17, 18, 10, 2, 3, 4, 5, 6, 7, 15, 23, 31, 39, 47, 46, 45, 37, 29, 28, 27, 35, 34, 33, 32, 40, 48, 56, 57, 58, 50, 51, 52, 60, 61, 62, 63]
[00:00:00:07:766] ! Unidirectional s-t. expansions: 1,983, time: 7,766 [ms], path length: 38 [edges], generated: 3,257
[00:00:00:00:093] Expansion 17: New longest path found with length 18: [63, 55, 47, 39, 31, 23, 15, 7, 6, 5, 4, 3, 2, 10, 18, 17, 16, 8, 0]
[00:00:00:02:612] Expansion 1,218: New longest path found with length 32: [63, 55, 47, 39, 31, 23, 15, 7, 6, 5, 4, 12, 20, 21, 29, 37, 45, 53, 61, 60, 59, 51, 50, 49, 41, 33, 34, 26, 18, 10, 2, 1, 0]
[00:00:00:02:635] Expansion 1,229: New longest path found with length 34: [63, 55, 47, 39, 31, 23, 15, 7, 6, 5, 4, 12, 20, 21, 29, 37, 45, 53, 61, 60, 59, 51, 50, 49, 48, 40, 32, 33, 34, 26, 18, 10, 2, 1, 0]
[00:00:00:04:715] Expansion 2,028: New longest path found with length 36: [63, 55, 47, 39, 31, 23, 15, 7, 6, 5, 4, 12, 20, 28, 27, 35, 43, 44, 45, 53, 61, 60, 59, 58, 50, 49, 48, 40, 32, 33, 25, 17, 18, 10, 2, 1, 0]
[00:00:00:28:464] Expansion 8,373: New longest path found with length 38: [63, 62, 61, 60, 52, 51, 50, 58, 57, 56, 48, 40, 32, 33, 34, 35, 27, 28, 29, 37, 45, 46, 47, 39, 31, 23, 15, 7, 6, 5, 4, 3, 2, 10, 18, 17, 16, 8, 0]
[00:00:00:29:707] Path of length 38 found: [63, 62, 61, 60, 52, 51, 50, 58, 57, 56, 48, 40, 32, 33, 34, 35, 27, 28, 29, 37, 45, 46, 47, 39, 31, 23, 15, 7, 6, 5, 4, 3, 2, 10, 18, 17, 16, 8, 0]
[00:00:00:29:707] ! Unidirectional t-s. expansions: 8,662, time: 29,707 [ms], path length: 38 [edges], generated: 14,409
[00:00:00:00:072] Expansion 9:New longest path found with length 18: [0, 8, 16, 17, 18, 10, 2, 3, 4, 5, 6, 7, 15, 23, 31, 39, 47, 55, 63]
[00:00:00:00:187] Expansion 31:New longest path found with length 30: [0, 8, 16, 17, 18, 26, 27, 35, 43, 51, 59, 60, 61, 53, 45, 37, 29, 21, 20, 12, 4, 5, 6, 7, 15, 23, 31, 39, 47, 55, 63]
[00:00:00:00:302] Expansion 52:New longest path found with length 34: [0, 8, 16, 17, 18, 26, 34, 33, 32, 40, 48, 56, 57, 58, 50, 51, 52, 44, 45, 37, 29, 21, 20, 12, 4, 5, 6, 7, 15, 23, 31, 39, 47, 55, 63]
[00:00:00:02:331] Expansion 512:New longest path found with length 36: [0, 8, 16, 17, 18, 10, 2, 3, 4, 12, 13, 14, 15, 23, 31, 30, 29, 28, 27, 35, 34, 33, 32, 40, 48, 49, 50, 51, 59, 60, 61, 53, 45, 46, 47, 55, 63]
[00:00:00:04:705] Expansion 947:New longest path found with length 38: [0, 8, 16, 17, 18, 10, 2, 3, 4, 12, 13, 14, 22, 23, 31, 39, 47, 46, 45, 37, 29, 28, 27, 35, 34, 33, 32, 40, 48, 56, 57, 58, 50, 51, 52, 60, 61, 62, 63]
[00:00:00:06:303] Path of length 38 found: [0, 8, 16, 17, 18, 10, 2, 3, 4, 12, 13, 14, 22, 23, 31, 39, 47, 46, 45, 37, 29, 28, 27, 35, 34, 33, 32, 40, 48, 56, 57, 58, 50, 51, 52, 60, 61, 62, 63]
[00:00:00:06:791] ! Bidirectional. expansions: 1,145, time: 6,303 [ms], path length: 38 [edges], g_F: 19, g_B: 19, generated: {'F': 1,980, 'B': 1,979}, MM: 0, MMPER: -1.0%
[00:00:00:06:791] 
---------- SM_Grids/8x8_grid_with_random_blocks_8per_4 ----------
[00:00:00:01:117] Expansion 459: New longest path found with length 18: [0, 1, 9, 17, 16, 24, 32, 40, 48, 56, 57, 58, 59, 60, 52, 53, 54, 62, 63]
[00:00:00:01:172] Expansion 476: New longest path found with length 32: [0, 1, 9, 17, 16, 24, 32, 40, 48, 56, 57, 58, 59, 60, 52, 44, 43, 35, 27, 19, 11, 12, 13, 14, 22, 30, 31, 39, 47, 46, 54, 62, 63]
[00:00:00:01:244] Expansion 501: New longest path found with length 34: [0, 1, 9, 17, 16, 24, 32, 40, 48, 56, 57, 58, 59, 60, 52, 44, 43, 42, 34, 26, 27, 19, 11, 12, 13, 14, 22, 30, 31, 39, 47, 46, 54, 62, 63]
[00:00:00:13:804] Expansion 3,459: New longest path found with length 36: [0, 8, 16, 24, 25, 33, 41, 40, 48, 56, 57, 58, 59, 60, 52, 44, 43, 35, 27, 19, 18, 10, 2, 3, 4, 12, 13, 14, 22, 30, 31, 39, 47, 46, 54, 62, 63]
[00:00:00:14:852] Path of length 36 found: [0, 8, 16, 24, 25, 33, 41, 40, 48, 56, 57, 58, 59, 60, 52, 44, 43, 35, 27, 19, 18, 10, 2, 3, 4, 12, 13, 14, 22, 30, 31, 39, 47, 46, 54, 62, 63]
[00:00:00:14:852] ! Unidirectional s-t. expansions: 3,665, time: 14,852 [ms], path length: 36 [edges], generated: 6,358
[00:00:00:01:085] Expansion 439: New longest path found with length 18: [63, 55, 54, 53, 52, 60, 59, 58, 57, 56, 48, 40, 32, 24, 16, 17, 9, 1, 0]
[00:00:00:01:135] Expansion 455: New longest path found with length 32: [63, 55, 54, 53, 52, 60, 59, 58, 57, 56, 48, 40, 32, 24, 16, 17, 18, 26, 34, 35, 36, 37, 38, 30, 22, 14, 13, 12, 4, 3, 2, 1, 0]
[00:00:00:02:366] Expansion 821: New longest path found with length 34: [63, 55, 54, 53, 52, 60, 59, 58, 57, 56, 48, 40, 41, 42, 43, 35, 36, 37, 38, 30, 22, 14, 13, 12, 4, 3, 2, 10, 18, 26, 25, 24, 16, 8, 0]
[00:00:00:13:796] Expansion 3,367: New longest path found with length 36: [63, 62, 54, 46, 47, 39, 31, 30, 22, 21, 13, 12, 4, 3, 2, 10, 18, 19, 27, 28, 36, 44, 52, 51, 59, 58, 57, 56, 48, 40, 41, 33, 25, 24, 16, 8, 0]
[00:00:00:14:934] Path of length 36 found: [63, 62, 54, 46, 47, 39, 31, 30, 22, 21, 13, 12, 4, 3, 2, 10, 18, 19, 27, 28, 36, 44, 52, 51, 59, 58, 57, 56, 48, 40, 41, 33, 25, 24, 16, 8, 0]
[00:00:00:14:934] ! Unidirectional t-s. expansions: 3,623, time: 14,934 [ms], path length: 36 [edges], generated: 6,717
[00:00:00:00:117] Expansion 19:New longest path found with length 34: [0, 1, 9, 17, 16, 24, 32, 40, 48, 56, 57, 58, 59, 60, 52, 44, 43, 42, 34, 26, 27, 19, 11, 12, 13, 14, 22, 30, 31, 39, 47, 46, 54, 62, 63]
[00:00:00:06:269] Expansion 890:New longest path found with length 36: [0, 8, 16, 24, 25, 33, 41, 40, 48, 56, 57, 58, 59, 60, 52, 44, 36, 28, 27, 19, 18, 10, 2, 3, 4, 12, 13, 14, 22, 30, 31, 39, 47, 46, 54, 62, 63]
[00:00:00:07:214] Path of length 36 found: [0, 8, 16, 24, 25, 33, 41, 40, 48, 56, 57, 58, 59, 60, 52, 44, 36, 28, 27, 19, 18, 10, 2, 3, 4, 12, 13, 14, 22, 30, 31, 39, 47, 46, 54, 62, 63]
[00:00:00:07:631] ! Bidirectional. expansions: 1,002, time: 7,214 [ms], path length: 36 [edges], g_F: 18, g_B: 18, generated: {'F': 1,910, 'B': 1,794}, MM: 0, MMPER: -1.0%
[00:00:00:07:631] 
---------- SM_Grids/8x8_grid_with_random_blocks_8per_5 ----------
[00:00:00:00:138] Expansion 33: New longest path found with length 34: [0, 1, 2, 3, 11, 12, 20, 21, 22, 23, 31, 39, 38, 37, 36, 35, 27, 26, 18, 17, 16, 24, 32, 33, 41, 49, 57, 58, 59, 51, 52, 53, 54, 55, 63]
[00:00:00:00:339] Expansion 106: New longest path found with length 36: [0, 1, 2, 3, 11, 12, 20, 21, 22, 23, 31, 39, 38, 37, 36, 44, 43, 42, 34, 26, 18, 17, 16, 24, 32, 40, 48, 56, 57, 58, 59, 60, 61, 53, 54, 55, 63]
[00:00:00:01:662] Expansion 476: New longest path found with length 38: [0, 1, 2, 3, 11, 12, 13, 5, 6, 7, 15, 23, 22, 30, 38, 37, 36, 44, 43, 42, 34, 26, 18, 17, 16, 24, 32, 40, 48, 56, 57, 58, 59, 60, 61, 53, 54, 55, 63]
[00:00:00:08:191] Path of length 38 found: [0, 1, 2, 3, 11, 12, 13, 5, 6, 7, 15, 23, 22, 30, 38, 37, 36, 44, 43, 42, 34, 26, 18, 17, 16, 24, 32, 40, 48, 56, 57, 58, 59, 60, 61, 53, 54, 55, 63]
[00:00:00:08:191] ! Unidirectional s-t. expansions: 1,862, time: 8,191 [ms], path length: 38 [edges], generated: 3,280
[00:00:00:00:132] Expansion 31: New longest path found with length 32: [63, 55, 47, 39, 38, 30, 22, 23, 15, 7, 6, 5, 13, 12, 20, 28, 36, 35, 43, 51, 50, 58, 57, 56, 48, 40, 41, 33, 25, 17, 16, 8, 0]
[00:00:00:00:299] Expansion 94: New longest path found with length 36: [63, 55, 47, 39, 38, 30, 22, 23, 15, 7, 6, 5, 13, 12, 20, 28, 36, 44, 45, 53, 61, 60, 59, 51, 50, 49, 48, 40, 32, 33, 34, 26, 18, 17, 16, 8, 0]
[00:00:00:07:785] Expansion 2,076: New longest path found with length 38: [63, 55, 54, 53, 61, 60, 59, 58, 57, 56, 48, 40, 32, 24, 16, 17, 18, 26, 34, 42, 43, 44, 36, 28, 29, 30, 22, 23, 15, 7, 6, 5, 13, 12, 11, 3, 2, 1, 0]
[00:00:00:10:660] Path of length 38 found: [63, 55, 54, 53, 61, 60, 59, 58, 57, 56, 48, 40, 32, 24, 16, 17, 18, 26, 34, 42, 43, 44, 36, 28, 29, 30, 22, 23, 15, 7, 6, 5, 13, 12, 11, 3, 2, 1, 0]
[00:00:00:10:661] ! Unidirectional t-s. expansions: 2,734, time: 10,660 [ms], path length: 38 [edges], generated: 4,700
[00:00:00:00:962] Expansion 464:New longest path found with length 14: [0, 1, 2, 3, 11, 12, 20, 28, 36, 37, 38, 39, 47, 55, 63]
[00:00:00:01:010] Expansion 475:New longest path found with length 28: [0, 1, 2, 3, 11, 12, 20, 28, 27, 35, 43, 42, 41, 40, 48, 56, 57, 58, 59, 60, 52, 53, 45, 37, 38, 39, 47, 55, 63]
[00:00:00:01:043] Expansion 483:New longest path found with length 30: [0, 1, 2, 3, 11, 12, 20, 28, 27, 26, 18, 17, 16, 24, 32, 40, 41, 42, 50, 58, 59, 60, 52, 53, 45, 37, 38, 39, 47, 55, 63]
[00:00:00:01:706] Expansion 594:New longest path found with length 36: [0, 1, 2, 3, 4, 5, 6, 7, 15, 23, 22, 21, 20, 28, 27, 26, 18, 17, 16, 24, 32, 40, 48, 56, 57, 58, 59, 60, 52, 53, 45, 37, 38, 39, 47, 55, 63]
[00:00:00:02:659] Expansion 825:New longest path found with length 38: [0, 1, 2, 3, 11, 12, 13, 5, 6, 7, 15, 23, 22, 30, 38, 37, 36, 44, 43, 42, 34, 26, 18, 17, 16, 24, 32, 40, 48, 49, 57, 58, 59, 60, 61, 53, 54, 55, 63]
[00:00:00:05:400] Path of length 38 found: [0, 1, 2, 3, 11, 12, 13, 5, 6, 7, 15, 23, 22, 30, 38, 37, 36, 44, 43, 42, 34, 26, 18, 17, 16, 24, 32, 40, 48, 49, 57, 58, 59, 60, 61, 53, 54, 55, 63]
[00:00:00:05:819] ! Bidirectional. expansions: 1,178, time: 5,400 [ms], path length: 38 [edges], g_F: 19, g_B: 19, generated: {'F': 1,646, 'B': 2,012}, MM: 0, MMPER: -1.0%
[00:00:00:05:820] 
---------- SM_Grids/8x8_grid_with_random_blocks_8per_6 ----------
[00:00:00:00:181] Expansion 31: New longest path found with length 32: [0, 8, 9, 10, 2, 3, 4, 5, 13, 14, 15, 23, 31, 30, 29, 28, 27, 26, 25, 24, 32, 40, 48, 49, 50, 42, 43, 44, 52, 53, 61, 62, 63]
[00:00:00:00:920] Expansion 307: New longest path found with length 34: [0, 8, 9, 10, 2, 3, 4, 5, 13, 14, 15, 23, 31, 39, 38, 37, 29, 28, 27, 26, 25, 24, 32, 40, 48, 49, 50, 42, 43, 44, 52, 53, 61, 62, 63]
[00:00:00:02:172] Expansion 653: New longest path found with length 36: [0, 8, 9, 10, 2, 3, 4, 5, 6, 14, 15, 23, 31, 39, 38, 37, 29, 21, 20, 19, 27, 26, 25, 24, 32, 40, 48, 49, 50, 42, 43, 44, 52, 53, 61, 62, 63]
[00:00:00:33:332] Path of length 36 found: [0, 8, 9, 10, 2, 3, 4, 5, 6, 14, 15, 23, 31, 39, 38, 37, 29, 21, 20, 19, 27, 26, 25, 24, 32, 40, 48, 49, 50, 42, 43, 44, 52, 53, 61, 62, 63]
[00:00:00:33:332] ! Unidirectional s-t. expansions: 7,335, time: 33,332 [ms], path length: 36 [edges], generated: 13,770
[00:00:00:01:119] Expansion 498: New longest path found with length 18: [63, 62, 54, 53, 45, 44, 43, 51, 50, 49, 48, 40, 32, 24, 16, 17, 9, 1, 0]
[00:00:00:01:160] Expansion 512: New longest path found with length 30: [63, 62, 54, 53, 45, 44, 43, 51, 50, 49, 48, 40, 32, 24, 16, 17, 18, 26, 27, 28, 20, 21, 22, 14, 6, 5, 4, 3, 2, 1, 0]
[00:00:00:01:200] Expansion 529: New longest path found with length 32: [63, 62, 54, 53, 45, 44, 43, 51, 50, 49, 48, 40, 32, 24, 16, 17, 18, 26, 27, 28, 29, 30, 31, 23, 15, 14, 6, 5, 4, 3, 2, 1, 0]
[00:00:00:01:455] Expansion 616: New longest path found with length 34: [63, 62, 54, 53, 45, 44, 43, 51, 50, 49, 48, 40, 32, 24, 25, 26, 27, 19, 20, 21, 29, 30, 31, 23, 15, 14, 6, 5, 4, 3, 2, 10, 9, 8, 0]
[00:00:00:11:304] Expansion 3,076: New longest path found with length 36: [63, 62, 54, 53, 52, 44, 43, 42, 50, 49, 48, 40, 32, 24, 25, 26, 27, 19, 20, 21, 29, 37, 38, 39, 31, 23, 15, 14, 6, 5, 4, 3, 2, 10, 9, 8, 0]
[00:00:00:29:101] Path of length 36 found: [63, 62, 54, 53, 52, 44, 43, 42, 50, 49, 48, 40, 32, 24, 25, 26, 27, 19, 20, 21, 29, 37, 38, 39, 31, 23, 15, 14, 6, 5, 4, 3, 2, 10, 9, 8, 0]
[00:00:00:29:101] ! Unidirectional t-s. expansions: 6,873, time: 29,101 [ms], path length: 36 [edges], generated: 13,105
[00:00:00:00:327] Expansion 129:New longest path found with length 14: [0, 8, 16, 24, 25, 33, 34, 35, 36, 44, 52, 53, 61, 62, 63]
[00:00:00:00:421] Expansion 150:New longest path found with length 26: [0, 8, 16, 24, 25, 26, 18, 10, 2, 3, 4, 12, 13, 21, 22, 30, 38, 37, 36, 35, 43, 51, 52, 53, 61, 62, 63]
[00:00:00:00:427] Expansion 153:New longest path found with length 28: [0, 8, 16, 24, 25, 26, 18, 10, 2, 3, 4, 12, 13, 14, 15, 23, 31, 30, 38, 37, 36, 35, 43, 51, 52, 53, 61, 62, 63]
[00:00:00:00:813] Expansion 223:New longest path found with length 32: [0, 8, 16, 24, 32, 40, 48, 49, 50, 42, 34, 26, 27, 19, 11, 3, 4, 5, 6, 14, 15, 23, 31, 39, 38, 37, 36, 44, 52, 53, 61, 62, 63]
[00:00:00:01:243] Expansion 299:New longest path found with length 34: [0, 8, 16, 24, 25, 33, 41, 49, 50, 51, 43, 35, 36, 28, 20, 19, 18, 10, 2, 3, 4, 5, 6, 14, 15, 23, 31, 39, 47, 46, 45, 53, 61, 62, 63]
[00:00:00:05:734] Expansion 1,035:New longest path found with length 36: [0, 8, 9, 10, 2, 3, 4, 5, 6, 14, 15, 23, 31, 39, 38, 37, 29, 21, 20, 19, 27, 26, 25, 24, 32, 40, 48, 49, 50, 42, 43, 44, 52, 53, 54, 62, 63]
[00:00:00:16:581] Path of length 36 found: [0, 8, 9, 10, 2, 3, 4, 5, 6, 14, 15, 23, 31, 39, 38, 37, 29, 21, 20, 19, 27, 26, 25, 24, 32, 40, 48, 49, 50, 42, 43, 44, 52, 53, 54, 62, 63]
[00:00:00:16:997] ! Bidirectional. expansions: 2,362, time: 16,581 [ms], path length: 36 [edges], g_F: 18, g_B: 18, generated: {'F': 4,281, 'B': 4,493}, MM: 0, MMPER: -1.0%
[00:00:00:16:997] 
---------- SM_Grids/8x8_grid_with_random_blocks_8per_7 ----------
[00:00:00:00:092] Expansion 17: New longest path found with length 18: [0, 8, 16, 17, 25, 33, 41, 40, 48, 56, 57, 58, 50, 51, 52, 60, 61, 62, 63]
[00:00:00:00:142] Expansion 34: New longest path found with length 32: [0, 8, 16, 17, 25, 33, 41, 40, 48, 56, 57, 58, 50, 51, 52, 44, 36, 28, 20, 12, 4, 5, 6, 14, 22, 30, 31, 39, 47, 46, 54, 62, 63]
[00:00:00:00:318] Expansion 88: New longest path found with length 34: [0, 8, 16, 17, 25, 33, 41, 40, 48, 56, 57, 58, 50, 51, 43, 35, 27, 28, 20, 12, 4, 5, 6, 14, 22, 30, 31, 39, 47, 46, 45, 53, 61, 62, 63]
[00:00:00:04:252] Expansion 1,022: New longest path found with length 36: [0, 8, 16, 17, 18, 10, 2, 3, 4, 5, 6, 14, 22, 21, 20, 28, 27, 35, 34, 33, 32, 40, 48, 56, 57, 58, 50, 51, 52, 44, 45, 37, 38, 39, 47, 55, 63]
[00:00:00:05:050] Expansion 1,301: New longest path found with length 38: [0, 8, 16, 17, 18, 10, 2, 3, 4, 5, 6, 14, 22, 23, 31, 39, 47, 46, 45, 37, 29, 28, 27, 35, 34, 33, 32, 40, 48, 56, 57, 58, 50, 51, 52, 60, 61, 62, 63]
[00:00:00:12:262] Path of length 38 found: [0, 8, 16, 17, 18, 10, 2, 3, 4, 5, 6, 14, 22, 23, 31, 39, 47, 46, 45, 37, 29, 28, 27, 35, 34, 33, 32, 40, 48, 56, 57, 58, 50, 51, 52, 60, 61, 62, 63]
[00:00:00:12:263] ! Unidirectional s-t. expansions: 2,859, time: 12,262 [ms], path length: 38 [edges], generated: 5,238
[00:00:00:00:135] Expansion 33: New longest path found with length 34: [63, 55, 47, 39, 31, 23, 22, 14, 6, 5, 4, 12, 20, 28, 29, 37, 45, 53, 61, 60, 59, 51, 43, 35, 34, 33, 32, 24, 16, 17, 18, 10, 2, 1, 0]
[00:00:00:00:999] Expansion 369: New longest path found with length 36: [63, 55, 47, 39, 31, 23, 22, 14, 6, 5, 4, 12, 20, 28, 27, 35, 43, 44, 45, 53, 61, 60, 59, 58, 50, 49, 48, 40, 32, 33, 25, 17, 18, 10, 2, 1, 0]
[00:00:00:26:359] Expansion 6,875: New longest path found with length 38: [63, 62, 61, 60, 52, 51, 50, 58, 57, 56, 48, 40, 41, 33, 34, 35, 27, 28, 29, 37, 45, 46, 47, 39, 31, 23, 22, 14, 6, 5, 4, 12, 11, 10, 18, 17, 16, 8, 0]
[00:00:00:27:689] Path of length 38 found: [63, 62, 61, 60, 52, 51, 50, 58, 57, 56, 48, 40, 41, 33, 34, 35, 27, 28, 29, 37, 45, 46, 47, 39, 31, 23, 22, 14, 6, 5, 4, 12, 11, 10, 18, 17, 16, 8, 0]
[00:00:00:27:690] ! Unidirectional t-s. expansions: 7,187, time: 27,689 [ms], path length: 38 [edges], generated: 12,041
[00:00:00:00:117] Expansion 16:New longest path found with length 32: [0, 8, 16, 17, 25, 33, 32, 40, 48, 56, 57, 58, 59, 60, 52, 44, 43, 35, 27, 28, 20, 12, 4, 5, 6, 14, 22, 30, 38, 46, 47, 55, 63]
[00:00:00:00:561] Expansion 99:New longest path found with length 34: [0, 8, 16, 17, 18, 10, 2, 3, 4, 5, 6, 14, 22, 21, 20, 28, 27, 35, 34, 33, 32, 40, 48, 49, 50, 51, 59, 60, 61, 53, 45, 46, 47, 55, 63]
[00:00:00:05:566] Expansion 1,117:New longest path found with length 36: [0, 8, 16, 17, 18, 10, 2, 3, 4, 5, 6, 14, 22, 21, 20, 28, 27, 35, 34, 33, 32, 40, 48, 49, 50, 51, 59, 60, 61, 53, 45, 37, 38, 39, 47, 55, 63]
[00:00:00:08:746] Expansion 1,612:New longest path found with length 38: [0, 8, 16, 17, 18, 10, 2, 3, 4, 5, 6, 14, 22, 23, 31, 39, 47, 46, 45, 37, 29, 28, 27, 35, 34, 33, 32, 40, 48, 56, 57, 58, 50, 51, 52, 60, 61, 62, 63]
[00:00:00:11:114] Path of length 38 found: [0, 8, 16, 17, 18, 10, 2, 3, 4, 5, 6, 14, 22, 23, 31, 39, 47, 46, 45, 37, 29, 28, 27, 35, 34, 33, 32, 40, 48, 56, 57, 58, 50, 51, 52, 60, 61, 62, 63]
[00:00:00:11:591] ! Bidirectional. expansions: 1,942, time: 11,114 [ms], path length: 38 [edges], g_F: 19, g_B: 19, generated: {'F': 3,360, 'B': 3,354}, MM: 0, MMPER: -1.0%
[00:00:00:11:591] 
---------- SM_Grids/8x8_grid_with_random_blocks_8per_8 ----------
[00:00:00:00:134] Expansion 31: New longest path found with length 32: [0, 1, 2, 10, 11, 19, 20, 21, 13, 5, 6, 7, 15, 23, 31, 30, 38, 37, 45, 44, 43, 35, 34, 33, 41, 49, 57, 58, 59, 60, 61, 62, 63]
[00:00:00:01:110] Expansion 287: New longest path found with length 34: [0, 1, 2, 10, 11, 19, 27, 26, 25, 33, 41, 49, 57, 58, 59, 51, 43, 44, 36, 37, 29, 21, 13, 5, 6, 7, 15, 23, 31, 39, 47, 46, 54, 62, 63]
[00:00:00:03:980] Expansion 970: New longest path found with length 36: [0, 1, 2, 10, 18, 17, 16, 24, 32, 33, 41, 49, 57, 58, 59, 51, 43, 35, 27, 28, 20, 12, 4, 5, 6, 7, 15, 23, 31, 30, 38, 37, 45, 53, 61, 62, 63]
[00:00:00:08:021] Expansion 1,987: New longest path found with length 38: [0, 1, 2, 3, 11, 19, 18, 17, 16, 24, 32, 33, 41, 49, 57, 58, 59, 51, 43, 35, 36, 28, 29, 21, 13, 5, 6, 7, 15, 23, 31, 39, 38, 46, 45, 53, 61, 62, 63]
[00:00:00:10:087] Path of length 38 found: [0, 1, 2, 3, 11, 19, 18, 17, 16, 24, 32, 33, 41, 49, 57, 58, 59, 51, 43, 35, 36, 28, 29, 21, 13, 5, 6, 7, 15, 23, 31, 39, 38, 46, 45, 53, 61, 62, 63]
[00:00:00:10:087] ! Unidirectional s-t. expansions: 2,423, time: 10,087 [ms], path length: 38 [edges], generated: 4,468
[00:00:00:10:679] Expansion 5,077: New longest path found with length 14: [63, 55, 47, 39, 31, 23, 15, 7, 6, 5, 4, 3, 2, 1, 0]
[00:00:00:13:810] Expansion 6,576: New longest path found with length 16: [63, 55, 47, 39, 31, 23, 15, 7, 6, 5, 4, 3, 11, 10, 9, 1, 0]
[00:00:00:17:680] Expansion 8,322: New longest path found with length 34: [63, 55, 47, 39, 31, 23, 15, 7, 6, 5, 4, 3, 11, 19, 20, 28, 29, 37, 45, 44, 52, 51, 59, 58, 57, 49, 41, 33, 32, 24, 16, 17, 9, 1, 0]
[00:00:00:20:231] Expansion 9,164: New longest path found with length 36: [63, 55, 47, 39, 31, 23, 15, 7, 6, 5, 4, 12, 20, 28, 27, 35, 43, 44, 45, 53, 61, 60, 59, 58, 57, 49, 41, 33, 32, 24, 16, 17, 18, 10, 2, 1, 0]
[00:00:00:40:228] Expansion 14,225: New longest path found with length 38: [63, 62, 61, 53, 45, 46, 47, 39, 31, 23, 15, 7, 6, 5, 13, 21, 29, 28, 36, 35, 43, 51, 59, 58, 57, 49, 41, 33, 32, 24, 16, 17, 18, 19, 11, 3, 2, 1, 0]
[00:00:00:42:008] Path of length 38 found: [63, 62, 61, 53, 45, 46, 47, 39, 31, 23, 15, 7, 6, 5, 13, 21, 29, 28, 36, 35, 43, 51, 59, 58, 57, 49, 41, 33, 32, 24, 16, 17, 18, 19, 11, 3, 2, 1, 0]
[00:00:00:42:009] ! Unidirectional t-s. expansions: 14,616, time: 42,008 [ms], path length: 38 [edges], generated: 22,579
[00:00:00:00:113] Expansion 17:New longest path found with length 34: [0, 1, 9, 17, 16, 24, 32, 33, 41, 49, 57, 58, 59, 60, 61, 53, 45, 37, 36, 28, 20, 19, 11, 3, 4, 5, 6, 7, 15, 23, 31, 39, 47, 55, 63]
[00:00:00:05:455] Expansion 986:New longest path found with length 36: [0, 1, 2, 10, 18, 17, 16, 24, 32, 33, 41, 49, 57, 58, 59, 51, 43, 35, 27, 28, 20, 12, 4, 5, 6, 7, 15, 23, 31, 30, 38, 37, 45, 53, 54, 55, 63]
[00:00:00:13:195] Expansion 2,205:New longest path found with length 38: [0, 1, 2, 3, 11, 19, 18, 17, 16, 24, 32, 33, 41, 49, 57, 58, 59, 51, 43, 35, 36, 28, 29, 21, 13, 5, 6, 7, 15, 23, 31, 39, 38, 46, 45, 53, 61, 62, 63]
[00:00:00:13:423] Path of length 38 found: [0, 1, 2, 3, 11, 19, 18, 17, 16, 24, 32, 33, 41, 49, 57, 58, 59, 51, 43, 35, 36, 28, 29, 21, 13, 5, 6, 7, 15, 23, 31, 39, 38, 46, 45, 53, 61, 62, 63]
[00:00:00:13:848] ! Bidirectional. expansions: 2,231, time: 13,423 [ms], path length: 38 [edges], g_F: 19, g_B: 19, generated: {'F': 3,871, 'B': 3,692}, MM: 0, MMPER: -1.0%
[00:00:00:13:848] 
---------- SM_Grids/8x8_grid_with_random_blocks_8per_9 ----------
[00:00:00:01:966] Expansion 896: New longest path found with length 16: [0, 8, 16, 24, 32, 33, 34, 42, 50, 58, 59, 60, 52, 53, 54, 62, 63]
[00:00:00:02:018] Expansion 916: New longest path found with length 34: [0, 8, 16, 24, 32, 33, 34, 42, 50, 58, 59, 60, 52, 53, 45, 37, 36, 28, 27, 19, 18, 10, 2, 3, 4, 5, 6, 14, 22, 30, 31, 39, 47, 55, 63]
[00:00:00:05:690] Expansion 1,886: New longest path found with length 36: [0, 8, 16, 24, 32, 40, 48, 56, 57, 58, 50, 51, 43, 35, 36, 28, 20, 19, 18, 10, 2, 3, 4, 5, 6, 14, 22, 30, 31, 39, 47, 46, 45, 53, 61, 62, 63]
[00:00:00:19:040] Path of length 36 found: [0, 8, 16, 24, 32, 40, 48, 56, 57, 58, 50, 51, 43, 35, 36, 28, 20, 19, 18, 10, 2, 3, 4, 5, 6, 14, 22, 30, 31, 39, 47, 46, 45, 53, 61, 62, 63]
[00:00:00:19:040] ! Unidirectional s-t. expansions: 5,236, time: 19,040 [ms], path length: 36 [edges], generated: 9,007
[00:00:00:00:131] Expansion 29: New longest path found with length 30: [63, 55, 54, 46, 38, 30, 22, 14, 6, 5, 4, 12, 11, 10, 18, 26, 27, 35, 43, 51, 50, 58, 57, 56, 48, 40, 32, 24, 16, 8, 0]
[00:00:00:00:295] Expansion 80: New longest path found with length 32: [63, 55, 54, 46, 38, 30, 22, 14, 6, 5, 4, 12, 20, 28, 36, 35, 43, 51, 50, 58, 57, 56, 48, 40, 32, 24, 25, 26, 18, 10, 2, 1, 0]
[00:00:00:02:520] Expansion 723: New longest path found with length 34: [63, 55, 54, 46, 38, 37, 36, 28, 20, 21, 22, 14, 6, 5, 4, 3, 2, 10, 18, 26, 34, 42, 43, 51, 59, 58, 57, 49, 48, 40, 32, 24, 16, 8, 0]
[00:00:00:35:895] Expansion 9,415: New longest path found with length 36: [63, 62, 61, 53, 45, 46, 47, 39, 31, 30, 22, 14, 6, 5, 4, 12, 20, 28, 36, 35, 43, 42, 50, 58, 57, 56, 48, 40, 32, 24, 25, 26, 18, 10, 2, 1, 0]
[00:00:00:39:753] Path of length 36 found: [63, 62, 61, 53, 45, 46, 47, 39, 31, 30, 22, 14, 6, 5, 4, 12, 20, 28, 36, 35, 43, 42, 50, 58, 57, 56, 48, 40, 32, 24, 25, 26, 18, 10, 2, 1, 0]
[00:00:00:39:754] ! Unidirectional t-s. expansions: 10,444, time: 39,753 [ms], path length: 36 [edges], generated: 18,580
[00:00:00:00:275] Expansion 105:New longest path found with length 14: [0, 1, 2, 10, 18, 19, 20, 28, 29, 30, 31, 39, 47, 55, 63]
[00:00:00:00:315] Expansion 115:New longest path found with length 28: [0, 1, 2, 10, 18, 19, 27, 35, 34, 33, 32, 40, 48, 56, 57, 58, 59, 60, 61, 53, 45, 37, 29, 30, 31, 39, 47, 55, 63]
[00:00:00:00:375] Expansion 127:New longest path found with length 34: [0, 1, 2, 10, 18, 26, 25, 24, 32, 40, 48, 56, 57, 58, 50, 51, 52, 53, 45, 37, 36, 28, 20, 12, 4, 5, 6, 14, 22, 30, 31, 39, 47, 55, 63]
[00:00:00:12:549] Expansion 2,107:New longest path found with length 36: [0, 8, 16, 24, 32, 40, 48, 56, 57, 58, 59, 51, 43, 35, 36, 28, 20, 19, 18, 10, 2, 3, 4, 5, 6, 14, 22, 30, 31, 39, 47, 46, 45, 53, 61, 62, 63]
[00:00:00:15:866] Path of length 36 found: [0, 8, 16, 24, 32, 40, 48, 56, 57, 58, 59, 51, 43, 35, 36, 28, 20, 19, 18, 10, 2, 3, 4, 5, 6, 14, 22, 30, 31, 39, 47, 46, 45, 53, 61, 62, 63]
[00:00:00:16:285] ! Bidirectional. expansions: 2,516, time: 15,866 [ms], path length: 36 [edges], g_F: 18, g_B: 18, generated: {'F': 4,696, 'B': 4,877}, MM: 0, MMPER: -1.0%

[00:00:00:16:285] average expansions: (4,640, 7,648, 1,717, 0)
[00:00:00:16:286] average time: (17,466, 27,580, 10,596, 0)
[00:00:00:16:286] X-DFBnB: 4,640 , 17,466 (expansions , time[ms])
[00:00:00:16:286] BiX-DFBnB: 1,717 , 10,596 (expansions , time[ms])

