Wed 18 Mar 2026 10:41:04 IST

SLURM_JOBID:		 16051556
SLURM_JOB_NODELIST:	 ise-cpu256-32 

--------------------------
date: SM_Grids
number_of_graphs: 10
graph_type: grid
size_of_graphs: [8, 9]
heuristic: bcc_heuristic
snake: True
run_uni: True
run_bi: True
run_multi: False
solution_vertices: []
algorithms: ['DFBnB']
bsd: False
cube_first_dims: 4
cube_buffer_dim: None
backward_sym_generation: False
sym_coil: False
prefix_set: None

---------- SM_Grids/8x9_grid_with_random_blocks_8per_0 ----------
[00:00:00:00:110] Expansion 22: New longest path found with length 23: [0, 9, 18, 27, 28, 37, 46, 45, 54, 63, 64, 65, 66, 67, 58, 49, 50, 41, 42, 43, 44, 53, 62, 71]
[00:00:00:00:176] Expansion 49: New longest path found with length 41: [0, 9, 18, 27, 28, 37, 46, 45, 54, 63, 64, 65, 66, 67, 58, 49, 50, 41, 32, 31, 30, 21, 20, 11, 2, 3, 4, 13, 14, 15, 6, 7, 8, 17, 26, 25, 34, 43, 44, 53, 62, 71]
[00:00:00:02:140] Expansion 619: New longest path found with length 43: [0, 9, 18, 27, 36, 45, 54, 63, 64, 65, 56, 47, 38, 39, 30, 21, 20, 11, 2, 3, 4, 13, 14, 15, 6, 7, 8, 17, 26, 25, 34, 33, 32, 41, 50, 49, 58, 67, 68, 69, 60, 61, 62, 71]
[00:00:00:23:698] Path of length 43 found: [0, 9, 18, 27, 36, 45, 54, 63, 64, 65, 56, 47, 38, 39, 30, 21, 20, 11, 2, 3, 4, 13, 14, 15, 6, 7, 8, 17, 26, 25, 34, 33, 32, 41, 50, 49, 58, 67, 68, 69, 60, 61, 62, 71]
[00:00:00:23:698] ! Unidirectional s-t. expansions: 5,603, time: 23,698 [ms], path length: 43 [edges], generated: 9,031
[00:00:00:00:166] Expansion 30: New longest path found with length 31: [71, 62, 53, 44, 43, 42, 41, 50, 59, 58, 67, 66, 65, 56, 55, 46, 45, 36, 27, 18, 19, 20, 29, 30, 31, 22, 13, 4, 3, 2, 1, 0]
[00:00:00:00:183] Expansion 37: New longest path found with length 33: [71, 62, 53, 44, 43, 42, 41, 50, 59, 58, 67, 66, 65, 56, 55, 46, 45, 36, 27, 18, 19, 20, 29, 30, 31, 22, 23, 14, 5, 4, 3, 2, 1, 0]
[00:00:00:00:205] Expansion 49: New longest path found with length 39: [71, 62, 53, 44, 43, 42, 41, 50, 59, 58, 67, 66, 65, 56, 55, 46, 45, 36, 27, 18, 19, 20, 29, 30, 31, 22, 23, 24, 25, 26, 17, 8, 7, 6, 5, 4, 3, 2, 1, 0]
[00:00:00:00:738] Expansion 196: New longest path found with length 41: [71, 62, 53, 44, 43, 42, 41, 50, 59, 58, 67, 66, 65, 56, 55, 54, 45, 36, 37, 38, 39, 30, 31, 22, 23, 24, 25, 26, 17, 8, 7, 6, 5, 4, 3, 2, 11, 20, 19, 18, 9, 0]
[00:00:00:20:218] Expansion 4,497: New longest path found with length 43: [71, 62, 61, 60, 69, 68, 67, 58, 49, 50, 41, 42, 43, 34, 25, 26, 17, 8, 7, 6, 5, 14, 23, 22, 31, 30, 39, 38, 47, 56, 65, 64, 63, 54, 45, 36, 27, 18, 19, 20, 11, 2, 1, 0]
[00:00:00:28:194] Path of length 43 found: [71, 62, 61, 60, 69, 68, 67, 58, 49, 50, 41, 42, 43, 34, 25, 26, 17, 8, 7, 6, 5, 14, 23, 22, 31, 30, 39, 38, 47, 56, 65, 64, 63, 54, 45, 36, 27, 18, 19, 20, 11, 2, 1, 0]
[00:00:00:28:194] ! Unidirectional t-s. expansions: 6,085, time: 28,194 [ms], path length: 43 [edges], generated: 10,670
[00:00:00:00:120] Expansion 13:New longest path found with length 25: [0, 9, 18, 27, 28, 37, 46, 45, 54, 63, 64, 65, 66, 67, 58, 59, 50, 41, 32, 33, 34, 43, 44, 53, 62, 71]
[00:00:00:00:206] Expansion 26:New longest path found with length 37: [0, 9, 18, 27, 28, 37, 38, 47, 56, 65, 66, 67, 68, 59, 50, 41, 32, 23, 22, 21, 20, 11, 2, 3, 4, 5, 6, 7, 8, 17, 26, 25, 34, 43, 44, 53, 62, 71]
[00:00:00:00:231] Expansion 33:New longest path found with length 39: [0, 9, 18, 27, 28, 37, 38, 47, 56, 65, 66, 67, 68, 59, 50, 41, 32, 31, 30, 21, 20, 11, 2, 3, 4, 13, 14, 15, 6, 7, 8, 17, 26, 25, 34, 43, 44, 53, 62, 71]
[00:00:00:00:379] Expansion 58:New longest path found with length 41: [0, 9, 18, 27, 28, 37, 46, 45, 54, 63, 64, 65, 66, 67, 68, 59, 50, 41, 32, 31, 30, 21, 20, 11, 2, 3, 4, 13, 14, 15, 6, 7, 8, 17, 26, 25, 34, 43, 44, 53, 62, 71]
[00:00:00:06:208] Expansion 795:New longest path found with length 43: [0, 9, 18, 27, 36, 45, 54, 63, 64, 65, 56, 47, 38, 39, 30, 21, 20, 11, 2, 3, 4, 13, 14, 15, 6, 7, 8, 17, 26, 25, 34, 43, 42, 41, 50, 49, 58, 67, 68, 69, 60, 61, 62, 71]
[00:00:00:12:772] Path of length 43 found: [0, 9, 18, 27, 36, 45, 54, 63, 64, 65, 56, 47, 38, 39, 30, 21, 20, 11, 2, 3, 4, 13, 14, 15, 6, 7, 8, 17, 26, 25, 34, 43, 42, 41, 50, 49, 58, 67, 68, 69, 60, 61, 62, 71]
[00:00:00:13:290] ! Bidirectional. expansions: 1,452, time: 12,772 [ms], path length: 43 [edges], g_F: 22, g_B: 21, generated: {'F': 2,651, 'B': 2,548}, MM: 1, MMPER: 1.272727272727273%
[00:00:00:13:290] 
---------- SM_Grids/8x9_grid_with_random_blocks_8per_1 ----------
[00:00:00:00:272] Expansion 87: New longest path found with length 31: [0, 9, 18, 27, 36, 45, 54, 63, 64, 65, 56, 47, 48, 39, 30, 29, 20, 11, 2, 3, 4, 13, 22, 23, 32, 41, 50, 59, 60, 61, 62, 71]
[00:00:00:00:374] Expansion 125: New longest path found with length 41: [0, 9, 18, 27, 36, 45, 54, 63, 64, 65, 56, 47, 48, 39, 30, 29, 20, 11, 2, 3, 4, 13, 22, 23, 24, 15, 6, 7, 8, 17, 26, 35, 34, 43, 42, 41, 50, 59, 60, 61, 62, 71]
[00:00:00:03:693] Expansion 1,062: New longest path found with length 43: [0, 9, 18, 27, 36, 45, 54, 63, 64, 65, 56, 47, 38, 29, 20, 11, 2, 3, 4, 13, 22, 23, 24, 15, 6, 7, 8, 17, 26, 35, 34, 43, 42, 41, 40, 49, 58, 67, 68, 69, 60, 61, 62, 71]
[00:00:00:58:996] Path of length 43 found: [0, 9, 18, 27, 36, 45, 54, 63, 64, 65, 56, 47, 38, 29, 20, 11, 2, 3, 4, 13, 22, 23, 24, 15, 6, 7, 8, 17, 26, 35, 34, 43, 42, 41, 40, 49, 58, 67, 68, 69, 60, 61, 62, 71]
[00:00:00:58:997] ! Unidirectional s-t. expansions: 13,479, time: 58,996 [ms], path length: 43 [edges], generated: 22,267
[00:00:00:00:179] Expansion 34: New longest path found with length 35: [71, 62, 53, 44, 35, 26, 17, 8, 7, 6, 5, 4, 13, 12, 11, 20, 29, 30, 31, 32, 41, 50, 59, 68, 67, 66, 65, 64, 63, 54, 45, 36, 27, 18, 9, 0]
[00:00:00:01:441] Expansion 395: New longest path found with length 37: [71, 62, 53, 44, 35, 26, 17, 8, 7, 6, 5, 4, 13, 22, 23, 24, 33, 42, 41, 40, 39, 38, 47, 56, 65, 64, 63, 54, 45, 36, 27, 18, 19, 20, 11, 2, 1, 0]
[00:00:00:01:839] Expansion 536: New longest path found with length 39: [71, 62, 53, 44, 35, 26, 17, 8, 7, 6, 5, 4, 13, 22, 23, 24, 33, 42, 41, 50, 59, 68, 67, 66, 65, 64, 63, 54, 45, 46, 47, 48, 39, 30, 29, 20, 11, 2, 1, 0]
[00:00:00:07:953] Expansion 2,131: New longest path found with length 41: [71, 62, 53, 44, 35, 26, 17, 8, 7, 6, 15, 24, 33, 42, 41, 50, 59, 68, 67, 66, 65, 64, 63, 54, 45, 36, 37, 38, 39, 30, 31, 22, 13, 4, 3, 2, 11, 20, 19, 18, 9, 0]
[00:00:01:01:429] Expansion 13,535: New longest path found with length 43: [71, 62, 61, 60, 69, 68, 67, 58, 49, 48, 47, 56, 65, 64, 63, 54, 45, 36, 27, 18, 19, 20, 29, 30, 31, 22, 23, 24, 33, 42, 43, 44, 35, 26, 17, 8, 7, 6, 5, 4, 3, 2, 1, 0]
[00:00:01:19:882] Path of length 43 found: [71, 62, 61, 60, 69, 68, 67, 58, 49, 48, 47, 56, 65, 64, 63, 54, 45, 36, 27, 18, 19, 20, 29, 30, 31, 22, 23, 24, 33, 42, 43, 44, 35, 26, 17, 8, 7, 6, 5, 4, 3, 2, 1, 0]
[00:00:01:19:883] ! Unidirectional t-s. expansions: 17,436, time: 79,882 [ms], path length: 43 [edges], generated: 30,641
[00:00:00:00:142] Expansion 19:New longest path found with length 37: [0, 1, 2, 11, 20, 19, 18, 27, 36, 45, 54, 63, 64, 65, 56, 47, 38, 39, 40, 41, 42, 33, 24, 23, 22, 13, 4, 5, 6, 7, 8, 17, 26, 35, 44, 53, 62, 71]
[00:00:00:10:259] Expansion 1,977:New longest path found with length 39: [0, 1, 2, 11, 20, 29, 30, 39, 48, 47, 46, 45, 54, 63, 64, 65, 66, 67, 68, 59, 50, 41, 42, 33, 24, 23, 22, 13, 4, 5, 6, 7, 8, 17, 26, 35, 44, 53, 62, 71]
[00:00:00:12:086] Expansion 2,313:New longest path found with length 41: [0, 1, 2, 11, 20, 19, 18, 27, 36, 45, 54, 63, 64, 65, 66, 67, 68, 59, 50, 49, 48, 39, 30, 31, 22, 13, 4, 5, 6, 7, 8, 17, 26, 25, 24, 33, 42, 43, 44, 53, 62, 71]
[00:00:00:18:603] Expansion 3,373:New longest path found with length 43: [0, 1, 2, 11, 20, 19, 18, 27, 36, 45, 54, 63, 64, 65, 56, 47, 38, 39, 30, 31, 22, 13, 4, 5, 6, 7, 8, 17, 26, 35, 44, 43, 42, 41, 50, 49, 58, 67, 68, 69, 60, 61, 62, 71]
[00:00:00:30:677] Path of length 43 found: [0, 1, 2, 11, 20, 19, 18, 27, 36, 45, 54, 63, 64, 65, 56, 47, 38, 39, 30, 31, 22, 13, 4, 5, 6, 7, 8, 17, 26, 35, 44, 43, 42, 41, 50, 49, 58, 67, 68, 69, 60, 61, 62, 71]
[00:00:00:31:135] ! Bidirectional. expansions: 5,007, time: 30,677 [ms], path length: 43 [edges], g_F: 22, g_B: 21, generated: {'F': 8,800, 'B': 9,767}, MM: 1, MMPER: 1.272727272727273%
[00:00:00:31:135] 
---------- SM_Grids/8x9_grid_with_random_blocks_8per_2 ----------
[00:00:00:00:155] Expansion 30: New longest path found with length 31: [0, 9, 10, 19, 28, 37, 38, 47, 56, 57, 58, 59, 50, 41, 40, 31, 22, 13, 4, 5, 6, 7, 16, 25, 34, 35, 44, 53, 52, 61, 70, 71]
[00:00:00:00:557] Expansion 173: New longest path found with length 33: [0, 9, 10, 19, 28, 37, 38, 47, 56, 57, 58, 59, 50, 41, 42, 33, 24, 23, 22, 13, 4, 5, 6, 7, 16, 17, 26, 35, 44, 53, 52, 61, 70, 71]
[00:00:00:14:108] Expansion 3,298: New longest path found with length 35: [0, 9, 10, 11, 2, 3, 4, 13, 22, 31, 30, 29, 38, 47, 56, 57, 58, 49, 50, 41, 42, 33, 24, 15, 6, 7, 8, 17, 26, 35, 44, 53, 52, 61, 70, 71]
[00:00:00:52:960] Expansion 11,416: New longest path found with length 37: [0, 9, 18, 19, 20, 11, 2, 3, 4, 13, 22, 31, 30, 39, 38, 47, 56, 57, 58, 49, 50, 41, 42, 33, 24, 15, 6, 7, 8, 17, 26, 35, 44, 53, 52, 61, 70, 71]
[00:00:01:13:991] Path of length 37 found: [0, 9, 18, 19, 20, 11, 2, 3, 4, 13, 22, 31, 30, 39, 38, 47, 56, 57, 58, 49, 50, 41, 42, 33, 24, 15, 6, 7, 8, 17, 26, 35, 44, 53, 52, 61, 70, 71]
[00:00:01:13:992] ! Unidirectional s-t. expansions: 15,486, time: 73,991 [ms], path length: 37 [edges], generated: 30,741
[00:00:00:00:159] Expansion 33: New longest path found with length 31: [71, 70, 69, 60, 59, 50, 41, 42, 43, 44, 35, 26, 17, 8, 7, 6, 5, 14, 23, 22, 31, 30, 39, 38, 37, 36, 27, 18, 19, 10, 1, 0]
[00:00:00:00:167] Expansion 37: New longest path found with length 33: [71, 70, 69, 60, 59, 50, 41, 42, 43, 44, 35, 26, 17, 8, 7, 6, 5, 14, 23, 22, 31, 30, 39, 38, 37, 36, 27, 18, 19, 20, 11, 2, 1, 0]
[00:00:00:09:095] Expansion 2,461: New longest path found with length 35: [71, 70, 69, 60, 59, 50, 49, 40, 31, 32, 33, 42, 43, 44, 35, 26, 17, 8, 7, 6, 15, 14, 13, 4, 3, 2, 11, 20, 29, 38, 37, 36, 27, 18, 9, 0]
[00:00:00:15:995] Expansion 4,356: New longest path found with length 37: [71, 70, 69, 60, 51, 52, 43, 44, 35, 26, 17, 8, 7, 6, 5, 4, 13, 22, 23, 32, 41, 40, 49, 58, 57, 56, 47, 38, 37, 36, 27, 18, 19, 20, 11, 2, 1, 0]
[00:00:01:03:084] Path of length 37 found: [71, 70, 69, 60, 51, 52, 43, 44, 35, 26, 17, 8, 7, 6, 5, 4, 13, 22, 23, 32, 41, 40, 49, 58, 57, 56, 47, 38, 37, 36, 27, 18, 19, 20, 11, 2, 1, 0]
[00:00:01:03:084] ! Unidirectional t-s. expansions: 14,345, time: 63,084 [ms], path length: 37 [edges], generated: 26,000
[00:00:00:00:129] Expansion 19:New longest path found with length 29: [0, 9, 10, 19, 28, 37, 38, 39, 30, 31, 22, 13, 4, 5, 6, 7, 8, 17, 26, 35, 34, 43, 42, 41, 50, 59, 60, 69, 70, 71]
[00:00:00:00:387] Expansion 55:New longest path found with length 33: [0, 9, 10, 19, 28, 37, 38, 47, 56, 57, 58, 49, 40, 41, 32, 23, 22, 13, 4, 5, 6, 7, 16, 25, 34, 35, 44, 53, 52, 51, 60, 69, 70, 71]
[00:00:00:07:974] Expansion 1,222:New longest path found with length 35: [0, 9, 18, 27, 36, 37, 38, 29, 20, 11, 2, 3, 4, 5, 6, 7, 16, 17, 26, 35, 44, 43, 42, 33, 24, 23, 22, 31, 40, 49, 58, 59, 60, 69, 70, 71]
[00:00:00:24:549] Expansion 3,667:New longest path found with length 37: [0, 9, 18, 19, 20, 11, 2, 3, 4, 13, 22, 31, 30, 39, 38, 47, 56, 57, 58, 49, 50, 41, 42, 33, 24, 15, 6, 7, 8, 17, 26, 35, 44, 53, 52, 61, 70, 71]
[00:00:00:47:104] Path of length 37 found: [0, 9, 18, 19, 20, 11, 2, 3, 4, 13, 22, 31, 30, 39, 38, 47, 56, 57, 58, 49, 50, 41, 42, 33, 24, 15, 6, 7, 8, 17, 26, 35, 44, 53, 52, 61, 70, 71]
[00:00:00:47:548] ! Bidirectional. expansions: 6,211, time: 47,104 [ms], path length: 37 [edges], g_F: 19, g_B: 18, generated: {'F': 11,930, 'B': 12,120}, MM: 1, MMPER: 1.6315789473684212%
[00:00:00:47:548] 
---------- SM_Grids/8x9_grid_with_random_blocks_8per_3 ----------
[00:00:00:00:167] Expansion 36: New longest path found with length 37: [0, 9, 18, 27, 36, 45, 54, 63, 64, 65, 66, 67, 68, 59, 50, 49, 48, 47, 38, 29, 20, 11, 2, 3, 4, 5, 6, 7, 16, 25, 24, 33, 42, 43, 52, 61, 70, 71]
[00:00:00:30:097] Expansion 8,627: New longest path found with length 39: [0, 9, 18, 27, 28, 37, 46, 45, 54, 63, 64, 65, 66, 67, 68, 59, 50, 49, 48, 39, 30, 21, 20, 11, 2, 3, 4, 5, 6, 7, 16, 25, 24, 33, 42, 43, 52, 61, 70, 71]
[00:00:01:28:232] Expansion 22,357: New longest path found with length 41: [0, 1, 2, 3, 12, 13, 14, 5, 6, 7, 16, 25, 24, 33, 32, 31, 40, 49, 48, 47, 38, 29, 20, 19, 18, 27, 36, 45, 54, 63, 64, 65, 66, 67, 68, 59, 60, 51, 52, 53, 62, 71]
[00:00:01:31:415] Path of length 41 found: [0, 1, 2, 3, 12, 13, 14, 5, 6, 7, 16, 25, 24, 33, 32, 31, 40, 49, 48, 47, 38, 29, 20, 19, 18, 27, 36, 45, 54, 63, 64, 65, 66, 67, 68, 59, 60, 51, 52, 53, 62, 71]
[00:00:01:31:415] ! Unidirectional s-t. expansions: 23,029, time: 91,415 [ms], path length: 41 [edges], generated: 40,003
[00:00:00:00:106] Expansion 18: New longest path found with length 19: [71, 62, 53, 52, 43, 42, 33, 24, 25, 16, 7, 6, 5, 14, 13, 12, 3, 2, 1, 0]
[00:00:00:00:134] Expansion 25: New longest path found with length 23: [71, 62, 53, 52, 43, 42, 33, 24, 25, 16, 7, 6, 5, 14, 13, 12, 21, 20, 29, 28, 27, 18, 9, 0]
[00:00:00:00:898] Expansion 299: New longest path found with length 37: [71, 62, 53, 52, 43, 42, 33, 24, 25, 16, 7, 6, 5, 14, 13, 12, 21, 20, 29, 38, 39, 40, 49, 50, 59, 68, 67, 66, 57, 56, 55, 46, 45, 36, 27, 18, 9, 0]
[00:00:00:01:313] Expansion 468: New longest path found with length 39: [71, 62, 53, 52, 43, 42, 33, 24, 25, 16, 7, 6, 5, 14, 13, 12, 21, 30, 29, 38, 47, 48, 49, 50, 59, 68, 67, 66, 65, 64, 55, 54, 45, 36, 27, 18, 19, 10, 1, 0]
[00:00:00:15:127] Expansion 3,765: New longest path found with length 41: [71, 62, 53, 52, 51, 60, 59, 68, 67, 66, 65, 64, 63, 54, 45, 36, 27, 18, 19, 20, 29, 38, 47, 48, 49, 40, 41, 32, 33, 24, 25, 16, 7, 6, 5, 14, 13, 12, 3, 2, 1, 0]
[00:00:00:40:861] Path of length 41 found: [71, 62, 53, 52, 51, 60, 59, 68, 67, 66, 65, 64, 63, 54, 45, 36, 27, 18, 19, 20, 29, 38, 47, 48, 49, 40, 41, 32, 33, 24, 25, 16, 7, 6, 5, 14, 13, 12, 3, 2, 1, 0]
[00:00:00:40:861] ! Unidirectional t-s. expansions: 9,117, time: 40,861 [ms], path length: 41 [edges], generated: 16,351
[00:00:00:00:143] Expansion 23:New longest path found with length 35: [0, 9, 18, 27, 28, 37, 38, 47, 56, 65, 66, 67, 68, 59, 50, 49, 40, 31, 30, 21, 12, 13, 14, 5, 6, 7, 16, 25, 24, 33, 42, 43, 52, 53, 62, 71]
[00:00:00:00:160] Expansion 28:New longest path found with length 37: [0, 9, 18, 27, 28, 37, 38, 47, 56, 65, 66, 67, 68, 59, 50, 49, 40, 31, 22, 21, 20, 11, 2, 3, 4, 5, 6, 7, 16, 25, 24, 33, 42, 43, 52, 53, 62, 71]
[00:00:00:00:354] Expansion 65:New longest path found with length 39: [0, 9, 18, 27, 28, 37, 46, 45, 54, 63, 64, 65, 66, 67, 68, 59, 50, 49, 48, 39, 30, 21, 20, 11, 2, 3, 4, 5, 6, 7, 16, 25, 24, 33, 42, 43, 52, 53, 62, 71]
[00:00:00:34:882] Expansion 4,824:New longest path found with length 41: [0, 1, 2, 3, 12, 13, 14, 5, 6, 7, 16, 25, 24, 33, 32, 41, 40, 49, 48, 47, 38, 29, 20, 19, 18, 27, 36, 45, 54, 55, 64, 65, 66, 67, 68, 59, 60, 51, 52, 53, 62, 71]
[00:00:00:38:399] Path of length 41 found: [0, 1, 2, 3, 12, 13, 14, 5, 6, 7, 16, 25, 24, 33, 32, 41, 40, 49, 48, 47, 38, 29, 20, 19, 18, 27, 36, 45, 54, 55, 64, 65, 66, 67, 68, 59, 60, 51, 52, 53, 62, 71]
[00:00:00:38:829] ! Bidirectional. expansions: 5,189, time: 38,399 [ms], path length: 41 [edges], g_F: 21, g_B: 20, generated: {'F': 9,376, 'B': 9,716}, MM: 1, MMPER: 1.380952380952381%
[00:00:00:38:829] 
---------- SM_Grids/8x9_grid_with_random_blocks_8per_4 ----------
[00:00:00:00:152] Expansion 32: New longest path found with length 33: [0, 9, 18, 19, 28, 29, 38, 39, 48, 57, 58, 59, 50, 41, 32, 31, 22, 21, 12, 3, 4, 5, 14, 15, 16, 17, 26, 35, 34, 43, 52, 61, 70, 71]
[00:00:00:00:530] Expansion 110: New longest path found with length 39: [0, 9, 18, 19, 28, 29, 38, 47, 46, 45, 54, 63, 64, 65, 66, 57, 58, 59, 50, 41, 40, 31, 22, 21, 12, 3, 4, 5, 14, 15, 16, 17, 26, 35, 34, 43, 52, 61, 70, 71]
[00:00:01:50:979] Path of length 39 found: [0, 9, 18, 19, 28, 29, 38, 47, 46, 45, 54, 63, 64, 65, 66, 57, 58, 59, 50, 41, 40, 31, 22, 21, 12, 3, 4, 5, 14, 15, 16, 17, 26, 35, 34, 43, 52, 61, 70, 71]
[00:00:01:50:979] ! Unidirectional s-t. expansions: 24,991, time: 110,979 [ms], path length: 39 [edges], generated: 47,014
[00:00:00:00:167] Expansion 36: New longest path found with length 37: [71, 70, 69, 60, 51, 52, 43, 34, 35, 26, 17, 16, 15, 24, 23, 32, 41, 40, 49, 58, 67, 66, 65, 64, 63, 54, 45, 36, 37, 28, 29, 30, 21, 12, 3, 2, 1, 0]
[00:00:00:06:322] Expansion 2,335: New longest path found with length 39: [71, 70, 69, 60, 51, 52, 43, 34, 35, 26, 17, 16, 15, 14, 5, 4, 3, 12, 21, 22, 31, 40, 49, 58, 67, 66, 65, 64, 63, 54, 45, 46, 47, 38, 29, 28, 19, 10, 1, 0]
[00:00:01:38:620] Path of length 39 found: [71, 70, 69, 60, 51, 52, 43, 34, 35, 26, 17, 16, 15, 14, 5, 4, 3, 12, 21, 22, 31, 40, 49, 58, 67, 66, 65, 64, 63, 54, 45, 46, 47, 38, 29, 28, 19, 10, 1, 0]
[00:00:01:38:620] ! Unidirectional t-s. expansions: 23,636, time: 98,620 [ms], path length: 39 [edges], generated: 43,962
[00:00:00:09:874] Expansion 4,980:New longest path found with length 15: [0, 9, 18, 19, 28, 29, 38, 39, 40, 41, 50, 59, 60, 69, 70, 71]
[00:00:00:18:080] Expansion 9,076:New longest path found with length 25: [0, 9, 18, 19, 28, 29, 30, 31, 22, 13, 14, 15, 16, 17, 26, 35, 34, 33, 42, 41, 50, 59, 60, 69, 70, 71]
[00:00:00:18:166] Expansion 9,094:New longest path found with length 27: [0, 9, 18, 19, 28, 29, 30, 21, 12, 3, 4, 5, 14, 15, 16, 17, 26, 35, 34, 43, 42, 41, 50, 59, 60, 69, 70, 71]
[00:00:00:18:320] Expansion 9,117:New longest path found with length 37: [0, 9, 18, 19, 28, 37, 36, 45, 54, 63, 64, 65, 56, 47, 48, 39, 30, 21, 12, 3, 4, 5, 14, 15, 16, 17, 26, 35, 34, 43, 42, 41, 50, 59, 60, 69, 70, 71]
[00:00:00:19:604] Expansion 9,383:New longest path found with length 39: [0, 9, 18, 19, 28, 29, 38, 47, 46, 45, 54, 63, 64, 65, 66, 57, 58, 49, 40, 31, 22, 21, 12, 3, 4, 5, 14, 15, 16, 17, 26, 35, 34, 43, 52, 51, 60, 69, 70, 71]
[00:00:01:08:569] Path of length 39 found: [0, 9, 18, 19, 28, 29, 38, 47, 46, 45, 54, 63, 64, 65, 66, 57, 58, 49, 40, 31, 22, 21, 12, 3, 4, 5, 14, 15, 16, 17, 26, 35, 34, 43, 52, 51, 60, 69, 70, 71]
[00:00:01:09:000] ! Bidirectional. expansions: 15,544, time: 68,569 [ms], path length: 39 [edges], g_F: 20, g_B: 19, generated: {'F': 22,714, 'B': 23,346}, MM: 1, MMPER: 1.5%
[00:00:01:09:000] 
---------- SM_Grids/8x9_grid_with_random_blocks_8per_5 ----------
[00:00:00:02:540] Expansion 1,118: New longest path found with length 21: [0, 9, 18, 19, 20, 11, 2, 3, 4, 5, 14, 23, 24, 25, 34, 35, 44, 53, 52, 61, 70, 71]
[00:00:00:12:369] Expansion 5,480: New longest path found with length 31: [0, 9, 18, 19, 20, 11, 2, 3, 4, 5, 14, 23, 32, 31, 30, 39, 38, 37, 36, 45, 54, 63, 64, 65, 56, 57, 58, 67, 68, 69, 70, 71]
[00:00:00:13:229] Expansion 5,817: New longest path found with length 33: [0, 9, 18, 19, 20, 11, 2, 3, 4, 5, 14, 23, 32, 31, 40, 49, 48, 47, 38, 37, 36, 45, 54, 63, 64, 65, 66, 67, 68, 59, 60, 61, 70, 71]
[00:00:00:13:532] Expansion 5,903: New longest path found with length 39: [0, 9, 18, 19, 20, 11, 2, 3, 4, 5, 14, 15, 16, 17, 26, 35, 44, 43, 42, 33, 32, 31, 30, 39, 38, 37, 36, 45, 54, 63, 64, 65, 56, 57, 58, 67, 68, 69, 70, 71]
[00:00:00:13:908] Expansion 6,061: New longest path found with length 41: [0, 9, 18, 19, 20, 11, 2, 3, 4, 5, 14, 15, 16, 17, 26, 35, 44, 43, 42, 33, 32, 31, 40, 49, 48, 47, 38, 37, 36, 45, 54, 63, 64, 65, 66, 67, 68, 59, 60, 61, 70, 71]
[00:00:00:14:787] Expansion 6,366: New longest path found with length 43: [0, 9, 18, 19, 20, 11, 2, 3, 4, 5, 6, 7, 16, 17, 26, 35, 44, 43, 42, 33, 24, 23, 22, 31, 40, 49, 48, 47, 38, 37, 36, 45, 54, 63, 64, 65, 66, 67, 68, 59, 60, 61, 70, 71]
[00:00:00:36:465] Path of length 43 found: [0, 9, 18, 19, 20, 11, 2, 3, 4, 5, 6, 7, 16, 17, 26, 35, 44, 43, 42, 33, 24, 23, 22, 31, 40, 49, 48, 47, 38, 37, 36, 45, 54, 63, 64, 65, 66, 67, 68, 59, 60, 61, 70, 71]
[00:00:00:36:466] ! Unidirectional s-t. expansions: 10,748, time: 36,466 [ms], path length: 43 [edges], generated: 16,827
[00:00:00:00:139] Expansion 26: New longest path found with length 27: [71, 70, 61, 52, 53, 44, 35, 26, 17, 8, 7, 6, 15, 24, 33, 32, 31, 22, 13, 4, 3, 2, 11, 20, 19, 18, 9, 0]
[00:00:00:01:008] Expansion 418: New longest path found with length 37: [71, 70, 61, 52, 53, 44, 35, 26, 17, 8, 7, 6, 15, 24, 33, 32, 31, 30, 39, 48, 49, 50, 59, 68, 67, 66, 65, 56, 55, 54, 45, 36, 37, 28, 19, 10, 1, 0]
[00:00:00:01:017] Expansion 424: New longest path found with length 39: [71, 70, 61, 52, 53, 44, 35, 26, 17, 8, 7, 6, 15, 24, 33, 32, 31, 30, 39, 48, 49, 50, 59, 68, 67, 66, 65, 56, 55, 54, 45, 36, 37, 28, 19, 20, 11, 2, 1, 0]
[00:00:00:13:043] Expansion 3,615: New longest path found with length 41: [71, 70, 61, 52, 43, 42, 33, 24, 25, 26, 17, 8, 7, 6, 5, 4, 13, 22, 31, 30, 39, 48, 49, 50, 59, 68, 67, 66, 65, 56, 55, 54, 45, 36, 37, 28, 19, 20, 11, 2, 1, 0]
[00:00:00:21:028] Expansion 5,348: New longest path found with length 43: [71, 70, 61, 60, 59, 68, 67, 66, 65, 64, 63, 54, 45, 36, 37, 38, 47, 48, 49, 40, 31, 32, 33, 42, 43, 44, 35, 26, 17, 8, 7, 6, 15, 14, 13, 4, 3, 2, 11, 20, 19, 18, 9, 0]
[00:00:00:35:726] Path of length 43 found: [71, 70, 61, 60, 59, 68, 67, 66, 65, 64, 63, 54, 45, 36, 37, 38, 47, 48, 49, 40, 31, 32, 33, 42, 43, 44, 35, 26, 17, 8, 7, 6, 15, 14, 13, 4, 3, 2, 11, 20, 19, 18, 9, 0]
[00:00:00:35:726] ! Unidirectional t-s. expansions: 8,165, time: 35,726 [ms], path length: 43 [edges], generated: 14,435
[00:00:00:00:101] Expansion 12:New longest path found with length 23: [0, 9, 18, 19, 20, 21, 30, 31, 32, 23, 14, 5, 6, 7, 8, 17, 26, 35, 44, 53, 52, 61, 70, 71]
[00:00:00:00:261] Expansion 45:New longest path found with length 35: [0, 9, 18, 19, 20, 29, 38, 37, 36, 45, 54, 63, 64, 65, 56, 57, 58, 49, 40, 31, 22, 13, 4, 5, 6, 7, 8, 17, 26, 35, 44, 53, 52, 61, 70, 71]
[00:00:00:00:281] Expansion 50:New longest path found with length 37: [0, 9, 18, 19, 20, 29, 38, 37, 36, 45, 54, 63, 64, 65, 66, 67, 68, 59, 50, 49, 40, 31, 22, 13, 4, 5, 6, 7, 8, 17, 26, 35, 44, 53, 52, 61, 70, 71]
[00:00:00:02:191] Expansion 457:New longest path found with length 39: [0, 9, 18, 19, 20, 29, 38, 37, 36, 45, 54, 63, 64, 65, 66, 67, 68, 59, 50, 49, 40, 31, 22, 13, 4, 5, 6, 7, 8, 17, 26, 25, 24, 33, 42, 43, 52, 61, 70, 71]
[00:00:00:05:862] Expansion 1,072:New longest path found with length 41: [0, 9, 18, 19, 20, 11, 2, 3, 4, 13, 14, 15, 6, 7, 8, 17, 26, 35, 44, 43, 42, 33, 32, 31, 30, 39, 38, 37, 36, 45, 54, 55, 56, 57, 66, 67, 68, 59, 60, 61, 70, 71]
[00:00:00:06:078] Expansion 1,107:New longest path found with length 43: [0, 9, 18, 19, 20, 11, 2, 3, 4, 13, 14, 15, 6, 7, 8, 17, 26, 35, 44, 43, 42, 33, 32, 31, 40, 49, 48, 47, 38, 37, 36, 45, 54, 55, 64, 65, 66, 67, 68, 59, 60, 61, 70, 71]
[00:00:00:13:821] Path of length 43 found: [0, 9, 18, 19, 20, 11, 2, 3, 4, 13, 14, 15, 6, 7, 8, 17, 26, 35, 44, 43, 42, 33, 32, 31, 40, 49, 48, 47, 38, 37, 36, 45, 54, 55, 64, 65, 66, 67, 68, 59, 60, 61, 70, 71]
[00:00:00:14:268] ! Bidirectional. expansions: 2,036, time: 13,821 [ms], path length: 43 [edges], g_F: 22, g_B: 21, generated: {'F': 3,642, 'B': 3,553}, MM: 1, MMPER: 1.272727272727273%
[00:00:00:14:268] 
---------- SM_Grids/8x9_grid_with_random_blocks_8per_6 ----------
[00:00:00:00:158] Expansion 32: New longest path found with length 33: [0, 1, 2, 11, 12, 13, 4, 5, 6, 15, 16, 25, 34, 33, 32, 31, 40, 39, 38, 37, 46, 55, 64, 65, 66, 57, 58, 59, 50, 51, 52, 61, 70, 71]
[00:00:00:00:956] Expansion 316: New longest path found with length 35: [0, 1, 2, 11, 12, 13, 4, 5, 6, 15, 16, 25, 34, 33, 32, 41, 40, 39, 30, 29, 28, 37, 46, 55, 64, 65, 66, 57, 58, 59, 60, 51, 52, 53, 62, 71]
[00:00:00:08:209] Expansion 2,298: New longest path found with length 37: [0, 1, 2, 11, 20, 19, 18, 27, 36, 37, 46, 55, 64, 65, 66, 57, 48, 39, 30, 31, 22, 13, 4, 5, 6, 7, 16, 25, 34, 35, 44, 53, 52, 51, 60, 69, 70, 71]
[00:00:00:08:791] Expansion 2,486: New longest path found with length 39: [0, 1, 2, 11, 20, 19, 18, 27, 36, 37, 46, 55, 64, 65, 66, 57, 48, 39, 40, 41, 32, 23, 22, 13, 4, 5, 6, 7, 16, 25, 34, 35, 44, 53, 52, 51, 60, 69, 70, 71]
[00:00:01:05:468] Path of length 39 found: [0, 1, 2, 11, 20, 19, 18, 27, 36, 37, 46, 55, 64, 65, 66, 57, 48, 39, 40, 41, 32, 23, 22, 13, 4, 5, 6, 7, 16, 25, 34, 35, 44, 53, 52, 51, 60, 69, 70, 71]
[00:00:01:05:468] ! Unidirectional s-t. expansions: 14,531, time: 65,468 [ms], path length: 39 [edges], generated: 26,838
[00:00:00:03:276] Expansion 1,297: New longest path found with length 17: [71, 62, 53, 44, 35, 34, 33, 24, 15, 6, 5, 4, 13, 12, 11, 10, 1, 0]
[00:00:00:03:339] Expansion 1,317: New longest path found with length 35: [71, 62, 53, 44, 35, 34, 33, 24, 15, 6, 5, 4, 13, 12, 11, 20, 29, 30, 31, 40, 41, 50, 59, 58, 67, 66, 65, 64, 55, 46, 37, 36, 27, 18, 9, 0]
[00:00:00:59:652] Expansion 15,797: New longest path found with length 37: [71, 62, 53, 52, 51, 60, 59, 58, 67, 66, 65, 64, 55, 46, 47, 48, 39, 40, 41, 32, 33, 34, 25, 16, 7, 6, 5, 14, 13, 12, 11, 20, 29, 28, 27, 18, 9, 0]
[00:00:01:00:820] Expansion 16,148: New longest path found with length 39: [71, 62, 53, 52, 51, 60, 59, 58, 67, 66, 65, 64, 55, 46, 37, 36, 27, 18, 19, 20, 29, 30, 39, 40, 41, 32, 33, 34, 25, 16, 7, 6, 5, 14, 13, 12, 3, 2, 1, 0]
[00:00:01:49:948] Path of length 39 found: [71, 62, 53, 52, 51, 60, 59, 58, 67, 66, 65, 64, 55, 46, 37, 36, 27, 18, 19, 20, 29, 30, 39, 40, 41, 32, 33, 34, 25, 16, 7, 6, 5, 14, 13, 12, 3, 2, 1, 0]
[00:00:01:49:949] ! Unidirectional t-s. expansions: 26,781, time: 109,948 [ms], path length: 39 [edges], generated: 49,874
[00:00:00:00:155] Expansion 16:New longest path found with length 31: [0, 9, 18, 19, 28, 37, 46, 55, 64, 65, 66, 57, 58, 59, 50, 41, 40, 31, 22, 13, 4, 5, 6, 7, 16, 25, 34, 43, 52, 61, 62, 71]
[00:00:00:01:670] Expansion 275:New longest path found with length 33: [0, 9, 18, 19, 28, 29, 38, 47, 46, 55, 64, 65, 66, 57, 58, 59, 50, 41, 40, 31, 22, 13, 4, 5, 6, 15, 24, 33, 34, 43, 52, 61, 62, 71]
[00:00:00:02:092] Expansion 333:New longest path found with length 35: [0, 9, 18, 19, 28, 29, 30, 39, 48, 47, 46, 55, 64, 65, 66, 67, 58, 59, 50, 41, 32, 23, 22, 13, 4, 5, 6, 7, 16, 25, 34, 43, 52, 61, 62, 71]
[00:00:00:06:833] Expansion 1,040:New longest path found with length 37: [0, 9, 18, 27, 28, 29, 20, 11, 2, 3, 4, 13, 14, 15, 16, 25, 34, 33, 32, 31, 40, 39, 48, 47, 46, 55, 64, 65, 66, 67, 58, 59, 50, 51, 52, 61, 62, 71]
[00:00:00:59:777] Expansion 7,726:New longest path found with length 39: [0, 1, 2, 11, 20, 19, 18, 27, 36, 37, 46, 55, 64, 65, 66, 57, 58, 49, 40, 41, 32, 23, 22, 13, 4, 5, 6, 7, 16, 25, 34, 35, 44, 53, 52, 51, 60, 69, 70, 71]
[00:00:01:21:933] Path of length 39 found: [0, 1, 2, 11, 20, 19, 18, 27, 36, 37, 46, 55, 64, 65, 66, 57, 58, 49, 40, 41, 32, 23, 22, 13, 4, 5, 6, 7, 16, 25, 34, 35, 44, 53, 52, 51, 60, 69, 70, 71]
[00:00:01:22:352] ! Bidirectional. expansions: 10,327, time: 81,934 [ms], path length: 39 [edges], g_F: 20, g_B: 19, generated: {'F': 20,297, 'B': 20,494}, MM: 1, MMPER: 1.5%
[00:00:01:22:352] 
---------- SM_Grids/8x9_grid_with_random_blocks_8per_7 ----------
[00:00:00:00:938] Expansion 389: New longest path found with length 23: [0, 9, 18, 27, 28, 29, 20, 11, 2, 3, 4, 5, 14, 23, 24, 25, 26, 35, 44, 43, 52, 61, 70, 71]
[00:00:00:02:090] Expansion 869: New longest path found with length 33: [0, 9, 18, 27, 28, 29, 20, 11, 2, 3, 4, 5, 14, 23, 22, 31, 40, 39, 48, 47, 46, 45, 54, 63, 64, 65, 66, 67, 58, 59, 60, 61, 70, 71]
[00:00:00:03:458] Expansion 1,491: New longest path found with length 35: [0, 9, 18, 27, 28, 29, 20, 11, 2, 3, 4, 5, 14, 15, 24, 33, 32, 31, 40, 39, 48, 47, 46, 45, 54, 63, 64, 65, 66, 67, 58, 59, 60, 61, 70, 71]
[00:00:00:04:181] Expansion 1,818: New longest path found with length 39: [0, 9, 18, 27, 28, 29, 20, 11, 2, 3, 4, 5, 6, 7, 8, 17, 26, 25, 24, 23, 22, 31, 40, 39, 48, 47, 46, 45, 54, 63, 64, 65, 66, 67, 58, 59, 60, 61, 70, 71]
[00:00:01:55:567] Path of length 39 found: [0, 9, 18, 27, 28, 29, 20, 11, 2, 3, 4, 5, 6, 7, 8, 17, 26, 25, 24, 23, 22, 31, 40, 39, 48, 47, 46, 45, 54, 63, 64, 65, 66, 67, 58, 59, 60, 61, 70, 71]
[00:00:01:55:567] ! Unidirectional s-t. expansions: 33,217, time: 115,567 [ms], path length: 39 [edges], generated: 56,099
[00:00:00:00:314] Expansion 32: New longest path found with length 33: [71, 62, 53, 44, 35, 26, 17, 8, 7, 6, 5, 14, 23, 22, 31, 40, 41, 50, 59, 68, 67, 66, 57, 56, 55, 46, 37, 38, 29, 20, 11, 2, 1, 0]
[00:00:00:00:671] Expansion 177: New longest path found with length 35: [71, 62, 53, 44, 35, 26, 17, 8, 7, 6, 5, 14, 23, 22, 31, 40, 41, 50, 59, 68, 67, 66, 65, 64, 63, 54, 45, 46, 47, 38, 29, 20, 11, 2, 1, 0]
[00:00:00:02:107] Expansion 688: New longest path found with length 37: [71, 62, 53, 44, 35, 26, 17, 8, 7, 6, 5, 14, 23, 22, 31, 30, 39, 48, 49, 50, 59, 68, 67, 66, 65, 64, 63, 54, 45, 46, 37, 28, 19, 20, 11, 2, 1, 0]
[00:00:00:39:975] Expansion 11,603: New longest path found with length 39: [71, 62, 61, 52, 43, 44, 35, 26, 17, 8, 7, 6, 5, 14, 13, 22, 31, 30, 39, 48, 49, 50, 59, 68, 67, 66, 65, 64, 63, 54, 45, 46, 37, 28, 19, 20, 11, 2, 1, 0]
[00:00:02:50:977] Path of length 39 found: [71, 62, 61, 52, 43, 44, 35, 26, 17, 8, 7, 6, 5, 14, 13, 22, 31, 30, 39, 48, 49, 50, 59, 68, 67, 66, 65, 64, 63, 54, 45, 46, 37, 28, 19, 20, 11, 2, 1, 0]
[00:00:02:50:977] ! Unidirectional t-s. expansions: 49,715, time: 170,977 [ms], path length: 39 [edges], generated: 83,435
[00:00:00:00:105] Expansion 13:New longest path found with length 27: [0, 9, 18, 27, 28, 29, 20, 11, 2, 3, 4, 13, 22, 31, 32, 33, 24, 15, 6, 7, 8, 17, 26, 35, 44, 53, 62, 71]
[00:00:00:00:359] Expansion 58:New longest path found with length 31: [0, 9, 18, 27, 28, 29, 38, 39, 48, 57, 66, 67, 68, 59, 50, 41, 32, 23, 22, 13, 4, 5, 6, 7, 8, 17, 26, 35, 44, 53, 62, 71]
[00:00:00:00:619] Expansion 105:New longest path found with length 35: [0, 9, 18, 27, 28, 29, 38, 47, 46, 45, 54, 63, 64, 65, 66, 67, 68, 59, 50, 41, 32, 23, 22, 13, 4, 5, 6, 7, 8, 17, 26, 35, 44, 53, 62, 71]
[00:00:00:01:368] Expansion 270:New longest path found with length 37: [0, 9, 18, 27, 28, 29, 30, 39, 48, 47, 46, 45, 54, 63, 64, 65, 66, 67, 58, 59, 50, 41, 32, 23, 22, 13, 4, 5, 6, 7, 8, 17, 26, 35, 44, 53, 62, 71]
[00:00:00:10:109] Expansion 1,726:New longest path found with length 39: [0, 9, 18, 27, 28, 29, 30, 39, 48, 47, 46, 45, 54, 63, 64, 65, 66, 67, 58, 59, 50, 41, 32, 23, 22, 13, 4, 5, 6, 7, 8, 17, 26, 35, 44, 43, 52, 61, 62, 71]
[00:00:01:04:116] Path of length 39 found: [0, 9, 18, 27, 28, 29, 30, 39, 48, 47, 46, 45, 54, 63, 64, 65, 66, 67, 58, 59, 50, 41, 32, 23, 22, 13, 4, 5, 6, 7, 8, 17, 26, 35, 44, 43, 52, 61, 62, 71]
[00:00:01:04:537] ! Bidirectional. expansions: 10,402, time: 64,116 [ms], path length: 39 [edges], g_F: 20, g_B: 19, generated: {'F': 18,295, 'B': 18,547}, MM: 1, MMPER: 1.5%
[00:00:01:04:537] 
---------- SM_Grids/8x9_grid_with_random_blocks_8per_8 ----------
[00:00:00:00:193] Expansion 55: New longest path found with length 33: [0, 9, 18, 19, 20, 11, 2, 3, 4, 5, 14, 23, 22, 31, 30, 39, 38, 37, 36, 45, 54, 63, 64, 65, 56, 57, 58, 49, 50, 51, 52, 61, 70, 71]
[00:00:00:00:302] Expansion 115: New longest path found with length 35: [0, 9, 18, 19, 20, 11, 2, 3, 4, 5, 14, 23, 22, 31, 30, 39, 38, 37, 36, 45, 54, 63, 64, 65, 56, 57, 58, 67, 68, 69, 60, 51, 52, 53, 62, 71]
[00:00:00:01:054] Expansion 387: New longest path found with length 39: [0, 9, 18, 19, 20, 11, 2, 3, 4, 5, 14, 23, 24, 25, 26, 35, 44, 43, 52, 51, 50, 41, 40, 39, 38, 37, 36, 45, 54, 63, 64, 65, 56, 57, 58, 67, 68, 69, 70, 71]
[00:00:00:01:938] Expansion 650: New longest path found with length 41: [0, 9, 18, 19, 20, 11, 2, 3, 4, 5, 14, 15, 16, 17, 26, 35, 34, 33, 32, 31, 30, 39, 38, 37, 36, 45, 54, 63, 64, 65, 56, 57, 58, 67, 68, 69, 60, 51, 52, 53, 62, 71]
[00:00:00:04:321] Expansion 1,420: New longest path found with length 43: [0, 9, 18, 19, 20, 11, 2, 3, 4, 5, 6, 7, 8, 17, 26, 35, 34, 33, 24, 23, 22, 31, 30, 39, 38, 37, 36, 45, 54, 63, 64, 65, 56, 57, 58, 67, 68, 69, 60, 51, 52, 53, 62, 71]
[00:00:00:38:656] Path of length 43 found: [0, 9, 18, 19, 20, 11, 2, 3, 4, 5, 6, 7, 8, 17, 26, 35, 34, 33, 24, 23, 22, 31, 30, 39, 38, 37, 36, 45, 54, 63, 64, 65, 56, 57, 58, 67, 68, 69, 60, 51, 52, 53, 62, 71]
[00:00:00:38:656] ! Unidirectional s-t. expansions: 9,474, time: 38,656 [ms], path length: 43 [edges], generated: 15,452
[00:00:00:03:998] Expansion 2,107: New longest path found with length 21: [71, 62, 53, 44, 43, 34, 25, 26, 17, 8, 7, 6, 15, 14, 13, 4, 3, 2, 11, 10, 9, 0]
[00:00:00:04:062] Expansion 2,131: New longest path found with length 43: [71, 62, 53, 44, 43, 34, 25, 26, 17, 8, 7, 6, 15, 14, 13, 4, 3, 2, 11, 20, 21, 30, 31, 32, 41, 50, 51, 60, 69, 68, 67, 58, 57, 56, 65, 64, 63, 54, 45, 36, 27, 18, 9, 0]
[00:00:00:41:543] Path of length 43 found: [71, 62, 53, 44, 43, 34, 25, 26, 17, 8, 7, 6, 15, 14, 13, 4, 3, 2, 11, 20, 21, 30, 31, 32, 41, 50, 51, 60, 69, 68, 67, 58, 57, 56, 65, 64, 63, 54, 45, 36, 27, 18, 9, 0]
[00:00:00:41:543] ! Unidirectional t-s. expansions: 10,665, time: 41,543 [ms], path length: 43 [edges], generated: 17,074
[00:00:00:00:097] Expansion 12:New longest path found with length 19: [0, 9, 18, 19, 20, 11, 2, 3, 4, 5, 6, 7, 16, 25, 34, 43, 44, 53, 62, 71]
[00:00:00:00:142] Expansion 26:New longest path found with length 23: [0, 9, 18, 19, 20, 11, 2, 3, 4, 13, 14, 15, 6, 7, 8, 17, 26, 25, 34, 43, 44, 53, 62, 71]
[00:00:00:00:253] Expansion 48:New longest path found with length 41: [0, 9, 18, 19, 20, 29, 38, 37, 36, 45, 54, 63, 64, 65, 56, 57, 58, 67, 68, 69, 60, 51, 50, 41, 32, 23, 22, 13, 4, 5, 6, 7, 8, 17, 26, 25, 34, 43, 44, 53, 62, 71]
[00:00:00:01:150] Expansion 192:New longest path found with length 43: [0, 9, 18, 19, 20, 11, 2, 3, 4, 13, 14, 15, 6, 7, 8, 17, 26, 25, 34, 33, 32, 31, 30, 39, 38, 37, 36, 45, 54, 63, 64, 65, 56, 57, 58, 67, 68, 69, 60, 51, 52, 53, 62, 71]
[00:00:00:20:373] Path of length 43 found: [0, 9, 18, 19, 20, 11, 2, 3, 4, 13, 14, 15, 6, 7, 8, 17, 26, 25, 34, 33, 32, 31, 30, 39, 38, 37, 36, 45, 54, 63, 64, 65, 56, 57, 58, 67, 68, 69, 60, 51, 52, 53, 62, 71]
[00:00:00:20:794] ! Bidirectional. expansions: 3,087, time: 20,373 [ms], path length: 43 [edges], g_F: 22, g_B: 21, generated: {'F': 5,121, 'B': 5,382}, MM: 1, MMPER: 1.272727272727273%
[00:00:00:20:794] 
---------- SM_Grids/8x9_grid_with_random_blocks_8per_9 ----------
[00:00:00:04:681] Expansion 1,752: New longest path found with length 19: [0, 9, 10, 11, 2, 3, 4, 5, 6, 7, 16, 25, 34, 35, 44, 53, 52, 61, 70, 71]
[00:00:00:04:759] Expansion 1,776: New longest path found with length 37: [0, 9, 10, 11, 2, 3, 4, 5, 6, 7, 16, 25, 34, 33, 32, 31, 40, 49, 48, 47, 38, 37, 36, 45, 54, 63, 64, 65, 66, 67, 68, 59, 60, 51, 52, 53, 62, 71]
[00:00:00:07:709] Expansion 2,415: New longest path found with length 39: [0, 9, 10, 11, 20, 21, 22, 13, 4, 5, 6, 7, 16, 25, 34, 33, 32, 41, 40, 49, 48, 47, 38, 37, 36, 45, 54, 63, 64, 65, 66, 67, 68, 59, 60, 51, 52, 53, 62, 71]
[00:00:03:01:330] Path of length 39 found: [0, 9, 10, 11, 20, 21, 22, 13, 4, 5, 6, 7, 16, 25, 34, 33, 32, 41, 40, 49, 48, 47, 38, 37, 36, 45, 54, 63, 64, 65, 66, 67, 68, 59, 60, 51, 52, 53, 62, 71]
[00:00:03:01:330] ! Unidirectional s-t. expansions: 46,191, time: 181,330 [ms], path length: 39 [edges], generated: 79,979
[00:00:00:00:117] Expansion 20: New longest path found with length 21: [71, 70, 61, 52, 53, 44, 35, 34, 25, 16, 7, 6, 5, 14, 23, 22, 21, 12, 3, 2, 1, 0]
[00:00:00:06:479] Expansion 2,775: New longest path found with length 35: [71, 70, 61, 52, 53, 44, 35, 34, 25, 16, 7, 6, 5, 14, 23, 22, 31, 40, 41, 50, 59, 68, 67, 66, 57, 48, 47, 46, 45, 36, 27, 18, 19, 10, 1, 0]
[00:00:00:06:486] Expansion 2,779: New longest path found with length 37: [71, 70, 61, 52, 53, 44, 35, 34, 25, 16, 7, 6, 5, 14, 23, 22, 31, 40, 41, 50, 59, 68, 67, 66, 57, 48, 47, 46, 45, 36, 27, 18, 19, 20, 11, 2, 1, 0]
[00:00:00:09:135] Expansion 3,886: New longest path found with length 39: [71, 70, 61, 52, 53, 44, 35, 34, 25, 16, 7, 6, 5, 14, 23, 32, 31, 40, 49, 50, 59, 68, 67, 66, 57, 56, 55, 54, 45, 36, 27, 18, 19, 20, 21, 12, 3, 2, 1, 0]
[00:00:02:08:322] Path of length 39 found: [71, 70, 61, 52, 53, 44, 35, 34, 25, 16, 7, 6, 5, 14, 23, 32, 31, 40, 49, 50, 59, 68, 67, 66, 57, 56, 55, 54, 45, 36, 27, 18, 19, 20, 21, 12, 3, 2, 1, 0]
[00:00:02:08:322] ! Unidirectional t-s. expansions: 33,543, time: 128,322 [ms], path length: 39 [edges], generated: 59,088
[00:00:00:00:097] Expansion 11:New longest path found with length 21: [0, 9, 10, 19, 20, 21, 12, 3, 4, 5, 14, 15, 24, 33, 34, 35, 44, 53, 52, 61, 70, 71]
[00:00:00:00:472] Expansion 158:New longest path found with length 23: [0, 9, 10, 19, 20, 21, 30, 31, 32, 23, 14, 5, 6, 7, 16, 25, 34, 35, 44, 53, 52, 61, 70, 71]
[00:00:00:00:586] Expansion 177:New longest path found with length 37: [0, 9, 10, 19, 28, 27, 36, 45, 54, 63, 64, 65, 56, 47, 48, 49, 50, 41, 32, 31, 30, 21, 12, 3, 4, 5, 6, 7, 16, 25, 34, 35, 44, 53, 52, 61, 70, 71]
[00:00:00:11:934] Expansion 2,102:New longest path found with length 39: [0, 9, 18, 27, 28, 37, 46, 45, 54, 63, 64, 65, 56, 57, 58, 59, 50, 41, 32, 23, 22, 21, 20, 11, 2, 3, 4, 5, 6, 7, 16, 25, 34, 35, 44, 53, 52, 61, 70, 71]
[00:00:00:48:574] Path of length 39 found: [0, 9, 18, 27, 28, 37, 46, 45, 54, 63, 64, 65, 56, 57, 58, 59, 50, 41, 32, 23, 22, 21, 20, 11, 2, 3, 4, 5, 6, 7, 16, 25, 34, 35, 44, 53, 52, 61, 70, 71]
[00:00:00:48:996] ! Bidirectional. expansions: 7,091, time: 48,574 [ms], path length: 39 [edges], g_F: 20, g_B: 19, generated: {'F': 12,718, 'B': 13,831}, MM: 1, MMPER: 1.5%

[00:00:00:48:996] average expansions: (19,675, 19,949, 6,635, 0)
[00:00:00:48:996] average time: (79,657, 79,716, 42,634, 0)
[00:00:00:48:996] X-DFBnB: 19,675 , 79,657 (expansions , time[ms])
[00:00:00:48:996] BiX-DFBnB: 6,635 , 42,634 (expansions , time[ms])

