Wed 18 Mar 2026 10:41:07 IST

SLURM_JOBID:		 16051557
SLURM_JOB_NODELIST:	 ise-cpu256-01 

--------------------------
date: SM_Grids
number_of_graphs: 10
graph_type: grid
size_of_graphs: [8, 9]
heuristic: bcc_heuristic
snake: True
run_uni: True
run_bi: True
run_multi: False
solution_vertices: []
algorithms: ['DFBnB']
bsd: False
cube_first_dims: 4
cube_buffer_dim: None
backward_sym_generation: False
sym_coil: False
prefix_set: None

---------- SM_Grids/8x9_grid_with_random_blocks_12per_0 ----------
[00:00:00:00:136] Expansion 34: New longest path found with length 35: [0, 9, 18, 27, 36, 45, 46, 55, 56, 57, 66, 67, 68, 59, 50, 49, 40, 39, 30, 21, 12, 3, 4, 5, 14, 15, 16, 17, 26, 35, 34, 43, 52, 61, 70, 71]
[00:00:00:00:166] Expansion 50: New longest path found with length 37: [0, 9, 18, 27, 36, 45, 46, 55, 56, 57, 66, 67, 68, 59, 50, 49, 40, 39, 30, 21, 12, 3, 4, 5, 6, 7, 8, 17, 26, 25, 24, 33, 42, 43, 52, 61, 70, 71]
[00:00:00:23:939] Expansion 5,661: New longest path found with length 39: [0, 9, 10, 19, 28, 27, 36, 45, 46, 55, 56, 57, 66, 67, 68, 59, 50, 49, 40, 39, 30, 21, 12, 3, 4, 5, 6, 7, 8, 17, 26, 25, 24, 33, 42, 43, 52, 61, 70, 71]
[00:00:00:30:499] Expansion 7,246: New longest path found with length 41: [0, 9, 10, 11, 2, 3, 4, 13, 14, 15, 6, 7, 8, 17, 26, 25, 34, 33, 32, 31, 40, 39, 38, 29, 28, 27, 36, 45, 46, 55, 56, 57, 66, 67, 68, 59, 50, 51, 52, 61, 70, 71]
[00:00:00:44:185] Path of length 41 found: [0, 9, 10, 11, 2, 3, 4, 13, 14, 15, 6, 7, 8, 17, 26, 25, 34, 33, 32, 31, 40, 39, 38, 29, 28, 27, 36, 45, 46, 55, 56, 57, 66, 67, 68, 59, 50, 51, 52, 61, 70, 71]
[00:00:00:44:186] ! Unidirectional s-t. expansions: 9,733, time: 44,185 [ms], path length: 41 [edges], generated: 17,357
[00:00:00:00:216] Expansion 30: New longest path found with length 29: [71, 62, 53, 52, 43, 34, 35, 26, 17, 8, 7, 6, 5, 14, 13, 22, 21, 30, 29, 38, 47, 46, 45, 36, 27, 18, 19, 10, 1, 0]
[00:00:00:00:276] Expansion 52: New longest path found with length 37: [71, 62, 53, 52, 43, 34, 35, 26, 17, 8, 7, 6, 5, 14, 13, 22, 21, 30, 39, 40, 49, 50, 59, 68, 67, 66, 57, 56, 47, 46, 37, 36, 27, 18, 19, 10, 1, 0]
[00:00:00:12:468] Expansion 3,624: New longest path found with length 39: [71, 62, 53, 52, 43, 42, 33, 24, 25, 26, 17, 8, 7, 6, 5, 14, 13, 12, 21, 30, 31, 40, 49, 50, 59, 68, 67, 66, 57, 56, 47, 38, 37, 36, 27, 18, 19, 10, 1, 0]
[00:00:00:19:717] Expansion 5,503: New longest path found with length 41: [71, 62, 53, 52, 51, 60, 59, 68, 67, 66, 57, 56, 47, 46, 45, 36, 27, 28, 29, 30, 39, 40, 41, 32, 33, 34, 35, 26, 17, 8, 7, 6, 15, 14, 13, 4, 3, 2, 11, 10, 9, 0]
[00:00:00:32:868] Path of length 41 found: [71, 62, 53, 52, 51, 60, 59, 68, 67, 66, 57, 56, 47, 46, 45, 36, 27, 28, 29, 30, 39, 40, 41, 32, 33, 34, 35, 26, 17, 8, 7, 6, 15, 14, 13, 4, 3, 2, 11, 10, 9, 0]
[00:00:00:32:869] ! Unidirectional t-s. expansions: 8,222, time: 32,869 [ms], path length: 41 [edges], generated: 13,929
[00:00:00:00:131] Expansion 19:New longest path found with length 37: [0, 1, 10, 19, 18, 27, 36, 45, 46, 47, 38, 29, 30, 21, 12, 3, 4, 5, 6, 7, 8, 17, 26, 25, 34, 33, 32, 41, 40, 49, 58, 59, 60, 51, 52, 53, 62, 71]
[00:00:00:00:203] Expansion 37:New longest path found with length 39: [0, 1, 10, 19, 18, 27, 36, 37, 38, 29, 30, 21, 12, 3, 4, 5, 14, 15, 16, 17, 26, 35, 34, 33, 32, 41, 40, 49, 48, 57, 66, 67, 68, 59, 60, 51, 52, 53, 62, 71]
[00:00:00:17:931] Expansion 2,661:New longest path found with length 41: [0, 9, 10, 11, 2, 3, 4, 13, 14, 15, 6, 7, 8, 17, 26, 25, 34, 33, 32, 31, 40, 39, 38, 29, 28, 27, 36, 45, 46, 55, 56, 57, 66, 67, 68, 59, 60, 51, 52, 53, 62, 71]
[00:00:00:20:902] Path of length 41 found: [0, 9, 10, 11, 2, 3, 4, 13, 14, 15, 6, 7, 8, 17, 26, 25, 34, 33, 32, 31, 40, 39, 38, 29, 28, 27, 36, 45, 46, 55, 56, 57, 66, 67, 68, 59, 60, 51, 52, 53, 62, 71]
[00:00:00:21:413] ! Bidirectional. expansions: 2,978, time: 20,902 [ms], path length: 41 [edges], g_F: 21, g_B: 20, generated: {'F': 5,053, 'B': 5,343}, MM: 1, MMPER: 1.380952380952381%
[00:00:00:21:413] 
---------- SM_Grids/8x9_grid_with_random_blocks_12per_1 ----------
[00:00:00:00:140] Expansion 27: New longest path found with length 27: [0, 9, 10, 19, 20, 21, 12, 3, 4, 5, 14, 15, 24, 33, 32, 31, 40, 39, 48, 57, 58, 59, 50, 51, 52, 53, 62, 71]
[00:00:00:00:523] Expansion 111: New longest path found with length 29: [0, 9, 10, 19, 20, 21, 12, 3, 4, 5, 6, 15, 24, 23, 32, 31, 40, 39, 48, 57, 58, 59, 50, 51, 42, 43, 44, 53, 62, 71]
[00:00:00:00:766] Expansion 166: New longest path found with length 31: [0, 9, 10, 19, 20, 21, 12, 3, 4, 5, 6, 7, 16, 25, 24, 23, 32, 31, 40, 39, 48, 57, 58, 59, 50, 51, 42, 43, 44, 53, 62, 71]
[00:00:00:00:998] Expansion 222: New longest path found with length 33: [0, 9, 10, 19, 20, 21, 12, 3, 4, 5, 6, 7, 8, 17, 26, 25, 24, 23, 32, 31, 40, 39, 48, 57, 58, 59, 50, 51, 42, 43, 44, 53, 62, 71]
[00:00:00:33:230] Path of length 33 found: [0, 9, 10, 19, 20, 21, 12, 3, 4, 5, 6, 7, 8, 17, 26, 25, 24, 23, 32, 31, 40, 39, 48, 57, 58, 59, 50, 51, 42, 43, 44, 53, 62, 71]
[00:00:00:33:230] ! Unidirectional s-t. expansions: 6,642, time: 33,230 [ms], path length: 33 [edges], generated: 13,259
[00:00:00:00:142] Expansion 28: New longest path found with length 29: [71, 62, 53, 44, 43, 42, 51, 60, 59, 58, 49, 48, 47, 56, 65, 64, 63, 54, 45, 36, 27, 28, 29, 20, 21, 12, 3, 2, 1, 0]
[00:00:00:00:720] Expansion 225: New longest path found with length 31: [71, 62, 53, 44, 43, 42, 51, 60, 59, 58, 49, 40, 31, 32, 23, 24, 25, 26, 17, 8, 7, 6, 5, 4, 13, 12, 21, 20, 19, 10, 1, 0]
[00:00:00:01:146] Expansion 348: New longest path found with length 33: [71, 62, 53, 44, 43, 42, 51, 60, 59, 58, 57, 48, 39, 40, 31, 32, 23, 24, 25, 26, 17, 8, 7, 6, 5, 4, 13, 12, 21, 20, 19, 10, 1, 0]
[00:00:00:58:323] Path of length 33 found: [71, 62, 53, 44, 43, 42, 51, 60, 59, 58, 57, 48, 39, 40, 31, 32, 23, 24, 25, 26, 17, 8, 7, 6, 5, 4, 13, 12, 21, 20, 19, 10, 1, 0]
[00:00:00:58:323] ! Unidirectional t-s. expansions: 14,259, time: 58,323 [ms], path length: 33 [edges], generated: 25,854
[00:00:00:00:113] Expansion 13:New longest path found with length 27: [0, 9, 10, 19, 20, 21, 12, 3, 4, 5, 14, 23, 32, 31, 40, 39, 48, 57, 58, 59, 60, 51, 42, 43, 44, 53, 62, 71]
[00:00:00:00:136] Expansion 19:New longest path found with length 33: [0, 9, 10, 19, 20, 21, 12, 3, 4, 5, 6, 7, 8, 17, 26, 25, 24, 23, 32, 31, 40, 39, 48, 57, 58, 59, 60, 51, 42, 43, 44, 53, 62, 71]
[00:00:00:07:528] Path of length 33 found: [0, 9, 10, 19, 20, 21, 12, 3, 4, 5, 6, 7, 8, 17, 26, 25, 24, 23, 32, 31, 40, 39, 48, 57, 58, 59, 60, 51, 42, 43, 44, 53, 62, 71]
[00:00:00:08:009] ! Bidirectional. expansions: 808, time: 7,528 [ms], path length: 33 [edges], g_F: 17, g_B: 16, generated: {'F': 1,475, 'B': 1,835}, MM: 1, MMPER: 1.9411764705882355%
[00:00:00:08:009] 
---------- SM_Grids/8x9_grid_with_random_blocks_12per_2 ----------
[00:00:00:00:134] Expansion 26: New longest path found with length 27: [0, 1, 10, 19, 28, 29, 30, 21, 22, 23, 32, 41, 40, 49, 48, 47, 46, 45, 54, 63, 64, 65, 66, 67, 68, 69, 70, 71]
[00:00:00:00:442] Expansion 118: New longest path found with length 37: [0, 1, 10, 19, 28, 29, 30, 21, 22, 23, 24, 15, 6, 7, 8, 17, 26, 35, 34, 43, 52, 51, 50, 49, 48, 47, 46, 45, 54, 63, 64, 65, 66, 67, 68, 69, 70, 71]
[00:00:00:09:428] Expansion 2,167: New longest path found with length 39: [0, 1, 2, 3, 12, 21, 20, 29, 38, 47, 46, 45, 54, 63, 64, 65, 66, 67, 68, 59, 50, 49, 40, 31, 32, 23, 24, 15, 6, 7, 8, 17, 26, 35, 34, 43, 52, 61, 70, 71]
[00:00:00:12:988] Path of length 39 found: [0, 1, 2, 3, 12, 21, 20, 29, 38, 47, 46, 45, 54, 63, 64, 65, 66, 67, 68, 59, 50, 49, 40, 31, 32, 23, 24, 15, 6, 7, 8, 17, 26, 35, 34, 43, 52, 61, 70, 71]
[00:00:00:12:988] ! Unidirectional s-t. expansions: 2,842, time: 12,988 [ms], path length: 39 [edges], generated: 4,737
[00:00:00:00:139] Expansion 27: New longest path found with length 21: [71, 70, 61, 52, 53, 44, 35, 34, 25, 24, 23, 32, 31, 40, 39, 38, 29, 28, 19, 10, 1, 0]
[00:00:00:00:159] Expansion 33: New longest path found with length 23: [71, 70, 61, 52, 53, 44, 35, 34, 25, 24, 23, 32, 31, 40, 39, 38, 29, 20, 21, 12, 3, 2, 1, 0]
[00:00:00:00:230] Expansion 56: New longest path found with length 29: [71, 70, 61, 52, 53, 44, 35, 34, 25, 24, 23, 32, 31, 40, 49, 50, 59, 68, 67, 66, 57, 56, 47, 38, 29, 28, 19, 10, 1, 0]
[00:00:00:00:245] Expansion 62: New longest path found with length 31: [71, 70, 61, 52, 53, 44, 35, 34, 25, 24, 23, 32, 31, 40, 49, 50, 59, 68, 67, 66, 57, 56, 47, 38, 29, 20, 21, 12, 3, 2, 1, 0]
[00:00:00:00:298] Expansion 83: New longest path found with length 33: [71, 70, 61, 52, 53, 44, 35, 34, 25, 24, 23, 32, 31, 40, 49, 50, 59, 68, 67, 66, 65, 64, 63, 54, 45, 46, 47, 38, 29, 28, 19, 10, 1, 0]
[00:00:00:00:311] Expansion 89: New longest path found with length 35: [71, 70, 61, 52, 53, 44, 35, 34, 25, 24, 23, 32, 31, 40, 49, 50, 59, 68, 67, 66, 65, 64, 63, 54, 45, 46, 47, 38, 29, 20, 21, 12, 3, 2, 1, 0]
[00:00:00:01:642] Expansion 488: New longest path found with length 37: [71, 70, 61, 52, 53, 44, 35, 26, 17, 8, 7, 6, 15, 24, 23, 32, 31, 40, 49, 50, 59, 68, 67, 66, 65, 64, 63, 54, 45, 46, 47, 38, 29, 28, 19, 10, 1, 0]
[00:00:00:01:653] Expansion 494: New longest path found with length 39: [71, 70, 61, 52, 53, 44, 35, 26, 17, 8, 7, 6, 15, 24, 23, 32, 31, 40, 49, 50, 59, 68, 67, 66, 65, 64, 63, 54, 45, 46, 47, 38, 29, 20, 21, 12, 3, 2, 1, 0]
[00:00:00:17:090] Path of length 39 found: [71, 70, 61, 52, 53, 44, 35, 26, 17, 8, 7, 6, 15, 24, 23, 32, 31, 40, 49, 50, 59, 68, 67, 66, 65, 64, 63, 54, 45, 46, 47, 38, 29, 20, 21, 12, 3, 2, 1, 0]
[00:00:00:17:091] ! Unidirectional t-s. expansions: 4,764, time: 17,091 [ms], path length: 39 [edges], generated: 7,938
[00:00:00:00:420] Expansion 152:New longest path found with length 21: [0, 1, 10, 19, 28, 29, 30, 39, 40, 41, 32, 23, 24, 25, 34, 35, 44, 53, 52, 61, 70, 71]
[00:00:00:00:459] Expansion 160:New longest path found with length 33: [0, 1, 10, 19, 28, 29, 30, 39, 48, 47, 46, 45, 54, 63, 64, 65, 66, 67, 58, 59, 50, 41, 32, 23, 24, 25, 34, 35, 44, 53, 52, 61, 70, 71]
[00:00:00:00:527] Expansion 174:New longest path found with length 37: [0, 1, 10, 19, 28, 29, 30, 39, 48, 47, 46, 45, 54, 63, 64, 65, 66, 67, 58, 59, 50, 41, 32, 23, 24, 15, 6, 7, 8, 17, 26, 35, 44, 53, 52, 61, 70, 71]
[00:00:00:03:381] Expansion 508:New longest path found with length 39: [0, 1, 2, 3, 12, 21, 20, 29, 38, 47, 46, 45, 54, 63, 64, 65, 66, 67, 68, 59, 50, 49, 40, 31, 32, 23, 24, 15, 6, 7, 8, 17, 26, 35, 44, 53, 52, 61, 70, 71]
[00:00:00:05:888] Path of length 39 found: [0, 1, 2, 3, 12, 21, 20, 29, 38, 47, 46, 45, 54, 63, 64, 65, 66, 67, 68, 59, 50, 49, 40, 31, 32, 23, 24, 15, 6, 7, 8, 17, 26, 35, 44, 53, 52, 61, 70, 71]
[00:00:00:06:361] ! Bidirectional. expansions: 765, time: 5,888 [ms], path length: 39 [edges], g_F: 20, g_B: 19, generated: {'F': 1,547, 'B': 1,199}, MM: 1, MMPER: 1.5%
[00:00:00:06:361] 
---------- SM_Grids/8x9_grid_with_random_blocks_12per_3 ----------
[00:00:00:00:157] Expansion 31: New longest path found with length 31: [0, 9, 18, 27, 36, 37, 46, 55, 64, 65, 66, 57, 48, 39, 30, 31, 22, 13, 4, 5, 6, 7, 16, 25, 34, 43, 52, 51, 60, 69, 70, 71]
[00:00:00:00:279] Expansion 65: New longest path found with length 33: [0, 9, 18, 27, 36, 37, 46, 55, 64, 65, 66, 57, 48, 39, 30, 29, 20, 11, 2, 3, 4, 5, 6, 7, 16, 25, 34, 43, 52, 51, 60, 69, 70, 71]
[00:00:00:00:648] Expansion 190: New longest path found with length 35: [0, 9, 18, 27, 36, 37, 46, 55, 64, 65, 66, 57, 48, 39, 40, 31, 22, 21, 20, 11, 2, 3, 4, 5, 6, 7, 16, 25, 34, 43, 52, 51, 60, 69, 70, 71]
[00:00:00:48:728] Expansion 16,470: New longest path found with length 37: [0, 9, 18, 27, 28, 37, 46, 45, 54, 63, 64, 65, 56, 57, 48, 39, 40, 31, 22, 21, 20, 11, 2, 3, 4, 5, 6, 7, 16, 25, 34, 43, 52, 51, 60, 69, 70, 71]
[00:00:01:14:653] Path of length 37 found: [0, 9, 18, 27, 28, 37, 46, 45, 54, 63, 64, 65, 56, 57, 48, 39, 40, 31, 22, 21, 20, 11, 2, 3, 4, 5, 6, 7, 16, 25, 34, 43, 52, 51, 60, 69, 70, 71]
[00:00:01:14:653] ! Unidirectional s-t. expansions: 24,350, time: 74,653 [ms], path length: 37 [edges], generated: 38,078
[00:00:00:00:162] Expansion 36: New longest path found with length 37: [71, 70, 61, 52, 43, 34, 25, 16, 7, 6, 5, 4, 3, 2, 11, 20, 21, 30, 31, 40, 41, 50, 59, 58, 57, 66, 65, 64, 63, 54, 45, 46, 37, 28, 27, 18, 9, 0]
[00:00:00:18:598] Path of length 37 found: [71, 70, 61, 52, 43, 34, 25, 16, 7, 6, 5, 4, 3, 2, 11, 20, 21, 30, 31, 40, 41, 50, 59, 58, 57, 66, 65, 64, 63, 54, 45, 46, 37, 28, 27, 18, 9, 0]
[00:00:00:18:598] ! Unidirectional t-s. expansions: 5,334, time: 18,598 [ms], path length: 37 [edges], generated: 8,891
[00:00:00:00:165] Expansion 34:New longest path found with length 29: [0, 9, 18, 27, 36, 45, 54, 63, 64, 65, 56, 47, 38, 39, 30, 21, 12, 13, 14, 5, 6, 7, 16, 25, 34, 43, 52, 61, 70, 71]
[00:00:00:00:217] Expansion 52:New longest path found with length 35: [0, 9, 18, 27, 36, 45, 54, 63, 64, 65, 56, 47, 48, 49, 50, 41, 32, 31, 30, 29, 20, 11, 12, 13, 14, 5, 6, 7, 16, 25, 34, 43, 52, 61, 70, 71]
[00:00:00:02:340] Expansion 517:New longest path found with length 37: [0, 9, 18, 27, 28, 37, 46, 45, 54, 63, 64, 65, 56, 57, 58, 59, 50, 41, 32, 31, 30, 21, 20, 11, 2, 3, 4, 5, 6, 7, 16, 25, 34, 43, 52, 61, 70, 71]
[00:00:00:12:307] Path of length 37 found: [0, 9, 18, 27, 28, 37, 46, 45, 54, 63, 64, 65, 56, 57, 58, 59, 50, 41, 32, 31, 30, 21, 20, 11, 2, 3, 4, 5, 6, 7, 16, 25, 34, 43, 52, 61, 70, 71]
[00:00:00:12:774] ! Bidirectional. expansions: 2,184, time: 12,307 [ms], path length: 37 [edges], g_F: 19, g_B: 18, generated: {'F': 4,043, 'B': 4,071}, MM: 1, MMPER: 1.6315789473684212%
[00:00:00:12:774] 
---------- SM_Grids/8x9_grid_with_random_blocks_12per_4 ----------
[00:00:00:00:163] Expansion 38: New longest path found with length 39: [0, 9, 18, 27, 36, 37, 46, 55, 64, 65, 66, 57, 48, 39, 40, 31, 22, 21, 20, 11, 2, 3, 4, 5, 14, 15, 16, 25, 26, 35, 44, 43, 52, 51, 50, 59, 68, 69, 70, 71]
[00:00:00:11:038] Path of length 39 found: [0, 9, 18, 27, 36, 37, 46, 55, 64, 65, 66, 57, 48, 39, 40, 31, 22, 21, 20, 11, 2, 3, 4, 5, 14, 15, 16, 25, 26, 35, 44, 43, 52, 51, 50, 59, 68, 69, 70, 71]
[00:00:00:11:039] ! Unidirectional s-t. expansions: 2,312, time: 11,038 [ms], path length: 39 [edges], generated: 4,136
[00:00:00:02:262] Expansion 995: New longest path found with length 19: [71, 62, 61, 52, 43, 44, 35, 26, 17, 16, 15, 14, 5, 4, 3, 2, 11, 10, 9, 0]
[00:00:00:02:319] Expansion 1,015: New longest path found with length 37: [71, 62, 61, 52, 43, 44, 35, 26, 17, 16, 15, 14, 5, 4, 3, 2, 11, 20, 21, 22, 31, 40, 41, 50, 59, 68, 67, 66, 57, 48, 47, 38, 37, 28, 27, 18, 9, 0]
[00:00:00:19:937] Expansion 5,948: New longest path found with length 39: [71, 70, 69, 68, 59, 50, 51, 52, 43, 44, 35, 26, 17, 16, 15, 14, 5, 4, 3, 2, 11, 20, 21, 22, 31, 40, 39, 48, 57, 66, 65, 64, 55, 46, 37, 28, 27, 18, 9, 0]
[00:00:00:20:556] Path of length 39 found: [71, 70, 69, 68, 59, 50, 51, 52, 43, 44, 35, 26, 17, 16, 15, 14, 5, 4, 3, 2, 11, 20, 21, 22, 31, 40, 39, 48, 57, 66, 65, 64, 55, 46, 37, 28, 27, 18, 9, 0]
[00:00:00:20:556] ! Unidirectional t-s. expansions: 6,098, time: 20,556 [ms], path length: 39 [edges], generated: 9,973
[00:00:00:00:128] Expansion 19:New longest path found with length 37: [0, 9, 18, 27, 36, 37, 46, 55, 64, 65, 66, 67, 68, 59, 50, 41, 40, 31, 22, 21, 20, 11, 2, 3, 4, 5, 14, 15, 16, 17, 26, 35, 44, 43, 52, 61, 62, 71]
[00:00:00:05:263] Expansion 829:New longest path found with length 39: [0, 9, 18, 27, 36, 37, 46, 55, 64, 65, 66, 57, 48, 39, 40, 31, 22, 21, 20, 11, 2, 3, 4, 5, 14, 15, 16, 17, 26, 35, 44, 43, 52, 51, 50, 59, 68, 69, 70, 71]
[00:00:00:08:523] Path of length 39 found: [0, 9, 18, 27, 36, 37, 46, 55, 64, 65, 66, 57, 48, 39, 40, 31, 22, 21, 20, 11, 2, 3, 4, 5, 14, 15, 16, 17, 26, 35, 44, 43, 52, 51, 50, 59, 68, 69, 70, 71]
[00:00:00:09:029] ! Bidirectional. expansions: 1,205, time: 8,523 [ms], path length: 39 [edges], g_F: 20, g_B: 19, generated: {'F': 2,301, 'B': 2,052}, MM: 1, MMPER: 1.5%
[00:00:00:09:029] 
---------- SM_Grids/8x9_grid_with_random_blocks_12per_5 ----------
[00:00:00:00:157] Expansion 34: New longest path found with length 35: [0, 9, 18, 19, 28, 37, 46, 45, 54, 63, 64, 65, 66, 57, 58, 59, 50, 41, 40, 39, 30, 21, 12, 3, 4, 5, 14, 23, 24, 25, 34, 43, 44, 53, 62, 71]
[00:00:00:00:308] Expansion 116: New longest path found with length 37: [0, 9, 18, 19, 28, 37, 46, 45, 54, 63, 64, 65, 66, 57, 58, 59, 50, 41, 40, 39, 30, 21, 12, 3, 4, 5, 6, 7, 8, 17, 26, 25, 34, 43, 44, 53, 62, 71]
[00:00:00:03:986] Expansion 1,307: New longest path found with length 41: [0, 9, 18, 19, 20, 11, 2, 3, 4, 13, 22, 23, 24, 15, 6, 7, 8, 17, 26, 35, 34, 43, 42, 41, 40, 39, 38, 37, 46, 45, 54, 63, 64, 65, 66, 57, 58, 59, 60, 69, 70, 71]
[00:00:00:16:643] Path of length 41 found: [0, 9, 18, 19, 20, 11, 2, 3, 4, 13, 22, 23, 24, 15, 6, 7, 8, 17, 26, 35, 34, 43, 42, 41, 40, 39, 38, 37, 46, 45, 54, 63, 64, 65, 66, 57, 58, 59, 60, 69, 70, 71]
[00:00:00:16:643] ! Unidirectional s-t. expansions: 4,253, time: 16,643 [ms], path length: 41 [edges], generated: 6,514
[00:00:00:00:125] Expansion 24: New longest path found with length 25: [71, 62, 61, 60, 51, 42, 41, 40, 49, 58, 57, 66, 65, 64, 63, 54, 45, 46, 47, 38, 29, 28, 27, 18, 9, 0]
[00:00:00:00:941] Expansion 450: New longest path found with length 31: [71, 62, 61, 60, 51, 42, 41, 40, 49, 58, 57, 66, 65, 64, 63, 54, 45, 46, 47, 38, 29, 30, 21, 22, 13, 4, 3, 2, 11, 10, 9, 0]
[00:00:00:00:978] Expansion 467: New longest path found with length 39: [71, 62, 61, 60, 51, 42, 41, 40, 49, 58, 57, 66, 65, 64, 63, 54, 45, 46, 47, 38, 29, 30, 21, 22, 23, 24, 25, 26, 17, 8, 7, 6, 5, 4, 3, 2, 11, 10, 9, 0]
[00:00:00:02:749] Expansion 941: New longest path found with length 41: [71, 62, 61, 60, 51, 42, 43, 44, 35, 26, 17, 8, 7, 6, 15, 14, 13, 4, 3, 2, 11, 20, 21, 30, 39, 40, 49, 58, 57, 66, 65, 64, 63, 54, 45, 46, 37, 28, 27, 18, 9, 0]
[00:00:00:22:233] Path of length 41 found: [71, 62, 61, 60, 51, 42, 43, 44, 35, 26, 17, 8, 7, 6, 15, 14, 13, 4, 3, 2, 11, 20, 21, 30, 39, 40, 49, 58, 57, 66, 65, 64, 63, 54, 45, 46, 37, 28, 27, 18, 9, 0]
[00:00:00:22:233] ! Unidirectional t-s. expansions: 5,435, time: 22,233 [ms], path length: 41 [edges], generated: 9,309
[00:00:00:00:134] Expansion 21:New longest path found with length 37: [0, 9, 18, 19, 28, 37, 46, 45, 54, 63, 64, 65, 66, 57, 58, 49, 40, 39, 30, 21, 12, 3, 4, 5, 6, 7, 8, 17, 26, 35, 44, 43, 42, 51, 60, 61, 62, 71]
[00:00:00:01:003] Expansion 265:New longest path found with length 41: [0, 9, 18, 19, 20, 11, 2, 3, 4, 13, 22, 23, 24, 15, 6, 7, 8, 17, 26, 35, 34, 43, 42, 41, 40, 39, 38, 37, 46, 45, 54, 63, 64, 65, 66, 57, 58, 59, 60, 61, 62, 71]
[00:00:00:05:442] Path of length 41 found: [0, 9, 18, 19, 20, 11, 2, 3, 4, 13, 22, 23, 24, 15, 6, 7, 8, 17, 26, 35, 34, 43, 42, 41, 40, 39, 38, 37, 46, 45, 54, 63, 64, 65, 66, 57, 58, 59, 60, 61, 62, 71]
[00:00:00:05:909] ! Bidirectional. expansions: 797, time: 5,442 [ms], path length: 41 [edges], g_F: 21, g_B: 20, generated: {'F': 1,426, 'B': 1,311}, MM: 1, MMPER: 1.380952380952381%
[00:00:00:05:909] 
---------- SM_Grids/8x9_grid_with_random_blocks_12per_6 ----------
[00:00:00:00:162] Expansion 36: New longest path found with length 37: [0, 1, 2, 11, 20, 19, 28, 37, 36, 45, 54, 63, 64, 65, 66, 57, 48, 39, 30, 31, 22, 13, 4, 5, 6, 7, 8, 17, 26, 25, 24, 33, 42, 43, 44, 53, 62, 71]
[00:00:00:00:962] Expansion 342: New longest path found with length 39: [0, 1, 2, 11, 20, 19, 28, 37, 36, 45, 54, 63, 64, 65, 66, 57, 48, 39, 40, 41, 42, 33, 24, 23, 22, 13, 4, 5, 6, 7, 16, 17, 26, 35, 44, 53, 52, 61, 70, 71]
[00:00:00:14:784] Path of length 39 found: [0, 1, 2, 11, 20, 19, 28, 37, 36, 45, 54, 63, 64, 65, 66, 57, 48, 39, 40, 41, 42, 33, 24, 23, 22, 13, 4, 5, 6, 7, 16, 17, 26, 35, 44, 53, 52, 61, 70, 71]
[00:00:00:14:784] ! Unidirectional s-t. expansions: 4,783, time: 14,784 [ms], path length: 39 [edges], generated: 7,363
[00:00:00:04:068] Expansion 1,907: New longest path found with length 17: [71, 70, 61, 52, 53, 44, 35, 26, 17, 8, 7, 6, 5, 4, 3, 2, 1, 0]
[00:00:00:05:174] Expansion 2,421: New longest path found with length 19: [71, 70, 61, 52, 53, 44, 35, 26, 17, 8, 7, 6, 5, 4, 3, 12, 11, 10, 1, 0]
[00:00:00:07:005] Expansion 3,224: New longest path found with length 31: [71, 70, 61, 52, 53, 44, 35, 26, 17, 8, 7, 6, 5, 4, 3, 12, 21, 22, 23, 24, 33, 42, 41, 40, 39, 38, 29, 28, 19, 10, 1, 0]
[00:00:00:07:037] Expansion 3,238: New longest path found with length 39: [71, 70, 61, 52, 53, 44, 35, 26, 17, 8, 7, 6, 5, 4, 3, 12, 21, 22, 23, 24, 33, 42, 41, 40, 39, 48, 57, 56, 65, 64, 63, 54, 45, 36, 37, 28, 19, 10, 1, 0]
[00:00:00:20:028] Path of length 39 found: [71, 70, 61, 52, 53, 44, 35, 26, 17, 8, 7, 6, 5, 4, 3, 12, 21, 22, 23, 24, 33, 42, 41, 40, 39, 48, 57, 56, 65, 64, 63, 54, 45, 36, 37, 28, 19, 10, 1, 0]
[00:00:00:20:028] ! Unidirectional t-s. expansions: 5,794, time: 20,028 [ms], path length: 39 [edges], generated: 8,977
[00:00:00:00:117] Expansion 15:New longest path found with length 31: [0, 1, 10, 19, 28, 29, 38, 39, 40, 41, 42, 33, 24, 23, 22, 21, 12, 3, 4, 5, 6, 7, 8, 17, 26, 35, 44, 53, 52, 61, 70, 71]
[00:00:00:00:229] Expansion 38:New longest path found with length 35: [0, 1, 10, 19, 28, 37, 36, 45, 54, 63, 64, 65, 66, 57, 48, 39, 40, 31, 22, 21, 12, 3, 4, 5, 6, 15, 24, 33, 34, 35, 44, 53, 52, 61, 70, 71]
[00:00:00:00:473] Expansion 82:New longest path found with length 39: [0, 1, 10, 19, 28, 37, 36, 45, 54, 63, 64, 65, 66, 57, 48, 39, 40, 41, 42, 33, 24, 23, 22, 21, 12, 3, 4, 5, 6, 7, 8, 17, 26, 35, 44, 53, 52, 61, 70, 71]
[00:00:00:05:753] Path of length 39 found: [0, 1, 10, 19, 28, 37, 36, 45, 54, 63, 64, 65, 66, 57, 48, 39, 40, 41, 42, 33, 24, 23, 22, 21, 12, 3, 4, 5, 6, 7, 8, 17, 26, 35, 44, 53, 52, 61, 70, 71]
[00:00:00:06:261] ! Bidirectional. expansions: 788, time: 5,753 [ms], path length: 39 [edges], g_F: 20, g_B: 19, generated: {'F': 1,438, 'B': 1,366}, MM: 1, MMPER: 1.5%
[00:00:00:06:262] 
---------- SM_Grids/8x9_grid_with_random_blocks_12per_7 ----------
[00:00:00:00:229] Expansion 63: New longest path found with length 21: [0, 1, 2, 3, 4, 5, 14, 23, 22, 31, 40, 49, 58, 67, 68, 69, 60, 51, 52, 53, 62, 71]
[00:00:00:00:385] Expansion 95: New longest path found with length 23: [0, 1, 2, 3, 4, 5, 14, 23, 24, 25, 34, 43, 42, 41, 40, 49, 58, 67, 68, 69, 60, 61, 62, 71]
[00:00:00:00:624] Expansion 143: New longest path found with length 27: [0, 1, 2, 3, 4, 5, 14, 15, 16, 17, 26, 35, 34, 33, 32, 31, 40, 49, 58, 67, 68, 69, 60, 51, 52, 53, 62, 71]
[00:00:00:01:357] Expansion 289: New longest path found with length 29: [0, 1, 2, 3, 4, 5, 6, 7, 8, 17, 26, 35, 34, 33, 24, 23, 22, 31, 40, 49, 58, 67, 68, 69, 60, 51, 52, 53, 62, 71]
[00:00:00:05:695] Expansion 1,219: New longest path found with length 31: [0, 1, 2, 11, 20, 29, 30, 31, 22, 13, 4, 5, 6, 7, 8, 17, 26, 25, 24, 33, 42, 41, 50, 49, 58, 67, 68, 69, 60, 61, 62, 71]
[00:00:00:11:113] Path of length 31 found: [0, 1, 2, 11, 20, 29, 30, 31, 22, 13, 4, 5, 6, 7, 8, 17, 26, 25, 24, 33, 42, 41, 50, 49, 58, 67, 68, 69, 60, 61, 62, 71]
[00:00:00:11:113] ! Unidirectional s-t. expansions: 2,505, time: 11,113 [ms], path length: 31 [edges], generated: 4,641
[00:00:00:00:621] Expansion 185: New longest path found with length 17: [71, 62, 53, 52, 43, 34, 35, 26, 17, 8, 7, 6, 5, 4, 3, 2, 1, 0]
[00:00:00:01:290] Expansion 402: New longest path found with length 21: [71, 62, 53, 52, 43, 34, 35, 26, 17, 8, 7, 6, 5, 4, 13, 22, 21, 20, 11, 2, 1, 0]
[00:00:00:01:314] Expansion 409: New longest path found with length 23: [71, 62, 53, 52, 43, 34, 35, 26, 17, 8, 7, 6, 5, 4, 13, 22, 31, 30, 29, 20, 11, 2, 1, 0]
[00:00:00:03:188] Expansion 830: New longest path found with length 25: [71, 62, 53, 52, 43, 42, 33, 24, 25, 26, 17, 8, 7, 6, 5, 14, 13, 22, 31, 30, 29, 20, 11, 2, 1, 0]
[00:00:00:03:432] Expansion 881: New longest path found with length 31: [71, 62, 53, 52, 51, 60, 69, 68, 67, 58, 49, 40, 41, 32, 33, 24, 25, 26, 17, 8, 7, 6, 5, 14, 13, 22, 21, 20, 11, 2, 1, 0]
[00:00:00:16:124] Path of length 31 found: [71, 62, 53, 52, 51, 60, 69, 68, 67, 58, 49, 40, 41, 32, 33, 24, 25, 26, 17, 8, 7, 6, 5, 14, 13, 22, 21, 20, 11, 2, 1, 0]
[00:00:00:16:125] ! Unidirectional t-s. expansions: 3,836, time: 16,124 [ms], path length: 31 [edges], generated: 6,557
[00:00:00:00:091] Expansion 10:New longest path found with length 21: [0, 1, 2, 3, 4, 13, 22, 23, 24, 15, 6, 7, 8, 17, 26, 35, 34, 43, 52, 53, 62, 71]
[00:00:00:00:221] Expansion 28:New longest path found with length 23: [0, 1, 2, 3, 4, 5, 6, 7, 8, 17, 26, 25, 24, 23, 22, 31, 40, 41, 42, 43, 52, 53, 62, 71]
[00:00:00:00:674] Expansion 78:New longest path found with length 27: [0, 1, 2, 3, 12, 13, 14, 5, 6, 7, 16, 17, 26, 35, 34, 33, 32, 31, 40, 49, 58, 59, 60, 51, 52, 53, 62, 71]
[00:00:00:00:739] Expansion 95:New longest path found with length 29: [0, 1, 2, 3, 12, 13, 14, 5, 6, 7, 16, 17, 26, 35, 34, 33, 32, 31, 40, 49, 58, 67, 68, 69, 60, 51, 52, 53, 62, 71]
[00:00:00:01:566] Expansion 201:New longest path found with length 31: [0, 1, 2, 11, 20, 21, 22, 13, 4, 5, 6, 7, 16, 17, 26, 35, 34, 33, 32, 41, 40, 49, 58, 67, 68, 69, 60, 51, 52, 53, 62, 71]
[00:00:00:04:482] Path of length 31 found: [0, 1, 2, 11, 20, 21, 22, 13, 4, 5, 6, 7, 16, 17, 26, 35, 34, 33, 32, 41, 40, 49, 58, 67, 68, 69, 60, 51, 52, 53, 62, 71]
[00:00:00:04:948] ! Bidirectional. expansions: 486, time: 4,482 [ms], path length: 31 [edges], g_F: 16, g_B: 15, generated: {'F': 986, 'B': 992}, MM: 1, MMPER: 2.125%
[00:00:00:04:949] 
---------- SM_Grids/8x9_grid_with_random_blocks_12per_8 ----------
[00:00:00:00:157] Expansion 34: New longest path found with length 35: [0, 9, 18, 19, 28, 37, 36, 45, 54, 55, 64, 65, 66, 57, 48, 39, 30, 21, 12, 3, 4, 5, 6, 7, 16, 25, 24, 23, 32, 41, 50, 59, 68, 69, 70, 71]
[00:00:00:00:191] Expansion 54: New longest path found with length 37: [0, 9, 18, 19, 28, 37, 36, 45, 54, 55, 64, 65, 66, 57, 48, 39, 30, 21, 12, 3, 4, 5, 6, 7, 16, 25, 26, 35, 44, 53, 52, 51, 50, 59, 68, 69, 70, 71]
[00:00:00:00:542] Expansion 171: New longest path found with length 39: [0, 9, 18, 19, 28, 37, 36, 45, 54, 55, 64, 65, 66, 57, 48, 39, 40, 31, 22, 21, 12, 3, 4, 5, 14, 15, 24, 25, 26, 35, 44, 53, 52, 51, 50, 59, 68, 69, 70, 71]
[00:00:00:27:782] Expansion 5,951: New longest path found with length 41: [0, 1, 2, 3, 12, 21, 20, 19, 18, 27, 36, 45, 54, 55, 64, 65, 66, 57, 48, 39, 40, 31, 32, 23, 14, 5, 6, 7, 16, 25, 26, 35, 44, 53, 52, 51, 50, 59, 68, 69, 70, 71]
[00:00:00:30:105] Path of length 41 found: [0, 1, 2, 3, 12, 21, 20, 19, 18, 27, 36, 45, 54, 55, 64, 65, 66, 57, 48, 39, 40, 31, 32, 23, 14, 5, 6, 7, 16, 25, 26, 35, 44, 53, 52, 51, 50, 59, 68, 69, 70, 71]
[00:00:00:30:106] ! Unidirectional s-t. expansions: 6,427, time: 30,106 [ms], path length: 41 [edges], generated: 11,250
[00:00:00:00:167] Expansion 37: New longest path found with length 35: [71, 70, 69, 68, 59, 50, 51, 52, 53, 44, 35, 26, 25, 16, 7, 6, 5, 14, 23, 32, 31, 40, 39, 48, 47, 56, 55, 54, 45, 36, 27, 18, 19, 10, 1, 0]
[00:00:00:00:176] Expansion 43: New longest path found with length 39: [71, 70, 69, 68, 59, 50, 51, 52, 53, 44, 35, 26, 25, 16, 7, 6, 5, 14, 23, 32, 31, 40, 39, 48, 47, 56, 55, 54, 45, 36, 27, 18, 19, 20, 21, 12, 3, 2, 1, 0]
[00:00:00:00:323] Expansion 112: New longest path found with length 41: [71, 70, 69, 68, 59, 50, 51, 52, 53, 44, 35, 26, 25, 16, 7, 6, 5, 14, 23, 32, 31, 40, 39, 48, 57, 66, 65, 64, 55, 54, 45, 36, 27, 18, 19, 20, 21, 12, 3, 2, 1, 0]
[00:00:00:05:125] Path of length 41 found: [71, 70, 69, 68, 59, 50, 51, 52, 53, 44, 35, 26, 25, 16, 7, 6, 5, 14, 23, 32, 31, 40, 39, 48, 57, 66, 65, 64, 55, 54, 45, 36, 27, 18, 19, 20, 21, 12, 3, 2, 1, 0]
[00:00:00:05:125] ! Unidirectional t-s. expansions: 1,079, time: 5,125 [ms], path length: 41 [edges], generated: 1,957
[00:00:00:00:184] Expansion 22:New longest path found with length 39: [0, 9, 18, 19, 28, 37, 36, 45, 54, 55, 64, 65, 66, 57, 48, 39, 40, 31, 22, 21, 12, 3, 4, 5, 6, 7, 16, 25, 26, 35, 44, 53, 52, 51, 50, 59, 68, 69, 70, 71]
[00:00:00:04:629] Expansion 815:New longest path found with length 41: [0, 1, 2, 3, 12, 21, 20, 19, 18, 27, 36, 45, 54, 55, 64, 65, 66, 57, 48, 39, 40, 31, 32, 23, 14, 5, 6, 7, 16, 25, 26, 35, 44, 53, 52, 51, 50, 59, 68, 69, 70, 71]
[00:00:00:05:865] Path of length 41 found: [0, 1, 2, 3, 12, 21, 20, 19, 18, 27, 36, 45, 54, 55, 64, 65, 66, 57, 48, 39, 40, 31, 32, 23, 14, 5, 6, 7, 16, 25, 26, 35, 44, 53, 52, 51, 50, 59, 68, 69, 70, 71]
[00:00:00:06:334] ! Bidirectional. expansions: 986, time: 5,866 [ms], path length: 41 [edges], g_F: 21, g_B: 20, generated: {'F': 1,862, 'B': 1,436}, MM: 1, MMPER: 1.380952380952381%
[00:00:00:06:334] 
---------- SM_Grids/8x9_grid_with_random_blocks_12per_9 ----------
[00:00:00:00:191] Expansion 38: New longest path found with length 39: [0, 9, 18, 19, 28, 29, 38, 47, 46, 45, 54, 63, 64, 65, 66, 67, 58, 59, 50, 41, 32, 31, 22, 21, 12, 3, 4, 5, 6, 7, 8, 17, 26, 25, 34, 43, 44, 53, 62, 71]
[00:00:00:28:163] Path of length 39 found: [0, 9, 18, 19, 28, 29, 38, 47, 46, 45, 54, 63, 64, 65, 66, 67, 58, 59, 50, 41, 32, 31, 22, 21, 12, 3, 4, 5, 6, 7, 8, 17, 26, 25, 34, 43, 44, 53, 62, 71]
[00:00:00:28:163] ! Unidirectional s-t. expansions: 7,321, time: 28,163 [ms], path length: 39 [edges], generated: 10,907
[00:00:00:00:103] Expansion 18: New longest path found with length 19: [71, 62, 61, 52, 43, 44, 35, 26, 17, 8, 7, 6, 5, 14, 13, 12, 3, 2, 1, 0]
[00:00:00:00:167] Expansion 39: New longest path found with length 37: [71, 62, 61, 52, 43, 44, 35, 26, 17, 8, 7, 6, 5, 14, 13, 12, 21, 30, 31, 32, 41, 50, 59, 58, 67, 66, 65, 64, 63, 54, 45, 46, 37, 28, 27, 18, 9, 0]
[00:00:00:03:385] Expansion 1,288: New longest path found with length 39: [71, 62, 61, 52, 43, 44, 35, 26, 17, 8, 7, 6, 5, 4, 3, 2, 11, 20, 21, 22, 31, 32, 41, 50, 59, 58, 67, 66, 65, 64, 63, 54, 45, 46, 37, 28, 27, 18, 9, 0]
[00:00:01:16:774] Path of length 39 found: [71, 62, 61, 52, 43, 44, 35, 26, 17, 8, 7, 6, 5, 4, 3, 2, 11, 20, 21, 22, 31, 32, 41, 50, 59, 58, 67, 66, 65, 64, 63, 54, 45, 46, 37, 28, 27, 18, 9, 0]
[00:00:01:16:774] ! Unidirectional t-s. expansions: 23,533, time: 76,774 [ms], path length: 39 [edges], generated: 39,639
[00:00:00:00:122] Expansion 19:New longest path found with length 39: [0, 9, 18, 19, 28, 29, 38, 47, 46, 45, 54, 63, 64, 65, 66, 67, 58, 59, 50, 41, 32, 31, 22, 21, 12, 3, 4, 5, 6, 7, 8, 17, 26, 35, 44, 43, 52, 61, 62, 71]
[00:00:00:38:337] Path of length 39 found: [0, 9, 18, 19, 28, 29, 38, 47, 46, 45, 54, 63, 64, 65, 66, 67, 58, 59, 50, 41, 32, 31, 22, 21, 12, 3, 4, 5, 6, 7, 8, 17, 26, 35, 44, 43, 52, 61, 62, 71]
[00:00:00:38:799] ! Bidirectional. expansions: 7,174, time: 38,337 [ms], path length: 39 [edges], g_F: 20, g_B: 19, generated: {'F': 11,933, 'B': 11,547}, MM: 1, MMPER: 1.5%

[00:00:00:38:799] average expansions: (7,117, 7,835, 1,817, 0)
[00:00:00:38:799] average time: (27,690, 28,772, 11,503, 0)
[00:00:00:38:799] X-DFBnB: 7,117 , 27,690 (expansions , time[ms])
[00:00:00:38:799] BiX-DFBnB: 1,817 , 11,503 (expansions , time[ms])

