Wed 18 Mar 2026 10:41:07 IST

SLURM_JOBID:		 16051563
SLURM_JOB_NODELIST:	 ise-cpu256-01 

--------------------------
date: SM_Grids
number_of_graphs: 10
graph_type: grid
size_of_graphs: [8, 8]
heuristic: bcc_heuristic
snake: True
run_uni: True
run_bi: True
run_multi: False
solution_vertices: []
algorithms: ['DFBnB']
bsd: False
cube_first_dims: 4
cube_buffer_dim: None
backward_sym_generation: False
sym_coil: False
prefix_set: None

---------- SM_Grids/8x8_grid_with_random_blocks_20per_0 ----------
[00:00:00:00:049] Expansion 13: New longest path found with length 14: [0, 1, 2, 3, 4, 12, 20, 28, 36, 44, 52, 53, 61, 62, 63]
[00:00:00:00:080] Expansion 26: New longest path found with length 20: [0, 1, 2, 3, 4, 12, 20, 21, 22, 23, 31, 39, 38, 37, 36, 44, 52, 53, 61, 62, 63]
[00:00:00:00:685] Path of length 20 found: [0, 1, 2, 3, 4, 12, 20, 21, 22, 23, 31, 39, 38, 37, 36, 44, 52, 53, 61, 62, 63]
[00:00:00:00:685] ! Unidirectional s-t. expansions: 219, time: 685 [ms], path length: 20 [edges], generated: 393
[00:00:00:00:127] Expansion 69: New longest path found with length 20: [63, 62, 61, 53, 52, 44, 36, 28, 29, 30, 22, 23, 15, 7, 6, 5, 4, 3, 2, 1, 0]
[00:00:00:03:322] Path of length 20 found: [63, 62, 61, 53, 52, 44, 36, 28, 29, 30, 22, 23, 15, 7, 6, 5, 4, 3, 2, 1, 0]
[00:00:00:03:323] ! Unidirectional t-s. expansions: 1,876, time: 3,322 [ms], path length: 20 [edges], generated: 2,604
[00:00:00:00:058] Expansion 13:New longest path found with length 20: [0, 1, 2, 3, 4, 12, 20, 21, 22, 23, 31, 39, 38, 37, 36, 44, 52, 53, 61, 62, 63]
[00:00:00:00:143] Path of length 20 found: [0, 1, 2, 3, 4, 12, 20, 21, 22, 23, 31, 39, 38, 37, 36, 44, 52, 53, 61, 62, 63]
[00:00:00:00:630] ! Bidirectional. expansions: 31, time: 143 [ms], path length: 20 [edges], g_F: 10, g_B: 10, generated: {'F': 55, 'B': 62}, MM: 0, MMPER: -1.0%
[00:00:00:00:631] 
---------- SM_Grids/8x8_grid_with_random_blocks_20per_1 ----------
[00:00:00:00:070] Expansion 17: New longest path found with length 18: [0, 8, 16, 24, 25, 26, 18, 19, 20, 28, 29, 30, 31, 39, 47, 46, 54, 62, 63]
[00:00:00:00:134] Expansion 37: New longest path found with length 24: [0, 8, 16, 24, 25, 33, 41, 49, 50, 51, 43, 35, 27, 19, 20, 21, 29, 30, 31, 39, 47, 46, 54, 62, 63]
[00:00:00:00:457] Path of length 24 found: [0, 8, 16, 24, 25, 33, 41, 49, 50, 51, 43, 35, 27, 19, 20, 21, 29, 30, 31, 39, 47, 46, 54, 62, 63]
[00:00:00:00:457] ! Unidirectional s-t. expansions: 103, time: 457 [ms], path length: 24 [edges], generated: 204
[00:00:00:00:073] Expansion 17: New longest path found with length 18: [63, 62, 54, 46, 47, 39, 31, 30, 29, 21, 20, 19, 27, 26, 25, 24, 16, 8, 0]
[00:00:00:00:114] Expansion 33: New longest path found with length 24: [63, 62, 54, 46, 47, 39, 31, 30, 29, 21, 20, 19, 27, 35, 43, 51, 50, 49, 41, 33, 25, 24, 16, 8, 0]
[00:00:00:00:901] Path of length 24 found: [63, 62, 54, 46, 47, 39, 31, 30, 29, 21, 20, 19, 27, 35, 43, 51, 50, 49, 41, 33, 25, 24, 16, 8, 0]
[00:00:00:00:901] ! Unidirectional t-s. expansions: 238, time: 901 [ms], path length: 24 [edges], generated: 460
[00:00:00:00:064] Expansion 14:New longest path found with length 18: [0, 8, 16, 24, 25, 26, 18, 19, 20, 28, 29, 30, 31, 39, 47, 46, 54, 62, 63]
[00:00:00:00:092] Expansion 21:New longest path found with length 24: [0, 8, 16, 24, 25, 33, 41, 49, 50, 51, 43, 35, 27, 19, 20, 21, 29, 30, 31, 39, 47, 46, 54, 62, 63]
[00:00:00:01:009] Path of length 24 found: [0, 8, 16, 24, 25, 33, 41, 49, 50, 51, 43, 35, 27, 19, 20, 21, 29, 30, 31, 39, 47, 46, 54, 62, 63]
[00:00:00:01:478] ! Bidirectional. expansions: 192, time: 1,009 [ms], path length: 24 [edges], g_F: 12, g_B: 12, generated: {'F': 422, 'B': 230}, MM: 0, MMPER: -1.0%
[00:00:00:01:478] 
---------- SM_Grids/8x8_grid_with_random_blocks_20per_2 ----------
[00:00:00:01:490] Expansion 924: New longest path found with length 18: [0, 8, 16, 17, 18, 26, 34, 33, 41, 40, 48, 56, 57, 58, 59, 60, 61, 62, 63]
[00:00:00:01:600] Expansion 970: New longest path found with length 26: [0, 8, 16, 17, 18, 26, 34, 35, 36, 37, 29, 21, 20, 12, 4, 5, 6, 14, 15, 23, 31, 39, 47, 46, 54, 62, 63]
[00:00:00:01:730] Expansion 1,014: New longest path found with length 32: [0, 8, 16, 17, 18, 19, 20, 12, 4, 5, 6, 14, 15, 23, 31, 30, 29, 37, 36, 35, 34, 33, 41, 40, 48, 56, 57, 58, 59, 60, 61, 62, 63]
[00:00:00:01:802] Expansion 1,051: New longest path found with length 34: [0, 8, 16, 17, 18, 19, 20, 12, 4, 5, 6, 14, 15, 23, 31, 39, 47, 46, 45, 37, 36, 35, 34, 33, 41, 40, 48, 56, 57, 58, 59, 60, 61, 62, 63]
[00:00:00:02:561] Path of length 34 found: [0, 8, 16, 17, 18, 19, 20, 12, 4, 5, 6, 14, 15, 23, 31, 39, 47, 46, 45, 37, 36, 35, 34, 33, 41, 40, 48, 56, 57, 58, 59, 60, 61, 62, 63]
[00:00:00:02:561] ! Unidirectional s-t. expansions: 1,255, time: 2,561 [ms], path length: 34 [edges], generated: 1,781
[00:00:00:00:100] Expansion 31: New longest path found with length 32: [63, 62, 61, 60, 59, 58, 50, 49, 41, 33, 34, 26, 18, 19, 20, 28, 36, 37, 45, 46, 47, 39, 31, 23, 15, 14, 6, 5, 4, 3, 2, 1, 0]
[00:00:00:00:404] Expansion 174: New longest path found with length 34: [63, 62, 61, 60, 59, 58, 57, 56, 48, 40, 41, 33, 34, 26, 18, 19, 20, 28, 36, 37, 45, 46, 47, 39, 31, 23, 15, 14, 6, 5, 4, 3, 2, 1, 0]
[00:00:00:00:702] Path of length 34 found: [63, 62, 61, 60, 59, 58, 57, 56, 48, 40, 41, 33, 34, 26, 18, 19, 20, 28, 36, 37, 45, 46, 47, 39, 31, 23, 15, 14, 6, 5, 4, 3, 2, 1, 0]
[00:00:00:00:702] ! Unidirectional t-s. expansions: 310, time: 702 [ms], path length: 34 [edges], generated: 428
[00:00:00:00:075] Expansion 17:New longest path found with length 32: [0, 8, 16, 17, 18, 19, 20, 12, 4, 5, 6, 14, 15, 23, 31, 39, 47, 46, 45, 37, 36, 35, 34, 33, 41, 49, 50, 58, 59, 60, 61, 62, 63]
[00:00:00:00:109] Expansion 28:New longest path found with length 34: [0, 8, 16, 17, 18, 19, 20, 12, 4, 5, 6, 14, 22, 30, 31, 39, 47, 46, 45, 37, 36, 35, 34, 33, 41, 40, 48, 56, 57, 58, 59, 60, 61, 62, 63]
[00:00:00:00:257] Path of length 34 found: [0, 8, 16, 17, 18, 19, 20, 12, 4, 5, 6, 14, 22, 30, 31, 39, 47, 46, 45, 37, 36, 35, 34, 33, 41, 40, 48, 56, 57, 58, 59, 60, 61, 62, 63]
[00:00:00:00:692] ! Bidirectional. expansions: 60, time: 258 [ms], path length: 34 [edges], g_F: 17, g_B: 17, generated: {'F': 101, 'B': 84}, MM: 0, MMPER: -1.0%
[00:00:00:00:692] 
---------- SM_Grids/8x8_grid_with_random_blocks_20per_3 ----------
[00:00:00:00:096] Expansion 31: New longest path found with length 32: [0, 1, 9, 17, 16, 24, 32, 40, 41, 49, 50, 51, 43, 35, 27, 19, 11, 3, 4, 5, 6, 7, 15, 23, 22, 30, 29, 37, 45, 53, 61, 62, 63]
[00:00:00:00:428] Path of length 32 found: [0, 1, 9, 17, 16, 24, 32, 40, 41, 49, 50, 51, 43, 35, 27, 19, 11, 3, 4, 5, 6, 7, 15, 23, 22, 30, 29, 37, 45, 53, 61, 62, 63]
[00:00:00:00:428] ! Unidirectional s-t. expansions: 163, time: 428 [ms], path length: 32 [edges], generated: 231
[00:00:00:00:096] Expansion 31: New longest path found with length 32: [63, 62, 61, 53, 45, 37, 29, 30, 22, 23, 15, 7, 6, 5, 4, 3, 11, 19, 18, 26, 34, 35, 43, 51, 50, 49, 41, 40, 32, 24, 16, 8, 0]
[00:00:00:01:740] Path of length 32 found: [63, 62, 61, 53, 45, 37, 29, 30, 22, 23, 15, 7, 6, 5, 4, 3, 11, 19, 18, 26, 34, 35, 43, 51, 50, 49, 41, 40, 32, 24, 16, 8, 0]
[00:00:00:01:740] ! Unidirectional t-s. expansions: 785, time: 1,740 [ms], path length: 32 [edges], generated: 1,114
[00:00:00:00:046] Expansion 8:New longest path found with length 16: [0, 1, 9, 17, 16, 24, 32, 40, 41, 49, 50, 51, 52, 60, 61, 62, 63]
[00:00:00:00:086] Expansion 17:New longest path found with length 26: [0, 1, 9, 17, 18, 19, 11, 3, 4, 5, 6, 7, 15, 23, 22, 30, 29, 37, 36, 35, 43, 51, 52, 60, 61, 62, 63]
[00:00:00:00:132] Expansion 30:New longest path found with length 32: [0, 1, 9, 17, 16, 24, 32, 40, 41, 49, 50, 51, 43, 35, 27, 19, 11, 3, 4, 5, 6, 7, 15, 23, 22, 30, 29, 37, 45, 53, 61, 62, 63]
[00:00:00:00:369] Path of length 32 found: [0, 1, 9, 17, 16, 24, 32, 40, 41, 49, 50, 51, 43, 35, 27, 19, 11, 3, 4, 5, 6, 7, 15, 23, 22, 30, 29, 37, 45, 53, 61, 62, 63]
[00:00:00:00:826] ! Bidirectional. expansions: 106, time: 369 [ms], path length: 32 [edges], g_F: 16, g_B: 16, generated: {'F': 182, 'B': 152}, MM: 0, MMPER: -1.0%
[00:00:00:00:826] 
---------- SM_Grids/8x8_grid_with_random_blocks_20per_4 ----------
[00:00:00:00:080] Expansion 21: New longest path found with length 22: [0, 8, 16, 17, 25, 33, 32, 40, 48, 49, 57, 58, 59, 51, 43, 44, 36, 37, 38, 46, 54, 62, 63]
[00:00:00:00:216] Expansion 76: New longest path found with length 24: [0, 8, 16, 17, 25, 26, 27, 19, 11, 3, 4, 5, 6, 7, 15, 23, 22, 21, 29, 37, 45, 46, 54, 62, 63]
[00:00:00:00:475] Expansion 156: New longest path found with length 26: [0, 8, 16, 24, 25, 26, 18, 10, 2, 3, 4, 5, 6, 7, 15, 23, 22, 21, 20, 28, 36, 44, 45, 46, 54, 62, 63]
[00:00:00:00:720] Expansion 231: New longest path found with length 28: [0, 8, 16, 24, 32, 33, 34, 26, 18, 10, 2, 3, 4, 5, 6, 7, 15, 23, 22, 21, 20, 28, 36, 44, 45, 46, 54, 62, 63]
[00:00:00:00:812] Expansion 265: New longest path found with length 36: [0, 8, 9, 10, 2, 3, 4, 5, 6, 7, 15, 23, 22, 21, 20, 19, 27, 26, 25, 24, 32, 40, 48, 49, 57, 58, 59, 51, 43, 44, 36, 37, 38, 46, 54, 62, 63]
[00:00:00:00:928] Path of length 36 found: [0, 8, 9, 10, 2, 3, 4, 5, 6, 7, 15, 23, 22, 21, 20, 19, 27, 26, 25, 24, 32, 40, 48, 49, 57, 58, 59, 51, 43, 44, 36, 37, 38, 46, 54, 62, 63]
[00:00:00:00:928] ! Unidirectional s-t. expansions: 292, time: 928 [ms], path length: 36 [edges], generated: 439
[00:00:00:00:101] Expansion 36: New longest path found with length 36: [63, 55, 54, 46, 38, 37, 36, 44, 43, 51, 59, 58, 57, 49, 48, 40, 32, 33, 34, 26, 27, 19, 20, 21, 22, 23, 15, 7, 6, 5, 4, 3, 2, 10, 9, 8, 0]
[00:00:00:00:784] Path of length 36 found: [63, 55, 54, 46, 38, 37, 36, 44, 43, 51, 59, 58, 57, 49, 48, 40, 32, 33, 34, 26, 27, 19, 20, 21, 22, 23, 15, 7, 6, 5, 4, 3, 2, 10, 9, 8, 0]
[00:00:00:00:784] ! Unidirectional t-s. expansions: 264, time: 784 [ms], path length: 36 [edges], generated: 393
[00:00:00:00:061] Expansion 11:New longest path found with length 22: [0, 8, 16, 17, 25, 33, 32, 40, 48, 49, 57, 58, 59, 51, 43, 44, 36, 37, 38, 46, 54, 55, 63]
[00:00:00:00:089] Expansion 19:New longest path found with length 24: [0, 8, 16, 17, 25, 26, 27, 19, 11, 3, 4, 5, 6, 7, 15, 23, 22, 21, 29, 37, 38, 46, 54, 55, 63]
[00:00:00:00:201] Expansion 41:New longest path found with length 26: [0, 8, 16, 24, 25, 26, 18, 10, 2, 3, 4, 5, 6, 7, 15, 23, 22, 21, 20, 28, 36, 37, 38, 46, 54, 55, 63]
[00:00:00:00:239] Expansion 52:New longest path found with length 28: [0, 8, 16, 24, 32, 33, 34, 26, 18, 10, 2, 3, 4, 5, 6, 7, 15, 23, 22, 21, 20, 28, 36, 37, 38, 46, 54, 55, 63]
[00:00:00:00:319] Expansion 72:New longest path found with length 36: [0, 8, 9, 10, 2, 3, 4, 5, 6, 7, 15, 23, 22, 21, 20, 19, 27, 26, 25, 24, 32, 40, 48, 49, 57, 58, 59, 51, 43, 44, 36, 37, 38, 46, 54, 55, 63]
[00:00:00:00:450] Path of length 36 found: [0, 8, 9, 10, 2, 3, 4, 5, 6, 7, 15, 23, 22, 21, 20, 19, 27, 26, 25, 24, 32, 40, 48, 49, 57, 58, 59, 51, 43, 44, 36, 37, 38, 46, 54, 55, 63]
[00:00:00:00:880] ! Bidirectional. expansions: 91, time: 450 [ms], path length: 36 [edges], g_F: 18, g_B: 18, generated: {'F': 157, 'B': 142}, MM: 0, MMPER: -1.0%
[00:00:00:00:881] 
---------- SM_Grids/8x8_grid_with_random_blocks_20per_5 ----------
[00:00:00:00:106] Expansion 31: New longest path found with length 32: [0, 8, 9, 17, 25, 24, 32, 40, 48, 49, 57, 58, 59, 51, 43, 35, 36, 28, 20, 12, 13, 14, 22, 23, 31, 39, 38, 46, 45, 53, 61, 62, 63]
[00:00:00:01:225] Path of length 32 found: [0, 8, 9, 17, 25, 24, 32, 40, 48, 49, 57, 58, 59, 51, 43, 35, 36, 28, 20, 12, 13, 14, 22, 23, 31, 39, 38, 46, 45, 53, 61, 62, 63]
[00:00:00:01:225] ! Unidirectional s-t. expansions: 294, time: 1,225 [ms], path length: 32 [edges], generated: 526
[00:00:00:00:080] Expansion 19: New longest path found with length 20: [63, 62, 54, 53, 45, 37, 36, 35, 34, 42, 50, 49, 48, 40, 32, 24, 16, 17, 9, 1, 0]
[00:00:00:00:198] Expansion 59: New longest path found with length 22: [63, 62, 54, 53, 45, 37, 36, 35, 43, 51, 59, 58, 57, 49, 48, 40, 32, 24, 25, 17, 9, 1, 0]
[00:00:00:00:313] Expansion 94: New longest path found with length 28: [63, 62, 54, 46, 47, 39, 31, 23, 15, 14, 13, 12, 20, 28, 36, 35, 34, 42, 50, 49, 48, 40, 32, 24, 16, 17, 9, 1, 0]
[00:00:00:00:402] Expansion 134: New longest path found with length 30: [63, 62, 54, 46, 47, 39, 31, 23, 15, 14, 13, 12, 20, 28, 36, 35, 43, 51, 59, 58, 57, 49, 48, 40, 32, 24, 25, 17, 9, 1, 0]
[00:00:00:01:498] Expansion 522: New longest path found with length 32: [63, 62, 61, 53, 45, 46, 38, 39, 31, 23, 15, 14, 13, 12, 20, 28, 36, 35, 43, 51, 59, 58, 57, 49, 48, 40, 32, 24, 25, 17, 9, 1, 0]
[00:00:00:02:955] Path of length 32 found: [63, 62, 61, 53, 45, 46, 38, 39, 31, 23, 15, 14, 13, 12, 20, 28, 36, 35, 43, 51, 59, 58, 57, 49, 48, 40, 32, 24, 25, 17, 9, 1, 0]
[00:00:00:02:955] ! Unidirectional t-s. expansions: 1,002, time: 2,955 [ms], path length: 32 [edges], generated: 1,701
[00:00:00:00:068] Expansion 10:New longest path found with length 20: [0, 8, 9, 17, 25, 24, 32, 40, 48, 49, 50, 42, 34, 35, 36, 37, 45, 53, 54, 62, 63]
[00:00:00:00:080] Expansion 15:New longest path found with length 22: [0, 8, 9, 17, 25, 24, 32, 40, 48, 49, 57, 58, 59, 51, 43, 35, 36, 37, 45, 53, 54, 62, 63]
[00:00:00:00:169] Expansion 34:New longest path found with length 30: [0, 8, 9, 17, 25, 24, 32, 40, 48, 49, 57, 58, 59, 51, 43, 35, 36, 28, 20, 12, 13, 14, 15, 23, 31, 39, 47, 46, 54, 62, 63]
[00:00:00:00:368] Expansion 87:New longest path found with length 32: [0, 8, 9, 17, 25, 24, 32, 40, 48, 49, 57, 58, 59, 51, 43, 35, 36, 28, 20, 12, 13, 14, 15, 23, 31, 39, 38, 46, 45, 53, 61, 62, 63]
[00:00:00:01:139] Path of length 32 found: [0, 8, 9, 17, 25, 24, 32, 40, 48, 49, 57, 58, 59, 51, 43, 35, 36, 28, 20, 12, 13, 14, 15, 23, 31, 39, 38, 46, 45, 53, 61, 62, 63]
[00:00:00:01:585] ! Bidirectional. expansions: 225, time: 1,139 [ms], path length: 32 [edges], g_F: 16, g_B: 16, generated: {'F': 356, 'B': 368}, MM: 0, MMPER: -1.0%
[00:00:00:01:586] 
---------- SM_Grids/8x8_grid_with_random_blocks_20per_6 ----------
[00:00:00:00:099] Expansion 29: New longest path found with length 30: [0, 8, 16, 17, 18, 10, 11, 12, 4, 5, 6, 14, 15, 23, 31, 39, 38, 37, 36, 44, 43, 42, 50, 58, 59, 60, 61, 53, 54, 55, 63]
[00:00:00:03:155] Path of length 30 found: [0, 8, 16, 17, 18, 10, 11, 12, 4, 5, 6, 14, 15, 23, 31, 39, 38, 37, 36, 44, 43, 42, 50, 58, 59, 60, 61, 53, 54, 55, 63]
[00:00:00:03:155] ! Unidirectional s-t. expansions: 1,031, time: 3,155 [ms], path length: 30 [edges], generated: 1,672
[00:00:00:00:071] Expansion 17: New longest path found with length 18: [63, 55, 47, 39, 31, 23, 15, 14, 6, 5, 4, 12, 20, 19, 18, 10, 9, 1, 0]
[00:00:00:00:089] Expansion 24: New longest path found with length 20: [63, 55, 47, 39, 31, 23, 15, 14, 6, 5, 4, 12, 20, 28, 27, 26, 18, 10, 9, 1, 0]
[00:00:00:00:228] Expansion 63: New longest path found with length 30: [63, 55, 54, 53, 61, 60, 59, 58, 50, 42, 43, 44, 36, 37, 38, 39, 31, 23, 15, 14, 6, 5, 4, 12, 20, 19, 18, 10, 9, 1, 0]
[00:00:00:00:537] Path of length 30 found: [63, 55, 54, 53, 61, 60, 59, 58, 50, 42, 43, 44, 36, 37, 38, 39, 31, 23, 15, 14, 6, 5, 4, 12, 20, 19, 18, 10, 9, 1, 0]
[00:00:00:00:538] ! Unidirectional t-s. expansions: 156, time: 537 [ms], path length: 30 [edges], generated: 260
[00:00:00:00:083] Expansion 9:New longest path found with length 18: [0, 8, 16, 17, 18, 10, 11, 12, 4, 5, 6, 14, 15, 23, 31, 39, 47, 55, 63]
[00:00:00:00:102] Expansion 14:New longest path found with length 20: [0, 8, 16, 17, 18, 26, 27, 28, 20, 12, 4, 5, 6, 14, 15, 23, 31, 39, 47, 55, 63]
[00:00:00:00:202] Expansion 37:New longest path found with length 30: [0, 8, 16, 17, 18, 10, 11, 12, 4, 5, 6, 14, 15, 23, 31, 39, 38, 37, 36, 44, 43, 42, 50, 58, 59, 60, 61, 53, 54, 55, 63]
[00:00:00:01:562] Path of length 30 found: [0, 8, 16, 17, 18, 10, 11, 12, 4, 5, 6, 14, 15, 23, 31, 39, 38, 37, 36, 44, 43, 42, 50, 58, 59, 60, 61, 53, 54, 55, 63]
[00:00:00:01:989] ! Bidirectional. expansions: 251, time: 1,562 [ms], path length: 30 [edges], g_F: 15, g_B: 15, generated: {'F': 468, 'B': 444}, MM: 0, MMPER: -1.0%
[00:00:00:01:990] 
---------- SM_Grids/8x8_grid_with_random_blocks_20per_7 ----------
[00:00:00:00:088] Expansion 25: New longest path found with length 26: [0, 1, 9, 17, 16, 24, 32, 40, 41, 42, 34, 26, 27, 28, 20, 12, 4, 5, 6, 14, 15, 23, 31, 39, 47, 55, 63]
[00:00:00:00:234] Expansion 99: New longest path found with length 28: [0, 1, 9, 17, 16, 24, 32, 40, 41, 42, 34, 35, 36, 28, 20, 19, 11, 3, 4, 5, 6, 14, 15, 23, 31, 39, 47, 55, 63]
[00:00:00:01:111] Path of length 28 found: [0, 1, 9, 17, 16, 24, 32, 40, 41, 42, 34, 35, 36, 28, 20, 19, 11, 3, 4, 5, 6, 14, 15, 23, 31, 39, 47, 55, 63]
[00:00:00:01:111] ! Unidirectional s-t. expansions: 378, time: 1,111 [ms], path length: 28 [edges], generated: 599
[00:00:00:00:055] Expansion 13: New longest path found with length 14: [63, 55, 47, 39, 31, 23, 15, 7, 6, 5, 4, 3, 2, 1, 0]
[00:00:00:00:095] Expansion 29: New longest path found with length 28: [63, 55, 47, 39, 31, 23, 15, 7, 6, 5, 4, 3, 11, 19, 20, 28, 36, 35, 43, 42, 41, 33, 32, 24, 16, 17, 9, 1, 0]
[00:00:00:00:352] Path of length 28 found: [63, 55, 47, 39, 31, 23, 15, 7, 6, 5, 4, 3, 11, 19, 20, 28, 36, 35, 43, 42, 41, 33, 32, 24, 16, 17, 9, 1, 0]
[00:00:00:00:352] ! Unidirectional t-s. expansions: 100, time: 352 [ms], path length: 28 [edges], generated: 168
[00:00:00:00:069] Expansion 13:New longest path found with length 26: [0, 1, 9, 17, 16, 24, 32, 40, 41, 42, 34, 26, 27, 19, 11, 3, 4, 5, 6, 7, 15, 23, 31, 39, 47, 55, 63]
[00:00:00:00:076] Expansion 17:New longest path found with length 28: [0, 1, 9, 17, 16, 24, 32, 40, 41, 42, 34, 35, 36, 28, 20, 19, 11, 3, 4, 5, 6, 7, 15, 23, 31, 39, 47, 55, 63]
[00:00:00:00:292] Path of length 28 found: [0, 1, 9, 17, 16, 24, 32, 40, 41, 42, 34, 35, 36, 28, 20, 19, 11, 3, 4, 5, 6, 7, 15, 23, 31, 39, 47, 55, 63]
[00:00:00:00:749] ! Bidirectional. expansions: 62, time: 292 [ms], path length: 28 [edges], g_F: 14, g_B: 14, generated: {'F': 100, 'B': 90}, MM: 0, MMPER: -1.0%
[00:00:00:00:749] 
---------- SM_Grids/8x8_grid_with_random_blocks_20per_8 ----------
[00:00:00:00:167] Expansion 57: New longest path found with length 18: [0, 8, 9, 10, 2, 3, 4, 12, 13, 21, 29, 28, 36, 44, 52, 60, 61, 62, 63]
[00:00:00:00:351] Expansion 127: New longest path found with length 24: [0, 8, 9, 10, 2, 3, 4, 5, 6, 7, 15, 23, 22, 21, 20, 19, 27, 35, 36, 44, 52, 60, 61, 62, 63]
[00:00:00:00:814] Path of length 24 found: [0, 8, 9, 10, 2, 3, 4, 5, 6, 7, 15, 23, 22, 21, 20, 19, 27, 35, 36, 44, 52, 60, 61, 62, 63]
[00:00:00:00:814] ! Unidirectional s-t. expansions: 246, time: 814 [ms], path length: 24 [edges], generated: 417
[00:00:00:00:168] Expansion 63: New longest path found with length 14: [63, 55, 47, 46, 45, 44, 36, 28, 27, 19, 11, 10, 9, 8, 0]
[00:00:00:00:283] Expansion 127: New longest path found with length 22: [63, 55, 47, 46, 45, 44, 36, 28, 29, 21, 22, 23, 15, 7, 6, 5, 4, 3, 2, 10, 9, 8, 0]
[00:00:00:00:927] Expansion 476: New longest path found with length 24: [63, 55, 47, 46, 45, 44, 36, 35, 27, 19, 20, 21, 22, 23, 15, 7, 6, 5, 4, 3, 2, 10, 9, 8, 0]
[00:00:00:02:063] Path of length 24 found: [63, 55, 47, 46, 45, 44, 36, 35, 27, 19, 20, 21, 22, 23, 15, 7, 6, 5, 4, 3, 2, 10, 9, 8, 0]
[00:00:00:02:063] ! Unidirectional t-s. expansions: 892, time: 2,063 [ms], path length: 24 [edges], generated: 1,303
[00:00:00:00:054] Expansion 9:New longest path found with length 18: [0, 8, 9, 10, 2, 3, 4, 12, 13, 21, 29, 28, 36, 44, 45, 46, 47, 55, 63]
[00:00:00:00:070] Expansion 15:New longest path found with length 24: [0, 8, 9, 10, 2, 3, 4, 5, 6, 7, 15, 23, 22, 21, 20, 19, 27, 35, 36, 44, 45, 46, 47, 55, 63]
[00:00:00:00:118] Path of length 24 found: [0, 8, 9, 10, 2, 3, 4, 5, 6, 7, 15, 23, 22, 21, 20, 19, 27, 35, 36, 44, 45, 46, 47, 55, 63]
[00:00:00:00:580] ! Bidirectional. expansions: 20, time: 118 [ms], path length: 24 [edges], g_F: 12, g_B: 12, generated: {'F': 35, 'B': 35}, MM: 0, MMPER: -1.0%
[00:00:00:00:581] 
---------- SM_Grids/8x8_grid_with_random_blocks_20per_9 ----------
[00:00:00:00:077] Expansion 21: New longest path found with length 22: [0, 8, 9, 17, 18, 26, 34, 35, 36, 28, 29, 21, 13, 5, 6, 7, 15, 23, 31, 39, 47, 55, 63]
[00:00:00:01:350] Path of length 22 found: [0, 8, 9, 17, 18, 26, 34, 35, 36, 28, 29, 21, 13, 5, 6, 7, 15, 23, 31, 39, 47, 55, 63]
[00:00:00:01:350] ! Unidirectional s-t. expansions: 442, time: 1,350 [ms], path length: 22 [edges], generated: 710
[00:00:00:00:065] Expansion 15: New longest path found with length 16: [63, 55, 47, 39, 31, 30, 29, 37, 36, 35, 27, 26, 18, 10, 2, 1, 0]
[00:00:00:00:150] Expansion 42: New longest path found with length 22: [63, 55, 47, 39, 31, 23, 15, 7, 6, 5, 13, 21, 29, 37, 36, 35, 27, 26, 18, 10, 2, 1, 0]
[00:00:00:00:282] Path of length 22 found: [63, 55, 47, 39, 31, 23, 15, 7, 6, 5, 13, 21, 29, 37, 36, 35, 27, 26, 18, 10, 2, 1, 0]
[00:00:00:00:282] ! Unidirectional t-s. expansions: 74, time: 282 [ms], path length: 22 [edges], generated: 135
[00:00:00:00:061] Expansion 11:New longest path found with length 22: [0, 8, 9, 17, 18, 26, 34, 35, 36, 28, 29, 21, 13, 5, 6, 7, 15, 23, 31, 39, 47, 55, 63]
[00:00:00:00:620] Path of length 22 found: [0, 8, 9, 17, 18, 26, 34, 35, 36, 28, 29, 21, 13, 5, 6, 7, 15, 23, 31, 39, 47, 55, 63]
[00:00:00:01:047] ! Bidirectional. expansions: 100, time: 620 [ms], path length: 22 [edges], g_F: 11, g_B: 11, generated: {'F': 162, 'B': 189}, MM: 0, MMPER: -1.0%

[00:00:00:01:047] average expansions: (442, 570, 114, 0)
[00:00:00:01:047] average time: (1,271, 1,364, 596, 0)
[00:00:00:01:047] X-DFBnB: 442 , 1,271 (expansions , time[ms])
[00:00:00:01:047] BiX-DFBnB: 114 , 596 (expansions , time[ms])

