Wed 18 Mar 2026 10:41:07 IST

SLURM_JOBID:		 16051559
SLURM_JOB_NODELIST:	 ise-cpu256-01 

--------------------------
date: SM_Grids
number_of_graphs: 10
graph_type: grid
size_of_graphs: [8, 9]
heuristic: bcc_heuristic
snake: True
run_uni: True
run_bi: True
run_multi: False
solution_vertices: []
algorithms: ['DFBnB']
bsd: False
cube_first_dims: 4
cube_buffer_dim: None
backward_sym_generation: False
sym_coil: False
prefix_set: None

---------- SM_Grids/8x9_grid_with_random_blocks_20per_0 ----------
[00:00:00:00:074] Expansion 21: New longest path found with length 21: [0, 9, 18, 19, 20, 11, 2, 3, 4, 13, 14, 23, 32, 33, 34, 35, 44, 53, 52, 61, 70, 71]
[00:00:00:00:816] Path of length 21 found: [0, 9, 18, 19, 20, 11, 2, 3, 4, 13, 14, 23, 32, 33, 34, 35, 44, 53, 52, 61, 70, 71]
[00:00:00:00:816] ! Unidirectional s-t. expansions: 242, time: 816 [ms], path length: 21 [edges], generated: 419
[00:00:00:00:282] Expansion 109: New longest path found with length 19: [71, 70, 61, 52, 43, 44, 35, 26, 25, 24, 15, 14, 5, 4, 3, 2, 11, 10, 9, 0]
[00:00:00:00:294] Expansion 113: New longest path found with length 21: [71, 70, 61, 52, 43, 44, 35, 26, 25, 24, 15, 14, 5, 4, 3, 2, 11, 20, 19, 18, 9, 0]
[00:00:00:11:253] Path of length 21 found: [71, 70, 61, 52, 43, 44, 35, 26, 25, 24, 15, 14, 5, 4, 3, 2, 11, 20, 19, 18, 9, 0]
[00:00:00:11:253] ! Unidirectional t-s. expansions: 4,750, time: 11,253 [ms], path length: 21 [edges], generated: 7,056
[00:00:00:00:070] Expansion 11:New longest path found with length 21: [0, 9, 18, 19, 20, 11, 2, 3, 4, 13, 14, 15, 24, 25, 26, 35, 44, 43, 52, 61, 70, 71]
[00:00:00:00:736] Path of length 21 found: [0, 9, 18, 19, 20, 11, 2, 3, 4, 13, 14, 15, 24, 25, 26, 35, 44, 43, 52, 61, 70, 71]
[00:00:00:01:239] ! Bidirectional. expansions: 131, time: 736 [ms], path length: 21 [edges], g_F: 11, g_B: 10, generated: {'F': 207, 'B': 200}, MM: 1, MMPER: 3.545454545454546%
[00:00:00:01:239] 
---------- SM_Grids/8x9_grid_with_random_blocks_20per_1 ----------
[00:00:00:00:089] Expansion 20: New longest path found with length 21: [0, 9, 18, 27, 28, 29, 30, 39, 40, 49, 50, 51, 42, 33, 24, 25, 26, 35, 44, 53, 62, 71]
[00:00:00:00:284] Expansion 74: New longest path found with length 27: [0, 9, 18, 27, 28, 29, 20, 11, 2, 3, 4, 13, 22, 31, 40, 49, 50, 51, 42, 33, 24, 25, 26, 35, 44, 53, 62, 71]
[00:00:00:00:783] Expansion 209: New longest path found with length 35: [0, 9, 18, 19, 20, 11, 2, 3, 4, 13, 22, 31, 30, 39, 38, 47, 56, 65, 66, 67, 58, 49, 50, 41, 42, 33, 24, 25, 26, 35, 44, 53, 52, 61, 70, 71]
[00:00:00:01:069] Path of length 35 found: [0, 9, 18, 19, 20, 11, 2, 3, 4, 13, 22, 31, 30, 39, 38, 47, 56, 65, 66, 67, 58, 49, 50, 41, 42, 33, 24, 25, 26, 35, 44, 53, 52, 61, 70, 71]
[00:00:00:01:069] ! Unidirectional s-t. expansions: 261, time: 1,069 [ms], path length: 35 [edges], generated: 459
[00:00:00:00:170] Expansion 35: New longest path found with length 33: [71, 70, 61, 52, 53, 44, 35, 26, 25, 24, 33, 42, 41, 50, 49, 58, 67, 66, 65, 56, 47, 38, 39, 30, 31, 22, 13, 4, 3, 2, 11, 10, 9, 0]
[00:00:00:00:175] Expansion 39: New longest path found with length 35: [71, 70, 61, 52, 53, 44, 35, 26, 25, 24, 33, 42, 41, 50, 49, 58, 67, 66, 65, 56, 47, 38, 39, 30, 31, 22, 13, 4, 3, 2, 11, 20, 19, 18, 9, 0]
[00:00:00:01:135] Path of length 35 found: [71, 70, 61, 52, 53, 44, 35, 26, 25, 24, 33, 42, 41, 50, 49, 58, 67, 66, 65, 56, 47, 38, 39, 30, 31, 22, 13, 4, 3, 2, 11, 20, 19, 18, 9, 0]
[00:00:00:01:136] ! Unidirectional t-s. expansions: 320, time: 1,135 [ms], path length: 35 [edges], generated: 532
[00:00:00:00:085] Expansion 14:New longest path found with length 27: [0, 9, 18, 27, 28, 29, 20, 11, 2, 3, 4, 13, 22, 31, 40, 41, 42, 33, 24, 25, 26, 35, 44, 53, 52, 61, 70, 71]
[00:00:00:00:259] Expansion 46:New longest path found with length 35: [0, 9, 18, 19, 20, 11, 2, 3, 4, 13, 22, 31, 30, 39, 38, 47, 56, 65, 66, 67, 58, 49, 50, 41, 42, 33, 24, 25, 26, 35, 44, 53, 52, 61, 70, 71]
[00:00:00:00:607] Path of length 35 found: [0, 9, 18, 19, 20, 11, 2, 3, 4, 13, 22, 31, 30, 39, 38, 47, 56, 65, 66, 67, 58, 49, 50, 41, 42, 33, 24, 25, 26, 35, 44, 53, 52, 61, 70, 71]
[00:00:00:01:085] ! Bidirectional. expansions: 88, time: 607 [ms], path length: 35 [edges], g_F: 18, g_B: 17, generated: {'F': 164, 'B': 140}, MM: 1, MMPER: 1.7777777777777777%
[00:00:00:01:085] 
---------- SM_Grids/8x9_grid_with_random_blocks_20per_2 ----------
[00:00:00:00:221] Expansion 75: New longest path found with length 19: [0, 9, 10, 19, 20, 29, 38, 47, 56, 65, 66, 67, 58, 49, 50, 51, 60, 69, 70, 71]
[00:00:00:00:262] Expansion 90: New longest path found with length 29: [0, 9, 10, 19, 20, 29, 38, 47, 56, 65, 66, 67, 58, 49, 40, 31, 22, 13, 14, 15, 16, 25, 34, 43, 42, 51, 60, 69, 70, 71]
[00:00:00:03:302] Path of length 29 found: [0, 9, 10, 19, 20, 29, 38, 47, 56, 65, 66, 67, 58, 49, 40, 31, 22, 13, 14, 15, 16, 25, 34, 43, 42, 51, 60, 69, 70, 71]
[00:00:00:03:302] ! Unidirectional s-t. expansions: 811, time: 3,302 [ms], path length: 29 [edges], generated: 1,554
[00:00:00:00:112] Expansion 24: New longest path found with length 25: [71, 70, 69, 60, 51, 52, 43, 34, 25, 16, 15, 14, 13, 22, 31, 40, 49, 48, 47, 46, 37, 28, 19, 10, 1, 0]
[00:00:00:00:140] Expansion 36: New longest path found with length 29: [71, 70, 69, 60, 51, 52, 43, 34, 25, 16, 15, 14, 13, 22, 31, 40, 49, 58, 67, 66, 65, 56, 47, 46, 37, 28, 19, 10, 1, 0]
[00:00:00:01:203] Path of length 29 found: [71, 70, 69, 60, 51, 52, 43, 34, 25, 16, 15, 14, 13, 22, 31, 40, 49, 58, 67, 66, 65, 56, 47, 46, 37, 28, 19, 10, 1, 0]
[00:00:00:01:204] ! Unidirectional t-s. expansions: 288, time: 1,203 [ms], path length: 29 [edges], generated: 539
[00:00:00:00:092] Expansion 14:New longest path found with length 29: [0, 9, 10, 19, 20, 29, 38, 47, 56, 65, 66, 67, 58, 49, 40, 31, 22, 13, 14, 15, 16, 25, 34, 43, 52, 51, 60, 69, 70, 71]
[00:00:00:02:129] Path of length 29 found: [0, 9, 10, 19, 20, 29, 38, 47, 56, 65, 66, 67, 58, 49, 40, 31, 22, 13, 14, 15, 16, 25, 34, 43, 52, 51, 60, 69, 70, 71]
[00:00:00:02:604] ! Bidirectional. expansions: 326, time: 2,129 [ms], path length: 29 [edges], g_F: 15, g_B: 14, generated: {'F': 611, 'B': 667}, MM: 1, MMPER: 2.3333333333333335%
[00:00:00:02:604] 
---------- SM_Grids/8x9_grid_with_random_blocks_20per_3 ----------
[00:00:00:00:103] Expansion 24: New longest path found with length 25: [0, 1, 2, 3, 12, 13, 14, 23, 32, 31, 40, 39, 38, 47, 56, 65, 66, 67, 58, 59, 60, 51, 52, 53, 62, 71]
[00:00:00:00:731] Expansion 178: New longest path found with length 27: [0, 1, 2, 3, 4, 5, 6, 15, 24, 23, 22, 31, 40, 39, 38, 47, 56, 65, 66, 67, 58, 59, 60, 51, 52, 53, 62, 71]
[00:00:00:00:922] Expansion 234: New longest path found with length 31: [0, 1, 2, 3, 4, 5, 6, 7, 8, 17, 26, 25, 24, 23, 22, 31, 40, 39, 38, 47, 56, 65, 66, 67, 58, 59, 60, 51, 52, 53, 62, 71]
[00:00:00:01:309] Expansion 345: New longest path found with length 33: [0, 1, 2, 11, 12, 13, 4, 5, 6, 7, 8, 17, 26, 25, 24, 23, 32, 31, 40, 39, 38, 47, 56, 65, 66, 67, 58, 59, 60, 51, 52, 53, 62, 71]
[00:00:00:02:067] Path of length 33 found: [0, 1, 2, 11, 12, 13, 4, 5, 6, 7, 8, 17, 26, 25, 24, 23, 32, 31, 40, 39, 38, 47, 56, 65, 66, 67, 58, 59, 60, 51, 52, 53, 62, 71]
[00:00:00:02:067] ! Unidirectional s-t. expansions: 533, time: 2,067 [ms], path length: 33 [edges], generated: 911
[00:00:00:00:418] Expansion 183: New longest path found with length 21: [71, 62, 53, 52, 51, 60, 69, 68, 67, 58, 57, 56, 47, 46, 37, 28, 29, 20, 11, 2, 1, 0]
[00:00:00:02:578] Expansion 1,217: New longest path found with length 31: [71, 62, 53, 52, 51, 60, 69, 68, 67, 58, 57, 56, 47, 38, 39, 40, 31, 32, 23, 24, 25, 26, 17, 8, 7, 6, 5, 4, 3, 2, 1, 0]
[00:00:00:02:587] Expansion 1,224: New longest path found with length 33: [71, 62, 53, 52, 51, 60, 69, 68, 67, 58, 57, 56, 47, 38, 39, 40, 31, 32, 23, 24, 25, 26, 17, 8, 7, 6, 5, 4, 3, 12, 11, 10, 1, 0]
[00:00:00:09:559] Path of length 33 found: [71, 62, 53, 52, 51, 60, 69, 68, 67, 58, 57, 56, 47, 38, 39, 40, 31, 32, 23, 24, 25, 26, 17, 8, 7, 6, 5, 4, 3, 12, 11, 10, 1, 0]
[00:00:00:09:559] ! Unidirectional t-s. expansions: 3,434, time: 9,559 [ms], path length: 33 [edges], generated: 5,441
[00:00:00:00:075] Expansion 15:New longest path found with length 25: [0, 1, 2, 3, 12, 13, 14, 23, 32, 31, 40, 39, 38, 47, 56, 57, 58, 67, 68, 69, 60, 51, 52, 53, 62, 71]
[00:00:00:01:100] Expansion 302:New longest path found with length 27: [0, 1, 2, 3, 4, 5, 6, 15, 24, 23, 22, 31, 40, 39, 38, 47, 56, 57, 58, 67, 68, 69, 60, 51, 52, 53, 62, 71]
[00:00:00:01:249] Expansion 365:New longest path found with length 31: [0, 1, 2, 3, 4, 5, 6, 7, 8, 17, 26, 25, 24, 23, 22, 31, 40, 39, 38, 47, 56, 57, 58, 67, 68, 69, 60, 51, 52, 53, 62, 71]
[00:00:00:01:833] Expansion 484:New longest path found with length 33: [0, 1, 2, 11, 12, 13, 4, 5, 6, 7, 8, 17, 26, 25, 24, 23, 32, 31, 40, 39, 38, 47, 56, 57, 58, 67, 68, 69, 60, 51, 52, 53, 62, 71]
[00:00:00:04:235] Path of length 33 found: [0, 1, 2, 11, 12, 13, 4, 5, 6, 7, 8, 17, 26, 25, 24, 23, 32, 31, 40, 39, 38, 47, 56, 57, 58, 67, 68, 69, 60, 51, 52, 53, 62, 71]
[00:00:00:04:716] ! Bidirectional. expansions: 889, time: 4,235 [ms], path length: 33 [edges], g_F: 17, g_B: 16, generated: {'F': 1,506, 'B': 1,516}, MM: 1, MMPER: 1.9411764705882355%
[00:00:00:04:716] 
---------- SM_Grids/8x9_grid_with_random_blocks_20per_4 ----------
[00:00:00:00:176] Expansion 70: New longest path found with length 23: [0, 9, 10, 19, 20, 29, 30, 31, 32, 23, 14, 5, 6, 7, 8, 17, 26, 35, 34, 43, 52, 61, 70, 71]
[00:00:00:01:705] Expansion 776: New longest path found with length 27: [0, 9, 10, 19, 20, 21, 22, 13, 4, 5, 6, 7, 8, 17, 26, 35, 34, 33, 32, 41, 40, 49, 58, 59, 68, 69, 70, 71]
[00:00:00:03:128] Path of length 27 found: [0, 9, 10, 19, 20, 21, 22, 13, 4, 5, 6, 7, 8, 17, 26, 35, 34, 33, 32, 41, 40, 49, 58, 59, 68, 69, 70, 71]
[00:00:00:03:128] ! Unidirectional s-t. expansions: 1,181, time: 3,128 [ms], path length: 27 [edges], generated: 1,735
[00:00:00:00:089] Expansion 20: New longest path found with length 21: [71, 62, 61, 52, 43, 34, 35, 26, 17, 8, 7, 6, 5, 4, 13, 22, 21, 20, 11, 10, 1, 0]
[00:00:00:00:107] Expansion 27: New longest path found with length 23: [71, 62, 61, 52, 43, 34, 35, 26, 17, 8, 7, 6, 5, 4, 13, 22, 31, 30, 29, 20, 11, 10, 1, 0]
[00:00:00:00:299] Expansion 77: New longest path found with length 27: [71, 62, 61, 60, 59, 58, 49, 40, 41, 32, 33, 34, 35, 26, 17, 8, 7, 6, 5, 4, 13, 22, 21, 20, 11, 10, 1, 0]
[00:00:00:01:122] Path of length 27 found: [71, 62, 61, 60, 59, 58, 49, 40, 41, 32, 33, 34, 35, 26, 17, 8, 7, 6, 5, 4, 13, 22, 21, 20, 11, 10, 1, 0]
[00:00:00:01:123] ! Unidirectional t-s. expansions: 284, time: 1,122 [ms], path length: 27 [edges], generated: 469
[00:00:00:00:068] Expansion 12:New longest path found with length 23: [0, 9, 10, 19, 20, 29, 30, 31, 32, 23, 14, 5, 6, 7, 8, 17, 26, 35, 34, 43, 52, 61, 62, 71]
[00:00:00:00:180] Expansion 35:New longest path found with length 27: [0, 9, 10, 19, 20, 21, 22, 13, 4, 5, 6, 7, 8, 17, 26, 35, 34, 33, 32, 41, 40, 49, 58, 59, 60, 61, 62, 71]
[00:00:00:01:519] Path of length 27 found: [0, 9, 10, 19, 20, 21, 22, 13, 4, 5, 6, 7, 8, 17, 26, 35, 34, 33, 32, 41, 40, 49, 58, 59, 60, 61, 62, 71]
[00:00:00:02:020] ! Bidirectional. expansions: 278, time: 1,519 [ms], path length: 27 [edges], g_F: 14, g_B: 13, generated: {'F': 435, 'B': 460}, MM: 1, MMPER: 2.5714285714285716%
[00:00:00:02:021] 
---------- SM_Grids/8x9_grid_with_random_blocks_20per_5 ----------
[00:00:00:00:097] Expansion 20: New longest path found with length 21: [0, 9, 18, 27, 28, 37, 38, 39, 40, 31, 32, 23, 14, 15, 16, 17, 26, 35, 44, 53, 62, 71]
[00:00:00:00:234] Expansion 65: New longest path found with length 23: [0, 9, 18, 27, 28, 37, 38, 39, 40, 31, 22, 13, 4, 5, 6, 15, 16, 17, 26, 35, 44, 53, 62, 71]
[00:00:00:00:981] Expansion 292: New longest path found with length 27: [0, 9, 18, 27, 36, 45, 54, 55, 56, 47, 38, 29, 20, 11, 12, 3, 4, 5, 14, 23, 32, 33, 34, 43, 44, 53, 62, 71]
[00:00:00:01:471] Expansion 526: New longest path found with length 29: [0, 9, 18, 27, 36, 45, 54, 55, 56, 47, 38, 29, 20, 11, 12, 13, 22, 31, 32, 33, 24, 15, 16, 17, 26, 35, 44, 53, 62, 71]
[00:00:00:03:171] Path of length 29 found: [0, 9, 18, 27, 36, 45, 54, 55, 56, 47, 38, 29, 20, 11, 12, 13, 22, 31, 32, 33, 24, 15, 16, 17, 26, 35, 44, 53, 62, 71]
[00:00:00:03:171] ! Unidirectional s-t. expansions: 1,026, time: 3,171 [ms], path length: 29 [edges], generated: 1,657
[00:00:00:00:116] Expansion 28: New longest path found with length 29: [71, 62, 53, 44, 43, 42, 33, 24, 15, 6, 5, 4, 13, 22, 31, 40, 39, 38, 47, 56, 55, 54, 45, 36, 27, 18, 19, 10, 1, 0]
[00:00:00:02:946] Path of length 29 found: [71, 62, 53, 44, 43, 42, 33, 24, 15, 6, 5, 4, 13, 22, 31, 40, 39, 38, 47, 56, 55, 54, 45, 36, 27, 18, 19, 10, 1, 0]
[00:00:00:02:947] ! Unidirectional t-s. expansions: 770, time: 2,946 [ms], path length: 29 [edges], generated: 1,393
[00:00:00:00:081] Expansion 11:New longest path found with length 23: [0, 9, 18, 27, 28, 37, 38, 39, 40, 31, 22, 13, 4, 5, 6, 15, 24, 33, 42, 43, 44, 53, 62, 71]
[00:00:00:00:297] Expansion 58:New longest path found with length 27: [0, 9, 18, 27, 36, 45, 54, 55, 56, 47, 38, 39, 40, 31, 22, 13, 4, 5, 6, 15, 24, 33, 42, 43, 44, 53, 62, 71]
[00:00:00:00:732] Expansion 134:New longest path found with length 29: [0, 9, 18, 27, 36, 45, 54, 55, 56, 47, 38, 29, 20, 11, 12, 13, 22, 31, 32, 33, 24, 15, 16, 17, 26, 35, 44, 53, 62, 71]
[00:00:00:02:828] Path of length 29 found: [0, 9, 18, 27, 36, 45, 54, 55, 56, 47, 38, 29, 20, 11, 12, 13, 22, 31, 32, 33, 24, 15, 16, 17, 26, 35, 44, 53, 62, 71]
[00:00:00:03:306] ! Bidirectional. expansions: 490, time: 2,828 [ms], path length: 29 [edges], g_F: 15, g_B: 14, generated: {'F': 883, 'B': 945}, MM: 1, MMPER: 2.3333333333333335%
[00:00:00:03:306] 
---------- SM_Grids/8x9_grid_with_random_blocks_20per_6 ----------
[00:00:00:00:222] Expansion 69: New longest path found with length 25: [0, 9, 18, 27, 36, 45, 46, 47, 38, 29, 30, 31, 22, 13, 4, 5, 6, 15, 24, 25, 34, 43, 52, 53, 62, 71]
[00:00:00:02:904] Expansion 812: New longest path found with length 29: [0, 9, 10, 11, 2, 3, 4, 5, 6, 15, 24, 23, 22, 21, 30, 39, 38, 47, 56, 65, 66, 67, 68, 69, 60, 51, 52, 53, 62, 71]
[00:00:00:02:921] Expansion 821: New longest path found with length 31: [0, 9, 10, 11, 2, 3, 4, 5, 6, 15, 24, 23, 22, 21, 30, 39, 38, 47, 56, 65, 66, 67, 68, 59, 50, 41, 42, 43, 52, 53, 62, 71]
[00:00:00:02:989] Expansion 851: New longest path found with length 33: [0, 9, 10, 11, 2, 3, 4, 5, 6, 15, 24, 23, 22, 21, 30, 29, 28, 27, 36, 45, 46, 47, 56, 65, 66, 67, 68, 69, 60, 51, 52, 53, 62, 71]
[00:00:00:03:003] Expansion 860: New longest path found with length 35: [0, 9, 10, 11, 2, 3, 4, 5, 6, 15, 24, 23, 22, 21, 30, 29, 28, 27, 36, 45, 46, 47, 56, 65, 66, 67, 68, 59, 50, 41, 42, 43, 52, 53, 62, 71]
[00:00:00:03:475] Path of length 35 found: [0, 9, 10, 11, 2, 3, 4, 5, 6, 15, 24, 23, 22, 21, 30, 29, 28, 27, 36, 45, 46, 47, 56, 65, 66, 67, 68, 59, 50, 41, 42, 43, 52, 53, 62, 71]
[00:00:00:03:476] ! Unidirectional s-t. expansions: 988, time: 3,476 [ms], path length: 35 [edges], generated: 1,661
[00:00:00:00:088] Expansion 20: New longest path found with length 21: [71, 62, 53, 52, 43, 42, 41, 50, 59, 68, 67, 66, 57, 56, 47, 38, 37, 28, 27, 18, 9, 0]
[00:00:00:00:149] Expansion 43: New longest path found with length 31: [71, 62, 53, 52, 43, 42, 41, 50, 59, 68, 67, 66, 57, 56, 47, 38, 29, 30, 31, 22, 23, 24, 15, 6, 5, 4, 3, 2, 11, 10, 9, 0]
[00:00:00:00:254] Expansion 78: New longest path found with length 35: [71, 62, 53, 52, 43, 42, 41, 50, 59, 68, 67, 66, 57, 56, 47, 46, 45, 36, 27, 28, 29, 30, 31, 22, 23, 24, 15, 6, 5, 4, 3, 2, 11, 10, 9, 0]
[00:00:00:01:035] Path of length 35 found: [71, 62, 53, 52, 43, 42, 41, 50, 59, 68, 67, 66, 57, 56, 47, 46, 45, 36, 27, 28, 29, 30, 31, 22, 23, 24, 15, 6, 5, 4, 3, 2, 11, 10, 9, 0]
[00:00:00:01:035] ! Unidirectional t-s. expansions: 308, time: 1,035 [ms], path length: 35 [edges], generated: 468
[00:00:00:00:083] Expansion 15:New longest path found with length 25: [0, 9, 18, 27, 36, 45, 46, 47, 38, 29, 30, 31, 22, 13, 4, 5, 6, 15, 16, 25, 34, 43, 52, 53, 62, 71]
[00:00:00:00:394] Expansion 89:New longest path found with length 35: [0, 9, 10, 11, 2, 3, 4, 5, 6, 15, 24, 23, 22, 21, 30, 29, 28, 27, 36, 45, 46, 47, 56, 57, 66, 67, 68, 59, 50, 41, 42, 43, 52, 53, 62, 71]
[00:00:00:00:719] Path of length 35 found: [0, 9, 10, 11, 2, 3, 4, 5, 6, 15, 24, 23, 22, 21, 30, 29, 28, 27, 36, 45, 46, 47, 56, 57, 66, 67, 68, 59, 50, 41, 42, 43, 52, 53, 62, 71]
[00:00:00:01:189] ! Bidirectional. expansions: 135, time: 719 [ms], path length: 35 [edges], g_F: 18, g_B: 17, generated: {'F': 235, 'B': 232}, MM: 1, MMPER: 1.7777777777777777%
[00:00:00:01:189] 
---------- SM_Grids/8x9_grid_with_random_blocks_20per_7 ----------
[00:00:00:00:112] Expansion 29: New longest path found with length 21: [0, 1, 10, 19, 18, 27, 36, 45, 54, 55, 56, 47, 48, 39, 40, 41, 50, 59, 60, 61, 70, 71]
[00:00:00:01:927] Expansion 583: New longest path found with length 23: [0, 1, 10, 11, 20, 29, 28, 27, 36, 45, 54, 55, 56, 47, 48, 39, 40, 41, 50, 59, 60, 61, 70, 71]
[00:00:00:04:460] Path of length 23 found: [0, 1, 10, 11, 20, 29, 28, 27, 36, 45, 54, 55, 56, 47, 48, 39, 40, 41, 50, 59, 60, 61, 70, 71]
[00:00:00:04:460] ! Unidirectional s-t. expansions: 1,310, time: 4,460 [ms], path length: 23 [edges], generated: 2,333
[00:00:00:00:122] Expansion 34: New longest path found with length 21: [71, 70, 61, 52, 43, 42, 41, 40, 39, 48, 57, 56, 55, 46, 45, 36, 27, 18, 19, 10, 1, 0]
[00:00:00:00:193] Expansion 66: New longest path found with length 23: [71, 70, 61, 52, 43, 42, 41, 40, 39, 48, 57, 56, 55, 46, 45, 36, 27, 28, 29, 20, 11, 10, 1, 0]
[00:00:00:07:899] Path of length 23 found: [71, 70, 61, 52, 43, 42, 41, 40, 39, 48, 57, 56, 55, 46, 45, 36, 27, 28, 29, 20, 11, 10, 1, 0]
[00:00:00:07:899] ! Unidirectional t-s. expansions: 2,206, time: 7,899 [ms], path length: 23 [edges], generated: 3,766
[00:00:00:00:081] Expansion 15:New longest path found with length 21: [0, 1, 10, 19, 18, 27, 36, 45, 54, 55, 56, 47, 48, 39, 40, 41, 42, 51, 60, 69, 70, 71]
[00:00:00:00:297] Expansion 56:New longest path found with length 23: [0, 1, 10, 11, 20, 29, 28, 27, 36, 45, 54, 55, 56, 47, 48, 39, 40, 41, 42, 51, 60, 69, 70, 71]
[00:00:00:02:947] Path of length 23 found: [0, 1, 10, 11, 20, 29, 28, 27, 36, 45, 54, 55, 56, 47, 48, 39, 40, 41, 42, 51, 60, 69, 70, 71]
[00:00:00:03:419] ! Bidirectional. expansions: 518, time: 2,947 [ms], path length: 23 [edges], g_F: 12, g_B: 11, generated: {'F': 750, 'B': 1,008}, MM: 1, MMPER: 3.166666666666667%
[00:00:00:03:419] 
---------- SM_Grids/8x9_grid_with_random_blocks_20per_8 ----------
[00:00:00:00:102] Expansion 24: New longest path found with length 25: [0, 1, 10, 19, 20, 21, 30, 31, 32, 23, 24, 25, 34, 43, 42, 51, 50, 49, 48, 57, 66, 67, 68, 69, 70, 71]
[00:00:00:03:114] Path of length 25 found: [0, 1, 10, 19, 20, 21, 30, 31, 32, 23, 24, 25, 34, 43, 42, 51, 50, 49, 48, 57, 66, 67, 68, 69, 70, 71]
[00:00:00:03:114] ! Unidirectional s-t. expansions: 647, time: 3,114 [ms], path length: 25 [edges], generated: 1,327
[00:00:00:00:078] Expansion 14: New longest path found with length 15: [71, 70, 61, 52, 51, 50, 49, 40, 31, 22, 13, 12, 11, 2, 1, 0]
[00:00:00:00:879] Expansion 245: New longest path found with length 17: [71, 70, 61, 52, 43, 34, 25, 24, 23, 32, 31, 30, 21, 12, 3, 2, 1, 0]
[00:00:00:01:246] Expansion 329: New longest path found with length 19: [71, 70, 61, 60, 59, 68, 67, 66, 57, 48, 49, 40, 31, 22, 13, 12, 11, 2, 1, 0]
[00:00:00:01:340] Expansion 359: New longest path found with length 25: [71, 70, 61, 60, 59, 68, 67, 66, 57, 48, 49, 40, 41, 42, 43, 34, 25, 24, 23, 22, 13, 12, 11, 2, 1, 0]
[00:00:00:02:602] Path of length 25 found: [71, 70, 61, 60, 59, 68, 67, 66, 57, 48, 49, 40, 41, 42, 43, 34, 25, 24, 23, 22, 13, 12, 11, 2, 1, 0]
[00:00:00:02:602] ! Unidirectional t-s. expansions: 628, time: 2,602 [ms], path length: 25 [edges], generated: 1,189
[00:00:00:00:180] Expansion 64:New longest path found with length 15: [0, 1, 10, 19, 20, 21, 22, 31, 40, 49, 50, 51, 52, 61, 70, 71]
[00:00:00:00:543] Expansion 251:New longest path found with length 17: [0, 1, 10, 19, 20, 21, 30, 31, 32, 23, 24, 25, 34, 43, 52, 61, 70, 71]
[00:00:00:01:061] Expansion 360:New longest path found with length 19: [0, 1, 10, 19, 20, 21, 30, 31, 40, 49, 48, 57, 66, 67, 68, 59, 60, 61, 70, 71]
[00:00:00:01:095] Expansion 368:New longest path found with length 25: [0, 1, 10, 19, 20, 21, 22, 23, 24, 25, 34, 43, 42, 41, 40, 49, 48, 57, 66, 67, 68, 59, 60, 61, 70, 71]
[00:00:00:03:570] Path of length 25 found: [0, 1, 10, 19, 20, 21, 22, 23, 24, 25, 34, 43, 42, 41, 40, 49, 48, 57, 66, 67, 68, 59, 60, 61, 70, 71]
[00:00:00:04:039] ! Bidirectional. expansions: 743, time: 3,570 [ms], path length: 25 [edges], g_F: 13, g_B: 12, generated: {'F': 1,435, 'B': 1,122}, MM: 1, MMPER: 2.8461538461538463%
[00:00:00:04:039] 
---------- SM_Grids/8x9_grid_with_random_blocks_20per_9 ----------
[00:00:00:00:091] Expansion 18: New longest path found with length 19: [0, 1, 2, 3, 4, 13, 14, 15, 16, 25, 34, 33, 32, 41, 50, 51, 60, 61, 70, 71]
[00:00:00:00:134] Expansion 34: New longest path found with length 29: [0, 1, 2, 3, 4, 13, 14, 15, 16, 25, 34, 33, 32, 31, 30, 29, 38, 37, 46, 55, 56, 57, 48, 49, 50, 51, 60, 61, 70, 71]
[00:00:00:00:741] Expansion 182: New longest path found with length 31: [0, 1, 2, 3, 4, 5, 14, 23, 22, 31, 30, 29, 38, 37, 46, 55, 56, 57, 48, 49, 50, 41, 42, 33, 34, 35, 44, 53, 52, 61, 70, 71]
[00:00:00:00:820] Path of length 31 found: [0, 1, 2, 3, 4, 5, 14, 23, 22, 31, 30, 29, 38, 37, 46, 55, 56, 57, 48, 49, 50, 41, 42, 33, 34, 35, 44, 53, 52, 61, 70, 71]
[00:00:00:00:821] ! Unidirectional s-t. expansions: 198, time: 820 [ms], path length: 31 [edges], generated: 370
[00:00:00:00:074] Expansion 16: New longest path found with length 17: [71, 70, 61, 52, 53, 44, 35, 34, 25, 16, 7, 6, 5, 4, 3, 2, 1, 0]
[00:00:00:00:188] Expansion 54: New longest path found with length 31: [71, 70, 61, 52, 53, 44, 35, 34, 33, 42, 41, 50, 49, 48, 57, 56, 55, 46, 37, 38, 29, 30, 31, 22, 23, 14, 5, 4, 3, 2, 1, 0]
[00:00:00:01:931] Path of length 31 found: [71, 70, 61, 52, 53, 44, 35, 34, 33, 42, 41, 50, 49, 48, 57, 56, 55, 46, 37, 38, 29, 30, 31, 22, 23, 14, 5, 4, 3, 2, 1, 0]
[00:00:00:01:931] ! Unidirectional t-s. expansions: 511, time: 1,931 [ms], path length: 31 [edges], generated: 863
[00:00:00:00:060] Expansion 8:New longest path found with length 15: [0, 1, 2, 3, 4, 13, 22, 31, 32, 41, 42, 51, 60, 61, 70, 71]
[00:00:00:00:356] Expansion 148:New longest path found with length 17: [0, 1, 2, 3, 4, 13, 14, 15, 16, 25, 34, 43, 42, 51, 60, 61, 70, 71]
[00:00:00:00:535] Expansion 211:New longest path found with length 19: [0, 1, 2, 3, 4, 13, 14, 15, 16, 25, 34, 33, 32, 41, 50, 51, 60, 61, 70, 71]
[00:00:00:00:580] Expansion 219:New longest path found with length 29: [0, 1, 2, 3, 4, 13, 14, 15, 16, 25, 34, 33, 32, 31, 30, 29, 38, 37, 46, 55, 56, 57, 48, 49, 50, 51, 60, 61, 70, 71]
[00:00:00:00:812] Expansion 273:New longest path found with length 31: [0, 1, 2, 3, 4, 5, 14, 23, 22, 31, 30, 29, 38, 37, 46, 55, 56, 57, 48, 49, 50, 41, 42, 33, 34, 35, 44, 53, 52, 61, 70, 71]
[00:00:00:01:566] Path of length 31 found: [0, 1, 2, 3, 4, 5, 14, 23, 22, 31, 30, 29, 38, 37, 46, 55, 56, 57, 48, 49, 50, 41, 42, 33, 34, 35, 44, 53, 52, 61, 70, 71]
[00:00:00:02:030] ! Bidirectional. expansions: 369, time: 1,566 [ms], path length: 31 [edges], g_F: 16, g_B: 15, generated: {'F': 582, 'B': 682}, MM: 1, MMPER: 2.125%

[00:00:00:02:030] average expansions: (720, 1,350, 397, 0)
[00:00:00:02:030] average time: (2,542, 4,068, 2,086, 0)
[00:00:00:02:031] X-DFBnB: 720 , 2,542 (expansions , time[ms])
[00:00:00:02:031] BiX-DFBnB: 397 , 2,086 (expansions , time[ms])

