Wed 18 Mar 2026 10:41:05 IST

SLURM_JOBID:		 16051543
SLURM_JOB_NODELIST:	 ise-cpu256-32 

--------------------------
date: SM_Grids
number_of_graphs: 10
graph_type: grid
size_of_graphs: [9, 9]
heuristic: bcc_heuristic
snake: True
run_uni: True
run_bi: True
run_multi: False
solution_vertices: []
algorithms: ['DFBnB']
bsd: False
cube_first_dims: 4
cube_buffer_dim: None
backward_sym_generation: False
sym_coil: False
prefix_set: None

---------- SM_Grids/9x9_grid_with_random_blocks_20per_0 ----------
[00:00:00:00:140] Expansion 36: New longest path found with length 32: [0, 9, 18, 27, 28, 37, 46, 45, 54, 63, 64, 65, 56, 57, 48, 49, 40, 31, 22, 13, 14, 15, 16, 25, 34, 33, 42, 51, 60, 69, 70, 71, 80]
[00:00:00:00:268] Expansion 89: New longest path found with length 34: [0, 9, 18, 27, 28, 37, 46, 45, 54, 63, 64, 65, 56, 57, 48, 49, 40, 31, 30, 21, 12, 13, 14, 15, 16, 25, 34, 33, 42, 51, 60, 69, 70, 71, 80]
[00:00:00:11:262] Path of length 34 found: [0, 9, 18, 27, 28, 37, 46, 45, 54, 63, 64, 65, 56, 57, 48, 49, 40, 31, 30, 21, 12, 13, 14, 15, 16, 25, 34, 33, 42, 51, 60, 69, 70, 71, 80]
[00:00:00:11:263] ! Unidirectional s-t. expansions: 2,802, time: 11,263 [ms], path length: 34 [edges], generated: 5,205
[00:00:00:00:139] Expansion 27: New longest path found with length 28: [80, 71, 62, 53, 52, 51, 60, 59, 58, 49, 40, 41, 32, 33, 34, 25, 16, 15, 14, 13, 12, 21, 20, 29, 28, 27, 18, 9, 0]
[00:00:00:00:678] Expansion 147: New longest path found with length 34: [80, 71, 62, 53, 52, 51, 42, 33, 34, 25, 16, 15, 14, 13, 12, 21, 30, 31, 40, 49, 58, 57, 56, 65, 64, 63, 54, 45, 46, 37, 28, 19, 10, 9, 0]
[00:00:00:21:365] Path of length 34 found: [80, 71, 62, 53, 52, 51, 42, 33, 34, 25, 16, 15, 14, 13, 12, 21, 30, 31, 40, 49, 58, 57, 56, 65, 64, 63, 54, 45, 46, 37, 28, 19, 10, 9, 0]
[00:00:00:21:365] ! Unidirectional t-s. expansions: 4,905, time: 21,365 [ms], path length: 34 [edges], generated: 8,881
[00:00:00:00:127] Expansion 18:New longest path found with length 34: [0, 9, 18, 27, 28, 37, 46, 45, 54, 63, 64, 65, 56, 57, 48, 49, 40, 31, 30, 21, 12, 13, 14, 15, 16, 25, 34, 33, 42, 51, 52, 53, 62, 71, 80]
[00:00:00:10:973] Path of length 34 found: [0, 9, 18, 27, 28, 37, 46, 45, 54, 63, 64, 65, 56, 57, 48, 49, 40, 31, 30, 21, 12, 13, 14, 15, 16, 25, 34, 33, 42, 51, 52, 53, 62, 71, 80]
[00:00:00:11:535] ! Bidirectional. expansions: 1,236, time: 10,973 [ms], path length: 34 [edges], g_F: 17, g_B: 17, generated: {'F': 2,342, 'B': 2,536}, MM: 0, MMPER: -1.0%
[00:00:00:11:535] 
---------- SM_Grids/9x9_grid_with_random_blocks_20per_1 ----------
[00:00:00:01:248] Expansion 416: New longest path found with length 18: [0, 9, 18, 27, 28, 37, 38, 39, 48, 57, 58, 59, 50, 51, 52, 61, 62, 71, 80]
[00:00:00:01:396] Expansion 455: New longest path found with length 28: [0, 9, 18, 27, 28, 37, 38, 39, 40, 31, 22, 21, 12, 3, 4, 5, 14, 15, 16, 25, 34, 33, 42, 51, 60, 61, 62, 71, 80]
[00:00:00:01:463] Expansion 481: New longest path found with length 30: [0, 9, 18, 27, 28, 37, 38, 39, 40, 31, 22, 21, 12, 3, 4, 5, 14, 15, 16, 25, 26, 35, 44, 43, 42, 51, 60, 61, 62, 71, 80]
[00:00:00:05:739] Path of length 30 found: [0, 9, 18, 27, 28, 37, 38, 39, 40, 31, 22, 21, 12, 3, 4, 5, 14, 15, 16, 25, 26, 35, 44, 43, 42, 51, 60, 61, 62, 71, 80]
[00:00:00:05:739] ! Unidirectional s-t. expansions: 1,338, time: 5,739 [ms], path length: 30 [edges], generated: 2,212
[00:00:00:00:135] Expansion 27: New longest path found with length 28: [80, 71, 62, 61, 52, 43, 44, 35, 26, 25, 16, 7, 6, 5, 4, 3, 12, 21, 22, 31, 40, 39, 38, 29, 28, 27, 18, 9, 0]
[00:00:00:05:380] Expansion 1,169: New longest path found with length 30: [80, 71, 62, 61, 60, 51, 42, 43, 44, 35, 26, 25, 16, 7, 6, 5, 4, 3, 12, 21, 22, 31, 40, 39, 38, 29, 28, 27, 18, 9, 0]
[00:00:00:06:947] Path of length 30 found: [80, 71, 62, 61, 60, 51, 42, 43, 44, 35, 26, 25, 16, 7, 6, 5, 4, 3, 12, 21, 22, 31, 40, 39, 38, 29, 28, 27, 18, 9, 0]
[00:00:00:06:948] ! Unidirectional t-s. expansions: 1,569, time: 6,947 [ms], path length: 30 [edges], generated: 2,716
[00:00:00:01:053] Expansion 540:New longest path found with length 16: [0, 9, 18, 27, 28, 37, 38, 39, 48, 49, 50, 51, 60, 61, 62, 71, 80]
[00:00:00:01:102] Expansion 547:New longest path found with length 26: [0, 9, 18, 27, 28, 37, 38, 39, 40, 31, 32, 23, 14, 5, 6, 7, 16, 25, 34, 43, 42, 51, 60, 61, 62, 71, 80]
[00:00:00:01:124] Expansion 554:New longest path found with length 28: [0, 9, 18, 27, 28, 37, 38, 39, 40, 31, 22, 21, 12, 3, 4, 5, 6, 7, 16, 25, 34, 43, 42, 51, 60, 61, 62, 71, 80]
[00:00:00:01:151] Expansion 562:New longest path found with length 30: [0, 9, 18, 27, 28, 37, 38, 39, 40, 31, 22, 21, 12, 3, 4, 5, 6, 7, 16, 25, 26, 35, 44, 43, 42, 51, 60, 61, 62, 71, 80]
[00:00:00:03:225] Path of length 30 found: [0, 9, 18, 27, 28, 37, 38, 39, 40, 31, 22, 21, 12, 3, 4, 5, 6, 7, 16, 25, 26, 35, 44, 43, 42, 51, 60, 61, 62, 71, 80]
[00:00:00:03:795] ! Bidirectional. expansions: 804, time: 3,225 [ms], path length: 30 [edges], g_F: 15, g_B: 15, generated: {'F': 1,362, 'B': 797}, MM: 0, MMPER: -1.0%
[00:00:00:03:795] 
---------- SM_Grids/9x9_grid_with_random_blocks_20per_2 ----------
[00:00:00:00:149] Expansion 33: New longest path found with length 34: [0, 9, 10, 19, 20, 21, 30, 31, 32, 23, 14, 5, 6, 7, 16, 25, 26, 35, 44, 43, 42, 51, 60, 59, 58, 57, 56, 65, 74, 75, 76, 77, 78, 79, 80]
[00:00:00:03:904] Path of length 34 found: [0, 9, 10, 19, 20, 21, 30, 31, 32, 23, 14, 5, 6, 7, 16, 25, 26, 35, 44, 43, 42, 51, 60, 59, 58, 57, 56, 65, 74, 75, 76, 77, 78, 79, 80]
[00:00:00:03:904] ! Unidirectional s-t. expansions: 803, time: 3,904 [ms], path length: 34 [edges], generated: 1,502
[00:00:00:00:117] Expansion 21: New longest path found with length 22: [80, 71, 62, 61, 60, 69, 78, 77, 76, 75, 74, 65, 56, 47, 38, 39, 30, 21, 20, 19, 10, 9, 0]
[00:00:00:00:674] Expansion 130: New longest path found with length 24: [80, 71, 62, 61, 60, 51, 42, 43, 44, 35, 26, 25, 16, 7, 6, 5, 4, 13, 22, 21, 20, 19, 10, 9, 0]
[00:00:00:00:716] Expansion 142: New longest path found with length 26: [80, 71, 62, 61, 60, 51, 42, 43, 44, 35, 26, 25, 16, 7, 6, 5, 14, 23, 32, 31, 30, 21, 20, 19, 10, 9, 0]
[00:00:00:03:111] Expansion 588: New longest path found with length 32: [80, 79, 78, 77, 76, 75, 74, 65, 56, 57, 58, 59, 60, 51, 42, 43, 44, 35, 26, 25, 16, 7, 6, 5, 4, 13, 22, 21, 20, 19, 10, 9, 0]
[00:00:00:03:140] Expansion 600: New longest path found with length 34: [80, 79, 78, 77, 76, 75, 74, 65, 56, 57, 58, 59, 60, 51, 42, 43, 44, 35, 26, 25, 16, 7, 6, 5, 14, 23, 32, 31, 30, 21, 20, 19, 10, 9, 0]
[00:00:00:03:630] Path of length 34 found: [80, 79, 78, 77, 76, 75, 74, 65, 56, 57, 58, 59, 60, 51, 42, 43, 44, 35, 26, 25, 16, 7, 6, 5, 14, 23, 32, 31, 30, 21, 20, 19, 10, 9, 0]
[00:00:00:03:630] ! Unidirectional t-s. expansions: 693, time: 3,630 [ms], path length: 34 [edges], generated: 1,231
[00:00:00:00:085] Expansion 13:New longest path found with length 22: [0, 9, 10, 19, 20, 21, 30, 39, 38, 47, 56, 65, 74, 75, 76, 77, 78, 69, 60, 61, 62, 71, 80]
[00:00:00:00:262] Expansion 34:New longest path found with length 24: [0, 9, 10, 19, 20, 21, 30, 31, 32, 23, 14, 5, 6, 7, 16, 25, 34, 43, 42, 51, 60, 61, 62, 71, 80]
[00:00:00:00:285] Expansion 41:New longest path found with length 26: [0, 9, 10, 19, 20, 21, 30, 31, 32, 23, 14, 5, 6, 7, 16, 25, 26, 35, 44, 43, 42, 51, 60, 61, 62, 71, 80]
[00:00:00:00:722] Expansion 106:New longest path found with length 34: [0, 9, 10, 19, 20, 21, 30, 31, 32, 23, 14, 5, 6, 7, 16, 25, 26, 35, 44, 43, 42, 51, 60, 59, 58, 57, 56, 65, 74, 75, 76, 77, 78, 79, 80]
[00:00:00:00:950] Path of length 34 found: [0, 9, 10, 19, 20, 21, 30, 31, 32, 23, 14, 5, 6, 7, 16, 25, 26, 35, 44, 43, 42, 51, 60, 59, 58, 57, 56, 65, 74, 75, 76, 77, 78, 79, 80]
[00:00:00:01:495] ! Bidirectional. expansions: 130, time: 950 [ms], path length: 34 [edges], g_F: 17, g_B: 17, generated: {'F': 252, 'B': 227}, MM: 0, MMPER: -1.0%
[00:00:00:01:495] 
---------- SM_Grids/9x9_grid_with_random_blocks_20per_3 ----------
[00:00:00:01:914] Expansion 873: New longest path found with length 20: [0, 9, 10, 11, 2, 3, 4, 13, 14, 15, 16, 25, 34, 35, 44, 53, 52, 61, 70, 79, 80]
[00:00:00:01:943] Expansion 881: New longest path found with length 26: [0, 9, 10, 11, 2, 3, 4, 13, 14, 15, 16, 25, 34, 35, 44, 53, 52, 61, 60, 59, 58, 67, 76, 77, 78, 79, 80]
[00:00:00:02:066] Expansion 921: New longest path found with length 34: [0, 9, 10, 11, 2, 3, 4, 13, 14, 15, 16, 25, 34, 33, 32, 41, 40, 39, 30, 29, 28, 27, 36, 45, 54, 55, 56, 57, 66, 67, 76, 77, 78, 79, 80]
[00:00:00:02:082] Expansion 929: New longest path found with length 36: [0, 9, 10, 11, 2, 3, 4, 13, 14, 15, 16, 25, 34, 33, 32, 41, 40, 39, 30, 29, 28, 27, 36, 45, 54, 55, 56, 57, 66, 67, 68, 59, 60, 61, 70, 79, 80]
[00:00:00:02:846] Expansion 1,175: New longest path found with length 38: [0, 9, 10, 11, 2, 3, 4, 13, 14, 15, 16, 17, 26, 35, 34, 33, 32, 41, 40, 39, 30, 29, 28, 27, 36, 45, 54, 55, 56, 57, 66, 67, 68, 59, 60, 61, 70, 79, 80]
[00:00:00:07:691] Path of length 38 found: [0, 9, 10, 11, 2, 3, 4, 13, 14, 15, 16, 17, 26, 35, 34, 33, 32, 41, 40, 39, 30, 29, 28, 27, 36, 45, 54, 55, 56, 57, 66, 67, 68, 59, 60, 61, 70, 79, 80]
[00:00:00:07:691] ! Unidirectional s-t. expansions: 2,339, time: 7,691 [ms], path length: 38 [edges], generated: 3,695
[00:00:00:00:156] Expansion 34: New longest path found with length 30: [80, 79, 70, 61, 52, 53, 44, 35, 26, 17, 16, 15, 24, 33, 32, 41, 40, 49, 58, 57, 56, 55, 46, 45, 36, 27, 28, 19, 10, 1, 0]
[00:00:00:02:951] Expansion 857: New longest path found with length 36: [80, 79, 70, 61, 60, 59, 68, 67, 66, 57, 56, 55, 46, 45, 36, 27, 28, 29, 38, 39, 40, 41, 32, 33, 34, 25, 16, 15, 14, 5, 4, 3, 2, 11, 10, 9, 0]
[00:00:00:02:976] Expansion 870: New longest path found with length 38: [80, 79, 70, 61, 60, 59, 68, 67, 66, 57, 56, 55, 46, 45, 36, 27, 28, 29, 38, 39, 40, 41, 32, 33, 34, 35, 26, 17, 16, 15, 14, 5, 4, 3, 2, 11, 10, 9, 0]
[00:00:00:05:061] Path of length 38 found: [80, 79, 70, 61, 60, 59, 68, 67, 66, 57, 56, 55, 46, 45, 36, 27, 28, 29, 38, 39, 40, 41, 32, 33, 34, 35, 26, 17, 16, 15, 14, 5, 4, 3, 2, 11, 10, 9, 0]
[00:00:00:05:062] ! Unidirectional t-s. expansions: 1,286, time: 5,062 [ms], path length: 38 [edges], generated: 2,150
[00:00:00:00:113] Expansion 14:New longest path found with length 28: [0, 9, 10, 11, 2, 3, 4, 13, 14, 15, 16, 25, 34, 33, 32, 41, 40, 39, 48, 57, 66, 67, 68, 59, 60, 61, 70, 79, 80]
[00:00:00:00:133] Expansion 19:New longest path found with length 30: [0, 9, 10, 11, 2, 3, 4, 13, 14, 15, 16, 17, 26, 35, 34, 33, 32, 41, 40, 39, 48, 57, 66, 67, 68, 59, 60, 61, 70, 79, 80]
[00:00:00:00:167] Expansion 28:New longest path found with length 38: [0, 9, 10, 11, 2, 3, 4, 13, 14, 15, 16, 17, 26, 35, 34, 33, 32, 41, 40, 39, 38, 29, 28, 27, 36, 45, 46, 55, 56, 57, 66, 67, 68, 59, 60, 61, 70, 79, 80]
[00:00:00:02:279] Path of length 38 found: [0, 9, 10, 11, 2, 3, 4, 13, 14, 15, 16, 17, 26, 35, 34, 33, 32, 41, 40, 39, 38, 29, 28, 27, 36, 45, 46, 55, 56, 57, 66, 67, 68, 59, 60, 61, 70, 79, 80]
[00:00:00:02:825] ! Bidirectional. expansions: 338, time: 2,280 [ms], path length: 38 [edges], g_F: 19, g_B: 19, generated: {'F': 489, 'B': 627}, MM: 0, MMPER: -1.0%
[00:00:00:02:825] 
---------- SM_Grids/9x9_grid_with_random_blocks_20per_4 ----------
[00:00:00:00:208] Expansion 46: New longest path found with length 36: [0, 9, 10, 19, 28, 37, 36, 45, 54, 63, 64, 65, 56, 47, 48, 49, 40, 31, 30, 21, 12, 3, 4, 5, 14, 15, 16, 25, 34, 43, 42, 51, 60, 69, 70, 79, 80]
[00:00:00:02:708] Path of length 36 found: [0, 9, 10, 19, 28, 37, 36, 45, 54, 63, 64, 65, 56, 47, 48, 49, 40, 31, 30, 21, 12, 3, 4, 5, 14, 15, 16, 25, 34, 43, 42, 51, 60, 69, 70, 79, 80]
[00:00:00:02:708] ! Unidirectional s-t. expansions: 691, time: 2,708 [ms], path length: 36 [edges], generated: 1,070
[00:00:00:00:127] Expansion 25: New longest path found with length 26: [80, 71, 62, 61, 60, 59, 50, 49, 48, 47, 56, 65, 64, 63, 54, 45, 36, 37, 28, 29, 30, 21, 12, 3, 2, 1, 0]
[00:00:00:00:880] Expansion 249: New longest path found with length 36: [80, 71, 62, 61, 60, 51, 42, 43, 34, 25, 16, 15, 6, 5, 4, 3, 12, 21, 30, 31, 40, 49, 48, 47, 56, 65, 64, 63, 54, 45, 36, 37, 28, 19, 10, 1, 0]
[00:00:00:03:055] Path of length 36 found: [80, 71, 62, 61, 60, 51, 42, 43, 34, 25, 16, 15, 6, 5, 4, 3, 12, 21, 30, 31, 40, 49, 48, 47, 56, 65, 64, 63, 54, 45, 36, 37, 28, 19, 10, 1, 0]
[00:00:00:03:055] ! Unidirectional t-s. expansions: 765, time: 3,055 [ms], path length: 36 [edges], generated: 1,257
[00:00:00:00:097] Expansion 13:New longest path found with length 22: [0, 9, 10, 19, 28, 37, 36, 45, 54, 63, 64, 65, 56, 47, 48, 49, 50, 59, 60, 61, 62, 71, 80]
[00:00:00:00:156] Expansion 27:New longest path found with length 36: [0, 9, 10, 19, 28, 37, 36, 45, 54, 63, 64, 65, 56, 47, 48, 49, 40, 31, 30, 21, 12, 3, 4, 5, 6, 15, 16, 25, 34, 43, 42, 51, 60, 61, 62, 71, 80]
[00:00:00:03:608] Path of length 36 found: [0, 9, 10, 19, 28, 37, 36, 45, 54, 63, 64, 65, 56, 47, 48, 49, 40, 31, 30, 21, 12, 3, 4, 5, 6, 15, 16, 25, 34, 43, 42, 51, 60, 61, 62, 71, 80]
[00:00:00:04:148] ! Bidirectional. expansions: 489, time: 3,608 [ms], path length: 36 [edges], g_F: 18, g_B: 18, generated: {'F': 774, 'B': 921}, MM: 0, MMPER: -1.0%
[00:00:00:04:148] 
---------- SM_Grids/9x9_grid_with_random_blocks_20per_5 ----------
[00:00:00:00:517] Expansion 162: New longest path found with length 20: [0, 1, 10, 19, 28, 29, 38, 47, 56, 65, 66, 67, 58, 59, 50, 51, 52, 61, 70, 79, 80]
[00:00:00:00:575] Expansion 182: New longest path found with length 34: [0, 1, 10, 19, 28, 29, 38, 47, 56, 65, 66, 67, 58, 59, 50, 41, 32, 31, 22, 13, 14, 15, 6, 7, 8, 17, 26, 25, 34, 43, 52, 61, 70, 79, 80]
[00:00:00:13:274] Path of length 34 found: [0, 1, 10, 19, 28, 29, 38, 47, 56, 65, 66, 67, 58, 59, 50, 41, 32, 31, 22, 13, 14, 15, 6, 7, 8, 17, 26, 25, 34, 43, 52, 61, 70, 79, 80]
[00:00:00:13:274] ! Unidirectional s-t. expansions: 3,162, time: 13,274 [ms], path length: 34 [edges], generated: 5,308
[00:00:00:00:122] Expansion 23: New longest path found with length 24: [80, 71, 62, 61, 52, 43, 44, 35, 26, 17, 8, 7, 6, 15, 24, 33, 32, 31, 30, 21, 20, 19, 10, 1, 0]
[00:00:00:00:184] Expansion 43: New longest path found with length 26: [80, 71, 62, 61, 52, 43, 44, 35, 26, 17, 8, 7, 6, 15, 24, 33, 32, 31, 22, 21, 20, 29, 28, 27, 18, 9, 0]
[00:00:00:00:243] Expansion 61: New longest path found with length 34: [80, 71, 62, 61, 52, 43, 44, 35, 26, 17, 8, 7, 6, 15, 24, 33, 32, 41, 50, 59, 58, 67, 66, 65, 56, 47, 48, 39, 30, 21, 20, 19, 10, 1, 0]
[00:00:00:11:224] Path of length 34 found: [80, 71, 62, 61, 52, 43, 44, 35, 26, 17, 8, 7, 6, 15, 24, 33, 32, 41, 50, 59, 58, 67, 66, 65, 56, 47, 48, 39, 30, 21, 20, 19, 10, 1, 0]
[00:00:00:11:224] ! Unidirectional t-s. expansions: 2,769, time: 11,224 [ms], path length: 34 [edges], generated: 4,728
[00:00:00:00:127] Expansion 22:New longest path found with length 34: [0, 1, 10, 19, 28, 29, 38, 39, 48, 57, 66, 67, 68, 59, 50, 41, 32, 31, 22, 13, 14, 15, 6, 7, 8, 17, 26, 35, 44, 43, 52, 61, 62, 71, 80]
[00:00:00:06:055] Path of length 34 found: [0, 1, 10, 19, 28, 29, 38, 39, 48, 57, 66, 67, 68, 59, 50, 41, 32, 31, 22, 13, 14, 15, 6, 7, 8, 17, 26, 35, 44, 43, 52, 61, 62, 71, 80]
[00:00:00:06:599] ! Bidirectional. expansions: 866, time: 6,056 [ms], path length: 34 [edges], g_F: 17, g_B: 17, generated: {'F': 1,682, 'B': 1,441}, MM: 0, MMPER: -1.0%
[00:00:00:06:599] 
---------- SM_Grids/9x9_grid_with_random_blocks_20per_6 ----------
[00:00:00:00:187] Expansion 34: New longest path found with length 16: [0, 9, 18, 27, 28, 29, 38, 47, 48, 49, 50, 59, 68, 77, 78, 79, 80]
[00:00:00:00:326] Expansion 65: New longest path found with length 18: [0, 9, 18, 27, 28, 29, 38, 39, 40, 41, 50, 59, 58, 67, 76, 77, 78, 79, 80]
[00:00:00:01:678] Path of length 18 found: [0, 9, 18, 27, 28, 29, 38, 39, 40, 41, 50, 59, 58, 67, 76, 77, 78, 79, 80]
[00:00:00:01:679] ! Unidirectional s-t. expansions: 335, time: 1,678 [ms], path length: 18 [edges], generated: 587
[00:00:00:00:083] Expansion 15: New longest path found with length 16: [80, 79, 70, 69, 68, 67, 58, 49, 40, 39, 30, 29, 28, 27, 18, 9, 0]
[00:00:00:01:912] Expansion 515: New longest path found with length 18: [80, 79, 78, 77, 76, 67, 58, 59, 50, 41, 40, 39, 30, 29, 28, 27, 18, 9, 0]
[00:00:00:02:982] Path of length 18 found: [80, 79, 78, 77, 76, 67, 58, 59, 50, 41, 40, 39, 30, 29, 28, 27, 18, 9, 0]
[00:00:00:02:982] ! Unidirectional t-s. expansions: 805, time: 2,982 [ms], path length: 18 [edges], generated: 1,171
[00:00:00:00:077] Expansion 8:New longest path found with length 16: [0, 9, 18, 27, 28, 29, 38, 39, 48, 49, 58, 67, 68, 69, 70, 79, 80]
[00:00:00:00:745] Expansion 174:New longest path found with length 18: [0, 9, 18, 27, 28, 29, 38, 39, 40, 41, 50, 59, 58, 67, 76, 77, 78, 79, 80]
[00:00:00:02:293] Path of length 18 found: [0, 9, 18, 27, 28, 29, 38, 39, 40, 41, 50, 59, 58, 67, 76, 77, 78, 79, 80]
[00:00:00:02:829] ! Bidirectional. expansions: 368, time: 2,293 [ms], path length: 18 [edges], g_F: 9, g_B: 9, generated: {'F': 556, 'B': 766}, MM: 0, MMPER: -1.0%
[00:00:00:02:829] 
---------- SM_Grids/9x9_grid_with_random_blocks_20per_7 ----------
[00:00:00:00:165] Expansion 41: New longest path found with length 28: [0, 9, 10, 11, 20, 21, 30, 31, 40, 49, 48, 47, 38, 37, 36, 45, 54, 63, 64, 65, 66, 67, 68, 59, 60, 61, 70, 79, 80]
[00:00:00:24:350] Path of length 28 found: [0, 9, 10, 11, 20, 21, 30, 31, 40, 49, 48, 47, 38, 37, 36, 45, 54, 63, 64, 65, 66, 67, 68, 59, 60, 61, 70, 79, 80]
[00:00:00:24:350] ! Unidirectional s-t. expansions: 6,384, time: 24,350 [ms], path length: 28 [edges], generated: 10,323
[00:00:00:00:118] Expansion 21: New longest path found with length 22: [80, 71, 62, 61, 60, 59, 68, 67, 66, 65, 64, 63, 54, 45, 36, 27, 28, 29, 20, 11, 10, 1, 0]
[00:00:00:00:164] Expansion 36: New longest path found with length 28: [80, 71, 62, 61, 60, 59, 68, 67, 66, 65, 64, 63, 54, 45, 36, 37, 38, 47, 48, 49, 40, 31, 22, 21, 20, 11, 10, 1, 0]
[00:00:00:03:839] Path of length 28 found: [80, 71, 62, 61, 60, 59, 68, 67, 66, 65, 64, 63, 54, 45, 36, 37, 38, 47, 48, 49, 40, 31, 22, 21, 20, 11, 10, 1, 0]
[00:00:00:03:839] ! Unidirectional t-s. expansions: 838, time: 3,839 [ms], path length: 28 [edges], generated: 1,503
[00:00:00:00:097] Expansion 12:New longest path found with length 20: [0, 1, 10, 19, 18, 27, 36, 45, 54, 63, 64, 65, 66, 67, 68, 59, 60, 61, 62, 71, 80]
[00:00:00:00:139] Expansion 21:New longest path found with length 24: [0, 1, 10, 19, 18, 27, 36, 37, 38, 29, 30, 31, 40, 49, 48, 57, 66, 67, 68, 59, 60, 61, 62, 71, 80]
[00:00:00:00:181] Expansion 28:New longest path found with length 26: [0, 1, 10, 19, 18, 27, 36, 45, 54, 63, 64, 65, 56, 47, 38, 29, 30, 31, 40, 49, 50, 59, 60, 61, 62, 71, 80]
[00:00:00:00:563] Expansion 79:New longest path found with length 28: [0, 1, 10, 19, 20, 21, 22, 31, 40, 49, 48, 47, 38, 37, 36, 45, 54, 63, 64, 65, 66, 67, 68, 59, 60, 61, 62, 71, 80]
[00:00:00:05:688] Path of length 28 found: [0, 1, 10, 19, 20, 21, 22, 31, 40, 49, 48, 47, 38, 37, 36, 45, 54, 63, 64, 65, 66, 67, 68, 59, 60, 61, 62, 71, 80]
[00:00:00:06:275] ! Bidirectional. expansions: 697, time: 5,688 [ms], path length: 28 [edges], g_F: 14, g_B: 14, generated: {'F': 1,286, 'B': 1,399}, MM: 0, MMPER: -1.0%
[00:00:00:06:275] 
---------- SM_Grids/9x9_grid_with_random_blocks_20per_8 ----------
[00:00:00:00:159] Expansion 35: New longest path found with length 36: [0, 9, 18, 27, 28, 29, 20, 21, 12, 3, 4, 5, 14, 15, 16, 17, 26, 35, 34, 33, 32, 41, 50, 49, 48, 47, 46, 55, 64, 65, 66, 75, 76, 77, 78, 79, 80]
[00:00:00:00:215] Expansion 55: New longest path found with length 38: [0, 9, 18, 27, 28, 29, 20, 21, 12, 3, 4, 5, 14, 15, 16, 17, 26, 35, 34, 43, 52, 61, 60, 59, 50, 49, 48, 47, 46, 55, 64, 65, 66, 75, 76, 77, 78, 79, 80]
[00:00:00:11:194] Path of length 38 found: [0, 9, 18, 27, 28, 29, 20, 21, 12, 3, 4, 5, 14, 15, 16, 17, 26, 35, 34, 43, 52, 61, 60, 59, 50, 49, 48, 47, 46, 55, 64, 65, 66, 75, 76, 77, 78, 79, 80]
[00:00:00:11:194] ! Unidirectional s-t. expansions: 2,781, time: 11,194 [ms], path length: 38 [edges], generated: 4,716
[00:00:00:00:089] Expansion 15: New longest path found with length 16: [80, 79, 70, 61, 60, 51, 50, 49, 48, 39, 30, 21, 20, 19, 10, 9, 0]
[00:00:00:00:194] Expansion 41: New longest path found with length 26: [80, 79, 70, 61, 60, 51, 50, 41, 32, 33, 34, 25, 16, 15, 14, 5, 4, 3, 12, 21, 20, 29, 28, 27, 18, 9, 0]
[00:00:00:00:273] Expansion 62: New longest path found with length 28: [80, 79, 70, 61, 60, 51, 50, 41, 32, 33, 34, 35, 26, 17, 16, 15, 14, 5, 4, 3, 12, 21, 20, 29, 28, 27, 18, 9, 0]
[00:00:00:01:362] Expansion 274: New longest path found with length 34: [80, 79, 70, 61, 52, 53, 44, 35, 26, 17, 16, 15, 24, 33, 32, 41, 50, 59, 58, 67, 66, 65, 64, 55, 46, 47, 48, 39, 30, 21, 20, 19, 10, 9, 0]
[00:00:00:01:441] Expansion 303: New longest path found with length 36: [80, 79, 70, 61, 52, 53, 44, 35, 26, 17, 16, 15, 24, 33, 32, 41, 50, 59, 68, 77, 76, 75, 66, 65, 64, 55, 46, 47, 48, 39, 30, 21, 20, 19, 10, 9, 0]
[00:00:00:02:735] Expansion 596: New longest path found with length 38: [80, 79, 78, 77, 76, 75, 66, 65, 64, 55, 46, 47, 48, 49, 58, 59, 60, 51, 52, 53, 44, 35, 26, 17, 16, 15, 14, 5, 4, 3, 12, 21, 20, 29, 28, 27, 18, 9, 0]
[00:00:00:08:554] Path of length 38 found: [80, 79, 78, 77, 76, 75, 66, 65, 64, 55, 46, 47, 48, 49, 58, 59, 60, 51, 52, 53, 44, 35, 26, 17, 16, 15, 14, 5, 4, 3, 12, 21, 20, 29, 28, 27, 18, 9, 0]
[00:00:00:08:554] ! Unidirectional t-s. expansions: 2,345, time: 8,554 [ms], path length: 38 [edges], generated: 3,796
[00:00:00:00:072] Expansion 8:New longest path found with length 16: [0, 9, 18, 27, 28, 29, 30, 31, 32, 41, 50, 51, 60, 61, 70, 79, 80]
[00:00:00:00:099] Expansion 14:New longest path found with length 26: [0, 9, 18, 27, 28, 29, 30, 21, 12, 3, 4, 5, 14, 15, 16, 25, 34, 33, 32, 41, 50, 51, 60, 61, 70, 79, 80]
[00:00:00:00:107] Expansion 17:New longest path found with length 28: [0, 9, 18, 27, 28, 29, 30, 21, 12, 3, 4, 5, 14, 15, 16, 17, 26, 35, 34, 33, 32, 41, 50, 51, 60, 61, 70, 79, 80]
[00:00:00:00:366] Expansion 60:New longest path found with length 36: [0, 9, 18, 27, 28, 29, 30, 39, 48, 47, 46, 55, 64, 65, 66, 75, 76, 77, 68, 59, 50, 41, 32, 33, 24, 15, 16, 17, 26, 35, 44, 53, 52, 61, 70, 79, 80]
[00:00:00:01:052] Expansion 147:New longest path found with length 38: [0, 9, 18, 27, 28, 29, 20, 21, 12, 3, 4, 5, 14, 15, 16, 17, 26, 35, 34, 43, 52, 61, 60, 59, 50, 49, 48, 47, 46, 55, 64, 65, 66, 75, 76, 77, 78, 79, 80]
[00:00:00:06:189] Path of length 38 found: [0, 9, 18, 27, 28, 29, 20, 21, 12, 3, 4, 5, 14, 15, 16, 17, 26, 35, 34, 43, 52, 61, 60, 59, 50, 49, 48, 47, 46, 55, 64, 65, 66, 75, 76, 77, 78, 79, 80]
[00:00:00:06:730] ! Bidirectional. expansions: 885, time: 6,189 [ms], path length: 38 [edges], g_F: 19, g_B: 19, generated: {'F': 1,603, 'B': 1,613}, MM: 0, MMPER: -1.0%
[00:00:00:06:731] 
---------- SM_Grids/9x9_grid_with_random_blocks_20per_9 ----------
[00:00:00:00:140] Expansion 31: New longest path found with length 32: [0, 9, 18, 27, 36, 37, 46, 47, 56, 65, 74, 75, 76, 67, 58, 49, 40, 39, 30, 21, 22, 23, 24, 25, 34, 43, 42, 51, 60, 69, 70, 71, 80]
[00:00:00:00:528] Expansion 114: New longest path found with length 34: [0, 9, 18, 27, 36, 37, 46, 55, 54, 63, 72, 73, 74, 75, 76, 67, 58, 49, 48, 39, 30, 21, 22, 23, 24, 25, 34, 43, 42, 51, 60, 69, 70, 71, 80]
[00:00:00:05:643] Path of length 34 found: [0, 9, 18, 27, 36, 37, 46, 55, 54, 63, 72, 73, 74, 75, 76, 67, 58, 49, 48, 39, 30, 21, 22, 23, 24, 25, 34, 43, 42, 51, 60, 69, 70, 71, 80]
[00:00:00:05:643] ! Unidirectional s-t. expansions: 1,312, time: 5,643 [ms], path length: 34 [edges], generated: 2,266
[00:00:00:00:098] Expansion 20: New longest path found with length 18: [80, 71, 70, 69, 78, 77, 76, 67, 58, 49, 48, 47, 46, 37, 36, 27, 18, 9, 0]
[00:00:00:00:165] Expansion 42: New longest path found with length 24: [80, 71, 70, 69, 78, 77, 76, 67, 58, 49, 48, 47, 56, 65, 74, 73, 72, 63, 54, 45, 36, 27, 18, 9, 0]
[00:00:00:00:423] Expansion 98: New longest path found with length 32: [80, 71, 70, 69, 60, 51, 52, 43, 34, 25, 24, 23, 22, 21, 30, 39, 40, 49, 58, 67, 76, 75, 74, 65, 56, 47, 46, 37, 36, 27, 18, 9, 0]
[00:00:00:00:642] Expansion 211: New longest path found with length 34: [80, 71, 70, 69, 60, 51, 52, 43, 34, 25, 24, 23, 22, 21, 30, 39, 40, 49, 58, 67, 76, 75, 74, 73, 72, 63, 54, 55, 46, 37, 36, 27, 18, 9, 0]
[00:00:00:04:129] Path of length 34 found: [80, 71, 70, 69, 60, 51, 52, 43, 34, 25, 24, 23, 22, 21, 30, 39, 40, 49, 58, 67, 76, 75, 74, 73, 72, 63, 54, 55, 46, 37, 36, 27, 18, 9, 0]
[00:00:00:04:130] ! Unidirectional t-s. expansions: 1,333, time: 4,130 [ms], path length: 34 [edges], generated: 2,008
[00:00:00:00:130] Expansion 37:New longest path found with length 18: [0, 9, 18, 27, 36, 37, 46, 55, 56, 57, 58, 67, 76, 77, 78, 69, 70, 71, 80]
[00:00:00:00:188] Expansion 52:New longest path found with length 20: [0, 9, 18, 27, 36, 37, 46, 55, 54, 63, 72, 73, 74, 75, 76, 77, 78, 69, 70, 71, 80]
[00:00:00:00:273] Expansion 68:New longest path found with length 24: [0, 9, 18, 27, 36, 45, 54, 63, 72, 73, 74, 65, 56, 47, 48, 49, 58, 67, 76, 77, 78, 69, 70, 71, 80]
[00:00:00:00:380] Expansion 86:New longest path found with length 32: [0, 9, 18, 27, 36, 37, 46, 47, 56, 65, 74, 75, 76, 67, 58, 49, 40, 39, 30, 21, 22, 23, 24, 25, 34, 43, 52, 51, 60, 69, 70, 71, 80]
[00:00:00:00:432] Expansion 96:New longest path found with length 34: [0, 9, 18, 27, 36, 37, 46, 55, 54, 63, 72, 73, 74, 75, 76, 67, 58, 49, 48, 39, 30, 21, 22, 23, 24, 25, 34, 43, 52, 51, 60, 69, 70, 71, 80]
[00:00:00:01:425] Path of length 34 found: [0, 9, 18, 27, 36, 37, 46, 55, 54, 63, 72, 73, 74, 75, 76, 67, 58, 49, 48, 39, 30, 21, 22, 23, 24, 25, 34, 43, 52, 51, 60, 69, 70, 71, 80]
[00:00:00:01:967] ! Bidirectional. expansions: 222, time: 1,425 [ms], path length: 34 [edges], g_F: 17, g_B: 17, generated: {'F': 356, 'B': 424}, MM: 0, MMPER: -1.0%

[00:00:00:01:967] average expansions: (2,195, 1,731, 604, 0)
[00:00:00:01:968] average time: (8,744, 7,079, 4,269, 0)
[00:00:00:01:968] X-DFBnB: 1,731 , 7,079 (expansions , time[ms])
[00:00:00:01:968] BiX-DFBnB: 604 , 4,269 (expansions , time[ms])

