Wed 18 Mar 2026 10:41:05 IST

SLURM_JOBID:		 16051542
SLURM_JOB_NODELIST:	 ise-cpu256-32 

--------------------------
date: SM_Grids
number_of_graphs: 10
graph_type: grid
size_of_graphs: [9, 9]
heuristic: bcc_heuristic
snake: True
run_uni: True
run_bi: True
run_multi: False
solution_vertices: []
algorithms: ['DFBnB']
bsd: False
cube_first_dims: 4
cube_buffer_dim: None
backward_sym_generation: False
sym_coil: False
prefix_set: None

---------- SM_Grids/9x9_grid_with_random_blocks_16per_0 ----------
[00:00:00:12:765] Expansion 4,576: New longest path found with length 18: [0, 1, 2, 11, 12, 13, 14, 23, 24, 25, 26, 35, 44, 43, 52, 61, 70, 79, 80]
[00:00:00:12:855] Expansion 4,601: New longest path found with length 38: [0, 1, 2, 11, 12, 13, 14, 23, 24, 25, 26, 35, 44, 43, 42, 41, 40, 39, 30, 29, 28, 37, 46, 45, 54, 63, 72, 73, 74, 65, 56, 57, 58, 59, 60, 61, 70, 79, 80]
[00:00:00:25:969] Expansion 7,647: New longest path found with length 40: [0, 1, 2, 3, 4, 13, 14, 23, 24, 25, 26, 35, 44, 43, 42, 41, 40, 39, 30, 21, 20, 19, 28, 37, 46, 45, 54, 63, 72, 73, 74, 65, 56, 57, 58, 59, 60, 61, 70, 79, 80]
[00:00:00:37:556] Path of length 40 found: [0, 1, 2, 3, 4, 13, 14, 23, 24, 25, 26, 35, 44, 43, 42, 41, 40, 39, 30, 21, 20, 19, 28, 37, 46, 45, 54, 63, 72, 73, 74, 65, 56, 57, 58, 59, 60, 61, 70, 79, 80]
[00:00:00:37:556] ! Unidirectional s-t. expansions: 10,278, time: 37,556 [ms], path length: 40 [edges], generated: 16,364
[00:00:00:00:211] Expansion 46: New longest path found with length 34: [80, 71, 62, 53, 44, 35, 26, 25, 24, 33, 42, 41, 50, 59, 58, 67, 66, 75, 74, 73, 72, 63, 54, 45, 46, 47, 48, 39, 30, 29, 28, 19, 10, 1, 0]
[00:00:00:00:602] Expansion 174: New longest path found with length 36: [80, 71, 62, 53, 44, 35, 26, 25, 24, 33, 42, 41, 50, 59, 58, 67, 66, 75, 74, 73, 72, 63, 54, 55, 56, 47, 38, 37, 28, 19, 20, 21, 12, 3, 2, 1, 0]
[00:00:00:15:166] Expansion 4,093: New longest path found with length 38: [80, 71, 62, 53, 44, 35, 26, 25, 24, 23, 14, 13, 12, 21, 30, 39, 40, 41, 42, 51, 60, 59, 58, 67, 66, 75, 74, 73, 72, 63, 54, 55, 46, 37, 28, 19, 10, 1, 0]
[00:00:00:15:695] Expansion 4,264: New longest path found with length 40: [80, 71, 62, 53, 44, 35, 26, 25, 24, 23, 14, 5, 4, 3, 12, 21, 30, 39, 40, 41, 42, 51, 60, 59, 58, 67, 66, 75, 74, 73, 72, 63, 54, 55, 46, 37, 28, 19, 10, 1, 0]
[00:00:00:58:594] Path of length 40 found: [80, 71, 62, 53, 44, 35, 26, 25, 24, 23, 14, 5, 4, 3, 12, 21, 30, 39, 40, 41, 42, 51, 60, 59, 58, 67, 66, 75, 74, 73, 72, 63, 54, 55, 46, 37, 28, 19, 10, 1, 0]
[00:00:00:58:594] ! Unidirectional t-s. expansions: 15,238, time: 58,594 [ms], path length: 40 [edges], generated: 26,370
[00:00:00:00:136] Expansion 18:New longest path found with length 36: [0, 1, 2, 11, 12, 21, 30, 29, 28, 37, 46, 45, 54, 63, 72, 73, 74, 65, 66, 67, 68, 59, 50, 41, 42, 33, 24, 25, 26, 35, 44, 53, 62, 61, 70, 79, 80]
[00:00:00:00:438] Expansion 79:New longest path found with length 38: [0, 1, 2, 11, 12, 13, 14, 23, 24, 25, 26, 35, 44, 43, 42, 41, 40, 39, 30, 29, 28, 37, 46, 45, 54, 63, 72, 73, 74, 75, 66, 67, 68, 59, 60, 61, 70, 79, 80]
[00:00:00:01:649] Expansion 258:New longest path found with length 40: [0, 1, 2, 3, 4, 13, 14, 23, 24, 25, 26, 35, 44, 43, 42, 41, 40, 39, 30, 21, 20, 19, 28, 37, 46, 45, 54, 63, 72, 73, 74, 75, 66, 67, 68, 59, 60, 61, 70, 79, 80]
[00:00:00:14:702] Path of length 40 found: [0, 1, 2, 3, 4, 13, 14, 23, 24, 25, 26, 35, 44, 43, 42, 41, 40, 39, 30, 21, 20, 19, 28, 37, 46, 45, 54, 63, 72, 73, 74, 75, 66, 67, 68, 59, 60, 61, 70, 79, 80]
[00:00:00:15:273] ! Bidirectional. expansions: 2,456, time: 14,702 [ms], path length: 40 [edges], g_F: 20, g_B: 20, generated: {'F': 4,588, 'B': 4,129}, MM: 0, MMPER: -1.0%
[00:00:00:15:274] 
---------- SM_Grids/9x9_grid_with_random_blocks_16per_1 ----------
[00:00:00:00:182] Expansion 41: New longest path found with length 30: [0, 9, 18, 27, 28, 37, 46, 47, 48, 39, 30, 21, 20, 11, 2, 3, 4, 5, 6, 15, 24, 23, 32, 41, 50, 59, 68, 69, 70, 71, 80]
[00:00:00:04:158] Expansion 950: New longest path found with length 32: [0, 9, 18, 27, 36, 45, 54, 55, 56, 47, 38, 39, 30, 21, 20, 11, 2, 3, 4, 5, 6, 15, 24, 23, 32, 41, 50, 59, 68, 69, 70, 71, 80]
[00:00:00:34:017] Expansion 8,890: New longest path found with length 34: [0, 9, 10, 11, 2, 3, 4, 5, 6, 15, 24, 23, 22, 21, 30, 29, 28, 27, 36, 45, 54, 55, 56, 47, 48, 49, 50, 41, 42, 43, 52, 61, 70, 71, 80]
[00:00:01:01:515] Path of length 34 found: [0, 9, 10, 11, 2, 3, 4, 5, 6, 15, 24, 23, 22, 21, 30, 29, 28, 27, 36, 45, 54, 55, 56, 47, 48, 49, 50, 41, 42, 43, 52, 61, 70, 71, 80]
[00:00:01:01:515] ! Unidirectional s-t. expansions: 15,688, time: 61,515 [ms], path length: 34 [edges], generated: 28,222
[00:00:00:00:376] Expansion 110: New longest path found with length 22: [80, 71, 62, 53, 44, 43, 42, 51, 50, 49, 48, 47, 56, 55, 54, 45, 36, 27, 18, 19, 10, 1, 0]
[00:00:00:00:417] Expansion 124: New longest path found with length 34: [80, 71, 62, 53, 44, 43, 42, 51, 50, 49, 48, 47, 56, 55, 54, 45, 36, 27, 18, 19, 20, 29, 30, 31, 32, 23, 24, 15, 6, 5, 4, 3, 2, 1, 0]
[00:00:00:09:748] Path of length 34 found: [80, 71, 62, 53, 44, 43, 42, 51, 50, 49, 48, 47, 56, 55, 54, 45, 36, 27, 18, 19, 20, 29, 30, 31, 32, 23, 24, 15, 6, 5, 4, 3, 2, 1, 0]
[00:00:00:09:748] ! Unidirectional t-s. expansions: 1,904, time: 9,748 [ms], path length: 34 [edges], generated: 3,442
[00:00:00:00:137] Expansion 15:New longest path found with length 30: [0, 9, 18, 27, 28, 37, 46, 47, 48, 39, 30, 21, 20, 11, 2, 3, 4, 5, 6, 15, 24, 23, 32, 41, 42, 43, 44, 53, 62, 71, 80]
[00:00:00:00:336] Expansion 41:New longest path found with length 32: [0, 9, 18, 27, 36, 45, 54, 55, 56, 47, 38, 39, 30, 21, 20, 11, 2, 3, 4, 5, 6, 15, 24, 23, 32, 41, 42, 43, 44, 53, 62, 71, 80]
[00:00:00:09:871] Expansion 1,358:New longest path found with length 34: [0, 9, 10, 11, 2, 3, 4, 5, 6, 15, 24, 23, 22, 21, 30, 29, 28, 27, 36, 45, 54, 55, 56, 47, 48, 49, 50, 51, 42, 43, 44, 53, 62, 71, 80]
[00:00:00:17:106] Path of length 34 found: [0, 9, 10, 11, 2, 3, 4, 5, 6, 15, 24, 23, 22, 21, 30, 29, 28, 27, 36, 45, 54, 55, 56, 47, 48, 49, 50, 51, 42, 43, 44, 53, 62, 71, 80]
[00:00:00:17:645] ! Bidirectional. expansions: 2,073, time: 17,106 [ms], path length: 34 [edges], g_F: 17, g_B: 17, generated: {'F': 3,593, 'B': 3,967}, MM: 0, MMPER: -1.0%
[00:00:00:17:645] 
---------- SM_Grids/9x9_grid_with_random_blocks_16per_2 ----------
[00:00:00:00:866] Expansion 389: New longest path found with length 30: [0, 9, 18, 19, 20, 11, 12, 13, 22, 31, 30, 39, 38, 37, 36, 45, 54, 63, 72, 73, 74, 65, 56, 57, 58, 67, 76, 77, 78, 79, 80]
[00:00:00:03:572] Expansion 1,152: New longest path found with length 44: [0, 9, 18, 19, 20, 11, 12, 13, 22, 31, 32, 33, 24, 15, 6, 7, 8, 17, 26, 35, 44, 43, 52, 51, 60, 59, 58, 49, 48, 39, 38, 37, 36, 45, 54, 63, 72, 73, 74, 75, 76, 77, 78, 79, 80]
[00:00:00:24:121] Path of length 44 found: [0, 9, 18, 19, 20, 11, 12, 13, 22, 31, 32, 33, 24, 15, 6, 7, 8, 17, 26, 35, 44, 43, 52, 51, 60, 59, 58, 49, 48, 39, 38, 37, 36, 45, 54, 63, 72, 73, 74, 75, 76, 77, 78, 79, 80]
[00:00:00:24:121] ! Unidirectional s-t. expansions: 5,748, time: 24,121 [ms], path length: 44 [edges], generated: 9,476
[00:00:00:00:139] Expansion 25: New longest path found with length 26: [80, 79, 70, 69, 60, 51, 52, 43, 44, 35, 26, 17, 8, 7, 6, 15, 24, 33, 32, 31, 30, 29, 20, 11, 10, 1, 0]
[00:00:00:00:172] Expansion 34: New longest path found with length 28: [80, 79, 70, 69, 60, 51, 52, 43, 44, 35, 26, 17, 8, 7, 6, 15, 24, 33, 32, 31, 40, 39, 38, 29, 20, 11, 10, 1, 0]
[00:00:00:00:230] Expansion 54: New longest path found with length 40: [80, 79, 70, 69, 60, 51, 52, 43, 44, 35, 26, 17, 8, 7, 6, 15, 24, 33, 32, 31, 40, 49, 48, 57, 66, 75, 74, 73, 64, 55, 54, 45, 36, 37, 38, 29, 20, 11, 10, 1, 0]
[00:00:00:07:276] Expansion 2,581: New longest path found with length 42: [80, 79, 70, 69, 60, 59, 58, 67, 76, 75, 74, 65, 56, 55, 54, 45, 36, 37, 38, 39, 30, 31, 32, 41, 42, 43, 44, 35, 26, 17, 8, 7, 6, 15, 14, 13, 12, 11, 20, 19, 18, 9, 0]
[00:00:00:40:203] Expansion 10,546: New longest path found with length 44: [80, 79, 78, 77, 76, 75, 66, 65, 64, 55, 54, 45, 36, 37, 38, 39, 48, 49, 58, 59, 60, 61, 52, 43, 44, 35, 26, 17, 8, 7, 6, 15, 24, 33, 32, 31, 22, 13, 12, 11, 20, 19, 18, 9, 0]
[00:00:00:42:343] Path of length 44 found: [80, 79, 78, 77, 76, 75, 66, 65, 64, 55, 54, 45, 36, 37, 38, 39, 48, 49, 58, 59, 60, 61, 52, 43, 44, 35, 26, 17, 8, 7, 6, 15, 24, 33, 32, 31, 22, 13, 12, 11, 20, 19, 18, 9, 0]
[00:00:00:42:343] ! Unidirectional t-s. expansions: 11,010, time: 42,343 [ms], path length: 44 [edges], generated: 17,332
[00:00:00:00:091] Expansion 9:New longest path found with length 18: [0, 9, 18, 19, 20, 11, 12, 13, 22, 31, 40, 41, 42, 51, 60, 69, 70, 79, 80]
[00:00:00:00:119] Expansion 15:New longest path found with length 24: [0, 9, 18, 19, 20, 11, 12, 13, 14, 15, 6, 7, 8, 17, 26, 25, 34, 33, 42, 51, 60, 69, 70, 79, 80]
[00:00:00:00:164] Expansion 23:New longest path found with length 28: [0, 9, 18, 19, 20, 11, 12, 13, 22, 31, 32, 33, 24, 15, 6, 7, 8, 17, 26, 35, 44, 43, 52, 51, 60, 69, 70, 79, 80]
[00:00:00:00:237] Expansion 35:New longest path found with length 30: [0, 9, 18, 19, 20, 11, 12, 13, 22, 31, 30, 39, 38, 37, 36, 45, 54, 55, 56, 65, 74, 75, 76, 67, 58, 59, 60, 69, 70, 79, 80]
[00:00:00:00:292] Expansion 49:New longest path found with length 42: [0, 9, 18, 19, 20, 11, 12, 13, 14, 15, 6, 7, 8, 17, 26, 25, 34, 43, 42, 41, 32, 31, 30, 39, 38, 37, 36, 45, 54, 55, 56, 65, 74, 75, 76, 67, 58, 59, 60, 69, 70, 79, 80]
[00:00:00:08:464] Expansion 1,697:New longest path found with length 44: [0, 9, 18, 19, 20, 11, 12, 13, 22, 31, 32, 33, 24, 15, 6, 7, 8, 17, 26, 35, 44, 43, 52, 51, 60, 59, 58, 49, 48, 39, 38, 37, 36, 45, 54, 55, 64, 65, 66, 75, 76, 77, 78, 79, 80]
[00:00:00:14:549] Path of length 44 found: [0, 9, 18, 19, 20, 11, 12, 13, 22, 31, 32, 33, 24, 15, 6, 7, 8, 17, 26, 35, 44, 43, 52, 51, 60, 59, 58, 49, 48, 39, 38, 37, 36, 45, 54, 55, 64, 65, 66, 75, 76, 77, 78, 79, 80]
[00:00:00:15:080] ! Bidirectional. expansions: 2,501, time: 14,550 [ms], path length: 44 [edges], g_F: 22, g_B: 22, generated: {'F': 4,073, 'B': 4,020}, MM: 0, MMPER: -1.0%
[00:00:00:15:080] 
---------- SM_Grids/9x9_grid_with_random_blocks_16per_3 ----------
[00:00:00:00:175] Expansion 39: New longest path found with length 40: [0, 9, 10, 11, 20, 21, 30, 39, 38, 37, 46, 55, 56, 65, 74, 75, 76, 77, 78, 69, 60, 59, 50, 41, 32, 23, 14, 5, 6, 7, 16, 17, 26, 35, 34, 43, 52, 53, 62, 71, 80]
[00:00:00:00:472] Expansion 117: New longest path found with length 42: [0, 9, 10, 11, 20, 21, 30, 39, 38, 37, 46, 55, 56, 65, 74, 75, 76, 67, 58, 49, 50, 41, 42, 33, 24, 23, 14, 5, 6, 7, 16, 17, 26, 35, 44, 53, 52, 61, 60, 69, 78, 79, 80]
[00:00:00:06:455] Path of length 42 found: [0, 9, 10, 11, 20, 21, 30, 39, 38, 37, 46, 55, 56, 65, 74, 75, 76, 67, 58, 49, 50, 41, 42, 33, 24, 23, 14, 5, 6, 7, 16, 17, 26, 35, 44, 53, 52, 61, 60, 69, 78, 79, 80]
[00:00:00:06:455] ! Unidirectional s-t. expansions: 1,294, time: 6,455 [ms], path length: 42 [edges], generated: 2,449
[00:00:00:00:123] Expansion 23: New longest path found with length 24: [80, 71, 70, 61, 60, 51, 42, 43, 34, 35, 26, 17, 16, 7, 6, 5, 4, 13, 22, 21, 20, 11, 10, 1, 0]
[00:00:00:00:167] Expansion 35: New longest path found with length 26: [80, 71, 70, 61, 60, 51, 42, 43, 34, 35, 26, 17, 16, 7, 6, 5, 14, 23, 32, 31, 30, 21, 20, 11, 10, 1, 0]
[00:00:00:01:090] Expansion 220: New longest path found with length 38: [80, 71, 70, 61, 60, 59, 68, 77, 76, 75, 74, 65, 56, 55, 46, 37, 38, 39, 40, 41, 32, 33, 34, 35, 26, 17, 16, 7, 6, 5, 4, 13, 22, 21, 20, 11, 10, 1, 0]
[00:00:00:02:052] Expansion 417: New longest path found with length 40: [80, 71, 70, 61, 52, 53, 44, 35, 26, 17, 16, 7, 6, 5, 14, 23, 24, 33, 42, 41, 50, 49, 58, 67, 76, 75, 74, 65, 56, 55, 46, 37, 38, 39, 30, 21, 20, 11, 10, 1, 0]
[00:00:00:25:008] Expansion 5,435: New longest path found with length 42: [80, 79, 78, 69, 60, 61, 62, 53, 44, 35, 26, 17, 16, 7, 6, 5, 14, 23, 24, 33, 42, 41, 50, 49, 58, 67, 76, 75, 74, 65, 56, 55, 46, 37, 38, 39, 30, 21, 20, 11, 10, 1, 0]
[00:00:00:25:625] Path of length 42 found: [80, 79, 78, 69, 60, 61, 62, 53, 44, 35, 26, 17, 16, 7, 6, 5, 14, 23, 24, 33, 42, 41, 50, 49, 58, 67, 76, 75, 74, 65, 56, 55, 46, 37, 38, 39, 30, 21, 20, 11, 10, 1, 0]
[00:00:00:25:625] ! Unidirectional t-s. expansions: 5,555, time: 25,625 [ms], path length: 42 [edges], generated: 9,624
[00:00:00:01:335] Expansion 698:New longest path found with length 16: [0, 9, 10, 11, 20, 21, 30, 39, 40, 41, 42, 51, 60, 61, 70, 71, 80]
[00:00:00:01:363] Expansion 705:New longest path found with length 26: [0, 9, 10, 11, 20, 21, 30, 31, 32, 23, 14, 5, 6, 7, 16, 17, 26, 35, 34, 43, 42, 51, 60, 61, 70, 71, 80]
[00:00:00:01:589] Expansion 739:New longest path found with length 38: [0, 9, 10, 11, 20, 21, 22, 13, 4, 5, 6, 7, 16, 17, 26, 35, 44, 43, 42, 41, 40, 39, 38, 37, 46, 55, 56, 65, 74, 75, 76, 77, 68, 59, 60, 61, 70, 71, 80]
[00:00:00:02:303] Expansion 925:New longest path found with length 40: [0, 9, 10, 11, 20, 21, 30, 39, 38, 37, 46, 55, 56, 65, 74, 75, 76, 77, 68, 59, 50, 41, 42, 33, 24, 23, 14, 5, 6, 7, 16, 17, 26, 35, 44, 53, 52, 61, 70, 71, 80]
[00:00:00:13:840] Expansion 2,894:New longest path found with length 42: [0, 9, 10, 11, 20, 21, 30, 39, 38, 37, 46, 55, 56, 65, 74, 75, 76, 67, 58, 49, 50, 41, 42, 33, 24, 23, 14, 5, 6, 7, 16, 17, 26, 35, 44, 53, 62, 61, 60, 69, 78, 79, 80]
[00:00:00:15:259] Path of length 42 found: [0, 9, 10, 11, 20, 21, 30, 39, 38, 37, 46, 55, 56, 65, 74, 75, 76, 67, 58, 49, 50, 41, 42, 33, 24, 23, 14, 5, 6, 7, 16, 17, 26, 35, 44, 53, 62, 61, 60, 69, 78, 79, 80]
[00:00:00:15:778] ! Bidirectional. expansions: 3,085, time: 15,259 [ms], path length: 42 [edges], g_F: 21, g_B: 21, generated: {'F': 4,829, 'B': 4,831}, MM: 0, MMPER: -1.0%
[00:00:00:15:779] 
---------- SM_Grids/9x9_grid_with_random_blocks_16per_4 ----------
[00:00:00:00:128] Expansion 25: New longest path found with length 26: [0, 1, 2, 11, 12, 21, 22, 31, 40, 39, 48, 47, 46, 55, 64, 65, 74, 75, 76, 67, 58, 59, 60, 69, 70, 71, 80]
[00:00:00:00:259] Expansion 57: New longest path found with length 30: [0, 1, 2, 11, 12, 21, 22, 31, 40, 39, 38, 29, 28, 27, 36, 45, 54, 55, 64, 65, 74, 75, 76, 67, 58, 59, 60, 69, 70, 71, 80]
[00:00:00:00:724] Expansion 179: New longest path found with length 32: [0, 1, 2, 11, 12, 21, 22, 31, 40, 49, 48, 47, 38, 29, 28, 27, 36, 45, 54, 55, 64, 65, 74, 75, 76, 67, 68, 59, 60, 61, 70, 71, 80]
[00:00:00:01:394] Expansion 358: New longest path found with length 36: [0, 1, 2, 11, 12, 13, 14, 15, 6, 7, 8, 17, 26, 35, 44, 43, 42, 41, 40, 39, 48, 47, 46, 55, 64, 65, 74, 75, 76, 67, 58, 59, 60, 69, 70, 71, 80]
[00:00:00:01:491] Expansion 390: New longest path found with length 40: [0, 1, 2, 11, 12, 13, 14, 15, 6, 7, 8, 17, 26, 35, 44, 43, 42, 41, 40, 39, 38, 29, 28, 27, 36, 45, 54, 55, 64, 65, 74, 75, 76, 67, 58, 59, 60, 69, 70, 71, 80]
[00:00:00:01:740] Expansion 485: New longest path found with length 42: [0, 1, 2, 11, 12, 13, 14, 15, 6, 7, 8, 17, 26, 35, 44, 43, 42, 41, 40, 49, 48, 47, 38, 29, 28, 27, 36, 45, 54, 55, 64, 65, 74, 75, 76, 67, 68, 59, 60, 61, 70, 71, 80]
[00:00:00:18:391] Expansion 4,713: New longest path found with length 44: [0, 1, 2, 3, 4, 13, 22, 21, 20, 19, 18, 27, 36, 37, 46, 55, 64, 65, 74, 75, 76, 77, 78, 69, 60, 59, 58, 49, 40, 41, 42, 33, 24, 15, 6, 7, 8, 17, 26, 35, 44, 53, 62, 71, 80]
[00:00:00:43:076] Path of length 44 found: [0, 1, 2, 3, 4, 13, 22, 21, 20, 19, 18, 27, 36, 37, 46, 55, 64, 65, 74, 75, 76, 77, 78, 69, 60, 59, 58, 49, 40, 41, 42, 33, 24, 15, 6, 7, 8, 17, 26, 35, 44, 53, 62, 71, 80]
[00:00:00:43:076] ! Unidirectional s-t. expansions: 10,669, time: 43,076 [ms], path length: 44 [edges], generated: 17,646
[00:00:00:00:226] Expansion 67: New longest path found with length 34: [80, 71, 62, 61, 60, 69, 78, 77, 76, 67, 58, 49, 40, 41, 42, 43, 44, 35, 26, 17, 8, 7, 6, 15, 14, 13, 4, 3, 2, 11, 20, 19, 18, 9, 0]
[00:00:00:00:333] Expansion 123: New longest path found with length 42: [80, 71, 62, 61, 60, 69, 78, 77, 76, 67, 58, 49, 40, 41, 42, 43, 44, 35, 26, 17, 8, 7, 6, 15, 14, 13, 4, 3, 2, 11, 20, 29, 38, 47, 56, 55, 54, 45, 36, 27, 18, 9, 0]
[00:00:00:00:880] Expansion 271: New longest path found with length 44: [80, 71, 62, 61, 60, 69, 78, 77, 76, 67, 66, 65, 56, 55, 46, 45, 36, 27, 18, 19, 20, 29, 38, 39, 48, 49, 50, 41, 42, 43, 44, 35, 26, 17, 8, 7, 6, 15, 14, 13, 4, 3, 2, 1, 0]
[00:00:00:29:136] Path of length 44 found: [80, 71, 62, 61, 60, 69, 78, 77, 76, 67, 66, 65, 56, 55, 46, 45, 36, 27, 18, 19, 20, 29, 38, 39, 48, 49, 50, 41, 42, 43, 44, 35, 26, 17, 8, 7, 6, 15, 14, 13, 4, 3, 2, 1, 0]
[00:00:00:29:136] ! Unidirectional t-s. expansions: 6,984, time: 29,136 [ms], path length: 44 [edges], generated: 11,537
[00:00:00:00:130] Expansion 20:New longest path found with length 32: [0, 9, 18, 27, 36, 37, 46, 55, 64, 65, 74, 75, 76, 67, 68, 59, 50, 49, 40, 31, 22, 13, 14, 15, 24, 33, 42, 43, 44, 53, 62, 71, 80]
[00:00:00:00:150] Expansion 26:New longest path found with length 34: [0, 9, 18, 27, 36, 37, 46, 55, 64, 65, 74, 75, 76, 77, 78, 69, 60, 59, 58, 49, 40, 31, 22, 13, 14, 15, 24, 33, 42, 43, 44, 53, 62, 71, 80]
[00:00:00:00:466] Expansion 81:New longest path found with length 36: [0, 9, 18, 27, 36, 45, 54, 55, 64, 65, 74, 75, 76, 77, 78, 69, 60, 59, 58, 49, 40, 41, 42, 33, 24, 15, 6, 7, 8, 17, 26, 35, 44, 53, 62, 71, 80]
[00:00:00:00:521] Expansion 96:New longest path found with length 42: [0, 9, 18, 27, 36, 45, 54, 55, 64, 65, 74, 75, 76, 77, 78, 69, 60, 59, 50, 41, 40, 39, 38, 29, 20, 11, 2, 3, 4, 13, 14, 15, 6, 7, 8, 17, 26, 35, 44, 53, 62, 71, 80]
[00:00:00:06:830] Expansion 1,113:New longest path found with length 44: [0, 9, 18, 19, 20, 11, 2, 3, 4, 13, 14, 15, 6, 7, 8, 17, 26, 35, 44, 43, 42, 41, 40, 49, 48, 47, 38, 37, 36, 45, 54, 55, 64, 65, 66, 67, 76, 77, 78, 69, 60, 61, 62, 71, 80]
[00:00:00:12:277] Path of length 44 found: [0, 9, 18, 19, 20, 11, 2, 3, 4, 13, 14, 15, 6, 7, 8, 17, 26, 35, 44, 43, 42, 41, 40, 49, 48, 47, 38, 37, 36, 45, 54, 55, 64, 65, 66, 67, 76, 77, 78, 69, 60, 61, 62, 71, 80]
[00:00:00:12:802] ! Bidirectional. expansions: 1,848, time: 12,277 [ms], path length: 44 [edges], g_F: 22, g_B: 22, generated: {'F': 3,185, 'B': 3,050}, MM: 0, MMPER: -1.0%
[00:00:00:12:803] 
---------- SM_Grids/9x9_grid_with_random_blocks_16per_5 ----------
[00:00:00:00:261] Expansion 81: New longest path found with length 30: [0, 1, 2, 3, 4, 13, 22, 21, 30, 29, 28, 27, 36, 45, 46, 55, 64, 73, 74, 75, 66, 57, 48, 49, 50, 59, 68, 69, 70, 71, 80]
[00:00:00:08:898] Expansion 2,351: New longest path found with length 32: [0, 1, 2, 3, 4, 13, 22, 21, 20, 19, 18, 27, 36, 45, 54, 63, 72, 73, 74, 65, 66, 57, 48, 39, 40, 41, 50, 59, 68, 69, 70, 71, 80]
[00:00:00:23:273] Expansion 6,450: New longest path found with length 40: [0, 1, 2, 3, 4, 13, 22, 23, 24, 25, 26, 35, 44, 43, 52, 51, 50, 41, 40, 39, 30, 29, 20, 19, 18, 27, 36, 45, 54, 63, 72, 73, 74, 65, 66, 67, 68, 69, 70, 71, 80]
[00:00:01:13:641] Path of length 40 found: [0, 1, 2, 3, 4, 13, 22, 23, 24, 25, 26, 35, 44, 43, 52, 51, 50, 41, 40, 39, 30, 29, 20, 19, 18, 27, 36, 45, 54, 63, 72, 73, 74, 65, 66, 67, 68, 69, 70, 71, 80]
[00:00:01:13:641] ! Unidirectional s-t. expansions: 19,792, time: 73,641 [ms], path length: 40 [edges], generated: 35,453
[00:00:00:00:098] Expansion 15: New longest path found with length 16: [80, 71, 62, 53, 44, 35, 26, 25, 24, 23, 22, 21, 12, 3, 2, 1, 0]
[00:00:00:00:135] Expansion 23: New longest path found with length 18: [80, 71, 62, 53, 44, 35, 26, 25, 24, 23, 22, 31, 30, 29, 20, 11, 2, 1, 0]
[00:00:00:00:216] Expansion 45: New longest path found with length 32: [80, 71, 62, 53, 44, 35, 26, 25, 24, 23, 22, 31, 30, 39, 48, 57, 66, 75, 74, 73, 72, 63, 54, 45, 36, 27, 18, 19, 20, 11, 2, 1, 0]
[00:00:00:00:506] Expansion 166: New longest path found with length 36: [80, 71, 62, 53, 44, 35, 26, 25, 24, 23, 22, 31, 30, 39, 48, 49, 50, 59, 68, 67, 66, 75, 74, 73, 72, 63, 54, 45, 36, 27, 18, 19, 20, 11, 2, 1, 0]
[00:00:00:00:741] Expansion 287: New longest path found with length 38: [80, 71, 62, 53, 44, 35, 26, 25, 24, 23, 22, 31, 30, 39, 48, 49, 50, 51, 60, 69, 68, 67, 66, 75, 74, 73, 72, 63, 54, 45, 36, 27, 18, 19, 20, 11, 2, 1, 0]
[00:00:00:21:723] Expansion 7,359: New longest path found with length 40: [80, 71, 70, 69, 68, 67, 66, 65, 74, 73, 72, 63, 54, 45, 36, 27, 18, 19, 20, 29, 38, 47, 48, 49, 50, 51, 52, 53, 44, 35, 26, 25, 24, 23, 22, 13, 4, 3, 2, 1, 0]
[00:00:00:26:418] Path of length 40 found: [80, 71, 70, 69, 68, 67, 66, 65, 74, 73, 72, 63, 54, 45, 36, 27, 18, 19, 20, 29, 38, 47, 48, 49, 50, 51, 52, 53, 44, 35, 26, 25, 24, 23, 22, 13, 4, 3, 2, 1, 0]
[00:00:00:26:418] ! Unidirectional t-s. expansions: 8,613, time: 26,418 [ms], path length: 40 [edges], generated: 12,849
[00:00:00:00:191] Expansion 49:New longest path found with length 16: [0, 1, 2, 3, 12, 21, 22, 23, 24, 25, 34, 43, 52, 53, 62, 71, 80]
[00:00:00:00:253] Expansion 59:New longest path found with length 30: [0, 1, 2, 3, 12, 13, 22, 31, 30, 29, 20, 19, 18, 27, 36, 45, 46, 47, 48, 49, 58, 67, 68, 69, 60, 51, 52, 53, 62, 71, 80]
[00:00:00:00:290] Expansion 73:New longest path found with length 32: [0, 1, 2, 3, 12, 13, 22, 31, 30, 29, 20, 19, 18, 27, 36, 45, 54, 63, 72, 73, 74, 65, 66, 67, 68, 69, 60, 51, 52, 53, 62, 71, 80]
[00:00:00:00:374] Expansion 91:New longest path found with length 36: [0, 1, 2, 3, 12, 13, 22, 31, 40, 49, 48, 47, 38, 29, 20, 19, 18, 27, 36, 45, 54, 55, 64, 73, 74, 75, 66, 67, 68, 69, 60, 51, 52, 53, 62, 71, 80]
[00:00:00:03:279] Expansion 662:New longest path found with length 38: [0, 1, 2, 11, 20, 19, 18, 27, 36, 45, 54, 63, 72, 73, 74, 65, 66, 67, 68, 69, 60, 51, 50, 49, 48, 39, 30, 31, 22, 23, 24, 25, 26, 35, 44, 53, 62, 71, 80]
[00:00:00:07:798] Expansion 1,491:New longest path found with length 40: [0, 1, 2, 3, 12, 13, 22, 23, 24, 25, 34, 35, 44, 53, 52, 51, 50, 41, 40, 39, 30, 29, 20, 19, 18, 27, 36, 45, 54, 63, 72, 73, 74, 65, 66, 67, 68, 69, 70, 71, 80]
[00:00:00:11:239] Path of length 40 found: [0, 1, 2, 3, 12, 13, 22, 23, 24, 25, 34, 35, 44, 53, 52, 51, 50, 41, 40, 39, 30, 29, 20, 19, 18, 27, 36, 45, 54, 63, 72, 73, 74, 65, 66, 67, 68, 69, 70, 71, 80]
[00:00:00:11:734] ! Bidirectional. expansions: 2,167, time: 11,239 [ms], path length: 40 [edges], g_F: 20, g_B: 20, generated: {'F': 3,504, 'B': 4,175}, MM: 0, MMPER: -1.0%
[00:00:00:11:734] 
---------- SM_Grids/9x9_grid_with_random_blocks_16per_6 ----------
[00:00:00:00:182] Expansion 46: New longest path found with length 42: [0, 1, 2, 3, 4, 13, 14, 15, 6, 7, 8, 17, 26, 25, 34, 33, 32, 41, 50, 49, 48, 39, 30, 21, 20, 19, 18, 27, 36, 45, 54, 63, 64, 65, 66, 75, 76, 77, 68, 69, 70, 71, 80]
[00:00:00:03:164] Expansion 1,380: New longest path found with length 46: [0, 1, 2, 3, 4, 13, 14, 15, 6, 7, 8, 17, 26, 35, 44, 53, 52, 51, 42, 33, 32, 31, 30, 21, 20, 19, 18, 27, 36, 45, 54, 63, 64, 65, 56, 47, 48, 49, 58, 67, 76, 77, 78, 69, 70, 71, 80]
[00:00:00:09:185] Path of length 46 found: [0, 1, 2, 3, 4, 13, 14, 15, 6, 7, 8, 17, 26, 35, 44, 53, 52, 51, 42, 33, 32, 31, 30, 21, 20, 19, 18, 27, 36, 45, 54, 63, 64, 65, 56, 47, 48, 49, 58, 67, 76, 77, 78, 69, 70, 71, 80]
[00:00:00:09:185] ! Unidirectional s-t. expansions: 2,751, time: 9,185 [ms], path length: 46 [edges], generated: 4,152
[00:00:00:00:173] Expansion 39: New longest path found with length 40: [80, 71, 62, 53, 44, 35, 26, 17, 8, 7, 6, 15, 14, 13, 4, 3, 2, 11, 20, 21, 30, 31, 32, 33, 42, 51, 50, 49, 58, 67, 66, 65, 64, 55, 46, 45, 36, 27, 18, 9, 0]
[00:00:00:00:228] Expansion 60: New longest path found with length 42: [80, 71, 62, 53, 44, 35, 26, 17, 8, 7, 6, 15, 14, 13, 4, 3, 2, 11, 20, 21, 30, 31, 32, 33, 42, 51, 50, 59, 68, 77, 76, 75, 66, 65, 64, 55, 46, 45, 36, 27, 18, 9, 0]
[00:00:00:04:160] Expansion 935: New longest path found with length 44: [80, 71, 62, 53, 52, 51, 42, 33, 34, 25, 26, 17, 8, 7, 6, 15, 14, 23, 22, 31, 30, 39, 48, 49, 58, 59, 68, 77, 76, 75, 66, 65, 64, 55, 46, 45, 36, 27, 18, 19, 20, 11, 2, 1, 0]
[00:00:00:14:740] Expansion 3,806: New longest path found with length 46: [80, 71, 70, 69, 78, 77, 76, 67, 58, 49, 48, 47, 56, 65, 64, 63, 54, 45, 36, 27, 18, 19, 20, 21, 30, 31, 32, 41, 42, 51, 52, 53, 44, 35, 26, 17, 8, 7, 6, 15, 14, 13, 4, 3, 2, 1, 0]
[00:00:00:15:500] Path of length 46 found: [80, 71, 70, 69, 78, 77, 76, 67, 58, 49, 48, 47, 56, 65, 64, 63, 54, 45, 36, 27, 18, 19, 20, 21, 30, 31, 32, 41, 42, 51, 52, 53, 44, 35, 26, 17, 8, 7, 6, 15, 14, 13, 4, 3, 2, 1, 0]
[00:00:00:15:500] ! Unidirectional t-s. expansions: 3,954, time: 15,500 [ms], path length: 46 [edges], generated: 6,468
[00:00:00:00:129] Expansion 19:New longest path found with length 34: [0, 1, 2, 11, 20, 19, 18, 27, 36, 45, 54, 63, 64, 65, 56, 47, 48, 49, 50, 41, 32, 31, 22, 13, 14, 15, 16, 25, 34, 35, 44, 53, 62, 71, 80]
[00:00:00:00:141] Expansion 24:New longest path found with length 36: [0, 1, 2, 11, 20, 19, 18, 27, 36, 45, 54, 63, 64, 65, 66, 75, 76, 77, 68, 59, 50, 41, 32, 31, 22, 13, 14, 15, 16, 25, 34, 35, 44, 53, 62, 71, 80]
[00:00:00:00:160] Expansion 30:New longest path found with length 38: [0, 1, 2, 11, 20, 19, 18, 27, 36, 45, 54, 63, 64, 65, 66, 75, 76, 77, 68, 59, 58, 49, 48, 39, 30, 31, 22, 13, 14, 15, 16, 25, 34, 35, 44, 53, 62, 71, 80]
[00:00:00:00:496] Expansion 109:New longest path found with length 40: [0, 1, 2, 11, 20, 19, 18, 27, 36, 45, 54, 63, 64, 65, 66, 75, 76, 77, 68, 59, 50, 51, 42, 33, 32, 31, 22, 13, 14, 15, 6, 7, 8, 17, 26, 35, 44, 53, 62, 71, 80]
[00:00:00:01:515] Expansion 314:New longest path found with length 44: [0, 1, 2, 11, 20, 19, 18, 27, 36, 45, 54, 63, 64, 65, 66, 75, 76, 77, 68, 59, 58, 49, 48, 39, 30, 31, 22, 13, 14, 15, 6, 7, 8, 17, 26, 25, 34, 33, 42, 51, 52, 53, 62, 71, 80]
[00:00:00:03:648] Expansion 644:New longest path found with length 46: [0, 1, 2, 3, 4, 13, 14, 15, 6, 7, 8, 17, 26, 35, 44, 53, 52, 51, 42, 33, 32, 31, 30, 21, 20, 19, 18, 27, 36, 45, 54, 63, 64, 65, 56, 47, 48, 49, 58, 67, 76, 77, 78, 69, 70, 71, 80]
[00:00:00:06:182] Path of length 46 found: [0, 1, 2, 3, 4, 13, 14, 15, 6, 7, 8, 17, 26, 35, 44, 53, 52, 51, 42, 33, 32, 31, 30, 21, 20, 19, 18, 27, 36, 45, 54, 63, 64, 65, 56, 47, 48, 49, 58, 67, 76, 77, 78, 69, 70, 71, 80]
[00:00:00:06:685] ! Bidirectional. expansions: 953, time: 6,182 [ms], path length: 46 [edges], g_F: 23, g_B: 23, generated: {'F': 1,633, 'B': 1,648}, MM: 0, MMPER: -1.0%
[00:00:00:06:685] 
---------- SM_Grids/9x9_grid_with_random_blocks_16per_7 ----------
[00:00:00:00:294] Expansion 95: New longest path found with length 24: [0, 9, 10, 19, 20, 21, 12, 3, 4, 5, 6, 15, 16, 25, 34, 33, 32, 41, 50, 59, 68, 77, 78, 79, 80]
[00:00:00:00:315] Expansion 102: New longest path found with length 26: [0, 9, 10, 19, 20, 21, 12, 3, 4, 5, 6, 15, 16, 25, 34, 33, 32, 41, 50, 49, 58, 67, 68, 77, 78, 79, 80]
[00:00:00:00:359] Expansion 120: New longest path found with length 38: [0, 9, 10, 19, 20, 21, 12, 3, 4, 5, 6, 15, 16, 25, 34, 33, 32, 41, 50, 49, 48, 39, 38, 37, 36, 45, 54, 63, 72, 73, 74, 65, 66, 67, 68, 77, 78, 79, 80]
[00:00:00:00:783] Expansion 256: New longest path found with length 40: [0, 9, 10, 19, 20, 21, 12, 3, 4, 5, 6, 15, 16, 25, 34, 43, 52, 51, 50, 41, 40, 39, 38, 37, 36, 45, 54, 63, 72, 73, 74, 65, 56, 57, 58, 67, 68, 77, 78, 79, 80]
[00:00:00:04:136] Expansion 951: New longest path found with length 42: [0, 9, 10, 19, 28, 27, 36, 45, 54, 63, 72, 73, 74, 65, 56, 47, 38, 39, 40, 41, 32, 23, 22, 21, 12, 3, 4, 5, 6, 15, 16, 25, 34, 43, 52, 51, 60, 59, 68, 77, 78, 79, 80]
[00:00:00:18:368] Path of length 42 found: [0, 9, 10, 19, 28, 27, 36, 45, 54, 63, 72, 73, 74, 65, 56, 47, 38, 39, 40, 41, 32, 23, 22, 21, 12, 3, 4, 5, 6, 15, 16, 25, 34, 43, 52, 51, 60, 59, 68, 77, 78, 79, 80]
[00:00:00:18:369] ! Unidirectional s-t. expansions: 4,016, time: 18,369 [ms], path length: 42 [edges], generated: 7,526
[00:00:00:06:001] Expansion 2,395: New longest path found with length 20: [80, 79, 78, 77, 68, 67, 66, 65, 74, 73, 72, 63, 54, 45, 36, 27, 28, 19, 10, 9, 0]
[00:00:00:13:346] Expansion 5,242: New longest path found with length 38: [80, 79, 78, 77, 68, 67, 66, 65, 74, 73, 72, 63, 54, 45, 36, 27, 28, 29, 38, 47, 48, 49, 40, 41, 42, 33, 34, 25, 16, 15, 14, 23, 22, 21, 12, 11, 10, 9, 0]
[00:00:00:14:373] Expansion 5,531: New longest path found with length 40: [80, 79, 78, 77, 68, 67, 66, 65, 74, 73, 72, 63, 54, 45, 36, 27, 28, 29, 30, 21, 22, 23, 32, 41, 50, 51, 52, 43, 34, 25, 16, 15, 6, 5, 4, 3, 2, 11, 10, 9, 0]
[00:00:00:17:738] Expansion 6,220: New longest path found with length 42: [80, 79, 78, 77, 68, 67, 58, 57, 56, 65, 74, 73, 72, 63, 54, 45, 36, 27, 28, 29, 30, 21, 22, 23, 32, 41, 50, 51, 52, 43, 34, 25, 16, 15, 6, 5, 4, 3, 2, 11, 10, 9, 0]
[00:00:00:37:756] Path of length 42 found: [80, 79, 78, 77, 68, 67, 58, 57, 56, 65, 74, 73, 72, 63, 54, 45, 36, 27, 28, 29, 30, 21, 22, 23, 32, 41, 50, 51, 52, 43, 34, 25, 16, 15, 6, 5, 4, 3, 2, 11, 10, 9, 0]
[00:00:00:37:756] ! Unidirectional t-s. expansions: 10,656, time: 37,756 [ms], path length: 42 [edges], generated: 17,453
[00:00:00:00:118] Expansion 13:New longest path found with length 26: [0, 9, 10, 19, 20, 21, 12, 3, 4, 5, 14, 15, 16, 25, 34, 33, 42, 41, 40, 49, 58, 67, 68, 77, 78, 79, 80]
[00:00:00:00:453] Expansion 103:New longest path found with length 40: [0, 9, 10, 19, 20, 21, 12, 3, 4, 5, 6, 15, 16, 25, 34, 43, 52, 51, 50, 41, 40, 39, 38, 37, 36, 45, 54, 63, 72, 73, 74, 65, 56, 57, 58, 67, 68, 77, 78, 79, 80]
[00:00:00:02:017] Expansion 349:New longest path found with length 42: [0, 9, 10, 19, 28, 27, 36, 45, 54, 63, 72, 73, 74, 65, 66, 57, 48, 39, 40, 41, 32, 23, 22, 21, 12, 3, 4, 5, 6, 15, 16, 25, 34, 43, 52, 51, 60, 59, 68, 77, 78, 79, 80]
[00:00:00:09:418] Path of length 42 found: [0, 9, 10, 19, 28, 27, 36, 45, 54, 63, 72, 73, 74, 65, 66, 57, 48, 39, 40, 41, 32, 23, 22, 21, 12, 3, 4, 5, 6, 15, 16, 25, 34, 43, 52, 51, 60, 59, 68, 77, 78, 79, 80]
[00:00:00:09:931] ! Bidirectional. expansions: 1,321, time: 9,418 [ms], path length: 42 [edges], g_F: 21, g_B: 21, generated: {'F': 2,365, 'B': 2,398}, MM: 0, MMPER: -1.0%
[00:00:00:09:932] 
---------- SM_Grids/9x9_grid_with_random_blocks_16per_8 ----------
[00:00:00:01:852] Expansion 685: New longest path found with length 18: [0, 9, 18, 19, 28, 29, 38, 47, 48, 57, 66, 75, 76, 77, 78, 69, 70, 71, 80]
[00:00:00:03:791] Expansion 1,407: New longest path found with length 32: [0, 9, 18, 19, 28, 29, 38, 47, 48, 57, 58, 59, 50, 41, 32, 23, 22, 13, 4, 5, 6, 7, 8, 17, 26, 35, 44, 53, 52, 61, 70, 79, 80]
[00:00:00:05:536] Expansion 2,267: New longest path found with length 40: [0, 9, 18, 19, 28, 29, 38, 47, 46, 45, 54, 63, 72, 73, 74, 65, 66, 67, 58, 59, 50, 41, 32, 23, 22, 13, 4, 5, 6, 7, 8, 17, 26, 35, 44, 53, 52, 61, 70, 79, 80]
[00:00:00:18:562] Expansion 7,842: New longest path found with length 42: [0, 9, 18, 19, 28, 29, 38, 39, 40, 41, 32, 23, 22, 13, 4, 5, 6, 7, 8, 17, 26, 35, 44, 53, 52, 61, 60, 59, 58, 57, 56, 55, 54, 63, 72, 73, 74, 75, 76, 77, 78, 79, 80]
[00:00:00:19:349] Expansion 8,099: New longest path found with length 44: [0, 9, 18, 19, 28, 37, 36, 45, 54, 63, 72, 73, 74, 65, 56, 47, 48, 39, 40, 41, 32, 23, 22, 13, 4, 5, 6, 7, 8, 17, 26, 35, 44, 53, 52, 61, 60, 59, 58, 67, 76, 77, 78, 79, 80]
[00:00:00:43:195] Path of length 44 found: [0, 9, 18, 19, 28, 37, 36, 45, 54, 63, 72, 73, 74, 65, 56, 47, 48, 39, 40, 41, 32, 23, 22, 13, 4, 5, 6, 7, 8, 17, 26, 35, 44, 53, 52, 61, 60, 59, 58, 67, 76, 77, 78, 79, 80]
[00:00:00:43:195] ! Unidirectional s-t. expansions: 13,549, time: 43,195 [ms], path length: 44 [edges], generated: 20,089
[00:00:00:00:150] Expansion 31: New longest path found with length 32: [80, 71, 70, 61, 52, 53, 44, 35, 34, 25, 16, 7, 6, 5, 4, 13, 22, 23, 32, 41, 40, 39, 48, 47, 46, 37, 36, 27, 18, 19, 10, 1, 0]
[00:00:00:00:186] Expansion 45: New longest path found with length 38: [80, 71, 70, 61, 52, 53, 44, 35, 34, 25, 16, 7, 6, 5, 4, 13, 22, 23, 32, 41, 40, 39, 48, 47, 56, 65, 74, 73, 72, 63, 54, 45, 36, 37, 28, 19, 10, 1, 0]
[00:00:00:00:233] Expansion 63: New longest path found with length 40: [80, 71, 70, 61, 52, 53, 44, 35, 34, 25, 16, 7, 6, 5, 4, 13, 22, 23, 32, 41, 40, 39, 48, 57, 58, 67, 76, 75, 74, 65, 64, 63, 54, 45, 46, 37, 28, 27, 18, 9, 0]
[00:00:00:00:257] Expansion 76: New longest path found with length 42: [80, 71, 70, 61, 52, 53, 44, 35, 34, 25, 16, 7, 6, 5, 4, 13, 22, 23, 32, 41, 40, 39, 48, 57, 58, 67, 76, 75, 74, 73, 72, 63, 54, 55, 46, 37, 36, 27, 18, 19, 10, 1, 0]
[00:00:00:06:183] Expansion 1,709: New longest path found with length 44: [80, 79, 78, 69, 60, 61, 52, 53, 44, 35, 34, 25, 16, 7, 6, 5, 4, 13, 22, 23, 32, 41, 40, 39, 48, 57, 58, 67, 76, 75, 74, 73, 72, 63, 54, 55, 46, 37, 36, 27, 18, 19, 10, 1, 0]
[00:00:00:09:771] Path of length 44 found: [80, 79, 78, 69, 60, 61, 52, 53, 44, 35, 34, 25, 16, 7, 6, 5, 4, 13, 22, 23, 32, 41, 40, 39, 48, 57, 58, 67, 76, 75, 74, 73, 72, 63, 54, 55, 46, 37, 36, 27, 18, 19, 10, 1, 0]
[00:00:00:09:771] ! Unidirectional t-s. expansions: 2,484, time: 9,771 [ms], path length: 44 [edges], generated: 4,006
[00:00:00:00:129] Expansion 19:New longest path found with length 36: [0, 9, 18, 27, 36, 45, 54, 63, 72, 73, 74, 65, 66, 57, 48, 39, 40, 41, 32, 23, 22, 13, 4, 5, 6, 7, 16, 25, 34, 35, 44, 53, 52, 61, 70, 71, 80]
[00:00:00:00:235] Expansion 49:New longest path found with length 40: [0, 9, 18, 27, 36, 45, 54, 63, 72, 73, 74, 75, 76, 67, 58, 57, 56, 47, 38, 39, 40, 41, 32, 23, 22, 13, 4, 5, 6, 7, 16, 25, 34, 35, 44, 53, 52, 61, 70, 71, 80]
[00:00:00:08:882] Expansion 1,742:New longest path found with length 42: [0, 9, 10, 19, 28, 27, 36, 45, 54, 63, 72, 73, 74, 75, 76, 67, 58, 57, 56, 47, 38, 39, 40, 41, 32, 23, 22, 13, 4, 5, 6, 7, 16, 25, 34, 35, 44, 53, 52, 61, 70, 71, 80]
[00:00:00:20:615] Expansion 4,016:New longest path found with length 44: [0, 9, 18, 19, 28, 37, 36, 45, 54, 63, 72, 73, 74, 65, 56, 47, 48, 39, 40, 41, 32, 23, 22, 13, 4, 5, 6, 7, 16, 25, 34, 35, 44, 53, 52, 61, 60, 59, 58, 67, 76, 77, 78, 79, 80]
[00:00:00:27:100] Path of length 44 found: [0, 9, 18, 19, 28, 37, 36, 45, 54, 63, 72, 73, 74, 65, 56, 47, 48, 39, 40, 41, 32, 23, 22, 13, 4, 5, 6, 7, 16, 25, 34, 35, 44, 53, 52, 61, 60, 59, 58, 67, 76, 77, 78, 79, 80]
[00:00:00:27:578] ! Bidirectional. expansions: 5,205, time: 27,100 [ms], path length: 44 [edges], g_F: 22, g_B: 22, generated: {'F': 8,964, 'B': 7,956}, MM: 0, MMPER: -1.0%
[00:00:00:27:578] 
---------- SM_Grids/9x9_grid_with_random_blocks_16per_9 ----------
[00:00:00:00:167] Expansion 26: New longest path found with length 20: [0, 1, 2, 11, 20, 19, 28, 37, 46, 47, 48, 49, 58, 67, 76, 77, 78, 69, 70, 71, 80]
[00:00:00:00:308] Expansion 61: New longest path found with length 22: [0, 1, 2, 11, 20, 19, 28, 37, 46, 45, 54, 63, 64, 65, 66, 67, 58, 59, 60, 69, 78, 79, 80]
[00:00:00:00:543] Expansion 119: New longest path found with length 26: [0, 1, 2, 11, 20, 29, 30, 31, 40, 49, 48, 47, 46, 45, 54, 63, 64, 65, 66, 67, 76, 77, 78, 69, 70, 71, 80]
[00:00:00:00:765] Expansion 169: New longest path found with length 36: [0, 1, 2, 11, 20, 21, 22, 13, 4, 5, 6, 15, 16, 25, 34, 33, 32, 41, 40, 39, 38, 37, 46, 45, 54, 63, 64, 65, 66, 67, 58, 59, 60, 69, 78, 79, 80]
[00:00:00:01:277] Expansion 344: New longest path found with length 38: [0, 1, 2, 11, 20, 21, 22, 13, 4, 5, 6, 7, 8, 17, 26, 25, 24, 33, 32, 41, 40, 39, 38, 37, 46, 45, 54, 63, 64, 65, 66, 67, 58, 59, 60, 69, 78, 79, 80]
[00:00:00:08:951] Expansion 2,561: New longest path found with length 40: [0, 1, 10, 19, 28, 29, 30, 21, 12, 13, 4, 5, 6, 7, 8, 17, 26, 25, 24, 23, 32, 41, 40, 49, 48, 47, 46, 45, 54, 63, 64, 65, 66, 67, 76, 77, 78, 69, 70, 71, 80]
[00:00:00:36:054] Path of length 40 found: [0, 1, 10, 19, 28, 29, 30, 21, 12, 13, 4, 5, 6, 7, 8, 17, 26, 25, 24, 23, 32, 41, 40, 49, 48, 47, 46, 45, 54, 63, 64, 65, 66, 67, 76, 77, 78, 69, 70, 71, 80]
[00:00:00:36:054] ! Unidirectional s-t. expansions: 10,602, time: 36,054 [ms], path length: 40 [edges], generated: 16,635
[00:00:00:00:118] Expansion 19: New longest path found with length 20: [80, 71, 70, 61, 60, 59, 68, 67, 66, 65, 56, 55, 46, 37, 28, 19, 20, 11, 2, 1, 0]
[00:00:00:01:114] Expansion 422: New longest path found with length 36: [80, 71, 70, 61, 60, 59, 68, 67, 66, 65, 56, 55, 46, 37, 28, 29, 30, 39, 40, 41, 32, 33, 34, 25, 26, 17, 8, 7, 6, 5, 4, 13, 12, 11, 2, 1, 0]
[00:00:00:05:075] Expansion 1,710: New longest path found with length 38: [80, 71, 70, 61, 60, 59, 68, 67, 66, 65, 64, 55, 46, 47, 48, 49, 40, 41, 32, 33, 34, 25, 26, 17, 8, 7, 6, 5, 4, 13, 12, 21, 20, 29, 28, 27, 18, 9, 0]
[00:00:00:07:916] Expansion 2,734: New longest path found with length 40: [80, 71, 70, 61, 60, 59, 68, 67, 66, 65, 64, 63, 54, 45, 46, 47, 48, 49, 40, 41, 32, 33, 34, 25, 26, 17, 8, 7, 6, 5, 4, 13, 12, 21, 20, 29, 28, 27, 18, 9, 0]
[00:00:00:42:704] Path of length 40 found: [80, 71, 70, 61, 60, 59, 68, 67, 66, 65, 64, 63, 54, 45, 46, 47, 48, 49, 40, 41, 32, 33, 34, 25, 26, 17, 8, 7, 6, 5, 4, 13, 12, 21, 20, 29, 28, 27, 18, 9, 0]
[00:00:00:42:704] ! Unidirectional t-s. expansions: 12,201, time: 42,704 [ms], path length: 40 [edges], generated: 19,131
[00:00:00:00:120] Expansion 20:New longest path found with length 20: [0, 1, 2, 11, 20, 19, 28, 37, 38, 47, 56, 65, 66, 67, 68, 59, 60, 61, 70, 71, 80]
[00:00:00:00:134] Expansion 24:New longest path found with length 22: [0, 1, 2, 11, 20, 19, 28, 37, 46, 45, 54, 63, 64, 65, 66, 67, 68, 59, 60, 61, 70, 71, 80]
[00:00:00:00:241] Expansion 39:New longest path found with length 24: [0, 1, 2, 11, 20, 29, 30, 31, 40, 49, 48, 47, 46, 55, 64, 65, 66, 67, 68, 59, 60, 61, 70, 71, 80]
[00:00:00:00:248] Expansion 41:New longest path found with length 26: [0, 1, 2, 11, 20, 29, 30, 31, 40, 49, 48, 47, 46, 45, 54, 63, 64, 65, 66, 67, 68, 59, 60, 61, 70, 71, 80]
[00:00:00:00:337] Expansion 56:New longest path found with length 36: [0, 1, 2, 11, 20, 21, 22, 13, 4, 5, 6, 15, 16, 25, 34, 33, 32, 41, 40, 39, 38, 37, 46, 45, 54, 63, 64, 65, 66, 67, 68, 59, 60, 61, 70, 71, 80]
[00:00:00:00:363] Expansion 66:New longest path found with length 38: [0, 1, 2, 11, 20, 21, 22, 13, 4, 5, 6, 7, 8, 17, 26, 25, 24, 33, 32, 41, 40, 39, 38, 37, 46, 45, 54, 63, 64, 65, 66, 67, 68, 59, 60, 61, 70, 71, 80]
[00:00:00:02:332] Expansion 362:New longest path found with length 40: [0, 1, 10, 19, 28, 29, 30, 21, 12, 13, 4, 5, 6, 7, 8, 17, 26, 25, 24, 23, 32, 41, 40, 49, 48, 47, 46, 45, 54, 63, 64, 65, 66, 67, 68, 59, 60, 61, 70, 71, 80]
[00:00:00:10:955] Path of length 40 found: [0, 1, 10, 19, 28, 29, 30, 21, 12, 13, 4, 5, 6, 7, 8, 17, 26, 25, 24, 23, 32, 41, 40, 49, 48, 47, 46, 45, 54, 63, 64, 65, 66, 67, 68, 59, 60, 61, 70, 71, 80]
[00:00:00:11:436] ! Bidirectional. expansions: 1,382, time: 10,955 [ms], path length: 40 [edges], g_F: 20, g_B: 20, generated: {'F': 2,596, 'B': 2,313}, MM: 0, MMPER: -1.0%

[00:00:00:11:436] average expansions: (9,439, 7,860, 2,299, 0)
[00:00:00:11:436] average time: (35,317, 29,760, 13,879, 0)
[00:00:00:11:436] X-DFBnB: 7,860 , 29,760 (expansions , time[ms])
[00:00:00:11:436] BiX-DFBnB: 2,299 , 13,879 (expansions , time[ms])

