Wed 18 Mar 2026 10:41:05 IST

SLURM_JOBID:		 16051541
SLURM_JOB_NODELIST:	 ise-cpu256-32 

--------------------------
date: SM_Grids
number_of_graphs: 10
graph_type: grid
size_of_graphs: [9, 9]
heuristic: bcc_heuristic
snake: True
run_uni: True
run_bi: True
run_multi: False
solution_vertices: []
algorithms: ['DFBnB']
bsd: False
cube_first_dims: 4
cube_buffer_dim: None
backward_sym_generation: False
sym_coil: False
prefix_set: None

---------- SM_Grids/9x9_grid_with_random_blocks_12per_0 ----------
[00:00:00:00:180] Expansion 48: New longest path found with length 44: [0, 1, 2, 11, 12, 21, 22, 23, 14, 5, 6, 7, 16, 17, 26, 35, 34, 33, 42, 41, 50, 49, 48, 39, 38, 29, 28, 27, 36, 45, 54, 63, 72, 73, 74, 65, 66, 67, 76, 77, 78, 69, 70, 71, 80]
[00:00:00:24:734] Expansion 5,031: New longest path found with length 46: [0, 1, 2, 3, 4, 5, 6, 7, 16, 17, 26, 35, 44, 53, 52, 51, 42, 33, 24, 23, 22, 21, 20, 19, 18, 27, 36, 45, 54, 63, 72, 73, 74, 65, 56, 47, 48, 49, 58, 67, 76, 77, 78, 69, 70, 71, 80]
[00:00:00:44:927] Path of length 46 found: [0, 1, 2, 3, 4, 5, 6, 7, 16, 17, 26, 35, 44, 53, 52, 51, 42, 33, 24, 23, 22, 21, 20, 19, 18, 27, 36, 45, 54, 63, 72, 73, 74, 65, 56, 47, 48, 49, 58, 67, 76, 77, 78, 69, 70, 71, 80]
[00:00:00:44:928] ! Unidirectional s-t. expansions: 8,540, time: 44,928 [ms], path length: 46 [edges], generated: 15,715
[00:00:00:00:182] Expansion 29: New longest path found with length 30: [80, 71, 70, 69, 78, 77, 76, 67, 58, 59, 50, 41, 42, 43, 44, 35, 26, 17, 8, 7, 6, 5, 14, 23, 22, 21, 20, 11, 2, 1, 0]
[00:00:00:08:420] Expansion 1,724: New longest path found with length 34: [80, 71, 70, 69, 78, 77, 76, 67, 58, 49, 48, 47, 56, 65, 74, 73, 72, 63, 54, 45, 36, 27, 18, 19, 20, 21, 22, 23, 14, 5, 4, 3, 2, 1, 0]
[00:00:00:08:461] Expansion 1,742: New longest path found with length 46: [80, 71, 70, 69, 78, 77, 76, 67, 58, 49, 48, 47, 56, 65, 74, 73, 72, 63, 54, 45, 36, 27, 18, 19, 20, 21, 22, 23, 24, 33, 42, 51, 52, 53, 44, 35, 26, 17, 8, 7, 6, 5, 4, 3, 2, 1, 0]
[00:00:00:26:404] Path of length 46 found: [80, 71, 70, 69, 78, 77, 76, 67, 58, 49, 48, 47, 56, 65, 74, 73, 72, 63, 54, 45, 36, 27, 18, 19, 20, 21, 22, 23, 24, 33, 42, 51, 52, 53, 44, 35, 26, 17, 8, 7, 6, 5, 4, 3, 2, 1, 0]
[00:00:00:26:405] ! Unidirectional t-s. expansions: 5,150, time: 26,404 [ms], path length: 46 [edges], generated: 8,627
[00:00:00:00:134] Expansion 15:New longest path found with length 30: [0, 1, 2, 11, 12, 21, 22, 23, 14, 5, 6, 7, 8, 17, 26, 25, 34, 43, 42, 41, 50, 49, 58, 67, 76, 77, 78, 69, 70, 71, 80]
[00:00:00:00:347] Expansion 52:New longest path found with length 44: [0, 1, 2, 11, 12, 21, 22, 23, 14, 5, 6, 7, 8, 17, 26, 25, 34, 43, 42, 41, 50, 49, 48, 47, 38, 29, 28, 27, 36, 45, 54, 63, 72, 73, 74, 65, 66, 67, 76, 77, 78, 69, 70, 71, 80]
[00:00:00:04:050] Expansion 689:New longest path found with length 46: [0, 1, 2, 3, 4, 5, 6, 7, 16, 17, 26, 35, 44, 53, 52, 51, 42, 33, 24, 23, 22, 21, 20, 19, 18, 27, 36, 45, 54, 63, 72, 73, 74, 65, 56, 47, 48, 49, 58, 67, 76, 77, 78, 69, 70, 71, 80]
[00:00:00:07:022] Path of length 46 found: [0, 1, 2, 3, 4, 5, 6, 7, 16, 17, 26, 35, 44, 53, 52, 51, 42, 33, 24, 23, 22, 21, 20, 19, 18, 27, 36, 45, 54, 63, 72, 73, 74, 65, 56, 47, 48, 49, 58, 67, 76, 77, 78, 69, 70, 71, 80]
[00:00:00:07:581] ! Bidirectional. expansions: 1,025, time: 7,022 [ms], path length: 46 [edges], g_F: 23, g_B: 23, generated: {'F': 1,718, 'B': 1,707}, MM: 0, MMPER: -1.0%
[00:00:00:07:581] 
---------- SM_Grids/9x9_grid_with_random_blocks_12per_1 ----------
[00:00:00:00:205] Expansion 43: New longest path found with length 44: [0, 9, 10, 19, 20, 29, 38, 37, 46, 45, 54, 63, 72, 73, 74, 65, 66, 57, 48, 49, 40, 41, 32, 23, 22, 13, 4, 5, 6, 15, 16, 25, 26, 35, 44, 43, 52, 51, 60, 59, 68, 77, 78, 79, 80]
[00:00:00:08:996] Expansion 2,112: New longest path found with length 46: [0, 9, 10, 19, 20, 29, 30, 39, 40, 49, 58, 57, 56, 47, 46, 45, 54, 63, 72, 73, 74, 75, 76, 77, 68, 69, 60, 51, 42, 33, 32, 23, 22, 13, 4, 5, 6, 15, 16, 25, 26, 35, 44, 53, 62, 71, 80]
[00:00:00:53:100] Path of length 46 found: [0, 9, 10, 19, 20, 29, 30, 39, 40, 49, 58, 57, 56, 47, 46, 45, 54, 63, 72, 73, 74, 75, 76, 77, 68, 69, 60, 51, 42, 33, 32, 23, 22, 13, 4, 5, 6, 15, 16, 25, 26, 35, 44, 53, 62, 71, 80]
[00:00:00:53:101] ! Unidirectional s-t. expansions: 10,728, time: 53,100 [ms], path length: 46 [edges], generated: 18,091
[00:00:00:00:142] Expansion 21: New longest path found with length 22: [80, 71, 62, 61, 52, 43, 44, 35, 26, 17, 8, 7, 6, 5, 4, 3, 12, 21, 20, 19, 10, 1, 0]
[00:00:00:00:217] Expansion 36: New longest path found with length 28: [80, 71, 62, 61, 52, 43, 44, 35, 26, 17, 8, 7, 6, 5, 4, 13, 22, 23, 32, 41, 40, 39, 30, 29, 20, 11, 2, 1, 0]
[00:00:00:00:293] Expansion 59: New longest path found with length 40: [80, 71, 62, 61, 52, 43, 44, 35, 26, 17, 8, 7, 6, 5, 4, 13, 22, 23, 32, 41, 40, 49, 48, 57, 66, 65, 74, 73, 72, 63, 54, 45, 46, 37, 38, 29, 20, 11, 2, 1, 0]
[00:00:00:00:465] Expansion 118: New longest path found with length 42: [80, 71, 62, 61, 52, 43, 44, 35, 26, 17, 8, 7, 6, 5, 4, 13, 22, 23, 32, 41, 40, 49, 58, 59, 68, 77, 76, 75, 74, 73, 72, 63, 54, 45, 46, 37, 38, 29, 20, 11, 2, 1, 0]
[00:00:00:03:399] Expansion 693: New longest path found with length 46: [80, 71, 62, 61, 60, 69, 78, 77, 76, 67, 58, 57, 56, 65, 74, 73, 72, 63, 54, 45, 46, 37, 38, 29, 30, 21, 22, 23, 32, 41, 42, 43, 44, 35, 26, 17, 8, 7, 6, 5, 4, 3, 2, 11, 10, 9, 0]
[00:00:00:36:563] Path of length 46 found: [80, 71, 62, 61, 60, 69, 78, 77, 76, 67, 58, 57, 56, 65, 74, 73, 72, 63, 54, 45, 46, 37, 38, 29, 30, 21, 22, 23, 32, 41, 42, 43, 44, 35, 26, 17, 8, 7, 6, 5, 4, 3, 2, 11, 10, 9, 0]
[00:00:00:36:564] ! Unidirectional t-s. expansions: 7,040, time: 36,564 [ms], path length: 46 [edges], generated: 12,256
[00:00:00:00:163] Expansion 20:New longest path found with length 40: [0, 9, 10, 19, 20, 29, 38, 37, 46, 45, 54, 63, 72, 73, 74, 65, 66, 67, 58, 49, 40, 41, 32, 23, 22, 13, 4, 5, 6, 7, 8, 17, 26, 35, 44, 43, 52, 61, 62, 71, 80]
[00:00:00:00:199] Expansion 27:New longest path found with length 42: [0, 9, 10, 19, 20, 29, 38, 37, 46, 45, 54, 63, 72, 73, 74, 75, 76, 77, 68, 59, 58, 49, 40, 41, 32, 23, 22, 13, 4, 5, 6, 7, 8, 17, 26, 35, 44, 43, 52, 61, 62, 71, 80]
[00:00:00:02:428] Expansion 452:New longest path found with length 46: [0, 9, 10, 19, 20, 21, 12, 3, 4, 5, 6, 15, 16, 25, 26, 35, 44, 43, 42, 33, 32, 31, 40, 39, 38, 37, 46, 45, 54, 63, 72, 73, 74, 65, 56, 57, 58, 67, 76, 77, 78, 69, 60, 61, 62, 71, 80]
[00:00:00:24:609] Path of length 46 found: [0, 9, 10, 19, 20, 21, 12, 3, 4, 5, 6, 15, 16, 25, 26, 35, 44, 43, 42, 33, 32, 31, 40, 39, 38, 37, 46, 45, 54, 63, 72, 73, 74, 65, 56, 57, 58, 67, 76, 77, 78, 69, 60, 61, 62, 71, 80]
[00:00:00:25:194] ! Bidirectional. expansions: 3,919, time: 24,609 [ms], path length: 46 [edges], g_F: 23, g_B: 23, generated: {'F': 5,926, 'B': 5,987}, MM: 0, MMPER: -1.0%
[00:00:00:25:194] 
---------- SM_Grids/9x9_grid_with_random_blocks_12per_2 ----------
[00:00:00:00:220] Expansion 45: New longest path found with length 44: [0, 9, 18, 27, 28, 29, 20, 11, 12, 13, 22, 31, 40, 39, 48, 47, 46, 55, 64, 73, 74, 75, 66, 67, 58, 59, 50, 51, 42, 33, 24, 15, 6, 7, 8, 17, 26, 35, 44, 53, 62, 61, 70, 79, 80]
[00:00:00:53:413] Path of length 44 found: [0, 9, 18, 27, 28, 29, 20, 11, 12, 13, 22, 31, 40, 39, 48, 47, 46, 55, 64, 73, 74, 75, 66, 67, 58, 59, 50, 51, 42, 33, 24, 15, 6, 7, 8, 17, 26, 35, 44, 53, 62, 61, 70, 79, 80]
[00:00:00:53:413] ! Unidirectional s-t. expansions: 10,771, time: 53,413 [ms], path length: 44 [edges], generated: 18,738
[00:00:00:00:145] Expansion 25: New longest path found with length 26: [80, 71, 62, 61, 60, 51, 42, 43, 44, 35, 26, 17, 8, 7, 6, 5, 14, 13, 22, 21, 20, 29, 28, 27, 18, 9, 0]
[00:00:00:00:211] Expansion 44: New longest path found with length 38: [80, 71, 62, 61, 60, 51, 42, 43, 44, 35, 26, 17, 8, 7, 6, 5, 14, 13, 22, 31, 40, 49, 48, 57, 66, 75, 74, 73, 64, 55, 46, 37, 38, 29, 20, 11, 2, 1, 0]
[00:00:00:00:450] Expansion 131: New longest path found with length 40: [80, 71, 62, 61, 60, 51, 42, 43, 44, 35, 26, 17, 8, 7, 6, 5, 14, 13, 22, 31, 40, 49, 58, 67, 76, 75, 74, 73, 64, 55, 56, 47, 38, 37, 28, 19, 20, 11, 2, 1, 0]
[00:00:00:12:305] Expansion 3,346: New longest path found with length 42: [80, 71, 62, 53, 44, 35, 26, 17, 8, 7, 6, 15, 24, 33, 42, 51, 60, 69, 78, 77, 76, 67, 66, 65, 64, 55, 46, 47, 48, 39, 40, 31, 22, 13, 12, 11, 20, 29, 28, 27, 18, 9, 0]
[00:00:00:22:226] Expansion 5,802: New longest path found with length 44: [80, 71, 62, 53, 44, 43, 42, 33, 24, 25, 26, 17, 8, 7, 6, 5, 14, 13, 22, 31, 40, 49, 50, 59, 60, 69, 78, 77, 76, 75, 74, 73, 64, 55, 56, 47, 38, 37, 28, 19, 20, 11, 2, 1, 0]
[00:00:01:01:035] Path of length 44 found: [80, 71, 62, 53, 44, 43, 42, 33, 24, 25, 26, 17, 8, 7, 6, 5, 14, 13, 22, 31, 40, 49, 50, 59, 60, 69, 78, 77, 76, 75, 74, 73, 64, 55, 56, 47, 38, 37, 28, 19, 20, 11, 2, 1, 0]
[00:00:01:01:035] ! Unidirectional t-s. expansions: 14,387, time: 61,035 [ms], path length: 44 [edges], generated: 24,196
[00:00:00:00:160] Expansion 20:New longest path found with length 38: [0, 9, 18, 27, 28, 37, 46, 55, 64, 73, 74, 75, 76, 77, 78, 69, 60, 59, 58, 57, 48, 39, 40, 31, 22, 13, 14, 15, 6, 7, 8, 17, 26, 35, 44, 53, 62, 71, 80]
[00:00:00:03:883] Expansion 697:New longest path found with length 42: [0, 9, 18, 27, 28, 29, 20, 11, 12, 13, 22, 31, 40, 39, 48, 47, 46, 55, 64, 73, 74, 75, 76, 77, 78, 69, 60, 51, 42, 33, 24, 15, 6, 7, 8, 17, 26, 35, 44, 53, 62, 71, 80]
[00:00:00:12:031] Expansion 1,814:New longest path found with length 44: [0, 9, 10, 11, 20, 29, 28, 37, 46, 55, 64, 73, 74, 75, 76, 77, 78, 69, 60, 59, 58, 57, 48, 39, 40, 31, 22, 13, 14, 5, 6, 7, 8, 17, 26, 25, 24, 33, 42, 43, 44, 53, 62, 71, 80]
[00:00:00:29:755] Path of length 44 found: [0, 9, 10, 11, 20, 29, 28, 37, 46, 55, 64, 73, 74, 75, 76, 77, 78, 69, 60, 59, 58, 57, 48, 39, 40, 31, 22, 13, 14, 5, 6, 7, 8, 17, 26, 25, 24, 33, 42, 43, 44, 53, 62, 71, 80]
[00:00:00:30:265] ! Bidirectional. expansions: 3,701, time: 29,756 [ms], path length: 44 [edges], g_F: 22, g_B: 22, generated: {'F': 6,819, 'B': 6,498}, MM: 0, MMPER: -1.0%
[00:00:00:30:265] 
---------- SM_Grids/9x9_grid_with_random_blocks_12per_3 ----------
[00:00:00:00:199] Expansion 39: New longest path found with length 40: [0, 1, 10, 19, 28, 37, 46, 45, 54, 63, 72, 73, 74, 75, 66, 67, 58, 49, 40, 31, 22, 21, 12, 3, 4, 5, 14, 15, 16, 17, 26, 35, 34, 33, 42, 51, 60, 69, 78, 79, 80]
[00:00:00:00:360] Expansion 89: New longest path found with length 44: [0, 1, 10, 19, 28, 37, 46, 45, 54, 63, 72, 73, 74, 75, 66, 67, 58, 49, 40, 31, 22, 21, 12, 3, 4, 5, 6, 7, 8, 17, 26, 25, 24, 33, 42, 43, 44, 53, 62, 61, 60, 69, 78, 79, 80]
[00:00:00:04:248] Expansion 1,306: New longest path found with length 46: [0, 1, 10, 19, 28, 37, 46, 45, 54, 63, 72, 73, 74, 75, 76, 67, 58, 57, 48, 39, 40, 31, 22, 21, 12, 3, 4, 5, 6, 7, 8, 17, 26, 25, 24, 33, 42, 43, 44, 53, 62, 61, 60, 69, 78, 79, 80]
[00:00:00:31:010] Path of length 46 found: [0, 1, 10, 19, 28, 37, 46, 45, 54, 63, 72, 73, 74, 75, 76, 67, 58, 57, 48, 39, 40, 31, 22, 21, 12, 3, 4, 5, 6, 7, 8, 17, 26, 25, 24, 33, 42, 43, 44, 53, 62, 61, 60, 69, 78, 79, 80]
[00:00:00:31:010] ! Unidirectional s-t. expansions: 7,288, time: 31,010 [ms], path length: 46 [edges], generated: 12,309
[00:00:00:00:247] Expansion 41: New longest path found with length 42: [80, 79, 70, 61, 62, 53, 44, 35, 26, 17, 8, 7, 6, 5, 14, 23, 24, 33, 42, 51, 50, 49, 58, 67, 66, 75, 74, 73, 72, 63, 54, 55, 46, 37, 28, 19, 20, 21, 12, 3, 2, 1, 0]
[00:00:00:00:541] Expansion 148: New longest path found with length 44: [80, 79, 70, 61, 62, 53, 44, 35, 26, 17, 8, 7, 6, 5, 14, 23, 24, 33, 42, 41, 40, 39, 48, 57, 58, 67, 76, 75, 74, 73, 64, 63, 54, 45, 46, 37, 28, 19, 20, 21, 12, 3, 2, 1, 0]
[00:00:00:31:737] Expansion 7,303: New longest path found with length 46: [80, 79, 78, 69, 60, 61, 62, 53, 44, 35, 26, 17, 8, 7, 6, 15, 24, 33, 32, 41, 40, 39, 48, 57, 58, 67, 76, 75, 74, 73, 64, 63, 54, 45, 46, 37, 28, 19, 20, 21, 22, 13, 4, 3, 2, 1, 0]
[00:00:01:13:293] Path of length 46 found: [80, 79, 78, 69, 60, 61, 62, 53, 44, 35, 26, 17, 8, 7, 6, 15, 24, 33, 32, 41, 40, 39, 48, 57, 58, 67, 76, 75, 74, 73, 64, 63, 54, 45, 46, 37, 28, 19, 20, 21, 22, 13, 4, 3, 2, 1, 0]
[00:00:01:13:293] ! Unidirectional t-s. expansions: 16,029, time: 73,293 [ms], path length: 46 [edges], generated: 27,374
[00:00:00:00:157] Expansion 20:New longest path found with length 40: [0, 1, 10, 19, 28, 37, 46, 45, 54, 63, 72, 73, 74, 75, 76, 67, 58, 49, 50, 41, 32, 31, 22, 21, 12, 3, 4, 5, 6, 7, 16, 25, 34, 35, 44, 53, 62, 61, 70, 79, 80]
[00:00:00:00:167] Expansion 25:New longest path found with length 42: [0, 1, 10, 19, 28, 37, 46, 45, 54, 63, 72, 73, 74, 75, 76, 67, 58, 57, 48, 39, 40, 41, 32, 23, 22, 21, 12, 3, 4, 5, 6, 7, 16, 25, 34, 35, 44, 53, 62, 61, 70, 79, 80]
[00:00:00:00:682] Expansion 133:New longest path found with length 44: [0, 1, 10, 19, 28, 37, 46, 45, 54, 63, 72, 73, 74, 75, 76, 67, 58, 57, 48, 39, 40, 41, 42, 33, 24, 23, 22, 21, 12, 3, 4, 5, 6, 7, 8, 17, 26, 35, 44, 53, 62, 61, 70, 79, 80]
[00:00:00:04:882] Expansion 815:New longest path found with length 46: [0, 1, 10, 19, 28, 37, 46, 45, 54, 63, 72, 73, 74, 75, 76, 67, 58, 57, 48, 39, 40, 41, 42, 33, 24, 23, 22, 21, 12, 3, 4, 5, 6, 7, 8, 17, 26, 35, 44, 53, 62, 61, 60, 69, 78, 79, 80]
[00:00:00:20:415] Path of length 46 found: [0, 1, 10, 19, 28, 37, 46, 45, 54, 63, 72, 73, 74, 75, 76, 67, 58, 57, 48, 39, 40, 41, 42, 33, 24, 23, 22, 21, 12, 3, 4, 5, 6, 7, 8, 17, 26, 35, 44, 53, 62, 61, 60, 69, 78, 79, 80]
[00:00:00:20:922] ! Bidirectional. expansions: 2,988, time: 20,415 [ms], path length: 46 [edges], g_F: 23, g_B: 23, generated: {'F': 5,011, 'B': 5,132}, MM: 0, MMPER: -1.0%
[00:00:00:20:922] 
---------- SM_Grids/9x9_grid_with_random_blocks_12per_4 ----------
[00:00:00:00:172] Expansion 23: New longest path found with length 24: [0, 9, 10, 11, 2, 3, 4, 13, 14, 23, 24, 25, 26, 35, 44, 43, 52, 61, 60, 59, 68, 77, 78, 79, 80]
[00:00:00:00:221] Expansion 36: New longest path found with length 30: [0, 9, 10, 11, 2, 3, 4, 13, 14, 23, 24, 25, 26, 35, 44, 43, 52, 51, 50, 41, 40, 39, 48, 57, 58, 67, 68, 77, 78, 79, 80]
[00:00:00:00:265] Expansion 54: New longest path found with length 40: [0, 9, 10, 11, 2, 3, 4, 13, 14, 23, 24, 25, 26, 35, 44, 43, 52, 51, 50, 41, 40, 39, 38, 37, 36, 45, 54, 63, 72, 73, 74, 65, 56, 57, 58, 67, 68, 77, 78, 79, 80]
[00:00:00:00:498] Expansion 118: New longest path found with length 42: [0, 9, 10, 11, 2, 3, 4, 13, 14, 23, 24, 25, 26, 35, 44, 53, 62, 61, 60, 51, 42, 41, 40, 39, 38, 37, 36, 45, 54, 63, 72, 73, 74, 65, 56, 57, 58, 67, 68, 77, 78, 79, 80]
[00:00:00:01:788] Expansion 402: New longest path found with length 44: [0, 9, 10, 11, 2, 3, 4, 13, 14, 15, 16, 25, 26, 35, 44, 53, 62, 61, 60, 51, 42, 33, 32, 31, 30, 39, 38, 37, 36, 45, 54, 63, 72, 73, 74, 65, 56, 57, 58, 67, 68, 77, 78, 79, 80]
[00:00:00:08:168] Expansion 1,688: New longest path found with length 46: [0, 9, 10, 11, 2, 3, 4, 5, 6, 15, 16, 25, 26, 35, 44, 53, 62, 61, 60, 51, 42, 33, 32, 23, 22, 21, 30, 39, 38, 37, 36, 45, 54, 63, 72, 73, 74, 65, 56, 57, 58, 67, 68, 77, 78, 79, 80]
[00:00:00:19:412] Path of length 46 found: [0, 9, 10, 11, 2, 3, 4, 5, 6, 15, 16, 25, 26, 35, 44, 53, 62, 61, 60, 51, 42, 33, 32, 23, 22, 21, 30, 39, 38, 37, 36, 45, 54, 63, 72, 73, 74, 65, 56, 57, 58, 67, 68, 77, 78, 79, 80]
[00:00:00:19:412] ! Unidirectional s-t. expansions: 3,876, time: 19,412 [ms], path length: 46 [edges], generated: 7,118
[00:00:00:00:099] Expansion 15: New longest path found with length 16: [80, 79, 78, 77, 68, 59, 58, 49, 48, 39, 38, 37, 28, 27, 18, 9, 0]
[00:00:00:00:202] Expansion 42: New longest path found with length 34: [80, 79, 78, 77, 68, 59, 58, 49, 48, 39, 30, 21, 22, 23, 32, 41, 42, 51, 52, 53, 44, 35, 26, 17, 16, 15, 6, 5, 4, 3, 2, 11, 10, 9, 0]
[00:00:00:01:277] Expansion 265: New longest path found with length 44: [80, 79, 78, 77, 68, 59, 58, 57, 56, 65, 74, 73, 72, 63, 54, 45, 46, 37, 38, 39, 30, 21, 22, 23, 32, 41, 42, 51, 52, 53, 44, 35, 26, 17, 16, 15, 6, 5, 4, 3, 2, 11, 10, 9, 0]
[00:00:00:02:096] Expansion 442: New longest path found with length 46: [80, 79, 78, 77, 68, 59, 60, 51, 52, 43, 44, 35, 26, 17, 16, 15, 6, 5, 4, 3, 2, 11, 20, 21, 22, 23, 32, 41, 40, 49, 48, 57, 56, 65, 74, 73, 72, 63, 54, 45, 46, 37, 28, 27, 18, 9, 0]
[00:00:00:10:979] Path of length 46 found: [80, 79, 78, 77, 68, 59, 60, 51, 52, 43, 44, 35, 26, 17, 16, 15, 6, 5, 4, 3, 2, 11, 20, 21, 22, 23, 32, 41, 40, 49, 48, 57, 56, 65, 74, 73, 72, 63, 54, 45, 46, 37, 28, 27, 18, 9, 0]
[00:00:00:10:979] ! Unidirectional t-s. expansions: 2,166, time: 10,979 [ms], path length: 46 [edges], generated: 3,623
[00:00:00:00:133] Expansion 17:New longest path found with length 32: [0, 9, 10, 11, 2, 3, 4, 13, 14, 23, 24, 25, 26, 35, 44, 53, 62, 61, 60, 51, 50, 41, 40, 39, 48, 57, 58, 67, 68, 77, 78, 79, 80]
[00:00:00:00:190] Expansion 27:New longest path found with length 34: [0, 9, 10, 11, 2, 3, 4, 13, 14, 15, 16, 25, 26, 35, 44, 53, 62, 61, 60, 51, 50, 41, 32, 31, 30, 39, 48, 57, 58, 67, 68, 77, 78, 79, 80]
[00:00:00:00:313] Expansion 45:New longest path found with length 40: [0, 9, 10, 11, 2, 3, 4, 13, 14, 23, 24, 25, 26, 35, 44, 43, 52, 51, 50, 41, 40, 39, 38, 37, 36, 45, 54, 63, 72, 73, 74, 65, 56, 57, 58, 67, 68, 77, 78, 79, 80]
[00:00:00:00:345] Expansion 56:New longest path found with length 42: [0, 9, 10, 11, 2, 3, 4, 13, 14, 23, 24, 25, 26, 35, 44, 53, 62, 61, 60, 51, 42, 41, 40, 39, 38, 37, 36, 45, 54, 63, 72, 73, 74, 65, 56, 57, 58, 67, 68, 77, 78, 79, 80]
[00:00:00:00:448] Expansion 78:New longest path found with length 44: [0, 9, 10, 11, 2, 3, 4, 13, 14, 15, 16, 25, 26, 35, 44, 53, 62, 61, 60, 51, 42, 33, 32, 31, 30, 39, 38, 37, 36, 45, 54, 63, 72, 73, 74, 65, 56, 57, 58, 67, 68, 77, 78, 79, 80]
[00:00:00:01:249] Expansion 226:New longest path found with length 46: [0, 9, 10, 11, 2, 3, 4, 5, 6, 15, 16, 25, 26, 35, 44, 53, 62, 61, 60, 51, 42, 33, 32, 23, 22, 21, 30, 39, 38, 37, 36, 45, 54, 63, 72, 73, 74, 65, 56, 57, 58, 67, 68, 77, 78, 79, 80]
[00:00:00:07:732] Path of length 46 found: [0, 9, 10, 11, 2, 3, 4, 5, 6, 15, 16, 25, 26, 35, 44, 53, 62, 61, 60, 51, 42, 33, 32, 23, 22, 21, 30, 39, 38, 37, 36, 45, 54, 63, 72, 73, 74, 65, 56, 57, 58, 67, 68, 77, 78, 79, 80]
[00:00:00:08:268] ! Bidirectional. expansions: 949, time: 7,732 [ms], path length: 46 [edges], g_F: 23, g_B: 23, generated: {'F': 1,720, 'B': 1,710}, MM: 0, MMPER: -1.0%
[00:00:00:08:268] 
---------- SM_Grids/9x9_grid_with_random_blocks_12per_5 ----------
[00:00:00:00:170] Expansion 35: New longest path found with length 36: [0, 9, 18, 19, 28, 37, 38, 47, 56, 65, 66, 67, 76, 77, 78, 69, 60, 59, 50, 49, 40, 31, 30, 21, 12, 13, 14, 23, 24, 33, 42, 43, 52, 53, 62, 71, 80]
[00:00:00:04:369] Expansion 849: New longest path found with length 40: [0, 9, 18, 27, 36, 45, 46, 47, 56, 65, 66, 67, 76, 77, 78, 69, 60, 59, 50, 49, 40, 39, 30, 29, 20, 11, 2, 3, 4, 13, 22, 23, 32, 33, 42, 43, 52, 53, 62, 71, 80]
[00:00:00:10:990] Path of length 40 found: [0, 9, 18, 27, 36, 45, 46, 47, 56, 65, 66, 67, 76, 77, 78, 69, 60, 59, 50, 49, 40, 39, 30, 29, 20, 11, 2, 3, 4, 13, 22, 23, 32, 33, 42, 43, 52, 53, 62, 71, 80]
[00:00:00:10:990] ! Unidirectional s-t. expansions: 2,041, time: 10,990 [ms], path length: 40 [edges], generated: 3,759
[00:00:00:03:390] Expansion 1,269: New longest path found with length 18: [80, 71, 62, 53, 44, 43, 42, 33, 24, 23, 14, 13, 4, 3, 2, 11, 10, 9, 0]
[00:00:00:03:462] Expansion 1,293: New longest path found with length 40: [80, 71, 62, 53, 44, 43, 42, 33, 24, 23, 14, 13, 4, 3, 2, 11, 20, 21, 30, 31, 40, 49, 50, 59, 60, 69, 78, 77, 76, 67, 66, 57, 56, 47, 38, 37, 28, 27, 18, 9, 0]
[00:00:00:09:672] Path of length 40 found: [80, 71, 62, 53, 44, 43, 42, 33, 24, 23, 14, 13, 4, 3, 2, 11, 20, 21, 30, 31, 40, 49, 50, 59, 60, 69, 78, 77, 76, 67, 66, 57, 56, 47, 38, 37, 28, 27, 18, 9, 0]
[00:00:00:09:672] ! Unidirectional t-s. expansions: 2,482, time: 9,672 [ms], path length: 40 [edges], generated: 3,963
[00:00:00:00:149] Expansion 19:New longest path found with length 38: [0, 9, 10, 19, 28, 27, 36, 45, 46, 47, 56, 65, 66, 67, 76, 77, 78, 69, 60, 59, 50, 49, 40, 39, 30, 21, 12, 13, 14, 23, 24, 33, 42, 43, 44, 53, 62, 71, 80]
[00:00:00:01:477] Expansion 163:New longest path found with length 40: [0, 9, 18, 27, 36, 45, 46, 47, 56, 65, 66, 67, 76, 77, 78, 69, 60, 59, 50, 49, 40, 39, 30, 29, 20, 11, 2, 3, 4, 13, 14, 23, 24, 33, 42, 43, 44, 53, 62, 71, 80]
[00:00:00:04:627] Path of length 40 found: [0, 9, 18, 27, 36, 45, 46, 47, 56, 65, 66, 67, 76, 77, 78, 69, 60, 59, 50, 49, 40, 39, 30, 29, 20, 11, 2, 3, 4, 13, 14, 23, 24, 33, 42, 43, 44, 53, 62, 71, 80]
[00:00:00:05:120] ! Bidirectional. expansions: 479, time: 4,627 [ms], path length: 40 [edges], g_F: 20, g_B: 20, generated: {'F': 898, 'B': 872}, MM: 0, MMPER: -1.0%
[00:00:00:05:120] 
---------- SM_Grids/9x9_grid_with_random_blocks_12per_6 ----------
[00:00:00:00:229] Expansion 47: New longest path found with length 48: [0, 1, 10, 19, 18, 27, 36, 37, 38, 39, 48, 57, 56, 55, 54, 63, 72, 73, 74, 75, 76, 67, 68, 59, 50, 51, 42, 33, 32, 23, 22, 21, 12, 3, 4, 5, 6, 15, 16, 25, 26, 35, 44, 53, 62, 61, 70, 79, 80]
[00:00:00:30:037] Path of length 48 found: [0, 1, 10, 19, 18, 27, 36, 37, 38, 39, 48, 57, 56, 55, 54, 63, 72, 73, 74, 75, 76, 67, 68, 59, 50, 51, 42, 33, 32, 23, 22, 21, 12, 3, 4, 5, 6, 15, 16, 25, 26, 35, 44, 53, 62, 61, 70, 79, 80]
[00:00:00:30:037] ! Unidirectional s-t. expansions: 5,746, time: 30,037 [ms], path length: 48 [edges], generated: 10,055
[00:00:00:00:160] Expansion 17: New longest path found with length 18: [80, 71, 62, 53, 44, 35, 26, 17, 16, 7, 6, 5, 14, 13, 12, 3, 2, 1, 0]
[00:00:00:25:134] Expansion 11,113: New longest path found with length 20: [80, 71, 62, 53, 44, 35, 26, 17, 16, 7, 6, 5, 14, 23, 22, 21, 12, 3, 2, 1, 0]
[00:00:00:45:087] Expansion 20,839: New longest path found with length 36: [80, 71, 62, 53, 44, 35, 26, 17, 16, 7, 6, 5, 14, 23, 24, 33, 42, 51, 50, 49, 48, 57, 66, 75, 74, 73, 64, 55, 54, 45, 36, 37, 28, 19, 10, 1, 0]
[00:00:00:45:625] Expansion 21,037: New longest path found with length 42: [80, 71, 62, 53, 44, 35, 26, 17, 16, 7, 6, 5, 14, 23, 24, 33, 42, 51, 50, 59, 68, 67, 76, 75, 74, 73, 72, 63, 54, 55, 56, 57, 48, 39, 38, 37, 36, 27, 18, 19, 10, 1, 0]
[00:00:00:46:781] Expansion 21,418: New longest path found with length 44: [80, 71, 62, 53, 44, 35, 26, 17, 16, 7, 6, 5, 14, 23, 24, 33, 42, 41, 50, 59, 60, 69, 78, 77, 76, 75, 74, 73, 72, 63, 54, 55, 56, 57, 48, 39, 38, 37, 36, 27, 18, 19, 10, 1, 0]
[00:00:00:48:649] Expansion 21,977: New longest path found with length 48: [80, 71, 62, 53, 44, 35, 26, 17, 16, 7, 6, 5, 4, 3, 12, 21, 22, 23, 24, 33, 42, 41, 50, 59, 60, 69, 78, 77, 76, 75, 74, 73, 72, 63, 54, 55, 56, 57, 48, 39, 38, 37, 36, 27, 18, 19, 10, 1, 0]
[00:00:01:07:470] Path of length 48 found: [80, 71, 62, 53, 44, 35, 26, 17, 16, 7, 6, 5, 4, 3, 12, 21, 22, 23, 24, 33, 42, 41, 50, 59, 60, 69, 78, 77, 76, 75, 74, 73, 72, 63, 54, 55, 56, 57, 48, 39, 38, 37, 36, 27, 18, 19, 10, 1, 0]
[00:00:01:07:470] ! Unidirectional t-s. expansions: 25,862, time: 67,470 [ms], path length: 48 [edges], generated: 37,528
[00:00:00:00:132] Expansion 17:New longest path found with length 30: [0, 1, 10, 19, 18, 27, 36, 37, 38, 39, 40, 49, 50, 51, 42, 33, 32, 23, 14, 15, 6, 7, 8, 17, 26, 35, 44, 53, 62, 71, 80]
[00:00:00:00:165] Expansion 24:New longest path found with length 34: [0, 1, 10, 19, 18, 27, 36, 37, 38, 39, 40, 49, 50, 51, 42, 33, 24, 23, 22, 21, 12, 3, 4, 5, 6, 7, 8, 17, 26, 35, 44, 53, 62, 71, 80]
[00:00:00:00:300] Expansion 46:New longest path found with length 46: [0, 1, 10, 19, 18, 27, 36, 37, 38, 39, 48, 57, 56, 55, 54, 63, 72, 73, 74, 75, 76, 67, 68, 59, 50, 51, 42, 33, 32, 23, 22, 21, 12, 3, 4, 5, 6, 7, 8, 17, 26, 35, 44, 53, 62, 71, 80]
[00:00:00:00:321] Expansion 56:New longest path found with length 48: [0, 1, 10, 19, 18, 27, 36, 37, 38, 39, 48, 57, 56, 55, 54, 63, 72, 73, 74, 75, 76, 77, 78, 69, 60, 59, 50, 41, 42, 33, 24, 23, 22, 21, 12, 3, 4, 5, 6, 7, 8, 17, 26, 35, 44, 53, 62, 71, 80]
[00:00:00:08:682] Path of length 48 found: [0, 1, 10, 19, 18, 27, 36, 37, 38, 39, 48, 57, 56, 55, 54, 63, 72, 73, 74, 75, 76, 77, 78, 69, 60, 59, 50, 41, 42, 33, 24, 23, 22, 21, 12, 3, 4, 5, 6, 7, 8, 17, 26, 35, 44, 53, 62, 71, 80]
[00:00:00:09:176] ! Bidirectional. expansions: 1,088, time: 8,682 [ms], path length: 48 [edges], g_F: 24, g_B: 24, generated: {'F': 1,750, 'B': 1,917}, MM: 0, MMPER: -1.0%
[00:00:00:09:176] 
---------- SM_Grids/9x9_grid_with_random_blocks_12per_7 ----------
[00:00:00:00:188] Expansion 39: New longest path found with length 40: [0, 9, 18, 27, 36, 45, 54, 63, 64, 73, 74, 75, 66, 57, 56, 47, 38, 29, 20, 11, 2, 3, 4, 5, 6, 7, 16, 25, 34, 33, 32, 31, 40, 49, 50, 59, 68, 77, 78, 79, 80]
[00:00:00:00:335] Expansion 104: New longest path found with length 42: [0, 9, 18, 27, 36, 45, 54, 63, 64, 73, 74, 75, 66, 57, 56, 47, 38, 29, 20, 11, 2, 3, 4, 5, 6, 7, 16, 25, 24, 23, 22, 31, 40, 41, 42, 51, 60, 59, 68, 77, 78, 79, 80]
[00:00:00:03:618] Expansion 992: New longest path found with length 44: [0, 9, 18, 27, 36, 45, 54, 63, 64, 73, 74, 75, 76, 77, 68, 59, 58, 57, 56, 47, 38, 39, 40, 31, 22, 21, 20, 11, 2, 3, 4, 5, 6, 7, 16, 25, 24, 33, 42, 51, 52, 53, 62, 71, 80]
[00:00:00:54:082] Path of length 44 found: [0, 9, 18, 27, 36, 45, 54, 63, 64, 73, 74, 75, 76, 77, 68, 59, 58, 57, 56, 47, 38, 39, 40, 31, 22, 21, 20, 11, 2, 3, 4, 5, 6, 7, 16, 25, 24, 33, 42, 51, 52, 53, 62, 71, 80]
[00:00:00:54:082] ! Unidirectional s-t. expansions: 11,567, time: 54,082 [ms], path length: 44 [edges], generated: 20,053
[00:00:00:00:199] Expansion 43: New longest path found with length 44: [80, 79, 70, 61, 52, 51, 42, 33, 34, 25, 16, 7, 6, 5, 4, 3, 2, 11, 20, 21, 22, 31, 40, 39, 38, 47, 56, 57, 58, 59, 68, 77, 76, 75, 74, 73, 64, 63, 54, 45, 36, 27, 18, 9, 0]
[00:00:01:18:903] Path of length 44 found: [80, 79, 70, 61, 52, 51, 42, 33, 34, 25, 16, 7, 6, 5, 4, 3, 2, 11, 20, 21, 22, 31, 40, 39, 38, 47, 56, 57, 58, 59, 68, 77, 76, 75, 74, 73, 64, 63, 54, 45, 36, 27, 18, 9, 0]
[00:00:01:18:904] ! Unidirectional t-s. expansions: 15,484, time: 78,903 [ms], path length: 44 [edges], generated: 27,609
[00:00:00:00:157] Expansion 20:New longest path found with length 38: [0, 9, 18, 27, 36, 45, 54, 63, 64, 73, 74, 75, 66, 67, 58, 49, 40, 31, 22, 21, 20, 11, 2, 3, 4, 5, 6, 7, 16, 25, 34, 33, 42, 51, 52, 61, 70, 79, 80]
[00:00:00:00:178] Expansion 27:New longest path found with length 40: [0, 9, 18, 27, 36, 45, 54, 63, 64, 73, 74, 75, 66, 57, 56, 47, 38, 39, 40, 31, 22, 21, 20, 11, 2, 3, 4, 5, 6, 7, 16, 25, 34, 33, 42, 51, 52, 61, 70, 79, 80]
[00:00:00:00:209] Expansion 36:New longest path found with length 42: [0, 9, 18, 27, 36, 45, 54, 63, 64, 73, 74, 75, 76, 67, 58, 57, 56, 47, 38, 39, 40, 31, 22, 21, 20, 11, 2, 3, 4, 5, 6, 7, 16, 25, 34, 33, 42, 51, 52, 61, 70, 79, 80]
[00:00:00:00:234] Expansion 45:New longest path found with length 44: [0, 9, 18, 27, 36, 45, 54, 63, 64, 73, 74, 75, 76, 77, 68, 59, 58, 57, 56, 47, 38, 39, 40, 31, 22, 21, 20, 11, 2, 3, 4, 5, 6, 7, 16, 25, 34, 33, 42, 51, 52, 61, 70, 79, 80]
[00:00:00:29:936] Path of length 44 found: [0, 9, 18, 27, 36, 45, 54, 63, 64, 73, 74, 75, 76, 77, 68, 59, 58, 57, 56, 47, 38, 39, 40, 31, 22, 21, 20, 11, 2, 3, 4, 5, 6, 7, 16, 25, 34, 33, 42, 51, 52, 61, 70, 79, 80]
[00:00:00:30:421] ! Bidirectional. expansions: 3,566, time: 29,936 [ms], path length: 44 [edges], g_F: 22, g_B: 22, generated: {'F': 6,265, 'B': 6,858}, MM: 0, MMPER: -1.0%
[00:00:00:30:421] 
---------- SM_Grids/9x9_grid_with_random_blocks_12per_8 ----------
[00:00:00:00:196] Expansion 43: New longest path found with length 44: [0, 9, 10, 11, 2, 3, 4, 13, 22, 31, 40, 49, 48, 47, 38, 37, 36, 45, 54, 63, 72, 73, 74, 75, 66, 67, 68, 59, 60, 51, 42, 33, 24, 15, 6, 7, 8, 17, 26, 35, 44, 53, 62, 71, 80]
[00:00:00:01:061] Expansion 292: New longest path found with length 46: [0, 9, 10, 11, 2, 3, 4, 13, 22, 31, 32, 33, 24, 15, 6, 7, 8, 17, 26, 35, 44, 53, 62, 61, 60, 51, 50, 49, 48, 47, 38, 37, 36, 45, 54, 63, 72, 73, 74, 75, 66, 67, 68, 77, 78, 79, 80]
[00:00:00:10:810] Expansion 2,276: New longest path found with length 48: [0, 9, 18, 19, 20, 11, 2, 3, 4, 13, 22, 31, 32, 33, 24, 15, 6, 7, 8, 17, 26, 35, 44, 53, 62, 61, 60, 51, 50, 49, 48, 47, 38, 37, 36, 45, 54, 63, 72, 73, 74, 75, 66, 67, 68, 77, 78, 79, 80]
[00:00:00:16:415] Path of length 48 found: [0, 9, 18, 19, 20, 11, 2, 3, 4, 13, 22, 31, 32, 33, 24, 15, 6, 7, 8, 17, 26, 35, 44, 53, 62, 61, 60, 51, 50, 49, 48, 47, 38, 37, 36, 45, 54, 63, 72, 73, 74, 75, 66, 67, 68, 77, 78, 79, 80]
[00:00:00:16:415] ! Unidirectional s-t. expansions: 3,327, time: 16,415 [ms], path length: 48 [edges], generated: 5,524
[00:00:00:00:125] Expansion 19: New longest path found with length 20: [80, 71, 62, 53, 44, 35, 26, 17, 8, 7, 6, 5, 4, 3, 2, 11, 20, 19, 18, 9, 0]
[00:00:00:09:525] Expansion 4,277: New longest path found with length 44: [80, 71, 62, 53, 44, 35, 26, 17, 8, 7, 6, 5, 4, 13, 22, 23, 24, 33, 42, 41, 40, 49, 58, 59, 60, 69, 78, 77, 76, 75, 74, 73, 72, 63, 54, 55, 56, 47, 38, 29, 28, 19, 10, 1, 0]
[00:00:00:09:543] Expansion 4,288: New longest path found with length 46: [80, 71, 62, 53, 44, 35, 26, 17, 8, 7, 6, 5, 4, 13, 22, 23, 24, 33, 42, 41, 40, 49, 58, 59, 60, 69, 78, 77, 76, 75, 74, 73, 72, 63, 54, 55, 56, 47, 38, 37, 28, 19, 20, 11, 2, 1, 0]
[00:00:00:53:227] Expansion 14,265: New longest path found with length 48: [80, 79, 78, 77, 68, 67, 66, 75, 74, 73, 72, 63, 54, 45, 36, 37, 38, 47, 48, 49, 40, 31, 22, 23, 24, 33, 42, 51, 60, 61, 62, 53, 44, 35, 26, 17, 8, 7, 6, 5, 4, 3, 2, 11, 20, 19, 18, 9, 0]
[00:00:00:57:375] Path of length 48 found: [80, 79, 78, 77, 68, 67, 66, 75, 74, 73, 72, 63, 54, 45, 36, 37, 38, 47, 48, 49, 40, 31, 22, 23, 24, 33, 42, 51, 60, 61, 62, 53, 44, 35, 26, 17, 8, 7, 6, 5, 4, 3, 2, 11, 20, 19, 18, 9, 0]
[00:00:00:57:375] ! Unidirectional t-s. expansions: 15,060, time: 57,375 [ms], path length: 48 [edges], generated: 23,406
[00:00:00:00:157] Expansion 22:New longest path found with length 44: [0, 9, 10, 11, 2, 3, 4, 13, 22, 31, 40, 49, 48, 47, 38, 37, 36, 45, 54, 63, 72, 73, 74, 75, 66, 67, 68, 59, 60, 51, 42, 33, 24, 15, 6, 7, 8, 17, 26, 35, 44, 53, 62, 71, 80]
[00:00:00:10:240] Expansion 1,754:New longest path found with length 46: [0, 9, 18, 19, 20, 11, 2, 3, 4, 5, 6, 7, 8, 17, 26, 25, 24, 23, 22, 31, 40, 49, 48, 47, 38, 37, 36, 45, 54, 63, 72, 73, 74, 75, 66, 67, 68, 69, 60, 51, 42, 43, 44, 53, 62, 71, 80]
[00:00:00:16:908] Expansion 2,941:New longest path found with length 48: [0, 9, 18, 19, 20, 11, 2, 3, 4, 13, 22, 31, 32, 33, 24, 15, 6, 7, 8, 17, 26, 35, 44, 53, 62, 61, 60, 51, 50, 49, 48, 47, 38, 37, 36, 45, 54, 63, 72, 73, 74, 75, 66, 67, 68, 77, 78, 79, 80]
[00:00:00:19:668] Path of length 48 found: [0, 9, 18, 19, 20, 11, 2, 3, 4, 13, 22, 31, 32, 33, 24, 15, 6, 7, 8, 17, 26, 35, 44, 53, 62, 61, 60, 51, 50, 49, 48, 47, 38, 37, 36, 45, 54, 63, 72, 73, 74, 75, 66, 67, 68, 77, 78, 79, 80]
[00:00:00:20:193] ! Bidirectional. expansions: 3,259, time: 19,668 [ms], path length: 48 [edges], g_F: 24, g_B: 24, generated: {'F': 5,341, 'B': 5,223}, MM: 0, MMPER: -1.0%
[00:00:00:20:193] 
---------- SM_Grids/9x9_grid_with_random_blocks_12per_9 ----------
[00:00:00:00:132] Expansion 19: New longest path found with length 20: [0, 9, 18, 19, 20, 11, 12, 13, 14, 15, 16, 17, 26, 35, 34, 43, 52, 53, 62, 71, 80]
[00:00:00:07:262] Expansion 3,245: New longest path found with length 22: [0, 9, 18, 19, 20, 11, 12, 13, 14, 15, 16, 17, 26, 35, 34, 43, 52, 61, 60, 69, 78, 79, 80]
[00:00:00:07:318] Expansion 3,264: New longest path found with length 38: [0, 9, 18, 19, 20, 11, 12, 13, 14, 15, 16, 17, 26, 35, 34, 43, 52, 61, 60, 59, 50, 41, 40, 39, 38, 37, 36, 45, 54, 63, 72, 73, 74, 75, 76, 77, 78, 79, 80]
[00:00:00:08:530] Expansion 3,734: New longest path found with length 40: [0, 9, 18, 19, 20, 11, 12, 13, 14, 15, 16, 17, 26, 35, 34, 43, 52, 51, 50, 49, 58, 57, 56, 47, 38, 37, 36, 45, 54, 63, 72, 73, 74, 75, 76, 77, 68, 69, 70, 79, 80]
[00:00:00:58:815] Expansion 16,939: New longest path found with length 42: [0, 9, 18, 27, 28, 29, 20, 11, 12, 13, 14, 15, 16, 17, 26, 35, 44, 53, 62, 61, 60, 51, 50, 41, 40, 39, 48, 47, 46, 45, 54, 63, 72, 73, 74, 75, 66, 67, 68, 77, 78, 79, 80]
[00:00:02:41:449] Expansion 39,879: New longest path found with length 44: [0, 1, 2, 11, 20, 19, 18, 27, 36, 37, 46, 55, 54, 63, 72, 73, 74, 75, 76, 77, 78, 69, 60, 59, 58, 57, 48, 39, 40, 31, 22, 13, 14, 15, 16, 17, 26, 35, 34, 43, 52, 53, 62, 71, 80]
[00:00:02:57:081] Path of length 44 found: [0, 1, 2, 11, 20, 19, 18, 27, 36, 37, 46, 55, 54, 63, 72, 73, 74, 75, 76, 77, 78, 69, 60, 59, 58, 57, 48, 39, 40, 31, 22, 13, 14, 15, 16, 17, 26, 35, 34, 43, 52, 53, 62, 71, 80]
[00:00:02:57:081] ! Unidirectional s-t. expansions: 43,157, time: 177,081 [ms], path length: 44 [edges], generated: 74,002
[00:00:00:00:116] Expansion 17: New longest path found with length 18: [80, 71, 62, 53, 44, 43, 34, 25, 16, 15, 14, 23, 22, 21, 12, 3, 2, 1, 0]
[00:00:00:21:476] Expansion 10,248: New longest path found with length 20: [80, 71, 62, 53, 44, 43, 34, 25, 16, 15, 14, 23, 22, 21, 20, 29, 28, 27, 18, 9, 0]
[00:00:00:24:677] Expansion 11,543: New longest path found with length 22: [80, 71, 62, 53, 44, 43, 34, 25, 16, 15, 14, 23, 22, 21, 20, 29, 38, 37, 36, 27, 18, 9, 0]
[00:00:00:24:729] Expansion 11,558: New longest path found with length 32: [80, 71, 62, 53, 44, 43, 34, 25, 16, 15, 14, 23, 22, 21, 20, 29, 38, 39, 48, 57, 66, 75, 74, 73, 72, 63, 54, 45, 36, 27, 18, 9, 0]
[00:00:00:24:777] Expansion 11,576: New longest path found with length 38: [80, 71, 62, 53, 44, 43, 34, 25, 16, 15, 14, 23, 22, 21, 20, 29, 38, 39, 48, 57, 58, 59, 60, 69, 78, 77, 76, 75, 74, 73, 72, 63, 54, 45, 36, 27, 18, 9, 0]
[00:00:00:25:880] Expansion 12,022: New longest path found with length 40: [80, 71, 62, 53, 44, 43, 34, 25, 16, 15, 14, 23, 22, 21, 20, 29, 38, 47, 56, 57, 58, 49, 50, 51, 60, 69, 68, 77, 76, 75, 74, 73, 72, 63, 54, 45, 36, 27, 18, 9, 0]
[00:00:00:26:199] Expansion 12,133: New longest path found with length 42: [80, 71, 62, 53, 44, 43, 34, 25, 16, 15, 14, 23, 22, 31, 40, 39, 48, 57, 58, 59, 60, 69, 78, 77, 76, 75, 74, 73, 72, 63, 54, 55, 46, 37, 36, 27, 18, 19, 20, 11, 2, 1, 0]
[00:00:00:44:170] Expansion 16,987: New longest path found with length 44: [80, 71, 62, 53, 52, 43, 34, 35, 26, 17, 16, 15, 14, 23, 22, 31, 40, 41, 50, 59, 60, 69, 78, 77, 76, 75, 74, 73, 72, 63, 54, 55, 56, 47, 38, 37, 36, 27, 18, 19, 20, 11, 2, 1, 0]
[00:00:02:17:039] Path of length 44 found: [80, 71, 62, 53, 52, 43, 34, 35, 26, 17, 16, 15, 14, 23, 22, 31, 40, 41, 50, 59, 60, 69, 78, 77, 76, 75, 74, 73, 72, 63, 54, 55, 56, 47, 38, 37, 36, 27, 18, 19, 20, 11, 2, 1, 0]
[00:00:02:17:039] ! Unidirectional t-s. expansions: 39,130, time: 137,039 [ms], path length: 44 [edges], generated: 60,362
[00:00:00:00:136] Expansion 11:New longest path found with length 22: [0, 9, 18, 27, 28, 29, 38, 39, 40, 31, 22, 13, 14, 15, 16, 25, 34, 43, 44, 53, 62, 71, 80]
[00:00:00:00:199] Expansion 21:New longest path found with length 34: [0, 9, 18, 27, 28, 29, 38, 47, 46, 45, 54, 63, 72, 73, 74, 75, 66, 57, 58, 49, 40, 31, 22, 13, 14, 15, 16, 25, 34, 43, 44, 53, 62, 71, 80]
[00:00:00:00:207] Expansion 23:New longest path found with length 36: [0, 9, 18, 27, 28, 29, 38, 47, 46, 45, 54, 63, 72, 73, 74, 75, 66, 67, 68, 59, 50, 49, 40, 31, 22, 13, 14, 15, 16, 25, 34, 43, 44, 53, 62, 71, 80]
[00:00:00:00:210] Expansion 25:New longest path found with length 38: [0, 9, 18, 27, 28, 29, 38, 47, 46, 45, 54, 63, 72, 73, 74, 75, 66, 67, 68, 69, 60, 51, 50, 49, 40, 31, 22, 13, 14, 15, 16, 25, 34, 43, 44, 53, 62, 71, 80]
[00:00:00:03:500] Expansion 668:New longest path found with length 40: [0, 9, 18, 27, 28, 29, 38, 47, 46, 45, 54, 63, 72, 73, 74, 75, 76, 77, 78, 69, 60, 59, 58, 49, 40, 31, 22, 13, 14, 15, 16, 17, 26, 35, 34, 43, 52, 53, 62, 71, 80]
[00:00:00:44:494] Expansion 8,011:New longest path found with length 42: [0, 9, 10, 11, 12, 21, 22, 23, 14, 15, 16, 17, 26, 35, 34, 43, 52, 51, 50, 49, 58, 57, 56, 47, 38, 29, 28, 27, 36, 45, 54, 63, 72, 73, 74, 75, 76, 77, 78, 69, 70, 71, 80]
[00:00:01:43:543] Expansion 18,016:New longest path found with length 44: [0, 1, 2, 11, 20, 19, 18, 27, 36, 37, 38, 47, 56, 55, 54, 63, 72, 73, 74, 75, 76, 77, 78, 69, 60, 59, 50, 49, 40, 31, 22, 13, 14, 15, 16, 17, 26, 35, 34, 43, 52, 53, 62, 71, 80]
[00:00:02:01:696] Path of length 44 found: [0, 1, 2, 11, 20, 19, 18, 27, 36, 37, 38, 47, 56, 55, 54, 63, 72, 73, 74, 75, 76, 77, 78, 69, 60, 59, 50, 49, 40, 31, 22, 13, 14, 15, 16, 17, 26, 35, 34, 43, 52, 53, 62, 71, 80]
[00:00:02:02:190] ! Bidirectional. expansions: 20,690, time: 121,697 [ms], path length: 44 [edges], g_F: 22, g_B: 22, generated: {'F': 33,260, 'B': 35,678}, MM: 0, MMPER: -1.0%

[00:00:02:02:190] average expansions: (10,704, 14,279, 4,166, 0)
[00:00:02:02:190] average time: (49,047, 55,873, 27,414, 0)
[00:00:02:02:190] X-DFBnB: 10,704 , 49,047 (expansions , time[ms])
[00:00:02:02:190] BiX-DFBnB: 4,166 , 27,414 (expansions , time[ms])

