Fri 20 Mar 2026 13:00:29 IST

SLURM_JOBID:		 16224819
SLURM_JOB_NODELIST:	 ise-cpu256-08 

--------------------------
date: SM_Grids
number_of_graphs: 10
graph_type: grid
size_of_graphs: [6, 6]
heuristic: bcc_heuristic
snake: False
run_uni: True
run_bi: True
run_multi: False
solution_vertices: []
algorithms: ['DFBnB']
bsd: False
cube_first_dims: 4
cube_buffer_dim: None
backward_sym_generation: False
sym_coil: False
prefix_set: None

---------- SM_Grids/6x6_grid_with_random_blocks_20per_0 ----------
[00:00:00:00:041] Path of length 26 found: [0, 1, 2, 3, 4, 5, 11, 10, 9, 15, 14, 8, 7, 6, 12, 13, 19, 20, 26, 25, 31, 32, 33, 27, 28, 34, 35]
[00:00:00:00:041] ! Unidirectional s-t. expansions: 85, time: 41 [ms], path length: 26 [edges], generated: 142
[00:00:00:00:012] Path of length 26 found: [35, 34, 28, 27, 33, 32, 31, 25, 26, 20, 19, 13, 12, 6, 7, 8, 14, 15, 9, 10, 11, 5, 4, 3, 2, 1, 0]
[00:00:00:00:012] ! Unidirectional t-s. expansions: 26, time: 12 [ms], path length: 26 [edges], generated: 41
[00:00:00:00:166] Path of length 26 found: [0, 1, 2, 3, 4, 5, 11, 10, 9, 15, 14, 8, 7, 6, 12, 13, 19, 20, 26, 25, 31, 32, 33, 27, 28, 34, 35]
[00:00:00:00:457] ! Bidirectional. expansions: 166, time: 166 [ms], path length: 26 [edges], g_F: 19, g_B: 7, generated: {'F': 160, 'B': 135}, MM: 12, MMPER: 43.44444444444444%
[00:00:00:00:457] 
---------- SM_Grids/6x6_grid_with_random_blocks_20per_1 ----------
[00:00:00:00:494] Path of length 24 found: [0, 6, 12, 18, 19, 13, 7, 1, 2, 8, 14, 20, 21, 15, 9, 3, 4, 5, 11, 10, 16, 22, 28, 29, 35]
[00:00:00:00:495] ! Unidirectional s-t. expansions: 1,093, time: 494 [ms], path length: 24 [edges], generated: 1,830
[00:00:00:00:238] Path of length 24 found: [35, 29, 28, 27, 21, 22, 16, 17, 11, 5, 4, 10, 9, 3, 2, 1, 7, 8, 14, 20, 19, 13, 12, 6, 0]
[00:00:00:00:238] ! Unidirectional t-s. expansions: 500, time: 238 [ms], path length: 24 [edges], generated: 895
[00:00:00:00:838] Path of length 24 found: [0, 6, 12, 18, 19, 13, 7, 1, 2, 8, 14, 20, 21, 15, 9, 3, 4, 5, 11, 17, 16, 22, 28, 29, 35]
[00:00:00:01:094] ! Bidirectional. expansions: 814, time: 838 [ms], path length: 24 [edges], g_F: 16, g_B: 8, generated: {'F': 1,062, 'B': 432}, MM: 8, MMPER: 31.0%
[00:00:00:01:094] 
---------- SM_Grids/6x6_grid_with_random_blocks_20per_2 ----------
[00:00:00:00:050] Path of length 24 found: [0, 6, 12, 18, 19, 25, 24, 30, 31, 32, 26, 27, 21, 20, 14, 8, 2, 3, 9, 10, 16, 17, 23, 29, 35]
[00:00:00:00:051] ! Unidirectional s-t. expansions: 95, time: 51 [ms], path length: 24 [edges], generated: 155
[00:00:00:00:016] Path of length 24 found: [35, 29, 23, 17, 11, 10, 9, 3, 2, 8, 14, 20, 21, 27, 26, 32, 31, 30, 24, 25, 19, 18, 12, 6, 0]
[00:00:00:00:016] ! Unidirectional t-s. expansions: 29, time: 16 [ms], path length: 24 [edges], generated: 44
[00:00:00:00:100] Path of length 24 found: [0, 6, 12, 18, 19, 25, 24, 30, 31, 32, 26, 27, 21, 20, 14, 8, 2, 3, 9, 10, 16, 17, 23, 29, 35]
[00:00:00:00:356] ! Bidirectional. expansions: 100, time: 100 [ms], path length: 24 [edges], g_F: 21, g_B: 3, generated: {'F': 128, 'B': 29}, MM: 18, MMPER: 71.0%
[00:00:00:00:357] 
---------- SM_Grids/6x6_grid_with_random_blocks_20per_3 ----------
[00:00:00:00:026] Path of length 24 found: [0, 1, 2, 3, 4, 5, 11, 10, 9, 8, 14, 13, 19, 18, 24, 30, 31, 32, 33, 27, 21, 22, 23, 29, 35]
[00:00:00:00:026] ! Unidirectional s-t. expansions: 58, time: 26 [ms], path length: 24 [edges], generated: 88
[00:00:00:00:019] Path of length 24 found: [35, 29, 23, 22, 21, 27, 33, 32, 31, 30, 24, 18, 19, 13, 14, 15, 9, 10, 11, 5, 4, 3, 2, 1, 0]
[00:00:00:00:019] ! Unidirectional t-s. expansions: 38, time: 19 [ms], path length: 24 [edges], generated: 58
[00:00:00:00:048] Path of length 24 found: [0, 1, 2, 3, 4, 5, 11, 10, 9, 8, 14, 13, 19, 18, 24, 30, 31, 32, 33, 27, 21, 22, 23, 29, 35]
[00:00:00:00:329] ! Bidirectional. expansions: 48, time: 48 [ms], path length: 24 [edges], g_F: 16, g_B: 8, generated: {'F': 60, 'B': 13}, MM: 8, MMPER: 31.0%
[00:00:00:00:329] 
---------- SM_Grids/6x6_grid_with_random_blocks_20per_4 ----------
[00:00:00:00:011] Path of length 20 found: [0, 1, 7, 8, 9, 3, 4, 5, 11, 10, 16, 15, 21, 27, 33, 34, 28, 22, 23, 29, 35]
[00:00:00:00:011] ! Unidirectional s-t. expansions: 20, time: 11 [ms], path length: 20 [edges], generated: 30
[00:00:00:00:012] Path of length 20 found: [35, 29, 23, 22, 28, 34, 33, 27, 21, 15, 16, 10, 11, 5, 4, 3, 9, 8, 7, 1, 0]
[00:00:00:00:012] ! Unidirectional t-s. expansions: 20, time: 12 [ms], path length: 20 [edges], generated: 30
[00:00:00:00:024] Path of length 20 found: [0, 1, 7, 8, 9, 3, 4, 5, 11, 10, 16, 15, 21, 27, 33, 34, 28, 22, 23, 29, 35]
[00:00:00:00:273] ! Bidirectional. expansions: 20, time: 24 [ms], path length: 20 [edges], g_F: 9, g_B: 11, generated: {'F': 13, 'B': 18}, MM: 2, MMPER: 8.523809523809524%
[00:00:00:00:274] 
---------- SM_Grids/6x6_grid_with_random_blocks_20per_5 ----------
[00:00:00:00:058] Path of length 24 found: [0, 6, 12, 13, 14, 20, 26, 25, 24, 30, 31, 32, 33, 27, 21, 15, 9, 3, 4, 10, 16, 22, 28, 34, 35]
[00:00:00:00:058] ! Unidirectional s-t. expansions: 101, time: 58 [ms], path length: 24 [edges], generated: 174
[00:00:00:00:076] Path of length 24 found: [35, 29, 28, 34, 33, 32, 31, 30, 24, 25, 26, 27, 21, 22, 16, 10, 4, 3, 9, 15, 14, 13, 7, 6, 0]
[00:00:00:00:076] ! Unidirectional t-s. expansions: 146, time: 76 [ms], path length: 24 [edges], generated: 241
[00:00:00:00:154] Path of length 24 found: [0, 6, 12, 13, 14, 15, 9, 3, 4, 10, 16, 22, 21, 27, 26, 25, 24, 30, 31, 32, 33, 34, 28, 29, 35]
[00:00:00:00:405] ! Bidirectional. expansions: 151, time: 154 [ms], path length: 24 [edges], g_F: 6, g_B: 18, generated: {'F': 35, 'B': 218}, MM: 12, MMPER: 47.0%
[00:00:00:00:405] 
---------- SM_Grids/6x6_grid_with_random_blocks_20per_6 ----------
[00:00:00:00:037] Path of length 24 found: [0, 6, 12, 18, 24, 25, 31, 32, 26, 20, 14, 8, 2, 3, 9, 10, 4, 5, 11, 17, 16, 22, 28, 34, 35]
[00:00:00:00:037] ! Unidirectional s-t. expansions: 74, time: 37 [ms], path length: 24 [edges], generated: 121
[00:00:00:00:063] Path of length 24 found: [35, 29, 28, 34, 33, 32, 31, 25, 26, 20, 14, 15, 9, 10, 16, 17, 11, 5, 4, 3, 2, 8, 7, 6, 0]
[00:00:00:00:064] ! Unidirectional t-s. expansions: 103, time: 64 [ms], path length: 24 [edges], generated: 174
[00:00:00:00:126] Path of length 24 found: [0, 6, 7, 8, 2, 3, 9, 10, 4, 5, 11, 17, 16, 15, 14, 20, 26, 25, 31, 32, 33, 34, 28, 29, 35]
[00:00:00:00:380] ! Bidirectional. expansions: 101, time: 126 [ms], path length: 24 [edges], g_F: 17, g_B: 7, generated: {'F': 38, 'B': 134}, MM: 10, MMPER: 39.0%
[00:00:00:00:380] 
---------- SM_Grids/6x6_grid_with_random_blocks_20per_7 ----------
[00:00:00:00:028] Path of length 24 found: [0, 1, 7, 6, 12, 18, 19, 25, 31, 32, 26, 20, 14, 15, 9, 10, 11, 17, 16, 22, 28, 27, 33, 34, 35]
[00:00:00:00:028] ! Unidirectional s-t. expansions: 46, time: 28 [ms], path length: 24 [edges], generated: 70
[00:00:00:00:033] Path of length 24 found: [35, 34, 28, 22, 16, 17, 11, 10, 9, 15, 14, 20, 26, 27, 33, 32, 31, 25, 19, 18, 12, 6, 7, 1, 0]
[00:00:00:00:034] ! Unidirectional t-s. expansions: 55, time: 33 [ms], path length: 24 [edges], generated: 89
[00:00:00:00:184] Path of length 24 found: [0, 1, 7, 6, 12, 18, 19, 25, 31, 32, 33, 27, 26, 20, 14, 15, 9, 10, 11, 17, 16, 22, 28, 34, 35]
[00:00:00:00:467] ! Bidirectional. expansions: 148, time: 184 [ms], path length: 24 [edges], g_F: 13, g_B: 11, generated: {'F': 93, 'B': 159}, MM: 2, MMPER: 7.0%
[00:00:00:00:468] 
---------- SM_Grids/6x6_grid_with_random_blocks_20per_8 ----------
[00:00:00:00:015] Path of length 28 found: [0, 1, 7, 6, 12, 18, 19, 25, 24, 30, 31, 32, 26, 27, 33, 34, 28, 22, 21, 15, 14, 8, 9, 10, 16, 17, 23, 29, 35]
[00:00:00:00:015] ! Unidirectional s-t. expansions: 28, time: 15 [ms], path length: 28 [edges], generated: 42
[00:00:00:00:014] Path of length 28 found: [35, 29, 23, 17, 16, 10, 9, 8, 14, 15, 21, 22, 28, 34, 33, 27, 26, 32, 31, 30, 24, 25, 19, 18, 12, 6, 7, 1, 0]
[00:00:00:00:015] ! Unidirectional t-s. expansions: 28, time: 14 [ms], path length: 28 [edges], generated: 42
[00:00:00:00:029] Path of length 28 found: [0, 1, 7, 6, 12, 18, 19, 25, 24, 30, 31, 32, 26, 27, 33, 34, 28, 22, 21, 15, 14, 8, 9, 10, 16, 17, 23, 29, 35]
[00:00:00:00:286] ! Bidirectional. expansions: 28, time: 29 [ms], path length: 28 [edges], g_F: 18, g_B: 10, generated: {'F': 30, 'B': 17}, MM: 8, MMPER: 26.586206896551722%
[00:00:00:00:286] 
---------- SM_Grids/6x6_grid_with_random_blocks_20per_9 ----------
[00:00:00:00:085] Path of length 24 found: [0, 1, 7, 8, 9, 15, 14, 13, 12, 18, 24, 25, 19, 20, 26, 27, 21, 22, 16, 17, 23, 29, 28, 34, 35]
[00:00:00:00:085] ! Unidirectional s-t. expansions: 169, time: 85 [ms], path length: 24 [edges], generated: 301
[00:00:00:00:013] Path of length 24 found: [35, 34, 28, 29, 23, 17, 16, 22, 21, 27, 26, 20, 19, 25, 24, 18, 12, 13, 14, 15, 9, 8, 7, 1, 0]
[00:00:00:00:013] ! Unidirectional t-s. expansions: 24, time: 13 [ms], path length: 24 [edges], generated: 39
[00:00:00:00:149] Path of length 24 found: [0, 1, 7, 8, 9, 15, 14, 13, 12, 18, 24, 25, 19, 20, 26, 27, 21, 22, 16, 17, 23, 29, 28, 34, 35]
[00:00:00:00:405] ! Bidirectional. expansions: 119, time: 149 [ms], path length: 24 [edges], g_F: 18, g_B: 6, generated: {'F': 130, 'B': 101}, MM: 12, MMPER: 47.0%

[00:00:00:00:405] average expansions: (177, 97, 170, 0)
[00:00:00:00:405] average time: (85, 50, 182, 0)
[00:00:00:00:405] X-DFBnB: 97 , 50 (expansions , time[ms])
[00:00:00:00:405] BiX-DFBnB: 170 , 182 (expansions , time[ms])

--------------------------
date: SM_Grids
number_of_graphs: 10
graph_type: grid
size_of_graphs: [6, 6]
heuristic: bcc_heuristic
snake: False
run_uni: True
run_bi: True
run_multi: False
solution_vertices: []
algorithms: ['DFBnB']
bsd: False
cube_first_dims: 4
cube_buffer_dim: None
backward_sym_generation: False
sym_coil: False
prefix_set: None

---------- SM_Grids/6x6_grid_with_random_blocks_20per_0 ----------
[00:00:00:00:040] Path of length 26 found: [0, 1, 2, 3, 4, 5, 11, 10, 9, 15, 14, 8, 7, 6, 12, 13, 19, 20, 26, 25, 31, 32, 33, 27, 28, 34, 35]
[00:00:00:00:040] ! Unidirectional s-t. expansions: 85, time: 40 [ms], path length: 26 [edges], generated: 142
[00:00:00:00:012] Path of length 26 found: [35, 34, 28, 27, 33, 32, 31, 25, 26, 20, 19, 13, 12, 6, 7, 8, 14, 15, 9, 10, 11, 5, 4, 3, 2, 1, 0]
[00:00:00:00:012] ! Unidirectional t-s. expansions: 26, time: 12 [ms], path length: 26 [edges], generated: 41
[00:00:00:00:163] Path of length 26 found: [0, 1, 2, 3, 4, 5, 11, 10, 9, 15, 14, 8, 7, 6, 12, 13, 19, 20, 26, 25, 31, 32, 33, 27, 28, 34, 35]
[00:00:00:00:445] ! Bidirectional. expansions: 166, time: 163 [ms], path length: 26 [edges], g_F: 19, g_B: 7, generated: {'F': 160, 'B': 135}, MM: 12, MMPER: 43.44444444444444%
[00:00:00:00:446] 
---------- SM_Grids/6x6_grid_with_random_blocks_20per_1 ----------
[00:00:00:00:504] Path of length 24 found: [0, 6, 12, 18, 19, 13, 7, 1, 2, 8, 14, 20, 21, 15, 9, 3, 4, 5, 11, 10, 16, 22, 28, 29, 35]
[00:00:00:00:504] ! Unidirectional s-t. expansions: 1,093, time: 504 [ms], path length: 24 [edges], generated: 1,830
[00:00:00:00:241] Path of length 24 found: [35, 29, 28, 27, 21, 22, 16, 17, 11, 5, 4, 10, 9, 3, 2, 1, 7, 8, 14, 20, 19, 13, 12, 6, 0]
[00:00:00:00:241] ! Unidirectional t-s. expansions: 500, time: 241 [ms], path length: 24 [edges], generated: 895
[00:00:00:00:866] Path of length 24 found: [0, 6, 12, 18, 19, 13, 7, 1, 2, 8, 14, 20, 21, 15, 9, 3, 4, 5, 11, 17, 16, 22, 28, 29, 35]
[00:00:00:01:134] ! Bidirectional. expansions: 814, time: 866 [ms], path length: 24 [edges], g_F: 16, g_B: 8, generated: {'F': 1,062, 'B': 432}, MM: 8, MMPER: 31.0%
[00:00:00:01:134] 
---------- SM_Grids/6x6_grid_with_random_blocks_20per_2 ----------
[00:00:00:00:051] Path of length 24 found: [0, 6, 12, 18, 19, 25, 24, 30, 31, 32, 26, 27, 21, 20, 14, 8, 2, 3, 9, 10, 16, 17, 23, 29, 35]
[00:00:00:00:051] ! Unidirectional s-t. expansions: 95, time: 51 [ms], path length: 24 [edges], generated: 155
[00:00:00:00:015] Path of length 24 found: [35, 29, 23, 17, 11, 10, 9, 3, 2, 8, 14, 20, 21, 27, 26, 32, 31, 30, 24, 25, 19, 18, 12, 6, 0]
[00:00:00:00:016] ! Unidirectional t-s. expansions: 29, time: 15 [ms], path length: 24 [edges], generated: 44
[00:00:00:00:102] Path of length 24 found: [0, 6, 12, 18, 19, 25, 24, 30, 31, 32, 26, 27, 21, 20, 14, 8, 2, 3, 9, 10, 16, 17, 23, 29, 35]
[00:00:00:00:363] ! Bidirectional. expansions: 100, time: 102 [ms], path length: 24 [edges], g_F: 21, g_B: 3, generated: {'F': 128, 'B': 29}, MM: 18, MMPER: 71.0%
[00:00:00:00:363] 
---------- SM_Grids/6x6_grid_with_random_blocks_20per_3 ----------
[00:00:00:00:027] Path of length 24 found: [0, 1, 2, 3, 4, 5, 11, 10, 9, 8, 14, 13, 19, 18, 24, 30, 31, 32, 33, 27, 21, 22, 23, 29, 35]
[00:00:00:00:028] ! Unidirectional s-t. expansions: 58, time: 27 [ms], path length: 24 [edges], generated: 88
[00:00:00:00:020] Path of length 24 found: [35, 29, 23, 22, 21, 27, 33, 32, 31, 30, 24, 18, 19, 13, 14, 15, 9, 10, 11, 5, 4, 3, 2, 1, 0]
[00:00:00:00:020] ! Unidirectional t-s. expansions: 38, time: 20 [ms], path length: 24 [edges], generated: 58
[00:00:00:00:051] Path of length 24 found: [0, 1, 2, 3, 4, 5, 11, 10, 9, 8, 14, 13, 19, 18, 24, 30, 31, 32, 33, 27, 21, 22, 23, 29, 35]
[00:00:00:00:337] ! Bidirectional. expansions: 48, time: 51 [ms], path length: 24 [edges], g_F: 16, g_B: 8, generated: {'F': 60, 'B': 13}, MM: 8, MMPER: 31.0%
[00:00:00:00:337] 
---------- SM_Grids/6x6_grid_with_random_blocks_20per_4 ----------
[00:00:00:00:012] Path of length 20 found: [0, 1, 7, 8, 9, 3, 4, 5, 11, 10, 16, 15, 21, 27, 33, 34, 28, 22, 23, 29, 35]
[00:00:00:00:012] ! Unidirectional s-t. expansions: 20, time: 12 [ms], path length: 20 [edges], generated: 30
[00:00:00:00:012] Path of length 20 found: [35, 29, 23, 22, 28, 34, 33, 27, 21, 15, 16, 10, 11, 5, 4, 3, 9, 8, 7, 1, 0]
[00:00:00:00:012] ! Unidirectional t-s. expansions: 20, time: 12 [ms], path length: 20 [edges], generated: 30
[00:00:00:00:024] Path of length 20 found: [0, 1, 7, 8, 9, 3, 4, 5, 11, 10, 16, 15, 21, 27, 33, 34, 28, 22, 23, 29, 35]
[00:00:00:00:276] ! Bidirectional. expansions: 20, time: 24 [ms], path length: 20 [edges], g_F: 9, g_B: 11, generated: {'F': 13, 'B': 18}, MM: 2, MMPER: 8.523809523809524%
[00:00:00:00:276] 
---------- SM_Grids/6x6_grid_with_random_blocks_20per_5 ----------
[00:00:00:00:059] Path of length 24 found: [0, 6, 12, 13, 14, 20, 26, 25, 24, 30, 31, 32, 33, 27, 21, 15, 9, 3, 4, 10, 16, 22, 28, 34, 35]
[00:00:00:00:060] ! Unidirectional s-t. expansions: 101, time: 59 [ms], path length: 24 [edges], generated: 174
[00:00:00:00:079] Path of length 24 found: [35, 29, 28, 34, 33, 32, 31, 30, 24, 25, 26, 27, 21, 22, 16, 10, 4, 3, 9, 15, 14, 13, 7, 6, 0]
[00:00:00:00:079] ! Unidirectional t-s. expansions: 146, time: 79 [ms], path length: 24 [edges], generated: 241
[00:00:00:00:158] Path of length 24 found: [0, 6, 12, 13, 14, 15, 9, 3, 4, 10, 16, 22, 21, 27, 26, 25, 24, 30, 31, 32, 33, 34, 28, 29, 35]
[00:00:00:00:415] ! Bidirectional. expansions: 151, time: 158 [ms], path length: 24 [edges], g_F: 6, g_B: 18, generated: {'F': 35, 'B': 218}, MM: 12, MMPER: 47.0%
[00:00:00:00:415] 
---------- SM_Grids/6x6_grid_with_random_blocks_20per_6 ----------
[00:00:00:00:038] Path of length 24 found: [0, 6, 12, 18, 24, 25, 31, 32, 26, 20, 14, 8, 2, 3, 9, 10, 4, 5, 11, 17, 16, 22, 28, 34, 35]
[00:00:00:00:038] ! Unidirectional s-t. expansions: 74, time: 38 [ms], path length: 24 [edges], generated: 121
[00:00:00:00:066] Path of length 24 found: [35, 29, 28, 34, 33, 32, 31, 25, 26, 20, 14, 15, 9, 10, 16, 17, 11, 5, 4, 3, 2, 8, 7, 6, 0]
[00:00:00:00:066] ! Unidirectional t-s. expansions: 103, time: 66 [ms], path length: 24 [edges], generated: 174
[00:00:00:00:130] Path of length 24 found: [0, 6, 7, 8, 2, 3, 9, 10, 4, 5, 11, 17, 16, 15, 14, 20, 26, 25, 31, 32, 33, 34, 28, 29, 35]
[00:00:00:00:395] ! Bidirectional. expansions: 101, time: 131 [ms], path length: 24 [edges], g_F: 17, g_B: 7, generated: {'F': 38, 'B': 134}, MM: 10, MMPER: 39.0%
[00:00:00:00:395] 
---------- SM_Grids/6x6_grid_with_random_blocks_20per_7 ----------
[00:00:00:00:029] Path of length 24 found: [0, 1, 7, 6, 12, 18, 19, 25, 31, 32, 26, 20, 14, 15, 9, 10, 11, 17, 16, 22, 28, 27, 33, 34, 35]
[00:00:00:00:030] ! Unidirectional s-t. expansions: 46, time: 29 [ms], path length: 24 [edges], generated: 70
[00:00:00:00:034] Path of length 24 found: [35, 34, 28, 22, 16, 17, 11, 10, 9, 15, 14, 20, 26, 27, 33, 32, 31, 25, 19, 18, 12, 6, 7, 1, 0]
[00:00:00:00:034] ! Unidirectional t-s. expansions: 55, time: 34 [ms], path length: 24 [edges], generated: 89
[00:00:00:00:185] Path of length 24 found: [0, 1, 7, 6, 12, 18, 19, 25, 31, 32, 33, 27, 26, 20, 14, 15, 9, 10, 11, 17, 16, 22, 28, 34, 35]
[00:00:00:00:479] ! Bidirectional. expansions: 148, time: 185 [ms], path length: 24 [edges], g_F: 13, g_B: 11, generated: {'F': 93, 'B': 159}, MM: 2, MMPER: 7.0%
[00:00:00:00:480] 
---------- SM_Grids/6x6_grid_with_random_blocks_20per_8 ----------
[00:00:00:00:015] Path of length 28 found: [0, 1, 7, 6, 12, 18, 19, 25, 24, 30, 31, 32, 26, 27, 33, 34, 28, 22, 21, 15, 14, 8, 9, 10, 16, 17, 23, 29, 35]
[00:00:00:00:015] ! Unidirectional s-t. expansions: 28, time: 15 [ms], path length: 28 [edges], generated: 42
[00:00:00:00:015] Path of length 28 found: [35, 29, 23, 17, 16, 10, 9, 8, 14, 15, 21, 22, 28, 34, 33, 27, 26, 32, 31, 30, 24, 25, 19, 18, 12, 6, 7, 1, 0]
[00:00:00:00:015] ! Unidirectional t-s. expansions: 28, time: 15 [ms], path length: 28 [edges], generated: 42
[00:00:00:00:032] Path of length 28 found: [0, 1, 7, 6, 12, 18, 19, 25, 24, 30, 31, 32, 26, 27, 33, 34, 28, 22, 21, 15, 14, 8, 9, 10, 16, 17, 23, 29, 35]
[00:00:00:00:296] ! Bidirectional. expansions: 28, time: 32 [ms], path length: 28 [edges], g_F: 18, g_B: 10, generated: {'F': 30, 'B': 17}, MM: 8, MMPER: 26.586206896551722%
[00:00:00:00:296] 
---------- SM_Grids/6x6_grid_with_random_blocks_20per_9 ----------
[00:00:00:00:088] Path of length 24 found: [0, 1, 7, 8, 9, 15, 14, 13, 12, 18, 24, 25, 19, 20, 26, 27, 21, 22, 16, 17, 23, 29, 28, 34, 35]
[00:00:00:00:088] ! Unidirectional s-t. expansions: 169, time: 88 [ms], path length: 24 [edges], generated: 301
[00:00:00:00:014] Path of length 24 found: [35, 34, 28, 29, 23, 17, 16, 22, 21, 27, 26, 20, 19, 25, 24, 18, 12, 13, 14, 15, 9, 8, 7, 1, 0]
[00:00:00:00:014] ! Unidirectional t-s. expansions: 24, time: 14 [ms], path length: 24 [edges], generated: 39
[00:00:00:00:156] Path of length 24 found: [0, 1, 7, 8, 9, 15, 14, 13, 12, 18, 24, 25, 19, 20, 26, 27, 21, 22, 16, 17, 23, 29, 28, 34, 35]
[00:00:00:00:421] ! Bidirectional. expansions: 119, time: 156 [ms], path length: 24 [edges], g_F: 18, g_B: 6, generated: {'F': 130, 'B': 101}, MM: 12, MMPER: 47.0%

[00:00:00:00:421] average expansions: (177, 97, 170, 0)
[00:00:00:00:421] average time: (86, 51, 187, 0)
[00:00:00:00:421] X-DFBnB: 97 , 51 (expansions , time[ms])
[00:00:00:00:421] BiX-DFBnB: 170 , 187 (expansions , time[ms])

--------------------------
date: SM_Grids
number_of_graphs: 10
graph_type: grid
size_of_graphs: [6, 6]
heuristic: bcc_heuristic
snake: False
run_uni: True
run_bi: True
run_multi: False
solution_vertices: []
algorithms: ['DFBnB']
bsd: False
cube_first_dims: 4
cube_buffer_dim: None
backward_sym_generation: False
sym_coil: False
prefix_set: None

---------- SM_Grids/6x6_grid_with_random_blocks_20per_0 ----------
[00:00:00:00:040] Path of length 26 found: [0, 1, 2, 3, 4, 5, 11, 10, 9, 15, 14, 8, 7, 6, 12, 13, 19, 20, 26, 25, 31, 32, 33, 27, 28, 34, 35]
[00:00:00:00:040] ! Unidirectional s-t. expansions: 85, time: 40 [ms], path length: 26 [edges], generated: 142
[00:00:00:00:012] Path of length 26 found: [35, 34, 28, 27, 33, 32, 31, 25, 26, 20, 19, 13, 12, 6, 7, 8, 14, 15, 9, 10, 11, 5, 4, 3, 2, 1, 0]
[00:00:00:00:012] ! Unidirectional t-s. expansions: 26, time: 12 [ms], path length: 26 [edges], generated: 41
[00:00:00:00:162] Path of length 26 found: [0, 1, 2, 3, 4, 5, 11, 10, 9, 15, 14, 8, 7, 6, 12, 13, 19, 20, 26, 25, 31, 32, 33, 27, 28, 34, 35]
[00:00:00:00:453] ! Bidirectional. expansions: 166, time: 163 [ms], path length: 26 [edges], g_F: 19, g_B: 7, generated: {'F': 160, 'B': 135}, MM: 12, MMPER: 43.44444444444444%
[00:00:00:00:453] 
---------- SM_Grids/6x6_grid_with_random_blocks_20per_1 ----------
[00:00:00:00:513] Path of length 24 found: [0, 6, 12, 18, 19, 13, 7, 1, 2, 8, 14, 20, 21, 15, 9, 3, 4, 5, 11, 10, 16, 22, 28, 29, 35]
[00:00:00:00:513] ! Unidirectional s-t. expansions: 1,093, time: 513 [ms], path length: 24 [edges], generated: 1,830
[00:00:00:00:245] Path of length 24 found: [35, 29, 28, 27, 21, 22, 16, 17, 11, 5, 4, 10, 9, 3, 2, 1, 7, 8, 14, 20, 19, 13, 12, 6, 0]
[00:00:00:00:246] ! Unidirectional t-s. expansions: 500, time: 245 [ms], path length: 24 [edges], generated: 895
[00:00:00:00:894] Path of length 24 found: [0, 6, 12, 18, 19, 13, 7, 1, 2, 8, 14, 20, 21, 15, 9, 3, 4, 5, 11, 17, 16, 22, 28, 29, 35]
[00:00:00:01:162] ! Bidirectional. expansions: 814, time: 894 [ms], path length: 24 [edges], g_F: 16, g_B: 8, generated: {'F': 1,062, 'B': 432}, MM: 8, MMPER: 31.0%
[00:00:00:01:162] 
---------- SM_Grids/6x6_grid_with_random_blocks_20per_2 ----------
[00:00:00:00:052] Path of length 24 found: [0, 6, 12, 18, 19, 25, 24, 30, 31, 32, 26, 27, 21, 20, 14, 8, 2, 3, 9, 10, 16, 17, 23, 29, 35]
[00:00:00:00:052] ! Unidirectional s-t. expansions: 95, time: 52 [ms], path length: 24 [edges], generated: 155
[00:00:00:00:017] Path of length 24 found: [35, 29, 23, 17, 11, 10, 9, 3, 2, 8, 14, 20, 21, 27, 26, 32, 31, 30, 24, 25, 19, 18, 12, 6, 0]
[00:00:00:00:017] ! Unidirectional t-s. expansions: 29, time: 17 [ms], path length: 24 [edges], generated: 44
[00:00:00:00:103] Path of length 24 found: [0, 6, 12, 18, 19, 25, 24, 30, 31, 32, 26, 27, 21, 20, 14, 8, 2, 3, 9, 10, 16, 17, 23, 29, 35]
[00:00:00:00:359] ! Bidirectional. expansions: 100, time: 103 [ms], path length: 24 [edges], g_F: 21, g_B: 3, generated: {'F': 128, 'B': 29}, MM: 18, MMPER: 71.0%
[00:00:00:00:359] 
---------- SM_Grids/6x6_grid_with_random_blocks_20per_3 ----------
[00:00:00:00:027] Path of length 24 found: [0, 1, 2, 3, 4, 5, 11, 10, 9, 8, 14, 13, 19, 18, 24, 30, 31, 32, 33, 27, 21, 22, 23, 29, 35]
[00:00:00:00:027] ! Unidirectional s-t. expansions: 58, time: 27 [ms], path length: 24 [edges], generated: 88
[00:00:00:00:020] Path of length 24 found: [35, 29, 23, 22, 21, 27, 33, 32, 31, 30, 24, 18, 19, 13, 14, 15, 9, 10, 11, 5, 4, 3, 2, 1, 0]
[00:00:00:00:020] ! Unidirectional t-s. expansions: 38, time: 20 [ms], path length: 24 [edges], generated: 58
[00:00:00:00:050] Path of length 24 found: [0, 1, 2, 3, 4, 5, 11, 10, 9, 8, 14, 13, 19, 18, 24, 30, 31, 32, 33, 27, 21, 22, 23, 29, 35]
[00:00:00:00:344] ! Bidirectional. expansions: 48, time: 50 [ms], path length: 24 [edges], g_F: 16, g_B: 8, generated: {'F': 60, 'B': 13}, MM: 8, MMPER: 31.0%
[00:00:00:00:345] 
---------- SM_Grids/6x6_grid_with_random_blocks_20per_4 ----------
[00:00:00:00:012] Path of length 20 found: [0, 1, 7, 8, 9, 3, 4, 5, 11, 10, 16, 15, 21, 27, 33, 34, 28, 22, 23, 29, 35]
[00:00:00:00:012] ! Unidirectional s-t. expansions: 20, time: 12 [ms], path length: 20 [edges], generated: 30
[00:00:00:00:012] Path of length 20 found: [35, 29, 23, 22, 28, 34, 33, 27, 21, 15, 16, 10, 11, 5, 4, 3, 9, 8, 7, 1, 0]
[00:00:00:00:013] ! Unidirectional t-s. expansions: 20, time: 13 [ms], path length: 20 [edges], generated: 30
[00:00:00:00:024] Path of length 20 found: [0, 1, 7, 8, 9, 3, 4, 5, 11, 10, 16, 15, 21, 27, 33, 34, 28, 22, 23, 29, 35]
[00:00:00:00:279] ! Bidirectional. expansions: 20, time: 25 [ms], path length: 20 [edges], g_F: 9, g_B: 11, generated: {'F': 13, 'B': 18}, MM: 2, MMPER: 8.523809523809524%
[00:00:00:00:279] 
---------- SM_Grids/6x6_grid_with_random_blocks_20per_5 ----------
[00:00:00:00:059] Path of length 24 found: [0, 6, 12, 13, 14, 20, 26, 25, 24, 30, 31, 32, 33, 27, 21, 15, 9, 3, 4, 10, 16, 22, 28, 34, 35]
[00:00:00:00:059] ! Unidirectional s-t. expansions: 101, time: 59 [ms], path length: 24 [edges], generated: 174
[00:00:00:00:077] Path of length 24 found: [35, 29, 28, 34, 33, 32, 31, 30, 24, 25, 26, 27, 21, 22, 16, 10, 4, 3, 9, 15, 14, 13, 7, 6, 0]
[00:00:00:00:077] ! Unidirectional t-s. expansions: 146, time: 77 [ms], path length: 24 [edges], generated: 241
[00:00:00:00:156] Path of length 24 found: [0, 6, 12, 13, 14, 15, 9, 3, 4, 10, 16, 22, 21, 27, 26, 25, 24, 30, 31, 32, 33, 34, 28, 29, 35]
[00:00:00:00:410] ! Bidirectional. expansions: 151, time: 156 [ms], path length: 24 [edges], g_F: 6, g_B: 18, generated: {'F': 35, 'B': 218}, MM: 12, MMPER: 47.0%
[00:00:00:00:411] 
---------- SM_Grids/6x6_grid_with_random_blocks_20per_6 ----------
[00:00:00:00:038] Path of length 24 found: [0, 6, 12, 18, 24, 25, 31, 32, 26, 20, 14, 8, 2, 3, 9, 10, 4, 5, 11, 17, 16, 22, 28, 34, 35]
[00:00:00:00:038] ! Unidirectional s-t. expansions: 74, time: 38 [ms], path length: 24 [edges], generated: 121
[00:00:00:00:066] Path of length 24 found: [35, 29, 28, 34, 33, 32, 31, 25, 26, 20, 14, 15, 9, 10, 16, 17, 11, 5, 4, 3, 2, 8, 7, 6, 0]
[00:00:00:00:066] ! Unidirectional t-s. expansions: 103, time: 66 [ms], path length: 24 [edges], generated: 174
[00:00:00:00:131] Path of length 24 found: [0, 6, 7, 8, 2, 3, 9, 10, 4, 5, 11, 17, 16, 15, 14, 20, 26, 25, 31, 32, 33, 34, 28, 29, 35]
[00:00:00:00:395] ! Bidirectional. expansions: 101, time: 132 [ms], path length: 24 [edges], g_F: 17, g_B: 7, generated: {'F': 38, 'B': 134}, MM: 10, MMPER: 39.0%
[00:00:00:00:395] 
---------- SM_Grids/6x6_grid_with_random_blocks_20per_7 ----------
[00:00:00:00:030] Path of length 24 found: [0, 1, 7, 6, 12, 18, 19, 25, 31, 32, 26, 20, 14, 15, 9, 10, 11, 17, 16, 22, 28, 27, 33, 34, 35]
[00:00:00:00:030] ! Unidirectional s-t. expansions: 46, time: 30 [ms], path length: 24 [edges], generated: 70
[00:00:00:00:036] Path of length 24 found: [35, 34, 28, 22, 16, 17, 11, 10, 9, 15, 14, 20, 26, 27, 33, 32, 31, 25, 19, 18, 12, 6, 7, 1, 0]
[00:00:00:00:036] ! Unidirectional t-s. expansions: 55, time: 36 [ms], path length: 24 [edges], generated: 89
[00:00:00:00:188] Path of length 24 found: [0, 1, 7, 6, 12, 18, 19, 25, 31, 32, 33, 27, 26, 20, 14, 15, 9, 10, 11, 17, 16, 22, 28, 34, 35]
[00:00:00:00:488] ! Bidirectional. expansions: 148, time: 188 [ms], path length: 24 [edges], g_F: 13, g_B: 11, generated: {'F': 93, 'B': 159}, MM: 2, MMPER: 7.0%
[00:00:00:00:488] 
---------- SM_Grids/6x6_grid_with_random_blocks_20per_8 ----------
[00:00:00:00:016] Path of length 28 found: [0, 1, 7, 6, 12, 18, 19, 25, 24, 30, 31, 32, 26, 27, 33, 34, 28, 22, 21, 15, 14, 8, 9, 10, 16, 17, 23, 29, 35]
[00:00:00:00:016] ! Unidirectional s-t. expansions: 28, time: 16 [ms], path length: 28 [edges], generated: 42
[00:00:00:00:015] Path of length 28 found: [35, 29, 23, 17, 16, 10, 9, 8, 14, 15, 21, 22, 28, 34, 33, 27, 26, 32, 31, 30, 24, 25, 19, 18, 12, 6, 7, 1, 0]
[00:00:00:00:016] ! Unidirectional t-s. expansions: 28, time: 15 [ms], path length: 28 [edges], generated: 42
[00:00:00:00:031] Path of length 28 found: [0, 1, 7, 6, 12, 18, 19, 25, 24, 30, 31, 32, 26, 27, 33, 34, 28, 22, 21, 15, 14, 8, 9, 10, 16, 17, 23, 29, 35]
[00:00:00:00:292] ! Bidirectional. expansions: 28, time: 31 [ms], path length: 28 [edges], g_F: 18, g_B: 10, generated: {'F': 30, 'B': 17}, MM: 8, MMPER: 26.586206896551722%
[00:00:00:00:293] 
---------- SM_Grids/6x6_grid_with_random_blocks_20per_9 ----------
[00:00:00:00:086] Path of length 24 found: [0, 1, 7, 8, 9, 15, 14, 13, 12, 18, 24, 25, 19, 20, 26, 27, 21, 22, 16, 17, 23, 29, 28, 34, 35]
[00:00:00:00:086] ! Unidirectional s-t. expansions: 169, time: 86 [ms], path length: 24 [edges], generated: 301
[00:00:00:00:013] Path of length 24 found: [35, 34, 28, 29, 23, 17, 16, 22, 21, 27, 26, 20, 19, 25, 24, 18, 12, 13, 14, 15, 9, 8, 7, 1, 0]
[00:00:00:00:014] ! Unidirectional t-s. expansions: 24, time: 14 [ms], path length: 24 [edges], generated: 39
[00:00:00:00:153] Path of length 24 found: [0, 1, 7, 8, 9, 15, 14, 13, 12, 18, 24, 25, 19, 20, 26, 27, 21, 22, 16, 17, 23, 29, 28, 34, 35]
[00:00:00:00:411] ! Bidirectional. expansions: 119, time: 153 [ms], path length: 24 [edges], g_F: 18, g_B: 6, generated: {'F': 130, 'B': 101}, MM: 12, MMPER: 47.0%

[00:00:00:00:411] average expansions: (177, 97, 170, 0)
[00:00:00:00:412] average time: (87, 52, 190, 0)
[00:00:00:00:412] X-DFBnB: 97 , 52 (expansions , time[ms])
[00:00:00:00:412] BiX-DFBnB: 170 , 190 (expansions , time[ms])

