Fri 20 Mar 2026 13:00:31 IST

SLURM_JOBID:		 16224733
SLURM_JOB_NODELIST:	 ise-cpu256-01 

Fri 20 Mar 2026 13:00:32 IST

SLURM_JOBID:		 16224732
SLURM_JOB_NODELIST:	 ise-cpu256-01 

--------------------------
date: SM_Grids
number_of_graphs: 10
graph_type: grid
size_of_graphs: [6, 6]
heuristic: bcc_heuristic
snake: False
run_uni: True
run_bi: True
run_multi: False
solution_vertices: []
algorithms: ['DFBnB']
bsd: False
cube_first_dims: 4
cube_buffer_dim: None
backward_sym_generation: False
sym_coil: False
prefix_set: None

---------- SM_Grids/6x6_grid_with_random_blocks_8per_0 ----------
[00:00:00:00:436] Path of length 32 found: [0, 6, 12, 18, 24, 30, 31, 32, 26, 25, 19, 13, 7, 8, 2, 3, 9, 15, 14, 20, 21, 27, 28, 22, 16, 10, 4, 5, 11, 17, 23, 29, 35]
[00:00:00:00:437] ! Unidirectional s-t. expansions: 991, time: 436 [ms], path length: 32 [edges], generated: 1,661
[00:00:00:00:088] Path of length 32 found: [35, 34, 28, 29, 23, 17, 11, 5, 4, 3, 2, 8, 7, 13, 19, 20, 14, 15, 9, 10, 16, 22, 21, 27, 26, 32, 31, 25, 24, 18, 12, 6, 0]
[00:00:00:00:088] ! Unidirectional t-s. expansions: 150, time: 88 [ms], path length: 32 [edges], generated: 267
[00:00:00:00:658] Path of length 32 found: [0, 6, 12, 18, 24, 30, 31, 32, 26, 25, 19, 13, 7, 8, 2, 3, 9, 15, 14, 20, 21, 22, 16, 10, 4, 5, 11, 17, 23, 29, 28, 34, 35]
[00:00:00:00:931] ! Bidirectional. expansions: 603, time: 658 [ms], path length: 32 [edges], g_F: 22, g_B: 10, generated: {'F': 676, 'B': 403}, MM: 12, MMPER: 35.36363636363637%
[00:00:00:00:932] 
---------- SM_Grids/6x6_grid_with_random_blocks_8per_1 ----------
[00:00:00:03:279] Path of length 30 found: [0, 6, 12, 18, 24, 30, 31, 25, 19, 13, 7, 1, 2, 8, 14, 20, 21, 15, 16, 10, 4, 5, 11, 17, 23, 22, 28, 27, 33, 34, 35]
[00:00:00:03:279] ! Unidirectional s-t. expansions: 6,216, time: 3,279 [ms], path length: 30 [edges], generated: 10,578
[00:00:00:03:364] Path of length 30 found: [35, 29, 23, 17, 11, 5, 4, 3, 2, 1, 7, 8, 14, 13, 19, 20, 21, 15, 16, 22, 28, 27, 33, 32, 31, 25, 24, 18, 12, 6, 0]
[00:00:00:03:364] ! Unidirectional t-s. expansions: 6,218, time: 3,364 [ms], path length: 30 [edges], generated: 10,580
[00:00:00:13:484] Path of length 30 found: [0, 6, 12, 18, 24, 30, 31, 25, 19, 13, 7, 1, 2, 8, 14, 20, 21, 27, 33, 34, 28, 22, 16, 10, 4, 5, 11, 17, 23, 29, 35]
[00:00:00:13:742] ! Bidirectional. expansions: 12,443, time: 13,484 [ms], path length: 30 [edges], g_F: 17, g_B: 13, generated: {'F': 12,807, 'B': 10,222}, MM: 4, MMPER: 11.903225806451612%
[00:00:00:13:742] 
---------- SM_Grids/6x6_grid_with_random_blocks_8per_2 ----------
[00:00:00:00:189] Path of length 32 found: [0, 6, 12, 18, 24, 30, 31, 25, 19, 13, 7, 1, 2, 8, 9, 3, 4, 5, 11, 10, 16, 15, 21, 20, 26, 32, 33, 27, 28, 22, 23, 29, 35]
[00:00:00:00:189] ! Unidirectional s-t. expansions: 271, time: 189 [ms], path length: 32 [edges], generated: 465
[00:00:00:00:812] Path of length 32 found: [35, 29, 23, 17, 11, 5, 4, 3, 2, 1, 7, 8, 9, 10, 16, 15, 21, 22, 28, 27, 33, 32, 26, 20, 19, 25, 31, 30, 24, 18, 12, 6, 0]
[00:00:00:00:812] ! Unidirectional t-s. expansions: 1,553, time: 812 [ms], path length: 32 [edges], generated: 2,522
[00:00:00:02:233] Path of length 32 found: [0, 6, 12, 18, 24, 30, 31, 25, 19, 13, 7, 1, 2, 8, 9, 15, 21, 20, 26, 32, 33, 27, 28, 22, 16, 10, 4, 5, 11, 17, 23, 29, 35]
[00:00:00:02:494] ! Bidirectional. expansions: 1,791, time: 2,233 [ms], path length: 32 [edges], g_F: 17, g_B: 15, generated: {'F': 1,379, 'B': 1,852}, MM: 2, MMPER: 5.0606060606060606%
[00:00:00:02:494] 
---------- SM_Grids/6x6_grid_with_random_blocks_8per_3 ----------
[00:00:00:00:259] Path of length 32 found: [0, 6, 12, 18, 24, 30, 31, 25, 26, 32, 33, 27, 21, 20, 14, 13, 7, 1, 2, 8, 9, 3, 4, 5, 11, 10, 16, 17, 23, 22, 28, 29, 35]
[00:00:00:00:259] ! Unidirectional s-t. expansions: 357, time: 259 [ms], path length: 32 [edges], generated: 650
[00:00:00:00:590] Path of length 32 found: [35, 29, 23, 17, 11, 5, 4, 3, 2, 1, 7, 13, 14, 8, 9, 10, 16, 15, 21, 22, 28, 27, 33, 32, 26, 25, 31, 30, 24, 18, 12, 6, 0]
[00:00:00:00:590] ! Unidirectional t-s. expansions: 963, time: 590 [ms], path length: 32 [edges], generated: 1,623
[00:00:00:02:278] Path of length 32 found: [0, 6, 12, 18, 24, 30, 31, 25, 26, 32, 33, 27, 28, 22, 16, 10, 9, 15, 21, 20, 14, 13, 7, 1, 2, 3, 4, 5, 11, 17, 23, 29, 35]
[00:00:00:02:534] ! Bidirectional. expansions: 1,785, time: 2,278 [ms], path length: 32 [edges], g_F: 19, g_B: 13, generated: {'F': 1,550, 'B': 1,697}, MM: 6, MMPER: 17.181818181818183%
[00:00:00:02:534] 
---------- SM_Grids/6x6_grid_with_random_blocks_8per_4 ----------
[00:00:00:00:969] Path of length 32 found: [0, 6, 12, 18, 24, 30, 31, 25, 19, 13, 7, 1, 2, 8, 14, 20, 26, 32, 33, 27, 21, 15, 16, 10, 4, 5, 11, 17, 23, 22, 28, 34, 35]
[00:00:00:00:970] ! Unidirectional s-t. expansions: 1,708, time: 969 [ms], path length: 32 [edges], generated: 2,937
[00:00:00:00:492] Path of length 32 found: [35, 29, 23, 17, 11, 5, 4, 10, 16, 15, 14, 8, 2, 1, 7, 13, 19, 25, 26, 20, 21, 22, 28, 27, 33, 32, 31, 30, 24, 18, 12, 6, 0]
[00:00:00:00:492] ! Unidirectional t-s. expansions: 821, time: 492 [ms], path length: 32 [edges], generated: 1,428
[00:00:00:03:340] Path of length 32 found: [0, 6, 12, 18, 24, 30, 31, 25, 19, 13, 7, 1, 2, 8, 14, 20, 26, 32, 33, 34, 28, 22, 21, 15, 16, 10, 4, 5, 11, 17, 23, 29, 35]
[00:00:00:03:597] ! Bidirectional. expansions: 2,764, time: 3,340 [ms], path length: 32 [edges], g_F: 22, g_B: 10, generated: {'F': 2,735, 'B': 2,162}, MM: 12, MMPER: 35.36363636363637%
[00:00:00:03:597] 
---------- SM_Grids/6x6_grid_with_random_blocks_8per_5 ----------
[00:00:00:00:632] Path of length 32 found: [0, 6, 12, 18, 24, 25, 31, 32, 26, 20, 19, 13, 7, 1, 2, 8, 14, 15, 9, 10, 4, 5, 11, 17, 16, 22, 21, 27, 33, 34, 28, 29, 35]
[00:00:00:00:633] ! Unidirectional s-t. expansions: 1,011, time: 632 [ms], path length: 32 [edges], generated: 1,819
[00:00:00:00:808] Path of length 32 found: [35, 29, 23, 17, 11, 5, 4, 10, 9, 8, 2, 1, 7, 13, 19, 20, 14, 15, 16, 22, 21, 27, 28, 34, 33, 32, 26, 25, 24, 18, 12, 6, 0]
[00:00:00:00:808] ! Unidirectional t-s. expansions: 1,349, time: 808 [ms], path length: 32 [edges], generated: 2,358
[00:00:00:04:061] Path of length 32 found: [0, 6, 12, 18, 24, 25, 31, 32, 26, 20, 19, 13, 7, 1, 2, 8, 14, 15, 21, 27, 33, 34, 28, 22, 16, 10, 4, 5, 11, 17, 23, 29, 35]
[00:00:00:04:311] ! Bidirectional. expansions: 3,435, time: 4,061 [ms], path length: 32 [edges], g_F: 20, g_B: 12, generated: {'F': 3,277, 'B': 3,069}, MM: 8, MMPER: 23.242424242424242%
[00:00:00:04:312] 
---------- SM_Grids/6x6_grid_with_random_blocks_8per_6 ----------
[00:00:00:00:048] Path of length 30 found: [0, 6, 12, 13, 7, 1, 2, 8, 14, 20, 19, 25, 26, 27, 33, 34, 28, 22, 21, 15, 9, 3, 4, 5, 11, 10, 16, 17, 23, 29, 35]
[00:00:00:00:048] ! Unidirectional s-t. expansions: 30, time: 48 [ms], path length: 30 [edges], generated: 52
[00:00:00:00:020] Path of length 30 found: [35, 29, 23, 17, 11, 5, 4, 3, 2, 1, 7, 8, 14, 20, 21, 15, 9, 10, 16, 22, 28, 34, 33, 27, 26, 25, 19, 13, 12, 6, 0]
[00:00:00:00:020] ! Unidirectional t-s. expansions: 30, time: 20 [ms], path length: 30 [edges], generated: 52
[00:00:00:00:043] Path of length 30 found: [0, 6, 12, 13, 7, 1, 2, 8, 14, 20, 19, 25, 26, 27, 33, 34, 28, 22, 21, 15, 16, 10, 9, 3, 4, 5, 11, 17, 23, 29, 35]
[00:00:00:00:293] ! Bidirectional. expansions: 30, time: 43 [ms], path length: 30 [edges], g_F: 18, g_B: 12, generated: {'F': 36, 'B': 23}, MM: 6, MMPER: 18.35483870967742%
[00:00:00:00:293] 
---------- SM_Grids/6x6_grid_with_random_blocks_8per_7 ----------
[00:00:00:00:352] Path of length 32 found: [0, 6, 12, 18, 24, 25, 31, 32, 26, 20, 19, 13, 7, 1, 2, 8, 14, 15, 21, 27, 33, 34, 28, 22, 16, 10, 4, 5, 11, 17, 23, 29, 35]
[00:00:00:00:352] ! Unidirectional s-t. expansions: 631, time: 352 [ms], path length: 32 [edges], generated: 1,040
[00:00:00:00:540] Path of length 32 found: [35, 29, 23, 17, 11, 5, 4, 3, 2, 1, 7, 8, 14, 13, 19, 20, 26, 27, 21, 15, 16, 22, 28, 34, 33, 32, 31, 25, 24, 18, 12, 6, 0]
[00:00:00:00:541] ! Unidirectional t-s. expansions: 875, time: 540 [ms], path length: 32 [edges], generated: 1,501
[00:00:00:03:260] Path of length 32 found: [0, 6, 12, 18, 24, 25, 31, 32, 26, 20, 19, 13, 7, 1, 2, 8, 14, 15, 21, 27, 33, 34, 28, 22, 16, 10, 4, 5, 11, 17, 23, 29, 35]
[00:00:00:03:509] ! Bidirectional. expansions: 2,644, time: 3,260 [ms], path length: 32 [edges], g_F: 24, g_B: 8, generated: {'F': 2,678, 'B': 2,112}, MM: 16, MMPER: 47.484848484848484%
[00:00:00:03:509] 
---------- SM_Grids/6x6_grid_with_random_blocks_8per_8 ----------
[00:00:00:00:293] Path of length 32 found: [0, 6, 12, 18, 24, 30, 31, 25, 19, 13, 7, 1, 2, 8, 14, 20, 26, 32, 33, 27, 21, 15, 16, 10, 4, 5, 11, 17, 23, 22, 28, 29, 35]
[00:00:00:00:293] ! Unidirectional s-t. expansions: 438, time: 293 [ms], path length: 32 [edges], generated: 762
[00:00:00:00:353] Path of length 32 found: [35, 29, 23, 17, 11, 5, 4, 3, 2, 1, 7, 8, 14, 13, 19, 25, 26, 20, 21, 15, 16, 22, 28, 27, 33, 32, 31, 30, 24, 18, 12, 6, 0]
[00:00:00:00:353] ! Unidirectional t-s. expansions: 623, time: 353 [ms], path length: 32 [edges], generated: 1,048
[00:00:00:02:097] Path of length 32 found: [0, 6, 12, 18, 24, 30, 31, 25, 19, 13, 7, 1, 2, 8, 14, 20, 26, 32, 33, 27, 28, 22, 21, 15, 16, 10, 4, 5, 11, 17, 23, 29, 35]
[00:00:00:02:346] ! Bidirectional. expansions: 1,659, time: 2,097 [ms], path length: 32 [edges], g_F: 22, g_B: 10, generated: {'F': 1,556, 'B': 1,433}, MM: 12, MMPER: 35.36363636363637%
[00:00:00:02:346] 
---------- SM_Grids/6x6_grid_with_random_blocks_8per_9 ----------
[00:00:00:00:020] Path of length 30 found: [0, 6, 12, 18, 24, 30, 31, 25, 19, 13, 7, 1, 2, 8, 9, 15, 14, 20, 26, 32, 33, 27, 21, 22, 16, 17, 23, 29, 28, 34, 35]
[00:00:00:00:020] ! Unidirectional s-t. expansions: 30, time: 20 [ms], path length: 30 [edges], generated: 51
[00:00:00:00:019] Path of length 30 found: [35, 29, 23, 17, 16, 15, 9, 8, 2, 1, 7, 13, 14, 20, 19, 25, 26, 27, 21, 22, 28, 34, 33, 32, 31, 30, 24, 18, 12, 6, 0]
[00:00:00:00:019] ! Unidirectional t-s. expansions: 30, time: 19 [ms], path length: 30 [edges], generated: 51
[00:00:00:00:042] Path of length 30 found: [0, 6, 12, 18, 24, 30, 31, 25, 19, 13, 7, 1, 2, 8, 9, 15, 14, 20, 26, 32, 33, 34, 28, 27, 21, 22, 16, 17, 23, 29, 35]
[00:00:00:00:289] ! Bidirectional. expansions: 30, time: 42 [ms], path length: 30 [edges], g_F: 24, g_B: 6, generated: {'F': 43, 'B': 12}, MM: 18, MMPER: 57.064516129032256%

[00:00:00:00:290] average expansions: (1,168, 1,261, 2,718, 0)
[00:00:00:00:290] average time: (648, 709, 3,150, 0)
[00:00:00:00:290] X-DFBnB: 1,168 , 648 (expansions , time[ms])
[00:00:00:00:290] BiX-DFBnB: 2,718 , 3,150 (expansions , time[ms])

--------------------------
date: SM_Grids
number_of_graphs: 10
graph_type: grid
size_of_graphs: [6, 6]
heuristic: bcc_heuristic
snake: False
run_uni: True
run_bi: True
run_multi: False
solution_vertices: []
algorithms: ['DFBnB']
bsd: False
cube_first_dims: 4
cube_buffer_dim: None
backward_sym_generation: False
sym_coil: False
prefix_set: None

---------- SM_Grids/6x6_grid_with_random_blocks_8per_0 ----------
[00:00:00:00:425] Path of length 32 found: [0, 6, 12, 18, 24, 30, 31, 32, 26, 25, 19, 13, 7, 8, 2, 3, 9, 15, 14, 20, 21, 27, 28, 22, 16, 10, 4, 5, 11, 17, 23, 29, 35]
[00:00:00:00:425] ! Unidirectional s-t. expansions: 991, time: 425 [ms], path length: 32 [edges], generated: 1,661
[00:00:00:00:086] Path of length 32 found: [35, 34, 28, 29, 23, 17, 11, 5, 4, 3, 2, 8, 7, 13, 19, 20, 14, 15, 9, 10, 16, 22, 21, 27, 26, 32, 31, 25, 24, 18, 12, 6, 0]
[00:00:00:00:086] ! Unidirectional t-s. expansions: 150, time: 86 [ms], path length: 32 [edges], generated: 267
[00:00:00:00:657] Path of length 32 found: [0, 6, 12, 18, 24, 30, 31, 32, 26, 25, 19, 13, 7, 8, 2, 3, 9, 15, 14, 20, 21, 22, 16, 10, 4, 5, 11, 17, 23, 29, 28, 34, 35]
[00:00:00:00:935] ! Bidirectional. expansions: 603, time: 657 [ms], path length: 32 [edges], g_F: 22, g_B: 10, generated: {'F': 676, 'B': 403}, MM: 12, MMPER: 35.36363636363637%
[00:00:00:00:935] 
---------- SM_Grids/6x6_grid_with_random_blocks_8per_1 ----------
[00:00:00:03:268] Path of length 30 found: [0, 6, 12, 18, 24, 30, 31, 25, 19, 13, 7, 1, 2, 8, 14, 20, 21, 15, 16, 10, 4, 5, 11, 17, 23, 22, 28, 27, 33, 34, 35]
[00:00:00:03:268] ! Unidirectional s-t. expansions: 6,216, time: 3,268 [ms], path length: 30 [edges], generated: 10,578
[00:00:00:03:322] Path of length 30 found: [35, 29, 23, 17, 11, 5, 4, 3, 2, 1, 7, 8, 14, 13, 19, 20, 21, 15, 16, 22, 28, 27, 33, 32, 31, 25, 24, 18, 12, 6, 0]
[00:00:00:03:322] ! Unidirectional t-s. expansions: 6,218, time: 3,322 [ms], path length: 30 [edges], generated: 10,580
[00:00:00:13:474] Path of length 30 found: [0, 6, 12, 18, 24, 30, 31, 25, 19, 13, 7, 1, 2, 8, 14, 20, 21, 27, 33, 34, 28, 22, 16, 10, 4, 5, 11, 17, 23, 29, 35]
[00:00:00:13:734] ! Bidirectional. expansions: 12,443, time: 13,474 [ms], path length: 30 [edges], g_F: 17, g_B: 13, generated: {'F': 12,807, 'B': 10,222}, MM: 4, MMPER: 11.903225806451612%
[00:00:00:13:734] 
---------- SM_Grids/6x6_grid_with_random_blocks_8per_2 ----------
[00:00:00:00:188] Path of length 32 found: [0, 6, 12, 18, 24, 30, 31, 25, 19, 13, 7, 1, 2, 8, 9, 3, 4, 5, 11, 10, 16, 15, 21, 20, 26, 32, 33, 27, 28, 22, 23, 29, 35]
[00:00:00:00:188] ! Unidirectional s-t. expansions: 271, time: 188 [ms], path length: 32 [edges], generated: 465
[00:00:00:00:824] Path of length 32 found: [35, 29, 23, 17, 11, 5, 4, 3, 2, 1, 7, 8, 9, 10, 16, 15, 21, 22, 28, 27, 33, 32, 26, 20, 19, 25, 31, 30, 24, 18, 12, 6, 0]
[00:00:00:00:824] ! Unidirectional t-s. expansions: 1,553, time: 824 [ms], path length: 32 [edges], generated: 2,522
[00:00:00:02:199] Path of length 32 found: [0, 6, 12, 18, 24, 30, 31, 25, 19, 13, 7, 1, 2, 8, 9, 15, 21, 20, 26, 32, 33, 27, 28, 22, 16, 10, 4, 5, 11, 17, 23, 29, 35]
[00:00:00:02:456] ! Bidirectional. expansions: 1,791, time: 2,199 [ms], path length: 32 [edges], g_F: 17, g_B: 15, generated: {'F': 1,379, 'B': 1,852}, MM: 2, MMPER: 5.0606060606060606%
[00:00:00:02:457] 
---------- SM_Grids/6x6_grid_with_random_blocks_8per_3 ----------
[00:00:00:00:253] Path of length 32 found: [0, 6, 12, 18, 24, 30, 31, 25, 26, 32, 33, 27, 21, 20, 14, 13, 7, 1, 2, 8, 9, 3, 4, 5, 11, 10, 16, 17, 23, 22, 28, 29, 35]
[00:00:00:00:253] ! Unidirectional s-t. expansions: 357, time: 253 [ms], path length: 32 [edges], generated: 650
[00:00:00:00:577] Path of length 32 found: [35, 29, 23, 17, 11, 5, 4, 3, 2, 1, 7, 13, 14, 8, 9, 10, 16, 15, 21, 22, 28, 27, 33, 32, 26, 25, 31, 30, 24, 18, 12, 6, 0]
[00:00:00:00:577] ! Unidirectional t-s. expansions: 963, time: 577 [ms], path length: 32 [edges], generated: 1,623
[00:00:00:02:234] Path of length 32 found: [0, 6, 12, 18, 24, 30, 31, 25, 26, 32, 33, 27, 28, 22, 16, 10, 9, 15, 21, 20, 14, 13, 7, 1, 2, 3, 4, 5, 11, 17, 23, 29, 35]
[00:00:00:02:490] ! Bidirectional. expansions: 1,785, time: 2,234 [ms], path length: 32 [edges], g_F: 19, g_B: 13, generated: {'F': 1,550, 'B': 1,697}, MM: 6, MMPER: 17.181818181818183%
[00:00:00:02:491] 
---------- SM_Grids/6x6_grid_with_random_blocks_8per_4 ----------
[00:00:00:00:943] Path of length 32 found: [0, 6, 12, 18, 24, 30, 31, 25, 19, 13, 7, 1, 2, 8, 14, 20, 26, 32, 33, 27, 21, 15, 16, 10, 4, 5, 11, 17, 23, 22, 28, 34, 35]
[00:00:00:00:943] ! Unidirectional s-t. expansions: 1,708, time: 943 [ms], path length: 32 [edges], generated: 2,937
[00:00:00:00:490] Path of length 32 found: [35, 29, 23, 17, 11, 5, 4, 10, 16, 15, 14, 8, 2, 1, 7, 13, 19, 25, 26, 20, 21, 22, 28, 27, 33, 32, 31, 30, 24, 18, 12, 6, 0]
[00:00:00:00:490] ! Unidirectional t-s. expansions: 821, time: 490 [ms], path length: 32 [edges], generated: 1,428
[00:00:00:03:317] Path of length 32 found: [0, 6, 12, 18, 24, 30, 31, 25, 19, 13, 7, 1, 2, 8, 14, 20, 26, 32, 33, 34, 28, 22, 21, 15, 16, 10, 4, 5, 11, 17, 23, 29, 35]
[00:00:00:03:575] ! Bidirectional. expansions: 2,764, time: 3,318 [ms], path length: 32 [edges], g_F: 22, g_B: 10, generated: {'F': 2,735, 'B': 2,162}, MM: 12, MMPER: 35.36363636363637%
[00:00:00:03:575] 
---------- SM_Grids/6x6_grid_with_random_blocks_8per_5 ----------
[00:00:00:00:644] Path of length 32 found: [0, 6, 12, 18, 24, 25, 31, 32, 26, 20, 19, 13, 7, 1, 2, 8, 14, 15, 9, 10, 4, 5, 11, 17, 16, 22, 21, 27, 33, 34, 28, 29, 35]
[00:00:00:00:644] ! Unidirectional s-t. expansions: 1,011, time: 644 [ms], path length: 32 [edges], generated: 1,819
[00:00:00:00:824] Path of length 32 found: [35, 29, 23, 17, 11, 5, 4, 10, 9, 8, 2, 1, 7, 13, 19, 20, 14, 15, 16, 22, 21, 27, 28, 34, 33, 32, 26, 25, 24, 18, 12, 6, 0]
[00:00:00:00:825] ! Unidirectional t-s. expansions: 1,349, time: 824 [ms], path length: 32 [edges], generated: 2,358
[00:00:00:04:128] Path of length 32 found: [0, 6, 12, 18, 24, 25, 31, 32, 26, 20, 19, 13, 7, 1, 2, 8, 14, 15, 21, 27, 33, 34, 28, 22, 16, 10, 4, 5, 11, 17, 23, 29, 35]
[00:00:00:04:389] ! Bidirectional. expansions: 3,435, time: 4,128 [ms], path length: 32 [edges], g_F: 20, g_B: 12, generated: {'F': 3,277, 'B': 3,069}, MM: 8, MMPER: 23.242424242424242%
[00:00:00:04:389] 
---------- SM_Grids/6x6_grid_with_random_blocks_8per_6 ----------
[00:00:00:00:047] Path of length 30 found: [0, 6, 12, 13, 7, 1, 2, 8, 14, 20, 19, 25, 26, 27, 33, 34, 28, 22, 21, 15, 9, 3, 4, 5, 11, 10, 16, 17, 23, 29, 35]
[00:00:00:00:047] ! Unidirectional s-t. expansions: 30, time: 47 [ms], path length: 30 [edges], generated: 52
[00:00:00:00:021] Path of length 30 found: [35, 29, 23, 17, 11, 5, 4, 3, 2, 1, 7, 8, 14, 20, 21, 15, 9, 10, 16, 22, 28, 34, 33, 27, 26, 25, 19, 13, 12, 6, 0]
[00:00:00:00:021] ! Unidirectional t-s. expansions: 30, time: 21 [ms], path length: 30 [edges], generated: 52
[00:00:00:00:044] Path of length 30 found: [0, 6, 12, 13, 7, 1, 2, 8, 14, 20, 19, 25, 26, 27, 33, 34, 28, 22, 21, 15, 16, 10, 9, 3, 4, 5, 11, 17, 23, 29, 35]
[00:00:00:00:304] ! Bidirectional. expansions: 30, time: 44 [ms], path length: 30 [edges], g_F: 18, g_B: 12, generated: {'F': 36, 'B': 23}, MM: 6, MMPER: 18.35483870967742%
[00:00:00:00:305] 
---------- SM_Grids/6x6_grid_with_random_blocks_8per_7 ----------
[00:00:00:00:361] Path of length 32 found: [0, 6, 12, 18, 24, 25, 31, 32, 26, 20, 19, 13, 7, 1, 2, 8, 14, 15, 21, 27, 33, 34, 28, 22, 16, 10, 4, 5, 11, 17, 23, 29, 35]
[00:00:00:00:361] ! Unidirectional s-t. expansions: 631, time: 361 [ms], path length: 32 [edges], generated: 1,040
[00:00:00:00:542] Path of length 32 found: [35, 29, 23, 17, 11, 5, 4, 3, 2, 1, 7, 8, 14, 13, 19, 20, 26, 27, 21, 15, 16, 22, 28, 34, 33, 32, 31, 25, 24, 18, 12, 6, 0]
[00:00:00:00:543] ! Unidirectional t-s. expansions: 875, time: 542 [ms], path length: 32 [edges], generated: 1,501
[00:00:00:03:344] Path of length 32 found: [0, 6, 12, 18, 24, 25, 31, 32, 26, 20, 19, 13, 7, 1, 2, 8, 14, 15, 21, 27, 33, 34, 28, 22, 16, 10, 4, 5, 11, 17, 23, 29, 35]
[00:00:00:03:598] ! Bidirectional. expansions: 2,644, time: 3,344 [ms], path length: 32 [edges], g_F: 24, g_B: 8, generated: {'F': 2,678, 'B': 2,112}, MM: 16, MMPER: 47.484848484848484%
[00:00:00:03:598] 
---------- SM_Grids/6x6_grid_with_random_blocks_8per_8 ----------
[00:00:00:00:295] Path of length 32 found: [0, 6, 12, 18, 24, 30, 31, 25, 19, 13, 7, 1, 2, 8, 14, 20, 26, 32, 33, 27, 21, 15, 16, 10, 4, 5, 11, 17, 23, 22, 28, 29, 35]
[00:00:00:00:295] ! Unidirectional s-t. expansions: 438, time: 295 [ms], path length: 32 [edges], generated: 762
[00:00:00:00:355] Path of length 32 found: [35, 29, 23, 17, 11, 5, 4, 3, 2, 1, 7, 8, 14, 13, 19, 25, 26, 20, 21, 15, 16, 22, 28, 27, 33, 32, 31, 30, 24, 18, 12, 6, 0]
[00:00:00:00:355] ! Unidirectional t-s. expansions: 623, time: 355 [ms], path length: 32 [edges], generated: 1,048
[00:00:00:02:145] Path of length 32 found: [0, 6, 12, 18, 24, 30, 31, 25, 19, 13, 7, 1, 2, 8, 14, 20, 26, 32, 33, 27, 28, 22, 21, 15, 16, 10, 4, 5, 11, 17, 23, 29, 35]
[00:00:00:02:405] ! Bidirectional. expansions: 1,659, time: 2,145 [ms], path length: 32 [edges], g_F: 22, g_B: 10, generated: {'F': 1,556, 'B': 1,433}, MM: 12, MMPER: 35.36363636363637%
[00:00:00:02:405] 
---------- SM_Grids/6x6_grid_with_random_blocks_8per_9 ----------
[00:00:00:00:021] Path of length 30 found: [0, 6, 12, 18, 24, 30, 31, 25, 19, 13, 7, 1, 2, 8, 9, 15, 14, 20, 26, 32, 33, 27, 21, 22, 16, 17, 23, 29, 28, 34, 35]
[00:00:00:00:021] ! Unidirectional s-t. expansions: 30, time: 21 [ms], path length: 30 [edges], generated: 51
[00:00:00:00:019] Path of length 30 found: [35, 29, 23, 17, 16, 15, 9, 8, 2, 1, 7, 13, 14, 20, 19, 25, 26, 27, 21, 22, 28, 34, 33, 32, 31, 30, 24, 18, 12, 6, 0]
[00:00:00:00:019] ! Unidirectional t-s. expansions: 30, time: 19 [ms], path length: 30 [edges], generated: 51
[00:00:00:00:043] Path of length 30 found: [0, 6, 12, 18, 24, 30, 31, 25, 19, 13, 7, 1, 2, 8, 9, 15, 14, 20, 26, 32, 33, 34, 28, 27, 21, 22, 16, 17, 23, 29, 35]
[00:00:00:00:297] ! Bidirectional. expansions: 30, time: 43 [ms], path length: 30 [edges], g_F: 24, g_B: 6, generated: {'F': 43, 'B': 12}, MM: 18, MMPER: 57.064516129032256%

[00:00:00:00:298] average expansions: (1,168, 1,261, 2,718, 0)
[00:00:00:00:298] average time: (644, 706, 3,159, 0)
[00:00:00:00:298] X-DFBnB: 1,168 , 644 (expansions , time[ms])
[00:00:00:00:298] BiX-DFBnB: 2,718 , 3,159 (expansions , time[ms])

--------------------------
date: SM_Grids
number_of_graphs: 10
graph_type: grid
size_of_graphs: [6, 6]
heuristic: bcc_heuristic
snake: False
run_uni: True
run_bi: True
run_multi: False
solution_vertices: []
algorithms: ['DFBnB']
bsd: False
cube_first_dims: 4
cube_buffer_dim: None
backward_sym_generation: False
sym_coil: False
prefix_set: None

---------- SM_Grids/6x6_grid_with_random_blocks_8per_0 ----------
[00:00:00:00:424] Path of length 32 found: [0, 6, 12, 18, 24, 30, 31, 32, 26, 25, 19, 13, 7, 8, 2, 3, 9, 15, 14, 20, 21, 27, 28, 22, 16, 10, 4, 5, 11, 17, 23, 29, 35]
[00:00:00:00:424] ! Unidirectional s-t. expansions: 991, time: 424 [ms], path length: 32 [edges], generated: 1,661
[00:00:00:00:086] Path of length 32 found: [35, 34, 28, 29, 23, 17, 11, 5, 4, 3, 2, 8, 7, 13, 19, 20, 14, 15, 9, 10, 16, 22, 21, 27, 26, 32, 31, 25, 24, 18, 12, 6, 0]
[00:00:00:00:087] ! Unidirectional t-s. expansions: 150, time: 87 [ms], path length: 32 [edges], generated: 267
[00:00:00:00:656] Path of length 32 found: [0, 6, 12, 18, 24, 30, 31, 32, 26, 25, 19, 13, 7, 8, 2, 3, 9, 15, 14, 20, 21, 22, 16, 10, 4, 5, 11, 17, 23, 29, 28, 34, 35]
[00:00:00:00:933] ! Bidirectional. expansions: 603, time: 656 [ms], path length: 32 [edges], g_F: 22, g_B: 10, generated: {'F': 676, 'B': 403}, MM: 12, MMPER: 35.36363636363637%
[00:00:00:00:933] 
---------- SM_Grids/6x6_grid_with_random_blocks_8per_1 ----------
[00:00:00:03:258] Path of length 30 found: [0, 6, 12, 18, 24, 30, 31, 25, 19, 13, 7, 1, 2, 8, 14, 20, 21, 15, 16, 10, 4, 5, 11, 17, 23, 22, 28, 27, 33, 34, 35]
[00:00:00:03:259] ! Unidirectional s-t. expansions: 6,216, time: 3,258 [ms], path length: 30 [edges], generated: 10,578
[00:00:00:03:354] Path of length 30 found: [35, 29, 23, 17, 11, 5, 4, 3, 2, 1, 7, 8, 14, 13, 19, 20, 21, 15, 16, 22, 28, 27, 33, 32, 31, 25, 24, 18, 12, 6, 0]
[00:00:00:03:354] ! Unidirectional t-s. expansions: 6,218, time: 3,354 [ms], path length: 30 [edges], generated: 10,580
[00:00:00:13:381] Path of length 30 found: [0, 6, 12, 18, 24, 30, 31, 25, 19, 13, 7, 1, 2, 8, 14, 20, 21, 27, 33, 34, 28, 22, 16, 10, 4, 5, 11, 17, 23, 29, 35]
[00:00:00:13:638] ! Bidirectional. expansions: 12,443, time: 13,381 [ms], path length: 30 [edges], g_F: 17, g_B: 13, generated: {'F': 12,807, 'B': 10,222}, MM: 4, MMPER: 11.903225806451612%
[00:00:00:13:638] 
---------- SM_Grids/6x6_grid_with_random_blocks_8per_2 ----------
[00:00:00:00:191] Path of length 32 found: [0, 6, 12, 18, 24, 30, 31, 25, 19, 13, 7, 1, 2, 8, 9, 3, 4, 5, 11, 10, 16, 15, 21, 20, 26, 32, 33, 27, 28, 22, 23, 29, 35]
[00:00:00:00:191] ! Unidirectional s-t. expansions: 271, time: 191 [ms], path length: 32 [edges], generated: 465
[00:00:00:00:823] Path of length 32 found: [35, 29, 23, 17, 11, 5, 4, 3, 2, 1, 7, 8, 9, 10, 16, 15, 21, 22, 28, 27, 33, 32, 26, 20, 19, 25, 31, 30, 24, 18, 12, 6, 0]
[00:00:00:00:823] ! Unidirectional t-s. expansions: 1,553, time: 823 [ms], path length: 32 [edges], generated: 2,522
[00:00:00:02:185] Path of length 32 found: [0, 6, 12, 18, 24, 30, 31, 25, 19, 13, 7, 1, 2, 8, 9, 15, 21, 20, 26, 32, 33, 27, 28, 22, 16, 10, 4, 5, 11, 17, 23, 29, 35]
[00:00:00:02:439] ! Bidirectional. expansions: 1,791, time: 2,185 [ms], path length: 32 [edges], g_F: 17, g_B: 15, generated: {'F': 1,379, 'B': 1,852}, MM: 2, MMPER: 5.0606060606060606%
[00:00:00:02:439] 
---------- SM_Grids/6x6_grid_with_random_blocks_8per_3 ----------
[00:00:00:00:259] Path of length 32 found: [0, 6, 12, 18, 24, 30, 31, 25, 26, 32, 33, 27, 21, 20, 14, 13, 7, 1, 2, 8, 9, 3, 4, 5, 11, 10, 16, 17, 23, 22, 28, 29, 35]
[00:00:00:00:259] ! Unidirectional s-t. expansions: 357, time: 259 [ms], path length: 32 [edges], generated: 650
[00:00:00:00:572] Path of length 32 found: [35, 29, 23, 17, 11, 5, 4, 3, 2, 1, 7, 13, 14, 8, 9, 10, 16, 15, 21, 22, 28, 27, 33, 32, 26, 25, 31, 30, 24, 18, 12, 6, 0]
[00:00:00:00:573] ! Unidirectional t-s. expansions: 963, time: 572 [ms], path length: 32 [edges], generated: 1,623
[00:00:00:02:214] Path of length 32 found: [0, 6, 12, 18, 24, 30, 31, 25, 26, 32, 33, 27, 28, 22, 16, 10, 9, 15, 21, 20, 14, 13, 7, 1, 2, 3, 4, 5, 11, 17, 23, 29, 35]
[00:00:00:02:468] ! Bidirectional. expansions: 1,785, time: 2,214 [ms], path length: 32 [edges], g_F: 19, g_B: 13, generated: {'F': 1,550, 'B': 1,697}, MM: 6, MMPER: 17.181818181818183%
[00:00:00:02:468] 
---------- SM_Grids/6x6_grid_with_random_blocks_8per_4 ----------
[00:00:00:00:936] Path of length 32 found: [0, 6, 12, 18, 24, 30, 31, 25, 19, 13, 7, 1, 2, 8, 14, 20, 26, 32, 33, 27, 21, 15, 16, 10, 4, 5, 11, 17, 23, 22, 28, 34, 35]
[00:00:00:00:937] ! Unidirectional s-t. expansions: 1,708, time: 936 [ms], path length: 32 [edges], generated: 2,937
[00:00:00:00:484] Path of length 32 found: [35, 29, 23, 17, 11, 5, 4, 10, 16, 15, 14, 8, 2, 1, 7, 13, 19, 25, 26, 20, 21, 22, 28, 27, 33, 32, 31, 30, 24, 18, 12, 6, 0]
[00:00:00:00:484] ! Unidirectional t-s. expansions: 821, time: 484 [ms], path length: 32 [edges], generated: 1,428
[00:00:00:03:217] Path of length 32 found: [0, 6, 12, 18, 24, 30, 31, 25, 19, 13, 7, 1, 2, 8, 14, 20, 26, 32, 33, 34, 28, 22, 21, 15, 16, 10, 4, 5, 11, 17, 23, 29, 35]
[00:00:00:03:480] ! Bidirectional. expansions: 2,764, time: 3,217 [ms], path length: 32 [edges], g_F: 22, g_B: 10, generated: {'F': 2,735, 'B': 2,162}, MM: 12, MMPER: 35.36363636363637%
[00:00:00:03:480] 
---------- SM_Grids/6x6_grid_with_random_blocks_8per_5 ----------
[00:00:00:00:670] Path of length 32 found: [0, 6, 12, 18, 24, 25, 31, 32, 26, 20, 19, 13, 7, 1, 2, 8, 14, 15, 9, 10, 4, 5, 11, 17, 16, 22, 21, 27, 33, 34, 28, 29, 35]
[00:00:00:00:670] ! Unidirectional s-t. expansions: 1,011, time: 670 [ms], path length: 32 [edges], generated: 1,819
[00:00:00:00:854] Path of length 32 found: [35, 29, 23, 17, 11, 5, 4, 10, 9, 8, 2, 1, 7, 13, 19, 20, 14, 15, 16, 22, 21, 27, 28, 34, 33, 32, 26, 25, 24, 18, 12, 6, 0]
[00:00:00:00:855] ! Unidirectional t-s. expansions: 1,349, time: 855 [ms], path length: 32 [edges], generated: 2,358
[00:00:00:04:424] Path of length 32 found: [0, 6, 12, 18, 24, 25, 31, 32, 26, 20, 19, 13, 7, 1, 2, 8, 14, 15, 21, 27, 33, 34, 28, 22, 16, 10, 4, 5, 11, 17, 23, 29, 35]
[00:00:00:04:897] ! Bidirectional. expansions: 3,435, time: 4,424 [ms], path length: 32 [edges], g_F: 20, g_B: 12, generated: {'F': 3,277, 'B': 3,069}, MM: 8, MMPER: 23.242424242424242%
[00:00:00:04:897] 
---------- SM_Grids/6x6_grid_with_random_blocks_8per_6 ----------
[00:00:00:00:058] Path of length 30 found: [0, 6, 12, 13, 7, 1, 2, 8, 14, 20, 19, 25, 26, 27, 33, 34, 28, 22, 21, 15, 9, 3, 4, 5, 11, 10, 16, 17, 23, 29, 35]
[00:00:00:00:058] ! Unidirectional s-t. expansions: 30, time: 58 [ms], path length: 30 [edges], generated: 52
[00:00:00:00:022] Path of length 30 found: [35, 29, 23, 17, 11, 5, 4, 3, 2, 1, 7, 8, 14, 20, 21, 15, 9, 10, 16, 22, 28, 34, 33, 27, 26, 25, 19, 13, 12, 6, 0]
[00:00:00:00:022] ! Unidirectional t-s. expansions: 30, time: 22 [ms], path length: 30 [edges], generated: 52
[00:00:00:00:046] Path of length 30 found: [0, 6, 12, 13, 7, 1, 2, 8, 14, 20, 19, 25, 26, 27, 33, 34, 28, 22, 21, 15, 16, 10, 9, 3, 4, 5, 11, 17, 23, 29, 35]
[00:00:00:00:310] ! Bidirectional. expansions: 30, time: 46 [ms], path length: 30 [edges], g_F: 18, g_B: 12, generated: {'F': 36, 'B': 23}, MM: 6, MMPER: 18.35483870967742%
[00:00:00:00:310] 
---------- SM_Grids/6x6_grid_with_random_blocks_8per_7 ----------
[00:00:00:00:371] Path of length 32 found: [0, 6, 12, 18, 24, 25, 31, 32, 26, 20, 19, 13, 7, 1, 2, 8, 14, 15, 21, 27, 33, 34, 28, 22, 16, 10, 4, 5, 11, 17, 23, 29, 35]
[00:00:00:00:371] ! Unidirectional s-t. expansions: 631, time: 371 [ms], path length: 32 [edges], generated: 1,040
[00:00:00:00:557] Path of length 32 found: [35, 29, 23, 17, 11, 5, 4, 3, 2, 1, 7, 8, 14, 13, 19, 20, 26, 27, 21, 15, 16, 22, 28, 34, 33, 32, 31, 25, 24, 18, 12, 6, 0]
[00:00:00:00:558] ! Unidirectional t-s. expansions: 875, time: 557 [ms], path length: 32 [edges], generated: 1,501
[00:00:00:03:447] Path of length 32 found: [0, 6, 12, 18, 24, 25, 31, 32, 26, 20, 19, 13, 7, 1, 2, 8, 14, 15, 21, 27, 33, 34, 28, 22, 16, 10, 4, 5, 11, 17, 23, 29, 35]
[00:00:00:03:709] ! Bidirectional. expansions: 2,644, time: 3,447 [ms], path length: 32 [edges], g_F: 24, g_B: 8, generated: {'F': 2,678, 'B': 2,112}, MM: 16, MMPER: 47.484848484848484%
[00:00:00:03:709] 
---------- SM_Grids/6x6_grid_with_random_blocks_8per_8 ----------
[00:00:00:00:317] Path of length 32 found: [0, 6, 12, 18, 24, 30, 31, 25, 19, 13, 7, 1, 2, 8, 14, 20, 26, 32, 33, 27, 21, 15, 16, 10, 4, 5, 11, 17, 23, 22, 28, 29, 35]
[00:00:00:00:317] ! Unidirectional s-t. expansions: 438, time: 317 [ms], path length: 32 [edges], generated: 762
[00:00:00:00:370] Path of length 32 found: [35, 29, 23, 17, 11, 5, 4, 3, 2, 1, 7, 8, 14, 13, 19, 25, 26, 20, 21, 15, 16, 22, 28, 27, 33, 32, 31, 30, 24, 18, 12, 6, 0]
[00:00:00:00:370] ! Unidirectional t-s. expansions: 623, time: 370 [ms], path length: 32 [edges], generated: 1,048
[00:00:00:02:247] Path of length 32 found: [0, 6, 12, 18, 24, 30, 31, 25, 19, 13, 7, 1, 2, 8, 14, 20, 26, 32, 33, 27, 28, 22, 21, 15, 16, 10, 4, 5, 11, 17, 23, 29, 35]
[00:00:00:02:507] ! Bidirectional. expansions: 1,659, time: 2,247 [ms], path length: 32 [edges], g_F: 22, g_B: 10, generated: {'F': 1,556, 'B': 1,433}, MM: 12, MMPER: 35.36363636363637%
[00:00:00:02:507] 
---------- SM_Grids/6x6_grid_with_random_blocks_8per_9 ----------
[00:00:00:00:021] Path of length 30 found: [0, 6, 12, 18, 24, 30, 31, 25, 19, 13, 7, 1, 2, 8, 9, 15, 14, 20, 26, 32, 33, 27, 21, 22, 16, 17, 23, 29, 28, 34, 35]
[00:00:00:00:021] ! Unidirectional s-t. expansions: 30, time: 21 [ms], path length: 30 [edges], generated: 51
[00:00:00:00:020] Path of length 30 found: [35, 29, 23, 17, 16, 15, 9, 8, 2, 1, 7, 13, 14, 20, 19, 25, 26, 27, 21, 22, 28, 34, 33, 32, 31, 30, 24, 18, 12, 6, 0]
[00:00:00:00:020] ! Unidirectional t-s. expansions: 30, time: 20 [ms], path length: 30 [edges], generated: 51
[00:00:00:00:045] Path of length 30 found: [0, 6, 12, 18, 24, 30, 31, 25, 19, 13, 7, 1, 2, 8, 9, 15, 14, 20, 26, 32, 33, 34, 28, 27, 21, 22, 16, 17, 23, 29, 35]
[00:00:00:00:429] ! Bidirectional. expansions: 30, time: 45 [ms], path length: 30 [edges], g_F: 24, g_B: 6, generated: {'F': 43, 'B': 12}, MM: 18, MMPER: 57.064516129032256%

[00:00:00:00:429] average expansions: (1,168, 1,261, 2,718, 0)
[00:00:00:00:429] average time: (650, 714, 3,186, 0)
[00:00:00:00:429] X-DFBnB: 1,168 , 650 (expansions , time[ms])
[00:00:00:00:429] BiX-DFBnB: 2,718 , 3,186 (expansions , time[ms])

--------------------------
date: SM_Grids
number_of_graphs: 10
graph_type: grid
size_of_graphs: [6, 6]
heuristic: bcc_heuristic
snake: False
run_uni: True
run_bi: True
run_multi: False
solution_vertices: []
algorithms: ['DFBnB']
bsd: False
cube_first_dims: 4
cube_buffer_dim: None
backward_sym_generation: False
sym_coil: False
prefix_set: None

---------- SM_Grids/6x6_grid_with_random_blocks_8per_0 ----------
[00:00:00:00:422] Path of length 32 found: [0, 6, 12, 18, 24, 30, 31, 32, 26, 25, 19, 13, 7, 8, 2, 3, 9, 15, 14, 20, 21, 27, 28, 22, 16, 10, 4, 5, 11, 17, 23, 29, 35]
[00:00:00:00:423] ! Unidirectional s-t. expansions: 991, time: 422 [ms], path length: 32 [edges], generated: 1,661
[00:00:00:00:087] Path of length 32 found: [35, 34, 28, 29, 23, 17, 11, 5, 4, 3, 2, 8, 7, 13, 19, 20, 14, 15, 9, 10, 16, 22, 21, 27, 26, 32, 31, 25, 24, 18, 12, 6, 0]
[00:00:00:00:087] ! Unidirectional t-s. expansions: 150, time: 87 [ms], path length: 32 [edges], generated: 267
[00:00:00:00:660] Path of length 32 found: [0, 6, 12, 18, 24, 30, 31, 32, 26, 25, 19, 13, 7, 8, 2, 3, 9, 15, 14, 20, 21, 22, 16, 10, 4, 5, 11, 17, 23, 29, 28, 34, 35]
[00:00:00:00:941] ! Bidirectional. expansions: 603, time: 660 [ms], path length: 32 [edges], g_F: 22, g_B: 10, generated: {'F': 676, 'B': 403}, MM: 12, MMPER: 35.36363636363637%
[00:00:00:00:942] 
---------- SM_Grids/6x6_grid_with_random_blocks_8per_1 ----------
[00:00:00:03:290] Path of length 30 found: [0, 6, 12, 18, 24, 30, 31, 25, 19, 13, 7, 1, 2, 8, 14, 20, 21, 15, 16, 10, 4, 5, 11, 17, 23, 22, 28, 27, 33, 34, 35]
[00:00:00:03:290] ! Unidirectional s-t. expansions: 6,216, time: 3,290 [ms], path length: 30 [edges], generated: 10,578
[00:00:00:03:359] Path of length 30 found: [35, 29, 23, 17, 11, 5, 4, 3, 2, 1, 7, 8, 14, 13, 19, 20, 21, 15, 16, 22, 28, 27, 33, 32, 31, 25, 24, 18, 12, 6, 0]
[00:00:00:03:359] ! Unidirectional t-s. expansions: 6,218, time: 3,359 [ms], path length: 30 [edges], generated: 10,580
[00:00:00:13:497] Path of length 30 found: [0, 6, 12, 18, 24, 30, 31, 25, 19, 13, 7, 1, 2, 8, 14, 20, 21, 27, 33, 34, 28, 22, 16, 10, 4, 5, 11, 17, 23, 29, 35]
[00:00:00:13:759] ! Bidirectional. expansions: 12,443, time: 13,497 [ms], path length: 30 [edges], g_F: 17, g_B: 13, generated: {'F': 12,807, 'B': 10,222}, MM: 4, MMPER: 11.903225806451612%
[00:00:00:13:759] 
---------- SM_Grids/6x6_grid_with_random_blocks_8per_2 ----------
[00:00:00:00:192] Path of length 32 found: [0, 6, 12, 18, 24, 30, 31, 25, 19, 13, 7, 1, 2, 8, 9, 3, 4, 5, 11, 10, 16, 15, 21, 20, 26, 32, 33, 27, 28, 22, 23, 29, 35]
[00:00:00:00:192] ! Unidirectional s-t. expansions: 271, time: 192 [ms], path length: 32 [edges], generated: 465
[00:00:00:00:823] Path of length 32 found: [35, 29, 23, 17, 11, 5, 4, 3, 2, 1, 7, 8, 9, 10, 16, 15, 21, 22, 28, 27, 33, 32, 26, 20, 19, 25, 31, 30, 24, 18, 12, 6, 0]
[00:00:00:00:824] ! Unidirectional t-s. expansions: 1,553, time: 823 [ms], path length: 32 [edges], generated: 2,522
[00:00:00:02:181] Path of length 32 found: [0, 6, 12, 18, 24, 30, 31, 25, 19, 13, 7, 1, 2, 8, 9, 15, 21, 20, 26, 32, 33, 27, 28, 22, 16, 10, 4, 5, 11, 17, 23, 29, 35]
[00:00:00:02:440] ! Bidirectional. expansions: 1,791, time: 2,182 [ms], path length: 32 [edges], g_F: 17, g_B: 15, generated: {'F': 1,379, 'B': 1,852}, MM: 2, MMPER: 5.0606060606060606%
[00:00:00:02:440] 
---------- SM_Grids/6x6_grid_with_random_blocks_8per_3 ----------
[00:00:00:00:253] Path of length 32 found: [0, 6, 12, 18, 24, 30, 31, 25, 26, 32, 33, 27, 21, 20, 14, 13, 7, 1, 2, 8, 9, 3, 4, 5, 11, 10, 16, 17, 23, 22, 28, 29, 35]
[00:00:00:00:254] ! Unidirectional s-t. expansions: 357, time: 253 [ms], path length: 32 [edges], generated: 650
[00:00:00:00:579] Path of length 32 found: [35, 29, 23, 17, 11, 5, 4, 3, 2, 1, 7, 13, 14, 8, 9, 10, 16, 15, 21, 22, 28, 27, 33, 32, 26, 25, 31, 30, 24, 18, 12, 6, 0]
[00:00:00:00:580] ! Unidirectional t-s. expansions: 963, time: 579 [ms], path length: 32 [edges], generated: 1,623
[00:00:00:02:234] Path of length 32 found: [0, 6, 12, 18, 24, 30, 31, 25, 26, 32, 33, 27, 28, 22, 16, 10, 9, 15, 21, 20, 14, 13, 7, 1, 2, 3, 4, 5, 11, 17, 23, 29, 35]
[00:00:00:02:489] ! Bidirectional. expansions: 1,785, time: 2,234 [ms], path length: 32 [edges], g_F: 19, g_B: 13, generated: {'F': 1,550, 'B': 1,697}, MM: 6, MMPER: 17.181818181818183%
[00:00:00:02:490] 
---------- SM_Grids/6x6_grid_with_random_blocks_8per_4 ----------
[00:00:00:00:952] Path of length 32 found: [0, 6, 12, 18, 24, 30, 31, 25, 19, 13, 7, 1, 2, 8, 14, 20, 26, 32, 33, 27, 21, 15, 16, 10, 4, 5, 11, 17, 23, 22, 28, 34, 35]
[00:00:00:00:952] ! Unidirectional s-t. expansions: 1,708, time: 952 [ms], path length: 32 [edges], generated: 2,937
[00:00:00:00:491] Path of length 32 found: [35, 29, 23, 17, 11, 5, 4, 10, 16, 15, 14, 8, 2, 1, 7, 13, 19, 25, 26, 20, 21, 22, 28, 27, 33, 32, 31, 30, 24, 18, 12, 6, 0]
[00:00:00:00:491] ! Unidirectional t-s. expansions: 821, time: 491 [ms], path length: 32 [edges], generated: 1,428
[00:00:00:03:241] Path of length 32 found: [0, 6, 12, 18, 24, 30, 31, 25, 19, 13, 7, 1, 2, 8, 14, 20, 26, 32, 33, 34, 28, 22, 21, 15, 16, 10, 4, 5, 11, 17, 23, 29, 35]
[00:00:00:03:514] ! Bidirectional. expansions: 2,764, time: 3,241 [ms], path length: 32 [edges], g_F: 22, g_B: 10, generated: {'F': 2,735, 'B': 2,162}, MM: 12, MMPER: 35.36363636363637%
[00:00:00:03:514] 
---------- SM_Grids/6x6_grid_with_random_blocks_8per_5 ----------
[00:00:00:00:678] Path of length 32 found: [0, 6, 12, 18, 24, 25, 31, 32, 26, 20, 19, 13, 7, 1, 2, 8, 14, 15, 9, 10, 4, 5, 11, 17, 16, 22, 21, 27, 33, 34, 28, 29, 35]
[00:00:00:00:678] ! Unidirectional s-t. expansions: 1,011, time: 678 [ms], path length: 32 [edges], generated: 1,819
[00:00:00:00:847] Path of length 32 found: [35, 29, 23, 17, 11, 5, 4, 10, 9, 8, 2, 1, 7, 13, 19, 20, 14, 15, 16, 22, 21, 27, 28, 34, 33, 32, 26, 25, 24, 18, 12, 6, 0]
[00:00:00:00:847] ! Unidirectional t-s. expansions: 1,349, time: 847 [ms], path length: 32 [edges], generated: 2,358
[00:00:00:04:439] Path of length 32 found: [0, 6, 12, 18, 24, 25, 31, 32, 26, 20, 19, 13, 7, 1, 2, 8, 14, 15, 21, 27, 33, 34, 28, 22, 16, 10, 4, 5, 11, 17, 23, 29, 35]
[00:00:00:04:703] ! Bidirectional. expansions: 3,435, time: 4,439 [ms], path length: 32 [edges], g_F: 20, g_B: 12, generated: {'F': 3,277, 'B': 3,069}, MM: 8, MMPER: 23.242424242424242%
[00:00:00:04:703] 
---------- SM_Grids/6x6_grid_with_random_blocks_8per_6 ----------
[00:00:00:00:064] Path of length 30 found: [0, 6, 12, 13, 7, 1, 2, 8, 14, 20, 19, 25, 26, 27, 33, 34, 28, 22, 21, 15, 9, 3, 4, 5, 11, 10, 16, 17, 23, 29, 35]
[00:00:00:00:064] ! Unidirectional s-t. expansions: 30, time: 64 [ms], path length: 30 [edges], generated: 52
[00:00:00:00:022] Path of length 30 found: [35, 29, 23, 17, 11, 5, 4, 3, 2, 1, 7, 8, 14, 20, 21, 15, 9, 10, 16, 22, 28, 34, 33, 27, 26, 25, 19, 13, 12, 6, 0]
[00:00:00:00:022] ! Unidirectional t-s. expansions: 30, time: 22 [ms], path length: 30 [edges], generated: 52
[00:00:00:00:047] Path of length 30 found: [0, 6, 12, 13, 7, 1, 2, 8, 14, 20, 19, 25, 26, 27, 33, 34, 28, 22, 21, 15, 16, 10, 9, 3, 4, 5, 11, 17, 23, 29, 35]
[00:00:00:00:314] ! Bidirectional. expansions: 30, time: 47 [ms], path length: 30 [edges], g_F: 18, g_B: 12, generated: {'F': 36, 'B': 23}, MM: 6, MMPER: 18.35483870967742%
[00:00:00:00:315] 
---------- SM_Grids/6x6_grid_with_random_blocks_8per_7 ----------
[00:00:00:00:388] Path of length 32 found: [0, 6, 12, 18, 24, 25, 31, 32, 26, 20, 19, 13, 7, 1, 2, 8, 14, 15, 21, 27, 33, 34, 28, 22, 16, 10, 4, 5, 11, 17, 23, 29, 35]
[00:00:00:00:388] ! Unidirectional s-t. expansions: 631, time: 388 [ms], path length: 32 [edges], generated: 1,040
[00:00:00:00:577] Path of length 32 found: [35, 29, 23, 17, 11, 5, 4, 3, 2, 1, 7, 8, 14, 13, 19, 20, 26, 27, 21, 15, 16, 22, 28, 34, 33, 32, 31, 25, 24, 18, 12, 6, 0]
[00:00:00:00:578] ! Unidirectional t-s. expansions: 875, time: 577 [ms], path length: 32 [edges], generated: 1,501
[00:00:00:03:556] Path of length 32 found: [0, 6, 12, 18, 24, 25, 31, 32, 26, 20, 19, 13, 7, 1, 2, 8, 14, 15, 21, 27, 33, 34, 28, 22, 16, 10, 4, 5, 11, 17, 23, 29, 35]
[00:00:00:03:824] ! Bidirectional. expansions: 2,644, time: 3,556 [ms], path length: 32 [edges], g_F: 24, g_B: 8, generated: {'F': 2,678, 'B': 2,112}, MM: 16, MMPER: 47.484848484848484%
[00:00:00:03:825] 
---------- SM_Grids/6x6_grid_with_random_blocks_8per_8 ----------
[00:00:00:00:317] Path of length 32 found: [0, 6, 12, 18, 24, 30, 31, 25, 19, 13, 7, 1, 2, 8, 14, 20, 26, 32, 33, 27, 21, 15, 16, 10, 4, 5, 11, 17, 23, 22, 28, 29, 35]
[00:00:00:00:317] ! Unidirectional s-t. expansions: 438, time: 317 [ms], path length: 32 [edges], generated: 762
[00:00:00:00:377] Path of length 32 found: [35, 29, 23, 17, 11, 5, 4, 3, 2, 1, 7, 8, 14, 13, 19, 25, 26, 20, 21, 15, 16, 22, 28, 27, 33, 32, 31, 30, 24, 18, 12, 6, 0]
[00:00:00:00:377] ! Unidirectional t-s. expansions: 623, time: 377 [ms], path length: 32 [edges], generated: 1,048
[00:00:00:02:312] Path of length 32 found: [0, 6, 12, 18, 24, 30, 31, 25, 19, 13, 7, 1, 2, 8, 14, 20, 26, 32, 33, 27, 28, 22, 21, 15, 16, 10, 4, 5, 11, 17, 23, 29, 35]
[00:00:00:02:787] ! Bidirectional. expansions: 1,659, time: 2,312 [ms], path length: 32 [edges], g_F: 22, g_B: 10, generated: {'F': 1,556, 'B': 1,433}, MM: 12, MMPER: 35.36363636363637%
[00:00:00:02:787] 
---------- SM_Grids/6x6_grid_with_random_blocks_8per_9 ----------
[00:00:00:00:021] Path of length 30 found: [0, 6, 12, 18, 24, 30, 31, 25, 19, 13, 7, 1, 2, 8, 9, 15, 14, 20, 26, 32, 33, 27, 21, 22, 16, 17, 23, 29, 28, 34, 35]
[00:00:00:00:022] ! Unidirectional s-t. expansions: 30, time: 21 [ms], path length: 30 [edges], generated: 51
[00:00:00:00:020] Path of length 30 found: [35, 29, 23, 17, 16, 15, 9, 8, 2, 1, 7, 13, 14, 20, 19, 25, 26, 27, 21, 22, 28, 34, 33, 32, 31, 30, 24, 18, 12, 6, 0]
[00:00:00:00:020] ! Unidirectional t-s. expansions: 30, time: 20 [ms], path length: 30 [edges], generated: 51
[00:00:00:00:045] Path of length 30 found: [0, 6, 12, 18, 24, 30, 31, 25, 19, 13, 7, 1, 2, 8, 9, 15, 14, 20, 26, 32, 33, 34, 28, 27, 21, 22, 16, 17, 23, 29, 35]
[00:00:00:00:309] ! Bidirectional. expansions: 30, time: 45 [ms], path length: 30 [edges], g_F: 24, g_B: 6, generated: {'F': 43, 'B': 12}, MM: 18, MMPER: 57.064516129032256%

[00:00:00:00:309] average expansions: (1,168, 1,261, 2,718, 0)
[00:00:00:00:309] average time: (658, 718, 3,221, 0)
[00:00:00:00:309] X-DFBnB: 1,168 , 658 (expansions , time[ms])
[00:00:00:00:309] BiX-DFBnB: 2,718 , 3,221 (expansions , time[ms])

