Fri 20 Mar 2026 13:00:06 IST

SLURM_JOBID:		 16224509
SLURM_JOB_NODELIST:	 ise-cpu256-01 

--------------------------
date: SM_Grids
number_of_graphs: 10
graph_type: grid
size_of_graphs: [6, 7]
heuristic: bcc_heuristic
snake: False
run_uni: True
run_bi: True
run_multi: False
solution_vertices: []
algorithms: ['DFBnB']
bsd: False
cube_first_dims: 4
cube_buffer_dim: None
backward_sym_generation: False
sym_coil: False
prefix_set: None

---------- SM_Grids/6x7_grid_with_random_blocks_12per_0 ----------
[00:00:00:00:023] Path of length 35 found: [0, 1, 8, 7, 14, 21, 28, 29, 36, 37, 30, 23, 22, 15, 16, 9, 10, 3, 4, 5, 12, 11, 18, 17, 24, 31, 38, 39, 32, 25, 26, 27, 34, 33, 40, 41]
[00:00:00:00:023] ! Unidirectional s-t. expansions: 35, time: 23 [ms], path length: 35 [edges], generated: 58
[00:00:00:00:039] Path of length 35 found: [41, 34, 27, 26, 25, 18, 11, 12, 5, 4, 3, 10, 9, 16, 17, 24, 23, 30, 31, 32, 33, 40, 39, 38, 37, 36, 29, 28, 21, 22, 15, 14, 7, 8, 1, 0]
[00:00:00:00:040] ! Unidirectional t-s. expansions: 78, time: 39 [ms], path length: 35 [edges], generated: 128
[00:00:00:00:113] Path of length 35 found: [0, 1, 8, 7, 14, 15, 22, 21, 28, 29, 36, 37, 38, 39, 40, 33, 32, 31, 30, 23, 24, 17, 16, 9, 10, 3, 4, 5, 12, 11, 18, 25, 26, 27, 34, 41]
[00:00:00:00:446] ! Bidirectional. expansions: 102, time: 113 [ms], path length: 35 [edges], g_F: 18, g_B: 17, generated: {'F': 95, 'B': 101}, MM: 1, MMPER: 1.7777777777777777%
[00:00:00:00:446] 
---------- SM_Grids/6x7_grid_with_random_blocks_12per_1 ----------
[00:00:00:00:765] Path of length 31 found: [0, 7, 14, 21, 28, 35, 36, 29, 22, 15, 8, 1, 2, 9, 10, 17, 16, 23, 30, 37, 38, 39, 32, 33, 26, 19, 12, 13, 20, 27, 34, 41]
[00:00:00:00:765] ! Unidirectional s-t. expansions: 978, time: 765 [ms], path length: 31 [edges], generated: 1,644
[00:00:00:00:127] Path of length 31 found: [41, 34, 27, 20, 13, 12, 19, 26, 33, 32, 39, 38, 37, 30, 23, 24, 17, 10, 9, 2, 1, 8, 15, 22, 29, 36, 35, 28, 21, 14, 7, 0]
[00:00:00:00:127] ! Unidirectional t-s. expansions: 186, time: 127 [ms], path length: 31 [edges], generated: 350
[00:00:00:03:559] Path of length 31 found: [0, 7, 14, 21, 28, 35, 36, 29, 22, 15, 8, 1, 2, 9, 10, 17, 16, 23, 30, 37, 38, 39, 32, 33, 26, 19, 12, 13, 20, 27, 34, 41]
[00:00:00:03:899] ! Bidirectional. expansions: 2,202, time: 3,559 [ms], path length: 31 [edges], g_F: 17, g_B: 14, generated: {'F': 2,672, 'B': 1,282}, MM: 3, MMPER: 8.375%
[00:00:00:03:899] 
---------- SM_Grids/6x7_grid_with_random_blocks_12per_2 ----------
[00:00:00:01:234] Path of length 33 found: [0, 7, 14, 21, 28, 35, 36, 37, 30, 29, 22, 15, 8, 1, 2, 3, 10, 9, 16, 23, 24, 31, 32, 25, 18, 11, 12, 13, 20, 19, 26, 27, 34, 41]
[00:00:00:01:234] ! Unidirectional s-t. expansions: 1,874, time: 1,234 [ms], path length: 33 [edges], generated: 3,351
[00:00:00:00:181] Path of length 33 found: [41, 40, 39, 32, 25, 18, 19, 26, 27, 20, 13, 12, 11, 10, 3, 2, 1, 8, 9, 16, 15, 22, 23, 24, 31, 30, 37, 36, 29, 28, 21, 14, 7, 0]
[00:00:00:00:181] ! Unidirectional t-s. expansions: 319, time: 181 [ms], path length: 33 [edges], generated: 548
[00:00:00:02:612] Path of length 33 found: [0, 7, 14, 21, 28, 35, 36, 37, 30, 29, 22, 15, 8, 1, 2, 3, 10, 9, 16, 23, 24, 31, 32, 25, 18, 11, 12, 13, 20, 19, 26, 27, 34, 41]
[00:00:00:02:915] ! Bidirectional. expansions: 1,893, time: 2,612 [ms], path length: 33 [edges], g_F: 33, g_B: 0, generated: {'F': 2,957, 'B': 337}, MM: 33, MMPER: 96.05882352941177%
[00:00:00:02:916] 
---------- SM_Grids/6x7_grid_with_random_blocks_12per_3 ----------
[00:00:00:00:219] Path of length 33 found: [0, 1, 2, 9, 16, 15, 22, 21, 28, 35, 36, 29, 30, 23, 24, 17, 10, 3, 4, 5, 6, 13, 12, 11, 18, 19, 26, 27, 34, 33, 32, 39, 40, 41]
[00:00:00:00:220] ! Unidirectional s-t. expansions: 297, time: 219 [ms], path length: 33 [edges], generated: 520
[00:00:00:00:212] Path of length 33 found: [41, 34, 27, 26, 33, 40, 39, 32, 31, 24, 23, 30, 37, 36, 35, 28, 21, 22, 15, 16, 9, 10, 17, 18, 19, 12, 13, 6, 5, 4, 3, 2, 1, 0]
[00:00:00:00:212] ! Unidirectional t-s. expansions: 335, time: 212 [ms], path length: 33 [edges], generated: 586
[00:00:00:00:805] Path of length 33 found: [0, 1, 2, 9, 10, 3, 4, 5, 6, 13, 12, 11, 18, 17, 16, 15, 22, 21, 28, 35, 36, 37, 30, 23, 24, 31, 32, 39, 40, 33, 26, 27, 34, 41]
[00:00:00:01:106] ! Bidirectional. expansions: 685, time: 805 [ms], path length: 33 [edges], g_F: 17, g_B: 16, generated: {'F': 716, 'B': 475}, MM: 1, MMPER: 1.9411764705882355%
[00:00:00:01:107] 
---------- SM_Grids/6x7_grid_with_random_blocks_12per_4 ----------
[00:00:00:00:193] Path of length 33 found: [0, 7, 14, 21, 28, 35, 36, 37, 38, 31, 24, 23, 16, 15, 8, 1, 2, 9, 10, 3, 4, 11, 18, 25, 32, 39, 40, 33, 26, 19, 20, 27, 34, 41]
[00:00:00:00:193] ! Unidirectional s-t. expansions: 230, time: 193 [ms], path length: 33 [edges], generated: 361
[00:00:00:00:150] Path of length 33 found: [41, 34, 27, 20, 19, 18, 11, 4, 3, 10, 9, 2, 1, 8, 15, 16, 23, 24, 31, 32, 25, 26, 33, 40, 39, 38, 37, 36, 29, 28, 21, 14, 7, 0]
[00:00:00:00:150] ! Unidirectional t-s. expansions: 219, time: 150 [ms], path length: 33 [edges], generated: 353
[00:00:00:01:210] Path of length 33 found: [0, 7, 14, 21, 28, 35, 36, 37, 38, 39, 40, 33, 26, 25, 32, 31, 24, 23, 16, 15, 8, 1, 2, 9, 10, 3, 4, 11, 18, 19, 20, 27, 34, 41]
[00:00:00:01:731] ! Bidirectional. expansions: 832, time: 1,210 [ms], path length: 33 [edges], g_F: 6, g_B: 27, generated: {'F': 672, 'B': 761}, MM: 21, MMPER: 60.76470588235294%
[00:00:00:01:732] 
---------- SM_Grids/6x7_grid_with_random_blocks_12per_5 ----------
[00:00:00:00:067] Path of length 35 found: [0, 1, 8, 15, 14, 21, 22, 29, 28, 35, 36, 37, 38, 31, 24, 23, 16, 9, 2, 3, 10, 11, 18, 25, 32, 39, 40, 33, 26, 19, 12, 13, 20, 27, 34, 41]
[00:00:00:00:067] ! Unidirectional s-t. expansions: 114, time: 67 [ms], path length: 35 [edges], generated: 193
[00:00:00:00:024] Path of length 35 found: [41, 34, 27, 20, 13, 12, 11, 10, 3, 2, 9, 16, 23, 24, 31, 32, 25, 18, 19, 26, 33, 40, 39, 38, 37, 36, 35, 28, 29, 22, 21, 14, 15, 8, 1, 0]
[00:00:00:00:025] ! Unidirectional t-s. expansions: 35, time: 24 [ms], path length: 35 [edges], generated: 55
[00:00:00:00:184] Path of length 35 found: [0, 1, 8, 15, 14, 21, 22, 29, 28, 35, 36, 37, 38, 31, 24, 23, 16, 9, 2, 3, 10, 11, 18, 25, 32, 39, 40, 33, 26, 19, 12, 13, 20, 27, 34, 41]
[00:00:00:00:478] ! Bidirectional. expansions: 150, time: 184 [ms], path length: 35 [edges], g_F: 30, g_B: 5, generated: {'F': 113, 'B': 153}, MM: 25, MMPER: 68.44444444444444%
[00:00:00:00:478] 
---------- SM_Grids/6x7_grid_with_random_blocks_12per_6 ----------
[00:00:00:00:083] Path of length 29 found: [0, 7, 8, 15, 22, 23, 24, 17, 10, 9, 2, 3, 4, 11, 12, 5, 6, 13, 20, 19, 26, 25, 32, 31, 38, 39, 40, 33, 34, 41]
[00:00:00:00:083] ! Unidirectional s-t. expansions: 104, time: 83 [ms], path length: 29 [edges], generated: 179
[00:00:00:00:400] Path of length 29 found: [41, 34, 27, 20, 13, 6, 5, 4, 3, 2, 9, 10, 11, 12, 19, 26, 25, 32, 33, 40, 39, 38, 31, 24, 23, 22, 15, 8, 1, 0]
[00:00:00:00:400] ! Unidirectional t-s. expansions: 559, time: 400 [ms], path length: 29 [edges], generated: 961
[00:00:00:01:723] Path of length 29 found: [0, 7, 8, 15, 22, 23, 24, 31, 38, 39, 40, 33, 32, 25, 26, 19, 12, 11, 10, 9, 2, 3, 4, 5, 6, 13, 20, 27, 34, 41]
[00:00:00:02:014] ! Bidirectional. expansions: 1,002, time: 1,723 [ms], path length: 29 [edges], g_F: 12, g_B: 17, generated: {'F': 563, 'B': 1,177}, MM: 5, MMPER: 15.666666666666668%
[00:00:00:02:014] 
---------- SM_Grids/6x7_grid_with_random_blocks_12per_7 ----------
[00:00:00:00:769] Path of length 33 found: [0, 1, 8, 7, 14, 21, 28, 35, 36, 29, 22, 15, 16, 9, 10, 3, 4, 11, 12, 5, 6, 13, 20, 27, 26, 25, 24, 31, 38, 39, 32, 33, 34, 41]
[00:00:00:00:769] ! Unidirectional s-t. expansions: 1,097, time: 769 [ms], path length: 33 [edges], generated: 1,831
[00:00:00:00:458] Path of length 33 found: [41, 34, 27, 20, 13, 6, 5, 12, 11, 4, 3, 10, 9, 8, 15, 16, 23, 24, 25, 26, 33, 32, 31, 38, 37, 36, 35, 28, 29, 22, 21, 14, 7, 0]
[00:00:00:00:458] ! Unidirectional t-s. expansions: 749, time: 458 [ms], path length: 33 [edges], generated: 1,253
[00:00:00:03:476] Path of length 33 found: [0, 1, 8, 7, 14, 21, 28, 35, 36, 37, 38, 39, 32, 33, 26, 25, 24, 23, 22, 15, 16, 9, 10, 3, 4, 11, 12, 5, 6, 13, 20, 27, 34, 41]
[00:00:00:03:785] ! Bidirectional. expansions: 2,501, time: 3,477 [ms], path length: 33 [edges], g_F: 21, g_B: 12, generated: {'F': 2,520, 'B': 1,810}, MM: 9, MMPER: 25.470588235294116%
[00:00:00:03:785] 
---------- SM_Grids/6x7_grid_with_random_blocks_12per_8 ----------
[00:00:00:00:072] Path of length 33 found: [0, 7, 8, 15, 14, 21, 22, 29, 36, 37, 30, 23, 16, 17, 10, 3, 4, 5, 6, 13, 12, 19, 18, 25, 24, 31, 38, 39, 32, 33, 26, 27, 34, 41]
[00:00:00:00:073] ! Unidirectional s-t. expansions: 108, time: 73 [ms], path length: 33 [edges], generated: 183
[00:00:00:00:137] Path of length 33 found: [41, 34, 27, 20, 13, 6, 5, 4, 3, 10, 17, 16, 23, 30, 31, 24, 25, 18, 19, 26, 33, 32, 39, 38, 37, 36, 29, 22, 21, 14, 15, 8, 7, 0]
[00:00:00:00:137] ! Unidirectional t-s. expansions: 181, time: 137 [ms], path length: 33 [edges], generated: 323
[00:00:00:00:417] Path of length 33 found: [0, 7, 8, 15, 14, 21, 22, 29, 36, 37, 30, 31, 38, 39, 32, 33, 26, 19, 18, 25, 24, 23, 16, 17, 10, 3, 4, 5, 6, 13, 20, 27, 34, 41]
[00:00:00:00:709] ! Bidirectional. expansions: 328, time: 417 [ms], path length: 33 [edges], g_F: 21, g_B: 12, generated: {'F': 381, 'B': 217}, MM: 9, MMPER: 25.470588235294116%
[00:00:00:00:709] 
---------- SM_Grids/6x7_grid_with_random_blocks_12per_9 ----------
[00:00:00:00:185] Path of length 33 found: [0, 7, 14, 21, 28, 29, 22, 15, 16, 9, 2, 3, 10, 17, 24, 31, 30, 37, 38, 39, 32, 25, 18, 11, 4, 5, 12, 13, 20, 27, 34, 33, 40, 41]
[00:00:00:00:185] ! Unidirectional s-t. expansions: 270, time: 185 [ms], path length: 33 [edges], generated: 462
[00:00:00:00:554] Path of length 33 found: [41, 34, 27, 20, 13, 6, 5, 12, 11, 4, 3, 2, 9, 10, 17, 18, 25, 24, 31, 32, 33, 40, 39, 38, 37, 30, 29, 28, 21, 22, 15, 14, 7, 0]
[00:00:00:00:554] ! Unidirectional t-s. expansions: 738, time: 554 [ms], path length: 33 [edges], generated: 1,258
[00:00:00:01:144] Path of length 33 found: [0, 7, 14, 15, 22, 21, 28, 29, 30, 37, 38, 39, 40, 33, 32, 31, 24, 25, 18, 17, 10, 9, 2, 3, 4, 11, 12, 5, 6, 13, 20, 27, 34, 41]
[00:00:00:01:480] ! Bidirectional. expansions: 802, time: 1,144 [ms], path length: 33 [edges], g_F: 21, g_B: 12, generated: {'F': 313, 'B': 1,065}, MM: 9, MMPER: 25.470588235294116%

[00:00:00:01:480] average expansions: (511, 340, 1,050, 0)
[00:00:00:01:480] average time: (361, 228, 1,524, 0)
[00:00:00:01:480] X-DFBnB: 340 , 228 (expansions , time[ms])
[00:00:00:01:480] BiX-DFBnB: 1,050 , 1,524 (expansions , time[ms])

--------------------------
date: SM_Grids
number_of_graphs: 10
graph_type: grid
size_of_graphs: [6, 7]
heuristic: bcc_heuristic
snake: False
run_uni: True
run_bi: True
run_multi: False
solution_vertices: []
algorithms: ['DFBnB']
bsd: False
cube_first_dims: 4
cube_buffer_dim: None
backward_sym_generation: False
sym_coil: False
prefix_set: None

---------- SM_Grids/6x7_grid_with_random_blocks_12per_0 ----------
[00:00:00:00:022] Path of length 35 found: [0, 1, 8, 7, 14, 21, 28, 29, 36, 37, 30, 23, 22, 15, 16, 9, 10, 3, 4, 5, 12, 11, 18, 17, 24, 31, 38, 39, 32, 25, 26, 27, 34, 33, 40, 41]
[00:00:00:00:022] ! Unidirectional s-t. expansions: 35, time: 22 [ms], path length: 35 [edges], generated: 58
[00:00:00:00:038] Path of length 35 found: [41, 34, 27, 26, 25, 18, 11, 12, 5, 4, 3, 10, 9, 16, 17, 24, 23, 30, 31, 32, 33, 40, 39, 38, 37, 36, 29, 28, 21, 22, 15, 14, 7, 8, 1, 0]
[00:00:00:00:039] ! Unidirectional t-s. expansions: 78, time: 38 [ms], path length: 35 [edges], generated: 128
[00:00:00:00:109] Path of length 35 found: [0, 1, 8, 7, 14, 15, 22, 21, 28, 29, 36, 37, 38, 39, 40, 33, 32, 31, 30, 23, 24, 17, 16, 9, 10, 3, 4, 5, 12, 11, 18, 25, 26, 27, 34, 41]
[00:00:00:00:426] ! Bidirectional. expansions: 102, time: 109 [ms], path length: 35 [edges], g_F: 18, g_B: 17, generated: {'F': 95, 'B': 101}, MM: 1, MMPER: 1.7777777777777777%
[00:00:00:00:426] 
---------- SM_Grids/6x7_grid_with_random_blocks_12per_1 ----------
[00:00:00:00:718] Path of length 31 found: [0, 7, 14, 21, 28, 35, 36, 29, 22, 15, 8, 1, 2, 9, 10, 17, 16, 23, 30, 37, 38, 39, 32, 33, 26, 19, 12, 13, 20, 27, 34, 41]
[00:00:00:00:718] ! Unidirectional s-t. expansions: 978, time: 718 [ms], path length: 31 [edges], generated: 1,644
[00:00:00:00:121] Path of length 31 found: [41, 34, 27, 20, 13, 12, 19, 26, 33, 32, 39, 38, 37, 30, 23, 24, 17, 10, 9, 2, 1, 8, 15, 22, 29, 36, 35, 28, 21, 14, 7, 0]
[00:00:00:00:121] ! Unidirectional t-s. expansions: 186, time: 121 [ms], path length: 31 [edges], generated: 350
[00:00:00:03:445] Path of length 31 found: [0, 7, 14, 21, 28, 35, 36, 29, 22, 15, 8, 1, 2, 9, 10, 17, 16, 23, 30, 37, 38, 39, 32, 33, 26, 19, 12, 13, 20, 27, 34, 41]
[00:00:00:03:768] ! Bidirectional. expansions: 2,202, time: 3,445 [ms], path length: 31 [edges], g_F: 17, g_B: 14, generated: {'F': 2,672, 'B': 1,282}, MM: 3, MMPER: 8.375%
[00:00:00:03:768] 
---------- SM_Grids/6x7_grid_with_random_blocks_12per_2 ----------
[00:00:00:01:189] Path of length 33 found: [0, 7, 14, 21, 28, 35, 36, 37, 30, 29, 22, 15, 8, 1, 2, 3, 10, 9, 16, 23, 24, 31, 32, 25, 18, 11, 12, 13, 20, 19, 26, 27, 34, 41]
[00:00:00:01:190] ! Unidirectional s-t. expansions: 1,874, time: 1,190 [ms], path length: 33 [edges], generated: 3,351
[00:00:00:00:173] Path of length 33 found: [41, 40, 39, 32, 25, 18, 19, 26, 27, 20, 13, 12, 11, 10, 3, 2, 1, 8, 9, 16, 15, 22, 23, 24, 31, 30, 37, 36, 29, 28, 21, 14, 7, 0]
[00:00:00:00:174] ! Unidirectional t-s. expansions: 319, time: 173 [ms], path length: 33 [edges], generated: 548
[00:00:00:02:549] Path of length 33 found: [0, 7, 14, 21, 28, 35, 36, 37, 30, 29, 22, 15, 8, 1, 2, 3, 10, 9, 16, 23, 24, 31, 32, 25, 18, 11, 12, 13, 20, 19, 26, 27, 34, 41]
[00:00:00:02:849] ! Bidirectional. expansions: 1,893, time: 2,549 [ms], path length: 33 [edges], g_F: 33, g_B: 0, generated: {'F': 2,957, 'B': 337}, MM: 33, MMPER: 96.05882352941177%
[00:00:00:02:849] 
---------- SM_Grids/6x7_grid_with_random_blocks_12per_3 ----------
[00:00:00:00:213] Path of length 33 found: [0, 1, 2, 9, 16, 15, 22, 21, 28, 35, 36, 29, 30, 23, 24, 17, 10, 3, 4, 5, 6, 13, 12, 11, 18, 19, 26, 27, 34, 33, 32, 39, 40, 41]
[00:00:00:00:213] ! Unidirectional s-t. expansions: 297, time: 213 [ms], path length: 33 [edges], generated: 520
[00:00:00:00:206] Path of length 33 found: [41, 34, 27, 26, 33, 40, 39, 32, 31, 24, 23, 30, 37, 36, 35, 28, 21, 22, 15, 16, 9, 10, 17, 18, 19, 12, 13, 6, 5, 4, 3, 2, 1, 0]
[00:00:00:00:206] ! Unidirectional t-s. expansions: 335, time: 206 [ms], path length: 33 [edges], generated: 586
[00:00:00:00:786] Path of length 33 found: [0, 1, 2, 9, 10, 3, 4, 5, 6, 13, 12, 11, 18, 17, 16, 15, 22, 21, 28, 35, 36, 37, 30, 23, 24, 31, 32, 39, 40, 33, 26, 27, 34, 41]
[00:00:00:01:090] ! Bidirectional. expansions: 685, time: 786 [ms], path length: 33 [edges], g_F: 17, g_B: 16, generated: {'F': 716, 'B': 475}, MM: 1, MMPER: 1.9411764705882355%
[00:00:00:01:090] 
---------- SM_Grids/6x7_grid_with_random_blocks_12per_4 ----------
[00:00:00:00:189] Path of length 33 found: [0, 7, 14, 21, 28, 35, 36, 37, 38, 31, 24, 23, 16, 15, 8, 1, 2, 9, 10, 3, 4, 11, 18, 25, 32, 39, 40, 33, 26, 19, 20, 27, 34, 41]
[00:00:00:00:189] ! Unidirectional s-t. expansions: 230, time: 189 [ms], path length: 33 [edges], generated: 361
[00:00:00:00:147] Path of length 33 found: [41, 34, 27, 20, 19, 18, 11, 4, 3, 10, 9, 2, 1, 8, 15, 16, 23, 24, 31, 32, 25, 26, 33, 40, 39, 38, 37, 36, 29, 28, 21, 14, 7, 0]
[00:00:00:00:147] ! Unidirectional t-s. expansions: 219, time: 147 [ms], path length: 33 [edges], generated: 353
[00:00:00:01:178] Path of length 33 found: [0, 7, 14, 21, 28, 35, 36, 37, 38, 39, 40, 33, 26, 25, 32, 31, 24, 23, 16, 15, 8, 1, 2, 9, 10, 3, 4, 11, 18, 19, 20, 27, 34, 41]
[00:00:00:01:496] ! Bidirectional. expansions: 832, time: 1,178 [ms], path length: 33 [edges], g_F: 6, g_B: 27, generated: {'F': 672, 'B': 761}, MM: 21, MMPER: 60.76470588235294%
[00:00:00:01:496] 
---------- SM_Grids/6x7_grid_with_random_blocks_12per_5 ----------
[00:00:00:00:065] Path of length 35 found: [0, 1, 8, 15, 14, 21, 22, 29, 28, 35, 36, 37, 38, 31, 24, 23, 16, 9, 2, 3, 10, 11, 18, 25, 32, 39, 40, 33, 26, 19, 12, 13, 20, 27, 34, 41]
[00:00:00:00:065] ! Unidirectional s-t. expansions: 114, time: 65 [ms], path length: 35 [edges], generated: 193
[00:00:00:00:024] Path of length 35 found: [41, 34, 27, 20, 13, 12, 11, 10, 3, 2, 9, 16, 23, 24, 31, 32, 25, 18, 19, 26, 33, 40, 39, 38, 37, 36, 35, 28, 29, 22, 21, 14, 15, 8, 1, 0]
[00:00:00:00:024] ! Unidirectional t-s. expansions: 35, time: 24 [ms], path length: 35 [edges], generated: 55
[00:00:00:00:181] Path of length 35 found: [0, 1, 8, 15, 14, 21, 22, 29, 28, 35, 36, 37, 38, 31, 24, 23, 16, 9, 2, 3, 10, 11, 18, 25, 32, 39, 40, 33, 26, 19, 12, 13, 20, 27, 34, 41]
[00:00:00:00:475] ! Bidirectional. expansions: 150, time: 181 [ms], path length: 35 [edges], g_F: 30, g_B: 5, generated: {'F': 113, 'B': 153}, MM: 25, MMPER: 68.44444444444444%
[00:00:00:00:475] 
---------- SM_Grids/6x7_grid_with_random_blocks_12per_6 ----------
[00:00:00:00:081] Path of length 29 found: [0, 7, 8, 15, 22, 23, 24, 17, 10, 9, 2, 3, 4, 11, 12, 5, 6, 13, 20, 19, 26, 25, 32, 31, 38, 39, 40, 33, 34, 41]
[00:00:00:00:081] ! Unidirectional s-t. expansions: 104, time: 81 [ms], path length: 29 [edges], generated: 179
[00:00:00:00:389] Path of length 29 found: [41, 34, 27, 20, 13, 6, 5, 4, 3, 2, 9, 10, 11, 12, 19, 26, 25, 32, 33, 40, 39, 38, 31, 24, 23, 22, 15, 8, 1, 0]
[00:00:00:00:390] ! Unidirectional t-s. expansions: 559, time: 389 [ms], path length: 29 [edges], generated: 961
[00:00:00:01:698] Path of length 29 found: [0, 7, 8, 15, 22, 23, 24, 31, 38, 39, 40, 33, 32, 25, 26, 19, 12, 11, 10, 9, 2, 3, 4, 5, 6, 13, 20, 27, 34, 41]
[00:00:00:01:993] ! Bidirectional. expansions: 1,002, time: 1,699 [ms], path length: 29 [edges], g_F: 12, g_B: 17, generated: {'F': 563, 'B': 1,177}, MM: 5, MMPER: 15.666666666666668%
[00:00:00:01:994] 
---------- SM_Grids/6x7_grid_with_random_blocks_12per_7 ----------
[00:00:00:00:741] Path of length 33 found: [0, 1, 8, 7, 14, 21, 28, 35, 36, 29, 22, 15, 16, 9, 10, 3, 4, 11, 12, 5, 6, 13, 20, 27, 26, 25, 24, 31, 38, 39, 32, 33, 34, 41]
[00:00:00:00:741] ! Unidirectional s-t. expansions: 1,097, time: 741 [ms], path length: 33 [edges], generated: 1,831
[00:00:00:00:454] Path of length 33 found: [41, 34, 27, 20, 13, 6, 5, 12, 11, 4, 3, 10, 9, 8, 15, 16, 23, 24, 25, 26, 33, 32, 31, 38, 37, 36, 35, 28, 29, 22, 21, 14, 7, 0]
[00:00:00:00:454] ! Unidirectional t-s. expansions: 749, time: 454 [ms], path length: 33 [edges], generated: 1,253
[00:00:00:03:448] Path of length 33 found: [0, 1, 8, 7, 14, 21, 28, 35, 36, 37, 38, 39, 32, 33, 26, 25, 24, 23, 22, 15, 16, 9, 10, 3, 4, 11, 12, 5, 6, 13, 20, 27, 34, 41]
[00:00:00:03:765] ! Bidirectional. expansions: 2,501, time: 3,448 [ms], path length: 33 [edges], g_F: 21, g_B: 12, generated: {'F': 2,520, 'B': 1,810}, MM: 9, MMPER: 25.470588235294116%
[00:00:00:03:766] 
---------- SM_Grids/6x7_grid_with_random_blocks_12per_8 ----------
[00:00:00:00:071] Path of length 33 found: [0, 7, 8, 15, 14, 21, 22, 29, 36, 37, 30, 23, 16, 17, 10, 3, 4, 5, 6, 13, 12, 19, 18, 25, 24, 31, 38, 39, 32, 33, 26, 27, 34, 41]
[00:00:00:00:071] ! Unidirectional s-t. expansions: 108, time: 71 [ms], path length: 33 [edges], generated: 183
[00:00:00:00:135] Path of length 33 found: [41, 34, 27, 20, 13, 6, 5, 4, 3, 10, 17, 16, 23, 30, 31, 24, 25, 18, 19, 26, 33, 32, 39, 38, 37, 36, 29, 22, 21, 14, 15, 8, 7, 0]
[00:00:00:00:135] ! Unidirectional t-s. expansions: 181, time: 135 [ms], path length: 33 [edges], generated: 323
[00:00:00:00:404] Path of length 33 found: [0, 7, 8, 15, 14, 21, 22, 29, 36, 37, 30, 31, 38, 39, 32, 33, 26, 19, 18, 25, 24, 23, 16, 17, 10, 3, 4, 5, 6, 13, 20, 27, 34, 41]
[00:00:00:00:699] ! Bidirectional. expansions: 328, time: 404 [ms], path length: 33 [edges], g_F: 21, g_B: 12, generated: {'F': 381, 'B': 217}, MM: 9, MMPER: 25.470588235294116%
[00:00:00:00:699] 
---------- SM_Grids/6x7_grid_with_random_blocks_12per_9 ----------
[00:00:00:00:179] Path of length 33 found: [0, 7, 14, 21, 28, 29, 22, 15, 16, 9, 2, 3, 10, 17, 24, 31, 30, 37, 38, 39, 32, 25, 18, 11, 4, 5, 12, 13, 20, 27, 34, 33, 40, 41]
[00:00:00:00:179] ! Unidirectional s-t. expansions: 270, time: 179 [ms], path length: 33 [edges], generated: 462
[00:00:00:00:542] Path of length 33 found: [41, 34, 27, 20, 13, 6, 5, 12, 11, 4, 3, 2, 9, 10, 17, 18, 25, 24, 31, 32, 33, 40, 39, 38, 37, 30, 29, 28, 21, 22, 15, 14, 7, 0]
[00:00:00:00:542] ! Unidirectional t-s. expansions: 738, time: 542 [ms], path length: 33 [edges], generated: 1,258
[00:00:00:01:109] Path of length 33 found: [0, 7, 14, 15, 22, 21, 28, 29, 30, 37, 38, 39, 40, 33, 32, 31, 24, 25, 18, 17, 10, 9, 2, 3, 4, 11, 12, 5, 6, 13, 20, 27, 34, 41]
[00:00:00:01:405] ! Bidirectional. expansions: 802, time: 1,109 [ms], path length: 33 [edges], g_F: 21, g_B: 12, generated: {'F': 313, 'B': 1,065}, MM: 9, MMPER: 25.470588235294116%

[00:00:00:01:405] average expansions: (511, 340, 1,050, 0)
[00:00:00:01:405] average time: (347, 223, 1,491, 0)
[00:00:00:01:405] X-DFBnB: 340 , 223 (expansions , time[ms])
[00:00:00:01:405] BiX-DFBnB: 1,050 , 1,491 (expansions , time[ms])

--------------------------
date: SM_Grids
number_of_graphs: 10
graph_type: grid
size_of_graphs: [6, 7]
heuristic: bcc_heuristic
snake: False
run_uni: True
run_bi: True
run_multi: False
solution_vertices: []
algorithms: ['DFBnB']
bsd: False
cube_first_dims: 4
cube_buffer_dim: None
backward_sym_generation: False
sym_coil: False
prefix_set: None

---------- SM_Grids/6x7_grid_with_random_blocks_12per_0 ----------
[00:00:00:00:022] Path of length 35 found: [0, 1, 8, 7, 14, 21, 28, 29, 36, 37, 30, 23, 22, 15, 16, 9, 10, 3, 4, 5, 12, 11, 18, 17, 24, 31, 38, 39, 32, 25, 26, 27, 34, 33, 40, 41]
[00:00:00:00:022] ! Unidirectional s-t. expansions: 35, time: 22 [ms], path length: 35 [edges], generated: 58
[00:00:00:00:038] Path of length 35 found: [41, 34, 27, 26, 25, 18, 11, 12, 5, 4, 3, 10, 9, 16, 17, 24, 23, 30, 31, 32, 33, 40, 39, 38, 37, 36, 29, 28, 21, 22, 15, 14, 7, 8, 1, 0]
[00:00:00:00:038] ! Unidirectional t-s. expansions: 78, time: 38 [ms], path length: 35 [edges], generated: 128
[00:00:00:00:111] Path of length 35 found: [0, 1, 8, 7, 14, 15, 22, 21, 28, 29, 36, 37, 38, 39, 40, 33, 32, 31, 30, 23, 24, 17, 16, 9, 10, 3, 4, 5, 12, 11, 18, 25, 26, 27, 34, 41]
[00:00:00:00:426] ! Bidirectional. expansions: 102, time: 111 [ms], path length: 35 [edges], g_F: 18, g_B: 17, generated: {'F': 95, 'B': 101}, MM: 1, MMPER: 1.7777777777777777%
[00:00:00:00:427] 
---------- SM_Grids/6x7_grid_with_random_blocks_12per_1 ----------
[00:00:00:00:716] Path of length 31 found: [0, 7, 14, 21, 28, 35, 36, 29, 22, 15, 8, 1, 2, 9, 10, 17, 16, 23, 30, 37, 38, 39, 32, 33, 26, 19, 12, 13, 20, 27, 34, 41]
[00:00:00:00:716] ! Unidirectional s-t. expansions: 978, time: 716 [ms], path length: 31 [edges], generated: 1,644
[00:00:00:00:120] Path of length 31 found: [41, 34, 27, 20, 13, 12, 19, 26, 33, 32, 39, 38, 37, 30, 23, 24, 17, 10, 9, 2, 1, 8, 15, 22, 29, 36, 35, 28, 21, 14, 7, 0]
[00:00:00:00:120] ! Unidirectional t-s. expansions: 186, time: 120 [ms], path length: 31 [edges], generated: 350
[00:00:00:03:447] Path of length 31 found: [0, 7, 14, 21, 28, 35, 36, 29, 22, 15, 8, 1, 2, 9, 10, 17, 16, 23, 30, 37, 38, 39, 32, 33, 26, 19, 12, 13, 20, 27, 34, 41]
[00:00:00:03:763] ! Bidirectional. expansions: 2,202, time: 3,447 [ms], path length: 31 [edges], g_F: 17, g_B: 14, generated: {'F': 2,672, 'B': 1,282}, MM: 3, MMPER: 8.375%
[00:00:00:03:763] 
---------- SM_Grids/6x7_grid_with_random_blocks_12per_2 ----------
[00:00:00:01:191] Path of length 33 found: [0, 7, 14, 21, 28, 35, 36, 37, 30, 29, 22, 15, 8, 1, 2, 3, 10, 9, 16, 23, 24, 31, 32, 25, 18, 11, 12, 13, 20, 19, 26, 27, 34, 41]
[00:00:00:01:192] ! Unidirectional s-t. expansions: 1,874, time: 1,191 [ms], path length: 33 [edges], generated: 3,351
[00:00:00:00:173] Path of length 33 found: [41, 40, 39, 32, 25, 18, 19, 26, 27, 20, 13, 12, 11, 10, 3, 2, 1, 8, 9, 16, 15, 22, 23, 24, 31, 30, 37, 36, 29, 28, 21, 14, 7, 0]
[00:00:00:00:173] ! Unidirectional t-s. expansions: 319, time: 173 [ms], path length: 33 [edges], generated: 548
[00:00:00:02:555] Path of length 33 found: [0, 7, 14, 21, 28, 35, 36, 37, 30, 29, 22, 15, 8, 1, 2, 3, 10, 9, 16, 23, 24, 31, 32, 25, 18, 11, 12, 13, 20, 19, 26, 27, 34, 41]
[00:00:00:02:847] ! Bidirectional. expansions: 1,893, time: 2,555 [ms], path length: 33 [edges], g_F: 33, g_B: 0, generated: {'F': 2,957, 'B': 337}, MM: 33, MMPER: 96.05882352941177%
[00:00:00:02:848] 
---------- SM_Grids/6x7_grid_with_random_blocks_12per_3 ----------
[00:00:00:00:209] Path of length 33 found: [0, 1, 2, 9, 16, 15, 22, 21, 28, 35, 36, 29, 30, 23, 24, 17, 10, 3, 4, 5, 6, 13, 12, 11, 18, 19, 26, 27, 34, 33, 32, 39, 40, 41]
[00:00:00:00:209] ! Unidirectional s-t. expansions: 297, time: 209 [ms], path length: 33 [edges], generated: 520
[00:00:00:00:203] Path of length 33 found: [41, 34, 27, 26, 33, 40, 39, 32, 31, 24, 23, 30, 37, 36, 35, 28, 21, 22, 15, 16, 9, 10, 17, 18, 19, 12, 13, 6, 5, 4, 3, 2, 1, 0]
[00:00:00:00:204] ! Unidirectional t-s. expansions: 335, time: 203 [ms], path length: 33 [edges], generated: 586
[00:00:00:00:780] Path of length 33 found: [0, 1, 2, 9, 10, 3, 4, 5, 6, 13, 12, 11, 18, 17, 16, 15, 22, 21, 28, 35, 36, 37, 30, 23, 24, 31, 32, 39, 40, 33, 26, 27, 34, 41]
[00:00:00:01:075] ! Bidirectional. expansions: 685, time: 780 [ms], path length: 33 [edges], g_F: 17, g_B: 16, generated: {'F': 716, 'B': 475}, MM: 1, MMPER: 1.9411764705882355%
[00:00:00:01:076] 
---------- SM_Grids/6x7_grid_with_random_blocks_12per_4 ----------
[00:00:00:00:183] Path of length 33 found: [0, 7, 14, 21, 28, 35, 36, 37, 38, 31, 24, 23, 16, 15, 8, 1, 2, 9, 10, 3, 4, 11, 18, 25, 32, 39, 40, 33, 26, 19, 20, 27, 34, 41]
[00:00:00:00:183] ! Unidirectional s-t. expansions: 230, time: 183 [ms], path length: 33 [edges], generated: 361
[00:00:00:00:147] Path of length 33 found: [41, 34, 27, 20, 19, 18, 11, 4, 3, 10, 9, 2, 1, 8, 15, 16, 23, 24, 31, 32, 25, 26, 33, 40, 39, 38, 37, 36, 29, 28, 21, 14, 7, 0]
[00:00:00:00:147] ! Unidirectional t-s. expansions: 219, time: 147 [ms], path length: 33 [edges], generated: 353
[00:00:00:01:168] Path of length 33 found: [0, 7, 14, 21, 28, 35, 36, 37, 38, 39, 40, 33, 26, 25, 32, 31, 24, 23, 16, 15, 8, 1, 2, 9, 10, 3, 4, 11, 18, 19, 20, 27, 34, 41]
[00:00:00:01:473] ! Bidirectional. expansions: 832, time: 1,168 [ms], path length: 33 [edges], g_F: 6, g_B: 27, generated: {'F': 672, 'B': 761}, MM: 21, MMPER: 60.76470588235294%
[00:00:00:01:474] 
---------- SM_Grids/6x7_grid_with_random_blocks_12per_5 ----------
[00:00:00:00:063] Path of length 35 found: [0, 1, 8, 15, 14, 21, 22, 29, 28, 35, 36, 37, 38, 31, 24, 23, 16, 9, 2, 3, 10, 11, 18, 25, 32, 39, 40, 33, 26, 19, 12, 13, 20, 27, 34, 41]
[00:00:00:00:063] ! Unidirectional s-t. expansions: 114, time: 63 [ms], path length: 35 [edges], generated: 193
[00:00:00:00:023] Path of length 35 found: [41, 34, 27, 20, 13, 12, 11, 10, 3, 2, 9, 16, 23, 24, 31, 32, 25, 18, 19, 26, 33, 40, 39, 38, 37, 36, 35, 28, 29, 22, 21, 14, 15, 8, 1, 0]
[00:00:00:00:023] ! Unidirectional t-s. expansions: 35, time: 23 [ms], path length: 35 [edges], generated: 55
[00:00:00:00:179] Path of length 35 found: [0, 1, 8, 15, 14, 21, 22, 29, 28, 35, 36, 37, 38, 31, 24, 23, 16, 9, 2, 3, 10, 11, 18, 25, 32, 39, 40, 33, 26, 19, 12, 13, 20, 27, 34, 41]
[00:00:00:00:468] ! Bidirectional. expansions: 150, time: 179 [ms], path length: 35 [edges], g_F: 30, g_B: 5, generated: {'F': 113, 'B': 153}, MM: 25, MMPER: 68.44444444444444%
[00:00:00:00:468] 
---------- SM_Grids/6x7_grid_with_random_blocks_12per_6 ----------
[00:00:00:00:079] Path of length 29 found: [0, 7, 8, 15, 22, 23, 24, 17, 10, 9, 2, 3, 4, 11, 12, 5, 6, 13, 20, 19, 26, 25, 32, 31, 38, 39, 40, 33, 34, 41]
[00:00:00:00:079] ! Unidirectional s-t. expansions: 104, time: 79 [ms], path length: 29 [edges], generated: 179
[00:00:00:00:382] Path of length 29 found: [41, 34, 27, 20, 13, 6, 5, 4, 3, 2, 9, 10, 11, 12, 19, 26, 25, 32, 33, 40, 39, 38, 31, 24, 23, 22, 15, 8, 1, 0]
[00:00:00:00:382] ! Unidirectional t-s. expansions: 559, time: 382 [ms], path length: 29 [edges], generated: 961
[00:00:00:01:667] Path of length 29 found: [0, 7, 8, 15, 22, 23, 24, 31, 38, 39, 40, 33, 32, 25, 26, 19, 12, 11, 10, 9, 2, 3, 4, 5, 6, 13, 20, 27, 34, 41]
[00:00:00:01:954] ! Bidirectional. expansions: 1,002, time: 1,667 [ms], path length: 29 [edges], g_F: 12, g_B: 17, generated: {'F': 563, 'B': 1,177}, MM: 5, MMPER: 15.666666666666668%
[00:00:00:01:954] 
---------- SM_Grids/6x7_grid_with_random_blocks_12per_7 ----------
[00:00:00:00:723] Path of length 33 found: [0, 1, 8, 7, 14, 21, 28, 35, 36, 29, 22, 15, 16, 9, 10, 3, 4, 11, 12, 5, 6, 13, 20, 27, 26, 25, 24, 31, 38, 39, 32, 33, 34, 41]
[00:00:00:00:724] ! Unidirectional s-t. expansions: 1,097, time: 723 [ms], path length: 33 [edges], generated: 1,831
[00:00:00:00:441] Path of length 33 found: [41, 34, 27, 20, 13, 6, 5, 12, 11, 4, 3, 10, 9, 8, 15, 16, 23, 24, 25, 26, 33, 32, 31, 38, 37, 36, 35, 28, 29, 22, 21, 14, 7, 0]
[00:00:00:00:441] ! Unidirectional t-s. expansions: 749, time: 441 [ms], path length: 33 [edges], generated: 1,253
[00:00:00:03:373] Path of length 33 found: [0, 1, 8, 7, 14, 21, 28, 35, 36, 37, 38, 39, 32, 33, 26, 25, 24, 23, 22, 15, 16, 9, 10, 3, 4, 11, 12, 5, 6, 13, 20, 27, 34, 41]
[00:00:00:03:678] ! Bidirectional. expansions: 2,501, time: 3,373 [ms], path length: 33 [edges], g_F: 21, g_B: 12, generated: {'F': 2,520, 'B': 1,810}, MM: 9, MMPER: 25.470588235294116%
[00:00:00:03:678] 
---------- SM_Grids/6x7_grid_with_random_blocks_12per_8 ----------
[00:00:00:00:070] Path of length 33 found: [0, 7, 8, 15, 14, 21, 22, 29, 36, 37, 30, 23, 16, 17, 10, 3, 4, 5, 6, 13, 12, 19, 18, 25, 24, 31, 38, 39, 32, 33, 26, 27, 34, 41]
[00:00:00:00:071] ! Unidirectional s-t. expansions: 108, time: 70 [ms], path length: 33 [edges], generated: 183
[00:00:00:00:133] Path of length 33 found: [41, 34, 27, 20, 13, 6, 5, 4, 3, 10, 17, 16, 23, 30, 31, 24, 25, 18, 19, 26, 33, 32, 39, 38, 37, 36, 29, 22, 21, 14, 15, 8, 7, 0]
[00:00:00:00:133] ! Unidirectional t-s. expansions: 181, time: 133 [ms], path length: 33 [edges], generated: 323
[00:00:00:00:401] Path of length 33 found: [0, 7, 8, 15, 14, 21, 22, 29, 36, 37, 30, 31, 38, 39, 32, 33, 26, 19, 18, 25, 24, 23, 16, 17, 10, 3, 4, 5, 6, 13, 20, 27, 34, 41]
[00:00:00:00:689] ! Bidirectional. expansions: 328, time: 401 [ms], path length: 33 [edges], g_F: 21, g_B: 12, generated: {'F': 381, 'B': 217}, MM: 9, MMPER: 25.470588235294116%
[00:00:00:00:689] 
---------- SM_Grids/6x7_grid_with_random_blocks_12per_9 ----------
[00:00:00:00:176] Path of length 33 found: [0, 7, 14, 21, 28, 29, 22, 15, 16, 9, 2, 3, 10, 17, 24, 31, 30, 37, 38, 39, 32, 25, 18, 11, 4, 5, 12, 13, 20, 27, 34, 33, 40, 41]
[00:00:00:00:176] ! Unidirectional s-t. expansions: 270, time: 176 [ms], path length: 33 [edges], generated: 462
[00:00:00:00:522] Path of length 33 found: [41, 34, 27, 20, 13, 6, 5, 12, 11, 4, 3, 2, 9, 10, 17, 18, 25, 24, 31, 32, 33, 40, 39, 38, 37, 30, 29, 28, 21, 22, 15, 14, 7, 0]
[00:00:00:00:522] ! Unidirectional t-s. expansions: 738, time: 522 [ms], path length: 33 [edges], generated: 1,258
[00:00:00:01:087] Path of length 33 found: [0, 7, 14, 15, 22, 21, 28, 29, 30, 37, 38, 39, 40, 33, 32, 31, 24, 25, 18, 17, 10, 9, 2, 3, 4, 11, 12, 5, 6, 13, 20, 27, 34, 41]
[00:00:00:01:371] ! Bidirectional. expansions: 802, time: 1,087 [ms], path length: 33 [edges], g_F: 21, g_B: 12, generated: {'F': 313, 'B': 1,065}, MM: 9, MMPER: 25.470588235294116%

[00:00:00:01:371] average expansions: (511, 340, 1,050, 0)
[00:00:00:01:371] average time: (343, 218, 1,477, 0)
[00:00:00:01:372] X-DFBnB: 340 , 218 (expansions , time[ms])
[00:00:00:01:372] BiX-DFBnB: 1,050 , 1,477 (expansions , time[ms])

--------------------------
date: SM_Grids
number_of_graphs: 10
graph_type: grid
size_of_graphs: [6, 7]
heuristic: bcc_heuristic
snake: False
run_uni: True
run_bi: True
run_multi: False
solution_vertices: []
algorithms: ['DFBnB']
bsd: False
cube_first_dims: 4
cube_buffer_dim: None
backward_sym_generation: False
sym_coil: False
prefix_set: None

---------- SM_Grids/6x7_grid_with_random_blocks_12per_0 ----------
[00:00:00:00:022] Path of length 35 found: [0, 1, 8, 7, 14, 21, 28, 29, 36, 37, 30, 23, 22, 15, 16, 9, 10, 3, 4, 5, 12, 11, 18, 17, 24, 31, 38, 39, 32, 25, 26, 27, 34, 33, 40, 41]
[00:00:00:00:022] ! Unidirectional s-t. expansions: 35, time: 22 [ms], path length: 35 [edges], generated: 58
[00:00:00:00:038] Path of length 35 found: [41, 34, 27, 26, 25, 18, 11, 12, 5, 4, 3, 10, 9, 16, 17, 24, 23, 30, 31, 32, 33, 40, 39, 38, 37, 36, 29, 28, 21, 22, 15, 14, 7, 8, 1, 0]
[00:00:00:00:039] ! Unidirectional t-s. expansions: 78, time: 38 [ms], path length: 35 [edges], generated: 128
[00:00:00:00:109] Path of length 35 found: [0, 1, 8, 7, 14, 15, 22, 21, 28, 29, 36, 37, 38, 39, 40, 33, 32, 31, 30, 23, 24, 17, 16, 9, 10, 3, 4, 5, 12, 11, 18, 25, 26, 27, 34, 41]
[00:00:00:00:426] ! Bidirectional. expansions: 102, time: 109 [ms], path length: 35 [edges], g_F: 18, g_B: 17, generated: {'F': 95, 'B': 101}, MM: 1, MMPER: 1.7777777777777777%
[00:00:00:00:426] 
---------- SM_Grids/6x7_grid_with_random_blocks_12per_1 ----------
[00:00:00:00:749] Path of length 31 found: [0, 7, 14, 21, 28, 35, 36, 29, 22, 15, 8, 1, 2, 9, 10, 17, 16, 23, 30, 37, 38, 39, 32, 33, 26, 19, 12, 13, 20, 27, 34, 41]
[00:00:00:00:749] ! Unidirectional s-t. expansions: 978, time: 749 [ms], path length: 31 [edges], generated: 1,644
[00:00:00:00:124] Path of length 31 found: [41, 34, 27, 20, 13, 12, 19, 26, 33, 32, 39, 38, 37, 30, 23, 24, 17, 10, 9, 2, 1, 8, 15, 22, 29, 36, 35, 28, 21, 14, 7, 0]
[00:00:00:00:125] ! Unidirectional t-s. expansions: 186, time: 124 [ms], path length: 31 [edges], generated: 350
[00:00:00:03:530] Path of length 31 found: [0, 7, 14, 21, 28, 35, 36, 29, 22, 15, 8, 1, 2, 9, 10, 17, 16, 23, 30, 37, 38, 39, 32, 33, 26, 19, 12, 13, 20, 27, 34, 41]
[00:00:00:03:854] ! Bidirectional. expansions: 2,202, time: 3,530 [ms], path length: 31 [edges], g_F: 17, g_B: 14, generated: {'F': 2,672, 'B': 1,282}, MM: 3, MMPER: 8.375%
[00:00:00:03:854] 
---------- SM_Grids/6x7_grid_with_random_blocks_12per_2 ----------
[00:00:00:01:194] Path of length 33 found: [0, 7, 14, 21, 28, 35, 36, 37, 30, 29, 22, 15, 8, 1, 2, 3, 10, 9, 16, 23, 24, 31, 32, 25, 18, 11, 12, 13, 20, 19, 26, 27, 34, 41]
[00:00:00:01:195] ! Unidirectional s-t. expansions: 1,874, time: 1,195 [ms], path length: 33 [edges], generated: 3,351
[00:00:00:00:175] Path of length 33 found: [41, 40, 39, 32, 25, 18, 19, 26, 27, 20, 13, 12, 11, 10, 3, 2, 1, 8, 9, 16, 15, 22, 23, 24, 31, 30, 37, 36, 29, 28, 21, 14, 7, 0]
[00:00:00:00:175] ! Unidirectional t-s. expansions: 319, time: 175 [ms], path length: 33 [edges], generated: 548
[00:00:00:02:586] Path of length 33 found: [0, 7, 14, 21, 28, 35, 36, 37, 30, 29, 22, 15, 8, 1, 2, 3, 10, 9, 16, 23, 24, 31, 32, 25, 18, 11, 12, 13, 20, 19, 26, 27, 34, 41]
[00:00:00:02:880] ! Bidirectional. expansions: 1,893, time: 2,586 [ms], path length: 33 [edges], g_F: 33, g_B: 0, generated: {'F': 2,957, 'B': 337}, MM: 33, MMPER: 96.05882352941177%
[00:00:00:02:880] 
---------- SM_Grids/6x7_grid_with_random_blocks_12per_3 ----------
[00:00:00:00:213] Path of length 33 found: [0, 1, 2, 9, 16, 15, 22, 21, 28, 35, 36, 29, 30, 23, 24, 17, 10, 3, 4, 5, 6, 13, 12, 11, 18, 19, 26, 27, 34, 33, 32, 39, 40, 41]
[00:00:00:00:213] ! Unidirectional s-t. expansions: 297, time: 213 [ms], path length: 33 [edges], generated: 520
[00:00:00:00:205] Path of length 33 found: [41, 34, 27, 26, 33, 40, 39, 32, 31, 24, 23, 30, 37, 36, 35, 28, 21, 22, 15, 16, 9, 10, 17, 18, 19, 12, 13, 6, 5, 4, 3, 2, 1, 0]
[00:00:00:00:206] ! Unidirectional t-s. expansions: 335, time: 205 [ms], path length: 33 [edges], generated: 586
[00:00:00:00:788] Path of length 33 found: [0, 1, 2, 9, 10, 3, 4, 5, 6, 13, 12, 11, 18, 17, 16, 15, 22, 21, 28, 35, 36, 37, 30, 23, 24, 31, 32, 39, 40, 33, 26, 27, 34, 41]
[00:00:00:01:093] ! Bidirectional. expansions: 685, time: 788 [ms], path length: 33 [edges], g_F: 17, g_B: 16, generated: {'F': 716, 'B': 475}, MM: 1, MMPER: 1.9411764705882355%
[00:00:00:01:093] 
---------- SM_Grids/6x7_grid_with_random_blocks_12per_4 ----------
[00:00:00:00:194] Path of length 33 found: [0, 7, 14, 21, 28, 35, 36, 37, 38, 31, 24, 23, 16, 15, 8, 1, 2, 9, 10, 3, 4, 11, 18, 25, 32, 39, 40, 33, 26, 19, 20, 27, 34, 41]
[00:00:00:00:194] ! Unidirectional s-t. expansions: 230, time: 194 [ms], path length: 33 [edges], generated: 361
[00:00:00:00:158] Path of length 33 found: [41, 34, 27, 20, 19, 18, 11, 4, 3, 10, 9, 2, 1, 8, 15, 16, 23, 24, 31, 32, 25, 26, 33, 40, 39, 38, 37, 36, 29, 28, 21, 14, 7, 0]
[00:00:00:00:158] ! Unidirectional t-s. expansions: 219, time: 158 [ms], path length: 33 [edges], generated: 353
[00:00:00:01:182] Path of length 33 found: [0, 7, 14, 21, 28, 35, 36, 37, 38, 39, 40, 33, 26, 25, 32, 31, 24, 23, 16, 15, 8, 1, 2, 9, 10, 3, 4, 11, 18, 19, 20, 27, 34, 41]
[00:00:00:01:499] ! Bidirectional. expansions: 832, time: 1,182 [ms], path length: 33 [edges], g_F: 6, g_B: 27, generated: {'F': 672, 'B': 761}, MM: 21, MMPER: 60.76470588235294%
[00:00:00:01:499] 
---------- SM_Grids/6x7_grid_with_random_blocks_12per_5 ----------
[00:00:00:00:064] Path of length 35 found: [0, 1, 8, 15, 14, 21, 22, 29, 28, 35, 36, 37, 38, 31, 24, 23, 16, 9, 2, 3, 10, 11, 18, 25, 32, 39, 40, 33, 26, 19, 12, 13, 20, 27, 34, 41]
[00:00:00:00:064] ! Unidirectional s-t. expansions: 114, time: 64 [ms], path length: 35 [edges], generated: 193
[00:00:00:00:023] Path of length 35 found: [41, 34, 27, 20, 13, 12, 11, 10, 3, 2, 9, 16, 23, 24, 31, 32, 25, 18, 19, 26, 33, 40, 39, 38, 37, 36, 35, 28, 29, 22, 21, 14, 15, 8, 1, 0]
[00:00:00:00:024] ! Unidirectional t-s. expansions: 35, time: 23 [ms], path length: 35 [edges], generated: 55
[00:00:00:00:178] Path of length 35 found: [0, 1, 8, 15, 14, 21, 22, 29, 28, 35, 36, 37, 38, 31, 24, 23, 16, 9, 2, 3, 10, 11, 18, 25, 32, 39, 40, 33, 26, 19, 12, 13, 20, 27, 34, 41]
[00:00:00:00:468] ! Bidirectional. expansions: 150, time: 178 [ms], path length: 35 [edges], g_F: 30, g_B: 5, generated: {'F': 113, 'B': 153}, MM: 25, MMPER: 68.44444444444444%
[00:00:00:00:468] 
---------- SM_Grids/6x7_grid_with_random_blocks_12per_6 ----------
[00:00:00:00:080] Path of length 29 found: [0, 7, 8, 15, 22, 23, 24, 17, 10, 9, 2, 3, 4, 11, 12, 5, 6, 13, 20, 19, 26, 25, 32, 31, 38, 39, 40, 33, 34, 41]
[00:00:00:00:080] ! Unidirectional s-t. expansions: 104, time: 80 [ms], path length: 29 [edges], generated: 179
[00:00:00:00:389] Path of length 29 found: [41, 34, 27, 20, 13, 6, 5, 4, 3, 2, 9, 10, 11, 12, 19, 26, 25, 32, 33, 40, 39, 38, 31, 24, 23, 22, 15, 8, 1, 0]
[00:00:00:00:389] ! Unidirectional t-s. expansions: 559, time: 389 [ms], path length: 29 [edges], generated: 961
[00:00:00:01:675] Path of length 29 found: [0, 7, 8, 15, 22, 23, 24, 31, 38, 39, 40, 33, 32, 25, 26, 19, 12, 11, 10, 9, 2, 3, 4, 5, 6, 13, 20, 27, 34, 41]
[00:00:00:01:967] ! Bidirectional. expansions: 1,002, time: 1,675 [ms], path length: 29 [edges], g_F: 12, g_B: 17, generated: {'F': 563, 'B': 1,177}, MM: 5, MMPER: 15.666666666666668%
[00:00:00:01:967] 
---------- SM_Grids/6x7_grid_with_random_blocks_12per_7 ----------
[00:00:00:00:735] Path of length 33 found: [0, 1, 8, 7, 14, 21, 28, 35, 36, 29, 22, 15, 16, 9, 10, 3, 4, 11, 12, 5, 6, 13, 20, 27, 26, 25, 24, 31, 38, 39, 32, 33, 34, 41]
[00:00:00:00:735] ! Unidirectional s-t. expansions: 1,097, time: 735 [ms], path length: 33 [edges], generated: 1,831
[00:00:00:00:444] Path of length 33 found: [41, 34, 27, 20, 13, 6, 5, 12, 11, 4, 3, 10, 9, 8, 15, 16, 23, 24, 25, 26, 33, 32, 31, 38, 37, 36, 35, 28, 29, 22, 21, 14, 7, 0]
[00:00:00:00:444] ! Unidirectional t-s. expansions: 749, time: 444 [ms], path length: 33 [edges], generated: 1,253
[00:00:00:03:389] Path of length 33 found: [0, 1, 8, 7, 14, 21, 28, 35, 36, 37, 38, 39, 32, 33, 26, 25, 24, 23, 22, 15, 16, 9, 10, 3, 4, 11, 12, 5, 6, 13, 20, 27, 34, 41]
[00:00:00:03:701] ! Bidirectional. expansions: 2,501, time: 3,390 [ms], path length: 33 [edges], g_F: 21, g_B: 12, generated: {'F': 2,520, 'B': 1,810}, MM: 9, MMPER: 25.470588235294116%
[00:00:00:03:701] 
---------- SM_Grids/6x7_grid_with_random_blocks_12per_8 ----------
[00:00:00:00:072] Path of length 33 found: [0, 7, 8, 15, 14, 21, 22, 29, 36, 37, 30, 23, 16, 17, 10, 3, 4, 5, 6, 13, 12, 19, 18, 25, 24, 31, 38, 39, 32, 33, 26, 27, 34, 41]
[00:00:00:00:072] ! Unidirectional s-t. expansions: 108, time: 72 [ms], path length: 33 [edges], generated: 183
[00:00:00:00:143] Path of length 33 found: [41, 34, 27, 20, 13, 6, 5, 4, 3, 10, 17, 16, 23, 30, 31, 24, 25, 18, 19, 26, 33, 32, 39, 38, 37, 36, 29, 22, 21, 14, 15, 8, 7, 0]
[00:00:00:00:143] ! Unidirectional t-s. expansions: 181, time: 143 [ms], path length: 33 [edges], generated: 323
[00:00:00:00:411] Path of length 33 found: [0, 7, 8, 15, 14, 21, 22, 29, 36, 37, 30, 31, 38, 39, 32, 33, 26, 19, 18, 25, 24, 23, 16, 17, 10, 3, 4, 5, 6, 13, 20, 27, 34, 41]
[00:00:00:00:708] ! Bidirectional. expansions: 328, time: 411 [ms], path length: 33 [edges], g_F: 21, g_B: 12, generated: {'F': 381, 'B': 217}, MM: 9, MMPER: 25.470588235294116%
[00:00:00:00:708] 
---------- SM_Grids/6x7_grid_with_random_blocks_12per_9 ----------
[00:00:00:00:187] Path of length 33 found: [0, 7, 14, 21, 28, 29, 22, 15, 16, 9, 2, 3, 10, 17, 24, 31, 30, 37, 38, 39, 32, 25, 18, 11, 4, 5, 12, 13, 20, 27, 34, 33, 40, 41]
[00:00:00:00:188] ! Unidirectional s-t. expansions: 270, time: 187 [ms], path length: 33 [edges], generated: 462
[00:00:00:00:542] Path of length 33 found: [41, 34, 27, 20, 13, 6, 5, 12, 11, 4, 3, 2, 9, 10, 17, 18, 25, 24, 31, 32, 33, 40, 39, 38, 37, 30, 29, 28, 21, 22, 15, 14, 7, 0]
[00:00:00:00:542] ! Unidirectional t-s. expansions: 738, time: 542 [ms], path length: 33 [edges], generated: 1,258
[00:00:00:01:099] Path of length 33 found: [0, 7, 14, 15, 22, 21, 28, 29, 30, 37, 38, 39, 40, 33, 32, 31, 24, 25, 18, 17, 10, 9, 2, 3, 4, 11, 12, 5, 6, 13, 20, 27, 34, 41]
[00:00:00:01:390] ! Bidirectional. expansions: 802, time: 1,099 [ms], path length: 33 [edges], g_F: 21, g_B: 12, generated: {'F': 313, 'B': 1,065}, MM: 9, MMPER: 25.470588235294116%

[00:00:00:01:391] average expansions: (511, 340, 1,050, 0)
[00:00:00:01:391] average time: (351, 224, 1,495, 0)
[00:00:00:01:391] X-DFBnB: 340 , 224 (expansions , time[ms])
[00:00:00:01:391] BiX-DFBnB: 1,050 , 1,495 (expansions , time[ms])

