Fri 20 Mar 2026 13:00:28 IST

SLURM_JOBID:		 16224747
SLURM_JOB_NODELIST:	 ise-cpu256-03 

--------------------------
date: SM_Grids
number_of_graphs: 10
graph_type: grid
size_of_graphs: [6, 7]
heuristic: bcc_heuristic
snake: False
run_uni: True
run_bi: True
run_multi: False
solution_vertices: []
algorithms: ['DFBnB']
bsd: False
cube_first_dims: 4
cube_buffer_dim: None
backward_sym_generation: False
sym_coil: False
prefix_set: None

---------- SM_Grids/6x7_grid_with_random_blocks_16per_0 ----------
[00:00:00:00:457] Path of length 31 found: [0, 7, 14, 21, 28, 35, 36, 29, 22, 15, 8, 1, 2, 3, 10, 9, 16, 23, 30, 37, 38, 39, 32, 31, 24, 25, 18, 19, 26, 27, 34, 41]
[00:00:00:00:457] ! Unidirectional s-t. expansions: 891, time: 457 [ms], path length: 31 [edges], generated: 1,527
[00:00:00:00:020] Path of length 31 found: [41, 34, 27, 20, 19, 18, 25, 24, 23, 16, 9, 10, 3, 2, 1, 8, 15, 22, 29, 30, 31, 32, 39, 38, 37, 36, 35, 28, 21, 14, 7, 0]
[00:00:00:00:021] ! Unidirectional t-s. expansions: 31, time: 20 [ms], path length: 31 [edges], generated: 51
[00:00:00:01:100] Path of length 31 found: [0, 7, 14, 21, 28, 35, 36, 29, 22, 15, 8, 1, 2, 3, 10, 9, 16, 23, 30, 37, 38, 39, 32, 31, 24, 25, 18, 19, 26, 27, 34, 41]
[00:00:00:01:423] ! Bidirectional. expansions: 971, time: 1,100 [ms], path length: 31 [edges], g_F: 29, g_B: 2, generated: {'F': 1,464, 'B': 164}, MM: 27, MMPER: 83.375%
[00:00:00:01:424] 
---------- SM_Grids/6x7_grid_with_random_blocks_16per_1 ----------
[00:00:00:00:123] Path of length 27 found: [0, 7, 14, 21, 28, 35, 36, 29, 22, 15, 8, 1, 2, 9, 16, 17, 18, 25, 24, 23, 30, 37, 38, 39, 32, 33, 34, 41]
[00:00:00:00:123] ! Unidirectional s-t. expansions: 150, time: 123 [ms], path length: 27 [edges], generated: 270
[00:00:00:00:019] Path of length 27 found: [41, 34, 33, 26, 25, 32, 39, 38, 37, 30, 23, 24, 17, 16, 9, 2, 1, 8, 15, 22, 29, 36, 35, 28, 21, 14, 7, 0]
[00:00:00:00:019] ! Unidirectional t-s. expansions: 27, time: 19 [ms], path length: 27 [edges], generated: 43
[00:00:00:00:299] Path of length 27 found: [0, 7, 14, 21, 28, 35, 36, 29, 22, 15, 8, 1, 2, 9, 16, 17, 24, 23, 30, 37, 38, 39, 32, 25, 26, 33, 34, 41]
[00:00:00:00:601] ! Bidirectional. expansions: 152, time: 299 [ms], path length: 27 [edges], g_F: 23, g_B: 4, generated: {'F': 223, 'B': 43}, MM: 19, MMPER: 66.85714285714286%
[00:00:00:00:601] 
---------- SM_Grids/6x7_grid_with_random_blocks_16per_2 ----------
[00:00:00:00:168] Path of length 33 found: [0, 1, 2, 9, 16, 23, 22, 15, 14, 21, 28, 29, 36, 37, 30, 31, 38, 39, 40, 33, 26, 25, 24, 17, 18, 11, 4, 5, 6, 13, 20, 27, 34, 41]
[00:00:00:00:169] ! Unidirectional s-t. expansions: 265, time: 168 [ms], path length: 33 [edges], generated: 465
[00:00:00:00:257] Path of length 33 found: [41, 34, 27, 20, 13, 6, 5, 4, 11, 18, 19, 26, 33, 40, 39, 38, 31, 30, 37, 36, 29, 28, 21, 14, 15, 22, 23, 24, 17, 16, 9, 2, 1, 0]
[00:00:00:00:257] ! Unidirectional t-s. expansions: 400, time: 257 [ms], path length: 33 [edges], generated: 658
[00:00:00:00:545] Path of length 33 found: [0, 1, 2, 9, 16, 17, 24, 23, 22, 15, 14, 21, 28, 29, 36, 37, 30, 31, 38, 39, 40, 33, 26, 19, 18, 11, 4, 5, 6, 13, 20, 27, 34, 41]
[00:00:00:00:883] ! Bidirectional. expansions: 404, time: 546 [ms], path length: 33 [edges], g_F: 21, g_B: 12, generated: {'F': 155, 'B': 511}, MM: 9, MMPER: 25.470588235294116%
[00:00:00:00:883] 
---------- SM_Grids/6x7_grid_with_random_blocks_16per_3 ----------
[00:00:00:00:384] Path of length 29 found: [0, 7, 14, 21, 28, 35, 36, 37, 38, 31, 24, 17, 16, 23, 22, 15, 8, 1, 2, 3, 4, 11, 12, 5, 6, 13, 20, 27, 34, 41]
[00:00:00:00:384] ! Unidirectional s-t. expansions: 565, time: 384 [ms], path length: 29 [edges], generated: 914
[00:00:00:00:151] Path of length 29 found: [41, 34, 27, 20, 13, 6, 5, 12, 11, 4, 3, 2, 1, 8, 9, 16, 17, 24, 31, 38, 37, 36, 35, 28, 29, 22, 15, 14, 7, 0]
[00:00:00:00:152] ! Unidirectional t-s. expansions: 257, time: 151 [ms], path length: 29 [edges], generated: 443
[00:00:00:01:529] Path of length 29 found: [0, 7, 14, 21, 28, 35, 36, 37, 38, 31, 24, 23, 22, 15, 16, 9, 8, 1, 2, 3, 4, 11, 12, 5, 6, 13, 20, 27, 34, 41]
[00:00:00:01:834] ! Bidirectional. expansions: 1,183, time: 1,529 [ms], path length: 29 [edges], g_F: 12, g_B: 17, generated: {'F': 936, 'B': 1,058}, MM: 5, MMPER: 15.666666666666668%
[00:00:00:01:835] 
---------- SM_Grids/6x7_grid_with_random_blocks_16per_4 ----------
[00:00:00:00:152] Path of length 33 found: [0, 7, 8, 15, 22, 23, 30, 29, 36, 37, 38, 31, 32, 39, 40, 33, 26, 25, 18, 17, 16, 9, 10, 3, 4, 11, 12, 5, 6, 13, 20, 27, 34, 41]
[00:00:00:00:152] ! Unidirectional s-t. expansions: 240, time: 152 [ms], path length: 33 [edges], generated: 413
[00:00:00:00:196] Path of length 33 found: [41, 34, 27, 20, 13, 6, 5, 12, 11, 4, 3, 10, 9, 16, 17, 18, 25, 26, 33, 40, 39, 32, 31, 38, 37, 36, 29, 30, 23, 22, 15, 8, 1, 0]
[00:00:00:00:196] ! Unidirectional t-s. expansions: 279, time: 196 [ms], path length: 33 [edges], generated: 444
[00:00:00:00:407] Path of length 33 found: [0, 7, 8, 15, 22, 23, 30, 29, 36, 37, 38, 31, 32, 39, 40, 33, 26, 25, 18, 17, 16, 9, 10, 3, 4, 11, 12, 5, 6, 13, 20, 27, 34, 41]
[00:00:00:00:710] ! Bidirectional. expansions: 279, time: 407 [ms], path length: 33 [edges], g_F: 2, g_B: 31, generated: {'F': 43, 'B': 390}, MM: 29, MMPER: 84.29411764705883%
[00:00:00:00:710] 
---------- SM_Grids/6x7_grid_with_random_blocks_16per_5 ----------
[00:00:00:00:063] Path of length 31 found: [0, 7, 14, 21, 28, 29, 22, 15, 8, 1, 2, 3, 10, 17, 16, 23, 30, 31, 24, 25, 18, 11, 4, 5, 12, 19, 26, 27, 34, 33, 40, 41]
[00:00:00:00:063] ! Unidirectional s-t. expansions: 31, time: 63 [ms], path length: 31 [edges], generated: 52
[00:00:00:00:023] Path of length 31 found: [41, 40, 33, 34, 27, 26, 19, 12, 5, 4, 3, 2, 1, 8, 15, 22, 23, 16, 17, 10, 11, 18, 25, 24, 31, 30, 29, 28, 21, 14, 7, 0]
[00:00:00:00:023] ! Unidirectional t-s. expansions: 31, time: 23 [ms], path length: 31 [edges], generated: 52
[00:00:00:00:045] Path of length 31 found: [0, 7, 14, 21, 28, 29, 22, 15, 8, 1, 2, 3, 10, 17, 16, 23, 30, 31, 24, 25, 18, 11, 4, 5, 12, 19, 26, 27, 34, 33, 40, 41]
[00:00:00:00:353] ! Bidirectional. expansions: 31, time: 45 [ms], path length: 31 [edges], g_F: 29, g_B: 2, generated: {'F': 49, 'B': 4}, MM: 27, MMPER: 83.375%
[00:00:00:00:354] 
---------- SM_Grids/6x7_grid_with_random_blocks_16per_6 ----------
[00:00:00:00:033] Path of length 33 found: [0, 1, 8, 7, 14, 21, 22, 15, 16, 23, 30, 37, 38, 39, 32, 25, 24, 17, 18, 11, 10, 3, 4, 5, 12, 13, 20, 19, 26, 27, 34, 33, 40, 41]
[00:00:00:00:033] ! Unidirectional s-t. expansions: 56, time: 33 [ms], path length: 33 [edges], generated: 91
[00:00:00:00:023] Path of length 33 found: [41, 34, 27, 20, 13, 12, 5, 4, 3, 10, 11, 18, 19, 26, 25, 32, 33, 40, 39, 38, 37, 30, 23, 24, 17, 16, 15, 22, 21, 14, 7, 8, 1, 0]
[00:00:00:00:023] ! Unidirectional t-s. expansions: 33, time: 23 [ms], path length: 33 [edges], generated: 52
[00:00:00:00:202] Path of length 33 found: [0, 1, 8, 7, 14, 21, 22, 15, 16, 17, 24, 23, 30, 37, 38, 39, 40, 33, 32, 25, 26, 19, 18, 11, 10, 3, 4, 5, 12, 13, 20, 27, 34, 41]
[00:00:00:00:504] ! Bidirectional. expansions: 181, time: 203 [ms], path length: 33 [edges], g_F: 22, g_B: 11, generated: {'F': 173, 'B': 159}, MM: 11, MMPER: 31.352941176470587%
[00:00:00:00:504] 
---------- SM_Grids/6x7_grid_with_random_blocks_16per_7 ----------
[00:00:00:00:049] Path of length 31 found: [0, 7, 8, 15, 16, 9, 2, 3, 4, 5, 6, 13, 12, 11, 18, 25, 24, 23, 30, 29, 28, 35, 36, 37, 38, 31, 32, 39, 40, 33, 34, 41]
[00:00:00:00:050] ! Unidirectional s-t. expansions: 70, time: 50 [ms], path length: 31 [edges], generated: 113
[00:00:00:00:078] Path of length 31 found: [41, 34, 33, 40, 39, 32, 31, 38, 37, 36, 35, 28, 29, 30, 23, 24, 25, 18, 19, 12, 13, 6, 5, 4, 3, 2, 9, 16, 15, 8, 1, 0]
[00:00:00:00:078] ! Unidirectional t-s. expansions: 125, time: 78 [ms], path length: 31 [edges], generated: 201
[00:00:00:00:262] Path of length 31 found: [0, 7, 8, 15, 16, 9, 2, 3, 4, 5, 6, 13, 12, 19, 18, 25, 24, 23, 30, 29, 28, 35, 36, 37, 38, 31, 32, 39, 40, 33, 34, 41]
[00:00:00:00:564] ! Bidirectional. expansions: 187, time: 262 [ms], path length: 31 [edges], g_F: 12, g_B: 19, generated: {'F': 108, 'B': 207}, MM: 7, MMPER: 20.875%
[00:00:00:00:564] 
---------- SM_Grids/6x7_grid_with_random_blocks_16per_8 ----------
[00:00:00:00:199] Path of length 31 found: [0, 7, 14, 21, 22, 15, 8, 9, 2, 3, 4, 5, 6, 13, 12, 19, 18, 17, 24, 25, 32, 31, 30, 29, 36, 37, 38, 39, 40, 33, 34, 41]
[00:00:00:00:200] ! Unidirectional s-t. expansions: 243, time: 199 [ms], path length: 31 [edges], generated: 408
[00:00:00:00:228] Path of length 31 found: [41, 34, 33, 40, 39, 32, 25, 18, 19, 12, 13, 6, 5, 4, 3, 2, 9, 10, 17, 24, 31, 38, 37, 30, 29, 22, 21, 14, 15, 8, 7, 0]
[00:00:00:00:228] ! Unidirectional t-s. expansions: 386, time: 228 [ms], path length: 31 [edges], generated: 613
[00:00:00:00:667] Path of length 31 found: [0, 7, 14, 21, 22, 15, 8, 9, 2, 3, 4, 5, 6, 13, 12, 19, 18, 17, 24, 25, 32, 31, 30, 29, 36, 37, 38, 39, 40, 33, 34, 41]
[00:00:00:00:963] ! Bidirectional. expansions: 502, time: 667 [ms], path length: 31 [edges], g_F: 17, g_B: 14, generated: {'F': 299, 'B': 577}, MM: 3, MMPER: 8.375%
[00:00:00:00:963] 
---------- SM_Grids/6x7_grid_with_random_blocks_16per_9 ----------
[00:00:00:00:111] Path of length 31 found: [0, 7, 14, 21, 28, 29, 22, 15, 8, 1, 2, 9, 16, 23, 24, 31, 38, 39, 32, 25, 18, 19, 12, 5, 6, 13, 20, 27, 26, 33, 40, 41]
[00:00:00:00:112] ! Unidirectional s-t. expansions: 186, time: 111 [ms], path length: 31 [edges], generated: 327
[00:00:00:00:044] Path of length 31 found: [41, 34, 27, 20, 13, 6, 5, 12, 19, 18, 25, 26, 33, 40, 39, 32, 31, 24, 23, 16, 9, 2, 1, 8, 15, 22, 29, 28, 21, 14, 7, 0]
[00:00:00:00:044] ! Unidirectional t-s. expansions: 55, time: 44 [ms], path length: 31 [edges], generated: 95
[00:00:00:00:564] Path of length 31 found: [0, 7, 14, 21, 28, 29, 22, 15, 8, 1, 2, 9, 16, 23, 24, 31, 38, 39, 40, 33, 26, 25, 18, 19, 12, 5, 6, 13, 20, 27, 34, 41]
[00:00:00:00:859] ! Bidirectional. expansions: 380, time: 564 [ms], path length: 31 [edges], g_F: 21, g_B: 10, generated: {'F': 443, 'B': 199}, MM: 11, MMPER: 33.375%

[00:00:00:00:859] average expansions: (270, 162, 427, 0)
[00:00:00:00:859] average time: (174, 104, 562, 0)
[00:00:00:00:860] X-DFBnB: 162 , 104 (expansions , time[ms])
[00:00:00:00:860] BiX-DFBnB: 427 , 562 (expansions , time[ms])

--------------------------
date: SM_Grids
number_of_graphs: 10
graph_type: grid
size_of_graphs: [6, 7]
heuristic: bcc_heuristic
snake: False
run_uni: True
run_bi: True
run_multi: False
solution_vertices: []
algorithms: ['DFBnB']
bsd: False
cube_first_dims: 4
cube_buffer_dim: None
backward_sym_generation: False
sym_coil: False
prefix_set: None

---------- SM_Grids/6x7_grid_with_random_blocks_16per_0 ----------
[00:00:00:00:458] Path of length 31 found: [0, 7, 14, 21, 28, 35, 36, 29, 22, 15, 8, 1, 2, 3, 10, 9, 16, 23, 30, 37, 38, 39, 32, 31, 24, 25, 18, 19, 26, 27, 34, 41]
[00:00:00:00:458] ! Unidirectional s-t. expansions: 891, time: 458 [ms], path length: 31 [edges], generated: 1,527
[00:00:00:00:020] Path of length 31 found: [41, 34, 27, 20, 19, 18, 25, 24, 23, 16, 9, 10, 3, 2, 1, 8, 15, 22, 29, 30, 31, 32, 39, 38, 37, 36, 35, 28, 21, 14, 7, 0]
[00:00:00:00:020] ! Unidirectional t-s. expansions: 31, time: 20 [ms], path length: 31 [edges], generated: 51
[00:00:00:01:086] Path of length 31 found: [0, 7, 14, 21, 28, 35, 36, 29, 22, 15, 8, 1, 2, 3, 10, 9, 16, 23, 30, 37, 38, 39, 32, 31, 24, 25, 18, 19, 26, 27, 34, 41]
[00:00:00:01:406] ! Bidirectional. expansions: 971, time: 1,086 [ms], path length: 31 [edges], g_F: 29, g_B: 2, generated: {'F': 1,464, 'B': 164}, MM: 27, MMPER: 83.375%
[00:00:00:01:406] 
---------- SM_Grids/6x7_grid_with_random_blocks_16per_1 ----------
[00:00:00:00:131] Path of length 27 found: [0, 7, 14, 21, 28, 35, 36, 29, 22, 15, 8, 1, 2, 9, 16, 17, 18, 25, 24, 23, 30, 37, 38, 39, 32, 33, 34, 41]
[00:00:00:00:131] ! Unidirectional s-t. expansions: 150, time: 131 [ms], path length: 27 [edges], generated: 270
[00:00:00:00:020] Path of length 27 found: [41, 34, 33, 26, 25, 32, 39, 38, 37, 30, 23, 24, 17, 16, 9, 2, 1, 8, 15, 22, 29, 36, 35, 28, 21, 14, 7, 0]
[00:00:00:00:020] ! Unidirectional t-s. expansions: 27, time: 20 [ms], path length: 27 [edges], generated: 43
[00:00:00:00:311] Path of length 27 found: [0, 7, 14, 21, 28, 35, 36, 29, 22, 15, 8, 1, 2, 9, 16, 17, 24, 23, 30, 37, 38, 39, 32, 25, 26, 33, 34, 41]
[00:00:00:00:611] ! Bidirectional. expansions: 152, time: 311 [ms], path length: 27 [edges], g_F: 23, g_B: 4, generated: {'F': 223, 'B': 43}, MM: 19, MMPER: 66.85714285714286%
[00:00:00:00:611] 
---------- SM_Grids/6x7_grid_with_random_blocks_16per_2 ----------
[00:00:00:00:177] Path of length 33 found: [0, 1, 2, 9, 16, 23, 22, 15, 14, 21, 28, 29, 36, 37, 30, 31, 38, 39, 40, 33, 26, 25, 24, 17, 18, 11, 4, 5, 6, 13, 20, 27, 34, 41]
[00:00:00:00:177] ! Unidirectional s-t. expansions: 265, time: 177 [ms], path length: 33 [edges], generated: 465
[00:00:00:00:269] Path of length 33 found: [41, 34, 27, 20, 13, 6, 5, 4, 11, 18, 19, 26, 33, 40, 39, 38, 31, 30, 37, 36, 29, 28, 21, 14, 15, 22, 23, 24, 17, 16, 9, 2, 1, 0]
[00:00:00:00:270] ! Unidirectional t-s. expansions: 400, time: 270 [ms], path length: 33 [edges], generated: 658
[00:00:00:00:575] Path of length 33 found: [0, 1, 2, 9, 16, 17, 24, 23, 22, 15, 14, 21, 28, 29, 36, 37, 30, 31, 38, 39, 40, 33, 26, 19, 18, 11, 4, 5, 6, 13, 20, 27, 34, 41]
[00:00:00:00:902] ! Bidirectional. expansions: 404, time: 575 [ms], path length: 33 [edges], g_F: 21, g_B: 12, generated: {'F': 155, 'B': 511}, MM: 9, MMPER: 25.470588235294116%
[00:00:00:00:902] 
---------- SM_Grids/6x7_grid_with_random_blocks_16per_3 ----------
[00:00:00:00:387] Path of length 29 found: [0, 7, 14, 21, 28, 35, 36, 37, 38, 31, 24, 17, 16, 23, 22, 15, 8, 1, 2, 3, 4, 11, 12, 5, 6, 13, 20, 27, 34, 41]
[00:00:00:00:387] ! Unidirectional s-t. expansions: 565, time: 387 [ms], path length: 29 [edges], generated: 914
[00:00:00:00:159] Path of length 29 found: [41, 34, 27, 20, 13, 6, 5, 12, 11, 4, 3, 2, 1, 8, 9, 16, 17, 24, 31, 38, 37, 36, 35, 28, 29, 22, 15, 14, 7, 0]
[00:00:00:00:160] ! Unidirectional t-s. expansions: 257, time: 159 [ms], path length: 29 [edges], generated: 443
[00:00:00:01:576] Path of length 29 found: [0, 7, 14, 21, 28, 35, 36, 37, 38, 31, 24, 23, 22, 15, 16, 9, 8, 1, 2, 3, 4, 11, 12, 5, 6, 13, 20, 27, 34, 41]
[00:00:00:01:877] ! Bidirectional. expansions: 1,183, time: 1,576 [ms], path length: 29 [edges], g_F: 12, g_B: 17, generated: {'F': 936, 'B': 1,058}, MM: 5, MMPER: 15.666666666666668%
[00:00:00:01:877] 
---------- SM_Grids/6x7_grid_with_random_blocks_16per_4 ----------
[00:00:00:00:152] Path of length 33 found: [0, 7, 8, 15, 22, 23, 30, 29, 36, 37, 38, 31, 32, 39, 40, 33, 26, 25, 18, 17, 16, 9, 10, 3, 4, 11, 12, 5, 6, 13, 20, 27, 34, 41]
[00:00:00:00:152] ! Unidirectional s-t. expansions: 240, time: 152 [ms], path length: 33 [edges], generated: 413
[00:00:00:00:195] Path of length 33 found: [41, 34, 27, 20, 13, 6, 5, 12, 11, 4, 3, 10, 9, 16, 17, 18, 25, 26, 33, 40, 39, 32, 31, 38, 37, 36, 29, 30, 23, 22, 15, 8, 1, 0]
[00:00:00:00:196] ! Unidirectional t-s. expansions: 279, time: 195 [ms], path length: 33 [edges], generated: 444
[00:00:00:00:406] Path of length 33 found: [0, 7, 8, 15, 22, 23, 30, 29, 36, 37, 38, 31, 32, 39, 40, 33, 26, 25, 18, 17, 16, 9, 10, 3, 4, 11, 12, 5, 6, 13, 20, 27, 34, 41]
[00:00:00:00:701] ! Bidirectional. expansions: 279, time: 406 [ms], path length: 33 [edges], g_F: 2, g_B: 31, generated: {'F': 43, 'B': 390}, MM: 29, MMPER: 84.29411764705883%
[00:00:00:00:701] 
---------- SM_Grids/6x7_grid_with_random_blocks_16per_5 ----------
[00:00:00:00:058] Path of length 31 found: [0, 7, 14, 21, 28, 29, 22, 15, 8, 1, 2, 3, 10, 17, 16, 23, 30, 31, 24, 25, 18, 11, 4, 5, 12, 19, 26, 27, 34, 33, 40, 41]
[00:00:00:00:058] ! Unidirectional s-t. expansions: 31, time: 58 [ms], path length: 31 [edges], generated: 52
[00:00:00:00:026] Path of length 31 found: [41, 40, 33, 34, 27, 26, 19, 12, 5, 4, 3, 2, 1, 8, 15, 22, 23, 16, 17, 10, 11, 18, 25, 24, 31, 30, 29, 28, 21, 14, 7, 0]
[00:00:00:00:026] ! Unidirectional t-s. expansions: 31, time: 26 [ms], path length: 31 [edges], generated: 52
[00:00:00:00:044] Path of length 31 found: [0, 7, 14, 21, 28, 29, 22, 15, 8, 1, 2, 3, 10, 17, 16, 23, 30, 31, 24, 25, 18, 11, 4, 5, 12, 19, 26, 27, 34, 33, 40, 41]
[00:00:00:00:344] ! Bidirectional. expansions: 31, time: 44 [ms], path length: 31 [edges], g_F: 29, g_B: 2, generated: {'F': 49, 'B': 4}, MM: 27, MMPER: 83.375%
[00:00:00:00:344] 
---------- SM_Grids/6x7_grid_with_random_blocks_16per_6 ----------
[00:00:00:00:032] Path of length 33 found: [0, 1, 8, 7, 14, 21, 22, 15, 16, 23, 30, 37, 38, 39, 32, 25, 24, 17, 18, 11, 10, 3, 4, 5, 12, 13, 20, 19, 26, 27, 34, 33, 40, 41]
[00:00:00:00:032] ! Unidirectional s-t. expansions: 56, time: 32 [ms], path length: 33 [edges], generated: 91
[00:00:00:00:021] Path of length 33 found: [41, 34, 27, 20, 13, 12, 5, 4, 3, 10, 11, 18, 19, 26, 25, 32, 33, 40, 39, 38, 37, 30, 23, 24, 17, 16, 15, 22, 21, 14, 7, 8, 1, 0]
[00:00:00:00:022] ! Unidirectional t-s. expansions: 33, time: 21 [ms], path length: 33 [edges], generated: 52
[00:00:00:00:202] Path of length 33 found: [0, 1, 8, 7, 14, 21, 22, 15, 16, 17, 24, 23, 30, 37, 38, 39, 40, 33, 32, 25, 26, 19, 18, 11, 10, 3, 4, 5, 12, 13, 20, 27, 34, 41]
[00:00:00:00:497] ! Bidirectional. expansions: 181, time: 202 [ms], path length: 33 [edges], g_F: 22, g_B: 11, generated: {'F': 173, 'B': 159}, MM: 11, MMPER: 31.352941176470587%
[00:00:00:00:497] 
---------- SM_Grids/6x7_grid_with_random_blocks_16per_7 ----------
[00:00:00:00:048] Path of length 31 found: [0, 7, 8, 15, 16, 9, 2, 3, 4, 5, 6, 13, 12, 11, 18, 25, 24, 23, 30, 29, 28, 35, 36, 37, 38, 31, 32, 39, 40, 33, 34, 41]
[00:00:00:00:049] ! Unidirectional s-t. expansions: 70, time: 49 [ms], path length: 31 [edges], generated: 113
[00:00:00:00:077] Path of length 31 found: [41, 34, 33, 40, 39, 32, 31, 38, 37, 36, 35, 28, 29, 30, 23, 24, 25, 18, 19, 12, 13, 6, 5, 4, 3, 2, 9, 16, 15, 8, 1, 0]
[00:00:00:00:077] ! Unidirectional t-s. expansions: 125, time: 77 [ms], path length: 31 [edges], generated: 201
[00:00:00:00:261] Path of length 31 found: [0, 7, 8, 15, 16, 9, 2, 3, 4, 5, 6, 13, 12, 19, 18, 25, 24, 23, 30, 29, 28, 35, 36, 37, 38, 31, 32, 39, 40, 33, 34, 41]
[00:00:00:00:554] ! Bidirectional. expansions: 187, time: 261 [ms], path length: 31 [edges], g_F: 12, g_B: 19, generated: {'F': 108, 'B': 207}, MM: 7, MMPER: 20.875%
[00:00:00:00:554] 
---------- SM_Grids/6x7_grid_with_random_blocks_16per_8 ----------
[00:00:00:00:198] Path of length 31 found: [0, 7, 14, 21, 22, 15, 8, 9, 2, 3, 4, 5, 6, 13, 12, 19, 18, 17, 24, 25, 32, 31, 30, 29, 36, 37, 38, 39, 40, 33, 34, 41]
[00:00:00:00:198] ! Unidirectional s-t. expansions: 243, time: 198 [ms], path length: 31 [edges], generated: 408
[00:00:00:00:225] Path of length 31 found: [41, 34, 33, 40, 39, 32, 25, 18, 19, 12, 13, 6, 5, 4, 3, 2, 9, 10, 17, 24, 31, 38, 37, 30, 29, 22, 21, 14, 15, 8, 7, 0]
[00:00:00:00:226] ! Unidirectional t-s. expansions: 386, time: 225 [ms], path length: 31 [edges], generated: 613
[00:00:00:00:649] Path of length 31 found: [0, 7, 14, 21, 22, 15, 8, 9, 2, 3, 4, 5, 6, 13, 12, 19, 18, 17, 24, 25, 32, 31, 30, 29, 36, 37, 38, 39, 40, 33, 34, 41]
[00:00:00:00:934] ! Bidirectional. expansions: 502, time: 649 [ms], path length: 31 [edges], g_F: 17, g_B: 14, generated: {'F': 299, 'B': 577}, MM: 3, MMPER: 8.375%
[00:00:00:00:934] 
---------- SM_Grids/6x7_grid_with_random_blocks_16per_9 ----------
[00:00:00:00:111] Path of length 31 found: [0, 7, 14, 21, 28, 29, 22, 15, 8, 1, 2, 9, 16, 23, 24, 31, 38, 39, 32, 25, 18, 19, 12, 5, 6, 13, 20, 27, 26, 33, 40, 41]
[00:00:00:00:112] ! Unidirectional s-t. expansions: 186, time: 111 [ms], path length: 31 [edges], generated: 327
[00:00:00:00:043] Path of length 31 found: [41, 34, 27, 20, 13, 6, 5, 12, 19, 18, 25, 26, 33, 40, 39, 32, 31, 24, 23, 16, 9, 2, 1, 8, 15, 22, 29, 28, 21, 14, 7, 0]
[00:00:00:00:044] ! Unidirectional t-s. expansions: 55, time: 44 [ms], path length: 31 [edges], generated: 95
[00:00:00:00:557] Path of length 31 found: [0, 7, 14, 21, 28, 29, 22, 15, 8, 1, 2, 9, 16, 23, 24, 31, 38, 39, 40, 33, 26, 25, 18, 19, 12, 5, 6, 13, 20, 27, 34, 41]
[00:00:00:00:844] ! Bidirectional. expansions: 380, time: 557 [ms], path length: 31 [edges], g_F: 21, g_B: 10, generated: {'F': 443, 'B': 199}, MM: 11, MMPER: 33.375%

[00:00:00:00:845] average expansions: (270, 162, 427, 0)
[00:00:00:00:845] average time: (175, 106, 567, 0)
[00:00:00:00:845] X-DFBnB: 162 , 106 (expansions , time[ms])
[00:00:00:00:845] BiX-DFBnB: 427 , 567 (expansions , time[ms])

--------------------------
date: SM_Grids
number_of_graphs: 10
graph_type: grid
size_of_graphs: [6, 7]
heuristic: bcc_heuristic
snake: False
run_uni: True
run_bi: True
run_multi: False
solution_vertices: []
algorithms: ['DFBnB']
bsd: False
cube_first_dims: 4
cube_buffer_dim: None
backward_sym_generation: False
sym_coil: False
prefix_set: None

---------- SM_Grids/6x7_grid_with_random_blocks_16per_0 ----------
[00:00:00:00:457] Path of length 31 found: [0, 7, 14, 21, 28, 35, 36, 29, 22, 15, 8, 1, 2, 3, 10, 9, 16, 23, 30, 37, 38, 39, 32, 31, 24, 25, 18, 19, 26, 27, 34, 41]
[00:00:00:00:457] ! Unidirectional s-t. expansions: 891, time: 457 [ms], path length: 31 [edges], generated: 1,527
[00:00:00:00:017] Path of length 31 found: [41, 34, 27, 20, 19, 18, 25, 24, 23, 16, 9, 10, 3, 2, 1, 8, 15, 22, 29, 30, 31, 32, 39, 38, 37, 36, 35, 28, 21, 14, 7, 0]
[00:00:00:00:017] ! Unidirectional t-s. expansions: 31, time: 17 [ms], path length: 31 [edges], generated: 51
[00:00:00:01:081] Path of length 31 found: [0, 7, 14, 21, 28, 35, 36, 29, 22, 15, 8, 1, 2, 3, 10, 9, 16, 23, 30, 37, 38, 39, 32, 31, 24, 25, 18, 19, 26, 27, 34, 41]
[00:00:00:01:394] ! Bidirectional. expansions: 971, time: 1,081 [ms], path length: 31 [edges], g_F: 29, g_B: 2, generated: {'F': 1,464, 'B': 164}, MM: 27, MMPER: 83.375%
[00:00:00:01:395] 
---------- SM_Grids/6x7_grid_with_random_blocks_16per_1 ----------
[00:00:00:00:123] Path of length 27 found: [0, 7, 14, 21, 28, 35, 36, 29, 22, 15, 8, 1, 2, 9, 16, 17, 18, 25, 24, 23, 30, 37, 38, 39, 32, 33, 34, 41]
[00:00:00:00:123] ! Unidirectional s-t. expansions: 150, time: 123 [ms], path length: 27 [edges], generated: 270
[00:00:00:00:019] Path of length 27 found: [41, 34, 33, 26, 25, 32, 39, 38, 37, 30, 23, 24, 17, 16, 9, 2, 1, 8, 15, 22, 29, 36, 35, 28, 21, 14, 7, 0]
[00:00:00:00:019] ! Unidirectional t-s. expansions: 27, time: 19 [ms], path length: 27 [edges], generated: 43
[00:00:00:00:296] Path of length 27 found: [0, 7, 14, 21, 28, 35, 36, 29, 22, 15, 8, 1, 2, 9, 16, 17, 24, 23, 30, 37, 38, 39, 32, 25, 26, 33, 34, 41]
[00:00:00:00:594] ! Bidirectional. expansions: 152, time: 296 [ms], path length: 27 [edges], g_F: 23, g_B: 4, generated: {'F': 223, 'B': 43}, MM: 19, MMPER: 66.85714285714286%
[00:00:00:00:594] 
---------- SM_Grids/6x7_grid_with_random_blocks_16per_2 ----------
[00:00:00:00:171] Path of length 33 found: [0, 1, 2, 9, 16, 23, 22, 15, 14, 21, 28, 29, 36, 37, 30, 31, 38, 39, 40, 33, 26, 25, 24, 17, 18, 11, 4, 5, 6, 13, 20, 27, 34, 41]
[00:00:00:00:171] ! Unidirectional s-t. expansions: 265, time: 171 [ms], path length: 33 [edges], generated: 465
[00:00:00:00:261] Path of length 33 found: [41, 34, 27, 20, 13, 6, 5, 4, 11, 18, 19, 26, 33, 40, 39, 38, 31, 30, 37, 36, 29, 28, 21, 14, 15, 22, 23, 24, 17, 16, 9, 2, 1, 0]
[00:00:00:00:262] ! Unidirectional t-s. expansions: 400, time: 262 [ms], path length: 33 [edges], generated: 658
[00:00:00:00:558] Path of length 33 found: [0, 1, 2, 9, 16, 17, 24, 23, 22, 15, 14, 21, 28, 29, 36, 37, 30, 31, 38, 39, 40, 33, 26, 19, 18, 11, 4, 5, 6, 13, 20, 27, 34, 41]
[00:00:00:00:888] ! Bidirectional. expansions: 404, time: 558 [ms], path length: 33 [edges], g_F: 21, g_B: 12, generated: {'F': 155, 'B': 511}, MM: 9, MMPER: 25.470588235294116%
[00:00:00:00:888] 
---------- SM_Grids/6x7_grid_with_random_blocks_16per_3 ----------
[00:00:00:00:382] Path of length 29 found: [0, 7, 14, 21, 28, 35, 36, 37, 38, 31, 24, 17, 16, 23, 22, 15, 8, 1, 2, 3, 4, 11, 12, 5, 6, 13, 20, 27, 34, 41]
[00:00:00:00:382] ! Unidirectional s-t. expansions: 565, time: 382 [ms], path length: 29 [edges], generated: 914
[00:00:00:00:153] Path of length 29 found: [41, 34, 27, 20, 13, 6, 5, 12, 11, 4, 3, 2, 1, 8, 9, 16, 17, 24, 31, 38, 37, 36, 35, 28, 29, 22, 15, 14, 7, 0]
[00:00:00:00:153] ! Unidirectional t-s. expansions: 257, time: 153 [ms], path length: 29 [edges], generated: 443
[00:00:00:01:510] Path of length 29 found: [0, 7, 14, 21, 28, 35, 36, 37, 38, 31, 24, 23, 22, 15, 16, 9, 8, 1, 2, 3, 4, 11, 12, 5, 6, 13, 20, 27, 34, 41]
[00:00:00:01:813] ! Bidirectional. expansions: 1,183, time: 1,510 [ms], path length: 29 [edges], g_F: 12, g_B: 17, generated: {'F': 936, 'B': 1,058}, MM: 5, MMPER: 15.666666666666668%
[00:00:00:01:813] 
---------- SM_Grids/6x7_grid_with_random_blocks_16per_4 ----------
[00:00:00:00:154] Path of length 33 found: [0, 7, 8, 15, 22, 23, 30, 29, 36, 37, 38, 31, 32, 39, 40, 33, 26, 25, 18, 17, 16, 9, 10, 3, 4, 11, 12, 5, 6, 13, 20, 27, 34, 41]
[00:00:00:00:154] ! Unidirectional s-t. expansions: 240, time: 154 [ms], path length: 33 [edges], generated: 413
[00:00:00:00:197] Path of length 33 found: [41, 34, 27, 20, 13, 6, 5, 12, 11, 4, 3, 10, 9, 16, 17, 18, 25, 26, 33, 40, 39, 32, 31, 38, 37, 36, 29, 30, 23, 22, 15, 8, 1, 0]
[00:00:00:00:197] ! Unidirectional t-s. expansions: 279, time: 197 [ms], path length: 33 [edges], generated: 444
[00:00:00:00:408] Path of length 33 found: [0, 7, 8, 15, 22, 23, 30, 29, 36, 37, 38, 31, 32, 39, 40, 33, 26, 25, 18, 17, 16, 9, 10, 3, 4, 11, 12, 5, 6, 13, 20, 27, 34, 41]
[00:00:00:00:706] ! Bidirectional. expansions: 279, time: 408 [ms], path length: 33 [edges], g_F: 2, g_B: 31, generated: {'F': 43, 'B': 390}, MM: 29, MMPER: 84.29411764705883%
[00:00:00:00:706] 
---------- SM_Grids/6x7_grid_with_random_blocks_16per_5 ----------
[00:00:00:00:057] Path of length 31 found: [0, 7, 14, 21, 28, 29, 22, 15, 8, 1, 2, 3, 10, 17, 16, 23, 30, 31, 24, 25, 18, 11, 4, 5, 12, 19, 26, 27, 34, 33, 40, 41]
[00:00:00:00:058] ! Unidirectional s-t. expansions: 31, time: 58 [ms], path length: 31 [edges], generated: 52
[00:00:00:00:022] Path of length 31 found: [41, 40, 33, 34, 27, 26, 19, 12, 5, 4, 3, 2, 1, 8, 15, 22, 23, 16, 17, 10, 11, 18, 25, 24, 31, 30, 29, 28, 21, 14, 7, 0]
[00:00:00:00:022] ! Unidirectional t-s. expansions: 31, time: 22 [ms], path length: 31 [edges], generated: 52
[00:00:00:00:045] Path of length 31 found: [0, 7, 14, 21, 28, 29, 22, 15, 8, 1, 2, 3, 10, 17, 16, 23, 30, 31, 24, 25, 18, 11, 4, 5, 12, 19, 26, 27, 34, 33, 40, 41]
[00:00:00:00:349] ! Bidirectional. expansions: 31, time: 45 [ms], path length: 31 [edges], g_F: 29, g_B: 2, generated: {'F': 49, 'B': 4}, MM: 27, MMPER: 83.375%
[00:00:00:00:349] 
---------- SM_Grids/6x7_grid_with_random_blocks_16per_6 ----------
[00:00:00:00:033] Path of length 33 found: [0, 1, 8, 7, 14, 21, 22, 15, 16, 23, 30, 37, 38, 39, 32, 25, 24, 17, 18, 11, 10, 3, 4, 5, 12, 13, 20, 19, 26, 27, 34, 33, 40, 41]
[00:00:00:00:033] ! Unidirectional s-t. expansions: 56, time: 33 [ms], path length: 33 [edges], generated: 91
[00:00:00:00:022] Path of length 33 found: [41, 34, 27, 20, 13, 12, 5, 4, 3, 10, 11, 18, 19, 26, 25, 32, 33, 40, 39, 38, 37, 30, 23, 24, 17, 16, 15, 22, 21, 14, 7, 8, 1, 0]
[00:00:00:00:022] ! Unidirectional t-s. expansions: 33, time: 22 [ms], path length: 33 [edges], generated: 52
[00:00:00:00:199] Path of length 33 found: [0, 1, 8, 7, 14, 21, 22, 15, 16, 17, 24, 23, 30, 37, 38, 39, 40, 33, 32, 25, 26, 19, 18, 11, 10, 3, 4, 5, 12, 13, 20, 27, 34, 41]
[00:00:00:00:487] ! Bidirectional. expansions: 181, time: 199 [ms], path length: 33 [edges], g_F: 22, g_B: 11, generated: {'F': 173, 'B': 159}, MM: 11, MMPER: 31.352941176470587%
[00:00:00:00:487] 
---------- SM_Grids/6x7_grid_with_random_blocks_16per_7 ----------
[00:00:00:00:048] Path of length 31 found: [0, 7, 8, 15, 16, 9, 2, 3, 4, 5, 6, 13, 12, 11, 18, 25, 24, 23, 30, 29, 28, 35, 36, 37, 38, 31, 32, 39, 40, 33, 34, 41]
[00:00:00:00:048] ! Unidirectional s-t. expansions: 70, time: 48 [ms], path length: 31 [edges], generated: 113
[00:00:00:00:078] Path of length 31 found: [41, 34, 33, 40, 39, 32, 31, 38, 37, 36, 35, 28, 29, 30, 23, 24, 25, 18, 19, 12, 13, 6, 5, 4, 3, 2, 9, 16, 15, 8, 1, 0]
[00:00:00:00:078] ! Unidirectional t-s. expansions: 125, time: 78 [ms], path length: 31 [edges], generated: 201
[00:00:00:00:261] Path of length 31 found: [0, 7, 8, 15, 16, 9, 2, 3, 4, 5, 6, 13, 12, 19, 18, 25, 24, 23, 30, 29, 28, 35, 36, 37, 38, 31, 32, 39, 40, 33, 34, 41]
[00:00:00:00:554] ! Bidirectional. expansions: 187, time: 261 [ms], path length: 31 [edges], g_F: 12, g_B: 19, generated: {'F': 108, 'B': 207}, MM: 7, MMPER: 20.875%
[00:00:00:00:554] 
---------- SM_Grids/6x7_grid_with_random_blocks_16per_8 ----------
[00:00:00:00:191] Path of length 31 found: [0, 7, 14, 21, 22, 15, 8, 9, 2, 3, 4, 5, 6, 13, 12, 19, 18, 17, 24, 25, 32, 31, 30, 29, 36, 37, 38, 39, 40, 33, 34, 41]
[00:00:00:00:191] ! Unidirectional s-t. expansions: 243, time: 191 [ms], path length: 31 [edges], generated: 408
[00:00:00:00:224] Path of length 31 found: [41, 34, 33, 40, 39, 32, 25, 18, 19, 12, 13, 6, 5, 4, 3, 2, 9, 10, 17, 24, 31, 38, 37, 30, 29, 22, 21, 14, 15, 8, 7, 0]
[00:00:00:00:224] ! Unidirectional t-s. expansions: 386, time: 224 [ms], path length: 31 [edges], generated: 613
[00:00:00:00:653] Path of length 31 found: [0, 7, 14, 21, 22, 15, 8, 9, 2, 3, 4, 5, 6, 13, 12, 19, 18, 17, 24, 25, 32, 31, 30, 29, 36, 37, 38, 39, 40, 33, 34, 41]
[00:00:00:00:942] ! Bidirectional. expansions: 502, time: 653 [ms], path length: 31 [edges], g_F: 17, g_B: 14, generated: {'F': 299, 'B': 577}, MM: 3, MMPER: 8.375%
[00:00:00:00:942] 
---------- SM_Grids/6x7_grid_with_random_blocks_16per_9 ----------
[00:00:00:00:111] Path of length 31 found: [0, 7, 14, 21, 28, 29, 22, 15, 8, 1, 2, 9, 16, 23, 24, 31, 38, 39, 32, 25, 18, 19, 12, 5, 6, 13, 20, 27, 26, 33, 40, 41]
[00:00:00:00:111] ! Unidirectional s-t. expansions: 186, time: 111 [ms], path length: 31 [edges], generated: 327
[00:00:00:00:043] Path of length 31 found: [41, 34, 27, 20, 13, 6, 5, 12, 19, 18, 25, 26, 33, 40, 39, 32, 31, 24, 23, 16, 9, 2, 1, 8, 15, 22, 29, 28, 21, 14, 7, 0]
[00:00:00:00:043] ! Unidirectional t-s. expansions: 55, time: 43 [ms], path length: 31 [edges], generated: 95
[00:00:00:00:550] Path of length 31 found: [0, 7, 14, 21, 28, 29, 22, 15, 8, 1, 2, 9, 16, 23, 24, 31, 38, 39, 40, 33, 26, 25, 18, 19, 12, 5, 6, 13, 20, 27, 34, 41]
[00:00:00:00:840] ! Bidirectional. expansions: 380, time: 550 [ms], path length: 31 [edges], g_F: 21, g_B: 10, generated: {'F': 443, 'B': 199}, MM: 11, MMPER: 33.375%

[00:00:00:00:840] average expansions: (270, 162, 427, 0)
[00:00:00:00:840] average time: (173, 104, 556, 0)
[00:00:00:00:841] X-DFBnB: 162 , 104 (expansions , time[ms])
[00:00:00:00:841] BiX-DFBnB: 427 , 556 (expansions , time[ms])

