Fri 20 Mar 2026 13:00:06 IST

SLURM_JOBID:		 16224507
SLURM_JOB_NODELIST:	 ise-cpu256-01 

--------------------------
date: SM_Grids
number_of_graphs: 10
graph_type: grid
size_of_graphs: [6, 7]
heuristic: bcc_heuristic
snake: False
run_uni: True
run_bi: True
run_multi: False
solution_vertices: []
algorithms: ['DFBnB']
bsd: False
cube_first_dims: 4
cube_buffer_dim: None
backward_sym_generation: False
sym_coil: False
prefix_set: None

---------- SM_Grids/6x7_grid_with_random_blocks_8per_0 ----------
[00:00:00:00:024] Path of length 35 found: [0, 7, 14, 21, 28, 35, 36, 29, 22, 15, 8, 1, 2, 3, 10, 9, 16, 23, 30, 37, 38, 31, 24, 25, 18, 11, 12, 19, 26, 27, 34, 33, 32, 39, 40, 41]
[00:00:00:00:024] ! Unidirectional s-t. expansions: 35, time: 24 [ms], path length: 35 [edges], generated: 59
[00:00:00:00:022] Path of length 35 found: [41, 34, 27, 26, 19, 12, 11, 18, 25, 24, 23, 16, 9, 10, 3, 2, 1, 8, 15, 22, 29, 30, 31, 32, 33, 40, 39, 38, 37, 36, 35, 28, 21, 14, 7, 0]
[00:00:00:00:022] ! Unidirectional t-s. expansions: 35, time: 22 [ms], path length: 35 [edges], generated: 59
[00:00:00:00:048] Path of length 35 found: [0, 7, 14, 21, 28, 35, 36, 29, 22, 15, 8, 1, 2, 3, 10, 9, 16, 23, 30, 37, 38, 39, 40, 33, 32, 31, 24, 25, 18, 11, 12, 19, 26, 27, 34, 41]
[00:00:00:00:369] ! Bidirectional. expansions: 35, time: 48 [ms], path length: 35 [edges], g_F: 25, g_B: 10, generated: {'F': 45, 'B': 20}, MM: 15, MMPER: 40.666666666666664%
[00:00:00:00:369] 
---------- SM_Grids/6x7_grid_with_random_blocks_8per_1 ----------
[00:00:00:00:986] Path of length 37 found: [0, 7, 14, 21, 28, 35, 36, 29, 22, 15, 8, 1, 2, 9, 16, 23, 30, 31, 24, 25, 18, 11, 10, 3, 4, 5, 12, 13, 20, 19, 26, 27, 34, 33, 32, 39, 40, 41]
[00:00:00:00:986] ! Unidirectional s-t. expansions: 1,458, time: 986 [ms], path length: 37 [edges], generated: 2,422
[00:00:00:00:607] Path of length 37 found: [41, 34, 27, 20, 13, 12, 5, 4, 3, 2, 1, 8, 15, 22, 23, 16, 9, 10, 11, 18, 19, 26, 25, 32, 33, 40, 39, 38, 31, 30, 29, 36, 35, 28, 21, 14, 7, 0]
[00:00:00:00:607] ! Unidirectional t-s. expansions: 849, time: 607 [ms], path length: 37 [edges], generated: 1,427
[00:00:00:06:877] Path of length 37 found: [0, 7, 14, 21, 28, 35, 36, 29, 22, 15, 16, 23, 30, 31, 38, 39, 40, 33, 32, 25, 26, 19, 18, 11, 10, 9, 8, 1, 2, 3, 4, 5, 12, 13, 20, 27, 34, 41]
[00:00:00:07:170] ! Bidirectional. expansions: 4,704, time: 6,877 [ms], path length: 37 [edges], g_F: 18, g_B: 19, generated: {'F': 4,657, 'B': 3,595}, MM: 1, MMPER: 1.6315789473684212%
[00:00:00:07:170] 
---------- SM_Grids/6x7_grid_with_random_blocks_8per_2 ----------
[00:00:00:01:177] Path of length 37 found: [0, 7, 14, 15, 8, 1, 2, 3, 10, 9, 16, 23, 22, 29, 28, 35, 36, 37, 30, 31, 38, 39, 32, 25, 24, 17, 18, 11, 12, 5, 6, 13, 20, 19, 26, 33, 40, 41]
[00:00:00:01:177] ! Unidirectional s-t. expansions: 1,889, time: 1,177 [ms], path length: 37 [edges], generated: 3,145
[00:00:00:00:466] Path of length 37 found: [41, 40, 33, 26, 27, 20, 13, 6, 5, 12, 19, 18, 11, 10, 3, 2, 1, 8, 9, 16, 17, 24, 25, 32, 39, 38, 31, 30, 37, 36, 35, 28, 29, 22, 15, 14, 7, 0]
[00:00:00:00:466] ! Unidirectional t-s. expansions: 638, time: 466 [ms], path length: 37 [edges], generated: 1,119
[00:00:00:03:574] Path of length 37 found: [0, 7, 14, 15, 8, 1, 2, 3, 10, 9, 16, 23, 22, 29, 28, 35, 36, 37, 30, 31, 38, 39, 32, 25, 24, 17, 18, 11, 12, 5, 6, 13, 20, 27, 26, 33, 40, 41]
[00:00:00:03:864] ! Bidirectional. expansions: 2,770, time: 3,574 [ms], path length: 37 [edges], g_F: 28, g_B: 9, generated: {'F': 2,772, 'B': 2,161}, MM: 19, MMPER: 49.0%
[00:00:00:03:864] 
---------- SM_Grids/6x7_grid_with_random_blocks_8per_3 ----------
[00:00:00:02:267] Path of length 35 found: [0, 7, 14, 21, 28, 35, 36, 29, 22, 15, 8, 1, 2, 9, 16, 23, 30, 37, 38, 31, 24, 25, 18, 11, 4, 5, 12, 19, 20, 27, 26, 33, 32, 39, 40, 41]
[00:00:00:02:267] ! Unidirectional s-t. expansions: 3,620, time: 2,267 [ms], path length: 35 [edges], generated: 6,383
[00:00:00:01:901] Path of length 35 found: [41, 34, 27, 20, 19, 12, 5, 4, 11, 10, 9, 2, 1, 8, 15, 16, 23, 22, 29, 30, 31, 24, 25, 26, 33, 32, 39, 38, 37, 36, 35, 28, 21, 14, 7, 0]
[00:00:00:01:901] ! Unidirectional t-s. expansions: 2,485, time: 1,901 [ms], path length: 35 [edges], generated: 4,421
[00:00:00:13:172] Path of length 35 found: [0, 7, 14, 21, 28, 35, 36, 29, 22, 15, 8, 1, 2, 9, 16, 23, 30, 37, 38, 31, 32, 39, 40, 33, 26, 25, 18, 11, 4, 5, 12, 19, 20, 27, 34, 41]
[00:00:00:13:463] ! Bidirectional. expansions: 8,754, time: 13,172 [ms], path length: 35 [edges], g_F: 21, g_B: 14, generated: {'F': 8,602, 'B': 7,449}, MM: 7, MMPER: 18.444444444444443%
[00:00:00:13:464] 
---------- SM_Grids/6x7_grid_with_random_blocks_8per_4 ----------
[00:00:00:00:666] Path of length 37 found: [0, 7, 14, 21, 28, 35, 36, 29, 22, 15, 8, 1, 2, 3, 10, 17, 16, 23, 24, 31, 38, 39, 32, 25, 18, 11, 4, 5, 6, 13, 12, 19, 20, 27, 26, 33, 34, 41]
[00:00:00:00:667] ! Unidirectional s-t. expansions: 952, time: 666 [ms], path length: 37 [edges], generated: 1,566
[00:00:00:00:501] Path of length 37 found: [41, 34, 27, 20, 13, 6, 5, 4, 3, 2, 1, 8, 15, 16, 23, 24, 17, 10, 11, 12, 19, 18, 25, 26, 33, 32, 31, 38, 37, 36, 35, 28, 29, 22, 21, 14, 7, 0]
[00:00:00:00:501] ! Unidirectional t-s. expansions: 681, time: 501 [ms], path length: 37 [edges], generated: 1,147
[00:00:00:03:776] Path of length 37 found: [0, 7, 14, 21, 28, 35, 36, 29, 22, 23, 24, 31, 38, 39, 32, 33, 26, 25, 18, 19, 12, 11, 10, 17, 16, 15, 8, 1, 2, 3, 4, 5, 6, 13, 20, 27, 34, 41]
[00:00:00:04:066] ! Bidirectional. expansions: 2,693, time: 3,776 [ms], path length: 37 [edges], g_F: 9, g_B: 28, generated: {'F': 2,605, 'B': 2,222}, MM: 19, MMPER: 49.0%
[00:00:00:04:067] 
---------- SM_Grids/6x7_grid_with_random_blocks_8per_5 ----------
[00:00:00:01:309] Path of length 37 found: [0, 7, 14, 21, 28, 35, 36, 29, 22, 15, 8, 1, 2, 3, 10, 17, 16, 23, 30, 37, 38, 31, 32, 25, 18, 11, 4, 5, 6, 13, 12, 19, 20, 27, 26, 33, 40, 41]
[00:00:00:01:309] ! Unidirectional s-t. expansions: 2,167, time: 1,309 [ms], path length: 37 [edges], generated: 3,495
[00:00:00:00:226] Path of length 37 found: [41, 40, 33, 26, 27, 20, 13, 6, 5, 4, 3, 2, 1, 8, 15, 22, 29, 30, 23, 16, 17, 10, 11, 12, 19, 18, 25, 32, 31, 38, 37, 36, 35, 28, 21, 14, 7, 0]
[00:00:00:00:226] ! Unidirectional t-s. expansions: 303, time: 226 [ms], path length: 37 [edges], generated: 509
[00:00:00:03:824] Path of length 37 found: [0, 7, 14, 21, 28, 35, 36, 29, 22, 15, 8, 1, 2, 3, 10, 17, 16, 23, 30, 37, 38, 39, 32, 25, 18, 19, 12, 11, 4, 5, 6, 13, 20, 27, 26, 33, 40, 41]
[00:00:00:04:137] ! Bidirectional. expansions: 3,009, time: 3,825 [ms], path length: 37 [edges], g_F: 20, g_B: 17, generated: {'F': 3,210, 'B': 1,984}, MM: 3, MMPER: 6.894736842105263%
[00:00:00:04:137] 
---------- SM_Grids/6x7_grid_with_random_blocks_8per_6 ----------
[00:00:00:01:481] Path of length 37 found: [0, 7, 14, 21, 28, 35, 36, 37, 30, 23, 22, 15, 8, 1, 2, 9, 16, 17, 10, 3, 4, 11, 12, 5, 6, 13, 20, 27, 26, 25, 24, 31, 38, 39, 32, 33, 40, 41]
[00:00:00:01:481] ! Unidirectional s-t. expansions: 2,463, time: 1,481 [ms], path length: 37 [edges], generated: 4,071
[00:00:00:00:721] Path of length 37 found: [41, 34, 27, 20, 13, 6, 5, 12, 11, 4, 3, 2, 1, 8, 15, 22, 23, 16, 9, 10, 17, 24, 31, 32, 25, 26, 33, 40, 39, 38, 37, 36, 35, 28, 21, 14, 7, 0]
[00:00:00:00:721] ! Unidirectional t-s. expansions: 1,001, time: 721 [ms], path length: 37 [edges], generated: 1,772
[00:00:00:07:904] Path of length 37 found: [0, 7, 14, 21, 28, 35, 36, 37, 30, 31, 38, 39, 40, 33, 32, 25, 24, 17, 10, 9, 16, 23, 22, 15, 8, 1, 2, 3, 4, 11, 12, 5, 6, 13, 20, 27, 34, 41]
[00:00:00:08:199] ! Bidirectional. expansions: 5,871, time: 7,904 [ms], path length: 37 [edges], g_F: 14, g_B: 23, generated: {'F': 5,517, 'B': 4,731}, MM: 9, MMPER: 22.68421052631579%
[00:00:00:08:199] 
---------- SM_Grids/6x7_grid_with_random_blocks_8per_7 ----------
[00:00:00:21:846] Path of length 35 found: [0, 7, 14, 21, 28, 35, 36, 29, 22, 15, 8, 1, 2, 3, 10, 9, 16, 23, 30, 37, 38, 39, 32, 31, 24, 17, 18, 11, 12, 13, 20, 19, 26, 33, 34, 41]
[00:00:00:21:846] ! Unidirectional s-t. expansions: 36,470, time: 21,846 [ms], path length: 35 [edges], generated: 63,843
[00:00:00:15:865] Path of length 35 found: [41, 34, 27, 20, 13, 12, 11, 10, 3, 2, 1, 8, 9, 16, 15, 22, 29, 30, 23, 24, 17, 18, 19, 26, 25, 32, 31, 38, 37, 36, 35, 28, 21, 14, 7, 0]
[00:00:00:15:865] ! Unidirectional t-s. expansions: 26,538, time: 15,865 [ms], path length: 35 [edges], generated: 46,394
[00:00:00:58:073] Path of length 35 found: [0, 7, 14, 21, 28, 35, 36, 29, 22, 15, 8, 1, 2, 3, 10, 9, 16, 23, 30, 37, 38, 39, 32, 31, 24, 25, 26, 19, 18, 11, 12, 13, 20, 27, 34, 41]
[00:00:00:58:364] ! Bidirectional. expansions: 46,704, time: 58,073 [ms], path length: 35 [edges], g_F: 28, g_B: 7, generated: {'F': 55,910, 'B': 33,947}, MM: 21, MMPER: 57.333333333333336%
[00:00:00:58:364] 
---------- SM_Grids/6x7_grid_with_random_blocks_8per_8 ----------
[00:00:00:15:313] Path of length 35 found: [0, 1, 2, 9, 8, 15, 14, 21, 28, 29, 22, 23, 16, 17, 10, 11, 4, 5, 6, 13, 12, 19, 18, 25, 24, 31, 30, 37, 38, 39, 32, 33, 26, 27, 34, 41]
[00:00:00:15:314] ! Unidirectional s-t. expansions: 25,833, time: 15,313 [ms], path length: 35 [edges], generated: 46,204
[00:00:00:29:889] Path of length 35 found: [41, 34, 27, 20, 13, 6, 5, 4, 11, 12, 19, 18, 17, 10, 9, 16, 23, 30, 31, 24, 25, 26, 33, 32, 39, 38, 37, 36, 29, 28, 21, 14, 15, 8, 1, 0]
[00:00:00:29:890] ! Unidirectional t-s. expansions: 54,482, time: 29,889 [ms], path length: 35 [edges], generated: 92,268
[00:00:01:06:204] Path of length 35 found: [0, 1, 2, 9, 8, 15, 14, 21, 28, 29, 22, 23, 16, 17, 24, 31, 30, 37, 38, 39, 40, 33, 26, 25, 18, 19, 12, 11, 4, 5, 6, 13, 20, 27, 34, 41]
[00:00:01:06:491] ! Bidirectional. expansions: 54,316, time: 66,204 [ms], path length: 35 [edges], g_F: 23, g_B: 12, generated: {'F': 56,642, 'B': 47,422}, MM: 11, MMPER: 29.555555555555557%
[00:00:01:06:492] 
---------- SM_Grids/6x7_grid_with_random_blocks_8per_9 ----------
[00:00:00:00:344] Path of length 37 found: [0, 7, 14, 21, 28, 35, 36, 29, 22, 15, 16, 9, 8, 1, 2, 3, 4, 11, 12, 5, 6, 13, 20, 27, 26, 19, 18, 17, 24, 23, 30, 37, 38, 31, 32, 39, 40, 41]
[00:00:00:00:344] ! Unidirectional s-t. expansions: 437, time: 344 [ms], path length: 37 [edges], generated: 786
[00:00:00:00:287] Path of length 37 found: [41, 40, 39, 32, 31, 38, 37, 30, 23, 24, 17, 18, 11, 12, 19, 26, 27, 20, 13, 6, 5, 4, 3, 2, 1, 8, 9, 16, 15, 22, 29, 36, 35, 28, 21, 14, 7, 0]
[00:00:00:00:288] ! Unidirectional t-s. expansions: 496, time: 288 [ms], path length: 37 [edges], generated: 835
[00:00:00:00:777] Path of length 37 found: [0, 7, 14, 21, 28, 35, 36, 29, 22, 15, 16, 9, 8, 1, 2, 3, 4, 11, 12, 5, 6, 13, 20, 27, 26, 19, 18, 17, 24, 23, 30, 37, 38, 31, 32, 39, 40, 41]
[00:00:00:01:060] ! Bidirectional. expansions: 449, time: 778 [ms], path length: 37 [edges], g_F: 37, g_B: 0, generated: {'F': 747, 'B': 46}, MM: 37, MMPER: 96.36842105263158%

[00:00:00:01:060] average expansions: (7,532, 8,751, 12,930, 0)
[00:00:00:01:060] average time: (4,541, 5,049, 16,423, 0)
[00:00:00:01:060] X-DFBnB: 7,532 , 4,541 (expansions , time[ms])
[00:00:00:01:060] BiX-DFBnB: 12,930 , 16,423 (expansions , time[ms])

--------------------------
date: SM_Grids
number_of_graphs: 10
graph_type: grid
size_of_graphs: [6, 7]
heuristic: bcc_heuristic
snake: False
run_uni: True
run_bi: True
run_multi: False
solution_vertices: []
algorithms: ['DFBnB']
bsd: False
cube_first_dims: 4
cube_buffer_dim: None
backward_sym_generation: False
sym_coil: False
prefix_set: None

---------- SM_Grids/6x7_grid_with_random_blocks_8per_0 ----------
[00:00:00:00:023] Path of length 35 found: [0, 7, 14, 21, 28, 35, 36, 29, 22, 15, 8, 1, 2, 3, 10, 9, 16, 23, 30, 37, 38, 31, 24, 25, 18, 11, 12, 19, 26, 27, 34, 33, 32, 39, 40, 41]
[00:00:00:00:023] ! Unidirectional s-t. expansions: 35, time: 23 [ms], path length: 35 [edges], generated: 59
[00:00:00:00:021] Path of length 35 found: [41, 34, 27, 26, 19, 12, 11, 18, 25, 24, 23, 16, 9, 10, 3, 2, 1, 8, 15, 22, 29, 30, 31, 32, 33, 40, 39, 38, 37, 36, 35, 28, 21, 14, 7, 0]
[00:00:00:00:021] ! Unidirectional t-s. expansions: 35, time: 21 [ms], path length: 35 [edges], generated: 59
[00:00:00:00:047] Path of length 35 found: [0, 7, 14, 21, 28, 35, 36, 29, 22, 15, 8, 1, 2, 3, 10, 9, 16, 23, 30, 37, 38, 39, 40, 33, 32, 31, 24, 25, 18, 11, 12, 19, 26, 27, 34, 41]
[00:00:00:00:366] ! Bidirectional. expansions: 35, time: 47 [ms], path length: 35 [edges], g_F: 25, g_B: 10, generated: {'F': 45, 'B': 20}, MM: 15, MMPER: 40.666666666666664%
[00:00:00:00:367] 
---------- SM_Grids/6x7_grid_with_random_blocks_8per_1 ----------
[00:00:00:00:973] Path of length 37 found: [0, 7, 14, 21, 28, 35, 36, 29, 22, 15, 8, 1, 2, 9, 16, 23, 30, 31, 24, 25, 18, 11, 10, 3, 4, 5, 12, 13, 20, 19, 26, 27, 34, 33, 32, 39, 40, 41]
[00:00:00:00:973] ! Unidirectional s-t. expansions: 1,458, time: 973 [ms], path length: 37 [edges], generated: 2,422
[00:00:00:00:611] Path of length 37 found: [41, 34, 27, 20, 13, 12, 5, 4, 3, 2, 1, 8, 15, 22, 23, 16, 9, 10, 11, 18, 19, 26, 25, 32, 33, 40, 39, 38, 31, 30, 29, 36, 35, 28, 21, 14, 7, 0]
[00:00:00:00:611] ! Unidirectional t-s. expansions: 849, time: 611 [ms], path length: 37 [edges], generated: 1,427
[00:00:00:06:800] Path of length 37 found: [0, 7, 14, 21, 28, 35, 36, 29, 22, 15, 16, 23, 30, 31, 38, 39, 40, 33, 32, 25, 26, 19, 18, 11, 10, 9, 8, 1, 2, 3, 4, 5, 12, 13, 20, 27, 34, 41]
[00:00:00:07:094] ! Bidirectional. expansions: 4,704, time: 6,800 [ms], path length: 37 [edges], g_F: 18, g_B: 19, generated: {'F': 4,657, 'B': 3,595}, MM: 1, MMPER: 1.6315789473684212%
[00:00:00:07:094] 
---------- SM_Grids/6x7_grid_with_random_blocks_8per_2 ----------
[00:00:00:01:174] Path of length 37 found: [0, 7, 14, 15, 8, 1, 2, 3, 10, 9, 16, 23, 22, 29, 28, 35, 36, 37, 30, 31, 38, 39, 32, 25, 24, 17, 18, 11, 12, 5, 6, 13, 20, 19, 26, 33, 40, 41]
[00:00:00:01:174] ! Unidirectional s-t. expansions: 1,889, time: 1,174 [ms], path length: 37 [edges], generated: 3,145
[00:00:00:00:462] Path of length 37 found: [41, 40, 33, 26, 27, 20, 13, 6, 5, 12, 19, 18, 11, 10, 3, 2, 1, 8, 9, 16, 17, 24, 25, 32, 39, 38, 31, 30, 37, 36, 35, 28, 29, 22, 15, 14, 7, 0]
[00:00:00:00:462] ! Unidirectional t-s. expansions: 638, time: 462 [ms], path length: 37 [edges], generated: 1,119
[00:00:00:03:626] Path of length 37 found: [0, 7, 14, 15, 8, 1, 2, 3, 10, 9, 16, 23, 22, 29, 28, 35, 36, 37, 30, 31, 38, 39, 32, 25, 24, 17, 18, 11, 12, 5, 6, 13, 20, 27, 26, 33, 40, 41]
[00:00:00:03:923] ! Bidirectional. expansions: 2,770, time: 3,626 [ms], path length: 37 [edges], g_F: 28, g_B: 9, generated: {'F': 2,772, 'B': 2,161}, MM: 19, MMPER: 49.0%
[00:00:00:03:923] 
---------- SM_Grids/6x7_grid_with_random_blocks_8per_3 ----------
[00:00:00:02:285] Path of length 35 found: [0, 7, 14, 21, 28, 35, 36, 29, 22, 15, 8, 1, 2, 9, 16, 23, 30, 37, 38, 31, 24, 25, 18, 11, 4, 5, 12, 19, 20, 27, 26, 33, 32, 39, 40, 41]
[00:00:00:02:285] ! Unidirectional s-t. expansions: 3,620, time: 2,285 [ms], path length: 35 [edges], generated: 6,383
[00:00:00:01:908] Path of length 35 found: [41, 34, 27, 20, 19, 12, 5, 4, 11, 10, 9, 2, 1, 8, 15, 16, 23, 22, 29, 30, 31, 24, 25, 26, 33, 32, 39, 38, 37, 36, 35, 28, 21, 14, 7, 0]
[00:00:00:01:909] ! Unidirectional t-s. expansions: 2,485, time: 1,908 [ms], path length: 35 [edges], generated: 4,421
[00:00:00:13:043] Path of length 35 found: [0, 7, 14, 21, 28, 35, 36, 29, 22, 15, 8, 1, 2, 9, 16, 23, 30, 37, 38, 31, 32, 39, 40, 33, 26, 25, 18, 11, 4, 5, 12, 19, 20, 27, 34, 41]
[00:00:00:13:336] ! Bidirectional. expansions: 8,754, time: 13,043 [ms], path length: 35 [edges], g_F: 21, g_B: 14, generated: {'F': 8,602, 'B': 7,449}, MM: 7, MMPER: 18.444444444444443%
[00:00:00:13:336] 
---------- SM_Grids/6x7_grid_with_random_blocks_8per_4 ----------
[00:00:00:00:647] Path of length 37 found: [0, 7, 14, 21, 28, 35, 36, 29, 22, 15, 8, 1, 2, 3, 10, 17, 16, 23, 24, 31, 38, 39, 32, 25, 18, 11, 4, 5, 6, 13, 12, 19, 20, 27, 26, 33, 34, 41]
[00:00:00:00:647] ! Unidirectional s-t. expansions: 952, time: 647 [ms], path length: 37 [edges], generated: 1,566
[00:00:00:00:498] Path of length 37 found: [41, 34, 27, 20, 13, 6, 5, 4, 3, 2, 1, 8, 15, 16, 23, 24, 17, 10, 11, 12, 19, 18, 25, 26, 33, 32, 31, 38, 37, 36, 35, 28, 29, 22, 21, 14, 7, 0]
[00:00:00:00:498] ! Unidirectional t-s. expansions: 681, time: 498 [ms], path length: 37 [edges], generated: 1,147
[00:00:00:03:772] Path of length 37 found: [0, 7, 14, 21, 28, 35, 36, 29, 22, 23, 24, 31, 38, 39, 32, 33, 26, 25, 18, 19, 12, 11, 10, 17, 16, 15, 8, 1, 2, 3, 4, 5, 6, 13, 20, 27, 34, 41]
[00:00:00:04:061] ! Bidirectional. expansions: 2,693, time: 3,772 [ms], path length: 37 [edges], g_F: 9, g_B: 28, generated: {'F': 2,605, 'B': 2,222}, MM: 19, MMPER: 49.0%
[00:00:00:04:062] 
---------- SM_Grids/6x7_grid_with_random_blocks_8per_5 ----------
[00:00:00:01:305] Path of length 37 found: [0, 7, 14, 21, 28, 35, 36, 29, 22, 15, 8, 1, 2, 3, 10, 17, 16, 23, 30, 37, 38, 31, 32, 25, 18, 11, 4, 5, 6, 13, 12, 19, 20, 27, 26, 33, 40, 41]
[00:00:00:01:305] ! Unidirectional s-t. expansions: 2,167, time: 1,305 [ms], path length: 37 [edges], generated: 3,495
[00:00:00:00:221] Path of length 37 found: [41, 40, 33, 26, 27, 20, 13, 6, 5, 4, 3, 2, 1, 8, 15, 22, 29, 30, 23, 16, 17, 10, 11, 12, 19, 18, 25, 32, 31, 38, 37, 36, 35, 28, 21, 14, 7, 0]
[00:00:00:00:222] ! Unidirectional t-s. expansions: 303, time: 222 [ms], path length: 37 [edges], generated: 509
[00:00:00:03:811] Path of length 37 found: [0, 7, 14, 21, 28, 35, 36, 29, 22, 15, 8, 1, 2, 3, 10, 17, 16, 23, 30, 37, 38, 39, 32, 25, 18, 19, 12, 11, 4, 5, 6, 13, 20, 27, 26, 33, 40, 41]
[00:00:00:04:133] ! Bidirectional. expansions: 3,009, time: 3,811 [ms], path length: 37 [edges], g_F: 20, g_B: 17, generated: {'F': 3,210, 'B': 1,984}, MM: 3, MMPER: 6.894736842105263%
[00:00:00:04:133] 
---------- SM_Grids/6x7_grid_with_random_blocks_8per_6 ----------
[00:00:00:01:475] Path of length 37 found: [0, 7, 14, 21, 28, 35, 36, 37, 30, 23, 22, 15, 8, 1, 2, 9, 16, 17, 10, 3, 4, 11, 12, 5, 6, 13, 20, 27, 26, 25, 24, 31, 38, 39, 32, 33, 40, 41]
[00:00:00:01:475] ! Unidirectional s-t. expansions: 2,463, time: 1,475 [ms], path length: 37 [edges], generated: 4,071
[00:00:00:00:724] Path of length 37 found: [41, 34, 27, 20, 13, 6, 5, 12, 11, 4, 3, 2, 1, 8, 15, 22, 23, 16, 9, 10, 17, 24, 31, 32, 25, 26, 33, 40, 39, 38, 37, 36, 35, 28, 21, 14, 7, 0]
[00:00:00:00:725] ! Unidirectional t-s. expansions: 1,001, time: 725 [ms], path length: 37 [edges], generated: 1,772
[00:00:00:07:870] Path of length 37 found: [0, 7, 14, 21, 28, 35, 36, 37, 30, 31, 38, 39, 40, 33, 32, 25, 24, 17, 10, 9, 16, 23, 22, 15, 8, 1, 2, 3, 4, 11, 12, 5, 6, 13, 20, 27, 34, 41]
[00:00:00:08:168] ! Bidirectional. expansions: 5,871, time: 7,870 [ms], path length: 37 [edges], g_F: 14, g_B: 23, generated: {'F': 5,517, 'B': 4,731}, MM: 9, MMPER: 22.68421052631579%
[00:00:00:08:169] 
---------- SM_Grids/6x7_grid_with_random_blocks_8per_7 ----------
[00:00:00:20:797] Path of length 35 found: [0, 7, 14, 21, 28, 35, 36, 29, 22, 15, 8, 1, 2, 3, 10, 9, 16, 23, 30, 37, 38, 39, 32, 31, 24, 17, 18, 11, 12, 13, 20, 19, 26, 33, 34, 41]
[00:00:00:20:797] ! Unidirectional s-t. expansions: 36,470, time: 20,797 [ms], path length: 35 [edges], generated: 63,843
[00:00:00:15:101] Path of length 35 found: [41, 34, 27, 20, 13, 12, 11, 10, 3, 2, 1, 8, 9, 16, 15, 22, 29, 30, 23, 24, 17, 18, 19, 26, 25, 32, 31, 38, 37, 36, 35, 28, 21, 14, 7, 0]
[00:00:00:15:101] ! Unidirectional t-s. expansions: 26,538, time: 15,101 [ms], path length: 35 [edges], generated: 46,394
[00:00:00:55:300] Path of length 35 found: [0, 7, 14, 21, 28, 35, 36, 29, 22, 15, 8, 1, 2, 3, 10, 9, 16, 23, 30, 37, 38, 39, 32, 31, 24, 25, 26, 19, 18, 11, 12, 13, 20, 27, 34, 41]
[00:00:00:55:588] ! Bidirectional. expansions: 46,704, time: 55,300 [ms], path length: 35 [edges], g_F: 28, g_B: 7, generated: {'F': 55,910, 'B': 33,947}, MM: 21, MMPER: 57.333333333333336%
[00:00:00:55:589] 
---------- SM_Grids/6x7_grid_with_random_blocks_8per_8 ----------
[00:00:00:15:040] Path of length 35 found: [0, 1, 2, 9, 8, 15, 14, 21, 28, 29, 22, 23, 16, 17, 10, 11, 4, 5, 6, 13, 12, 19, 18, 25, 24, 31, 30, 37, 38, 39, 32, 33, 26, 27, 34, 41]
[00:00:00:15:040] ! Unidirectional s-t. expansions: 25,833, time: 15,040 [ms], path length: 35 [edges], generated: 46,204
[00:00:00:30:033] Path of length 35 found: [41, 34, 27, 20, 13, 6, 5, 4, 11, 12, 19, 18, 17, 10, 9, 16, 23, 30, 31, 24, 25, 26, 33, 32, 39, 38, 37, 36, 29, 28, 21, 14, 15, 8, 1, 0]
[00:00:00:30:033] ! Unidirectional t-s. expansions: 54,482, time: 30,033 [ms], path length: 35 [edges], generated: 92,268
[00:00:01:06:124] Path of length 35 found: [0, 1, 2, 9, 8, 15, 14, 21, 28, 29, 22, 23, 16, 17, 24, 31, 30, 37, 38, 39, 40, 33, 26, 25, 18, 19, 12, 11, 4, 5, 6, 13, 20, 27, 34, 41]
[00:00:01:06:413] ! Bidirectional. expansions: 54,316, time: 66,124 [ms], path length: 35 [edges], g_F: 23, g_B: 12, generated: {'F': 56,642, 'B': 47,422}, MM: 11, MMPER: 29.555555555555557%
[00:00:01:06:413] 
---------- SM_Grids/6x7_grid_with_random_blocks_8per_9 ----------
[00:00:00:00:341] Path of length 37 found: [0, 7, 14, 21, 28, 35, 36, 29, 22, 15, 16, 9, 8, 1, 2, 3, 4, 11, 12, 5, 6, 13, 20, 27, 26, 19, 18, 17, 24, 23, 30, 37, 38, 31, 32, 39, 40, 41]
[00:00:00:00:341] ! Unidirectional s-t. expansions: 437, time: 341 [ms], path length: 37 [edges], generated: 786
[00:00:00:00:283] Path of length 37 found: [41, 40, 39, 32, 31, 38, 37, 30, 23, 24, 17, 18, 11, 12, 19, 26, 27, 20, 13, 6, 5, 4, 3, 2, 1, 8, 9, 16, 15, 22, 29, 36, 35, 28, 21, 14, 7, 0]
[00:00:00:00:283] ! Unidirectional t-s. expansions: 496, time: 283 [ms], path length: 37 [edges], generated: 835
[00:00:00:00:754] Path of length 37 found: [0, 7, 14, 21, 28, 35, 36, 29, 22, 15, 16, 9, 8, 1, 2, 3, 4, 11, 12, 5, 6, 13, 20, 27, 26, 19, 18, 17, 24, 23, 30, 37, 38, 31, 32, 39, 40, 41]
[00:00:00:01:034] ! Bidirectional. expansions: 449, time: 754 [ms], path length: 37 [edges], g_F: 37, g_B: 0, generated: {'F': 747, 'B': 46}, MM: 37, MMPER: 96.36842105263158%

[00:00:00:01:035] average expansions: (7,532, 8,751, 12,930, 0)
[00:00:00:01:035] average time: (4,406, 4,986, 16,115, 0)
[00:00:00:01:035] X-DFBnB: 7,532 , 4,406 (expansions , time[ms])
[00:00:00:01:035] BiX-DFBnB: 12,930 , 16,115 (expansions , time[ms])

--------------------------
date: SM_Grids
number_of_graphs: 10
graph_type: grid
size_of_graphs: [6, 7]
heuristic: bcc_heuristic
snake: False
run_uni: True
run_bi: True
run_multi: False
solution_vertices: []
algorithms: ['DFBnB']
bsd: False
cube_first_dims: 4
cube_buffer_dim: None
backward_sym_generation: False
sym_coil: False
prefix_set: None

---------- SM_Grids/6x7_grid_with_random_blocks_8per_0 ----------
[00:00:00:00:024] Path of length 35 found: [0, 7, 14, 21, 28, 35, 36, 29, 22, 15, 8, 1, 2, 3, 10, 9, 16, 23, 30, 37, 38, 31, 24, 25, 18, 11, 12, 19, 26, 27, 34, 33, 32, 39, 40, 41]
[00:00:00:00:024] ! Unidirectional s-t. expansions: 35, time: 24 [ms], path length: 35 [edges], generated: 59
[00:00:00:00:022] Path of length 35 found: [41, 34, 27, 26, 19, 12, 11, 18, 25, 24, 23, 16, 9, 10, 3, 2, 1, 8, 15, 22, 29, 30, 31, 32, 33, 40, 39, 38, 37, 36, 35, 28, 21, 14, 7, 0]
[00:00:00:00:022] ! Unidirectional t-s. expansions: 35, time: 22 [ms], path length: 35 [edges], generated: 59
[00:00:00:00:048] Path of length 35 found: [0, 7, 14, 21, 28, 35, 36, 29, 22, 15, 8, 1, 2, 3, 10, 9, 16, 23, 30, 37, 38, 39, 40, 33, 32, 31, 24, 25, 18, 11, 12, 19, 26, 27, 34, 41]
[00:00:00:00:360] ! Bidirectional. expansions: 35, time: 48 [ms], path length: 35 [edges], g_F: 25, g_B: 10, generated: {'F': 45, 'B': 20}, MM: 15, MMPER: 40.666666666666664%
[00:00:00:00:360] 
---------- SM_Grids/6x7_grid_with_random_blocks_8per_1 ----------
[00:00:00:00:991] Path of length 37 found: [0, 7, 14, 21, 28, 35, 36, 29, 22, 15, 8, 1, 2, 9, 16, 23, 30, 31, 24, 25, 18, 11, 10, 3, 4, 5, 12, 13, 20, 19, 26, 27, 34, 33, 32, 39, 40, 41]
[00:00:00:00:992] ! Unidirectional s-t. expansions: 1,458, time: 991 [ms], path length: 37 [edges], generated: 2,422
[00:00:00:00:621] Path of length 37 found: [41, 34, 27, 20, 13, 12, 5, 4, 3, 2, 1, 8, 15, 22, 23, 16, 9, 10, 11, 18, 19, 26, 25, 32, 33, 40, 39, 38, 31, 30, 29, 36, 35, 28, 21, 14, 7, 0]
[00:00:00:00:622] ! Unidirectional t-s. expansions: 849, time: 622 [ms], path length: 37 [edges], generated: 1,427
[00:00:00:06:983] Path of length 37 found: [0, 7, 14, 21, 28, 35, 36, 29, 22, 15, 16, 23, 30, 31, 38, 39, 40, 33, 32, 25, 26, 19, 18, 11, 10, 9, 8, 1, 2, 3, 4, 5, 12, 13, 20, 27, 34, 41]
[00:00:00:07:281] ! Bidirectional. expansions: 4,704, time: 6,983 [ms], path length: 37 [edges], g_F: 18, g_B: 19, generated: {'F': 4,657, 'B': 3,595}, MM: 1, MMPER: 1.6315789473684212%
[00:00:00:07:281] 
---------- SM_Grids/6x7_grid_with_random_blocks_8per_2 ----------
[00:00:00:01:201] Path of length 37 found: [0, 7, 14, 15, 8, 1, 2, 3, 10, 9, 16, 23, 22, 29, 28, 35, 36, 37, 30, 31, 38, 39, 32, 25, 24, 17, 18, 11, 12, 5, 6, 13, 20, 19, 26, 33, 40, 41]
[00:00:00:01:201] ! Unidirectional s-t. expansions: 1,889, time: 1,201 [ms], path length: 37 [edges], generated: 3,145
[00:00:00:00:473] Path of length 37 found: [41, 40, 33, 26, 27, 20, 13, 6, 5, 12, 19, 18, 11, 10, 3, 2, 1, 8, 9, 16, 17, 24, 25, 32, 39, 38, 31, 30, 37, 36, 35, 28, 29, 22, 15, 14, 7, 0]
[00:00:00:00:474] ! Unidirectional t-s. expansions: 638, time: 474 [ms], path length: 37 [edges], generated: 1,119
[00:00:00:03:714] Path of length 37 found: [0, 7, 14, 15, 8, 1, 2, 3, 10, 9, 16, 23, 22, 29, 28, 35, 36, 37, 30, 31, 38, 39, 32, 25, 24, 17, 18, 11, 12, 5, 6, 13, 20, 27, 26, 33, 40, 41]
[00:00:00:04:222] ! Bidirectional. expansions: 2,770, time: 3,714 [ms], path length: 37 [edges], g_F: 28, g_B: 9, generated: {'F': 2,772, 'B': 2,161}, MM: 19, MMPER: 49.0%
[00:00:00:04:222] 
---------- SM_Grids/6x7_grid_with_random_blocks_8per_3 ----------
[00:00:00:02:335] Path of length 35 found: [0, 7, 14, 21, 28, 35, 36, 29, 22, 15, 8, 1, 2, 9, 16, 23, 30, 37, 38, 31, 24, 25, 18, 11, 4, 5, 12, 19, 20, 27, 26, 33, 32, 39, 40, 41]
[00:00:00:02:335] ! Unidirectional s-t. expansions: 3,620, time: 2,335 [ms], path length: 35 [edges], generated: 6,383
[00:00:00:01:968] Path of length 35 found: [41, 34, 27, 20, 19, 12, 5, 4, 11, 10, 9, 2, 1, 8, 15, 16, 23, 22, 29, 30, 31, 24, 25, 26, 33, 32, 39, 38, 37, 36, 35, 28, 21, 14, 7, 0]
[00:00:00:01:968] ! Unidirectional t-s. expansions: 2,485, time: 1,968 [ms], path length: 35 [edges], generated: 4,421
[00:00:00:13:243] Path of length 35 found: [0, 7, 14, 21, 28, 35, 36, 29, 22, 15, 8, 1, 2, 9, 16, 23, 30, 37, 38, 31, 32, 39, 40, 33, 26, 25, 18, 11, 4, 5, 12, 19, 20, 27, 34, 41]
[00:00:00:13:547] ! Bidirectional. expansions: 8,754, time: 13,244 [ms], path length: 35 [edges], g_F: 21, g_B: 14, generated: {'F': 8,602, 'B': 7,449}, MM: 7, MMPER: 18.444444444444443%
[00:00:00:13:547] 
---------- SM_Grids/6x7_grid_with_random_blocks_8per_4 ----------
[00:00:00:00:665] Path of length 37 found: [0, 7, 14, 21, 28, 35, 36, 29, 22, 15, 8, 1, 2, 3, 10, 17, 16, 23, 24, 31, 38, 39, 32, 25, 18, 11, 4, 5, 6, 13, 12, 19, 20, 27, 26, 33, 34, 41]
[00:00:00:00:666] ! Unidirectional s-t. expansions: 952, time: 666 [ms], path length: 37 [edges], generated: 1,566
[00:00:00:00:505] Path of length 37 found: [41, 34, 27, 20, 13, 6, 5, 4, 3, 2, 1, 8, 15, 16, 23, 24, 17, 10, 11, 12, 19, 18, 25, 26, 33, 32, 31, 38, 37, 36, 35, 28, 29, 22, 21, 14, 7, 0]
[00:00:00:00:506] ! Unidirectional t-s. expansions: 681, time: 505 [ms], path length: 37 [edges], generated: 1,147
[00:00:00:03:853] Path of length 37 found: [0, 7, 14, 21, 28, 35, 36, 29, 22, 23, 24, 31, 38, 39, 32, 33, 26, 25, 18, 19, 12, 11, 10, 17, 16, 15, 8, 1, 2, 3, 4, 5, 6, 13, 20, 27, 34, 41]
[00:00:00:04:156] ! Bidirectional. expansions: 2,693, time: 3,853 [ms], path length: 37 [edges], g_F: 9, g_B: 28, generated: {'F': 2,605, 'B': 2,222}, MM: 19, MMPER: 49.0%
[00:00:00:04:156] 
---------- SM_Grids/6x7_grid_with_random_blocks_8per_5 ----------
[00:00:00:01:369] Path of length 37 found: [0, 7, 14, 21, 28, 35, 36, 29, 22, 15, 8, 1, 2, 3, 10, 17, 16, 23, 30, 37, 38, 31, 32, 25, 18, 11, 4, 5, 6, 13, 12, 19, 20, 27, 26, 33, 40, 41]
[00:00:00:01:369] ! Unidirectional s-t. expansions: 2,167, time: 1,369 [ms], path length: 37 [edges], generated: 3,495
[00:00:00:00:235] Path of length 37 found: [41, 40, 33, 26, 27, 20, 13, 6, 5, 4, 3, 2, 1, 8, 15, 22, 29, 30, 23, 16, 17, 10, 11, 12, 19, 18, 25, 32, 31, 38, 37, 36, 35, 28, 21, 14, 7, 0]
[00:00:00:00:236] ! Unidirectional t-s. expansions: 303, time: 236 [ms], path length: 37 [edges], generated: 509
[00:00:00:03:979] Path of length 37 found: [0, 7, 14, 21, 28, 35, 36, 29, 22, 15, 8, 1, 2, 3, 10, 17, 16, 23, 30, 37, 38, 39, 32, 25, 18, 19, 12, 11, 4, 5, 6, 13, 20, 27, 26, 33, 40, 41]
[00:00:00:04:312] ! Bidirectional. expansions: 3,009, time: 3,979 [ms], path length: 37 [edges], g_F: 20, g_B: 17, generated: {'F': 3,210, 'B': 1,984}, MM: 3, MMPER: 6.894736842105263%
[00:00:00:04:312] 
---------- SM_Grids/6x7_grid_with_random_blocks_8per_6 ----------
[00:00:00:01:511] Path of length 37 found: [0, 7, 14, 21, 28, 35, 36, 37, 30, 23, 22, 15, 8, 1, 2, 9, 16, 17, 10, 3, 4, 11, 12, 5, 6, 13, 20, 27, 26, 25, 24, 31, 38, 39, 32, 33, 40, 41]
[00:00:00:01:511] ! Unidirectional s-t. expansions: 2,463, time: 1,511 [ms], path length: 37 [edges], generated: 4,071
[00:00:00:00:738] Path of length 37 found: [41, 34, 27, 20, 13, 6, 5, 12, 11, 4, 3, 2, 1, 8, 15, 22, 23, 16, 9, 10, 17, 24, 31, 32, 25, 26, 33, 40, 39, 38, 37, 36, 35, 28, 21, 14, 7, 0]
[00:00:00:00:739] ! Unidirectional t-s. expansions: 1,001, time: 739 [ms], path length: 37 [edges], generated: 1,772
[00:00:00:08:244] Path of length 37 found: [0, 7, 14, 21, 28, 35, 36, 37, 30, 31, 38, 39, 40, 33, 32, 25, 24, 17, 10, 9, 16, 23, 22, 15, 8, 1, 2, 3, 4, 11, 12, 5, 6, 13, 20, 27, 34, 41]
[00:00:00:08:543] ! Bidirectional. expansions: 5,871, time: 8,244 [ms], path length: 37 [edges], g_F: 14, g_B: 23, generated: {'F': 5,517, 'B': 4,731}, MM: 9, MMPER: 22.68421052631579%
[00:00:00:08:543] 
---------- SM_Grids/6x7_grid_with_random_blocks_8per_7 ----------
[00:00:00:21:512] Path of length 35 found: [0, 7, 14, 21, 28, 35, 36, 29, 22, 15, 8, 1, 2, 3, 10, 9, 16, 23, 30, 37, 38, 39, 32, 31, 24, 17, 18, 11, 12, 13, 20, 19, 26, 33, 34, 41]
[00:00:00:21:512] ! Unidirectional s-t. expansions: 36,470, time: 21,512 [ms], path length: 35 [edges], generated: 63,843
[00:00:00:15:561] Path of length 35 found: [41, 34, 27, 20, 13, 12, 11, 10, 3, 2, 1, 8, 9, 16, 15, 22, 29, 30, 23, 24, 17, 18, 19, 26, 25, 32, 31, 38, 37, 36, 35, 28, 21, 14, 7, 0]
[00:00:00:15:561] ! Unidirectional t-s. expansions: 26,538, time: 15,561 [ms], path length: 35 [edges], generated: 46,394
[00:00:00:57:740] Path of length 35 found: [0, 7, 14, 21, 28, 35, 36, 29, 22, 15, 8, 1, 2, 3, 10, 9, 16, 23, 30, 37, 38, 39, 32, 31, 24, 25, 26, 19, 18, 11, 12, 13, 20, 27, 34, 41]
[00:00:00:58:034] ! Bidirectional. expansions: 46,704, time: 57,740 [ms], path length: 35 [edges], g_F: 28, g_B: 7, generated: {'F': 55,910, 'B': 33,947}, MM: 21, MMPER: 57.333333333333336%
[00:00:00:58:034] 
---------- SM_Grids/6x7_grid_with_random_blocks_8per_8 ----------
[00:00:00:15:327] Path of length 35 found: [0, 1, 2, 9, 8, 15, 14, 21, 28, 29, 22, 23, 16, 17, 10, 11, 4, 5, 6, 13, 12, 19, 18, 25, 24, 31, 30, 37, 38, 39, 32, 33, 26, 27, 34, 41]
[00:00:00:15:328] ! Unidirectional s-t. expansions: 25,833, time: 15,327 [ms], path length: 35 [edges], generated: 46,204
[00:00:00:30:163] Path of length 35 found: [41, 34, 27, 20, 13, 6, 5, 4, 11, 12, 19, 18, 17, 10, 9, 16, 23, 30, 31, 24, 25, 26, 33, 32, 39, 38, 37, 36, 29, 28, 21, 14, 15, 8, 1, 0]
[00:00:00:30:164] ! Unidirectional t-s. expansions: 54,482, time: 30,163 [ms], path length: 35 [edges], generated: 92,268
[00:00:01:07:414] Path of length 35 found: [0, 1, 2, 9, 8, 15, 14, 21, 28, 29, 22, 23, 16, 17, 24, 31, 30, 37, 38, 39, 40, 33, 26, 25, 18, 19, 12, 11, 4, 5, 6, 13, 20, 27, 34, 41]
[00:00:01:07:704] ! Bidirectional. expansions: 54,316, time: 67,414 [ms], path length: 35 [edges], g_F: 23, g_B: 12, generated: {'F': 56,642, 'B': 47,422}, MM: 11, MMPER: 29.555555555555557%
[00:00:01:07:705] 
---------- SM_Grids/6x7_grid_with_random_blocks_8per_9 ----------
[00:00:00:00:344] Path of length 37 found: [0, 7, 14, 21, 28, 35, 36, 29, 22, 15, 16, 9, 8, 1, 2, 3, 4, 11, 12, 5, 6, 13, 20, 27, 26, 19, 18, 17, 24, 23, 30, 37, 38, 31, 32, 39, 40, 41]
[00:00:00:00:344] ! Unidirectional s-t. expansions: 437, time: 344 [ms], path length: 37 [edges], generated: 786
[00:00:00:00:286] Path of length 37 found: [41, 40, 39, 32, 31, 38, 37, 30, 23, 24, 17, 18, 11, 12, 19, 26, 27, 20, 13, 6, 5, 4, 3, 2, 1, 8, 9, 16, 15, 22, 29, 36, 35, 28, 21, 14, 7, 0]
[00:00:00:00:286] ! Unidirectional t-s. expansions: 496, time: 286 [ms], path length: 37 [edges], generated: 835
[00:00:00:00:761] Path of length 37 found: [0, 7, 14, 21, 28, 35, 36, 29, 22, 15, 16, 9, 8, 1, 2, 3, 4, 11, 12, 5, 6, 13, 20, 27, 26, 19, 18, 17, 24, 23, 30, 37, 38, 31, 32, 39, 40, 41]
[00:00:00:01:040] ! Bidirectional. expansions: 449, time: 761 [ms], path length: 37 [edges], g_F: 37, g_B: 0, generated: {'F': 747, 'B': 46}, MM: 37, MMPER: 96.36842105263158%

[00:00:00:01:041] average expansions: (7,532, 8,751, 12,930, 0)
[00:00:00:01:041] average time: (4,528, 5,058, 16,598, 0)
[00:00:00:01:041] X-DFBnB: 7,532 , 4,528 (expansions , time[ms])
[00:00:00:01:041] BiX-DFBnB: 12,930 , 16,598 (expansions , time[ms])

--------------------------
date: SM_Grids
number_of_graphs: 10
graph_type: grid
size_of_graphs: [6, 7]
heuristic: bcc_heuristic
snake: False
run_uni: True
run_bi: True
run_multi: False
solution_vertices: []
algorithms: ['DFBnB']
bsd: False
cube_first_dims: 4
cube_buffer_dim: None
backward_sym_generation: False
sym_coil: False
prefix_set: None

---------- SM_Grids/6x7_grid_with_random_blocks_8per_0 ----------
[00:00:00:00:024] Path of length 35 found: [0, 7, 14, 21, 28, 35, 36, 29, 22, 15, 8, 1, 2, 3, 10, 9, 16, 23, 30, 37, 38, 31, 24, 25, 18, 11, 12, 19, 26, 27, 34, 33, 32, 39, 40, 41]
[00:00:00:00:024] ! Unidirectional s-t. expansions: 35, time: 24 [ms], path length: 35 [edges], generated: 59
[00:00:00:00:021] Path of length 35 found: [41, 34, 27, 26, 19, 12, 11, 18, 25, 24, 23, 16, 9, 10, 3, 2, 1, 8, 15, 22, 29, 30, 31, 32, 33, 40, 39, 38, 37, 36, 35, 28, 21, 14, 7, 0]
[00:00:00:00:022] ! Unidirectional t-s. expansions: 35, time: 21 [ms], path length: 35 [edges], generated: 59
[00:00:00:00:048] Path of length 35 found: [0, 7, 14, 21, 28, 35, 36, 29, 22, 15, 8, 1, 2, 3, 10, 9, 16, 23, 30, 37, 38, 39, 40, 33, 32, 31, 24, 25, 18, 11, 12, 19, 26, 27, 34, 41]
[00:00:00:00:358] ! Bidirectional. expansions: 35, time: 48 [ms], path length: 35 [edges], g_F: 25, g_B: 10, generated: {'F': 45, 'B': 20}, MM: 15, MMPER: 40.666666666666664%
[00:00:00:00:358] 
---------- SM_Grids/6x7_grid_with_random_blocks_8per_1 ----------
[00:00:00:00:991] Path of length 37 found: [0, 7, 14, 21, 28, 35, 36, 29, 22, 15, 8, 1, 2, 9, 16, 23, 30, 31, 24, 25, 18, 11, 10, 3, 4, 5, 12, 13, 20, 19, 26, 27, 34, 33, 32, 39, 40, 41]
[00:00:00:00:991] ! Unidirectional s-t. expansions: 1,458, time: 991 [ms], path length: 37 [edges], generated: 2,422
[00:00:00:00:613] Path of length 37 found: [41, 34, 27, 20, 13, 12, 5, 4, 3, 2, 1, 8, 15, 22, 23, 16, 9, 10, 11, 18, 19, 26, 25, 32, 33, 40, 39, 38, 31, 30, 29, 36, 35, 28, 21, 14, 7, 0]
[00:00:00:00:613] ! Unidirectional t-s. expansions: 849, time: 613 [ms], path length: 37 [edges], generated: 1,427
[00:00:00:06:933] Path of length 37 found: [0, 7, 14, 21, 28, 35, 36, 29, 22, 15, 16, 23, 30, 31, 38, 39, 40, 33, 32, 25, 26, 19, 18, 11, 10, 9, 8, 1, 2, 3, 4, 5, 12, 13, 20, 27, 34, 41]
[00:00:00:07:222] ! Bidirectional. expansions: 4,704, time: 6,933 [ms], path length: 37 [edges], g_F: 18, g_B: 19, generated: {'F': 4,657, 'B': 3,595}, MM: 1, MMPER: 1.6315789473684212%
[00:00:00:07:222] 
---------- SM_Grids/6x7_grid_with_random_blocks_8per_2 ----------
[00:00:00:01:169] Path of length 37 found: [0, 7, 14, 15, 8, 1, 2, 3, 10, 9, 16, 23, 22, 29, 28, 35, 36, 37, 30, 31, 38, 39, 32, 25, 24, 17, 18, 11, 12, 5, 6, 13, 20, 19, 26, 33, 40, 41]
[00:00:00:01:170] ! Unidirectional s-t. expansions: 1,889, time: 1,169 [ms], path length: 37 [edges], generated: 3,145
[00:00:00:00:461] Path of length 37 found: [41, 40, 33, 26, 27, 20, 13, 6, 5, 12, 19, 18, 11, 10, 3, 2, 1, 8, 9, 16, 17, 24, 25, 32, 39, 38, 31, 30, 37, 36, 35, 28, 29, 22, 15, 14, 7, 0]
[00:00:00:00:462] ! Unidirectional t-s. expansions: 638, time: 461 [ms], path length: 37 [edges], generated: 1,119
[00:00:00:03:600] Path of length 37 found: [0, 7, 14, 15, 8, 1, 2, 3, 10, 9, 16, 23, 22, 29, 28, 35, 36, 37, 30, 31, 38, 39, 32, 25, 24, 17, 18, 11, 12, 5, 6, 13, 20, 27, 26, 33, 40, 41]
[00:00:00:03:884] ! Bidirectional. expansions: 2,770, time: 3,600 [ms], path length: 37 [edges], g_F: 28, g_B: 9, generated: {'F': 2,772, 'B': 2,161}, MM: 19, MMPER: 49.0%
[00:00:00:03:885] 
---------- SM_Grids/6x7_grid_with_random_blocks_8per_3 ----------
[00:00:00:02:272] Path of length 35 found: [0, 7, 14, 21, 28, 35, 36, 29, 22, 15, 8, 1, 2, 9, 16, 23, 30, 37, 38, 31, 24, 25, 18, 11, 4, 5, 12, 19, 20, 27, 26, 33, 32, 39, 40, 41]
[00:00:00:02:272] ! Unidirectional s-t. expansions: 3,620, time: 2,272 [ms], path length: 35 [edges], generated: 6,383
[00:00:00:01:900] Path of length 35 found: [41, 34, 27, 20, 19, 12, 5, 4, 11, 10, 9, 2, 1, 8, 15, 16, 23, 22, 29, 30, 31, 24, 25, 26, 33, 32, 39, 38, 37, 36, 35, 28, 21, 14, 7, 0]
[00:00:00:01:900] ! Unidirectional t-s. expansions: 2,485, time: 1,900 [ms], path length: 35 [edges], generated: 4,421
[00:00:00:13:083] Path of length 35 found: [0, 7, 14, 21, 28, 35, 36, 29, 22, 15, 8, 1, 2, 9, 16, 23, 30, 37, 38, 31, 32, 39, 40, 33, 26, 25, 18, 11, 4, 5, 12, 19, 20, 27, 34, 41]
[00:00:00:13:384] ! Bidirectional. expansions: 8,754, time: 13,083 [ms], path length: 35 [edges], g_F: 21, g_B: 14, generated: {'F': 8,602, 'B': 7,449}, MM: 7, MMPER: 18.444444444444443%
[00:00:00:13:384] 
---------- SM_Grids/6x7_grid_with_random_blocks_8per_4 ----------
[00:00:00:00:677] Path of length 37 found: [0, 7, 14, 21, 28, 35, 36, 29, 22, 15, 8, 1, 2, 3, 10, 17, 16, 23, 24, 31, 38, 39, 32, 25, 18, 11, 4, 5, 6, 13, 12, 19, 20, 27, 26, 33, 34, 41]
[00:00:00:00:677] ! Unidirectional s-t. expansions: 952, time: 677 [ms], path length: 37 [edges], generated: 1,566
[00:00:00:00:529] Path of length 37 found: [41, 34, 27, 20, 13, 6, 5, 4, 3, 2, 1, 8, 15, 16, 23, 24, 17, 10, 11, 12, 19, 18, 25, 26, 33, 32, 31, 38, 37, 36, 35, 28, 29, 22, 21, 14, 7, 0]
[00:00:00:00:529] ! Unidirectional t-s. expansions: 681, time: 529 [ms], path length: 37 [edges], generated: 1,147
[00:00:00:03:909] Path of length 37 found: [0, 7, 14, 21, 28, 35, 36, 29, 22, 23, 24, 31, 38, 39, 32, 33, 26, 25, 18, 19, 12, 11, 10, 17, 16, 15, 8, 1, 2, 3, 4, 5, 6, 13, 20, 27, 34, 41]
[00:00:00:04:210] ! Bidirectional. expansions: 2,693, time: 3,909 [ms], path length: 37 [edges], g_F: 9, g_B: 28, generated: {'F': 2,605, 'B': 2,222}, MM: 19, MMPER: 49.0%
[00:00:00:04:210] 
---------- SM_Grids/6x7_grid_with_random_blocks_8per_5 ----------
[00:00:00:01:350] Path of length 37 found: [0, 7, 14, 21, 28, 35, 36, 29, 22, 15, 8, 1, 2, 3, 10, 17, 16, 23, 30, 37, 38, 31, 32, 25, 18, 11, 4, 5, 6, 13, 12, 19, 20, 27, 26, 33, 40, 41]
[00:00:00:01:350] ! Unidirectional s-t. expansions: 2,167, time: 1,350 [ms], path length: 37 [edges], generated: 3,495
[00:00:00:00:231] Path of length 37 found: [41, 40, 33, 26, 27, 20, 13, 6, 5, 4, 3, 2, 1, 8, 15, 22, 29, 30, 23, 16, 17, 10, 11, 12, 19, 18, 25, 32, 31, 38, 37, 36, 35, 28, 21, 14, 7, 0]
[00:00:00:00:231] ! Unidirectional t-s. expansions: 303, time: 231 [ms], path length: 37 [edges], generated: 509
[00:00:00:03:980] Path of length 37 found: [0, 7, 14, 21, 28, 35, 36, 29, 22, 15, 8, 1, 2, 3, 10, 17, 16, 23, 30, 37, 38, 39, 32, 25, 18, 19, 12, 11, 4, 5, 6, 13, 20, 27, 26, 33, 40, 41]
[00:00:00:04:308] ! Bidirectional. expansions: 3,009, time: 3,980 [ms], path length: 37 [edges], g_F: 20, g_B: 17, generated: {'F': 3,210, 'B': 1,984}, MM: 3, MMPER: 6.894736842105263%
[00:00:00:04:309] 
---------- SM_Grids/6x7_grid_with_random_blocks_8per_6 ----------
[00:00:00:01:521] Path of length 37 found: [0, 7, 14, 21, 28, 35, 36, 37, 30, 23, 22, 15, 8, 1, 2, 9, 16, 17, 10, 3, 4, 11, 12, 5, 6, 13, 20, 27, 26, 25, 24, 31, 38, 39, 32, 33, 40, 41]
[00:00:00:01:521] ! Unidirectional s-t. expansions: 2,463, time: 1,521 [ms], path length: 37 [edges], generated: 4,071
[00:00:00:00:754] Path of length 37 found: [41, 34, 27, 20, 13, 6, 5, 12, 11, 4, 3, 2, 1, 8, 15, 22, 23, 16, 9, 10, 17, 24, 31, 32, 25, 26, 33, 40, 39, 38, 37, 36, 35, 28, 21, 14, 7, 0]
[00:00:00:00:754] ! Unidirectional t-s. expansions: 1,001, time: 754 [ms], path length: 37 [edges], generated: 1,772
[00:00:00:08:296] Path of length 37 found: [0, 7, 14, 21, 28, 35, 36, 37, 30, 31, 38, 39, 40, 33, 32, 25, 24, 17, 10, 9, 16, 23, 22, 15, 8, 1, 2, 3, 4, 11, 12, 5, 6, 13, 20, 27, 34, 41]
[00:00:00:08:593] ! Bidirectional. expansions: 5,871, time: 8,296 [ms], path length: 37 [edges], g_F: 14, g_B: 23, generated: {'F': 5,517, 'B': 4,731}, MM: 9, MMPER: 22.68421052631579%
[00:00:00:08:593] 
---------- SM_Grids/6x7_grid_with_random_blocks_8per_7 ----------
[00:00:00:21:576] Path of length 35 found: [0, 7, 14, 21, 28, 35, 36, 29, 22, 15, 8, 1, 2, 3, 10, 9, 16, 23, 30, 37, 38, 39, 32, 31, 24, 17, 18, 11, 12, 13, 20, 19, 26, 33, 34, 41]
[00:00:00:21:577] ! Unidirectional s-t. expansions: 36,470, time: 21,577 [ms], path length: 35 [edges], generated: 63,843
[00:00:00:15:815] Path of length 35 found: [41, 34, 27, 20, 13, 12, 11, 10, 3, 2, 1, 8, 9, 16, 15, 22, 29, 30, 23, 24, 17, 18, 19, 26, 25, 32, 31, 38, 37, 36, 35, 28, 21, 14, 7, 0]
[00:00:00:15:816] ! Unidirectional t-s. expansions: 26,538, time: 15,816 [ms], path length: 35 [edges], generated: 46,394
[00:00:00:59:253] Path of length 35 found: [0, 7, 14, 21, 28, 35, 36, 29, 22, 15, 8, 1, 2, 3, 10, 9, 16, 23, 30, 37, 38, 39, 32, 31, 24, 25, 26, 19, 18, 11, 12, 13, 20, 27, 34, 41]
[00:00:00:59:548] ! Bidirectional. expansions: 46,704, time: 59,253 [ms], path length: 35 [edges], g_F: 28, g_B: 7, generated: {'F': 55,910, 'B': 33,947}, MM: 21, MMPER: 57.333333333333336%
[00:00:00:59:548] 
---------- SM_Grids/6x7_grid_with_random_blocks_8per_8 ----------
[00:00:00:15:555] Path of length 35 found: [0, 1, 2, 9, 8, 15, 14, 21, 28, 29, 22, 23, 16, 17, 10, 11, 4, 5, 6, 13, 12, 19, 18, 25, 24, 31, 30, 37, 38, 39, 32, 33, 26, 27, 34, 41]
[00:00:00:15:555] ! Unidirectional s-t. expansions: 25,833, time: 15,555 [ms], path length: 35 [edges], generated: 46,204
[00:00:00:30:291] Path of length 35 found: [41, 34, 27, 20, 13, 6, 5, 4, 11, 12, 19, 18, 17, 10, 9, 16, 23, 30, 31, 24, 25, 26, 33, 32, 39, 38, 37, 36, 29, 28, 21, 14, 15, 8, 1, 0]
[00:00:00:30:291] ! Unidirectional t-s. expansions: 54,482, time: 30,291 [ms], path length: 35 [edges], generated: 92,268
[00:00:01:07:301] Path of length 35 found: [0, 1, 2, 9, 8, 15, 14, 21, 28, 29, 22, 23, 16, 17, 24, 31, 30, 37, 38, 39, 40, 33, 26, 25, 18, 19, 12, 11, 4, 5, 6, 13, 20, 27, 34, 41]
[00:00:01:07:580] ! Bidirectional. expansions: 54,316, time: 67,301 [ms], path length: 35 [edges], g_F: 23, g_B: 12, generated: {'F': 56,642, 'B': 47,422}, MM: 11, MMPER: 29.555555555555557%
[00:00:01:07:581] 
---------- SM_Grids/6x7_grid_with_random_blocks_8per_9 ----------
[00:00:00:00:339] Path of length 37 found: [0, 7, 14, 21, 28, 35, 36, 29, 22, 15, 16, 9, 8, 1, 2, 3, 4, 11, 12, 5, 6, 13, 20, 27, 26, 19, 18, 17, 24, 23, 30, 37, 38, 31, 32, 39, 40, 41]
[00:00:00:00:340] ! Unidirectional s-t. expansions: 437, time: 340 [ms], path length: 37 [edges], generated: 786
[00:00:00:00:283] Path of length 37 found: [41, 40, 39, 32, 31, 38, 37, 30, 23, 24, 17, 18, 11, 12, 19, 26, 27, 20, 13, 6, 5, 4, 3, 2, 1, 8, 9, 16, 15, 22, 29, 36, 35, 28, 21, 14, 7, 0]
[00:00:00:00:284] ! Unidirectional t-s. expansions: 496, time: 283 [ms], path length: 37 [edges], generated: 835
[00:00:00:00:754] Path of length 37 found: [0, 7, 14, 21, 28, 35, 36, 29, 22, 15, 16, 9, 8, 1, 2, 3, 4, 11, 12, 5, 6, 13, 20, 27, 26, 19, 18, 17, 24, 23, 30, 37, 38, 31, 32, 39, 40, 41]
[00:00:00:01:027] ! Bidirectional. expansions: 449, time: 754 [ms], path length: 37 [edges], g_F: 37, g_B: 0, generated: {'F': 747, 'B': 46}, MM: 37, MMPER: 96.36842105263158%

[00:00:00:01:027] average expansions: (7,532, 8,751, 12,930, 0)
[00:00:00:01:027] average time: (4,548, 5,090, 16,716, 0)
[00:00:00:01:027] X-DFBnB: 7,532 , 4,548 (expansions , time[ms])
[00:00:00:01:027] BiX-DFBnB: 12,930 , 16,716 (expansions , time[ms])

