Fri 20 Mar 2026 13:00:28 IST

SLURM_JOBID:		 16224749
SLURM_JOB_NODELIST:	 ise-cpu256-03 

--------------------------
date: SM_Grids
number_of_graphs: 10
graph_type: grid
size_of_graphs: [6, 8]
heuristic: bcc_heuristic
snake: False
run_uni: True
run_bi: True
run_multi: False
solution_vertices: []
algorithms: ['DFBnB']
bsd: False
cube_first_dims: 4
cube_buffer_dim: None
backward_sym_generation: False
sym_coil: False
prefix_set: None

---------- SM_Grids/6x8_grid_with_random_blocks_8per_0 ----------
[00:00:01:52:681] Valid states checked so far: 200,000, Expansions: 199,998, Global best: 41
[00:00:02:06:645] Path of length 40 found: [0, 1, 9, 8, 16, 24, 32, 40, 41, 33, 25, 17, 18, 10, 11, 3, 4, 12, 20, 19, 27, 26, 34, 42, 43, 35, 36, 28, 29, 21, 13, 5, 6, 14, 15, 23, 31, 30, 38, 46, 47]
[00:00:02:06:646] ! Unidirectional s-t. expansions: 226,242, time: 126,645 [ms], path length: 40 [edges], generated: 373,425
[00:00:01:28:542] Path of length 40 found: [47, 46, 38, 39, 31, 23, 15, 7, 6, 14, 13, 5, 4, 3, 11, 12, 20, 21, 29, 37, 36, 28, 27, 19, 18, 10, 9, 17, 25, 26, 34, 35, 43, 42, 41, 33, 32, 24, 16, 8, 0]
[00:00:01:28:542] ! Unidirectional t-s. expansions: 169,029, time: 88,542 [ms], path length: 40 [edges], generated: 285,824
[00:00:03:54:220] Valid meeting checks so far: 200,000, state_vs_state: 152, state_vs_prefix: 0, prefix_vs_prefix: 199,848
[00:00:04:41:256] Path of length 40 found: [0, 1, 9, 8, 16, 24, 32, 40, 41, 33, 25, 17, 18, 10, 11, 3, 4, 12, 20, 19, 27, 26, 34, 42, 43, 35, 36, 28, 29, 21, 13, 5, 6, 7, 15, 23, 31, 39, 38, 46, 47]
[00:00:04:41:621] ! Bidirectional. expansions: 238,275, time: 281,256 [ms], path length: 40 [edges], g_F: 32, g_B: 8, generated: {'F': 261,414, 'B': 179,683}, MM: 24, MMPER: 57.53658536585366%
[00:00:04:41:621] 
---------- SM_Grids/6x8_grid_with_random_blocks_8per_1 ----------
[00:00:00:02:071] Path of length 42 found: [0, 8, 16, 24, 32, 40, 41, 33, 25, 17, 18, 10, 11, 3, 4, 12, 20, 19, 27, 26, 34, 42, 43, 35, 36, 28, 29, 21, 13, 14, 6, 7, 15, 23, 22, 30, 31, 39, 38, 37, 45, 46, 47]
[00:00:00:02:072] ! Unidirectional s-t. expansions: 2,468, time: 2,071 [ms], path length: 42 [edges], generated: 4,467
[00:00:00:11:589] Path of length 42 found: [47, 39, 31, 23, 15, 7, 6, 14, 13, 12, 4, 3, 11, 10, 18, 17, 25, 33, 34, 26, 27, 19, 20, 28, 36, 37, 29, 21, 22, 30, 38, 46, 45, 44, 43, 42, 41, 40, 32, 24, 16, 8, 0]
[00:00:00:11:589] ! Unidirectional t-s. expansions: 16,921, time: 11,589 [ms], path length: 42 [edges], generated: 27,943
[00:00:00:26:192] Path of length 42 found: [0, 8, 16, 24, 32, 40, 41, 42, 43, 35, 36, 44, 45, 46, 38, 37, 29, 30, 22, 21, 20, 19, 27, 26, 34, 33, 25, 17, 18, 10, 11, 3, 4, 12, 13, 14, 6, 7, 15, 23, 31, 39, 47]
[00:00:00:26:493] ! Bidirectional. expansions: 21,027, time: 26,192 [ms], path length: 42 [edges], g_F: 22, g_B: 20, generated: {'F': 10,343, 'B': 24,267}, MM: 2, MMPER: 3.6511627906976747%
[00:00:00:26:493] 
---------- SM_Grids/6x8_grid_with_random_blocks_8per_2 ----------
[00:00:00:31:113] Path of length 40 found: [0, 8, 16, 24, 32, 40, 41, 42, 34, 33, 25, 17, 9, 1, 2, 3, 11, 10, 18, 26, 27, 19, 20, 28, 36, 44, 45, 37, 29, 21, 22, 14, 6, 7, 15, 23, 31, 30, 38, 46, 47]
[00:00:00:31:114] ! Unidirectional s-t. expansions: 45,755, time: 31,114 [ms], path length: 40 [edges], generated: 81,796
[00:00:00:23:983] Path of length 40 found: [47, 39, 31, 23, 15, 7, 6, 14, 22, 21, 20, 12, 11, 3, 2, 1, 9, 10, 18, 19, 27, 28, 29, 30, 38, 46, 45, 37, 36, 35, 34, 26, 25, 33, 41, 40, 32, 24, 16, 8, 0]
[00:00:00:23:983] ! Unidirectional t-s. expansions: 36,690, time: 23,983 [ms], path length: 40 [edges], generated: 65,262
[00:00:02:18:073] Path of length 40 found: [0, 8, 16, 24, 32, 40, 41, 42, 34, 33, 25, 17, 9, 1, 2, 3, 11, 10, 18, 26, 27, 35, 36, 44, 45, 46, 38, 37, 29, 28, 20, 21, 22, 14, 6, 7, 15, 23, 31, 39, 47]
[00:00:02:18:411] ! Bidirectional. expansions: 94,189, time: 138,073 [ms], path length: 40 [edges], g_F: 27, g_B: 13, generated: {'F': 80,352, 'B': 92,555}, MM: 14, MMPER: 33.146341463414636%
[00:00:02:18:411] 
---------- SM_Grids/6x8_grid_with_random_blocks_8per_3 ----------
[00:00:00:14:848] Path of length 42 found: [0, 8, 9, 1, 2, 10, 18, 17, 25, 24, 32, 40, 41, 33, 34, 26, 27, 19, 11, 3, 4, 12, 20, 28, 36, 35, 43, 44, 45, 37, 29, 21, 13, 14, 6, 7, 15, 23, 31, 30, 38, 46, 47]
[00:00:00:14:848] ! Unidirectional s-t. expansions: 22,310, time: 14,848 [ms], path length: 42 [edges], generated: 36,862
[00:00:00:23:745] Path of length 42 found: [47, 39, 31, 23, 15, 7, 6, 14, 13, 12, 4, 3, 2, 10, 11, 19, 18, 26, 34, 35, 27, 28, 20, 21, 29, 30, 38, 46, 45, 37, 36, 44, 43, 42, 41, 40, 32, 24, 25, 17, 9, 1, 0]
[00:00:00:23:746] ! Unidirectional t-s. expansions: 35,254, time: 23,745 [ms], path length: 42 [edges], generated: 59,483
[00:00:00:53:665] Path of length 42 found: [0, 8, 9, 1, 2, 10, 18, 17, 25, 24, 32, 40, 41, 33, 34, 42, 43, 44, 45, 46, 38, 30, 29, 21, 20, 28, 36, 35, 27, 19, 11, 3, 4, 12, 13, 14, 6, 7, 15, 23, 31, 39, 47]
[00:00:00:53:989] ! Bidirectional. expansions: 40,056, time: 53,666 [ms], path length: 42 [edges], g_F: 25, g_B: 17, generated: {'F': 48,126, 'B': 24,192}, MM: 8, MMPER: 17.6046511627907%
[00:00:00:53:989] 
---------- SM_Grids/6x8_grid_with_random_blocks_8per_4 ----------
[00:00:00:53:418] Path of length 42 found: [0, 1, 9, 17, 16, 24, 32, 40, 41, 33, 25, 26, 18, 10, 2, 3, 11, 19, 27, 35, 34, 42, 43, 44, 45, 37, 36, 28, 20, 12, 4, 5, 6, 7, 15, 14, 13, 21, 29, 30, 38, 39, 47]
[00:00:00:53:418] ! Unidirectional s-t. expansions: 100,578, time: 53,418 [ms], path length: 42 [edges], generated: 160,745
[00:00:00:27:272] Path of length 42 found: [47, 39, 31, 30, 38, 37, 45, 44, 36, 28, 29, 21, 22, 14, 15, 7, 6, 5, 13, 12, 4, 3, 2, 10, 11, 19, 18, 26, 27, 35, 43, 42, 34, 33, 41, 40, 32, 24, 16, 17, 9, 1, 0]
[00:00:00:27:272] ! Unidirectional t-s. expansions: 41,563, time: 27,272 [ms], path length: 42 [edges], generated: 70,836
[00:00:01:15:530] Path of length 42 found: [0, 1, 9, 17, 16, 24, 32, 40, 41, 33, 25, 26, 18, 10, 2, 3, 11, 19, 27, 35, 34, 42, 43, 44, 36, 28, 20, 12, 4, 5, 6, 7, 15, 14, 13, 21, 29, 37, 38, 30, 31, 39, 47]
[00:00:01:15:841] ! Bidirectional. expansions: 56,782, time: 75,530 [ms], path length: 42 [edges], g_F: 35, g_B: 7, generated: {'F': 69,224, 'B': 34,533}, MM: 28, MMPER: 64.11627906976744%
[00:00:01:15:841] 
---------- SM_Grids/6x8_grid_with_random_blocks_8per_5 ----------
[00:00:00:04:216] Path of length 42 found: [0, 8, 16, 17, 9, 1, 2, 10, 18, 26, 25, 33, 32, 40, 41, 42, 43, 44, 36, 28, 27, 19, 11, 3, 4, 5, 13, 12, 20, 21, 29, 37, 45, 46, 38, 30, 22, 14, 15, 23, 31, 39, 47]
[00:00:00:04:217] ! Unidirectional s-t. expansions: 5,956, time: 4,216 [ms], path length: 42 [edges], generated: 10,512
[00:00:00:04:983] Path of length 42 found: [47, 39, 31, 23, 15, 14, 13, 5, 4, 3, 2, 1, 9, 10, 18, 26, 27, 19, 11, 12, 20, 28, 36, 37, 29, 21, 22, 30, 38, 46, 45, 44, 43, 42, 41, 40, 32, 33, 25, 17, 16, 8, 0]
[00:00:00:04:983] ! Unidirectional t-s. expansions: 7,522, time: 4,983 [ms], path length: 42 [edges], generated: 12,111
[00:00:00:35:854] Path of length 42 found: [0, 8, 16, 17, 9, 1, 2, 10, 18, 26, 25, 33, 32, 40, 41, 42, 43, 44, 45, 46, 38, 30, 22, 21, 29, 37, 36, 28, 27, 19, 20, 12, 11, 3, 4, 5, 13, 14, 15, 23, 31, 39, 47]
[00:00:00:36:150] ! Bidirectional. expansions: 25,593, time: 35,855 [ms], path length: 42 [edges], g_F: 12, g_B: 30, generated: {'F': 16,940, 'B': 28,983}, MM: 18, MMPER: 40.86046511627907%
[00:00:00:36:150] 
---------- SM_Grids/6x8_grid_with_random_blocks_8per_6 ----------
[00:00:00:06:173] Path of length 42 found: [0, 8, 16, 24, 32, 40, 41, 33, 25, 17, 18, 10, 11, 19, 27, 26, 34, 42, 43, 35, 36, 44, 45, 37, 29, 28, 20, 12, 4, 5, 13, 21, 22, 14, 6, 7, 15, 23, 31, 30, 38, 46, 47]
[00:00:00:06:173] ! Unidirectional s-t. expansions: 10,116, time: 6,173 [ms], path length: 42 [edges], generated: 17,664
[00:00:00:23:016] Path of length 42 found: [47, 39, 31, 23, 15, 7, 6, 5, 4, 12, 11, 10, 18, 17, 25, 33, 34, 26, 27, 19, 20, 28, 36, 37, 29, 21, 13, 14, 22, 30, 38, 46, 45, 44, 43, 42, 41, 40, 32, 24, 16, 8, 0]
[00:00:00:23:016] ! Unidirectional t-s. expansions: 37,813, time: 23,016 [ms], path length: 42 [edges], generated: 63,696
[00:00:00:51:059] Path of length 42 found: [0, 8, 16, 24, 32, 40, 41, 33, 25, 17, 18, 26, 34, 42, 43, 35, 27, 28, 36, 44, 45, 46, 38, 37, 29, 30, 22, 14, 13, 21, 20, 19, 11, 12, 4, 5, 6, 7, 15, 23, 31, 39, 47]
[00:00:00:51:363] ! Bidirectional. expansions: 37,498, time: 51,060 [ms], path length: 42 [edges], g_F: 31, g_B: 11, generated: {'F': 33,355, 'B': 36,811}, MM: 20, MMPER: 45.51162790697674%
[00:00:00:51:364] 
---------- SM_Grids/6x8_grid_with_random_blocks_8per_7 ----------
[00:00:00:00:084] Path of length 44 found: [0, 8, 16, 24, 32, 40, 41, 33, 25, 17, 9, 1, 2, 10, 18, 26, 34, 42, 43, 35, 27, 19, 20, 12, 11, 3, 4, 5, 6, 14, 15, 23, 22, 21, 29, 37, 36, 44, 45, 46, 38, 30, 31, 39, 47]
[00:00:00:00:084] ! Unidirectional s-t. expansions: 65, time: 84 [ms], path length: 44 [edges], generated: 105
[00:00:00:00:033] Path of length 44 found: [47, 39, 31, 23, 15, 14, 6, 5, 4, 3, 2, 1, 9, 17, 25, 33, 34, 26, 18, 10, 11, 12, 20, 19, 27, 35, 36, 37, 29, 21, 22, 30, 38, 46, 45, 44, 43, 42, 41, 40, 32, 24, 16, 8, 0]
[00:00:00:00:034] ! Unidirectional t-s. expansions: 44, time: 33 [ms], path length: 44 [edges], generated: 72
[00:00:00:00:139] Path of length 44 found: [0, 8, 16, 24, 32, 40, 41, 33, 25, 17, 9, 1, 2, 10, 18, 26, 34, 42, 43, 44, 45, 46, 38, 30, 22, 21, 29, 37, 36, 35, 27, 19, 20, 12, 11, 3, 4, 5, 6, 14, 15, 23, 31, 39, 47]
[00:00:00:00:427] ! Bidirectional. expansions: 109, time: 139 [ms], path length: 44 [edges], g_F: 29, g_B: 15, generated: {'F': 140, 'B': 52}, MM: 14, MMPER: 30.11111111111111%
[00:00:00:00:427] 
---------- SM_Grids/6x8_grid_with_random_blocks_8per_8 ----------
[00:00:00:12:318] Path of length 42 found: [0, 8, 16, 24, 32, 40, 41, 33, 25, 17, 9, 1, 2, 10, 18, 26, 27, 35, 43, 44, 36, 28, 20, 19, 11, 3, 4, 12, 13, 5, 6, 7, 15, 14, 22, 21, 29, 37, 38, 30, 31, 39, 47]
[00:00:00:12:318] ! Unidirectional s-t. expansions: 17,523, time: 12,318 [ms], path length: 42 [edges], generated: 29,807
[00:00:00:05:654] Path of length 42 found: [47, 46, 38, 39, 31, 30, 22, 14, 15, 7, 6, 5, 4, 3, 2, 1, 9, 17, 25, 26, 18, 10, 11, 19, 27, 28, 20, 12, 13, 21, 29, 37, 36, 35, 43, 42, 41, 33, 32, 24, 16, 8, 0]
[00:00:00:05:655] ! Unidirectional t-s. expansions: 9,251, time: 5,654 [ms], path length: 42 [edges], generated: 15,674
[00:00:00:46:906] Path of length 42 found: [0, 8, 16, 24, 32, 40, 41, 42, 43, 44, 36, 37, 29, 21, 13, 12, 20, 28, 27, 19, 11, 10, 18, 26, 25, 17, 9, 1, 2, 3, 4, 5, 6, 7, 15, 14, 22, 30, 31, 39, 38, 46, 47]
[00:00:00:47:210] ! Bidirectional. expansions: 34,965, time: 46,906 [ms], path length: 42 [edges], g_F: 17, g_B: 25, generated: {'F': 26,399, 'B': 36,327}, MM: 8, MMPER: 17.6046511627907%
[00:00:00:47:210] 
---------- SM_Grids/6x8_grid_with_random_blocks_8per_9 ----------
[00:00:00:15:449] Path of length 44 found: [0, 1, 9, 10, 2, 3, 11, 12, 20, 28, 27, 19, 18, 26, 25, 17, 16, 24, 32, 33, 41, 42, 34, 35, 43, 44, 36, 37, 45, 46, 38, 30, 29, 21, 13, 5, 6, 7, 15, 14, 22, 23, 31, 39, 47]
[00:00:00:15:449] ! Unidirectional s-t. expansions: 26,006, time: 15,449 [ms], path length: 44 [edges], generated: 45,100
[00:00:00:00:735] Path of length 44 found: [47, 39, 31, 23, 15, 7, 6, 5, 13, 14, 22, 21, 29, 30, 38, 46, 45, 37, 36, 44, 43, 35, 34, 42, 41, 33, 32, 24, 16, 17, 25, 26, 18, 19, 27, 28, 20, 12, 11, 3, 2, 10, 9, 1, 0]
[00:00:00:00:736] ! Unidirectional t-s. expansions: 917, time: 735 [ms], path length: 44 [edges], generated: 1,520
[00:00:00:53:481] Path of length 44 found: [0, 1, 9, 10, 2, 3, 11, 12, 20, 28, 27, 19, 18, 26, 25, 17, 16, 24, 32, 33, 41, 42, 34, 35, 43, 44, 36, 37, 45, 46, 38, 30, 29, 21, 22, 14, 13, 5, 6, 7, 15, 23, 31, 39, 47]
[00:00:00:53:779] ! Bidirectional. expansions: 40,558, time: 53,481 [ms], path length: 44 [edges], g_F: 11, g_B: 33, generated: {'F': 27,733, 'B': 46,152}, MM: 22, MMPER: 47.888888888888886%

[00:00:00:53:779] average expansions: (45,702, 35,500, 58,905, 0)
[00:00:00:53:780] average time: (26,634, 20,955, 76,216, 0)
[00:00:00:53:780] X-DFBnB: 35,500 , 20,955 (expansions , time[ms])
[00:00:00:53:780] BiX-DFBnB: 58,905 , 76,216 (expansions , time[ms])

--------------------------
date: SM_Grids
number_of_graphs: 10
graph_type: grid
size_of_graphs: [6, 8]
heuristic: bcc_heuristic
snake: False
run_uni: True
run_bi: True
run_multi: False
solution_vertices: []
algorithms: ['DFBnB']
bsd: False
cube_first_dims: 4
cube_buffer_dim: None
backward_sym_generation: False
sym_coil: False
prefix_set: None

---------- SM_Grids/6x8_grid_with_random_blocks_8per_0 ----------
[00:00:01:54:993] Valid states checked so far: 200,000, Expansions: 199,998, Global best: 41
[00:00:02:09:082] Path of length 40 found: [0, 1, 9, 8, 16, 24, 32, 40, 41, 33, 25, 17, 18, 10, 11, 3, 4, 12, 20, 19, 27, 26, 34, 42, 43, 35, 36, 28, 29, 21, 13, 5, 6, 14, 15, 23, 31, 30, 38, 46, 47]
[00:00:02:09:082] ! Unidirectional s-t. expansions: 226,242, time: 129,082 [ms], path length: 40 [edges], generated: 373,425
[00:00:01:31:000] Path of length 40 found: [47, 46, 38, 39, 31, 23, 15, 7, 6, 14, 13, 5, 4, 3, 11, 12, 20, 21, 29, 37, 36, 28, 27, 19, 18, 10, 9, 17, 25, 26, 34, 35, 43, 42, 41, 33, 32, 24, 16, 8, 0]
[00:00:01:31:000] ! Unidirectional t-s. expansions: 169,029, time: 91,000 [ms], path length: 40 [edges], generated: 285,824
[00:00:03:57:149] Valid meeting checks so far: 200,000, state_vs_state: 152, state_vs_prefix: 0, prefix_vs_prefix: 199,848
[00:00:04:45:728] Path of length 40 found: [0, 1, 9, 8, 16, 24, 32, 40, 41, 33, 25, 17, 18, 10, 11, 3, 4, 12, 20, 19, 27, 26, 34, 42, 43, 35, 36, 28, 29, 21, 13, 5, 6, 7, 15, 23, 31, 39, 38, 46, 47]
[00:00:04:46:077] ! Bidirectional. expansions: 238,275, time: 285,728 [ms], path length: 40 [edges], g_F: 32, g_B: 8, generated: {'F': 261,414, 'B': 179,683}, MM: 24, MMPER: 57.53658536585366%
[00:00:04:46:077] 
---------- SM_Grids/6x8_grid_with_random_blocks_8per_1 ----------
[00:00:00:02:081] Path of length 42 found: [0, 8, 16, 24, 32, 40, 41, 33, 25, 17, 18, 10, 11, 3, 4, 12, 20, 19, 27, 26, 34, 42, 43, 35, 36, 28, 29, 21, 13, 14, 6, 7, 15, 23, 22, 30, 31, 39, 38, 37, 45, 46, 47]
[00:00:00:02:081] ! Unidirectional s-t. expansions: 2,468, time: 2,081 [ms], path length: 42 [edges], generated: 4,467
[00:00:00:10:990] Path of length 42 found: [47, 39, 31, 23, 15, 7, 6, 14, 13, 12, 4, 3, 11, 10, 18, 17, 25, 33, 34, 26, 27, 19, 20, 28, 36, 37, 29, 21, 22, 30, 38, 46, 45, 44, 43, 42, 41, 40, 32, 24, 16, 8, 0]
[00:00:00:10:990] ! Unidirectional t-s. expansions: 16,921, time: 10,990 [ms], path length: 42 [edges], generated: 27,943
[00:00:00:27:691] Path of length 42 found: [0, 8, 16, 24, 32, 40, 41, 42, 43, 35, 36, 44, 45, 46, 38, 37, 29, 30, 22, 21, 20, 19, 27, 26, 34, 33, 25, 17, 18, 10, 11, 3, 4, 12, 13, 14, 6, 7, 15, 23, 31, 39, 47]
[00:00:00:28:031] ! Bidirectional. expansions: 21,027, time: 27,691 [ms], path length: 42 [edges], g_F: 22, g_B: 20, generated: {'F': 10,343, 'B': 24,267}, MM: 2, MMPER: 3.6511627906976747%
[00:00:00:28:031] 
---------- SM_Grids/6x8_grid_with_random_blocks_8per_2 ----------
[00:00:00:31:013] Path of length 40 found: [0, 8, 16, 24, 32, 40, 41, 42, 34, 33, 25, 17, 9, 1, 2, 3, 11, 10, 18, 26, 27, 19, 20, 28, 36, 44, 45, 37, 29, 21, 22, 14, 6, 7, 15, 23, 31, 30, 38, 46, 47]
[00:00:00:31:013] ! Unidirectional s-t. expansions: 45,755, time: 31,013 [ms], path length: 40 [edges], generated: 81,796
[00:00:00:24:412] Path of length 40 found: [47, 39, 31, 23, 15, 7, 6, 14, 22, 21, 20, 12, 11, 3, 2, 1, 9, 10, 18, 19, 27, 28, 29, 30, 38, 46, 45, 37, 36, 35, 34, 26, 25, 33, 41, 40, 32, 24, 16, 8, 0]
[00:00:00:24:412] ! Unidirectional t-s. expansions: 36,690, time: 24,412 [ms], path length: 40 [edges], generated: 65,262
[00:00:02:17:787] Path of length 40 found: [0, 8, 16, 24, 32, 40, 41, 42, 34, 33, 25, 17, 9, 1, 2, 3, 11, 10, 18, 26, 27, 35, 36, 44, 45, 46, 38, 37, 29, 28, 20, 21, 22, 14, 6, 7, 15, 23, 31, 39, 47]
[00:00:02:18:113] ! Bidirectional. expansions: 94,189, time: 137,787 [ms], path length: 40 [edges], g_F: 27, g_B: 13, generated: {'F': 80,352, 'B': 92,555}, MM: 14, MMPER: 33.146341463414636%
[00:00:02:18:113] 
---------- SM_Grids/6x8_grid_with_random_blocks_8per_3 ----------
[00:00:00:13:880] Path of length 42 found: [0, 8, 9, 1, 2, 10, 18, 17, 25, 24, 32, 40, 41, 33, 34, 26, 27, 19, 11, 3, 4, 12, 20, 28, 36, 35, 43, 44, 45, 37, 29, 21, 13, 14, 6, 7, 15, 23, 31, 30, 38, 46, 47]
[00:00:00:13:881] ! Unidirectional s-t. expansions: 22,310, time: 13,881 [ms], path length: 42 [edges], generated: 36,862
[00:00:00:22:218] Path of length 42 found: [47, 39, 31, 23, 15, 7, 6, 14, 13, 12, 4, 3, 2, 10, 11, 19, 18, 26, 34, 35, 27, 28, 20, 21, 29, 30, 38, 46, 45, 37, 36, 44, 43, 42, 41, 40, 32, 24, 25, 17, 9, 1, 0]
[00:00:00:22:218] ! Unidirectional t-s. expansions: 35,254, time: 22,218 [ms], path length: 42 [edges], generated: 59,483
[00:00:00:52:979] Path of length 42 found: [0, 8, 9, 1, 2, 10, 18, 17, 25, 24, 32, 40, 41, 33, 34, 42, 43, 44, 45, 46, 38, 30, 29, 21, 20, 28, 36, 35, 27, 19, 11, 3, 4, 12, 13, 14, 6, 7, 15, 23, 31, 39, 47]
[00:00:00:53:305] ! Bidirectional. expansions: 40,056, time: 52,979 [ms], path length: 42 [edges], g_F: 25, g_B: 17, generated: {'F': 48,126, 'B': 24,192}, MM: 8, MMPER: 17.6046511627907%
[00:00:00:53:305] 
---------- SM_Grids/6x8_grid_with_random_blocks_8per_4 ----------
[00:00:00:55:042] Path of length 42 found: [0, 1, 9, 17, 16, 24, 32, 40, 41, 33, 25, 26, 18, 10, 2, 3, 11, 19, 27, 35, 34, 42, 43, 44, 45, 37, 36, 28, 20, 12, 4, 5, 6, 7, 15, 14, 13, 21, 29, 30, 38, 39, 47]
[00:00:00:55:043] ! Unidirectional s-t. expansions: 100,578, time: 55,043 [ms], path length: 42 [edges], generated: 160,745
[00:00:00:28:612] Path of length 42 found: [47, 39, 31, 30, 38, 37, 45, 44, 36, 28, 29, 21, 22, 14, 15, 7, 6, 5, 13, 12, 4, 3, 2, 10, 11, 19, 18, 26, 27, 35, 43, 42, 34, 33, 41, 40, 32, 24, 16, 17, 9, 1, 0]
[00:00:00:28:613] ! Unidirectional t-s. expansions: 41,563, time: 28,612 [ms], path length: 42 [edges], generated: 70,836
[00:00:01:14:816] Path of length 42 found: [0, 1, 9, 17, 16, 24, 32, 40, 41, 33, 25, 26, 18, 10, 2, 3, 11, 19, 27, 35, 34, 42, 43, 44, 36, 28, 20, 12, 4, 5, 6, 7, 15, 14, 13, 21, 29, 37, 38, 30, 31, 39, 47]
[00:00:01:15:120] ! Bidirectional. expansions: 56,782, time: 74,817 [ms], path length: 42 [edges], g_F: 35, g_B: 7, generated: {'F': 69,224, 'B': 34,533}, MM: 28, MMPER: 64.11627906976744%
[00:00:01:15:120] 
---------- SM_Grids/6x8_grid_with_random_blocks_8per_5 ----------
[00:00:00:04:310] Path of length 42 found: [0, 8, 16, 17, 9, 1, 2, 10, 18, 26, 25, 33, 32, 40, 41, 42, 43, 44, 36, 28, 27, 19, 11, 3, 4, 5, 13, 12, 20, 21, 29, 37, 45, 46, 38, 30, 22, 14, 15, 23, 31, 39, 47]
[00:00:00:04:311] ! Unidirectional s-t. expansions: 5,956, time: 4,310 [ms], path length: 42 [edges], generated: 10,512
[00:00:00:05:095] Path of length 42 found: [47, 39, 31, 23, 15, 14, 13, 5, 4, 3, 2, 1, 9, 10, 18, 26, 27, 19, 11, 12, 20, 28, 36, 37, 29, 21, 22, 30, 38, 46, 45, 44, 43, 42, 41, 40, 32, 33, 25, 17, 16, 8, 0]
[00:00:00:05:095] ! Unidirectional t-s. expansions: 7,522, time: 5,095 [ms], path length: 42 [edges], generated: 12,111
[00:00:00:36:650] Path of length 42 found: [0, 8, 16, 17, 9, 1, 2, 10, 18, 26, 25, 33, 32, 40, 41, 42, 43, 44, 45, 46, 38, 30, 22, 21, 29, 37, 36, 28, 27, 19, 20, 12, 11, 3, 4, 5, 13, 14, 15, 23, 31, 39, 47]
[00:00:00:36:951] ! Bidirectional. expansions: 25,593, time: 36,650 [ms], path length: 42 [edges], g_F: 12, g_B: 30, generated: {'F': 16,940, 'B': 28,983}, MM: 18, MMPER: 40.86046511627907%
[00:00:00:36:952] 
---------- SM_Grids/6x8_grid_with_random_blocks_8per_6 ----------
[00:00:00:06:087] Path of length 42 found: [0, 8, 16, 24, 32, 40, 41, 33, 25, 17, 18, 10, 11, 19, 27, 26, 34, 42, 43, 35, 36, 44, 45, 37, 29, 28, 20, 12, 4, 5, 13, 21, 22, 14, 6, 7, 15, 23, 31, 30, 38, 46, 47]
[00:00:00:06:087] ! Unidirectional s-t. expansions: 10,116, time: 6,087 [ms], path length: 42 [edges], generated: 17,664
[00:00:00:23:597] Path of length 42 found: [47, 39, 31, 23, 15, 7, 6, 5, 4, 12, 11, 10, 18, 17, 25, 33, 34, 26, 27, 19, 20, 28, 36, 37, 29, 21, 13, 14, 22, 30, 38, 46, 45, 44, 43, 42, 41, 40, 32, 24, 16, 8, 0]
[00:00:00:23:597] ! Unidirectional t-s. expansions: 37,813, time: 23,597 [ms], path length: 42 [edges], generated: 63,696
[00:00:00:49:370] Path of length 42 found: [0, 8, 16, 24, 32, 40, 41, 33, 25, 17, 18, 26, 34, 42, 43, 35, 27, 28, 36, 44, 45, 46, 38, 37, 29, 30, 22, 14, 13, 21, 20, 19, 11, 12, 4, 5, 6, 7, 15, 23, 31, 39, 47]
[00:00:00:49:677] ! Bidirectional. expansions: 37,498, time: 49,371 [ms], path length: 42 [edges], g_F: 31, g_B: 11, generated: {'F': 33,355, 'B': 36,811}, MM: 20, MMPER: 45.51162790697674%
[00:00:00:49:677] 
---------- SM_Grids/6x8_grid_with_random_blocks_8per_7 ----------
[00:00:00:00:086] Path of length 44 found: [0, 8, 16, 24, 32, 40, 41, 33, 25, 17, 9, 1, 2, 10, 18, 26, 34, 42, 43, 35, 27, 19, 20, 12, 11, 3, 4, 5, 6, 14, 15, 23, 22, 21, 29, 37, 36, 44, 45, 46, 38, 30, 31, 39, 47]
[00:00:00:00:086] ! Unidirectional s-t. expansions: 65, time: 86 [ms], path length: 44 [edges], generated: 105
[00:00:00:00:034] Path of length 44 found: [47, 39, 31, 23, 15, 14, 6, 5, 4, 3, 2, 1, 9, 17, 25, 33, 34, 26, 18, 10, 11, 12, 20, 19, 27, 35, 36, 37, 29, 21, 22, 30, 38, 46, 45, 44, 43, 42, 41, 40, 32, 24, 16, 8, 0]
[00:00:00:00:034] ! Unidirectional t-s. expansions: 44, time: 34 [ms], path length: 44 [edges], generated: 72
[00:00:00:00:141] Path of length 44 found: [0, 8, 16, 24, 32, 40, 41, 33, 25, 17, 9, 1, 2, 10, 18, 26, 34, 42, 43, 44, 45, 46, 38, 30, 22, 21, 29, 37, 36, 35, 27, 19, 20, 12, 11, 3, 4, 5, 6, 14, 15, 23, 31, 39, 47]
[00:00:00:00:438] ! Bidirectional. expansions: 109, time: 141 [ms], path length: 44 [edges], g_F: 29, g_B: 15, generated: {'F': 140, 'B': 52}, MM: 14, MMPER: 30.11111111111111%
[00:00:00:00:438] 
---------- SM_Grids/6x8_grid_with_random_blocks_8per_8 ----------
[00:00:00:12:522] Path of length 42 found: [0, 8, 16, 24, 32, 40, 41, 33, 25, 17, 9, 1, 2, 10, 18, 26, 27, 35, 43, 44, 36, 28, 20, 19, 11, 3, 4, 12, 13, 5, 6, 7, 15, 14, 22, 21, 29, 37, 38, 30, 31, 39, 47]
[00:00:00:12:522] ! Unidirectional s-t. expansions: 17,523, time: 12,522 [ms], path length: 42 [edges], generated: 29,807
[00:00:00:05:694] Path of length 42 found: [47, 46, 38, 39, 31, 30, 22, 14, 15, 7, 6, 5, 4, 3, 2, 1, 9, 17, 25, 26, 18, 10, 11, 19, 27, 28, 20, 12, 13, 21, 29, 37, 36, 35, 43, 42, 41, 33, 32, 24, 16, 8, 0]
[00:00:00:05:694] ! Unidirectional t-s. expansions: 9,251, time: 5,694 [ms], path length: 42 [edges], generated: 15,674
[00:00:00:46:389] Path of length 42 found: [0, 8, 16, 24, 32, 40, 41, 42, 43, 44, 36, 37, 29, 21, 13, 12, 20, 28, 27, 19, 11, 10, 18, 26, 25, 17, 9, 1, 2, 3, 4, 5, 6, 7, 15, 14, 22, 30, 31, 39, 38, 46, 47]
[00:00:00:46:694] ! Bidirectional. expansions: 34,965, time: 46,389 [ms], path length: 42 [edges], g_F: 17, g_B: 25, generated: {'F': 26,399, 'B': 36,327}, MM: 8, MMPER: 17.6046511627907%
[00:00:00:46:694] 
---------- SM_Grids/6x8_grid_with_random_blocks_8per_9 ----------
[00:00:00:16:222] Path of length 44 found: [0, 1, 9, 10, 2, 3, 11, 12, 20, 28, 27, 19, 18, 26, 25, 17, 16, 24, 32, 33, 41, 42, 34, 35, 43, 44, 36, 37, 45, 46, 38, 30, 29, 21, 13, 5, 6, 7, 15, 14, 22, 23, 31, 39, 47]
[00:00:00:16:222] ! Unidirectional s-t. expansions: 26,006, time: 16,222 [ms], path length: 44 [edges], generated: 45,100
[00:00:00:00:753] Path of length 44 found: [47, 39, 31, 23, 15, 7, 6, 5, 13, 14, 22, 21, 29, 30, 38, 46, 45, 37, 36, 44, 43, 35, 34, 42, 41, 33, 32, 24, 16, 17, 25, 26, 18, 19, 27, 28, 20, 12, 11, 3, 2, 10, 9, 1, 0]
[00:00:00:00:753] ! Unidirectional t-s. expansions: 917, time: 753 [ms], path length: 44 [edges], generated: 1,520
[00:00:00:53:256] Path of length 44 found: [0, 1, 9, 10, 2, 3, 11, 12, 20, 28, 27, 19, 18, 26, 25, 17, 16, 24, 32, 33, 41, 42, 34, 35, 43, 44, 36, 37, 45, 46, 38, 30, 29, 21, 22, 14, 13, 5, 6, 7, 15, 23, 31, 39, 47]
[00:00:00:53:558] ! Bidirectional. expansions: 40,558, time: 53,256 [ms], path length: 44 [edges], g_F: 11, g_B: 33, generated: {'F': 27,733, 'B': 46,152}, MM: 22, MMPER: 47.888888888888886%

[00:00:00:53:558] average expansions: (45,702, 35,500, 58,905, 0)
[00:00:00:53:558] average time: (27,033, 21,240, 76,481, 0)
[00:00:00:53:558] X-DFBnB: 35,500 , 21,240 (expansions , time[ms])
[00:00:00:53:558] BiX-DFBnB: 58,905 , 76,481 (expansions , time[ms])

--------------------------
date: SM_Grids
number_of_graphs: 10
graph_type: grid
size_of_graphs: [6, 8]
heuristic: bcc_heuristic
snake: False
run_uni: True
run_bi: True
run_multi: False
solution_vertices: []
algorithms: ['DFBnB']
bsd: False
cube_first_dims: 4
cube_buffer_dim: None
backward_sym_generation: False
sym_coil: False
prefix_set: None

---------- SM_Grids/6x8_grid_with_random_blocks_8per_0 ----------
[00:00:02:00:317] Valid states checked so far: 200,000, Expansions: 199,998, Global best: 41
[00:00:02:16:133] Path of length 40 found: [0, 1, 9, 8, 16, 24, 32, 40, 41, 33, 25, 17, 18, 10, 11, 3, 4, 12, 20, 19, 27, 26, 34, 42, 43, 35, 36, 28, 29, 21, 13, 5, 6, 14, 15, 23, 31, 30, 38, 46, 47]
[00:00:02:16:134] ! Unidirectional s-t. expansions: 226,242, time: 136,133 [ms], path length: 40 [edges], generated: 373,425
[00:00:01:42:209] Path of length 40 found: [47, 46, 38, 39, 31, 23, 15, 7, 6, 14, 13, 5, 4, 3, 11, 12, 20, 21, 29, 37, 36, 28, 27, 19, 18, 10, 9, 17, 25, 26, 34, 35, 43, 42, 41, 33, 32, 24, 16, 8, 0]
[00:00:01:42:209] ! Unidirectional t-s. expansions: 169,029, time: 102,209 [ms], path length: 40 [edges], generated: 285,824
[00:00:04:13:852] Valid meeting checks so far: 200,000, state_vs_state: 152, state_vs_prefix: 0, prefix_vs_prefix: 199,848
[00:00:05:02:893] Path of length 40 found: [0, 1, 9, 8, 16, 24, 32, 40, 41, 33, 25, 17, 18, 10, 11, 3, 4, 12, 20, 19, 27, 26, 34, 42, 43, 35, 36, 28, 29, 21, 13, 5, 6, 7, 15, 23, 31, 39, 38, 46, 47]
[00:00:05:03:254] ! Bidirectional. expansions: 238,275, time: 302,893 [ms], path length: 40 [edges], g_F: 32, g_B: 8, generated: {'F': 261,414, 'B': 179,683}, MM: 24, MMPER: 57.53658536585366%
[00:00:05:03:254] 
---------- SM_Grids/6x8_grid_with_random_blocks_8per_1 ----------
[00:00:00:02:056] Path of length 42 found: [0, 8, 16, 24, 32, 40, 41, 33, 25, 17, 18, 10, 11, 3, 4, 12, 20, 19, 27, 26, 34, 42, 43, 35, 36, 28, 29, 21, 13, 14, 6, 7, 15, 23, 22, 30, 31, 39, 38, 37, 45, 46, 47]
[00:00:00:02:057] ! Unidirectional s-t. expansions: 2,468, time: 2,056 [ms], path length: 42 [edges], generated: 4,467
[00:00:00:11:527] Path of length 42 found: [47, 39, 31, 23, 15, 7, 6, 14, 13, 12, 4, 3, 11, 10, 18, 17, 25, 33, 34, 26, 27, 19, 20, 28, 36, 37, 29, 21, 22, 30, 38, 46, 45, 44, 43, 42, 41, 40, 32, 24, 16, 8, 0]
[00:00:00:11:527] ! Unidirectional t-s. expansions: 16,921, time: 11,527 [ms], path length: 42 [edges], generated: 27,943
[00:00:00:27:725] Path of length 42 found: [0, 8, 16, 24, 32, 40, 41, 42, 43, 35, 36, 44, 45, 46, 38, 37, 29, 30, 22, 21, 20, 19, 27, 26, 34, 33, 25, 17, 18, 10, 11, 3, 4, 12, 13, 14, 6, 7, 15, 23, 31, 39, 47]
[00:00:00:28:047] ! Bidirectional. expansions: 21,027, time: 27,725 [ms], path length: 42 [edges], g_F: 22, g_B: 20, generated: {'F': 10,343, 'B': 24,267}, MM: 2, MMPER: 3.6511627906976747%
[00:00:00:28:048] 
---------- SM_Grids/6x8_grid_with_random_blocks_8per_2 ----------
[00:00:00:29:138] Path of length 40 found: [0, 8, 16, 24, 32, 40, 41, 42, 34, 33, 25, 17, 9, 1, 2, 3, 11, 10, 18, 26, 27, 19, 20, 28, 36, 44, 45, 37, 29, 21, 22, 14, 6, 7, 15, 23, 31, 30, 38, 46, 47]
[00:00:00:29:139] ! Unidirectional s-t. expansions: 45,755, time: 29,138 [ms], path length: 40 [edges], generated: 81,796
[00:00:00:22:839] Path of length 40 found: [47, 39, 31, 23, 15, 7, 6, 14, 22, 21, 20, 12, 11, 3, 2, 1, 9, 10, 18, 19, 27, 28, 29, 30, 38, 46, 45, 37, 36, 35, 34, 26, 25, 33, 41, 40, 32, 24, 16, 8, 0]
[00:00:00:22:839] ! Unidirectional t-s. expansions: 36,690, time: 22,839 [ms], path length: 40 [edges], generated: 65,262
[00:00:02:11:823] Path of length 40 found: [0, 8, 16, 24, 32, 40, 41, 42, 34, 33, 25, 17, 9, 1, 2, 3, 11, 10, 18, 26, 27, 35, 36, 44, 45, 46, 38, 37, 29, 28, 20, 21, 22, 14, 6, 7, 15, 23, 31, 39, 47]
[00:00:02:12:350] ! Bidirectional. expansions: 94,189, time: 131,823 [ms], path length: 40 [edges], g_F: 27, g_B: 13, generated: {'F': 80,352, 'B': 92,555}, MM: 14, MMPER: 33.146341463414636%
[00:00:02:12:350] 
---------- SM_Grids/6x8_grid_with_random_blocks_8per_3 ----------
[00:00:00:13:710] Path of length 42 found: [0, 8, 9, 1, 2, 10, 18, 17, 25, 24, 32, 40, 41, 33, 34, 26, 27, 19, 11, 3, 4, 12, 20, 28, 36, 35, 43, 44, 45, 37, 29, 21, 13, 14, 6, 7, 15, 23, 31, 30, 38, 46, 47]
[00:00:00:13:710] ! Unidirectional s-t. expansions: 22,310, time: 13,710 [ms], path length: 42 [edges], generated: 36,862
[00:00:00:22:180] Path of length 42 found: [47, 39, 31, 23, 15, 7, 6, 14, 13, 12, 4, 3, 2, 10, 11, 19, 18, 26, 34, 35, 27, 28, 20, 21, 29, 30, 38, 46, 45, 37, 36, 44, 43, 42, 41, 40, 32, 24, 25, 17, 9, 1, 0]
[00:00:00:22:180] ! Unidirectional t-s. expansions: 35,254, time: 22,180 [ms], path length: 42 [edges], generated: 59,483
[00:00:00:55:872] Path of length 42 found: [0, 8, 9, 1, 2, 10, 18, 17, 25, 24, 32, 40, 41, 33, 34, 42, 43, 44, 45, 46, 38, 30, 29, 21, 20, 28, 36, 35, 27, 19, 11, 3, 4, 12, 13, 14, 6, 7, 15, 23, 31, 39, 47]
[00:00:00:56:418] ! Bidirectional. expansions: 40,056, time: 55,872 [ms], path length: 42 [edges], g_F: 25, g_B: 17, generated: {'F': 48,126, 'B': 24,192}, MM: 8, MMPER: 17.6046511627907%
[00:00:00:56:419] 
---------- SM_Grids/6x8_grid_with_random_blocks_8per_4 ----------
[00:00:01:00:268] Path of length 42 found: [0, 1, 9, 17, 16, 24, 32, 40, 41, 33, 25, 26, 18, 10, 2, 3, 11, 19, 27, 35, 34, 42, 43, 44, 45, 37, 36, 28, 20, 12, 4, 5, 6, 7, 15, 14, 13, 21, 29, 30, 38, 39, 47]
[00:00:01:00:268] ! Unidirectional s-t. expansions: 100,578, time: 60,268 [ms], path length: 42 [edges], generated: 160,745
[00:00:00:28:327] Path of length 42 found: [47, 39, 31, 30, 38, 37, 45, 44, 36, 28, 29, 21, 22, 14, 15, 7, 6, 5, 13, 12, 4, 3, 2, 10, 11, 19, 18, 26, 27, 35, 43, 42, 34, 33, 41, 40, 32, 24, 16, 17, 9, 1, 0]
[00:00:00:28:328] ! Unidirectional t-s. expansions: 41,563, time: 28,327 [ms], path length: 42 [edges], generated: 70,836
[00:00:01:17:276] Path of length 42 found: [0, 1, 9, 17, 16, 24, 32, 40, 41, 33, 25, 26, 18, 10, 2, 3, 11, 19, 27, 35, 34, 42, 43, 44, 36, 28, 20, 12, 4, 5, 6, 7, 15, 14, 13, 21, 29, 37, 38, 30, 31, 39, 47]
[00:00:01:17:599] ! Bidirectional. expansions: 56,782, time: 77,277 [ms], path length: 42 [edges], g_F: 35, g_B: 7, generated: {'F': 69,224, 'B': 34,533}, MM: 28, MMPER: 64.11627906976744%
[00:00:01:17:600] 
---------- SM_Grids/6x8_grid_with_random_blocks_8per_5 ----------
[00:00:00:04:757] Path of length 42 found: [0, 8, 16, 17, 9, 1, 2, 10, 18, 26, 25, 33, 32, 40, 41, 42, 43, 44, 36, 28, 27, 19, 11, 3, 4, 5, 13, 12, 20, 21, 29, 37, 45, 46, 38, 30, 22, 14, 15, 23, 31, 39, 47]
[00:00:00:04:757] ! Unidirectional s-t. expansions: 5,956, time: 4,757 [ms], path length: 42 [edges], generated: 10,512
[00:00:00:05:489] Path of length 42 found: [47, 39, 31, 23, 15, 14, 13, 5, 4, 3, 2, 1, 9, 10, 18, 26, 27, 19, 11, 12, 20, 28, 36, 37, 29, 21, 22, 30, 38, 46, 45, 44, 43, 42, 41, 40, 32, 33, 25, 17, 16, 8, 0]
[00:00:00:05:489] ! Unidirectional t-s. expansions: 7,522, time: 5,489 [ms], path length: 42 [edges], generated: 12,111
[00:00:00:38:550] Path of length 42 found: [0, 8, 16, 17, 9, 1, 2, 10, 18, 26, 25, 33, 32, 40, 41, 42, 43, 44, 45, 46, 38, 30, 22, 21, 29, 37, 36, 28, 27, 19, 20, 12, 11, 3, 4, 5, 13, 14, 15, 23, 31, 39, 47]
[00:00:00:38:870] ! Bidirectional. expansions: 25,593, time: 38,551 [ms], path length: 42 [edges], g_F: 12, g_B: 30, generated: {'F': 16,940, 'B': 28,983}, MM: 18, MMPER: 40.86046511627907%
[00:00:00:38:870] 
---------- SM_Grids/6x8_grid_with_random_blocks_8per_6 ----------
[00:00:00:06:627] Path of length 42 found: [0, 8, 16, 24, 32, 40, 41, 33, 25, 17, 18, 10, 11, 19, 27, 26, 34, 42, 43, 35, 36, 44, 45, 37, 29, 28, 20, 12, 4, 5, 13, 21, 22, 14, 6, 7, 15, 23, 31, 30, 38, 46, 47]
[00:00:00:06:627] ! Unidirectional s-t. expansions: 10,116, time: 6,627 [ms], path length: 42 [edges], generated: 17,664
[00:00:00:24:955] Path of length 42 found: [47, 39, 31, 23, 15, 7, 6, 5, 4, 12, 11, 10, 18, 17, 25, 33, 34, 26, 27, 19, 20, 28, 36, 37, 29, 21, 13, 14, 22, 30, 38, 46, 45, 44, 43, 42, 41, 40, 32, 24, 16, 8, 0]
[00:00:00:24:955] ! Unidirectional t-s. expansions: 37,813, time: 24,955 [ms], path length: 42 [edges], generated: 63,696
[00:00:00:49:707] Path of length 42 found: [0, 8, 16, 24, 32, 40, 41, 33, 25, 17, 18, 26, 34, 42, 43, 35, 27, 28, 36, 44, 45, 46, 38, 37, 29, 30, 22, 14, 13, 21, 20, 19, 11, 12, 4, 5, 6, 7, 15, 23, 31, 39, 47]
[00:00:00:50:026] ! Bidirectional. expansions: 37,498, time: 49,708 [ms], path length: 42 [edges], g_F: 31, g_B: 11, generated: {'F': 33,355, 'B': 36,811}, MM: 20, MMPER: 45.51162790697674%
[00:00:00:50:026] 
---------- SM_Grids/6x8_grid_with_random_blocks_8per_7 ----------
[00:00:00:00:089] Path of length 44 found: [0, 8, 16, 24, 32, 40, 41, 33, 25, 17, 9, 1, 2, 10, 18, 26, 34, 42, 43, 35, 27, 19, 20, 12, 11, 3, 4, 5, 6, 14, 15, 23, 22, 21, 29, 37, 36, 44, 45, 46, 38, 30, 31, 39, 47]
[00:00:00:00:089] ! Unidirectional s-t. expansions: 65, time: 89 [ms], path length: 44 [edges], generated: 105
[00:00:00:00:036] Path of length 44 found: [47, 39, 31, 23, 15, 14, 6, 5, 4, 3, 2, 1, 9, 17, 25, 33, 34, 26, 18, 10, 11, 12, 20, 19, 27, 35, 36, 37, 29, 21, 22, 30, 38, 46, 45, 44, 43, 42, 41, 40, 32, 24, 16, 8, 0]
[00:00:00:00:036] ! Unidirectional t-s. expansions: 44, time: 36 [ms], path length: 44 [edges], generated: 72
[00:00:00:00:150] Path of length 44 found: [0, 8, 16, 24, 32, 40, 41, 33, 25, 17, 9, 1, 2, 10, 18, 26, 34, 42, 43, 44, 45, 46, 38, 30, 22, 21, 29, 37, 36, 35, 27, 19, 20, 12, 11, 3, 4, 5, 6, 14, 15, 23, 31, 39, 47]
[00:00:00:00:462] ! Bidirectional. expansions: 109, time: 150 [ms], path length: 44 [edges], g_F: 29, g_B: 15, generated: {'F': 140, 'B': 52}, MM: 14, MMPER: 30.11111111111111%
[00:00:00:00:462] 
---------- SM_Grids/6x8_grid_with_random_blocks_8per_8 ----------
[00:00:00:13:439] Path of length 42 found: [0, 8, 16, 24, 32, 40, 41, 33, 25, 17, 9, 1, 2, 10, 18, 26, 27, 35, 43, 44, 36, 28, 20, 19, 11, 3, 4, 12, 13, 5, 6, 7, 15, 14, 22, 21, 29, 37, 38, 30, 31, 39, 47]
[00:00:00:13:439] ! Unidirectional s-t. expansions: 17,523, time: 13,439 [ms], path length: 42 [edges], generated: 29,807
[00:00:00:06:163] Path of length 42 found: [47, 46, 38, 39, 31, 30, 22, 14, 15, 7, 6, 5, 4, 3, 2, 1, 9, 17, 25, 26, 18, 10, 11, 19, 27, 28, 20, 12, 13, 21, 29, 37, 36, 35, 43, 42, 41, 33, 32, 24, 16, 8, 0]
[00:00:00:06:163] ! Unidirectional t-s. expansions: 9,251, time: 6,163 [ms], path length: 42 [edges], generated: 15,674
[00:00:00:49:533] Path of length 42 found: [0, 8, 16, 24, 32, 40, 41, 42, 43, 44, 36, 37, 29, 21, 13, 12, 20, 28, 27, 19, 11, 10, 18, 26, 25, 17, 9, 1, 2, 3, 4, 5, 6, 7, 15, 14, 22, 30, 31, 39, 38, 46, 47]
[00:00:00:49:862] ! Bidirectional. expansions: 34,965, time: 49,533 [ms], path length: 42 [edges], g_F: 17, g_B: 25, generated: {'F': 26,399, 'B': 36,327}, MM: 8, MMPER: 17.6046511627907%
[00:00:00:49:863] 
---------- SM_Grids/6x8_grid_with_random_blocks_8per_9 ----------
[00:00:00:16:272] Path of length 44 found: [0, 1, 9, 10, 2, 3, 11, 12, 20, 28, 27, 19, 18, 26, 25, 17, 16, 24, 32, 33, 41, 42, 34, 35, 43, 44, 36, 37, 45, 46, 38, 30, 29, 21, 13, 5, 6, 7, 15, 14, 22, 23, 31, 39, 47]
[00:00:00:16:272] ! Unidirectional s-t. expansions: 26,006, time: 16,272 [ms], path length: 44 [edges], generated: 45,100
[00:00:00:00:710] Path of length 44 found: [47, 39, 31, 23, 15, 7, 6, 5, 13, 14, 22, 21, 29, 30, 38, 46, 45, 37, 36, 44, 43, 35, 34, 42, 41, 33, 32, 24, 16, 17, 25, 26, 18, 19, 27, 28, 20, 12, 11, 3, 2, 10, 9, 1, 0]
[00:00:00:00:711] ! Unidirectional t-s. expansions: 917, time: 711 [ms], path length: 44 [edges], generated: 1,520
[00:00:00:56:208] Path of length 44 found: [0, 1, 9, 10, 2, 3, 11, 12, 20, 28, 27, 19, 18, 26, 25, 17, 16, 24, 32, 33, 41, 42, 34, 35, 43, 44, 36, 37, 45, 46, 38, 30, 29, 21, 22, 14, 13, 5, 6, 7, 15, 23, 31, 39, 47]
[00:00:00:56:531] ! Bidirectional. expansions: 40,558, time: 56,208 [ms], path length: 44 [edges], g_F: 11, g_B: 33, generated: {'F': 27,733, 'B': 46,152}, MM: 22, MMPER: 47.888888888888886%

[00:00:00:56:532] average expansions: (45,702, 35,500, 58,905, 0)
[00:00:00:56:532] average time: (28,249, 22,444, 78,974, 0)
[00:00:00:56:532] X-DFBnB: 35,500 , 22,444 (expansions , time[ms])
[00:00:00:56:532] BiX-DFBnB: 58,905 , 78,974 (expansions , time[ms])

--------------------------
date: SM_Grids
number_of_graphs: 10
graph_type: grid
size_of_graphs: [6, 8]
heuristic: bcc_heuristic
snake: False
run_uni: True
run_bi: True
run_multi: False
solution_vertices: []
algorithms: ['DFBnB']
bsd: False
cube_first_dims: 4
cube_buffer_dim: None
backward_sym_generation: False
sym_coil: False
prefix_set: None

---------- SM_Grids/6x8_grid_with_random_blocks_8per_0 ----------
[00:00:01:58:140] Valid states checked so far: 200,000, Expansions: 199,998, Global best: 41
[00:00:02:13:912] Path of length 40 found: [0, 1, 9, 8, 16, 24, 32, 40, 41, 33, 25, 17, 18, 10, 11, 3, 4, 12, 20, 19, 27, 26, 34, 42, 43, 35, 36, 28, 29, 21, 13, 5, 6, 14, 15, 23, 31, 30, 38, 46, 47]
[00:00:02:13:913] ! Unidirectional s-t. expansions: 226,242, time: 133,912 [ms], path length: 40 [edges], generated: 373,425
[00:00:01:41:574] Path of length 40 found: [47, 46, 38, 39, 31, 23, 15, 7, 6, 14, 13, 5, 4, 3, 11, 12, 20, 21, 29, 37, 36, 28, 27, 19, 18, 10, 9, 17, 25, 26, 34, 35, 43, 42, 41, 33, 32, 24, 16, 8, 0]
[00:00:01:41:574] ! Unidirectional t-s. expansions: 169,029, time: 101,574 [ms], path length: 40 [edges], generated: 285,824
[00:00:04:15:284] Valid meeting checks so far: 200,000, state_vs_state: 152, state_vs_prefix: 0, prefix_vs_prefix: 199,848
[00:00:05:05:716] Path of length 40 found: [0, 1, 9, 8, 16, 24, 32, 40, 41, 33, 25, 17, 18, 10, 11, 3, 4, 12, 20, 19, 27, 26, 34, 42, 43, 35, 36, 28, 29, 21, 13, 5, 6, 7, 15, 23, 31, 39, 38, 46, 47]
[00:00:05:06:068] ! Bidirectional. expansions: 238,275, time: 305,717 [ms], path length: 40 [edges], g_F: 32, g_B: 8, generated: {'F': 261,414, 'B': 179,683}, MM: 24, MMPER: 57.53658536585366%
[00:00:05:06:068] 
---------- SM_Grids/6x8_grid_with_random_blocks_8per_1 ----------
[00:00:00:01:999] Path of length 42 found: [0, 8, 16, 24, 32, 40, 41, 33, 25, 17, 18, 10, 11, 3, 4, 12, 20, 19, 27, 26, 34, 42, 43, 35, 36, 28, 29, 21, 13, 14, 6, 7, 15, 23, 22, 30, 31, 39, 38, 37, 45, 46, 47]
[00:00:00:01:999] ! Unidirectional s-t. expansions: 2,468, time: 1,999 [ms], path length: 42 [edges], generated: 4,467
[00:00:00:11:269] Path of length 42 found: [47, 39, 31, 23, 15, 7, 6, 14, 13, 12, 4, 3, 11, 10, 18, 17, 25, 33, 34, 26, 27, 19, 20, 28, 36, 37, 29, 21, 22, 30, 38, 46, 45, 44, 43, 42, 41, 40, 32, 24, 16, 8, 0]
[00:00:00:11:269] ! Unidirectional t-s. expansions: 16,921, time: 11,269 [ms], path length: 42 [edges], generated: 27,943
[00:00:00:28:427] Path of length 42 found: [0, 8, 16, 24, 32, 40, 41, 42, 43, 35, 36, 44, 45, 46, 38, 37, 29, 30, 22, 21, 20, 19, 27, 26, 34, 33, 25, 17, 18, 10, 11, 3, 4, 12, 13, 14, 6, 7, 15, 23, 31, 39, 47]
[00:00:00:28:752] ! Bidirectional. expansions: 21,027, time: 28,427 [ms], path length: 42 [edges], g_F: 22, g_B: 20, generated: {'F': 10,343, 'B': 24,267}, MM: 2, MMPER: 3.6511627906976747%
[00:00:00:28:752] 
---------- SM_Grids/6x8_grid_with_random_blocks_8per_2 ----------
[00:00:00:29:394] Path of length 40 found: [0, 8, 16, 24, 32, 40, 41, 42, 34, 33, 25, 17, 9, 1, 2, 3, 11, 10, 18, 26, 27, 19, 20, 28, 36, 44, 45, 37, 29, 21, 22, 14, 6, 7, 15, 23, 31, 30, 38, 46, 47]
[00:00:00:29:395] ! Unidirectional s-t. expansions: 45,755, time: 29,394 [ms], path length: 40 [edges], generated: 81,796
[00:00:00:22:834] Path of length 40 found: [47, 39, 31, 23, 15, 7, 6, 14, 22, 21, 20, 12, 11, 3, 2, 1, 9, 10, 18, 19, 27, 28, 29, 30, 38, 46, 45, 37, 36, 35, 34, 26, 25, 33, 41, 40, 32, 24, 16, 8, 0]
[00:00:00:22:834] ! Unidirectional t-s. expansions: 36,690, time: 22,834 [ms], path length: 40 [edges], generated: 65,262
[00:00:02:09:596] Path of length 40 found: [0, 8, 16, 24, 32, 40, 41, 42, 34, 33, 25, 17, 9, 1, 2, 3, 11, 10, 18, 26, 27, 35, 36, 44, 45, 46, 38, 37, 29, 28, 20, 21, 22, 14, 6, 7, 15, 23, 31, 39, 47]
[00:00:02:09:916] ! Bidirectional. expansions: 94,189, time: 129,596 [ms], path length: 40 [edges], g_F: 27, g_B: 13, generated: {'F': 80,352, 'B': 92,555}, MM: 14, MMPER: 33.146341463414636%
[00:00:02:09:917] 
---------- SM_Grids/6x8_grid_with_random_blocks_8per_3 ----------
[00:00:00:13:912] Path of length 42 found: [0, 8, 9, 1, 2, 10, 18, 17, 25, 24, 32, 40, 41, 33, 34, 26, 27, 19, 11, 3, 4, 12, 20, 28, 36, 35, 43, 44, 45, 37, 29, 21, 13, 14, 6, 7, 15, 23, 31, 30, 38, 46, 47]
[00:00:00:13:913] ! Unidirectional s-t. expansions: 22,310, time: 13,912 [ms], path length: 42 [edges], generated: 36,862
[00:00:00:22:437] Path of length 42 found: [47, 39, 31, 23, 15, 7, 6, 14, 13, 12, 4, 3, 2, 10, 11, 19, 18, 26, 34, 35, 27, 28, 20, 21, 29, 30, 38, 46, 45, 37, 36, 44, 43, 42, 41, 40, 32, 24, 25, 17, 9, 1, 0]
[00:00:00:22:438] ! Unidirectional t-s. expansions: 35,254, time: 22,438 [ms], path length: 42 [edges], generated: 59,483
[00:00:00:56:600] Path of length 42 found: [0, 8, 9, 1, 2, 10, 18, 17, 25, 24, 32, 40, 41, 33, 34, 42, 43, 44, 45, 46, 38, 30, 29, 21, 20, 28, 36, 35, 27, 19, 11, 3, 4, 12, 13, 14, 6, 7, 15, 23, 31, 39, 47]
[00:00:00:56:942] ! Bidirectional. expansions: 40,056, time: 56,600 [ms], path length: 42 [edges], g_F: 25, g_B: 17, generated: {'F': 48,126, 'B': 24,192}, MM: 8, MMPER: 17.6046511627907%
[00:00:00:56:942] 
---------- SM_Grids/6x8_grid_with_random_blocks_8per_4 ----------
[00:00:00:58:712] Path of length 42 found: [0, 1, 9, 17, 16, 24, 32, 40, 41, 33, 25, 26, 18, 10, 2, 3, 11, 19, 27, 35, 34, 42, 43, 44, 45, 37, 36, 28, 20, 12, 4, 5, 6, 7, 15, 14, 13, 21, 29, 30, 38, 39, 47]
[00:00:00:58:713] ! Unidirectional s-t. expansions: 100,578, time: 58,712 [ms], path length: 42 [edges], generated: 160,745
[00:00:00:27:876] Path of length 42 found: [47, 39, 31, 30, 38, 37, 45, 44, 36, 28, 29, 21, 22, 14, 15, 7, 6, 5, 13, 12, 4, 3, 2, 10, 11, 19, 18, 26, 27, 35, 43, 42, 34, 33, 41, 40, 32, 24, 16, 17, 9, 1, 0]
[00:00:00:27:877] ! Unidirectional t-s. expansions: 41,563, time: 27,876 [ms], path length: 42 [edges], generated: 70,836
[00:00:01:17:489] Path of length 42 found: [0, 1, 9, 17, 16, 24, 32, 40, 41, 33, 25, 26, 18, 10, 2, 3, 11, 19, 27, 35, 34, 42, 43, 44, 36, 28, 20, 12, 4, 5, 6, 7, 15, 14, 13, 21, 29, 37, 38, 30, 31, 39, 47]
[00:00:01:17:816] ! Bidirectional. expansions: 56,782, time: 77,489 [ms], path length: 42 [edges], g_F: 35, g_B: 7, generated: {'F': 69,224, 'B': 34,533}, MM: 28, MMPER: 64.11627906976744%
[00:00:01:17:816] 
---------- SM_Grids/6x8_grid_with_random_blocks_8per_5 ----------
[00:00:00:04:666] Path of length 42 found: [0, 8, 16, 17, 9, 1, 2, 10, 18, 26, 25, 33, 32, 40, 41, 42, 43, 44, 36, 28, 27, 19, 11, 3, 4, 5, 13, 12, 20, 21, 29, 37, 45, 46, 38, 30, 22, 14, 15, 23, 31, 39, 47]
[00:00:00:04:667] ! Unidirectional s-t. expansions: 5,956, time: 4,666 [ms], path length: 42 [edges], generated: 10,512
[00:00:00:05:562] Path of length 42 found: [47, 39, 31, 23, 15, 14, 13, 5, 4, 3, 2, 1, 9, 10, 18, 26, 27, 19, 11, 12, 20, 28, 36, 37, 29, 21, 22, 30, 38, 46, 45, 44, 43, 42, 41, 40, 32, 33, 25, 17, 16, 8, 0]
[00:00:00:05:562] ! Unidirectional t-s. expansions: 7,522, time: 5,562 [ms], path length: 42 [edges], generated: 12,111
[00:00:00:39:867] Path of length 42 found: [0, 8, 16, 17, 9, 1, 2, 10, 18, 26, 25, 33, 32, 40, 41, 42, 43, 44, 45, 46, 38, 30, 22, 21, 29, 37, 36, 28, 27, 19, 20, 12, 11, 3, 4, 5, 13, 14, 15, 23, 31, 39, 47]
[00:00:00:40:193] ! Bidirectional. expansions: 25,593, time: 39,868 [ms], path length: 42 [edges], g_F: 12, g_B: 30, generated: {'F': 16,940, 'B': 28,983}, MM: 18, MMPER: 40.86046511627907%
[00:00:00:40:193] 
---------- SM_Grids/6x8_grid_with_random_blocks_8per_6 ----------
[00:00:00:06:724] Path of length 42 found: [0, 8, 16, 24, 32, 40, 41, 33, 25, 17, 18, 10, 11, 19, 27, 26, 34, 42, 43, 35, 36, 44, 45, 37, 29, 28, 20, 12, 4, 5, 13, 21, 22, 14, 6, 7, 15, 23, 31, 30, 38, 46, 47]
[00:00:00:06:724] ! Unidirectional s-t. expansions: 10,116, time: 6,724 [ms], path length: 42 [edges], generated: 17,664
[00:00:00:25:213] Path of length 42 found: [47, 39, 31, 23, 15, 7, 6, 5, 4, 12, 11, 10, 18, 17, 25, 33, 34, 26, 27, 19, 20, 28, 36, 37, 29, 21, 13, 14, 22, 30, 38, 46, 45, 44, 43, 42, 41, 40, 32, 24, 16, 8, 0]
[00:00:00:25:213] ! Unidirectional t-s. expansions: 37,813, time: 25,213 [ms], path length: 42 [edges], generated: 63,696
[00:00:00:51:046] Path of length 42 found: [0, 8, 16, 24, 32, 40, 41, 33, 25, 17, 18, 26, 34, 42, 43, 35, 27, 28, 36, 44, 45, 46, 38, 37, 29, 30, 22, 14, 13, 21, 20, 19, 11, 12, 4, 5, 6, 7, 15, 23, 31, 39, 47]
[00:00:00:51:365] ! Bidirectional. expansions: 37,498, time: 51,046 [ms], path length: 42 [edges], g_F: 31, g_B: 11, generated: {'F': 33,355, 'B': 36,811}, MM: 20, MMPER: 45.51162790697674%
[00:00:00:51:365] 
---------- SM_Grids/6x8_grid_with_random_blocks_8per_7 ----------
[00:00:00:00:087] Path of length 44 found: [0, 8, 16, 24, 32, 40, 41, 33, 25, 17, 9, 1, 2, 10, 18, 26, 34, 42, 43, 35, 27, 19, 20, 12, 11, 3, 4, 5, 6, 14, 15, 23, 22, 21, 29, 37, 36, 44, 45, 46, 38, 30, 31, 39, 47]
[00:00:00:00:087] ! Unidirectional s-t. expansions: 65, time: 87 [ms], path length: 44 [edges], generated: 105
[00:00:00:00:036] Path of length 44 found: [47, 39, 31, 23, 15, 14, 6, 5, 4, 3, 2, 1, 9, 17, 25, 33, 34, 26, 18, 10, 11, 12, 20, 19, 27, 35, 36, 37, 29, 21, 22, 30, 38, 46, 45, 44, 43, 42, 41, 40, 32, 24, 16, 8, 0]
[00:00:00:00:036] ! Unidirectional t-s. expansions: 44, time: 36 [ms], path length: 44 [edges], generated: 72
[00:00:00:00:150] Path of length 44 found: [0, 8, 16, 24, 32, 40, 41, 33, 25, 17, 9, 1, 2, 10, 18, 26, 34, 42, 43, 44, 45, 46, 38, 30, 22, 21, 29, 37, 36, 35, 27, 19, 20, 12, 11, 3, 4, 5, 6, 14, 15, 23, 31, 39, 47]
[00:00:00:00:461] ! Bidirectional. expansions: 109, time: 150 [ms], path length: 44 [edges], g_F: 29, g_B: 15, generated: {'F': 140, 'B': 52}, MM: 14, MMPER: 30.11111111111111%
[00:00:00:00:461] 
---------- SM_Grids/6x8_grid_with_random_blocks_8per_8 ----------
[00:00:00:13:378] Path of length 42 found: [0, 8, 16, 24, 32, 40, 41, 33, 25, 17, 9, 1, 2, 10, 18, 26, 27, 35, 43, 44, 36, 28, 20, 19, 11, 3, 4, 12, 13, 5, 6, 7, 15, 14, 22, 21, 29, 37, 38, 30, 31, 39, 47]
[00:00:00:13:379] ! Unidirectional s-t. expansions: 17,523, time: 13,378 [ms], path length: 42 [edges], generated: 29,807
[00:00:00:06:054] Path of length 42 found: [47, 46, 38, 39, 31, 30, 22, 14, 15, 7, 6, 5, 4, 3, 2, 1, 9, 17, 25, 26, 18, 10, 11, 19, 27, 28, 20, 12, 13, 21, 29, 37, 36, 35, 43, 42, 41, 33, 32, 24, 16, 8, 0]
[00:00:00:06:054] ! Unidirectional t-s. expansions: 9,251, time: 6,054 [ms], path length: 42 [edges], generated: 15,674
[00:00:00:50:807] Path of length 42 found: [0, 8, 16, 24, 32, 40, 41, 42, 43, 44, 36, 37, 29, 21, 13, 12, 20, 28, 27, 19, 11, 10, 18, 26, 25, 17, 9, 1, 2, 3, 4, 5, 6, 7, 15, 14, 22, 30, 31, 39, 38, 46, 47]
[00:00:00:51:128] ! Bidirectional. expansions: 34,965, time: 50,807 [ms], path length: 42 [edges], g_F: 17, g_B: 25, generated: {'F': 26,399, 'B': 36,327}, MM: 8, MMPER: 17.6046511627907%
[00:00:00:51:128] 
---------- SM_Grids/6x8_grid_with_random_blocks_8per_9 ----------
[00:00:00:16:106] Path of length 44 found: [0, 1, 9, 10, 2, 3, 11, 12, 20, 28, 27, 19, 18, 26, 25, 17, 16, 24, 32, 33, 41, 42, 34, 35, 43, 44, 36, 37, 45, 46, 38, 30, 29, 21, 13, 5, 6, 7, 15, 14, 22, 23, 31, 39, 47]
[00:00:00:16:106] ! Unidirectional s-t. expansions: 26,006, time: 16,106 [ms], path length: 44 [edges], generated: 45,100
[00:00:00:00:710] Path of length 44 found: [47, 39, 31, 23, 15, 7, 6, 5, 13, 14, 22, 21, 29, 30, 38, 46, 45, 37, 36, 44, 43, 35, 34, 42, 41, 33, 32, 24, 16, 17, 25, 26, 18, 19, 27, 28, 20, 12, 11, 3, 2, 10, 9, 1, 0]
[00:00:00:00:710] ! Unidirectional t-s. expansions: 917, time: 710 [ms], path length: 44 [edges], generated: 1,520
[00:00:00:57:194] Path of length 44 found: [0, 1, 9, 10, 2, 3, 11, 12, 20, 28, 27, 19, 18, 26, 25, 17, 16, 24, 32, 33, 41, 42, 34, 35, 43, 44, 36, 37, 45, 46, 38, 30, 29, 21, 22, 14, 13, 5, 6, 7, 15, 23, 31, 39, 47]
[00:00:00:57:516] ! Bidirectional. expansions: 40,558, time: 57,194 [ms], path length: 44 [edges], g_F: 11, g_B: 33, generated: {'F': 27,733, 'B': 46,152}, MM: 22, MMPER: 47.888888888888886%

[00:00:00:57:516] average expansions: (45,702, 35,500, 58,905, 0)
[00:00:00:57:516] average time: (27,889, 22,357, 79,689, 0)
[00:00:00:57:516] X-DFBnB: 35,500 , 22,357 (expansions , time[ms])
[00:00:00:57:516] BiX-DFBnB: 58,905 , 79,689 (expansions , time[ms])

