Fri 20 Mar 2026 13:00:29 IST

SLURM_JOBID:		 16224757
SLURM_JOB_NODELIST:	 ise-cpu256-03 

--------------------------
date: SM_Grids
number_of_graphs: 10
graph_type: grid
size_of_graphs: [6, 8]
heuristic: bcc_heuristic
snake: False
run_uni: True
run_bi: True
run_multi: False
solution_vertices: []
algorithms: ['DFBnB']
bsd: False
cube_first_dims: 4
cube_buffer_dim: None
backward_sym_generation: False
sym_coil: False
prefix_set: None

---------- SM_Grids/6x8_grid_with_random_blocks_20per_0 ----------
[00:00:00:00:098] Path of length 30 found: [0, 1, 2, 3, 11, 10, 18, 17, 16, 24, 32, 40, 41, 42, 34, 35, 27, 19, 20, 21, 13, 5, 6, 7, 15, 14, 22, 30, 31, 39, 47]
[00:00:00:00:099] ! Unidirectional s-t. expansions: 150, time: 99 [ms], path length: 30 [edges], generated: 234
[00:00:00:00:074] Path of length 30 found: [47, 39, 31, 30, 22, 23, 15, 7, 6, 5, 13, 21, 20, 19, 27, 35, 34, 42, 41, 40, 32, 24, 25, 17, 18, 10, 11, 3, 2, 1, 0]
[00:00:00:00:074] ! Unidirectional t-s. expansions: 130, time: 74 [ms], path length: 30 [edges], generated: 192
[00:00:00:00:203] Path of length 30 found: [0, 1, 2, 3, 11, 10, 18, 17, 16, 24, 32, 40, 41, 42, 34, 35, 27, 19, 20, 21, 13, 5, 6, 7, 15, 14, 22, 30, 31, 39, 47]
[00:00:00:00:573] ! Bidirectional. expansions: 158, time: 203 [ms], path length: 30 [edges], g_F: 28, g_B: 2, generated: {'F': 183, 'B': 56}, MM: 26, MMPER: 82.87096774193549%
[00:00:00:00:573] 
---------- SM_Grids/6x8_grid_with_random_blocks_20per_1 ----------
[00:00:00:00:149] Path of length 34 found: [0, 1, 2, 3, 11, 19, 27, 26, 25, 24, 32, 40, 41, 33, 34, 42, 43, 44, 45, 37, 36, 28, 20, 21, 13, 5, 6, 14, 15, 23, 31, 30, 38, 39, 47]
[00:00:00:00:149] ! Unidirectional s-t. expansions: 211, time: 149 [ms], path length: 34 [edges], generated: 318
[00:00:00:00:407] Path of length 34 found: [47, 39, 38, 30, 31, 23, 15, 7, 6, 5, 13, 21, 20, 28, 36, 37, 45, 44, 43, 35, 34, 42, 41, 40, 32, 24, 25, 26, 27, 19, 11, 3, 2, 1, 0]
[00:00:00:00:407] ! Unidirectional t-s. expansions: 675, time: 407 [ms], path length: 34 [edges], generated: 1,210
[00:00:00:00:958] Path of length 34 found: [0, 1, 2, 3, 11, 19, 27, 26, 25, 24, 32, 40, 41, 42, 34, 35, 43, 44, 45, 37, 36, 28, 20, 21, 13, 5, 6, 7, 15, 23, 31, 30, 38, 39, 47]
[00:00:00:01:312] ! Bidirectional. expansions: 832, time: 958 [ms], path length: 34 [edges], g_F: 6, g_B: 28, generated: {'F': 913, 'B': 511}, MM: 22, MMPER: 61.857142857142854%
[00:00:00:01:312] 
---------- SM_Grids/6x8_grid_with_random_blocks_20per_2 ----------
[00:00:00:00:076] Path of length 32 found: [0, 1, 2, 3, 11, 10, 9, 8, 16, 17, 25, 24, 32, 33, 34, 35, 43, 44, 36, 28, 29, 21, 13, 14, 6, 7, 15, 23, 31, 30, 38, 46, 47]
[00:00:00:00:076] ! Unidirectional s-t. expansions: 126, time: 76 [ms], path length: 32 [edges], generated: 204
[00:00:00:00:105] Path of length 32 found: [47, 46, 38, 39, 31, 23, 15, 7, 6, 14, 13, 21, 29, 28, 36, 44, 43, 35, 34, 26, 25, 33, 32, 24, 16, 17, 9, 10, 11, 3, 2, 1, 0]
[00:00:00:00:105] ! Unidirectional t-s. expansions: 149, time: 105 [ms], path length: 32 [edges], generated: 237
[00:00:00:00:326] Path of length 32 found: [0, 1, 2, 3, 11, 10, 9, 8, 16, 17, 25, 24, 32, 33, 34, 35, 43, 44, 36, 28, 29, 21, 13, 14, 6, 7, 15, 23, 31, 39, 38, 46, 47]
[00:00:00:00:661] ! Bidirectional. expansions: 247, time: 326 [ms], path length: 32 [edges], g_F: 22, g_B: 10, generated: {'F': 261, 'B': 129}, MM: 12, MMPER: 35.36363636363637%
[00:00:00:00:661] 
---------- SM_Grids/6x8_grid_with_random_blocks_20per_3 ----------
[00:00:00:00:050] Path of length 34 found: [0, 8, 16, 24, 32, 40, 41, 33, 34, 42, 43, 35, 27, 26, 18, 10, 11, 12, 13, 21, 22, 14, 6, 7, 15, 23, 31, 39, 38, 37, 36, 44, 45, 46, 47]
[00:00:00:00:050] ! Unidirectional s-t. expansions: 72, time: 50 [ms], path length: 34 [edges], generated: 115
[00:00:00:00:116] Path of length 34 found: [47, 39, 31, 23, 15, 7, 6, 14, 22, 21, 13, 12, 11, 10, 18, 26, 27, 35, 36, 37, 38, 46, 45, 44, 43, 42, 34, 33, 41, 40, 32, 24, 16, 8, 0]
[00:00:00:00:116] ! Unidirectional t-s. expansions: 145, time: 116 [ms], path length: 34 [edges], generated: 229
[00:00:00:00:391] Path of length 34 found: [0, 8, 16, 24, 32, 40, 41, 33, 34, 42, 43, 44, 45, 46, 38, 37, 36, 35, 27, 26, 18, 10, 11, 12, 13, 21, 22, 14, 6, 7, 15, 23, 31, 39, 47]
[00:00:00:00:723] ! Bidirectional. expansions: 223, time: 391 [ms], path length: 34 [edges], g_F: 25, g_B: 9, generated: {'F': 209, 'B': 144}, MM: 16, MMPER: 44.714285714285715%
[00:00:00:00:723] 
---------- SM_Grids/6x8_grid_with_random_blocks_20per_4 ----------
[00:00:00:00:151] Path of length 32 found: [0, 8, 16, 24, 32, 40, 41, 42, 34, 26, 25, 17, 9, 1, 2, 10, 11, 3, 4, 12, 20, 21, 22, 14, 15, 23, 31, 39, 38, 37, 45, 46, 47]
[00:00:00:00:151] ! Unidirectional s-t. expansions: 216, time: 151 [ms], path length: 32 [edges], generated: 363
[00:00:00:00:086] Path of length 32 found: [47, 46, 45, 37, 38, 39, 31, 23, 15, 14, 6, 5, 4, 12, 20, 19, 11, 3, 2, 10, 9, 17, 25, 26, 34, 42, 41, 33, 32, 24, 16, 8, 0]
[00:00:00:00:086] ! Unidirectional t-s. expansions: 133, time: 86 [ms], path length: 32 [edges], generated: 238
[00:00:00:00:506] Path of length 32 found: [0, 8, 16, 24, 32, 40, 41, 42, 34, 26, 25, 17, 9, 1, 2, 10, 11, 3, 4, 12, 20, 21, 22, 14, 15, 23, 31, 39, 38, 37, 45, 46, 47]
[00:00:00:00:840] ! Bidirectional. expansions: 416, time: 506 [ms], path length: 32 [edges], g_F: 22, g_B: 10, generated: {'F': 411, 'B': 250}, MM: 12, MMPER: 35.36363636363637%
[00:00:00:00:841] 
---------- SM_Grids/6x8_grid_with_random_blocks_20per_5 ----------
[00:00:00:00:266] Path of length 28 found: [0, 8, 16, 17, 9, 1, 2, 10, 11, 3, 4, 12, 20, 19, 18, 26, 25, 24, 32, 40, 41, 42, 43, 44, 45, 37, 38, 46, 47]
[00:00:00:00:266] ! Unidirectional s-t. expansions: 263, time: 266 [ms], path length: 28 [edges], generated: 487
[00:00:00:00:051] Path of length 28 found: [47, 46, 38, 37, 45, 44, 43, 42, 41, 40, 32, 24, 16, 8, 9, 17, 25, 26, 27, 19, 18, 10, 11, 12, 4, 3, 2, 1, 0]
[00:00:00:00:051] ! Unidirectional t-s. expansions: 63, time: 51 [ms], path length: 28 [edges], generated: 115
[00:00:00:00:617] Path of length 28 found: [0, 8, 16, 17, 9, 1, 2, 10, 11, 3, 4, 12, 20, 19, 18, 26, 25, 24, 32, 40, 41, 42, 43, 44, 45, 37, 38, 46, 47]
[00:00:00:00:947] ! Bidirectional. expansions: 372, time: 617 [ms], path length: 28 [edges], g_F: 22, g_B: 6, generated: {'F': 470, 'B': 145}, MM: 16, MMPER: 54.172413793103445%
[00:00:00:00:948] 
---------- SM_Grids/6x8_grid_with_random_blocks_20per_6 ----------
[00:00:00:00:070] Path of length 28 found: [0, 8, 16, 24, 32, 40, 41, 33, 25, 17, 18, 10, 2, 3, 11, 12, 20, 19, 27, 35, 43, 44, 36, 28, 29, 37, 38, 39, 47]
[00:00:00:00:071] ! Unidirectional s-t. expansions: 79, time: 70 [ms], path length: 28 [edges], generated: 141
[00:00:00:00:076] Path of length 28 found: [47, 39, 38, 37, 29, 28, 36, 44, 43, 35, 27, 19, 20, 12, 11, 3, 2, 10, 18, 17, 25, 33, 41, 40, 32, 24, 16, 8, 0]
[00:00:00:00:076] ! Unidirectional t-s. expansions: 95, time: 76 [ms], path length: 28 [edges], generated: 158
[00:00:00:00:146] Path of length 28 found: [0, 8, 16, 24, 32, 40, 41, 33, 25, 17, 18, 10, 2, 3, 11, 12, 20, 19, 27, 35, 43, 44, 36, 28, 29, 37, 38, 39, 47]
[00:00:00:00:478] ! Bidirectional. expansions: 76, time: 146 [ms], path length: 28 [edges], g_F: 17, g_B: 11, generated: {'F': 90, 'B': 51}, MM: 6, MMPER: 19.689655172413794%
[00:00:00:00:478] 
---------- SM_Grids/6x8_grid_with_random_blocks_20per_7 ----------
[00:00:00:00:073] Path of length 32 found: [0, 8, 16, 17, 25, 33, 41, 42, 34, 26, 18, 10, 9, 1, 2, 3, 4, 5, 6, 14, 13, 12, 20, 28, 36, 37, 45, 46, 38, 30, 31, 39, 47]
[00:00:00:00:074] ! Unidirectional s-t. expansions: 54, time: 73 [ms], path length: 32 [edges], generated: 90
[00:00:00:00:024] Path of length 32 found: [47, 39, 31, 30, 38, 46, 45, 37, 36, 28, 20, 21, 13, 14, 6, 5, 4, 3, 2, 1, 9, 10, 18, 26, 34, 42, 41, 33, 25, 17, 16, 8, 0]
[00:00:00:00:024] ! Unidirectional t-s. expansions: 32, time: 24 [ms], path length: 32 [edges], generated: 52
[00:00:00:00:136] Path of length 32 found: [0, 8, 16, 17, 25, 33, 41, 42, 34, 26, 18, 10, 9, 1, 2, 3, 4, 5, 6, 14, 13, 21, 20, 28, 36, 37, 45, 46, 38, 30, 31, 39, 47]
[00:00:00:00:464] ! Bidirectional. expansions: 82, time: 136 [ms], path length: 32 [edges], g_F: 20, g_B: 12, generated: {'F': 61, 'B': 67}, MM: 8, MMPER: 23.242424242424242%
[00:00:00:00:464] 
---------- SM_Grids/6x8_grid_with_random_blocks_20per_8 ----------
[00:00:00:00:024] Path of length 34 found: [0, 1, 9, 8, 16, 17, 25, 33, 34, 26, 27, 19, 11, 12, 20, 28, 36, 35, 43, 44, 45, 37, 29, 21, 13, 5, 6, 14, 22, 23, 31, 30, 38, 39, 47]
[00:00:00:00:025] ! Unidirectional s-t. expansions: 34, time: 25 [ms], path length: 34 [edges], generated: 56
[00:00:00:00:146] Path of length 34 found: [47, 39, 31, 23, 22, 14, 6, 5, 13, 12, 11, 19, 20, 21, 29, 30, 38, 37, 45, 44, 43, 35, 36, 28, 27, 26, 34, 33, 25, 17, 16, 8, 9, 1, 0]
[00:00:00:00:147] ! Unidirectional t-s. expansions: 201, time: 146 [ms], path length: 34 [edges], generated: 339
[00:00:00:00:301] Path of length 34 found: [0, 1, 9, 8, 16, 17, 25, 33, 34, 26, 27, 28, 36, 35, 43, 44, 45, 37, 38, 30, 29, 21, 20, 19, 11, 12, 13, 5, 6, 14, 22, 23, 31, 39, 47]
[00:00:00:00:633] ! Bidirectional. expansions: 184, time: 301 [ms], path length: 34 [edges], g_F: 9, g_B: 25, generated: {'F': 61, 'B': 263}, MM: 16, MMPER: 44.714285714285715%
[00:00:00:00:633] 
---------- SM_Grids/6x8_grid_with_random_blocks_20per_9 ----------
[00:00:00:00:057] Path of length 28 found: [0, 1, 2, 3, 11, 10, 9, 17, 16, 24, 32, 40, 41, 33, 34, 42, 43, 35, 27, 19, 20, 28, 36, 37, 45, 46, 38, 39, 47]
[00:00:00:00:057] ! Unidirectional s-t. expansions: 87, time: 57 [ms], path length: 28 [edges], generated: 140
[00:00:00:00:040] Path of length 28 found: [47, 39, 38, 46, 45, 37, 29, 28, 20, 19, 27, 26, 34, 35, 43, 42, 41, 33, 32, 24, 16, 17, 9, 10, 11, 3, 2, 1, 0]
[00:00:00:00:041] ! Unidirectional t-s. expansions: 55, time: 40 [ms], path length: 28 [edges], generated: 92
[00:00:00:00:370] Path of length 28 found: [0, 1, 2, 3, 11, 10, 9, 17, 16, 24, 32, 40, 41, 33, 34, 42, 43, 35, 27, 19, 20, 28, 29, 37, 45, 46, 38, 39, 47]
[00:00:00:00:698] ! Bidirectional. expansions: 214, time: 370 [ms], path length: 28 [edges], g_F: 21, g_B: 7, generated: {'F': 165, 'B': 207}, MM: 14, MMPER: 47.275862068965516%

[00:00:00:00:698] average expansions: (129, 168, 280, 0)
[00:00:00:00:698] average time: (102, 112, 395, 0)
[00:00:00:00:699] X-DFBnB: 129 , 102 (expansions , time[ms])
[00:00:00:00:699] BiX-DFBnB: 280 , 395 (expansions , time[ms])

--------------------------
date: SM_Grids
number_of_graphs: 10
graph_type: grid
size_of_graphs: [6, 8]
heuristic: bcc_heuristic
snake: False
run_uni: True
run_bi: True
run_multi: False
solution_vertices: []
algorithms: ['DFBnB']
bsd: False
cube_first_dims: 4
cube_buffer_dim: None
backward_sym_generation: False
sym_coil: False
prefix_set: None

---------- SM_Grids/6x8_grid_with_random_blocks_20per_0 ----------
[00:00:00:00:097] Path of length 30 found: [0, 1, 2, 3, 11, 10, 18, 17, 16, 24, 32, 40, 41, 42, 34, 35, 27, 19, 20, 21, 13, 5, 6, 7, 15, 14, 22, 30, 31, 39, 47]
[00:00:00:00:097] ! Unidirectional s-t. expansions: 150, time: 97 [ms], path length: 30 [edges], generated: 234
[00:00:00:00:073] Path of length 30 found: [47, 39, 31, 30, 22, 23, 15, 7, 6, 5, 13, 21, 20, 19, 27, 35, 34, 42, 41, 40, 32, 24, 25, 17, 18, 10, 11, 3, 2, 1, 0]
[00:00:00:00:073] ! Unidirectional t-s. expansions: 130, time: 73 [ms], path length: 30 [edges], generated: 192
[00:00:00:00:201] Path of length 30 found: [0, 1, 2, 3, 11, 10, 18, 17, 16, 24, 32, 40, 41, 42, 34, 35, 27, 19, 20, 21, 13, 5, 6, 7, 15, 14, 22, 30, 31, 39, 47]
[00:00:00:00:564] ! Bidirectional. expansions: 158, time: 201 [ms], path length: 30 [edges], g_F: 28, g_B: 2, generated: {'F': 183, 'B': 56}, MM: 26, MMPER: 82.87096774193549%
[00:00:00:00:564] 
---------- SM_Grids/6x8_grid_with_random_blocks_20per_1 ----------
[00:00:00:00:153] Path of length 34 found: [0, 1, 2, 3, 11, 19, 27, 26, 25, 24, 32, 40, 41, 33, 34, 42, 43, 44, 45, 37, 36, 28, 20, 21, 13, 5, 6, 14, 15, 23, 31, 30, 38, 39, 47]
[00:00:00:00:153] ! Unidirectional s-t. expansions: 211, time: 153 [ms], path length: 34 [edges], generated: 318
[00:00:00:00:402] Path of length 34 found: [47, 39, 38, 30, 31, 23, 15, 7, 6, 5, 13, 21, 20, 28, 36, 37, 45, 44, 43, 35, 34, 42, 41, 40, 32, 24, 25, 26, 27, 19, 11, 3, 2, 1, 0]
[00:00:00:00:402] ! Unidirectional t-s. expansions: 675, time: 402 [ms], path length: 34 [edges], generated: 1,210
[00:00:00:00:956] Path of length 34 found: [0, 1, 2, 3, 11, 19, 27, 26, 25, 24, 32, 40, 41, 42, 34, 35, 43, 44, 45, 37, 36, 28, 20, 21, 13, 5, 6, 7, 15, 23, 31, 30, 38, 39, 47]
[00:00:00:01:308] ! Bidirectional. expansions: 832, time: 956 [ms], path length: 34 [edges], g_F: 6, g_B: 28, generated: {'F': 913, 'B': 511}, MM: 22, MMPER: 61.857142857142854%
[00:00:00:01:308] 
---------- SM_Grids/6x8_grid_with_random_blocks_20per_2 ----------
[00:00:00:00:080] Path of length 32 found: [0, 1, 2, 3, 11, 10, 9, 8, 16, 17, 25, 24, 32, 33, 34, 35, 43, 44, 36, 28, 29, 21, 13, 14, 6, 7, 15, 23, 31, 30, 38, 46, 47]
[00:00:00:00:080] ! Unidirectional s-t. expansions: 126, time: 80 [ms], path length: 32 [edges], generated: 204
[00:00:00:00:109] Path of length 32 found: [47, 46, 38, 39, 31, 23, 15, 7, 6, 14, 13, 21, 29, 28, 36, 44, 43, 35, 34, 26, 25, 33, 32, 24, 16, 17, 9, 10, 11, 3, 2, 1, 0]
[00:00:00:00:110] ! Unidirectional t-s. expansions: 149, time: 110 [ms], path length: 32 [edges], generated: 237
[00:00:00:00:333] Path of length 32 found: [0, 1, 2, 3, 11, 10, 9, 8, 16, 17, 25, 24, 32, 33, 34, 35, 43, 44, 36, 28, 29, 21, 13, 14, 6, 7, 15, 23, 31, 39, 38, 46, 47]
[00:00:00:00:670] ! Bidirectional. expansions: 247, time: 333 [ms], path length: 32 [edges], g_F: 22, g_B: 10, generated: {'F': 261, 'B': 129}, MM: 12, MMPER: 35.36363636363637%
[00:00:00:00:670] 
---------- SM_Grids/6x8_grid_with_random_blocks_20per_3 ----------
[00:00:00:00:051] Path of length 34 found: [0, 8, 16, 24, 32, 40, 41, 33, 34, 42, 43, 35, 27, 26, 18, 10, 11, 12, 13, 21, 22, 14, 6, 7, 15, 23, 31, 39, 38, 37, 36, 44, 45, 46, 47]
[00:00:00:00:051] ! Unidirectional s-t. expansions: 72, time: 51 [ms], path length: 34 [edges], generated: 115
[00:00:00:00:116] Path of length 34 found: [47, 39, 31, 23, 15, 7, 6, 14, 22, 21, 13, 12, 11, 10, 18, 26, 27, 35, 36, 37, 38, 46, 45, 44, 43, 42, 34, 33, 41, 40, 32, 24, 16, 8, 0]
[00:00:00:00:117] ! Unidirectional t-s. expansions: 145, time: 116 [ms], path length: 34 [edges], generated: 229
[00:00:00:00:389] Path of length 34 found: [0, 8, 16, 24, 32, 40, 41, 33, 34, 42, 43, 44, 45, 46, 38, 37, 36, 35, 27, 26, 18, 10, 11, 12, 13, 21, 22, 14, 6, 7, 15, 23, 31, 39, 47]
[00:00:00:00:712] ! Bidirectional. expansions: 223, time: 389 [ms], path length: 34 [edges], g_F: 25, g_B: 9, generated: {'F': 209, 'B': 144}, MM: 16, MMPER: 44.714285714285715%
[00:00:00:00:713] 
---------- SM_Grids/6x8_grid_with_random_blocks_20per_4 ----------
[00:00:00:00:150] Path of length 32 found: [0, 8, 16, 24, 32, 40, 41, 42, 34, 26, 25, 17, 9, 1, 2, 10, 11, 3, 4, 12, 20, 21, 22, 14, 15, 23, 31, 39, 38, 37, 45, 46, 47]
[00:00:00:00:150] ! Unidirectional s-t. expansions: 216, time: 150 [ms], path length: 32 [edges], generated: 363
[00:00:00:00:085] Path of length 32 found: [47, 46, 45, 37, 38, 39, 31, 23, 15, 14, 6, 5, 4, 12, 20, 19, 11, 3, 2, 10, 9, 17, 25, 26, 34, 42, 41, 33, 32, 24, 16, 8, 0]
[00:00:00:00:085] ! Unidirectional t-s. expansions: 133, time: 85 [ms], path length: 32 [edges], generated: 238
[00:00:00:00:503] Path of length 32 found: [0, 8, 16, 24, 32, 40, 41, 42, 34, 26, 25, 17, 9, 1, 2, 10, 11, 3, 4, 12, 20, 21, 22, 14, 15, 23, 31, 39, 38, 37, 45, 46, 47]
[00:00:00:00:834] ! Bidirectional. expansions: 416, time: 503 [ms], path length: 32 [edges], g_F: 22, g_B: 10, generated: {'F': 411, 'B': 250}, MM: 12, MMPER: 35.36363636363637%
[00:00:00:00:834] 
---------- SM_Grids/6x8_grid_with_random_blocks_20per_5 ----------
[00:00:00:00:271] Path of length 28 found: [0, 8, 16, 17, 9, 1, 2, 10, 11, 3, 4, 12, 20, 19, 18, 26, 25, 24, 32, 40, 41, 42, 43, 44, 45, 37, 38, 46, 47]
[00:00:00:00:271] ! Unidirectional s-t. expansions: 263, time: 271 [ms], path length: 28 [edges], generated: 487
[00:00:00:00:050] Path of length 28 found: [47, 46, 38, 37, 45, 44, 43, 42, 41, 40, 32, 24, 16, 8, 9, 17, 25, 26, 27, 19, 18, 10, 11, 12, 4, 3, 2, 1, 0]
[00:00:00:00:050] ! Unidirectional t-s. expansions: 63, time: 50 [ms], path length: 28 [edges], generated: 115
[00:00:00:00:624] Path of length 28 found: [0, 8, 16, 17, 9, 1, 2, 10, 11, 3, 4, 12, 20, 19, 18, 26, 25, 24, 32, 40, 41, 42, 43, 44, 45, 37, 38, 46, 47]
[00:00:00:00:948] ! Bidirectional. expansions: 372, time: 624 [ms], path length: 28 [edges], g_F: 22, g_B: 6, generated: {'F': 470, 'B': 145}, MM: 16, MMPER: 54.172413793103445%
[00:00:00:00:948] 
---------- SM_Grids/6x8_grid_with_random_blocks_20per_6 ----------
[00:00:00:00:076] Path of length 28 found: [0, 8, 16, 24, 32, 40, 41, 33, 25, 17, 18, 10, 2, 3, 11, 12, 20, 19, 27, 35, 43, 44, 36, 28, 29, 37, 38, 39, 47]
[00:00:00:00:076] ! Unidirectional s-t. expansions: 79, time: 76 [ms], path length: 28 [edges], generated: 141
[00:00:00:00:081] Path of length 28 found: [47, 39, 38, 37, 29, 28, 36, 44, 43, 35, 27, 19, 20, 12, 11, 3, 2, 10, 18, 17, 25, 33, 41, 40, 32, 24, 16, 8, 0]
[00:00:00:00:081] ! Unidirectional t-s. expansions: 95, time: 81 [ms], path length: 28 [edges], generated: 158
[00:00:00:00:154] Path of length 28 found: [0, 8, 16, 24, 32, 40, 41, 33, 25, 17, 18, 10, 2, 3, 11, 12, 20, 19, 27, 35, 43, 44, 36, 28, 29, 37, 38, 39, 47]
[00:00:00:00:489] ! Bidirectional. expansions: 76, time: 154 [ms], path length: 28 [edges], g_F: 17, g_B: 11, generated: {'F': 90, 'B': 51}, MM: 6, MMPER: 19.689655172413794%
[00:00:00:00:489] 
---------- SM_Grids/6x8_grid_with_random_blocks_20per_7 ----------
[00:00:00:00:074] Path of length 32 found: [0, 8, 16, 17, 25, 33, 41, 42, 34, 26, 18, 10, 9, 1, 2, 3, 4, 5, 6, 14, 13, 12, 20, 28, 36, 37, 45, 46, 38, 30, 31, 39, 47]
[00:00:00:00:074] ! Unidirectional s-t. expansions: 54, time: 74 [ms], path length: 32 [edges], generated: 90
[00:00:00:00:024] Path of length 32 found: [47, 39, 31, 30, 38, 46, 45, 37, 36, 28, 20, 21, 13, 14, 6, 5, 4, 3, 2, 1, 9, 10, 18, 26, 34, 42, 41, 33, 25, 17, 16, 8, 0]
[00:00:00:00:024] ! Unidirectional t-s. expansions: 32, time: 24 [ms], path length: 32 [edges], generated: 52
[00:00:00:00:137] Path of length 32 found: [0, 8, 16, 17, 25, 33, 41, 42, 34, 26, 18, 10, 9, 1, 2, 3, 4, 5, 6, 14, 13, 21, 20, 28, 36, 37, 45, 46, 38, 30, 31, 39, 47]
[00:00:00:00:461] ! Bidirectional. expansions: 82, time: 137 [ms], path length: 32 [edges], g_F: 20, g_B: 12, generated: {'F': 61, 'B': 67}, MM: 8, MMPER: 23.242424242424242%
[00:00:00:00:461] 
---------- SM_Grids/6x8_grid_with_random_blocks_20per_8 ----------
[00:00:00:00:025] Path of length 34 found: [0, 1, 9, 8, 16, 17, 25, 33, 34, 26, 27, 19, 11, 12, 20, 28, 36, 35, 43, 44, 45, 37, 29, 21, 13, 5, 6, 14, 22, 23, 31, 30, 38, 39, 47]
[00:00:00:00:025] ! Unidirectional s-t. expansions: 34, time: 25 [ms], path length: 34 [edges], generated: 56
[00:00:00:00:148] Path of length 34 found: [47, 39, 31, 23, 22, 14, 6, 5, 13, 12, 11, 19, 20, 21, 29, 30, 38, 37, 45, 44, 43, 35, 36, 28, 27, 26, 34, 33, 25, 17, 16, 8, 9, 1, 0]
[00:00:00:00:148] ! Unidirectional t-s. expansions: 201, time: 148 [ms], path length: 34 [edges], generated: 339
[00:00:00:00:301] Path of length 34 found: [0, 1, 9, 8, 16, 17, 25, 33, 34, 26, 27, 28, 36, 35, 43, 44, 45, 37, 38, 30, 29, 21, 20, 19, 11, 12, 13, 5, 6, 14, 22, 23, 31, 39, 47]
[00:00:00:00:634] ! Bidirectional. expansions: 184, time: 301 [ms], path length: 34 [edges], g_F: 9, g_B: 25, generated: {'F': 61, 'B': 263}, MM: 16, MMPER: 44.714285714285715%
[00:00:00:00:635] 
---------- SM_Grids/6x8_grid_with_random_blocks_20per_9 ----------
[00:00:00:00:058] Path of length 28 found: [0, 1, 2, 3, 11, 10, 9, 17, 16, 24, 32, 40, 41, 33, 34, 42, 43, 35, 27, 19, 20, 28, 36, 37, 45, 46, 38, 39, 47]
[00:00:00:00:058] ! Unidirectional s-t. expansions: 87, time: 58 [ms], path length: 28 [edges], generated: 140
[00:00:00:00:041] Path of length 28 found: [47, 39, 38, 46, 45, 37, 29, 28, 20, 19, 27, 26, 34, 35, 43, 42, 41, 33, 32, 24, 16, 17, 9, 10, 11, 3, 2, 1, 0]
[00:00:00:00:041] ! Unidirectional t-s. expansions: 55, time: 41 [ms], path length: 28 [edges], generated: 92
[00:00:00:00:367] Path of length 28 found: [0, 1, 2, 3, 11, 10, 9, 17, 16, 24, 32, 40, 41, 33, 34, 42, 43, 35, 27, 19, 20, 28, 29, 37, 45, 46, 38, 39, 47]
[00:00:00:00:706] ! Bidirectional. expansions: 214, time: 367 [ms], path length: 28 [edges], g_F: 21, g_B: 7, generated: {'F': 165, 'B': 207}, MM: 14, MMPER: 47.275862068965516%

[00:00:00:00:706] average expansions: (129, 168, 280, 0)
[00:00:00:00:707] average time: (104, 113, 396, 0)
[00:00:00:00:707] X-DFBnB: 129 , 104 (expansions , time[ms])
[00:00:00:00:707] BiX-DFBnB: 280 , 396 (expansions , time[ms])

--------------------------
date: SM_Grids
number_of_graphs: 10
graph_type: grid
size_of_graphs: [6, 8]
heuristic: bcc_heuristic
snake: False
run_uni: True
run_bi: True
run_multi: False
solution_vertices: []
algorithms: ['DFBnB']
bsd: False
cube_first_dims: 4
cube_buffer_dim: None
backward_sym_generation: False
sym_coil: False
prefix_set: None

---------- SM_Grids/6x8_grid_with_random_blocks_20per_0 ----------
[00:00:00:00:098] Path of length 30 found: [0, 1, 2, 3, 11, 10, 18, 17, 16, 24, 32, 40, 41, 42, 34, 35, 27, 19, 20, 21, 13, 5, 6, 7, 15, 14, 22, 30, 31, 39, 47]
[00:00:00:00:098] ! Unidirectional s-t. expansions: 150, time: 98 [ms], path length: 30 [edges], generated: 234
[00:00:00:00:074] Path of length 30 found: [47, 39, 31, 30, 22, 23, 15, 7, 6, 5, 13, 21, 20, 19, 27, 35, 34, 42, 41, 40, 32, 24, 25, 17, 18, 10, 11, 3, 2, 1, 0]
[00:00:00:00:075] ! Unidirectional t-s. expansions: 130, time: 74 [ms], path length: 30 [edges], generated: 192
[00:00:00:00:203] Path of length 30 found: [0, 1, 2, 3, 11, 10, 18, 17, 16, 24, 32, 40, 41, 42, 34, 35, 27, 19, 20, 21, 13, 5, 6, 7, 15, 14, 22, 30, 31, 39, 47]
[00:00:00:00:563] ! Bidirectional. expansions: 158, time: 203 [ms], path length: 30 [edges], g_F: 28, g_B: 2, generated: {'F': 183, 'B': 56}, MM: 26, MMPER: 82.87096774193549%
[00:00:00:00:563] 
---------- SM_Grids/6x8_grid_with_random_blocks_20per_1 ----------
[00:00:00:00:148] Path of length 34 found: [0, 1, 2, 3, 11, 19, 27, 26, 25, 24, 32, 40, 41, 33, 34, 42, 43, 44, 45, 37, 36, 28, 20, 21, 13, 5, 6, 14, 15, 23, 31, 30, 38, 39, 47]
[00:00:00:00:149] ! Unidirectional s-t. expansions: 211, time: 148 [ms], path length: 34 [edges], generated: 318
[00:00:00:00:401] Path of length 34 found: [47, 39, 38, 30, 31, 23, 15, 7, 6, 5, 13, 21, 20, 28, 36, 37, 45, 44, 43, 35, 34, 42, 41, 40, 32, 24, 25, 26, 27, 19, 11, 3, 2, 1, 0]
[00:00:00:00:401] ! Unidirectional t-s. expansions: 675, time: 401 [ms], path length: 34 [edges], generated: 1,210
[00:00:00:00:954] Path of length 34 found: [0, 1, 2, 3, 11, 19, 27, 26, 25, 24, 32, 40, 41, 42, 34, 35, 43, 44, 45, 37, 36, 28, 20, 21, 13, 5, 6, 7, 15, 23, 31, 30, 38, 39, 47]
[00:00:00:01:303] ! Bidirectional. expansions: 832, time: 954 [ms], path length: 34 [edges], g_F: 6, g_B: 28, generated: {'F': 913, 'B': 511}, MM: 22, MMPER: 61.857142857142854%
[00:00:00:01:303] 
---------- SM_Grids/6x8_grid_with_random_blocks_20per_2 ----------
[00:00:00:00:077] Path of length 32 found: [0, 1, 2, 3, 11, 10, 9, 8, 16, 17, 25, 24, 32, 33, 34, 35, 43, 44, 36, 28, 29, 21, 13, 14, 6, 7, 15, 23, 31, 30, 38, 46, 47]
[00:00:00:00:077] ! Unidirectional s-t. expansions: 126, time: 77 [ms], path length: 32 [edges], generated: 204
[00:00:00:00:106] Path of length 32 found: [47, 46, 38, 39, 31, 23, 15, 7, 6, 14, 13, 21, 29, 28, 36, 44, 43, 35, 34, 26, 25, 33, 32, 24, 16, 17, 9, 10, 11, 3, 2, 1, 0]
[00:00:00:00:106] ! Unidirectional t-s. expansions: 149, time: 106 [ms], path length: 32 [edges], generated: 237
[00:00:00:00:331] Path of length 32 found: [0, 1, 2, 3, 11, 10, 9, 8, 16, 17, 25, 24, 32, 33, 34, 35, 43, 44, 36, 28, 29, 21, 13, 14, 6, 7, 15, 23, 31, 39, 38, 46, 47]
[00:00:00:00:661] ! Bidirectional. expansions: 247, time: 331 [ms], path length: 32 [edges], g_F: 22, g_B: 10, generated: {'F': 261, 'B': 129}, MM: 12, MMPER: 35.36363636363637%
[00:00:00:00:661] 
---------- SM_Grids/6x8_grid_with_random_blocks_20per_3 ----------
[00:00:00:00:049] Path of length 34 found: [0, 8, 16, 24, 32, 40, 41, 33, 34, 42, 43, 35, 27, 26, 18, 10, 11, 12, 13, 21, 22, 14, 6, 7, 15, 23, 31, 39, 38, 37, 36, 44, 45, 46, 47]
[00:00:00:00:050] ! Unidirectional s-t. expansions: 72, time: 50 [ms], path length: 34 [edges], generated: 115
[00:00:00:00:114] Path of length 34 found: [47, 39, 31, 23, 15, 7, 6, 14, 22, 21, 13, 12, 11, 10, 18, 26, 27, 35, 36, 37, 38, 46, 45, 44, 43, 42, 34, 33, 41, 40, 32, 24, 16, 8, 0]
[00:00:00:00:114] ! Unidirectional t-s. expansions: 145, time: 114 [ms], path length: 34 [edges], generated: 229
[00:00:00:00:387] Path of length 34 found: [0, 8, 16, 24, 32, 40, 41, 33, 34, 42, 43, 44, 45, 46, 38, 37, 36, 35, 27, 26, 18, 10, 11, 12, 13, 21, 22, 14, 6, 7, 15, 23, 31, 39, 47]
[00:00:00:00:709] ! Bidirectional. expansions: 223, time: 387 [ms], path length: 34 [edges], g_F: 25, g_B: 9, generated: {'F': 209, 'B': 144}, MM: 16, MMPER: 44.714285714285715%
[00:00:00:00:710] 
---------- SM_Grids/6x8_grid_with_random_blocks_20per_4 ----------
[00:00:00:00:149] Path of length 32 found: [0, 8, 16, 24, 32, 40, 41, 42, 34, 26, 25, 17, 9, 1, 2, 10, 11, 3, 4, 12, 20, 21, 22, 14, 15, 23, 31, 39, 38, 37, 45, 46, 47]
[00:00:00:00:150] ! Unidirectional s-t. expansions: 216, time: 149 [ms], path length: 32 [edges], generated: 363
[00:00:00:00:086] Path of length 32 found: [47, 46, 45, 37, 38, 39, 31, 23, 15, 14, 6, 5, 4, 12, 20, 19, 11, 3, 2, 10, 9, 17, 25, 26, 34, 42, 41, 33, 32, 24, 16, 8, 0]
[00:00:00:00:086] ! Unidirectional t-s. expansions: 133, time: 86 [ms], path length: 32 [edges], generated: 238
[00:00:00:00:505] Path of length 32 found: [0, 8, 16, 24, 32, 40, 41, 42, 34, 26, 25, 17, 9, 1, 2, 10, 11, 3, 4, 12, 20, 21, 22, 14, 15, 23, 31, 39, 38, 37, 45, 46, 47]
[00:00:00:00:835] ! Bidirectional. expansions: 416, time: 506 [ms], path length: 32 [edges], g_F: 22, g_B: 10, generated: {'F': 411, 'B': 250}, MM: 12, MMPER: 35.36363636363637%
[00:00:00:00:835] 
---------- SM_Grids/6x8_grid_with_random_blocks_20per_5 ----------
[00:00:00:00:263] Path of length 28 found: [0, 8, 16, 17, 9, 1, 2, 10, 11, 3, 4, 12, 20, 19, 18, 26, 25, 24, 32, 40, 41, 42, 43, 44, 45, 37, 38, 46, 47]
[00:00:00:00:263] ! Unidirectional s-t. expansions: 263, time: 263 [ms], path length: 28 [edges], generated: 487
[00:00:00:00:050] Path of length 28 found: [47, 46, 38, 37, 45, 44, 43, 42, 41, 40, 32, 24, 16, 8, 9, 17, 25, 26, 27, 19, 18, 10, 11, 12, 4, 3, 2, 1, 0]
[00:00:00:00:050] ! Unidirectional t-s. expansions: 63, time: 50 [ms], path length: 28 [edges], generated: 115
[00:00:00:00:615] Path of length 28 found: [0, 8, 16, 17, 9, 1, 2, 10, 11, 3, 4, 12, 20, 19, 18, 26, 25, 24, 32, 40, 41, 42, 43, 44, 45, 37, 38, 46, 47]
[00:00:00:00:940] ! Bidirectional. expansions: 372, time: 615 [ms], path length: 28 [edges], g_F: 22, g_B: 6, generated: {'F': 470, 'B': 145}, MM: 16, MMPER: 54.172413793103445%
[00:00:00:00:940] 
---------- SM_Grids/6x8_grid_with_random_blocks_20per_6 ----------
[00:00:00:00:072] Path of length 28 found: [0, 8, 16, 24, 32, 40, 41, 33, 25, 17, 18, 10, 2, 3, 11, 12, 20, 19, 27, 35, 43, 44, 36, 28, 29, 37, 38, 39, 47]
[00:00:00:00:072] ! Unidirectional s-t. expansions: 79, time: 72 [ms], path length: 28 [edges], generated: 141
[00:00:00:00:079] Path of length 28 found: [47, 39, 38, 37, 29, 28, 36, 44, 43, 35, 27, 19, 20, 12, 11, 3, 2, 10, 18, 17, 25, 33, 41, 40, 32, 24, 16, 8, 0]
[00:00:00:00:079] ! Unidirectional t-s. expansions: 95, time: 79 [ms], path length: 28 [edges], generated: 158
[00:00:00:00:148] Path of length 28 found: [0, 8, 16, 24, 32, 40, 41, 33, 25, 17, 18, 10, 2, 3, 11, 12, 20, 19, 27, 35, 43, 44, 36, 28, 29, 37, 38, 39, 47]
[00:00:00:00:474] ! Bidirectional. expansions: 76, time: 148 [ms], path length: 28 [edges], g_F: 17, g_B: 11, generated: {'F': 90, 'B': 51}, MM: 6, MMPER: 19.689655172413794%
[00:00:00:00:474] 
---------- SM_Grids/6x8_grid_with_random_blocks_20per_7 ----------
[00:00:00:00:071] Path of length 32 found: [0, 8, 16, 17, 25, 33, 41, 42, 34, 26, 18, 10, 9, 1, 2, 3, 4, 5, 6, 14, 13, 12, 20, 28, 36, 37, 45, 46, 38, 30, 31, 39, 47]
[00:00:00:00:072] ! Unidirectional s-t. expansions: 54, time: 72 [ms], path length: 32 [edges], generated: 90
[00:00:00:00:024] Path of length 32 found: [47, 39, 31, 30, 38, 46, 45, 37, 36, 28, 20, 21, 13, 14, 6, 5, 4, 3, 2, 1, 9, 10, 18, 26, 34, 42, 41, 33, 25, 17, 16, 8, 0]
[00:00:00:00:024] ! Unidirectional t-s. expansions: 32, time: 24 [ms], path length: 32 [edges], generated: 52
[00:00:00:00:135] Path of length 32 found: [0, 8, 16, 17, 25, 33, 41, 42, 34, 26, 18, 10, 9, 1, 2, 3, 4, 5, 6, 14, 13, 21, 20, 28, 36, 37, 45, 46, 38, 30, 31, 39, 47]
[00:00:00:00:464] ! Bidirectional. expansions: 82, time: 135 [ms], path length: 32 [edges], g_F: 20, g_B: 12, generated: {'F': 61, 'B': 67}, MM: 8, MMPER: 23.242424242424242%
[00:00:00:00:464] 
---------- SM_Grids/6x8_grid_with_random_blocks_20per_8 ----------
[00:00:00:00:025] Path of length 34 found: [0, 1, 9, 8, 16, 17, 25, 33, 34, 26, 27, 19, 11, 12, 20, 28, 36, 35, 43, 44, 45, 37, 29, 21, 13, 5, 6, 14, 22, 23, 31, 30, 38, 39, 47]
[00:00:00:00:025] ! Unidirectional s-t. expansions: 34, time: 25 [ms], path length: 34 [edges], generated: 56
[00:00:00:00:147] Path of length 34 found: [47, 39, 31, 23, 22, 14, 6, 5, 13, 12, 11, 19, 20, 21, 29, 30, 38, 37, 45, 44, 43, 35, 36, 28, 27, 26, 34, 33, 25, 17, 16, 8, 9, 1, 0]
[00:00:00:00:147] ! Unidirectional t-s. expansions: 201, time: 147 [ms], path length: 34 [edges], generated: 339
[00:00:00:00:303] Path of length 34 found: [0, 1, 9, 8, 16, 17, 25, 33, 34, 26, 27, 28, 36, 35, 43, 44, 45, 37, 38, 30, 29, 21, 20, 19, 11, 12, 13, 5, 6, 14, 22, 23, 31, 39, 47]
[00:00:00:00:635] ! Bidirectional. expansions: 184, time: 303 [ms], path length: 34 [edges], g_F: 9, g_B: 25, generated: {'F': 61, 'B': 263}, MM: 16, MMPER: 44.714285714285715%
[00:00:00:00:635] 
---------- SM_Grids/6x8_grid_with_random_blocks_20per_9 ----------
[00:00:00:00:056] Path of length 28 found: [0, 1, 2, 3, 11, 10, 9, 17, 16, 24, 32, 40, 41, 33, 34, 42, 43, 35, 27, 19, 20, 28, 36, 37, 45, 46, 38, 39, 47]
[00:00:00:00:056] ! Unidirectional s-t. expansions: 87, time: 56 [ms], path length: 28 [edges], generated: 140
[00:00:00:00:041] Path of length 28 found: [47, 39, 38, 46, 45, 37, 29, 28, 20, 19, 27, 26, 34, 35, 43, 42, 41, 33, 32, 24, 16, 17, 9, 10, 11, 3, 2, 1, 0]
[00:00:00:00:041] ! Unidirectional t-s. expansions: 55, time: 41 [ms], path length: 28 [edges], generated: 92
[00:00:00:00:364] Path of length 28 found: [0, 1, 2, 3, 11, 10, 9, 17, 16, 24, 32, 40, 41, 33, 34, 42, 43, 35, 27, 19, 20, 28, 29, 37, 45, 46, 38, 39, 47]
[00:00:00:00:693] ! Bidirectional. expansions: 214, time: 364 [ms], path length: 28 [edges], g_F: 21, g_B: 7, generated: {'F': 165, 'B': 207}, MM: 14, MMPER: 47.275862068965516%

[00:00:00:00:693] average expansions: (129, 168, 280, 0)
[00:00:00:00:693] average time: (101, 112, 395, 0)
[00:00:00:00:693] X-DFBnB: 129 , 101 (expansions , time[ms])
[00:00:00:00:693] BiX-DFBnB: 280 , 395 (expansions , time[ms])

