Fri 20 Mar 2026 13:00:00 IST

SLURM_JOBID:		 16224519
SLURM_JOB_NODELIST:	 ise-cpu256-02 

--------------------------
date: SM_Grids
number_of_graphs: 10
graph_type: grid
size_of_graphs: [6, 8]
heuristic: bcc_heuristic
snake: False
run_uni: True
run_bi: True
run_multi: False
solution_vertices: []
algorithms: ['DFBnB']
bsd: False
cube_first_dims: 4
cube_buffer_dim: None
backward_sym_generation: False
sym_coil: False
prefix_set: None

---------- SM_Grids/6x8_grid_with_random_blocks_16per_0 ----------
[00:00:00:05:803] Path of length 34 found: [0, 8, 16, 24, 25, 17, 9, 1, 2, 10, 18, 26, 34, 42, 43, 35, 36, 28, 20, 19, 11, 3, 4, 5, 6, 14, 15, 23, 31, 30, 38, 37, 45, 46, 47]
[00:00:00:05:803] ! Unidirectional s-t. expansions: 10,288, time: 5,803 [ms], path length: 34 [edges], generated: 16,623
[00:00:00:03:324] Path of length 34 found: [47, 39, 31, 23, 15, 7, 6, 5, 4, 3, 2, 1, 9, 17, 18, 10, 11, 19, 20, 28, 36, 37, 38, 46, 45, 44, 43, 35, 34, 26, 25, 24, 16, 8, 0]
[00:00:00:03:324] ! Unidirectional t-s. expansions: 5,386, time: 3,324 [ms], path length: 34 [edges], generated: 9,086
[00:00:00:19:938] Path of length 34 found: [0, 8, 16, 24, 25, 17, 9, 1, 2, 10, 18, 26, 34, 42, 43, 44, 45, 46, 38, 37, 36, 28, 20, 19, 11, 3, 4, 5, 6, 14, 15, 23, 31, 39, 47]
[00:00:00:20:289] ! Bidirectional. expansions: 15,630, time: 19,938 [ms], path length: 34 [edges], g_F: 30, g_B: 4, generated: {'F': 22,134, 'B': 4,053}, MM: 26, MMPER: 73.28571428571429%
[00:00:00:20:289] 
---------- SM_Grids/6x8_grid_with_random_blocks_16per_1 ----------
[00:00:00:00:440] Path of length 32 found: [0, 8, 9, 1, 2, 10, 18, 17, 25, 26, 27, 19, 20, 12, 11, 3, 4, 5, 13, 14, 22, 21, 29, 28, 36, 35, 43, 44, 45, 46, 38, 39, 47]
[00:00:00:00:440] ! Unidirectional s-t. expansions: 524, time: 440 [ms], path length: 32 [edges], generated: 994
[00:00:00:00:150] Path of length 32 found: [47, 39, 38, 46, 45, 44, 43, 35, 36, 28, 29, 21, 22, 14, 13, 5, 4, 3, 11, 12, 20, 19, 27, 26, 25, 17, 18, 10, 2, 1, 9, 8, 0]
[00:00:00:00:150] ! Unidirectional t-s. expansions: 171, time: 150 [ms], path length: 32 [edges], generated: 305
[00:00:00:01:706] Path of length 32 found: [0, 8, 9, 1, 2, 10, 18, 17, 25, 26, 27, 19, 20, 12, 11, 3, 4, 5, 13, 14, 22, 21, 29, 28, 36, 35, 43, 44, 45, 46, 38, 39, 47]
[00:00:00:02:055] ! Bidirectional. expansions: 1,027, time: 1,706 [ms], path length: 32 [edges], g_F: 30, g_B: 2, generated: {'F': 1,865, 'B': 81}, MM: 28, MMPER: 83.84848484848484%
[00:00:00:02:055] 
---------- SM_Grids/6x8_grid_with_random_blocks_16per_2 ----------
[00:00:00:00:216] Path of length 38 found: [0, 8, 16, 24, 32, 40, 41, 33, 25, 17, 9, 1, 2, 3, 11, 12, 13, 14, 6, 7, 15, 23, 22, 21, 20, 19, 18, 26, 34, 35, 43, 44, 36, 37, 45, 46, 38, 39, 47]
[00:00:00:00:216] ! Unidirectional s-t. expansions: 276, time: 216 [ms], path length: 38 [edges], generated: 451
[00:00:00:00:130] Path of length 38 found: [47, 39, 38, 46, 45, 37, 36, 44, 43, 35, 27, 19, 20, 21, 22, 23, 15, 7, 6, 14, 13, 12, 11, 3, 2, 1, 9, 17, 18, 26, 34, 33, 41, 40, 32, 24, 16, 8, 0]
[00:00:00:00:131] ! Unidirectional t-s. expansions: 173, time: 130 [ms], path length: 38 [edges], generated: 296
[00:00:00:01:397] Path of length 38 found: [0, 8, 16, 24, 32, 40, 41, 33, 25, 17, 9, 1, 2, 3, 11, 12, 13, 14, 6, 7, 15, 23, 22, 21, 20, 19, 18, 26, 34, 35, 43, 44, 36, 37, 45, 46, 38, 39, 47]
[00:00:00:01:731] ! Bidirectional. expansions: 838, time: 1,397 [ms], path length: 38 [edges], g_F: 29, g_B: 9, generated: {'F': 1,063, 'B': 324}, MM: 20, MMPER: 50.282051282051285%
[00:00:00:01:731] 
---------- SM_Grids/6x8_grid_with_random_blocks_16per_3 ----------
[00:00:00:00:028] Path of length 40 found: [0, 8, 16, 24, 32, 40, 41, 42, 34, 33, 25, 17, 9, 1, 2, 3, 11, 19, 27, 35, 36, 28, 29, 37, 45, 46, 38, 30, 22, 14, 13, 12, 4, 5, 6, 7, 15, 23, 31, 39, 47]
[00:00:00:00:028] ! Unidirectional s-t. expansions: 40, time: 28 [ms], path length: 40 [edges], generated: 60
[00:00:00:00:058] Path of length 40 found: [47, 39, 31, 23, 15, 7, 6, 5, 4, 12, 13, 14, 22, 30, 38, 46, 45, 37, 29, 28, 36, 35, 27, 19, 11, 3, 2, 1, 9, 17, 25, 33, 34, 42, 41, 40, 32, 24, 16, 8, 0]
[00:00:00:00:059] ! Unidirectional t-s. expansions: 95, time: 59 [ms], path length: 40 [edges], generated: 146
[00:00:00:00:089] Path of length 40 found: [0, 8, 16, 24, 32, 40, 41, 42, 34, 33, 25, 17, 9, 1, 2, 3, 11, 19, 27, 35, 36, 28, 29, 37, 45, 46, 38, 30, 22, 14, 13, 12, 4, 5, 6, 7, 15, 23, 31, 39, 47]
[00:00:00:00:422] ! Bidirectional. expansions: 64, time: 89 [ms], path length: 40 [edges], g_F: 19, g_B: 21, generated: {'F': 50, 'B': 54}, MM: 2, MMPER: 3.8780487804878048%
[00:00:00:00:422] 
---------- SM_Grids/6x8_grid_with_random_blocks_16per_4 ----------
[00:00:00:00:771] Path of length 34 found: [0, 8, 16, 24, 25, 17, 9, 1, 2, 3, 11, 10, 18, 26, 27, 19, 20, 12, 13, 5, 6, 7, 15, 14, 22, 21, 29, 28, 36, 35, 43, 44, 45, 46, 47]
[00:00:00:00:771] ! Unidirectional s-t. expansions: 878, time: 771 [ms], path length: 34 [edges], generated: 1,637
[00:00:00:00:410] Path of length 34 found: [47, 46, 45, 44, 43, 35, 36, 28, 20, 21, 29, 30, 22, 23, 15, 7, 6, 5, 13, 12, 11, 3, 2, 1, 9, 10, 18, 19, 27, 26, 25, 17, 16, 8, 0]
[00:00:00:00:410] ! Unidirectional t-s. expansions: 644, time: 410 [ms], path length: 34 [edges], generated: 1,147
[00:00:00:02:799] Path of length 34 found: [0, 8, 16, 24, 25, 17, 9, 1, 2, 3, 11, 10, 18, 26, 27, 19, 20, 12, 13, 5, 6, 7, 15, 14, 22, 21, 29, 28, 36, 35, 43, 44, 45, 46, 47]
[00:00:00:03:127] ! Bidirectional. expansions: 2,054, time: 2,799 [ms], path length: 34 [edges], g_F: 26, g_B: 8, generated: {'F': 1,630, 'B': 2,101}, MM: 18, MMPER: 50.42857142857143%
[00:00:00:03:127] 
---------- SM_Grids/6x8_grid_with_random_blocks_16per_5 ----------
[00:00:00:00:028] Path of length 38 found: [0, 1, 2, 10, 11, 19, 27, 26, 25, 17, 16, 24, 32, 40, 41, 33, 34, 42, 43, 35, 36, 44, 45, 37, 29, 21, 13, 5, 6, 14, 15, 23, 22, 30, 31, 39, 38, 46, 47]
[00:00:00:00:028] ! Unidirectional s-t. expansions: 38, time: 28 [ms], path length: 38 [edges], generated: 60
[00:00:00:00:636] Path of length 38 found: [47, 39, 31, 23, 15, 14, 6, 5, 13, 21, 22, 30, 29, 37, 38, 46, 45, 44, 36, 35, 43, 42, 34, 33, 41, 40, 32, 24, 16, 17, 25, 26, 27, 19, 11, 10, 2, 1, 0]
[00:00:00:00:636] ! Unidirectional t-s. expansions: 799, time: 636 [ms], path length: 38 [edges], generated: 1,338
[00:00:00:01:328] Path of length 38 found: [0, 1, 2, 10, 11, 19, 27, 26, 25, 17, 16, 24, 32, 40, 41, 33, 34, 42, 43, 35, 36, 44, 45, 46, 38, 37, 29, 30, 22, 21, 13, 5, 6, 14, 15, 23, 31, 39, 47]
[00:00:00:01:665] ! Bidirectional. expansions: 756, time: 1,328 [ms], path length: 38 [edges], g_F: 7, g_B: 31, generated: {'F': 221, 'B': 1,036}, MM: 24, MMPER: 60.53846153846154%
[00:00:00:01:665] 
---------- SM_Grids/6x8_grid_with_random_blocks_16per_6 ----------
[00:00:00:00:258] Path of length 36 found: [0, 8, 16, 24, 32, 40, 41, 33, 25, 17, 18, 10, 9, 1, 2, 3, 11, 12, 13, 5, 6, 14, 22, 21, 29, 28, 27, 26, 34, 35, 43, 44, 36, 37, 45, 46, 47]
[00:00:00:00:259] ! Unidirectional s-t. expansions: 298, time: 259 [ms], path length: 36 [edges], generated: 491
[00:00:00:00:135] Path of length 36 found: [47, 46, 45, 37, 29, 30, 22, 14, 6, 5, 13, 12, 11, 3, 2, 1, 9, 10, 18, 17, 25, 26, 27, 28, 36, 44, 43, 35, 34, 33, 41, 40, 32, 24, 16, 8, 0]
[00:00:00:00:135] ! Unidirectional t-s. expansions: 166, time: 135 [ms], path length: 36 [edges], generated: 287
[00:00:00:01:036] Path of length 36 found: [0, 8, 16, 24, 32, 40, 41, 33, 25, 17, 18, 10, 9, 1, 2, 3, 11, 12, 13, 5, 6, 14, 22, 21, 29, 28, 27, 26, 34, 35, 43, 44, 36, 37, 45, 46, 47]
[00:00:00:01:362] ! Bidirectional. expansions: 753, time: 1,036 [ms], path length: 36 [edges], g_F: 24, g_B: 12, generated: {'F': 583, 'B': 733}, MM: 12, MMPER: 31.432432432432435%
[00:00:00:01:362] 
---------- SM_Grids/6x8_grid_with_random_blocks_16per_7 ----------
[00:00:00:00:959] Path of length 38 found: [0, 8, 16, 24, 32, 40, 41, 42, 43, 35, 34, 26, 25, 17, 9, 1, 2, 10, 18, 19, 27, 28, 20, 12, 11, 3, 4, 5, 13, 14, 15, 23, 31, 30, 29, 37, 38, 39, 47]
[00:00:00:00:959] ! Unidirectional s-t. expansions: 1,277, time: 959 [ms], path length: 38 [edges], generated: 2,002
[00:00:00:01:034] Path of length 38 found: [47, 39, 31, 23, 15, 14, 13, 5, 4, 3, 2, 1, 9, 17, 25, 26, 18, 10, 11, 12, 20, 19, 27, 28, 29, 30, 38, 37, 36, 35, 34, 42, 41, 40, 32, 24, 16, 8, 0]
[00:00:00:01:035] ! Unidirectional t-s. expansions: 1,394, time: 1,035 [ms], path length: 38 [edges], generated: 2,504
[00:00:00:07:146] Path of length 38 found: [0, 8, 16, 24, 32, 40, 41, 42, 43, 35, 36, 37, 38, 30, 29, 28, 20, 12, 11, 10, 18, 19, 27, 26, 25, 17, 9, 1, 2, 3, 4, 5, 13, 14, 15, 23, 31, 39, 47]
[00:00:00:07:474] ! Bidirectional. expansions: 5,091, time: 7,146 [ms], path length: 38 [edges], g_F: 22, g_B: 16, generated: {'F': 4,847, 'B': 3,670}, MM: 6, MMPER: 14.384615384615385%
[00:00:00:07:474] 
---------- SM_Grids/6x8_grid_with_random_blocks_16per_8 ----------
[00:00:00:00:029] Path of length 36 found: [0, 8, 9, 17, 16, 24, 32, 40, 41, 33, 25, 26, 27, 19, 20, 28, 36, 35, 43, 44, 45, 37, 29, 21, 13, 5, 6, 14, 15, 23, 22, 30, 31, 39, 38, 46, 47]
[00:00:00:00:029] ! Unidirectional s-t. expansions: 37, time: 29 [ms], path length: 36 [edges], generated: 60
[00:00:00:00:239] Path of length 36 found: [47, 39, 31, 23, 15, 14, 6, 5, 13, 21, 22, 30, 29, 28, 20, 19, 27, 35, 36, 37, 38, 46, 45, 44, 43, 42, 41, 40, 32, 33, 25, 24, 16, 17, 9, 8, 0]
[00:00:00:00:239] ! Unidirectional t-s. expansions: 270, time: 239 [ms], path length: 36 [edges], generated: 474
[00:00:00:00:918] Path of length 36 found: [0, 8, 9, 17, 16, 24, 32, 40, 41, 33, 25, 26, 27, 19, 20, 28, 36, 35, 43, 44, 45, 46, 38, 37, 29, 30, 22, 21, 13, 5, 6, 14, 15, 23, 31, 39, 47]
[00:00:00:01:249] ! Bidirectional. expansions: 586, time: 918 [ms], path length: 36 [edges], g_F: 17, g_B: 19, generated: {'F': 233, 'B': 790}, MM: 2, MMPER: 4.405405405405405%
[00:00:00:01:249] 
---------- SM_Grids/6x8_grid_with_random_blocks_16per_9 ----------
[00:00:00:01:317] Path of length 38 found: [0, 1, 9, 17, 25, 24, 32, 40, 41, 33, 34, 42, 43, 35, 36, 28, 29, 21, 13, 12, 20, 19, 27, 26, 18, 10, 2, 3, 4, 5, 6, 14, 22, 23, 31, 39, 38, 46, 47]
[00:00:00:01:317] ! Unidirectional s-t. expansions: 1,808, time: 1,317 [ms], path length: 38 [edges], generated: 3,176
[00:00:00:00:496] Path of length 38 found: [47, 39, 38, 46, 45, 44, 36, 35, 43, 42, 34, 33, 41, 40, 32, 24, 25, 17, 9, 10, 18, 26, 27, 19, 20, 28, 29, 21, 22, 14, 6, 5, 13, 12, 4, 3, 2, 1, 0]
[00:00:00:00:496] ! Unidirectional t-s. expansions: 677, time: 496 [ms], path length: 38 [edges], generated: 1,156
[00:00:00:06:808] Path of length 38 found: [0, 1, 9, 17, 25, 24, 32, 40, 41, 33, 34, 42, 43, 35, 36, 28, 29, 21, 13, 12, 20, 19, 27, 26, 18, 10, 2, 3, 4, 5, 6, 14, 22, 23, 31, 39, 38, 46, 47]
[00:00:00:07:142] ! Bidirectional. expansions: 4,821, time: 6,809 [ms], path length: 38 [edges], g_F: 36, g_B: 2, generated: {'F': 7,806, 'B': 674}, MM: 34, MMPER: 86.17948717948718%

[00:00:00:07:142] average expansions: (1,546, 978, 3,162, 0)
[00:00:00:07:142] average time: (985, 661, 4,317, 0)
[00:00:00:07:142] X-DFBnB: 978 , 661 (expansions , time[ms])
[00:00:00:07:142] BiX-DFBnB: 3,162 , 4,317 (expansions , time[ms])

--------------------------
date: SM_Grids
number_of_graphs: 10
graph_type: grid
size_of_graphs: [6, 8]
heuristic: bcc_heuristic
snake: False
run_uni: True
run_bi: True
run_multi: False
solution_vertices: []
algorithms: ['DFBnB']
bsd: False
cube_first_dims: 4
cube_buffer_dim: None
backward_sym_generation: False
sym_coil: False
prefix_set: None

---------- SM_Grids/6x8_grid_with_random_blocks_16per_0 ----------
[00:00:00:05:886] Path of length 34 found: [0, 8, 16, 24, 25, 17, 9, 1, 2, 10, 18, 26, 34, 42, 43, 35, 36, 28, 20, 19, 11, 3, 4, 5, 6, 14, 15, 23, 31, 30, 38, 37, 45, 46, 47]
[00:00:00:05:886] ! Unidirectional s-t. expansions: 10,288, time: 5,886 [ms], path length: 34 [edges], generated: 16,623
[00:00:00:03:354] Path of length 34 found: [47, 39, 31, 23, 15, 7, 6, 5, 4, 3, 2, 1, 9, 17, 18, 10, 11, 19, 20, 28, 36, 37, 38, 46, 45, 44, 43, 35, 34, 26, 25, 24, 16, 8, 0]
[00:00:00:03:354] ! Unidirectional t-s. expansions: 5,386, time: 3,354 [ms], path length: 34 [edges], generated: 9,086
[00:00:00:20:014] Path of length 34 found: [0, 8, 16, 24, 25, 17, 9, 1, 2, 10, 18, 26, 34, 42, 43, 44, 45, 46, 38, 37, 36, 28, 20, 19, 11, 3, 4, 5, 6, 14, 15, 23, 31, 39, 47]
[00:00:00:20:369] ! Bidirectional. expansions: 15,630, time: 20,014 [ms], path length: 34 [edges], g_F: 30, g_B: 4, generated: {'F': 22,134, 'B': 4,053}, MM: 26, MMPER: 73.28571428571429%
[00:00:00:20:369] 
---------- SM_Grids/6x8_grid_with_random_blocks_16per_1 ----------
[00:00:00:00:446] Path of length 32 found: [0, 8, 9, 1, 2, 10, 18, 17, 25, 26, 27, 19, 20, 12, 11, 3, 4, 5, 13, 14, 22, 21, 29, 28, 36, 35, 43, 44, 45, 46, 38, 39, 47]
[00:00:00:00:446] ! Unidirectional s-t. expansions: 524, time: 446 [ms], path length: 32 [edges], generated: 994
[00:00:00:00:153] Path of length 32 found: [47, 39, 38, 46, 45, 44, 43, 35, 36, 28, 29, 21, 22, 14, 13, 5, 4, 3, 11, 12, 20, 19, 27, 26, 25, 17, 18, 10, 2, 1, 9, 8, 0]
[00:00:00:00:153] ! Unidirectional t-s. expansions: 171, time: 153 [ms], path length: 32 [edges], generated: 305
[00:00:00:01:745] Path of length 32 found: [0, 8, 9, 1, 2, 10, 18, 17, 25, 26, 27, 19, 20, 12, 11, 3, 4, 5, 13, 14, 22, 21, 29, 28, 36, 35, 43, 44, 45, 46, 38, 39, 47]
[00:00:00:02:122] ! Bidirectional. expansions: 1,027, time: 1,745 [ms], path length: 32 [edges], g_F: 30, g_B: 2, generated: {'F': 1,865, 'B': 81}, MM: 28, MMPER: 83.84848484848484%
[00:00:00:02:122] 
---------- SM_Grids/6x8_grid_with_random_blocks_16per_2 ----------
[00:00:00:00:220] Path of length 38 found: [0, 8, 16, 24, 32, 40, 41, 33, 25, 17, 9, 1, 2, 3, 11, 12, 13, 14, 6, 7, 15, 23, 22, 21, 20, 19, 18, 26, 34, 35, 43, 44, 36, 37, 45, 46, 38, 39, 47]
[00:00:00:00:221] ! Unidirectional s-t. expansions: 276, time: 221 [ms], path length: 38 [edges], generated: 451
[00:00:00:00:133] Path of length 38 found: [47, 39, 38, 46, 45, 37, 36, 44, 43, 35, 27, 19, 20, 21, 22, 23, 15, 7, 6, 14, 13, 12, 11, 3, 2, 1, 9, 17, 18, 26, 34, 33, 41, 40, 32, 24, 16, 8, 0]
[00:00:00:00:134] ! Unidirectional t-s. expansions: 173, time: 133 [ms], path length: 38 [edges], generated: 296
[00:00:00:01:439] Path of length 38 found: [0, 8, 16, 24, 32, 40, 41, 33, 25, 17, 9, 1, 2, 3, 11, 12, 13, 14, 6, 7, 15, 23, 22, 21, 20, 19, 18, 26, 34, 35, 43, 44, 36, 37, 45, 46, 38, 39, 47]
[00:00:00:01:786] ! Bidirectional. expansions: 838, time: 1,440 [ms], path length: 38 [edges], g_F: 29, g_B: 9, generated: {'F': 1,063, 'B': 324}, MM: 20, MMPER: 50.282051282051285%
[00:00:00:01:787] 
---------- SM_Grids/6x8_grid_with_random_blocks_16per_3 ----------
[00:00:00:00:031] Path of length 40 found: [0, 8, 16, 24, 32, 40, 41, 42, 34, 33, 25, 17, 9, 1, 2, 3, 11, 19, 27, 35, 36, 28, 29, 37, 45, 46, 38, 30, 22, 14, 13, 12, 4, 5, 6, 7, 15, 23, 31, 39, 47]
[00:00:00:00:031] ! Unidirectional s-t. expansions: 40, time: 31 [ms], path length: 40 [edges], generated: 60
[00:00:00:00:064] Path of length 40 found: [47, 39, 31, 23, 15, 7, 6, 5, 4, 12, 13, 14, 22, 30, 38, 46, 45, 37, 29, 28, 36, 35, 27, 19, 11, 3, 2, 1, 9, 17, 25, 33, 34, 42, 41, 40, 32, 24, 16, 8, 0]
[00:00:00:00:064] ! Unidirectional t-s. expansions: 95, time: 64 [ms], path length: 40 [edges], generated: 146
[00:00:00:00:099] Path of length 40 found: [0, 8, 16, 24, 32, 40, 41, 42, 34, 33, 25, 17, 9, 1, 2, 3, 11, 19, 27, 35, 36, 28, 29, 37, 45, 46, 38, 30, 22, 14, 13, 12, 4, 5, 6, 7, 15, 23, 31, 39, 47]
[00:00:00:00:439] ! Bidirectional. expansions: 64, time: 99 [ms], path length: 40 [edges], g_F: 19, g_B: 21, generated: {'F': 50, 'B': 54}, MM: 2, MMPER: 3.8780487804878048%
[00:00:00:00:440] 
---------- SM_Grids/6x8_grid_with_random_blocks_16per_4 ----------
[00:00:00:00:814] Path of length 34 found: [0, 8, 16, 24, 25, 17, 9, 1, 2, 3, 11, 10, 18, 26, 27, 19, 20, 12, 13, 5, 6, 7, 15, 14, 22, 21, 29, 28, 36, 35, 43, 44, 45, 46, 47]
[00:00:00:00:814] ! Unidirectional s-t. expansions: 878, time: 814 [ms], path length: 34 [edges], generated: 1,637
[00:00:00:00:416] Path of length 34 found: [47, 46, 45, 44, 43, 35, 36, 28, 20, 21, 29, 30, 22, 23, 15, 7, 6, 5, 13, 12, 11, 3, 2, 1, 9, 10, 18, 19, 27, 26, 25, 17, 16, 8, 0]
[00:00:00:00:416] ! Unidirectional t-s. expansions: 644, time: 416 [ms], path length: 34 [edges], generated: 1,147
[00:00:00:02:921] Path of length 34 found: [0, 8, 16, 24, 25, 17, 9, 1, 2, 3, 11, 10, 18, 26, 27, 19, 20, 12, 13, 5, 6, 7, 15, 14, 22, 21, 29, 28, 36, 35, 43, 44, 45, 46, 47]
[00:00:00:03:260] ! Bidirectional. expansions: 2,054, time: 2,921 [ms], path length: 34 [edges], g_F: 26, g_B: 8, generated: {'F': 1,630, 'B': 2,101}, MM: 18, MMPER: 50.42857142857143%
[00:00:00:03:261] 
---------- SM_Grids/6x8_grid_with_random_blocks_16per_5 ----------
[00:00:00:00:031] Path of length 38 found: [0, 1, 2, 10, 11, 19, 27, 26, 25, 17, 16, 24, 32, 40, 41, 33, 34, 42, 43, 35, 36, 44, 45, 37, 29, 21, 13, 5, 6, 14, 15, 23, 22, 30, 31, 39, 38, 46, 47]
[00:00:00:00:031] ! Unidirectional s-t. expansions: 38, time: 31 [ms], path length: 38 [edges], generated: 60
[00:00:00:00:655] Path of length 38 found: [47, 39, 31, 23, 15, 14, 6, 5, 13, 21, 22, 30, 29, 37, 38, 46, 45, 44, 36, 35, 43, 42, 34, 33, 41, 40, 32, 24, 16, 17, 25, 26, 27, 19, 11, 10, 2, 1, 0]
[00:00:00:00:655] ! Unidirectional t-s. expansions: 799, time: 655 [ms], path length: 38 [edges], generated: 1,338
[00:00:00:01:401] Path of length 38 found: [0, 1, 2, 10, 11, 19, 27, 26, 25, 17, 16, 24, 32, 40, 41, 33, 34, 42, 43, 35, 36, 44, 45, 46, 38, 37, 29, 30, 22, 21, 13, 5, 6, 14, 15, 23, 31, 39, 47]
[00:00:00:01:744] ! Bidirectional. expansions: 756, time: 1,401 [ms], path length: 38 [edges], g_F: 7, g_B: 31, generated: {'F': 221, 'B': 1,036}, MM: 24, MMPER: 60.53846153846154%
[00:00:00:01:744] 
---------- SM_Grids/6x8_grid_with_random_blocks_16per_6 ----------
[00:00:00:00:277] Path of length 36 found: [0, 8, 16, 24, 32, 40, 41, 33, 25, 17, 18, 10, 9, 1, 2, 3, 11, 12, 13, 5, 6, 14, 22, 21, 29, 28, 27, 26, 34, 35, 43, 44, 36, 37, 45, 46, 47]
[00:00:00:00:277] ! Unidirectional s-t. expansions: 298, time: 277 [ms], path length: 36 [edges], generated: 491
[00:00:00:00:138] Path of length 36 found: [47, 46, 45, 37, 29, 30, 22, 14, 6, 5, 13, 12, 11, 3, 2, 1, 9, 10, 18, 17, 25, 26, 27, 28, 36, 44, 43, 35, 34, 33, 41, 40, 32, 24, 16, 8, 0]
[00:00:00:00:138] ! Unidirectional t-s. expansions: 166, time: 138 [ms], path length: 36 [edges], generated: 287
[00:00:00:01:078] Path of length 36 found: [0, 8, 16, 24, 32, 40, 41, 33, 25, 17, 18, 10, 9, 1, 2, 3, 11, 12, 13, 5, 6, 14, 22, 21, 29, 28, 27, 26, 34, 35, 43, 44, 36, 37, 45, 46, 47]
[00:00:00:01:412] ! Bidirectional. expansions: 753, time: 1,078 [ms], path length: 36 [edges], g_F: 24, g_B: 12, generated: {'F': 583, 'B': 733}, MM: 12, MMPER: 31.432432432432435%
[00:00:00:01:412] 
---------- SM_Grids/6x8_grid_with_random_blocks_16per_7 ----------
[00:00:00:01:021] Path of length 38 found: [0, 8, 16, 24, 32, 40, 41, 42, 43, 35, 34, 26, 25, 17, 9, 1, 2, 10, 18, 19, 27, 28, 20, 12, 11, 3, 4, 5, 13, 14, 15, 23, 31, 30, 29, 37, 38, 39, 47]
[00:00:00:01:022] ! Unidirectional s-t. expansions: 1,277, time: 1,022 [ms], path length: 38 [edges], generated: 2,002
[00:00:00:01:077] Path of length 38 found: [47, 39, 31, 23, 15, 14, 13, 5, 4, 3, 2, 1, 9, 17, 25, 26, 18, 10, 11, 12, 20, 19, 27, 28, 29, 30, 38, 37, 36, 35, 34, 42, 41, 40, 32, 24, 16, 8, 0]
[00:00:00:01:077] ! Unidirectional t-s. expansions: 1,394, time: 1,077 [ms], path length: 38 [edges], generated: 2,504
[00:00:00:07:545] Path of length 38 found: [0, 8, 16, 24, 32, 40, 41, 42, 43, 35, 36, 37, 38, 30, 29, 28, 20, 12, 11, 10, 18, 19, 27, 26, 25, 17, 9, 1, 2, 3, 4, 5, 13, 14, 15, 23, 31, 39, 47]
[00:00:00:07:886] ! Bidirectional. expansions: 5,091, time: 7,545 [ms], path length: 38 [edges], g_F: 22, g_B: 16, generated: {'F': 4,847, 'B': 3,670}, MM: 6, MMPER: 14.384615384615385%
[00:00:00:07:886] 
---------- SM_Grids/6x8_grid_with_random_blocks_16per_8 ----------
[00:00:00:00:031] Path of length 36 found: [0, 8, 9, 17, 16, 24, 32, 40, 41, 33, 25, 26, 27, 19, 20, 28, 36, 35, 43, 44, 45, 37, 29, 21, 13, 5, 6, 14, 15, 23, 22, 30, 31, 39, 38, 46, 47]
[00:00:00:00:031] ! Unidirectional s-t. expansions: 37, time: 31 [ms], path length: 36 [edges], generated: 60
[00:00:00:00:261] Path of length 36 found: [47, 39, 31, 23, 15, 14, 6, 5, 13, 21, 22, 30, 29, 28, 20, 19, 27, 35, 36, 37, 38, 46, 45, 44, 43, 42, 41, 40, 32, 33, 25, 24, 16, 17, 9, 8, 0]
[00:00:00:00:261] ! Unidirectional t-s. expansions: 270, time: 261 [ms], path length: 36 [edges], generated: 474
[00:00:00:00:986] Path of length 36 found: [0, 8, 9, 17, 16, 24, 32, 40, 41, 33, 25, 26, 27, 19, 20, 28, 36, 35, 43, 44, 45, 46, 38, 37, 29, 30, 22, 21, 13, 5, 6, 14, 15, 23, 31, 39, 47]
[00:00:00:01:319] ! Bidirectional. expansions: 586, time: 987 [ms], path length: 36 [edges], g_F: 17, g_B: 19, generated: {'F': 233, 'B': 790}, MM: 2, MMPER: 4.405405405405405%
[00:00:00:01:319] 
---------- SM_Grids/6x8_grid_with_random_blocks_16per_9 ----------
[00:00:00:01:337] Path of length 38 found: [0, 1, 9, 17, 25, 24, 32, 40, 41, 33, 34, 42, 43, 35, 36, 28, 29, 21, 13, 12, 20, 19, 27, 26, 18, 10, 2, 3, 4, 5, 6, 14, 22, 23, 31, 39, 38, 46, 47]
[00:00:00:01:338] ! Unidirectional s-t. expansions: 1,808, time: 1,338 [ms], path length: 38 [edges], generated: 3,176
[00:00:00:00:523] Path of length 38 found: [47, 39, 38, 46, 45, 44, 36, 35, 43, 42, 34, 33, 41, 40, 32, 24, 25, 17, 9, 10, 18, 26, 27, 19, 20, 28, 29, 21, 22, 14, 6, 5, 13, 12, 4, 3, 2, 1, 0]
[00:00:00:00:523] ! Unidirectional t-s. expansions: 677, time: 523 [ms], path length: 38 [edges], generated: 1,156
[00:00:00:06:770] Path of length 38 found: [0, 1, 9, 17, 25, 24, 32, 40, 41, 33, 34, 42, 43, 35, 36, 28, 29, 21, 13, 12, 20, 19, 27, 26, 18, 10, 2, 3, 4, 5, 6, 14, 22, 23, 31, 39, 38, 46, 47]
[00:00:00:07:099] ! Bidirectional. expansions: 4,821, time: 6,770 [ms], path length: 38 [edges], g_F: 36, g_B: 2, generated: {'F': 7,806, 'B': 674}, MM: 34, MMPER: 86.17948717948718%

[00:00:00:07:100] average expansions: (1,546, 978, 3,162, 0)
[00:00:00:07:100] average time: (1,010, 677, 4,400, 0)
[00:00:00:07:100] X-DFBnB: 978 , 677 (expansions , time[ms])
[00:00:00:07:100] BiX-DFBnB: 3,162 , 4,400 (expansions , time[ms])

--------------------------
date: SM_Grids
number_of_graphs: 10
graph_type: grid
size_of_graphs: [6, 8]
heuristic: bcc_heuristic
snake: False
run_uni: True
run_bi: True
run_multi: False
solution_vertices: []
algorithms: ['DFBnB']
bsd: False
cube_first_dims: 4
cube_buffer_dim: None
backward_sym_generation: False
sym_coil: False
prefix_set: None

---------- SM_Grids/6x8_grid_with_random_blocks_16per_0 ----------
[00:00:00:05:878] Path of length 34 found: [0, 8, 16, 24, 25, 17, 9, 1, 2, 10, 18, 26, 34, 42, 43, 35, 36, 28, 20, 19, 11, 3, 4, 5, 6, 14, 15, 23, 31, 30, 38, 37, 45, 46, 47]
[00:00:00:05:878] ! Unidirectional s-t. expansions: 10,288, time: 5,878 [ms], path length: 34 [edges], generated: 16,623
[00:00:00:03:359] Path of length 34 found: [47, 39, 31, 23, 15, 7, 6, 5, 4, 3, 2, 1, 9, 17, 18, 10, 11, 19, 20, 28, 36, 37, 38, 46, 45, 44, 43, 35, 34, 26, 25, 24, 16, 8, 0]
[00:00:00:03:360] ! Unidirectional t-s. expansions: 5,386, time: 3,360 [ms], path length: 34 [edges], generated: 9,086
[00:00:00:20:473] Path of length 34 found: [0, 8, 16, 24, 25, 17, 9, 1, 2, 10, 18, 26, 34, 42, 43, 44, 45, 46, 38, 37, 36, 28, 20, 19, 11, 3, 4, 5, 6, 14, 15, 23, 31, 39, 47]
[00:00:00:20:834] ! Bidirectional. expansions: 15,630, time: 20,473 [ms], path length: 34 [edges], g_F: 30, g_B: 4, generated: {'F': 22,134, 'B': 4,053}, MM: 26, MMPER: 73.28571428571429%
[00:00:00:20:834] 
---------- SM_Grids/6x8_grid_with_random_blocks_16per_1 ----------
[00:00:00:00:443] Path of length 32 found: [0, 8, 9, 1, 2, 10, 18, 17, 25, 26, 27, 19, 20, 12, 11, 3, 4, 5, 13, 14, 22, 21, 29, 28, 36, 35, 43, 44, 45, 46, 38, 39, 47]
[00:00:00:00:443] ! Unidirectional s-t. expansions: 524, time: 443 [ms], path length: 32 [edges], generated: 994
[00:00:00:00:155] Path of length 32 found: [47, 39, 38, 46, 45, 44, 43, 35, 36, 28, 29, 21, 22, 14, 13, 5, 4, 3, 11, 12, 20, 19, 27, 26, 25, 17, 18, 10, 2, 1, 9, 8, 0]
[00:00:00:00:155] ! Unidirectional t-s. expansions: 171, time: 155 [ms], path length: 32 [edges], generated: 305
[00:00:00:01:778] Path of length 32 found: [0, 8, 9, 1, 2, 10, 18, 17, 25, 26, 27, 19, 20, 12, 11, 3, 4, 5, 13, 14, 22, 21, 29, 28, 36, 35, 43, 44, 45, 46, 38, 39, 47]
[00:00:00:02:147] ! Bidirectional. expansions: 1,027, time: 1,778 [ms], path length: 32 [edges], g_F: 30, g_B: 2, generated: {'F': 1,865, 'B': 81}, MM: 28, MMPER: 83.84848484848484%
[00:00:00:02:147] 
---------- SM_Grids/6x8_grid_with_random_blocks_16per_2 ----------
[00:00:00:00:218] Path of length 38 found: [0, 8, 16, 24, 32, 40, 41, 33, 25, 17, 9, 1, 2, 3, 11, 12, 13, 14, 6, 7, 15, 23, 22, 21, 20, 19, 18, 26, 34, 35, 43, 44, 36, 37, 45, 46, 38, 39, 47]
[00:00:00:00:219] ! Unidirectional s-t. expansions: 276, time: 218 [ms], path length: 38 [edges], generated: 451
[00:00:00:00:134] Path of length 38 found: [47, 39, 38, 46, 45, 37, 36, 44, 43, 35, 27, 19, 20, 21, 22, 23, 15, 7, 6, 14, 13, 12, 11, 3, 2, 1, 9, 17, 18, 26, 34, 33, 41, 40, 32, 24, 16, 8, 0]
[00:00:00:00:134] ! Unidirectional t-s. expansions: 173, time: 134 [ms], path length: 38 [edges], generated: 296
[00:00:00:01:476] Path of length 38 found: [0, 8, 16, 24, 32, 40, 41, 33, 25, 17, 9, 1, 2, 3, 11, 12, 13, 14, 6, 7, 15, 23, 22, 21, 20, 19, 18, 26, 34, 35, 43, 44, 36, 37, 45, 46, 38, 39, 47]
[00:00:00:01:821] ! Bidirectional. expansions: 838, time: 1,476 [ms], path length: 38 [edges], g_F: 29, g_B: 9, generated: {'F': 1,063, 'B': 324}, MM: 20, MMPER: 50.282051282051285%
[00:00:00:01:821] 
---------- SM_Grids/6x8_grid_with_random_blocks_16per_3 ----------
[00:00:00:00:031] Path of length 40 found: [0, 8, 16, 24, 32, 40, 41, 42, 34, 33, 25, 17, 9, 1, 2, 3, 11, 19, 27, 35, 36, 28, 29, 37, 45, 46, 38, 30, 22, 14, 13, 12, 4, 5, 6, 7, 15, 23, 31, 39, 47]
[00:00:00:00:031] ! Unidirectional s-t. expansions: 40, time: 31 [ms], path length: 40 [edges], generated: 60
[00:00:00:00:063] Path of length 40 found: [47, 39, 31, 23, 15, 7, 6, 5, 4, 12, 13, 14, 22, 30, 38, 46, 45, 37, 29, 28, 36, 35, 27, 19, 11, 3, 2, 1, 9, 17, 25, 33, 34, 42, 41, 40, 32, 24, 16, 8, 0]
[00:00:00:00:064] ! Unidirectional t-s. expansions: 95, time: 64 [ms], path length: 40 [edges], generated: 146
[00:00:00:00:101] Path of length 40 found: [0, 8, 16, 24, 32, 40, 41, 42, 34, 33, 25, 17, 9, 1, 2, 3, 11, 19, 27, 35, 36, 28, 29, 37, 45, 46, 38, 30, 22, 14, 13, 12, 4, 5, 6, 7, 15, 23, 31, 39, 47]
[00:00:00:00:446] ! Bidirectional. expansions: 64, time: 101 [ms], path length: 40 [edges], g_F: 19, g_B: 21, generated: {'F': 50, 'B': 54}, MM: 2, MMPER: 3.8780487804878048%
[00:00:00:00:446] 
---------- SM_Grids/6x8_grid_with_random_blocks_16per_4 ----------
[00:00:00:00:812] Path of length 34 found: [0, 8, 16, 24, 25, 17, 9, 1, 2, 3, 11, 10, 18, 26, 27, 19, 20, 12, 13, 5, 6, 7, 15, 14, 22, 21, 29, 28, 36, 35, 43, 44, 45, 46, 47]
[00:00:00:00:812] ! Unidirectional s-t. expansions: 878, time: 812 [ms], path length: 34 [edges], generated: 1,637
[00:00:00:00:422] Path of length 34 found: [47, 46, 45, 44, 43, 35, 36, 28, 20, 21, 29, 30, 22, 23, 15, 7, 6, 5, 13, 12, 11, 3, 2, 1, 9, 10, 18, 19, 27, 26, 25, 17, 16, 8, 0]
[00:00:00:00:422] ! Unidirectional t-s. expansions: 644, time: 422 [ms], path length: 34 [edges], generated: 1,147
[00:00:00:02:944] Path of length 34 found: [0, 8, 16, 24, 25, 17, 9, 1, 2, 3, 11, 10, 18, 26, 27, 19, 20, 12, 13, 5, 6, 7, 15, 14, 22, 21, 29, 28, 36, 35, 43, 44, 45, 46, 47]
[00:00:00:03:281] ! Bidirectional. expansions: 2,054, time: 2,944 [ms], path length: 34 [edges], g_F: 26, g_B: 8, generated: {'F': 1,630, 'B': 2,101}, MM: 18, MMPER: 50.42857142857143%
[00:00:00:03:282] 
---------- SM_Grids/6x8_grid_with_random_blocks_16per_5 ----------
[00:00:00:00:030] Path of length 38 found: [0, 1, 2, 10, 11, 19, 27, 26, 25, 17, 16, 24, 32, 40, 41, 33, 34, 42, 43, 35, 36, 44, 45, 37, 29, 21, 13, 5, 6, 14, 15, 23, 22, 30, 31, 39, 38, 46, 47]
[00:00:00:00:030] ! Unidirectional s-t. expansions: 38, time: 30 [ms], path length: 38 [edges], generated: 60
[00:00:00:00:654] Path of length 38 found: [47, 39, 31, 23, 15, 14, 6, 5, 13, 21, 22, 30, 29, 37, 38, 46, 45, 44, 36, 35, 43, 42, 34, 33, 41, 40, 32, 24, 16, 17, 25, 26, 27, 19, 11, 10, 2, 1, 0]
[00:00:00:00:654] ! Unidirectional t-s. expansions: 799, time: 654 [ms], path length: 38 [edges], generated: 1,338
[00:00:00:01:394] Path of length 38 found: [0, 1, 2, 10, 11, 19, 27, 26, 25, 17, 16, 24, 32, 40, 41, 33, 34, 42, 43, 35, 36, 44, 45, 46, 38, 37, 29, 30, 22, 21, 13, 5, 6, 14, 15, 23, 31, 39, 47]
[00:00:00:01:739] ! Bidirectional. expansions: 756, time: 1,394 [ms], path length: 38 [edges], g_F: 7, g_B: 31, generated: {'F': 221, 'B': 1,036}, MM: 24, MMPER: 60.53846153846154%
[00:00:00:01:740] 
---------- SM_Grids/6x8_grid_with_random_blocks_16per_6 ----------
[00:00:00:00:290] Path of length 36 found: [0, 8, 16, 24, 32, 40, 41, 33, 25, 17, 18, 10, 9, 1, 2, 3, 11, 12, 13, 5, 6, 14, 22, 21, 29, 28, 27, 26, 34, 35, 43, 44, 36, 37, 45, 46, 47]
[00:00:00:00:290] ! Unidirectional s-t. expansions: 298, time: 290 [ms], path length: 36 [edges], generated: 491
[00:00:00:00:143] Path of length 36 found: [47, 46, 45, 37, 29, 30, 22, 14, 6, 5, 13, 12, 11, 3, 2, 1, 9, 10, 18, 17, 25, 26, 27, 28, 36, 44, 43, 35, 34, 33, 41, 40, 32, 24, 16, 8, 0]
[00:00:00:00:143] ! Unidirectional t-s. expansions: 166, time: 143 [ms], path length: 36 [edges], generated: 287
[00:00:00:01:101] Path of length 36 found: [0, 8, 16, 24, 32, 40, 41, 33, 25, 17, 18, 10, 9, 1, 2, 3, 11, 12, 13, 5, 6, 14, 22, 21, 29, 28, 27, 26, 34, 35, 43, 44, 36, 37, 45, 46, 47]
[00:00:00:01:440] ! Bidirectional. expansions: 753, time: 1,101 [ms], path length: 36 [edges], g_F: 24, g_B: 12, generated: {'F': 583, 'B': 733}, MM: 12, MMPER: 31.432432432432435%
[00:00:00:01:440] 
---------- SM_Grids/6x8_grid_with_random_blocks_16per_7 ----------
[00:00:00:01:016] Path of length 38 found: [0, 8, 16, 24, 32, 40, 41, 42, 43, 35, 34, 26, 25, 17, 9, 1, 2, 10, 18, 19, 27, 28, 20, 12, 11, 3, 4, 5, 13, 14, 15, 23, 31, 30, 29, 37, 38, 39, 47]
[00:00:00:01:016] ! Unidirectional s-t. expansions: 1,277, time: 1,016 [ms], path length: 38 [edges], generated: 2,002
[00:00:00:01:063] Path of length 38 found: [47, 39, 31, 23, 15, 14, 13, 5, 4, 3, 2, 1, 9, 17, 25, 26, 18, 10, 11, 12, 20, 19, 27, 28, 29, 30, 38, 37, 36, 35, 34, 42, 41, 40, 32, 24, 16, 8, 0]
[00:00:00:01:063] ! Unidirectional t-s. expansions: 1,394, time: 1,063 [ms], path length: 38 [edges], generated: 2,504
[00:00:00:07:541] Path of length 38 found: [0, 8, 16, 24, 32, 40, 41, 42, 43, 35, 36, 37, 38, 30, 29, 28, 20, 12, 11, 10, 18, 19, 27, 26, 25, 17, 9, 1, 2, 3, 4, 5, 13, 14, 15, 23, 31, 39, 47]
[00:00:00:07:880] ! Bidirectional. expansions: 5,091, time: 7,541 [ms], path length: 38 [edges], g_F: 22, g_B: 16, generated: {'F': 4,847, 'B': 3,670}, MM: 6, MMPER: 14.384615384615385%
[00:00:00:07:882] 
---------- SM_Grids/6x8_grid_with_random_blocks_16per_8 ----------
[00:00:00:00:030] Path of length 36 found: [0, 8, 9, 17, 16, 24, 32, 40, 41, 33, 25, 26, 27, 19, 20, 28, 36, 35, 43, 44, 45, 37, 29, 21, 13, 5, 6, 14, 15, 23, 22, 30, 31, 39, 38, 46, 47]
[00:00:00:00:031] ! Unidirectional s-t. expansions: 37, time: 31 [ms], path length: 36 [edges], generated: 60
[00:00:00:00:254] Path of length 36 found: [47, 39, 31, 23, 15, 14, 6, 5, 13, 21, 22, 30, 29, 28, 20, 19, 27, 35, 36, 37, 38, 46, 45, 44, 43, 42, 41, 40, 32, 33, 25, 24, 16, 17, 9, 8, 0]
[00:00:00:00:254] ! Unidirectional t-s. expansions: 270, time: 254 [ms], path length: 36 [edges], generated: 474
[00:00:00:00:972] Path of length 36 found: [0, 8, 9, 17, 16, 24, 32, 40, 41, 33, 25, 26, 27, 19, 20, 28, 36, 35, 43, 44, 45, 46, 38, 37, 29, 30, 22, 21, 13, 5, 6, 14, 15, 23, 31, 39, 47]
[00:00:00:01:313] ! Bidirectional. expansions: 586, time: 972 [ms], path length: 36 [edges], g_F: 17, g_B: 19, generated: {'F': 233, 'B': 790}, MM: 2, MMPER: 4.405405405405405%
[00:00:00:01:313] 
---------- SM_Grids/6x8_grid_with_random_blocks_16per_9 ----------
[00:00:00:01:396] Path of length 38 found: [0, 1, 9, 17, 25, 24, 32, 40, 41, 33, 34, 42, 43, 35, 36, 28, 29, 21, 13, 12, 20, 19, 27, 26, 18, 10, 2, 3, 4, 5, 6, 14, 22, 23, 31, 39, 38, 46, 47]
[00:00:00:01:396] ! Unidirectional s-t. expansions: 1,808, time: 1,396 [ms], path length: 38 [edges], generated: 3,176
[00:00:00:00:529] Path of length 38 found: [47, 39, 38, 46, 45, 44, 36, 35, 43, 42, 34, 33, 41, 40, 32, 24, 25, 17, 9, 10, 18, 26, 27, 19, 20, 28, 29, 21, 22, 14, 6, 5, 13, 12, 4, 3, 2, 1, 0]
[00:00:00:00:530] ! Unidirectional t-s. expansions: 677, time: 530 [ms], path length: 38 [edges], generated: 1,156
[00:00:00:06:721] Path of length 38 found: [0, 1, 9, 17, 25, 24, 32, 40, 41, 33, 34, 42, 43, 35, 36, 28, 29, 21, 13, 12, 20, 19, 27, 26, 18, 10, 2, 3, 4, 5, 6, 14, 22, 23, 31, 39, 38, 46, 47]
[00:00:00:07:048] ! Bidirectional. expansions: 4,821, time: 6,721 [ms], path length: 38 [edges], g_F: 36, g_B: 2, generated: {'F': 7,806, 'B': 674}, MM: 34, MMPER: 86.17948717948718%

[00:00:00:07:048] average expansions: (1,546, 978, 3,162, 0)
[00:00:00:07:048] average time: (1,014, 678, 4,450, 0)
[00:00:00:07:048] X-DFBnB: 978 , 678 (expansions , time[ms])
[00:00:00:07:048] BiX-DFBnB: 3,162 , 4,450 (expansions , time[ms])

--------------------------
date: SM_Grids
number_of_graphs: 10
graph_type: grid
size_of_graphs: [6, 8]
heuristic: bcc_heuristic
snake: False
run_uni: True
run_bi: True
run_multi: False
solution_vertices: []
algorithms: ['DFBnB']
bsd: False
cube_first_dims: 4
cube_buffer_dim: None
backward_sym_generation: False
sym_coil: False
prefix_set: None

---------- SM_Grids/6x8_grid_with_random_blocks_16per_0 ----------
[00:00:00:05:848] Path of length 34 found: [0, 8, 16, 24, 25, 17, 9, 1, 2, 10, 18, 26, 34, 42, 43, 35, 36, 28, 20, 19, 11, 3, 4, 5, 6, 14, 15, 23, 31, 30, 38, 37, 45, 46, 47]
[00:00:00:05:849] ! Unidirectional s-t. expansions: 10,288, time: 5,848 [ms], path length: 34 [edges], generated: 16,623
[00:00:00:03:314] Path of length 34 found: [47, 39, 31, 23, 15, 7, 6, 5, 4, 3, 2, 1, 9, 17, 18, 10, 11, 19, 20, 28, 36, 37, 38, 46, 45, 44, 43, 35, 34, 26, 25, 24, 16, 8, 0]
[00:00:00:03:314] ! Unidirectional t-s. expansions: 5,386, time: 3,314 [ms], path length: 34 [edges], generated: 9,086
[00:00:00:20:616] Path of length 34 found: [0, 8, 16, 24, 25, 17, 9, 1, 2, 10, 18, 26, 34, 42, 43, 44, 45, 46, 38, 37, 36, 28, 20, 19, 11, 3, 4, 5, 6, 14, 15, 23, 31, 39, 47]
[00:00:00:20:985] ! Bidirectional. expansions: 15,630, time: 20,616 [ms], path length: 34 [edges], g_F: 30, g_B: 4, generated: {'F': 22,134, 'B': 4,053}, MM: 26, MMPER: 73.28571428571429%
[00:00:00:20:985] 
---------- SM_Grids/6x8_grid_with_random_blocks_16per_1 ----------
[00:00:00:00:458] Path of length 32 found: [0, 8, 9, 1, 2, 10, 18, 17, 25, 26, 27, 19, 20, 12, 11, 3, 4, 5, 13, 14, 22, 21, 29, 28, 36, 35, 43, 44, 45, 46, 38, 39, 47]
[00:00:00:00:459] ! Unidirectional s-t. expansions: 524, time: 458 [ms], path length: 32 [edges], generated: 994
[00:00:00:00:177] Path of length 32 found: [47, 39, 38, 46, 45, 44, 43, 35, 36, 28, 29, 21, 22, 14, 13, 5, 4, 3, 11, 12, 20, 19, 27, 26, 25, 17, 18, 10, 2, 1, 9, 8, 0]
[00:00:00:00:178] ! Unidirectional t-s. expansions: 171, time: 177 [ms], path length: 32 [edges], generated: 305
[00:00:00:01:766] Path of length 32 found: [0, 8, 9, 1, 2, 10, 18, 17, 25, 26, 27, 19, 20, 12, 11, 3, 4, 5, 13, 14, 22, 21, 29, 28, 36, 35, 43, 44, 45, 46, 38, 39, 47]
[00:00:00:02:127] ! Bidirectional. expansions: 1,027, time: 1,766 [ms], path length: 32 [edges], g_F: 30, g_B: 2, generated: {'F': 1,865, 'B': 81}, MM: 28, MMPER: 83.84848484848484%
[00:00:00:02:128] 
---------- SM_Grids/6x8_grid_with_random_blocks_16per_2 ----------
[00:00:00:00:221] Path of length 38 found: [0, 8, 16, 24, 32, 40, 41, 33, 25, 17, 9, 1, 2, 3, 11, 12, 13, 14, 6, 7, 15, 23, 22, 21, 20, 19, 18, 26, 34, 35, 43, 44, 36, 37, 45, 46, 38, 39, 47]
[00:00:00:00:221] ! Unidirectional s-t. expansions: 276, time: 221 [ms], path length: 38 [edges], generated: 451
[00:00:00:00:141] Path of length 38 found: [47, 39, 38, 46, 45, 37, 36, 44, 43, 35, 27, 19, 20, 21, 22, 23, 15, 7, 6, 14, 13, 12, 11, 3, 2, 1, 9, 17, 18, 26, 34, 33, 41, 40, 32, 24, 16, 8, 0]
[00:00:00:00:141] ! Unidirectional t-s. expansions: 173, time: 141 [ms], path length: 38 [edges], generated: 296
[00:00:00:01:450] Path of length 38 found: [0, 8, 16, 24, 32, 40, 41, 33, 25, 17, 9, 1, 2, 3, 11, 12, 13, 14, 6, 7, 15, 23, 22, 21, 20, 19, 18, 26, 34, 35, 43, 44, 36, 37, 45, 46, 38, 39, 47]
[00:00:00:01:786] ! Bidirectional. expansions: 838, time: 1,450 [ms], path length: 38 [edges], g_F: 29, g_B: 9, generated: {'F': 1,063, 'B': 324}, MM: 20, MMPER: 50.282051282051285%
[00:00:00:01:786] 
---------- SM_Grids/6x8_grid_with_random_blocks_16per_3 ----------
[00:00:00:00:029] Path of length 40 found: [0, 8, 16, 24, 32, 40, 41, 42, 34, 33, 25, 17, 9, 1, 2, 3, 11, 19, 27, 35, 36, 28, 29, 37, 45, 46, 38, 30, 22, 14, 13, 12, 4, 5, 6, 7, 15, 23, 31, 39, 47]
[00:00:00:00:029] ! Unidirectional s-t. expansions: 40, time: 29 [ms], path length: 40 [edges], generated: 60
[00:00:00:00:060] Path of length 40 found: [47, 39, 31, 23, 15, 7, 6, 5, 4, 12, 13, 14, 22, 30, 38, 46, 45, 37, 29, 28, 36, 35, 27, 19, 11, 3, 2, 1, 9, 17, 25, 33, 34, 42, 41, 40, 32, 24, 16, 8, 0]
[00:00:00:00:060] ! Unidirectional t-s. expansions: 95, time: 60 [ms], path length: 40 [edges], generated: 146
[00:00:00:00:093] Path of length 40 found: [0, 8, 16, 24, 32, 40, 41, 42, 34, 33, 25, 17, 9, 1, 2, 3, 11, 19, 27, 35, 36, 28, 29, 37, 45, 46, 38, 30, 22, 14, 13, 12, 4, 5, 6, 7, 15, 23, 31, 39, 47]
[00:00:00:00:421] ! Bidirectional. expansions: 64, time: 93 [ms], path length: 40 [edges], g_F: 19, g_B: 21, generated: {'F': 50, 'B': 54}, MM: 2, MMPER: 3.8780487804878048%
[00:00:00:00:421] 
---------- SM_Grids/6x8_grid_with_random_blocks_16per_4 ----------
[00:00:00:00:791] Path of length 34 found: [0, 8, 16, 24, 25, 17, 9, 1, 2, 3, 11, 10, 18, 26, 27, 19, 20, 12, 13, 5, 6, 7, 15, 14, 22, 21, 29, 28, 36, 35, 43, 44, 45, 46, 47]
[00:00:00:00:791] ! Unidirectional s-t. expansions: 878, time: 791 [ms], path length: 34 [edges], generated: 1,637
[00:00:00:00:414] Path of length 34 found: [47, 46, 45, 44, 43, 35, 36, 28, 20, 21, 29, 30, 22, 23, 15, 7, 6, 5, 13, 12, 11, 3, 2, 1, 9, 10, 18, 19, 27, 26, 25, 17, 16, 8, 0]
[00:00:00:00:414] ! Unidirectional t-s. expansions: 644, time: 414 [ms], path length: 34 [edges], generated: 1,147
[00:00:00:02:954] Path of length 34 found: [0, 8, 16, 24, 25, 17, 9, 1, 2, 3, 11, 10, 18, 26, 27, 19, 20, 12, 13, 5, 6, 7, 15, 14, 22, 21, 29, 28, 36, 35, 43, 44, 45, 46, 47]
[00:00:00:03:288] ! Bidirectional. expansions: 2,054, time: 2,954 [ms], path length: 34 [edges], g_F: 26, g_B: 8, generated: {'F': 1,630, 'B': 2,101}, MM: 18, MMPER: 50.42857142857143%
[00:00:00:03:288] 
---------- SM_Grids/6x8_grid_with_random_blocks_16per_5 ----------
[00:00:00:00:030] Path of length 38 found: [0, 1, 2, 10, 11, 19, 27, 26, 25, 17, 16, 24, 32, 40, 41, 33, 34, 42, 43, 35, 36, 44, 45, 37, 29, 21, 13, 5, 6, 14, 15, 23, 22, 30, 31, 39, 38, 46, 47]
[00:00:00:00:030] ! Unidirectional s-t. expansions: 38, time: 30 [ms], path length: 38 [edges], generated: 60
[00:00:00:00:646] Path of length 38 found: [47, 39, 31, 23, 15, 14, 6, 5, 13, 21, 22, 30, 29, 37, 38, 46, 45, 44, 36, 35, 43, 42, 34, 33, 41, 40, 32, 24, 16, 17, 25, 26, 27, 19, 11, 10, 2, 1, 0]
[00:00:00:00:647] ! Unidirectional t-s. expansions: 799, time: 647 [ms], path length: 38 [edges], generated: 1,338
[00:00:00:01:353] Path of length 38 found: [0, 1, 2, 10, 11, 19, 27, 26, 25, 17, 16, 24, 32, 40, 41, 33, 34, 42, 43, 35, 36, 44, 45, 46, 38, 37, 29, 30, 22, 21, 13, 5, 6, 14, 15, 23, 31, 39, 47]
[00:00:00:01:686] ! Bidirectional. expansions: 756, time: 1,353 [ms], path length: 38 [edges], g_F: 7, g_B: 31, generated: {'F': 221, 'B': 1,036}, MM: 24, MMPER: 60.53846153846154%
[00:00:00:01:686] 
---------- SM_Grids/6x8_grid_with_random_blocks_16per_6 ----------
[00:00:00:00:271] Path of length 36 found: [0, 8, 16, 24, 32, 40, 41, 33, 25, 17, 18, 10, 9, 1, 2, 3, 11, 12, 13, 5, 6, 14, 22, 21, 29, 28, 27, 26, 34, 35, 43, 44, 36, 37, 45, 46, 47]
[00:00:00:00:271] ! Unidirectional s-t. expansions: 298, time: 271 [ms], path length: 36 [edges], generated: 491
[00:00:00:00:138] Path of length 36 found: [47, 46, 45, 37, 29, 30, 22, 14, 6, 5, 13, 12, 11, 3, 2, 1, 9, 10, 18, 17, 25, 26, 27, 28, 36, 44, 43, 35, 34, 33, 41, 40, 32, 24, 16, 8, 0]
[00:00:00:00:139] ! Unidirectional t-s. expansions: 166, time: 138 [ms], path length: 36 [edges], generated: 287
[00:00:00:01:066] Path of length 36 found: [0, 8, 16, 24, 32, 40, 41, 33, 25, 17, 18, 10, 9, 1, 2, 3, 11, 12, 13, 5, 6, 14, 22, 21, 29, 28, 27, 26, 34, 35, 43, 44, 36, 37, 45, 46, 47]
[00:00:00:01:397] ! Bidirectional. expansions: 753, time: 1,066 [ms], path length: 36 [edges], g_F: 24, g_B: 12, generated: {'F': 583, 'B': 733}, MM: 12, MMPER: 31.432432432432435%
[00:00:00:01:397] 
---------- SM_Grids/6x8_grid_with_random_blocks_16per_7 ----------
[00:00:00:00:977] Path of length 38 found: [0, 8, 16, 24, 32, 40, 41, 42, 43, 35, 34, 26, 25, 17, 9, 1, 2, 10, 18, 19, 27, 28, 20, 12, 11, 3, 4, 5, 13, 14, 15, 23, 31, 30, 29, 37, 38, 39, 47]
[00:00:00:00:977] ! Unidirectional s-t. expansions: 1,277, time: 977 [ms], path length: 38 [edges], generated: 2,002
[00:00:00:01:040] Path of length 38 found: [47, 39, 31, 23, 15, 14, 13, 5, 4, 3, 2, 1, 9, 17, 25, 26, 18, 10, 11, 12, 20, 19, 27, 28, 29, 30, 38, 37, 36, 35, 34, 42, 41, 40, 32, 24, 16, 8, 0]
[00:00:00:01:040] ! Unidirectional t-s. expansions: 1,394, time: 1,040 [ms], path length: 38 [edges], generated: 2,504
[00:00:00:07:438] Path of length 38 found: [0, 8, 16, 24, 32, 40, 41, 42, 43, 35, 36, 37, 38, 30, 29, 28, 20, 12, 11, 10, 18, 19, 27, 26, 25, 17, 9, 1, 2, 3, 4, 5, 13, 14, 15, 23, 31, 39, 47]
[00:00:00:07:768] ! Bidirectional. expansions: 5,091, time: 7,438 [ms], path length: 38 [edges], g_F: 22, g_B: 16, generated: {'F': 4,847, 'B': 3,670}, MM: 6, MMPER: 14.384615384615385%
[00:00:00:07:768] 
---------- SM_Grids/6x8_grid_with_random_blocks_16per_8 ----------
[00:00:00:00:030] Path of length 36 found: [0, 8, 9, 17, 16, 24, 32, 40, 41, 33, 25, 26, 27, 19, 20, 28, 36, 35, 43, 44, 45, 37, 29, 21, 13, 5, 6, 14, 15, 23, 22, 30, 31, 39, 38, 46, 47]
[00:00:00:00:030] ! Unidirectional s-t. expansions: 37, time: 30 [ms], path length: 36 [edges], generated: 60
[00:00:00:00:250] Path of length 36 found: [47, 39, 31, 23, 15, 14, 6, 5, 13, 21, 22, 30, 29, 28, 20, 19, 27, 35, 36, 37, 38, 46, 45, 44, 43, 42, 41, 40, 32, 33, 25, 24, 16, 17, 9, 8, 0]
[00:00:00:00:250] ! Unidirectional t-s. expansions: 270, time: 250 [ms], path length: 36 [edges], generated: 474
[00:00:00:00:955] Path of length 36 found: [0, 8, 9, 17, 16, 24, 32, 40, 41, 33, 25, 26, 27, 19, 20, 28, 36, 35, 43, 44, 45, 46, 38, 37, 29, 30, 22, 21, 13, 5, 6, 14, 15, 23, 31, 39, 47]
[00:00:00:01:282] ! Bidirectional. expansions: 586, time: 955 [ms], path length: 36 [edges], g_F: 17, g_B: 19, generated: {'F': 233, 'B': 790}, MM: 2, MMPER: 4.405405405405405%
[00:00:00:01:282] 
---------- SM_Grids/6x8_grid_with_random_blocks_16per_9 ----------
[00:00:00:01:369] Path of length 38 found: [0, 1, 9, 17, 25, 24, 32, 40, 41, 33, 34, 42, 43, 35, 36, 28, 29, 21, 13, 12, 20, 19, 27, 26, 18, 10, 2, 3, 4, 5, 6, 14, 22, 23, 31, 39, 38, 46, 47]
[00:00:00:01:369] ! Unidirectional s-t. expansions: 1,808, time: 1,369 [ms], path length: 38 [edges], generated: 3,176
[00:00:00:00:518] Path of length 38 found: [47, 39, 38, 46, 45, 44, 36, 35, 43, 42, 34, 33, 41, 40, 32, 24, 25, 17, 9, 10, 18, 26, 27, 19, 20, 28, 29, 21, 22, 14, 6, 5, 13, 12, 4, 3, 2, 1, 0]
[00:00:00:00:518] ! Unidirectional t-s. expansions: 677, time: 518 [ms], path length: 38 [edges], generated: 1,156
[00:00:00:06:990] Path of length 38 found: [0, 1, 9, 17, 25, 24, 32, 40, 41, 33, 34, 42, 43, 35, 36, 28, 29, 21, 13, 12, 20, 19, 27, 26, 18, 10, 2, 3, 4, 5, 6, 14, 22, 23, 31, 39, 38, 46, 47]
[00:00:00:07:319] ! Bidirectional. expansions: 4,821, time: 6,990 [ms], path length: 38 [edges], g_F: 36, g_B: 2, generated: {'F': 7,806, 'B': 674}, MM: 34, MMPER: 86.17948717948718%

[00:00:00:07:320] average expansions: (1,546, 978, 3,162, 0)
[00:00:00:07:320] average time: (1,002, 670, 4,468, 0)
[00:00:00:07:320] X-DFBnB: 978 , 670 (expansions , time[ms])
[00:00:00:07:320] BiX-DFBnB: 3,162 , 4,468 (expansions , time[ms])

