Fri 20 Mar 2026 13:00:06 IST

SLURM_JOBID:		 16224518
SLURM_JOB_NODELIST:	 ise-cpu256-01 

--------------------------
date: SM_Grids
number_of_graphs: 10
graph_type: grid
size_of_graphs: [6, 8]
heuristic: bcc_heuristic
snake: False
run_uni: True
run_bi: True
run_multi: False
solution_vertices: []
algorithms: ['DFBnB']
bsd: False
cube_first_dims: 4
cube_buffer_dim: None
backward_sym_generation: False
sym_coil: False
prefix_set: None

---------- SM_Grids/6x8_grid_with_random_blocks_12per_0 ----------
[00:00:00:01:408] Path of length 40 found: [0, 8, 16, 24, 32, 40, 41, 42, 34, 26, 18, 17, 9, 1, 2, 10, 11, 3, 4, 5, 13, 21, 20, 19, 27, 35, 43, 44, 36, 28, 29, 37, 38, 30, 22, 14, 15, 23, 31, 39, 47]
[00:00:00:01:408] ! Unidirectional s-t. expansions: 2,479, time: 1,408 [ms], path length: 40 [edges], generated: 3,909
[00:00:00:00:390] Path of length 40 found: [47, 46, 38, 39, 31, 23, 15, 14, 13, 5, 4, 3, 2, 1, 9, 17, 18, 10, 11, 19, 27, 28, 20, 21, 22, 30, 29, 37, 36, 44, 43, 35, 34, 42, 41, 40, 32, 24, 16, 8, 0]
[00:00:00:00:390] ! Unidirectional t-s. expansions: 618, time: 390 [ms], path length: 40 [edges], generated: 1,013
[00:00:00:01:823] Path of length 40 found: [0, 8, 16, 24, 32, 40, 41, 42, 34, 26, 18, 17, 9, 1, 2, 10, 11, 3, 4, 5, 13, 21, 20, 19, 27, 35, 43, 44, 36, 28, 29, 30, 22, 14, 15, 23, 31, 39, 38, 46, 47]
[00:00:00:02:224] ! Bidirectional. expansions: 1,289, time: 1,823 [ms], path length: 40 [edges], g_F: 30, g_B: 10, generated: {'F': 1,056, 'B': 1,243}, MM: 20, MMPER: 47.78048780487805%
[00:00:00:02:224] 
---------- SM_Grids/6x8_grid_with_random_blocks_12per_1 ----------
[00:00:00:00:616] Path of length 40 found: [0, 8, 16, 24, 25, 33, 32, 40, 41, 42, 34, 35, 27, 19, 18, 10, 9, 1, 2, 3, 11, 12, 4, 5, 6, 14, 13, 21, 20, 28, 36, 44, 45, 37, 29, 30, 31, 39, 38, 46, 47]
[00:00:00:00:617] ! Unidirectional s-t. expansions: 759, time: 617 [ms], path length: 40 [edges], generated: 1,373
[00:00:00:01:191] Path of length 40 found: [47, 39, 31, 30, 22, 14, 6, 5, 4, 3, 2, 1, 9, 10, 18, 19, 11, 12, 13, 21, 20, 28, 29, 37, 38, 46, 45, 44, 36, 35, 34, 42, 41, 40, 32, 33, 25, 24, 16, 8, 0]
[00:00:00:01:191] ! Unidirectional t-s. expansions: 1,387, time: 1,191 [ms], path length: 40 [edges], generated: 2,546
[00:00:00:06:561] Path of length 40 found: [0, 8, 16, 24, 25, 33, 32, 40, 41, 42, 34, 35, 27, 19, 18, 10, 9, 1, 2, 3, 11, 12, 20, 28, 36, 44, 45, 46, 38, 37, 29, 21, 13, 5, 6, 14, 22, 30, 31, 39, 47]
[00:00:00:06:900] ! Bidirectional. expansions: 4,192, time: 6,561 [ms], path length: 40 [edges], g_F: 24, g_B: 16, generated: {'F': 3,015, 'B': 4,520}, MM: 8, MMPER: 18.51219512195122%
[00:00:00:06:900] 
---------- SM_Grids/6x8_grid_with_random_blocks_12per_2 ----------
[00:00:00:00:732] Path of length 40 found: [0, 8, 16, 24, 32, 33, 41, 42, 43, 35, 34, 26, 25, 17, 18, 10, 9, 1, 2, 3, 11, 12, 20, 28, 29, 21, 13, 5, 6, 7, 15, 14, 22, 23, 31, 30, 38, 37, 45, 46, 47]
[00:00:00:00:733] ! Unidirectional s-t. expansions: 1,108, time: 733 [ms], path length: 40 [edges], generated: 1,946
[00:00:00:00:431] Path of length 40 found: [47, 39, 31, 23, 15, 7, 6, 5, 13, 14, 22, 21, 20, 28, 29, 30, 38, 37, 45, 44, 43, 35, 34, 42, 41, 33, 32, 24, 16, 8, 9, 17, 25, 26, 18, 10, 11, 3, 2, 1, 0]
[00:00:00:00:431] ! Unidirectional t-s. expansions: 401, time: 431 [ms], path length: 40 [edges], generated: 733
[00:00:00:13:905] Path of length 40 found: [0, 8, 16, 24, 32, 33, 41, 42, 43, 35, 34, 26, 25, 17, 18, 10, 9, 1, 2, 3, 11, 12, 20, 28, 29, 37, 45, 46, 38, 30, 22, 14, 13, 5, 6, 7, 15, 23, 31, 39, 47]
[00:00:00:14:237] ! Bidirectional. expansions: 8,003, time: 13,906 [ms], path length: 40 [edges], g_F: 24, g_B: 16, generated: {'F': 7,326, 'B': 6,905}, MM: 8, MMPER: 18.51219512195122%
[00:00:00:14:237] 
---------- SM_Grids/6x8_grid_with_random_blocks_12per_3 ----------
[00:00:00:00:128] Path of length 40 found: [0, 1, 9, 8, 16, 24, 32, 33, 25, 26, 34, 35, 43, 44, 36, 28, 27, 19, 18, 10, 11, 3, 4, 12, 20, 21, 13, 5, 6, 7, 15, 14, 22, 23, 31, 30, 38, 37, 45, 46, 47]
[00:00:00:00:128] ! Unidirectional s-t. expansions: 222, time: 128 [ms], path length: 40 [edges], generated: 362
[00:00:00:00:405] Path of length 40 found: [47, 39, 31, 23, 15, 7, 6, 5, 4, 3, 11, 10, 18, 19, 27, 28, 20, 12, 13, 21, 22, 30, 38, 46, 45, 37, 36, 44, 43, 35, 34, 26, 25, 33, 32, 24, 16, 8, 9, 1, 0]
[00:00:00:00:405] ! Unidirectional t-s. expansions: 450, time: 405 [ms], path length: 40 [edges], generated: 772
[00:00:00:00:895] Path of length 40 found: [0, 1, 9, 8, 16, 24, 32, 33, 25, 26, 34, 35, 43, 44, 36, 37, 45, 46, 38, 30, 22, 14, 13, 12, 20, 28, 27, 19, 18, 10, 11, 3, 4, 5, 6, 7, 15, 23, 31, 39, 47]
[00:00:00:01:233] ! Bidirectional. expansions: 474, time: 895 [ms], path length: 40 [edges], g_F: 23, g_B: 17, generated: {'F': 328, 'B': 492}, MM: 6, MMPER: 13.634146341463415%
[00:00:00:01:233] 
---------- SM_Grids/6x8_grid_with_random_blocks_12per_4 ----------
[00:00:00:00:033] Path of length 40 found: [0, 8, 16, 24, 32, 40, 41, 33, 25, 17, 9, 1, 2, 3, 4, 5, 6, 14, 13, 12, 11, 10, 18, 19, 27, 26, 34, 42, 43, 35, 36, 44, 45, 37, 29, 30, 31, 39, 38, 46, 47]
[00:00:00:00:033] ! Unidirectional s-t. expansions: 40, time: 33 [ms], path length: 40 [edges], generated: 66
[00:00:00:00:033] Path of length 40 found: [47, 39, 31, 30, 29, 37, 38, 46, 45, 44, 36, 35, 43, 42, 34, 26, 27, 19, 11, 12, 13, 14, 6, 5, 4, 3, 2, 1, 9, 10, 18, 17, 25, 33, 41, 40, 32, 24, 16, 8, 0]
[00:00:00:00:034] ! Unidirectional t-s. expansions: 40, time: 33 [ms], path length: 40 [edges], generated: 66
[00:00:00:00:068] Path of length 40 found: [0, 8, 16, 24, 32, 40, 41, 33, 25, 17, 9, 1, 2, 3, 4, 5, 6, 14, 13, 12, 11, 10, 18, 19, 27, 26, 34, 42, 43, 35, 36, 44, 45, 46, 38, 37, 29, 30, 31, 39, 47]
[00:00:00:00:511] ! Bidirectional. expansions: 40, time: 68 [ms], path length: 40 [edges], g_F: 35, g_B: 5, generated: {'F': 60, 'B': 9}, MM: 30, MMPER: 72.17073170731707%
[00:00:00:00:511] 
---------- SM_Grids/6x8_grid_with_random_blocks_12per_5 ----------
[00:00:00:00:056] Path of length 42 found: [0, 8, 16, 24, 32, 40, 41, 33, 34, 42, 43, 44, 36, 28, 20, 19, 27, 26, 18, 17, 9, 1, 2, 10, 11, 3, 4, 12, 13, 5, 6, 7, 15, 14, 22, 23, 31, 39, 38, 37, 45, 46, 47]
[00:00:00:00:057] ! Unidirectional s-t. expansions: 83, time: 56 [ms], path length: 42 [edges], generated: 128
[00:00:00:00:118] Path of length 42 found: [47, 39, 31, 23, 22, 14, 15, 7, 6, 5, 13, 12, 4, 3, 11, 10, 2, 1, 9, 17, 18, 26, 27, 19, 20, 28, 36, 37, 38, 46, 45, 44, 43, 42, 34, 33, 41, 40, 32, 24, 16, 8, 0]
[00:00:00:00:118] ! Unidirectional t-s. expansions: 181, time: 118 [ms], path length: 42 [edges], generated: 283
[00:00:00:00:104] Path of length 42 found: [0, 8, 16, 24, 32, 40, 41, 33, 34, 42, 43, 44, 45, 46, 38, 37, 36, 28, 20, 19, 27, 26, 18, 17, 9, 1, 2, 10, 11, 3, 4, 12, 13, 5, 6, 7, 15, 14, 22, 23, 31, 39, 47]
[00:00:00:00:440] ! Bidirectional. expansions: 77, time: 104 [ms], path length: 42 [edges], g_F: 25, g_B: 17, generated: {'F': 92, 'B': 45}, MM: 8, MMPER: 17.6046511627907%
[00:00:00:00:440] 
---------- SM_Grids/6x8_grid_with_random_blocks_12per_6 ----------
[00:00:00:02:200] Path of length 40 found: [0, 8, 16, 24, 32, 40, 41, 33, 25, 17, 9, 1, 2, 10, 18, 26, 34, 35, 43, 44, 36, 37, 29, 21, 20, 28, 27, 19, 11, 3, 4, 12, 13, 14, 6, 7, 15, 23, 31, 39, 47]
[00:00:00:02:201] ! Unidirectional s-t. expansions: 2,983, time: 2,200 [ms], path length: 40 [edges], generated: 4,800
[00:00:00:00:101] Path of length 40 found: [47, 39, 31, 23, 15, 7, 6, 14, 22, 21, 13, 12, 4, 3, 2, 1, 9, 17, 25, 26, 18, 10, 11, 19, 20, 28, 29, 37, 36, 44, 43, 35, 34, 33, 41, 40, 32, 24, 16, 8, 0]
[00:00:00:00:101] ! Unidirectional t-s. expansions: 140, time: 101 [ms], path length: 40 [edges], generated: 239
[00:00:00:05:004] Path of length 40 found: [0, 8, 16, 24, 32, 40, 41, 33, 25, 17, 9, 1, 2, 10, 18, 26, 34, 35, 43, 44, 36, 37, 29, 21, 20, 28, 27, 19, 11, 3, 4, 12, 13, 14, 6, 7, 15, 23, 31, 39, 47]
[00:00:00:05:338] ! Bidirectional. expansions: 3,557, time: 5,004 [ms], path length: 40 [edges], g_F: 34, g_B: 6, generated: {'F': 4,348, 'B': 1,096}, MM: 28, MMPER: 67.29268292682927%
[00:00:00:05:338] 
---------- SM_Grids/6x8_grid_with_random_blocks_12per_7 ----------
[00:00:00:00:223] Path of length 38 found: [0, 1, 2, 10, 9, 17, 16, 24, 32, 40, 41, 33, 25, 26, 18, 19, 11, 12, 4, 5, 13, 21, 20, 28, 27, 35, 34, 42, 43, 44, 36, 37, 29, 30, 31, 39, 38, 46, 47]
[00:00:00:00:223] ! Unidirectional s-t. expansions: 266, time: 223 [ms], path length: 38 [edges], generated: 482
[00:00:00:05:312] Path of length 38 found: [47, 39, 31, 30, 29, 21, 13, 5, 4, 12, 11, 10, 18, 26, 25, 33, 34, 35, 27, 19, 20, 28, 36, 37, 38, 46, 45, 44, 43, 42, 41, 40, 32, 24, 16, 17, 9, 1, 0]
[00:00:00:05:312] ! Unidirectional t-s. expansions: 8,242, time: 5,312 [ms], path length: 38 [edges], generated: 13,362
[00:00:00:03:365] Path of length 38 found: [0, 1, 2, 10, 9, 17, 16, 24, 32, 40, 41, 33, 25, 26, 18, 19, 27, 35, 34, 42, 43, 44, 45, 46, 38, 37, 36, 28, 20, 12, 4, 5, 13, 21, 29, 30, 31, 39, 47]
[00:00:00:03:701] ! Bidirectional. expansions: 2,113, time: 3,365 [ms], path length: 38 [edges], g_F: 18, g_B: 20, generated: {'F': 1,686, 'B': 2,132}, MM: 2, MMPER: 4.128205128205129%
[00:00:00:03:701] 
---------- SM_Grids/6x8_grid_with_random_blocks_12per_8 ----------
[00:00:00:03:104] Path of length 40 found: [0, 8, 16, 24, 32, 40, 41, 42, 34, 26, 18, 17, 9, 1, 2, 10, 11, 3, 4, 12, 20, 19, 27, 35, 43, 44, 45, 37, 36, 28, 29, 21, 13, 14, 6, 7, 15, 23, 31, 39, 47]
[00:00:00:03:104] ! Unidirectional s-t. expansions: 4,020, time: 3,104 [ms], path length: 40 [edges], generated: 6,776
[00:00:00:00:176] Path of length 40 found: [47, 39, 31, 23, 15, 7, 6, 14, 22, 21, 13, 12, 4, 3, 2, 1, 9, 17, 18, 10, 11, 19, 20, 28, 29, 37, 45, 44, 36, 35, 27, 26, 34, 42, 41, 40, 32, 24, 16, 8, 0]
[00:00:00:00:176] ! Unidirectional t-s. expansions: 202, time: 176 [ms], path length: 40 [edges], generated: 368
[00:00:00:06:490] Path of length 40 found: [0, 8, 16, 24, 32, 40, 41, 42, 34, 26, 18, 17, 9, 1, 2, 10, 11, 3, 4, 12, 20, 19, 27, 35, 43, 44, 45, 37, 36, 28, 29, 21, 13, 14, 6, 7, 15, 23, 31, 39, 47]
[00:00:00:06:836] ! Bidirectional. expansions: 4,291, time: 6,490 [ms], path length: 40 [edges], g_F: 34, g_B: 6, generated: {'F': 6,044, 'B': 983}, MM: 28, MMPER: 67.29268292682927%
[00:00:00:06:836] 
---------- SM_Grids/6x8_grid_with_random_blocks_12per_9 ----------
[00:00:00:00:237] Path of length 40 found: [0, 1, 9, 8, 16, 24, 32, 40, 41, 33, 25, 17, 18, 10, 11, 3, 4, 5, 13, 12, 20, 19, 27, 26, 34, 42, 43, 35, 36, 44, 45, 37, 29, 30, 22, 23, 31, 39, 38, 46, 47]
[00:00:00:00:237] ! Unidirectional s-t. expansions: 196, time: 237 [ms], path length: 40 [edges], generated: 349
[00:00:00:00:967] Path of length 40 found: [47, 39, 31, 23, 22, 14, 13, 5, 4, 3, 11, 12, 20, 19, 18, 10, 9, 17, 25, 33, 34, 26, 27, 35, 36, 37, 29, 30, 38, 46, 45, 44, 43, 42, 41, 40, 32, 24, 16, 8, 0]
[00:00:00:00:967] ! Unidirectional t-s. expansions: 1,422, time: 967 [ms], path length: 40 [edges], generated: 2,313
[00:00:00:01:816] Path of length 40 found: [0, 1, 9, 8, 16, 24, 32, 40, 41, 33, 25, 17, 18, 26, 34, 42, 43, 44, 45, 46, 38, 30, 29, 37, 36, 35, 27, 19, 20, 12, 11, 3, 4, 5, 13, 14, 22, 23, 31, 39, 47]
[00:00:00:02:159] ! Bidirectional. expansions: 1,017, time: 1,816 [ms], path length: 40 [edges], g_F: 15, g_B: 25, generated: {'F': 941, 'B': 795}, MM: 10, MMPER: 23.390243902439025%

[00:00:00:02:159] average expansions: (1,216, 1,308, 2,505, 0)
[00:00:00:02:159] average time: (874, 912, 4,003, 0)
[00:00:00:02:159] X-DFBnB: 1,216 , 874 (expansions , time[ms])
[00:00:00:02:159] BiX-DFBnB: 2,505 , 4,003 (expansions , time[ms])

--------------------------
date: SM_Grids
number_of_graphs: 10
graph_type: grid
size_of_graphs: [6, 8]
heuristic: bcc_heuristic
snake: False
run_uni: True
run_bi: True
run_multi: False
solution_vertices: []
algorithms: ['DFBnB']
bsd: False
cube_first_dims: 4
cube_buffer_dim: None
backward_sym_generation: False
sym_coil: False
prefix_set: None

---------- SM_Grids/6x8_grid_with_random_blocks_12per_0 ----------
[00:00:00:01:331] Path of length 40 found: [0, 8, 16, 24, 32, 40, 41, 42, 34, 26, 18, 17, 9, 1, 2, 10, 11, 3, 4, 5, 13, 21, 20, 19, 27, 35, 43, 44, 36, 28, 29, 37, 38, 30, 22, 14, 15, 23, 31, 39, 47]
[00:00:00:01:331] ! Unidirectional s-t. expansions: 2,479, time: 1,331 [ms], path length: 40 [edges], generated: 3,909
[00:00:00:00:370] Path of length 40 found: [47, 46, 38, 39, 31, 23, 15, 14, 13, 5, 4, 3, 2, 1, 9, 17, 18, 10, 11, 19, 27, 28, 20, 21, 22, 30, 29, 37, 36, 44, 43, 35, 34, 42, 41, 40, 32, 24, 16, 8, 0]
[00:00:00:00:371] ! Unidirectional t-s. expansions: 618, time: 370 [ms], path length: 40 [edges], generated: 1,013
[00:00:00:01:746] Path of length 40 found: [0, 8, 16, 24, 32, 40, 41, 42, 34, 26, 18, 17, 9, 1, 2, 10, 11, 3, 4, 5, 13, 21, 20, 19, 27, 35, 43, 44, 36, 28, 29, 30, 22, 14, 15, 23, 31, 39, 38, 46, 47]
[00:00:00:02:138] ! Bidirectional. expansions: 1,289, time: 1,746 [ms], path length: 40 [edges], g_F: 30, g_B: 10, generated: {'F': 1,056, 'B': 1,243}, MM: 20, MMPER: 47.78048780487805%
[00:00:00:02:138] 
---------- SM_Grids/6x8_grid_with_random_blocks_12per_1 ----------
[00:00:00:00:595] Path of length 40 found: [0, 8, 16, 24, 25, 33, 32, 40, 41, 42, 34, 35, 27, 19, 18, 10, 9, 1, 2, 3, 11, 12, 4, 5, 6, 14, 13, 21, 20, 28, 36, 44, 45, 37, 29, 30, 31, 39, 38, 46, 47]
[00:00:00:00:596] ! Unidirectional s-t. expansions: 759, time: 596 [ms], path length: 40 [edges], generated: 1,373
[00:00:00:01:157] Path of length 40 found: [47, 39, 31, 30, 22, 14, 6, 5, 4, 3, 2, 1, 9, 10, 18, 19, 11, 12, 13, 21, 20, 28, 29, 37, 38, 46, 45, 44, 36, 35, 34, 42, 41, 40, 32, 33, 25, 24, 16, 8, 0]
[00:00:00:01:158] ! Unidirectional t-s. expansions: 1,387, time: 1,158 [ms], path length: 40 [edges], generated: 2,546
[00:00:00:06:328] Path of length 40 found: [0, 8, 16, 24, 25, 33, 32, 40, 41, 42, 34, 35, 27, 19, 18, 10, 9, 1, 2, 3, 11, 12, 20, 28, 36, 44, 45, 46, 38, 37, 29, 21, 13, 5, 6, 14, 22, 30, 31, 39, 47]
[00:00:00:06:660] ! Bidirectional. expansions: 4,192, time: 6,328 [ms], path length: 40 [edges], g_F: 24, g_B: 16, generated: {'F': 3,015, 'B': 4,520}, MM: 8, MMPER: 18.51219512195122%
[00:00:00:06:660] 
---------- SM_Grids/6x8_grid_with_random_blocks_12per_2 ----------
[00:00:00:00:736] Path of length 40 found: [0, 8, 16, 24, 32, 33, 41, 42, 43, 35, 34, 26, 25, 17, 18, 10, 9, 1, 2, 3, 11, 12, 20, 28, 29, 21, 13, 5, 6, 7, 15, 14, 22, 23, 31, 30, 38, 37, 45, 46, 47]
[00:00:00:00:736] ! Unidirectional s-t. expansions: 1,108, time: 736 [ms], path length: 40 [edges], generated: 1,946
[00:00:00:00:420] Path of length 40 found: [47, 39, 31, 23, 15, 7, 6, 5, 13, 14, 22, 21, 20, 28, 29, 30, 38, 37, 45, 44, 43, 35, 34, 42, 41, 33, 32, 24, 16, 8, 9, 17, 25, 26, 18, 10, 11, 3, 2, 1, 0]
[00:00:00:00:420] ! Unidirectional t-s. expansions: 401, time: 420 [ms], path length: 40 [edges], generated: 733
[00:00:00:13:288] Path of length 40 found: [0, 8, 16, 24, 32, 33, 41, 42, 43, 35, 34, 26, 25, 17, 18, 10, 9, 1, 2, 3, 11, 12, 20, 28, 29, 37, 45, 46, 38, 30, 22, 14, 13, 5, 6, 7, 15, 23, 31, 39, 47]
[00:00:00:13:620] ! Bidirectional. expansions: 8,003, time: 13,289 [ms], path length: 40 [edges], g_F: 24, g_B: 16, generated: {'F': 7,326, 'B': 6,905}, MM: 8, MMPER: 18.51219512195122%
[00:00:00:13:620] 
---------- SM_Grids/6x8_grid_with_random_blocks_12per_3 ----------
[00:00:00:00:124] Path of length 40 found: [0, 1, 9, 8, 16, 24, 32, 33, 25, 26, 34, 35, 43, 44, 36, 28, 27, 19, 18, 10, 11, 3, 4, 12, 20, 21, 13, 5, 6, 7, 15, 14, 22, 23, 31, 30, 38, 37, 45, 46, 47]
[00:00:00:00:124] ! Unidirectional s-t. expansions: 222, time: 124 [ms], path length: 40 [edges], generated: 362
[00:00:00:00:392] Path of length 40 found: [47, 39, 31, 23, 15, 7, 6, 5, 4, 3, 11, 10, 18, 19, 27, 28, 20, 12, 13, 21, 22, 30, 38, 46, 45, 37, 36, 44, 43, 35, 34, 26, 25, 33, 32, 24, 16, 8, 9, 1, 0]
[00:00:00:00:392] ! Unidirectional t-s. expansions: 450, time: 392 [ms], path length: 40 [edges], generated: 772
[00:00:00:00:842] Path of length 40 found: [0, 1, 9, 8, 16, 24, 32, 33, 25, 26, 34, 35, 43, 44, 36, 37, 45, 46, 38, 30, 22, 14, 13, 12, 20, 28, 27, 19, 18, 10, 11, 3, 4, 5, 6, 7, 15, 23, 31, 39, 47]
[00:00:00:01:169] ! Bidirectional. expansions: 474, time: 842 [ms], path length: 40 [edges], g_F: 23, g_B: 17, generated: {'F': 328, 'B': 492}, MM: 6, MMPER: 13.634146341463415%
[00:00:00:01:169] 
---------- SM_Grids/6x8_grid_with_random_blocks_12per_4 ----------
[00:00:00:00:034] Path of length 40 found: [0, 8, 16, 24, 32, 40, 41, 33, 25, 17, 9, 1, 2, 3, 4, 5, 6, 14, 13, 12, 11, 10, 18, 19, 27, 26, 34, 42, 43, 35, 36, 44, 45, 37, 29, 30, 31, 39, 38, 46, 47]
[00:00:00:00:034] ! Unidirectional s-t. expansions: 40, time: 34 [ms], path length: 40 [edges], generated: 66
[00:00:00:00:033] Path of length 40 found: [47, 39, 31, 30, 29, 37, 38, 46, 45, 44, 36, 35, 43, 42, 34, 26, 27, 19, 11, 12, 13, 14, 6, 5, 4, 3, 2, 1, 9, 10, 18, 17, 25, 33, 41, 40, 32, 24, 16, 8, 0]
[00:00:00:00:033] ! Unidirectional t-s. expansions: 40, time: 33 [ms], path length: 40 [edges], generated: 66
[00:00:00:00:069] Path of length 40 found: [0, 8, 16, 24, 32, 40, 41, 33, 25, 17, 9, 1, 2, 3, 4, 5, 6, 14, 13, 12, 11, 10, 18, 19, 27, 26, 34, 42, 43, 35, 36, 44, 45, 46, 38, 37, 29, 30, 31, 39, 47]
[00:00:00:00:422] ! Bidirectional. expansions: 40, time: 69 [ms], path length: 40 [edges], g_F: 35, g_B: 5, generated: {'F': 60, 'B': 9}, MM: 30, MMPER: 72.17073170731707%
[00:00:00:00:422] 
---------- SM_Grids/6x8_grid_with_random_blocks_12per_5 ----------
[00:00:00:00:056] Path of length 42 found: [0, 8, 16, 24, 32, 40, 41, 33, 34, 42, 43, 44, 36, 28, 20, 19, 27, 26, 18, 17, 9, 1, 2, 10, 11, 3, 4, 12, 13, 5, 6, 7, 15, 14, 22, 23, 31, 39, 38, 37, 45, 46, 47]
[00:00:00:00:056] ! Unidirectional s-t. expansions: 83, time: 56 [ms], path length: 42 [edges], generated: 128
[00:00:00:00:114] Path of length 42 found: [47, 39, 31, 23, 22, 14, 15, 7, 6, 5, 13, 12, 4, 3, 11, 10, 2, 1, 9, 17, 18, 26, 27, 19, 20, 28, 36, 37, 38, 46, 45, 44, 43, 42, 34, 33, 41, 40, 32, 24, 16, 8, 0]
[00:00:00:00:114] ! Unidirectional t-s. expansions: 181, time: 114 [ms], path length: 42 [edges], generated: 283
[00:00:00:00:101] Path of length 42 found: [0, 8, 16, 24, 32, 40, 41, 33, 34, 42, 43, 44, 45, 46, 38, 37, 36, 28, 20, 19, 27, 26, 18, 17, 9, 1, 2, 10, 11, 3, 4, 12, 13, 5, 6, 7, 15, 14, 22, 23, 31, 39, 47]
[00:00:00:00:433] ! Bidirectional. expansions: 77, time: 101 [ms], path length: 42 [edges], g_F: 25, g_B: 17, generated: {'F': 92, 'B': 45}, MM: 8, MMPER: 17.6046511627907%
[00:00:00:00:433] 
---------- SM_Grids/6x8_grid_with_random_blocks_12per_6 ----------
[00:00:00:02:193] Path of length 40 found: [0, 8, 16, 24, 32, 40, 41, 33, 25, 17, 9, 1, 2, 10, 18, 26, 34, 35, 43, 44, 36, 37, 29, 21, 20, 28, 27, 19, 11, 3, 4, 12, 13, 14, 6, 7, 15, 23, 31, 39, 47]
[00:00:00:02:194] ! Unidirectional s-t. expansions: 2,983, time: 2,194 [ms], path length: 40 [edges], generated: 4,800
[00:00:00:00:101] Path of length 40 found: [47, 39, 31, 23, 15, 7, 6, 14, 22, 21, 13, 12, 4, 3, 2, 1, 9, 17, 25, 26, 18, 10, 11, 19, 20, 28, 29, 37, 36, 44, 43, 35, 34, 33, 41, 40, 32, 24, 16, 8, 0]
[00:00:00:00:101] ! Unidirectional t-s. expansions: 140, time: 101 [ms], path length: 40 [edges], generated: 239
[00:00:00:05:073] Path of length 40 found: [0, 8, 16, 24, 32, 40, 41, 33, 25, 17, 9, 1, 2, 10, 18, 26, 34, 35, 43, 44, 36, 37, 29, 21, 20, 28, 27, 19, 11, 3, 4, 12, 13, 14, 6, 7, 15, 23, 31, 39, 47]
[00:00:00:05:410] ! Bidirectional. expansions: 3,557, time: 5,073 [ms], path length: 40 [edges], g_F: 34, g_B: 6, generated: {'F': 4,348, 'B': 1,096}, MM: 28, MMPER: 67.29268292682927%
[00:00:00:05:410] 
---------- SM_Grids/6x8_grid_with_random_blocks_12per_7 ----------
[00:00:00:00:220] Path of length 38 found: [0, 1, 2, 10, 9, 17, 16, 24, 32, 40, 41, 33, 25, 26, 18, 19, 11, 12, 4, 5, 13, 21, 20, 28, 27, 35, 34, 42, 43, 44, 36, 37, 29, 30, 31, 39, 38, 46, 47]
[00:00:00:00:221] ! Unidirectional s-t. expansions: 266, time: 221 [ms], path length: 38 [edges], generated: 482
[00:00:00:05:341] Path of length 38 found: [47, 39, 31, 30, 29, 21, 13, 5, 4, 12, 11, 10, 18, 26, 25, 33, 34, 35, 27, 19, 20, 28, 36, 37, 38, 46, 45, 44, 43, 42, 41, 40, 32, 24, 16, 17, 9, 1, 0]
[00:00:00:05:342] ! Unidirectional t-s. expansions: 8,242, time: 5,341 [ms], path length: 38 [edges], generated: 13,362
[00:00:00:03:394] Path of length 38 found: [0, 1, 2, 10, 9, 17, 16, 24, 32, 40, 41, 33, 25, 26, 18, 19, 27, 35, 34, 42, 43, 44, 45, 46, 38, 37, 36, 28, 20, 12, 4, 5, 13, 21, 29, 30, 31, 39, 47]
[00:00:00:03:725] ! Bidirectional. expansions: 2,113, time: 3,394 [ms], path length: 38 [edges], g_F: 18, g_B: 20, generated: {'F': 1,686, 'B': 2,132}, MM: 2, MMPER: 4.128205128205129%
[00:00:00:03:725] 
---------- SM_Grids/6x8_grid_with_random_blocks_12per_8 ----------
[00:00:00:03:093] Path of length 40 found: [0, 8, 16, 24, 32, 40, 41, 42, 34, 26, 18, 17, 9, 1, 2, 10, 11, 3, 4, 12, 20, 19, 27, 35, 43, 44, 45, 37, 36, 28, 29, 21, 13, 14, 6, 7, 15, 23, 31, 39, 47]
[00:00:00:03:093] ! Unidirectional s-t. expansions: 4,020, time: 3,093 [ms], path length: 40 [edges], generated: 6,776
[00:00:00:00:177] Path of length 40 found: [47, 39, 31, 23, 15, 7, 6, 14, 22, 21, 13, 12, 4, 3, 2, 1, 9, 17, 18, 10, 11, 19, 20, 28, 29, 37, 45, 44, 36, 35, 27, 26, 34, 42, 41, 40, 32, 24, 16, 8, 0]
[00:00:00:00:177] ! Unidirectional t-s. expansions: 202, time: 177 [ms], path length: 40 [edges], generated: 368
[00:00:00:06:414] Path of length 40 found: [0, 8, 16, 24, 32, 40, 41, 42, 34, 26, 18, 17, 9, 1, 2, 10, 11, 3, 4, 12, 20, 19, 27, 35, 43, 44, 45, 37, 36, 28, 29, 21, 13, 14, 6, 7, 15, 23, 31, 39, 47]
[00:00:00:06:749] ! Bidirectional. expansions: 4,291, time: 6,414 [ms], path length: 40 [edges], g_F: 34, g_B: 6, generated: {'F': 6,044, 'B': 983}, MM: 28, MMPER: 67.29268292682927%
[00:00:00:06:749] 
---------- SM_Grids/6x8_grid_with_random_blocks_12per_9 ----------
[00:00:00:00:216] Path of length 40 found: [0, 1, 9, 8, 16, 24, 32, 40, 41, 33, 25, 17, 18, 10, 11, 3, 4, 5, 13, 12, 20, 19, 27, 26, 34, 42, 43, 35, 36, 44, 45, 37, 29, 30, 22, 23, 31, 39, 38, 46, 47]
[00:00:00:00:216] ! Unidirectional s-t. expansions: 196, time: 216 [ms], path length: 40 [edges], generated: 349
[00:00:00:00:977] Path of length 40 found: [47, 39, 31, 23, 22, 14, 13, 5, 4, 3, 11, 12, 20, 19, 18, 10, 9, 17, 25, 33, 34, 26, 27, 35, 36, 37, 29, 30, 38, 46, 45, 44, 43, 42, 41, 40, 32, 24, 16, 8, 0]
[00:00:00:00:977] ! Unidirectional t-s. expansions: 1,422, time: 977 [ms], path length: 40 [edges], generated: 2,313
[00:00:00:01:705] Path of length 40 found: [0, 1, 9, 8, 16, 24, 32, 40, 41, 33, 25, 17, 18, 26, 34, 42, 43, 44, 45, 46, 38, 30, 29, 37, 36, 35, 27, 19, 20, 12, 11, 3, 4, 5, 13, 14, 22, 23, 31, 39, 47]
[00:00:00:02:037] ! Bidirectional. expansions: 1,017, time: 1,705 [ms], path length: 40 [edges], g_F: 15, g_B: 25, generated: {'F': 941, 'B': 795}, MM: 10, MMPER: 23.390243902439025%

[00:00:00:02:037] average expansions: (1,216, 1,308, 2,505, 0)
[00:00:00:02:037] average time: (860, 908, 3,896, 0)
[00:00:00:02:038] X-DFBnB: 1,216 , 860 (expansions , time[ms])
[00:00:00:02:038] BiX-DFBnB: 2,505 , 3,896 (expansions , time[ms])

--------------------------
date: SM_Grids
number_of_graphs: 10
graph_type: grid
size_of_graphs: [6, 8]
heuristic: bcc_heuristic
snake: False
run_uni: True
run_bi: True
run_multi: False
solution_vertices: []
algorithms: ['DFBnB']
bsd: False
cube_first_dims: 4
cube_buffer_dim: None
backward_sym_generation: False
sym_coil: False
prefix_set: None

---------- SM_Grids/6x8_grid_with_random_blocks_12per_0 ----------
[00:00:00:01:347] Path of length 40 found: [0, 8, 16, 24, 32, 40, 41, 42, 34, 26, 18, 17, 9, 1, 2, 10, 11, 3, 4, 5, 13, 21, 20, 19, 27, 35, 43, 44, 36, 28, 29, 37, 38, 30, 22, 14, 15, 23, 31, 39, 47]
[00:00:00:01:347] ! Unidirectional s-t. expansions: 2,479, time: 1,347 [ms], path length: 40 [edges], generated: 3,909
[00:00:00:00:373] Path of length 40 found: [47, 46, 38, 39, 31, 23, 15, 14, 13, 5, 4, 3, 2, 1, 9, 17, 18, 10, 11, 19, 27, 28, 20, 21, 22, 30, 29, 37, 36, 44, 43, 35, 34, 42, 41, 40, 32, 24, 16, 8, 0]
[00:00:00:00:374] ! Unidirectional t-s. expansions: 618, time: 373 [ms], path length: 40 [edges], generated: 1,013
[00:00:00:01:754] Path of length 40 found: [0, 8, 16, 24, 32, 40, 41, 42, 34, 26, 18, 17, 9, 1, 2, 10, 11, 3, 4, 5, 13, 21, 20, 19, 27, 35, 43, 44, 36, 28, 29, 30, 22, 14, 15, 23, 31, 39, 38, 46, 47]
[00:00:00:02:146] ! Bidirectional. expansions: 1,289, time: 1,754 [ms], path length: 40 [edges], g_F: 30, g_B: 10, generated: {'F': 1,056, 'B': 1,243}, MM: 20, MMPER: 47.78048780487805%
[00:00:00:02:146] 
---------- SM_Grids/6x8_grid_with_random_blocks_12per_1 ----------
[00:00:00:00:599] Path of length 40 found: [0, 8, 16, 24, 25, 33, 32, 40, 41, 42, 34, 35, 27, 19, 18, 10, 9, 1, 2, 3, 11, 12, 4, 5, 6, 14, 13, 21, 20, 28, 36, 44, 45, 37, 29, 30, 31, 39, 38, 46, 47]
[00:00:00:00:599] ! Unidirectional s-t. expansions: 759, time: 599 [ms], path length: 40 [edges], generated: 1,373
[00:00:00:01:141] Path of length 40 found: [47, 39, 31, 30, 22, 14, 6, 5, 4, 3, 2, 1, 9, 10, 18, 19, 11, 12, 13, 21, 20, 28, 29, 37, 38, 46, 45, 44, 36, 35, 34, 42, 41, 40, 32, 33, 25, 24, 16, 8, 0]
[00:00:00:01:141] ! Unidirectional t-s. expansions: 1,387, time: 1,141 [ms], path length: 40 [edges], generated: 2,546
[00:00:00:06:357] Path of length 40 found: [0, 8, 16, 24, 25, 33, 32, 40, 41, 42, 34, 35, 27, 19, 18, 10, 9, 1, 2, 3, 11, 12, 20, 28, 36, 44, 45, 46, 38, 37, 29, 21, 13, 5, 6, 14, 22, 30, 31, 39, 47]
[00:00:00:06:691] ! Bidirectional. expansions: 4,192, time: 6,357 [ms], path length: 40 [edges], g_F: 24, g_B: 16, generated: {'F': 3,015, 'B': 4,520}, MM: 8, MMPER: 18.51219512195122%
[00:00:00:06:692] 
---------- SM_Grids/6x8_grid_with_random_blocks_12per_2 ----------
[00:00:00:00:750] Path of length 40 found: [0, 8, 16, 24, 32, 33, 41, 42, 43, 35, 34, 26, 25, 17, 18, 10, 9, 1, 2, 3, 11, 12, 20, 28, 29, 21, 13, 5, 6, 7, 15, 14, 22, 23, 31, 30, 38, 37, 45, 46, 47]
[00:00:00:00:750] ! Unidirectional s-t. expansions: 1,108, time: 750 [ms], path length: 40 [edges], generated: 1,946
[00:00:00:00:443] Path of length 40 found: [47, 39, 31, 23, 15, 7, 6, 5, 13, 14, 22, 21, 20, 28, 29, 30, 38, 37, 45, 44, 43, 35, 34, 42, 41, 33, 32, 24, 16, 8, 9, 17, 25, 26, 18, 10, 11, 3, 2, 1, 0]
[00:00:00:00:444] ! Unidirectional t-s. expansions: 401, time: 443 [ms], path length: 40 [edges], generated: 733
[00:00:00:13:532] Path of length 40 found: [0, 8, 16, 24, 32, 33, 41, 42, 43, 35, 34, 26, 25, 17, 18, 10, 9, 1, 2, 3, 11, 12, 20, 28, 29, 37, 45, 46, 38, 30, 22, 14, 13, 5, 6, 7, 15, 23, 31, 39, 47]
[00:00:00:13:862] ! Bidirectional. expansions: 8,003, time: 13,532 [ms], path length: 40 [edges], g_F: 24, g_B: 16, generated: {'F': 7,326, 'B': 6,905}, MM: 8, MMPER: 18.51219512195122%
[00:00:00:13:862] 
---------- SM_Grids/6x8_grid_with_random_blocks_12per_3 ----------
[00:00:00:00:127] Path of length 40 found: [0, 1, 9, 8, 16, 24, 32, 33, 25, 26, 34, 35, 43, 44, 36, 28, 27, 19, 18, 10, 11, 3, 4, 12, 20, 21, 13, 5, 6, 7, 15, 14, 22, 23, 31, 30, 38, 37, 45, 46, 47]
[00:00:00:00:127] ! Unidirectional s-t. expansions: 222, time: 127 [ms], path length: 40 [edges], generated: 362
[00:00:00:00:397] Path of length 40 found: [47, 39, 31, 23, 15, 7, 6, 5, 4, 3, 11, 10, 18, 19, 27, 28, 20, 12, 13, 21, 22, 30, 38, 46, 45, 37, 36, 44, 43, 35, 34, 26, 25, 33, 32, 24, 16, 8, 9, 1, 0]
[00:00:00:00:397] ! Unidirectional t-s. expansions: 450, time: 397 [ms], path length: 40 [edges], generated: 772
[00:00:00:00:847] Path of length 40 found: [0, 1, 9, 8, 16, 24, 32, 33, 25, 26, 34, 35, 43, 44, 36, 37, 45, 46, 38, 30, 22, 14, 13, 12, 20, 28, 27, 19, 18, 10, 11, 3, 4, 5, 6, 7, 15, 23, 31, 39, 47]
[00:00:00:01:177] ! Bidirectional. expansions: 474, time: 847 [ms], path length: 40 [edges], g_F: 23, g_B: 17, generated: {'F': 328, 'B': 492}, MM: 6, MMPER: 13.634146341463415%
[00:00:00:01:177] 
---------- SM_Grids/6x8_grid_with_random_blocks_12per_4 ----------
[00:00:00:00:033] Path of length 40 found: [0, 8, 16, 24, 32, 40, 41, 33, 25, 17, 9, 1, 2, 3, 4, 5, 6, 14, 13, 12, 11, 10, 18, 19, 27, 26, 34, 42, 43, 35, 36, 44, 45, 37, 29, 30, 31, 39, 38, 46, 47]
[00:00:00:00:033] ! Unidirectional s-t. expansions: 40, time: 33 [ms], path length: 40 [edges], generated: 66
[00:00:00:00:032] Path of length 40 found: [47, 39, 31, 30, 29, 37, 38, 46, 45, 44, 36, 35, 43, 42, 34, 26, 27, 19, 11, 12, 13, 14, 6, 5, 4, 3, 2, 1, 9, 10, 18, 17, 25, 33, 41, 40, 32, 24, 16, 8, 0]
[00:00:00:00:032] ! Unidirectional t-s. expansions: 40, time: 32 [ms], path length: 40 [edges], generated: 66
[00:00:00:00:066] Path of length 40 found: [0, 8, 16, 24, 32, 40, 41, 33, 25, 17, 9, 1, 2, 3, 4, 5, 6, 14, 13, 12, 11, 10, 18, 19, 27, 26, 34, 42, 43, 35, 36, 44, 45, 46, 38, 37, 29, 30, 31, 39, 47]
[00:00:00:00:419] ! Bidirectional. expansions: 40, time: 66 [ms], path length: 40 [edges], g_F: 35, g_B: 5, generated: {'F': 60, 'B': 9}, MM: 30, MMPER: 72.17073170731707%
[00:00:00:00:419] 
---------- SM_Grids/6x8_grid_with_random_blocks_12per_5 ----------
[00:00:00:00:060] Path of length 42 found: [0, 8, 16, 24, 32, 40, 41, 33, 34, 42, 43, 44, 36, 28, 20, 19, 27, 26, 18, 17, 9, 1, 2, 10, 11, 3, 4, 12, 13, 5, 6, 7, 15, 14, 22, 23, 31, 39, 38, 37, 45, 46, 47]
[00:00:00:00:061] ! Unidirectional s-t. expansions: 83, time: 60 [ms], path length: 42 [edges], generated: 128
[00:00:00:00:121] Path of length 42 found: [47, 39, 31, 23, 22, 14, 15, 7, 6, 5, 13, 12, 4, 3, 11, 10, 2, 1, 9, 17, 18, 26, 27, 19, 20, 28, 36, 37, 38, 46, 45, 44, 43, 42, 34, 33, 41, 40, 32, 24, 16, 8, 0]
[00:00:00:00:121] ! Unidirectional t-s. expansions: 181, time: 121 [ms], path length: 42 [edges], generated: 283
[00:00:00:00:108] Path of length 42 found: [0, 8, 16, 24, 32, 40, 41, 33, 34, 42, 43, 44, 45, 46, 38, 37, 36, 28, 20, 19, 27, 26, 18, 17, 9, 1, 2, 10, 11, 3, 4, 12, 13, 5, 6, 7, 15, 14, 22, 23, 31, 39, 47]
[00:00:00:00:443] ! Bidirectional. expansions: 77, time: 108 [ms], path length: 42 [edges], g_F: 25, g_B: 17, generated: {'F': 92, 'B': 45}, MM: 8, MMPER: 17.6046511627907%
[00:00:00:00:443] 
---------- SM_Grids/6x8_grid_with_random_blocks_12per_6 ----------
[00:00:00:02:213] Path of length 40 found: [0, 8, 16, 24, 32, 40, 41, 33, 25, 17, 9, 1, 2, 10, 18, 26, 34, 35, 43, 44, 36, 37, 29, 21, 20, 28, 27, 19, 11, 3, 4, 12, 13, 14, 6, 7, 15, 23, 31, 39, 47]
[00:00:00:02:214] ! Unidirectional s-t. expansions: 2,983, time: 2,214 [ms], path length: 40 [edges], generated: 4,800
[00:00:00:00:106] Path of length 40 found: [47, 39, 31, 23, 15, 7, 6, 14, 22, 21, 13, 12, 4, 3, 2, 1, 9, 17, 25, 26, 18, 10, 11, 19, 20, 28, 29, 37, 36, 44, 43, 35, 34, 33, 41, 40, 32, 24, 16, 8, 0]
[00:00:00:00:106] ! Unidirectional t-s. expansions: 140, time: 106 [ms], path length: 40 [edges], generated: 239
[00:00:00:05:106] Path of length 40 found: [0, 8, 16, 24, 32, 40, 41, 33, 25, 17, 9, 1, 2, 10, 18, 26, 34, 35, 43, 44, 36, 37, 29, 21, 20, 28, 27, 19, 11, 3, 4, 12, 13, 14, 6, 7, 15, 23, 31, 39, 47]
[00:00:00:05:445] ! Bidirectional. expansions: 3,557, time: 5,106 [ms], path length: 40 [edges], g_F: 34, g_B: 6, generated: {'F': 4,348, 'B': 1,096}, MM: 28, MMPER: 67.29268292682927%
[00:00:00:05:445] 
---------- SM_Grids/6x8_grid_with_random_blocks_12per_7 ----------
[00:00:00:00:223] Path of length 38 found: [0, 1, 2, 10, 9, 17, 16, 24, 32, 40, 41, 33, 25, 26, 18, 19, 11, 12, 4, 5, 13, 21, 20, 28, 27, 35, 34, 42, 43, 44, 36, 37, 29, 30, 31, 39, 38, 46, 47]
[00:00:00:00:223] ! Unidirectional s-t. expansions: 266, time: 223 [ms], path length: 38 [edges], generated: 482
[00:00:00:05:383] Path of length 38 found: [47, 39, 31, 30, 29, 21, 13, 5, 4, 12, 11, 10, 18, 26, 25, 33, 34, 35, 27, 19, 20, 28, 36, 37, 38, 46, 45, 44, 43, 42, 41, 40, 32, 24, 16, 17, 9, 1, 0]
[00:00:00:05:383] ! Unidirectional t-s. expansions: 8,242, time: 5,383 [ms], path length: 38 [edges], generated: 13,362
[00:00:00:03:497] Path of length 38 found: [0, 1, 2, 10, 9, 17, 16, 24, 32, 40, 41, 33, 25, 26, 18, 19, 27, 35, 34, 42, 43, 44, 45, 46, 38, 37, 36, 28, 20, 12, 4, 5, 13, 21, 29, 30, 31, 39, 47]
[00:00:00:03:831] ! Bidirectional. expansions: 2,113, time: 3,497 [ms], path length: 38 [edges], g_F: 18, g_B: 20, generated: {'F': 1,686, 'B': 2,132}, MM: 2, MMPER: 4.128205128205129%
[00:00:00:03:831] 
---------- SM_Grids/6x8_grid_with_random_blocks_12per_8 ----------
[00:00:00:03:125] Path of length 40 found: [0, 8, 16, 24, 32, 40, 41, 42, 34, 26, 18, 17, 9, 1, 2, 10, 11, 3, 4, 12, 20, 19, 27, 35, 43, 44, 45, 37, 36, 28, 29, 21, 13, 14, 6, 7, 15, 23, 31, 39, 47]
[00:00:00:03:125] ! Unidirectional s-t. expansions: 4,020, time: 3,125 [ms], path length: 40 [edges], generated: 6,776
[00:00:00:00:180] Path of length 40 found: [47, 39, 31, 23, 15, 7, 6, 14, 22, 21, 13, 12, 4, 3, 2, 1, 9, 17, 18, 10, 11, 19, 20, 28, 29, 37, 45, 44, 36, 35, 27, 26, 34, 42, 41, 40, 32, 24, 16, 8, 0]
[00:00:00:00:180] ! Unidirectional t-s. expansions: 202, time: 180 [ms], path length: 40 [edges], generated: 368
[00:00:00:06:528] Path of length 40 found: [0, 8, 16, 24, 32, 40, 41, 42, 34, 26, 18, 17, 9, 1, 2, 10, 11, 3, 4, 12, 20, 19, 27, 35, 43, 44, 45, 37, 36, 28, 29, 21, 13, 14, 6, 7, 15, 23, 31, 39, 47]
[00:00:00:06:869] ! Bidirectional. expansions: 4,291, time: 6,528 [ms], path length: 40 [edges], g_F: 34, g_B: 6, generated: {'F': 6,044, 'B': 983}, MM: 28, MMPER: 67.29268292682927%
[00:00:00:06:869] 
---------- SM_Grids/6x8_grid_with_random_blocks_12per_9 ----------
[00:00:00:00:226] Path of length 40 found: [0, 1, 9, 8, 16, 24, 32, 40, 41, 33, 25, 17, 18, 10, 11, 3, 4, 5, 13, 12, 20, 19, 27, 26, 34, 42, 43, 35, 36, 44, 45, 37, 29, 30, 22, 23, 31, 39, 38, 46, 47]
[00:00:00:00:226] ! Unidirectional s-t. expansions: 196, time: 226 [ms], path length: 40 [edges], generated: 349
[00:00:00:00:904] Path of length 40 found: [47, 39, 31, 23, 22, 14, 13, 5, 4, 3, 11, 12, 20, 19, 18, 10, 9, 17, 25, 33, 34, 26, 27, 35, 36, 37, 29, 30, 38, 46, 45, 44, 43, 42, 41, 40, 32, 24, 16, 8, 0]
[00:00:00:00:904] ! Unidirectional t-s. expansions: 1,422, time: 904 [ms], path length: 40 [edges], generated: 2,313
[00:00:00:01:669] Path of length 40 found: [0, 1, 9, 8, 16, 24, 32, 40, 41, 33, 25, 17, 18, 26, 34, 42, 43, 44, 45, 46, 38, 30, 29, 37, 36, 35, 27, 19, 20, 12, 11, 3, 4, 5, 13, 14, 22, 23, 31, 39, 47]
[00:00:00:01:998] ! Bidirectional. expansions: 1,017, time: 1,670 [ms], path length: 40 [edges], g_F: 15, g_B: 25, generated: {'F': 941, 'B': 795}, MM: 10, MMPER: 23.390243902439025%

[00:00:00:01:998] average expansions: (1,216, 1,308, 2,505, 0)
[00:00:00:01:998] average time: (870, 908, 3,946, 0)
[00:00:00:01:998] X-DFBnB: 1,216 , 870 (expansions , time[ms])
[00:00:00:01:998] BiX-DFBnB: 2,505 , 3,946 (expansions , time[ms])

--------------------------
date: SM_Grids
number_of_graphs: 10
graph_type: grid
size_of_graphs: [6, 8]
heuristic: bcc_heuristic
snake: False
run_uni: True
run_bi: True
run_multi: False
solution_vertices: []
algorithms: ['DFBnB']
bsd: False
cube_first_dims: 4
cube_buffer_dim: None
backward_sym_generation: False
sym_coil: False
prefix_set: None

---------- SM_Grids/6x8_grid_with_random_blocks_12per_0 ----------
[00:00:00:01:340] Path of length 40 found: [0, 8, 16, 24, 32, 40, 41, 42, 34, 26, 18, 17, 9, 1, 2, 10, 11, 3, 4, 5, 13, 21, 20, 19, 27, 35, 43, 44, 36, 28, 29, 37, 38, 30, 22, 14, 15, 23, 31, 39, 47]
[00:00:00:01:340] ! Unidirectional s-t. expansions: 2,479, time: 1,340 [ms], path length: 40 [edges], generated: 3,909
[00:00:00:00:377] Path of length 40 found: [47, 46, 38, 39, 31, 23, 15, 14, 13, 5, 4, 3, 2, 1, 9, 17, 18, 10, 11, 19, 27, 28, 20, 21, 22, 30, 29, 37, 36, 44, 43, 35, 34, 42, 41, 40, 32, 24, 16, 8, 0]
[00:00:00:00:378] ! Unidirectional t-s. expansions: 618, time: 378 [ms], path length: 40 [edges], generated: 1,013
[00:00:00:01:760] Path of length 40 found: [0, 8, 16, 24, 32, 40, 41, 42, 34, 26, 18, 17, 9, 1, 2, 10, 11, 3, 4, 5, 13, 21, 20, 19, 27, 35, 43, 44, 36, 28, 29, 30, 22, 14, 15, 23, 31, 39, 38, 46, 47]
[00:00:00:02:136] ! Bidirectional. expansions: 1,289, time: 1,760 [ms], path length: 40 [edges], g_F: 30, g_B: 10, generated: {'F': 1,056, 'B': 1,243}, MM: 20, MMPER: 47.78048780487805%
[00:00:00:02:137] 
---------- SM_Grids/6x8_grid_with_random_blocks_12per_1 ----------
[00:00:00:00:593] Path of length 40 found: [0, 8, 16, 24, 25, 33, 32, 40, 41, 42, 34, 35, 27, 19, 18, 10, 9, 1, 2, 3, 11, 12, 4, 5, 6, 14, 13, 21, 20, 28, 36, 44, 45, 37, 29, 30, 31, 39, 38, 46, 47]
[00:00:00:00:593] ! Unidirectional s-t. expansions: 759, time: 593 [ms], path length: 40 [edges], generated: 1,373
[00:00:00:01:150] Path of length 40 found: [47, 39, 31, 30, 22, 14, 6, 5, 4, 3, 2, 1, 9, 10, 18, 19, 11, 12, 13, 21, 20, 28, 29, 37, 38, 46, 45, 44, 36, 35, 34, 42, 41, 40, 32, 33, 25, 24, 16, 8, 0]
[00:00:00:01:151] ! Unidirectional t-s. expansions: 1,387, time: 1,151 [ms], path length: 40 [edges], generated: 2,546
[00:00:00:06:291] Path of length 40 found: [0, 8, 16, 24, 25, 33, 32, 40, 41, 42, 34, 35, 27, 19, 18, 10, 9, 1, 2, 3, 11, 12, 20, 28, 36, 44, 45, 46, 38, 37, 29, 21, 13, 5, 6, 14, 22, 30, 31, 39, 47]
[00:00:00:06:617] ! Bidirectional. expansions: 4,192, time: 6,291 [ms], path length: 40 [edges], g_F: 24, g_B: 16, generated: {'F': 3,015, 'B': 4,520}, MM: 8, MMPER: 18.51219512195122%
[00:00:00:06:617] 
---------- SM_Grids/6x8_grid_with_random_blocks_12per_2 ----------
[00:00:00:00:719] Path of length 40 found: [0, 8, 16, 24, 32, 33, 41, 42, 43, 35, 34, 26, 25, 17, 18, 10, 9, 1, 2, 3, 11, 12, 20, 28, 29, 21, 13, 5, 6, 7, 15, 14, 22, 23, 31, 30, 38, 37, 45, 46, 47]
[00:00:00:00:719] ! Unidirectional s-t. expansions: 1,108, time: 719 [ms], path length: 40 [edges], generated: 1,946
[00:00:00:00:428] Path of length 40 found: [47, 39, 31, 23, 15, 7, 6, 5, 13, 14, 22, 21, 20, 28, 29, 30, 38, 37, 45, 44, 43, 35, 34, 42, 41, 33, 32, 24, 16, 8, 9, 17, 25, 26, 18, 10, 11, 3, 2, 1, 0]
[00:00:00:00:428] ! Unidirectional t-s. expansions: 401, time: 428 [ms], path length: 40 [edges], generated: 733
[00:00:00:13:752] Path of length 40 found: [0, 8, 16, 24, 32, 33, 41, 42, 43, 35, 34, 26, 25, 17, 18, 10, 9, 1, 2, 3, 11, 12, 20, 28, 29, 37, 45, 46, 38, 30, 22, 14, 13, 5, 6, 7, 15, 23, 31, 39, 47]
[00:00:00:14:088] ! Bidirectional. expansions: 8,003, time: 13,752 [ms], path length: 40 [edges], g_F: 24, g_B: 16, generated: {'F': 7,326, 'B': 6,905}, MM: 8, MMPER: 18.51219512195122%
[00:00:00:14:088] 
---------- SM_Grids/6x8_grid_with_random_blocks_12per_3 ----------
[00:00:00:00:127] Path of length 40 found: [0, 1, 9, 8, 16, 24, 32, 33, 25, 26, 34, 35, 43, 44, 36, 28, 27, 19, 18, 10, 11, 3, 4, 12, 20, 21, 13, 5, 6, 7, 15, 14, 22, 23, 31, 30, 38, 37, 45, 46, 47]
[00:00:00:00:127] ! Unidirectional s-t. expansions: 222, time: 127 [ms], path length: 40 [edges], generated: 362
[00:00:00:00:403] Path of length 40 found: [47, 39, 31, 23, 15, 7, 6, 5, 4, 3, 11, 10, 18, 19, 27, 28, 20, 12, 13, 21, 22, 30, 38, 46, 45, 37, 36, 44, 43, 35, 34, 26, 25, 33, 32, 24, 16, 8, 9, 1, 0]
[00:00:00:00:403] ! Unidirectional t-s. expansions: 450, time: 403 [ms], path length: 40 [edges], generated: 772
[00:00:00:00:875] Path of length 40 found: [0, 1, 9, 8, 16, 24, 32, 33, 25, 26, 34, 35, 43, 44, 36, 37, 45, 46, 38, 30, 22, 14, 13, 12, 20, 28, 27, 19, 18, 10, 11, 3, 4, 5, 6, 7, 15, 23, 31, 39, 47]
[00:00:00:01:211] ! Bidirectional. expansions: 474, time: 875 [ms], path length: 40 [edges], g_F: 23, g_B: 17, generated: {'F': 328, 'B': 492}, MM: 6, MMPER: 13.634146341463415%
[00:00:00:01:211] 
---------- SM_Grids/6x8_grid_with_random_blocks_12per_4 ----------
[00:00:00:00:033] Path of length 40 found: [0, 8, 16, 24, 32, 40, 41, 33, 25, 17, 9, 1, 2, 3, 4, 5, 6, 14, 13, 12, 11, 10, 18, 19, 27, 26, 34, 42, 43, 35, 36, 44, 45, 37, 29, 30, 31, 39, 38, 46, 47]
[00:00:00:00:033] ! Unidirectional s-t. expansions: 40, time: 33 [ms], path length: 40 [edges], generated: 66
[00:00:00:00:032] Path of length 40 found: [47, 39, 31, 30, 29, 37, 38, 46, 45, 44, 36, 35, 43, 42, 34, 26, 27, 19, 11, 12, 13, 14, 6, 5, 4, 3, 2, 1, 9, 10, 18, 17, 25, 33, 41, 40, 32, 24, 16, 8, 0]
[00:00:00:00:032] ! Unidirectional t-s. expansions: 40, time: 32 [ms], path length: 40 [edges], generated: 66
[00:00:00:00:066] Path of length 40 found: [0, 8, 16, 24, 32, 40, 41, 33, 25, 17, 9, 1, 2, 3, 4, 5, 6, 14, 13, 12, 11, 10, 18, 19, 27, 26, 34, 42, 43, 35, 36, 44, 45, 46, 38, 37, 29, 30, 31, 39, 47]
[00:00:00:00:430] ! Bidirectional. expansions: 40, time: 66 [ms], path length: 40 [edges], g_F: 35, g_B: 5, generated: {'F': 60, 'B': 9}, MM: 30, MMPER: 72.17073170731707%
[00:00:00:00:430] 
---------- SM_Grids/6x8_grid_with_random_blocks_12per_5 ----------
[00:00:00:00:058] Path of length 42 found: [0, 8, 16, 24, 32, 40, 41, 33, 34, 42, 43, 44, 36, 28, 20, 19, 27, 26, 18, 17, 9, 1, 2, 10, 11, 3, 4, 12, 13, 5, 6, 7, 15, 14, 22, 23, 31, 39, 38, 37, 45, 46, 47]
[00:00:00:00:058] ! Unidirectional s-t. expansions: 83, time: 58 [ms], path length: 42 [edges], generated: 128
[00:00:00:00:115] Path of length 42 found: [47, 39, 31, 23, 22, 14, 15, 7, 6, 5, 13, 12, 4, 3, 11, 10, 2, 1, 9, 17, 18, 26, 27, 19, 20, 28, 36, 37, 38, 46, 45, 44, 43, 42, 34, 33, 41, 40, 32, 24, 16, 8, 0]
[00:00:00:00:115] ! Unidirectional t-s. expansions: 181, time: 115 [ms], path length: 42 [edges], generated: 283
[00:00:00:00:103] Path of length 42 found: [0, 8, 16, 24, 32, 40, 41, 33, 34, 42, 43, 44, 45, 46, 38, 37, 36, 28, 20, 19, 27, 26, 18, 17, 9, 1, 2, 10, 11, 3, 4, 12, 13, 5, 6, 7, 15, 14, 22, 23, 31, 39, 47]
[00:00:00:00:433] ! Bidirectional. expansions: 77, time: 103 [ms], path length: 42 [edges], g_F: 25, g_B: 17, generated: {'F': 92, 'B': 45}, MM: 8, MMPER: 17.6046511627907%
[00:00:00:00:433] 
---------- SM_Grids/6x8_grid_with_random_blocks_12per_6 ----------
[00:00:00:02:235] Path of length 40 found: [0, 8, 16, 24, 32, 40, 41, 33, 25, 17, 9, 1, 2, 10, 18, 26, 34, 35, 43, 44, 36, 37, 29, 21, 20, 28, 27, 19, 11, 3, 4, 12, 13, 14, 6, 7, 15, 23, 31, 39, 47]
[00:00:00:02:235] ! Unidirectional s-t. expansions: 2,983, time: 2,235 [ms], path length: 40 [edges], generated: 4,800
[00:00:00:00:102] Path of length 40 found: [47, 39, 31, 23, 15, 7, 6, 14, 22, 21, 13, 12, 4, 3, 2, 1, 9, 17, 25, 26, 18, 10, 11, 19, 20, 28, 29, 37, 36, 44, 43, 35, 34, 33, 41, 40, 32, 24, 16, 8, 0]
[00:00:00:00:102] ! Unidirectional t-s. expansions: 140, time: 102 [ms], path length: 40 [edges], generated: 239
[00:00:00:04:987] Path of length 40 found: [0, 8, 16, 24, 32, 40, 41, 33, 25, 17, 9, 1, 2, 10, 18, 26, 34, 35, 43, 44, 36, 37, 29, 21, 20, 28, 27, 19, 11, 3, 4, 12, 13, 14, 6, 7, 15, 23, 31, 39, 47]
[00:00:00:05:319] ! Bidirectional. expansions: 3,557, time: 4,987 [ms], path length: 40 [edges], g_F: 34, g_B: 6, generated: {'F': 4,348, 'B': 1,096}, MM: 28, MMPER: 67.29268292682927%
[00:00:00:05:319] 
---------- SM_Grids/6x8_grid_with_random_blocks_12per_7 ----------
[00:00:00:00:225] Path of length 38 found: [0, 1, 2, 10, 9, 17, 16, 24, 32, 40, 41, 33, 25, 26, 18, 19, 11, 12, 4, 5, 13, 21, 20, 28, 27, 35, 34, 42, 43, 44, 36, 37, 29, 30, 31, 39, 38, 46, 47]
[00:00:00:00:225] ! Unidirectional s-t. expansions: 266, time: 225 [ms], path length: 38 [edges], generated: 482
[00:00:00:05:340] Path of length 38 found: [47, 39, 31, 30, 29, 21, 13, 5, 4, 12, 11, 10, 18, 26, 25, 33, 34, 35, 27, 19, 20, 28, 36, 37, 38, 46, 45, 44, 43, 42, 41, 40, 32, 24, 16, 17, 9, 1, 0]
[00:00:00:05:340] ! Unidirectional t-s. expansions: 8,242, time: 5,340 [ms], path length: 38 [edges], generated: 13,362
[00:00:00:03:314] Path of length 38 found: [0, 1, 2, 10, 9, 17, 16, 24, 32, 40, 41, 33, 25, 26, 18, 19, 27, 35, 34, 42, 43, 44, 45, 46, 38, 37, 36, 28, 20, 12, 4, 5, 13, 21, 29, 30, 31, 39, 47]
[00:00:00:03:640] ! Bidirectional. expansions: 2,113, time: 3,314 [ms], path length: 38 [edges], g_F: 18, g_B: 20, generated: {'F': 1,686, 'B': 2,132}, MM: 2, MMPER: 4.128205128205129%
[00:00:00:03:641] 
---------- SM_Grids/6x8_grid_with_random_blocks_12per_8 ----------
[00:00:00:03:109] Path of length 40 found: [0, 8, 16, 24, 32, 40, 41, 42, 34, 26, 18, 17, 9, 1, 2, 10, 11, 3, 4, 12, 20, 19, 27, 35, 43, 44, 45, 37, 36, 28, 29, 21, 13, 14, 6, 7, 15, 23, 31, 39, 47]
[00:00:00:03:109] ! Unidirectional s-t. expansions: 4,020, time: 3,109 [ms], path length: 40 [edges], generated: 6,776
[00:00:00:00:175] Path of length 40 found: [47, 39, 31, 23, 15, 7, 6, 14, 22, 21, 13, 12, 4, 3, 2, 1, 9, 17, 18, 10, 11, 19, 20, 28, 29, 37, 45, 44, 36, 35, 27, 26, 34, 42, 41, 40, 32, 24, 16, 8, 0]
[00:00:00:00:176] ! Unidirectional t-s. expansions: 202, time: 175 [ms], path length: 40 [edges], generated: 368
[00:00:00:06:328] Path of length 40 found: [0, 8, 16, 24, 32, 40, 41, 42, 34, 26, 18, 17, 9, 1, 2, 10, 11, 3, 4, 12, 20, 19, 27, 35, 43, 44, 45, 37, 36, 28, 29, 21, 13, 14, 6, 7, 15, 23, 31, 39, 47]
[00:00:00:06:657] ! Bidirectional. expansions: 4,291, time: 6,328 [ms], path length: 40 [edges], g_F: 34, g_B: 6, generated: {'F': 6,044, 'B': 983}, MM: 28, MMPER: 67.29268292682927%
[00:00:00:06:657] 
---------- SM_Grids/6x8_grid_with_random_blocks_12per_9 ----------
[00:00:00:00:209] Path of length 40 found: [0, 1, 9, 8, 16, 24, 32, 40, 41, 33, 25, 17, 18, 10, 11, 3, 4, 5, 13, 12, 20, 19, 27, 26, 34, 42, 43, 35, 36, 44, 45, 37, 29, 30, 22, 23, 31, 39, 38, 46, 47]
[00:00:00:00:209] ! Unidirectional s-t. expansions: 196, time: 209 [ms], path length: 40 [edges], generated: 349
[00:00:00:00:898] Path of length 40 found: [47, 39, 31, 23, 22, 14, 13, 5, 4, 3, 11, 12, 20, 19, 18, 10, 9, 17, 25, 33, 34, 26, 27, 35, 36, 37, 29, 30, 38, 46, 45, 44, 43, 42, 41, 40, 32, 24, 16, 8, 0]
[00:00:00:00:898] ! Unidirectional t-s. expansions: 1,422, time: 898 [ms], path length: 40 [edges], generated: 2,313
[00:00:00:01:701] Path of length 40 found: [0, 1, 9, 8, 16, 24, 32, 40, 41, 33, 25, 17, 18, 26, 34, 42, 43, 44, 45, 46, 38, 30, 29, 37, 36, 35, 27, 19, 20, 12, 11, 3, 4, 5, 13, 14, 22, 23, 31, 39, 47]
[00:00:00:02:033] ! Bidirectional. expansions: 1,017, time: 1,701 [ms], path length: 40 [edges], g_F: 15, g_B: 25, generated: {'F': 941, 'B': 795}, MM: 10, MMPER: 23.390243902439025%

[00:00:00:02:033] average expansions: (1,216, 1,308, 2,505, 0)
[00:00:00:02:034] average time: (865, 902, 3,918, 0)
[00:00:00:02:034] X-DFBnB: 1,216 , 865 (expansions , time[ms])
[00:00:00:02:034] BiX-DFBnB: 2,505 , 3,918 (expansions , time[ms])

