Fri 20 Mar 2026 13:00:00 IST

SLURM_JOBID:		 16224527
SLURM_JOB_NODELIST:	 ise-cpu256-02 

--------------------------
date: SM_Grids
number_of_graphs: 10
graph_type: grid
size_of_graphs: [7, 7]
heuristic: bcc_heuristic
snake: False
run_uni: True
run_bi: True
run_multi: False
solution_vertices: []
algorithms: ['DFBnB']
bsd: False
cube_first_dims: 4
cube_buffer_dim: None
backward_sym_generation: False
sym_coil: False
prefix_set: None

---------- SM_Grids/7x7_grid_with_random_blocks_16per_0 ----------
[00:00:00:00:024] Path of length 34 found: [0, 1, 8, 7, 14, 21, 22, 29, 28, 35, 42, 43, 36, 37, 30, 31, 24, 17, 18, 25, 32, 39, 38, 45, 46, 47, 40, 33, 26, 19, 20, 27, 34, 41, 48]
[00:00:00:00:025] ! Unidirectional s-t. expansions: 34, time: 24 [ms], path length: 34 [edges], generated: 59
[00:00:00:01:009] Path of length 34 found: [48, 41, 34, 27, 20, 19, 18, 17, 24, 31, 30, 29, 36, 37, 38, 39, 32, 25, 26, 33, 40, 47, 46, 45, 44, 43, 42, 35, 28, 21, 14, 7, 8, 1, 0]
[00:00:00:01:010] ! Unidirectional t-s. expansions: 1,530, time: 1,009 [ms], path length: 34 [edges], generated: 2,632
[00:00:00:01:413] Path of length 34 found: [0, 1, 8, 7, 14, 21, 22, 29, 28, 35, 42, 43, 36, 37, 44, 45, 46, 47, 40, 33, 26, 25, 32, 39, 38, 31, 24, 17, 18, 19, 20, 27, 34, 41, 48]
[00:00:00:01:787] ! Bidirectional. expansions: 986, time: 1,414 [ms], path length: 34 [edges], g_F: 24, g_B: 10, generated: {'F': 567, 'B': 1,083}, MM: 14, MMPER: 39.0%
[00:00:00:01:787] 
---------- SM_Grids/7x7_grid_with_random_blocks_16per_1 ----------
[00:00:00:00:140] Path of length 40 found: [0, 1, 2, 3, 4, 5, 12, 13, 20, 27, 26, 19, 18, 11, 10, 9, 16, 15, 22, 21, 28, 35, 42, 43, 36, 29, 30, 37, 44, 45, 38, 31, 24, 25, 32, 39, 46, 47, 40, 41, 48]
[00:00:00:00:140] ! Unidirectional s-t. expansions: 180, time: 140 [ms], path length: 40 [edges], generated: 307
[00:00:00:00:031] Path of length 40 found: [48, 41, 40, 47, 46, 39, 32, 25, 24, 31, 30, 29, 36, 37, 38, 45, 44, 43, 42, 35, 28, 21, 22, 15, 16, 9, 10, 11, 18, 19, 26, 27, 20, 13, 12, 5, 4, 3, 2, 1, 0]
[00:00:00:00:031] ! Unidirectional t-s. expansions: 40, time: 31 [ms], path length: 40 [edges], generated: 60
[00:00:00:00:057] Path of length 40 found: [0, 1, 2, 3, 4, 5, 12, 13, 20, 27, 26, 19, 18, 11, 10, 9, 16, 15, 22, 21, 28, 35, 42, 43, 44, 45, 38, 37, 36, 29, 30, 31, 24, 25, 32, 39, 46, 47, 40, 41, 48]
[00:00:00:00:392] ! Bidirectional. expansions: 42, time: 57 [ms], path length: 40 [edges], g_F: 2, g_B: 38, generated: {'F': 3, 'B': 60}, MM: 36, MMPER: 86.8048780487805%
[00:00:00:00:393] 
---------- SM_Grids/7x7_grid_with_random_blocks_16per_2 ----------
[00:00:00:00:491] Path of length 38 found: [0, 7, 8, 1, 2, 9, 16, 23, 22, 29, 28, 35, 36, 43, 44, 45, 38, 37, 30, 31, 32, 25, 18, 17, 10, 3, 4, 5, 6, 13, 12, 19, 26, 27, 34, 33, 40, 47, 48]
[00:00:00:00:491] ! Unidirectional s-t. expansions: 583, time: 491 [ms], path length: 38 [edges], generated: 966
[00:00:00:00:200] Path of length 38 found: [48, 47, 40, 33, 34, 27, 26, 19, 12, 13, 6, 5, 4, 3, 10, 11, 18, 25, 32, 31, 30, 37, 38, 45, 44, 43, 36, 35, 28, 29, 22, 23, 16, 9, 2, 1, 8, 7, 0]
[00:00:00:00:200] ! Unidirectional t-s. expansions: 275, time: 200 [ms], path length: 38 [edges], generated: 450
[00:00:00:00:983] Path of length 38 found: [0, 7, 8, 1, 2, 9, 16, 23, 22, 29, 28, 35, 36, 43, 44, 45, 38, 37, 30, 31, 32, 25, 18, 17, 10, 3, 4, 5, 6, 13, 12, 19, 26, 27, 34, 33, 40, 47, 48]
[00:00:00:01:347] ! Bidirectional. expansions: 627, time: 983 [ms], path length: 38 [edges], g_F: 30, g_B: 8, generated: {'F': 903, 'B': 143}, MM: 22, MMPER: 55.41025641025641%
[00:00:00:01:348] 
---------- SM_Grids/7x7_grid_with_random_blocks_16per_3 ----------
[00:00:00:00:319] Path of length 38 found: [0, 7, 14, 21, 28, 35, 42, 43, 36, 37, 30, 29, 22, 15, 8, 1, 2, 3, 4, 11, 12, 19, 18, 17, 16, 23, 24, 31, 32, 25, 26, 27, 34, 33, 40, 39, 46, 47, 48]
[00:00:00:00:319] ! Unidirectional s-t. expansions: 424, time: 319 [ms], path length: 38 [edges], generated: 696
[00:00:00:00:223] Path of length 38 found: [48, 41, 34, 27, 26, 33, 40, 47, 46, 39, 32, 25, 18, 19, 12, 11, 4, 3, 2, 1, 8, 15, 22, 23, 16, 17, 24, 31, 30, 37, 36, 43, 42, 35, 28, 21, 14, 7, 0]
[00:00:00:00:223] ! Unidirectional t-s. expansions: 292, time: 223 [ms], path length: 38 [edges], generated: 508
[00:00:00:01:726] Path of length 38 found: [0, 7, 14, 21, 28, 35, 42, 43, 36, 37, 30, 29, 22, 15, 8, 1, 2, 3, 4, 11, 12, 19, 18, 17, 16, 23, 24, 31, 32, 39, 46, 47, 40, 33, 26, 27, 34, 41, 48]
[00:00:00:02:085] ! Bidirectional. expansions: 1,207, time: 1,726 [ms], path length: 38 [edges], g_F: 33, g_B: 5, generated: {'F': 1,230, 'B': 843}, MM: 28, MMPER: 70.7948717948718%
[00:00:00:02:085] 
---------- SM_Grids/7x7_grid_with_random_blocks_16per_4 ----------
[00:00:00:00:430] Path of length 38 found: [0, 7, 14, 21, 28, 35, 42, 43, 44, 45, 38, 31, 30, 29, 22, 23, 16, 9, 8, 1, 2, 3, 10, 11, 18, 25, 26, 19, 12, 5, 6, 13, 20, 27, 34, 33, 40, 47, 48]
[00:00:00:00:430] ! Unidirectional s-t. expansions: 690, time: 430 [ms], path length: 38 [edges], generated: 1,048
[00:00:00:00:367] Path of length 38 found: [48, 41, 34, 27, 20, 13, 6, 5, 12, 11, 18, 25, 26, 33, 40, 47, 46, 45, 38, 31, 30, 23, 22, 29, 36, 43, 42, 35, 28, 21, 14, 7, 8, 9, 10, 3, 2, 1, 0]
[00:00:00:00:367] ! Unidirectional t-s. expansions: 560, time: 367 [ms], path length: 38 [edges], generated: 878
[00:00:00:02:543] Path of length 38 found: [0, 7, 8, 1, 2, 3, 10, 9, 16, 23, 22, 21, 28, 35, 42, 43, 36, 29, 30, 31, 38, 45, 46, 47, 40, 33, 26, 25, 18, 11, 12, 5, 6, 13, 20, 27, 34, 41, 48]
[00:00:00:02:916] ! Bidirectional. expansions: 1,634, time: 2,543 [ms], path length: 38 [edges], g_F: 21, g_B: 17, generated: {'F': 2,039, 'B': 607}, MM: 4, MMPER: 9.256410256410257%
[00:00:00:02:916] 
---------- SM_Grids/7x7_grid_with_random_blocks_16per_5 ----------
[00:00:00:00:031] Path of length 38 found: [0, 7, 14, 21, 28, 29, 22, 15, 8, 1, 2, 9, 16, 23, 30, 37, 38, 31, 24, 17, 18, 11, 4, 5, 6, 13, 12, 19, 20, 27, 26, 25, 32, 39, 40, 33, 34, 41, 48]
[00:00:00:00:031] ! Unidirectional s-t. expansions: 38, time: 31 [ms], path length: 38 [edges], generated: 64
[00:00:00:00:031] Path of length 38 found: [48, 41, 34, 27, 20, 13, 6, 5, 4, 11, 12, 19, 18, 17, 16, 9, 2, 1, 8, 15, 22, 23, 24, 31, 32, 25, 26, 33, 40, 39, 38, 37, 30, 29, 28, 21, 14, 7, 0]
[00:00:00:00:031] ! Unidirectional t-s. expansions: 38, time: 31 [ms], path length: 38 [edges], generated: 64
[00:00:00:00:060] Path of length 38 found: [0, 7, 14, 21, 28, 29, 30, 37, 38, 31, 32, 39, 40, 33, 26, 25, 24, 23, 22, 15, 8, 1, 2, 9, 16, 17, 18, 19, 12, 11, 4, 5, 6, 13, 20, 27, 34, 41, 48]
[00:00:00:00:398] ! Bidirectional. expansions: 38, time: 60 [ms], path length: 38 [edges], g_F: 18, g_B: 20, generated: {'F': 38, 'B': 36}, MM: 2, MMPER: 4.128205128205129%
[00:00:00:00:398] 
---------- SM_Grids/7x7_grid_with_random_blocks_16per_6 ----------
[00:00:00:00:029] Path of length 36 found: [0, 1, 8, 15, 22, 23, 16, 9, 2, 3, 10, 17, 24, 31, 30, 37, 44, 45, 46, 39, 32, 25, 18, 11, 4, 5, 6, 13, 12, 19, 20, 27, 26, 33, 34, 41, 48]
[00:00:00:00:029] ! Unidirectional s-t. expansions: 36, time: 29 [ms], path length: 36 [edges], generated: 58
[00:00:00:00:029] Path of length 36 found: [48, 41, 34, 27, 20, 13, 6, 5, 4, 3, 2, 9, 16, 17, 10, 11, 12, 19, 18, 25, 26, 33, 32, 39, 46, 45, 44, 37, 30, 31, 24, 23, 22, 15, 8, 1, 0]
[00:00:00:00:029] ! Unidirectional t-s. expansions: 36, time: 29 [ms], path length: 36 [edges], generated: 58
[00:00:00:00:058] Path of length 36 found: [0, 1, 8, 15, 22, 23, 16, 17, 24, 31, 30, 37, 44, 45, 46, 39, 32, 33, 26, 25, 18, 19, 12, 11, 10, 9, 2, 3, 4, 5, 6, 13, 20, 27, 34, 41, 48]
[00:00:00:00:397] ! Bidirectional. expansions: 36, time: 58 [ms], path length: 36 [edges], g_F: 25, g_B: 11, generated: {'F': 47, 'B': 19}, MM: 14, MMPER: 36.83783783783784%
[00:00:00:00:397] 
---------- SM_Grids/7x7_grid_with_random_blocks_16per_7 ----------
[00:00:00:00:440] Path of length 38 found: [0, 7, 14, 21, 28, 35, 42, 43, 36, 37, 30, 31, 24, 17, 16, 15, 8, 1, 2, 3, 10, 11, 4, 5, 6, 13, 12, 19, 18, 25, 26, 27, 34, 33, 40, 39, 46, 47, 48]
[00:00:00:00:441] ! Unidirectional s-t. expansions: 580, time: 441 [ms], path length: 38 [edges], generated: 969
[00:00:00:00:520] Path of length 38 found: [48, 47, 46, 39, 40, 33, 34, 27, 20, 13, 6, 5, 4, 3, 2, 1, 8, 15, 16, 17, 10, 11, 12, 19, 18, 25, 24, 31, 30, 37, 36, 43, 42, 35, 28, 21, 14, 7, 0]
[00:00:00:00:520] ! Unidirectional t-s. expansions: 685, time: 520 [ms], path length: 38 [edges], generated: 1,149
[00:00:00:02:918] Path of length 38 found: [0, 7, 14, 21, 28, 35, 42, 43, 36, 37, 30, 31, 24, 25, 26, 19, 18, 11, 10, 17, 16, 15, 8, 1, 2, 3, 4, 5, 6, 13, 20, 27, 34, 33, 40, 39, 46, 47, 48]
[00:00:00:03:245] ! Bidirectional. expansions: 2,120, time: 2,918 [ms], path length: 38 [edges], g_F: 16, g_B: 22, generated: {'F': 800, 'B': 2,645}, MM: 6, MMPER: 14.384615384615385%
[00:00:00:03:245] 
---------- SM_Grids/7x7_grid_with_random_blocks_16per_8 ----------
[00:00:00:02:908] Path of length 38 found: [0, 1, 8, 15, 22, 21, 28, 35, 42, 43, 44, 37, 36, 29, 30, 31, 24, 17, 16, 9, 2, 3, 10, 11, 4, 5, 6, 13, 12, 19, 18, 25, 26, 27, 34, 33, 40, 47, 48]
[00:00:00:02:908] ! Unidirectional s-t. expansions: 4,388, time: 2,908 [ms], path length: 38 [edges], generated: 7,244
[00:00:00:02:074] Path of length 38 found: [48, 47, 40, 33, 34, 27, 20, 13, 6, 5, 4, 3, 2, 9, 16, 17, 10, 11, 12, 19, 18, 25, 24, 31, 30, 29, 36, 37, 44, 43, 42, 35, 28, 21, 22, 15, 8, 1, 0]
[00:00:00:02:074] ! Unidirectional t-s. expansions: 3,200, time: 2,074 [ms], path length: 38 [edges], generated: 5,280
[00:00:00:07:291] Path of length 38 found: [0, 1, 8, 15, 22, 21, 28, 35, 42, 43, 44, 37, 36, 29, 30, 31, 24, 17, 16, 9, 2, 3, 10, 11, 4, 5, 6, 13, 12, 19, 18, 25, 26, 27, 34, 33, 40, 47, 48]
[00:00:00:07:660] ! Bidirectional. expansions: 5,742, time: 7,291 [ms], path length: 38 [edges], g_F: 35, g_B: 3, generated: {'F': 6,196, 'B': 3,481}, MM: 32, MMPER: 81.05128205128206%
[00:00:00:07:660] 
---------- SM_Grids/7x7_grid_with_random_blocks_16per_9 ----------
[00:00:00:02:488] Path of length 36 found: [0, 7, 8, 1, 2, 3, 10, 9, 16, 15, 22, 21, 28, 29, 36, 35, 42, 43, 44, 45, 46, 39, 32, 31, 24, 17, 18, 25, 26, 19, 20, 27, 34, 33, 40, 47, 48]
[00:00:00:02:488] ! Unidirectional s-t. expansions: 3,625, time: 2,488 [ms], path length: 36 [edges], generated: 6,176
[00:00:00:03:288] Path of length 36 found: [48, 41, 34, 27, 20, 19, 18, 17, 10, 3, 2, 9, 16, 23, 24, 31, 32, 25, 26, 33, 40, 39, 46, 45, 44, 37, 36, 43, 42, 35, 28, 21, 22, 15, 8, 1, 0]
[00:00:00:03:289] ! Unidirectional t-s. expansions: 5,301, time: 3,288 [ms], path length: 36 [edges], generated: 8,944
[00:00:00:13:702] Path of length 36 found: [0, 7, 8, 1, 2, 3, 10, 9, 16, 15, 22, 21, 28, 29, 36, 35, 42, 43, 44, 45, 46, 39, 40, 33, 26, 25, 32, 31, 24, 17, 18, 19, 20, 27, 34, 41, 48]
[00:00:00:14:076] ! Bidirectional. expansions: 9,345, time: 13,703 [ms], path length: 36 [edges], g_F: 15, g_B: 21, generated: {'F': 9,306, 'B': 7,617}, MM: 6, MMPER: 15.216216216216218%

[00:00:00:14:076] average expansions: (1,058, 1,196, 2,178, 0)
[00:00:00:14:076] average time: (730, 777, 3,075, 0)
[00:00:00:14:076] X-DFBnB: 1,058 , 730 (expansions , time[ms])
[00:00:00:14:076] BiX-DFBnB: 2,178 , 3,075 (expansions , time[ms])

--------------------------
date: SM_Grids
number_of_graphs: 10
graph_type: grid
size_of_graphs: [7, 7]
heuristic: bcc_heuristic
snake: False
run_uni: True
run_bi: True
run_multi: False
solution_vertices: []
algorithms: ['DFBnB']
bsd: False
cube_first_dims: 4
cube_buffer_dim: None
backward_sym_generation: False
sym_coil: False
prefix_set: None

---------- SM_Grids/7x7_grid_with_random_blocks_16per_0 ----------
[00:00:00:00:025] Path of length 34 found: [0, 1, 8, 7, 14, 21, 22, 29, 28, 35, 42, 43, 36, 37, 30, 31, 24, 17, 18, 25, 32, 39, 38, 45, 46, 47, 40, 33, 26, 19, 20, 27, 34, 41, 48]
[00:00:00:00:025] ! Unidirectional s-t. expansions: 34, time: 25 [ms], path length: 34 [edges], generated: 59
[00:00:00:00:997] Path of length 34 found: [48, 41, 34, 27, 20, 19, 18, 17, 24, 31, 30, 29, 36, 37, 38, 39, 32, 25, 26, 33, 40, 47, 46, 45, 44, 43, 42, 35, 28, 21, 14, 7, 8, 1, 0]
[00:00:00:00:997] ! Unidirectional t-s. expansions: 1,530, time: 997 [ms], path length: 34 [edges], generated: 2,632
[00:00:00:01:423] Path of length 34 found: [0, 1, 8, 7, 14, 21, 22, 29, 28, 35, 42, 43, 36, 37, 44, 45, 46, 47, 40, 33, 26, 25, 32, 39, 38, 31, 24, 17, 18, 19, 20, 27, 34, 41, 48]
[00:00:00:01:789] ! Bidirectional. expansions: 986, time: 1,423 [ms], path length: 34 [edges], g_F: 24, g_B: 10, generated: {'F': 567, 'B': 1,083}, MM: 14, MMPER: 39.0%
[00:00:00:01:789] 
---------- SM_Grids/7x7_grid_with_random_blocks_16per_1 ----------
[00:00:00:00:141] Path of length 40 found: [0, 1, 2, 3, 4, 5, 12, 13, 20, 27, 26, 19, 18, 11, 10, 9, 16, 15, 22, 21, 28, 35, 42, 43, 36, 29, 30, 37, 44, 45, 38, 31, 24, 25, 32, 39, 46, 47, 40, 41, 48]
[00:00:00:00:142] ! Unidirectional s-t. expansions: 180, time: 141 [ms], path length: 40 [edges], generated: 307
[00:00:00:00:031] Path of length 40 found: [48, 41, 40, 47, 46, 39, 32, 25, 24, 31, 30, 29, 36, 37, 38, 45, 44, 43, 42, 35, 28, 21, 22, 15, 16, 9, 10, 11, 18, 19, 26, 27, 20, 13, 12, 5, 4, 3, 2, 1, 0]
[00:00:00:00:031] ! Unidirectional t-s. expansions: 40, time: 31 [ms], path length: 40 [edges], generated: 60
[00:00:00:00:058] Path of length 40 found: [0, 1, 2, 3, 4, 5, 12, 13, 20, 27, 26, 19, 18, 11, 10, 9, 16, 15, 22, 21, 28, 35, 42, 43, 44, 45, 38, 37, 36, 29, 30, 31, 24, 25, 32, 39, 46, 47, 40, 41, 48]
[00:00:00:00:393] ! Bidirectional. expansions: 42, time: 58 [ms], path length: 40 [edges], g_F: 2, g_B: 38, generated: {'F': 3, 'B': 60}, MM: 36, MMPER: 86.8048780487805%
[00:00:00:00:394] 
---------- SM_Grids/7x7_grid_with_random_blocks_16per_2 ----------
[00:00:00:00:490] Path of length 38 found: [0, 7, 8, 1, 2, 9, 16, 23, 22, 29, 28, 35, 36, 43, 44, 45, 38, 37, 30, 31, 32, 25, 18, 17, 10, 3, 4, 5, 6, 13, 12, 19, 26, 27, 34, 33, 40, 47, 48]
[00:00:00:00:490] ! Unidirectional s-t. expansions: 583, time: 490 [ms], path length: 38 [edges], generated: 966
[00:00:00:00:200] Path of length 38 found: [48, 47, 40, 33, 34, 27, 26, 19, 12, 13, 6, 5, 4, 3, 10, 11, 18, 25, 32, 31, 30, 37, 38, 45, 44, 43, 36, 35, 28, 29, 22, 23, 16, 9, 2, 1, 8, 7, 0]
[00:00:00:00:200] ! Unidirectional t-s. expansions: 275, time: 200 [ms], path length: 38 [edges], generated: 450
[00:00:00:00:986] Path of length 38 found: [0, 7, 8, 1, 2, 9, 16, 23, 22, 29, 28, 35, 36, 43, 44, 45, 38, 37, 30, 31, 32, 25, 18, 17, 10, 3, 4, 5, 6, 13, 12, 19, 26, 27, 34, 33, 40, 47, 48]
[00:00:00:01:350] ! Bidirectional. expansions: 627, time: 986 [ms], path length: 38 [edges], g_F: 30, g_B: 8, generated: {'F': 903, 'B': 143}, MM: 22, MMPER: 55.41025641025641%
[00:00:00:01:350] 
---------- SM_Grids/7x7_grid_with_random_blocks_16per_3 ----------
[00:00:00:00:312] Path of length 38 found: [0, 7, 14, 21, 28, 35, 42, 43, 36, 37, 30, 29, 22, 15, 8, 1, 2, 3, 4, 11, 12, 19, 18, 17, 16, 23, 24, 31, 32, 25, 26, 27, 34, 33, 40, 39, 46, 47, 48]
[00:00:00:00:312] ! Unidirectional s-t. expansions: 424, time: 312 [ms], path length: 38 [edges], generated: 696
[00:00:00:00:224] Path of length 38 found: [48, 41, 34, 27, 26, 33, 40, 47, 46, 39, 32, 25, 18, 19, 12, 11, 4, 3, 2, 1, 8, 15, 22, 23, 16, 17, 24, 31, 30, 37, 36, 43, 42, 35, 28, 21, 14, 7, 0]
[00:00:00:00:225] ! Unidirectional t-s. expansions: 292, time: 224 [ms], path length: 38 [edges], generated: 508
[00:00:00:01:712] Path of length 38 found: [0, 7, 14, 21, 28, 35, 42, 43, 36, 37, 30, 29, 22, 15, 8, 1, 2, 3, 4, 11, 12, 19, 18, 17, 16, 23, 24, 31, 32, 39, 46, 47, 40, 33, 26, 27, 34, 41, 48]
[00:00:00:02:071] ! Bidirectional. expansions: 1,207, time: 1,712 [ms], path length: 38 [edges], g_F: 33, g_B: 5, generated: {'F': 1,230, 'B': 843}, MM: 28, MMPER: 70.7948717948718%
[00:00:00:02:071] 
---------- SM_Grids/7x7_grid_with_random_blocks_16per_4 ----------
[00:00:00:00:428] Path of length 38 found: [0, 7, 14, 21, 28, 35, 42, 43, 44, 45, 38, 31, 30, 29, 22, 23, 16, 9, 8, 1, 2, 3, 10, 11, 18, 25, 26, 19, 12, 5, 6, 13, 20, 27, 34, 33, 40, 47, 48]
[00:00:00:00:428] ! Unidirectional s-t. expansions: 690, time: 428 [ms], path length: 38 [edges], generated: 1,048
[00:00:00:00:365] Path of length 38 found: [48, 41, 34, 27, 20, 13, 6, 5, 12, 11, 18, 25, 26, 33, 40, 47, 46, 45, 38, 31, 30, 23, 22, 29, 36, 43, 42, 35, 28, 21, 14, 7, 8, 9, 10, 3, 2, 1, 0]
[00:00:00:00:366] ! Unidirectional t-s. expansions: 560, time: 365 [ms], path length: 38 [edges], generated: 878
[00:00:00:02:567] Path of length 38 found: [0, 7, 8, 1, 2, 3, 10, 9, 16, 23, 22, 21, 28, 35, 42, 43, 36, 29, 30, 31, 38, 45, 46, 47, 40, 33, 26, 25, 18, 11, 12, 5, 6, 13, 20, 27, 34, 41, 48]
[00:00:00:02:944] ! Bidirectional. expansions: 1,634, time: 2,567 [ms], path length: 38 [edges], g_F: 21, g_B: 17, generated: {'F': 2,039, 'B': 607}, MM: 4, MMPER: 9.256410256410257%
[00:00:00:02:944] 
---------- SM_Grids/7x7_grid_with_random_blocks_16per_5 ----------
[00:00:00:00:031] Path of length 38 found: [0, 7, 14, 21, 28, 29, 22, 15, 8, 1, 2, 9, 16, 23, 30, 37, 38, 31, 24, 17, 18, 11, 4, 5, 6, 13, 12, 19, 20, 27, 26, 25, 32, 39, 40, 33, 34, 41, 48]
[00:00:00:00:031] ! Unidirectional s-t. expansions: 38, time: 31 [ms], path length: 38 [edges], generated: 64
[00:00:00:00:031] Path of length 38 found: [48, 41, 34, 27, 20, 13, 6, 5, 4, 11, 12, 19, 18, 17, 16, 9, 2, 1, 8, 15, 22, 23, 24, 31, 32, 25, 26, 33, 40, 39, 38, 37, 30, 29, 28, 21, 14, 7, 0]
[00:00:00:00:031] ! Unidirectional t-s. expansions: 38, time: 31 [ms], path length: 38 [edges], generated: 64
[00:00:00:00:059] Path of length 38 found: [0, 7, 14, 21, 28, 29, 30, 37, 38, 31, 32, 39, 40, 33, 26, 25, 24, 23, 22, 15, 8, 1, 2, 9, 16, 17, 18, 19, 12, 11, 4, 5, 6, 13, 20, 27, 34, 41, 48]
[00:00:00:00:395] ! Bidirectional. expansions: 38, time: 59 [ms], path length: 38 [edges], g_F: 18, g_B: 20, generated: {'F': 38, 'B': 36}, MM: 2, MMPER: 4.128205128205129%
[00:00:00:00:395] 
---------- SM_Grids/7x7_grid_with_random_blocks_16per_6 ----------
[00:00:00:00:029] Path of length 36 found: [0, 1, 8, 15, 22, 23, 16, 9, 2, 3, 10, 17, 24, 31, 30, 37, 44, 45, 46, 39, 32, 25, 18, 11, 4, 5, 6, 13, 12, 19, 20, 27, 26, 33, 34, 41, 48]
[00:00:00:00:029] ! Unidirectional s-t. expansions: 36, time: 29 [ms], path length: 36 [edges], generated: 58
[00:00:00:00:028] Path of length 36 found: [48, 41, 34, 27, 20, 13, 6, 5, 4, 3, 2, 9, 16, 17, 10, 11, 12, 19, 18, 25, 26, 33, 32, 39, 46, 45, 44, 37, 30, 31, 24, 23, 22, 15, 8, 1, 0]
[00:00:00:00:029] ! Unidirectional t-s. expansions: 36, time: 28 [ms], path length: 36 [edges], generated: 58
[00:00:00:00:057] Path of length 36 found: [0, 1, 8, 15, 22, 23, 16, 17, 24, 31, 30, 37, 44, 45, 46, 39, 32, 33, 26, 25, 18, 19, 12, 11, 10, 9, 2, 3, 4, 5, 6, 13, 20, 27, 34, 41, 48]
[00:00:00:00:390] ! Bidirectional. expansions: 36, time: 57 [ms], path length: 36 [edges], g_F: 25, g_B: 11, generated: {'F': 47, 'B': 19}, MM: 14, MMPER: 36.83783783783784%
[00:00:00:00:391] 
---------- SM_Grids/7x7_grid_with_random_blocks_16per_7 ----------
[00:00:00:00:449] Path of length 38 found: [0, 7, 14, 21, 28, 35, 42, 43, 36, 37, 30, 31, 24, 17, 16, 15, 8, 1, 2, 3, 10, 11, 4, 5, 6, 13, 12, 19, 18, 25, 26, 27, 34, 33, 40, 39, 46, 47, 48]
[00:00:00:00:449] ! Unidirectional s-t. expansions: 580, time: 449 [ms], path length: 38 [edges], generated: 969
[00:00:00:00:518] Path of length 38 found: [48, 47, 46, 39, 40, 33, 34, 27, 20, 13, 6, 5, 4, 3, 2, 1, 8, 15, 16, 17, 10, 11, 12, 19, 18, 25, 24, 31, 30, 37, 36, 43, 42, 35, 28, 21, 14, 7, 0]
[00:00:00:00:519] ! Unidirectional t-s. expansions: 685, time: 519 [ms], path length: 38 [edges], generated: 1,149
[00:00:00:02:964] Path of length 38 found: [0, 7, 14, 21, 28, 35, 42, 43, 36, 37, 30, 31, 24, 25, 26, 19, 18, 11, 10, 17, 16, 15, 8, 1, 2, 3, 4, 5, 6, 13, 20, 27, 34, 33, 40, 39, 46, 47, 48]
[00:00:00:03:295] ! Bidirectional. expansions: 2,120, time: 2,964 [ms], path length: 38 [edges], g_F: 16, g_B: 22, generated: {'F': 800, 'B': 2,645}, MM: 6, MMPER: 14.384615384615385%
[00:00:00:03:295] 
---------- SM_Grids/7x7_grid_with_random_blocks_16per_8 ----------
[00:00:00:02:884] Path of length 38 found: [0, 1, 8, 15, 22, 21, 28, 35, 42, 43, 44, 37, 36, 29, 30, 31, 24, 17, 16, 9, 2, 3, 10, 11, 4, 5, 6, 13, 12, 19, 18, 25, 26, 27, 34, 33, 40, 47, 48]
[00:00:00:02:884] ! Unidirectional s-t. expansions: 4,388, time: 2,884 [ms], path length: 38 [edges], generated: 7,244
[00:00:00:02:052] Path of length 38 found: [48, 47, 40, 33, 34, 27, 20, 13, 6, 5, 4, 3, 2, 9, 16, 17, 10, 11, 12, 19, 18, 25, 24, 31, 30, 29, 36, 37, 44, 43, 42, 35, 28, 21, 22, 15, 8, 1, 0]
[00:00:00:02:053] ! Unidirectional t-s. expansions: 3,200, time: 2,053 [ms], path length: 38 [edges], generated: 5,280
[00:00:00:07:254] Path of length 38 found: [0, 1, 8, 15, 22, 21, 28, 35, 42, 43, 44, 37, 36, 29, 30, 31, 24, 17, 16, 9, 2, 3, 10, 11, 4, 5, 6, 13, 12, 19, 18, 25, 26, 27, 34, 33, 40, 47, 48]
[00:00:00:07:620] ! Bidirectional. expansions: 5,742, time: 7,254 [ms], path length: 38 [edges], g_F: 35, g_B: 3, generated: {'F': 6,196, 'B': 3,481}, MM: 32, MMPER: 81.05128205128206%
[00:00:00:07:620] 
---------- SM_Grids/7x7_grid_with_random_blocks_16per_9 ----------
[00:00:00:02:490] Path of length 36 found: [0, 7, 8, 1, 2, 3, 10, 9, 16, 15, 22, 21, 28, 29, 36, 35, 42, 43, 44, 45, 46, 39, 32, 31, 24, 17, 18, 25, 26, 19, 20, 27, 34, 33, 40, 47, 48]
[00:00:00:02:490] ! Unidirectional s-t. expansions: 3,625, time: 2,490 [ms], path length: 36 [edges], generated: 6,176
[00:00:00:03:360] Path of length 36 found: [48, 41, 34, 27, 20, 19, 18, 17, 10, 3, 2, 9, 16, 23, 24, 31, 32, 25, 26, 33, 40, 39, 46, 45, 44, 37, 36, 43, 42, 35, 28, 21, 22, 15, 8, 1, 0]
[00:00:00:03:360] ! Unidirectional t-s. expansions: 5,301, time: 3,360 [ms], path length: 36 [edges], generated: 8,944
[00:00:00:13:749] Path of length 36 found: [0, 7, 8, 1, 2, 3, 10, 9, 16, 15, 22, 21, 28, 29, 36, 35, 42, 43, 44, 45, 46, 39, 40, 33, 26, 25, 32, 31, 24, 17, 18, 19, 20, 27, 34, 41, 48]
[00:00:00:14:102] ! Bidirectional. expansions: 9,345, time: 13,749 [ms], path length: 36 [edges], g_F: 15, g_B: 21, generated: {'F': 9,306, 'B': 7,617}, MM: 6, MMPER: 15.216216216216218%

[00:00:00:14:103] average expansions: (1,058, 1,196, 2,178, 0)
[00:00:00:14:103] average time: (728, 781, 3,083, 0)
[00:00:00:14:103] X-DFBnB: 1,058 , 728 (expansions , time[ms])
[00:00:00:14:103] BiX-DFBnB: 2,178 , 3,083 (expansions , time[ms])

--------------------------
date: SM_Grids
number_of_graphs: 10
graph_type: grid
size_of_graphs: [7, 7]
heuristic: bcc_heuristic
snake: False
run_uni: True
run_bi: True
run_multi: False
solution_vertices: []
algorithms: ['DFBnB']
bsd: False
cube_first_dims: 4
cube_buffer_dim: None
backward_sym_generation: False
sym_coil: False
prefix_set: None

---------- SM_Grids/7x7_grid_with_random_blocks_16per_0 ----------
[00:00:00:00:025] Path of length 34 found: [0, 1, 8, 7, 14, 21, 22, 29, 28, 35, 42, 43, 36, 37, 30, 31, 24, 17, 18, 25, 32, 39, 38, 45, 46, 47, 40, 33, 26, 19, 20, 27, 34, 41, 48]
[00:00:00:00:025] ! Unidirectional s-t. expansions: 34, time: 25 [ms], path length: 34 [edges], generated: 59
[00:00:00:01:005] Path of length 34 found: [48, 41, 34, 27, 20, 19, 18, 17, 24, 31, 30, 29, 36, 37, 38, 39, 32, 25, 26, 33, 40, 47, 46, 45, 44, 43, 42, 35, 28, 21, 14, 7, 8, 1, 0]
[00:00:00:01:005] ! Unidirectional t-s. expansions: 1,530, time: 1,005 [ms], path length: 34 [edges], generated: 2,632
[00:00:00:01:442] Path of length 34 found: [0, 1, 8, 7, 14, 21, 22, 29, 28, 35, 42, 43, 36, 37, 44, 45, 46, 47, 40, 33, 26, 25, 32, 39, 38, 31, 24, 17, 18, 19, 20, 27, 34, 41, 48]
[00:00:00:01:812] ! Bidirectional. expansions: 986, time: 1,442 [ms], path length: 34 [edges], g_F: 24, g_B: 10, generated: {'F': 567, 'B': 1,083}, MM: 14, MMPER: 39.0%
[00:00:00:01:812] 
---------- SM_Grids/7x7_grid_with_random_blocks_16per_1 ----------
[00:00:00:00:139] Path of length 40 found: [0, 1, 2, 3, 4, 5, 12, 13, 20, 27, 26, 19, 18, 11, 10, 9, 16, 15, 22, 21, 28, 35, 42, 43, 36, 29, 30, 37, 44, 45, 38, 31, 24, 25, 32, 39, 46, 47, 40, 41, 48]
[00:00:00:00:140] ! Unidirectional s-t. expansions: 180, time: 139 [ms], path length: 40 [edges], generated: 307
[00:00:00:00:030] Path of length 40 found: [48, 41, 40, 47, 46, 39, 32, 25, 24, 31, 30, 29, 36, 37, 38, 45, 44, 43, 42, 35, 28, 21, 22, 15, 16, 9, 10, 11, 18, 19, 26, 27, 20, 13, 12, 5, 4, 3, 2, 1, 0]
[00:00:00:00:031] ! Unidirectional t-s. expansions: 40, time: 31 [ms], path length: 40 [edges], generated: 60
[00:00:00:00:058] Path of length 40 found: [0, 1, 2, 3, 4, 5, 12, 13, 20, 27, 26, 19, 18, 11, 10, 9, 16, 15, 22, 21, 28, 35, 42, 43, 44, 45, 38, 37, 36, 29, 30, 31, 24, 25, 32, 39, 46, 47, 40, 41, 48]
[00:00:00:00:397] ! Bidirectional. expansions: 42, time: 58 [ms], path length: 40 [edges], g_F: 2, g_B: 38, generated: {'F': 3, 'B': 60}, MM: 36, MMPER: 86.8048780487805%
[00:00:00:00:398] 
---------- SM_Grids/7x7_grid_with_random_blocks_16per_2 ----------
[00:00:00:00:498] Path of length 38 found: [0, 7, 8, 1, 2, 9, 16, 23, 22, 29, 28, 35, 36, 43, 44, 45, 38, 37, 30, 31, 32, 25, 18, 17, 10, 3, 4, 5, 6, 13, 12, 19, 26, 27, 34, 33, 40, 47, 48]
[00:00:00:00:498] ! Unidirectional s-t. expansions: 583, time: 498 [ms], path length: 38 [edges], generated: 966
[00:00:00:00:199] Path of length 38 found: [48, 47, 40, 33, 34, 27, 26, 19, 12, 13, 6, 5, 4, 3, 10, 11, 18, 25, 32, 31, 30, 37, 38, 45, 44, 43, 36, 35, 28, 29, 22, 23, 16, 9, 2, 1, 8, 7, 0]
[00:00:00:00:199] ! Unidirectional t-s. expansions: 275, time: 199 [ms], path length: 38 [edges], generated: 450
[00:00:00:01:020] Path of length 38 found: [0, 7, 8, 1, 2, 9, 16, 23, 22, 29, 28, 35, 36, 43, 44, 45, 38, 37, 30, 31, 32, 25, 18, 17, 10, 3, 4, 5, 6, 13, 12, 19, 26, 27, 34, 33, 40, 47, 48]
[00:00:00:01:387] ! Bidirectional. expansions: 627, time: 1,021 [ms], path length: 38 [edges], g_F: 30, g_B: 8, generated: {'F': 903, 'B': 143}, MM: 22, MMPER: 55.41025641025641%
[00:00:00:01:388] 
---------- SM_Grids/7x7_grid_with_random_blocks_16per_3 ----------
[00:00:00:00:315] Path of length 38 found: [0, 7, 14, 21, 28, 35, 42, 43, 36, 37, 30, 29, 22, 15, 8, 1, 2, 3, 4, 11, 12, 19, 18, 17, 16, 23, 24, 31, 32, 25, 26, 27, 34, 33, 40, 39, 46, 47, 48]
[00:00:00:00:315] ! Unidirectional s-t. expansions: 424, time: 315 [ms], path length: 38 [edges], generated: 696
[00:00:00:00:221] Path of length 38 found: [48, 41, 34, 27, 26, 33, 40, 47, 46, 39, 32, 25, 18, 19, 12, 11, 4, 3, 2, 1, 8, 15, 22, 23, 16, 17, 24, 31, 30, 37, 36, 43, 42, 35, 28, 21, 14, 7, 0]
[00:00:00:00:221] ! Unidirectional t-s. expansions: 292, time: 221 [ms], path length: 38 [edges], generated: 508
[00:00:00:01:744] Path of length 38 found: [0, 7, 14, 21, 28, 35, 42, 43, 36, 37, 30, 29, 22, 15, 8, 1, 2, 3, 4, 11, 12, 19, 18, 17, 16, 23, 24, 31, 32, 39, 46, 47, 40, 33, 26, 27, 34, 41, 48]
[00:00:00:02:103] ! Bidirectional. expansions: 1,207, time: 1,744 [ms], path length: 38 [edges], g_F: 33, g_B: 5, generated: {'F': 1,230, 'B': 843}, MM: 28, MMPER: 70.7948717948718%
[00:00:00:02:103] 
---------- SM_Grids/7x7_grid_with_random_blocks_16per_4 ----------
[00:00:00:00:451] Path of length 38 found: [0, 7, 14, 21, 28, 35, 42, 43, 44, 45, 38, 31, 30, 29, 22, 23, 16, 9, 8, 1, 2, 3, 10, 11, 18, 25, 26, 19, 12, 5, 6, 13, 20, 27, 34, 33, 40, 47, 48]
[00:00:00:00:451] ! Unidirectional s-t. expansions: 690, time: 451 [ms], path length: 38 [edges], generated: 1,048
[00:00:00:00:382] Path of length 38 found: [48, 41, 34, 27, 20, 13, 6, 5, 12, 11, 18, 25, 26, 33, 40, 47, 46, 45, 38, 31, 30, 23, 22, 29, 36, 43, 42, 35, 28, 21, 14, 7, 8, 9, 10, 3, 2, 1, 0]
[00:00:00:00:383] ! Unidirectional t-s. expansions: 560, time: 382 [ms], path length: 38 [edges], generated: 878
[00:00:00:02:647] Path of length 38 found: [0, 7, 8, 1, 2, 3, 10, 9, 16, 23, 22, 21, 28, 35, 42, 43, 36, 29, 30, 31, 38, 45, 46, 47, 40, 33, 26, 25, 18, 11, 12, 5, 6, 13, 20, 27, 34, 41, 48]
[00:00:00:03:011] ! Bidirectional. expansions: 1,634, time: 2,647 [ms], path length: 38 [edges], g_F: 21, g_B: 17, generated: {'F': 2,039, 'B': 607}, MM: 4, MMPER: 9.256410256410257%
[00:00:00:03:011] 
---------- SM_Grids/7x7_grid_with_random_blocks_16per_5 ----------
[00:00:00:00:031] Path of length 38 found: [0, 7, 14, 21, 28, 29, 22, 15, 8, 1, 2, 9, 16, 23, 30, 37, 38, 31, 24, 17, 18, 11, 4, 5, 6, 13, 12, 19, 20, 27, 26, 25, 32, 39, 40, 33, 34, 41, 48]
[00:00:00:00:031] ! Unidirectional s-t. expansions: 38, time: 31 [ms], path length: 38 [edges], generated: 64
[00:00:00:00:031] Path of length 38 found: [48, 41, 34, 27, 20, 13, 6, 5, 4, 11, 12, 19, 18, 17, 16, 9, 2, 1, 8, 15, 22, 23, 24, 31, 32, 25, 26, 33, 40, 39, 38, 37, 30, 29, 28, 21, 14, 7, 0]
[00:00:00:00:031] ! Unidirectional t-s. expansions: 38, time: 31 [ms], path length: 38 [edges], generated: 64
[00:00:00:00:059] Path of length 38 found: [0, 7, 14, 21, 28, 29, 30, 37, 38, 31, 32, 39, 40, 33, 26, 25, 24, 23, 22, 15, 8, 1, 2, 9, 16, 17, 18, 19, 12, 11, 4, 5, 6, 13, 20, 27, 34, 41, 48]
[00:00:00:00:400] ! Bidirectional. expansions: 38, time: 59 [ms], path length: 38 [edges], g_F: 18, g_B: 20, generated: {'F': 38, 'B': 36}, MM: 2, MMPER: 4.128205128205129%
[00:00:00:00:400] 
---------- SM_Grids/7x7_grid_with_random_blocks_16per_6 ----------
[00:00:00:00:030] Path of length 36 found: [0, 1, 8, 15, 22, 23, 16, 9, 2, 3, 10, 17, 24, 31, 30, 37, 44, 45, 46, 39, 32, 25, 18, 11, 4, 5, 6, 13, 12, 19, 20, 27, 26, 33, 34, 41, 48]
[00:00:00:00:031] ! Unidirectional s-t. expansions: 36, time: 30 [ms], path length: 36 [edges], generated: 58
[00:00:00:00:031] Path of length 36 found: [48, 41, 34, 27, 20, 13, 6, 5, 4, 3, 2, 9, 16, 17, 10, 11, 12, 19, 18, 25, 26, 33, 32, 39, 46, 45, 44, 37, 30, 31, 24, 23, 22, 15, 8, 1, 0]
[00:00:00:00:031] ! Unidirectional t-s. expansions: 36, time: 31 [ms], path length: 36 [edges], generated: 58
[00:00:00:00:062] Path of length 36 found: [0, 1, 8, 15, 22, 23, 16, 17, 24, 31, 30, 37, 44, 45, 46, 39, 32, 33, 26, 25, 18, 19, 12, 11, 10, 9, 2, 3, 4, 5, 6, 13, 20, 27, 34, 41, 48]
[00:00:00:00:405] ! Bidirectional. expansions: 36, time: 62 [ms], path length: 36 [edges], g_F: 25, g_B: 11, generated: {'F': 47, 'B': 19}, MM: 14, MMPER: 36.83783783783784%
[00:00:00:00:406] 
---------- SM_Grids/7x7_grid_with_random_blocks_16per_7 ----------
[00:00:00:00:448] Path of length 38 found: [0, 7, 14, 21, 28, 35, 42, 43, 36, 37, 30, 31, 24, 17, 16, 15, 8, 1, 2, 3, 10, 11, 4, 5, 6, 13, 12, 19, 18, 25, 26, 27, 34, 33, 40, 39, 46, 47, 48]
[00:00:00:00:449] ! Unidirectional s-t. expansions: 580, time: 449 [ms], path length: 38 [edges], generated: 969
[00:00:00:00:520] Path of length 38 found: [48, 47, 46, 39, 40, 33, 34, 27, 20, 13, 6, 5, 4, 3, 2, 1, 8, 15, 16, 17, 10, 11, 12, 19, 18, 25, 24, 31, 30, 37, 36, 43, 42, 35, 28, 21, 14, 7, 0]
[00:00:00:00:520] ! Unidirectional t-s. expansions: 685, time: 520 [ms], path length: 38 [edges], generated: 1,149
[00:00:00:02:995] Path of length 38 found: [0, 7, 14, 21, 28, 35, 42, 43, 36, 37, 30, 31, 24, 25, 26, 19, 18, 11, 10, 17, 16, 15, 8, 1, 2, 3, 4, 5, 6, 13, 20, 27, 34, 33, 40, 39, 46, 47, 48]
[00:00:00:03:331] ! Bidirectional. expansions: 2,120, time: 2,995 [ms], path length: 38 [edges], g_F: 16, g_B: 22, generated: {'F': 800, 'B': 2,645}, MM: 6, MMPER: 14.384615384615385%
[00:00:00:03:331] 
---------- SM_Grids/7x7_grid_with_random_blocks_16per_8 ----------
[00:00:00:02:913] Path of length 38 found: [0, 1, 8, 15, 22, 21, 28, 35, 42, 43, 44, 37, 36, 29, 30, 31, 24, 17, 16, 9, 2, 3, 10, 11, 4, 5, 6, 13, 12, 19, 18, 25, 26, 27, 34, 33, 40, 47, 48]
[00:00:00:02:913] ! Unidirectional s-t. expansions: 4,388, time: 2,913 [ms], path length: 38 [edges], generated: 7,244
[00:00:00:02:053] Path of length 38 found: [48, 47, 40, 33, 34, 27, 20, 13, 6, 5, 4, 3, 2, 9, 16, 17, 10, 11, 12, 19, 18, 25, 24, 31, 30, 29, 36, 37, 44, 43, 42, 35, 28, 21, 22, 15, 8, 1, 0]
[00:00:00:02:053] ! Unidirectional t-s. expansions: 3,200, time: 2,053 [ms], path length: 38 [edges], generated: 5,280
[00:00:00:07:445] Path of length 38 found: [0, 1, 8, 15, 22, 21, 28, 35, 42, 43, 44, 37, 36, 29, 30, 31, 24, 17, 16, 9, 2, 3, 10, 11, 4, 5, 6, 13, 12, 19, 18, 25, 26, 27, 34, 33, 40, 47, 48]
[00:00:00:07:814] ! Bidirectional. expansions: 5,742, time: 7,445 [ms], path length: 38 [edges], g_F: 35, g_B: 3, generated: {'F': 6,196, 'B': 3,481}, MM: 32, MMPER: 81.05128205128206%
[00:00:00:07:814] 
---------- SM_Grids/7x7_grid_with_random_blocks_16per_9 ----------
[00:00:00:02:522] Path of length 36 found: [0, 7, 8, 1, 2, 3, 10, 9, 16, 15, 22, 21, 28, 29, 36, 35, 42, 43, 44, 45, 46, 39, 32, 31, 24, 17, 18, 25, 26, 19, 20, 27, 34, 33, 40, 47, 48]
[00:00:00:02:522] ! Unidirectional s-t. expansions: 3,625, time: 2,522 [ms], path length: 36 [edges], generated: 6,176
[00:00:00:03:320] Path of length 36 found: [48, 41, 34, 27, 20, 19, 18, 17, 10, 3, 2, 9, 16, 23, 24, 31, 32, 25, 26, 33, 40, 39, 46, 45, 44, 37, 36, 43, 42, 35, 28, 21, 22, 15, 8, 1, 0]
[00:00:00:03:321] ! Unidirectional t-s. expansions: 5,301, time: 3,321 [ms], path length: 36 [edges], generated: 8,944
[00:00:00:13:950] Path of length 36 found: [0, 7, 8, 1, 2, 3, 10, 9, 16, 15, 22, 21, 28, 29, 36, 35, 42, 43, 44, 45, 46, 39, 40, 33, 26, 25, 32, 31, 24, 17, 18, 19, 20, 27, 34, 41, 48]
[00:00:00:14:317] ! Bidirectional. expansions: 9,345, time: 13,950 [ms], path length: 36 [edges], g_F: 15, g_B: 21, generated: {'F': 9,306, 'B': 7,617}, MM: 6, MMPER: 15.216216216216218%

[00:00:00:14:317] average expansions: (1,058, 1,196, 2,178, 0)
[00:00:00:14:317] average time: (737, 779, 3,142, 0)
[00:00:00:14:317] X-DFBnB: 1,058 , 737 (expansions , time[ms])
[00:00:00:14:317] BiX-DFBnB: 2,178 , 3,142 (expansions , time[ms])

--------------------------
date: SM_Grids
number_of_graphs: 10
graph_type: grid
size_of_graphs: [7, 7]
heuristic: bcc_heuristic
snake: False
run_uni: True
run_bi: True
run_multi: False
solution_vertices: []
algorithms: ['DFBnB']
bsd: False
cube_first_dims: 4
cube_buffer_dim: None
backward_sym_generation: False
sym_coil: False
prefix_set: None

---------- SM_Grids/7x7_grid_with_random_blocks_16per_0 ----------
[00:00:00:00:025] Path of length 34 found: [0, 1, 8, 7, 14, 21, 22, 29, 28, 35, 42, 43, 36, 37, 30, 31, 24, 17, 18, 25, 32, 39, 38, 45, 46, 47, 40, 33, 26, 19, 20, 27, 34, 41, 48]
[00:00:00:00:025] ! Unidirectional s-t. expansions: 34, time: 25 [ms], path length: 34 [edges], generated: 59
[00:00:00:01:009] Path of length 34 found: [48, 41, 34, 27, 20, 19, 18, 17, 24, 31, 30, 29, 36, 37, 38, 39, 32, 25, 26, 33, 40, 47, 46, 45, 44, 43, 42, 35, 28, 21, 14, 7, 8, 1, 0]
[00:00:00:01:009] ! Unidirectional t-s. expansions: 1,530, time: 1,009 [ms], path length: 34 [edges], generated: 2,632
[00:00:00:01:428] Path of length 34 found: [0, 1, 8, 7, 14, 21, 22, 29, 28, 35, 42, 43, 36, 37, 44, 45, 46, 47, 40, 33, 26, 25, 32, 39, 38, 31, 24, 17, 18, 19, 20, 27, 34, 41, 48]
[00:00:00:01:790] ! Bidirectional. expansions: 986, time: 1,428 [ms], path length: 34 [edges], g_F: 24, g_B: 10, generated: {'F': 567, 'B': 1,083}, MM: 14, MMPER: 39.0%
[00:00:00:01:791] 
---------- SM_Grids/7x7_grid_with_random_blocks_16per_1 ----------
[00:00:00:00:141] Path of length 40 found: [0, 1, 2, 3, 4, 5, 12, 13, 20, 27, 26, 19, 18, 11, 10, 9, 16, 15, 22, 21, 28, 35, 42, 43, 36, 29, 30, 37, 44, 45, 38, 31, 24, 25, 32, 39, 46, 47, 40, 41, 48]
[00:00:00:00:141] ! Unidirectional s-t. expansions: 180, time: 141 [ms], path length: 40 [edges], generated: 307
[00:00:00:00:031] Path of length 40 found: [48, 41, 40, 47, 46, 39, 32, 25, 24, 31, 30, 29, 36, 37, 38, 45, 44, 43, 42, 35, 28, 21, 22, 15, 16, 9, 10, 11, 18, 19, 26, 27, 20, 13, 12, 5, 4, 3, 2, 1, 0]
[00:00:00:00:031] ! Unidirectional t-s. expansions: 40, time: 31 [ms], path length: 40 [edges], generated: 60
[00:00:00:00:058] Path of length 40 found: [0, 1, 2, 3, 4, 5, 12, 13, 20, 27, 26, 19, 18, 11, 10, 9, 16, 15, 22, 21, 28, 35, 42, 43, 44, 45, 38, 37, 36, 29, 30, 31, 24, 25, 32, 39, 46, 47, 40, 41, 48]
[00:00:00:00:387] ! Bidirectional. expansions: 42, time: 58 [ms], path length: 40 [edges], g_F: 2, g_B: 38, generated: {'F': 3, 'B': 60}, MM: 36, MMPER: 86.8048780487805%
[00:00:00:00:387] 
---------- SM_Grids/7x7_grid_with_random_blocks_16per_2 ----------
[00:00:00:00:496] Path of length 38 found: [0, 7, 8, 1, 2, 9, 16, 23, 22, 29, 28, 35, 36, 43, 44, 45, 38, 37, 30, 31, 32, 25, 18, 17, 10, 3, 4, 5, 6, 13, 12, 19, 26, 27, 34, 33, 40, 47, 48]
[00:00:00:00:496] ! Unidirectional s-t. expansions: 583, time: 496 [ms], path length: 38 [edges], generated: 966
[00:00:00:00:202] Path of length 38 found: [48, 47, 40, 33, 34, 27, 26, 19, 12, 13, 6, 5, 4, 3, 10, 11, 18, 25, 32, 31, 30, 37, 38, 45, 44, 43, 36, 35, 28, 29, 22, 23, 16, 9, 2, 1, 8, 7, 0]
[00:00:00:00:203] ! Unidirectional t-s. expansions: 275, time: 203 [ms], path length: 38 [edges], generated: 450
[00:00:00:01:000] Path of length 38 found: [0, 7, 8, 1, 2, 9, 16, 23, 22, 29, 28, 35, 36, 43, 44, 45, 38, 37, 30, 31, 32, 25, 18, 17, 10, 3, 4, 5, 6, 13, 12, 19, 26, 27, 34, 33, 40, 47, 48]
[00:00:00:01:358] ! Bidirectional. expansions: 627, time: 1,000 [ms], path length: 38 [edges], g_F: 30, g_B: 8, generated: {'F': 903, 'B': 143}, MM: 22, MMPER: 55.41025641025641%
[00:00:00:01:358] 
---------- SM_Grids/7x7_grid_with_random_blocks_16per_3 ----------
[00:00:00:00:320] Path of length 38 found: [0, 7, 14, 21, 28, 35, 42, 43, 36, 37, 30, 29, 22, 15, 8, 1, 2, 3, 4, 11, 12, 19, 18, 17, 16, 23, 24, 31, 32, 25, 26, 27, 34, 33, 40, 39, 46, 47, 48]
[00:00:00:00:320] ! Unidirectional s-t. expansions: 424, time: 320 [ms], path length: 38 [edges], generated: 696
[00:00:00:00:226] Path of length 38 found: [48, 41, 34, 27, 26, 33, 40, 47, 46, 39, 32, 25, 18, 19, 12, 11, 4, 3, 2, 1, 8, 15, 22, 23, 16, 17, 24, 31, 30, 37, 36, 43, 42, 35, 28, 21, 14, 7, 0]
[00:00:00:00:226] ! Unidirectional t-s. expansions: 292, time: 226 [ms], path length: 38 [edges], generated: 508
[00:00:00:01:719] Path of length 38 found: [0, 7, 14, 21, 28, 35, 42, 43, 36, 37, 30, 29, 22, 15, 8, 1, 2, 3, 4, 11, 12, 19, 18, 17, 16, 23, 24, 31, 32, 39, 46, 47, 40, 33, 26, 27, 34, 41, 48]
[00:00:00:02:072] ! Bidirectional. expansions: 1,207, time: 1,719 [ms], path length: 38 [edges], g_F: 33, g_B: 5, generated: {'F': 1,230, 'B': 843}, MM: 28, MMPER: 70.7948717948718%
[00:00:00:02:072] 
---------- SM_Grids/7x7_grid_with_random_blocks_16per_4 ----------
[00:00:00:00:434] Path of length 38 found: [0, 7, 14, 21, 28, 35, 42, 43, 44, 45, 38, 31, 30, 29, 22, 23, 16, 9, 8, 1, 2, 3, 10, 11, 18, 25, 26, 19, 12, 5, 6, 13, 20, 27, 34, 33, 40, 47, 48]
[00:00:00:00:434] ! Unidirectional s-t. expansions: 690, time: 434 [ms], path length: 38 [edges], generated: 1,048
[00:00:00:00:376] Path of length 38 found: [48, 41, 34, 27, 20, 13, 6, 5, 12, 11, 18, 25, 26, 33, 40, 47, 46, 45, 38, 31, 30, 23, 22, 29, 36, 43, 42, 35, 28, 21, 14, 7, 8, 9, 10, 3, 2, 1, 0]
[00:00:00:00:376] ! Unidirectional t-s. expansions: 560, time: 376 [ms], path length: 38 [edges], generated: 878
[00:00:00:02:554] Path of length 38 found: [0, 7, 8, 1, 2, 3, 10, 9, 16, 23, 22, 21, 28, 35, 42, 43, 36, 29, 30, 31, 38, 45, 46, 47, 40, 33, 26, 25, 18, 11, 12, 5, 6, 13, 20, 27, 34, 41, 48]
[00:00:00:02:918] ! Bidirectional. expansions: 1,634, time: 2,554 [ms], path length: 38 [edges], g_F: 21, g_B: 17, generated: {'F': 2,039, 'B': 607}, MM: 4, MMPER: 9.256410256410257%
[00:00:00:02:919] 
---------- SM_Grids/7x7_grid_with_random_blocks_16per_5 ----------
[00:00:00:00:031] Path of length 38 found: [0, 7, 14, 21, 28, 29, 22, 15, 8, 1, 2, 9, 16, 23, 30, 37, 38, 31, 24, 17, 18, 11, 4, 5, 6, 13, 12, 19, 20, 27, 26, 25, 32, 39, 40, 33, 34, 41, 48]
[00:00:00:00:031] ! Unidirectional s-t. expansions: 38, time: 31 [ms], path length: 38 [edges], generated: 64
[00:00:00:00:031] Path of length 38 found: [48, 41, 34, 27, 20, 13, 6, 5, 4, 11, 12, 19, 18, 17, 16, 9, 2, 1, 8, 15, 22, 23, 24, 31, 32, 25, 26, 33, 40, 39, 38, 37, 30, 29, 28, 21, 14, 7, 0]
[00:00:00:00:031] ! Unidirectional t-s. expansions: 38, time: 31 [ms], path length: 38 [edges], generated: 64
[00:00:00:00:059] Path of length 38 found: [0, 7, 14, 21, 28, 29, 30, 37, 38, 31, 32, 39, 40, 33, 26, 25, 24, 23, 22, 15, 8, 1, 2, 9, 16, 17, 18, 19, 12, 11, 4, 5, 6, 13, 20, 27, 34, 41, 48]
[00:00:00:00:388] ! Bidirectional. expansions: 38, time: 59 [ms], path length: 38 [edges], g_F: 18, g_B: 20, generated: {'F': 38, 'B': 36}, MM: 2, MMPER: 4.128205128205129%
[00:00:00:00:388] 
---------- SM_Grids/7x7_grid_with_random_blocks_16per_6 ----------
[00:00:00:00:029] Path of length 36 found: [0, 1, 8, 15, 22, 23, 16, 9, 2, 3, 10, 17, 24, 31, 30, 37, 44, 45, 46, 39, 32, 25, 18, 11, 4, 5, 6, 13, 12, 19, 20, 27, 26, 33, 34, 41, 48]
[00:00:00:00:029] ! Unidirectional s-t. expansions: 36, time: 29 [ms], path length: 36 [edges], generated: 58
[00:00:00:00:030] Path of length 36 found: [48, 41, 34, 27, 20, 13, 6, 5, 4, 3, 2, 9, 16, 17, 10, 11, 12, 19, 18, 25, 26, 33, 32, 39, 46, 45, 44, 37, 30, 31, 24, 23, 22, 15, 8, 1, 0]
[00:00:00:00:030] ! Unidirectional t-s. expansions: 36, time: 30 [ms], path length: 36 [edges], generated: 58
[00:00:00:00:058] Path of length 36 found: [0, 1, 8, 15, 22, 23, 16, 17, 24, 31, 30, 37, 44, 45, 46, 39, 32, 33, 26, 25, 18, 19, 12, 11, 10, 9, 2, 3, 4, 5, 6, 13, 20, 27, 34, 41, 48]
[00:00:00:00:392] ! Bidirectional. expansions: 36, time: 58 [ms], path length: 36 [edges], g_F: 25, g_B: 11, generated: {'F': 47, 'B': 19}, MM: 14, MMPER: 36.83783783783784%
[00:00:00:00:392] 
---------- SM_Grids/7x7_grid_with_random_blocks_16per_7 ----------
[00:00:00:00:454] Path of length 38 found: [0, 7, 14, 21, 28, 35, 42, 43, 36, 37, 30, 31, 24, 17, 16, 15, 8, 1, 2, 3, 10, 11, 4, 5, 6, 13, 12, 19, 18, 25, 26, 27, 34, 33, 40, 39, 46, 47, 48]
[00:00:00:00:455] ! Unidirectional s-t. expansions: 580, time: 454 [ms], path length: 38 [edges], generated: 969
[00:00:00:00:529] Path of length 38 found: [48, 47, 46, 39, 40, 33, 34, 27, 20, 13, 6, 5, 4, 3, 2, 1, 8, 15, 16, 17, 10, 11, 12, 19, 18, 25, 24, 31, 30, 37, 36, 43, 42, 35, 28, 21, 14, 7, 0]
[00:00:00:00:529] ! Unidirectional t-s. expansions: 685, time: 529 [ms], path length: 38 [edges], generated: 1,149
[00:00:00:02:941] Path of length 38 found: [0, 7, 14, 21, 28, 35, 42, 43, 36, 37, 30, 31, 24, 25, 26, 19, 18, 11, 10, 17, 16, 15, 8, 1, 2, 3, 4, 5, 6, 13, 20, 27, 34, 33, 40, 39, 46, 47, 48]
[00:00:00:03:266] ! Bidirectional. expansions: 2,120, time: 2,941 [ms], path length: 38 [edges], g_F: 16, g_B: 22, generated: {'F': 800, 'B': 2,645}, MM: 6, MMPER: 14.384615384615385%
[00:00:00:03:266] 
---------- SM_Grids/7x7_grid_with_random_blocks_16per_8 ----------
[00:00:00:02:960] Path of length 38 found: [0, 1, 8, 15, 22, 21, 28, 35, 42, 43, 44, 37, 36, 29, 30, 31, 24, 17, 16, 9, 2, 3, 10, 11, 4, 5, 6, 13, 12, 19, 18, 25, 26, 27, 34, 33, 40, 47, 48]
[00:00:00:02:960] ! Unidirectional s-t. expansions: 4,388, time: 2,960 [ms], path length: 38 [edges], generated: 7,244
[00:00:00:02:103] Path of length 38 found: [48, 47, 40, 33, 34, 27, 20, 13, 6, 5, 4, 3, 2, 9, 16, 17, 10, 11, 12, 19, 18, 25, 24, 31, 30, 29, 36, 37, 44, 43, 42, 35, 28, 21, 22, 15, 8, 1, 0]
[00:00:00:02:104] ! Unidirectional t-s. expansions: 3,200, time: 2,103 [ms], path length: 38 [edges], generated: 5,280
[00:00:00:07:221] Path of length 38 found: [0, 1, 8, 15, 22, 21, 28, 35, 42, 43, 44, 37, 36, 29, 30, 31, 24, 17, 16, 9, 2, 3, 10, 11, 4, 5, 6, 13, 12, 19, 18, 25, 26, 27, 34, 33, 40, 47, 48]
[00:00:00:07:587] ! Bidirectional. expansions: 5,742, time: 7,221 [ms], path length: 38 [edges], g_F: 35, g_B: 3, generated: {'F': 6,196, 'B': 3,481}, MM: 32, MMPER: 81.05128205128206%
[00:00:00:07:588] 
---------- SM_Grids/7x7_grid_with_random_blocks_16per_9 ----------
[00:00:00:02:718] Path of length 36 found: [0, 7, 8, 1, 2, 3, 10, 9, 16, 15, 22, 21, 28, 29, 36, 35, 42, 43, 44, 45, 46, 39, 32, 31, 24, 17, 18, 25, 26, 19, 20, 27, 34, 33, 40, 47, 48]
[00:00:00:02:718] ! Unidirectional s-t. expansions: 3,625, time: 2,718 [ms], path length: 36 [edges], generated: 6,176
[00:00:00:03:653] Path of length 36 found: [48, 41, 34, 27, 20, 19, 18, 17, 10, 3, 2, 9, 16, 23, 24, 31, 32, 25, 26, 33, 40, 39, 46, 45, 44, 37, 36, 43, 42, 35, 28, 21, 22, 15, 8, 1, 0]
[00:00:00:03:653] ! Unidirectional t-s. expansions: 5,301, time: 3,653 [ms], path length: 36 [edges], generated: 8,944
[00:00:00:14:670] Path of length 36 found: [0, 7, 8, 1, 2, 3, 10, 9, 16, 15, 22, 21, 28, 29, 36, 35, 42, 43, 44, 45, 46, 39, 40, 33, 26, 25, 32, 31, 24, 17, 18, 19, 20, 27, 34, 41, 48]
[00:00:00:15:046] ! Bidirectional. expansions: 9,345, time: 14,670 [ms], path length: 36 [edges], g_F: 15, g_B: 21, generated: {'F': 9,306, 'B': 7,617}, MM: 6, MMPER: 15.216216216216218%

[00:00:00:15:046] average expansions: (1,058, 1,196, 2,178, 0)
[00:00:00:15:046] average time: (761, 819, 3,171, 0)
[00:00:00:15:046] X-DFBnB: 1,058 , 761 (expansions , time[ms])
[00:00:00:15:046] BiX-DFBnB: 2,178 , 3,171 (expansions , time[ms])

