Fri 20 Mar 2026 13:00:00 IST

SLURM_JOBID:		 16224524
SLURM_JOB_NODELIST:	 ise-cpu256-02 

--------------------------
date: SM_Grids
number_of_graphs: 10
graph_type: grid
size_of_graphs: [7, 7]
heuristic: bcc_heuristic
snake: False
run_uni: True
run_bi: True
run_multi: False
solution_vertices: []
algorithms: ['DFBnB']
bsd: False
cube_first_dims: 4
cube_buffer_dim: None
backward_sym_generation: False
sym_coil: False
prefix_set: None

---------- SM_Grids/7x7_grid_with_random_blocks_12per_0 ----------
[00:00:00:00:776] Path of length 38 found: [0, 7, 14, 21, 28, 35, 42, 43, 36, 29, 22, 15, 8, 1, 2, 9, 16, 17, 10, 3, 4, 11, 18, 19, 26, 33, 32, 31, 30, 37, 44, 45, 38, 39, 46, 47, 40, 41, 48]
[00:00:00:00:776] ! Unidirectional s-t. expansions: 931, time: 776 [ms], path length: 38 [edges], generated: 1,693
[00:00:00:00:553] Path of length 38 found: [48, 41, 40, 47, 46, 39, 32, 33, 26, 19, 18, 11, 4, 3, 2, 1, 8, 15, 16, 9, 10, 17, 24, 31, 30, 29, 36, 37, 38, 45, 44, 43, 42, 35, 28, 21, 14, 7, 0]
[00:00:00:00:553] ! Unidirectional t-s. expansions: 749, time: 553 [ms], path length: 38 [edges], generated: 1,276
[00:00:00:06:373] Path of length 38 found: [0, 7, 14, 21, 28, 35, 42, 43, 36, 29, 22, 15, 8, 1, 2, 9, 16, 17, 10, 3, 4, 11, 18, 19, 26, 33, 32, 31, 30, 37, 44, 45, 38, 39, 46, 47, 40, 41, 48]
[00:00:00:06:735] ! Bidirectional. expansions: 4,025, time: 6,373 [ms], path length: 38 [edges], g_F: 26, g_B: 12, generated: {'F': 3,118, 'B': 4,249}, MM: 14, MMPER: 34.8974358974359%
[00:00:00:06:736] 
---------- SM_Grids/7x7_grid_with_random_blocks_12per_1 ----------
[00:00:00:02:475] Path of length 40 found: [0, 7, 14, 21, 28, 29, 36, 35, 42, 43, 44, 45, 46, 39, 32, 31, 30, 23, 22, 15, 8, 1, 2, 9, 16, 17, 10, 3, 4, 11, 18, 25, 26, 19, 20, 27, 34, 33, 40, 47, 48]
[00:00:00:02:475] ! Unidirectional s-t. expansions: 3,592, time: 2,475 [ms], path length: 40 [edges], generated: 5,951
[00:00:00:00:491] Path of length 40 found: [48, 41, 34, 27, 20, 19, 18, 11, 4, 3, 2, 1, 8, 9, 10, 17, 16, 15, 22, 23, 30, 31, 32, 25, 26, 33, 40, 39, 46, 45, 44, 43, 42, 35, 36, 29, 28, 21, 14, 7, 0]
[00:00:00:00:491] ! Unidirectional t-s. expansions: 563, time: 491 [ms], path length: 40 [edges], generated: 1,008
[00:00:00:11:321] Path of length 40 found: [0, 7, 14, 21, 28, 29, 36, 35, 42, 43, 44, 45, 46, 47, 40, 33, 26, 25, 32, 31, 30, 23, 22, 15, 16, 17, 10, 9, 8, 1, 2, 3, 4, 11, 18, 19, 20, 27, 34, 41, 48]
[00:00:00:11:658] ! Bidirectional. expansions: 7,029, time: 11,321 [ms], path length: 40 [edges], g_F: 15, g_B: 25, generated: {'F': 5,820, 'B': 7,543}, MM: 10, MMPER: 23.390243902439025%
[00:00:00:11:658] 
---------- SM_Grids/7x7_grid_with_random_blocks_12per_2 ----------
[00:00:00:03:645] Path of length 38 found: [0, 7, 14, 21, 28, 29, 22, 15, 8, 1, 2, 9, 16, 23, 30, 37, 36, 43, 44, 45, 38, 31, 24, 17, 10, 3, 4, 11, 18, 19, 26, 25, 32, 39, 40, 33, 34, 41, 48]
[00:00:00:03:646] ! Unidirectional s-t. expansions: 4,991, time: 3,646 [ms], path length: 38 [edges], generated: 8,660
[00:00:00:00:502] Path of length 38 found: [48, 47, 40, 41, 34, 33, 26, 19, 18, 11, 4, 3, 2, 1, 8, 15, 22, 23, 16, 9, 10, 17, 24, 25, 32, 39, 38, 31, 30, 37, 44, 43, 36, 29, 28, 21, 14, 7, 0]
[00:00:00:00:502] ! Unidirectional t-s. expansions: 681, time: 502 [ms], path length: 38 [edges], generated: 1,240
[00:00:00:05:742] Path of length 38 found: [0, 7, 14, 21, 28, 29, 22, 15, 8, 1, 2, 9, 16, 23, 30, 37, 36, 43, 44, 45, 38, 39, 32, 25, 24, 17, 10, 3, 4, 11, 18, 19, 26, 33, 34, 41, 40, 47, 48]
[00:00:00:06:081] ! Bidirectional. expansions: 3,612, time: 5,743 [ms], path length: 38 [edges], g_F: 24, g_B: 14, generated: {'F': 3,557, 'B': 3,240}, MM: 10, MMPER: 24.641025641025642%
[00:00:00:06:081] 
---------- SM_Grids/7x7_grid_with_random_blocks_12per_3 ----------
[00:00:00:00:034] Path of length 42 found: [0, 7, 14, 21, 28, 35, 42, 43, 36, 37, 30, 29, 22, 15, 8, 1, 2, 9, 16, 23, 24, 17, 10, 3, 4, 5, 6, 13, 12, 19, 20, 27, 26, 25, 32, 39, 46, 47, 40, 33, 34, 41, 48]
[00:00:00:00:034] ! Unidirectional s-t. expansions: 42, time: 34 [ms], path length: 42 [edges], generated: 67
[00:00:00:00:151] Path of length 42 found: [48, 41, 34, 33, 40, 47, 46, 39, 32, 25, 26, 27, 20, 19, 12, 13, 6, 5, 4, 3, 2, 1, 8, 15, 16, 9, 10, 17, 24, 23, 22, 29, 30, 37, 36, 43, 42, 35, 28, 21, 14, 7, 0]
[00:00:00:00:151] ! Unidirectional t-s. expansions: 235, time: 151 [ms], path length: 42 [edges], generated: 406
[00:00:00:00:621] Path of length 42 found: [0, 7, 14, 21, 28, 35, 42, 43, 36, 37, 30, 29, 22, 15, 8, 1, 2, 9, 16, 23, 24, 17, 10, 3, 4, 5, 6, 13, 12, 19, 20, 27, 26, 25, 32, 39, 46, 47, 40, 33, 34, 41, 48]
[00:00:00:00:958] ! Bidirectional. expansions: 376, time: 621 [ms], path length: 42 [edges], g_F: 33, g_B: 9, generated: {'F': 616, 'B': 47}, MM: 24, MMPER: 54.81395348837209%
[00:00:00:00:958] 
---------- SM_Grids/7x7_grid_with_random_blocks_12per_4 ----------
[00:00:00:00:033] Path of length 42 found: [0, 7, 8, 1, 2, 9, 16, 15, 22, 21, 28, 29, 36, 43, 44, 45, 38, 31, 30, 23, 24, 17, 10, 3, 4, 11, 18, 19, 12, 5, 6, 13, 20, 27, 26, 33, 32, 39, 46, 47, 40, 41, 48]
[00:00:00:00:034] ! Unidirectional s-t. expansions: 42, time: 33 [ms], path length: 42 [edges], generated: 67
[00:00:00:00:118] Path of length 42 found: [48, 41, 40, 47, 46, 39, 32, 33, 26, 27, 20, 13, 6, 5, 4, 3, 10, 11, 12, 19, 18, 17, 24, 23, 30, 31, 38, 45, 44, 43, 36, 29, 28, 21, 22, 15, 16, 9, 2, 1, 8, 7, 0]
[00:00:00:00:118] ! Unidirectional t-s. expansions: 136, time: 118 [ms], path length: 42 [edges], generated: 211
[00:00:00:00:071] Path of length 42 found: [0, 7, 8, 1, 2, 9, 16, 15, 22, 21, 28, 29, 36, 43, 44, 45, 38, 31, 30, 23, 24, 17, 18, 19, 12, 11, 10, 3, 4, 5, 6, 13, 20, 27, 26, 33, 32, 39, 46, 47, 40, 41, 48]
[00:00:00:00:408] ! Bidirectional. expansions: 42, time: 71 [ms], path length: 42 [edges], g_F: 26, g_B: 16, generated: {'F': 48, 'B': 28}, MM: 10, MMPER: 22.25581395348837%
[00:00:00:00:409] 
---------- SM_Grids/7x7_grid_with_random_blocks_12per_5 ----------
[00:00:00:04:629] Path of length 40 found: [0, 7, 14, 21, 28, 35, 42, 43, 36, 29, 22, 15, 8, 1, 2, 9, 16, 23, 24, 25, 18, 11, 4, 5, 6, 13, 12, 19, 20, 27, 26, 33, 32, 31, 30, 37, 38, 45, 46, 47, 48]
[00:00:00:04:629] ! Unidirectional s-t. expansions: 6,203, time: 4,629 [ms], path length: 40 [edges], generated: 10,764
[00:00:00:01:559] Path of length 40 found: [48, 47, 46, 45, 38, 31, 24, 25, 32, 33, 34, 27, 26, 19, 20, 13, 6, 5, 4, 11, 10, 9, 2, 1, 8, 15, 16, 23, 22, 29, 30, 37, 36, 43, 42, 35, 28, 21, 14, 7, 0]
[00:00:00:01:560] ! Unidirectional t-s. expansions: 2,019, time: 1,559 [ms], path length: 40 [edges], generated: 3,682
[00:00:00:09:773] Path of length 40 found: [0, 7, 14, 21, 28, 35, 42, 43, 36, 29, 22, 15, 8, 1, 2, 9, 16, 23, 24, 25, 18, 11, 4, 5, 6, 13, 12, 19, 20, 27, 26, 33, 32, 31, 30, 37, 38, 45, 46, 47, 48]
[00:00:00:10:109] ! Bidirectional. expansions: 6,453, time: 9,773 [ms], path length: 40 [edges], g_F: 40, g_B: 0, generated: {'F': 10,470, 'B': 576}, MM: 40, MMPER: 96.5609756097561%
[00:00:00:10:109] 
---------- SM_Grids/7x7_grid_with_random_blocks_12per_6 ----------
[00:00:00:09:438] Path of length 40 found: [0, 7, 14, 21, 28, 35, 42, 43, 36, 29, 22, 15, 8, 1, 2, 3, 4, 11, 12, 5, 6, 13, 20, 27, 26, 25, 18, 17, 16, 23, 24, 31, 30, 37, 44, 45, 38, 39, 46, 47, 48]
[00:00:00:09:438] ! Unidirectional s-t. expansions: 13,071, time: 9,438 [ms], path length: 40 [edges], generated: 21,750
[00:00:00:03:273] Path of length 40 found: [48, 41, 34, 27, 20, 13, 6, 5, 12, 11, 4, 3, 2, 1, 8, 15, 22, 29, 36, 37, 30, 23, 16, 17, 18, 25, 24, 31, 32, 39, 38, 45, 44, 43, 42, 35, 28, 21, 14, 7, 0]
[00:00:00:03:273] ! Unidirectional t-s. expansions: 3,973, time: 3,273 [ms], path length: 40 [edges], generated: 6,774
[00:00:00:21:286] Path of length 40 found: [0, 7, 14, 21, 28, 35, 42, 43, 36, 29, 22, 15, 8, 1, 2, 3, 4, 11, 12, 5, 6, 13, 20, 27, 26, 25, 18, 17, 16, 23, 24, 31, 30, 37, 44, 45, 38, 39, 46, 47, 48]
[00:00:00:21:623] ! Bidirectional. expansions: 15,114, time: 21,286 [ms], path length: 40 [edges], g_F: 36, g_B: 4, generated: {'F': 20,986, 'B': 3,621}, MM: 32, MMPER: 77.04878048780488%
[00:00:00:21:623] 
---------- SM_Grids/7x7_grid_with_random_blocks_12per_7 ----------
[00:00:00:02:410] Path of length 40 found: [0, 7, 14, 21, 28, 35, 42, 43, 36, 29, 30, 23, 16, 15, 8, 1, 2, 9, 10, 3, 4, 11, 12, 13, 20, 19, 18, 17, 24, 31, 38, 45, 46, 39, 32, 25, 26, 33, 40, 41, 48]
[00:00:00:02:411] ! Unidirectional s-t. expansions: 3,256, time: 2,410 [ms], path length: 40 [edges], generated: 5,451
[00:00:00:00:626] Path of length 40 found: [48, 41, 34, 33, 40, 39, 46, 45, 38, 31, 32, 25, 26, 19, 20, 13, 12, 11, 4, 3, 2, 1, 8, 15, 16, 9, 10, 17, 24, 23, 30, 29, 36, 43, 42, 35, 28, 21, 14, 7, 0]
[00:00:00:00:626] ! Unidirectional t-s. expansions: 704, time: 626 [ms], path length: 40 [edges], generated: 1,323
[00:00:00:06:317] Path of length 40 found: [0, 7, 14, 21, 28, 35, 42, 43, 36, 29, 30, 23, 16, 15, 8, 1, 2, 9, 10, 3, 4, 11, 12, 13, 20, 19, 26, 25, 18, 17, 24, 31, 38, 45, 46, 39, 40, 33, 34, 41, 48]
[00:00:00:06:671] ! Bidirectional. expansions: 3,814, time: 6,317 [ms], path length: 40 [edges], g_F: 31, g_B: 9, generated: {'F': 3,703, 'B': 3,163}, MM: 22, MMPER: 52.65853658536585%
[00:00:00:06:671] 
---------- SM_Grids/7x7_grid_with_random_blocks_12per_8 ----------
[00:00:00:02:035] Path of length 42 found: [0, 7, 14, 21, 28, 35, 42, 43, 44, 37, 36, 29, 22, 15, 8, 1, 2, 9, 16, 23, 30, 31, 24, 25, 18, 17, 10, 3, 4, 5, 6, 13, 12, 19, 20, 27, 26, 33, 32, 39, 46, 47, 48]
[00:00:00:02:035] ! Unidirectional s-t. expansions: 2,567, time: 2,035 [ms], path length: 42 [edges], generated: 4,335
[00:00:00:00:910] Path of length 42 found: [48, 47, 46, 39, 32, 33, 26, 27, 20, 13, 6, 5, 12, 19, 18, 25, 24, 17, 10, 3, 2, 1, 8, 9, 16, 15, 22, 23, 30, 31, 38, 37, 44, 43, 42, 35, 36, 29, 28, 21, 14, 7, 0]
[00:00:00:00:910] ! Unidirectional t-s. expansions: 1,185, time: 910 [ms], path length: 42 [edges], generated: 2,127
[00:00:00:09:481] Path of length 42 found: [0, 7, 14, 21, 28, 35, 42, 43, 44, 37, 38, 31, 24, 25, 18, 17, 10, 9, 16, 23, 30, 29, 22, 15, 8, 1, 2, 3, 4, 5, 6, 13, 12, 19, 20, 27, 26, 33, 32, 39, 46, 47, 48]
[00:00:00:09:822] ! Bidirectional. expansions: 6,207, time: 9,481 [ms], path length: 42 [edges], g_F: 20, g_B: 22, generated: {'F': 6,035, 'B': 4,935}, MM: 2, MMPER: 3.6511627906976747%
[00:00:00:09:822] 
---------- SM_Grids/7x7_grid_with_random_blocks_12per_9 ----------
[00:00:00:02:262] Path of length 40 found: [0, 7, 14, 21, 28, 29, 36, 37, 30, 23, 16, 15, 8, 1, 2, 9, 10, 3, 4, 11, 18, 17, 24, 31, 38, 45, 46, 39, 32, 25, 26, 19, 12, 5, 6, 13, 20, 27, 34, 41, 48]
[00:00:00:02:262] ! Unidirectional s-t. expansions: 2,956, time: 2,262 [ms], path length: 40 [edges], generated: 5,128
[00:00:00:04:238] Path of length 40 found: [48, 41, 34, 27, 20, 13, 6, 5, 4, 3, 2, 1, 8, 15, 16, 9, 10, 17, 24, 25, 18, 11, 12, 19, 26, 33, 32, 39, 46, 45, 38, 31, 30, 37, 36, 29, 28, 21, 14, 7, 0]
[00:00:00:04:239] ! Unidirectional t-s. expansions: 6,361, time: 4,238 [ms], path length: 40 [edges], generated: 10,559
[00:00:00:12:669] Path of length 40 found: [0, 7, 14, 21, 28, 29, 36, 37, 30, 23, 16, 17, 24, 31, 38, 45, 46, 39, 32, 33, 26, 25, 18, 19, 12, 11, 10, 9, 8, 1, 2, 3, 4, 5, 6, 13, 20, 27, 34, 41, 48]
[00:00:00:13:011] ! Bidirectional. expansions: 8,894, time: 12,669 [ms], path length: 40 [edges], g_F: 25, g_B: 15, generated: {'F': 7,282, 'B': 9,194}, MM: 10, MMPER: 23.390243902439025%

[00:00:00:13:011] average expansions: (3,765, 1,661, 5,557, 0)
[00:00:00:13:011] average time: (2,774, 1,242, 8,366, 0)
[00:00:00:13:011] X-DFBnB: 1,661 , 1,242 (expansions , time[ms])
[00:00:00:13:011] BiX-DFBnB: 5,557 , 8,366 (expansions , time[ms])

--------------------------
date: SM_Grids
number_of_graphs: 10
graph_type: grid
size_of_graphs: [7, 7]
heuristic: bcc_heuristic
snake: False
run_uni: True
run_bi: True
run_multi: False
solution_vertices: []
algorithms: ['DFBnB']
bsd: False
cube_first_dims: 4
cube_buffer_dim: None
backward_sym_generation: False
sym_coil: False
prefix_set: None

---------- SM_Grids/7x7_grid_with_random_blocks_12per_0 ----------
[00:00:00:00:778] Path of length 38 found: [0, 7, 14, 21, 28, 35, 42, 43, 36, 29, 22, 15, 8, 1, 2, 9, 16, 17, 10, 3, 4, 11, 18, 19, 26, 33, 32, 31, 30, 37, 44, 45, 38, 39, 46, 47, 40, 41, 48]
[00:00:00:00:779] ! Unidirectional s-t. expansions: 931, time: 778 [ms], path length: 38 [edges], generated: 1,693
[00:00:00:00:553] Path of length 38 found: [48, 41, 40, 47, 46, 39, 32, 33, 26, 19, 18, 11, 4, 3, 2, 1, 8, 15, 16, 9, 10, 17, 24, 31, 30, 29, 36, 37, 38, 45, 44, 43, 42, 35, 28, 21, 14, 7, 0]
[00:00:00:00:553] ! Unidirectional t-s. expansions: 749, time: 553 [ms], path length: 38 [edges], generated: 1,276
[00:00:00:06:439] Path of length 38 found: [0, 7, 14, 21, 28, 35, 42, 43, 36, 29, 22, 15, 8, 1, 2, 9, 16, 17, 10, 3, 4, 11, 18, 19, 26, 33, 32, 31, 30, 37, 44, 45, 38, 39, 46, 47, 40, 41, 48]
[00:00:00:06:804] ! Bidirectional. expansions: 4,025, time: 6,439 [ms], path length: 38 [edges], g_F: 26, g_B: 12, generated: {'F': 3,118, 'B': 4,249}, MM: 14, MMPER: 34.8974358974359%
[00:00:00:06:804] 
---------- SM_Grids/7x7_grid_with_random_blocks_12per_1 ----------
[00:00:00:02:510] Path of length 40 found: [0, 7, 14, 21, 28, 29, 36, 35, 42, 43, 44, 45, 46, 39, 32, 31, 30, 23, 22, 15, 8, 1, 2, 9, 16, 17, 10, 3, 4, 11, 18, 25, 26, 19, 20, 27, 34, 33, 40, 47, 48]
[00:00:00:02:510] ! Unidirectional s-t. expansions: 3,592, time: 2,510 [ms], path length: 40 [edges], generated: 5,951
[00:00:00:00:494] Path of length 40 found: [48, 41, 34, 27, 20, 19, 18, 11, 4, 3, 2, 1, 8, 9, 10, 17, 16, 15, 22, 23, 30, 31, 32, 25, 26, 33, 40, 39, 46, 45, 44, 43, 42, 35, 36, 29, 28, 21, 14, 7, 0]
[00:00:00:00:494] ! Unidirectional t-s. expansions: 563, time: 494 [ms], path length: 40 [edges], generated: 1,008
[00:00:00:11:347] Path of length 40 found: [0, 7, 14, 21, 28, 29, 36, 35, 42, 43, 44, 45, 46, 47, 40, 33, 26, 25, 32, 31, 30, 23, 22, 15, 16, 17, 10, 9, 8, 1, 2, 3, 4, 11, 18, 19, 20, 27, 34, 41, 48]
[00:00:00:11:691] ! Bidirectional. expansions: 7,029, time: 11,347 [ms], path length: 40 [edges], g_F: 15, g_B: 25, generated: {'F': 5,820, 'B': 7,543}, MM: 10, MMPER: 23.390243902439025%
[00:00:00:11:691] 
---------- SM_Grids/7x7_grid_with_random_blocks_12per_2 ----------
[00:00:00:03:668] Path of length 38 found: [0, 7, 14, 21, 28, 29, 22, 15, 8, 1, 2, 9, 16, 23, 30, 37, 36, 43, 44, 45, 38, 31, 24, 17, 10, 3, 4, 11, 18, 19, 26, 25, 32, 39, 40, 33, 34, 41, 48]
[00:00:00:03:669] ! Unidirectional s-t. expansions: 4,991, time: 3,669 [ms], path length: 38 [edges], generated: 8,660
[00:00:00:00:500] Path of length 38 found: [48, 47, 40, 41, 34, 33, 26, 19, 18, 11, 4, 3, 2, 1, 8, 15, 22, 23, 16, 9, 10, 17, 24, 25, 32, 39, 38, 31, 30, 37, 44, 43, 36, 29, 28, 21, 14, 7, 0]
[00:00:00:00:500] ! Unidirectional t-s. expansions: 681, time: 500 [ms], path length: 38 [edges], generated: 1,240
[00:00:00:05:749] Path of length 38 found: [0, 7, 14, 21, 28, 29, 22, 15, 8, 1, 2, 9, 16, 23, 30, 37, 36, 43, 44, 45, 38, 39, 32, 25, 24, 17, 10, 3, 4, 11, 18, 19, 26, 33, 34, 41, 40, 47, 48]
[00:00:00:06:087] ! Bidirectional. expansions: 3,612, time: 5,749 [ms], path length: 38 [edges], g_F: 24, g_B: 14, generated: {'F': 3,557, 'B': 3,240}, MM: 10, MMPER: 24.641025641025642%
[00:00:00:06:088] 
---------- SM_Grids/7x7_grid_with_random_blocks_12per_3 ----------
[00:00:00:00:034] Path of length 42 found: [0, 7, 14, 21, 28, 35, 42, 43, 36, 37, 30, 29, 22, 15, 8, 1, 2, 9, 16, 23, 24, 17, 10, 3, 4, 5, 6, 13, 12, 19, 20, 27, 26, 25, 32, 39, 46, 47, 40, 33, 34, 41, 48]
[00:00:00:00:034] ! Unidirectional s-t. expansions: 42, time: 34 [ms], path length: 42 [edges], generated: 67
[00:00:00:00:151] Path of length 42 found: [48, 41, 34, 33, 40, 47, 46, 39, 32, 25, 26, 27, 20, 19, 12, 13, 6, 5, 4, 3, 2, 1, 8, 15, 16, 9, 10, 17, 24, 23, 22, 29, 30, 37, 36, 43, 42, 35, 28, 21, 14, 7, 0]
[00:00:00:00:151] ! Unidirectional t-s. expansions: 235, time: 151 [ms], path length: 42 [edges], generated: 406
[00:00:00:00:634] Path of length 42 found: [0, 7, 14, 21, 28, 35, 42, 43, 36, 37, 30, 29, 22, 15, 8, 1, 2, 9, 16, 23, 24, 17, 10, 3, 4, 5, 6, 13, 12, 19, 20, 27, 26, 25, 32, 39, 46, 47, 40, 33, 34, 41, 48]
[00:00:00:00:980] ! Bidirectional. expansions: 376, time: 634 [ms], path length: 42 [edges], g_F: 33, g_B: 9, generated: {'F': 616, 'B': 47}, MM: 24, MMPER: 54.81395348837209%
[00:00:00:00:980] 
---------- SM_Grids/7x7_grid_with_random_blocks_12per_4 ----------
[00:00:00:00:035] Path of length 42 found: [0, 7, 8, 1, 2, 9, 16, 15, 22, 21, 28, 29, 36, 43, 44, 45, 38, 31, 30, 23, 24, 17, 10, 3, 4, 11, 18, 19, 12, 5, 6, 13, 20, 27, 26, 33, 32, 39, 46, 47, 40, 41, 48]
[00:00:00:00:035] ! Unidirectional s-t. expansions: 42, time: 35 [ms], path length: 42 [edges], generated: 67
[00:00:00:00:122] Path of length 42 found: [48, 41, 40, 47, 46, 39, 32, 33, 26, 27, 20, 13, 6, 5, 4, 3, 10, 11, 12, 19, 18, 17, 24, 23, 30, 31, 38, 45, 44, 43, 36, 29, 28, 21, 22, 15, 16, 9, 2, 1, 8, 7, 0]
[00:00:00:00:123] ! Unidirectional t-s. expansions: 136, time: 122 [ms], path length: 42 [edges], generated: 211
[00:00:00:00:073] Path of length 42 found: [0, 7, 8, 1, 2, 9, 16, 15, 22, 21, 28, 29, 36, 43, 44, 45, 38, 31, 30, 23, 24, 17, 18, 19, 12, 11, 10, 3, 4, 5, 6, 13, 20, 27, 26, 33, 32, 39, 46, 47, 40, 41, 48]
[00:00:00:00:411] ! Bidirectional. expansions: 42, time: 73 [ms], path length: 42 [edges], g_F: 26, g_B: 16, generated: {'F': 48, 'B': 28}, MM: 10, MMPER: 22.25581395348837%
[00:00:00:00:411] 
---------- SM_Grids/7x7_grid_with_random_blocks_12per_5 ----------
[00:00:00:04:634] Path of length 40 found: [0, 7, 14, 21, 28, 35, 42, 43, 36, 29, 22, 15, 8, 1, 2, 9, 16, 23, 24, 25, 18, 11, 4, 5, 6, 13, 12, 19, 20, 27, 26, 33, 32, 31, 30, 37, 38, 45, 46, 47, 48]
[00:00:00:04:634] ! Unidirectional s-t. expansions: 6,203, time: 4,634 [ms], path length: 40 [edges], generated: 10,764
[00:00:00:01:597] Path of length 40 found: [48, 47, 46, 45, 38, 31, 24, 25, 32, 33, 34, 27, 26, 19, 20, 13, 6, 5, 4, 11, 10, 9, 2, 1, 8, 15, 16, 23, 22, 29, 30, 37, 36, 43, 42, 35, 28, 21, 14, 7, 0]
[00:00:00:01:598] ! Unidirectional t-s. expansions: 2,019, time: 1,597 [ms], path length: 40 [edges], generated: 3,682
[00:00:00:09:827] Path of length 40 found: [0, 7, 14, 21, 28, 35, 42, 43, 36, 29, 22, 15, 8, 1, 2, 9, 16, 23, 24, 25, 18, 11, 4, 5, 6, 13, 12, 19, 20, 27, 26, 33, 32, 31, 30, 37, 38, 45, 46, 47, 48]
[00:00:00:10:168] ! Bidirectional. expansions: 6,453, time: 9,827 [ms], path length: 40 [edges], g_F: 40, g_B: 0, generated: {'F': 10,470, 'B': 576}, MM: 40, MMPER: 96.5609756097561%
[00:00:00:10:168] 
---------- SM_Grids/7x7_grid_with_random_blocks_12per_6 ----------
[00:00:00:09:224] Path of length 40 found: [0, 7, 14, 21, 28, 35, 42, 43, 36, 29, 22, 15, 8, 1, 2, 3, 4, 11, 12, 5, 6, 13, 20, 27, 26, 25, 18, 17, 16, 23, 24, 31, 30, 37, 44, 45, 38, 39, 46, 47, 48]
[00:00:00:09:224] ! Unidirectional s-t. expansions: 13,071, time: 9,224 [ms], path length: 40 [edges], generated: 21,750
[00:00:00:03:206] Path of length 40 found: [48, 41, 34, 27, 20, 13, 6, 5, 12, 11, 4, 3, 2, 1, 8, 15, 22, 29, 36, 37, 30, 23, 16, 17, 18, 25, 24, 31, 32, 39, 38, 45, 44, 43, 42, 35, 28, 21, 14, 7, 0]
[00:00:00:03:206] ! Unidirectional t-s. expansions: 3,973, time: 3,206 [ms], path length: 40 [edges], generated: 6,774
[00:00:00:21:204] Path of length 40 found: [0, 7, 14, 21, 28, 35, 42, 43, 36, 29, 22, 15, 8, 1, 2, 3, 4, 11, 12, 5, 6, 13, 20, 27, 26, 25, 18, 17, 16, 23, 24, 31, 30, 37, 44, 45, 38, 39, 46, 47, 48]
[00:00:00:21:537] ! Bidirectional. expansions: 15,114, time: 21,204 [ms], path length: 40 [edges], g_F: 36, g_B: 4, generated: {'F': 20,986, 'B': 3,621}, MM: 32, MMPER: 77.04878048780488%
[00:00:00:21:537] 
---------- SM_Grids/7x7_grid_with_random_blocks_12per_7 ----------
[00:00:00:02:297] Path of length 40 found: [0, 7, 14, 21, 28, 35, 42, 43, 36, 29, 30, 23, 16, 15, 8, 1, 2, 9, 10, 3, 4, 11, 12, 13, 20, 19, 18, 17, 24, 31, 38, 45, 46, 39, 32, 25, 26, 33, 40, 41, 48]
[00:00:00:02:298] ! Unidirectional s-t. expansions: 3,256, time: 2,297 [ms], path length: 40 [edges], generated: 5,451
[00:00:00:00:619] Path of length 40 found: [48, 41, 34, 33, 40, 39, 46, 45, 38, 31, 32, 25, 26, 19, 20, 13, 12, 11, 4, 3, 2, 1, 8, 15, 16, 9, 10, 17, 24, 23, 30, 29, 36, 43, 42, 35, 28, 21, 14, 7, 0]
[00:00:00:00:619] ! Unidirectional t-s. expansions: 704, time: 619 [ms], path length: 40 [edges], generated: 1,323
[00:00:00:06:193] Path of length 40 found: [0, 7, 14, 21, 28, 35, 42, 43, 36, 29, 30, 23, 16, 15, 8, 1, 2, 9, 10, 3, 4, 11, 12, 13, 20, 19, 26, 25, 18, 17, 24, 31, 38, 45, 46, 39, 40, 33, 34, 41, 48]
[00:00:00:06:534] ! Bidirectional. expansions: 3,814, time: 6,193 [ms], path length: 40 [edges], g_F: 31, g_B: 9, generated: {'F': 3,703, 'B': 3,163}, MM: 22, MMPER: 52.65853658536585%
[00:00:00:06:534] 
---------- SM_Grids/7x7_grid_with_random_blocks_12per_8 ----------
[00:00:00:01:911] Path of length 42 found: [0, 7, 14, 21, 28, 35, 42, 43, 44, 37, 36, 29, 22, 15, 8, 1, 2, 9, 16, 23, 30, 31, 24, 25, 18, 17, 10, 3, 4, 5, 6, 13, 12, 19, 20, 27, 26, 33, 32, 39, 46, 47, 48]
[00:00:00:01:911] ! Unidirectional s-t. expansions: 2,567, time: 1,911 [ms], path length: 42 [edges], generated: 4,335
[00:00:00:00:877] Path of length 42 found: [48, 47, 46, 39, 32, 33, 26, 27, 20, 13, 6, 5, 12, 19, 18, 25, 24, 17, 10, 3, 2, 1, 8, 9, 16, 15, 22, 23, 30, 31, 38, 37, 44, 43, 42, 35, 36, 29, 28, 21, 14, 7, 0]
[00:00:00:00:877] ! Unidirectional t-s. expansions: 1,185, time: 877 [ms], path length: 42 [edges], generated: 2,127
[00:00:00:08:937] Path of length 42 found: [0, 7, 14, 21, 28, 35, 42, 43, 44, 37, 38, 31, 24, 25, 18, 17, 10, 9, 16, 23, 30, 29, 22, 15, 8, 1, 2, 3, 4, 5, 6, 13, 12, 19, 20, 27, 26, 33, 32, 39, 46, 47, 48]
[00:00:00:09:254] ! Bidirectional. expansions: 6,207, time: 8,937 [ms], path length: 42 [edges], g_F: 20, g_B: 22, generated: {'F': 6,035, 'B': 4,935}, MM: 2, MMPER: 3.6511627906976747%
[00:00:00:09:254] 
---------- SM_Grids/7x7_grid_with_random_blocks_12per_9 ----------
[00:00:00:02:145] Path of length 40 found: [0, 7, 14, 21, 28, 29, 36, 37, 30, 23, 16, 15, 8, 1, 2, 9, 10, 3, 4, 11, 18, 17, 24, 31, 38, 45, 46, 39, 32, 25, 26, 19, 12, 5, 6, 13, 20, 27, 34, 41, 48]
[00:00:00:02:145] ! Unidirectional s-t. expansions: 2,956, time: 2,145 [ms], path length: 40 [edges], generated: 5,128
[00:00:00:04:048] Path of length 40 found: [48, 41, 34, 27, 20, 13, 6, 5, 4, 3, 2, 1, 8, 15, 16, 9, 10, 17, 24, 25, 18, 11, 12, 19, 26, 33, 32, 39, 46, 45, 38, 31, 30, 37, 36, 29, 28, 21, 14, 7, 0]
[00:00:00:04:048] ! Unidirectional t-s. expansions: 6,361, time: 4,048 [ms], path length: 40 [edges], generated: 10,559
[00:00:00:12:097] Path of length 40 found: [0, 7, 14, 21, 28, 29, 36, 37, 30, 23, 16, 17, 24, 31, 38, 45, 46, 39, 32, 33, 26, 25, 18, 19, 12, 11, 10, 9, 8, 1, 2, 3, 4, 5, 6, 13, 20, 27, 34, 41, 48]
[00:00:00:12:409] ! Bidirectional. expansions: 8,894, time: 12,098 [ms], path length: 40 [edges], g_F: 25, g_B: 15, generated: {'F': 7,282, 'B': 9,194}, MM: 10, MMPER: 23.390243902439025%

[00:00:00:12:409] average expansions: (3,765, 1,661, 5,557, 0)
[00:00:00:12:409] average time: (2,724, 1,217, 8,250, 0)
[00:00:00:12:409] X-DFBnB: 1,661 , 1,217 (expansions , time[ms])
[00:00:00:12:409] BiX-DFBnB: 5,557 , 8,250 (expansions , time[ms])

--------------------------
date: SM_Grids
number_of_graphs: 10
graph_type: grid
size_of_graphs: [7, 7]
heuristic: bcc_heuristic
snake: False
run_uni: True
run_bi: True
run_multi: False
solution_vertices: []
algorithms: ['DFBnB']
bsd: False
cube_first_dims: 4
cube_buffer_dim: None
backward_sym_generation: False
sym_coil: False
prefix_set: None

---------- SM_Grids/7x7_grid_with_random_blocks_12per_0 ----------
[00:00:00:00:782] Path of length 38 found: [0, 7, 14, 21, 28, 35, 42, 43, 36, 29, 22, 15, 8, 1, 2, 9, 16, 17, 10, 3, 4, 11, 18, 19, 26, 33, 32, 31, 30, 37, 44, 45, 38, 39, 46, 47, 40, 41, 48]
[00:00:00:00:782] ! Unidirectional s-t. expansions: 931, time: 782 [ms], path length: 38 [edges], generated: 1,693
[00:00:00:00:551] Path of length 38 found: [48, 41, 40, 47, 46, 39, 32, 33, 26, 19, 18, 11, 4, 3, 2, 1, 8, 15, 16, 9, 10, 17, 24, 31, 30, 29, 36, 37, 38, 45, 44, 43, 42, 35, 28, 21, 14, 7, 0]
[00:00:00:00:551] ! Unidirectional t-s. expansions: 749, time: 551 [ms], path length: 38 [edges], generated: 1,276
[00:00:00:06:413] Path of length 38 found: [0, 7, 14, 21, 28, 35, 42, 43, 36, 29, 22, 15, 8, 1, 2, 9, 16, 17, 10, 3, 4, 11, 18, 19, 26, 33, 32, 31, 30, 37, 44, 45, 38, 39, 46, 47, 40, 41, 48]
[00:00:00:06:777] ! Bidirectional. expansions: 4,025, time: 6,413 [ms], path length: 38 [edges], g_F: 26, g_B: 12, generated: {'F': 3,118, 'B': 4,249}, MM: 14, MMPER: 34.8974358974359%
[00:00:00:06:777] 
---------- SM_Grids/7x7_grid_with_random_blocks_12per_1 ----------
[00:00:00:02:477] Path of length 40 found: [0, 7, 14, 21, 28, 29, 36, 35, 42, 43, 44, 45, 46, 39, 32, 31, 30, 23, 22, 15, 8, 1, 2, 9, 16, 17, 10, 3, 4, 11, 18, 25, 26, 19, 20, 27, 34, 33, 40, 47, 48]
[00:00:00:02:477] ! Unidirectional s-t. expansions: 3,592, time: 2,477 [ms], path length: 40 [edges], generated: 5,951
[00:00:00:00:490] Path of length 40 found: [48, 41, 34, 27, 20, 19, 18, 11, 4, 3, 2, 1, 8, 9, 10, 17, 16, 15, 22, 23, 30, 31, 32, 25, 26, 33, 40, 39, 46, 45, 44, 43, 42, 35, 36, 29, 28, 21, 14, 7, 0]
[00:00:00:00:491] ! Unidirectional t-s. expansions: 563, time: 490 [ms], path length: 40 [edges], generated: 1,008
[00:00:00:11:373] Path of length 40 found: [0, 7, 14, 21, 28, 29, 36, 35, 42, 43, 44, 45, 46, 47, 40, 33, 26, 25, 32, 31, 30, 23, 22, 15, 16, 17, 10, 9, 8, 1, 2, 3, 4, 11, 18, 19, 20, 27, 34, 41, 48]
[00:00:00:11:711] ! Bidirectional. expansions: 7,029, time: 11,374 [ms], path length: 40 [edges], g_F: 15, g_B: 25, generated: {'F': 5,820, 'B': 7,543}, MM: 10, MMPER: 23.390243902439025%
[00:00:00:11:711] 
---------- SM_Grids/7x7_grid_with_random_blocks_12per_2 ----------
[00:00:00:03:659] Path of length 38 found: [0, 7, 14, 21, 28, 29, 22, 15, 8, 1, 2, 9, 16, 23, 30, 37, 36, 43, 44, 45, 38, 31, 24, 17, 10, 3, 4, 11, 18, 19, 26, 25, 32, 39, 40, 33, 34, 41, 48]
[00:00:00:03:659] ! Unidirectional s-t. expansions: 4,991, time: 3,659 [ms], path length: 38 [edges], generated: 8,660
[00:00:00:00:498] Path of length 38 found: [48, 47, 40, 41, 34, 33, 26, 19, 18, 11, 4, 3, 2, 1, 8, 15, 22, 23, 16, 9, 10, 17, 24, 25, 32, 39, 38, 31, 30, 37, 44, 43, 36, 29, 28, 21, 14, 7, 0]
[00:00:00:00:498] ! Unidirectional t-s. expansions: 681, time: 498 [ms], path length: 38 [edges], generated: 1,240
[00:00:00:05:717] Path of length 38 found: [0, 7, 14, 21, 28, 29, 22, 15, 8, 1, 2, 9, 16, 23, 30, 37, 36, 43, 44, 45, 38, 39, 32, 25, 24, 17, 10, 3, 4, 11, 18, 19, 26, 33, 34, 41, 40, 47, 48]
[00:00:00:06:055] ! Bidirectional. expansions: 3,612, time: 5,717 [ms], path length: 38 [edges], g_F: 24, g_B: 14, generated: {'F': 3,557, 'B': 3,240}, MM: 10, MMPER: 24.641025641025642%
[00:00:00:06:055] 
---------- SM_Grids/7x7_grid_with_random_blocks_12per_3 ----------
[00:00:00:00:036] Path of length 42 found: [0, 7, 14, 21, 28, 35, 42, 43, 36, 37, 30, 29, 22, 15, 8, 1, 2, 9, 16, 23, 24, 17, 10, 3, 4, 5, 6, 13, 12, 19, 20, 27, 26, 25, 32, 39, 46, 47, 40, 33, 34, 41, 48]
[00:00:00:00:036] ! Unidirectional s-t. expansions: 42, time: 36 [ms], path length: 42 [edges], generated: 67
[00:00:00:00:159] Path of length 42 found: [48, 41, 34, 33, 40, 47, 46, 39, 32, 25, 26, 27, 20, 19, 12, 13, 6, 5, 4, 3, 2, 1, 8, 15, 16, 9, 10, 17, 24, 23, 22, 29, 30, 37, 36, 43, 42, 35, 28, 21, 14, 7, 0]
[00:00:00:00:159] ! Unidirectional t-s. expansions: 235, time: 159 [ms], path length: 42 [edges], generated: 406
[00:00:00:00:666] Path of length 42 found: [0, 7, 14, 21, 28, 35, 42, 43, 36, 37, 30, 29, 22, 15, 8, 1, 2, 9, 16, 23, 24, 17, 10, 3, 4, 5, 6, 13, 12, 19, 20, 27, 26, 25, 32, 39, 46, 47, 40, 33, 34, 41, 48]
[00:00:00:01:006] ! Bidirectional. expansions: 376, time: 666 [ms], path length: 42 [edges], g_F: 33, g_B: 9, generated: {'F': 616, 'B': 47}, MM: 24, MMPER: 54.81395348837209%
[00:00:00:01:006] 
---------- SM_Grids/7x7_grid_with_random_blocks_12per_4 ----------
[00:00:00:00:033] Path of length 42 found: [0, 7, 8, 1, 2, 9, 16, 15, 22, 21, 28, 29, 36, 43, 44, 45, 38, 31, 30, 23, 24, 17, 10, 3, 4, 11, 18, 19, 12, 5, 6, 13, 20, 27, 26, 33, 32, 39, 46, 47, 40, 41, 48]
[00:00:00:00:033] ! Unidirectional s-t. expansions: 42, time: 33 [ms], path length: 42 [edges], generated: 67
[00:00:00:00:124] Path of length 42 found: [48, 41, 40, 47, 46, 39, 32, 33, 26, 27, 20, 13, 6, 5, 4, 3, 10, 11, 12, 19, 18, 17, 24, 23, 30, 31, 38, 45, 44, 43, 36, 29, 28, 21, 22, 15, 16, 9, 2, 1, 8, 7, 0]
[00:00:00:00:125] ! Unidirectional t-s. expansions: 136, time: 125 [ms], path length: 42 [edges], generated: 211
[00:00:00:00:073] Path of length 42 found: [0, 7, 8, 1, 2, 9, 16, 15, 22, 21, 28, 29, 36, 43, 44, 45, 38, 31, 30, 23, 24, 17, 18, 19, 12, 11, 10, 3, 4, 5, 6, 13, 20, 27, 26, 33, 32, 39, 46, 47, 40, 41, 48]
[00:00:00:00:410] ! Bidirectional. expansions: 42, time: 73 [ms], path length: 42 [edges], g_F: 26, g_B: 16, generated: {'F': 48, 'B': 28}, MM: 10, MMPER: 22.25581395348837%
[00:00:00:00:410] 
---------- SM_Grids/7x7_grid_with_random_blocks_12per_5 ----------
[00:00:00:04:692] Path of length 40 found: [0, 7, 14, 21, 28, 35, 42, 43, 36, 29, 22, 15, 8, 1, 2, 9, 16, 23, 24, 25, 18, 11, 4, 5, 6, 13, 12, 19, 20, 27, 26, 33, 32, 31, 30, 37, 38, 45, 46, 47, 48]
[00:00:00:04:692] ! Unidirectional s-t. expansions: 6,203, time: 4,692 [ms], path length: 40 [edges], generated: 10,764
[00:00:00:01:583] Path of length 40 found: [48, 47, 46, 45, 38, 31, 24, 25, 32, 33, 34, 27, 26, 19, 20, 13, 6, 5, 4, 11, 10, 9, 2, 1, 8, 15, 16, 23, 22, 29, 30, 37, 36, 43, 42, 35, 28, 21, 14, 7, 0]
[00:00:00:01:583] ! Unidirectional t-s. expansions: 2,019, time: 1,583 [ms], path length: 40 [edges], generated: 3,682
[00:00:00:09:875] Path of length 40 found: [0, 7, 14, 21, 28, 35, 42, 43, 36, 29, 22, 15, 8, 1, 2, 9, 16, 23, 24, 25, 18, 11, 4, 5, 6, 13, 12, 19, 20, 27, 26, 33, 32, 31, 30, 37, 38, 45, 46, 47, 48]
[00:00:00:10:214] ! Bidirectional. expansions: 6,453, time: 9,875 [ms], path length: 40 [edges], g_F: 40, g_B: 0, generated: {'F': 10,470, 'B': 576}, MM: 40, MMPER: 96.5609756097561%
[00:00:00:10:214] 
---------- SM_Grids/7x7_grid_with_random_blocks_12per_6 ----------
[00:00:00:09:421] Path of length 40 found: [0, 7, 14, 21, 28, 35, 42, 43, 36, 29, 22, 15, 8, 1, 2, 3, 4, 11, 12, 5, 6, 13, 20, 27, 26, 25, 18, 17, 16, 23, 24, 31, 30, 37, 44, 45, 38, 39, 46, 47, 48]
[00:00:00:09:421] ! Unidirectional s-t. expansions: 13,071, time: 9,421 [ms], path length: 40 [edges], generated: 21,750
[00:00:00:03:189] Path of length 40 found: [48, 41, 34, 27, 20, 13, 6, 5, 12, 11, 4, 3, 2, 1, 8, 15, 22, 29, 36, 37, 30, 23, 16, 17, 18, 25, 24, 31, 32, 39, 38, 45, 44, 43, 42, 35, 28, 21, 14, 7, 0]
[00:00:00:03:189] ! Unidirectional t-s. expansions: 3,973, time: 3,189 [ms], path length: 40 [edges], generated: 6,774
[00:00:00:21:080] Path of length 40 found: [0, 7, 14, 21, 28, 35, 42, 43, 36, 29, 22, 15, 8, 1, 2, 3, 4, 11, 12, 5, 6, 13, 20, 27, 26, 25, 18, 17, 16, 23, 24, 31, 30, 37, 44, 45, 38, 39, 46, 47, 48]
[00:00:00:21:416] ! Bidirectional. expansions: 15,114, time: 21,080 [ms], path length: 40 [edges], g_F: 36, g_B: 4, generated: {'F': 20,986, 'B': 3,621}, MM: 32, MMPER: 77.04878048780488%
[00:00:00:21:416] 
---------- SM_Grids/7x7_grid_with_random_blocks_12per_7 ----------
[00:00:00:02:295] Path of length 40 found: [0, 7, 14, 21, 28, 35, 42, 43, 36, 29, 30, 23, 16, 15, 8, 1, 2, 9, 10, 3, 4, 11, 12, 13, 20, 19, 18, 17, 24, 31, 38, 45, 46, 39, 32, 25, 26, 33, 40, 41, 48]
[00:00:00:02:295] ! Unidirectional s-t. expansions: 3,256, time: 2,295 [ms], path length: 40 [edges], generated: 5,451
[00:00:00:00:622] Path of length 40 found: [48, 41, 34, 33, 40, 39, 46, 45, 38, 31, 32, 25, 26, 19, 20, 13, 12, 11, 4, 3, 2, 1, 8, 15, 16, 9, 10, 17, 24, 23, 30, 29, 36, 43, 42, 35, 28, 21, 14, 7, 0]
[00:00:00:00:622] ! Unidirectional t-s. expansions: 704, time: 622 [ms], path length: 40 [edges], generated: 1,323
[00:00:00:06:143] Path of length 40 found: [0, 7, 14, 21, 28, 35, 42, 43, 36, 29, 30, 23, 16, 15, 8, 1, 2, 9, 10, 3, 4, 11, 12, 13, 20, 19, 26, 25, 18, 17, 24, 31, 38, 45, 46, 39, 40, 33, 34, 41, 48]
[00:00:00:06:489] ! Bidirectional. expansions: 3,814, time: 6,144 [ms], path length: 40 [edges], g_F: 31, g_B: 9, generated: {'F': 3,703, 'B': 3,163}, MM: 22, MMPER: 52.65853658536585%
[00:00:00:06:489] 
---------- SM_Grids/7x7_grid_with_random_blocks_12per_8 ----------
[00:00:00:01:983] Path of length 42 found: [0, 7, 14, 21, 28, 35, 42, 43, 44, 37, 36, 29, 22, 15, 8, 1, 2, 9, 16, 23, 30, 31, 24, 25, 18, 17, 10, 3, 4, 5, 6, 13, 12, 19, 20, 27, 26, 33, 32, 39, 46, 47, 48]
[00:00:00:01:983] ! Unidirectional s-t. expansions: 2,567, time: 1,983 [ms], path length: 42 [edges], generated: 4,335
[00:00:00:00:861] Path of length 42 found: [48, 47, 46, 39, 32, 33, 26, 27, 20, 13, 6, 5, 12, 19, 18, 25, 24, 17, 10, 3, 2, 1, 8, 9, 16, 15, 22, 23, 30, 31, 38, 37, 44, 43, 42, 35, 36, 29, 28, 21, 14, 7, 0]
[00:00:00:00:861] ! Unidirectional t-s. expansions: 1,185, time: 861 [ms], path length: 42 [edges], generated: 2,127
[00:00:00:08:987] Path of length 42 found: [0, 7, 14, 21, 28, 35, 42, 43, 44, 37, 38, 31, 24, 25, 18, 17, 10, 9, 16, 23, 30, 29, 22, 15, 8, 1, 2, 3, 4, 5, 6, 13, 12, 19, 20, 27, 26, 33, 32, 39, 46, 47, 48]
[00:00:00:09:308] ! Bidirectional. expansions: 6,207, time: 8,987 [ms], path length: 42 [edges], g_F: 20, g_B: 22, generated: {'F': 6,035, 'B': 4,935}, MM: 2, MMPER: 3.6511627906976747%
[00:00:00:09:309] 
---------- SM_Grids/7x7_grid_with_random_blocks_12per_9 ----------
[00:00:00:02:125] Path of length 40 found: [0, 7, 14, 21, 28, 29, 36, 37, 30, 23, 16, 15, 8, 1, 2, 9, 10, 3, 4, 11, 18, 17, 24, 31, 38, 45, 46, 39, 32, 25, 26, 19, 12, 5, 6, 13, 20, 27, 34, 41, 48]
[00:00:00:02:125] ! Unidirectional s-t. expansions: 2,956, time: 2,125 [ms], path length: 40 [edges], generated: 5,128
[00:00:00:04:000] Path of length 40 found: [48, 41, 34, 27, 20, 13, 6, 5, 4, 3, 2, 1, 8, 15, 16, 9, 10, 17, 24, 25, 18, 11, 12, 19, 26, 33, 32, 39, 46, 45, 38, 31, 30, 37, 36, 29, 28, 21, 14, 7, 0]
[00:00:00:04:000] ! Unidirectional t-s. expansions: 6,361, time: 4,000 [ms], path length: 40 [edges], generated: 10,559
[00:00:00:12:170] Path of length 40 found: [0, 7, 14, 21, 28, 29, 36, 37, 30, 23, 16, 17, 24, 31, 38, 45, 46, 39, 32, 33, 26, 25, 18, 19, 12, 11, 10, 9, 8, 1, 2, 3, 4, 5, 6, 13, 20, 27, 34, 41, 48]
[00:00:00:12:490] ! Bidirectional. expansions: 8,894, time: 12,170 [ms], path length: 40 [edges], g_F: 25, g_B: 15, generated: {'F': 7,282, 'B': 9,194}, MM: 10, MMPER: 23.390243902439025%

[00:00:00:12:490] average expansions: (3,765, 1,661, 5,557, 0)
[00:00:00:12:490] average time: (2,750, 1,208, 8,250, 0)
[00:00:00:12:490] X-DFBnB: 1,661 , 1,208 (expansions , time[ms])
[00:00:00:12:490] BiX-DFBnB: 5,557 , 8,250 (expansions , time[ms])

--------------------------
date: SM_Grids
number_of_graphs: 10
graph_type: grid
size_of_graphs: [7, 7]
heuristic: bcc_heuristic
snake: False
run_uni: True
run_bi: True
run_multi: False
solution_vertices: []
algorithms: ['DFBnB']
bsd: False
cube_first_dims: 4
cube_buffer_dim: None
backward_sym_generation: False
sym_coil: False
prefix_set: None

---------- SM_Grids/7x7_grid_with_random_blocks_12per_0 ----------
[00:00:00:00:804] Path of length 38 found: [0, 7, 14, 21, 28, 35, 42, 43, 36, 29, 22, 15, 8, 1, 2, 9, 16, 17, 10, 3, 4, 11, 18, 19, 26, 33, 32, 31, 30, 37, 44, 45, 38, 39, 46, 47, 40, 41, 48]
[00:00:00:00:804] ! Unidirectional s-t. expansions: 931, time: 804 [ms], path length: 38 [edges], generated: 1,693
[00:00:00:00:548] Path of length 38 found: [48, 41, 40, 47, 46, 39, 32, 33, 26, 19, 18, 11, 4, 3, 2, 1, 8, 15, 16, 9, 10, 17, 24, 31, 30, 29, 36, 37, 38, 45, 44, 43, 42, 35, 28, 21, 14, 7, 0]
[00:00:00:00:548] ! Unidirectional t-s. expansions: 749, time: 548 [ms], path length: 38 [edges], generated: 1,276
[00:00:00:06:395] Path of length 38 found: [0, 7, 14, 21, 28, 35, 42, 43, 36, 29, 22, 15, 8, 1, 2, 9, 16, 17, 10, 3, 4, 11, 18, 19, 26, 33, 32, 31, 30, 37, 44, 45, 38, 39, 46, 47, 40, 41, 48]
[00:00:00:06:748] ! Bidirectional. expansions: 4,025, time: 6,395 [ms], path length: 38 [edges], g_F: 26, g_B: 12, generated: {'F': 3,118, 'B': 4,249}, MM: 14, MMPER: 34.8974358974359%
[00:00:00:06:748] 
---------- SM_Grids/7x7_grid_with_random_blocks_12per_1 ----------
[00:00:00:02:508] Path of length 40 found: [0, 7, 14, 21, 28, 29, 36, 35, 42, 43, 44, 45, 46, 39, 32, 31, 30, 23, 22, 15, 8, 1, 2, 9, 16, 17, 10, 3, 4, 11, 18, 25, 26, 19, 20, 27, 34, 33, 40, 47, 48]
[00:00:00:02:508] ! Unidirectional s-t. expansions: 3,592, time: 2,508 [ms], path length: 40 [edges], generated: 5,951
[00:00:00:00:489] Path of length 40 found: [48, 41, 34, 27, 20, 19, 18, 11, 4, 3, 2, 1, 8, 9, 10, 17, 16, 15, 22, 23, 30, 31, 32, 25, 26, 33, 40, 39, 46, 45, 44, 43, 42, 35, 36, 29, 28, 21, 14, 7, 0]
[00:00:00:00:489] ! Unidirectional t-s. expansions: 563, time: 489 [ms], path length: 40 [edges], generated: 1,008
[00:00:00:11:589] Path of length 40 found: [0, 7, 14, 21, 28, 29, 36, 35, 42, 43, 44, 45, 46, 47, 40, 33, 26, 25, 32, 31, 30, 23, 22, 15, 16, 17, 10, 9, 8, 1, 2, 3, 4, 11, 18, 19, 20, 27, 34, 41, 48]
[00:00:00:11:929] ! Bidirectional. expansions: 7,029, time: 11,589 [ms], path length: 40 [edges], g_F: 15, g_B: 25, generated: {'F': 5,820, 'B': 7,543}, MM: 10, MMPER: 23.390243902439025%
[00:00:00:11:929] 
---------- SM_Grids/7x7_grid_with_random_blocks_12per_2 ----------
[00:00:00:03:810] Path of length 38 found: [0, 7, 14, 21, 28, 29, 22, 15, 8, 1, 2, 9, 16, 23, 30, 37, 36, 43, 44, 45, 38, 31, 24, 17, 10, 3, 4, 11, 18, 19, 26, 25, 32, 39, 40, 33, 34, 41, 48]
[00:00:00:03:810] ! Unidirectional s-t. expansions: 4,991, time: 3,810 [ms], path length: 38 [edges], generated: 8,660
[00:00:00:00:514] Path of length 38 found: [48, 47, 40, 41, 34, 33, 26, 19, 18, 11, 4, 3, 2, 1, 8, 15, 22, 23, 16, 9, 10, 17, 24, 25, 32, 39, 38, 31, 30, 37, 44, 43, 36, 29, 28, 21, 14, 7, 0]
[00:00:00:00:514] ! Unidirectional t-s. expansions: 681, time: 514 [ms], path length: 38 [edges], generated: 1,240
[00:00:00:05:977] Path of length 38 found: [0, 7, 14, 21, 28, 29, 22, 15, 8, 1, 2, 9, 16, 23, 30, 37, 36, 43, 44, 45, 38, 39, 32, 25, 24, 17, 10, 3, 4, 11, 18, 19, 26, 33, 34, 41, 40, 47, 48]
[00:00:00:06:318] ! Bidirectional. expansions: 3,612, time: 5,977 [ms], path length: 38 [edges], g_F: 24, g_B: 14, generated: {'F': 3,557, 'B': 3,240}, MM: 10, MMPER: 24.641025641025642%
[00:00:00:06:318] 
---------- SM_Grids/7x7_grid_with_random_blocks_12per_3 ----------
[00:00:00:00:034] Path of length 42 found: [0, 7, 14, 21, 28, 35, 42, 43, 36, 37, 30, 29, 22, 15, 8, 1, 2, 9, 16, 23, 24, 17, 10, 3, 4, 5, 6, 13, 12, 19, 20, 27, 26, 25, 32, 39, 46, 47, 40, 33, 34, 41, 48]
[00:00:00:00:034] ! Unidirectional s-t. expansions: 42, time: 34 [ms], path length: 42 [edges], generated: 67
[00:00:00:00:152] Path of length 42 found: [48, 41, 34, 33, 40, 47, 46, 39, 32, 25, 26, 27, 20, 19, 12, 13, 6, 5, 4, 3, 2, 1, 8, 15, 16, 9, 10, 17, 24, 23, 22, 29, 30, 37, 36, 43, 42, 35, 28, 21, 14, 7, 0]
[00:00:00:00:152] ! Unidirectional t-s. expansions: 235, time: 152 [ms], path length: 42 [edges], generated: 406
[00:00:00:00:638] Path of length 42 found: [0, 7, 14, 21, 28, 35, 42, 43, 36, 37, 30, 29, 22, 15, 8, 1, 2, 9, 16, 23, 24, 17, 10, 3, 4, 5, 6, 13, 12, 19, 20, 27, 26, 25, 32, 39, 46, 47, 40, 33, 34, 41, 48]
[00:00:00:00:977] ! Bidirectional. expansions: 376, time: 638 [ms], path length: 42 [edges], g_F: 33, g_B: 9, generated: {'F': 616, 'B': 47}, MM: 24, MMPER: 54.81395348837209%
[00:00:00:00:977] 
---------- SM_Grids/7x7_grid_with_random_blocks_12per_4 ----------
[00:00:00:00:034] Path of length 42 found: [0, 7, 8, 1, 2, 9, 16, 15, 22, 21, 28, 29, 36, 43, 44, 45, 38, 31, 30, 23, 24, 17, 10, 3, 4, 11, 18, 19, 12, 5, 6, 13, 20, 27, 26, 33, 32, 39, 46, 47, 40, 41, 48]
[00:00:00:00:034] ! Unidirectional s-t. expansions: 42, time: 34 [ms], path length: 42 [edges], generated: 67
[00:00:00:00:126] Path of length 42 found: [48, 41, 40, 47, 46, 39, 32, 33, 26, 27, 20, 13, 6, 5, 4, 3, 10, 11, 12, 19, 18, 17, 24, 23, 30, 31, 38, 45, 44, 43, 36, 29, 28, 21, 22, 15, 16, 9, 2, 1, 8, 7, 0]
[00:00:00:00:126] ! Unidirectional t-s. expansions: 136, time: 126 [ms], path length: 42 [edges], generated: 211
[00:00:00:00:073] Path of length 42 found: [0, 7, 8, 1, 2, 9, 16, 15, 22, 21, 28, 29, 36, 43, 44, 45, 38, 31, 30, 23, 24, 17, 18, 19, 12, 11, 10, 3, 4, 5, 6, 13, 20, 27, 26, 33, 32, 39, 46, 47, 40, 41, 48]
[00:00:00:00:407] ! Bidirectional. expansions: 42, time: 74 [ms], path length: 42 [edges], g_F: 26, g_B: 16, generated: {'F': 48, 'B': 28}, MM: 10, MMPER: 22.25581395348837%
[00:00:00:00:407] 
---------- SM_Grids/7x7_grid_with_random_blocks_12per_5 ----------
[00:00:00:04:780] Path of length 40 found: [0, 7, 14, 21, 28, 35, 42, 43, 36, 29, 22, 15, 8, 1, 2, 9, 16, 23, 24, 25, 18, 11, 4, 5, 6, 13, 12, 19, 20, 27, 26, 33, 32, 31, 30, 37, 38, 45, 46, 47, 48]
[00:00:00:04:780] ! Unidirectional s-t. expansions: 6,203, time: 4,780 [ms], path length: 40 [edges], generated: 10,764
[00:00:00:01:606] Path of length 40 found: [48, 47, 46, 45, 38, 31, 24, 25, 32, 33, 34, 27, 26, 19, 20, 13, 6, 5, 4, 11, 10, 9, 2, 1, 8, 15, 16, 23, 22, 29, 30, 37, 36, 43, 42, 35, 28, 21, 14, 7, 0]
[00:00:00:01:606] ! Unidirectional t-s. expansions: 2,019, time: 1,606 [ms], path length: 40 [edges], generated: 3,682
[00:00:00:10:029] Path of length 40 found: [0, 7, 14, 21, 28, 35, 42, 43, 36, 29, 22, 15, 8, 1, 2, 9, 16, 23, 24, 25, 18, 11, 4, 5, 6, 13, 12, 19, 20, 27, 26, 33, 32, 31, 30, 37, 38, 45, 46, 47, 48]
[00:00:00:10:368] ! Bidirectional. expansions: 6,453, time: 10,029 [ms], path length: 40 [edges], g_F: 40, g_B: 0, generated: {'F': 10,470, 'B': 576}, MM: 40, MMPER: 96.5609756097561%
[00:00:00:10:369] 
---------- SM_Grids/7x7_grid_with_random_blocks_12per_6 ----------
[00:00:00:09:375] Path of length 40 found: [0, 7, 14, 21, 28, 35, 42, 43, 36, 29, 22, 15, 8, 1, 2, 3, 4, 11, 12, 5, 6, 13, 20, 27, 26, 25, 18, 17, 16, 23, 24, 31, 30, 37, 44, 45, 38, 39, 46, 47, 48]
[00:00:00:09:376] ! Unidirectional s-t. expansions: 13,071, time: 9,375 [ms], path length: 40 [edges], generated: 21,750
[00:00:00:03:280] Path of length 40 found: [48, 41, 34, 27, 20, 13, 6, 5, 12, 11, 4, 3, 2, 1, 8, 15, 22, 29, 36, 37, 30, 23, 16, 17, 18, 25, 24, 31, 32, 39, 38, 45, 44, 43, 42, 35, 28, 21, 14, 7, 0]
[00:00:00:03:281] ! Unidirectional t-s. expansions: 3,973, time: 3,281 [ms], path length: 40 [edges], generated: 6,774
[00:00:00:21:934] Path of length 40 found: [0, 7, 14, 21, 28, 35, 42, 43, 36, 29, 22, 15, 8, 1, 2, 3, 4, 11, 12, 5, 6, 13, 20, 27, 26, 25, 18, 17, 16, 23, 24, 31, 30, 37, 44, 45, 38, 39, 46, 47, 48]
[00:00:00:22:263] ! Bidirectional. expansions: 15,114, time: 21,934 [ms], path length: 40 [edges], g_F: 36, g_B: 4, generated: {'F': 20,986, 'B': 3,621}, MM: 32, MMPER: 77.04878048780488%
[00:00:00:22:264] 
---------- SM_Grids/7x7_grid_with_random_blocks_12per_7 ----------
[00:00:00:02:450] Path of length 40 found: [0, 7, 14, 21, 28, 35, 42, 43, 36, 29, 30, 23, 16, 15, 8, 1, 2, 9, 10, 3, 4, 11, 12, 13, 20, 19, 18, 17, 24, 31, 38, 45, 46, 39, 32, 25, 26, 33, 40, 41, 48]
[00:00:00:02:450] ! Unidirectional s-t. expansions: 3,256, time: 2,450 [ms], path length: 40 [edges], generated: 5,451
[00:00:00:00:636] Path of length 40 found: [48, 41, 34, 33, 40, 39, 46, 45, 38, 31, 32, 25, 26, 19, 20, 13, 12, 11, 4, 3, 2, 1, 8, 15, 16, 9, 10, 17, 24, 23, 30, 29, 36, 43, 42, 35, 28, 21, 14, 7, 0]
[00:00:00:00:636] ! Unidirectional t-s. expansions: 704, time: 636 [ms], path length: 40 [edges], generated: 1,323
[00:00:00:06:571] Path of length 40 found: [0, 7, 14, 21, 28, 35, 42, 43, 36, 29, 30, 23, 16, 15, 8, 1, 2, 9, 10, 3, 4, 11, 12, 13, 20, 19, 26, 25, 18, 17, 24, 31, 38, 45, 46, 39, 40, 33, 34, 41, 48]
[00:00:00:06:933] ! Bidirectional. expansions: 3,814, time: 6,572 [ms], path length: 40 [edges], g_F: 31, g_B: 9, generated: {'F': 3,703, 'B': 3,163}, MM: 22, MMPER: 52.65853658536585%
[00:00:00:06:933] 
---------- SM_Grids/7x7_grid_with_random_blocks_12per_8 ----------
[00:00:00:02:092] Path of length 42 found: [0, 7, 14, 21, 28, 35, 42, 43, 44, 37, 36, 29, 22, 15, 8, 1, 2, 9, 16, 23, 30, 31, 24, 25, 18, 17, 10, 3, 4, 5, 6, 13, 12, 19, 20, 27, 26, 33, 32, 39, 46, 47, 48]
[00:00:00:02:093] ! Unidirectional s-t. expansions: 2,567, time: 2,092 [ms], path length: 42 [edges], generated: 4,335
[00:00:00:00:918] Path of length 42 found: [48, 47, 46, 39, 32, 33, 26, 27, 20, 13, 6, 5, 12, 19, 18, 25, 24, 17, 10, 3, 2, 1, 8, 9, 16, 15, 22, 23, 30, 31, 38, 37, 44, 43, 42, 35, 36, 29, 28, 21, 14, 7, 0]
[00:00:00:00:918] ! Unidirectional t-s. expansions: 1,185, time: 918 [ms], path length: 42 [edges], generated: 2,127
[00:00:00:09:628] Path of length 42 found: [0, 7, 14, 21, 28, 35, 42, 43, 44, 37, 38, 31, 24, 25, 18, 17, 10, 9, 16, 23, 30, 29, 22, 15, 8, 1, 2, 3, 4, 5, 6, 13, 12, 19, 20, 27, 26, 33, 32, 39, 46, 47, 48]
[00:00:00:09:951] ! Bidirectional. expansions: 6,207, time: 9,628 [ms], path length: 42 [edges], g_F: 20, g_B: 22, generated: {'F': 6,035, 'B': 4,935}, MM: 2, MMPER: 3.6511627906976747%
[00:00:00:09:951] 
---------- SM_Grids/7x7_grid_with_random_blocks_12per_9 ----------
[00:00:00:02:302] Path of length 40 found: [0, 7, 14, 21, 28, 29, 36, 37, 30, 23, 16, 15, 8, 1, 2, 9, 10, 3, 4, 11, 18, 17, 24, 31, 38, 45, 46, 39, 32, 25, 26, 19, 12, 5, 6, 13, 20, 27, 34, 41, 48]
[00:00:00:02:302] ! Unidirectional s-t. expansions: 2,956, time: 2,302 [ms], path length: 40 [edges], generated: 5,128
[00:00:00:04:265] Path of length 40 found: [48, 41, 34, 27, 20, 13, 6, 5, 4, 3, 2, 1, 8, 15, 16, 9, 10, 17, 24, 25, 18, 11, 12, 19, 26, 33, 32, 39, 46, 45, 38, 31, 30, 37, 36, 29, 28, 21, 14, 7, 0]
[00:00:00:04:266] ! Unidirectional t-s. expansions: 6,361, time: 4,265 [ms], path length: 40 [edges], generated: 10,559
[00:00:00:13:174] Path of length 40 found: [0, 7, 14, 21, 28, 29, 36, 37, 30, 23, 16, 17, 24, 31, 38, 45, 46, 39, 32, 33, 26, 25, 18, 19, 12, 11, 10, 9, 8, 1, 2, 3, 4, 5, 6, 13, 20, 27, 34, 41, 48]
[00:00:00:13:500] ! Bidirectional. expansions: 8,894, time: 13,174 [ms], path length: 40 [edges], g_F: 25, g_B: 15, generated: {'F': 7,282, 'B': 9,194}, MM: 10, MMPER: 23.390243902439025%

[00:00:00:13:500] average expansions: (3,765, 1,661, 5,557, 0)
[00:00:00:13:500] average time: (2,819, 1,254, 8,601, 0)
[00:00:00:13:500] X-DFBnB: 1,661 , 1,254 (expansions , time[ms])
[00:00:00:13:501] BiX-DFBnB: 5,557 , 8,601 (expansions , time[ms])

