Fri 20 Mar 2026 13:00:00 IST

SLURM_JOBID:		 16224535
SLURM_JOB_NODELIST:	 ise-cpu256-02 

--------------------------
date: SM_Grids
number_of_graphs: 10
graph_type: grid
size_of_graphs: [7, 8]
heuristic: bcc_heuristic
snake: False
run_uni: True
run_bi: True
run_multi: False
solution_vertices: []
algorithms: ['DFBnB']
bsd: False
cube_first_dims: 4
cube_buffer_dim: None
backward_sym_generation: False
sym_coil: False
prefix_set: None

---------- SM_Grids/7x8_grid_with_random_blocks_12per_0 ----------
[00:00:00:13:345] Path of length 47 found: [0, 1, 2, 10, 18, 17, 16, 24, 32, 40, 48, 49, 41, 33, 25, 26, 34, 42, 50, 51, 43, 44, 45, 37, 29, 21, 13, 12, 20, 28, 27, 19, 11, 3, 4, 5, 6, 7, 15, 14, 22, 23, 31, 30, 38, 46, 47, 55]
[00:00:00:13:345] ! Unidirectional s-t. expansions: 20,326, time: 13,345 [ms], path length: 47 [edges], generated: 32,937
[00:00:00:04:046] Path of length 47 found: [55, 47, 39, 31, 23, 15, 7, 6, 5, 4, 3, 11, 19, 27, 28, 20, 12, 13, 14, 22, 21, 29, 30, 38, 37, 45, 44, 43, 51, 50, 42, 34, 26, 25, 33, 41, 49, 48, 40, 32, 24, 16, 17, 18, 10, 2, 1, 0]
[00:00:00:04:047] ! Unidirectional t-s. expansions: 5,611, time: 4,046 [ms], path length: 47 [edges], generated: 9,640
[00:00:00:41:266] Path of length 47 found: [0, 1, 2, 10, 18, 17, 16, 24, 32, 40, 48, 49, 41, 33, 25, 26, 34, 42, 50, 51, 43, 44, 45, 46, 38, 37, 29, 30, 22, 14, 13, 12, 20, 28, 27, 19, 11, 3, 4, 5, 6, 7, 15, 23, 31, 39, 47, 55]
[00:00:00:41:673] ! Bidirectional. expansions: 26,687, time: 41,266 [ms], path length: 47 [edges], g_F: 31, g_B: 16, generated: {'F': 31,797, 'B': 14,713}, MM: 15, MMPER: 30.25%
[00:00:00:41:673] 
---------- SM_Grids/7x8_grid_with_random_blocks_12per_1 ----------
[00:00:00:04:796] Path of length 47 found: [0, 8, 16, 24, 32, 40, 41, 33, 25, 17, 9, 10, 2, 3, 11, 19, 18, 26, 34, 42, 50, 51, 43, 35, 27, 28, 20, 21, 13, 12, 4, 5, 6, 14, 15, 23, 22, 30, 38, 37, 36, 44, 45, 53, 54, 46, 47, 55]
[00:00:00:04:797] ! Unidirectional s-t. expansions: 5,625, time: 4,797 [ms], path length: 47 [edges], generated: 9,236
[00:00:00:00:056] Path of length 47 found: [55, 47, 39, 38, 46, 54, 53, 45, 37, 36, 44, 43, 51, 50, 42, 34, 35, 27, 28, 20, 12, 13, 21, 22, 23, 15, 14, 6, 5, 4, 3, 2, 10, 11, 19, 18, 26, 25, 33, 41, 40, 32, 24, 16, 17, 9, 8, 0]
[00:00:00:00:056] ! Unidirectional t-s. expansions: 54, time: 56 [ms], path length: 47 [edges], generated: 91
[00:00:00:09:033] Path of length 47 found: [0, 8, 16, 24, 32, 40, 41, 33, 25, 26, 18, 17, 9, 10, 2, 3, 4, 5, 6, 14, 15, 23, 22, 21, 13, 12, 11, 19, 20, 28, 27, 35, 34, 42, 50, 51, 43, 44, 36, 37, 45, 53, 54, 46, 38, 39, 47, 55]
[00:00:00:09:420] ! Bidirectional. expansions: 4,239, time: 9,033 [ms], path length: 47 [edges], g_F: 32, g_B: 15, generated: {'F': 6,449, 'B': 1,240}, MM: 17, MMPER: 34.416666666666664%
[00:00:00:09:420] 
---------- SM_Grids/7x8_grid_with_random_blocks_12per_2 ----------
[00:00:00:07:305] Path of length 45 found: [0, 8, 16, 24, 32, 40, 48, 49, 41, 33, 34, 26, 18, 17, 9, 1, 2, 10, 11, 3, 4, 5, 13, 21, 22, 14, 6, 7, 15, 23, 31, 39, 38, 37, 29, 28, 20, 19, 27, 35, 43, 44, 52, 53, 54, 55]
[00:00:00:07:306] ! Unidirectional s-t. expansions: 8,705, time: 7,305 [ms], path length: 45 [edges], generated: 14,609
[00:00:00:01:312] Path of length 45 found: [55, 47, 39, 31, 23, 15, 7, 6, 5, 13, 14, 22, 21, 29, 37, 45, 53, 52, 44, 43, 35, 36, 28, 20, 19, 27, 26, 34, 33, 41, 49, 48, 40, 32, 24, 16, 8, 9, 17, 18, 10, 11, 3, 2, 1, 0]
[00:00:00:01:312] ! Unidirectional t-s. expansions: 1,448, time: 1,312 [ms], path length: 45 [edges], generated: 2,565
[00:00:00:16:718] Path of length 45 found: [0, 8, 16, 24, 32, 40, 48, 49, 41, 33, 34, 26, 18, 17, 9, 1, 2, 10, 11, 3, 4, 5, 13, 21, 22, 14, 6, 7, 15, 23, 31, 39, 38, 37, 29, 28, 20, 19, 27, 35, 43, 44, 52, 53, 54, 55]
[00:00:00:17:110] ! Bidirectional. expansions: 9,275, time: 16,718 [ms], path length: 45 [edges], g_F: 43, g_B: 2, generated: {'F': 11,869, 'B': 3,688}, MM: 41, MMPER: 88.1304347826087%
[00:00:00:17:110] 
---------- SM_Grids/7x8_grid_with_random_blocks_12per_3 ----------
[00:00:00:40:278] Path of length 45 found: [0, 8, 16, 24, 32, 33, 25, 17, 9, 1, 2, 10, 11, 3, 4, 5, 6, 14, 22, 21, 20, 19, 27, 26, 34, 42, 41, 49, 50, 51, 43, 35, 36, 44, 52, 53, 45, 37, 29, 30, 31, 39, 38, 46, 47, 55]
[00:00:00:40:279] ! Unidirectional s-t. expansions: 51,632, time: 40,278 [ms], path length: 45 [edges], generated: 89,547
[00:00:00:46:303] Path of length 45 found: [55, 47, 39, 31, 30, 22, 14, 6, 5, 4, 3, 2, 1, 9, 10, 11, 12, 20, 19, 27, 26, 34, 42, 43, 35, 36, 28, 29, 37, 38, 46, 45, 44, 52, 51, 50, 49, 41, 33, 32, 24, 25, 17, 16, 8, 0]
[00:00:00:46:303] ! Unidirectional t-s. expansions: 64,654, time: 46,303 [ms], path length: 45 [edges], generated: 106,955
[00:00:02:30:332] Path of length 45 found: [0, 8, 16, 24, 32, 33, 25, 17, 9, 1, 2, 10, 11, 19, 27, 26, 34, 42, 41, 49, 50, 51, 43, 35, 36, 44, 52, 53, 45, 46, 38, 37, 29, 21, 20, 12, 4, 5, 6, 14, 22, 30, 31, 39, 47, 55]
[00:00:02:30:753] ! Bidirectional. expansions: 103,502, time: 150,332 [ms], path length: 45 [edges], g_F: 34, g_B: 11, generated: {'F': 96,221, 'B': 97,915}, MM: 23, MMPER: 49.0%
[00:00:02:30:753] 
---------- SM_Grids/7x8_grid_with_random_blocks_12per_4 ----------
[00:00:00:25:046] Path of length 45 found: [0, 1, 2, 10, 9, 17, 16, 24, 25, 33, 32, 40, 48, 49, 41, 42, 34, 35, 43, 51, 52, 53, 45, 37, 36, 28, 27, 19, 11, 12, 20, 21, 13, 5, 6, 7, 15, 23, 22, 30, 31, 39, 38, 46, 54, 55]
[00:00:00:25:047] ! Unidirectional s-t. expansions: 33,896, time: 25,046 [ms], path length: 45 [edges], generated: 58,663
[00:00:00:37:531] Path of length 45 found: [55, 47, 39, 31, 23, 15, 7, 6, 5, 4, 12, 13, 21, 22, 30, 38, 37, 45, 46, 54, 53, 52, 51, 43, 42, 50, 49, 48, 40, 32, 24, 16, 17, 25, 33, 34, 35, 36, 28, 20, 19, 11, 10, 2, 1, 0]
[00:00:00:37:532] ! Unidirectional t-s. expansions: 54,579, time: 37,532 [ms], path length: 45 [edges], generated: 91,105
[00:00:02:40:005] Path of length 45 found: [0, 1, 2, 10, 9, 17, 16, 24, 25, 33, 32, 40, 48, 49, 41, 42, 34, 35, 43, 51, 52, 53, 54, 46, 45, 37, 38, 30, 22, 21, 20, 28, 27, 19, 11, 12, 4, 5, 6, 7, 15, 23, 31, 39, 47, 55]
[00:00:02:40:379] ! Bidirectional. expansions: 103,282, time: 160,005 [ms], path length: 45 [edges], g_F: 27, g_B: 18, generated: {'F': 104,460, 'B': 76,394}, MM: 9, MMPER: 18.565217391304348%
[00:00:02:40:380] 
---------- SM_Grids/7x8_grid_with_random_blocks_12per_5 ----------
[00:00:00:34:499] Path of length 45 found: [0, 8, 16, 17, 9, 1, 2, 10, 18, 26, 25, 33, 32, 40, 48, 49, 50, 51, 52, 53, 45, 46, 38, 30, 29, 21, 13, 12, 20, 28, 36, 35, 27, 19, 11, 3, 4, 5, 6, 14, 22, 23, 31, 39, 47, 55]
[00:00:00:34:499] ! Unidirectional s-t. expansions: 38,117, time: 34,499 [ms], path length: 45 [edges], generated: 67,595
[00:00:00:09:963] Path of length 45 found: [55, 47, 39, 31, 23, 22, 14, 6, 5, 4, 3, 2, 1, 9, 10, 18, 26, 34, 35, 36, 28, 27, 19, 11, 12, 20, 21, 29, 30, 38, 46, 45, 53, 52, 51, 50, 49, 48, 40, 32, 33, 25, 17, 16, 8, 0]
[00:00:00:09:963] ! Unidirectional t-s. expansions: 12,107, time: 9,963 [ms], path length: 45 [edges], generated: 20,374
[00:00:02:22:090] Path of length 45 found: [0, 8, 16, 17, 9, 1, 2, 10, 18, 26, 25, 33, 32, 40, 48, 49, 50, 51, 52, 53, 45, 46, 38, 30, 29, 21, 13, 12, 20, 28, 36, 35, 27, 19, 11, 3, 4, 5, 6, 14, 22, 23, 31, 39, 47, 55]
[00:00:02:22:447] ! Bidirectional. expansions: 83,967, time: 142,090 [ms], path length: 45 [edges], g_F: 24, g_B: 21, generated: {'F': 100,823, 'B': 48,442}, MM: 3, MMPER: 5.521739130434782%
[00:00:02:22:447] 
---------- SM_Grids/7x8_grid_with_random_blocks_12per_6 ----------
[00:00:00:00:139] Path of length 47 found: [0, 8, 9, 17, 18, 10, 2, 3, 11, 19, 27, 26, 34, 33, 32, 40, 48, 49, 41, 42, 50, 51, 43, 35, 36, 28, 20, 21, 29, 37, 45, 44, 52, 53, 54, 46, 38, 30, 22, 14, 6, 7, 15, 23, 31, 39, 47, 55]
[00:00:00:00:139] ! Unidirectional s-t. expansions: 47, time: 139 [ms], path length: 47 [edges], generated: 78
[00:00:00:00:530] Path of length 47 found: [55, 47, 39, 31, 23, 15, 7, 6, 14, 22, 21, 20, 28, 36, 35, 43, 44, 45, 37, 29, 30, 38, 46, 54, 53, 52, 51, 50, 42, 41, 49, 48, 40, 32, 33, 34, 26, 27, 19, 11, 3, 2, 10, 18, 17, 9, 8, 0]
[00:00:00:00:530] ! Unidirectional t-s. expansions: 751, time: 530 [ms], path length: 47 [edges], generated: 1,214
[00:00:00:00:092] Path of length 47 found: [0, 8, 9, 17, 18, 10, 2, 3, 11, 19, 27, 26, 34, 33, 32, 40, 48, 49, 41, 42, 50, 51, 43, 35, 36, 28, 20, 21, 29, 37, 45, 44, 52, 53, 54, 46, 38, 30, 22, 14, 6, 7, 15, 23, 31, 39, 47, 55]
[00:00:00:00:453] ! Bidirectional. expansions: 47, time: 92 [ms], path length: 47 [edges], g_F: 38, g_B: 9, generated: {'F': 66, 'B': 16}, MM: 29, MMPER: 59.416666666666664%
[00:00:00:00:453] 
---------- SM_Grids/7x8_grid_with_random_blocks_12per_7 ----------
[00:00:00:00:152] Path of length 47 found: [0, 8, 9, 1, 2, 10, 18, 17, 25, 33, 41, 49, 50, 42, 34, 26, 27, 35, 43, 51, 52, 44, 36, 28, 20, 19, 11, 3, 4, 12, 13, 5, 6, 14, 15, 23, 31, 30, 29, 37, 45, 53, 54, 46, 38, 39, 47, 55]
[00:00:00:00:152] ! Unidirectional s-t. expansions: 215, time: 152 [ms], path length: 47 [edges], generated: 383
[00:00:00:02:832] Path of length 47 found: [55, 47, 39, 31, 23, 15, 14, 6, 5, 13, 12, 4, 3, 11, 19, 20, 28, 27, 26, 34, 42, 43, 35, 36, 44, 45, 37, 29, 30, 38, 46, 54, 53, 52, 51, 50, 49, 41, 33, 25, 17, 18, 10, 2, 1, 9, 8, 0]
[00:00:00:02:833] ! Unidirectional t-s. expansions: 4,674, time: 2,832 [ms], path length: 47 [edges], generated: 7,509
[00:00:00:00:091] Path of length 47 found: [0, 8, 9, 1, 2, 10, 18, 17, 25, 33, 41, 49, 50, 42, 34, 26, 27, 35, 43, 51, 52, 53, 54, 46, 38, 30, 29, 37, 45, 44, 36, 28, 20, 19, 11, 3, 4, 12, 13, 5, 6, 14, 15, 23, 31, 39, 47, 55]
[00:00:00:00:436] ! Bidirectional. expansions: 47, time: 91 [ms], path length: 47 [edges], g_F: 17, g_B: 30, generated: {'F': 34, 'B': 53}, MM: 13, MMPER: 26.083333333333332%
[00:00:00:00:437] 
---------- SM_Grids/7x8_grid_with_random_blocks_12per_8 ----------
[00:00:00:08:360] Path of length 47 found: [0, 8, 16, 24, 32, 33, 34, 26, 18, 17, 9, 1, 2, 10, 11, 3, 4, 12, 20, 19, 27, 35, 43, 42, 50, 51, 52, 44, 36, 28, 29, 21, 13, 5, 6, 7, 15, 14, 22, 30, 31, 39, 47, 46, 45, 53, 54, 55]
[00:00:00:08:360] ! Unidirectional s-t. expansions: 10,075, time: 8,360 [ms], path length: 47 [edges], generated: 17,893
[00:00:00:27:630] Path of length 47 found: [55, 47, 39, 31, 30, 22, 14, 15, 7, 6, 5, 4, 3, 2, 1, 9, 17, 18, 10, 11, 19, 27, 35, 43, 44, 36, 28, 20, 12, 13, 21, 29, 37, 45, 46, 54, 53, 52, 51, 50, 42, 34, 33, 32, 24, 16, 8, 0]
[00:00:00:27:630] ! Unidirectional t-s. expansions: 39,996, time: 27,630 [ms], path length: 47 [edges], generated: 65,458
[00:00:01:27:918] Path of length 47 found: [0, 8, 16, 24, 32, 33, 34, 26, 18, 17, 9, 1, 2, 10, 11, 3, 4, 12, 20, 19, 27, 35, 43, 42, 50, 51, 52, 53, 54, 46, 45, 44, 36, 28, 29, 21, 13, 5, 6, 7, 15, 14, 22, 30, 31, 39, 47, 55]
[00:00:01:28:287] ! Bidirectional. expansions: 59,329, time: 87,918 [ms], path length: 47 [edges], g_F: 34, g_B: 13, generated: {'F': 41,693, 'B': 64,342}, MM: 21, MMPER: 42.75%
[00:00:01:28:287] 
---------- SM_Grids/7x8_grid_with_random_blocks_12per_9 ----------
[00:00:00:00:641] Path of length 47 found: [0, 8, 16, 24, 32, 40, 48, 49, 41, 33, 25, 17, 18, 10, 2, 3, 11, 19, 27, 26, 34, 42, 50, 51, 43, 35, 36, 28, 29, 21, 20, 12, 13, 5, 6, 7, 15, 14, 22, 23, 31, 30, 38, 39, 47, 46, 54, 55]
[00:00:00:00:641] ! Unidirectional s-t. expansions: 639, time: 641 [ms], path length: 47 [edges], generated: 1,103
[00:00:00:00:537] Path of length 47 found: [55, 54, 46, 47, 39, 38, 30, 31, 23, 15, 7, 6, 5, 13, 14, 22, 21, 29, 28, 20, 12, 11, 3, 2, 10, 18, 19, 27, 26, 25, 33, 41, 42, 34, 35, 36, 44, 43, 51, 50, 49, 48, 40, 32, 24, 16, 8, 0]
[00:00:00:00:537] ! Unidirectional t-s. expansions: 722, time: 537 [ms], path length: 47 [edges], generated: 1,225
[00:00:00:02:805] Path of length 47 found: [0, 8, 16, 24, 32, 40, 48, 49, 41, 33, 25, 17, 18, 10, 2, 3, 11, 19, 27, 26, 34, 42, 50, 51, 43, 35, 36, 28, 29, 21, 20, 12, 13, 5, 6, 7, 15, 14, 22, 23, 31, 30, 38, 39, 47, 46, 54, 55]
[00:00:00:03:189] ! Bidirectional. expansions: 1,779, time: 2,805 [ms], path length: 47 [edges], g_F: 26, g_B: 21, generated: {'F': 1,062, 'B': 2,019}, MM: 5, MMPER: 9.416666666666666%

[00:00:00:03:189] average expansions: (16,928, 18,460, 39,215, 0)
[00:00:00:03:189] average time: (13,456, 13,074, 61,035, 0)
[00:00:00:03:189] X-DFBnB: 16,928 , 13,074 (expansions , time[ms])
[00:00:00:03:189] BiX-DFBnB: 39,215 , 61,035 (expansions , time[ms])

--------------------------
date: SM_Grids
number_of_graphs: 10
graph_type: grid
size_of_graphs: [7, 8]
heuristic: bcc_heuristic
snake: False
run_uni: True
run_bi: True
run_multi: False
solution_vertices: []
algorithms: ['DFBnB']
bsd: False
cube_first_dims: 4
cube_buffer_dim: None
backward_sym_generation: False
sym_coil: False
prefix_set: None

---------- SM_Grids/7x8_grid_with_random_blocks_12per_0 ----------
[00:00:00:13:185] Path of length 47 found: [0, 1, 2, 10, 18, 17, 16, 24, 32, 40, 48, 49, 41, 33, 25, 26, 34, 42, 50, 51, 43, 44, 45, 37, 29, 21, 13, 12, 20, 28, 27, 19, 11, 3, 4, 5, 6, 7, 15, 14, 22, 23, 31, 30, 38, 46, 47, 55]
[00:00:00:13:185] ! Unidirectional s-t. expansions: 20,326, time: 13,185 [ms], path length: 47 [edges], generated: 32,937
[00:00:00:04:164] Path of length 47 found: [55, 47, 39, 31, 23, 15, 7, 6, 5, 4, 3, 11, 19, 27, 28, 20, 12, 13, 14, 22, 21, 29, 30, 38, 37, 45, 44, 43, 51, 50, 42, 34, 26, 25, 33, 41, 49, 48, 40, 32, 24, 16, 17, 18, 10, 2, 1, 0]
[00:00:00:04:165] ! Unidirectional t-s. expansions: 5,611, time: 4,164 [ms], path length: 47 [edges], generated: 9,640
[00:00:00:40:513] Path of length 47 found: [0, 1, 2, 10, 18, 17, 16, 24, 32, 40, 48, 49, 41, 33, 25, 26, 34, 42, 50, 51, 43, 44, 45, 46, 38, 37, 29, 30, 22, 14, 13, 12, 20, 28, 27, 19, 11, 3, 4, 5, 6, 7, 15, 23, 31, 39, 47, 55]
[00:00:00:40:913] ! Bidirectional. expansions: 26,687, time: 40,513 [ms], path length: 47 [edges], g_F: 31, g_B: 16, generated: {'F': 31,797, 'B': 14,713}, MM: 15, MMPER: 30.25%
[00:00:00:40:913] 
---------- SM_Grids/7x8_grid_with_random_blocks_12per_1 ----------
[00:00:00:04:727] Path of length 47 found: [0, 8, 16, 24, 32, 40, 41, 33, 25, 17, 9, 10, 2, 3, 11, 19, 18, 26, 34, 42, 50, 51, 43, 35, 27, 28, 20, 21, 13, 12, 4, 5, 6, 14, 15, 23, 22, 30, 38, 37, 36, 44, 45, 53, 54, 46, 47, 55]
[00:00:00:04:728] ! Unidirectional s-t. expansions: 5,625, time: 4,728 [ms], path length: 47 [edges], generated: 9,236
[00:00:00:00:055] Path of length 47 found: [55, 47, 39, 38, 46, 54, 53, 45, 37, 36, 44, 43, 51, 50, 42, 34, 35, 27, 28, 20, 12, 13, 21, 22, 23, 15, 14, 6, 5, 4, 3, 2, 10, 11, 19, 18, 26, 25, 33, 41, 40, 32, 24, 16, 17, 9, 8, 0]
[00:00:00:00:055] ! Unidirectional t-s. expansions: 54, time: 55 [ms], path length: 47 [edges], generated: 91
[00:00:00:08:637] Path of length 47 found: [0, 8, 16, 24, 32, 40, 41, 33, 25, 26, 18, 17, 9, 10, 2, 3, 4, 5, 6, 14, 15, 23, 22, 21, 13, 12, 11, 19, 20, 28, 27, 35, 34, 42, 50, 51, 43, 44, 36, 37, 45, 53, 54, 46, 38, 39, 47, 55]
[00:00:00:09:018] ! Bidirectional. expansions: 4,239, time: 8,637 [ms], path length: 47 [edges], g_F: 32, g_B: 15, generated: {'F': 6,449, 'B': 1,240}, MM: 17, MMPER: 34.416666666666664%
[00:00:00:09:018] 
---------- SM_Grids/7x8_grid_with_random_blocks_12per_2 ----------
[00:00:00:07:213] Path of length 45 found: [0, 8, 16, 24, 32, 40, 48, 49, 41, 33, 34, 26, 18, 17, 9, 1, 2, 10, 11, 3, 4, 5, 13, 21, 22, 14, 6, 7, 15, 23, 31, 39, 38, 37, 29, 28, 20, 19, 27, 35, 43, 44, 52, 53, 54, 55]
[00:00:00:07:214] ! Unidirectional s-t. expansions: 8,705, time: 7,213 [ms], path length: 45 [edges], generated: 14,609
[00:00:00:01:307] Path of length 45 found: [55, 47, 39, 31, 23, 15, 7, 6, 5, 13, 14, 22, 21, 29, 37, 45, 53, 52, 44, 43, 35, 36, 28, 20, 19, 27, 26, 34, 33, 41, 49, 48, 40, 32, 24, 16, 8, 9, 17, 18, 10, 11, 3, 2, 1, 0]
[00:00:00:01:307] ! Unidirectional t-s. expansions: 1,448, time: 1,307 [ms], path length: 45 [edges], generated: 2,565
[00:00:00:16:013] Path of length 45 found: [0, 8, 16, 24, 32, 40, 48, 49, 41, 33, 34, 26, 18, 17, 9, 1, 2, 10, 11, 3, 4, 5, 13, 21, 22, 14, 6, 7, 15, 23, 31, 39, 38, 37, 29, 28, 20, 19, 27, 35, 43, 44, 52, 53, 54, 55]
[00:00:00:16:393] ! Bidirectional. expansions: 9,275, time: 16,013 [ms], path length: 45 [edges], g_F: 43, g_B: 2, generated: {'F': 11,869, 'B': 3,688}, MM: 41, MMPER: 88.1304347826087%
[00:00:00:16:394] 
---------- SM_Grids/7x8_grid_with_random_blocks_12per_3 ----------
[00:00:00:40:071] Path of length 45 found: [0, 8, 16, 24, 32, 33, 25, 17, 9, 1, 2, 10, 11, 3, 4, 5, 6, 14, 22, 21, 20, 19, 27, 26, 34, 42, 41, 49, 50, 51, 43, 35, 36, 44, 52, 53, 45, 37, 29, 30, 31, 39, 38, 46, 47, 55]
[00:00:00:40:071] ! Unidirectional s-t. expansions: 51,632, time: 40,071 [ms], path length: 45 [edges], generated: 89,547
[00:00:00:45:815] Path of length 45 found: [55, 47, 39, 31, 30, 22, 14, 6, 5, 4, 3, 2, 1, 9, 10, 11, 12, 20, 19, 27, 26, 34, 42, 43, 35, 36, 28, 29, 37, 38, 46, 45, 44, 52, 51, 50, 49, 41, 33, 32, 24, 25, 17, 16, 8, 0]
[00:00:00:45:815] ! Unidirectional t-s. expansions: 64,654, time: 45,815 [ms], path length: 45 [edges], generated: 106,955
[00:00:02:26:811] Path of length 45 found: [0, 8, 16, 24, 32, 33, 25, 17, 9, 1, 2, 10, 11, 19, 27, 26, 34, 42, 41, 49, 50, 51, 43, 35, 36, 44, 52, 53, 45, 46, 38, 37, 29, 21, 20, 12, 4, 5, 6, 14, 22, 30, 31, 39, 47, 55]
[00:00:02:27:238] ! Bidirectional. expansions: 103,502, time: 146,811 [ms], path length: 45 [edges], g_F: 34, g_B: 11, generated: {'F': 96,221, 'B': 97,915}, MM: 23, MMPER: 49.0%
[00:00:02:27:239] 
---------- SM_Grids/7x8_grid_with_random_blocks_12per_4 ----------
[00:00:00:25:795] Path of length 45 found: [0, 1, 2, 10, 9, 17, 16, 24, 25, 33, 32, 40, 48, 49, 41, 42, 34, 35, 43, 51, 52, 53, 45, 37, 36, 28, 27, 19, 11, 12, 20, 21, 13, 5, 6, 7, 15, 23, 22, 30, 31, 39, 38, 46, 54, 55]
[00:00:00:25:796] ! Unidirectional s-t. expansions: 33,896, time: 25,796 [ms], path length: 45 [edges], generated: 58,663
[00:00:00:38:281] Path of length 45 found: [55, 47, 39, 31, 23, 15, 7, 6, 5, 4, 12, 13, 21, 22, 30, 38, 37, 45, 46, 54, 53, 52, 51, 43, 42, 50, 49, 48, 40, 32, 24, 16, 17, 25, 33, 34, 35, 36, 28, 20, 19, 11, 10, 2, 1, 0]
[00:00:00:38:281] ! Unidirectional t-s. expansions: 54,579, time: 38,281 [ms], path length: 45 [edges], generated: 91,105
[00:00:02:41:976] Path of length 45 found: [0, 1, 2, 10, 9, 17, 16, 24, 25, 33, 32, 40, 48, 49, 41, 42, 34, 35, 43, 51, 52, 53, 54, 46, 45, 37, 38, 30, 22, 21, 20, 28, 27, 19, 11, 12, 4, 5, 6, 7, 15, 23, 31, 39, 47, 55]
[00:00:02:42:353] ! Bidirectional. expansions: 103,282, time: 161,976 [ms], path length: 45 [edges], g_F: 27, g_B: 18, generated: {'F': 104,460, 'B': 76,394}, MM: 9, MMPER: 18.565217391304348%
[00:00:02:42:353] 
---------- SM_Grids/7x8_grid_with_random_blocks_12per_5 ----------
[00:00:00:35:203] Path of length 45 found: [0, 8, 16, 17, 9, 1, 2, 10, 18, 26, 25, 33, 32, 40, 48, 49, 50, 51, 52, 53, 45, 46, 38, 30, 29, 21, 13, 12, 20, 28, 36, 35, 27, 19, 11, 3, 4, 5, 6, 14, 22, 23, 31, 39, 47, 55]
[00:00:00:35:203] ! Unidirectional s-t. expansions: 38,117, time: 35,203 [ms], path length: 45 [edges], generated: 67,595
[00:00:00:09:816] Path of length 45 found: [55, 47, 39, 31, 23, 22, 14, 6, 5, 4, 3, 2, 1, 9, 10, 18, 26, 34, 35, 36, 28, 27, 19, 11, 12, 20, 21, 29, 30, 38, 46, 45, 53, 52, 51, 50, 49, 48, 40, 32, 33, 25, 17, 16, 8, 0]
[00:00:00:09:816] ! Unidirectional t-s. expansions: 12,107, time: 9,816 [ms], path length: 45 [edges], generated: 20,374
[00:00:02:18:476] Path of length 45 found: [0, 8, 16, 17, 9, 1, 2, 10, 18, 26, 25, 33, 32, 40, 48, 49, 50, 51, 52, 53, 45, 46, 38, 30, 29, 21, 13, 12, 20, 28, 36, 35, 27, 19, 11, 3, 4, 5, 6, 14, 22, 23, 31, 39, 47, 55]
[00:00:02:18:852] ! Bidirectional. expansions: 83,967, time: 138,476 [ms], path length: 45 [edges], g_F: 24, g_B: 21, generated: {'F': 100,823, 'B': 48,442}, MM: 3, MMPER: 5.521739130434782%
[00:00:02:18:852] 
---------- SM_Grids/7x8_grid_with_random_blocks_12per_6 ----------
[00:00:00:00:151] Path of length 47 found: [0, 8, 9, 17, 18, 10, 2, 3, 11, 19, 27, 26, 34, 33, 32, 40, 48, 49, 41, 42, 50, 51, 43, 35, 36, 28, 20, 21, 29, 37, 45, 44, 52, 53, 54, 46, 38, 30, 22, 14, 6, 7, 15, 23, 31, 39, 47, 55]
[00:00:00:00:151] ! Unidirectional s-t. expansions: 47, time: 151 [ms], path length: 47 [edges], generated: 78
[00:00:00:00:535] Path of length 47 found: [55, 47, 39, 31, 23, 15, 7, 6, 14, 22, 21, 20, 28, 36, 35, 43, 44, 45, 37, 29, 30, 38, 46, 54, 53, 52, 51, 50, 42, 41, 49, 48, 40, 32, 33, 34, 26, 27, 19, 11, 3, 2, 10, 18, 17, 9, 8, 0]
[00:00:00:00:536] ! Unidirectional t-s. expansions: 751, time: 535 [ms], path length: 47 [edges], generated: 1,214
[00:00:00:00:094] Path of length 47 found: [0, 8, 9, 17, 18, 10, 2, 3, 11, 19, 27, 26, 34, 33, 32, 40, 48, 49, 41, 42, 50, 51, 43, 35, 36, 28, 20, 21, 29, 37, 45, 44, 52, 53, 54, 46, 38, 30, 22, 14, 6, 7, 15, 23, 31, 39, 47, 55]
[00:00:00:00:464] ! Bidirectional. expansions: 47, time: 94 [ms], path length: 47 [edges], g_F: 38, g_B: 9, generated: {'F': 66, 'B': 16}, MM: 29, MMPER: 59.416666666666664%
[00:00:00:00:464] 
---------- SM_Grids/7x8_grid_with_random_blocks_12per_7 ----------
[00:00:00:00:151] Path of length 47 found: [0, 8, 9, 1, 2, 10, 18, 17, 25, 33, 41, 49, 50, 42, 34, 26, 27, 35, 43, 51, 52, 44, 36, 28, 20, 19, 11, 3, 4, 12, 13, 5, 6, 14, 15, 23, 31, 30, 29, 37, 45, 53, 54, 46, 38, 39, 47, 55]
[00:00:00:00:151] ! Unidirectional s-t. expansions: 215, time: 151 [ms], path length: 47 [edges], generated: 383
[00:00:00:02:867] Path of length 47 found: [55, 47, 39, 31, 23, 15, 14, 6, 5, 13, 12, 4, 3, 11, 19, 20, 28, 27, 26, 34, 42, 43, 35, 36, 44, 45, 37, 29, 30, 38, 46, 54, 53, 52, 51, 50, 49, 41, 33, 25, 17, 18, 10, 2, 1, 9, 8, 0]
[00:00:00:02:867] ! Unidirectional t-s. expansions: 4,674, time: 2,867 [ms], path length: 47 [edges], generated: 7,509
[00:00:00:00:094] Path of length 47 found: [0, 8, 9, 1, 2, 10, 18, 17, 25, 33, 41, 49, 50, 42, 34, 26, 27, 35, 43, 51, 52, 53, 54, 46, 38, 30, 29, 37, 45, 44, 36, 28, 20, 19, 11, 3, 4, 12, 13, 5, 6, 14, 15, 23, 31, 39, 47, 55]
[00:00:00:00:457] ! Bidirectional. expansions: 47, time: 94 [ms], path length: 47 [edges], g_F: 17, g_B: 30, generated: {'F': 34, 'B': 53}, MM: 13, MMPER: 26.083333333333332%
[00:00:00:00:457] 
---------- SM_Grids/7x8_grid_with_random_blocks_12per_8 ----------
[00:00:00:08:553] Path of length 47 found: [0, 8, 16, 24, 32, 33, 34, 26, 18, 17, 9, 1, 2, 10, 11, 3, 4, 12, 20, 19, 27, 35, 43, 42, 50, 51, 52, 44, 36, 28, 29, 21, 13, 5, 6, 7, 15, 14, 22, 30, 31, 39, 47, 46, 45, 53, 54, 55]
[00:00:00:08:554] ! Unidirectional s-t. expansions: 10,075, time: 8,553 [ms], path length: 47 [edges], generated: 17,893
[00:00:00:28:566] Path of length 47 found: [55, 47, 39, 31, 30, 22, 14, 15, 7, 6, 5, 4, 3, 2, 1, 9, 17, 18, 10, 11, 19, 27, 35, 43, 44, 36, 28, 20, 12, 13, 21, 29, 37, 45, 46, 54, 53, 52, 51, 50, 42, 34, 33, 32, 24, 16, 8, 0]
[00:00:00:28:566] ! Unidirectional t-s. expansions: 39,996, time: 28,566 [ms], path length: 47 [edges], generated: 65,458
[00:00:01:28:120] Path of length 47 found: [0, 8, 16, 24, 32, 33, 34, 26, 18, 17, 9, 1, 2, 10, 11, 3, 4, 12, 20, 19, 27, 35, 43, 42, 50, 51, 52, 53, 54, 46, 45, 44, 36, 28, 29, 21, 13, 5, 6, 7, 15, 14, 22, 30, 31, 39, 47, 55]
[00:00:01:28:493] ! Bidirectional. expansions: 59,329, time: 88,120 [ms], path length: 47 [edges], g_F: 34, g_B: 13, generated: {'F': 41,693, 'B': 64,342}, MM: 21, MMPER: 42.75%
[00:00:01:28:493] 
---------- SM_Grids/7x8_grid_with_random_blocks_12per_9 ----------
[00:00:00:00:643] Path of length 47 found: [0, 8, 16, 24, 32, 40, 48, 49, 41, 33, 25, 17, 18, 10, 2, 3, 11, 19, 27, 26, 34, 42, 50, 51, 43, 35, 36, 28, 29, 21, 20, 12, 13, 5, 6, 7, 15, 14, 22, 23, 31, 30, 38, 39, 47, 46, 54, 55]
[00:00:00:00:643] ! Unidirectional s-t. expansions: 639, time: 643 [ms], path length: 47 [edges], generated: 1,103
[00:00:00:00:539] Path of length 47 found: [55, 54, 46, 47, 39, 38, 30, 31, 23, 15, 7, 6, 5, 13, 14, 22, 21, 29, 28, 20, 12, 11, 3, 2, 10, 18, 19, 27, 26, 25, 33, 41, 42, 34, 35, 36, 44, 43, 51, 50, 49, 48, 40, 32, 24, 16, 8, 0]
[00:00:00:00:539] ! Unidirectional t-s. expansions: 722, time: 539 [ms], path length: 47 [edges], generated: 1,225
[00:00:00:02:811] Path of length 47 found: [0, 8, 16, 24, 32, 40, 48, 49, 41, 33, 25, 17, 18, 10, 2, 3, 11, 19, 27, 26, 34, 42, 50, 51, 43, 35, 36, 28, 29, 21, 20, 12, 13, 5, 6, 7, 15, 14, 22, 23, 31, 30, 38, 39, 47, 46, 54, 55]
[00:00:00:03:197] ! Bidirectional. expansions: 1,779, time: 2,811 [ms], path length: 47 [edges], g_F: 26, g_B: 21, generated: {'F': 1,062, 'B': 2,019}, MM: 5, MMPER: 9.416666666666666%

[00:00:00:03:197] average expansions: (16,928, 18,460, 39,215, 0)
[00:00:00:03:197] average time: (13,569, 13,194, 60,354, 0)
[00:00:00:03:197] X-DFBnB: 16,928 , 13,194 (expansions , time[ms])
[00:00:00:03:197] BiX-DFBnB: 39,215 , 60,354 (expansions , time[ms])

--------------------------
date: SM_Grids
number_of_graphs: 10
graph_type: grid
size_of_graphs: [7, 8]
heuristic: bcc_heuristic
snake: False
run_uni: True
run_bi: True
run_multi: False
solution_vertices: []
algorithms: ['DFBnB']
bsd: False
cube_first_dims: 4
cube_buffer_dim: None
backward_sym_generation: False
sym_coil: False
prefix_set: None

---------- SM_Grids/7x8_grid_with_random_blocks_12per_0 ----------
[00:00:00:13:398] Path of length 47 found: [0, 1, 2, 10, 18, 17, 16, 24, 32, 40, 48, 49, 41, 33, 25, 26, 34, 42, 50, 51, 43, 44, 45, 37, 29, 21, 13, 12, 20, 28, 27, 19, 11, 3, 4, 5, 6, 7, 15, 14, 22, 23, 31, 30, 38, 46, 47, 55]
[00:00:00:13:398] ! Unidirectional s-t. expansions: 20,326, time: 13,398 [ms], path length: 47 [edges], generated: 32,937
[00:00:00:04:075] Path of length 47 found: [55, 47, 39, 31, 23, 15, 7, 6, 5, 4, 3, 11, 19, 27, 28, 20, 12, 13, 14, 22, 21, 29, 30, 38, 37, 45, 44, 43, 51, 50, 42, 34, 26, 25, 33, 41, 49, 48, 40, 32, 24, 16, 17, 18, 10, 2, 1, 0]
[00:00:00:04:076] ! Unidirectional t-s. expansions: 5,611, time: 4,076 [ms], path length: 47 [edges], generated: 9,640
[00:00:00:40:618] Path of length 47 found: [0, 1, 2, 10, 18, 17, 16, 24, 32, 40, 48, 49, 41, 33, 25, 26, 34, 42, 50, 51, 43, 44, 45, 46, 38, 37, 29, 30, 22, 14, 13, 12, 20, 28, 27, 19, 11, 3, 4, 5, 6, 7, 15, 23, 31, 39, 47, 55]
[00:00:00:41:015] ! Bidirectional. expansions: 26,687, time: 40,618 [ms], path length: 47 [edges], g_F: 31, g_B: 16, generated: {'F': 31,797, 'B': 14,713}, MM: 15, MMPER: 30.25%
[00:00:00:41:015] 
---------- SM_Grids/7x8_grid_with_random_blocks_12per_1 ----------
[00:00:00:04:691] Path of length 47 found: [0, 8, 16, 24, 32, 40, 41, 33, 25, 17, 9, 10, 2, 3, 11, 19, 18, 26, 34, 42, 50, 51, 43, 35, 27, 28, 20, 21, 13, 12, 4, 5, 6, 14, 15, 23, 22, 30, 38, 37, 36, 44, 45, 53, 54, 46, 47, 55]
[00:00:00:04:691] ! Unidirectional s-t. expansions: 5,625, time: 4,691 [ms], path length: 47 [edges], generated: 9,236
[00:00:00:00:054] Path of length 47 found: [55, 47, 39, 38, 46, 54, 53, 45, 37, 36, 44, 43, 51, 50, 42, 34, 35, 27, 28, 20, 12, 13, 21, 22, 23, 15, 14, 6, 5, 4, 3, 2, 10, 11, 19, 18, 26, 25, 33, 41, 40, 32, 24, 16, 17, 9, 8, 0]
[00:00:00:00:055] ! Unidirectional t-s. expansions: 54, time: 55 [ms], path length: 47 [edges], generated: 91
[00:00:00:08:648] Path of length 47 found: [0, 8, 16, 24, 32, 40, 41, 33, 25, 26, 18, 17, 9, 10, 2, 3, 4, 5, 6, 14, 15, 23, 22, 21, 13, 12, 11, 19, 20, 28, 27, 35, 34, 42, 50, 51, 43, 44, 36, 37, 45, 53, 54, 46, 38, 39, 47, 55]
[00:00:00:09:019] ! Bidirectional. expansions: 4,239, time: 8,648 [ms], path length: 47 [edges], g_F: 32, g_B: 15, generated: {'F': 6,449, 'B': 1,240}, MM: 17, MMPER: 34.416666666666664%
[00:00:00:09:020] 
---------- SM_Grids/7x8_grid_with_random_blocks_12per_2 ----------
[00:00:00:07:163] Path of length 45 found: [0, 8, 16, 24, 32, 40, 48, 49, 41, 33, 34, 26, 18, 17, 9, 1, 2, 10, 11, 3, 4, 5, 13, 21, 22, 14, 6, 7, 15, 23, 31, 39, 38, 37, 29, 28, 20, 19, 27, 35, 43, 44, 52, 53, 54, 55]
[00:00:00:07:163] ! Unidirectional s-t. expansions: 8,705, time: 7,163 [ms], path length: 45 [edges], generated: 14,609
[00:00:00:01:280] Path of length 45 found: [55, 47, 39, 31, 23, 15, 7, 6, 5, 13, 14, 22, 21, 29, 37, 45, 53, 52, 44, 43, 35, 36, 28, 20, 19, 27, 26, 34, 33, 41, 49, 48, 40, 32, 24, 16, 8, 9, 17, 18, 10, 11, 3, 2, 1, 0]
[00:00:00:01:280] ! Unidirectional t-s. expansions: 1,448, time: 1,280 [ms], path length: 45 [edges], generated: 2,565
[00:00:00:15:983] Path of length 45 found: [0, 8, 16, 24, 32, 40, 48, 49, 41, 33, 34, 26, 18, 17, 9, 1, 2, 10, 11, 3, 4, 5, 13, 21, 22, 14, 6, 7, 15, 23, 31, 39, 38, 37, 29, 28, 20, 19, 27, 35, 43, 44, 52, 53, 54, 55]
[00:00:00:16:363] ! Bidirectional. expansions: 9,275, time: 15,983 [ms], path length: 45 [edges], g_F: 43, g_B: 2, generated: {'F': 11,869, 'B': 3,688}, MM: 41, MMPER: 88.1304347826087%
[00:00:00:16:363] 
---------- SM_Grids/7x8_grid_with_random_blocks_12per_3 ----------
[00:00:00:39:198] Path of length 45 found: [0, 8, 16, 24, 32, 33, 25, 17, 9, 1, 2, 10, 11, 3, 4, 5, 6, 14, 22, 21, 20, 19, 27, 26, 34, 42, 41, 49, 50, 51, 43, 35, 36, 44, 52, 53, 45, 37, 29, 30, 31, 39, 38, 46, 47, 55]
[00:00:00:39:199] ! Unidirectional s-t. expansions: 51,632, time: 39,198 [ms], path length: 45 [edges], generated: 89,547
[00:00:00:45:690] Path of length 45 found: [55, 47, 39, 31, 30, 22, 14, 6, 5, 4, 3, 2, 1, 9, 10, 11, 12, 20, 19, 27, 26, 34, 42, 43, 35, 36, 28, 29, 37, 38, 46, 45, 44, 52, 51, 50, 49, 41, 33, 32, 24, 25, 17, 16, 8, 0]
[00:00:00:45:690] ! Unidirectional t-s. expansions: 64,654, time: 45,690 [ms], path length: 45 [edges], generated: 106,955
[00:00:02:25:982] Path of length 45 found: [0, 8, 16, 24, 32, 33, 25, 17, 9, 1, 2, 10, 11, 19, 27, 26, 34, 42, 41, 49, 50, 51, 43, 35, 36, 44, 52, 53, 45, 46, 38, 37, 29, 21, 20, 12, 4, 5, 6, 14, 22, 30, 31, 39, 47, 55]
[00:00:02:26:398] ! Bidirectional. expansions: 103,502, time: 145,982 [ms], path length: 45 [edges], g_F: 34, g_B: 11, generated: {'F': 96,221, 'B': 97,915}, MM: 23, MMPER: 49.0%
[00:00:02:26:398] 
---------- SM_Grids/7x8_grid_with_random_blocks_12per_4 ----------
[00:00:00:25:476] Path of length 45 found: [0, 1, 2, 10, 9, 17, 16, 24, 25, 33, 32, 40, 48, 49, 41, 42, 34, 35, 43, 51, 52, 53, 45, 37, 36, 28, 27, 19, 11, 12, 20, 21, 13, 5, 6, 7, 15, 23, 22, 30, 31, 39, 38, 46, 54, 55]
[00:00:00:25:476] ! Unidirectional s-t. expansions: 33,896, time: 25,476 [ms], path length: 45 [edges], generated: 58,663
[00:00:00:40:192] Path of length 45 found: [55, 47, 39, 31, 23, 15, 7, 6, 5, 4, 12, 13, 21, 22, 30, 38, 37, 45, 46, 54, 53, 52, 51, 43, 42, 50, 49, 48, 40, 32, 24, 16, 17, 25, 33, 34, 35, 36, 28, 20, 19, 11, 10, 2, 1, 0]
[00:00:00:40:192] ! Unidirectional t-s. expansions: 54,579, time: 40,192 [ms], path length: 45 [edges], generated: 91,105
[00:00:02:48:555] Path of length 45 found: [0, 1, 2, 10, 9, 17, 16, 24, 25, 33, 32, 40, 48, 49, 41, 42, 34, 35, 43, 51, 52, 53, 54, 46, 45, 37, 38, 30, 22, 21, 20, 28, 27, 19, 11, 12, 4, 5, 6, 7, 15, 23, 31, 39, 47, 55]
[00:00:02:48:941] ! Bidirectional. expansions: 103,282, time: 168,555 [ms], path length: 45 [edges], g_F: 27, g_B: 18, generated: {'F': 104,460, 'B': 76,394}, MM: 9, MMPER: 18.565217391304348%
[00:00:02:48:941] 
---------- SM_Grids/7x8_grid_with_random_blocks_12per_5 ----------
[00:00:00:35:261] Path of length 45 found: [0, 8, 16, 17, 9, 1, 2, 10, 18, 26, 25, 33, 32, 40, 48, 49, 50, 51, 52, 53, 45, 46, 38, 30, 29, 21, 13, 12, 20, 28, 36, 35, 27, 19, 11, 3, 4, 5, 6, 14, 22, 23, 31, 39, 47, 55]
[00:00:00:35:261] ! Unidirectional s-t. expansions: 38,117, time: 35,261 [ms], path length: 45 [edges], generated: 67,595
[00:00:00:09:663] Path of length 45 found: [55, 47, 39, 31, 23, 22, 14, 6, 5, 4, 3, 2, 1, 9, 10, 18, 26, 34, 35, 36, 28, 27, 19, 11, 12, 20, 21, 29, 30, 38, 46, 45, 53, 52, 51, 50, 49, 48, 40, 32, 33, 25, 17, 16, 8, 0]
[00:00:00:09:663] ! Unidirectional t-s. expansions: 12,107, time: 9,663 [ms], path length: 45 [edges], generated: 20,374
[00:00:02:18:259] Path of length 45 found: [0, 8, 16, 17, 9, 1, 2, 10, 18, 26, 25, 33, 32, 40, 48, 49, 50, 51, 52, 53, 45, 46, 38, 30, 29, 21, 13, 12, 20, 28, 36, 35, 27, 19, 11, 3, 4, 5, 6, 14, 22, 23, 31, 39, 47, 55]
[00:00:02:18:627] ! Bidirectional. expansions: 83,967, time: 138,259 [ms], path length: 45 [edges], g_F: 24, g_B: 21, generated: {'F': 100,823, 'B': 48,442}, MM: 3, MMPER: 5.521739130434782%
[00:00:02:18:627] 
---------- SM_Grids/7x8_grid_with_random_blocks_12per_6 ----------
[00:00:00:00:149] Path of length 47 found: [0, 8, 9, 17, 18, 10, 2, 3, 11, 19, 27, 26, 34, 33, 32, 40, 48, 49, 41, 42, 50, 51, 43, 35, 36, 28, 20, 21, 29, 37, 45, 44, 52, 53, 54, 46, 38, 30, 22, 14, 6, 7, 15, 23, 31, 39, 47, 55]
[00:00:00:00:149] ! Unidirectional s-t. expansions: 47, time: 149 [ms], path length: 47 [edges], generated: 78
[00:00:00:00:529] Path of length 47 found: [55, 47, 39, 31, 23, 15, 7, 6, 14, 22, 21, 20, 28, 36, 35, 43, 44, 45, 37, 29, 30, 38, 46, 54, 53, 52, 51, 50, 42, 41, 49, 48, 40, 32, 33, 34, 26, 27, 19, 11, 3, 2, 10, 18, 17, 9, 8, 0]
[00:00:00:00:529] ! Unidirectional t-s. expansions: 751, time: 529 [ms], path length: 47 [edges], generated: 1,214
[00:00:00:00:093] Path of length 47 found: [0, 8, 9, 17, 18, 10, 2, 3, 11, 19, 27, 26, 34, 33, 32, 40, 48, 49, 41, 42, 50, 51, 43, 35, 36, 28, 20, 21, 29, 37, 45, 44, 52, 53, 54, 46, 38, 30, 22, 14, 6, 7, 15, 23, 31, 39, 47, 55]
[00:00:00:00:459] ! Bidirectional. expansions: 47, time: 93 [ms], path length: 47 [edges], g_F: 38, g_B: 9, generated: {'F': 66, 'B': 16}, MM: 29, MMPER: 59.416666666666664%
[00:00:00:00:460] 
---------- SM_Grids/7x8_grid_with_random_blocks_12per_7 ----------
[00:00:00:00:153] Path of length 47 found: [0, 8, 9, 1, 2, 10, 18, 17, 25, 33, 41, 49, 50, 42, 34, 26, 27, 35, 43, 51, 52, 44, 36, 28, 20, 19, 11, 3, 4, 12, 13, 5, 6, 14, 15, 23, 31, 30, 29, 37, 45, 53, 54, 46, 38, 39, 47, 55]
[00:00:00:00:153] ! Unidirectional s-t. expansions: 215, time: 153 [ms], path length: 47 [edges], generated: 383
[00:00:00:02:868] Path of length 47 found: [55, 47, 39, 31, 23, 15, 14, 6, 5, 13, 12, 4, 3, 11, 19, 20, 28, 27, 26, 34, 42, 43, 35, 36, 44, 45, 37, 29, 30, 38, 46, 54, 53, 52, 51, 50, 49, 41, 33, 25, 17, 18, 10, 2, 1, 9, 8, 0]
[00:00:00:02:868] ! Unidirectional t-s. expansions: 4,674, time: 2,868 [ms], path length: 47 [edges], generated: 7,509
[00:00:00:00:096] Path of length 47 found: [0, 8, 9, 1, 2, 10, 18, 17, 25, 33, 41, 49, 50, 42, 34, 26, 27, 35, 43, 51, 52, 53, 54, 46, 38, 30, 29, 37, 45, 44, 36, 28, 20, 19, 11, 3, 4, 12, 13, 5, 6, 14, 15, 23, 31, 39, 47, 55]
[00:00:00:00:464] ! Bidirectional. expansions: 47, time: 96 [ms], path length: 47 [edges], g_F: 17, g_B: 30, generated: {'F': 34, 'B': 53}, MM: 13, MMPER: 26.083333333333332%
[00:00:00:00:464] 
---------- SM_Grids/7x8_grid_with_random_blocks_12per_8 ----------
[00:00:00:08:543] Path of length 47 found: [0, 8, 16, 24, 32, 33, 34, 26, 18, 17, 9, 1, 2, 10, 11, 3, 4, 12, 20, 19, 27, 35, 43, 42, 50, 51, 52, 44, 36, 28, 29, 21, 13, 5, 6, 7, 15, 14, 22, 30, 31, 39, 47, 46, 45, 53, 54, 55]
[00:00:00:08:543] ! Unidirectional s-t. expansions: 10,075, time: 8,543 [ms], path length: 47 [edges], generated: 17,893
[00:00:00:28:169] Path of length 47 found: [55, 47, 39, 31, 30, 22, 14, 15, 7, 6, 5, 4, 3, 2, 1, 9, 17, 18, 10, 11, 19, 27, 35, 43, 44, 36, 28, 20, 12, 13, 21, 29, 37, 45, 46, 54, 53, 52, 51, 50, 42, 34, 33, 32, 24, 16, 8, 0]
[00:00:00:28:169] ! Unidirectional t-s. expansions: 39,996, time: 28,169 [ms], path length: 47 [edges], generated: 65,458
[00:00:01:28:040] Path of length 47 found: [0, 8, 16, 24, 32, 33, 34, 26, 18, 17, 9, 1, 2, 10, 11, 3, 4, 12, 20, 19, 27, 35, 43, 42, 50, 51, 52, 53, 54, 46, 45, 44, 36, 28, 29, 21, 13, 5, 6, 7, 15, 14, 22, 30, 31, 39, 47, 55]
[00:00:01:28:420] ! Bidirectional. expansions: 59,329, time: 88,040 [ms], path length: 47 [edges], g_F: 34, g_B: 13, generated: {'F': 41,693, 'B': 64,342}, MM: 21, MMPER: 42.75%
[00:00:01:28:420] 
---------- SM_Grids/7x8_grid_with_random_blocks_12per_9 ----------
[00:00:00:00:711] Path of length 47 found: [0, 8, 16, 24, 32, 40, 48, 49, 41, 33, 25, 17, 18, 10, 2, 3, 11, 19, 27, 26, 34, 42, 50, 51, 43, 35, 36, 28, 29, 21, 20, 12, 13, 5, 6, 7, 15, 14, 22, 23, 31, 30, 38, 39, 47, 46, 54, 55]
[00:00:00:00:712] ! Unidirectional s-t. expansions: 639, time: 711 [ms], path length: 47 [edges], generated: 1,103
[00:00:00:00:611] Path of length 47 found: [55, 54, 46, 47, 39, 38, 30, 31, 23, 15, 7, 6, 5, 13, 14, 22, 21, 29, 28, 20, 12, 11, 3, 2, 10, 18, 19, 27, 26, 25, 33, 41, 42, 34, 35, 36, 44, 43, 51, 50, 49, 48, 40, 32, 24, 16, 8, 0]
[00:00:00:00:611] ! Unidirectional t-s. expansions: 722, time: 611 [ms], path length: 47 [edges], generated: 1,225
[00:00:00:02:999] Path of length 47 found: [0, 8, 16, 24, 32, 40, 48, 49, 41, 33, 25, 17, 18, 10, 2, 3, 11, 19, 27, 26, 34, 42, 50, 51, 43, 35, 36, 28, 29, 21, 20, 12, 13, 5, 6, 7, 15, 14, 22, 23, 31, 30, 38, 39, 47, 46, 54, 55]
[00:00:00:03:405] ! Bidirectional. expansions: 1,779, time: 2,999 [ms], path length: 47 [edges], g_F: 26, g_B: 21, generated: {'F': 1,062, 'B': 2,019}, MM: 5, MMPER: 9.416666666666666%

[00:00:00:03:405] average expansions: (16,928, 18,460, 39,215, 0)
[00:00:00:03:405] average time: (13,474, 13,313, 60,927, 0)
[00:00:00:03:405] X-DFBnB: 16,928 , 13,313 (expansions , time[ms])
[00:00:00:03:405] BiX-DFBnB: 39,215 , 60,927 (expansions , time[ms])

