Fri 20 Mar 2026 13:00:28 IST

SLURM_JOBID:		 16224772
SLURM_JOB_NODELIST:	 ise-cpu256-16 

--------------------------
date: SM_Grids
number_of_graphs: 10
graph_type: grid
size_of_graphs: [7, 8]
heuristic: bcc_heuristic
snake: False
run_uni: True
run_bi: True
run_multi: False
solution_vertices: []
algorithms: ['DFBnB']
bsd: False
cube_first_dims: 4
cube_buffer_dim: None
backward_sym_generation: False
sym_coil: False
prefix_set: None

---------- SM_Grids/7x8_grid_with_random_blocks_20per_0 ----------
[00:00:00:00:059] Path of length 29 found: [0, 1, 9, 8, 16, 17, 25, 26, 18, 19, 11, 3, 4, 12, 20, 21, 13, 5, 6, 7, 15, 14, 22, 30, 38, 37, 45, 46, 47, 55]
[00:00:00:00:059] ! Unidirectional s-t. expansions: 67, time: 59 [ms], path length: 29 [edges], generated: 118
[00:00:00:00:040] Path of length 29 found: [55, 47, 46, 45, 37, 38, 30, 22, 23, 15, 7, 6, 14, 13, 5, 4, 3, 11, 12, 20, 19, 18, 26, 25, 17, 16, 8, 9, 1, 0]
[00:00:00:00:040] ! Unidirectional t-s. expansions: 53, time: 40 [ms], path length: 29 [edges], generated: 85
[00:00:00:00:244] Path of length 29 found: [0, 1, 9, 8, 16, 17, 25, 26, 18, 19, 11, 3, 4, 12, 20, 21, 13, 5, 6, 7, 15, 14, 22, 30, 38, 37, 45, 46, 47, 55]
[00:00:00:00:655] ! Bidirectional. expansions: 159, time: 244 [ms], path length: 29 [edges], g_F: 22, g_B: 7, generated: {'F': 214, 'B': 58}, MM: 15, MMPER: 49.0%
[00:00:00:00:656] 
---------- SM_Grids/7x8_grid_with_random_blocks_20per_1 ----------
[00:00:00:00:307] Path of length 39 found: [0, 8, 16, 24, 32, 40, 41, 42, 34, 26, 18, 17, 9, 10, 2, 3, 11, 12, 4, 5, 13, 14, 22, 21, 20, 28, 27, 35, 43, 44, 36, 37, 29, 30, 31, 39, 38, 46, 54, 55]
[00:00:00:00:308] ! Unidirectional s-t. expansions: 329, time: 308 [ms], path length: 39 [edges], generated: 578
[00:00:00:00:431] Path of length 39 found: [55, 54, 46, 38, 39, 31, 30, 22, 14, 13, 5, 4, 3, 2, 10, 11, 12, 20, 21, 29, 28, 27, 26, 34, 35, 36, 37, 45, 44, 43, 42, 41, 40, 32, 24, 16, 17, 9, 8, 0]
[00:00:00:00:431] ! Unidirectional t-s. expansions: 515, time: 431 [ms], path length: 39 [edges], generated: 897
[00:00:00:02:138] Path of length 39 found: [0, 8, 16, 24, 32, 40, 41, 42, 34, 35, 43, 44, 45, 37, 29, 21, 20, 28, 27, 26, 18, 17, 9, 10, 2, 3, 11, 12, 4, 5, 13, 14, 22, 30, 31, 39, 38, 46, 54, 55]
[00:00:00:02:525] ! Bidirectional. expansions: 1,415, time: 2,138 [ms], path length: 39 [edges], g_F: 14, g_B: 25, generated: {'F': 1,354, 'B': 1,247}, MM: 11, MMPER: 26.5%
[00:00:00:02:525] 
---------- SM_Grids/7x8_grid_with_random_blocks_20per_2 ----------
[00:00:00:00:066] Path of length 31 found: [0, 1, 9, 17, 16, 24, 32, 40, 48, 49, 41, 33, 25, 26, 18, 10, 2, 3, 11, 19, 27, 28, 36, 35, 34, 42, 43, 44, 45, 53, 54, 55]
[00:00:00:00:066] ! Unidirectional s-t. expansions: 31, time: 66 [ms], path length: 31 [edges], generated: 47
[00:00:00:00:024] Path of length 31 found: [55, 54, 53, 45, 44, 36, 28, 27, 19, 11, 3, 2, 10, 18, 26, 25, 33, 34, 35, 43, 42, 41, 49, 48, 40, 32, 24, 16, 17, 9, 1, 0]
[00:00:00:00:024] ! Unidirectional t-s. expansions: 31, time: 24 [ms], path length: 31 [edges], generated: 48
[00:00:00:00:060] Path of length 31 found: [0, 1, 9, 17, 16, 24, 32, 40, 48, 49, 41, 33, 25, 26, 18, 10, 2, 3, 11, 19, 27, 28, 36, 35, 34, 42, 43, 44, 45, 53, 54, 55]
[00:00:00:00:439] ! Bidirectional. expansions: 31, time: 60 [ms], path length: 31 [edges], g_F: 31, g_B: 0, generated: {'F': 47, 'B': 0}, MM: 31, MMPER: 95.875%
[00:00:00:00:439] 
---------- SM_Grids/7x8_grid_with_random_blocks_20per_3 ----------
[00:00:00:00:029] Path of length 35 found: [0, 1, 9, 8, 16, 24, 32, 33, 25, 17, 18, 10, 11, 19, 20, 12, 4, 5, 13, 21, 29, 37, 45, 46, 38, 30, 22, 14, 6, 7, 15, 23, 31, 39, 47, 55]
[00:00:00:00:029] ! Unidirectional s-t. expansions: 35, time: 29 [ms], path length: 35 [edges], generated: 58
[00:00:00:00:442] Path of length 35 found: [55, 47, 39, 31, 23, 15, 7, 6, 5, 4, 12, 13, 14, 22, 30, 38, 46, 45, 37, 29, 21, 20, 19, 11, 10, 9, 17, 18, 26, 25, 33, 32, 24, 16, 8, 0]
[00:00:00:00:442] ! Unidirectional t-s. expansions: 597, time: 442 [ms], path length: 35 [edges], generated: 989
[00:00:00:00:652] Path of length 35 found: [0, 1, 9, 8, 16, 24, 32, 33, 25, 17, 18, 10, 11, 19, 20, 21, 29, 37, 45, 46, 38, 30, 22, 14, 13, 12, 4, 5, 6, 7, 15, 23, 31, 39, 47, 55]
[00:00:00:01:027] ! Bidirectional. expansions: 447, time: 652 [ms], path length: 35 [edges], g_F: 10, g_B: 25, generated: {'F': 146, 'B': 580}, MM: 15, MMPER: 40.666666666666664%
[00:00:00:01:027] 
---------- SM_Grids/7x8_grid_with_random_blocks_20per_4 ----------
[00:00:00:00:226] Path of length 35 found: [0, 8, 16, 17, 25, 26, 34, 35, 27, 19, 18, 10, 9, 1, 2, 3, 4, 12, 20, 28, 29, 37, 38, 30, 22, 21, 13, 5, 6, 14, 15, 23, 31, 39, 47, 55]
[00:00:00:00:226] ! Unidirectional s-t. expansions: 329, time: 226 [ms], path length: 35 [edges], generated: 541
[00:00:00:00:029] Path of length 35 found: [55, 47, 46, 38, 37, 29, 21, 22, 30, 31, 23, 15, 14, 6, 5, 13, 12, 4, 3, 2, 1, 9, 10, 18, 19, 20, 28, 27, 35, 34, 26, 25, 17, 16, 8, 0]
[00:00:00:00:029] ! Unidirectional t-s. expansions: 35, time: 29 [ms], path length: 35 [edges], generated: 57
[00:00:00:00:407] Path of length 35 found: [0, 8, 16, 17, 25, 26, 34, 35, 27, 19, 18, 10, 9, 1, 2, 3, 4, 12, 20, 28, 29, 21, 13, 5, 6, 14, 15, 23, 22, 30, 31, 39, 38, 46, 47, 55]
[00:00:00:00:792] ! Bidirectional. expansions: 225, time: 408 [ms], path length: 35 [edges], g_F: 32, g_B: 3, generated: {'F': 352, 'B': 18}, MM: 29, MMPER: 79.55555555555556%
[00:00:00:00:793] 
---------- SM_Grids/7x8_grid_with_random_blocks_20per_5 ----------
[00:00:00:00:327] Path of length 37 found: [0, 1, 9, 17, 25, 26, 18, 10, 2, 3, 4, 5, 6, 7, 15, 23, 31, 30, 22, 14, 13, 12, 20, 28, 27, 35, 34, 42, 41, 49, 50, 51, 43, 44, 45, 46, 47, 55]
[00:00:00:00:327] ! Unidirectional s-t. expansions: 431, time: 327 [ms], path length: 37 [edges], generated: 724
[00:00:00:00:133] Path of length 37 found: [55, 47, 46, 45, 44, 52, 51, 50, 49, 41, 42, 43, 35, 34, 26, 27, 28, 20, 12, 13, 14, 22, 30, 31, 23, 15, 7, 6, 5, 4, 3, 11, 10, 18, 17, 9, 1, 0]
[00:00:00:00:133] ! Unidirectional t-s. expansions: 171, time: 133 [ms], path length: 37 [edges], generated: 278
[00:00:00:00:728] Path of length 37 found: [0, 1, 9, 17, 25, 26, 18, 10, 2, 3, 4, 5, 6, 7, 15, 23, 31, 30, 22, 14, 13, 12, 20, 28, 27, 35, 34, 42, 41, 49, 50, 51, 43, 44, 45, 46, 47, 55]
[00:00:00:01:106] ! Bidirectional. expansions: 386, time: 728 [ms], path length: 37 [edges], g_F: 33, g_B: 4, generated: {'F': 486, 'B': 179}, MM: 29, MMPER: 75.3157894736842%
[00:00:00:01:107] 
---------- SM_Grids/7x8_grid_with_random_blocks_20per_6 ----------
[00:00:00:00:263] Path of length 37 found: [0, 8, 16, 17, 9, 1, 2, 10, 18, 26, 34, 42, 50, 51, 43, 35, 27, 28, 29, 21, 13, 5, 6, 7, 15, 14, 22, 30, 38, 39, 47, 46, 45, 44, 52, 53, 54, 55]
[00:00:00:00:264] ! Unidirectional s-t. expansions: 346, time: 263 [ms], path length: 37 [edges], generated: 552
[00:00:00:00:379] Path of length 37 found: [55, 47, 39, 38, 30, 22, 23, 15, 7, 6, 5, 13, 21, 29, 28, 27, 35, 43, 44, 45, 46, 54, 53, 52, 51, 50, 42, 34, 26, 25, 17, 16, 8, 9, 10, 2, 1, 0]
[00:00:00:00:380] ! Unidirectional t-s. expansions: 489, time: 379 [ms], path length: 37 [edges], generated: 753
[00:00:00:02:011] Path of length 37 found: [0, 8, 16, 17, 9, 1, 2, 10, 18, 26, 34, 42, 50, 51, 52, 53, 54, 46, 45, 44, 43, 35, 27, 28, 29, 21, 13, 5, 6, 7, 15, 23, 22, 30, 38, 39, 47, 55]
[00:00:00:02:396] ! Bidirectional. expansions: 1,206, time: 2,011 [ms], path length: 37 [edges], g_F: 5, g_B: 32, generated: {'F': 666, 'B': 1,238}, MM: 27, MMPER: 70.05263157894737%
[00:00:00:02:396] 
---------- SM_Grids/7x8_grid_with_random_blocks_20per_7 ----------
[00:00:00:00:189] Path of length 39 found: [0, 8, 16, 24, 32, 33, 25, 17, 9, 10, 11, 19, 18, 26, 34, 42, 50, 51, 52, 44, 45, 37, 36, 28, 29, 21, 13, 5, 6, 7, 15, 23, 22, 30, 31, 39, 47, 46, 54, 55]
[00:00:00:00:190] ! Unidirectional s-t. expansions: 240, time: 189 [ms], path length: 39 [edges], generated: 398
[00:00:00:00:045] Path of length 39 found: [55, 54, 46, 47, 39, 31, 23, 15, 7, 6, 5, 13, 21, 22, 30, 29, 28, 36, 37, 45, 44, 52, 51, 50, 42, 34, 26, 18, 19, 11, 10, 9, 17, 25, 33, 32, 24, 16, 8, 0]
[00:00:00:00:045] ! Unidirectional t-s. expansions: 53, time: 45 [ms], path length: 39 [edges], generated: 82
[00:00:00:00:857] Path of length 39 found: [0, 8, 16, 24, 32, 33, 25, 17, 9, 10, 11, 19, 18, 26, 34, 42, 50, 51, 52, 44, 45, 37, 36, 28, 29, 30, 22, 21, 13, 5, 6, 7, 15, 23, 31, 39, 47, 46, 54, 55]
[00:00:00:01:244] ! Bidirectional. expansions: 445, time: 857 [ms], path length: 39 [edges], g_F: 16, g_B: 23, generated: {'F': 318, 'B': 420}, MM: 7, MMPER: 16.5%
[00:00:00:01:244] 
---------- SM_Grids/7x8_grid_with_random_blocks_20per_8 ----------
[00:00:00:01:015] Path of length 39 found: [0, 1, 9, 17, 16, 24, 32, 40, 41, 33, 34, 26, 18, 10, 2, 3, 4, 12, 20, 28, 27, 35, 43, 51, 52, 53, 45, 37, 29, 21, 13, 5, 6, 14, 22, 30, 38, 46, 54, 55]
[00:00:00:01:015] ! Unidirectional s-t. expansions: 1,633, time: 1,015 [ms], path length: 39 [edges], generated: 2,568
[00:00:00:00:535] Path of length 39 found: [55, 47, 46, 54, 53, 52, 51, 43, 35, 27, 28, 36, 37, 38, 30, 29, 21, 20, 12, 13, 14, 6, 5, 4, 3, 2, 10, 18, 26, 34, 33, 41, 40, 32, 24, 16, 17, 9, 1, 0]
[00:00:00:00:536] ! Unidirectional t-s. expansions: 554, time: 535 [ms], path length: 39 [edges], generated: 986
[00:00:00:03:953] Path of length 39 found: [0, 1, 9, 17, 16, 24, 32, 40, 41, 33, 34, 26, 18, 10, 2, 3, 4, 12, 20, 28, 29, 21, 13, 5, 6, 14, 22, 30, 38, 37, 36, 35, 43, 51, 52, 53, 54, 46, 47, 55]
[00:00:00:04:364] ! Bidirectional. expansions: 2,591, time: 3,953 [ms], path length: 39 [edges], g_F: 31, g_B: 8, generated: {'F': 2,508, 'B': 1,928}, MM: 23, MMPER: 56.5%
[00:00:00:04:364] 
---------- SM_Grids/7x8_grid_with_random_blocks_20per_9 ----------
[00:00:00:00:076] Path of length 33 found: [0, 8, 16, 17, 25, 33, 32, 40, 48, 49, 41, 42, 34, 26, 18, 19, 11, 3, 4, 12, 20, 28, 27, 35, 36, 44, 45, 37, 38, 39, 47, 46, 54, 55]
[00:00:00:00:076] ! Unidirectional s-t. expansions: 75, time: 76 [ms], path length: 33 [edges], generated: 132
[00:00:00:00:399] Path of length 33 found: [55, 54, 46, 47, 39, 38, 37, 45, 44, 36, 28, 20, 12, 4, 3, 11, 19, 18, 26, 27, 35, 34, 42, 50, 49, 48, 40, 32, 33, 25, 17, 16, 8, 0]
[00:00:00:00:400] ! Unidirectional t-s. expansions: 425, time: 399 [ms], path length: 33 [edges], generated: 819
[00:00:00:00:808] Path of length 33 found: [0, 8, 16, 17, 25, 33, 32, 40, 48, 49, 41, 42, 34, 35, 27, 26, 18, 19, 11, 3, 4, 12, 20, 28, 36, 44, 45, 37, 38, 39, 47, 46, 54, 55]
[00:00:00:01:189] ! Bidirectional. expansions: 436, time: 808 [ms], path length: 33 [edges], g_F: 11, g_B: 22, generated: {'F': 168, 'B': 670}, MM: 11, MMPER: 31.352941176470587%

[00:00:00:01:189] average expansions: (352, 292, 734, 0)
[00:00:00:01:189] average time: (256, 246, 1,186, 0)
[00:00:00:01:190] X-DFBnB: 292 , 246 (expansions , time[ms])
[00:00:00:01:190] BiX-DFBnB: 734 , 1,186 (expansions , time[ms])

--------------------------
date: SM_Grids
number_of_graphs: 10
graph_type: grid
size_of_graphs: [7, 8]
heuristic: bcc_heuristic
snake: False
run_uni: True
run_bi: True
run_multi: False
solution_vertices: []
algorithms: ['DFBnB']
bsd: False
cube_first_dims: 4
cube_buffer_dim: None
backward_sym_generation: False
sym_coil: False
prefix_set: None

---------- SM_Grids/7x8_grid_with_random_blocks_20per_0 ----------
[00:00:00:00:059] Path of length 29 found: [0, 1, 9, 8, 16, 17, 25, 26, 18, 19, 11, 3, 4, 12, 20, 21, 13, 5, 6, 7, 15, 14, 22, 30, 38, 37, 45, 46, 47, 55]
[00:00:00:00:059] ! Unidirectional s-t. expansions: 67, time: 59 [ms], path length: 29 [edges], generated: 118
[00:00:00:00:041] Path of length 29 found: [55, 47, 46, 45, 37, 38, 30, 22, 23, 15, 7, 6, 14, 13, 5, 4, 3, 11, 12, 20, 19, 18, 26, 25, 17, 16, 8, 9, 1, 0]
[00:00:00:00:041] ! Unidirectional t-s. expansions: 53, time: 41 [ms], path length: 29 [edges], generated: 85
[00:00:00:00:250] Path of length 29 found: [0, 1, 9, 8, 16, 17, 25, 26, 18, 19, 11, 3, 4, 12, 20, 21, 13, 5, 6, 7, 15, 14, 22, 30, 38, 37, 45, 46, 47, 55]
[00:00:00:00:655] ! Bidirectional. expansions: 159, time: 250 [ms], path length: 29 [edges], g_F: 22, g_B: 7, generated: {'F': 214, 'B': 58}, MM: 15, MMPER: 49.0%
[00:00:00:00:655] 
---------- SM_Grids/7x8_grid_with_random_blocks_20per_1 ----------
[00:00:00:00:316] Path of length 39 found: [0, 8, 16, 24, 32, 40, 41, 42, 34, 26, 18, 17, 9, 10, 2, 3, 11, 12, 4, 5, 13, 14, 22, 21, 20, 28, 27, 35, 43, 44, 36, 37, 29, 30, 31, 39, 38, 46, 54, 55]
[00:00:00:00:317] ! Unidirectional s-t. expansions: 329, time: 316 [ms], path length: 39 [edges], generated: 578
[00:00:00:00:439] Path of length 39 found: [55, 54, 46, 38, 39, 31, 30, 22, 14, 13, 5, 4, 3, 2, 10, 11, 12, 20, 21, 29, 28, 27, 26, 34, 35, 36, 37, 45, 44, 43, 42, 41, 40, 32, 24, 16, 17, 9, 8, 0]
[00:00:00:00:439] ! Unidirectional t-s. expansions: 515, time: 439 [ms], path length: 39 [edges], generated: 897
[00:00:00:02:144] Path of length 39 found: [0, 8, 16, 24, 32, 40, 41, 42, 34, 35, 43, 44, 45, 37, 29, 21, 20, 28, 27, 26, 18, 17, 9, 10, 2, 3, 11, 12, 4, 5, 13, 14, 22, 30, 31, 39, 38, 46, 54, 55]
[00:00:00:02:527] ! Bidirectional. expansions: 1,415, time: 2,144 [ms], path length: 39 [edges], g_F: 14, g_B: 25, generated: {'F': 1,354, 'B': 1,247}, MM: 11, MMPER: 26.5%
[00:00:00:02:527] 
---------- SM_Grids/7x8_grid_with_random_blocks_20per_2 ----------
[00:00:00:00:067] Path of length 31 found: [0, 1, 9, 17, 16, 24, 32, 40, 48, 49, 41, 33, 25, 26, 18, 10, 2, 3, 11, 19, 27, 28, 36, 35, 34, 42, 43, 44, 45, 53, 54, 55]
[00:00:00:00:067] ! Unidirectional s-t. expansions: 31, time: 67 [ms], path length: 31 [edges], generated: 47
[00:00:00:00:025] Path of length 31 found: [55, 54, 53, 45, 44, 36, 28, 27, 19, 11, 3, 2, 10, 18, 26, 25, 33, 34, 35, 43, 42, 41, 49, 48, 40, 32, 24, 16, 17, 9, 1, 0]
[00:00:00:00:025] ! Unidirectional t-s. expansions: 31, time: 25 [ms], path length: 31 [edges], generated: 48
[00:00:00:00:062] Path of length 31 found: [0, 1, 9, 17, 16, 24, 32, 40, 48, 49, 41, 33, 25, 26, 18, 10, 2, 3, 11, 19, 27, 28, 36, 35, 34, 42, 43, 44, 45, 53, 54, 55]
[00:00:00:00:439] ! Bidirectional. expansions: 31, time: 62 [ms], path length: 31 [edges], g_F: 31, g_B: 0, generated: {'F': 47, 'B': 0}, MM: 31, MMPER: 95.875%
[00:00:00:00:439] 
---------- SM_Grids/7x8_grid_with_random_blocks_20per_3 ----------
[00:00:00:00:029] Path of length 35 found: [0, 1, 9, 8, 16, 24, 32, 33, 25, 17, 18, 10, 11, 19, 20, 12, 4, 5, 13, 21, 29, 37, 45, 46, 38, 30, 22, 14, 6, 7, 15, 23, 31, 39, 47, 55]
[00:00:00:00:029] ! Unidirectional s-t. expansions: 35, time: 29 [ms], path length: 35 [edges], generated: 58
[00:00:00:00:449] Path of length 35 found: [55, 47, 39, 31, 23, 15, 7, 6, 5, 4, 12, 13, 14, 22, 30, 38, 46, 45, 37, 29, 21, 20, 19, 11, 10, 9, 17, 18, 26, 25, 33, 32, 24, 16, 8, 0]
[00:00:00:00:450] ! Unidirectional t-s. expansions: 597, time: 449 [ms], path length: 35 [edges], generated: 989
[00:00:00:00:665] Path of length 35 found: [0, 1, 9, 8, 16, 24, 32, 33, 25, 17, 18, 10, 11, 19, 20, 21, 29, 37, 45, 46, 38, 30, 22, 14, 13, 12, 4, 5, 6, 7, 15, 23, 31, 39, 47, 55]
[00:00:00:01:044] ! Bidirectional. expansions: 447, time: 665 [ms], path length: 35 [edges], g_F: 10, g_B: 25, generated: {'F': 146, 'B': 580}, MM: 15, MMPER: 40.666666666666664%
[00:00:00:01:044] 
---------- SM_Grids/7x8_grid_with_random_blocks_20per_4 ----------
[00:00:00:00:229] Path of length 35 found: [0, 8, 16, 17, 25, 26, 34, 35, 27, 19, 18, 10, 9, 1, 2, 3, 4, 12, 20, 28, 29, 37, 38, 30, 22, 21, 13, 5, 6, 14, 15, 23, 31, 39, 47, 55]
[00:00:00:00:230] ! Unidirectional s-t. expansions: 329, time: 230 [ms], path length: 35 [edges], generated: 541
[00:00:00:00:029] Path of length 35 found: [55, 47, 46, 38, 37, 29, 21, 22, 30, 31, 23, 15, 14, 6, 5, 13, 12, 4, 3, 2, 1, 9, 10, 18, 19, 20, 28, 27, 35, 34, 26, 25, 17, 16, 8, 0]
[00:00:00:00:029] ! Unidirectional t-s. expansions: 35, time: 29 [ms], path length: 35 [edges], generated: 57
[00:00:00:00:419] Path of length 35 found: [0, 8, 16, 17, 25, 26, 34, 35, 27, 19, 18, 10, 9, 1, 2, 3, 4, 12, 20, 28, 29, 21, 13, 5, 6, 14, 15, 23, 22, 30, 31, 39, 38, 46, 47, 55]
[00:00:00:00:796] ! Bidirectional. expansions: 225, time: 419 [ms], path length: 35 [edges], g_F: 32, g_B: 3, generated: {'F': 352, 'B': 18}, MM: 29, MMPER: 79.55555555555556%
[00:00:00:00:796] 
---------- SM_Grids/7x8_grid_with_random_blocks_20per_5 ----------
[00:00:00:00:333] Path of length 37 found: [0, 1, 9, 17, 25, 26, 18, 10, 2, 3, 4, 5, 6, 7, 15, 23, 31, 30, 22, 14, 13, 12, 20, 28, 27, 35, 34, 42, 41, 49, 50, 51, 43, 44, 45, 46, 47, 55]
[00:00:00:00:333] ! Unidirectional s-t. expansions: 431, time: 333 [ms], path length: 37 [edges], generated: 724
[00:00:00:00:133] Path of length 37 found: [55, 47, 46, 45, 44, 52, 51, 50, 49, 41, 42, 43, 35, 34, 26, 27, 28, 20, 12, 13, 14, 22, 30, 31, 23, 15, 7, 6, 5, 4, 3, 11, 10, 18, 17, 9, 1, 0]
[00:00:00:00:134] ! Unidirectional t-s. expansions: 171, time: 133 [ms], path length: 37 [edges], generated: 278
[00:00:00:00:751] Path of length 37 found: [0, 1, 9, 17, 25, 26, 18, 10, 2, 3, 4, 5, 6, 7, 15, 23, 31, 30, 22, 14, 13, 12, 20, 28, 27, 35, 34, 42, 41, 49, 50, 51, 43, 44, 45, 46, 47, 55]
[00:00:00:01:128] ! Bidirectional. expansions: 386, time: 751 [ms], path length: 37 [edges], g_F: 33, g_B: 4, generated: {'F': 486, 'B': 179}, MM: 29, MMPER: 75.3157894736842%
[00:00:00:01:128] 
---------- SM_Grids/7x8_grid_with_random_blocks_20per_6 ----------
[00:00:00:00:269] Path of length 37 found: [0, 8, 16, 17, 9, 1, 2, 10, 18, 26, 34, 42, 50, 51, 43, 35, 27, 28, 29, 21, 13, 5, 6, 7, 15, 14, 22, 30, 38, 39, 47, 46, 45, 44, 52, 53, 54, 55]
[00:00:00:00:269] ! Unidirectional s-t. expansions: 346, time: 269 [ms], path length: 37 [edges], generated: 552
[00:00:00:00:385] Path of length 37 found: [55, 47, 39, 38, 30, 22, 23, 15, 7, 6, 5, 13, 21, 29, 28, 27, 35, 43, 44, 45, 46, 54, 53, 52, 51, 50, 42, 34, 26, 25, 17, 16, 8, 9, 10, 2, 1, 0]
[00:00:00:00:385] ! Unidirectional t-s. expansions: 489, time: 385 [ms], path length: 37 [edges], generated: 753
[00:00:00:02:050] Path of length 37 found: [0, 8, 16, 17, 9, 1, 2, 10, 18, 26, 34, 42, 50, 51, 52, 53, 54, 46, 45, 44, 43, 35, 27, 28, 29, 21, 13, 5, 6, 7, 15, 23, 22, 30, 38, 39, 47, 55]
[00:00:00:02:429] ! Bidirectional. expansions: 1,206, time: 2,050 [ms], path length: 37 [edges], g_F: 5, g_B: 32, generated: {'F': 666, 'B': 1,238}, MM: 27, MMPER: 70.05263157894737%
[00:00:00:02:429] 
---------- SM_Grids/7x8_grid_with_random_blocks_20per_7 ----------
[00:00:00:00:195] Path of length 39 found: [0, 8, 16, 24, 32, 33, 25, 17, 9, 10, 11, 19, 18, 26, 34, 42, 50, 51, 52, 44, 45, 37, 36, 28, 29, 21, 13, 5, 6, 7, 15, 23, 22, 30, 31, 39, 47, 46, 54, 55]
[00:00:00:00:195] ! Unidirectional s-t. expansions: 240, time: 195 [ms], path length: 39 [edges], generated: 398
[00:00:00:00:047] Path of length 39 found: [55, 54, 46, 47, 39, 31, 23, 15, 7, 6, 5, 13, 21, 22, 30, 29, 28, 36, 37, 45, 44, 52, 51, 50, 42, 34, 26, 18, 19, 11, 10, 9, 17, 25, 33, 32, 24, 16, 8, 0]
[00:00:00:00:047] ! Unidirectional t-s. expansions: 53, time: 47 [ms], path length: 39 [edges], generated: 82
[00:00:00:00:873] Path of length 39 found: [0, 8, 16, 24, 32, 33, 25, 17, 9, 10, 11, 19, 18, 26, 34, 42, 50, 51, 52, 44, 45, 37, 36, 28, 29, 30, 22, 21, 13, 5, 6, 7, 15, 23, 31, 39, 47, 46, 54, 55]
[00:00:00:01:252] ! Bidirectional. expansions: 445, time: 873 [ms], path length: 39 [edges], g_F: 16, g_B: 23, generated: {'F': 318, 'B': 420}, MM: 7, MMPER: 16.5%
[00:00:00:01:252] 
---------- SM_Grids/7x8_grid_with_random_blocks_20per_8 ----------
[00:00:00:01:026] Path of length 39 found: [0, 1, 9, 17, 16, 24, 32, 40, 41, 33, 34, 26, 18, 10, 2, 3, 4, 12, 20, 28, 27, 35, 43, 51, 52, 53, 45, 37, 29, 21, 13, 5, 6, 14, 22, 30, 38, 46, 54, 55]
[00:00:00:01:026] ! Unidirectional s-t. expansions: 1,633, time: 1,026 [ms], path length: 39 [edges], generated: 2,568
[00:00:00:00:535] Path of length 39 found: [55, 47, 46, 54, 53, 52, 51, 43, 35, 27, 28, 36, 37, 38, 30, 29, 21, 20, 12, 13, 14, 6, 5, 4, 3, 2, 10, 18, 26, 34, 33, 41, 40, 32, 24, 16, 17, 9, 1, 0]
[00:00:00:00:535] ! Unidirectional t-s. expansions: 554, time: 535 [ms], path length: 39 [edges], generated: 986
[00:00:00:04:030] Path of length 39 found: [0, 1, 9, 17, 16, 24, 32, 40, 41, 33, 34, 26, 18, 10, 2, 3, 4, 12, 20, 28, 29, 21, 13, 5, 6, 14, 22, 30, 38, 37, 36, 35, 43, 51, 52, 53, 54, 46, 47, 55]
[00:00:00:04:436] ! Bidirectional. expansions: 2,591, time: 4,030 [ms], path length: 39 [edges], g_F: 31, g_B: 8, generated: {'F': 2,508, 'B': 1,928}, MM: 23, MMPER: 56.5%
[00:00:00:04:436] 
---------- SM_Grids/7x8_grid_with_random_blocks_20per_9 ----------
[00:00:00:00:079] Path of length 33 found: [0, 8, 16, 17, 25, 33, 32, 40, 48, 49, 41, 42, 34, 26, 18, 19, 11, 3, 4, 12, 20, 28, 27, 35, 36, 44, 45, 37, 38, 39, 47, 46, 54, 55]
[00:00:00:00:079] ! Unidirectional s-t. expansions: 75, time: 79 [ms], path length: 33 [edges], generated: 132
[00:00:00:00:400] Path of length 33 found: [55, 54, 46, 47, 39, 38, 37, 45, 44, 36, 28, 20, 12, 4, 3, 11, 19, 18, 26, 27, 35, 34, 42, 50, 49, 48, 40, 32, 33, 25, 17, 16, 8, 0]
[00:00:00:00:401] ! Unidirectional t-s. expansions: 425, time: 400 [ms], path length: 33 [edges], generated: 819
[00:00:00:00:807] Path of length 33 found: [0, 8, 16, 17, 25, 33, 32, 40, 48, 49, 41, 42, 34, 35, 27, 26, 18, 19, 11, 3, 4, 12, 20, 28, 36, 44, 45, 37, 38, 39, 47, 46, 54, 55]
[00:00:00:01:194] ! Bidirectional. expansions: 436, time: 808 [ms], path length: 33 [edges], g_F: 11, g_B: 22, generated: {'F': 168, 'B': 670}, MM: 11, MMPER: 31.352941176470587%

[00:00:00:01:194] average expansions: (352, 292, 734, 0)
[00:00:00:01:194] average time: (260, 248, 1,205, 0)
[00:00:00:01:194] X-DFBnB: 292 , 248 (expansions , time[ms])
[00:00:00:01:194] BiX-DFBnB: 734 , 1,205 (expansions , time[ms])

--------------------------
date: SM_Grids
number_of_graphs: 10
graph_type: grid
size_of_graphs: [7, 8]
heuristic: bcc_heuristic
snake: False
run_uni: True
run_bi: True
run_multi: False
solution_vertices: []
algorithms: ['DFBnB']
bsd: False
cube_first_dims: 4
cube_buffer_dim: None
backward_sym_generation: False
sym_coil: False
prefix_set: None

---------- SM_Grids/7x8_grid_with_random_blocks_20per_0 ----------
[00:00:00:00:058] Path of length 29 found: [0, 1, 9, 8, 16, 17, 25, 26, 18, 19, 11, 3, 4, 12, 20, 21, 13, 5, 6, 7, 15, 14, 22, 30, 38, 37, 45, 46, 47, 55]
[00:00:00:00:058] ! Unidirectional s-t. expansions: 67, time: 58 [ms], path length: 29 [edges], generated: 118
[00:00:00:00:040] Path of length 29 found: [55, 47, 46, 45, 37, 38, 30, 22, 23, 15, 7, 6, 14, 13, 5, 4, 3, 11, 12, 20, 19, 18, 26, 25, 17, 16, 8, 9, 1, 0]
[00:00:00:00:040] ! Unidirectional t-s. expansions: 53, time: 40 [ms], path length: 29 [edges], generated: 85
[00:00:00:00:246] Path of length 29 found: [0, 1, 9, 8, 16, 17, 25, 26, 18, 19, 11, 3, 4, 12, 20, 21, 13, 5, 6, 7, 15, 14, 22, 30, 38, 37, 45, 46, 47, 55]
[00:00:00:00:652] ! Bidirectional. expansions: 159, time: 246 [ms], path length: 29 [edges], g_F: 22, g_B: 7, generated: {'F': 214, 'B': 58}, MM: 15, MMPER: 49.0%
[00:00:00:00:652] 
---------- SM_Grids/7x8_grid_with_random_blocks_20per_1 ----------
[00:00:00:00:306] Path of length 39 found: [0, 8, 16, 24, 32, 40, 41, 42, 34, 26, 18, 17, 9, 10, 2, 3, 11, 12, 4, 5, 13, 14, 22, 21, 20, 28, 27, 35, 43, 44, 36, 37, 29, 30, 31, 39, 38, 46, 54, 55]
[00:00:00:00:307] ! Unidirectional s-t. expansions: 329, time: 307 [ms], path length: 39 [edges], generated: 578
[00:00:00:00:441] Path of length 39 found: [55, 54, 46, 38, 39, 31, 30, 22, 14, 13, 5, 4, 3, 2, 10, 11, 12, 20, 21, 29, 28, 27, 26, 34, 35, 36, 37, 45, 44, 43, 42, 41, 40, 32, 24, 16, 17, 9, 8, 0]
[00:00:00:00:441] ! Unidirectional t-s. expansions: 515, time: 441 [ms], path length: 39 [edges], generated: 897
[00:00:00:02:148] Path of length 39 found: [0, 8, 16, 24, 32, 40, 41, 42, 34, 35, 43, 44, 45, 37, 29, 21, 20, 28, 27, 26, 18, 17, 9, 10, 2, 3, 11, 12, 4, 5, 13, 14, 22, 30, 31, 39, 38, 46, 54, 55]
[00:00:00:02:529] ! Bidirectional. expansions: 1,415, time: 2,148 [ms], path length: 39 [edges], g_F: 14, g_B: 25, generated: {'F': 1,354, 'B': 1,247}, MM: 11, MMPER: 26.5%
[00:00:00:02:529] 
---------- SM_Grids/7x8_grid_with_random_blocks_20per_2 ----------
[00:00:00:00:062] Path of length 31 found: [0, 1, 9, 17, 16, 24, 32, 40, 48, 49, 41, 33, 25, 26, 18, 10, 2, 3, 11, 19, 27, 28, 36, 35, 34, 42, 43, 44, 45, 53, 54, 55]
[00:00:00:00:063] ! Unidirectional s-t. expansions: 31, time: 62 [ms], path length: 31 [edges], generated: 47
[00:00:00:00:023] Path of length 31 found: [55, 54, 53, 45, 44, 36, 28, 27, 19, 11, 3, 2, 10, 18, 26, 25, 33, 34, 35, 43, 42, 41, 49, 48, 40, 32, 24, 16, 17, 9, 1, 0]
[00:00:00:00:024] ! Unidirectional t-s. expansions: 31, time: 23 [ms], path length: 31 [edges], generated: 48
[00:00:00:00:058] Path of length 31 found: [0, 1, 9, 17, 16, 24, 32, 40, 48, 49, 41, 33, 25, 26, 18, 10, 2, 3, 11, 19, 27, 28, 36, 35, 34, 42, 43, 44, 45, 53, 54, 55]
[00:00:00:00:429] ! Bidirectional. expansions: 31, time: 58 [ms], path length: 31 [edges], g_F: 31, g_B: 0, generated: {'F': 47, 'B': 0}, MM: 31, MMPER: 95.875%
[00:00:00:00:429] 
---------- SM_Grids/7x8_grid_with_random_blocks_20per_3 ----------
[00:00:00:00:029] Path of length 35 found: [0, 1, 9, 8, 16, 24, 32, 33, 25, 17, 18, 10, 11, 19, 20, 12, 4, 5, 13, 21, 29, 37, 45, 46, 38, 30, 22, 14, 6, 7, 15, 23, 31, 39, 47, 55]
[00:00:00:00:029] ! Unidirectional s-t. expansions: 35, time: 29 [ms], path length: 35 [edges], generated: 58
[00:00:00:00:448] Path of length 35 found: [55, 47, 39, 31, 23, 15, 7, 6, 5, 4, 12, 13, 14, 22, 30, 38, 46, 45, 37, 29, 21, 20, 19, 11, 10, 9, 17, 18, 26, 25, 33, 32, 24, 16, 8, 0]
[00:00:00:00:449] ! Unidirectional t-s. expansions: 597, time: 449 [ms], path length: 35 [edges], generated: 989
[00:00:00:00:671] Path of length 35 found: [0, 1, 9, 8, 16, 24, 32, 33, 25, 17, 18, 10, 11, 19, 20, 21, 29, 37, 45, 46, 38, 30, 22, 14, 13, 12, 4, 5, 6, 7, 15, 23, 31, 39, 47, 55]
[00:00:00:01:048] ! Bidirectional. expansions: 447, time: 671 [ms], path length: 35 [edges], g_F: 10, g_B: 25, generated: {'F': 146, 'B': 580}, MM: 15, MMPER: 40.666666666666664%
[00:00:00:01:048] 
---------- SM_Grids/7x8_grid_with_random_blocks_20per_4 ----------
[00:00:00:00:225] Path of length 35 found: [0, 8, 16, 17, 25, 26, 34, 35, 27, 19, 18, 10, 9, 1, 2, 3, 4, 12, 20, 28, 29, 37, 38, 30, 22, 21, 13, 5, 6, 14, 15, 23, 31, 39, 47, 55]
[00:00:00:00:226] ! Unidirectional s-t. expansions: 329, time: 225 [ms], path length: 35 [edges], generated: 541
[00:00:00:00:029] Path of length 35 found: [55, 47, 46, 38, 37, 29, 21, 22, 30, 31, 23, 15, 14, 6, 5, 13, 12, 4, 3, 2, 1, 9, 10, 18, 19, 20, 28, 27, 35, 34, 26, 25, 17, 16, 8, 0]
[00:00:00:00:029] ! Unidirectional t-s. expansions: 35, time: 29 [ms], path length: 35 [edges], generated: 57
[00:00:00:00:408] Path of length 35 found: [0, 8, 16, 17, 25, 26, 34, 35, 27, 19, 18, 10, 9, 1, 2, 3, 4, 12, 20, 28, 29, 21, 13, 5, 6, 14, 15, 23, 22, 30, 31, 39, 38, 46, 47, 55]
[00:00:00:00:781] ! Bidirectional. expansions: 225, time: 408 [ms], path length: 35 [edges], g_F: 32, g_B: 3, generated: {'F': 352, 'B': 18}, MM: 29, MMPER: 79.55555555555556%
[00:00:00:00:781] 
---------- SM_Grids/7x8_grid_with_random_blocks_20per_5 ----------
[00:00:00:00:322] Path of length 37 found: [0, 1, 9, 17, 25, 26, 18, 10, 2, 3, 4, 5, 6, 7, 15, 23, 31, 30, 22, 14, 13, 12, 20, 28, 27, 35, 34, 42, 41, 49, 50, 51, 43, 44, 45, 46, 47, 55]
[00:00:00:00:322] ! Unidirectional s-t. expansions: 431, time: 322 [ms], path length: 37 [edges], generated: 724
[00:00:00:00:130] Path of length 37 found: [55, 47, 46, 45, 44, 52, 51, 50, 49, 41, 42, 43, 35, 34, 26, 27, 28, 20, 12, 13, 14, 22, 30, 31, 23, 15, 7, 6, 5, 4, 3, 11, 10, 18, 17, 9, 1, 0]
[00:00:00:00:130] ! Unidirectional t-s. expansions: 171, time: 130 [ms], path length: 37 [edges], generated: 278
[00:00:00:00:735] Path of length 37 found: [0, 1, 9, 17, 25, 26, 18, 10, 2, 3, 4, 5, 6, 7, 15, 23, 31, 30, 22, 14, 13, 12, 20, 28, 27, 35, 34, 42, 41, 49, 50, 51, 43, 44, 45, 46, 47, 55]
[00:00:00:01:112] ! Bidirectional. expansions: 386, time: 735 [ms], path length: 37 [edges], g_F: 33, g_B: 4, generated: {'F': 486, 'B': 179}, MM: 29, MMPER: 75.3157894736842%
[00:00:00:01:112] 
---------- SM_Grids/7x8_grid_with_random_blocks_20per_6 ----------
[00:00:00:00:272] Path of length 37 found: [0, 8, 16, 17, 9, 1, 2, 10, 18, 26, 34, 42, 50, 51, 43, 35, 27, 28, 29, 21, 13, 5, 6, 7, 15, 14, 22, 30, 38, 39, 47, 46, 45, 44, 52, 53, 54, 55]
[00:00:00:00:272] ! Unidirectional s-t. expansions: 346, time: 272 [ms], path length: 37 [edges], generated: 552
[00:00:00:00:381] Path of length 37 found: [55, 47, 39, 38, 30, 22, 23, 15, 7, 6, 5, 13, 21, 29, 28, 27, 35, 43, 44, 45, 46, 54, 53, 52, 51, 50, 42, 34, 26, 25, 17, 16, 8, 9, 10, 2, 1, 0]
[00:00:00:00:382] ! Unidirectional t-s. expansions: 489, time: 381 [ms], path length: 37 [edges], generated: 753
[00:00:00:02:065] Path of length 37 found: [0, 8, 16, 17, 9, 1, 2, 10, 18, 26, 34, 42, 50, 51, 52, 53, 54, 46, 45, 44, 43, 35, 27, 28, 29, 21, 13, 5, 6, 7, 15, 23, 22, 30, 38, 39, 47, 55]
[00:00:00:02:451] ! Bidirectional. expansions: 1,206, time: 2,065 [ms], path length: 37 [edges], g_F: 5, g_B: 32, generated: {'F': 666, 'B': 1,238}, MM: 27, MMPER: 70.05263157894737%
[00:00:00:02:451] 
---------- SM_Grids/7x8_grid_with_random_blocks_20per_7 ----------
[00:00:00:00:188] Path of length 39 found: [0, 8, 16, 24, 32, 33, 25, 17, 9, 10, 11, 19, 18, 26, 34, 42, 50, 51, 52, 44, 45, 37, 36, 28, 29, 21, 13, 5, 6, 7, 15, 23, 22, 30, 31, 39, 47, 46, 54, 55]
[00:00:00:00:188] ! Unidirectional s-t. expansions: 240, time: 188 [ms], path length: 39 [edges], generated: 398
[00:00:00:00:045] Path of length 39 found: [55, 54, 46, 47, 39, 31, 23, 15, 7, 6, 5, 13, 21, 22, 30, 29, 28, 36, 37, 45, 44, 52, 51, 50, 42, 34, 26, 18, 19, 11, 10, 9, 17, 25, 33, 32, 24, 16, 8, 0]
[00:00:00:00:045] ! Unidirectional t-s. expansions: 53, time: 45 [ms], path length: 39 [edges], generated: 82
[00:00:00:00:849] Path of length 39 found: [0, 8, 16, 24, 32, 33, 25, 17, 9, 10, 11, 19, 18, 26, 34, 42, 50, 51, 52, 44, 45, 37, 36, 28, 29, 30, 22, 21, 13, 5, 6, 7, 15, 23, 31, 39, 47, 46, 54, 55]
[00:00:00:01:225] ! Bidirectional. expansions: 445, time: 849 [ms], path length: 39 [edges], g_F: 16, g_B: 23, generated: {'F': 318, 'B': 420}, MM: 7, MMPER: 16.5%
[00:00:00:01:225] 
---------- SM_Grids/7x8_grid_with_random_blocks_20per_8 ----------
[00:00:00:01:048] Path of length 39 found: [0, 1, 9, 17, 16, 24, 32, 40, 41, 33, 34, 26, 18, 10, 2, 3, 4, 12, 20, 28, 27, 35, 43, 51, 52, 53, 45, 37, 29, 21, 13, 5, 6, 14, 22, 30, 38, 46, 54, 55]
[00:00:00:01:048] ! Unidirectional s-t. expansions: 1,633, time: 1,048 [ms], path length: 39 [edges], generated: 2,568
[00:00:00:00:532] Path of length 39 found: [55, 47, 46, 54, 53, 52, 51, 43, 35, 27, 28, 36, 37, 38, 30, 29, 21, 20, 12, 13, 14, 6, 5, 4, 3, 2, 10, 18, 26, 34, 33, 41, 40, 32, 24, 16, 17, 9, 1, 0]
[00:00:00:00:533] ! Unidirectional t-s. expansions: 554, time: 533 [ms], path length: 39 [edges], generated: 986
[00:00:00:03:956] Path of length 39 found: [0, 1, 9, 17, 16, 24, 32, 40, 41, 33, 34, 26, 18, 10, 2, 3, 4, 12, 20, 28, 29, 21, 13, 5, 6, 14, 22, 30, 38, 37, 36, 35, 43, 51, 52, 53, 54, 46, 47, 55]
[00:00:00:04:365] ! Bidirectional. expansions: 2,591, time: 3,956 [ms], path length: 39 [edges], g_F: 31, g_B: 8, generated: {'F': 2,508, 'B': 1,928}, MM: 23, MMPER: 56.5%
[00:00:00:04:365] 
---------- SM_Grids/7x8_grid_with_random_blocks_20per_9 ----------
[00:00:00:00:075] Path of length 33 found: [0, 8, 16, 17, 25, 33, 32, 40, 48, 49, 41, 42, 34, 26, 18, 19, 11, 3, 4, 12, 20, 28, 27, 35, 36, 44, 45, 37, 38, 39, 47, 46, 54, 55]
[00:00:00:00:075] ! Unidirectional s-t. expansions: 75, time: 75 [ms], path length: 33 [edges], generated: 132
[00:00:00:00:392] Path of length 33 found: [55, 54, 46, 47, 39, 38, 37, 45, 44, 36, 28, 20, 12, 4, 3, 11, 19, 18, 26, 27, 35, 34, 42, 50, 49, 48, 40, 32, 33, 25, 17, 16, 8, 0]
[00:00:00:00:392] ! Unidirectional t-s. expansions: 425, time: 392 [ms], path length: 33 [edges], generated: 819
[00:00:00:00:790] Path of length 33 found: [0, 8, 16, 17, 25, 33, 32, 40, 48, 49, 41, 42, 34, 35, 27, 26, 18, 19, 11, 3, 4, 12, 20, 28, 36, 44, 45, 37, 38, 39, 47, 46, 54, 55]
[00:00:00:01:168] ! Bidirectional. expansions: 436, time: 790 [ms], path length: 33 [edges], g_F: 11, g_B: 22, generated: {'F': 168, 'B': 670}, MM: 11, MMPER: 31.352941176470587%

[00:00:00:01:168] average expansions: (352, 292, 734, 0)
[00:00:00:01:168] average time: (259, 246, 1,193, 0)
[00:00:00:01:168] X-DFBnB: 292 , 246 (expansions , time[ms])
[00:00:00:01:168] BiX-DFBnB: 734 , 1,193 (expansions , time[ms])

