Fri 20 Mar 2026 13:00:00 IST

SLURM_JOBID:		 16224548
SLURM_JOB_NODELIST:	 ise-cpu256-04 

--------------------------
date: SM_Grids
number_of_graphs: 10
graph_type: grid
size_of_graphs: [8, 8]
heuristic: bcc_heuristic
snake: False
run_uni: True
run_bi: True
run_multi: False
solution_vertices: []
algorithms: ['DFBnB']
bsd: False
cube_first_dims: 4
cube_buffer_dim: None
backward_sym_generation: False
sym_coil: False
prefix_set: None

---------- SM_Grids/8x8_grid_with_random_blocks_16per_0 ----------
[00:00:00:00:696] Path of length 44 found: [0, 1, 9, 10, 2, 3, 11, 19, 18, 26, 25, 24, 32, 40, 48, 49, 41, 33, 34, 42, 50, 51, 43, 35, 36, 28, 20, 12, 13, 5, 6, 7, 15, 14, 22, 23, 31, 30, 29, 37, 38, 46, 47, 55, 63]
[00:00:00:00:697] ! Unidirectional s-t. expansions: 856, time: 697 [ms], path length: 44 [edges], generated: 1,443
[00:00:00:00:298] Path of length 44 found: [63, 55, 47, 46, 38, 39, 31, 23, 15, 7, 6, 5, 13, 14, 22, 30, 29, 37, 36, 44, 43, 35, 34, 33, 41, 42, 50, 49, 48, 40, 32, 24, 25, 26, 18, 19, 20, 12, 11, 3, 2, 10, 9, 1, 0]
[00:00:00:00:298] ! Unidirectional t-s. expansions: 242, time: 298 [ms], path length: 44 [edges], generated: 426
[00:00:00:03:124] Path of length 44 found: [0, 1, 9, 10, 2, 3, 11, 19, 18, 26, 25, 24, 32, 40, 48, 49, 41, 33, 34, 42, 50, 51, 43, 35, 36, 37, 29, 28, 20, 12, 13, 5, 6, 7, 15, 14, 22, 23, 31, 39, 38, 46, 47, 55, 63]
[00:00:00:03:632] ! Bidirectional. expansions: 1,915, time: 3,124 [ms], path length: 44 [edges], g_F: 35, g_B: 9, generated: {'F': 1,233, 'B': 1,998}, MM: 26, MMPER: 56.77777777777778%
[00:00:00:03:632] 
---------- SM_Grids/8x8_grid_with_random_blocks_16per_1 ----------
[00:00:00:00:075] Path of length 44 found: [0, 8, 16, 24, 32, 33, 25, 26, 18, 10, 2, 3, 4, 12, 11, 19, 27, 35, 34, 42, 43, 44, 36, 28, 20, 21, 29, 30, 22, 14, 15, 23, 31, 39, 38, 46, 47, 55, 54, 53, 52, 60, 61, 62, 63]
[00:00:00:00:075] ! Unidirectional s-t. expansions: 62, time: 75 [ms], path length: 44 [edges], generated: 107
[00:00:00:14:480] Path of length 44 found: [63, 62, 61, 60, 52, 53, 54, 55, 47, 46, 38, 39, 31, 23, 15, 14, 22, 30, 29, 21, 20, 12, 4, 3, 2, 10, 11, 19, 18, 26, 34, 35, 27, 28, 36, 44, 43, 42, 41, 33, 25, 24, 16, 8, 0]
[00:00:00:14:481] ! Unidirectional t-s. expansions: 15,209, time: 14,480 [ms], path length: 44 [edges], generated: 27,628
[00:00:00:29:893] Path of length 44 found: [0, 8, 16, 24, 32, 33, 41, 42, 43, 44, 36, 28, 27, 35, 34, 26, 18, 19, 11, 10, 2, 3, 4, 12, 20, 21, 29, 30, 22, 14, 15, 23, 31, 39, 38, 46, 47, 55, 54, 53, 52, 60, 61, 62, 63]
[00:00:00:30:328] ! Bidirectional. expansions: 15,684, time: 29,893 [ms], path length: 44 [edges], g_F: 5, g_B: 39, generated: {'F': 16,158, 'B': 12,426}, MM: 34, MMPER: 74.55555555555556%
[00:00:00:30:328] 
---------- SM_Grids/8x8_grid_with_random_blocks_16per_2 ----------
[00:00:00:04:146] Path of length 44 found: [0, 8, 16, 24, 32, 40, 48, 56, 57, 49, 41, 33, 34, 26, 18, 10, 2, 3, 11, 19, 27, 28, 20, 21, 29, 30, 38, 46, 47, 55, 54, 53, 45, 44, 43, 42, 50, 58, 59, 51, 52, 60, 61, 62, 63]
[00:00:00:04:146] ! Unidirectional s-t. expansions: 4,123, time: 4,146 [ms], path length: 44 [edges], generated: 7,453
[00:00:00:12:452] Path of length 44 found: [63, 55, 47, 46, 38, 30, 29, 21, 20, 19, 11, 3, 2, 10, 18, 26, 27, 28, 36, 44, 45, 53, 54, 62, 61, 60, 52, 51, 43, 42, 34, 33, 41, 49, 50, 58, 57, 56, 48, 40, 32, 24, 16, 8, 0]
[00:00:00:12:452] ! Unidirectional t-s. expansions: 13,598, time: 12,452 [ms], path length: 44 [edges], generated: 22,334
[00:00:00:29:544] Path of length 44 found: [0, 8, 16, 24, 32, 40, 48, 56, 57, 49, 41, 33, 34, 42, 50, 58, 59, 51, 52, 60, 61, 62, 54, 53, 45, 44, 36, 28, 27, 26, 18, 10, 2, 3, 11, 19, 20, 21, 29, 30, 38, 46, 47, 55, 63]
[00:00:00:29:968] ! Bidirectional. expansions: 15,313, time: 29,545 [ms], path length: 44 [edges], g_F: 23, g_B: 21, generated: {'F': 14,205, 'B': 12,206}, MM: 2, MMPER: 3.4444444444444446%
[00:00:00:29:968] 
---------- SM_Grids/8x8_grid_with_random_blocks_16per_3 ----------
[00:00:00:13:712] Path of length 44 found: [0, 8, 16, 24, 25, 17, 18, 10, 11, 19, 27, 26, 34, 33, 41, 49, 50, 42, 43, 35, 36, 28, 29, 21, 20, 12, 13, 14, 15, 23, 31, 30, 38, 39, 47, 46, 45, 44, 52, 60, 61, 53, 54, 62, 63]
[00:00:00:13:712] ! Unidirectional s-t. expansions: 17,014, time: 13,712 [ms], path length: 44 [edges], generated: 30,233
[00:00:00:39:078] Path of length 44 found: [63, 55, 47, 39, 31, 23, 15, 14, 13, 12, 11, 10, 18, 26, 34, 42, 43, 35, 36, 28, 27, 19, 20, 21, 29, 30, 38, 46, 45, 53, 54, 62, 61, 60, 52, 51, 50, 49, 41, 33, 25, 17, 16, 8, 0]
[00:00:00:39:078] ! Unidirectional t-s. expansions: 54,936, time: 39,078 [ms], path length: 44 [edges], generated: 94,655
[00:00:01:09:588] Path of length 44 found: [0, 8, 16, 24, 25, 17, 18, 10, 11, 19, 27, 26, 34, 33, 41, 49, 50, 42, 43, 35, 36, 44, 52, 60, 61, 62, 54, 53, 45, 46, 38, 30, 29, 21, 20, 12, 13, 14, 15, 23, 31, 39, 47, 55, 63]
[00:00:01:09:967] ! Bidirectional. expansions: 44,879, time: 69,588 [ms], path length: 44 [edges], g_F: 27, g_B: 17, generated: {'F': 43,402, 'B': 41,546}, MM: 10, MMPER: 21.22222222222222%
[00:00:01:09:967] 
---------- SM_Grids/8x8_grid_with_random_blocks_16per_4 ----------
[00:00:00:00:681] Path of length 48 found: [0, 1, 9, 8, 16, 17, 25, 33, 32, 40, 48, 56, 57, 49, 41, 42, 50, 51, 52, 60, 61, 53, 45, 44, 36, 28, 27, 35, 34, 26, 18, 10, 11, 3, 4, 12, 13, 14, 22, 30, 29, 37, 38, 39, 47, 46, 54, 62, 63]
[00:00:00:00:681] ! Unidirectional s-t. expansions: 852, time: 681 [ms], path length: 48 [edges], generated: 1,430
[00:00:00:02:075] Path of length 48 found: [63, 55, 47, 39, 38, 30, 22, 14, 13, 12, 4, 3, 11, 10, 18, 26, 34, 35, 27, 28, 29, 37, 36, 44, 45, 46, 54, 62, 61, 53, 52, 51, 50, 42, 41, 49, 57, 56, 48, 40, 32, 33, 25, 17, 16, 8, 9, 1, 0]
[00:00:00:02:076] ! Unidirectional t-s. expansions: 1,903, time: 2,075 [ms], path length: 48 [edges], generated: 3,405
[00:00:00:07:173] Path of length 48 found: [0, 1, 9, 8, 16, 17, 25, 33, 32, 40, 48, 56, 57, 49, 41, 42, 50, 51, 52, 60, 61, 62, 54, 53, 45, 44, 36, 37, 29, 28, 27, 35, 34, 26, 18, 10, 11, 3, 4, 12, 13, 14, 22, 30, 38, 39, 47, 55, 63]
[00:00:00:07:550] ! Bidirectional. expansions: 3,736, time: 7,173 [ms], path length: 48 [edges], g_F: 23, g_B: 25, generated: {'F': 2,556, 'B': 3,913}, MM: 2, MMPER: 3.0816326530612246%
[00:00:00:07:550] 
---------- SM_Grids/8x8_grid_with_random_blocks_16per_5 ----------
[00:00:00:03:062] Path of length 50 found: [0, 8, 16, 24, 32, 33, 34, 26, 25, 17, 9, 1, 2, 10, 11, 19, 20, 12, 4, 5, 6, 14, 15, 23, 22, 30, 29, 28, 36, 35, 43, 51, 50, 49, 48, 56, 57, 58, 59, 60, 61, 53, 52, 44, 45, 46, 38, 39, 47, 55, 63]
[00:00:00:03:062] ! Unidirectional s-t. expansions: 3,821, time: 3,062 [ms], path length: 50 [edges], generated: 6,324
[00:00:00:04:641] Path of length 50 found: [63, 55, 47, 39, 38, 46, 54, 53, 45, 44, 52, 60, 59, 58, 57, 56, 48, 49, 50, 51, 43, 35, 36, 28, 29, 30, 31, 23, 15, 14, 6, 5, 4, 12, 20, 19, 11, 3, 2, 10, 9, 17, 25, 26, 34, 33, 32, 24, 16, 8, 0]
[00:00:00:04:641] ! Unidirectional t-s. expansions: 6,143, time: 4,641 [ms], path length: 50 [edges], generated: 9,959
[00:00:00:21:792] Path of length 50 found: [0, 8, 16, 24, 32, 33, 34, 26, 25, 17, 9, 1, 2, 10, 11, 19, 20, 12, 4, 5, 6, 14, 15, 23, 22, 30, 29, 28, 36, 35, 43, 51, 50, 49, 48, 56, 57, 58, 59, 60, 52, 44, 45, 53, 54, 46, 38, 39, 47, 55, 63]
[00:00:00:22:194] ! Bidirectional. expansions: 10,961, time: 21,792 [ms], path length: 50 [edges], g_F: 43, g_B: 7, generated: {'F': 9,024, 'B': 9,594}, MM: 36, MMPER: 69.58823529411765%
[00:00:00:22:194] 
---------- SM_Grids/8x8_grid_with_random_blocks_16per_6 ----------
[00:00:00:00:212] Path of length 48 found: [0, 1, 9, 8, 16, 24, 32, 40, 48, 49, 50, 42, 41, 33, 25, 17, 18, 10, 11, 19, 27, 26, 34, 35, 36, 44, 52, 53, 45, 37, 29, 21, 13, 5, 6, 7, 15, 14, 22, 23, 31, 30, 38, 46, 47, 55, 54, 62, 63]
[00:00:00:00:212] ! Unidirectional s-t. expansions: 242, time: 212 [ms], path length: 48 [edges], generated: 404
[00:00:00:00:081] Path of length 48 found: [63, 62, 54, 55, 47, 46, 38, 30, 31, 23, 15, 7, 6, 5, 13, 14, 22, 21, 29, 37, 45, 53, 52, 44, 36, 35, 27, 19, 11, 10, 18, 17, 25, 26, 34, 33, 41, 42, 50, 49, 48, 40, 32, 24, 16, 8, 9, 1, 0]
[00:00:00:00:081] ! Unidirectional t-s. expansions: 90, time: 81 [ms], path length: 48 [edges], generated: 155
[00:00:00:00:935] Path of length 48 found: [0, 1, 9, 8, 16, 24, 32, 40, 48, 49, 50, 42, 41, 33, 25, 17, 18, 10, 11, 19, 27, 26, 34, 35, 36, 44, 52, 53, 45, 37, 29, 21, 22, 14, 13, 5, 6, 7, 15, 23, 31, 30, 38, 46, 47, 55, 54, 62, 63]
[00:00:00:01:311] ! Bidirectional. expansions: 472, time: 935 [ms], path length: 48 [edges], g_F: 29, g_B: 19, generated: {'F': 540, 'B': 272}, MM: 10, MMPER: 19.408163265306122%
[00:00:00:01:311] 
---------- SM_Grids/8x8_grid_with_random_blocks_16per_7 ----------
[00:00:00:25:809] Path of length 48 found: [0, 8, 16, 24, 32, 40, 48, 56, 57, 49, 41, 33, 34, 26, 18, 17, 9, 10, 2, 3, 11, 19, 27, 28, 20, 12, 13, 14, 6, 7, 15, 23, 31, 30, 38, 37, 45, 44, 43, 42, 50, 58, 59, 60, 61, 53, 54, 55, 63]
[00:00:00:25:809] ! Unidirectional s-t. expansions: 32,791, time: 25,809 [ms], path length: 48 [edges], generated: 54,620
[00:00:00:13:320] Path of length 48 found: [63, 55, 54, 46, 38, 30, 31, 23, 15, 7, 6, 14, 13, 21, 20, 12, 11, 3, 2, 10, 9, 17, 18, 19, 27, 26, 34, 35, 43, 44, 45, 53, 61, 60, 59, 51, 50, 42, 41, 49, 57, 56, 48, 40, 32, 24, 16, 8, 0]
[00:00:00:13:320] ! Unidirectional t-s. expansions: 17,153, time: 13,320 [ms], path length: 48 [edges], generated: 29,880
[00:00:01:39:649] Path of length 48 found: [0, 8, 16, 24, 32, 40, 48, 56, 57, 49, 41, 33, 34, 42, 50, 58, 59, 60, 61, 53, 45, 44, 43, 35, 27, 26, 18, 17, 9, 10, 2, 3, 11, 19, 20, 12, 13, 14, 6, 7, 15, 23, 31, 30, 38, 46, 54, 55, 63]
[00:00:01:40:033] ! Bidirectional. expansions: 63,206, time: 99,649 [ms], path length: 48 [edges], g_F: 44, g_B: 4, generated: {'F': 77,189, 'B': 32,365}, MM: 40, MMPER: 80.63265306122449%
[00:00:01:40:034] 
---------- SM_Grids/8x8_grid_with_random_blocks_16per_8 ----------
[00:00:00:03:930] Path of length 50 found: [0, 8, 16, 17, 9, 1, 2, 10, 18, 19, 11, 3, 4, 5, 6, 7, 15, 23, 22, 14, 13, 12, 20, 21, 29, 28, 36, 35, 34, 33, 32, 40, 48, 56, 57, 49, 41, 42, 50, 51, 59, 60, 61, 53, 45, 37, 38, 46, 54, 62, 63]
[00:00:00:03:930] ! Unidirectional s-t. expansions: 4,612, time: 3,930 [ms], path length: 50 [edges], generated: 7,670
[00:00:00:00:266] Path of length 50 found: [63, 62, 54, 46, 38, 37, 45, 53, 61, 60, 59, 51, 43, 42, 50, 49, 57, 56, 48, 40, 32, 33, 34, 35, 36, 28, 29, 21, 13, 14, 22, 23, 15, 7, 6, 5, 4, 3, 2, 1, 9, 10, 11, 12, 20, 19, 18, 17, 16, 8, 0]
[00:00:00:00:266] ! Unidirectional t-s. expansions: 334, time: 266 [ms], path length: 50 [edges], generated: 575
[00:00:00:20:926] Path of length 50 found: [0, 8, 16, 17, 9, 1, 2, 10, 18, 19, 11, 3, 4, 5, 6, 7, 15, 23, 22, 14, 13, 12, 20, 21, 29, 28, 36, 35, 34, 33, 32, 40, 48, 56, 57, 49, 50, 42, 43, 51, 59, 60, 61, 53, 45, 37, 38, 46, 54, 62, 63]
[00:00:00:21:298] ! Bidirectional. expansions: 12,294, time: 20,927 [ms], path length: 50 [edges], g_F: 31, g_B: 19, generated: {'F': 16,375, 'B': 3,979}, MM: 12, MMPER: 22.529411764705884%
[00:00:00:21:298] 
---------- SM_Grids/8x8_grid_with_random_blocks_16per_9 ----------
[00:00:00:00:820] Path of length 46 found: [0, 8, 16, 24, 32, 33, 25, 17, 9, 1, 2, 3, 11, 12, 4, 5, 6, 7, 15, 14, 13, 21, 20, 28, 27, 26, 34, 42, 50, 58, 59, 51, 43, 44, 36, 37, 38, 30, 31, 39, 47, 55, 54, 53, 61, 62, 63]
[00:00:00:00:820] ! Unidirectional s-t. expansions: 876, time: 820 [ms], path length: 46 [edges], generated: 1,528
[00:00:00:00:485] Path of length 46 found: [63, 62, 61, 53, 54, 55, 47, 39, 31, 30, 38, 37, 45, 44, 52, 51, 59, 58, 50, 42, 41, 33, 32, 24, 16, 8, 9, 17, 25, 26, 27, 28, 20, 21, 13, 14, 15, 7, 6, 5, 4, 12, 11, 3, 2, 1, 0]
[00:00:00:00:485] ! Unidirectional t-s. expansions: 480, time: 485 [ms], path length: 46 [edges], generated: 947
[00:00:00:06:050] Path of length 46 found: [0, 8, 16, 24, 32, 33, 25, 17, 9, 1, 2, 3, 11, 12, 4, 5, 6, 7, 15, 14, 13, 21, 20, 28, 27, 26, 34, 42, 50, 58, 59, 51, 52, 44, 45, 37, 38, 30, 31, 39, 47, 55, 54, 53, 61, 62, 63]
[00:00:00:06:447] ! Bidirectional. expansions: 3,254, time: 6,050 [ms], path length: 46 [edges], g_F: 25, g_B: 21, generated: {'F': 3,661, 'B': 1,937}, MM: 4, MMPER: 7.51063829787234%

[00:00:00:06:447] average expansions: (6,525, 11,009, 17,171, 0)
[00:00:00:06:447] average time: (5,314, 8,718, 28,868, 0)
[00:00:00:06:447] X-DFBnB: 6,525 , 5,314 (expansions , time[ms])
[00:00:00:06:447] BiX-DFBnB: 17,171 , 28,868 (expansions , time[ms])

--------------------------
date: SM_Grids
number_of_graphs: 10
graph_type: grid
size_of_graphs: [8, 8]
heuristic: bcc_heuristic
snake: False
run_uni: True
run_bi: True
run_multi: False
solution_vertices: []
algorithms: ['DFBnB']
bsd: False
cube_first_dims: 4
cube_buffer_dim: None
backward_sym_generation: False
sym_coil: False
prefix_set: None

---------- SM_Grids/8x8_grid_with_random_blocks_16per_0 ----------
[00:00:00:00:649] Path of length 44 found: [0, 1, 9, 10, 2, 3, 11, 19, 18, 26, 25, 24, 32, 40, 48, 49, 41, 33, 34, 42, 50, 51, 43, 35, 36, 28, 20, 12, 13, 5, 6, 7, 15, 14, 22, 23, 31, 30, 29, 37, 38, 46, 47, 55, 63]
[00:00:00:00:650] ! Unidirectional s-t. expansions: 856, time: 650 [ms], path length: 44 [edges], generated: 1,443
[00:00:00:00:276] Path of length 44 found: [63, 55, 47, 46, 38, 39, 31, 23, 15, 7, 6, 5, 13, 14, 22, 30, 29, 37, 36, 44, 43, 35, 34, 33, 41, 42, 50, 49, 48, 40, 32, 24, 25, 26, 18, 19, 20, 12, 11, 3, 2, 10, 9, 1, 0]
[00:00:00:00:277] ! Unidirectional t-s. expansions: 242, time: 277 [ms], path length: 44 [edges], generated: 426
[00:00:00:02:918] Path of length 44 found: [0, 1, 9, 10, 2, 3, 11, 19, 18, 26, 25, 24, 32, 40, 48, 49, 41, 33, 34, 42, 50, 51, 43, 35, 36, 37, 29, 28, 20, 12, 13, 5, 6, 7, 15, 14, 22, 23, 31, 39, 38, 46, 47, 55, 63]
[00:00:00:03:401] ! Bidirectional. expansions: 1,915, time: 2,918 [ms], path length: 44 [edges], g_F: 35, g_B: 9, generated: {'F': 1,233, 'B': 1,998}, MM: 26, MMPER: 56.77777777777778%
[00:00:00:03:402] 
---------- SM_Grids/8x8_grid_with_random_blocks_16per_1 ----------
[00:00:00:00:071] Path of length 44 found: [0, 8, 16, 24, 32, 33, 25, 26, 18, 10, 2, 3, 4, 12, 11, 19, 27, 35, 34, 42, 43, 44, 36, 28, 20, 21, 29, 30, 22, 14, 15, 23, 31, 39, 38, 46, 47, 55, 54, 53, 52, 60, 61, 62, 63]
[00:00:00:00:071] ! Unidirectional s-t. expansions: 62, time: 71 [ms], path length: 44 [edges], generated: 107
[00:00:00:13:662] Path of length 44 found: [63, 62, 61, 60, 52, 53, 54, 55, 47, 46, 38, 39, 31, 23, 15, 14, 22, 30, 29, 21, 20, 12, 4, 3, 2, 10, 11, 19, 18, 26, 34, 35, 27, 28, 36, 44, 43, 42, 41, 33, 25, 24, 16, 8, 0]
[00:00:00:13:662] ! Unidirectional t-s. expansions: 15,209, time: 13,662 [ms], path length: 44 [edges], generated: 27,628
[00:00:00:29:427] Path of length 44 found: [0, 8, 16, 24, 32, 33, 41, 42, 43, 44, 36, 28, 27, 35, 34, 26, 18, 19, 11, 10, 2, 3, 4, 12, 20, 21, 29, 30, 22, 14, 15, 23, 31, 39, 38, 46, 47, 55, 54, 53, 52, 60, 61, 62, 63]
[00:00:00:29:863] ! Bidirectional. expansions: 15,684, time: 29,427 [ms], path length: 44 [edges], g_F: 5, g_B: 39, generated: {'F': 16,158, 'B': 12,426}, MM: 34, MMPER: 74.55555555555556%
[00:00:00:29:863] 
---------- SM_Grids/8x8_grid_with_random_blocks_16per_2 ----------
[00:00:00:04:012] Path of length 44 found: [0, 8, 16, 24, 32, 40, 48, 56, 57, 49, 41, 33, 34, 26, 18, 10, 2, 3, 11, 19, 27, 28, 20, 21, 29, 30, 38, 46, 47, 55, 54, 53, 45, 44, 43, 42, 50, 58, 59, 51, 52, 60, 61, 62, 63]
[00:00:00:04:013] ! Unidirectional s-t. expansions: 4,123, time: 4,012 [ms], path length: 44 [edges], generated: 7,453
[00:00:00:11:934] Path of length 44 found: [63, 55, 47, 46, 38, 30, 29, 21, 20, 19, 11, 3, 2, 10, 18, 26, 27, 28, 36, 44, 45, 53, 54, 62, 61, 60, 52, 51, 43, 42, 34, 33, 41, 49, 50, 58, 57, 56, 48, 40, 32, 24, 16, 8, 0]
[00:00:00:11:934] ! Unidirectional t-s. expansions: 13,598, time: 11,934 [ms], path length: 44 [edges], generated: 22,334
[00:00:00:30:126] Path of length 44 found: [0, 8, 16, 24, 32, 40, 48, 56, 57, 49, 41, 33, 34, 42, 50, 58, 59, 51, 52, 60, 61, 62, 54, 53, 45, 44, 36, 28, 27, 26, 18, 10, 2, 3, 11, 19, 20, 21, 29, 30, 38, 46, 47, 55, 63]
[00:00:00:30:559] ! Bidirectional. expansions: 15,313, time: 30,126 [ms], path length: 44 [edges], g_F: 23, g_B: 21, generated: {'F': 14,205, 'B': 12,206}, MM: 2, MMPER: 3.4444444444444446%
[00:00:00:30:560] 
---------- SM_Grids/8x8_grid_with_random_blocks_16per_3 ----------
[00:00:00:14:441] Path of length 44 found: [0, 8, 16, 24, 25, 17, 18, 10, 11, 19, 27, 26, 34, 33, 41, 49, 50, 42, 43, 35, 36, 28, 29, 21, 20, 12, 13, 14, 15, 23, 31, 30, 38, 39, 47, 46, 45, 44, 52, 60, 61, 53, 54, 62, 63]
[00:00:00:14:441] ! Unidirectional s-t. expansions: 17,014, time: 14,441 [ms], path length: 44 [edges], generated: 30,233
[00:00:00:42:616] Path of length 44 found: [63, 55, 47, 39, 31, 23, 15, 14, 13, 12, 11, 10, 18, 26, 34, 42, 43, 35, 36, 28, 27, 19, 20, 21, 29, 30, 38, 46, 45, 53, 54, 62, 61, 60, 52, 51, 50, 49, 41, 33, 25, 17, 16, 8, 0]
[00:00:00:42:616] ! Unidirectional t-s. expansions: 54,936, time: 42,616 [ms], path length: 44 [edges], generated: 94,655
[00:00:01:17:458] Path of length 44 found: [0, 8, 16, 24, 25, 17, 18, 10, 11, 19, 27, 26, 34, 33, 41, 49, 50, 42, 43, 35, 36, 44, 52, 60, 61, 62, 54, 53, 45, 46, 38, 30, 29, 21, 20, 12, 13, 14, 15, 23, 31, 39, 47, 55, 63]
[00:00:01:17:885] ! Bidirectional. expansions: 44,879, time: 77,458 [ms], path length: 44 [edges], g_F: 27, g_B: 17, generated: {'F': 43,402, 'B': 41,546}, MM: 10, MMPER: 21.22222222222222%
[00:00:01:17:885] 
---------- SM_Grids/8x8_grid_with_random_blocks_16per_4 ----------
[00:00:00:00:717] Path of length 48 found: [0, 1, 9, 8, 16, 17, 25, 33, 32, 40, 48, 56, 57, 49, 41, 42, 50, 51, 52, 60, 61, 53, 45, 44, 36, 28, 27, 35, 34, 26, 18, 10, 11, 3, 4, 12, 13, 14, 22, 30, 29, 37, 38, 39, 47, 46, 54, 62, 63]
[00:00:00:00:717] ! Unidirectional s-t. expansions: 852, time: 717 [ms], path length: 48 [edges], generated: 1,430
[00:00:00:02:247] Path of length 48 found: [63, 55, 47, 39, 38, 30, 22, 14, 13, 12, 4, 3, 11, 10, 18, 26, 34, 35, 27, 28, 29, 37, 36, 44, 45, 46, 54, 62, 61, 53, 52, 51, 50, 42, 41, 49, 57, 56, 48, 40, 32, 33, 25, 17, 16, 8, 9, 1, 0]
[00:00:00:02:247] ! Unidirectional t-s. expansions: 1,903, time: 2,247 [ms], path length: 48 [edges], generated: 3,405
[00:00:00:07:915] Path of length 48 found: [0, 1, 9, 8, 16, 17, 25, 33, 32, 40, 48, 56, 57, 49, 41, 42, 50, 51, 52, 60, 61, 62, 54, 53, 45, 44, 36, 37, 29, 28, 27, 35, 34, 26, 18, 10, 11, 3, 4, 12, 13, 14, 22, 30, 38, 39, 47, 55, 63]
[00:00:00:08:330] ! Bidirectional. expansions: 3,736, time: 7,915 [ms], path length: 48 [edges], g_F: 23, g_B: 25, generated: {'F': 2,556, 'B': 3,913}, MM: 2, MMPER: 3.0816326530612246%
[00:00:00:08:330] 
---------- SM_Grids/8x8_grid_with_random_blocks_16per_5 ----------
[00:00:00:03:315] Path of length 50 found: [0, 8, 16, 24, 32, 33, 34, 26, 25, 17, 9, 1, 2, 10, 11, 19, 20, 12, 4, 5, 6, 14, 15, 23, 22, 30, 29, 28, 36, 35, 43, 51, 50, 49, 48, 56, 57, 58, 59, 60, 61, 53, 52, 44, 45, 46, 38, 39, 47, 55, 63]
[00:00:00:03:315] ! Unidirectional s-t. expansions: 3,821, time: 3,315 [ms], path length: 50 [edges], generated: 6,324
[00:00:00:04:980] Path of length 50 found: [63, 55, 47, 39, 38, 46, 54, 53, 45, 44, 52, 60, 59, 58, 57, 56, 48, 49, 50, 51, 43, 35, 36, 28, 29, 30, 31, 23, 15, 14, 6, 5, 4, 12, 20, 19, 11, 3, 2, 10, 9, 17, 25, 26, 34, 33, 32, 24, 16, 8, 0]
[00:00:00:04:981] ! Unidirectional t-s. expansions: 6,143, time: 4,981 [ms], path length: 50 [edges], generated: 9,959
[00:00:00:23:723] Path of length 50 found: [0, 8, 16, 24, 32, 33, 34, 26, 25, 17, 9, 1, 2, 10, 11, 19, 20, 12, 4, 5, 6, 14, 15, 23, 22, 30, 29, 28, 36, 35, 43, 51, 50, 49, 48, 56, 57, 58, 59, 60, 52, 44, 45, 53, 54, 46, 38, 39, 47, 55, 63]
[00:00:00:24:155] ! Bidirectional. expansions: 10,961, time: 23,723 [ms], path length: 50 [edges], g_F: 43, g_B: 7, generated: {'F': 9,024, 'B': 9,594}, MM: 36, MMPER: 69.58823529411765%
[00:00:00:24:155] 
---------- SM_Grids/8x8_grid_with_random_blocks_16per_6 ----------
[00:00:00:00:231] Path of length 48 found: [0, 1, 9, 8, 16, 24, 32, 40, 48, 49, 50, 42, 41, 33, 25, 17, 18, 10, 11, 19, 27, 26, 34, 35, 36, 44, 52, 53, 45, 37, 29, 21, 13, 5, 6, 7, 15, 14, 22, 23, 31, 30, 38, 46, 47, 55, 54, 62, 63]
[00:00:00:00:231] ! Unidirectional s-t. expansions: 242, time: 231 [ms], path length: 48 [edges], generated: 404
[00:00:00:00:088] Path of length 48 found: [63, 62, 54, 55, 47, 46, 38, 30, 31, 23, 15, 7, 6, 5, 13, 14, 22, 21, 29, 37, 45, 53, 52, 44, 36, 35, 27, 19, 11, 10, 18, 17, 25, 26, 34, 33, 41, 42, 50, 49, 48, 40, 32, 24, 16, 8, 9, 1, 0]
[00:00:00:00:089] ! Unidirectional t-s. expansions: 90, time: 88 [ms], path length: 48 [edges], generated: 155
[00:00:00:01:027] Path of length 48 found: [0, 1, 9, 8, 16, 24, 32, 40, 48, 49, 50, 42, 41, 33, 25, 17, 18, 10, 11, 19, 27, 26, 34, 35, 36, 44, 52, 53, 45, 37, 29, 21, 22, 14, 13, 5, 6, 7, 15, 23, 31, 30, 38, 46, 47, 55, 54, 62, 63]
[00:00:00:01:440] ! Bidirectional. expansions: 472, time: 1,028 [ms], path length: 48 [edges], g_F: 29, g_B: 19, generated: {'F': 540, 'B': 272}, MM: 10, MMPER: 19.408163265306122%
[00:00:00:01:440] 
---------- SM_Grids/8x8_grid_with_random_blocks_16per_7 ----------
[00:00:00:26:854] Path of length 48 found: [0, 8, 16, 24, 32, 40, 48, 56, 57, 49, 41, 33, 34, 26, 18, 17, 9, 10, 2, 3, 11, 19, 27, 28, 20, 12, 13, 14, 6, 7, 15, 23, 31, 30, 38, 37, 45, 44, 43, 42, 50, 58, 59, 60, 61, 53, 54, 55, 63]
[00:00:00:26:854] ! Unidirectional s-t. expansions: 32,791, time: 26,854 [ms], path length: 48 [edges], generated: 54,620
[00:00:00:14:157] Path of length 48 found: [63, 55, 54, 46, 38, 30, 31, 23, 15, 7, 6, 14, 13, 21, 20, 12, 11, 3, 2, 10, 9, 17, 18, 19, 27, 26, 34, 35, 43, 44, 45, 53, 61, 60, 59, 51, 50, 42, 41, 49, 57, 56, 48, 40, 32, 24, 16, 8, 0]
[00:00:00:14:157] ! Unidirectional t-s. expansions: 17,153, time: 14,157 [ms], path length: 48 [edges], generated: 29,880
[00:00:01:47:908] Path of length 48 found: [0, 8, 16, 24, 32, 40, 48, 56, 57, 49, 41, 33, 34, 42, 50, 58, 59, 60, 61, 53, 45, 44, 43, 35, 27, 26, 18, 17, 9, 10, 2, 3, 11, 19, 20, 12, 13, 14, 6, 7, 15, 23, 31, 30, 38, 46, 54, 55, 63]
[00:00:01:48:319] ! Bidirectional. expansions: 63,206, time: 107,908 [ms], path length: 48 [edges], g_F: 44, g_B: 4, generated: {'F': 77,189, 'B': 32,365}, MM: 40, MMPER: 80.63265306122449%
[00:00:01:48:319] 
---------- SM_Grids/8x8_grid_with_random_blocks_16per_8 ----------
[00:00:00:04:258] Path of length 50 found: [0, 8, 16, 17, 9, 1, 2, 10, 18, 19, 11, 3, 4, 5, 6, 7, 15, 23, 22, 14, 13, 12, 20, 21, 29, 28, 36, 35, 34, 33, 32, 40, 48, 56, 57, 49, 41, 42, 50, 51, 59, 60, 61, 53, 45, 37, 38, 46, 54, 62, 63]
[00:00:00:04:258] ! Unidirectional s-t. expansions: 4,612, time: 4,258 [ms], path length: 50 [edges], generated: 7,670
[00:00:00:00:288] Path of length 50 found: [63, 62, 54, 46, 38, 37, 45, 53, 61, 60, 59, 51, 43, 42, 50, 49, 57, 56, 48, 40, 32, 33, 34, 35, 36, 28, 29, 21, 13, 14, 22, 23, 15, 7, 6, 5, 4, 3, 2, 1, 9, 10, 11, 12, 20, 19, 18, 17, 16, 8, 0]
[00:00:00:00:288] ! Unidirectional t-s. expansions: 334, time: 288 [ms], path length: 50 [edges], generated: 575
[00:00:00:23:011] Path of length 50 found: [0, 8, 16, 17, 9, 1, 2, 10, 18, 19, 11, 3, 4, 5, 6, 7, 15, 23, 22, 14, 13, 12, 20, 21, 29, 28, 36, 35, 34, 33, 32, 40, 48, 56, 57, 49, 50, 42, 43, 51, 59, 60, 61, 53, 45, 37, 38, 46, 54, 62, 63]
[00:00:00:23:430] ! Bidirectional. expansions: 12,294, time: 23,011 [ms], path length: 50 [edges], g_F: 31, g_B: 19, generated: {'F': 16,375, 'B': 3,979}, MM: 12, MMPER: 22.529411764705884%
[00:00:00:23:430] 
---------- SM_Grids/8x8_grid_with_random_blocks_16per_9 ----------
[00:00:00:00:919] Path of length 46 found: [0, 8, 16, 24, 32, 33, 25, 17, 9, 1, 2, 3, 11, 12, 4, 5, 6, 7, 15, 14, 13, 21, 20, 28, 27, 26, 34, 42, 50, 58, 59, 51, 43, 44, 36, 37, 38, 30, 31, 39, 47, 55, 54, 53, 61, 62, 63]
[00:00:00:00:920] ! Unidirectional s-t. expansions: 876, time: 920 [ms], path length: 46 [edges], generated: 1,528
[00:00:00:00:538] Path of length 46 found: [63, 62, 61, 53, 54, 55, 47, 39, 31, 30, 38, 37, 45, 44, 52, 51, 59, 58, 50, 42, 41, 33, 32, 24, 16, 8, 9, 17, 25, 26, 27, 28, 20, 21, 13, 14, 15, 7, 6, 5, 4, 12, 11, 3, 2, 1, 0]
[00:00:00:00:538] ! Unidirectional t-s. expansions: 480, time: 538 [ms], path length: 46 [edges], generated: 947
[00:00:00:06:732] Path of length 46 found: [0, 8, 16, 24, 32, 33, 25, 17, 9, 1, 2, 3, 11, 12, 4, 5, 6, 7, 15, 14, 13, 21, 20, 28, 27, 26, 34, 42, 50, 58, 59, 51, 52, 44, 45, 37, 38, 30, 31, 39, 47, 55, 54, 53, 61, 62, 63]
[00:00:00:07:174] ! Bidirectional. expansions: 3,254, time: 6,732 [ms], path length: 46 [edges], g_F: 25, g_B: 21, generated: {'F': 3,661, 'B': 1,937}, MM: 4, MMPER: 7.51063829787234%

[00:00:00:07:174] average expansions: (6,525, 11,009, 17,171, 0)
[00:00:00:07:174] average time: (5,547, 9,079, 31,025, 0)
[00:00:00:07:174] X-DFBnB: 6,525 , 5,547 (expansions , time[ms])
[00:00:00:07:174] BiX-DFBnB: 17,171 , 31,025 (expansions , time[ms])

--------------------------
date: SM_Grids
number_of_graphs: 10
graph_type: grid
size_of_graphs: [8, 8]
heuristic: bcc_heuristic
snake: False
run_uni: True
run_bi: True
run_multi: False
solution_vertices: []
algorithms: ['DFBnB']
bsd: False
cube_first_dims: 4
cube_buffer_dim: None
backward_sym_generation: False
sym_coil: False
prefix_set: None

---------- SM_Grids/8x8_grid_with_random_blocks_16per_0 ----------
[00:00:00:00:658] Path of length 44 found: [0, 1, 9, 10, 2, 3, 11, 19, 18, 26, 25, 24, 32, 40, 48, 49, 41, 33, 34, 42, 50, 51, 43, 35, 36, 28, 20, 12, 13, 5, 6, 7, 15, 14, 22, 23, 31, 30, 29, 37, 38, 46, 47, 55, 63]
[00:00:00:00:659] ! Unidirectional s-t. expansions: 856, time: 658 [ms], path length: 44 [edges], generated: 1,443
[00:00:00:00:277] Path of length 44 found: [63, 55, 47, 46, 38, 39, 31, 23, 15, 7, 6, 5, 13, 14, 22, 30, 29, 37, 36, 44, 43, 35, 34, 33, 41, 42, 50, 49, 48, 40, 32, 24, 25, 26, 18, 19, 20, 12, 11, 3, 2, 10, 9, 1, 0]
[00:00:00:00:277] ! Unidirectional t-s. expansions: 242, time: 277 [ms], path length: 44 [edges], generated: 426
[00:00:00:02:903] Path of length 44 found: [0, 1, 9, 10, 2, 3, 11, 19, 18, 26, 25, 24, 32, 40, 48, 49, 41, 33, 34, 42, 50, 51, 43, 35, 36, 37, 29, 28, 20, 12, 13, 5, 6, 7, 15, 14, 22, 23, 31, 39, 38, 46, 47, 55, 63]
[00:00:00:03:382] ! Bidirectional. expansions: 1,915, time: 2,904 [ms], path length: 44 [edges], g_F: 35, g_B: 9, generated: {'F': 1,233, 'B': 1,998}, MM: 26, MMPER: 56.77777777777778%
[00:00:00:03:382] 
---------- SM_Grids/8x8_grid_with_random_blocks_16per_1 ----------
[00:00:00:00:075] Path of length 44 found: [0, 8, 16, 24, 32, 33, 25, 26, 18, 10, 2, 3, 4, 12, 11, 19, 27, 35, 34, 42, 43, 44, 36, 28, 20, 21, 29, 30, 22, 14, 15, 23, 31, 39, 38, 46, 47, 55, 54, 53, 52, 60, 61, 62, 63]
[00:00:00:00:075] ! Unidirectional s-t. expansions: 62, time: 75 [ms], path length: 44 [edges], generated: 107
[00:00:00:13:942] Path of length 44 found: [63, 62, 61, 60, 52, 53, 54, 55, 47, 46, 38, 39, 31, 23, 15, 14, 22, 30, 29, 21, 20, 12, 4, 3, 2, 10, 11, 19, 18, 26, 34, 35, 27, 28, 36, 44, 43, 42, 41, 33, 25, 24, 16, 8, 0]
[00:00:00:13:942] ! Unidirectional t-s. expansions: 15,209, time: 13,942 [ms], path length: 44 [edges], generated: 27,628
[00:00:00:29:864] Path of length 44 found: [0, 8, 16, 24, 32, 33, 41, 42, 43, 44, 36, 28, 27, 35, 34, 26, 18, 19, 11, 10, 2, 3, 4, 12, 20, 21, 29, 30, 22, 14, 15, 23, 31, 39, 38, 46, 47, 55, 54, 53, 52, 60, 61, 62, 63]
[00:00:00:30:293] ! Bidirectional. expansions: 15,684, time: 29,864 [ms], path length: 44 [edges], g_F: 5, g_B: 39, generated: {'F': 16,158, 'B': 12,426}, MM: 34, MMPER: 74.55555555555556%
[00:00:00:30:294] 
---------- SM_Grids/8x8_grid_with_random_blocks_16per_2 ----------
[00:00:00:04:196] Path of length 44 found: [0, 8, 16, 24, 32, 40, 48, 56, 57, 49, 41, 33, 34, 26, 18, 10, 2, 3, 11, 19, 27, 28, 20, 21, 29, 30, 38, 46, 47, 55, 54, 53, 45, 44, 43, 42, 50, 58, 59, 51, 52, 60, 61, 62, 63]
[00:00:00:04:196] ! Unidirectional s-t. expansions: 4,123, time: 4,196 [ms], path length: 44 [edges], generated: 7,453
[00:00:00:12:146] Path of length 44 found: [63, 55, 47, 46, 38, 30, 29, 21, 20, 19, 11, 3, 2, 10, 18, 26, 27, 28, 36, 44, 45, 53, 54, 62, 61, 60, 52, 51, 43, 42, 34, 33, 41, 49, 50, 58, 57, 56, 48, 40, 32, 24, 16, 8, 0]
[00:00:00:12:146] ! Unidirectional t-s. expansions: 13,598, time: 12,146 [ms], path length: 44 [edges], generated: 22,334
[00:00:00:30:668] Path of length 44 found: [0, 8, 16, 24, 32, 40, 48, 56, 57, 49, 41, 33, 34, 42, 50, 58, 59, 51, 52, 60, 61, 62, 54, 53, 45, 44, 36, 28, 27, 26, 18, 10, 2, 3, 11, 19, 20, 21, 29, 30, 38, 46, 47, 55, 63]
[00:00:00:31:105] ! Bidirectional. expansions: 15,313, time: 30,668 [ms], path length: 44 [edges], g_F: 23, g_B: 21, generated: {'F': 14,205, 'B': 12,206}, MM: 2, MMPER: 3.4444444444444446%
[00:00:00:31:105] 
---------- SM_Grids/8x8_grid_with_random_blocks_16per_3 ----------
[00:00:00:14:807] Path of length 44 found: [0, 8, 16, 24, 25, 17, 18, 10, 11, 19, 27, 26, 34, 33, 41, 49, 50, 42, 43, 35, 36, 28, 29, 21, 20, 12, 13, 14, 15, 23, 31, 30, 38, 39, 47, 46, 45, 44, 52, 60, 61, 53, 54, 62, 63]
[00:00:00:14:807] ! Unidirectional s-t. expansions: 17,014, time: 14,807 [ms], path length: 44 [edges], generated: 30,233
[00:00:00:44:062] Path of length 44 found: [63, 55, 47, 39, 31, 23, 15, 14, 13, 12, 11, 10, 18, 26, 34, 42, 43, 35, 36, 28, 27, 19, 20, 21, 29, 30, 38, 46, 45, 53, 54, 62, 61, 60, 52, 51, 50, 49, 41, 33, 25, 17, 16, 8, 0]
[00:00:00:44:063] ! Unidirectional t-s. expansions: 54,936, time: 44,062 [ms], path length: 44 [edges], generated: 94,655
[00:00:01:18:052] Path of length 44 found: [0, 8, 16, 24, 25, 17, 18, 10, 11, 19, 27, 26, 34, 33, 41, 49, 50, 42, 43, 35, 36, 44, 52, 60, 61, 62, 54, 53, 45, 46, 38, 30, 29, 21, 20, 12, 13, 14, 15, 23, 31, 39, 47, 55, 63]
[00:00:01:18:475] ! Bidirectional. expansions: 44,879, time: 78,053 [ms], path length: 44 [edges], g_F: 27, g_B: 17, generated: {'F': 43,402, 'B': 41,546}, MM: 10, MMPER: 21.22222222222222%
[00:00:01:18:475] 
---------- SM_Grids/8x8_grid_with_random_blocks_16per_4 ----------
[00:00:00:00:747] Path of length 48 found: [0, 1, 9, 8, 16, 17, 25, 33, 32, 40, 48, 56, 57, 49, 41, 42, 50, 51, 52, 60, 61, 53, 45, 44, 36, 28, 27, 35, 34, 26, 18, 10, 11, 3, 4, 12, 13, 14, 22, 30, 29, 37, 38, 39, 47, 46, 54, 62, 63]
[00:00:00:00:748] ! Unidirectional s-t. expansions: 852, time: 747 [ms], path length: 48 [edges], generated: 1,430
[00:00:00:02:295] Path of length 48 found: [63, 55, 47, 39, 38, 30, 22, 14, 13, 12, 4, 3, 11, 10, 18, 26, 34, 35, 27, 28, 29, 37, 36, 44, 45, 46, 54, 62, 61, 53, 52, 51, 50, 42, 41, 49, 57, 56, 48, 40, 32, 33, 25, 17, 16, 8, 9, 1, 0]
[00:00:00:02:296] ! Unidirectional t-s. expansions: 1,903, time: 2,295 [ms], path length: 48 [edges], generated: 3,405
[00:00:00:07:902] Path of length 48 found: [0, 1, 9, 8, 16, 17, 25, 33, 32, 40, 48, 56, 57, 49, 41, 42, 50, 51, 52, 60, 61, 62, 54, 53, 45, 44, 36, 37, 29, 28, 27, 35, 34, 26, 18, 10, 11, 3, 4, 12, 13, 14, 22, 30, 38, 39, 47, 55, 63]
[00:00:00:08:315] ! Bidirectional. expansions: 3,736, time: 7,902 [ms], path length: 48 [edges], g_F: 23, g_B: 25, generated: {'F': 2,556, 'B': 3,913}, MM: 2, MMPER: 3.0816326530612246%
[00:00:00:08:315] 
---------- SM_Grids/8x8_grid_with_random_blocks_16per_5 ----------
[00:00:00:03:377] Path of length 50 found: [0, 8, 16, 24, 32, 33, 34, 26, 25, 17, 9, 1, 2, 10, 11, 19, 20, 12, 4, 5, 6, 14, 15, 23, 22, 30, 29, 28, 36, 35, 43, 51, 50, 49, 48, 56, 57, 58, 59, 60, 61, 53, 52, 44, 45, 46, 38, 39, 47, 55, 63]
[00:00:00:03:378] ! Unidirectional s-t. expansions: 3,821, time: 3,378 [ms], path length: 50 [edges], generated: 6,324
[00:00:00:05:126] Path of length 50 found: [63, 55, 47, 39, 38, 46, 54, 53, 45, 44, 52, 60, 59, 58, 57, 56, 48, 49, 50, 51, 43, 35, 36, 28, 29, 30, 31, 23, 15, 14, 6, 5, 4, 12, 20, 19, 11, 3, 2, 10, 9, 17, 25, 26, 34, 33, 32, 24, 16, 8, 0]
[00:00:00:05:126] ! Unidirectional t-s. expansions: 6,143, time: 5,126 [ms], path length: 50 [edges], generated: 9,959
[00:00:00:24:021] Path of length 50 found: [0, 8, 16, 24, 32, 33, 34, 26, 25, 17, 9, 1, 2, 10, 11, 19, 20, 12, 4, 5, 6, 14, 15, 23, 22, 30, 29, 28, 36, 35, 43, 51, 50, 49, 48, 56, 57, 58, 59, 60, 52, 44, 45, 53, 54, 46, 38, 39, 47, 55, 63]
[00:00:00:24:453] ! Bidirectional. expansions: 10,961, time: 24,021 [ms], path length: 50 [edges], g_F: 43, g_B: 7, generated: {'F': 9,024, 'B': 9,594}, MM: 36, MMPER: 69.58823529411765%
[00:00:00:24:453] 
---------- SM_Grids/8x8_grid_with_random_blocks_16per_6 ----------
[00:00:00:00:242] Path of length 48 found: [0, 1, 9, 8, 16, 24, 32, 40, 48, 49, 50, 42, 41, 33, 25, 17, 18, 10, 11, 19, 27, 26, 34, 35, 36, 44, 52, 53, 45, 37, 29, 21, 13, 5, 6, 7, 15, 14, 22, 23, 31, 30, 38, 46, 47, 55, 54, 62, 63]
[00:00:00:00:242] ! Unidirectional s-t. expansions: 242, time: 242 [ms], path length: 48 [edges], generated: 404
[00:00:00:00:093] Path of length 48 found: [63, 62, 54, 55, 47, 46, 38, 30, 31, 23, 15, 7, 6, 5, 13, 14, 22, 21, 29, 37, 45, 53, 52, 44, 36, 35, 27, 19, 11, 10, 18, 17, 25, 26, 34, 33, 41, 42, 50, 49, 48, 40, 32, 24, 16, 8, 9, 1, 0]
[00:00:00:00:094] ! Unidirectional t-s. expansions: 90, time: 93 [ms], path length: 48 [edges], generated: 155
[00:00:00:01:076] Path of length 48 found: [0, 1, 9, 8, 16, 24, 32, 40, 48, 49, 50, 42, 41, 33, 25, 17, 18, 10, 11, 19, 27, 26, 34, 35, 36, 44, 52, 53, 45, 37, 29, 21, 22, 14, 13, 5, 6, 7, 15, 23, 31, 30, 38, 46, 47, 55, 54, 62, 63]
[00:00:00:01:486] ! Bidirectional. expansions: 472, time: 1,076 [ms], path length: 48 [edges], g_F: 29, g_B: 19, generated: {'F': 540, 'B': 272}, MM: 10, MMPER: 19.408163265306122%
[00:00:00:01:486] 
---------- SM_Grids/8x8_grid_with_random_blocks_16per_7 ----------
[00:00:00:27:618] Path of length 48 found: [0, 8, 16, 24, 32, 40, 48, 56, 57, 49, 41, 33, 34, 26, 18, 17, 9, 10, 2, 3, 11, 19, 27, 28, 20, 12, 13, 14, 6, 7, 15, 23, 31, 30, 38, 37, 45, 44, 43, 42, 50, 58, 59, 60, 61, 53, 54, 55, 63]
[00:00:00:27:619] ! Unidirectional s-t. expansions: 32,791, time: 27,618 [ms], path length: 48 [edges], generated: 54,620
[00:00:00:14:697] Path of length 48 found: [63, 55, 54, 46, 38, 30, 31, 23, 15, 7, 6, 14, 13, 21, 20, 12, 11, 3, 2, 10, 9, 17, 18, 19, 27, 26, 34, 35, 43, 44, 45, 53, 61, 60, 59, 51, 50, 42, 41, 49, 57, 56, 48, 40, 32, 24, 16, 8, 0]
[00:00:00:14:698] ! Unidirectional t-s. expansions: 17,153, time: 14,697 [ms], path length: 48 [edges], generated: 29,880
[00:00:01:51:163] Path of length 48 found: [0, 8, 16, 24, 32, 40, 48, 56, 57, 49, 41, 33, 34, 42, 50, 58, 59, 60, 61, 53, 45, 44, 43, 35, 27, 26, 18, 17, 9, 10, 2, 3, 11, 19, 20, 12, 13, 14, 6, 7, 15, 23, 31, 30, 38, 46, 54, 55, 63]
[00:00:01:51:579] ! Bidirectional. expansions: 63,206, time: 111,164 [ms], path length: 48 [edges], g_F: 44, g_B: 4, generated: {'F': 77,189, 'B': 32,365}, MM: 40, MMPER: 80.63265306122449%
[00:00:01:51:579] 
---------- SM_Grids/8x8_grid_with_random_blocks_16per_8 ----------
[00:00:00:04:408] Path of length 50 found: [0, 8, 16, 17, 9, 1, 2, 10, 18, 19, 11, 3, 4, 5, 6, 7, 15, 23, 22, 14, 13, 12, 20, 21, 29, 28, 36, 35, 34, 33, 32, 40, 48, 56, 57, 49, 41, 42, 50, 51, 59, 60, 61, 53, 45, 37, 38, 46, 54, 62, 63]
[00:00:00:04:408] ! Unidirectional s-t. expansions: 4,612, time: 4,408 [ms], path length: 50 [edges], generated: 7,670
[00:00:00:00:294] Path of length 50 found: [63, 62, 54, 46, 38, 37, 45, 53, 61, 60, 59, 51, 43, 42, 50, 49, 57, 56, 48, 40, 32, 33, 34, 35, 36, 28, 29, 21, 13, 14, 22, 23, 15, 7, 6, 5, 4, 3, 2, 1, 9, 10, 11, 12, 20, 19, 18, 17, 16, 8, 0]
[00:00:00:00:294] ! Unidirectional t-s. expansions: 334, time: 294 [ms], path length: 50 [edges], generated: 575
[00:00:00:24:037] Path of length 50 found: [0, 8, 16, 17, 9, 1, 2, 10, 18, 19, 11, 3, 4, 5, 6, 7, 15, 23, 22, 14, 13, 12, 20, 21, 29, 28, 36, 35, 34, 33, 32, 40, 48, 56, 57, 49, 50, 42, 43, 51, 59, 60, 61, 53, 45, 37, 38, 46, 54, 62, 63]
[00:00:00:24:459] ! Bidirectional. expansions: 12,294, time: 24,037 [ms], path length: 50 [edges], g_F: 31, g_B: 19, generated: {'F': 16,375, 'B': 3,979}, MM: 12, MMPER: 22.529411764705884%
[00:00:00:24:459] 
---------- SM_Grids/8x8_grid_with_random_blocks_16per_9 ----------
[00:00:00:00:928] Path of length 46 found: [0, 8, 16, 24, 32, 33, 25, 17, 9, 1, 2, 3, 11, 12, 4, 5, 6, 7, 15, 14, 13, 21, 20, 28, 27, 26, 34, 42, 50, 58, 59, 51, 43, 44, 36, 37, 38, 30, 31, 39, 47, 55, 54, 53, 61, 62, 63]
[00:00:00:00:929] ! Unidirectional s-t. expansions: 876, time: 928 [ms], path length: 46 [edges], generated: 1,528
[00:00:00:00:544] Path of length 46 found: [63, 62, 61, 53, 54, 55, 47, 39, 31, 30, 38, 37, 45, 44, 52, 51, 59, 58, 50, 42, 41, 33, 32, 24, 16, 8, 9, 17, 25, 26, 27, 28, 20, 21, 13, 14, 15, 7, 6, 5, 4, 12, 11, 3, 2, 1, 0]
[00:00:00:00:544] ! Unidirectional t-s. expansions: 480, time: 544 [ms], path length: 46 [edges], generated: 947
[00:00:00:06:867] Path of length 46 found: [0, 8, 16, 24, 32, 33, 25, 17, 9, 1, 2, 3, 11, 12, 4, 5, 6, 7, 15, 14, 13, 21, 20, 28, 27, 26, 34, 42, 50, 58, 59, 51, 52, 44, 45, 37, 38, 30, 31, 39, 47, 55, 54, 53, 61, 62, 63]
[00:00:00:07:308] ! Bidirectional. expansions: 3,254, time: 6,867 [ms], path length: 46 [edges], g_F: 25, g_B: 21, generated: {'F': 3,661, 'B': 1,937}, MM: 4, MMPER: 7.51063829787234%

[00:00:00:07:308] average expansions: (6,525, 11,009, 17,171, 0)
[00:00:00:07:308] average time: (5,706, 9,348, 31,656, 0)
[00:00:00:07:308] X-DFBnB: 6,525 , 5,706 (expansions , time[ms])
[00:00:00:07:308] BiX-DFBnB: 17,171 , 31,656 (expansions , time[ms])

--------------------------
date: SM_Grids
number_of_graphs: 10
graph_type: grid
size_of_graphs: [8, 8]
heuristic: bcc_heuristic
snake: False
run_uni: True
run_bi: True
run_multi: False
solution_vertices: []
algorithms: ['DFBnB']
bsd: False
cube_first_dims: 4
cube_buffer_dim: None
backward_sym_generation: False
sym_coil: False
prefix_set: None

---------- SM_Grids/8x8_grid_with_random_blocks_16per_0 ----------
[00:00:00:00:659] Path of length 44 found: [0, 1, 9, 10, 2, 3, 11, 19, 18, 26, 25, 24, 32, 40, 48, 49, 41, 33, 34, 42, 50, 51, 43, 35, 36, 28, 20, 12, 13, 5, 6, 7, 15, 14, 22, 23, 31, 30, 29, 37, 38, 46, 47, 55, 63]
[00:00:00:00:659] ! Unidirectional s-t. expansions: 856, time: 659 [ms], path length: 44 [edges], generated: 1,443
[00:00:00:00:286] Path of length 44 found: [63, 55, 47, 46, 38, 39, 31, 23, 15, 7, 6, 5, 13, 14, 22, 30, 29, 37, 36, 44, 43, 35, 34, 33, 41, 42, 50, 49, 48, 40, 32, 24, 25, 26, 18, 19, 20, 12, 11, 3, 2, 10, 9, 1, 0]
[00:00:00:00:286] ! Unidirectional t-s. expansions: 242, time: 286 [ms], path length: 44 [edges], generated: 426
[00:00:00:02:922] Path of length 44 found: [0, 1, 9, 10, 2, 3, 11, 19, 18, 26, 25, 24, 32, 40, 48, 49, 41, 33, 34, 42, 50, 51, 43, 35, 36, 37, 29, 28, 20, 12, 13, 5, 6, 7, 15, 14, 22, 23, 31, 39, 38, 46, 47, 55, 63]
[00:00:00:03:439] ! Bidirectional. expansions: 1,915, time: 2,923 [ms], path length: 44 [edges], g_F: 35, g_B: 9, generated: {'F': 1,233, 'B': 1,998}, MM: 26, MMPER: 56.77777777777778%
[00:00:00:03:439] 
---------- SM_Grids/8x8_grid_with_random_blocks_16per_1 ----------
[00:00:00:00:072] Path of length 44 found: [0, 8, 16, 24, 32, 33, 25, 26, 18, 10, 2, 3, 4, 12, 11, 19, 27, 35, 34, 42, 43, 44, 36, 28, 20, 21, 29, 30, 22, 14, 15, 23, 31, 39, 38, 46, 47, 55, 54, 53, 52, 60, 61, 62, 63]
[00:00:00:00:072] ! Unidirectional s-t. expansions: 62, time: 72 [ms], path length: 44 [edges], generated: 107
[00:00:00:13:905] Path of length 44 found: [63, 62, 61, 60, 52, 53, 54, 55, 47, 46, 38, 39, 31, 23, 15, 14, 22, 30, 29, 21, 20, 12, 4, 3, 2, 10, 11, 19, 18, 26, 34, 35, 27, 28, 36, 44, 43, 42, 41, 33, 25, 24, 16, 8, 0]
[00:00:00:13:905] ! Unidirectional t-s. expansions: 15,209, time: 13,905 [ms], path length: 44 [edges], generated: 27,628
[00:00:00:29:622] Path of length 44 found: [0, 8, 16, 24, 32, 33, 41, 42, 43, 44, 36, 28, 27, 35, 34, 26, 18, 19, 11, 10, 2, 3, 4, 12, 20, 21, 29, 30, 22, 14, 15, 23, 31, 39, 38, 46, 47, 55, 54, 53, 52, 60, 61, 62, 63]
[00:00:00:30:068] ! Bidirectional. expansions: 15,684, time: 29,622 [ms], path length: 44 [edges], g_F: 5, g_B: 39, generated: {'F': 16,158, 'B': 12,426}, MM: 34, MMPER: 74.55555555555556%
[00:00:00:30:069] 
---------- SM_Grids/8x8_grid_with_random_blocks_16per_2 ----------
[00:00:00:04:149] Path of length 44 found: [0, 8, 16, 24, 32, 40, 48, 56, 57, 49, 41, 33, 34, 26, 18, 10, 2, 3, 11, 19, 27, 28, 20, 21, 29, 30, 38, 46, 47, 55, 54, 53, 45, 44, 43, 42, 50, 58, 59, 51, 52, 60, 61, 62, 63]
[00:00:00:04:149] ! Unidirectional s-t. expansions: 4,123, time: 4,149 [ms], path length: 44 [edges], generated: 7,453
[00:00:00:12:040] Path of length 44 found: [63, 55, 47, 46, 38, 30, 29, 21, 20, 19, 11, 3, 2, 10, 18, 26, 27, 28, 36, 44, 45, 53, 54, 62, 61, 60, 52, 51, 43, 42, 34, 33, 41, 49, 50, 58, 57, 56, 48, 40, 32, 24, 16, 8, 0]
[00:00:00:12:040] ! Unidirectional t-s. expansions: 13,598, time: 12,040 [ms], path length: 44 [edges], generated: 22,334
[00:00:00:31:882] Path of length 44 found: [0, 8, 16, 24, 32, 40, 48, 56, 57, 49, 41, 33, 34, 42, 50, 58, 59, 51, 52, 60, 61, 62, 54, 53, 45, 44, 36, 28, 27, 26, 18, 10, 2, 3, 11, 19, 20, 21, 29, 30, 38, 46, 47, 55, 63]
[00:00:00:32:379] ! Bidirectional. expansions: 15,313, time: 31,882 [ms], path length: 44 [edges], g_F: 23, g_B: 21, generated: {'F': 14,205, 'B': 12,206}, MM: 2, MMPER: 3.4444444444444446%
[00:00:00:32:379] 
---------- SM_Grids/8x8_grid_with_random_blocks_16per_3 ----------
[00:00:00:16:816] Path of length 44 found: [0, 8, 16, 24, 25, 17, 18, 10, 11, 19, 27, 26, 34, 33, 41, 49, 50, 42, 43, 35, 36, 28, 29, 21, 20, 12, 13, 14, 15, 23, 31, 30, 38, 39, 47, 46, 45, 44, 52, 60, 61, 53, 54, 62, 63]
[00:00:00:16:816] ! Unidirectional s-t. expansions: 17,014, time: 16,816 [ms], path length: 44 [edges], generated: 30,233
[00:00:00:43:309] Path of length 44 found: [63, 55, 47, 39, 31, 23, 15, 14, 13, 12, 11, 10, 18, 26, 34, 42, 43, 35, 36, 28, 27, 19, 20, 21, 29, 30, 38, 46, 45, 53, 54, 62, 61, 60, 52, 51, 50, 49, 41, 33, 25, 17, 16, 8, 0]
[00:00:00:43:309] ! Unidirectional t-s. expansions: 54,936, time: 43,309 [ms], path length: 44 [edges], generated: 94,655
[00:00:01:22:896] Path of length 44 found: [0, 8, 16, 24, 25, 17, 18, 10, 11, 19, 27, 26, 34, 33, 41, 49, 50, 42, 43, 35, 36, 44, 52, 60, 61, 62, 54, 53, 45, 46, 38, 30, 29, 21, 20, 12, 13, 14, 15, 23, 31, 39, 47, 55, 63]
[00:00:01:23:341] ! Bidirectional. expansions: 44,879, time: 82,896 [ms], path length: 44 [edges], g_F: 27, g_B: 17, generated: {'F': 43,402, 'B': 41,546}, MM: 10, MMPER: 21.22222222222222%
[00:00:01:23:341] 
---------- SM_Grids/8x8_grid_with_random_blocks_16per_4 ----------
[00:00:00:00:731] Path of length 48 found: [0, 1, 9, 8, 16, 17, 25, 33, 32, 40, 48, 56, 57, 49, 41, 42, 50, 51, 52, 60, 61, 53, 45, 44, 36, 28, 27, 35, 34, 26, 18, 10, 11, 3, 4, 12, 13, 14, 22, 30, 29, 37, 38, 39, 47, 46, 54, 62, 63]
[00:00:00:00:732] ! Unidirectional s-t. expansions: 852, time: 731 [ms], path length: 48 [edges], generated: 1,430
[00:00:00:02:318] Path of length 48 found: [63, 55, 47, 39, 38, 30, 22, 14, 13, 12, 4, 3, 11, 10, 18, 26, 34, 35, 27, 28, 29, 37, 36, 44, 45, 46, 54, 62, 61, 53, 52, 51, 50, 42, 41, 49, 57, 56, 48, 40, 32, 33, 25, 17, 16, 8, 9, 1, 0]
[00:00:00:02:319] ! Unidirectional t-s. expansions: 1,903, time: 2,319 [ms], path length: 48 [edges], generated: 3,405
[00:00:00:08:031] Path of length 48 found: [0, 1, 9, 8, 16, 17, 25, 33, 32, 40, 48, 56, 57, 49, 41, 42, 50, 51, 52, 60, 61, 62, 54, 53, 45, 44, 36, 37, 29, 28, 27, 35, 34, 26, 18, 10, 11, 3, 4, 12, 13, 14, 22, 30, 38, 39, 47, 55, 63]
[00:00:00:08:464] ! Bidirectional. expansions: 3,736, time: 8,031 [ms], path length: 48 [edges], g_F: 23, g_B: 25, generated: {'F': 2,556, 'B': 3,913}, MM: 2, MMPER: 3.0816326530612246%
[00:00:00:08:464] 
---------- SM_Grids/8x8_grid_with_random_blocks_16per_5 ----------
[00:00:00:03:374] Path of length 50 found: [0, 8, 16, 24, 32, 33, 34, 26, 25, 17, 9, 1, 2, 10, 11, 19, 20, 12, 4, 5, 6, 14, 15, 23, 22, 30, 29, 28, 36, 35, 43, 51, 50, 49, 48, 56, 57, 58, 59, 60, 61, 53, 52, 44, 45, 46, 38, 39, 47, 55, 63]
[00:00:00:03:374] ! Unidirectional s-t. expansions: 3,821, time: 3,374 [ms], path length: 50 [edges], generated: 6,324
[00:00:00:05:054] Path of length 50 found: [63, 55, 47, 39, 38, 46, 54, 53, 45, 44, 52, 60, 59, 58, 57, 56, 48, 49, 50, 51, 43, 35, 36, 28, 29, 30, 31, 23, 15, 14, 6, 5, 4, 12, 20, 19, 11, 3, 2, 10, 9, 17, 25, 26, 34, 33, 32, 24, 16, 8, 0]
[00:00:00:05:054] ! Unidirectional t-s. expansions: 6,143, time: 5,054 [ms], path length: 50 [edges], generated: 9,959
[00:00:00:25:155] Path of length 50 found: [0, 8, 16, 24, 32, 33, 34, 26, 25, 17, 9, 1, 2, 10, 11, 19, 20, 12, 4, 5, 6, 14, 15, 23, 22, 30, 29, 28, 36, 35, 43, 51, 50, 49, 48, 56, 57, 58, 59, 60, 52, 44, 45, 53, 54, 46, 38, 39, 47, 55, 63]
[00:00:00:25:605] ! Bidirectional. expansions: 10,961, time: 25,155 [ms], path length: 50 [edges], g_F: 43, g_B: 7, generated: {'F': 9,024, 'B': 9,594}, MM: 36, MMPER: 69.58823529411765%
[00:00:00:25:605] 
---------- SM_Grids/8x8_grid_with_random_blocks_16per_6 ----------
[00:00:00:00:231] Path of length 48 found: [0, 1, 9, 8, 16, 24, 32, 40, 48, 49, 50, 42, 41, 33, 25, 17, 18, 10, 11, 19, 27, 26, 34, 35, 36, 44, 52, 53, 45, 37, 29, 21, 13, 5, 6, 7, 15, 14, 22, 23, 31, 30, 38, 46, 47, 55, 54, 62, 63]
[00:00:00:00:231] ! Unidirectional s-t. expansions: 242, time: 231 [ms], path length: 48 [edges], generated: 404
[00:00:00:00:089] Path of length 48 found: [63, 62, 54, 55, 47, 46, 38, 30, 31, 23, 15, 7, 6, 5, 13, 14, 22, 21, 29, 37, 45, 53, 52, 44, 36, 35, 27, 19, 11, 10, 18, 17, 25, 26, 34, 33, 41, 42, 50, 49, 48, 40, 32, 24, 16, 8, 9, 1, 0]
[00:00:00:00:089] ! Unidirectional t-s. expansions: 90, time: 89 [ms], path length: 48 [edges], generated: 155
[00:00:00:01:037] Path of length 48 found: [0, 1, 9, 8, 16, 24, 32, 40, 48, 49, 50, 42, 41, 33, 25, 17, 18, 10, 11, 19, 27, 26, 34, 35, 36, 44, 52, 53, 45, 37, 29, 21, 22, 14, 13, 5, 6, 7, 15, 23, 31, 30, 38, 46, 47, 55, 54, 62, 63]
[00:00:00:01:461] ! Bidirectional. expansions: 472, time: 1,037 [ms], path length: 48 [edges], g_F: 29, g_B: 19, generated: {'F': 540, 'B': 272}, MM: 10, MMPER: 19.408163265306122%
[00:00:00:01:461] 
---------- SM_Grids/8x8_grid_with_random_blocks_16per_7 ----------
[00:00:00:28:342] Path of length 48 found: [0, 8, 16, 24, 32, 40, 48, 56, 57, 49, 41, 33, 34, 26, 18, 17, 9, 10, 2, 3, 11, 19, 27, 28, 20, 12, 13, 14, 6, 7, 15, 23, 31, 30, 38, 37, 45, 44, 43, 42, 50, 58, 59, 60, 61, 53, 54, 55, 63]
[00:00:00:28:342] ! Unidirectional s-t. expansions: 32,791, time: 28,342 [ms], path length: 48 [edges], generated: 54,620
[00:00:00:16:230] Path of length 48 found: [63, 55, 54, 46, 38, 30, 31, 23, 15, 7, 6, 14, 13, 21, 20, 12, 11, 3, 2, 10, 9, 17, 18, 19, 27, 26, 34, 35, 43, 44, 45, 53, 61, 60, 59, 51, 50, 42, 41, 49, 57, 56, 48, 40, 32, 24, 16, 8, 0]
[00:00:00:16:230] ! Unidirectional t-s. expansions: 17,153, time: 16,230 [ms], path length: 48 [edges], generated: 29,880
[00:00:01:55:149] Path of length 48 found: [0, 8, 16, 24, 32, 40, 48, 56, 57, 49, 41, 33, 34, 42, 50, 58, 59, 60, 61, 53, 45, 44, 43, 35, 27, 26, 18, 17, 9, 10, 2, 3, 11, 19, 20, 12, 13, 14, 6, 7, 15, 23, 31, 30, 38, 46, 54, 55, 63]
[00:00:01:55:572] ! Bidirectional. expansions: 63,206, time: 115,149 [ms], path length: 48 [edges], g_F: 44, g_B: 4, generated: {'F': 77,189, 'B': 32,365}, MM: 40, MMPER: 80.63265306122449%
[00:00:01:55:572] 
---------- SM_Grids/8x8_grid_with_random_blocks_16per_8 ----------
[00:00:00:04:499] Path of length 50 found: [0, 8, 16, 17, 9, 1, 2, 10, 18, 19, 11, 3, 4, 5, 6, 7, 15, 23, 22, 14, 13, 12, 20, 21, 29, 28, 36, 35, 34, 33, 32, 40, 48, 56, 57, 49, 41, 42, 50, 51, 59, 60, 61, 53, 45, 37, 38, 46, 54, 62, 63]
[00:00:00:04:499] ! Unidirectional s-t. expansions: 4,612, time: 4,499 [ms], path length: 50 [edges], generated: 7,670
[00:00:00:00:299] Path of length 50 found: [63, 62, 54, 46, 38, 37, 45, 53, 61, 60, 59, 51, 43, 42, 50, 49, 57, 56, 48, 40, 32, 33, 34, 35, 36, 28, 29, 21, 13, 14, 22, 23, 15, 7, 6, 5, 4, 3, 2, 1, 9, 10, 11, 12, 20, 19, 18, 17, 16, 8, 0]
[00:00:00:00:299] ! Unidirectional t-s. expansions: 334, time: 299 [ms], path length: 50 [edges], generated: 575
[00:00:00:23:755] Path of length 50 found: [0, 8, 16, 17, 9, 1, 2, 10, 18, 19, 11, 3, 4, 5, 6, 7, 15, 23, 22, 14, 13, 12, 20, 21, 29, 28, 36, 35, 34, 33, 32, 40, 48, 56, 57, 49, 50, 42, 43, 51, 59, 60, 61, 53, 45, 37, 38, 46, 54, 62, 63]
[00:00:00:24:179] ! Bidirectional. expansions: 12,294, time: 23,755 [ms], path length: 50 [edges], g_F: 31, g_B: 19, generated: {'F': 16,375, 'B': 3,979}, MM: 12, MMPER: 22.529411764705884%
[00:00:00:24:179] 
---------- SM_Grids/8x8_grid_with_random_blocks_16per_9 ----------
[00:00:00:00:922] Path of length 46 found: [0, 8, 16, 24, 32, 33, 25, 17, 9, 1, 2, 3, 11, 12, 4, 5, 6, 7, 15, 14, 13, 21, 20, 28, 27, 26, 34, 42, 50, 58, 59, 51, 43, 44, 36, 37, 38, 30, 31, 39, 47, 55, 54, 53, 61, 62, 63]
[00:00:00:00:922] ! Unidirectional s-t. expansions: 876, time: 922 [ms], path length: 46 [edges], generated: 1,528
[00:00:00:00:547] Path of length 46 found: [63, 62, 61, 53, 54, 55, 47, 39, 31, 30, 38, 37, 45, 44, 52, 51, 59, 58, 50, 42, 41, 33, 32, 24, 16, 8, 9, 17, 25, 26, 27, 28, 20, 21, 13, 14, 15, 7, 6, 5, 4, 12, 11, 3, 2, 1, 0]
[00:00:00:00:547] ! Unidirectional t-s. expansions: 480, time: 547 [ms], path length: 46 [edges], generated: 947
[00:00:00:06:770] Path of length 46 found: [0, 8, 16, 24, 32, 33, 25, 17, 9, 1, 2, 3, 11, 12, 4, 5, 6, 7, 15, 14, 13, 21, 20, 28, 27, 26, 34, 42, 50, 58, 59, 51, 52, 44, 45, 37, 38, 30, 31, 39, 47, 55, 54, 53, 61, 62, 63]
[00:00:00:07:226] ! Bidirectional. expansions: 3,254, time: 6,770 [ms], path length: 46 [edges], g_F: 25, g_B: 21, generated: {'F': 3,661, 'B': 1,937}, MM: 4, MMPER: 7.51063829787234%

[00:00:00:07:226] average expansions: (6,525, 11,009, 17,171, 0)
[00:00:00:07:227] average time: (5,980, 9,408, 32,722, 0)
[00:00:00:07:227] X-DFBnB: 6,525 , 5,980 (expansions , time[ms])
[00:00:00:07:227] BiX-DFBnB: 17,171 , 32,722 (expansions , time[ms])

