Fri 20 Mar 2026 13:06:52 IST

SLURM_JOBID:		 16225682
SLURM_JOB_NODELIST:	 ise-cpu256-16 


--------------------------
date: mazes
number_of_graphs: 3
graph_type: maze
size_of_graphs: [13, 13]
heuristic: bcc_heuristic
snake: False
run_uni: True
run_bi: True
run_multi: False
solution_vertices: []
algorithms: ['DFBnB']
bsd: False
cube_first_dims: 4
cube_buffer_dim: None
backward_sym_generation: False
sym_coil: False
prefix_set: None

---------- mazes/13x13_maze_with_blocks_and_random_removals_0 ----------
[00:00:00:02:525] Path of length 84 found: [0, 1, 2, 3, 4, 17, 30, 31, 32, 19, 6, 7, 8, 9, 10, 11, 12, 25, 38, 37, 36, 49, 62, 61, 60, 59, 58, 57, 56, 55, 54, 41, 28, 27, 26, 39, 52, 65, 78, 79, 80, 81, 82, 83, 84, 85, 86, 87, 88, 89, 90, 103, 116, 115, 114, 113, 112, 111, 110, 109, 122, 135, 134, 133, 132, 131, 130, 143, 156, 157, 158, 159, 160, 161, 162, 163, 164, 165, 152, 139, 140, 141, 142, 155, 168]
[00:00:00:02:526] ! Unidirectional s-t. expansions: 1,302, time: 2,525 [ms], path length: 84 [edges], generated: 1,727
[00:00:00:01:731] Path of length 84 found: [168, 155, 142, 141, 140, 139, 152, 165, 164, 163, 162, 161, 160, 159, 158, 157, 156, 143, 130, 131, 132, 133, 134, 135, 122, 109, 108, 107, 106, 105, 92, 79, 78, 65, 52, 39, 26, 27, 28, 41, 54, 55, 56, 57, 58, 71, 84, 85, 86, 99, 112, 113, 114, 115, 116, 103, 90, 89, 88, 87, 74, 61, 62, 63, 64, 51, 38, 25, 12, 11, 10, 9, 8, 7, 6, 19, 32, 31, 30, 17, 4, 3, 2, 1, 0]
[00:00:00:01:731] ! Unidirectional t-s. expansions: 888, time: 1,731 [ms], path length: 84 [edges], generated: 1,211
[00:00:00:09:741] Path of length 84 found: [0, 1, 2, 3, 4, 17, 30, 31, 32, 19, 6, 7, 8, 9, 10, 11, 12, 25, 38, 51, 64, 63, 62, 61, 74, 87, 88, 89, 90, 103, 116, 115, 114, 113, 112, 99, 86, 85, 84, 71, 58, 57, 56, 55, 54, 41, 28, 27, 26, 39, 52, 65, 78, 79, 92, 105, 106, 107, 108, 109, 122, 135, 134, 133, 132, 131, 130, 143, 156, 157, 158, 159, 160, 161, 162, 163, 164, 165, 152, 139, 140, 141, 142, 155, 168]
[00:00:00:09:741] ! Bidirectional. expansions: 2,146, time: 9,741 [ms], path length: 84 [edges], g_F: 10, g_B: 74, generated: {'F': 1,901, 'B': 934}, MM: 64, MMPER: 74.29411764705883%
[00:00:00:09:741] 
---------- mazes/13x13_maze_with_blocks_and_random_removals_1 ----------
[00:00:02:21:938] Path of length 94 found: [0, 1, 2, 3, 4, 17, 30, 43, 56, 55, 54, 41, 28, 27, 26, 39, 52, 65, 78, 79, 80, 81, 82, 83, 84, 85, 86, 87, 74, 61, 48, 35, 34, 47, 60, 59, 58, 45, 32, 19, 6, 7, 8, 9, 10, 11, 12, 25, 38, 37, 36, 49, 50, 51, 64, 63, 62, 75, 88, 89, 90, 103, 116, 115, 114, 113, 112, 111, 110, 109, 122, 135, 134, 133, 132, 131, 130, 143, 156, 157, 158, 159, 160, 161, 162, 163, 164, 165, 152, 139, 140, 141, 142, 155, 168]
[00:00:02:21:939] ! Unidirectional s-t. expansions: 63,368, time: 141,938 [ms], path length: 94 [edges], generated: 91,633
[00:00:00:59:725] Path of length 94 found: [168, 155, 142, 141, 140, 139, 152, 165, 164, 163, 162, 161, 160, 159, 158, 157, 156, 143, 130, 131, 132, 133, 134, 135, 122, 109, 108, 107, 106, 105, 92, 79, 78, 65, 52, 39, 26, 27, 28, 41, 54, 55, 56, 57, 58, 71, 84, 85, 86, 99, 112, 113, 114, 115, 116, 103, 90, 89, 88, 87, 74, 75, 62, 49, 48, 61, 60, 47, 34, 35, 36, 37, 50, 63, 64, 51, 38, 25, 12, 11, 10, 9, 8, 7, 6, 19, 32, 31, 30, 17, 4, 3, 2, 1, 0]
[00:00:00:59:726] ! Unidirectional t-s. expansions: 35,123, time: 59,725 [ms], path length: 94 [edges], generated: 53,576
[00:00:10:29:682] Path of length 94 found: [0, 1, 2, 3, 4, 17, 30, 43, 56, 55, 54, 41, 28, 27, 26, 39, 52, 65, 78, 79, 80, 81, 82, 83, 84, 85, 86, 87, 74, 61, 48, 35, 34, 47, 60, 59, 58, 45, 32, 19, 6, 7, 8, 9, 10, 11, 12, 25, 38, 51, 64, 63, 50, 37, 36, 49, 62, 75, 88, 89, 90, 103, 116, 115, 114, 113, 112, 111, 110, 109, 122, 135, 134, 133, 132, 131, 130, 143, 156, 157, 158, 159, 160, 161, 162, 163, 164, 165, 152, 139, 140, 141, 142, 155, 168]
[00:00:10:29:684] ! Bidirectional. expansions: 135,196, time: 629,682 [ms], path length: 94 [edges], g_F: 53, g_B: 41, generated: {'F': 173,045, 'B': 19,715}, MM: 12, MMPER: 11.631578947368421%
[00:00:10:29:684] 
---------- mazes/13x13_maze_with_blocks_and_random_removals_2 ----------
[00:00:05:12:055] Path of length 104 found: [0, 1, 2, 3, 4, 17, 30, 43, 56, 55, 54, 41, 28, 27, 26, 39, 52, 65, 78, 79, 92, 105, 106, 107, 108, 109, 110, 111, 112, 99, 86, 85, 84, 71, 58, 45, 32, 19, 6, 7, 8, 9, 10, 11, 12, 25, 38, 37, 36, 35, 34, 47, 60, 61, 48, 49, 50, 51, 64, 63, 62, 75, 74, 87, 88, 89, 90, 103, 116, 115, 114, 113, 126, 125, 138, 137, 136, 135, 134, 133, 132, 131, 130, 143, 156, 157, 158, 159, 160, 161, 162, 163, 150, 151, 164, 165, 166, 153, 152, 139, 140, 141, 142, 155, 168]
[00:00:05:12:055] ! Unidirectional s-t. expansions: 121,008, time: 312,055 [ms], path length: 104 [edges], generated: 217,901
[00:00:07:09:679] Valid states checked so far: 200,000, Expansions: 199,999, Global best: 101
[00:00:14:25:097] Valid states checked so far: 400,000, Expansions: 399,999, Global best: 101
[00:00:21:06:157] Valid states checked so far: 600,000, Expansions: 599,999, Global best: 103
[00:00:28:10:395] Valid states checked so far: 800,000, Expansions: 799,999, Global best: 103
[00:00:35:05:772] Valid states checked so far: 1,000,000, Expansions: 999,999, Global best: 103
[00:00:42:15:710] Valid states checked so far: 1,200,000, Expansions: 1,199,999, Global best: 103
[00:00:49:15:324] Valid states checked so far: 1,400,000, Expansions: 1,399,999, Global best: 103
[00:00:56:18:157] Valid states checked so far: 1,600,000, Expansions: 1,599,999, Global best: 105
[00:01:03:56:387] Valid states checked so far: 1,800,000, Expansions: 1,799,999, Global best: 105
[00:01:10:56:719] Valid states checked so far: 2,000,000, Expansions: 1,999,999, Global best: 105
[00:01:17:38:080] Valid states checked so far: 2,200,000, Expansions: 2,199,999, Global best: 105
[00:01:24:40:157] Valid states checked so far: 2,400,000, Expansions: 2,399,999, Global best: 105
[00:01:31:30:602] Valid states checked so far: 2,600,000, Expansions: 2,599,999, Global best: 105
[00:01:38:43:530] Valid states checked so far: 2,800,000, Expansions: 2,799,999, Global best: 105
[00:01:46:13:502] Valid states checked so far: 3,000,000, Expansions: 2,999,999, Global best: 105
[00:01:53:50:516] Valid states checked so far: 3,200,000, Expansions: 3,199,999, Global best: 105
[00:02:01:14:219] Valid states checked so far: 3,400,000, Expansions: 3,399,999, Global best: 105
[00:02:08:14:757] Valid states checked so far: 3,600,000, Expansions: 3,599,999, Global best: 105
[00:02:15:58:242] Valid states checked so far: 3,800,000, Expansions: 3,799,999, Global best: 105
[00:02:22:55:791] Valid states checked so far: 4,000,000, Expansions: 3,999,999, Global best: 105
[00:02:29:18:513] Path of length 104 found: [168, 155, 142, 141, 140, 139, 152, 153, 166, 165, 164, 151, 150, 163, 162, 161, 160, 159, 158, 157, 156, 143, 130, 131, 132, 133, 134, 135, 136, 137, 138, 125, 126, 127, 114, 115, 116, 103, 90, 89, 88, 75, 74, 61, 48, 35, 36, 49, 62, 63, 64, 51, 50, 37, 38, 25, 12, 11, 10, 9, 8, 7, 6, 19, 32, 33, 34, 47, 60, 59, 58, 71, 84, 85, 86, 99, 112, 111, 110, 109, 108, 107, 106, 105, 92, 79, 78, 65, 52, 39, 26, 27, 28, 41, 54, 55, 56, 43, 30, 17, 4, 3, 2, 1, 0]
[00:02:29:18:514] ! Unidirectional t-s. expansions: 4,176,587, time: 8,958,513 [ms], path length: 104 [edges], generated: 6,248,094
[00:00:14:18:698] Valid meeting checks so far: 200,000, state_vs_state: 0, state_vs_prefix: 0, prefix_vs_prefix: 200,000
[00:00:26:39:375] Valid meeting checks so far: 400,000, state_vs_state: 0, state_vs_prefix: 0, prefix_vs_prefix: 400,000
[00:00:40:28:426] Valid meeting checks so far: 600,000, state_vs_state: 0, state_vs_prefix: 0, prefix_vs_prefix: 600,000
[00:00:55:19:997] Valid meeting checks so far: 800,000, state_vs_state: 0, state_vs_prefix: 0, prefix_vs_prefix: 800,000
[00:01:10:30:130] Valid meeting checks so far: 1,000,000, state_vs_state: 0, state_vs_prefix: 0, prefix_vs_prefix: 1,000,000
[00:01:25:22:808] Valid meeting checks so far: 1,200,000, state_vs_state: 0, state_vs_prefix: 0, prefix_vs_prefix: 1,200,000
[00:01:41:51:396] Valid meeting checks so far: 1,400,000, state_vs_state: 0, state_vs_prefix: 0, prefix_vs_prefix: 1,400,000
[00:01:57:01:685] Valid meeting checks so far: 1,600,000, state_vs_state: 1, state_vs_prefix: 0, prefix_vs_prefix: 1,599,999
[00:02:12:54:995] Valid meeting checks so far: 1,800,000, state_vs_state: 1, state_vs_prefix: 0, prefix_vs_prefix: 1,799,999
[00:02:28:19:749] Valid meeting checks so far: 2,000,000, state_vs_state: 1, state_vs_prefix: 0, prefix_vs_prefix: 1,999,999
[00:02:44:35:195] Valid meeting checks so far: 2,200,000, state_vs_state: 1, state_vs_prefix: 0, prefix_vs_prefix: 2,199,999
[00:03:02:32:822] Valid meeting checks so far: 2,400,000, state_vs_state: 1, state_vs_prefix: 0, prefix_vs_prefix: 2,399,999
[00:03:17:55:698] Valid meeting checks so far: 2,600,000, state_vs_state: 1, state_vs_prefix: 0, prefix_vs_prefix: 2,599,999
[00:03:34:12:365] Valid meeting checks so far: 2,800,000, state_vs_state: 1, state_vs_prefix: 0, prefix_vs_prefix: 2,799,999
[00:03:51:20:276] Valid meeting checks so far: 3,000,000, state_vs_state: 1, state_vs_prefix: 0, prefix_vs_prefix: 2,999,999
[00:04:09:08:418] Valid meeting checks so far: 3,200,000, state_vs_state: 1, state_vs_prefix: 0, prefix_vs_prefix: 3,199,999
[00:04:26:02:057] Valid meeting checks so far: 3,400,000, state_vs_state: 1, state_vs_prefix: 0, prefix_vs_prefix: 3,399,999
[00:04:41:59:958] Valid meeting checks so far: 3,600,000, state_vs_state: 1, state_vs_prefix: 0, prefix_vs_prefix: 3,599,999
[00:04:56:48:547] Valid meeting checks so far: 3,800,000, state_vs_state: 1, state_vs_prefix: 0, prefix_vs_prefix: 3,799,999
[00:05:06:49:188] Path of length 104 found: [0, 1, 2, 3, 4, 17, 30, 43, 56, 55, 54, 41, 28, 27, 26, 39, 52, 65, 78, 79, 92, 105, 106, 107, 108, 109, 110, 111, 112, 99, 86, 85, 84, 71, 58, 59, 60, 47, 34, 33, 32, 19, 6, 7, 8, 9, 10, 11, 12, 25, 38, 37, 50, 51, 64, 63, 62, 49, 36, 35, 48, 61, 74, 75, 88, 89, 90, 103, 116, 115, 114, 127, 126, 125, 138, 137, 136, 135, 134, 133, 132, 131, 130, 143, 156, 157, 158, 159, 160, 161, 162, 163, 150, 151, 164, 165, 166, 153, 152, 139, 140, 141, 142, 155, 168]
[00:05:06:49:190] ! Bidirectional. expansions: 3,935,830, time: 18,409,188 [ms], path length: 104 [edges], g_F: 29, g_B: 75, generated: {'F': 3,082,089, 'B': 2,812,329}, MM: 46, MMPER: 42.80952380952381%

[00:05:06:49:190] average expansions: (61,893, 1,404,199, 1,357,724, 0)
[00:05:06:49:190] average time: (152,173, 3,006,656, 6,349,537, 0)
[00:05:06:49:190] X-DFBnB: 61,893 , 152,173 (expansions , time[ms])
[00:05:06:49:190] BiX-DFBnB: 1,357,724 , 6,349,537 (expansions , time[ms])

