Fri 20 Mar 2026 12:58:26 IST

SLURM_JOBID:		 16224413
SLURM_JOB_NODELIST:	 ise-cpu256-28 

--------------------------
date: SM_Grids
number_of_graphs: 10
graph_type: grid
size_of_graphs: [9, 9]
heuristic: bcc_heuristic
snake: True
run_uni: True
run_bi: True
run_multi: False
solution_vertices: []
algorithms: ['DFBnB']
bsd: False
cube_first_dims: 4
cube_buffer_dim: None
backward_sym_generation: False
sym_coil: False
prefix_set: None

---------- SM_Grids/9x9_grid_with_random_blocks_8per_0 ----------
[00:00:01:56:373] Path of length 48 found: [0, 1, 10, 19, 18, 27, 36, 37, 38, 29, 30, 31, 22, 13, 4, 5, 6, 7, 8, 17, 26, 25, 24, 33, 42, 43, 44, 53, 62, 61, 60, 59, 50, 49, 48, 57, 56, 55, 54, 63, 72, 73, 74, 75, 76, 77, 78, 79, 80]
[00:00:01:56:374] ! Unidirectional s-t. expansions: 23,999, time: 116,373 [ms], path length: 48 [edges], generated: 41,523
[00:00:02:54:275] Path of length 48 found: [80, 71, 62, 53, 44, 35, 26, 17, 8, 7, 6, 5, 4, 13, 22, 23, 24, 33, 42, 41, 50, 59, 60, 69, 78, 77, 76, 75, 74, 73, 72, 63, 54, 55, 56, 57, 48, 39, 38, 37, 36, 27, 18, 19, 20, 11, 2, 1, 0]
[00:00:02:54:275] ! Unidirectional t-s. expansions: 38,477, time: 174,275 [ms], path length: 48 [edges], generated: 64,449
[00:00:08:19:550] Path of length 48 found: [0, 1, 2, 11, 20, 19, 18, 27, 36, 37, 46, 55, 54, 63, 72, 73, 74, 75, 76, 77, 78, 69, 60, 59, 50, 49, 48, 39, 30, 31, 22, 13, 4, 5, 6, 7, 8, 17, 26, 25, 24, 33, 42, 43, 44, 53, 62, 71, 80]
[00:00:08:20:048] ! Bidirectional. expansions: 49,546, time: 499,550 [ms], path length: 48 [edges], g_F: 42, g_B: 6, generated: {'F': 42,623, 'B': 42,498}, MM: 36, MMPER: 72.46938775510205%
[00:00:08:20:048] 
---------- SM_Grids/9x9_grid_with_random_blocks_8per_1 ----------
[00:00:02:02:938] Path of length 44 found: [0, 9, 18, 27, 36, 45, 46, 47, 48, 57, 66, 75, 76, 77, 78, 69, 60, 59, 50, 41, 40, 31, 30, 29, 20, 11, 2, 3, 4, 13, 14, 15, 6, 7, 8, 17, 26, 25, 34, 43, 52, 53, 62, 71, 80]
[00:00:02:02:939] ! Unidirectional s-t. expansions: 28,666, time: 122,938 [ms], path length: 44 [edges], generated: 49,248
[00:00:03:33:306] Path of length 44 found: [80, 71, 62, 53, 44, 35, 26, 17, 8, 7, 6, 15, 24, 33, 42, 41, 50, 59, 60, 69, 78, 77, 76, 75, 66, 57, 48, 47, 46, 37, 36, 27, 18, 19, 20, 29, 30, 31, 22, 13, 4, 3, 2, 1, 0]
[00:00:03:33:307] ! Unidirectional t-s. expansions: 45,822, time: 213,307 [ms], path length: 44 [edges], generated: 80,935
[00:00:07:59:416] Path of length 44 found: [0, 9, 18, 27, 36, 45, 46, 47, 48, 57, 66, 75, 76, 77, 78, 69, 60, 59, 50, 41, 42, 33, 24, 23, 22, 31, 30, 29, 20, 11, 2, 3, 4, 5, 6, 7, 8, 17, 26, 35, 44, 53, 62, 71, 80]
[00:00:07:59:938] ! Bidirectional. expansions: 49,241, time: 479,416 [ms], path length: 44 [edges], g_F: 10, g_B: 34, generated: {'F': 42,654, 'B': 45,225}, MM: 24, MMPER: 52.333333333333336%
[00:00:07:59:938] 
---------- SM_Grids/9x9_grid_with_random_blocks_8per_2 ----------
[00:00:03:14:129] Path of length 48 found: [0, 9, 18, 27, 36, 37, 38, 39, 48, 57, 56, 55, 54, 63, 72, 73, 74, 75, 76, 67, 68, 59, 50, 51, 42, 33, 32, 31, 22, 21, 20, 11, 2, 3, 4, 5, 6, 7, 16, 25, 26, 35, 44, 53, 62, 61, 70, 79, 80]
[00:00:03:14:129] ! Unidirectional s-t. expansions: 46,020, time: 194,129 [ms], path length: 48 [edges], generated: 76,412
[00:00:04:34:312] Path of length 48 found: [80, 71, 70, 69, 78, 77, 76, 67, 58, 49, 48, 47, 56, 65, 74, 73, 72, 63, 54, 45, 36, 37, 28, 29, 30, 21, 22, 23, 32, 41, 42, 51, 52, 53, 44, 35, 26, 25, 16, 7, 6, 5, 4, 3, 2, 11, 10, 9, 0]
[00:00:04:34:312] ! Unidirectional t-s. expansions: 78,927, time: 274,312 [ms], path length: 48 [edges], generated: 124,653
[00:00:10:08:688] Path of length 48 found: [0, 9, 18, 27, 36, 37, 38, 39, 48, 57, 56, 55, 54, 63, 72, 73, 74, 75, 76, 67, 68, 59, 50, 51, 42, 33, 32, 31, 22, 21, 20, 11, 2, 3, 4, 5, 6, 7, 16, 25, 26, 35, 44, 53, 62, 61, 70, 79, 80]
[00:00:10:09:270] ! Bidirectional. expansions: 60,548, time: 608,689 [ms], path length: 48 [edges], g_F: 26, g_B: 22, generated: {'F': 60,327, 'B': 50,552}, MM: 4, MMPER: 7.163265306122449%
[00:00:10:09:270] 
---------- SM_Grids/9x9_grid_with_random_blocks_8per_3 ----------
[00:00:09:19:823] Path of length 46 found: [0, 9, 18, 27, 28, 37, 46, 45, 54, 63, 72, 73, 74, 65, 56, 57, 58, 67, 76, 77, 78, 69, 60, 51, 50, 41, 40, 31, 30, 21, 20, 11, 2, 3, 4, 13, 14, 15, 24, 33, 34, 43, 44, 53, 62, 71, 80]
[00:00:09:19:824] ! Unidirectional s-t. expansions: 113,542, time: 559,823 [ms], path length: 46 [edges], generated: 189,725
[00:00:07:23:253] Path of length 46 found: [80, 71, 62, 53, 44, 35, 34, 25, 16, 7, 6, 5, 4, 3, 2, 11, 20, 21, 30, 31, 40, 41, 50, 51, 60, 69, 78, 77, 76, 67, 58, 57, 56, 65, 74, 73, 72, 63, 54, 45, 46, 37, 28, 27, 18, 9, 0]
[00:00:07:23:253] ! Unidirectional t-s. expansions: 102,596, time: 443,253 [ms], path length: 46 [edges], generated: 166,051
[00:00:28:37:799] Path of length 46 found: [0, 9, 18, 27, 28, 37, 46, 45, 54, 63, 72, 73, 74, 65, 56, 57, 58, 67, 76, 77, 78, 69, 60, 51, 50, 41, 40, 31, 30, 21, 20, 11, 2, 3, 4, 13, 14, 15, 24, 25, 34, 35, 44, 53, 62, 71, 80]
[00:00:28:38:328] ! Bidirectional. expansions: 161,611, time: 1,717,799 [ms], path length: 46 [edges], g_F: 39, g_B: 7, generated: {'F': 137,649, 'B': 147,698}, MM: 32, MMPER: 67.08510638297872%
[00:00:28:38:328] 
---------- SM_Grids/9x9_grid_with_random_blocks_8per_4 ----------
[00:00:02:43:757] Path of length 48 found: [0, 1, 2, 3, 12, 21, 20, 19, 18, 27, 36, 37, 38, 47, 56, 55, 54, 63, 72, 73, 74, 75, 76, 77, 78, 69, 60, 59, 58, 49, 40, 41, 42, 33, 24, 23, 14, 5, 6, 7, 16, 17, 26, 35, 44, 53, 62, 71, 80]
[00:00:02:43:757] ! Unidirectional s-t. expansions: 33,231, time: 163,757 [ms], path length: 48 [edges], generated: 57,585
[00:00:01:14:709] Path of length 48 found: [80, 71, 62, 53, 44, 35, 26, 17, 8, 7, 6, 5, 14, 23, 32, 33, 42, 51, 60, 69, 68, 77, 76, 75, 74, 73, 72, 63, 54, 55, 56, 57, 58, 49, 40, 39, 38, 37, 36, 27, 18, 19, 20, 21, 12, 3, 2, 1, 0]
[00:00:01:14:710] ! Unidirectional t-s. expansions: 14,800, time: 74,710 [ms], path length: 48 [edges], generated: 26,319
[00:00:08:56:123] Path of length 48 found: [0, 1, 2, 3, 12, 21, 20, 19, 18, 27, 36, 37, 46, 55, 54, 63, 72, 73, 74, 75, 76, 77, 78, 69, 60, 59, 58, 57, 48, 39, 40, 41, 42, 33, 24, 23, 14, 5, 6, 7, 8, 17, 26, 35, 44, 53, 62, 71, 80]
[00:00:08:56:603] ! Bidirectional. expansions: 76,568, time: 536,124 [ms], path length: 48 [edges], g_F: 29, g_B: 19, generated: {'F': 63,489, 'B': 59,926}, MM: 10, MMPER: 19.408163265306122%
[00:00:08:56:604] 
---------- SM_Grids/9x9_grid_with_random_blocks_8per_5 ----------
[00:00:00:49:022] Path of length 48 found: [0, 9, 18, 27, 28, 37, 46, 45, 54, 63, 64, 65, 74, 75, 76, 77, 68, 59, 58, 57, 48, 39, 40, 41, 42, 33, 24, 23, 22, 21, 20, 11, 2, 3, 4, 5, 6, 7, 16, 17, 26, 35, 44, 53, 52, 61, 70, 79, 80]
[00:00:00:49:022] ! Unidirectional s-t. expansions: 9,777, time: 49,022 [ms], path length: 48 [edges], generated: 16,793
[00:00:01:20:221] Path of length 48 found: [80, 71, 70, 61, 52, 53, 44, 35, 26, 17, 8, 7, 6, 5, 4, 3, 2, 11, 20, 21, 22, 23, 24, 33, 42, 41, 40, 39, 48, 57, 58, 59, 68, 77, 76, 75, 74, 65, 64, 63, 54, 45, 46, 37, 28, 27, 18, 9, 0]
[00:00:01:20:221] ! Unidirectional t-s. expansions: 14,291, time: 80,221 [ms], path length: 48 [edges], generated: 26,678
[00:00:04:27:094] Path of length 48 found: [0, 9, 18, 27, 28, 37, 46, 45, 54, 63, 64, 65, 74, 75, 76, 77, 68, 59, 58, 57, 48, 39, 40, 41, 42, 33, 24, 23, 22, 21, 20, 11, 2, 3, 4, 5, 6, 7, 8, 17, 26, 35, 44, 53, 52, 61, 70, 71, 80]
[00:00:04:27:596] ! Bidirectional. expansions: 26,254, time: 267,094 [ms], path length: 48 [edges], g_F: 36, g_B: 12, generated: {'F': 23,273, 'B': 22,535}, MM: 24, MMPER: 47.97959183673469%
[00:00:04:27:596] 
---------- SM_Grids/9x9_grid_with_random_blocks_8per_6 ----------
[00:00:02:35:850] Path of length 48 found: [0, 9, 18, 27, 36, 37, 38, 29, 20, 11, 2, 3, 4, 13, 22, 23, 24, 15, 6, 7, 8, 17, 26, 35, 34, 43, 42, 41, 40, 49, 48, 57, 56, 55, 54, 63, 72, 73, 74, 75, 76, 67, 68, 59, 60, 61, 70, 79, 80]
[00:00:02:35:851] ! Unidirectional s-t. expansions: 35,414, time: 155,850 [ms], path length: 48 [edges], generated: 59,785
[00:00:02:18:752] Path of length 48 found: [80, 79, 70, 61, 60, 59, 68, 67, 76, 75, 74, 73, 72, 63, 54, 55, 56, 57, 48, 49, 40, 41, 42, 43, 34, 35, 26, 17, 8, 7, 6, 15, 24, 23, 22, 13, 4, 3, 2, 11, 20, 29, 38, 37, 36, 27, 18, 9, 0]
[00:00:02:18:752] ! Unidirectional t-s. expansions: 27,459, time: 138,752 [ms], path length: 48 [edges], generated: 49,168
[00:00:05:55:274] Path of length 48 found: [0, 9, 18, 27, 36, 37, 38, 29, 20, 11, 2, 3, 4, 13, 22, 23, 24, 15, 6, 7, 8, 17, 26, 35, 34, 43, 42, 41, 40, 49, 48, 57, 56, 55, 54, 63, 72, 73, 74, 75, 76, 67, 68, 59, 60, 61, 70, 79, 80]
[00:00:05:55:752] ! Bidirectional. expansions: 35,929, time: 355,274 [ms], path length: 48 [edges], g_F: 43, g_B: 5, generated: {'F': 32,320, 'B': 29,227}, MM: 38, MMPER: 76.55102040816327%
[00:00:05:55:752] 
---------- SM_Grids/9x9_grid_with_random_blocks_8per_7 ----------
[00:00:03:36:394] Path of length 48 found: [0, 9, 10, 11, 2, 3, 4, 13, 14, 15, 6, 7, 8, 17, 26, 25, 34, 43, 44, 53, 62, 61, 60, 51, 50, 41, 32, 31, 30, 29, 28, 27, 36, 45, 54, 63, 72, 73, 74, 65, 56, 57, 58, 67, 76, 77, 78, 79, 80]
[00:00:03:36:395] ! Unidirectional s-t. expansions: 43,038, time: 216,394 [ms], path length: 48 [edges], generated: 78,739
[00:00:03:32:276] Path of length 48 found: [80, 79, 78, 77, 68, 67, 58, 57, 56, 65, 74, 73, 72, 63, 54, 45, 46, 37, 38, 29, 30, 31, 40, 41, 50, 51, 60, 61, 62, 53, 44, 43, 34, 25, 26, 17, 8, 7, 6, 15, 14, 13, 4, 3, 2, 11, 10, 9, 0]
[00:00:03:32:276] ! Unidirectional t-s. expansions: 52,239, time: 212,276 [ms], path length: 48 [edges], generated: 86,178
[00:00:14:08:870] Path of length 48 found: [0, 9, 10, 11, 2, 3, 4, 13, 14, 15, 6, 7, 8, 17, 26, 25, 34, 43, 44, 53, 62, 61, 60, 51, 50, 41, 32, 31, 30, 29, 28, 27, 36, 45, 54, 63, 72, 73, 74, 65, 56, 57, 58, 67, 68, 77, 78, 79, 80]
[00:00:14:09:365] ! Bidirectional. expansions: 94,779, time: 848,871 [ms], path length: 48 [edges], g_F: 42, g_B: 6, generated: {'F': 88,053, 'B': 81,130}, MM: 36, MMPER: 72.46938775510205%
[00:00:14:09:365] 
---------- SM_Grids/9x9_grid_with_random_blocks_8per_8 ----------
[00:00:00:52:387] Path of length 50 found: [0, 9, 18, 27, 36, 37, 46, 55, 54, 63, 72, 73, 74, 65, 66, 67, 76, 77, 78, 69, 60, 59, 50, 49, 48, 39, 30, 29, 20, 11, 2, 3, 4, 13, 22, 23, 24, 15, 6, 7, 8, 17, 26, 35, 34, 43, 52, 53, 62, 71, 80]
[00:00:00:52:388] ! Unidirectional s-t. expansions: 10,865, time: 52,387 [ms], path length: 50 [edges], generated: 18,049
[00:00:01:21:808] Path of length 50 found: [80, 79, 78, 77, 76, 67, 66, 65, 74, 73, 72, 63, 54, 55, 46, 37, 36, 27, 18, 19, 20, 29, 30, 39, 48, 49, 50, 59, 60, 61, 62, 53, 44, 43, 42, 33, 24, 25, 26, 17, 8, 7, 6, 5, 14, 13, 12, 3, 2, 1, 0]
[00:00:01:21:808] ! Unidirectional t-s. expansions: 17,517, time: 81,808 [ms], path length: 50 [edges], generated: 28,819
[00:00:01:33:894] Path of length 50 found: [0, 9, 18, 27, 36, 37, 46, 55, 54, 63, 72, 73, 74, 65, 66, 67, 76, 77, 78, 69, 60, 59, 50, 49, 48, 39, 30, 29, 20, 11, 2, 3, 4, 13, 22, 23, 24, 15, 6, 7, 8, 17, 26, 35, 34, 43, 52, 53, 62, 71, 80]
[00:00:01:34:386] ! Bidirectional. expansions: 10,694, time: 93,894 [ms], path length: 50 [edges], g_F: 37, g_B: 13, generated: {'F': 9,557, 'B': 8,042}, MM: 24, MMPER: 46.05882352941177%
[00:00:01:34:387] 
---------- SM_Grids/9x9_grid_with_random_blocks_8per_9 ----------
[00:00:03:18:491] Path of length 46 found: [0, 9, 18, 27, 36, 45, 54, 55, 64, 73, 74, 75, 66, 67, 68, 59, 60, 51, 42, 33, 24, 23, 22, 31, 40, 49, 48, 47, 38, 29, 20, 11, 2, 3, 4, 5, 6, 7, 16, 17, 26, 35, 44, 53, 62, 71, 80]
[00:00:03:18:491] ! Unidirectional s-t. expansions: 41,515, time: 198,491 [ms], path length: 46 [edges], generated: 73,717
[00:00:01:27:157] Path of length 46 found: [80, 79, 78, 77, 68, 59, 58, 57, 66, 75, 74, 73, 64, 55, 46, 45, 36, 27, 18, 19, 20, 29, 38, 39, 40, 31, 22, 23, 24, 33, 42, 51, 52, 53, 44, 35, 26, 17, 8, 7, 6, 5, 4, 3, 2, 1, 0]
[00:00:01:27:158] ! Unidirectional t-s. expansions: 19,682, time: 87,158 [ms], path length: 46 [edges], generated: 34,819
[00:00:03:31:705] Path of length 46 found: [0, 9, 18, 27, 36, 45, 54, 55, 64, 73, 74, 75, 66, 67, 68, 59, 60, 51, 42, 33, 24, 23, 22, 31, 40, 49, 48, 47, 38, 29, 20, 11, 2, 3, 4, 5, 6, 7, 8, 17, 26, 35, 44, 53, 62, 71, 80]
[00:00:03:32:187] ! Bidirectional. expansions: 19,305, time: 211,705 [ms], path length: 46 [edges], g_F: 31, g_B: 15, generated: {'F': 22,446, 'B': 11,845}, MM: 16, MMPER: 33.04255319148936%

[00:00:03:32:187] average expansions: (38,607, 41,181, 58,448, 0)
[00:00:03:32:187] average time: (182,916, 178,007, 561,842, 0)
[00:00:03:32:187] X-DFBnB: 38,607 , 178,007 (expansions , time[ms])
[00:00:03:32:188] BiX-DFBnB: 58,448 , 561,842 (expansions , time[ms])

