Thu 19 Mar 2026 15:59:51 IST

SLURM_JOBID:		 16118856
SLURM_JOB_NODELIST:	 ise-cpu256-01 

--------------------------
date: SM_Grids
number_of_graphs: 10
graph_type: grid
size_of_graphs: [6, 6]
heuristic: bcc_heuristic
snake: False
run_uni: True
run_bi: True
run_multi: False
solution_vertices: []
algorithms: ['DFBnB']
bsd: False
cube_first_dims: 4
cube_buffer_dim: None
backward_sym_generation: False
sym_coil: False
prefix_set: None

---------- SM_Grids/6x6_grid_with_random_blocks_12per_0 ----------
[00:00:00:00:016] Expansion 27: New longest path found with length 28: [0, 6, 12, 18, 24, 25, 19, 13, 7, 1, 2, 8, 14, 20, 26, 32, 33, 27, 28, 22, 16, 10, 4, 5, 11, 17, 23, 29, 35]
[00:00:00:00:176] Path of length 28 found: [0, 6, 12, 18, 24, 25, 19, 13, 7, 1, 2, 8, 14, 20, 26, 32, 33, 27, 28, 22, 16, 10, 4, 5, 11, 17, 23, 29, 35]
[00:00:00:00:176] ! Unidirectional s-t. expansions: 323, time: 176 [ms], path length: 28 [edges], generated: 563
[00:00:00:00:006] Expansion 9: New longest path found with length 10: [35, 29, 23, 17, 11, 5, 4, 3, 2, 1, 0]
[00:00:00:00:014] Expansion 27: New longest path found with length 28: [35, 29, 23, 17, 11, 5, 4, 3, 2, 1, 7, 8, 14, 15, 16, 22, 28, 27, 33, 32, 26, 20, 19, 25, 24, 18, 12, 6, 0]
[00:00:00:00:169] Path of length 28 found: [35, 29, 23, 17, 11, 5, 4, 3, 2, 1, 7, 8, 14, 15, 16, 22, 28, 27, 33, 32, 26, 20, 19, 25, 24, 18, 12, 6, 0]
[00:00:00:00:169] ! Unidirectional t-s. expansions: 400, time: 169 [ms], path length: 28 [edges], generated: 665
[00:00:00:00:014] Expansion 27: New longest path found with length 28: [0, 6, 12, 18, 24, 25, 19, 13, 7, 1, 2, 8, 14, 20, 26, 32, 33, 27, 28, 22, 16, 10, 4, 5, 11, 17, 23, 29, 35]
[00:00:00:00:294] Path of length 28 found: [0, 6, 12, 18, 24, 25, 19, 13, 7, 1, 2, 8, 14, 20, 26, 32, 33, 27, 28, 22, 16, 10, 4, 5, 11, 17, 23, 29, 35]
[00:00:00:00:620] ! Bidirectional. expansions: 572, time: 294 [ms], path length: 28 [edges], g_F: 15, g_B: 13, generated: {'F': 534, 'B': 503}, MM: 2, MMPER: 5.896551724137931%
[00:00:00:00:621] 
---------- SM_Grids/6x6_grid_with_random_blocks_12per_1 ----------
[00:00:00:00:015] Expansion 21: New longest path found with length 22: [0, 6, 12, 18, 24, 30, 31, 25, 19, 13, 7, 1, 2, 8, 9, 15, 14, 20, 26, 32, 33, 34, 35]
[00:00:00:00:017] Expansion 27: New longest path found with length 28: [0, 6, 12, 18, 24, 30, 31, 25, 19, 13, 7, 1, 2, 8, 9, 15, 14, 20, 26, 32, 33, 34, 28, 22, 16, 17, 23, 29, 35]
[00:00:00:00:135] Path of length 28 found: [0, 6, 12, 18, 24, 30, 31, 25, 19, 13, 7, 1, 2, 8, 9, 15, 14, 20, 26, 32, 33, 34, 28, 22, 16, 17, 23, 29, 35]
[00:00:00:00:135] ! Unidirectional s-t. expansions: 202, time: 135 [ms], path length: 28 [edges], generated: 356
[00:00:00:00:008] Expansion 9: New longest path found with length 10: [35, 29, 23, 17, 16, 15, 9, 8, 2, 1, 0]
[00:00:00:00:016] Expansion 27: New longest path found with length 28: [35, 29, 23, 17, 16, 15, 9, 8, 2, 1, 7, 13, 14, 20, 21, 22, 28, 34, 33, 32, 26, 25, 31, 30, 24, 18, 12, 6, 0]
[00:00:00:00:183] Path of length 28 found: [35, 29, 23, 17, 16, 15, 9, 8, 2, 1, 7, 13, 14, 20, 21, 22, 28, 34, 33, 32, 26, 25, 31, 30, 24, 18, 12, 6, 0]
[00:00:00:00:183] ! Unidirectional t-s. expansions: 321, time: 183 [ms], path length: 28 [edges], generated: 550
[00:00:00:00:016] Expansion 27: New longest path found with length 28: [0, 6, 12, 18, 24, 30, 31, 25, 26, 32, 33, 34, 28, 22, 21, 20, 19, 13, 7, 1, 2, 8, 9, 15, 16, 17, 23, 29, 35]
[00:00:00:00:249] Path of length 28 found: [0, 6, 12, 18, 24, 30, 31, 25, 26, 32, 33, 34, 28, 22, 21, 20, 19, 13, 7, 1, 2, 8, 9, 15, 16, 17, 23, 29, 35]
[00:00:00:00:514] ! Bidirectional. expansions: 427, time: 249 [ms], path length: 28 [edges], g_F: 15, g_B: 13, generated: {'F': 400, 'B': 376}, MM: 2, MMPER: 5.896551724137931%
[00:00:00:00:514] 
---------- SM_Grids/6x6_grid_with_random_blocks_12per_2 ----------
[00:00:00:00:015] Expansion 23: New longest path found with length 24: [0, 1, 2, 8, 7, 13, 12, 18, 24, 30, 31, 25, 19, 20, 26, 32, 33, 27, 21, 22, 16, 17, 23, 29, 35]
[00:00:00:00:016] Expansion 25: New longest path found with length 26: [0, 1, 2, 8, 7, 13, 12, 18, 24, 30, 31, 25, 19, 20, 26, 32, 33, 27, 21, 22, 16, 17, 23, 29, 28, 34, 35]
[00:00:00:00:016] Path of length 26 found: [0, 1, 2, 8, 7, 13, 12, 18, 24, 30, 31, 25, 19, 20, 26, 32, 33, 27, 21, 22, 16, 17, 23, 29, 28, 34, 35]
[00:00:00:00:016] ! Unidirectional s-t. expansions: 26, time: 16 [ms], path length: 26 [edges], generated: 44
[00:00:00:00:015] Expansion 25: New longest path found with length 26: [35, 29, 23, 17, 16, 22, 21, 20, 19, 25, 26, 27, 28, 34, 33, 32, 31, 30, 24, 18, 12, 13, 14, 8, 2, 1, 0]
[00:00:00:00:179] Path of length 26 found: [35, 29, 23, 17, 16, 22, 21, 20, 19, 25, 26, 27, 28, 34, 33, 32, 31, 30, 24, 18, 12, 13, 14, 8, 2, 1, 0]
[00:00:00:00:179] ! Unidirectional t-s. expansions: 337, time: 179 [ms], path length: 26 [edges], generated: 556
[00:00:00:00:014] Expansion 19: New longest path found with length 20: [0, 1, 2, 8, 7, 13, 12, 18, 24, 30, 31, 25, 19, 20, 21, 22, 16, 17, 23, 29, 35]
[00:00:00:00:015] Expansion 21: New longest path found with length 22: [0, 1, 2, 8, 7, 13, 12, 18, 24, 30, 31, 32, 26, 25, 19, 20, 21, 22, 16, 17, 23, 29, 35]
[00:00:00:00:016] Expansion 23: New longest path found with length 24: [0, 1, 2, 8, 7, 13, 12, 18, 24, 30, 31, 32, 33, 27, 26, 25, 19, 20, 21, 22, 16, 17, 23, 29, 35]
[00:00:00:00:017] Expansion 25: New longest path found with length 26: [0, 1, 2, 8, 7, 13, 12, 18, 24, 30, 31, 32, 33, 34, 28, 27, 26, 25, 19, 20, 21, 22, 16, 17, 23, 29, 35]
[00:00:00:00:037] Path of length 26 found: [0, 1, 2, 8, 7, 13, 12, 18, 24, 30, 31, 32, 33, 34, 28, 27, 26, 25, 19, 20, 21, 22, 16, 17, 23, 29, 35]
[00:00:00:00:298] ! Bidirectional. expansions: 50, time: 37 [ms], path length: 26 [edges], g_F: 14, g_B: 12, generated: {'F': 52, 'B': 49}, MM: 2, MMPER: 6.407407407407407%
[00:00:00:00:298] 
---------- SM_Grids/6x6_grid_with_random_blocks_12per_3 ----------
[00:00:00:00:018] Expansion 29: New longest path found with length 30: [0, 1, 7, 6, 12, 18, 19, 13, 14, 8, 9, 3, 4, 10, 11, 17, 23, 22, 16, 15, 21, 20, 26, 25, 31, 32, 33, 27, 28, 34, 35]
[00:00:00:00:019] Path of length 30 found: [0, 1, 7, 6, 12, 18, 19, 13, 14, 8, 9, 3, 4, 10, 11, 17, 23, 22, 16, 15, 21, 20, 26, 25, 31, 32, 33, 27, 28, 34, 35]
[00:00:00:00:019] ! Unidirectional s-t. expansions: 30, time: 19 [ms], path length: 30 [edges], generated: 49
[00:00:00:00:018] Expansion 27: New longest path found with length 28: [35, 34, 28, 22, 23, 17, 11, 10, 4, 3, 9, 8, 7, 13, 14, 15, 21, 20, 26, 27, 33, 32, 31, 25, 19, 18, 12, 6, 0]
[00:00:00:00:264] Expansion 417: New longest path found with length 30: [35, 34, 28, 27, 33, 32, 31, 25, 26, 20, 21, 15, 16, 22, 23, 17, 11, 10, 4, 3, 9, 8, 14, 13, 19, 18, 12, 6, 7, 1, 0]
[00:00:00:00:265] Path of length 30 found: [35, 34, 28, 27, 33, 32, 31, 25, 26, 20, 21, 15, 16, 22, 23, 17, 11, 10, 4, 3, 9, 8, 14, 13, 19, 18, 12, 6, 7, 1, 0]
[00:00:00:00:265] ! Unidirectional t-s. expansions: 418, time: 265 [ms], path length: 30 [edges], generated: 702
[00:00:00:00:018] Expansion 27: New longest path found with length 28: [0, 1, 7, 6, 12, 18, 19, 13, 14, 20, 26, 25, 31, 32, 33, 27, 21, 15, 9, 3, 4, 10, 11, 17, 23, 22, 28, 34, 35]
[00:00:00:00:056] Expansion 88: New longest path found with length 30: [0, 1, 7, 6, 12, 18, 19, 13, 14, 8, 9, 3, 4, 10, 11, 17, 23, 22, 16, 15, 21, 20, 26, 25, 31, 32, 33, 27, 28, 34, 35]
[00:00:00:00:057] Path of length 30 found: [0, 1, 7, 6, 12, 18, 19, 13, 14, 8, 9, 3, 4, 10, 11, 17, 23, 22, 16, 15, 21, 20, 26, 25, 31, 32, 33, 27, 28, 34, 35]
[00:00:00:00:308] ! Bidirectional. expansions: 89, time: 57 [ms], path length: 30 [edges], g_F: 16, g_B: 14, generated: {'F': 87, 'B': 90}, MM: 2, MMPER: 5.451612903225806%
[00:00:00:00:309] 
---------- SM_Grids/6x6_grid_with_random_blocks_12per_4 ----------
[00:00:00:00:021] Expansion 27: New longest path found with length 28: [0, 6, 12, 18, 24, 30, 31, 25, 26, 32, 33, 27, 21, 20, 14, 13, 7, 8, 9, 3, 4, 5, 11, 10, 16, 17, 23, 29, 35]
[00:00:00:00:021] Expansion 29: New longest path found with length 30: [0, 6, 12, 18, 24, 30, 31, 25, 26, 32, 33, 27, 21, 20, 14, 13, 7, 8, 9, 3, 4, 5, 11, 10, 16, 17, 23, 29, 28, 34, 35]
[00:00:00:00:065] Path of length 30 found: [0, 6, 12, 18, 24, 30, 31, 25, 26, 32, 33, 27, 21, 20, 14, 13, 7, 8, 9, 3, 4, 5, 11, 10, 16, 17, 23, 29, 28, 34, 35]
[00:00:00:00:065] ! Unidirectional s-t. expansions: 99, time: 65 [ms], path length: 30 [edges], generated: 163
[00:00:00:00:017] Expansion 29: New longest path found with length 30: [35, 29, 23, 17, 11, 5, 4, 3, 9, 10, 16, 15, 14, 20, 21, 27, 28, 34, 33, 32, 26, 25, 31, 30, 24, 18, 12, 13, 7, 6, 0]
[00:00:00:00:143] Path of length 30 found: [35, 29, 23, 17, 11, 5, 4, 3, 9, 10, 16, 15, 14, 20, 21, 27, 28, 34, 33, 32, 26, 25, 31, 30, 24, 18, 12, 13, 7, 6, 0]
[00:00:00:00:143] ! Unidirectional t-s. expansions: 245, time: 143 [ms], path length: 30 [edges], generated: 405
[00:00:00:00:017] Expansion 27: New longest path found with length 28: [0, 6, 12, 18, 24, 30, 31, 25, 26, 32, 33, 34, 28, 27, 21, 20, 14, 13, 7, 8, 9, 3, 4, 5, 11, 17, 23, 29, 35]
[00:00:00:00:023] Expansion 43: New longest path found with length 30: [0, 6, 12, 18, 24, 30, 31, 25, 26, 32, 33, 34, 28, 27, 21, 20, 14, 13, 7, 8, 9, 15, 16, 10, 4, 5, 11, 17, 23, 29, 35]
[00:00:00:00:179] Path of length 30 found: [0, 6, 12, 18, 24, 30, 31, 25, 26, 32, 33, 34, 28, 27, 21, 20, 14, 13, 7, 8, 9, 15, 16, 10, 4, 5, 11, 17, 23, 29, 35]
[00:00:00:00:436] ! Bidirectional. expansions: 313, time: 179 [ms], path length: 30 [edges], g_F: 16, g_B: 14, generated: {'F': 271, 'B': 263}, MM: 2, MMPER: 5.451612903225806%
[00:00:00:00:436] 
---------- SM_Grids/6x6_grid_with_random_blocks_12per_5 ----------
[00:00:00:00:018] Expansion 29: New longest path found with length 30: [0, 6, 12, 18, 24, 30, 31, 32, 26, 20, 19, 13, 7, 1, 2, 8, 9, 3, 4, 5, 11, 10, 16, 17, 23, 22, 21, 27, 33, 34, 35]
[00:00:00:00:106] Path of length 30 found: [0, 6, 12, 18, 24, 30, 31, 32, 26, 20, 19, 13, 7, 1, 2, 8, 9, 3, 4, 5, 11, 10, 16, 17, 23, 22, 21, 27, 33, 34, 35]
[00:00:00:00:106] ! Unidirectional s-t. expansions: 166, time: 106 [ms], path length: 30 [edges], generated: 255
[00:00:00:00:008] Expansion 9: New longest path found with length 10: [35, 29, 23, 17, 11, 5, 4, 3, 2, 1, 0]
[00:00:00:00:017] Expansion 29: New longest path found with length 30: [35, 29, 23, 17, 11, 5, 4, 3, 2, 1, 7, 8, 9, 10, 16, 22, 21, 20, 26, 27, 33, 32, 31, 30, 24, 18, 19, 13, 12, 6, 0]
[00:00:00:00:017] Path of length 30 found: [35, 29, 23, 17, 11, 5, 4, 3, 2, 1, 7, 8, 9, 10, 16, 22, 21, 20, 26, 27, 33, 32, 31, 30, 24, 18, 19, 13, 12, 6, 0]
[00:00:00:00:018] ! Unidirectional t-s. expansions: 30, time: 18 [ms], path length: 30 [edges], generated: 45
[00:00:00:00:016] Expansion 27: New longest path found with length 28: [0, 6, 12, 18, 24, 30, 31, 32, 33, 27, 26, 20, 21, 22, 16, 10, 9, 8, 7, 1, 2, 3, 4, 5, 11, 17, 23, 29, 35]
[00:00:00:00:070] Expansion 135: New longest path found with length 30: [0, 6, 12, 13, 19, 18, 24, 30, 31, 32, 33, 27, 26, 20, 21, 22, 16, 10, 9, 8, 7, 1, 2, 3, 4, 5, 11, 17, 23, 29, 35]
[00:00:00:00:073] Path of length 30 found: [0, 6, 12, 13, 19, 18, 24, 30, 31, 32, 33, 27, 26, 20, 21, 22, 16, 10, 9, 8, 7, 1, 2, 3, 4, 5, 11, 17, 23, 29, 35]
[00:00:00:00:333] ! Bidirectional. expansions: 137, time: 73 [ms], path length: 30 [edges], g_F: 16, g_B: 14, generated: {'F': 110, 'B': 119}, MM: 2, MMPER: 5.451612903225806%
[00:00:00:00:333] 
---------- SM_Grids/6x6_grid_with_random_blocks_12per_6 ----------
[00:00:00:00:018] Expansion 19: New longest path found with length 20: [0, 6, 12, 18, 24, 25, 19, 13, 7, 1, 2, 3, 9, 8, 14, 20, 26, 32, 33, 34, 35]
[00:00:00:00:021] Expansion 27: New longest path found with length 28: [0, 6, 12, 18, 24, 25, 19, 13, 7, 1, 2, 3, 9, 8, 14, 20, 26, 32, 33, 34, 28, 22, 21, 15, 16, 17, 23, 29, 35]
[00:00:00:00:022] Path of length 28 found: [0, 6, 12, 18, 24, 25, 19, 13, 7, 1, 2, 3, 9, 8, 14, 20, 26, 32, 33, 34, 28, 22, 21, 15, 16, 17, 23, 29, 35]
[00:00:00:00:022] ! Unidirectional s-t. expansions: 28, time: 22 [ms], path length: 28 [edges], generated: 46
[00:00:00:00:009] Expansion 9: New longest path found with length 10: [35, 29, 23, 17, 16, 15, 9, 3, 2, 1, 0]
[00:00:00:00:017] Expansion 27: New longest path found with length 28: [35, 29, 23, 17, 16, 15, 9, 3, 2, 1, 7, 8, 14, 13, 19, 20, 21, 22, 28, 34, 33, 32, 26, 25, 24, 18, 12, 6, 0]
[00:00:00:00:018] Path of length 28 found: [35, 29, 23, 17, 16, 15, 9, 3, 2, 1, 7, 8, 14, 13, 19, 20, 21, 22, 28, 34, 33, 32, 26, 25, 24, 18, 12, 6, 0]
[00:00:00:00:018] ! Unidirectional t-s. expansions: 28, time: 18 [ms], path length: 28 [edges], generated: 46
[00:00:00:00:017] Expansion 27: New longest path found with length 28: [0, 6, 12, 18, 24, 25, 19, 13, 7, 1, 2, 3, 9, 8, 14, 20, 26, 32, 33, 34, 28, 22, 21, 15, 16, 17, 23, 29, 35]
[00:00:00:00:018] Path of length 28 found: [0, 6, 12, 18, 24, 25, 19, 13, 7, 1, 2, 3, 9, 8, 14, 20, 26, 32, 33, 34, 28, 22, 21, 15, 16, 17, 23, 29, 35]
[00:00:00:00:280] ! Bidirectional. expansions: 28, time: 18 [ms], path length: 28 [edges], g_F: 15, g_B: 13, generated: {'F': 26, 'B': 23}, MM: 2, MMPER: 5.896551724137931%
[00:00:00:00:280] 
---------- SM_Grids/6x6_grid_with_random_blocks_12per_7 ----------
[00:00:00:00:016] Expansion 25: New longest path found with length 26: [0, 1, 7, 13, 12, 18, 24, 30, 31, 25, 26, 20, 21, 15, 9, 8, 2, 3, 4, 10, 11, 17, 16, 22, 23, 29, 35]
[00:00:00:00:018] Expansion 29: New longest path found with length 30: [0, 1, 7, 13, 12, 18, 24, 30, 31, 25, 26, 20, 21, 15, 9, 8, 2, 3, 4, 10, 11, 17, 16, 22, 23, 29, 28, 27, 33, 34, 35]
[00:00:00:00:112] Path of length 30 found: [0, 1, 7, 13, 12, 18, 24, 30, 31, 25, 26, 20, 21, 15, 9, 8, 2, 3, 4, 10, 11, 17, 16, 22, 23, 29, 28, 27, 33, 34, 35]
[00:00:00:00:113] ! Unidirectional s-t. expansions: 122, time: 113 [ms], path length: 30 [edges], generated: 190
[00:00:00:00:017] Expansion 29: New longest path found with length 30: [35, 29, 23, 17, 11, 10, 4, 3, 2, 8, 9, 15, 16, 22, 21, 20, 26, 27, 28, 34, 33, 32, 31, 25, 24, 18, 12, 13, 7, 1, 0]
[00:00:00:00:167] Path of length 30 found: [35, 29, 23, 17, 11, 10, 4, 3, 2, 8, 9, 15, 16, 22, 21, 20, 26, 27, 28, 34, 33, 32, 31, 25, 24, 18, 12, 13, 7, 1, 0]
[00:00:00:00:168] ! Unidirectional t-s. expansions: 267, time: 168 [ms], path length: 30 [edges], generated: 441
[00:00:00:00:015] Expansion 23: New longest path found with length 24: [0, 1, 7, 13, 12, 18, 24, 30, 31, 25, 26, 20, 21, 15, 9, 8, 2, 3, 4, 10, 11, 17, 23, 29, 35]
[00:00:00:00:017] Expansion 31: New longest path found with length 30: [0, 1, 7, 13, 12, 18, 24, 30, 31, 25, 26, 20, 21, 27, 33, 34, 28, 22, 16, 15, 9, 8, 2, 3, 4, 10, 11, 17, 23, 29, 35]
[00:00:00:00:206] Path of length 30 found: [0, 1, 7, 13, 12, 18, 24, 30, 31, 25, 26, 20, 21, 27, 33, 34, 28, 22, 16, 15, 9, 8, 2, 3, 4, 10, 11, 17, 23, 29, 35]
[00:00:00:00:457] ! Bidirectional. expansions: 348, time: 206 [ms], path length: 30 [edges], g_F: 16, g_B: 14, generated: {'F': 288, 'B': 321}, MM: 2, MMPER: 5.451612903225806%
[00:00:00:00:457] 
---------- SM_Grids/6x6_grid_with_random_blocks_12per_8 ----------
[00:00:00:00:016] Expansion 25: New longest path found with length 26: [0, 6, 12, 18, 24, 30, 31, 25, 19, 20, 14, 8, 7, 1, 2, 3, 9, 15, 16, 10, 4, 5, 11, 17, 23, 29, 35]
[00:00:00:00:068] Expansion 114: New longest path found with length 28: [0, 6, 7, 1, 2, 8, 9, 3, 4, 5, 11, 17, 23, 22, 16, 15, 14, 20, 19, 18, 24, 30, 31, 25, 26, 27, 33, 34, 35]
[00:00:00:00:178] Expansion 277: New longest path found with length 30: [0, 1, 2, 3, 9, 10, 4, 5, 11, 17, 23, 22, 16, 15, 14, 8, 7, 6, 12, 18, 24, 30, 31, 25, 19, 20, 26, 27, 33, 34, 35]
[00:00:00:00:193] Path of length 30 found: [0, 1, 2, 3, 9, 10, 4, 5, 11, 17, 23, 22, 16, 15, 14, 8, 7, 6, 12, 18, 24, 30, 31, 25, 19, 20, 26, 27, 33, 34, 35]
[00:00:00:00:193] ! Unidirectional s-t. expansions: 299, time: 193 [ms], path length: 30 [edges], generated: 515
[00:00:00:00:010] Expansion 13: New longest path found with length 14: [35, 34, 33, 27, 26, 20, 19, 25, 31, 30, 24, 18, 12, 6, 0]
[00:00:00:00:016] Expansion 29: New longest path found with length 30: [35, 34, 33, 27, 26, 20, 19, 25, 31, 30, 24, 18, 12, 6, 7, 8, 14, 15, 9, 10, 16, 22, 23, 17, 11, 5, 4, 3, 2, 1, 0]
[00:00:00:00:017] Path of length 30 found: [35, 34, 33, 27, 26, 20, 19, 25, 31, 30, 24, 18, 12, 6, 7, 8, 14, 15, 9, 10, 16, 22, 23, 17, 11, 5, 4, 3, 2, 1, 0]
[00:00:00:00:017] ! Unidirectional t-s. expansions: 30, time: 17 [ms], path length: 30 [edges], generated: 45
[00:00:00:00:016] Expansion 27: New longest path found with length 28: [0, 6, 7, 1, 2, 8, 9, 3, 4, 5, 11, 17, 23, 22, 16, 15, 14, 20, 19, 18, 24, 30, 31, 25, 26, 27, 33, 34, 35]
[00:00:00:00:045] Expansion 79: New longest path found with length 30: [0, 1, 2, 3, 9, 10, 4, 5, 11, 17, 23, 22, 16, 15, 14, 8, 7, 6, 12, 18, 24, 30, 31, 25, 19, 20, 26, 27, 33, 34, 35]
[00:00:00:00:046] Path of length 30 found: [0, 1, 2, 3, 9, 10, 4, 5, 11, 17, 23, 22, 16, 15, 14, 8, 7, 6, 12, 18, 24, 30, 31, 25, 19, 20, 26, 27, 33, 34, 35]
[00:00:00:00:308] ! Bidirectional. expansions: 80, time: 46 [ms], path length: 30 [edges], g_F: 16, g_B: 14, generated: {'F': 71, 'B': 62}, MM: 2, MMPER: 5.451612903225806%
[00:00:00:00:308] 
---------- SM_Grids/6x6_grid_with_random_blocks_12per_9 ----------
[00:00:00:00:016] Expansion 25: New longest path found with length 26: [0, 6, 7, 1, 2, 8, 14, 13, 19, 25, 26, 20, 21, 15, 9, 3, 4, 5, 11, 10, 16, 22, 28, 27, 33, 34, 35]
[00:00:00:00:393] Path of length 26 found: [0, 6, 7, 1, 2, 8, 14, 13, 19, 25, 26, 20, 21, 15, 9, 3, 4, 5, 11, 10, 16, 22, 28, 27, 33, 34, 35]
[00:00:00:00:393] ! Unidirectional s-t. expansions: 644, time: 393 [ms], path length: 26 [edges], generated: 1,216
[00:00:00:00:017] Expansion 25: New longest path found with length 26: [35, 29, 28, 34, 33, 27, 21, 22, 16, 17, 11, 5, 4, 10, 9, 3, 2, 8, 14, 20, 26, 25, 19, 13, 7, 1, 0]
[00:00:00:00:331] Path of length 26 found: [35, 29, 28, 34, 33, 27, 21, 22, 16, 17, 11, 5, 4, 10, 9, 3, 2, 8, 14, 20, 26, 25, 19, 13, 7, 1, 0]
[00:00:00:00:331] ! Unidirectional t-s. expansions: 567, time: 331 [ms], path length: 26 [edges], generated: 1,010
[00:00:00:00:011] Expansion 13: New longest path found with length 14: [0, 6, 7, 1, 2, 8, 14, 15, 21, 27, 33, 34, 28, 29, 35]
[00:00:00:00:015] Expansion 21: New longest path found with length 22: [0, 6, 7, 1, 2, 8, 14, 15, 9, 3, 4, 10, 11, 17, 16, 22, 21, 27, 33, 34, 28, 29, 35]
[00:00:00:00:022] Expansion 36: New longest path found with length 26: [0, 6, 7, 1, 2, 8, 14, 15, 9, 3, 4, 5, 11, 10, 16, 22, 21, 20, 19, 25, 26, 27, 33, 34, 28, 29, 35]
[00:00:00:00:267] Path of length 26 found: [0, 6, 7, 1, 2, 8, 14, 15, 9, 3, 4, 5, 11, 10, 16, 22, 21, 20, 19, 25, 26, 27, 33, 34, 28, 29, 35]
[00:00:00:00:533] ! Bidirectional. expansions: 472, time: 267 [ms], path length: 26 [edges], g_F: 14, g_B: 12, generated: {'F': 449, 'B': 496}, MM: 2, MMPER: 6.407407407407407%

[00:00:00:00:533] average expansions: (194, 264, 252, 0)
[00:00:00:00:533] average time: (124, 149, 143, 0)
[00:00:00:00:533] X-DFBnB: 194 , 124 (expansions , time[ms])
[00:00:00:00:533] BiX-DFBnB: 252 , 143 (expansions , time[ms])

