Thu 19 Mar 2026 15:59:51 IST

SLURM_JOBID:		 16118860
SLURM_JOB_NODELIST:	 ise-cpu256-03 

--------------------------
date: SM_Grids
number_of_graphs: 10
graph_type: grid
size_of_graphs: [6, 7]
heuristic: bcc_heuristic
snake: False
run_uni: True
run_bi: True
run_multi: False
solution_vertices: []
algorithms: ['DFBnB']
bsd: False
cube_first_dims: 4
cube_buffer_dim: None
backward_sym_generation: False
sym_coil: False
prefix_set: None

---------- SM_Grids/6x7_grid_with_random_blocks_12per_0 ----------
[00:00:00:00:022] Expansion 32: New longest path found with length 33: [0, 1, 8, 7, 14, 21, 28, 29, 36, 37, 30, 23, 22, 15, 16, 9, 10, 3, 4, 5, 12, 11, 18, 17, 24, 31, 38, 39, 32, 25, 26, 27, 34, 41]
[00:00:00:00:022] Expansion 34: New longest path found with length 35: [0, 1, 8, 7, 14, 21, 28, 29, 36, 37, 30, 23, 22, 15, 16, 9, 10, 3, 4, 5, 12, 11, 18, 17, 24, 31, 38, 39, 32, 25, 26, 27, 34, 33, 40, 41]
[00:00:00:00:023] Path of length 35 found: [0, 1, 8, 7, 14, 21, 28, 29, 36, 37, 30, 23, 22, 15, 16, 9, 10, 3, 4, 5, 12, 11, 18, 17, 24, 31, 38, 39, 32, 25, 26, 27, 34, 33, 40, 41]
[00:00:00:00:024] ! Unidirectional s-t. expansions: 35, time: 23 [ms], path length: 35 [edges], generated: 58
[00:00:00:00:019] Expansion 32: New longest path found with length 33: [41, 34, 27, 26, 25, 18, 11, 12, 5, 4, 3, 10, 9, 8, 15, 22, 23, 16, 17, 24, 31, 32, 33, 40, 39, 38, 37, 30, 29, 28, 21, 14, 7, 0]
[00:00:00:00:038] Expansion 77: New longest path found with length 35: [41, 34, 27, 26, 25, 18, 11, 12, 5, 4, 3, 10, 9, 16, 17, 24, 23, 30, 31, 32, 33, 40, 39, 38, 37, 36, 29, 28, 21, 22, 15, 14, 7, 8, 1, 0]
[00:00:00:00:039] Path of length 35 found: [41, 34, 27, 26, 25, 18, 11, 12, 5, 4, 3, 10, 9, 16, 17, 24, 23, 30, 31, 32, 33, 40, 39, 38, 37, 36, 29, 28, 21, 22, 15, 14, 7, 8, 1, 0]
[00:00:00:00:039] ! Unidirectional t-s. expansions: 78, time: 39 [ms], path length: 35 [edges], generated: 128
[00:00:00:00:020] Expansion 32: New longest path found with length 33: [0, 1, 8, 7, 14, 21, 28, 29, 36, 37, 38, 39, 40, 33, 32, 31, 24, 23, 22, 15, 16, 9, 10, 3, 4, 5, 12, 11, 18, 25, 26, 27, 34, 41]
[00:00:00:00:047] Expansion 91: New longest path found with length 35: [0, 1, 8, 7, 14, 21, 28, 29, 36, 37, 38, 39, 40, 33, 32, 31, 30, 23, 22, 15, 16, 9, 10, 3, 4, 5, 12, 11, 18, 17, 24, 25, 26, 27, 34, 41]
[00:00:00:00:048] Path of length 35 found: [0, 1, 8, 7, 14, 21, 28, 29, 36, 37, 38, 39, 40, 33, 32, 31, 30, 23, 22, 15, 16, 9, 10, 3, 4, 5, 12, 11, 18, 17, 24, 25, 26, 27, 34, 41]
[00:00:00:00:374] ! Bidirectional. expansions: 92, time: 48 [ms], path length: 35 [edges], g_F: 18, g_B: 17, generated: {'F': 99, 'B': 89}, MM: 1, MMPER: 1.7777777777777777%
[00:00:00:00:374] 
---------- SM_Grids/6x7_grid_with_random_blocks_12per_1 ----------
[00:00:00:00:024] Expansion 30: New longest path found with length 31: [0, 7, 14, 21, 28, 35, 36, 29, 22, 15, 8, 1, 2, 9, 10, 17, 16, 23, 30, 37, 38, 39, 32, 33, 26, 19, 12, 13, 20, 27, 34, 41]
[00:00:00:00:747] Path of length 31 found: [0, 7, 14, 21, 28, 35, 36, 29, 22, 15, 8, 1, 2, 9, 10, 17, 16, 23, 30, 37, 38, 39, 32, 33, 26, 19, 12, 13, 20, 27, 34, 41]
[00:00:00:00:747] ! Unidirectional s-t. expansions: 978, time: 747 [ms], path length: 31 [edges], generated: 1,644
[00:00:00:00:017] Expansion 20: New longest path found with length 21: [41, 34, 27, 20, 13, 12, 19, 26, 33, 32, 39, 38, 37, 30, 23, 24, 17, 10, 9, 2, 1, 0]
[00:00:00:00:021] Expansion 30: New longest path found with length 31: [41, 34, 27, 20, 13, 12, 19, 26, 33, 32, 39, 38, 37, 30, 23, 24, 17, 10, 9, 2, 1, 8, 15, 22, 29, 36, 35, 28, 21, 14, 7, 0]
[00:00:00:00:125] Path of length 31 found: [41, 34, 27, 20, 13, 12, 19, 26, 33, 32, 39, 38, 37, 30, 23, 24, 17, 10, 9, 2, 1, 8, 15, 22, 29, 36, 35, 28, 21, 14, 7, 0]
[00:00:00:00:126] ! Unidirectional t-s. expansions: 186, time: 125 [ms], path length: 31 [edges], generated: 350
[00:00:00:00:022] Expansion 30: New longest path found with length 31: [0, 7, 14, 21, 28, 35, 36, 29, 22, 15, 8, 1, 2, 9, 10, 17, 16, 23, 30, 37, 38, 39, 32, 33, 26, 19, 12, 13, 20, 27, 34, 41]
[00:00:00:00:411] Path of length 31 found: [0, 7, 14, 21, 28, 35, 36, 29, 22, 15, 8, 1, 2, 9, 10, 17, 16, 23, 30, 37, 38, 39, 32, 33, 26, 19, 12, 13, 20, 27, 34, 41]
[00:00:00:00:708] ! Bidirectional. expansions: 509, time: 411 [ms], path length: 31 [edges], g_F: 16, g_B: 15, generated: {'F': 444, 'B': 520}, MM: 1, MMPER: 2.125%
[00:00:00:00:708] 
---------- SM_Grids/6x7_grid_with_random_blocks_12per_2 ----------
[00:00:00:00:028] Expansion 32: New longest path found with length 33: [0, 7, 14, 21, 28, 35, 36, 37, 30, 29, 22, 15, 8, 1, 2, 3, 10, 9, 16, 23, 24, 31, 32, 25, 18, 11, 12, 13, 20, 19, 26, 27, 34, 41]
[00:00:00:01:230] Path of length 33 found: [0, 7, 14, 21, 28, 35, 36, 37, 30, 29, 22, 15, 8, 1, 2, 3, 10, 9, 16, 23, 24, 31, 32, 25, 18, 11, 12, 13, 20, 19, 26, 27, 34, 41]
[00:00:00:01:230] ! Unidirectional s-t. expansions: 1,874, time: 1,230 [ms], path length: 33 [edges], generated: 3,351
[00:00:00:00:015] Expansion 16: New longest path found with length 17: [41, 40, 39, 32, 25, 18, 19, 26, 27, 20, 13, 12, 11, 10, 3, 2, 1, 0]
[00:00:00:00:022] Expansion 32: New longest path found with length 33: [41, 40, 39, 32, 25, 18, 19, 26, 27, 20, 13, 12, 11, 10, 3, 2, 1, 8, 9, 16, 15, 22, 23, 24, 31, 30, 37, 36, 29, 28, 21, 14, 7, 0]
[00:00:00:00:220] Path of length 33 found: [41, 40, 39, 32, 25, 18, 19, 26, 27, 20, 13, 12, 11, 10, 3, 2, 1, 8, 9, 16, 15, 22, 23, 24, 31, 30, 37, 36, 29, 28, 21, 14, 7, 0]
[00:00:00:00:220] ! Unidirectional t-s. expansions: 319, time: 220 [ms], path length: 33 [edges], generated: 548
[00:00:00:00:023] Expansion 30: New longest path found with length 31: [0, 7, 14, 21, 28, 35, 36, 37, 30, 31, 24, 23, 22, 15, 16, 9, 2, 3, 10, 11, 12, 13, 20, 27, 26, 19, 18, 25, 32, 39, 40, 41]
[00:00:00:00:023] Expansion 32: New longest path found with length 33: [0, 7, 14, 21, 28, 35, 36, 37, 30, 31, 24, 23, 22, 15, 16, 9, 8, 1, 2, 3, 10, 11, 12, 13, 20, 27, 26, 19, 18, 25, 32, 39, 40, 41]
[00:00:00:00:290] Path of length 33 found: [0, 7, 14, 21, 28, 35, 36, 37, 30, 31, 24, 23, 22, 15, 16, 9, 8, 1, 2, 3, 10, 11, 12, 13, 20, 27, 26, 19, 18, 25, 32, 39, 40, 41]
[00:00:00:00:592] ! Bidirectional. expansions: 415, time: 290 [ms], path length: 33 [edges], g_F: 17, g_B: 16, generated: {'F': 369, 'B': 379}, MM: 1, MMPER: 1.9411764705882355%
[00:00:00:00:592] 
---------- SM_Grids/6x7_grid_with_random_blocks_12per_3 ----------
[00:00:00:00:025] Expansion 28: New longest path found with length 29: [0, 1, 2, 9, 16, 15, 22, 21, 28, 35, 36, 29, 30, 23, 24, 17, 10, 3, 4, 5, 6, 13, 12, 11, 18, 19, 26, 27, 34, 41]
[00:00:00:00:027] Expansion 32: New longest path found with length 33: [0, 1, 2, 9, 16, 15, 22, 21, 28, 35, 36, 29, 30, 23, 24, 17, 10, 3, 4, 5, 6, 13, 12, 11, 18, 19, 26, 27, 34, 33, 32, 39, 40, 41]
[00:00:00:00:224] Path of length 33 found: [0, 1, 2, 9, 16, 15, 22, 21, 28, 35, 36, 29, 30, 23, 24, 17, 10, 3, 4, 5, 6, 13, 12, 11, 18, 19, 26, 27, 34, 33, 32, 39, 40, 41]
[00:00:00:00:224] ! Unidirectional s-t. expansions: 297, time: 224 [ms], path length: 33 [edges], generated: 520
[00:00:00:00:023] Expansion 32: New longest path found with length 33: [41, 34, 27, 26, 33, 40, 39, 32, 31, 24, 23, 30, 37, 36, 35, 28, 21, 22, 15, 16, 9, 10, 17, 18, 19, 12, 13, 6, 5, 4, 3, 2, 1, 0]
[00:00:00:00:214] Path of length 33 found: [41, 34, 27, 26, 33, 40, 39, 32, 31, 24, 23, 30, 37, 36, 35, 28, 21, 22, 15, 16, 9, 10, 17, 18, 19, 12, 13, 6, 5, 4, 3, 2, 1, 0]
[00:00:00:00:215] ! Unidirectional t-s. expansions: 335, time: 214 [ms], path length: 33 [edges], generated: 586
[00:00:00:00:022] Expansion 28: New longest path found with length 29: [0, 1, 2, 9, 16, 15, 22, 21, 28, 35, 36, 29, 30, 23, 24, 17, 18, 11, 10, 3, 4, 5, 6, 13, 12, 19, 26, 27, 34, 41]
[00:00:00:00:093] Expansion 142: New longest path found with length 33: [0, 1, 2, 9, 10, 3, 4, 5, 6, 13, 12, 11, 18, 17, 16, 15, 22, 21, 28, 35, 36, 37, 30, 23, 24, 31, 32, 39, 40, 33, 26, 27, 34, 41]
[00:00:00:00:317] Path of length 33 found: [0, 1, 2, 9, 10, 3, 4, 5, 6, 13, 12, 11, 18, 17, 16, 15, 22, 21, 28, 35, 36, 37, 30, 23, 24, 31, 32, 39, 40, 33, 26, 27, 34, 41]
[00:00:00:00:621] ! Bidirectional. expansions: 532, time: 317 [ms], path length: 33 [edges], g_F: 17, g_B: 16, generated: {'F': 479, 'B': 457}, MM: 1, MMPER: 1.9411764705882355%
[00:00:00:00:621] 
---------- SM_Grids/6x7_grid_with_random_blocks_12per_4 ----------
[00:00:00:00:021] Expansion 26: New longest path found with length 27: [0, 7, 14, 21, 28, 35, 36, 37, 38, 31, 24, 23, 16, 15, 8, 1, 2, 9, 10, 3, 4, 11, 18, 25, 32, 39, 40, 41]
[00:00:00:00:023] Expansion 32: New longest path found with length 33: [0, 7, 14, 21, 28, 35, 36, 37, 38, 31, 24, 23, 16, 15, 8, 1, 2, 9, 10, 3, 4, 11, 18, 25, 32, 39, 40, 33, 26, 19, 20, 27, 34, 41]
[00:00:00:00:194] Path of length 33 found: [0, 7, 14, 21, 28, 35, 36, 37, 38, 31, 24, 23, 16, 15, 8, 1, 2, 9, 10, 3, 4, 11, 18, 25, 32, 39, 40, 33, 26, 19, 20, 27, 34, 41]
[00:00:00:00:194] ! Unidirectional s-t. expansions: 230, time: 194 [ms], path length: 33 [edges], generated: 361
[00:00:00:00:012] Expansion 12: New longest path found with length 13: [41, 34, 27, 20, 19, 18, 11, 4, 3, 10, 9, 2, 1, 0]
[00:00:00:00:022] Expansion 32: New longest path found with length 33: [41, 34, 27, 20, 19, 18, 11, 4, 3, 10, 9, 2, 1, 8, 15, 16, 23, 24, 31, 32, 25, 26, 33, 40, 39, 38, 37, 36, 29, 28, 21, 14, 7, 0]
[00:00:00:00:159] Path of length 33 found: [41, 34, 27, 20, 19, 18, 11, 4, 3, 10, 9, 2, 1, 8, 15, 16, 23, 24, 31, 32, 25, 26, 33, 40, 39, 38, 37, 36, 29, 28, 21, 14, 7, 0]
[00:00:00:00:160] ! Unidirectional t-s. expansions: 219, time: 159 [ms], path length: 33 [edges], generated: 353
[00:00:00:00:023] Expansion 32: New longest path found with length 33: [0, 7, 14, 21, 28, 35, 36, 37, 38, 31, 32, 39, 40, 33, 26, 25, 24, 23, 16, 15, 8, 1, 2, 9, 10, 3, 4, 11, 18, 19, 20, 27, 34, 41]
[00:00:00:00:317] Path of length 33 found: [0, 7, 14, 21, 28, 35, 36, 37, 38, 31, 32, 39, 40, 33, 26, 25, 24, 23, 16, 15, 8, 1, 2, 9, 10, 3, 4, 11, 18, 19, 20, 27, 34, 41]
[00:00:00:00:615] ! Bidirectional. expansions: 357, time: 317 [ms], path length: 33 [edges], g_F: 17, g_B: 16, generated: {'F': 344, 'B': 325}, MM: 1, MMPER: 1.9411764705882355%
[00:00:00:00:615] 
---------- SM_Grids/6x7_grid_with_random_blocks_12per_5 ----------
[00:00:00:00:024] Expansion 32: New longest path found with length 33: [0, 1, 8, 15, 14, 21, 28, 35, 36, 29, 22, 23, 16, 9, 2, 3, 10, 11, 18, 25, 24, 31, 38, 39, 32, 33, 26, 19, 12, 13, 20, 27, 34, 41]
[00:00:00:00:064] Expansion 113: New longest path found with length 35: [0, 1, 8, 15, 14, 21, 22, 29, 28, 35, 36, 37, 38, 31, 24, 23, 16, 9, 2, 3, 10, 11, 18, 25, 32, 39, 40, 33, 26, 19, 12, 13, 20, 27, 34, 41]
[00:00:00:00:066] Path of length 35 found: [0, 1, 8, 15, 14, 21, 22, 29, 28, 35, 36, 37, 38, 31, 24, 23, 16, 9, 2, 3, 10, 11, 18, 25, 32, 39, 40, 33, 26, 19, 12, 13, 20, 27, 34, 41]
[00:00:00:00:066] ! Unidirectional s-t. expansions: 114, time: 66 [ms], path length: 35 [edges], generated: 193
[00:00:00:00:023] Expansion 34: New longest path found with length 35: [41, 34, 27, 20, 13, 12, 11, 10, 3, 2, 9, 16, 23, 24, 31, 32, 25, 18, 19, 26, 33, 40, 39, 38, 37, 36, 35, 28, 29, 22, 21, 14, 15, 8, 1, 0]
[00:00:00:00:024] Path of length 35 found: [41, 34, 27, 20, 13, 12, 11, 10, 3, 2, 9, 16, 23, 24, 31, 32, 25, 18, 19, 26, 33, 40, 39, 38, 37, 36, 35, 28, 29, 22, 21, 14, 15, 8, 1, 0]
[00:00:00:00:024] ! Unidirectional t-s. expansions: 35, time: 24 [ms], path length: 35 [edges], generated: 55
[00:00:00:00:023] Expansion 32: New longest path found with length 33: [0, 1, 8, 15, 14, 21, 28, 35, 36, 37, 38, 31, 32, 39, 40, 33, 26, 19, 18, 25, 24, 23, 16, 9, 2, 3, 10, 11, 12, 13, 20, 27, 34, 41]
[00:00:00:00:050] Expansion 80: New longest path found with length 35: [0, 1, 8, 15, 14, 21, 22, 29, 28, 35, 36, 37, 38, 31, 32, 39, 40, 33, 26, 19, 18, 25, 24, 23, 16, 9, 2, 3, 10, 11, 12, 13, 20, 27, 34, 41]
[00:00:00:00:052] Path of length 35 found: [0, 1, 8, 15, 14, 21, 22, 29, 28, 35, 36, 37, 38, 31, 32, 39, 40, 33, 26, 19, 18, 25, 24, 23, 16, 9, 2, 3, 10, 11, 12, 13, 20, 27, 34, 41]
[00:00:00:00:351] ! Bidirectional. expansions: 81, time: 52 [ms], path length: 35 [edges], g_F: 18, g_B: 17, generated: {'F': 73, 'B': 75}, MM: 1, MMPER: 1.7777777777777777%
[00:00:00:00:351] 
---------- SM_Grids/6x7_grid_with_random_blocks_12per_6 ----------
[00:00:00:00:019] Expansion 26: New longest path found with length 27: [0, 7, 8, 15, 22, 23, 24, 17, 10, 9, 2, 3, 4, 11, 12, 5, 6, 13, 20, 19, 26, 25, 32, 31, 38, 39, 40, 41]
[00:00:00:00:020] Expansion 28: New longest path found with length 29: [0, 7, 8, 15, 22, 23, 24, 17, 10, 9, 2, 3, 4, 11, 12, 5, 6, 13, 20, 19, 26, 25, 32, 31, 38, 39, 40, 33, 34, 41]
[00:00:00:00:081] Path of length 29 found: [0, 7, 8, 15, 22, 23, 24, 17, 10, 9, 2, 3, 4, 11, 12, 5, 6, 13, 20, 19, 26, 25, 32, 31, 38, 39, 40, 33, 34, 41]
[00:00:00:00:081] ! Unidirectional s-t. expansions: 104, time: 81 [ms], path length: 29 [edges], generated: 179
[00:00:00:00:021] Expansion 28: New longest path found with length 29: [41, 34, 27, 20, 13, 6, 5, 4, 3, 2, 9, 10, 11, 12, 19, 26, 25, 32, 33, 40, 39, 38, 31, 24, 23, 22, 15, 8, 1, 0]
[00:00:00:00:436] Path of length 29 found: [41, 34, 27, 20, 13, 6, 5, 4, 3, 2, 9, 10, 11, 12, 19, 26, 25, 32, 33, 40, 39, 38, 31, 24, 23, 22, 15, 8, 1, 0]
[00:00:00:00:436] ! Unidirectional t-s. expansions: 559, time: 436 [ms], path length: 29 [edges], generated: 961
[00:00:00:00:020] Expansion 28: New longest path found with length 29: [0, 7, 8, 15, 22, 23, 24, 31, 38, 39, 40, 33, 32, 25, 26, 19, 12, 11, 10, 9, 2, 3, 4, 5, 6, 13, 20, 27, 34, 41]
[00:00:00:00:323] Path of length 29 found: [0, 7, 8, 15, 22, 23, 24, 31, 38, 39, 40, 33, 32, 25, 26, 19, 12, 11, 10, 9, 2, 3, 4, 5, 6, 13, 20, 27, 34, 41]
[00:00:00:00:627] ! Bidirectional. expansions: 412, time: 323 [ms], path length: 29 [edges], g_F: 15, g_B: 14, generated: {'F': 404, 'B': 351}, MM: 1, MMPER: 2.3333333333333335%
[00:00:00:00:627] 
---------- SM_Grids/6x7_grid_with_random_blocks_12per_7 ----------
[00:00:00:00:022] Expansion 32: New longest path found with length 33: [0, 1, 8, 7, 14, 21, 28, 35, 36, 29, 22, 15, 16, 9, 10, 3, 4, 11, 12, 5, 6, 13, 20, 27, 26, 25, 24, 31, 38, 39, 32, 33, 34, 41]
[00:00:00:00:709] Path of length 33 found: [0, 1, 8, 7, 14, 21, 28, 35, 36, 29, 22, 15, 16, 9, 10, 3, 4, 11, 12, 5, 6, 13, 20, 27, 26, 25, 24, 31, 38, 39, 32, 33, 34, 41]
[00:00:00:00:709] ! Unidirectional s-t. expansions: 1,097, time: 709 [ms], path length: 33 [edges], generated: 1,831
[00:00:00:00:021] Expansion 32: New longest path found with length 33: [41, 34, 27, 20, 13, 6, 5, 12, 11, 4, 3, 10, 9, 8, 15, 16, 23, 24, 25, 26, 33, 32, 31, 38, 37, 36, 35, 28, 29, 22, 21, 14, 7, 0]
[00:00:00:00:479] Path of length 33 found: [41, 34, 27, 20, 13, 6, 5, 12, 11, 4, 3, 10, 9, 8, 15, 16, 23, 24, 25, 26, 33, 32, 31, 38, 37, 36, 35, 28, 29, 22, 21, 14, 7, 0]
[00:00:00:00:480] ! Unidirectional t-s. expansions: 749, time: 479 [ms], path length: 33 [edges], generated: 1,253
[00:00:00:00:021] Expansion 30: New longest path found with length 31: [0, 1, 8, 7, 14, 21, 28, 35, 36, 29, 22, 15, 16, 23, 24, 31, 38, 39, 32, 33, 26, 25, 18, 11, 12, 5, 6, 13, 20, 27, 34, 41]
[00:00:00:00:029] Expansion 49: New longest path found with length 33: [0, 1, 8, 7, 14, 21, 28, 35, 36, 37, 38, 39, 32, 33, 26, 25, 24, 23, 22, 15, 16, 9, 10, 3, 4, 11, 12, 5, 6, 13, 20, 27, 34, 41]
[00:00:00:01:106] Path of length 33 found: [0, 1, 8, 7, 14, 21, 28, 35, 36, 37, 38, 39, 32, 33, 26, 25, 24, 23, 22, 15, 16, 9, 10, 3, 4, 11, 12, 5, 6, 13, 20, 27, 34, 41]
[00:00:00:01:405] ! Bidirectional. expansions: 1,603, time: 1,106 [ms], path length: 33 [edges], g_F: 17, g_B: 16, generated: {'F': 1,404, 'B': 1,375}, MM: 1, MMPER: 1.9411764705882355%
[00:00:00:01:405] 
---------- SM_Grids/6x7_grid_with_random_blocks_12per_8 ----------
[00:00:00:00:022] Expansion 32: New longest path found with length 33: [0, 7, 8, 15, 14, 21, 22, 29, 36, 37, 30, 23, 16, 17, 10, 3, 4, 5, 6, 13, 12, 19, 18, 25, 24, 31, 38, 39, 32, 33, 26, 27, 34, 41]
[00:00:00:00:072] Path of length 33 found: [0, 7, 8, 15, 14, 21, 22, 29, 36, 37, 30, 23, 16, 17, 10, 3, 4, 5, 6, 13, 12, 19, 18, 25, 24, 31, 38, 39, 32, 33, 26, 27, 34, 41]
[00:00:00:00:072] ! Unidirectional s-t. expansions: 108, time: 72 [ms], path length: 33 [edges], generated: 183
[00:00:00:00:022] Expansion 32: New longest path found with length 33: [41, 34, 27, 20, 13, 6, 5, 4, 3, 10, 17, 16, 23, 30, 31, 24, 25, 18, 19, 26, 33, 32, 39, 38, 37, 36, 29, 22, 21, 14, 15, 8, 7, 0]
[00:00:00:00:137] Path of length 33 found: [41, 34, 27, 20, 13, 6, 5, 4, 3, 10, 17, 16, 23, 30, 31, 24, 25, 18, 19, 26, 33, 32, 39, 38, 37, 36, 29, 22, 21, 14, 15, 8, 7, 0]
[00:00:00:00:137] ! Unidirectional t-s. expansions: 181, time: 137 [ms], path length: 33 [edges], generated: 323
[00:00:00:00:021] Expansion 30: New longest path found with length 31: [0, 7, 8, 15, 14, 21, 22, 29, 36, 37, 30, 23, 24, 31, 38, 39, 32, 25, 26, 19, 18, 17, 10, 3, 4, 5, 6, 13, 20, 27, 34, 41]
[00:00:00:00:026] Expansion 42: New longest path found with length 33: [0, 7, 8, 15, 14, 21, 22, 29, 36, 37, 30, 31, 38, 39, 32, 33, 26, 19, 18, 25, 24, 23, 16, 17, 10, 3, 4, 5, 6, 13, 20, 27, 34, 41]
[00:00:00:00:170] Path of length 33 found: [0, 7, 8, 15, 14, 21, 22, 29, 36, 37, 30, 31, 38, 39, 32, 33, 26, 19, 18, 25, 24, 23, 16, 17, 10, 3, 4, 5, 6, 13, 20, 27, 34, 41]
[00:00:00:00:470] ! Bidirectional. expansions: 222, time: 170 [ms], path length: 33 [edges], g_F: 17, g_B: 16, generated: {'F': 204, 'B': 204}, MM: 1, MMPER: 1.9411764705882355%
[00:00:00:00:471] 
---------- SM_Grids/6x7_grid_with_random_blocks_12per_9 ----------
[00:00:00:00:021] Expansion 30: New longest path found with length 31: [0, 7, 14, 21, 28, 29, 22, 15, 16, 9, 2, 3, 10, 17, 24, 31, 30, 37, 38, 39, 32, 25, 18, 11, 4, 5, 12, 13, 20, 27, 34, 41]
[00:00:00:00:022] Expansion 32: New longest path found with length 33: [0, 7, 14, 21, 28, 29, 22, 15, 16, 9, 2, 3, 10, 17, 24, 31, 30, 37, 38, 39, 32, 25, 18, 11, 4, 5, 12, 13, 20, 27, 34, 33, 40, 41]
[00:00:00:00:180] Path of length 33 found: [0, 7, 14, 21, 28, 29, 22, 15, 16, 9, 2, 3, 10, 17, 24, 31, 30, 37, 38, 39, 32, 25, 18, 11, 4, 5, 12, 13, 20, 27, 34, 33, 40, 41]
[00:00:00:00:180] ! Unidirectional s-t. expansions: 270, time: 180 [ms], path length: 33 [edges], generated: 462
[00:00:00:00:022] Expansion 32: New longest path found with length 33: [41, 34, 27, 20, 13, 6, 5, 12, 11, 4, 3, 2, 9, 10, 17, 18, 25, 24, 31, 32, 33, 40, 39, 38, 37, 30, 29, 28, 21, 22, 15, 14, 7, 0]
[00:00:00:00:513] Path of length 33 found: [41, 34, 27, 20, 13, 6, 5, 12, 11, 4, 3, 2, 9, 10, 17, 18, 25, 24, 31, 32, 33, 40, 39, 38, 37, 30, 29, 28, 21, 22, 15, 14, 7, 0]
[00:00:00:00:513] ! Unidirectional t-s. expansions: 738, time: 513 [ms], path length: 33 [edges], generated: 1,258
[00:00:00:00:022] Expansion 30: New longest path found with length 31: [0, 7, 14, 21, 28, 29, 22, 15, 16, 9, 2, 3, 10, 17, 24, 31, 38, 39, 40, 33, 32, 25, 18, 11, 12, 5, 6, 13, 20, 27, 34, 41]
[00:00:00:00:023] Expansion 32: New longest path found with length 33: [0, 7, 14, 21, 28, 29, 22, 15, 16, 9, 2, 3, 10, 17, 24, 31, 30, 37, 38, 39, 40, 33, 32, 25, 18, 11, 12, 5, 6, 13, 20, 27, 34, 41]
[00:00:00:00:248] Path of length 33 found: [0, 7, 14, 21, 28, 29, 22, 15, 16, 9, 2, 3, 10, 17, 24, 31, 30, 37, 38, 39, 40, 33, 32, 25, 18, 11, 12, 5, 6, 13, 20, 27, 34, 41]
[00:00:00:00:549] ! Bidirectional. expansions: 347, time: 248 [ms], path length: 33 [edges], g_F: 17, g_B: 16, generated: {'F': 329, 'B': 280}, MM: 1, MMPER: 1.9411764705882355%

[00:00:00:00:549] average expansions: (511, 340, 457, 0)
[00:00:00:00:549] average time: (353, 235, 328, 0)
[00:00:00:00:549] X-DFBnB: 340 , 235 (expansions , time[ms])
[00:00:00:00:549] BiX-DFBnB: 457 , 328 (expansions , time[ms])

