Thu 19 Mar 2026 15:59:51 IST

SLURM_JOBID:		 16118859
SLURM_JOB_NODELIST:	 ise-cpu256-03 

--------------------------
date: SM_Grids
number_of_graphs: 10
graph_type: grid
size_of_graphs: [6, 7]
heuristic: bcc_heuristic
snake: False
run_uni: True
run_bi: True
run_multi: False
solution_vertices: []
algorithms: ['DFBnB']
bsd: False
cube_first_dims: 4
cube_buffer_dim: None
backward_sym_generation: False
sym_coil: False
prefix_set: None

---------- SM_Grids/6x7_grid_with_random_blocks_8per_0 ----------
[00:00:00:00:022] Expansion 30: New longest path found with length 31: [0, 7, 14, 21, 28, 35, 36, 29, 22, 15, 8, 1, 2, 3, 10, 9, 16, 23, 30, 37, 38, 31, 24, 25, 18, 11, 12, 19, 26, 27, 34, 41]
[00:00:00:00:023] Expansion 34: New longest path found with length 35: [0, 7, 14, 21, 28, 35, 36, 29, 22, 15, 8, 1, 2, 3, 10, 9, 16, 23, 30, 37, 38, 31, 24, 25, 18, 11, 12, 19, 26, 27, 34, 33, 32, 39, 40, 41]
[00:00:00:00:024] Path of length 35 found: [0, 7, 14, 21, 28, 35, 36, 29, 22, 15, 8, 1, 2, 3, 10, 9, 16, 23, 30, 37, 38, 31, 24, 25, 18, 11, 12, 19, 26, 27, 34, 33, 32, 39, 40, 41]
[00:00:00:00:024] ! Unidirectional s-t. expansions: 35, time: 24 [ms], path length: 35 [edges], generated: 59
[00:00:00:00:014] Expansion 16: New longest path found with length 17: [41, 34, 27, 26, 19, 12, 11, 18, 25, 24, 23, 16, 9, 10, 3, 2, 1, 0]
[00:00:00:00:021] Expansion 34: New longest path found with length 35: [41, 34, 27, 26, 19, 12, 11, 18, 25, 24, 23, 16, 9, 10, 3, 2, 1, 8, 15, 22, 29, 30, 31, 32, 33, 40, 39, 38, 37, 36, 35, 28, 21, 14, 7, 0]
[00:00:00:00:022] Path of length 35 found: [41, 34, 27, 26, 19, 12, 11, 18, 25, 24, 23, 16, 9, 10, 3, 2, 1, 8, 15, 22, 29, 30, 31, 32, 33, 40, 39, 38, 37, 36, 35, 28, 21, 14, 7, 0]
[00:00:00:00:022] ! Unidirectional t-s. expansions: 35, time: 22 [ms], path length: 35 [edges], generated: 59
[00:00:00:00:021] Expansion 34: New longest path found with length 35: [0, 7, 14, 21, 28, 35, 36, 29, 22, 15, 8, 1, 2, 3, 10, 9, 16, 23, 30, 37, 38, 39, 40, 33, 32, 31, 24, 25, 18, 11, 12, 19, 26, 27, 34, 41]
[00:00:00:00:023] Path of length 35 found: [0, 7, 14, 21, 28, 35, 36, 29, 22, 15, 8, 1, 2, 3, 10, 9, 16, 23, 30, 37, 38, 39, 40, 33, 32, 31, 24, 25, 18, 11, 12, 19, 26, 27, 34, 41]
[00:00:00:00:398] ! Bidirectional. expansions: 35, time: 23 [ms], path length: 35 [edges], g_F: 18, g_B: 17, generated: {'F': 31, 'B': 31}, MM: 1, MMPER: 1.7777777777777777%
[00:00:00:00:399] 
---------- SM_Grids/6x7_grid_with_random_blocks_8per_1 ----------
[00:00:00:00:028] Expansion 32: New longest path found with length 33: [0, 7, 14, 21, 28, 35, 36, 29, 22, 15, 8, 1, 2, 9, 16, 23, 30, 31, 24, 25, 18, 11, 10, 3, 4, 5, 12, 13, 20, 19, 26, 27, 34, 41]
[00:00:00:00:030] Expansion 36: New longest path found with length 37: [0, 7, 14, 21, 28, 35, 36, 29, 22, 15, 8, 1, 2, 9, 16, 23, 30, 31, 24, 25, 18, 11, 10, 3, 4, 5, 12, 13, 20, 19, 26, 27, 34, 33, 32, 39, 40, 41]
[00:00:00:00:996] Path of length 37 found: [0, 7, 14, 21, 28, 35, 36, 29, 22, 15, 8, 1, 2, 9, 16, 23, 30, 31, 24, 25, 18, 11, 10, 3, 4, 5, 12, 13, 20, 19, 26, 27, 34, 33, 32, 39, 40, 41]
[00:00:00:00:996] ! Unidirectional s-t. expansions: 1,458, time: 996 [ms], path length: 37 [edges], generated: 2,422
[00:00:00:00:011] Expansion 10: New longest path found with length 11: [41, 34, 27, 20, 13, 12, 5, 4, 3, 2, 1, 0]
[00:00:00:00:026] Expansion 36: New longest path found with length 37: [41, 34, 27, 20, 13, 12, 5, 4, 3, 2, 1, 8, 15, 22, 23, 16, 9, 10, 11, 18, 19, 26, 25, 32, 33, 40, 39, 38, 31, 30, 29, 36, 35, 28, 21, 14, 7, 0]
[00:00:00:00:632] Path of length 37 found: [41, 34, 27, 20, 13, 12, 5, 4, 3, 2, 1, 8, 15, 22, 23, 16, 9, 10, 11, 18, 19, 26, 25, 32, 33, 40, 39, 38, 31, 30, 29, 36, 35, 28, 21, 14, 7, 0]
[00:00:00:00:632] ! Unidirectional t-s. expansions: 849, time: 632 [ms], path length: 37 [edges], generated: 1,427
[00:00:00:00:025] Expansion 30: New longest path found with length 31: [0, 7, 14, 21, 28, 35, 36, 29, 22, 15, 16, 23, 30, 31, 24, 25, 18, 11, 10, 9, 8, 1, 2, 3, 4, 5, 12, 13, 20, 27, 34, 41]
[00:00:00:00:028] Expansion 36: New longest path found with length 37: [0, 7, 14, 21, 28, 35, 36, 29, 22, 15, 16, 23, 30, 31, 24, 25, 32, 39, 40, 33, 26, 19, 18, 11, 10, 9, 8, 1, 2, 3, 4, 5, 12, 13, 20, 27, 34, 41]
[00:00:00:02:366] Path of length 37 found: [0, 7, 14, 21, 28, 35, 36, 29, 22, 15, 16, 23, 30, 31, 24, 25, 32, 39, 40, 33, 26, 19, 18, 11, 10, 9, 8, 1, 2, 3, 4, 5, 12, 13, 20, 27, 34, 41]
[00:00:00:02:664] ! Bidirectional. expansions: 3,422, time: 2,366 [ms], path length: 37 [edges], g_F: 19, g_B: 18, generated: {'F': 2,955, 'B': 3,102}, MM: 1, MMPER: 1.6315789473684212%
[00:00:00:02:664] 
---------- SM_Grids/6x7_grid_with_random_blocks_8per_2 ----------
[00:00:00:00:031] Expansion 36: New longest path found with length 37: [0, 7, 14, 15, 8, 1, 2, 3, 10, 9, 16, 23, 22, 29, 28, 35, 36, 37, 30, 31, 38, 39, 32, 25, 24, 17, 18, 11, 12, 5, 6, 13, 20, 19, 26, 33, 40, 41]
[00:00:00:01:236] Path of length 37 found: [0, 7, 14, 15, 8, 1, 2, 3, 10, 9, 16, 23, 22, 29, 28, 35, 36, 37, 30, 31, 38, 39, 32, 25, 24, 17, 18, 11, 12, 5, 6, 13, 20, 19, 26, 33, 40, 41]
[00:00:00:01:236] ! Unidirectional s-t. expansions: 1,889, time: 1,236 [ms], path length: 37 [edges], generated: 3,145
[00:00:00:00:017] Expansion 16: New longest path found with length 17: [41, 40, 33, 26, 27, 20, 13, 6, 5, 12, 19, 18, 11, 10, 3, 2, 1, 0]
[00:00:00:00:027] Expansion 36: New longest path found with length 37: [41, 40, 33, 26, 27, 20, 13, 6, 5, 12, 19, 18, 11, 10, 3, 2, 1, 8, 9, 16, 17, 24, 25, 32, 39, 38, 31, 30, 37, 36, 35, 28, 29, 22, 15, 14, 7, 0]
[00:00:00:00:480] Path of length 37 found: [41, 40, 33, 26, 27, 20, 13, 6, 5, 12, 19, 18, 11, 10, 3, 2, 1, 8, 9, 16, 17, 24, 25, 32, 39, 38, 31, 30, 37, 36, 35, 28, 29, 22, 15, 14, 7, 0]
[00:00:00:00:481] ! Unidirectional t-s. expansions: 638, time: 480 [ms], path length: 37 [edges], generated: 1,119
[00:00:00:00:028] Expansion 34: New longest path found with length 35: [0, 7, 14, 15, 8, 1, 2, 3, 10, 9, 16, 23, 22, 29, 28, 35, 36, 37, 38, 39, 32, 25, 24, 17, 18, 11, 12, 5, 6, 13, 20, 27, 26, 33, 40, 41]
[00:00:00:00:029] Expansion 36: New longest path found with length 37: [0, 7, 14, 15, 8, 1, 2, 3, 10, 9, 16, 23, 22, 29, 28, 35, 36, 37, 30, 31, 38, 39, 32, 25, 24, 17, 18, 11, 12, 5, 6, 13, 20, 27, 26, 33, 40, 41]
[00:00:00:01:287] Path of length 37 found: [0, 7, 14, 15, 8, 1, 2, 3, 10, 9, 16, 23, 22, 29, 28, 35, 36, 37, 30, 31, 38, 39, 32, 25, 24, 17, 18, 11, 12, 5, 6, 13, 20, 27, 26, 33, 40, 41]
[00:00:00:01:587] ! Bidirectional. expansions: 1,964, time: 1,287 [ms], path length: 37 [edges], g_F: 19, g_B: 18, generated: {'F': 1,760, 'B': 1,812}, MM: 1, MMPER: 1.6315789473684212%
[00:00:00:01:587] 
---------- SM_Grids/6x7_grid_with_random_blocks_8per_3 ----------
[00:00:00:00:027] Expansion 34: New longest path found with length 35: [0, 7, 14, 21, 28, 35, 36, 29, 22, 15, 8, 1, 2, 9, 16, 23, 30, 37, 38, 31, 24, 25, 18, 11, 4, 5, 12, 19, 20, 27, 26, 33, 32, 39, 40, 41]
[00:00:00:02:302] Path of length 35 found: [0, 7, 14, 21, 28, 35, 36, 29, 22, 15, 8, 1, 2, 9, 16, 23, 30, 37, 38, 31, 24, 25, 18, 11, 4, 5, 12, 19, 20, 27, 26, 33, 32, 39, 40, 41]
[00:00:00:02:303] ! Unidirectional s-t. expansions: 3,620, time: 2,302 [ms], path length: 35 [edges], generated: 6,383
[00:00:00:00:013] Expansion 12: New longest path found with length 13: [41, 34, 27, 20, 19, 12, 5, 4, 11, 10, 9, 2, 1, 0]
[00:00:00:00:026] Expansion 34: New longest path found with length 35: [41, 34, 27, 20, 19, 12, 5, 4, 11, 10, 9, 2, 1, 8, 15, 16, 23, 22, 29, 30, 31, 24, 25, 26, 33, 32, 39, 38, 37, 36, 35, 28, 21, 14, 7, 0]
[00:00:00:01:978] Path of length 35 found: [41, 34, 27, 20, 19, 12, 5, 4, 11, 10, 9, 2, 1, 8, 15, 16, 23, 22, 29, 30, 31, 24, 25, 26, 33, 32, 39, 38, 37, 36, 35, 28, 21, 14, 7, 0]
[00:00:00:01:978] ! Unidirectional t-s. expansions: 2,485, time: 1,978 [ms], path length: 35 [edges], generated: 4,421
[00:00:00:00:026] Expansion 32: New longest path found with length 33: [0, 7, 14, 21, 28, 35, 36, 29, 22, 15, 8, 1, 2, 9, 16, 23, 30, 31, 32, 39, 40, 33, 26, 25, 18, 11, 4, 5, 12, 19, 20, 27, 34, 41]
[00:00:00:00:027] Expansion 36: New longest path found with length 35: [0, 7, 14, 21, 28, 35, 36, 29, 22, 15, 8, 1, 2, 9, 16, 23, 30, 37, 38, 31, 32, 39, 40, 33, 26, 25, 18, 11, 4, 5, 12, 19, 20, 27, 34, 41]
[00:00:00:03:331] Path of length 35 found: [0, 7, 14, 21, 28, 35, 36, 29, 22, 15, 8, 1, 2, 9, 16, 23, 30, 37, 38, 31, 32, 39, 40, 33, 26, 25, 18, 11, 4, 5, 12, 19, 20, 27, 34, 41]
[00:00:00:03:629] ! Bidirectional. expansions: 4,552, time: 3,332 [ms], path length: 35 [edges], g_F: 18, g_B: 17, generated: {'F': 4,290, 'B': 4,381}, MM: 1, MMPER: 1.7777777777777777%
[00:00:00:03:629] 
---------- SM_Grids/6x7_grid_with_random_blocks_8per_4 ----------
[00:00:00:00:026] Expansion 36: New longest path found with length 37: [0, 7, 14, 21, 28, 35, 36, 29, 22, 15, 8, 1, 2, 3, 10, 17, 16, 23, 24, 31, 38, 39, 32, 25, 18, 11, 4, 5, 6, 13, 12, 19, 20, 27, 26, 33, 34, 41]
[00:00:00:00:702] Path of length 37 found: [0, 7, 14, 21, 28, 35, 36, 29, 22, 15, 8, 1, 2, 3, 10, 17, 16, 23, 24, 31, 38, 39, 32, 25, 18, 11, 4, 5, 6, 13, 12, 19, 20, 27, 26, 33, 34, 41]
[00:00:00:00:702] ! Unidirectional s-t. expansions: 952, time: 702 [ms], path length: 37 [edges], generated: 1,566
[00:00:00:00:011] Expansion 10: New longest path found with length 11: [41, 34, 27, 20, 13, 6, 5, 4, 3, 2, 1, 0]
[00:00:00:00:026] Expansion 34: New longest path found with length 35: [41, 34, 27, 20, 13, 6, 5, 4, 3, 2, 1, 8, 15, 22, 23, 16, 17, 10, 11, 12, 19, 18, 25, 26, 33, 32, 31, 38, 37, 36, 29, 28, 21, 14, 7, 0]
[00:00:00:00:105] Expansion 190: New longest path found with length 37: [41, 34, 27, 20, 13, 6, 5, 4, 3, 2, 1, 8, 15, 16, 23, 24, 17, 10, 11, 12, 19, 18, 25, 26, 33, 32, 31, 38, 37, 36, 35, 28, 29, 22, 21, 14, 7, 0]
[00:00:00:00:479] Path of length 37 found: [41, 34, 27, 20, 13, 6, 5, 4, 3, 2, 1, 8, 15, 16, 23, 24, 17, 10, 11, 12, 19, 18, 25, 26, 33, 32, 31, 38, 37, 36, 35, 28, 29, 22, 21, 14, 7, 0]
[00:00:00:00:480] ! Unidirectional t-s. expansions: 681, time: 480 [ms], path length: 37 [edges], generated: 1,147
[00:00:00:00:020] Expansion 20: New longest path found with length 21: [0, 7, 14, 21, 28, 35, 36, 29, 22, 15, 16, 17, 10, 3, 4, 5, 6, 13, 20, 27, 34, 41]
[00:00:00:00:026] Expansion 32: New longest path found with length 33: [0, 7, 14, 21, 28, 35, 36, 29, 22, 15, 16, 23, 24, 31, 38, 39, 32, 25, 26, 19, 12, 11, 18, 17, 10, 3, 4, 5, 6, 13, 20, 27, 34, 41]
[00:00:00:00:039] Expansion 58: New longest path found with length 37: [0, 7, 14, 21, 28, 35, 36, 29, 22, 23, 24, 31, 38, 39, 32, 33, 26, 25, 18, 19, 12, 11, 10, 17, 16, 15, 8, 1, 2, 3, 4, 5, 6, 13, 20, 27, 34, 41]
[00:00:00:00:934] Path of length 37 found: [0, 7, 14, 21, 28, 35, 36, 29, 22, 23, 24, 31, 38, 39, 32, 33, 26, 25, 18, 19, 12, 11, 10, 17, 16, 15, 8, 1, 2, 3, 4, 5, 6, 13, 20, 27, 34, 41]
[00:00:00:01:266] ! Bidirectional. expansions: 1,335, time: 935 [ms], path length: 37 [edges], g_F: 19, g_B: 18, generated: {'F': 1,201, 'B': 1,260}, MM: 1, MMPER: 1.6315789473684212%
[00:00:00:01:266] 
---------- SM_Grids/6x7_grid_with_random_blocks_8per_5 ----------
[00:00:00:00:026] Expansion 36: New longest path found with length 37: [0, 7, 14, 21, 28, 35, 36, 29, 22, 15, 8, 1, 2, 3, 10, 17, 16, 23, 30, 37, 38, 31, 32, 25, 18, 11, 4, 5, 6, 13, 12, 19, 20, 27, 26, 33, 40, 41]
[00:00:00:01:305] Path of length 37 found: [0, 7, 14, 21, 28, 35, 36, 29, 22, 15, 8, 1, 2, 3, 10, 17, 16, 23, 30, 37, 38, 31, 32, 25, 18, 11, 4, 5, 6, 13, 12, 19, 20, 27, 26, 33, 40, 41]
[00:00:00:01:305] ! Unidirectional s-t. expansions: 2,167, time: 1,305 [ms], path length: 37 [edges], generated: 3,495
[00:00:00:00:013] Expansion 12: New longest path found with length 13: [41, 40, 33, 26, 27, 20, 13, 6, 5, 4, 3, 2, 1, 0]
[00:00:00:00:026] Expansion 36: New longest path found with length 37: [41, 40, 33, 26, 27, 20, 13, 6, 5, 4, 3, 2, 1, 8, 15, 22, 29, 30, 23, 16, 17, 10, 11, 12, 19, 18, 25, 32, 31, 38, 37, 36, 35, 28, 21, 14, 7, 0]
[00:00:00:00:261] Path of length 37 found: [41, 40, 33, 26, 27, 20, 13, 6, 5, 4, 3, 2, 1, 8, 15, 22, 29, 30, 23, 16, 17, 10, 11, 12, 19, 18, 25, 32, 31, 38, 37, 36, 35, 28, 21, 14, 7, 0]
[00:00:00:00:261] ! Unidirectional t-s. expansions: 303, time: 261 [ms], path length: 37 [edges], generated: 509
[00:00:00:00:026] Expansion 36: New longest path found with length 37: [0, 7, 14, 21, 28, 35, 36, 29, 22, 15, 8, 1, 2, 3, 10, 17, 16, 23, 30, 31, 38, 39, 32, 25, 18, 19, 12, 11, 4, 5, 6, 13, 20, 27, 26, 33, 40, 41]
[00:00:00:01:143] Path of length 37 found: [0, 7, 14, 21, 28, 35, 36, 29, 22, 15, 8, 1, 2, 3, 10, 17, 16, 23, 30, 31, 38, 39, 32, 25, 18, 19, 12, 11, 4, 5, 6, 13, 20, 27, 26, 33, 40, 41]
[00:00:00:01:443] ! Bidirectional. expansions: 1,777, time: 1,143 [ms], path length: 37 [edges], g_F: 19, g_B: 18, generated: {'F': 1,523, 'B': 1,634}, MM: 1, MMPER: 1.6315789473684212%
[00:00:00:01:443] 
---------- SM_Grids/6x7_grid_with_random_blocks_8per_6 ----------
[00:00:00:00:031] Expansion 36: New longest path found with length 37: [0, 7, 14, 21, 28, 35, 36, 37, 30, 23, 22, 15, 8, 1, 2, 9, 16, 17, 10, 3, 4, 11, 12, 5, 6, 13, 20, 27, 26, 25, 24, 31, 38, 39, 32, 33, 40, 41]
[00:00:00:01:530] Path of length 37 found: [0, 7, 14, 21, 28, 35, 36, 37, 30, 23, 22, 15, 8, 1, 2, 9, 16, 17, 10, 3, 4, 11, 12, 5, 6, 13, 20, 27, 26, 25, 24, 31, 38, 39, 32, 33, 40, 41]
[00:00:00:01:530] ! Unidirectional s-t. expansions: 2,463, time: 1,530 [ms], path length: 37 [edges], generated: 4,071
[00:00:00:00:013] Expansion 12: New longest path found with length 13: [41, 34, 27, 20, 13, 6, 5, 12, 11, 4, 3, 2, 1, 0]
[00:00:00:00:026] Expansion 36: New longest path found with length 37: [41, 34, 27, 20, 13, 6, 5, 12, 11, 4, 3, 2, 1, 8, 15, 22, 23, 16, 9, 10, 17, 24, 31, 32, 25, 26, 33, 40, 39, 38, 37, 36, 35, 28, 21, 14, 7, 0]
[00:00:00:00:700] Path of length 37 found: [41, 34, 27, 20, 13, 6, 5, 12, 11, 4, 3, 2, 1, 8, 15, 22, 23, 16, 9, 10, 17, 24, 31, 32, 25, 26, 33, 40, 39, 38, 37, 36, 35, 28, 21, 14, 7, 0]
[00:00:00:00:700] ! Unidirectional t-s. expansions: 1,001, time: 700 [ms], path length: 37 [edges], generated: 1,772
[00:00:00:00:025] Expansion 32: New longest path found with length 33: [0, 7, 14, 21, 28, 35, 36, 37, 30, 31, 38, 39, 40, 33, 26, 25, 24, 23, 22, 15, 8, 1, 2, 3, 4, 11, 12, 5, 6, 13, 20, 27, 34, 41]
[00:00:00:00:026] Expansion 34: New longest path found with length 35: [0, 7, 14, 21, 28, 35, 36, 37, 30, 31, 38, 39, 40, 33, 26, 25, 24, 17, 16, 23, 22, 15, 8, 1, 2, 3, 4, 11, 12, 5, 6, 13, 20, 27, 34, 41]
[00:00:00:00:027] Expansion 36: New longest path found with length 37: [0, 7, 14, 21, 28, 35, 36, 37, 30, 31, 38, 39, 40, 33, 26, 25, 24, 17, 10, 9, 16, 23, 22, 15, 8, 1, 2, 3, 4, 11, 12, 5, 6, 13, 20, 27, 34, 41]
[00:00:00:02:068] Path of length 37 found: [0, 7, 14, 21, 28, 35, 36, 37, 30, 31, 38, 39, 40, 33, 26, 25, 24, 17, 10, 9, 16, 23, 22, 15, 8, 1, 2, 3, 4, 11, 12, 5, 6, 13, 20, 27, 34, 41]
[00:00:00:02:368] ! Bidirectional. expansions: 2,922, time: 2,068 [ms], path length: 37 [edges], g_F: 19, g_B: 18, generated: {'F': 2,558, 'B': 2,628}, MM: 1, MMPER: 1.6315789473684212%
[00:00:00:02:368] 
---------- SM_Grids/6x7_grid_with_random_blocks_8per_7 ----------
[00:00:00:00:027] Expansion 34: New longest path found with length 35: [0, 7, 14, 21, 28, 35, 36, 29, 22, 15, 8, 1, 2, 3, 10, 9, 16, 23, 30, 37, 38, 39, 32, 31, 24, 17, 18, 11, 12, 13, 20, 19, 26, 33, 34, 41]
[00:00:00:21:429] Path of length 35 found: [0, 7, 14, 21, 28, 35, 36, 29, 22, 15, 8, 1, 2, 3, 10, 9, 16, 23, 30, 37, 38, 39, 32, 31, 24, 17, 18, 11, 12, 13, 20, 19, 26, 33, 34, 41]
[00:00:00:21:429] ! Unidirectional s-t. expansions: 36,470, time: 21,429 [ms], path length: 35 [edges], generated: 63,843
[00:00:00:00:012] Expansion 10: New longest path found with length 11: [41, 34, 27, 20, 13, 12, 11, 10, 3, 2, 1, 0]
[00:00:00:00:027] Expansion 34: New longest path found with length 35: [41, 34, 27, 20, 13, 12, 11, 10, 3, 2, 1, 8, 9, 16, 15, 22, 29, 30, 23, 24, 17, 18, 19, 26, 25, 32, 31, 38, 37, 36, 35, 28, 21, 14, 7, 0]
[00:00:00:15:308] Path of length 35 found: [41, 34, 27, 20, 13, 12, 11, 10, 3, 2, 1, 8, 9, 16, 15, 22, 29, 30, 23, 24, 17, 18, 19, 26, 25, 32, 31, 38, 37, 36, 35, 28, 21, 14, 7, 0]
[00:00:00:15:308] ! Unidirectional t-s. expansions: 26,538, time: 15,308 [ms], path length: 35 [edges], generated: 46,394
[00:00:00:00:028] Expansion 34: New longest path found with length 35: [0, 7, 14, 21, 28, 35, 36, 29, 22, 23, 30, 37, 38, 39, 32, 31, 24, 25, 26, 19, 18, 17, 16, 15, 8, 1, 2, 3, 10, 11, 12, 13, 20, 27, 34, 41]
[00:00:00:18:005] Path of length 35 found: [0, 7, 14, 21, 28, 35, 36, 29, 22, 23, 30, 37, 38, 39, 32, 31, 24, 25, 26, 19, 18, 17, 16, 15, 8, 1, 2, 3, 10, 11, 12, 13, 20, 27, 34, 41]
[00:00:00:18:290] ! Bidirectional. expansions: 30,073, time: 18,005 [ms], path length: 35 [edges], g_F: 18, g_B: 17, generated: {'F': 29,844, 'B': 30,483}, MM: 1, MMPER: 1.7777777777777777%
[00:00:00:18:290] 
---------- SM_Grids/6x7_grid_with_random_blocks_8per_8 ----------
[00:00:00:00:032] Expansion 34: New longest path found with length 35: [0, 1, 2, 9, 8, 15, 14, 21, 28, 29, 22, 23, 16, 17, 10, 11, 4, 5, 6, 13, 12, 19, 18, 25, 24, 31, 30, 37, 38, 39, 32, 33, 26, 27, 34, 41]
[00:00:00:15:319] Path of length 35 found: [0, 1, 2, 9, 8, 15, 14, 21, 28, 29, 22, 23, 16, 17, 10, 11, 4, 5, 6, 13, 12, 19, 18, 25, 24, 31, 30, 37, 38, 39, 32, 33, 26, 27, 34, 41]
[00:00:00:15:319] ! Unidirectional s-t. expansions: 25,833, time: 15,319 [ms], path length: 35 [edges], generated: 46,204
[00:00:00:00:028] Expansion 34: New longest path found with length 35: [41, 34, 27, 20, 13, 6, 5, 4, 11, 12, 19, 18, 17, 10, 9, 16, 23, 30, 31, 24, 25, 26, 33, 32, 39, 38, 37, 36, 29, 28, 21, 14, 15, 8, 1, 0]
[00:00:00:30:354] Path of length 35 found: [41, 34, 27, 20, 13, 6, 5, 4, 11, 12, 19, 18, 17, 10, 9, 16, 23, 30, 31, 24, 25, 26, 33, 32, 39, 38, 37, 36, 29, 28, 21, 14, 15, 8, 1, 0]
[00:00:00:30:355] ! Unidirectional t-s. expansions: 54,482, time: 30,355 [ms], path length: 35 [edges], generated: 92,268
[00:00:00:00:024] Expansion 22: New longest path found with length 23: [0, 1, 2, 9, 8, 15, 14, 21, 28, 29, 22, 23, 24, 17, 10, 11, 4, 5, 6, 13, 20, 27, 34, 41]
[00:00:00:00:025] Expansion 24: New longest path found with length 25: [0, 1, 2, 9, 8, 15, 14, 21, 28, 29, 22, 23, 30, 31, 24, 17, 10, 11, 4, 5, 6, 13, 20, 27, 34, 41]
[00:00:00:00:030] Expansion 36: New longest path found with length 35: [0, 1, 2, 9, 8, 15, 14, 21, 28, 29, 22, 23, 30, 37, 38, 39, 40, 33, 26, 19, 18, 25, 32, 31, 24, 17, 10, 11, 4, 5, 6, 13, 20, 27, 34, 41]
[00:00:00:21:356] Path of length 35 found: [0, 1, 2, 9, 8, 15, 14, 21, 28, 29, 22, 23, 30, 37, 38, 39, 40, 33, 26, 19, 18, 25, 32, 31, 24, 17, 10, 11, 4, 5, 6, 13, 20, 27, 34, 41]
[00:00:00:21:685] ! Bidirectional. expansions: 34,470, time: 21,356 [ms], path length: 35 [edges], g_F: 18, g_B: 17, generated: {'F': 32,922, 'B': 33,206}, MM: 1, MMPER: 1.7777777777777777%
[00:00:00:21:686] 
---------- SM_Grids/6x7_grid_with_random_blocks_8per_9 ----------
[00:00:00:00:026] Expansion 32: New longest path found with length 33: [0, 7, 14, 21, 28, 35, 36, 29, 22, 15, 8, 1, 2, 9, 16, 23, 30, 37, 38, 31, 24, 17, 18, 11, 4, 5, 6, 13, 12, 19, 26, 27, 34, 41]
[00:00:00:00:034] Expansion 49: New longest path found with length 35: [0, 7, 14, 21, 28, 35, 36, 29, 22, 15, 8, 1, 2, 9, 16, 23, 30, 37, 38, 39, 32, 31, 24, 17, 18, 11, 4, 5, 6, 13, 12, 19, 26, 27, 34, 41]
[00:00:00:00:106] Expansion 164: New longest path found with length 37: [0, 7, 14, 21, 28, 35, 36, 29, 22, 15, 16, 9, 8, 1, 2, 3, 4, 11, 12, 5, 6, 13, 20, 27, 26, 19, 18, 17, 24, 23, 30, 37, 38, 31, 32, 39, 40, 41]
[00:00:00:00:359] Path of length 37 found: [0, 7, 14, 21, 28, 35, 36, 29, 22, 15, 16, 9, 8, 1, 2, 3, 4, 11, 12, 5, 6, 13, 20, 27, 26, 19, 18, 17, 24, 23, 30, 37, 38, 31, 32, 39, 40, 41]
[00:00:00:00:359] ! Unidirectional s-t. expansions: 437, time: 359 [ms], path length: 37 [edges], generated: 786
[00:00:00:00:015] Expansion 14: New longest path found with length 15: [41, 34, 27, 26, 19, 20, 13, 6, 5, 12, 11, 4, 3, 2, 1, 0]
[00:00:00:00:027] Expansion 34: New longest path found with length 35: [41, 34, 27, 26, 19, 20, 13, 6, 5, 12, 11, 4, 3, 2, 1, 8, 9, 16, 17, 24, 23, 22, 29, 30, 31, 32, 39, 38, 37, 36, 35, 28, 21, 14, 7, 0]
[00:00:00:00:297] Expansion 495: New longest path found with length 37: [41, 40, 39, 32, 31, 38, 37, 30, 23, 24, 17, 18, 11, 12, 19, 26, 27, 20, 13, 6, 5, 4, 3, 2, 1, 8, 9, 16, 15, 22, 29, 36, 35, 28, 21, 14, 7, 0]
[00:00:00:00:299] Path of length 37 found: [41, 40, 39, 32, 31, 38, 37, 30, 23, 24, 17, 18, 11, 12, 19, 26, 27, 20, 13, 6, 5, 4, 3, 2, 1, 8, 9, 16, 15, 22, 29, 36, 35, 28, 21, 14, 7, 0]
[00:00:00:00:299] ! Unidirectional t-s. expansions: 496, time: 299 [ms], path length: 37 [edges], generated: 835
[00:00:00:00:026] Expansion 34: New longest path found with length 35: [0, 7, 14, 21, 28, 35, 36, 29, 22, 15, 8, 1, 2, 9, 16, 23, 30, 37, 38, 39, 32, 31, 24, 17, 18, 11, 12, 5, 6, 13, 20, 19, 26, 27, 34, 41]
[00:00:00:00:720] Expansion 1,015: New longest path found with length 37: [0, 7, 14, 21, 28, 35, 36, 29, 22, 15, 16, 9, 8, 1, 2, 3, 4, 5, 6, 13, 20, 27, 26, 19, 12, 11, 18, 17, 24, 23, 30, 37, 38, 31, 32, 39, 40, 41]
[00:00:00:00:723] Path of length 37 found: [0, 7, 14, 21, 28, 35, 36, 29, 22, 15, 16, 9, 8, 1, 2, 3, 4, 5, 6, 13, 20, 27, 26, 19, 12, 11, 18, 17, 24, 23, 30, 37, 38, 31, 32, 39, 40, 41]
[00:00:00:01:016] ! Bidirectional. expansions: 1,017, time: 723 [ms], path length: 37 [edges], g_F: 19, g_B: 18, generated: {'F': 877, 'B': 915}, MM: 1, MMPER: 1.6315789473684212%

[00:00:00:01:016] average expansions: (7,532, 8,751, 8,157, 0)
[00:00:00:01:016] average time: (4,520, 5,052, 5,124, 0)
[00:00:00:01:016] X-DFBnB: 7,532 , 4,520 (expansions , time[ms])
[00:00:00:01:016] BiX-DFBnB: 8,157 , 5,124 (expansions , time[ms])

