Thu 19 Mar 2026 15:59:51 IST

SLURM_JOBID:		 16118863
SLURM_JOB_NODELIST:	 ise-cpu256-03 

--------------------------
date: SM_Grids
number_of_graphs: 10
graph_type: grid
size_of_graphs: [6, 8]
heuristic: bcc_heuristic
snake: False
run_uni: True
run_bi: True
run_multi: False
solution_vertices: []
algorithms: ['DFBnB']
bsd: False
cube_first_dims: 4
cube_buffer_dim: None
backward_sym_generation: False
sym_coil: False
prefix_set: None

---------- SM_Grids/6x8_grid_with_random_blocks_8per_0 ----------
[00:00:00:00:031] Expansion 39: New longest path found with length 40: [0, 1, 9, 8, 16, 24, 32, 40, 41, 33, 25, 17, 18, 10, 11, 3, 4, 12, 20, 19, 27, 26, 34, 42, 43, 35, 36, 28, 29, 21, 13, 5, 6, 14, 15, 23, 31, 30, 38, 46, 47]
[00:00:01:53:377] Valid states checked so far: 200,000, Expansions: 199,998, Global best: 41
[00:00:02:07:781] Path of length 40 found: [0, 1, 9, 8, 16, 24, 32, 40, 41, 33, 25, 17, 18, 10, 11, 3, 4, 12, 20, 19, 27, 26, 34, 42, 43, 35, 36, 28, 29, 21, 13, 5, 6, 14, 15, 23, 31, 30, 38, 46, 47]
[00:00:02:07:782] ! Unidirectional s-t. expansions: 226,242, time: 127,782 [ms], path length: 40 [edges], generated: 373,425
[00:00:00:00:037] Expansion 39: New longest path found with length 40: [47, 46, 38, 39, 31, 23, 15, 7, 6, 14, 13, 5, 4, 3, 11, 12, 20, 21, 29, 37, 36, 28, 27, 19, 18, 10, 9, 17, 25, 26, 34, 35, 43, 42, 41, 33, 32, 24, 16, 8, 0]
[00:00:01:38:137] Path of length 40 found: [47, 46, 38, 39, 31, 23, 15, 7, 6, 14, 13, 5, 4, 3, 11, 12, 20, 21, 29, 37, 36, 28, 27, 19, 18, 10, 9, 17, 25, 26, 34, 35, 43, 42, 41, 33, 32, 24, 16, 8, 0]
[00:00:01:38:138] ! Unidirectional t-s. expansions: 169,029, time: 98,137 [ms], path length: 40 [edges], generated: 285,824
[00:00:00:00:030] Expansion 27: New longest path found with length 28: [0, 1, 9, 8, 16, 24, 32, 40, 41, 33, 25, 17, 18, 10, 11, 12, 4, 5, 13, 14, 6, 7, 15, 23, 31, 39, 38, 46, 47]
[00:00:00:00:032] Expansion 29: New longest path found with length 30: [0, 1, 9, 8, 16, 24, 32, 40, 41, 33, 25, 17, 18, 10, 11, 19, 20, 12, 4, 5, 13, 14, 6, 7, 15, 23, 31, 39, 38, 46, 47]
[00:00:00:00:037] Expansion 39: New longest path found with length 40: [0, 1, 9, 8, 16, 24, 32, 40, 41, 33, 25, 17, 18, 10, 11, 19, 27, 26, 34, 42, 43, 35, 36, 28, 29, 21, 20, 12, 4, 5, 13, 14, 6, 7, 15, 23, 31, 39, 38, 46, 47]
[00:00:01:48:877] Path of length 40 found: [0, 1, 9, 8, 16, 24, 32, 40, 41, 33, 25, 17, 18, 10, 11, 19, 27, 26, 34, 42, 43, 35, 36, 28, 29, 21, 20, 12, 4, 5, 13, 14, 6, 7, 15, 23, 31, 39, 38, 46, 47]
[00:00:01:49:240] ! Bidirectional. expansions: 165,185, time: 108,877 [ms], path length: 40 [edges], g_F: 21, g_B: 19, generated: {'F': 154,240, 'B': 164,663}, MM: 2, MMPER: 3.8780487804878048%
[00:00:01:49:240] 
---------- SM_Grids/6x8_grid_with_random_blocks_8per_1 ----------
[00:00:00:00:036] Expansion 37: New longest path found with length 38: [0, 8, 16, 24, 32, 40, 41, 33, 25, 17, 18, 10, 11, 3, 4, 12, 20, 19, 27, 26, 34, 42, 43, 35, 36, 28, 29, 21, 13, 14, 6, 7, 15, 23, 22, 30, 31, 39, 47]
[00:00:00:00:038] Expansion 41: New longest path found with length 42: [0, 8, 16, 24, 32, 40, 41, 33, 25, 17, 18, 10, 11, 3, 4, 12, 20, 19, 27, 26, 34, 42, 43, 35, 36, 28, 29, 21, 13, 14, 6, 7, 15, 23, 22, 30, 31, 39, 38, 37, 45, 46, 47]
[00:00:00:01:921] Path of length 42 found: [0, 8, 16, 24, 32, 40, 41, 33, 25, 17, 18, 10, 11, 3, 4, 12, 20, 19, 27, 26, 34, 42, 43, 35, 36, 28, 29, 21, 13, 14, 6, 7, 15, 23, 22, 30, 31, 39, 38, 37, 45, 46, 47]
[00:00:00:01:922] ! Unidirectional s-t. expansions: 2,468, time: 1,921 [ms], path length: 42 [edges], generated: 4,467
[00:00:00:00:035] Expansion 41: New longest path found with length 42: [47, 39, 31, 23, 15, 7, 6, 14, 13, 12, 4, 3, 11, 10, 18, 17, 25, 33, 34, 26, 27, 19, 20, 28, 36, 37, 29, 21, 22, 30, 38, 46, 45, 44, 43, 42, 41, 40, 32, 24, 16, 8, 0]
[00:00:00:11:604] Path of length 42 found: [47, 39, 31, 23, 15, 7, 6, 14, 13, 12, 4, 3, 11, 10, 18, 17, 25, 33, 34, 26, 27, 19, 20, 28, 36, 37, 29, 21, 22, 30, 38, 46, 45, 44, 43, 42, 41, 40, 32, 24, 16, 8, 0]
[00:00:00:11:605] ! Unidirectional t-s. expansions: 16,921, time: 11,604 [ms], path length: 42 [edges], generated: 27,943
[00:00:00:00:031] Expansion 29: New longest path found with length 30: [0, 8, 16, 24, 32, 40, 41, 33, 25, 17, 18, 26, 34, 42, 43, 35, 27, 19, 11, 3, 4, 12, 13, 14, 6, 7, 15, 23, 31, 39, 47]
[00:00:00:00:032] Expansion 31: New longest path found with length 32: [0, 8, 16, 24, 32, 40, 41, 33, 25, 17, 18, 26, 34, 42, 43, 35, 36, 28, 27, 19, 11, 3, 4, 12, 13, 14, 6, 7, 15, 23, 31, 39, 47]
[00:00:00:00:036] Expansion 39: New longest path found with length 40: [0, 8, 16, 24, 32, 40, 41, 33, 25, 17, 18, 26, 34, 42, 43, 35, 36, 44, 45, 46, 38, 30, 22, 21, 20, 28, 27, 19, 11, 3, 4, 12, 13, 14, 6, 7, 15, 23, 31, 39, 47]
[00:00:00:00:037] Expansion 41: New longest path found with length 42: [0, 8, 16, 24, 32, 40, 41, 33, 25, 17, 18, 26, 34, 42, 43, 35, 36, 44, 45, 46, 38, 37, 29, 30, 22, 21, 20, 28, 27, 19, 11, 3, 4, 12, 13, 14, 6, 7, 15, 23, 31, 39, 47]
[00:00:00:06:354] Path of length 42 found: [0, 8, 16, 24, 32, 40, 41, 33, 25, 17, 18, 26, 34, 42, 43, 35, 36, 44, 45, 46, 38, 37, 29, 30, 22, 21, 20, 28, 27, 19, 11, 3, 4, 12, 13, 14, 6, 7, 15, 23, 31, 39, 47]
[00:00:00:06:684] ! Bidirectional. expansions: 8,726, time: 6,354 [ms], path length: 42 [edges], g_F: 22, g_B: 20, generated: {'F': 8,822, 'B': 7,909}, MM: 2, MMPER: 3.6511627906976747%
[00:00:00:06:684] 
---------- SM_Grids/6x8_grid_with_random_blocks_8per_2 ----------
[00:00:00:00:034] Expansion 39: New longest path found with length 40: [0, 8, 16, 24, 32, 40, 41, 42, 34, 33, 25, 17, 9, 1, 2, 3, 11, 10, 18, 26, 27, 19, 20, 28, 36, 44, 45, 37, 29, 21, 22, 14, 6, 7, 15, 23, 31, 30, 38, 46, 47]
[00:00:00:29:555] Path of length 40 found: [0, 8, 16, 24, 32, 40, 41, 42, 34, 33, 25, 17, 9, 1, 2, 3, 11, 10, 18, 26, 27, 19, 20, 28, 36, 44, 45, 37, 29, 21, 22, 14, 6, 7, 15, 23, 31, 30, 38, 46, 47]
[00:00:00:29:556] ! Unidirectional s-t. expansions: 45,755, time: 29,555 [ms], path length: 40 [edges], generated: 81,796
[00:00:00:00:020] Expansion 15: New longest path found with length 16: [47, 39, 31, 23, 15, 7, 6, 14, 22, 21, 20, 12, 11, 3, 2, 1, 0]
[00:00:00:00:036] Expansion 39: New longest path found with length 40: [47, 39, 31, 23, 15, 7, 6, 14, 22, 21, 20, 12, 11, 3, 2, 1, 9, 10, 18, 19, 27, 28, 29, 30, 38, 46, 45, 37, 36, 35, 34, 26, 25, 33, 41, 40, 32, 24, 16, 8, 0]
[00:00:00:23:001] Path of length 40 found: [47, 39, 31, 23, 15, 7, 6, 14, 22, 21, 20, 12, 11, 3, 2, 1, 9, 10, 18, 19, 27, 28, 29, 30, 38, 46, 45, 37, 36, 35, 34, 26, 25, 33, 41, 40, 32, 24, 16, 8, 0]
[00:00:00:23:001] ! Unidirectional t-s. expansions: 36,690, time: 23,001 [ms], path length: 40 [edges], generated: 65,262
[00:00:00:00:035] Expansion 39: New longest path found with length 40: [0, 8, 16, 24, 32, 40, 41, 42, 34, 33, 25, 17, 9, 1, 2, 3, 11, 10, 18, 26, 27, 35, 36, 37, 45, 46, 38, 30, 29, 28, 20, 21, 22, 14, 6, 7, 15, 23, 31, 39, 47]
[00:00:00:47:990] Path of length 40 found: [0, 8, 16, 24, 32, 40, 41, 42, 34, 33, 25, 17, 9, 1, 2, 3, 11, 10, 18, 26, 27, 35, 36, 37, 45, 46, 38, 30, 29, 28, 20, 21, 22, 14, 6, 7, 15, 23, 31, 39, 47]
[00:00:00:48:322] ! Bidirectional. expansions: 72,678, time: 47,990 [ms], path length: 40 [edges], g_F: 21, g_B: 19, generated: {'F': 65,673, 'B': 66,550}, MM: 2, MMPER: 3.8780487804878048%
[00:00:00:48:322] 
---------- SM_Grids/6x8_grid_with_random_blocks_8per_3 ----------
[00:00:00:00:036] Expansion 41: New longest path found with length 42: [0, 8, 9, 1, 2, 10, 18, 17, 25, 24, 32, 40, 41, 33, 34, 26, 27, 19, 11, 3, 4, 12, 20, 28, 36, 35, 43, 44, 45, 37, 29, 21, 13, 14, 6, 7, 15, 23, 31, 30, 38, 46, 47]
[00:00:00:13:694] Path of length 42 found: [0, 8, 9, 1, 2, 10, 18, 17, 25, 24, 32, 40, 41, 33, 34, 26, 27, 19, 11, 3, 4, 12, 20, 28, 36, 35, 43, 44, 45, 37, 29, 21, 13, 14, 6, 7, 15, 23, 31, 30, 38, 46, 47]
[00:00:00:13:695] ! Unidirectional s-t. expansions: 22,310, time: 13,694 [ms], path length: 42 [edges], generated: 36,862
[00:00:00:00:036] Expansion 41: New longest path found with length 42: [47, 39, 31, 23, 15, 7, 6, 14, 13, 12, 4, 3, 2, 10, 11, 19, 18, 26, 34, 35, 27, 28, 20, 21, 29, 30, 38, 46, 45, 37, 36, 44, 43, 42, 41, 40, 32, 24, 25, 17, 9, 1, 0]
[00:00:00:22:568] Path of length 42 found: [47, 39, 31, 23, 15, 7, 6, 14, 13, 12, 4, 3, 2, 10, 11, 19, 18, 26, 34, 35, 27, 28, 20, 21, 29, 30, 38, 46, 45, 37, 36, 44, 43, 42, 41, 40, 32, 24, 25, 17, 9, 1, 0]
[00:00:00:22:569] ! Unidirectional t-s. expansions: 35,254, time: 22,568 [ms], path length: 42 [edges], generated: 59,483
[00:00:00:00:032] Expansion 31: New longest path found with length 32: [0, 8, 9, 1, 2, 10, 18, 17, 25, 24, 32, 40, 41, 33, 34, 42, 43, 35, 27, 19, 11, 3, 4, 12, 13, 14, 6, 7, 15, 23, 31, 39, 47]
[00:00:00:00:033] Expansion 33: New longest path found with length 34: [0, 8, 9, 1, 2, 10, 18, 17, 25, 24, 32, 40, 41, 33, 34, 42, 43, 44, 36, 35, 27, 19, 11, 3, 4, 12, 13, 14, 6, 7, 15, 23, 31, 39, 47]
[00:00:00:00:036] Expansion 41: New longest path found with length 42: [0, 8, 9, 1, 2, 10, 18, 17, 25, 24, 32, 40, 41, 33, 34, 42, 43, 44, 45, 46, 38, 30, 29, 21, 20, 28, 36, 35, 27, 19, 11, 3, 4, 12, 13, 14, 6, 7, 15, 23, 31, 39, 47]
[00:00:00:15:970] Path of length 42 found: [0, 8, 9, 1, 2, 10, 18, 17, 25, 24, 32, 40, 41, 33, 34, 42, 43, 44, 45, 46, 38, 30, 29, 21, 20, 28, 36, 35, 27, 19, 11, 3, 4, 12, 13, 14, 6, 7, 15, 23, 31, 39, 47]
[00:00:00:16:345] ! Bidirectional. expansions: 23,098, time: 15,971 [ms], path length: 42 [edges], g_F: 22, g_B: 20, generated: {'F': 20,922, 'B': 21,243}, MM: 2, MMPER: 3.6511627906976747%
[00:00:00:16:345] 
---------- SM_Grids/6x8_grid_with_random_blocks_8per_4 ----------
[00:00:00:00:036] Expansion 41: New longest path found with length 42: [0, 1, 9, 17, 16, 24, 32, 40, 41, 33, 25, 26, 18, 10, 2, 3, 11, 19, 27, 35, 34, 42, 43, 44, 45, 37, 36, 28, 20, 12, 4, 5, 6, 7, 15, 14, 13, 21, 29, 30, 38, 39, 47]
[00:00:00:58:918] Path of length 42 found: [0, 1, 9, 17, 16, 24, 32, 40, 41, 33, 25, 26, 18, 10, 2, 3, 11, 19, 27, 35, 34, 42, 43, 44, 45, 37, 36, 28, 20, 12, 4, 5, 6, 7, 15, 14, 13, 21, 29, 30, 38, 39, 47]
[00:00:00:58:918] ! Unidirectional s-t. expansions: 100,578, time: 58,918 [ms], path length: 42 [edges], generated: 160,745
[00:00:00:00:040] Expansion 41: New longest path found with length 42: [47, 39, 31, 30, 38, 37, 45, 44, 36, 28, 29, 21, 22, 14, 15, 7, 6, 5, 13, 12, 4, 3, 2, 10, 11, 19, 18, 26, 27, 35, 43, 42, 34, 33, 41, 40, 32, 24, 16, 17, 9, 1, 0]
[00:00:00:28:198] Path of length 42 found: [47, 39, 31, 30, 38, 37, 45, 44, 36, 28, 29, 21, 22, 14, 15, 7, 6, 5, 13, 12, 4, 3, 2, 10, 11, 19, 18, 26, 27, 35, 43, 42, 34, 33, 41, 40, 32, 24, 16, 17, 9, 1, 0]
[00:00:00:28:198] ! Unidirectional t-s. expansions: 41,563, time: 28,198 [ms], path length: 42 [edges], generated: 70,836
[00:00:00:00:040] Expansion 41: New longest path found with length 42: [0, 1, 9, 17, 16, 24, 32, 40, 41, 33, 25, 26, 34, 42, 43, 35, 27, 19, 18, 10, 2, 3, 4, 12, 13, 5, 6, 7, 15, 14, 22, 21, 29, 28, 36, 44, 45, 37, 38, 30, 31, 39, 47]
[00:00:00:23:903] Path of length 42 found: [0, 1, 9, 17, 16, 24, 32, 40, 41, 33, 25, 26, 34, 42, 43, 35, 27, 19, 18, 10, 2, 3, 4, 12, 13, 5, 6, 7, 15, 14, 22, 21, 29, 28, 36, 44, 45, 37, 38, 30, 31, 39, 47]
[00:00:00:24:238] ! Bidirectional. expansions: 35,362, time: 23,904 [ms], path length: 42 [edges], g_F: 22, g_B: 20, generated: {'F': 35,009, 'B': 33,893}, MM: 2, MMPER: 3.6511627906976747%
[00:00:00:24:238] 
---------- SM_Grids/6x8_grid_with_random_blocks_8per_5 ----------
[00:00:00:00:033] Expansion 33: New longest path found with length 34: [0, 8, 16, 17, 9, 1, 2, 10, 18, 26, 25, 33, 32, 40, 41, 42, 43, 44, 36, 28, 27, 19, 11, 3, 4, 5, 13, 12, 20, 21, 29, 37, 45, 46, 47]
[00:00:00:00:036] Expansion 41: New longest path found with length 42: [0, 8, 16, 17, 9, 1, 2, 10, 18, 26, 25, 33, 32, 40, 41, 42, 43, 44, 36, 28, 27, 19, 11, 3, 4, 5, 13, 12, 20, 21, 29, 37, 45, 46, 38, 30, 22, 14, 15, 23, 31, 39, 47]
[00:00:00:04:677] Path of length 42 found: [0, 8, 16, 17, 9, 1, 2, 10, 18, 26, 25, 33, 32, 40, 41, 42, 43, 44, 36, 28, 27, 19, 11, 3, 4, 5, 13, 12, 20, 21, 29, 37, 45, 46, 38, 30, 22, 14, 15, 23, 31, 39, 47]
[00:00:00:04:678] ! Unidirectional s-t. expansions: 5,956, time: 4,677 [ms], path length: 42 [edges], generated: 10,512
[00:00:00:00:015] Expansion 11: New longest path found with length 12: [47, 39, 31, 23, 15, 14, 13, 5, 4, 3, 2, 1, 0]
[00:00:00:00:035] Expansion 41: New longest path found with length 42: [47, 39, 31, 23, 15, 14, 13, 5, 4, 3, 2, 1, 9, 10, 18, 26, 27, 19, 11, 12, 20, 28, 36, 37, 29, 21, 22, 30, 38, 46, 45, 44, 43, 42, 41, 40, 32, 33, 25, 17, 16, 8, 0]
[00:00:00:05:485] Path of length 42 found: [47, 39, 31, 23, 15, 14, 13, 5, 4, 3, 2, 1, 9, 10, 18, 26, 27, 19, 11, 12, 20, 28, 36, 37, 29, 21, 22, 30, 38, 46, 45, 44, 43, 42, 41, 40, 32, 33, 25, 17, 16, 8, 0]
[00:00:00:05:485] ! Unidirectional t-s. expansions: 7,522, time: 5,485 [ms], path length: 42 [edges], generated: 12,111
[00:00:00:00:033] Expansion 33: New longest path found with length 34: [0, 8, 16, 17, 9, 1, 2, 10, 18, 26, 25, 33, 32, 40, 41, 42, 43, 44, 36, 28, 27, 19, 20, 12, 11, 3, 4, 5, 13, 14, 15, 23, 31, 39, 47]
[00:00:00:00:034] Expansion 35: New longest path found with length 36: [0, 8, 16, 17, 9, 1, 2, 10, 18, 26, 25, 33, 32, 40, 41, 42, 43, 44, 45, 37, 36, 28, 27, 19, 20, 12, 11, 3, 4, 5, 13, 14, 15, 23, 31, 39, 47]
[00:00:00:00:036] Expansion 41: New longest path found with length 42: [0, 8, 16, 17, 9, 1, 2, 10, 18, 26, 25, 33, 32, 40, 41, 42, 43, 44, 45, 46, 38, 30, 22, 21, 29, 37, 36, 28, 27, 19, 20, 12, 11, 3, 4, 5, 13, 14, 15, 23, 31, 39, 47]
[00:00:00:10:601] Path of length 42 found: [0, 8, 16, 17, 9, 1, 2, 10, 18, 26, 25, 33, 32, 40, 41, 42, 43, 44, 45, 46, 38, 30, 22, 21, 29, 37, 36, 28, 27, 19, 20, 12, 11, 3, 4, 5, 13, 14, 15, 23, 31, 39, 47]
[00:00:00:10:927] ! Bidirectional. expansions: 13,527, time: 10,601 [ms], path length: 42 [edges], g_F: 22, g_B: 20, generated: {'F': 13,112, 'B': 12,068}, MM: 2, MMPER: 3.6511627906976747%
[00:00:00:10:927] 
---------- SM_Grids/6x8_grid_with_random_blocks_8per_6 ----------
[00:00:00:00:036] Expansion 41: New longest path found with length 42: [0, 8, 16, 24, 32, 40, 41, 33, 25, 17, 18, 10, 11, 19, 27, 26, 34, 42, 43, 35, 36, 44, 45, 37, 29, 28, 20, 12, 4, 5, 13, 21, 22, 14, 6, 7, 15, 23, 31, 30, 38, 46, 47]
[00:00:00:06:623] Path of length 42 found: [0, 8, 16, 24, 32, 40, 41, 33, 25, 17, 18, 10, 11, 19, 27, 26, 34, 42, 43, 35, 36, 44, 45, 37, 29, 28, 20, 12, 4, 5, 13, 21, 22, 14, 6, 7, 15, 23, 31, 30, 38, 46, 47]
[00:00:00:06:623] ! Unidirectional s-t. expansions: 10,116, time: 6,623 [ms], path length: 42 [edges], generated: 17,664
[00:00:00:00:037] Expansion 41: New longest path found with length 42: [47, 39, 31, 23, 15, 7, 6, 5, 4, 12, 11, 10, 18, 17, 25, 33, 34, 26, 27, 19, 20, 28, 36, 37, 29, 21, 13, 14, 22, 30, 38, 46, 45, 44, 43, 42, 41, 40, 32, 24, 16, 8, 0]
[00:00:00:24:928] Path of length 42 found: [47, 39, 31, 23, 15, 7, 6, 5, 4, 12, 11, 10, 18, 17, 25, 33, 34, 26, 27, 19, 20, 28, 36, 37, 29, 21, 13, 14, 22, 30, 38, 46, 45, 44, 43, 42, 41, 40, 32, 24, 16, 8, 0]
[00:00:00:24:928] ! Unidirectional t-s. expansions: 37,813, time: 24,928 [ms], path length: 42 [edges], generated: 63,696
[00:00:00:00:031] Expansion 27: New longest path found with length 28: [0, 8, 16, 24, 32, 40, 41, 33, 25, 17, 18, 26, 34, 42, 43, 35, 27, 19, 11, 12, 4, 5, 6, 7, 15, 23, 31, 39, 47]
[00:00:00:00:032] Expansion 29: New longest path found with length 30: [0, 8, 16, 24, 32, 40, 41, 33, 25, 17, 18, 26, 34, 42, 43, 44, 36, 35, 27, 19, 11, 12, 4, 5, 6, 7, 15, 23, 31, 39, 47]
[00:00:00:00:037] Expansion 41: New longest path found with length 42: [0, 8, 16, 24, 32, 40, 41, 33, 25, 17, 18, 26, 34, 42, 43, 44, 45, 46, 38, 37, 29, 30, 22, 14, 13, 21, 20, 28, 36, 35, 27, 19, 11, 12, 4, 5, 6, 7, 15, 23, 31, 39, 47]
[00:00:00:14:310] Path of length 42 found: [0, 8, 16, 24, 32, 40, 41, 33, 25, 17, 18, 26, 34, 42, 43, 44, 45, 46, 38, 37, 29, 30, 22, 14, 13, 21, 20, 28, 36, 35, 27, 19, 11, 12, 4, 5, 6, 7, 15, 23, 31, 39, 47]
[00:00:00:14:639] ! Bidirectional. expansions: 20,084, time: 14,310 [ms], path length: 42 [edges], g_F: 22, g_B: 20, generated: {'F': 20,013, 'B': 18,482}, MM: 2, MMPER: 3.6511627906976747%
[00:00:00:14:640] 
---------- SM_Grids/6x8_grid_with_random_blocks_8per_7 ----------
[00:00:00:00:068] Expansion 33: New longest path found with length 34: [0, 8, 16, 24, 32, 40, 41, 33, 25, 17, 9, 1, 2, 10, 18, 26, 34, 42, 43, 35, 27, 19, 11, 3, 4, 12, 20, 21, 29, 37, 36, 44, 45, 46, 47]
[00:00:00:00:071] Expansion 41: New longest path found with length 42: [0, 8, 16, 24, 32, 40, 41, 33, 25, 17, 9, 1, 2, 10, 18, 26, 34, 42, 43, 35, 27, 19, 11, 3, 4, 12, 20, 21, 29, 37, 36, 44, 45, 46, 38, 30, 22, 14, 15, 23, 31, 39, 47]
[00:00:00:00:082] Expansion 64: New longest path found with length 44: [0, 8, 16, 24, 32, 40, 41, 33, 25, 17, 9, 1, 2, 10, 18, 26, 34, 42, 43, 35, 27, 19, 20, 12, 11, 3, 4, 5, 6, 14, 15, 23, 22, 21, 29, 37, 36, 44, 45, 46, 38, 30, 31, 39, 47]
[00:00:00:00:084] Path of length 44 found: [0, 8, 16, 24, 32, 40, 41, 33, 25, 17, 9, 1, 2, 10, 18, 26, 34, 42, 43, 35, 27, 19, 20, 12, 11, 3, 4, 5, 6, 14, 15, 23, 22, 21, 29, 37, 36, 44, 45, 46, 38, 30, 31, 39, 47]
[00:00:00:00:085] ! Unidirectional s-t. expansions: 65, time: 84 [ms], path length: 44 [edges], generated: 105
[00:00:00:00:014] Expansion 11: New longest path found with length 12: [47, 39, 31, 23, 15, 14, 6, 5, 4, 3, 2, 1, 0]
[00:00:00:00:035] Expansion 43: New longest path found with length 44: [47, 39, 31, 23, 15, 14, 6, 5, 4, 3, 2, 1, 9, 17, 25, 33, 34, 26, 18, 10, 11, 12, 20, 19, 27, 35, 36, 37, 29, 21, 22, 30, 38, 46, 45, 44, 43, 42, 41, 40, 32, 24, 16, 8, 0]
[00:00:00:00:037] Path of length 44 found: [47, 39, 31, 23, 15, 14, 6, 5, 4, 3, 2, 1, 9, 17, 25, 33, 34, 26, 18, 10, 11, 12, 20, 19, 27, 35, 36, 37, 29, 21, 22, 30, 38, 46, 45, 44, 43, 42, 41, 40, 32, 24, 16, 8, 0]
[00:00:00:00:037] ! Unidirectional t-s. expansions: 44, time: 37 [ms], path length: 44 [edges], generated: 72
[00:00:00:00:028] Expansion 27: New longest path found with length 28: [0, 8, 16, 24, 32, 40, 41, 33, 25, 17, 9, 1, 2, 10, 18, 19, 20, 12, 11, 3, 4, 5, 6, 14, 15, 23, 31, 39, 47]
[00:00:00:00:030] Expansion 29: New longest path found with length 30: [0, 8, 16, 24, 32, 40, 41, 33, 25, 17, 9, 1, 2, 10, 18, 26, 27, 19, 20, 12, 11, 3, 4, 5, 6, 14, 15, 23, 31, 39, 47]
[00:00:00:00:031] Expansion 31: New longest path found with length 32: [0, 8, 16, 24, 32, 40, 41, 33, 25, 17, 9, 1, 2, 10, 18, 26, 34, 35, 27, 19, 20, 12, 11, 3, 4, 5, 6, 14, 15, 23, 31, 39, 47]
[00:00:00:00:036] Expansion 43: New longest path found with length 44: [0, 8, 16, 24, 32, 40, 41, 33, 25, 17, 9, 1, 2, 10, 18, 26, 34, 42, 43, 44, 45, 46, 38, 30, 22, 21, 29, 37, 36, 35, 27, 19, 20, 12, 11, 3, 4, 5, 6, 14, 15, 23, 31, 39, 47]
[00:00:00:00:038] Path of length 44 found: [0, 8, 16, 24, 32, 40, 41, 33, 25, 17, 9, 1, 2, 10, 18, 26, 34, 42, 43, 44, 45, 46, 38, 30, 22, 21, 29, 37, 36, 35, 27, 19, 20, 12, 11, 3, 4, 5, 6, 14, 15, 23, 31, 39, 47]
[00:00:00:00:365] ! Bidirectional. expansions: 44, time: 38 [ms], path length: 44 [edges], g_F: 23, g_B: 21, generated: {'F': 41, 'B': 40}, MM: 2, MMPER: 3.4444444444444446%
[00:00:00:00:365] 
---------- SM_Grids/6x8_grid_with_random_blocks_8per_8 ----------
[00:00:00:00:036] Expansion 41: New longest path found with length 42: [0, 8, 16, 24, 32, 40, 41, 33, 25, 17, 9, 1, 2, 10, 18, 26, 27, 35, 43, 44, 36, 28, 20, 19, 11, 3, 4, 12, 13, 5, 6, 7, 15, 14, 22, 21, 29, 37, 38, 30, 31, 39, 47]
[00:00:00:14:112] Path of length 42 found: [0, 8, 16, 24, 32, 40, 41, 33, 25, 17, 9, 1, 2, 10, 18, 26, 27, 35, 43, 44, 36, 28, 20, 19, 11, 3, 4, 12, 13, 5, 6, 7, 15, 14, 22, 21, 29, 37, 38, 30, 31, 39, 47]
[00:00:00:14:112] ! Unidirectional s-t. expansions: 17,523, time: 14,112 [ms], path length: 42 [edges], generated: 29,807
[00:00:00:00:020] Expansion 15: New longest path found with length 16: [47, 46, 38, 39, 31, 30, 22, 14, 15, 7, 6, 5, 4, 3, 2, 1, 0]
[00:00:00:00:038] Expansion 41: New longest path found with length 42: [47, 46, 38, 39, 31, 30, 22, 14, 15, 7, 6, 5, 4, 3, 2, 1, 9, 17, 25, 26, 18, 10, 11, 19, 27, 28, 20, 12, 13, 21, 29, 37, 36, 35, 43, 42, 41, 33, 32, 24, 16, 8, 0]
[00:00:00:06:327] Path of length 42 found: [47, 46, 38, 39, 31, 30, 22, 14, 15, 7, 6, 5, 4, 3, 2, 1, 9, 17, 25, 26, 18, 10, 11, 19, 27, 28, 20, 12, 13, 21, 29, 37, 36, 35, 43, 42, 41, 33, 32, 24, 16, 8, 0]
[00:00:00:06:327] ! Unidirectional t-s. expansions: 9,251, time: 6,327 [ms], path length: 42 [edges], generated: 15,674
[00:00:00:00:032] Expansion 31: New longest path found with length 32: [0, 8, 16, 24, 32, 40, 41, 33, 25, 17, 9, 1, 2, 10, 18, 26, 27, 19, 11, 3, 4, 5, 6, 7, 15, 14, 22, 30, 31, 39, 38, 46, 47]
[00:00:00:00:037] Expansion 41: New longest path found with length 42: [0, 8, 16, 24, 32, 40, 41, 33, 25, 17, 9, 1, 2, 10, 18, 26, 27, 35, 43, 44, 36, 28, 29, 21, 13, 12, 20, 19, 11, 3, 4, 5, 6, 7, 15, 14, 22, 30, 31, 39, 38, 46, 47]
[00:00:00:11:428] Path of length 42 found: [0, 8, 16, 24, 32, 40, 41, 33, 25, 17, 9, 1, 2, 10, 18, 26, 27, 35, 43, 44, 36, 28, 29, 21, 13, 12, 20, 19, 11, 3, 4, 5, 6, 7, 15, 14, 22, 30, 31, 39, 38, 46, 47]
[00:00:00:11:766] ! Bidirectional. expansions: 16,048, time: 11,428 [ms], path length: 42 [edges], g_F: 22, g_B: 20, generated: {'F': 14,503, 'B': 14,832}, MM: 2, MMPER: 3.6511627906976747%
[00:00:00:11:767] 
---------- SM_Grids/6x8_grid_with_random_blocks_8per_9 ----------
[00:00:00:00:035] Expansion 37: New longest path found with length 38: [0, 1, 9, 17, 16, 24, 32, 33, 25, 26, 18, 10, 2, 3, 11, 19, 27, 35, 34, 42, 43, 44, 36, 28, 20, 12, 13, 5, 6, 7, 15, 14, 22, 21, 29, 37, 45, 46, 47]
[00:00:00:00:036] Expansion 41: New longest path found with length 42: [0, 1, 9, 17, 16, 24, 32, 33, 25, 26, 18, 10, 2, 3, 11, 19, 27, 35, 34, 42, 43, 44, 36, 28, 20, 12, 13, 5, 6, 7, 15, 14, 22, 21, 29, 37, 45, 46, 38, 30, 31, 39, 47]
[00:00:00:16:445] Expansion 26,005: New longest path found with length 44: [0, 1, 9, 10, 2, 3, 11, 12, 20, 28, 27, 19, 18, 26, 25, 17, 16, 24, 32, 33, 41, 42, 34, 35, 43, 44, 36, 37, 45, 46, 38, 30, 29, 21, 13, 5, 6, 7, 15, 14, 22, 23, 31, 39, 47]
[00:00:00:16:448] Path of length 44 found: [0, 1, 9, 10, 2, 3, 11, 12, 20, 28, 27, 19, 18, 26, 25, 17, 16, 24, 32, 33, 41, 42, 34, 35, 43, 44, 36, 37, 45, 46, 38, 30, 29, 21, 13, 5, 6, 7, 15, 14, 22, 23, 31, 39, 47]
[00:00:00:16:448] ! Unidirectional s-t. expansions: 26,006, time: 16,448 [ms], path length: 44 [edges], generated: 45,100
[00:00:00:00:039] Expansion 41: New longest path found with length 42: [47, 39, 31, 23, 15, 7, 6, 5, 13, 14, 22, 21, 20, 12, 11, 3, 2, 10, 18, 19, 27, 26, 34, 35, 36, 28, 29, 30, 38, 37, 45, 44, 43, 42, 41, 33, 32, 24, 16, 17, 9, 1, 0]
[00:00:00:00:796] Expansion 916: New longest path found with length 44: [47, 39, 31, 23, 15, 7, 6, 5, 13, 14, 22, 21, 29, 30, 38, 46, 45, 37, 36, 44, 43, 35, 34, 42, 41, 33, 32, 24, 16, 17, 25, 26, 18, 19, 27, 28, 20, 12, 11, 3, 2, 10, 9, 1, 0]
[00:00:00:00:798] Path of length 44 found: [47, 39, 31, 23, 15, 7, 6, 5, 13, 14, 22, 21, 29, 30, 38, 46, 45, 37, 36, 44, 43, 35, 34, 42, 41, 33, 32, 24, 16, 17, 25, 26, 18, 19, 27, 28, 20, 12, 11, 3, 2, 10, 9, 1, 0]
[00:00:00:00:799] ! Unidirectional t-s. expansions: 917, time: 798 [ms], path length: 44 [edges], generated: 1,520
[00:00:00:00:037] Expansion 41: New longest path found with length 42: [0, 1, 9, 17, 16, 24, 32, 33, 25, 26, 18, 10, 2, 3, 11, 19, 27, 35, 34, 42, 43, 44, 45, 46, 38, 30, 29, 37, 36, 28, 20, 21, 22, 14, 13, 5, 6, 7, 15, 23, 31, 39, 47]
[00:00:00:04:415] Expansion 6,516: New longest path found with length 44: [0, 1, 9, 10, 2, 3, 11, 12, 20, 28, 27, 19, 18, 26, 25, 17, 16, 24, 32, 33, 41, 42, 34, 35, 43, 44, 36, 37, 45, 46, 38, 30, 29, 21, 22, 14, 13, 5, 6, 7, 15, 23, 31, 39, 47]
[00:00:00:04:418] Path of length 44 found: [0, 1, 9, 10, 2, 3, 11, 12, 20, 28, 27, 19, 18, 26, 25, 17, 16, 24, 32, 33, 41, 42, 34, 35, 43, 44, 36, 37, 45, 46, 38, 30, 29, 21, 22, 14, 13, 5, 6, 7, 15, 23, 31, 39, 47]
[00:00:00:04:750] ! Bidirectional. expansions: 6,517, time: 4,418 [ms], path length: 44 [edges], g_F: 23, g_B: 21, generated: {'F': 6,356, 'B': 6,347}, MM: 2, MMPER: 3.4444444444444446%

[00:00:00:04:750] average expansions: (45,702, 35,500, 36,127, 0)
[00:00:00:04:750] average time: (27,381, 22,108, 24,389, 0)
[00:00:00:04:750] X-DFBnB: 35,500 , 22,108 (expansions , time[ms])
[00:00:00:04:750] BiX-DFBnB: 36,127 , 24,389 (expansions , time[ms])

