Thu 19 Mar 2026 15:59:51 IST

SLURM_JOBID:		 16118866
SLURM_JOB_NODELIST:	 ise-cpu256-03 

--------------------------
date: SM_Grids
number_of_graphs: 10
graph_type: grid
size_of_graphs: [6, 8]
heuristic: bcc_heuristic
snake: False
run_uni: True
run_bi: True
run_multi: False
solution_vertices: []
algorithms: ['DFBnB']
bsd: False
cube_first_dims: 4
cube_buffer_dim: None
backward_sym_generation: False
sym_coil: False
prefix_set: None

---------- SM_Grids/6x8_grid_with_random_blocks_20per_0 ----------
[00:00:00:00:017] Expansion 23: New longest path found with length 24: [0, 8, 16, 24, 25, 17, 18, 10, 2, 3, 11, 19, 20, 21, 13, 5, 6, 7, 15, 14, 22, 30, 31, 39, 47]
[00:00:00:00:046] Expansion 68: New longest path found with length 26: [0, 8, 16, 17, 25, 24, 32, 40, 41, 42, 34, 35, 27, 19, 20, 21, 13, 5, 6, 7, 15, 14, 22, 30, 31, 39, 47]
[00:00:00:00:070] Expansion 106: New longest path found with length 30: [0, 1, 2, 3, 11, 10, 18, 17, 16, 24, 32, 40, 41, 42, 34, 35, 27, 19, 20, 21, 13, 5, 6, 7, 15, 14, 22, 30, 31, 39, 47]
[00:00:00:00:097] Path of length 30 found: [0, 1, 2, 3, 11, 10, 18, 17, 16, 24, 32, 40, 41, 42, 34, 35, 27, 19, 20, 21, 13, 5, 6, 7, 15, 14, 22, 30, 31, 39, 47]
[00:00:00:00:098] ! Unidirectional s-t. expansions: 150, time: 97 [ms], path length: 30 [edges], generated: 234
[00:00:00:00:016] Expansion 29: New longest path found with length 30: [47, 39, 31, 30, 22, 23, 15, 7, 6, 5, 13, 21, 20, 19, 27, 35, 34, 42, 41, 40, 32, 24, 25, 17, 18, 10, 11, 3, 2, 1, 0]
[00:00:00:00:073] Path of length 30 found: [47, 39, 31, 30, 22, 23, 15, 7, 6, 5, 13, 21, 20, 19, 27, 35, 34, 42, 41, 40, 32, 24, 25, 17, 18, 10, 11, 3, 2, 1, 0]
[00:00:00:00:073] ! Unidirectional t-s. expansions: 130, time: 73 [ms], path length: 30 [edges], generated: 192
[00:00:00:00:017] Expansion 31: New longest path found with length 24: [0, 8, 16, 24, 32, 40, 41, 42, 34, 35, 27, 19, 20, 21, 13, 5, 6, 7, 15, 23, 22, 30, 31, 39, 47]
[00:00:00:00:037] Expansion 64: New longest path found with length 26: [0, 8, 16, 17, 25, 24, 32, 40, 41, 42, 34, 35, 27, 19, 20, 21, 13, 5, 6, 7, 15, 23, 22, 30, 31, 39, 47]
[00:00:00:00:055] Expansion 94: New longest path found with length 30: [0, 1, 2, 3, 11, 10, 18, 17, 16, 24, 32, 40, 41, 42, 34, 35, 27, 19, 20, 21, 13, 5, 6, 7, 15, 23, 22, 30, 31, 39, 47]
[00:00:00:00:075] Path of length 30 found: [0, 1, 2, 3, 11, 10, 18, 17, 16, 24, 32, 40, 41, 42, 34, 35, 27, 19, 20, 21, 13, 5, 6, 7, 15, 23, 22, 30, 31, 39, 47]
[00:00:00:00:434] ! Bidirectional. expansions: 122, time: 75 [ms], path length: 30 [edges], g_F: 16, g_B: 14, generated: {'F': 91, 'B': 100}, MM: 2, MMPER: 5.451612903225806%
[00:00:00:00:435] 
---------- SM_Grids/6x8_grid_with_random_blocks_20per_1 ----------
[00:00:00:00:021] Expansion 33: New longest path found with length 32: [0, 1, 2, 3, 11, 19, 27, 26, 25, 24, 32, 40, 41, 33, 34, 42, 43, 35, 36, 28, 20, 21, 13, 5, 6, 14, 15, 23, 31, 30, 38, 39, 47]
[00:00:00:00:028] Expansion 50: New longest path found with length 34: [0, 1, 2, 3, 11, 19, 27, 26, 25, 24, 32, 40, 41, 33, 34, 42, 43, 44, 45, 37, 36, 28, 20, 21, 13, 5, 6, 14, 15, 23, 31, 30, 38, 39, 47]
[00:00:00:00:118] Path of length 34 found: [0, 1, 2, 3, 11, 19, 27, 26, 25, 24, 32, 40, 41, 33, 34, 42, 43, 44, 45, 37, 36, 28, 20, 21, 13, 5, 6, 14, 15, 23, 31, 30, 38, 39, 47]
[00:00:00:00:118] ! Unidirectional s-t. expansions: 211, time: 118 [ms], path length: 34 [edges], generated: 318
[00:00:00:00:020] Expansion 29: New longest path found with length 30: [47, 39, 31, 23, 15, 7, 6, 5, 13, 21, 20, 19, 27, 28, 36, 37, 45, 44, 43, 35, 34, 42, 41, 40, 32, 24, 25, 17, 9, 1, 0]
[00:00:00:00:068] Expansion 111: New longest path found with length 32: [47, 39, 31, 23, 15, 7, 6, 5, 13, 21, 20, 28, 36, 37, 45, 44, 43, 35, 34, 42, 41, 40, 32, 24, 25, 26, 27, 19, 11, 3, 2, 1, 0]
[00:00:00:00:301] Expansion 445: New longest path found with length 34: [47, 39, 38, 30, 31, 23, 15, 7, 6, 5, 13, 21, 20, 28, 36, 37, 45, 44, 43, 35, 34, 42, 41, 40, 32, 24, 25, 26, 27, 19, 11, 3, 2, 1, 0]
[00:00:00:00:435] Path of length 34 found: [47, 39, 38, 30, 31, 23, 15, 7, 6, 5, 13, 21, 20, 28, 36, 37, 45, 44, 43, 35, 34, 42, 41, 40, 32, 24, 25, 26, 27, 19, 11, 3, 2, 1, 0]
[00:00:00:00:436] ! Unidirectional t-s. expansions: 675, time: 435 [ms], path length: 34 [edges], generated: 1,210
[00:00:00:00:020] Expansion 31: New longest path found with length 32: [0, 1, 2, 3, 11, 19, 27, 26, 25, 24, 32, 40, 41, 33, 34, 42, 43, 44, 45, 37, 36, 28, 20, 21, 13, 5, 6, 7, 15, 23, 31, 39, 47]
[00:00:00:00:098] Expansion 165: New longest path found with length 34: [0, 1, 2, 3, 11, 19, 27, 26, 25, 24, 32, 40, 41, 33, 34, 42, 43, 44, 45, 37, 36, 28, 20, 21, 13, 5, 6, 7, 15, 23, 31, 30, 38, 39, 47]
[00:00:00:00:166] Path of length 34 found: [0, 1, 2, 3, 11, 19, 27, 26, 25, 24, 32, 40, 41, 33, 34, 42, 43, 44, 45, 37, 36, 28, 20, 21, 13, 5, 6, 7, 15, 23, 31, 30, 38, 39, 47]
[00:00:00:00:483] ! Bidirectional. expansions: 285, time: 166 [ms], path length: 34 [edges], g_F: 18, g_B: 16, generated: {'F': 255, 'B': 240}, MM: 2, MMPER: 4.714285714285714%
[00:00:00:00:483] 
---------- SM_Grids/6x8_grid_with_random_blocks_20per_2 ----------
[00:00:00:00:022] Expansion 31: New longest path found with length 32: [0, 1, 2, 3, 11, 10, 9, 8, 16, 17, 25, 24, 32, 33, 34, 35, 43, 44, 36, 28, 29, 21, 13, 14, 6, 7, 15, 23, 31, 30, 38, 46, 47]
[00:00:00:00:075] Path of length 32 found: [0, 1, 2, 3, 11, 10, 9, 8, 16, 17, 25, 24, 32, 33, 34, 35, 43, 44, 36, 28, 29, 21, 13, 14, 6, 7, 15, 23, 31, 30, 38, 46, 47]
[00:00:00:00:075] ! Unidirectional s-t. expansions: 126, time: 75 [ms], path length: 32 [edges], generated: 204
[00:00:00:00:022] Expansion 31: New longest path found with length 32: [47, 46, 38, 39, 31, 23, 15, 7, 6, 14, 13, 21, 29, 28, 36, 44, 43, 35, 34, 26, 25, 33, 32, 24, 16, 17, 9, 10, 11, 3, 2, 1, 0]
[00:00:00:00:103] Path of length 32 found: [47, 46, 38, 39, 31, 23, 15, 7, 6, 14, 13, 21, 29, 28, 36, 44, 43, 35, 34, 26, 25, 33, 32, 24, 16, 17, 9, 10, 11, 3, 2, 1, 0]
[00:00:00:00:103] ! Unidirectional t-s. expansions: 149, time: 103 [ms], path length: 32 [edges], generated: 237
[00:00:00:00:021] Expansion 29: New longest path found with length 30: [0, 1, 2, 3, 11, 10, 9, 8, 16, 17, 25, 24, 32, 33, 34, 35, 36, 28, 29, 21, 13, 14, 6, 7, 15, 23, 31, 39, 38, 46, 47]
[00:00:00:00:021] Expansion 31: New longest path found with length 32: [0, 1, 2, 3, 11, 10, 9, 8, 16, 17, 25, 24, 32, 33, 34, 35, 43, 44, 36, 28, 29, 21, 13, 14, 6, 7, 15, 23, 31, 39, 38, 46, 47]
[00:00:00:00:115] Path of length 32 found: [0, 1, 2, 3, 11, 10, 9, 8, 16, 17, 25, 24, 32, 33, 34, 35, 43, 44, 36, 28, 29, 21, 13, 14, 6, 7, 15, 23, 31, 39, 38, 46, 47]
[00:00:00:00:440] ! Bidirectional. expansions: 179, time: 115 [ms], path length: 32 [edges], g_F: 17, g_B: 15, generated: {'F': 151, 'B': 135}, MM: 2, MMPER: 5.0606060606060606%
[00:00:00:00:441] 
---------- SM_Grids/6x8_grid_with_random_blocks_20per_3 ----------
[00:00:00:00:021] Expansion 27: New longest path found with length 28: [0, 8, 16, 24, 32, 40, 41, 33, 34, 42, 43, 35, 27, 26, 18, 10, 11, 12, 13, 21, 22, 14, 6, 7, 15, 23, 31, 39, 47]
[00:00:00:00:023] Expansion 33: New longest path found with length 34: [0, 8, 16, 24, 32, 40, 41, 33, 34, 42, 43, 35, 27, 26, 18, 10, 11, 12, 13, 21, 22, 14, 6, 7, 15, 23, 31, 39, 38, 37, 36, 44, 45, 46, 47]
[00:00:00:00:052] Path of length 34 found: [0, 8, 16, 24, 32, 40, 41, 33, 34, 42, 43, 35, 27, 26, 18, 10, 11, 12, 13, 21, 22, 14, 6, 7, 15, 23, 31, 39, 38, 37, 36, 44, 45, 46, 47]
[00:00:00:00:052] ! Unidirectional s-t. expansions: 72, time: 52 [ms], path length: 34 [edges], generated: 115
[00:00:00:00:022] Expansion 33: New longest path found with length 34: [47, 39, 31, 23, 15, 7, 6, 14, 22, 21, 13, 12, 11, 10, 18, 26, 27, 35, 36, 37, 38, 46, 45, 44, 43, 42, 34, 33, 41, 40, 32, 24, 16, 8, 0]
[00:00:00:00:117] Path of length 34 found: [47, 39, 31, 23, 15, 7, 6, 14, 22, 21, 13, 12, 11, 10, 18, 26, 27, 35, 36, 37, 38, 46, 45, 44, 43, 42, 34, 33, 41, 40, 32, 24, 16, 8, 0]
[00:00:00:00:117] ! Unidirectional t-s. expansions: 145, time: 117 [ms], path length: 34 [edges], generated: 229
[00:00:00:00:023] Expansion 33: New longest path found with length 34: [0, 8, 16, 24, 32, 40, 41, 33, 34, 42, 43, 44, 45, 46, 38, 37, 36, 35, 27, 26, 18, 10, 11, 12, 13, 21, 22, 14, 6, 7, 15, 23, 31, 39, 47]
[00:00:00:00:121] Path of length 34 found: [0, 8, 16, 24, 32, 40, 41, 33, 34, 42, 43, 44, 45, 46, 38, 37, 36, 35, 27, 26, 18, 10, 11, 12, 13, 21, 22, 14, 6, 7, 15, 23, 31, 39, 47]
[00:00:00:00:446] ! Bidirectional. expansions: 108, time: 121 [ms], path length: 34 [edges], g_F: 18, g_B: 16, generated: {'F': 89, 'B': 90}, MM: 2, MMPER: 4.714285714285714%
[00:00:00:00:446] 
---------- SM_Grids/6x8_grid_with_random_blocks_20per_4 ----------
[00:00:00:00:021] Expansion 27: New longest path found with length 28: [0, 8, 16, 24, 32, 40, 41, 42, 34, 26, 25, 17, 9, 1, 2, 10, 11, 3, 4, 12, 20, 21, 22, 14, 15, 23, 31, 39, 47]
[00:00:00:00:023] Expansion 31: New longest path found with length 32: [0, 8, 16, 24, 32, 40, 41, 42, 34, 26, 25, 17, 9, 1, 2, 10, 11, 3, 4, 12, 20, 21, 22, 14, 15, 23, 31, 39, 38, 37, 45, 46, 47]
[00:00:00:00:150] Path of length 32 found: [0, 8, 16, 24, 32, 40, 41, 42, 34, 26, 25, 17, 9, 1, 2, 10, 11, 3, 4, 12, 20, 21, 22, 14, 15, 23, 31, 39, 38, 37, 45, 46, 47]
[00:00:00:00:150] ! Unidirectional s-t. expansions: 216, time: 150 [ms], path length: 32 [edges], generated: 363
[00:00:00:00:021] Expansion 31: New longest path found with length 32: [47, 46, 45, 37, 38, 39, 31, 23, 15, 14, 6, 5, 4, 12, 20, 19, 11, 3, 2, 10, 9, 17, 25, 26, 34, 42, 41, 33, 32, 24, 16, 8, 0]
[00:00:00:00:084] Path of length 32 found: [47, 46, 45, 37, 38, 39, 31, 23, 15, 14, 6, 5, 4, 12, 20, 19, 11, 3, 2, 10, 9, 17, 25, 26, 34, 42, 41, 33, 32, 24, 16, 8, 0]
[00:00:00:00:084] ! Unidirectional t-s. expansions: 133, time: 84 [ms], path length: 32 [edges], generated: 238
[00:00:00:00:023] Expansion 31: New longest path found with length 32: [0, 8, 16, 24, 32, 40, 41, 42, 34, 26, 25, 17, 9, 1, 2, 10, 11, 19, 20, 12, 4, 5, 6, 14, 15, 23, 31, 39, 38, 37, 45, 46, 47]
[00:00:00:00:119] Path of length 32 found: [0, 8, 16, 24, 32, 40, 41, 42, 34, 26, 25, 17, 9, 1, 2, 10, 11, 19, 20, 12, 4, 5, 6, 14, 15, 23, 31, 39, 38, 37, 45, 46, 47]
[00:00:00:00:448] ! Bidirectional. expansions: 205, time: 119 [ms], path length: 32 [edges], g_F: 17, g_B: 15, generated: {'F': 159, 'B': 156}, MM: 2, MMPER: 5.0606060606060606%
[00:00:00:00:448] 
---------- SM_Grids/6x8_grid_with_random_blocks_20per_5 ----------
[00:00:00:00:021] Expansion 25: New longest path found with length 26: [0, 8, 16, 24, 25, 17, 9, 1, 2, 10, 11, 3, 4, 12, 20, 19, 18, 26, 27, 35, 43, 44, 45, 37, 38, 46, 47]
[00:00:00:00:038] Expansion 50: New longest path found with length 28: [0, 8, 16, 17, 9, 1, 2, 10, 11, 3, 4, 12, 20, 19, 18, 26, 25, 24, 32, 40, 41, 42, 43, 44, 45, 37, 38, 46, 47]
[00:00:00:00:227] Path of length 28 found: [0, 8, 16, 17, 9, 1, 2, 10, 11, 3, 4, 12, 20, 19, 18, 26, 25, 24, 32, 40, 41, 42, 43, 44, 45, 37, 38, 46, 47]
[00:00:00:00:227] ! Unidirectional s-t. expansions: 263, time: 227 [ms], path length: 28 [edges], generated: 487
[00:00:00:00:012] Expansion 13: New longest path found with length 14: [47, 46, 38, 37, 45, 44, 43, 42, 41, 40, 32, 24, 16, 8, 0]
[00:00:00:00:021] Expansion 27: New longest path found with length 28: [47, 46, 38, 37, 45, 44, 43, 42, 41, 40, 32, 24, 16, 8, 9, 17, 25, 26, 27, 19, 18, 10, 11, 12, 4, 3, 2, 1, 0]
[00:00:00:00:049] Path of length 28 found: [47, 46, 38, 37, 45, 44, 43, 42, 41, 40, 32, 24, 16, 8, 9, 17, 25, 26, 27, 19, 18, 10, 11, 12, 4, 3, 2, 1, 0]
[00:00:00:00:049] ! Unidirectional t-s. expansions: 63, time: 49 [ms], path length: 28 [edges], generated: 115
[00:00:00:00:020] Expansion 25: New longest path found with length 26: [0, 8, 16, 24, 25, 17, 9, 1, 2, 10, 11, 3, 4, 12, 20, 19, 18, 26, 27, 35, 43, 44, 45, 37, 38, 46, 47]
[00:00:00:00:036] Expansion 49: New longest path found with length 28: [0, 8, 16, 17, 9, 1, 2, 10, 11, 3, 4, 12, 20, 19, 18, 26, 25, 24, 32, 40, 41, 42, 43, 44, 45, 37, 38, 46, 47]
[00:00:00:00:170] Path of length 28 found: [0, 8, 16, 17, 9, 1, 2, 10, 11, 3, 4, 12, 20, 19, 18, 26, 25, 24, 32, 40, 41, 42, 43, 44, 45, 37, 38, 46, 47]
[00:00:00:00:504] ! Bidirectional. expansions: 218, time: 170 [ms], path length: 28 [edges], g_F: 15, g_B: 13, generated: {'F': 214, 'B': 143}, MM: 2, MMPER: 5.896551724137931%
[00:00:00:00:504] 
---------- SM_Grids/6x8_grid_with_random_blocks_20per_6 ----------
[00:00:00:00:026] Expansion 27: New longest path found with length 28: [0, 8, 16, 24, 32, 40, 41, 33, 25, 17, 18, 10, 2, 3, 11, 12, 20, 19, 27, 35, 43, 44, 36, 28, 29, 37, 38, 39, 47]
[00:00:00:00:078] Path of length 28 found: [0, 8, 16, 24, 32, 40, 41, 33, 25, 17, 18, 10, 2, 3, 11, 12, 20, 19, 27, 35, 43, 44, 36, 28, 29, 37, 38, 39, 47]
[00:00:00:00:078] ! Unidirectional s-t. expansions: 79, time: 78 [ms], path length: 28 [edges], generated: 141
[00:00:00:00:057] Expansion 27: New longest path found with length 28: [47, 39, 38, 37, 29, 28, 36, 44, 43, 35, 27, 19, 20, 12, 11, 3, 2, 10, 18, 17, 25, 33, 41, 40, 32, 24, 16, 8, 0]
[00:00:00:00:114] Path of length 28 found: [47, 39, 38, 37, 29, 28, 36, 44, 43, 35, 27, 19, 20, 12, 11, 3, 2, 10, 18, 17, 25, 33, 41, 40, 32, 24, 16, 8, 0]
[00:00:00:00:114] ! Unidirectional t-s. expansions: 95, time: 114 [ms], path length: 28 [edges], generated: 158
[00:00:00:00:021] Expansion 27: New longest path found with length 28: [0, 8, 16, 24, 32, 40, 41, 33, 25, 17, 18, 10, 2, 3, 11, 12, 20, 19, 27, 35, 43, 44, 36, 28, 29, 37, 38, 39, 47]
[00:00:00:00:052] Path of length 28 found: [0, 8, 16, 24, 32, 40, 41, 33, 25, 17, 18, 10, 2, 3, 11, 12, 20, 19, 27, 35, 43, 44, 36, 28, 29, 37, 38, 39, 47]
[00:00:00:00:376] ! Bidirectional. expansions: 60, time: 52 [ms], path length: 28 [edges], g_F: 15, g_B: 13, generated: {'F': 50, 'B': 54}, MM: 2, MMPER: 5.896551724137931%
[00:00:00:00:377] 
---------- SM_Grids/6x8_grid_with_random_blocks_20per_7 ----------
[00:00:00:00:021] Expansion 27: New longest path found with length 28: [0, 8, 16, 17, 25, 33, 41, 42, 34, 26, 18, 10, 9, 1, 2, 3, 4, 5, 6, 14, 13, 12, 20, 28, 36, 37, 45, 46, 47]
[00:00:00:00:022] Expansion 31: New longest path found with length 32: [0, 8, 16, 17, 25, 33, 41, 42, 34, 26, 18, 10, 9, 1, 2, 3, 4, 5, 6, 14, 13, 12, 20, 28, 36, 37, 45, 46, 38, 30, 31, 39, 47]
[00:00:00:00:043] Path of length 32 found: [0, 8, 16, 17, 25, 33, 41, 42, 34, 26, 18, 10, 9, 1, 2, 3, 4, 5, 6, 14, 13, 12, 20, 28, 36, 37, 45, 46, 38, 30, 31, 39, 47]
[00:00:00:00:044] ! Unidirectional s-t. expansions: 54, time: 44 [ms], path length: 32 [edges], generated: 90
[00:00:00:00:018] Expansion 19: New longest path found with length 20: [47, 39, 31, 30, 38, 46, 45, 37, 36, 28, 20, 21, 13, 14, 6, 5, 4, 3, 2, 1, 0]
[00:00:00:00:024] Expansion 31: New longest path found with length 32: [47, 39, 31, 30, 38, 46, 45, 37, 36, 28, 20, 21, 13, 14, 6, 5, 4, 3, 2, 1, 9, 10, 18, 26, 34, 42, 41, 33, 25, 17, 16, 8, 0]
[00:00:00:00:025] Path of length 32 found: [47, 39, 31, 30, 38, 46, 45, 37, 36, 28, 20, 21, 13, 14, 6, 5, 4, 3, 2, 1, 9, 10, 18, 26, 34, 42, 41, 33, 25, 17, 16, 8, 0]
[00:00:00:00:025] ! Unidirectional t-s. expansions: 32, time: 25 [ms], path length: 32 [edges], generated: 52
[00:00:00:00:022] Expansion 31: New longest path found with length 32: [0, 8, 16, 17, 25, 33, 41, 42, 34, 26, 18, 10, 9, 1, 2, 3, 4, 5, 6, 14, 13, 21, 20, 28, 36, 37, 45, 46, 38, 30, 31, 39, 47]
[00:00:00:00:049] Path of length 32 found: [0, 8, 16, 17, 25, 33, 41, 42, 34, 26, 18, 10, 9, 1, 2, 3, 4, 5, 6, 14, 13, 21, 20, 28, 36, 37, 45, 46, 38, 30, 31, 39, 47]
[00:00:00:00:382] ! Bidirectional. expansions: 61, time: 49 [ms], path length: 32 [edges], g_F: 17, g_B: 15, generated: {'F': 52, 'B': 50}, MM: 2, MMPER: 5.0606060606060606%
[00:00:00:00:382] 
---------- SM_Grids/6x8_grid_with_random_blocks_20per_8 ----------
[00:00:00:00:025] Expansion 33: New longest path found with length 34: [0, 1, 9, 8, 16, 17, 25, 33, 34, 26, 27, 19, 11, 12, 20, 28, 36, 35, 43, 44, 45, 37, 29, 21, 13, 5, 6, 14, 22, 23, 31, 30, 38, 39, 47]
[00:00:00:00:026] Path of length 34 found: [0, 1, 9, 8, 16, 17, 25, 33, 34, 26, 27, 19, 11, 12, 20, 28, 36, 35, 43, 44, 45, 37, 29, 21, 13, 5, 6, 14, 22, 23, 31, 30, 38, 39, 47]
[00:00:00:00:026] ! Unidirectional s-t. expansions: 34, time: 26 [ms], path length: 34 [edges], generated: 56
[00:00:00:00:024] Expansion 29: New longest path found with length 30: [47, 39, 31, 23, 22, 14, 6, 5, 13, 12, 11, 19, 27, 28, 20, 21, 29, 30, 38, 37, 45, 44, 36, 35, 34, 26, 25, 17, 16, 8, 0]
[00:00:00:00:025] Expansion 31: New longest path found with length 32: [47, 39, 31, 23, 22, 14, 6, 5, 13, 12, 11, 19, 27, 28, 20, 21, 29, 30, 38, 37, 45, 44, 36, 35, 34, 26, 25, 17, 16, 8, 9, 1, 0]
[00:00:00:00:042] Expansion 61: New longest path found with length 34: [47, 39, 31, 23, 22, 14, 6, 5, 13, 12, 11, 19, 20, 21, 29, 30, 38, 37, 45, 44, 43, 35, 36, 28, 27, 26, 34, 33, 25, 17, 16, 8, 9, 1, 0]
[00:00:00:00:148] Path of length 34 found: [47, 39, 31, 23, 22, 14, 6, 5, 13, 12, 11, 19, 20, 21, 29, 30, 38, 37, 45, 44, 43, 35, 36, 28, 27, 26, 34, 33, 25, 17, 16, 8, 9, 1, 0]
[00:00:00:00:148] ! Unidirectional t-s. expansions: 201, time: 148 [ms], path length: 34 [edges], generated: 339
[00:00:00:00:023] Expansion 29: New longest path found with length 30: [0, 1, 9, 8, 16, 17, 25, 33, 34, 26, 27, 35, 43, 44, 45, 37, 29, 21, 20, 19, 11, 12, 13, 5, 6, 14, 22, 23, 31, 39, 47]
[00:00:00:00:024] Expansion 31: New longest path found with length 32: [0, 1, 9, 8, 16, 17, 25, 33, 34, 26, 27, 35, 43, 44, 45, 37, 36, 28, 29, 21, 20, 19, 11, 12, 13, 5, 6, 14, 22, 23, 31, 39, 47]
[00:00:00:00:032] Expansion 51: New longest path found with length 34: [0, 1, 9, 8, 16, 17, 25, 33, 34, 26, 27, 28, 36, 35, 43, 44, 45, 37, 38, 30, 29, 21, 20, 19, 11, 12, 13, 5, 6, 14, 22, 23, 31, 39, 47]
[00:00:00:00:035] Path of length 34 found: [0, 1, 9, 8, 16, 17, 25, 33, 34, 26, 27, 28, 36, 35, 43, 44, 45, 37, 38, 30, 29, 21, 20, 19, 11, 12, 13, 5, 6, 14, 22, 23, 31, 39, 47]
[00:00:00:00:363] ! Bidirectional. expansions: 53, time: 35 [ms], path length: 34 [edges], g_F: 18, g_B: 16, generated: {'F': 49, 'B': 49}, MM: 2, MMPER: 4.714285714285714%
[00:00:00:00:363] 
---------- SM_Grids/6x8_grid_with_random_blocks_20per_9 ----------
[00:00:00:00:021] Expansion 23: New longest path found with length 24: [0, 1, 9, 10, 2, 3, 11, 19, 20, 28, 27, 26, 34, 33, 32, 40, 41, 42, 43, 35, 36, 37, 45, 46, 47]
[00:00:00:00:022] Expansion 25: New longest path found with length 26: [0, 1, 9, 10, 2, 3, 11, 19, 20, 28, 27, 26, 34, 33, 32, 40, 41, 42, 43, 35, 36, 37, 45, 46, 38, 39, 47]
[00:00:00:00:042] Expansion 58: New longest path found with length 28: [0, 1, 2, 3, 11, 10, 9, 17, 16, 24, 32, 40, 41, 33, 34, 42, 43, 35, 27, 19, 20, 28, 36, 37, 45, 46, 38, 39, 47]
[00:00:00:00:059] Path of length 28 found: [0, 1, 2, 3, 11, 10, 9, 17, 16, 24, 32, 40, 41, 33, 34, 42, 43, 35, 27, 19, 20, 28, 36, 37, 45, 46, 38, 39, 47]
[00:00:00:00:059] ! Unidirectional s-t. expansions: 87, time: 59 [ms], path length: 28 [edges], generated: 140
[00:00:00:00:018] Expansion 27: New longest path found with length 28: [47, 39, 38, 46, 45, 37, 29, 28, 20, 19, 27, 26, 34, 35, 43, 42, 41, 33, 32, 24, 16, 17, 9, 10, 11, 3, 2, 1, 0]
[00:00:00:00:040] Path of length 28 found: [47, 39, 38, 46, 45, 37, 29, 28, 20, 19, 27, 26, 34, 35, 43, 42, 41, 33, 32, 24, 16, 17, 9, 10, 11, 3, 2, 1, 0]
[00:00:00:00:040] ! Unidirectional t-s. expansions: 55, time: 40 [ms], path length: 28 [edges], generated: 92
[00:00:00:00:014] Expansion 15: New longest path found with length 16: [0, 1, 9, 10, 2, 3, 11, 19, 27, 28, 29, 37, 45, 46, 38, 39, 47]
[00:00:00:00:016] Expansion 19: New longest path found with length 20: [0, 1, 9, 10, 2, 3, 11, 19, 27, 26, 34, 35, 36, 28, 29, 37, 45, 46, 38, 39, 47]
[00:00:00:00:021] Expansion 28: New longest path found with length 26: [0, 1, 9, 10, 2, 3, 11, 19, 27, 26, 34, 33, 32, 40, 41, 42, 43, 35, 36, 28, 29, 37, 45, 46, 38, 39, 47]
[00:00:00:00:039] Expansion 53: New longest path found with length 28: [0, 1, 2, 3, 11, 10, 9, 17, 16, 24, 32, 40, 41, 42, 43, 35, 34, 26, 27, 19, 20, 28, 29, 37, 45, 46, 38, 39, 47]
[00:00:00:00:054] Path of length 28 found: [0, 1, 2, 3, 11, 10, 9, 17, 16, 24, 32, 40, 41, 42, 43, 35, 34, 26, 27, 19, 20, 28, 29, 37, 45, 46, 38, 39, 47]
[00:00:00:00:386] ! Bidirectional. expansions: 73, time: 54 [ms], path length: 28 [edges], g_F: 15, g_B: 13, generated: {'F': 57, 'B': 66}, MM: 2, MMPER: 5.896551724137931%

[00:00:00:00:386] average expansions: (129, 168, 136, 0)
[00:00:00:00:386] average time: (93, 119, 96, 0)
[00:00:00:00:386] X-DFBnB: 129 , 93 (expansions , time[ms])
[00:00:00:00:386] BiX-DFBnB: 136 , 96 (expansions , time[ms])

