Thu 19 Mar 2026 15:59:51 IST

SLURM_JOBID:		 16118865
SLURM_JOB_NODELIST:	 ise-cpu256-03 

--------------------------
date: SM_Grids
number_of_graphs: 10
graph_type: grid
size_of_graphs: [6, 8]
heuristic: bcc_heuristic
snake: False
run_uni: True
run_bi: True
run_multi: False
solution_vertices: []
algorithms: ['DFBnB']
bsd: False
cube_first_dims: 4
cube_buffer_dim: None
backward_sym_generation: False
sym_coil: False
prefix_set: None

---------- SM_Grids/6x8_grid_with_random_blocks_16per_0 ----------
[00:00:00:00:023] Expansion 33: New longest path found with length 34: [0, 8, 16, 24, 25, 17, 9, 1, 2, 10, 18, 26, 34, 42, 43, 35, 36, 28, 20, 19, 11, 3, 4, 5, 6, 14, 15, 23, 31, 30, 38, 37, 45, 46, 47]
[00:00:00:05:885] Path of length 34 found: [0, 8, 16, 24, 25, 17, 9, 1, 2, 10, 18, 26, 34, 42, 43, 35, 36, 28, 20, 19, 11, 3, 4, 5, 6, 14, 15, 23, 31, 30, 38, 37, 45, 46, 47]
[00:00:00:05:885] ! Unidirectional s-t. expansions: 10,288, time: 5,885 [ms], path length: 34 [edges], generated: 16,623
[00:00:00:00:013] Expansion 11: New longest path found with length 12: [47, 39, 31, 23, 15, 7, 6, 5, 4, 3, 2, 1, 0]
[00:00:00:00:027] Expansion 33: New longest path found with length 34: [47, 39, 31, 23, 15, 7, 6, 5, 4, 3, 2, 1, 9, 17, 18, 10, 11, 19, 20, 28, 36, 37, 38, 46, 45, 44, 43, 35, 34, 26, 25, 24, 16, 8, 0]
[00:00:00:03:372] Path of length 34 found: [47, 39, 31, 23, 15, 7, 6, 5, 4, 3, 2, 1, 9, 17, 18, 10, 11, 19, 20, 28, 36, 37, 38, 46, 45, 44, 43, 35, 34, 26, 25, 24, 16, 8, 0]
[00:00:00:03:372] ! Unidirectional t-s. expansions: 5,386, time: 3,372 [ms], path length: 34 [edges], generated: 9,086
[00:00:00:00:024] Expansion 29: New longest path found with length 30: [0, 8, 16, 24, 25, 17, 9, 1, 2, 10, 18, 26, 34, 42, 43, 44, 36, 28, 20, 19, 11, 3, 4, 5, 6, 7, 15, 23, 31, 39, 47]
[00:00:00:00:025] Expansion 31: New longest path found with length 32: [0, 8, 16, 24, 25, 17, 9, 1, 2, 10, 18, 26, 34, 42, 43, 44, 45, 37, 36, 28, 20, 19, 11, 3, 4, 5, 6, 7, 15, 23, 31, 39, 47]
[00:00:00:00:026] Expansion 33: New longest path found with length 34: [0, 8, 16, 24, 25, 17, 9, 1, 2, 10, 18, 26, 34, 42, 43, 44, 45, 46, 38, 37, 36, 28, 20, 19, 11, 3, 4, 5, 6, 7, 15, 23, 31, 39, 47]
[00:00:00:06:155] Path of length 34 found: [0, 8, 16, 24, 25, 17, 9, 1, 2, 10, 18, 26, 34, 42, 43, 44, 45, 46, 38, 37, 36, 28, 20, 19, 11, 3, 4, 5, 6, 7, 15, 23, 31, 39, 47]
[00:00:00:06:512] ! Bidirectional. expansions: 9,850, time: 6,155 [ms], path length: 34 [edges], g_F: 18, g_B: 16, generated: {'F': 8,623, 'B': 8,791}, MM: 2, MMPER: 4.714285714285714%
[00:00:00:06:512] 
---------- SM_Grids/6x8_grid_with_random_blocks_16per_1 ----------
[00:00:00:00:022] Expansion 25: New longest path found with length 26: [0, 8, 9, 1, 2, 10, 18, 17, 25, 26, 27, 19, 11, 3, 4, 5, 13, 12, 20, 28, 36, 35, 43, 44, 45, 46, 47]
[00:00:00:00:023] Expansion 27: New longest path found with length 28: [0, 8, 9, 1, 2, 10, 18, 17, 25, 26, 27, 19, 11, 3, 4, 5, 13, 12, 20, 28, 36, 35, 43, 44, 45, 46, 38, 39, 47]
[00:00:00:00:029] Expansion 42: New longest path found with length 30: [0, 8, 9, 1, 2, 10, 18, 17, 25, 26, 27, 19, 11, 3, 4, 5, 13, 12, 20, 21, 29, 28, 36, 35, 43, 44, 45, 46, 38, 39, 47]
[00:00:00:00:061] Expansion 92: New longest path found with length 32: [0, 8, 9, 1, 2, 10, 18, 17, 25, 26, 27, 19, 20, 12, 11, 3, 4, 5, 13, 14, 22, 21, 29, 28, 36, 35, 43, 44, 45, 46, 38, 39, 47]
[00:00:00:00:446] Path of length 32 found: [0, 8, 9, 1, 2, 10, 18, 17, 25, 26, 27, 19, 20, 12, 11, 3, 4, 5, 13, 14, 22, 21, 29, 28, 36, 35, 43, 44, 45, 46, 38, 39, 47]
[00:00:00:00:446] ! Unidirectional s-t. expansions: 524, time: 446 [ms], path length: 32 [edges], generated: 994
[00:00:00:00:025] Expansion 29: New longest path found with length 30: [47, 39, 38, 46, 45, 44, 43, 35, 36, 28, 29, 21, 22, 14, 13, 5, 4, 3, 2, 10, 11, 12, 20, 19, 27, 26, 18, 17, 9, 1, 0]
[00:00:00:00:035] Expansion 51: New longest path found with length 32: [47, 39, 38, 46, 45, 44, 43, 35, 36, 28, 29, 21, 22, 14, 13, 5, 4, 3, 11, 12, 20, 19, 27, 26, 25, 17, 18, 10, 2, 1, 9, 8, 0]
[00:00:00:00:150] Path of length 32 found: [47, 39, 38, 46, 45, 44, 43, 35, 36, 28, 29, 21, 22, 14, 13, 5, 4, 3, 11, 12, 20, 19, 27, 26, 25, 17, 18, 10, 2, 1, 9, 8, 0]
[00:00:00:00:150] ! Unidirectional t-s. expansions: 171, time: 150 [ms], path length: 32 [edges], generated: 305
[00:00:00:00:018] Expansion 19: New longest path found with length 20: [0, 8, 9, 1, 2, 10, 18, 17, 25, 26, 27, 28, 36, 35, 43, 44, 45, 46, 38, 39, 47]
[00:00:00:00:024] Expansion 29: New longest path found with length 30: [0, 8, 9, 1, 2, 10, 18, 17, 25, 26, 27, 19, 11, 3, 4, 12, 13, 14, 22, 21, 29, 28, 36, 35, 43, 44, 45, 46, 38, 39, 47]
[00:00:00:00:028] Expansion 40: New longest path found with length 32: [0, 8, 9, 1, 2, 10, 18, 17, 25, 26, 27, 19, 20, 12, 11, 3, 4, 5, 13, 14, 22, 21, 29, 28, 36, 35, 43, 44, 45, 46, 38, 39, 47]
[00:00:00:00:080] Path of length 32 found: [0, 8, 9, 1, 2, 10, 18, 17, 25, 26, 27, 19, 20, 12, 11, 3, 4, 5, 13, 14, 22, 21, 29, 28, 36, 35, 43, 44, 45, 46, 38, 39, 47]
[00:00:00:00:415] ! Bidirectional. expansions: 97, time: 80 [ms], path length: 32 [edges], g_F: 17, g_B: 15, generated: {'F': 92, 'B': 86}, MM: 2, MMPER: 5.0606060606060606%
[00:00:00:00:415] 
---------- SM_Grids/6x8_grid_with_random_blocks_16per_2 ----------
[00:00:00:00:025] Expansion 27: New longest path found with length 28: [0, 8, 16, 24, 32, 40, 41, 33, 25, 17, 9, 1, 2, 3, 11, 19, 20, 12, 13, 21, 22, 14, 6, 7, 15, 23, 31, 39, 47]
[00:00:00:00:029] Expansion 35: New longest path found with length 36: [0, 8, 16, 24, 32, 40, 41, 33, 25, 17, 9, 1, 2, 3, 11, 19, 20, 12, 13, 21, 22, 14, 6, 7, 15, 23, 31, 39, 38, 37, 36, 35, 43, 44, 45, 46, 47]
[00:00:00:00:043] Expansion 60: New longest path found with length 38: [0, 8, 16, 24, 32, 40, 41, 33, 25, 17, 9, 1, 2, 3, 11, 12, 13, 14, 6, 7, 15, 23, 22, 21, 20, 19, 18, 26, 34, 35, 43, 44, 36, 37, 45, 46, 38, 39, 47]
[00:00:00:00:224] Path of length 38 found: [0, 8, 16, 24, 32, 40, 41, 33, 25, 17, 9, 1, 2, 3, 11, 12, 13, 14, 6, 7, 15, 23, 22, 21, 20, 19, 18, 26, 34, 35, 43, 44, 36, 37, 45, 46, 38, 39, 47]
[00:00:00:00:224] ! Unidirectional s-t. expansions: 276, time: 224 [ms], path length: 38 [edges], generated: 451
[00:00:00:00:023] Expansion 25: New longest path found with length 26: [47, 39, 38, 46, 45, 37, 36, 44, 43, 35, 27, 19, 20, 21, 22, 23, 15, 7, 6, 14, 13, 12, 11, 3, 2, 1, 0]
[00:00:00:00:028] Expansion 37: New longest path found with length 38: [47, 39, 38, 46, 45, 37, 36, 44, 43, 35, 27, 19, 20, 21, 22, 23, 15, 7, 6, 14, 13, 12, 11, 3, 2, 1, 9, 17, 18, 26, 34, 33, 41, 40, 32, 24, 16, 8, 0]
[00:00:00:00:135] Path of length 38 found: [47, 39, 38, 46, 45, 37, 36, 44, 43, 35, 27, 19, 20, 21, 22, 23, 15, 7, 6, 14, 13, 12, 11, 3, 2, 1, 9, 17, 18, 26, 34, 33, 41, 40, 32, 24, 16, 8, 0]
[00:00:00:00:136] ! Unidirectional t-s. expansions: 173, time: 135 [ms], path length: 38 [edges], generated: 296
[00:00:00:00:023] Expansion 27: New longest path found with length 28: [0, 8, 16, 24, 32, 40, 41, 33, 25, 17, 9, 1, 2, 3, 11, 19, 18, 26, 34, 35, 43, 44, 36, 37, 45, 46, 38, 39, 47]
[00:00:00:00:025] Expansion 29: New longest path found with length 30: [0, 8, 16, 24, 32, 40, 41, 33, 25, 17, 9, 1, 2, 3, 11, 12, 20, 19, 18, 26, 34, 35, 43, 44, 36, 37, 45, 46, 38, 39, 47]
[00:00:00:00:026] Expansion 31: New longest path found with length 32: [0, 8, 16, 24, 32, 40, 41, 33, 25, 17, 9, 1, 2, 3, 11, 12, 13, 21, 20, 19, 18, 26, 34, 35, 43, 44, 36, 37, 45, 46, 38, 39, 47]
[00:00:00:00:026] Expansion 33: New longest path found with length 34: [0, 8, 16, 24, 32, 40, 41, 33, 25, 17, 9, 1, 2, 3, 11, 12, 13, 14, 22, 21, 20, 19, 18, 26, 34, 35, 43, 44, 36, 37, 45, 46, 38, 39, 47]
[00:00:00:00:028] Expansion 37: New longest path found with length 38: [0, 8, 16, 24, 32, 40, 41, 33, 25, 17, 9, 1, 2, 3, 11, 12, 13, 14, 6, 7, 15, 23, 22, 21, 20, 19, 18, 26, 34, 35, 43, 44, 36, 37, 45, 46, 38, 39, 47]
[00:00:00:00:246] Path of length 38 found: [0, 8, 16, 24, 32, 40, 41, 33, 25, 17, 9, 1, 2, 3, 11, 12, 13, 14, 6, 7, 15, 23, 22, 21, 20, 19, 18, 26, 34, 35, 43, 44, 36, 37, 45, 46, 38, 39, 47]
[00:00:00:00:583] ! Bidirectional. expansions: 342, time: 246 [ms], path length: 38 [edges], g_F: 20, g_B: 18, generated: {'F': 274, 'B': 293}, MM: 2, MMPER: 4.128205128205129%
[00:00:00:00:583] 
---------- SM_Grids/6x8_grid_with_random_blocks_16per_3 ----------
[00:00:00:00:024] Expansion 25: New longest path found with length 26: [0, 8, 16, 24, 32, 40, 41, 42, 34, 33, 25, 17, 9, 1, 2, 3, 11, 19, 27, 35, 36, 28, 29, 37, 45, 46, 47]
[00:00:00:00:030] Expansion 39: New longest path found with length 40: [0, 8, 16, 24, 32, 40, 41, 42, 34, 33, 25, 17, 9, 1, 2, 3, 11, 19, 27, 35, 36, 28, 29, 37, 45, 46, 38, 30, 22, 14, 13, 12, 4, 5, 6, 7, 15, 23, 31, 39, 47]
[00:00:00:00:031] Path of length 40 found: [0, 8, 16, 24, 32, 40, 41, 42, 34, 33, 25, 17, 9, 1, 2, 3, 11, 19, 27, 35, 36, 28, 29, 37, 45, 46, 38, 30, 22, 14, 13, 12, 4, 5, 6, 7, 15, 23, 31, 39, 47]
[00:00:00:00:031] ! Unidirectional s-t. expansions: 40, time: 31 [ms], path length: 40 [edges], generated: 60
[00:00:00:00:026] Expansion 35: New longest path found with length 36: [47, 39, 31, 23, 15, 7, 6, 5, 4, 3, 11, 12, 13, 14, 22, 30, 38, 46, 45, 37, 29, 28, 27, 35, 34, 42, 41, 40, 32, 33, 25, 24, 16, 17, 9, 1, 0]
[00:00:00:00:056] Expansion 94: New longest path found with length 40: [47, 39, 31, 23, 15, 7, 6, 5, 4, 12, 13, 14, 22, 30, 38, 46, 45, 37, 29, 28, 36, 35, 27, 19, 11, 3, 2, 1, 9, 17, 25, 33, 34, 42, 41, 40, 32, 24, 16, 8, 0]
[00:00:00:00:057] Path of length 40 found: [47, 39, 31, 23, 15, 7, 6, 5, 4, 12, 13, 14, 22, 30, 38, 46, 45, 37, 29, 28, 36, 35, 27, 19, 11, 3, 2, 1, 9, 17, 25, 33, 34, 42, 41, 40, 32, 24, 16, 8, 0]
[00:00:00:00:057] ! Unidirectional t-s. expansions: 95, time: 57 [ms], path length: 40 [edges], generated: 146
[00:00:00:00:027] Expansion 39: New longest path found with length 40: [0, 8, 16, 24, 32, 40, 41, 42, 34, 33, 25, 17, 9, 1, 2, 3, 11, 19, 27, 35, 36, 28, 29, 37, 45, 46, 38, 30, 22, 14, 13, 12, 4, 5, 6, 7, 15, 23, 31, 39, 47]
[00:00:00:00:028] Path of length 40 found: [0, 8, 16, 24, 32, 40, 41, 42, 34, 33, 25, 17, 9, 1, 2, 3, 11, 19, 27, 35, 36, 28, 29, 37, 45, 46, 38, 30, 22, 14, 13, 12, 4, 5, 6, 7, 15, 23, 31, 39, 47]
[00:00:00:00:388] ! Bidirectional. expansions: 40, time: 28 [ms], path length: 40 [edges], g_F: 21, g_B: 19, generated: {'F': 30, 'B': 33}, MM: 2, MMPER: 3.8780487804878048%
[00:00:00:00:388] 
---------- SM_Grids/6x8_grid_with_random_blocks_16per_4 ----------
[00:00:00:00:027] Expansion 33: New longest path found with length 34: [0, 8, 16, 24, 25, 17, 9, 1, 2, 3, 11, 10, 18, 26, 27, 19, 20, 12, 13, 5, 6, 7, 15, 14, 22, 21, 29, 28, 36, 35, 43, 44, 45, 46, 47]
[00:00:00:00:747] Path of length 34 found: [0, 8, 16, 24, 25, 17, 9, 1, 2, 3, 11, 10, 18, 26, 27, 19, 20, 12, 13, 5, 6, 7, 15, 14, 22, 21, 29, 28, 36, 35, 43, 44, 45, 46, 47]
[00:00:00:00:747] ! Unidirectional s-t. expansions: 878, time: 747 [ms], path length: 34 [edges], generated: 1,637
[00:00:00:00:021] Expansion 23: New longest path found with length 24: [47, 46, 45, 44, 43, 35, 36, 28, 20, 21, 29, 30, 22, 23, 15, 7, 6, 5, 13, 12, 11, 3, 2, 1, 0]
[00:00:00:00:025] Expansion 33: New longest path found with length 34: [47, 46, 45, 44, 43, 35, 36, 28, 20, 21, 29, 30, 22, 23, 15, 7, 6, 5, 13, 12, 11, 3, 2, 1, 9, 10, 18, 19, 27, 26, 25, 17, 16, 8, 0]
[00:00:00:00:410] Path of length 34 found: [47, 46, 45, 44, 43, 35, 36, 28, 20, 21, 29, 30, 22, 23, 15, 7, 6, 5, 13, 12, 11, 3, 2, 1, 9, 10, 18, 19, 27, 26, 25, 17, 16, 8, 0]
[00:00:00:00:410] ! Unidirectional t-s. expansions: 644, time: 410 [ms], path length: 34 [edges], generated: 1,147
[00:00:00:00:024] Expansion 29: New longest path found with length 30: [0, 8, 16, 24, 25, 17, 9, 1, 2, 3, 11, 12, 13, 5, 6, 14, 15, 23, 22, 30, 29, 21, 20, 28, 36, 35, 43, 44, 45, 46, 47]
[00:00:00:00:033] Expansion 47: New longest path found with length 34: [0, 8, 16, 24, 25, 17, 9, 1, 2, 10, 18, 26, 27, 19, 11, 12, 13, 5, 6, 7, 15, 23, 22, 30, 29, 21, 20, 28, 36, 35, 43, 44, 45, 46, 47]
[00:00:00:00:804] Path of length 34 found: [0, 8, 16, 24, 25, 17, 9, 1, 2, 10, 18, 26, 27, 19, 11, 12, 13, 5, 6, 7, 15, 23, 22, 30, 29, 21, 20, 28, 36, 35, 43, 44, 45, 46, 47]
[00:00:00:01:134] ! Bidirectional. expansions: 1,302, time: 804 [ms], path length: 34 [edges], g_F: 18, g_B: 16, generated: {'F': 1,238, 'B': 1,208}, MM: 2, MMPER: 4.714285714285714%
[00:00:00:01:134] 
---------- SM_Grids/6x8_grid_with_random_blocks_16per_5 ----------
[00:00:00:00:065] Expansion 35: New longest path found with length 36: [0, 1, 2, 10, 11, 19, 27, 26, 25, 17, 16, 24, 32, 40, 41, 33, 34, 42, 43, 35, 36, 44, 45, 37, 29, 21, 13, 5, 6, 14, 15, 23, 22, 30, 31, 39, 47]
[00:00:00:00:065] Expansion 37: New longest path found with length 38: [0, 1, 2, 10, 11, 19, 27, 26, 25, 17, 16, 24, 32, 40, 41, 33, 34, 42, 43, 35, 36, 44, 45, 37, 29, 21, 13, 5, 6, 14, 15, 23, 22, 30, 31, 39, 38, 46, 47]
[00:00:00:00:066] Path of length 38 found: [0, 1, 2, 10, 11, 19, 27, 26, 25, 17, 16, 24, 32, 40, 41, 33, 34, 42, 43, 35, 36, 44, 45, 37, 29, 21, 13, 5, 6, 14, 15, 23, 22, 30, 31, 39, 38, 46, 47]
[00:00:00:00:067] ! Unidirectional s-t. expansions: 38, time: 66 [ms], path length: 38 [edges], generated: 60
[00:00:00:00:025] Expansion 35: New longest path found with length 36: [47, 39, 31, 23, 15, 14, 6, 5, 13, 12, 11, 19, 27, 26, 25, 33, 34, 35, 36, 37, 29, 21, 22, 30, 38, 46, 45, 44, 43, 42, 41, 40, 32, 24, 16, 8, 0]
[00:00:00:00:067] Expansion 107: New longest path found with length 38: [47, 39, 31, 23, 15, 14, 6, 5, 13, 21, 22, 30, 29, 37, 38, 46, 45, 44, 36, 35, 43, 42, 34, 33, 41, 40, 32, 24, 16, 17, 25, 26, 27, 19, 11, 10, 2, 1, 0]
[00:00:00:00:653] Path of length 38 found: [47, 39, 31, 23, 15, 14, 6, 5, 13, 21, 22, 30, 29, 37, 38, 46, 45, 44, 36, 35, 43, 42, 34, 33, 41, 40, 32, 24, 16, 17, 25, 26, 27, 19, 11, 10, 2, 1, 0]
[00:00:00:00:653] ! Unidirectional t-s. expansions: 799, time: 653 [ms], path length: 38 [edges], generated: 1,338
[00:00:00:00:027] Expansion 35: New longest path found with length 36: [0, 1, 2, 10, 11, 19, 27, 26, 25, 17, 16, 24, 32, 40, 41, 33, 34, 42, 43, 44, 45, 46, 38, 37, 29, 30, 22, 21, 13, 5, 6, 14, 15, 23, 31, 39, 47]
[00:00:00:00:028] Expansion 37: New longest path found with length 38: [0, 1, 2, 10, 11, 19, 27, 26, 25, 17, 16, 24, 32, 40, 41, 33, 34, 42, 43, 35, 36, 44, 45, 46, 38, 37, 29, 30, 22, 21, 13, 5, 6, 14, 15, 23, 31, 39, 47]
[00:00:00:00:056] Path of length 38 found: [0, 1, 2, 10, 11, 19, 27, 26, 25, 17, 16, 24, 32, 40, 41, 33, 34, 42, 43, 35, 36, 44, 45, 46, 38, 37, 29, 30, 22, 21, 13, 5, 6, 14, 15, 23, 31, 39, 47]
[00:00:00:00:392] ! Bidirectional. expansions: 63, time: 56 [ms], path length: 38 [edges], g_F: 20, g_B: 18, generated: {'F': 53, 'B': 51}, MM: 2, MMPER: 4.128205128205129%
[00:00:00:00:392] 
---------- SM_Grids/6x8_grid_with_random_blocks_16per_6 ----------
[00:00:00:00:028] Expansion 33: New longest path found with length 34: [0, 8, 16, 24, 32, 40, 41, 33, 25, 17, 9, 1, 2, 3, 11, 12, 13, 5, 6, 14, 22, 21, 29, 28, 27, 26, 34, 35, 43, 44, 36, 37, 45, 46, 47]
[00:00:00:00:060] Expansion 77: New longest path found with length 36: [0, 8, 16, 24, 32, 40, 41, 33, 25, 17, 18, 10, 9, 1, 2, 3, 11, 12, 13, 5, 6, 14, 22, 21, 29, 28, 27, 26, 34, 35, 43, 44, 36, 37, 45, 46, 47]
[00:00:00:00:247] Path of length 36 found: [0, 8, 16, 24, 32, 40, 41, 33, 25, 17, 18, 10, 9, 1, 2, 3, 11, 12, 13, 5, 6, 14, 22, 21, 29, 28, 27, 26, 34, 35, 43, 44, 36, 37, 45, 46, 47]
[00:00:00:00:247] ! Unidirectional s-t. expansions: 298, time: 247 [ms], path length: 36 [edges], generated: 491
[00:00:00:00:016] Expansion 15: New longest path found with length 16: [47, 46, 45, 37, 29, 30, 22, 14, 6, 5, 13, 12, 11, 3, 2, 1, 0]
[00:00:00:00:025] Expansion 35: New longest path found with length 36: [47, 46, 45, 37, 29, 30, 22, 14, 6, 5, 13, 12, 11, 3, 2, 1, 9, 10, 18, 17, 25, 26, 27, 28, 36, 44, 43, 35, 34, 33, 41, 40, 32, 24, 16, 8, 0]
[00:00:00:00:133] Path of length 36 found: [47, 46, 45, 37, 29, 30, 22, 14, 6, 5, 13, 12, 11, 3, 2, 1, 9, 10, 18, 17, 25, 26, 27, 28, 36, 44, 43, 35, 34, 33, 41, 40, 32, 24, 16, 8, 0]
[00:00:00:00:134] ! Unidirectional t-s. expansions: 166, time: 133 [ms], path length: 36 [edges], generated: 287
[00:00:00:00:025] Expansion 33: New longest path found with length 34: [0, 8, 16, 24, 32, 40, 41, 33, 34, 35, 43, 44, 36, 28, 27, 26, 25, 17, 9, 1, 2, 3, 11, 12, 13, 5, 6, 14, 22, 30, 29, 37, 45, 46, 47]
[00:00:00:00:026] Expansion 35: New longest path found with length 36: [0, 8, 16, 24, 32, 40, 41, 33, 34, 35, 43, 44, 36, 28, 27, 26, 25, 17, 18, 10, 9, 1, 2, 3, 11, 12, 13, 5, 6, 14, 22, 30, 29, 37, 45, 46, 47]
[00:00:00:00:397] Path of length 36 found: [0, 8, 16, 24, 32, 40, 41, 33, 34, 35, 43, 44, 36, 28, 27, 26, 25, 17, 18, 10, 9, 1, 2, 3, 11, 12, 13, 5, 6, 14, 22, 30, 29, 37, 45, 46, 47]
[00:00:00:00:733] ! Bidirectional. expansions: 475, time: 397 [ms], path length: 36 [edges], g_F: 19, g_B: 17, generated: {'F': 402, 'B': 441}, MM: 2, MMPER: 4.405405405405405%
[00:00:00:00:733] 
---------- SM_Grids/6x8_grid_with_random_blocks_16per_7 ----------
[00:00:00:00:028] Expansion 37: New longest path found with length 38: [0, 8, 16, 24, 32, 40, 41, 42, 43, 35, 34, 26, 25, 17, 9, 1, 2, 10, 18, 19, 27, 28, 20, 12, 11, 3, 4, 5, 13, 14, 15, 23, 31, 30, 29, 37, 38, 39, 47]
[00:00:00:00:966] Path of length 38 found: [0, 8, 16, 24, 32, 40, 41, 42, 43, 35, 34, 26, 25, 17, 9, 1, 2, 10, 18, 19, 27, 28, 20, 12, 11, 3, 4, 5, 13, 14, 15, 23, 31, 30, 29, 37, 38, 39, 47]
[00:00:00:00:966] ! Unidirectional s-t. expansions: 1,277, time: 966 [ms], path length: 38 [edges], generated: 2,002
[00:00:00:00:011] Expansion 11: New longest path found with length 12: [47, 39, 31, 23, 15, 14, 13, 5, 4, 3, 2, 1, 0]
[00:00:00:00:027] Expansion 37: New longest path found with length 38: [47, 39, 31, 23, 15, 14, 13, 5, 4, 3, 2, 1, 9, 17, 25, 26, 18, 10, 11, 12, 20, 19, 27, 28, 29, 30, 38, 37, 36, 35, 34, 42, 41, 40, 32, 24, 16, 8, 0]
[00:00:00:01:001] Path of length 38 found: [47, 39, 31, 23, 15, 14, 13, 5, 4, 3, 2, 1, 9, 17, 25, 26, 18, 10, 11, 12, 20, 19, 27, 28, 29, 30, 38, 37, 36, 35, 34, 42, 41, 40, 32, 24, 16, 8, 0]
[00:00:00:01:001] ! Unidirectional t-s. expansions: 1,394, time: 1,001 [ms], path length: 38 [edges], generated: 2,504
[00:00:00:00:027] Expansion 35: New longest path found with length 36: [0, 8, 16, 24, 32, 40, 41, 42, 43, 35, 36, 37, 38, 30, 29, 28, 20, 12, 11, 19, 27, 26, 25, 17, 9, 1, 2, 3, 4, 5, 13, 14, 15, 23, 31, 39, 47]
[00:00:00:00:028] Expansion 37: New longest path found with length 38: [0, 8, 16, 24, 32, 40, 41, 42, 43, 35, 36, 37, 38, 30, 29, 28, 20, 12, 11, 10, 18, 19, 27, 26, 25, 17, 9, 1, 2, 3, 4, 5, 13, 14, 15, 23, 31, 39, 47]
[00:00:00:01:918] Path of length 38 found: [0, 8, 16, 24, 32, 40, 41, 42, 43, 35, 36, 37, 38, 30, 29, 28, 20, 12, 11, 10, 18, 19, 27, 26, 25, 17, 9, 1, 2, 3, 4, 5, 13, 14, 15, 23, 31, 39, 47]
[00:00:00:02:250] ! Bidirectional. expansions: 2,804, time: 1,918 [ms], path length: 38 [edges], g_F: 20, g_B: 18, generated: {'F': 2,324, 'B': 2,367}, MM: 2, MMPER: 4.128205128205129%
[00:00:00:02:251] 
---------- SM_Grids/6x8_grid_with_random_blocks_16per_8 ----------
[00:00:00:00:027] Expansion 33: New longest path found with length 34: [0, 8, 9, 17, 16, 24, 32, 40, 41, 33, 25, 26, 27, 19, 20, 28, 36, 35, 43, 44, 45, 37, 29, 21, 13, 5, 6, 14, 15, 23, 22, 30, 31, 39, 47]
[00:00:00:00:028] Expansion 35: New longest path found with length 36: [0, 8, 9, 17, 16, 24, 32, 40, 41, 33, 25, 26, 27, 19, 20, 28, 36, 35, 43, 44, 45, 37, 29, 21, 13, 5, 6, 14, 15, 23, 22, 30, 31, 39, 38, 46, 47]
[00:00:00:00:030] Path of length 36 found: [0, 8, 9, 17, 16, 24, 32, 40, 41, 33, 25, 26, 27, 19, 20, 28, 36, 35, 43, 44, 45, 37, 29, 21, 13, 5, 6, 14, 15, 23, 22, 30, 31, 39, 38, 46, 47]
[00:00:00:00:030] ! Unidirectional s-t. expansions: 37, time: 30 [ms], path length: 36 [edges], generated: 60
[00:00:00:00:026] Expansion 35: New longest path found with length 36: [47, 39, 31, 23, 15, 14, 6, 5, 13, 21, 22, 30, 29, 28, 20, 19, 27, 35, 36, 37, 38, 46, 45, 44, 43, 42, 41, 40, 32, 33, 25, 24, 16, 17, 9, 8, 0]
[00:00:00:00:240] Path of length 36 found: [47, 39, 31, 23, 15, 14, 6, 5, 13, 21, 22, 30, 29, 28, 20, 19, 27, 35, 36, 37, 38, 46, 45, 44, 43, 42, 41, 40, 32, 33, 25, 24, 16, 17, 9, 8, 0]
[00:00:00:00:240] ! Unidirectional t-s. expansions: 270, time: 240 [ms], path length: 36 [edges], generated: 474
[00:00:00:00:026] Expansion 35: New longest path found with length 36: [0, 8, 9, 17, 16, 24, 32, 40, 41, 33, 25, 26, 27, 19, 20, 28, 36, 35, 43, 44, 45, 46, 38, 37, 29, 30, 22, 21, 13, 5, 6, 14, 15, 23, 31, 39, 47]
[00:00:00:00:149] Path of length 36 found: [0, 8, 9, 17, 16, 24, 32, 40, 41, 33, 25, 26, 27, 19, 20, 28, 36, 35, 43, 44, 45, 46, 38, 37, 29, 30, 22, 21, 13, 5, 6, 14, 15, 23, 31, 39, 47]
[00:00:00:00:510] ! Bidirectional. expansions: 168, time: 149 [ms], path length: 36 [edges], g_F: 19, g_B: 17, generated: {'F': 154, 'B': 156}, MM: 2, MMPER: 4.405405405405405%
[00:00:00:00:510] 
---------- SM_Grids/6x8_grid_with_random_blocks_16per_9 ----------
[00:00:00:00:028] Expansion 33: New longest path found with length 34: [0, 1, 9, 17, 25, 24, 32, 40, 41, 33, 34, 42, 43, 35, 27, 26, 18, 10, 2, 3, 4, 12, 20, 28, 29, 21, 13, 5, 6, 14, 22, 23, 31, 39, 47]
[00:00:00:00:028] Expansion 35: New longest path found with length 36: [0, 1, 9, 17, 25, 24, 32, 40, 41, 33, 34, 42, 43, 35, 27, 26, 18, 10, 2, 3, 4, 12, 20, 28, 29, 21, 13, 5, 6, 14, 22, 23, 31, 39, 38, 46, 47]
[00:00:00:00:090] Expansion 136: New longest path found with length 38: [0, 1, 9, 17, 25, 24, 32, 40, 41, 33, 34, 42, 43, 35, 36, 28, 29, 21, 13, 12, 20, 19, 27, 26, 18, 10, 2, 3, 4, 5, 6, 14, 22, 23, 31, 39, 38, 46, 47]
[00:00:00:01:358] Path of length 38 found: [0, 1, 9, 17, 25, 24, 32, 40, 41, 33, 34, 42, 43, 35, 36, 28, 29, 21, 13, 12, 20, 19, 27, 26, 18, 10, 2, 3, 4, 5, 6, 14, 22, 23, 31, 39, 38, 46, 47]
[00:00:00:01:359] ! Unidirectional s-t. expansions: 1,808, time: 1,359 [ms], path length: 38 [edges], generated: 3,176
[00:00:00:00:027] Expansion 35: New longest path found with length 36: [47, 39, 38, 46, 45, 44, 36, 28, 29, 21, 22, 14, 6, 5, 13, 12, 4, 3, 2, 10, 18, 19, 27, 26, 34, 35, 43, 42, 41, 40, 32, 24, 25, 17, 9, 1, 0]
[00:00:00:00:208] Expansion 241: New longest path found with length 38: [47, 39, 38, 46, 45, 44, 36, 35, 43, 42, 34, 33, 41, 40, 32, 24, 25, 17, 9, 10, 18, 26, 27, 19, 20, 28, 29, 21, 22, 14, 6, 5, 13, 12, 4, 3, 2, 1, 0]
[00:00:00:00:507] Path of length 38 found: [47, 39, 38, 46, 45, 44, 36, 35, 43, 42, 34, 33, 41, 40, 32, 24, 25, 17, 9, 10, 18, 26, 27, 19, 20, 28, 29, 21, 22, 14, 6, 5, 13, 12, 4, 3, 2, 1, 0]
[00:00:00:00:507] ! Unidirectional t-s. expansions: 677, time: 507 [ms], path length: 38 [edges], generated: 1,156
[00:00:00:00:027] Expansion 35: New longest path found with length 36: [0, 1, 9, 17, 25, 24, 32, 40, 41, 33, 34, 42, 43, 35, 27, 26, 18, 10, 2, 3, 4, 12, 13, 5, 6, 14, 22, 21, 29, 28, 36, 44, 45, 46, 38, 39, 47]
[00:00:00:00:212] Expansion 318: New longest path found with length 38: [0, 1, 9, 17, 18, 10, 2, 3, 4, 12, 13, 5, 6, 14, 22, 21, 29, 28, 20, 19, 27, 26, 25, 24, 32, 40, 41, 33, 34, 42, 43, 35, 36, 44, 45, 46, 38, 39, 47]
[00:00:00:00:485] Path of length 38 found: [0, 1, 9, 17, 18, 10, 2, 3, 4, 12, 13, 5, 6, 14, 22, 21, 29, 28, 20, 19, 27, 26, 25, 24, 32, 40, 41, 33, 34, 42, 43, 35, 36, 44, 45, 46, 38, 39, 47]
[00:00:00:00:820] ! Bidirectional. expansions: 789, time: 485 [ms], path length: 38 [edges], g_F: 20, g_B: 18, generated: {'F': 765, 'B': 731}, MM: 2, MMPER: 4.128205128205129%

[00:00:00:00:820] average expansions: (1,546, 978, 1,593, 0)
[00:00:00:00:820] average time: (1,000, 666, 1,032, 0)
[00:00:00:00:820] X-DFBnB: 978 , 666 (expansions , time[ms])
[00:00:00:00:820] BiX-DFBnB: 1,593 , 1,032 (expansions , time[ms])

