Thu 19 Mar 2026 15:59:51 IST

SLURM_JOBID:		 16118868
SLURM_JOB_NODELIST:	 ise-cpu256-03 

--------------------------
date: SM_Grids
number_of_graphs: 10
graph_type: grid
size_of_graphs: [7, 7]
heuristic: bcc_heuristic
snake: False
run_uni: True
run_bi: True
run_multi: False
solution_vertices: []
algorithms: ['DFBnB']
bsd: False
cube_first_dims: 4
cube_buffer_dim: None
backward_sym_generation: False
sym_coil: False
prefix_set: None

---------- SM_Grids/7x7_grid_with_random_blocks_12per_0 ----------
[00:00:00:00:028] Expansion 35: New longest path found with length 36: [0, 7, 14, 21, 28, 35, 42, 43, 36, 29, 22, 15, 8, 1, 2, 9, 16, 17, 10, 3, 4, 11, 18, 19, 26, 33, 32, 31, 30, 37, 44, 45, 38, 39, 46, 47, 48]
[00:00:00:00:028] Expansion 37: New longest path found with length 38: [0, 7, 14, 21, 28, 35, 42, 43, 36, 29, 22, 15, 8, 1, 2, 9, 16, 17, 10, 3, 4, 11, 18, 19, 26, 33, 32, 31, 30, 37, 44, 45, 38, 39, 46, 47, 40, 41, 48]
[00:00:00:00:777] Path of length 38 found: [0, 7, 14, 21, 28, 35, 42, 43, 36, 29, 22, 15, 8, 1, 2, 9, 16, 17, 10, 3, 4, 11, 18, 19, 26, 33, 32, 31, 30, 37, 44, 45, 38, 39, 46, 47, 40, 41, 48]
[00:00:00:00:777] ! Unidirectional s-t. expansions: 931, time: 777 [ms], path length: 38 [edges], generated: 1,693
[00:00:00:00:017] Expansion 15: New longest path found with length 16: [48, 41, 40, 47, 46, 39, 32, 33, 26, 19, 18, 11, 4, 3, 2, 1, 0]
[00:00:00:00:029] Expansion 37: New longest path found with length 38: [48, 41, 40, 47, 46, 39, 32, 33, 26, 19, 18, 11, 4, 3, 2, 1, 8, 15, 16, 9, 10, 17, 24, 31, 30, 29, 36, 37, 38, 45, 44, 43, 42, 35, 28, 21, 14, 7, 0]
[00:00:00:00:556] Path of length 38 found: [48, 41, 40, 47, 46, 39, 32, 33, 26, 19, 18, 11, 4, 3, 2, 1, 8, 15, 16, 9, 10, 17, 24, 31, 30, 29, 36, 37, 38, 45, 44, 43, 42, 35, 28, 21, 14, 7, 0]
[00:00:00:00:556] ! Unidirectional t-s. expansions: 749, time: 556 [ms], path length: 38 [edges], generated: 1,276
[00:00:00:00:030] Expansion 37: New longest path found with length 38: [0, 7, 14, 21, 28, 35, 42, 43, 36, 29, 30, 37, 44, 45, 38, 31, 24, 17, 10, 9, 16, 15, 8, 1, 2, 3, 4, 11, 18, 19, 26, 33, 32, 39, 46, 47, 40, 41, 48]
[00:00:00:01:830] Path of length 38 found: [0, 7, 14, 21, 28, 35, 42, 43, 36, 29, 30, 37, 44, 45, 38, 31, 24, 17, 10, 9, 16, 15, 8, 1, 2, 3, 4, 11, 18, 19, 26, 33, 32, 39, 46, 47, 40, 41, 48]
[00:00:00:02:194] ! Bidirectional. expansions: 2,411, time: 1,830 [ms], path length: 38 [edges], g_F: 20, g_B: 18, generated: {'F': 2,318, 'B': 2,199}, MM: 2, MMPER: 4.128205128205129%
[00:00:00:02:194] 
---------- SM_Grids/7x7_grid_with_random_blocks_12per_1 ----------
[00:00:00:00:034] Expansion 37: New longest path found with length 38: [0, 7, 14, 21, 28, 35, 42, 43, 44, 45, 46, 39, 32, 31, 30, 29, 22, 23, 16, 15, 8, 1, 2, 9, 10, 3, 4, 11, 18, 25, 26, 19, 20, 27, 34, 33, 40, 47, 48]
[00:00:00:00:691] Expansion 1,031: New longest path found with length 40: [0, 7, 14, 21, 28, 29, 36, 35, 42, 43, 44, 45, 46, 39, 32, 31, 30, 23, 22, 15, 8, 1, 2, 9, 16, 17, 10, 3, 4, 11, 18, 25, 26, 19, 20, 27, 34, 33, 40, 47, 48]
[00:00:00:02:519] Path of length 40 found: [0, 7, 14, 21, 28, 29, 36, 35, 42, 43, 44, 45, 46, 39, 32, 31, 30, 23, 22, 15, 8, 1, 2, 9, 16, 17, 10, 3, 4, 11, 18, 25, 26, 19, 20, 27, 34, 33, 40, 47, 48]
[00:00:00:02:519] ! Unidirectional s-t. expansions: 3,592, time: 2,519 [ms], path length: 40 [edges], generated: 5,951
[00:00:00:00:015] Expansion 11: New longest path found with length 12: [48, 41, 34, 27, 20, 19, 18, 11, 4, 3, 2, 1, 0]
[00:00:00:00:065] Expansion 39: New longest path found with length 40: [48, 41, 34, 27, 20, 19, 18, 11, 4, 3, 2, 1, 8, 9, 10, 17, 16, 15, 22, 23, 30, 31, 32, 25, 26, 33, 40, 39, 46, 45, 44, 43, 42, 35, 36, 29, 28, 21, 14, 7, 0]
[00:00:00:00:530] Path of length 40 found: [48, 41, 34, 27, 20, 19, 18, 11, 4, 3, 2, 1, 8, 9, 10, 17, 16, 15, 22, 23, 30, 31, 32, 25, 26, 33, 40, 39, 46, 45, 44, 43, 42, 35, 36, 29, 28, 21, 14, 7, 0]
[00:00:00:00:530] ! Unidirectional t-s. expansions: 563, time: 530 [ms], path length: 40 [edges], generated: 1,008
[00:00:00:00:033] Expansion 37: New longest path found with length 38: [0, 7, 14, 21, 28, 35, 42, 43, 44, 45, 46, 47, 40, 33, 26, 25, 32, 31, 30, 23, 22, 15, 16, 17, 10, 9, 8, 1, 2, 3, 4, 11, 18, 19, 20, 27, 34, 41, 48]
[00:00:00:00:411] Expansion 722: New longest path found with length 40: [0, 7, 14, 21, 28, 29, 36, 35, 42, 43, 44, 45, 46, 47, 40, 33, 26, 25, 32, 31, 30, 23, 22, 15, 16, 17, 10, 9, 8, 1, 2, 3, 4, 11, 18, 19, 20, 27, 34, 41, 48]
[00:00:00:02:678] Path of length 40 found: [0, 7, 14, 21, 28, 29, 36, 35, 42, 43, 44, 45, 46, 47, 40, 33, 26, 25, 32, 31, 30, 23, 22, 15, 16, 17, 10, 9, 8, 1, 2, 3, 4, 11, 18, 19, 20, 27, 34, 41, 48]
[00:00:00:03:017] ! Bidirectional. expansions: 3,320, time: 2,678 [ms], path length: 40 [edges], g_F: 21, g_B: 19, generated: {'F': 3,222, 'B': 3,245}, MM: 2, MMPER: 3.8780487804878048%
[00:00:00:03:017] 
---------- SM_Grids/7x7_grid_with_random_blocks_12per_2 ----------
[00:00:00:00:034] Expansion 37: New longest path found with length 38: [0, 7, 14, 21, 28, 29, 22, 15, 8, 1, 2, 9, 16, 23, 30, 37, 36, 43, 44, 45, 38, 31, 24, 17, 10, 3, 4, 11, 18, 19, 26, 25, 32, 39, 40, 33, 34, 41, 48]
[00:00:00:03:689] Path of length 38 found: [0, 7, 14, 21, 28, 29, 22, 15, 8, 1, 2, 9, 16, 23, 30, 37, 36, 43, 44, 45, 38, 31, 24, 17, 10, 3, 4, 11, 18, 19, 26, 25, 32, 39, 40, 33, 34, 41, 48]
[00:00:00:03:689] ! Unidirectional s-t. expansions: 4,991, time: 3,689 [ms], path length: 38 [edges], generated: 8,660
[00:00:00:00:016] Expansion 13: New longest path found with length 14: [48, 47, 40, 41, 34, 33, 26, 19, 18, 11, 4, 3, 2, 1, 0]
[00:00:00:00:031] Expansion 37: New longest path found with length 38: [48, 47, 40, 41, 34, 33, 26, 19, 18, 11, 4, 3, 2, 1, 8, 15, 22, 23, 16, 9, 10, 17, 24, 25, 32, 39, 38, 31, 30, 37, 44, 43, 36, 29, 28, 21, 14, 7, 0]
[00:00:00:00:497] Path of length 38 found: [48, 47, 40, 41, 34, 33, 26, 19, 18, 11, 4, 3, 2, 1, 8, 15, 22, 23, 16, 9, 10, 17, 24, 25, 32, 39, 38, 31, 30, 37, 44, 43, 36, 29, 28, 21, 14, 7, 0]
[00:00:00:00:497] ! Unidirectional t-s. expansions: 681, time: 497 [ms], path length: 38 [edges], generated: 1,240
[00:00:00:00:033] Expansion 37: New longest path found with length 38: [0, 7, 14, 21, 28, 29, 22, 15, 8, 1, 2, 9, 16, 23, 30, 37, 36, 43, 44, 45, 38, 31, 32, 25, 24, 17, 10, 3, 4, 11, 18, 19, 26, 33, 34, 41, 40, 47, 48]
[00:00:00:01:375] Path of length 38 found: [0, 7, 14, 21, 28, 29, 22, 15, 8, 1, 2, 9, 16, 23, 30, 37, 36, 43, 44, 45, 38, 31, 32, 25, 24, 17, 10, 3, 4, 11, 18, 19, 26, 33, 34, 41, 40, 47, 48]
[00:00:00:01:713] ! Bidirectional. expansions: 1,759, time: 1,375 [ms], path length: 38 [edges], g_F: 20, g_B: 18, generated: {'F': 1,699, 'B': 1,767}, MM: 2, MMPER: 4.128205128205129%
[00:00:00:01:713] 
---------- SM_Grids/7x7_grid_with_random_blocks_12per_3 ----------
[00:00:00:00:032] Expansion 37: New longest path found with length 38: [0, 7, 14, 21, 28, 35, 42, 43, 36, 37, 30, 29, 22, 15, 8, 1, 2, 9, 16, 23, 24, 17, 10, 3, 4, 5, 6, 13, 12, 19, 20, 27, 26, 25, 32, 39, 46, 47, 48]
[00:00:00:00:033] Expansion 41: New longest path found with length 42: [0, 7, 14, 21, 28, 35, 42, 43, 36, 37, 30, 29, 22, 15, 8, 1, 2, 9, 16, 23, 24, 17, 10, 3, 4, 5, 6, 13, 12, 19, 20, 27, 26, 25, 32, 39, 46, 47, 40, 33, 34, 41, 48]
[00:00:00:00:035] Path of length 42 found: [0, 7, 14, 21, 28, 35, 42, 43, 36, 37, 30, 29, 22, 15, 8, 1, 2, 9, 16, 23, 24, 17, 10, 3, 4, 5, 6, 13, 12, 19, 20, 27, 26, 25, 32, 39, 46, 47, 40, 33, 34, 41, 48]
[00:00:00:00:035] ! Unidirectional s-t. expansions: 42, time: 35 [ms], path length: 42 [edges], generated: 67
[00:00:00:00:024] Expansion 23: New longest path found with length 24: [48, 41, 34, 27, 20, 13, 6, 5, 12, 19, 26, 33, 40, 47, 46, 39, 32, 25, 24, 17, 10, 3, 2, 1, 0]
[00:00:00:00:031] Expansion 39: New longest path found with length 40: [48, 41, 34, 27, 20, 13, 6, 5, 12, 19, 26, 33, 40, 47, 46, 39, 32, 25, 24, 17, 10, 3, 2, 1, 8, 9, 16, 15, 22, 23, 30, 37, 36, 43, 42, 35, 28, 21, 14, 7, 0]
[00:00:00:00:149] Expansion 234: New longest path found with length 42: [48, 41, 34, 33, 40, 47, 46, 39, 32, 25, 26, 27, 20, 19, 12, 13, 6, 5, 4, 3, 2, 1, 8, 15, 16, 9, 10, 17, 24, 23, 22, 29, 30, 37, 36, 43, 42, 35, 28, 21, 14, 7, 0]
[00:00:00:00:151] Path of length 42 found: [48, 41, 34, 33, 40, 47, 46, 39, 32, 25, 26, 27, 20, 19, 12, 13, 6, 5, 4, 3, 2, 1, 8, 15, 16, 9, 10, 17, 24, 23, 22, 29, 30, 37, 36, 43, 42, 35, 28, 21, 14, 7, 0]
[00:00:00:00:151] ! Unidirectional t-s. expansions: 235, time: 151 [ms], path length: 42 [edges], generated: 406
[00:00:00:00:032] Expansion 39: New longest path found with length 40: [0, 7, 14, 21, 28, 35, 42, 43, 36, 37, 30, 29, 22, 15, 8, 1, 2, 3, 10, 9, 16, 17, 24, 25, 32, 39, 46, 47, 40, 33, 26, 19, 12, 5, 6, 13, 20, 27, 34, 41, 48]
[00:00:00:00:098] Expansion 131: New longest path found with length 42: [0, 7, 14, 21, 28, 35, 42, 43, 36, 37, 30, 29, 22, 15, 8, 1, 2, 9, 16, 23, 24, 17, 10, 3, 4, 5, 6, 13, 12, 19, 20, 27, 26, 25, 32, 39, 46, 47, 40, 33, 34, 41, 48]
[00:00:00:00:099] Path of length 42 found: [0, 7, 14, 21, 28, 35, 42, 43, 36, 37, 30, 29, 22, 15, 8, 1, 2, 9, 16, 23, 24, 17, 10, 3, 4, 5, 6, 13, 12, 19, 20, 27, 26, 25, 32, 39, 46, 47, 40, 33, 34, 41, 48]
[00:00:00:00:436] ! Bidirectional. expansions: 132, time: 99 [ms], path length: 42 [edges], g_F: 22, g_B: 20, generated: {'F': 115, 'B': 107}, MM: 2, MMPER: 3.6511627906976747%
[00:00:00:00:437] 
---------- SM_Grids/7x7_grid_with_random_blocks_12per_4 ----------
[00:00:00:00:065] Expansion 39: New longest path found with length 40: [0, 7, 8, 1, 2, 9, 16, 15, 22, 21, 28, 29, 36, 43, 44, 45, 38, 31, 30, 23, 24, 17, 10, 3, 4, 11, 18, 19, 12, 5, 6, 13, 20, 27, 26, 33, 32, 39, 46, 47, 48]
[00:00:00:00:065] Expansion 41: New longest path found with length 42: [0, 7, 8, 1, 2, 9, 16, 15, 22, 21, 28, 29, 36, 43, 44, 45, 38, 31, 30, 23, 24, 17, 10, 3, 4, 11, 18, 19, 12, 5, 6, 13, 20, 27, 26, 33, 32, 39, 46, 47, 40, 41, 48]
[00:00:00:00:068] Path of length 42 found: [0, 7, 8, 1, 2, 9, 16, 15, 22, 21, 28, 29, 36, 43, 44, 45, 38, 31, 30, 23, 24, 17, 10, 3, 4, 11, 18, 19, 12, 5, 6, 13, 20, 27, 26, 33, 32, 39, 46, 47, 40, 41, 48]
[00:00:00:00:069] ! Unidirectional s-t. expansions: 42, time: 68 [ms], path length: 42 [edges], generated: 67
[00:00:00:00:033] Expansion 39: New longest path found with length 40: [48, 41, 40, 47, 46, 39, 32, 33, 26, 27, 20, 13, 6, 5, 4, 3, 2, 9, 10, 11, 12, 19, 18, 17, 16, 23, 24, 31, 38, 45, 44, 43, 36, 29, 28, 21, 22, 15, 8, 1, 0]
[00:00:00:00:081] Expansion 135: New longest path found with length 42: [48, 41, 40, 47, 46, 39, 32, 33, 26, 27, 20, 13, 6, 5, 4, 3, 10, 11, 12, 19, 18, 17, 24, 23, 30, 31, 38, 45, 44, 43, 36, 29, 28, 21, 22, 15, 16, 9, 2, 1, 8, 7, 0]
[00:00:00:00:083] Path of length 42 found: [48, 41, 40, 47, 46, 39, 32, 33, 26, 27, 20, 13, 6, 5, 4, 3, 10, 11, 12, 19, 18, 17, 24, 23, 30, 31, 38, 45, 44, 43, 36, 29, 28, 21, 22, 15, 16, 9, 2, 1, 8, 7, 0]
[00:00:00:00:083] ! Unidirectional t-s. expansions: 136, time: 83 [ms], path length: 42 [edges], generated: 211
[00:00:00:00:032] Expansion 41: New longest path found with length 42: [0, 7, 8, 1, 2, 9, 16, 15, 22, 21, 28, 29, 36, 43, 44, 45, 38, 31, 30, 23, 24, 17, 18, 19, 12, 11, 10, 3, 4, 5, 6, 13, 20, 27, 26, 33, 32, 39, 46, 47, 40, 41, 48]
[00:00:00:00:034] Path of length 42 found: [0, 7, 8, 1, 2, 9, 16, 15, 22, 21, 28, 29, 36, 43, 44, 45, 38, 31, 30, 23, 24, 17, 18, 19, 12, 11, 10, 3, 4, 5, 6, 13, 20, 27, 26, 33, 32, 39, 46, 47, 40, 41, 48]
[00:00:00:00:377] ! Bidirectional. expansions: 42, time: 34 [ms], path length: 42 [edges], g_F: 22, g_B: 20, generated: {'F': 36, 'B': 36}, MM: 2, MMPER: 3.6511627906976747%
[00:00:00:00:377] 
---------- SM_Grids/7x7_grid_with_random_blocks_12per_5 ----------
[00:00:00:00:033] Expansion 37: New longest path found with length 38: [0, 7, 14, 21, 28, 35, 42, 43, 36, 29, 22, 15, 8, 1, 2, 9, 16, 23, 30, 37, 38, 31, 24, 25, 32, 33, 26, 19, 18, 11, 4, 5, 12, 13, 20, 27, 34, 41, 48]
[00:00:00:00:047] Expansion 61: New longest path found with length 40: [0, 7, 14, 21, 28, 35, 42, 43, 36, 29, 22, 15, 8, 1, 2, 9, 16, 23, 24, 25, 18, 11, 4, 5, 6, 13, 12, 19, 20, 27, 26, 33, 32, 31, 30, 37, 38, 45, 46, 47, 48]
[00:00:00:04:546] Path of length 40 found: [0, 7, 14, 21, 28, 35, 42, 43, 36, 29, 22, 15, 8, 1, 2, 9, 16, 23, 24, 25, 18, 11, 4, 5, 6, 13, 12, 19, 20, 27, 26, 33, 32, 31, 30, 37, 38, 45, 46, 47, 48]
[00:00:00:04:546] ! Unidirectional s-t. expansions: 6,203, time: 4,546 [ms], path length: 40 [edges], generated: 10,764
[00:00:00:00:024] Expansion 23: New longest path found with length 24: [48, 47, 46, 45, 38, 31, 24, 25, 32, 33, 34, 27, 26, 19, 20, 13, 6, 5, 4, 11, 10, 9, 2, 1, 0]
[00:00:00:00:031] Expansion 39: New longest path found with length 40: [48, 47, 46, 45, 38, 31, 24, 25, 32, 33, 34, 27, 26, 19, 20, 13, 6, 5, 4, 11, 10, 9, 2, 1, 8, 15, 16, 23, 22, 29, 30, 37, 36, 43, 42, 35, 28, 21, 14, 7, 0]
[00:00:00:01:567] Path of length 40 found: [48, 47, 46, 45, 38, 31, 24, 25, 32, 33, 34, 27, 26, 19, 20, 13, 6, 5, 4, 11, 10, 9, 2, 1, 8, 15, 16, 23, 22, 29, 30, 37, 36, 43, 42, 35, 28, 21, 14, 7, 0]
[00:00:00:01:567] ! Unidirectional t-s. expansions: 2,019, time: 1,567 [ms], path length: 40 [edges], generated: 3,682
[00:00:00:00:032] Expansion 39: New longest path found with length 40: [0, 7, 14, 21, 28, 35, 42, 43, 36, 37, 30, 29, 22, 23, 16, 15, 8, 1, 2, 9, 10, 11, 4, 5, 6, 13, 20, 19, 26, 27, 34, 33, 32, 25, 24, 31, 38, 45, 46, 47, 48]
[00:00:00:02:061] Path of length 40 found: [0, 7, 14, 21, 28, 35, 42, 43, 36, 37, 30, 29, 22, 23, 16, 15, 8, 1, 2, 9, 10, 11, 4, 5, 6, 13, 20, 19, 26, 27, 34, 33, 32, 25, 24, 31, 38, 45, 46, 47, 48]
[00:00:00:02:434] ! Bidirectional. expansions: 3,138, time: 2,061 [ms], path length: 40 [edges], g_F: 21, g_B: 19, generated: {'F': 2,834, 'B': 2,958}, MM: 2, MMPER: 3.8780487804878048%
[00:00:00:02:434] 
---------- SM_Grids/7x7_grid_with_random_blocks_12per_6 ----------
[00:00:00:00:034] Expansion 39: New longest path found with length 40: [0, 7, 14, 21, 28, 35, 42, 43, 36, 29, 22, 15, 8, 1, 2, 3, 4, 11, 12, 5, 6, 13, 20, 27, 26, 25, 18, 17, 16, 23, 24, 31, 30, 37, 44, 45, 38, 39, 46, 47, 48]
[00:00:00:09:272] Path of length 40 found: [0, 7, 14, 21, 28, 35, 42, 43, 36, 29, 22, 15, 8, 1, 2, 3, 4, 11, 12, 5, 6, 13, 20, 27, 26, 25, 18, 17, 16, 23, 24, 31, 30, 37, 44, 45, 38, 39, 46, 47, 48]
[00:00:00:09:272] ! Unidirectional s-t. expansions: 13,071, time: 9,272 [ms], path length: 40 [edges], generated: 21,750
[00:00:00:00:014] Expansion 13: New longest path found with length 14: [48, 41, 34, 27, 20, 13, 6, 5, 12, 11, 4, 3, 2, 1, 0]
[00:00:00:00:033] Expansion 39: New longest path found with length 40: [48, 41, 34, 27, 20, 13, 6, 5, 12, 11, 4, 3, 2, 1, 8, 15, 22, 29, 36, 37, 30, 23, 16, 17, 18, 25, 24, 31, 32, 39, 38, 45, 44, 43, 42, 35, 28, 21, 14, 7, 0]
[00:00:00:03:208] Path of length 40 found: [48, 41, 34, 27, 20, 13, 6, 5, 12, 11, 4, 3, 2, 1, 8, 15, 22, 29, 36, 37, 30, 23, 16, 17, 18, 25, 24, 31, 32, 39, 38, 45, 44, 43, 42, 35, 28, 21, 14, 7, 0]
[00:00:00:03:209] ! Unidirectional t-s. expansions: 3,973, time: 3,209 [ms], path length: 40 [edges], generated: 6,774
[00:00:00:00:070] Expansion 39: New longest path found with length 40: [0, 7, 14, 21, 28, 35, 42, 43, 36, 29, 22, 23, 30, 37, 44, 45, 46, 39, 38, 31, 24, 25, 18, 17, 16, 15, 8, 1, 2, 3, 4, 11, 12, 5, 6, 13, 20, 27, 34, 41, 48]
[00:00:00:03:999] Path of length 40 found: [0, 7, 14, 21, 28, 35, 42, 43, 36, 29, 22, 23, 30, 37, 44, 45, 46, 39, 38, 31, 24, 25, 18, 17, 16, 15, 8, 1, 2, 3, 4, 11, 12, 5, 6, 13, 20, 27, 34, 41, 48]
[00:00:00:04:337] ! Bidirectional. expansions: 5,871, time: 3,999 [ms], path length: 40 [edges], g_F: 21, g_B: 19, generated: {'F': 5,288, 'B': 5,287}, MM: 2, MMPER: 3.8780487804878048%
[00:00:00:04:337] 
---------- SM_Grids/7x7_grid_with_random_blocks_12per_7 ----------
[00:00:00:00:032] Expansion 39: New longest path found with length 40: [0, 7, 14, 21, 28, 35, 42, 43, 36, 29, 30, 23, 16, 15, 8, 1, 2, 9, 10, 3, 4, 11, 12, 13, 20, 19, 18, 17, 24, 31, 38, 45, 46, 39, 32, 25, 26, 33, 40, 41, 48]
[00:00:00:02:329] Path of length 40 found: [0, 7, 14, 21, 28, 35, 42, 43, 36, 29, 30, 23, 16, 15, 8, 1, 2, 9, 10, 3, 4, 11, 12, 13, 20, 19, 18, 17, 24, 31, 38, 45, 46, 39, 32, 25, 26, 33, 40, 41, 48]
[00:00:00:02:329] ! Unidirectional s-t. expansions: 3,256, time: 2,329 [ms], path length: 40 [edges], generated: 5,451
[00:00:00:00:023] Expansion 21: New longest path found with length 22: [48, 41, 34, 33, 40, 39, 46, 45, 38, 31, 32, 25, 26, 19, 20, 13, 12, 11, 4, 3, 2, 1, 0]
[00:00:00:00:032] Expansion 39: New longest path found with length 40: [48, 41, 34, 33, 40, 39, 46, 45, 38, 31, 32, 25, 26, 19, 20, 13, 12, 11, 4, 3, 2, 1, 8, 15, 16, 9, 10, 17, 24, 23, 30, 29, 36, 43, 42, 35, 28, 21, 14, 7, 0]
[00:00:00:00:630] Path of length 40 found: [48, 41, 34, 33, 40, 39, 46, 45, 38, 31, 32, 25, 26, 19, 20, 13, 12, 11, 4, 3, 2, 1, 8, 15, 16, 9, 10, 17, 24, 23, 30, 29, 36, 43, 42, 35, 28, 21, 14, 7, 0]
[00:00:00:00:630] ! Unidirectional t-s. expansions: 704, time: 630 [ms], path length: 40 [edges], generated: 1,323
[00:00:00:00:020] Expansion 19: New longest path found with length 20: [0, 7, 14, 21, 28, 35, 42, 43, 36, 29, 30, 31, 38, 45, 46, 39, 40, 33, 34, 41, 48]
[00:00:00:00:032] Expansion 39: New longest path found with length 40: [0, 7, 14, 21, 28, 35, 42, 43, 36, 29, 30, 23, 16, 15, 8, 1, 2, 9, 10, 3, 4, 11, 12, 13, 20, 19, 18, 17, 24, 25, 32, 31, 38, 45, 46, 39, 40, 33, 34, 41, 48]
[00:00:00:01:665] Path of length 40 found: [0, 7, 14, 21, 28, 35, 42, 43, 36, 29, 30, 23, 16, 15, 8, 1, 2, 9, 10, 3, 4, 11, 12, 13, 20, 19, 18, 17, 24, 25, 32, 31, 38, 45, 46, 39, 40, 33, 34, 41, 48]
[00:00:00:02:042] ! Bidirectional. expansions: 1,908, time: 1,665 [ms], path length: 40 [edges], g_F: 21, g_B: 19, generated: {'F': 1,744, 'B': 1,802}, MM: 2, MMPER: 3.8780487804878048%
[00:00:00:02:042] 
---------- SM_Grids/7x7_grid_with_random_blocks_12per_8 ----------
[00:00:00:00:033] Expansion 39: New longest path found with length 40: [0, 7, 14, 21, 28, 35, 42, 43, 44, 37, 36, 29, 22, 15, 8, 1, 2, 9, 16, 23, 30, 31, 24, 17, 10, 3, 4, 5, 6, 13, 12, 19, 20, 27, 26, 25, 32, 39, 46, 47, 48]
[00:00:00:00:045] Expansion 66: New longest path found with length 42: [0, 7, 14, 21, 28, 35, 42, 43, 44, 37, 36, 29, 22, 15, 8, 1, 2, 9, 16, 23, 30, 31, 24, 25, 18, 17, 10, 3, 4, 5, 6, 13, 12, 19, 20, 27, 26, 33, 32, 39, 46, 47, 48]
[00:00:00:01:995] Path of length 42 found: [0, 7, 14, 21, 28, 35, 42, 43, 44, 37, 36, 29, 22, 15, 8, 1, 2, 9, 16, 23, 30, 31, 24, 25, 18, 17, 10, 3, 4, 5, 6, 13, 12, 19, 20, 27, 26, 33, 32, 39, 46, 47, 48]
[00:00:00:01:995] ! Unidirectional s-t. expansions: 2,567, time: 1,995 [ms], path length: 42 [edges], generated: 4,335
[00:00:00:00:023] Expansion 21: New longest path found with length 22: [48, 47, 46, 39, 32, 33, 26, 27, 20, 13, 6, 5, 12, 19, 18, 25, 24, 17, 10, 3, 2, 1, 0]
[00:00:00:00:033] Expansion 41: New longest path found with length 42: [48, 47, 46, 39, 32, 33, 26, 27, 20, 13, 6, 5, 12, 19, 18, 25, 24, 17, 10, 3, 2, 1, 8, 9, 16, 15, 22, 23, 30, 31, 38, 37, 44, 43, 42, 35, 36, 29, 28, 21, 14, 7, 0]
[00:00:00:00:890] Path of length 42 found: [48, 47, 46, 39, 32, 33, 26, 27, 20, 13, 6, 5, 12, 19, 18, 25, 24, 17, 10, 3, 2, 1, 8, 9, 16, 15, 22, 23, 30, 31, 38, 37, 44, 43, 42, 35, 36, 29, 28, 21, 14, 7, 0]
[00:00:00:00:890] ! Unidirectional t-s. expansions: 1,185, time: 890 [ms], path length: 42 [edges], generated: 2,127
[00:00:00:00:033] Expansion 39: New longest path found with length 40: [0, 7, 14, 21, 28, 35, 42, 43, 44, 37, 36, 29, 22, 15, 8, 1, 2, 3, 10, 9, 16, 23, 30, 31, 24, 25, 18, 19, 12, 5, 6, 13, 20, 27, 26, 33, 32, 39, 46, 47, 48]
[00:00:00:00:075] Expansion 111: New longest path found with length 42: [0, 7, 14, 21, 28, 35, 42, 43, 44, 37, 36, 29, 22, 15, 8, 1, 2, 9, 16, 23, 30, 31, 24, 25, 18, 17, 10, 3, 4, 5, 6, 13, 12, 19, 20, 27, 26, 33, 32, 39, 46, 47, 48]
[00:00:00:02:756] Path of length 42 found: [0, 7, 14, 21, 28, 35, 42, 43, 44, 37, 36, 29, 22, 15, 8, 1, 2, 9, 16, 23, 30, 31, 24, 25, 18, 17, 10, 3, 4, 5, 6, 13, 12, 19, 20, 27, 26, 33, 32, 39, 46, 47, 48]
[00:00:00:03:126] ! Bidirectional. expansions: 3,665, time: 2,756 [ms], path length: 42 [edges], g_F: 22, g_B: 20, generated: {'F': 3,322, 'B': 3,187}, MM: 2, MMPER: 3.6511627906976747%
[00:00:00:03:126] 
---------- SM_Grids/7x7_grid_with_random_blocks_12per_9 ----------
[00:00:00:00:032] Expansion 39: New longest path found with length 40: [0, 7, 14, 21, 28, 29, 36, 37, 30, 23, 16, 15, 8, 1, 2, 9, 10, 3, 4, 11, 18, 17, 24, 31, 38, 45, 46, 39, 32, 25, 26, 19, 12, 5, 6, 13, 20, 27, 34, 41, 48]
[00:00:00:02:231] Path of length 40 found: [0, 7, 14, 21, 28, 29, 36, 37, 30, 23, 16, 15, 8, 1, 2, 9, 10, 3, 4, 11, 18, 17, 24, 31, 38, 45, 46, 39, 32, 25, 26, 19, 12, 5, 6, 13, 20, 27, 34, 41, 48]
[00:00:00:02:231] ! Unidirectional s-t. expansions: 2,956, time: 2,231 [ms], path length: 40 [edges], generated: 5,128
[00:00:00:00:013] Expansion 11: New longest path found with length 12: [48, 41, 34, 27, 20, 13, 6, 5, 4, 3, 2, 1, 0]
[00:00:00:00:033] Expansion 39: New longest path found with length 40: [48, 41, 34, 27, 20, 13, 6, 5, 4, 3, 2, 1, 8, 15, 16, 9, 10, 17, 24, 25, 18, 11, 12, 19, 26, 33, 32, 39, 46, 45, 38, 31, 30, 37, 36, 29, 28, 21, 14, 7, 0]
[00:00:00:04:183] Path of length 40 found: [48, 41, 34, 27, 20, 13, 6, 5, 4, 3, 2, 1, 8, 15, 16, 9, 10, 17, 24, 25, 18, 11, 12, 19, 26, 33, 32, 39, 46, 45, 38, 31, 30, 37, 36, 29, 28, 21, 14, 7, 0]
[00:00:00:04:183] ! Unidirectional t-s. expansions: 6,361, time: 4,183 [ms], path length: 40 [edges], generated: 10,559
[00:00:00:00:032] Expansion 39: New longest path found with length 40: [0, 7, 14, 21, 28, 29, 36, 37, 30, 23, 16, 17, 24, 31, 38, 45, 46, 39, 32, 33, 26, 25, 18, 19, 12, 11, 10, 9, 8, 1, 2, 3, 4, 5, 6, 13, 20, 27, 34, 41, 48]
[00:00:00:03:231] Path of length 40 found: [0, 7, 14, 21, 28, 29, 36, 37, 30, 23, 16, 17, 24, 31, 38, 45, 46, 39, 32, 33, 26, 25, 18, 19, 12, 11, 10, 9, 8, 1, 2, 3, 4, 5, 6, 13, 20, 27, 34, 41, 48]
[00:00:00:03:567] ! Bidirectional. expansions: 4,691, time: 3,231 [ms], path length: 40 [edges], g_F: 21, g_B: 19, generated: {'F': 4,571, 'B': 4,431}, MM: 2, MMPER: 3.8780487804878048%

[00:00:00:03:567] average expansions: (3,765, 1,661, 2,694, 0)
[00:00:00:03:567] average time: (2,746, 1,230, 1,973, 0)
[00:00:00:03:568] X-DFBnB: 1,661 , 1,230 (expansions , time[ms])
[00:00:00:03:568] BiX-DFBnB: 2,694 , 1,973 (expansions , time[ms])

