Thu 19 Mar 2026 16:00:21 IST

SLURM_JOBID:		 16118894
SLURM_JOB_NODELIST:	 ise-cpu256-03 

--------------------------
date: SM_Grids
number_of_graphs: 10
graph_type: grid
size_of_graphs: [7, 9]
heuristic: bcc_heuristic
snake: True
run_uni: True
run_bi: True
run_multi: False
solution_vertices: []
algorithms: ['DFBnB']
bsd: False
cube_first_dims: 4
cube_buffer_dim: None
backward_sym_generation: False
sym_coil: False
prefix_set: None

---------- SM_Grids/7x9_grid_with_random_blocks_16per_0 ----------
[00:00:00:00:053] Expansion 13: New longest path found with length 14: [0, 1, 2, 3, 4, 13, 14, 23, 32, 41, 50, 59, 60, 61, 62]
[00:00:00:00:143] Expansion 47: New longest path found with length 16: [0, 1, 2, 3, 4, 13, 14, 23, 24, 33, 42, 41, 50, 59, 60, 61, 62]
[00:00:00:00:442] Expansion 149: New longest path found with length 24: [0, 1, 2, 11, 20, 19, 18, 27, 36, 45, 54, 55, 56, 47, 38, 39, 30, 31, 32, 41, 50, 59, 60, 61, 62]
[00:00:00:04:224] Path of length 24 found: [0, 1, 2, 11, 20, 19, 18, 27, 36, 45, 54, 55, 56, 47, 38, 39, 30, 31, 32, 41, 50, 59, 60, 61, 62]
[00:00:00:04:224] ! Unidirectional s-t. expansions: 1,618, time: 4,224 [ms], path length: 24 [edges], generated: 2,892
[00:00:00:00:975] Expansion 506: New longest path found with length 14: [62, 53, 44, 35, 34, 33, 24, 15, 14, 5, 4, 3, 2, 1, 0]
[00:00:00:05:258] Expansion 2,611: New longest path found with length 22: [62, 53, 44, 35, 34, 33, 32, 41, 40, 39, 48, 57, 56, 55, 46, 45, 36, 27, 18, 19, 10, 1, 0]
[00:00:00:05:282] Expansion 2,627: New longest path found with length 24: [62, 53, 44, 35, 34, 33, 32, 41, 40, 39, 48, 57, 56, 55, 46, 45, 36, 27, 18, 19, 20, 11, 2, 1, 0]
[00:00:00:08:866] Path of length 24 found: [62, 53, 44, 35, 34, 33, 32, 41, 40, 39, 48, 57, 56, 55, 46, 45, 36, 27, 18, 19, 20, 11, 2, 1, 0]
[00:00:00:08:867] ! Unidirectional t-s. expansions: 3,669, time: 8,867 [ms], path length: 24 [edges], generated: 5,421
[00:00:00:00:061] Expansion 13: New longest path found with length 14: [0, 1, 2, 3, 4, 13, 14, 23, 24, 33, 34, 35, 44, 53, 62]
[00:00:00:00:252] Expansion 83: New longest path found with length 24: [0, 1, 2, 11, 20, 19, 18, 27, 36, 45, 54, 55, 56, 47, 38, 39, 40, 41, 42, 33, 34, 35, 44, 53, 62]
[00:00:00:02:650] Path of length 24 found: [0, 1, 2, 11, 20, 19, 18, 27, 36, 45, 54, 55, 56, 47, 38, 39, 40, 41, 42, 33, 34, 35, 44, 53, 62]
[00:00:00:03:156] ! Bidirectional. expansions: 621, time: 2,650 [ms], path length: 24 [edges], g_F: 13, g_B: 11, generated: {'F': 468, 'B': 690}, MM: 2, MMPER: 7.0%
[00:00:00:03:156] 
---------- SM_Grids/7x9_grid_with_random_blocks_16per_1 ----------
[00:00:00:00:096] Expansion 27: New longest path found with length 28: [0, 9, 18, 19, 28, 37, 36, 45, 54, 55, 56, 57, 58, 49, 40, 31, 32, 23, 14, 5, 6, 7, 16, 25, 26, 35, 44, 53, 62]
[00:00:00:00:159] Expansion 52: New longest path found with length 32: [0, 9, 18, 19, 28, 37, 36, 45, 54, 55, 56, 57, 58, 59, 60, 51, 42, 33, 32, 31, 22, 13, 14, 5, 6, 7, 16, 25, 26, 35, 44, 53, 62]
[00:00:00:01:168] Expansion 339: New longest path found with length 34: [0, 9, 10, 19, 28, 27, 36, 45, 54, 55, 56, 47, 38, 39, 40, 49, 58, 59, 60, 51, 42, 33, 32, 23, 14, 5, 6, 7, 16, 25, 26, 35, 44, 53, 62]
[00:00:00:02:513] Expansion 729: New longest path found with length 38: [0, 1, 2, 3, 12, 21, 20, 19, 18, 27, 36, 45, 54, 55, 56, 47, 38, 39, 40, 49, 58, 59, 60, 51, 42, 33, 32, 23, 14, 5, 6, 7, 16, 25, 26, 35, 44, 53, 62]
[00:00:00:02:605] Path of length 38 found: [0, 1, 2, 3, 12, 21, 20, 19, 18, 27, 36, 45, 54, 55, 56, 47, 38, 39, 40, 49, 58, 59, 60, 51, 42, 33, 32, 23, 14, 5, 6, 7, 16, 25, 26, 35, 44, 53, 62]
[00:00:00:02:605] ! Unidirectional s-t. expansions: 756, time: 2,605 [ms], path length: 38 [edges], generated: 1,179
[00:00:00:00:073] Expansion 17: New longest path found with length 18: [62, 53, 44, 35, 26, 17, 16, 7, 6, 5, 14, 23, 22, 21, 12, 3, 2, 1, 0]
[00:00:00:00:729] Expansion 367: New longest path found with length 32: [62, 53, 44, 35, 26, 17, 16, 7, 6, 5, 14, 23, 22, 31, 40, 41, 42, 51, 60, 59, 58, 57, 56, 47, 38, 37, 36, 27, 18, 19, 10, 1, 0]
[00:00:00:00:786] Expansion 393: New longest path found with length 38: [62, 53, 44, 35, 26, 17, 16, 7, 6, 5, 14, 23, 32, 33, 42, 51, 60, 59, 58, 49, 40, 39, 38, 47, 56, 55, 54, 45, 36, 27, 18, 19, 20, 21, 12, 3, 2, 1, 0]
[00:00:00:01:081] Path of length 38 found: [62, 53, 44, 35, 26, 17, 16, 7, 6, 5, 14, 23, 32, 33, 42, 51, 60, 59, 58, 49, 40, 39, 38, 47, 56, 55, 54, 45, 36, 27, 18, 19, 20, 21, 12, 3, 2, 1, 0]
[00:00:00:01:081] ! Unidirectional t-s. expansions: 484, time: 1,081 [ms], path length: 38 [edges], generated: 647
[00:00:00:00:111] Expansion 33: New longest path found with length 32: [0, 9, 18, 19, 28, 37, 36, 45, 54, 55, 56, 57, 58, 59, 60, 51, 42, 41, 40, 31, 22, 13, 14, 5, 6, 7, 8, 17, 26, 35, 44, 53, 62]
[00:00:00:01:389] Expansion 446: New longest path found with length 34: [0, 9, 10, 19, 28, 27, 36, 45, 54, 55, 56, 47, 38, 39, 40, 49, 58, 59, 60, 51, 42, 33, 32, 23, 14, 5, 6, 7, 8, 17, 26, 35, 44, 53, 62]
[00:00:00:02:636] Expansion 834: New longest path found with length 38: [0, 1, 2, 3, 12, 21, 20, 19, 18, 27, 36, 45, 54, 55, 56, 47, 38, 39, 40, 49, 58, 59, 60, 51, 42, 33, 32, 23, 14, 5, 6, 7, 16, 17, 26, 35, 44, 53, 62]
[00:00:00:02:655] Path of length 38 found: [0, 1, 2, 3, 12, 21, 20, 19, 18, 27, 36, 45, 54, 55, 56, 47, 38, 39, 40, 49, 58, 59, 60, 51, 42, 33, 32, 23, 14, 5, 6, 7, 16, 17, 26, 35, 44, 53, 62]
[00:00:00:03:117] ! Bidirectional. expansions: 838, time: 2,655 [ms], path length: 38 [edges], g_F: 20, g_B: 18, generated: {'F': 610, 'B': 625}, MM: 2, MMPER: 4.128205128205129%
[00:00:00:03:117] 
---------- SM_Grids/7x9_grid_with_random_blocks_16per_2 ----------
[00:00:00:00:096] Expansion 26: New longest path found with length 24: [0, 9, 10, 19, 28, 37, 38, 39, 30, 31, 22, 13, 4, 5, 6, 15, 16, 25, 26, 35, 44, 43, 52, 61, 62]
[00:00:00:01:264] Expansion 525: New longest path found with length 26: [0, 1, 2, 11, 20, 19, 28, 37, 38, 39, 30, 31, 32, 23, 14, 5, 6, 7, 16, 25, 26, 35, 44, 43, 52, 61, 62]
[00:00:00:02:974] Path of length 26 found: [0, 1, 2, 11, 20, 19, 28, 37, 38, 39, 30, 31, 32, 23, 14, 5, 6, 7, 16, 25, 26, 35, 44, 43, 52, 61, 62]
[00:00:00:02:974] ! Unidirectional s-t. expansions: 1,302, time: 2,974 [ms], path length: 26 [edges], generated: 1,949
[00:00:00:00:342] Expansion 147: New longest path found with length 14: [62, 53, 52, 51, 50, 49, 48, 39, 38, 37, 28, 19, 10, 1, 0]
[00:00:00:00:462] Expansion 202: New longest path found with length 16: [62, 53, 52, 51, 50, 49, 48, 39, 38, 37, 28, 19, 20, 11, 2, 1, 0]
[00:00:00:00:710] Expansion 312: New longest path found with length 20: [62, 53, 52, 51, 50, 49, 48, 39, 30, 31, 32, 23, 14, 5, 4, 3, 2, 11, 10, 9, 0]
[00:00:00:01:235] Expansion 531: New longest path found with length 22: [62, 53, 44, 35, 26, 17, 8, 7, 6, 5, 4, 13, 22, 31, 40, 39, 38, 37, 28, 19, 10, 1, 0]
[00:00:00:01:241] Expansion 535: New longest path found with length 24: [62, 53, 44, 35, 26, 17, 8, 7, 6, 5, 4, 13, 22, 31, 40, 39, 38, 37, 28, 19, 20, 11, 2, 1, 0]
[00:00:00:02:672] Expansion 948: New longest path found with length 26: [62, 61, 52, 43, 44, 35, 26, 17, 8, 7, 6, 5, 4, 13, 22, 31, 40, 39, 38, 37, 28, 19, 20, 11, 2, 1, 0]
[00:00:00:04:365] Path of length 26 found: [62, 61, 52, 43, 44, 35, 26, 17, 8, 7, 6, 5, 4, 13, 22, 31, 40, 39, 38, 37, 28, 19, 20, 11, 2, 1, 0]
[00:00:00:04:365] ! Unidirectional t-s. expansions: 1,432, time: 4,365 [ms], path length: 26 [edges], generated: 2,447
[00:00:00:00:084] Expansion 19: New longest path found with length 20: [0, 9, 10, 11, 2, 3, 4, 5, 14, 23, 22, 31, 30, 39, 48, 49, 50, 51, 52, 53, 62]
[00:00:00:00:234] Expansion 63: New longest path found with length 22: [0, 9, 10, 19, 28, 37, 38, 39, 30, 31, 32, 23, 14, 5, 6, 7, 8, 17, 26, 35, 44, 53, 62]
[00:00:00:00:548] Expansion 180: New longest path found with length 24: [0, 9, 10, 19, 28, 37, 38, 39, 30, 31, 22, 13, 4, 5, 6, 7, 8, 17, 26, 35, 44, 43, 52, 61, 62]
[00:00:00:01:922] Expansion 592: New longest path found with length 26: [0, 1, 2, 11, 20, 19, 28, 37, 38, 39, 30, 31, 32, 23, 14, 5, 6, 7, 8, 17, 26, 35, 44, 43, 52, 61, 62]
[00:00:00:02:045] Path of length 26 found: [0, 1, 2, 11, 20, 19, 28, 37, 38, 39, 30, 31, 32, 23, 14, 5, 6, 7, 8, 17, 26, 35, 44, 43, 52, 61, 62]
[00:00:00:02:510] ! Bidirectional. expansions: 630, time: 2,045 [ms], path length: 26 [edges], g_F: 14, g_B: 12, generated: {'F': 599, 'B': 470}, MM: 2, MMPER: 6.407407407407407%
[00:00:00:02:511] 
---------- SM_Grids/7x9_grid_with_random_blocks_16per_3 ----------
[00:00:00:00:220] Expansion 106: New longest path found with length 24: [0, 9, 18, 27, 36, 45, 46, 47, 38, 29, 20, 11, 2, 3, 4, 13, 22, 31, 40, 49, 50, 51, 52, 61, 62]
[00:00:00:00:247] Expansion 122: New longest path found with length 32: [0, 9, 18, 27, 36, 45, 46, 47, 38, 29, 20, 11, 2, 3, 4, 13, 22, 31, 32, 33, 24, 15, 6, 7, 8, 17, 26, 35, 44, 43, 52, 61, 62]
[00:00:00:00:291] Expansion 143: New longest path found with length 34: [0, 9, 18, 27, 36, 45, 46, 47, 38, 29, 20, 11, 2, 3, 4, 13, 14, 15, 6, 7, 8, 17, 26, 35, 34, 33, 32, 31, 40, 49, 50, 51, 52, 61, 62]
[00:00:00:01:398] Path of length 34 found: [0, 9, 18, 27, 36, 45, 46, 47, 38, 29, 20, 11, 2, 3, 4, 13, 14, 15, 6, 7, 8, 17, 26, 35, 34, 33, 32, 31, 40, 49, 50, 51, 52, 61, 62]
[00:00:00:01:399] ! Unidirectional s-t. expansions: 441, time: 1,399 [ms], path length: 34 [edges], generated: 682
[00:00:00:00:114] Expansion 34: New longest path found with length 28: [62, 61, 52, 43, 44, 35, 26, 17, 8, 7, 6, 15, 24, 23, 32, 31, 40, 49, 48, 47, 46, 45, 36, 27, 18, 19, 10, 1, 0]
[00:00:00:00:124] Expansion 40: New longest path found with length 32: [62, 61, 52, 43, 44, 35, 26, 17, 8, 7, 6, 15, 24, 23, 32, 31, 40, 49, 48, 47, 46, 45, 36, 27, 18, 19, 20, 21, 12, 3, 2, 1, 0]
[00:00:00:02:155] Expansion 705: New longest path found with length 34: [62, 61, 52, 51, 42, 33, 34, 35, 26, 17, 8, 7, 6, 15, 14, 13, 4, 3, 2, 11, 20, 21, 30, 31, 40, 49, 48, 47, 46, 45, 36, 27, 18, 9, 0]
[00:00:00:02:577] Path of length 34 found: [62, 61, 52, 51, 42, 33, 34, 35, 26, 17, 8, 7, 6, 15, 14, 13, 4, 3, 2, 11, 20, 21, 30, 31, 40, 49, 48, 47, 46, 45, 36, 27, 18, 9, 0]
[00:00:00:02:577] ! Unidirectional t-s. expansions: 830, time: 2,577 [ms], path length: 34 [edges], generated: 1,431
[00:00:00:00:106] Expansion 26: New longest path found with length 26: [0, 9, 18, 27, 36, 45, 46, 47, 38, 39, 40, 31, 22, 13, 14, 15, 6, 7, 8, 17, 26, 35, 44, 43, 52, 61, 62]
[00:00:00:00:129] Expansion 36: New longest path found with length 30: [0, 9, 18, 27, 36, 45, 46, 47, 38, 39, 30, 21, 20, 11, 2, 3, 4, 13, 14, 15, 6, 7, 8, 17, 26, 35, 44, 43, 52, 61, 62]
[00:00:00:00:160] Expansion 50: New longest path found with length 32: [0, 9, 18, 27, 36, 45, 46, 47, 38, 29, 20, 11, 2, 3, 4, 13, 22, 31, 32, 33, 24, 15, 6, 7, 8, 17, 26, 35, 44, 43, 52, 61, 62]
[00:00:00:00:439] Expansion 137: New longest path found with length 34: [0, 9, 18, 27, 36, 45, 46, 47, 48, 49, 40, 31, 30, 21, 20, 11, 2, 3, 4, 13, 14, 15, 6, 7, 8, 17, 26, 35, 34, 33, 42, 51, 52, 61, 62]
[00:00:00:00:997] Path of length 34 found: [0, 9, 18, 27, 36, 45, 46, 47, 48, 49, 40, 31, 30, 21, 20, 11, 2, 3, 4, 13, 14, 15, 6, 7, 8, 17, 26, 35, 34, 33, 42, 51, 52, 61, 62]
[00:00:00:01:435] ! Bidirectional. expansions: 256, time: 997 [ms], path length: 34 [edges], g_F: 18, g_B: 16, generated: {'F': 234, 'B': 193}, MM: 2, MMPER: 4.714285714285714%
[00:00:00:01:435] 
---------- SM_Grids/7x9_grid_with_random_blocks_16per_4 ----------
[00:00:00:00:064] Expansion 15: New longest path found with length 16: [0, 1, 10, 19, 18, 27, 36, 37, 46, 47, 48, 49, 58, 59, 60, 61, 62]
[00:00:00:00:303] Expansion 90: New longest path found with length 20: [0, 1, 10, 19, 20, 21, 12, 3, 4, 5, 6, 15, 16, 17, 26, 35, 34, 43, 52, 61, 62]
[00:00:00:01:167] Expansion 331: New longest path found with length 24: [0, 9, 18, 27, 36, 37, 38, 29, 20, 11, 12, 3, 4, 5, 14, 15, 16, 17, 26, 35, 34, 43, 52, 61, 62]
[00:00:00:01:294] Expansion 377: New longest path found with length 26: [0, 9, 18, 27, 36, 37, 38, 29, 20, 11, 12, 13, 22, 31, 32, 33, 24, 15, 16, 17, 26, 35, 44, 43, 52, 61, 62]
[00:00:00:02:005] Path of length 26 found: [0, 9, 18, 27, 36, 37, 38, 29, 20, 11, 12, 13, 22, 31, 32, 33, 24, 15, 16, 17, 26, 35, 44, 43, 52, 61, 62]
[00:00:00:02:006] ! Unidirectional s-t. expansions: 580, time: 2,005 [ms], path length: 26 [edges], generated: 886
[00:00:00:00:867] Expansion 485: New longest path found with length 16: [62, 61, 60, 59, 50, 49, 48, 47, 46, 37, 36, 27, 18, 19, 10, 1, 0]
[00:00:00:09:382] Expansion 5,199: New longest path found with length 20: [62, 61, 52, 43, 44, 35, 26, 17, 16, 7, 6, 5, 14, 23, 22, 21, 12, 11, 10, 1, 0]
[00:00:00:09:403] Expansion 5,207: New longest path found with length 24: [62, 61, 52, 43, 44, 35, 26, 17, 16, 7, 6, 5, 14, 23, 22, 21, 20, 29, 38, 37, 36, 27, 18, 9, 0]
[00:00:00:09:884] Expansion 5,348: New longest path found with length 26: [62, 61, 52, 43, 44, 35, 26, 17, 16, 15, 24, 33, 32, 31, 22, 13, 12, 11, 20, 29, 38, 37, 36, 27, 18, 9, 0]
[00:00:00:12:507] Path of length 26 found: [62, 61, 52, 43, 44, 35, 26, 17, 16, 15, 24, 33, 32, 31, 22, 13, 12, 11, 20, 29, 38, 37, 36, 27, 18, 9, 0]
[00:00:00:12:507] ! Unidirectional t-s. expansions: 5,993, time: 12,507 [ms], path length: 26 [edges], generated: 8,430
[00:00:00:00:075] Expansion 17: New longest path found with length 16: [0, 1, 10, 11, 20, 29, 28, 37, 46, 47, 48, 49, 50, 59, 60, 61, 62]
[00:00:00:00:212] Expansion 58: New longest path found with length 20: [0, 1, 10, 19, 20, 21, 12, 3, 4, 5, 14, 15, 16, 17, 26, 35, 44, 43, 52, 61, 62]
[00:00:00:00:926] Expansion 249: New longest path found with length 24: [0, 9, 18, 27, 36, 37, 38, 29, 20, 11, 12, 13, 4, 5, 6, 7, 16, 17, 26, 35, 44, 43, 52, 61, 62]
[00:00:00:00:958] Expansion 266: New longest path found with length 26: [0, 9, 18, 27, 36, 37, 38, 29, 20, 11, 12, 13, 22, 31, 32, 33, 24, 15, 16, 17, 26, 35, 44, 43, 52, 61, 62]
[00:00:00:01:472] Path of length 26 found: [0, 9, 18, 27, 36, 37, 38, 29, 20, 11, 12, 13, 22, 31, 32, 33, 24, 15, 16, 17, 26, 35, 44, 43, 52, 61, 62]
[00:00:00:01:904] ! Bidirectional. expansions: 392, time: 1,472 [ms], path length: 26 [edges], g_F: 14, g_B: 12, generated: {'F': 381, 'B': 260}, MM: 2, MMPER: 6.407407407407407%
[00:00:00:01:904] 
---------- SM_Grids/7x9_grid_with_random_blocks_16per_5 ----------
[00:00:00:00:088] Expansion 21: New longest path found with length 22: [0, 9, 18, 27, 36, 37, 38, 47, 56, 57, 58, 59, 50, 41, 32, 23, 24, 25, 34, 43, 52, 61, 62]
[00:00:00:00:122] Expansion 37: New longest path found with length 30: [0, 9, 18, 27, 36, 37, 38, 47, 56, 57, 58, 59, 50, 41, 40, 31, 30, 21, 12, 3, 4, 5, 14, 23, 24, 33, 34, 43, 52, 61, 62]
[00:00:00:01:694] Path of length 30 found: [0, 9, 18, 27, 36, 37, 38, 47, 56, 57, 58, 59, 50, 41, 40, 31, 30, 21, 12, 3, 4, 5, 14, 23, 24, 33, 34, 43, 52, 61, 62]
[00:00:00:01:694] ! Unidirectional s-t. expansions: 393, time: 1,694 [ms], path length: 30 [edges], generated: 754
[00:00:00:00:099] Expansion 29: New longest path found with length 30: [62, 53, 52, 43, 34, 25, 24, 23, 14, 5, 4, 3, 12, 21, 30, 31, 40, 41, 50, 59, 58, 57, 48, 47, 38, 37, 28, 19, 18, 9, 0]
[00:00:00:01:359] Path of length 30 found: [62, 53, 52, 43, 34, 25, 24, 23, 14, 5, 4, 3, 12, 21, 30, 31, 40, 41, 50, 59, 58, 57, 48, 47, 38, 37, 28, 19, 18, 9, 0]
[00:00:00:01:359] ! Unidirectional t-s. expansions: 343, time: 1,359 [ms], path length: 30 [edges], generated: 597
[00:00:00:00:221] Expansion 123: New longest path found with length 18: [0, 9, 18, 27, 36, 37, 38, 29, 30, 31, 32, 23, 24, 25, 34, 43, 52, 53, 62]
[00:00:00:00:236] Expansion 129: New longest path found with length 22: [0, 9, 18, 27, 36, 37, 38, 29, 30, 21, 12, 3, 4, 5, 14, 23, 24, 25, 34, 43, 52, 53, 62]
[00:00:00:00:277] Expansion 146: New longest path found with length 30: [0, 9, 18, 27, 36, 37, 38, 47, 56, 57, 58, 59, 50, 41, 40, 31, 30, 21, 12, 3, 4, 5, 14, 23, 24, 25, 34, 43, 52, 53, 62]
[00:00:00:02:092] Path of length 30 found: [0, 9, 18, 27, 36, 37, 38, 47, 56, 57, 58, 59, 50, 41, 40, 31, 30, 21, 12, 3, 4, 5, 14, 23, 24, 25, 34, 43, 52, 53, 62]
[00:00:00:02:527] ! Bidirectional. expansions: 544, time: 2,092 [ms], path length: 30 [edges], g_F: 16, g_B: 14, generated: {'F': 457, 'B': 479}, MM: 2, MMPER: 5.451612903225806%
[00:00:00:02:527] 
---------- SM_Grids/7x9_grid_with_random_blocks_16per_6 ----------
[00:00:00:00:137] Expansion 31: New longest path found with length 32: [0, 9, 10, 11, 2, 3, 4, 5, 14, 15, 16, 17, 26, 35, 34, 33, 42, 41, 40, 31, 30, 29, 28, 37, 46, 47, 56, 57, 58, 59, 60, 61, 62]
[00:00:00:03:562] Path of length 32 found: [0, 9, 10, 11, 2, 3, 4, 5, 14, 15, 16, 17, 26, 35, 34, 33, 42, 41, 40, 31, 30, 29, 28, 37, 46, 47, 56, 57, 58, 59, 60, 61, 62]
[00:00:00:03:562] ! Unidirectional s-t. expansions: 1,317, time: 3,562 [ms], path length: 32 [edges], generated: 1,926
[00:00:00:00:119] Expansion 34: New longest path found with length 24: [62, 61, 60, 59, 58, 49, 40, 41, 32, 23, 24, 25, 26, 17, 8, 7, 6, 5, 4, 3, 2, 11, 10, 9, 0]
[00:00:00:00:168] Expansion 59: New longest path found with length 28: [62, 61, 60, 59, 58, 49, 40, 41, 32, 23, 24, 25, 26, 17, 8, 7, 6, 5, 4, 3, 12, 21, 30, 29, 28, 19, 10, 1, 0]
[00:00:00:01:948] Expansion 641: New longest path found with length 32: [62, 61, 60, 59, 58, 57, 56, 47, 46, 37, 28, 19, 20, 21, 30, 31, 40, 41, 42, 33, 34, 25, 26, 17, 8, 7, 6, 5, 4, 3, 2, 1, 0]
[00:00:00:02:693] Path of length 32 found: [62, 61, 60, 59, 58, 57, 56, 47, 46, 37, 28, 19, 20, 21, 30, 31, 40, 41, 42, 33, 34, 25, 26, 17, 8, 7, 6, 5, 4, 3, 2, 1, 0]
[00:00:00:02:694] ! Unidirectional t-s. expansions: 891, time: 2,694 [ms], path length: 32 [edges], generated: 1,468
[00:00:00:00:108] Expansion 25: New longest path found with length 26: [0, 9, 10, 11, 2, 3, 4, 5, 14, 23, 24, 33, 42, 41, 40, 31, 30, 29, 38, 47, 56, 57, 58, 59, 60, 61, 62]
[00:00:00:00:138] Expansion 37: New longest path found with length 30: [0, 9, 10, 11, 2, 3, 4, 5, 14, 15, 16, 17, 26, 35, 34, 33, 42, 41, 40, 31, 30, 29, 38, 47, 56, 57, 58, 59, 60, 61, 62]
[00:00:00:00:189] Expansion 56: New longest path found with length 32: [0, 9, 10, 11, 2, 3, 4, 5, 14, 15, 16, 17, 26, 35, 34, 33, 42, 41, 40, 31, 30, 29, 28, 37, 46, 47, 56, 57, 58, 59, 60, 61, 62]
[00:00:00:01:030] Path of length 32 found: [0, 9, 10, 11, 2, 3, 4, 5, 14, 15, 16, 17, 26, 35, 34, 33, 42, 41, 40, 31, 30, 29, 28, 37, 46, 47, 56, 57, 58, 59, 60, 61, 62]
[00:00:00:01:463] ! Bidirectional. expansions: 293, time: 1,030 [ms], path length: 32 [edges], g_F: 17, g_B: 15, generated: {'F': 245, 'B': 269}, MM: 2, MMPER: 5.0606060606060606%
[00:00:00:01:463] 
---------- SM_Grids/7x9_grid_with_random_blocks_16per_7 ----------
[00:00:00:00:312] Expansion 90: New longest path found with length 14: [0, 1, 10, 11, 20, 21, 30, 39, 40, 41, 42, 51, 60, 61, 62]
[00:00:00:00:543] Expansion 187: New longest path found with length 16: [0, 1, 10, 11, 20, 21, 30, 39, 40, 49, 58, 59, 60, 51, 52, 53, 62]
[00:00:00:00:836] Expansion 324: New longest path found with length 18: [0, 1, 10, 11, 20, 21, 30, 39, 38, 47, 56, 57, 58, 59, 60, 51, 52, 53, 62]
[00:00:00:00:922] Expansion 352: New longest path found with length 32: [0, 1, 10, 11, 20, 21, 22, 13, 4, 5, 6, 15, 16, 17, 26, 35, 34, 33, 32, 41, 40, 39, 38, 47, 56, 57, 58, 59, 60, 51, 52, 53, 62]
[00:00:00:05:667] Path of length 32 found: [0, 1, 10, 11, 20, 21, 22, 13, 4, 5, 6, 15, 16, 17, 26, 35, 34, 33, 32, 41, 40, 39, 38, 47, 56, 57, 58, 59, 60, 51, 52, 53, 62]
[00:00:00:05:668] ! Unidirectional s-t. expansions: 1,929, time: 5,667 [ms], path length: 32 [edges], generated: 2,930
[00:00:00:00:094] Expansion 23: New longest path found with length 24: [62, 53, 52, 51, 60, 59, 58, 57, 56, 47, 38, 39, 40, 31, 32, 23, 14, 5, 4, 3, 12, 11, 10, 1, 0]
[00:00:00:00:135] Expansion 41: New longest path found with length 30: [62, 53, 52, 51, 60, 59, 58, 57, 56, 47, 38, 39, 40, 31, 32, 33, 34, 35, 26, 17, 8, 7, 6, 15, 14, 13, 4, 3, 2, 1, 0]
[00:00:00:00:357] Expansion 135: New longest path found with length 32: [62, 53, 52, 51, 60, 59, 58, 57, 56, 47, 38, 39, 40, 41, 32, 33, 34, 35, 26, 17, 8, 7, 6, 15, 14, 13, 22, 21, 20, 11, 2, 1, 0]
[00:00:00:01:800] Path of length 32 found: [62, 53, 52, 51, 60, 59, 58, 57, 56, 47, 38, 39, 40, 41, 32, 33, 34, 35, 26, 17, 8, 7, 6, 15, 14, 13, 22, 21, 20, 11, 2, 1, 0]
[00:00:00:01:800] ! Unidirectional t-s. expansions: 502, time: 1,800 [ms], path length: 32 [edges], generated: 864
[00:00:00:00:110] Expansion 31: New longest path found with length 32: [0, 1, 2, 11, 20, 21, 22, 13, 4, 5, 6, 15, 16, 17, 26, 35, 34, 33, 32, 41, 40, 39, 38, 47, 56, 57, 58, 59, 60, 51, 52, 53, 62]
[00:00:00:01:773] Path of length 32 found: [0, 1, 2, 11, 20, 21, 22, 13, 4, 5, 6, 15, 16, 17, 26, 35, 34, 33, 32, 41, 40, 39, 38, 47, 56, 57, 58, 59, 60, 51, 52, 53, 62]
[00:00:00:02:248] ! Bidirectional. expansions: 409, time: 1,773 [ms], path length: 32 [edges], g_F: 17, g_B: 15, generated: {'F': 358, 'B': 357}, MM: 2, MMPER: 5.0606060606060606%
[00:00:00:02:248] 
---------- SM_Grids/7x9_grid_with_random_blocks_16per_8 ----------
[00:00:00:00:107] Expansion 31: New longest path found with length 32: [0, 9, 18, 27, 36, 45, 54, 55, 56, 47, 48, 39, 30, 21, 12, 3, 4, 5, 6, 7, 8, 17, 26, 25, 24, 33, 32, 41, 50, 59, 60, 61, 62]
[00:00:00:06:080] Path of length 32 found: [0, 9, 18, 27, 36, 45, 54, 55, 56, 47, 48, 39, 30, 21, 12, 3, 4, 5, 6, 7, 8, 17, 26, 25, 24, 33, 32, 41, 50, 59, 60, 61, 62]
[00:00:00:06:080] ! Unidirectional s-t. expansions: 2,435, time: 6,080 [ms], path length: 32 [edges], generated: 3,737
[00:00:00:00:107] Expansion 31: New longest path found with length 32: [62, 53, 52, 43, 34, 25, 26, 17, 8, 7, 6, 5, 4, 3, 12, 21, 30, 39, 40, 41, 50, 59, 58, 57, 56, 47, 46, 37, 36, 27, 18, 9, 0]
[00:00:00:04:986] Path of length 32 found: [62, 53, 52, 43, 34, 25, 26, 17, 8, 7, 6, 5, 4, 3, 12, 21, 30, 39, 40, 41, 50, 59, 58, 57, 56, 47, 46, 37, 36, 27, 18, 9, 0]
[00:00:00:04:986] ! Unidirectional t-s. expansions: 1,551, time: 4,986 [ms], path length: 32 [edges], generated: 2,389
[00:00:00:00:120] Expansion 36: New longest path found with length 32: [0, 9, 18, 27, 36, 45, 54, 55, 56, 57, 58, 59, 50, 41, 40, 39, 30, 21, 12, 13, 14, 15, 6, 7, 8, 17, 26, 25, 34, 43, 52, 53, 62]
[00:00:00:05:620] Path of length 32 found: [0, 9, 18, 27, 36, 45, 54, 55, 56, 57, 58, 59, 50, 41, 40, 39, 30, 21, 12, 13, 14, 15, 6, 7, 8, 17, 26, 25, 34, 43, 52, 53, 62]
[00:00:00:06:058] ! Bidirectional. expansions: 2,104, time: 5,620 [ms], path length: 32 [edges], g_F: 17, g_B: 15, generated: {'F': 1,790, 'B': 1,476}, MM: 2, MMPER: 5.0606060606060606%
[00:00:00:06:058] 
---------- SM_Grids/7x9_grid_with_random_blocks_16per_9 ----------
[00:00:00:00:059] Expansion 13: New longest path found with length 14: [0, 1, 2, 3, 12, 13, 22, 31, 40, 41, 50, 59, 60, 61, 62]
[00:00:00:00:139] Expansion 33: New longest path found with length 16: [0, 1, 2, 3, 4, 5, 14, 23, 22, 31, 40, 41, 50, 59, 60, 61, 62]
[00:00:00:00:194] Expansion 51: New longest path found with length 24: [0, 1, 2, 3, 4, 5, 6, 7, 16, 17, 26, 35, 34, 33, 24, 23, 22, 31, 40, 41, 50, 59, 60, 61, 62]
[00:00:00:00:299] Path of length 24 found: [0, 1, 2, 3, 4, 5, 6, 7, 16, 17, 26, 35, 34, 33, 24, 23, 22, 31, 40, 41, 50, 59, 60, 61, 62]
[00:00:00:00:299] ! Unidirectional s-t. expansions: 82, time: 299 [ms], path length: 24 [edges], generated: 131
[00:00:00:00:061] Expansion 13: New longest path found with length 14: [62, 53, 52, 51, 50, 41, 40, 31, 22, 13, 4, 3, 2, 1, 0]
[00:00:00:00:144] Expansion 31: New longest path found with length 24: [62, 53, 52, 51, 50, 41, 40, 31, 22, 23, 24, 33, 34, 35, 26, 17, 8, 7, 6, 5, 4, 3, 2, 1, 0]
[00:00:00:00:720] Path of length 24 found: [62, 53, 52, 51, 50, 41, 40, 31, 22, 23, 24, 33, 34, 35, 26, 17, 8, 7, 6, 5, 4, 3, 2, 1, 0]
[00:00:00:00:721] ! Unidirectional t-s. expansions: 222, time: 720 [ms], path length: 24 [edges], generated: 320
[00:00:00:00:864] Expansion 560: New longest path found with length 14: [0, 1, 2, 3, 12, 13, 22, 31, 40, 41, 50, 51, 52, 53, 62]
[00:00:00:01:868] Expansion 1,210: New longest path found with length 16: [0, 1, 2, 3, 4, 5, 14, 23, 22, 31, 40, 41, 50, 51, 52, 53, 62]
[00:00:00:01:905] Expansion 1,222: New longest path found with length 24: [0, 1, 2, 3, 4, 5, 6, 7, 16, 17, 26, 35, 34, 33, 24, 23, 22, 31, 40, 41, 50, 51, 52, 53, 62]
[00:00:00:02:207] Path of length 24 found: [0, 1, 2, 3, 4, 5, 6, 7, 16, 17, 26, 35, 34, 33, 24, 23, 22, 31, 40, 41, 50, 51, 52, 53, 62]
[00:00:00:02:643] ! Bidirectional. expansions: 1,295, time: 2,207 [ms], path length: 24 [edges], g_F: 13, g_B: 11, generated: {'F': 635, 'B': 846}, MM: 2, MMPER: 7.0%

[00:00:00:02:643] average expansions: (1,085, 1,592, 738, 0)
[00:00:00:02:643] average time: (3,051, 4,096, 2,254, 0)
[00:00:00:02:643] X-DFBnB: 1,085 , 3,051 (expansions , time[ms])
[00:00:00:02:643] BiX-DFBnB: 738 , 2,254 (expansions , time[ms])

