Thu 19 Mar 2026 16:00:21 IST

SLURM_JOBID:		 16118899
SLURM_JOB_NODELIST:	 ise-cpu256-28 

--------------------------
date: SM_Grids
number_of_graphs: 10
graph_type: grid
size_of_graphs: [7, 7]
heuristic: bcc_heuristic
snake: True
run_uni: True
run_bi: True
run_multi: False
solution_vertices: []
algorithms: ['DFBnB']
bsd: False
cube_first_dims: 4
cube_buffer_dim: None
backward_sym_generation: False
sym_coil: False
prefix_set: None

---------- SM_Grids/7x7_grid_with_random_blocks_20per_0 ----------
[00:00:00:00:048] Expansion 23: New longest path found with length 16: [0, 7, 14, 21, 22, 29, 36, 43, 44, 45, 38, 31, 32, 33, 40, 47, 48]
[00:00:00:00:081] Path of length 16 found: [0, 7, 14, 21, 22, 29, 36, 43, 44, 45, 38, 31, 32, 33, 40, 47, 48]
[00:00:00:00:081] ! Unidirectional s-t. expansions: 40, time: 81 [ms], path length: 16 [edges], generated: 61
[00:00:00:00:036] Expansion 15: New longest path found with length 16: [48, 41, 34, 33, 32, 31, 38, 45, 44, 43, 42, 35, 28, 21, 14, 7, 0]
[00:00:00:00:442] Path of length 16 found: [48, 41, 34, 33, 32, 31, 38, 45, 44, 43, 42, 35, 28, 21, 14, 7, 0]
[00:00:00:00:442] ! Unidirectional t-s. expansions: 251, time: 442 [ms], path length: 16 [edges], generated: 354
[00:00:00:00:045] Expansion 22: New longest path found with length 16: [0, 7, 14, 21, 22, 29, 36, 43, 44, 45, 38, 31, 32, 33, 34, 41, 48]
[00:00:00:00:094] Path of length 16 found: [0, 7, 14, 21, 22, 29, 36, 43, 44, 45, 38, 31, 32, 33, 34, 41, 48]
[00:00:00:00:459] ! Bidirectional. expansions: 42, time: 94 [ms], path length: 16 [edges], g_F: 9, g_B: 7, generated: {'F': 35, 'B': 30}, MM: 2, MMPER: 10.764705882352942%
[00:00:00:00:459] 
---------- SM_Grids/7x7_grid_with_random_blocks_20per_1 ----------
[00:00:00:00:045] Expansion 16: New longest path found with length 12: [0, 7, 8, 9, 16, 23, 30, 31, 32, 33, 40, 47, 48]
[00:00:00:00:362] Path of length 12 found: [0, 7, 8, 9, 16, 23, 30, 31, 32, 33, 40, 47, 48]
[00:00:00:00:362] ! Unidirectional s-t. expansions: 159, time: 362 [ms], path length: 12 [edges], generated: 236
[00:00:00:00:039] Expansion 12: New longest path found with length 12: [48, 41, 34, 33, 32, 31, 30, 23, 16, 9, 8, 7, 0]
[00:00:00:00:331] Path of length 12 found: [48, 41, 34, 33, 32, 31, 30, 23, 16, 9, 8, 7, 0]
[00:00:00:00:332] ! Unidirectional t-s. expansions: 142, time: 332 [ms], path length: 12 [edges], generated: 251
[00:00:00:00:040] Expansion 12: New longest path found with length 12: [0, 7, 8, 9, 16, 23, 30, 31, 32, 33, 34, 41, 48]
[00:00:00:00:378] Path of length 12 found: [0, 7, 8, 9, 16, 23, 30, 31, 32, 33, 34, 41, 48]
[00:00:00:00:709] ! Bidirectional. expansions: 146, time: 378 [ms], path length: 12 [edges], g_F: 7, g_B: 5, generated: {'F': 142, 'B': 112}, MM: 2, MMPER: 14.384615384615385%
[00:00:00:00:710] 
---------- SM_Grids/7x7_grid_with_random_blocks_20per_2 ----------
[00:00:00:00:059] Expansion 25: New longest path found with length 26: [0, 7, 8, 9, 2, 3, 4, 5, 6, 13, 20, 19, 18, 25, 32, 31, 30, 29, 28, 35, 42, 43, 44, 45, 46, 47, 48]
[00:00:00:01:036] Path of length 26 found: [0, 7, 8, 9, 2, 3, 4, 5, 6, 13, 20, 19, 18, 25, 32, 31, 30, 29, 28, 35, 42, 43, 44, 45, 46, 47, 48]
[00:00:00:01:036] ! Unidirectional s-t. expansions: 497, time: 1,036 [ms], path length: 26 [edges], generated: 778
[00:00:00:00:049] Expansion 17: New longest path found with length 18: [48, 41, 40, 39, 32, 25, 26, 19, 20, 13, 6, 5, 4, 11, 10, 9, 2, 1, 0]
[00:00:00:00:248] Expansion 93: New longest path found with length 26: [48, 47, 46, 45, 44, 43, 42, 35, 28, 29, 30, 31, 32, 25, 26, 19, 20, 13, 6, 5, 4, 11, 10, 9, 2, 1, 0]
[00:00:00:00:317] Path of length 26 found: [48, 47, 46, 45, 44, 43, 42, 35, 28, 29, 30, 31, 32, 25, 26, 19, 20, 13, 6, 5, 4, 11, 10, 9, 2, 1, 0]
[00:00:00:00:317] ! Unidirectional t-s. expansions: 129, time: 317 [ms], path length: 26 [edges], generated: 203
[00:00:00:00:053] Expansion 17: New longest path found with length 18: [0, 7, 8, 9, 2, 3, 4, 5, 6, 13, 20, 19, 18, 25, 32, 39, 40, 41, 48]
[00:00:00:00:138] Expansion 52: New longest path found with length 26: [0, 7, 8, 9, 2, 3, 4, 5, 6, 13, 20, 19, 18, 25, 32, 31, 30, 29, 28, 35, 42, 43, 44, 45, 46, 47, 48]
[00:00:00:00:363] Path of length 26 found: [0, 7, 8, 9, 2, 3, 4, 5, 6, 13, 20, 19, 18, 25, 32, 31, 30, 29, 28, 35, 42, 43, 44, 45, 46, 47, 48]
[00:00:00:00:735] ! Bidirectional. expansions: 129, time: 363 [ms], path length: 26 [edges], g_F: 14, g_B: 12, generated: {'F': 92, 'B': 112}, MM: 2, MMPER: 6.407407407407407%
[00:00:00:00:735] 
---------- SM_Grids/7x7_grid_with_random_blocks_20per_3 ----------
[00:00:00:00:289] Expansion 225: New longest path found with length 16: [0, 7, 8, 9, 2, 3, 4, 11, 12, 19, 20, 27, 34, 33, 40, 47, 48]
[00:00:00:00:323] Expansion 241: New longest path found with length 20: [0, 7, 8, 9, 16, 23, 22, 21, 28, 35, 42, 43, 44, 37, 38, 31, 32, 33, 40, 47, 48]
[00:00:00:00:457] Expansion 333: New longest path found with length 28: [0, 7, 14, 21, 28, 35, 42, 43, 44, 45, 38, 31, 24, 17, 16, 9, 2, 3, 4, 11, 12, 19, 20, 27, 34, 33, 40, 47, 48]
[00:00:00:00:535] Path of length 28 found: [0, 7, 14, 21, 28, 35, 42, 43, 44, 45, 38, 31, 24, 17, 16, 9, 2, 3, 4, 11, 12, 19, 20, 27, 34, 33, 40, 47, 48]
[00:00:00:00:535] ! Unidirectional s-t. expansions: 361, time: 535 [ms], path length: 28 [edges], generated: 479
[00:00:00:00:058] Expansion 27: New longest path found with length 28: [48, 47, 40, 33, 34, 27, 20, 19, 12, 11, 4, 3, 2, 9, 16, 17, 24, 31, 30, 37, 44, 43, 42, 35, 28, 21, 14, 7, 0]
[00:00:00:00:060] Path of length 28 found: [48, 47, 40, 33, 34, 27, 20, 19, 12, 11, 4, 3, 2, 9, 16, 17, 24, 31, 30, 37, 44, 43, 42, 35, 28, 21, 14, 7, 0]
[00:00:00:00:060] ! Unidirectional t-s. expansions: 28, time: 60 [ms], path length: 28 [edges], generated: 38
[00:00:00:00:051] Expansion 19: New longest path found with length 20: [0, 7, 8, 9, 16, 23, 22, 21, 28, 35, 42, 43, 44, 45, 38, 31, 32, 33, 40, 47, 48]
[00:00:00:00:121] Expansion 50: New longest path found with length 28: [0, 7, 14, 21, 28, 35, 42, 43, 44, 45, 38, 31, 24, 17, 16, 9, 2, 3, 4, 11, 12, 19, 20, 27, 34, 33, 40, 47, 48]
[00:00:00:00:139] Path of length 28 found: [0, 7, 14, 21, 28, 35, 42, 43, 44, 45, 38, 31, 24, 17, 16, 9, 2, 3, 4, 11, 12, 19, 20, 27, 34, 33, 40, 47, 48]
[00:00:00:00:479] ! Bidirectional. expansions: 55, time: 139 [ms], path length: 28 [edges], g_F: 15, g_B: 13, generated: {'F': 48, 'B': 39}, MM: 2, MMPER: 5.896551724137931%
[00:00:00:00:479] 
---------- SM_Grids/7x7_grid_with_random_blocks_20per_4 ----------
[00:00:00:00:041] Expansion 11: New longest path found with length 12: [0, 7, 8, 15, 22, 23, 24, 25, 26, 27, 34, 41, 48]
[00:00:00:00:123] Expansion 52: New longest path found with length 18: [0, 7, 8, 15, 22, 23, 30, 37, 44, 45, 46, 39, 32, 25, 26, 27, 34, 41, 48]
[00:00:00:00:218] Expansion 87: New longest path found with length 24: [0, 7, 8, 9, 2, 3, 4, 11, 18, 17, 24, 23, 22, 29, 36, 37, 44, 45, 46, 39, 32, 33, 34, 41, 48]
[00:00:00:00:442] Path of length 24 found: [0, 7, 8, 9, 2, 3, 4, 11, 18, 17, 24, 23, 22, 29, 36, 37, 44, 45, 46, 39, 32, 33, 34, 41, 48]
[00:00:00:00:443] ! Unidirectional s-t. expansions: 152, time: 443 [ms], path length: 24 [edges], generated: 273
[00:00:00:00:058] Expansion 21: New longest path found with length 22: [48, 41, 34, 27, 26, 25, 32, 39, 46, 45, 44, 37, 36, 29, 22, 23, 16, 17, 10, 3, 2, 1, 0]
[00:00:00:00:160] Expansion 68: New longest path found with length 24: [48, 41, 34, 33, 32, 39, 46, 45, 44, 37, 36, 29, 22, 23, 24, 17, 18, 11, 4, 3, 2, 9, 8, 7, 0]
[00:00:00:00:218] Path of length 24 found: [48, 41, 34, 33, 32, 39, 46, 45, 44, 37, 36, 29, 22, 23, 24, 17, 18, 11, 4, 3, 2, 9, 8, 7, 0]
[00:00:00:00:218] ! Unidirectional t-s. expansions: 83, time: 218 [ms], path length: 24 [edges], generated: 146
[00:00:00:00:060] Expansion 23: New longest path found with length 18: [0, 7, 8, 15, 22, 23, 30, 37, 44, 45, 46, 39, 32, 25, 26, 27, 34, 41, 48]
[00:00:00:00:166] Expansion 68: New longest path found with length 20: [0, 7, 8, 9, 16, 23, 22, 29, 36, 37, 44, 45, 46, 39, 32, 25, 26, 27, 34, 41, 48]
[00:00:00:00:201] Expansion 83: New longest path found with length 22: [0, 7, 8, 9, 2, 3, 4, 11, 18, 17, 24, 23, 22, 29, 36, 37, 38, 39, 32, 33, 34, 41, 48]
[00:00:00:00:217] Expansion 94: New longest path found with length 24: [0, 7, 8, 9, 2, 3, 4, 11, 18, 17, 24, 23, 22, 29, 36, 37, 44, 45, 46, 39, 32, 33, 34, 41, 48]
[00:00:00:00:417] Path of length 24 found: [0, 7, 8, 9, 2, 3, 4, 11, 18, 17, 24, 23, 22, 29, 36, 37, 44, 45, 46, 39, 32, 33, 34, 41, 48]
[00:00:00:00:792] ! Bidirectional. expansions: 147, time: 417 [ms], path length: 24 [edges], g_F: 13, g_B: 11, generated: {'F': 126, 'B': 128}, MM: 2, MMPER: 7.0%
[00:00:00:00:793] 
---------- SM_Grids/7x7_grid_with_random_blocks_20per_5 ----------
[00:00:00:00:042] Expansion 13: New longest path found with length 14: [0, 1, 8, 15, 14, 21, 28, 29, 30, 31, 38, 39, 40, 47, 48]
[00:00:00:00:085] Expansion 32: New longest path found with length 20: [0, 1, 8, 9, 10, 3, 4, 5, 6, 13, 20, 19, 18, 25, 24, 31, 38, 39, 40, 47, 48]
[00:00:00:00:131] Expansion 54: New longest path found with length 24: [0, 1, 2, 3, 4, 5, 6, 13, 20, 19, 18, 17, 16, 15, 14, 21, 28, 29, 30, 31, 38, 39, 40, 47, 48]
[00:00:00:00:179] Path of length 24 found: [0, 1, 2, 3, 4, 5, 6, 13, 20, 19, 18, 17, 16, 15, 14, 21, 28, 29, 30, 31, 38, 39, 40, 47, 48]
[00:00:00:00:179] ! Unidirectional s-t. expansions: 71, time: 179 [ms], path length: 24 [edges], generated: 110
[00:00:00:00:105] Expansion 61: New longest path found with length 14: [48, 47, 40, 39, 38, 31, 30, 29, 28, 21, 14, 15, 8, 1, 0]
[00:00:00:00:123] Expansion 73: New longest path found with length 24: [48, 47, 40, 39, 38, 31, 30, 29, 28, 21, 14, 15, 16, 17, 18, 19, 20, 13, 6, 5, 4, 3, 2, 1, 0]
[00:00:00:00:152] Path of length 24 found: [48, 47, 40, 39, 38, 31, 30, 29, 28, 21, 14, 15, 16, 17, 18, 19, 20, 13, 6, 5, 4, 3, 2, 1, 0]
[00:00:00:00:152] ! Unidirectional t-s. expansions: 83, time: 152 [ms], path length: 24 [edges], generated: 121
[00:00:00:00:042] Expansion 14: New longest path found with length 14: [0, 1, 8, 15, 14, 21, 28, 29, 30, 31, 32, 39, 40, 47, 48]
[00:00:00:00:105] Expansion 41: New longest path found with length 20: [0, 1, 8, 9, 10, 3, 4, 5, 6, 13, 20, 19, 18, 25, 24, 31, 38, 39, 40, 47, 48]
[00:00:00:00:149] Expansion 59: New longest path found with length 22: [0, 1, 2, 3, 4, 5, 12, 19, 18, 17, 16, 15, 14, 21, 28, 29, 30, 31, 38, 39, 40, 47, 48]
[00:00:00:00:169] Expansion 71: New longest path found with length 24: [0, 1, 2, 3, 4, 5, 6, 13, 20, 19, 18, 17, 16, 15, 14, 21, 28, 29, 30, 31, 38, 39, 40, 47, 48]
[00:00:00:00:220] Path of length 24 found: [0, 1, 2, 3, 4, 5, 6, 13, 20, 19, 18, 17, 16, 15, 14, 21, 28, 29, 30, 31, 38, 39, 40, 47, 48]
[00:00:00:00:558] ! Bidirectional. expansions: 89, time: 220 [ms], path length: 24 [edges], g_F: 13, g_B: 11, generated: {'F': 73, 'B': 70}, MM: 2, MMPER: 7.0%
[00:00:00:00:558] 
---------- SM_Grids/7x7_grid_with_random_blocks_20per_6 ----------
[00:00:00:00:055] Expansion 21: New longest path found with length 22: [0, 7, 14, 21, 28, 29, 30, 31, 32, 25, 18, 17, 10, 3, 4, 5, 12, 13, 20, 27, 34, 41, 48]
[00:00:00:00:107] Expansion 50: New longest path found with length 24: [0, 7, 14, 21, 28, 29, 30, 23, 16, 9, 10, 3, 4, 5, 6, 13, 20, 19, 18, 25, 32, 33, 40, 47, 48]
[00:00:00:00:139] Path of length 24 found: [0, 7, 14, 21, 28, 29, 30, 23, 16, 9, 10, 3, 4, 5, 6, 13, 20, 19, 18, 25, 32, 33, 40, 47, 48]
[00:00:00:00:140] ! Unidirectional s-t. expansions: 62, time: 139 [ms], path length: 24 [edges], generated: 92
[00:00:00:00:052] Expansion 23: New longest path found with length 24: [48, 41, 40, 33, 32, 25, 18, 19, 20, 13, 6, 5, 4, 3, 10, 9, 16, 23, 30, 29, 28, 21, 14, 7, 0]
[00:00:00:00:087] Path of length 24 found: [48, 41, 40, 33, 32, 25, 18, 19, 20, 13, 6, 5, 4, 3, 10, 9, 16, 23, 30, 29, 28, 21, 14, 7, 0]
[00:00:00:00:087] ! Unidirectional t-s. expansions: 34, time: 87 [ms], path length: 24 [edges], generated: 49
[00:00:00:00:056] Expansion 23: New longest path found with length 24: [0, 7, 14, 21, 28, 29, 30, 23, 16, 9, 10, 3, 4, 5, 6, 13, 20, 19, 18, 25, 32, 33, 40, 47, 48]
[00:00:00:00:079] Path of length 24 found: [0, 7, 14, 21, 28, 29, 30, 23, 16, 9, 10, 3, 4, 5, 6, 13, 20, 19, 18, 25, 32, 33, 40, 47, 48]
[00:00:00:00:414] ! Bidirectional. expansions: 31, time: 79 [ms], path length: 24 [edges], g_F: 13, g_B: 11, generated: {'F': 20, 'B': 24}, MM: 2, MMPER: 7.0%
[00:00:00:00:415] 
---------- SM_Grids/7x7_grid_with_random_blocks_20per_7 ----------
[00:00:00:00:043] Expansion 12: New longest path found with length 12: [0, 1, 2, 9, 16, 23, 24, 25, 26, 33, 40, 47, 48]
[00:00:00:00:079] Expansion 26: New longest path found with length 14: [0, 1, 2, 9, 16, 17, 18, 19, 26, 33, 32, 39, 46, 47, 48]
[00:00:00:00:136] Expansion 46: New longest path found with length 16: [0, 1, 2, 9, 10, 11, 12, 19, 26, 25, 24, 31, 38, 39, 46, 47, 48]
[00:00:00:00:224] Path of length 16 found: [0, 1, 2, 9, 10, 11, 12, 19, 26, 25, 24, 31, 38, 39, 46, 47, 48]
[00:00:00:00:225] ! Unidirectional s-t. expansions: 74, time: 224 [ms], path length: 16 [edges], generated: 146
[00:00:00:00:064] Expansion 26: New longest path found with length 12: [48, 41, 40, 39, 38, 31, 24, 23, 16, 9, 2, 1, 0]
[00:00:00:00:122] Expansion 55: New longest path found with length 16: [48, 41, 40, 39, 38, 31, 24, 17, 18, 19, 12, 5, 4, 3, 2, 1, 0]
[00:00:00:00:852] Path of length 16 found: [48, 41, 40, 39, 38, 31, 24, 17, 18, 19, 12, 5, 4, 3, 2, 1, 0]
[00:00:00:00:853] ! Unidirectional t-s. expansions: 305, time: 853 [ms], path length: 16 [edges], generated: 536
[00:00:00:00:052] Expansion 18: New longest path found with length 16: [0, 1, 2, 3, 4, 5, 12, 19, 18, 17, 24, 31, 38, 39, 40, 41, 48]
[00:00:00:00:411] Path of length 16 found: [0, 1, 2, 3, 4, 5, 12, 19, 18, 17, 24, 31, 38, 39, 40, 41, 48]
[00:00:00:00:747] ! Bidirectional. expansions: 141, time: 411 [ms], path length: 16 [edges], g_F: 9, g_B: 7, generated: {'F': 153, 'B': 121}, MM: 2, MMPER: 10.764705882352942%
[00:00:00:00:748] 
---------- SM_Grids/7x7_grid_with_random_blocks_20per_8 ----------
[00:00:00:00:086] Expansion 47: New longest path found with length 16: [0, 7, 14, 15, 16, 9, 2, 3, 4, 11, 18, 25, 32, 39, 40, 41, 48]
[00:00:00:00:153] Expansion 74: New longest path found with length 22: [0, 7, 14, 15, 16, 23, 30, 29, 28, 35, 42, 43, 44, 45, 38, 39, 32, 25, 26, 27, 34, 41, 48]
[00:00:00:00:441] Expansion 186: New longest path found with length 24: [0, 1, 2, 3, 4, 11, 18, 17, 16, 23, 30, 29, 28, 35, 42, 43, 44, 45, 38, 39, 32, 33, 34, 41, 48]
[00:00:00:00:540] Path of length 24 found: [0, 1, 2, 3, 4, 11, 18, 17, 16, 23, 30, 29, 28, 35, 42, 43, 44, 45, 38, 39, 32, 33, 34, 41, 48]
[00:00:00:00:540] ! Unidirectional s-t. expansions: 227, time: 540 [ms], path length: 24 [edges], generated: 341
[00:00:00:00:056] Expansion 23: New longest path found with length 24: [48, 41, 34, 27, 26, 25, 32, 39, 38, 45, 44, 43, 42, 35, 28, 29, 30, 23, 16, 17, 10, 3, 2, 1, 0]
[00:00:00:00:256] Path of length 24 found: [48, 41, 34, 27, 26, 25, 32, 39, 38, 45, 44, 43, 42, 35, 28, 29, 30, 23, 16, 17, 10, 3, 2, 1, 0]
[00:00:00:00:256] ! Unidirectional t-s. expansions: 115, time: 256 [ms], path length: 24 [edges], generated: 163
[00:00:00:00:055] Expansion 21: New longest path found with length 22: [0, 7, 14, 15, 16, 23, 30, 29, 28, 35, 42, 43, 44, 45, 38, 39, 32, 25, 26, 27, 34, 41, 48]
[00:00:00:00:333] Expansion 109: New longest path found with length 24: [0, 1, 2, 3, 10, 17, 16, 23, 30, 29, 28, 35, 42, 43, 44, 45, 38, 39, 32, 25, 26, 27, 34, 41, 48]
[00:00:00:00:349] Path of length 24 found: [0, 1, 2, 3, 10, 17, 16, 23, 30, 29, 28, 35, 42, 43, 44, 45, 38, 39, 32, 25, 26, 27, 34, 41, 48]
[00:00:00:00:689] ! Bidirectional. expansions: 113, time: 349 [ms], path length: 24 [edges], g_F: 13, g_B: 11, generated: {'F': 109, 'B': 93}, MM: 2, MMPER: 7.0%
[00:00:00:00:689] 
---------- SM_Grids/7x7_grid_with_random_blocks_20per_9 ----------
[00:00:00:00:091] Expansion 25: New longest path found with length 26: [0, 7, 8, 15, 22, 23, 30, 37, 44, 45, 46, 39, 32, 25, 18, 17, 10, 3, 4, 5, 12, 13, 20, 27, 34, 41, 48]
[00:00:00:00:130] Expansion 48: New longest path found with length 28: [0, 7, 8, 15, 22, 29, 28, 35, 42, 43, 44, 45, 46, 39, 32, 25, 18, 17, 10, 3, 4, 5, 12, 13, 20, 27, 34, 41, 48]
[00:00:00:00:270] Path of length 28 found: [0, 7, 8, 15, 22, 29, 28, 35, 42, 43, 44, 45, 46, 39, 32, 25, 18, 17, 10, 3, 4, 5, 12, 13, 20, 27, 34, 41, 48]
[00:00:00:00:270] ! Unidirectional s-t. expansions: 105, time: 270 [ms], path length: 28 [edges], generated: 140
[00:00:00:00:059] Expansion 25: New longest path found with length 26: [48, 41, 34, 27, 20, 13, 6, 5, 4, 3, 10, 17, 18, 25, 32, 39, 46, 45, 44, 43, 36, 29, 22, 15, 8, 1, 0]
[00:00:00:00:067] Expansion 33: New longest path found with length 28: [48, 41, 34, 27, 20, 13, 6, 5, 4, 3, 10, 17, 18, 25, 32, 39, 46, 45, 44, 43, 42, 35, 28, 29, 22, 15, 8, 1, 0]
[00:00:00:00:106] Path of length 28 found: [48, 41, 34, 27, 20, 13, 6, 5, 4, 3, 10, 17, 18, 25, 32, 39, 46, 45, 44, 43, 42, 35, 28, 29, 22, 15, 8, 1, 0]
[00:00:00:00:106] ! Unidirectional t-s. expansions: 53, time: 106 [ms], path length: 28 [edges], generated: 76
[00:00:00:00:057] Expansion 25: New longest path found with length 26: [0, 7, 8, 15, 22, 23, 30, 37, 44, 45, 46, 39, 32, 25, 18, 17, 10, 3, 4, 5, 6, 13, 20, 27, 34, 41, 48]
[00:00:00:00:093] Expansion 46: New longest path found with length 28: [0, 7, 8, 15, 22, 29, 28, 35, 42, 43, 44, 45, 46, 39, 32, 25, 18, 17, 10, 3, 4, 5, 6, 13, 20, 27, 34, 41, 48]
[00:00:00:00:114] Path of length 28 found: [0, 7, 8, 15, 22, 29, 28, 35, 42, 43, 44, 45, 46, 39, 32, 25, 18, 17, 10, 3, 4, 5, 6, 13, 20, 27, 34, 41, 48]
[00:00:00:00:452] ! Bidirectional. expansions: 52, time: 114 [ms], path length: 28 [edges], g_F: 15, g_B: 13, generated: {'F': 43, 'B': 35}, MM: 2, MMPER: 5.896551724137931%

[00:00:00:00:452] average expansions: (175, 122, 94, 0)
[00:00:00:00:452] average time: (381, 282, 256, 0)
[00:00:00:00:452] X-DFBnB: 122 , 282 (expansions , time[ms])
[00:00:00:00:452] BiX-DFBnB: 94 , 256 (expansions , time[ms])

