Thu 19 Mar 2026 16:00:21 IST

SLURM_JOBID:		 16118903
SLURM_JOB_NODELIST:	 ise-cpu256-28 

--------------------------
date: SM_Grids
number_of_graphs: 10
graph_type: grid
size_of_graphs: [7, 8]
heuristic: bcc_heuristic
snake: True
run_uni: True
run_bi: True
run_multi: False
solution_vertices: []
algorithms: ['DFBnB']
bsd: False
cube_first_dims: 4
cube_buffer_dim: None
backward_sym_generation: False
sym_coil: False
prefix_set: None

---------- SM_Grids/7x8_grid_with_random_blocks_16per_0 ----------
[00:00:00:00:038] Expansion 12: New longest path found with length 13: [0, 1, 2, 3, 4, 5, 13, 14, 22, 23, 31, 39, 47, 55]
[00:00:00:00:082] Expansion 34: New longest path found with length 29: [0, 1, 2, 3, 4, 5, 13, 14, 22, 30, 29, 28, 20, 19, 18, 17, 25, 24, 32, 40, 48, 49, 50, 42, 43, 44, 52, 53, 54, 55]
[00:00:00:00:298] Expansion 169: New longest path found with length 31: [0, 1, 2, 3, 4, 5, 13, 14, 15, 23, 31, 30, 29, 28, 20, 19, 18, 17, 25, 24, 32, 40, 48, 49, 50, 42, 43, 44, 52, 53, 54, 55]
[00:00:00:01:251] Path of length 31 found: [0, 1, 2, 3, 4, 5, 13, 14, 15, 23, 31, 30, 29, 28, 20, 19, 18, 17, 25, 24, 32, 40, 48, 49, 50, 42, 43, 44, 52, 53, 54, 55]
[00:00:00:01:251] ! Unidirectional s-t. expansions: 589, time: 1,251 [ms], path length: 31 [edges], generated: 876
[00:00:00:00:085] Expansion 28: New longest path found with length 29: [55, 47, 39, 31, 23, 15, 14, 13, 12, 20, 19, 27, 35, 36, 37, 45, 53, 52, 51, 50, 42, 41, 40, 32, 24, 25, 17, 9, 1, 0]
[00:00:00:00:626] Expansion 226: New longest path found with length 31: [55, 47, 46, 45, 53, 52, 51, 43, 42, 41, 40, 32, 24, 25, 17, 18, 19, 27, 28, 29, 30, 31, 23, 15, 14, 13, 5, 4, 3, 2, 1, 0]
[00:00:00:01:484] Path of length 31 found: [55, 47, 46, 45, 53, 52, 51, 43, 42, 41, 40, 32, 24, 25, 17, 18, 19, 27, 28, 29, 30, 31, 23, 15, 14, 13, 5, 4, 3, 2, 1, 0]
[00:00:00:01:484] ! Unidirectional t-s. expansions: 481, time: 1,484 [ms], path length: 31 [edges], generated: 738
[00:00:00:00:086] Expansion 26: New longest path found with length 27: [0, 1, 2, 3, 4, 12, 20, 19, 18, 17, 25, 24, 32, 40, 41, 42, 43, 51, 52, 53, 45, 37, 29, 30, 31, 39, 47, 55]
[00:00:00:00:185] Expansion 66: New longest path found with length 31: [0, 1, 2, 3, 4, 5, 13, 14, 15, 23, 31, 30, 29, 28, 20, 19, 18, 17, 25, 24, 32, 40, 41, 42, 43, 51, 52, 53, 45, 46, 47, 55]
[00:00:00:00:545] Path of length 31 found: [0, 1, 2, 3, 4, 5, 13, 14, 15, 23, 31, 30, 29, 28, 20, 19, 18, 17, 25, 24, 32, 40, 41, 42, 43, 51, 52, 53, 45, 46, 47, 55]
[00:00:00:00:949] ! Bidirectional. expansions: 166, time: 545 [ms], path length: 31 [edges], g_F: 16, g_B: 15, generated: {'F': 123, 'B': 152}, MM: 1, MMPER: 2.125%
[00:00:00:00:949] 
---------- SM_Grids/7x8_grid_with_random_blocks_16per_1 ----------
[00:00:00:00:111] Expansion 24: New longest path found with length 25: [0, 8, 16, 17, 25, 26, 34, 42, 43, 51, 52, 53, 45, 37, 36, 28, 20, 12, 13, 14, 22, 30, 31, 39, 47, 55]
[00:00:00:01:005] Path of length 25 found: [0, 8, 16, 17, 25, 26, 34, 42, 43, 51, 52, 53, 45, 37, 36, 28, 20, 12, 13, 14, 22, 30, 31, 39, 47, 55]
[00:00:00:01:005] ! Unidirectional s-t. expansions: 252, time: 1,005 [ms], path length: 25 [edges], generated: 471
[00:00:00:00:081] Expansion 24: New longest path found with length 25: [55, 47, 39, 31, 30, 22, 14, 13, 12, 20, 28, 36, 37, 45, 53, 52, 51, 43, 42, 34, 26, 18, 10, 9, 1, 0]
[00:00:00:00:790] Path of length 25 found: [55, 47, 39, 31, 30, 22, 14, 13, 12, 20, 28, 36, 37, 45, 53, 52, 51, 43, 42, 34, 26, 18, 10, 9, 1, 0]
[00:00:00:00:790] ! Unidirectional t-s. expansions: 183, time: 790 [ms], path length: 25 [edges], generated: 364
[00:00:00:00:087] Expansion 24: New longest path found with length 25: [0, 8, 16, 17, 25, 26, 34, 42, 43, 51, 52, 53, 45, 37, 36, 28, 20, 12, 13, 14, 22, 30, 31, 39, 47, 55]
[00:00:00:00:595] Path of length 25 found: [0, 8, 16, 17, 25, 26, 34, 42, 43, 51, 52, 53, 45, 37, 36, 28, 20, 12, 13, 14, 22, 30, 31, 39, 47, 55]
[00:00:00:00:978] ! Bidirectional. expansions: 136, time: 595 [ms], path length: 25 [edges], g_F: 13, g_B: 12, generated: {'F': 123, 'B': 130}, MM: 1, MMPER: 2.8461538461538463%
[00:00:00:00:978] 
---------- SM_Grids/7x8_grid_with_random_blocks_16per_2 ----------
[00:00:00:00:083] Expansion 26: New longest path found with length 27: [0, 1, 9, 17, 16, 24, 32, 40, 48, 49, 50, 51, 43, 35, 27, 28, 29, 21, 13, 5, 6, 7, 15, 23, 31, 39, 47, 55]
[00:00:00:00:982] Path of length 27 found: [0, 1, 9, 17, 16, 24, 32, 40, 48, 49, 50, 51, 43, 35, 27, 28, 29, 21, 13, 5, 6, 7, 15, 23, 31, 39, 47, 55]
[00:00:00:00:982] ! Unidirectional s-t. expansions: 295, time: 982 [ms], path length: 27 [edges], generated: 526
[00:00:00:00:046] Expansion 12: New longest path found with length 13: [55, 47, 39, 38, 37, 29, 28, 20, 12, 4, 3, 2, 1, 0]
[00:00:00:00:094] Expansion 29: New longest path found with length 21: [55, 47, 39, 38, 37, 29, 28, 27, 35, 43, 51, 50, 49, 48, 40, 32, 33, 25, 17, 9, 1, 0]
[00:00:00:00:278] Expansion 90: New longest path found with length 27: [55, 47, 39, 31, 23, 15, 7, 6, 5, 4, 12, 20, 28, 27, 35, 43, 51, 50, 49, 48, 40, 32, 33, 25, 17, 9, 1, 0]
[00:00:00:00:651] Path of length 27 found: [55, 47, 39, 31, 23, 15, 7, 6, 5, 4, 12, 20, 28, 27, 35, 43, 51, 50, 49, 48, 40, 32, 33, 25, 17, 9, 1, 0]
[00:00:00:00:651] ! Unidirectional t-s. expansions: 209, time: 651 [ms], path length: 27 [edges], generated: 324
[00:00:00:00:088] Expansion 30: New longest path found with length 27: [0, 1, 9, 17, 16, 24, 32, 40, 48, 49, 50, 51, 43, 35, 27, 28, 20, 12, 4, 5, 6, 7, 15, 23, 31, 39, 47, 55]
[00:00:00:01:709] Path of length 27 found: [0, 1, 9, 17, 16, 24, 32, 40, 48, 49, 50, 51, 43, 35, 27, 28, 20, 12, 4, 5, 6, 7, 15, 23, 31, 39, 47, 55]
[00:00:00:02:092] ! Bidirectional. expansions: 637, time: 1,709 [ms], path length: 27 [edges], g_F: 14, g_B: 13, generated: {'F': 475, 'B': 523}, MM: 1, MMPER: 2.5714285714285716%
[00:00:00:02:093] 
---------- SM_Grids/7x8_grid_with_random_blocks_16per_3 ----------
[00:00:00:00:088] Expansion 27: New longest path found with length 27: [0, 1, 9, 17, 16, 24, 32, 40, 48, 49, 50, 42, 43, 44, 36, 28, 27, 19, 11, 12, 13, 21, 22, 23, 31, 39, 47, 55]
[00:00:00:00:109] Expansion 42: New longest path found with length 29: [0, 1, 9, 17, 16, 24, 32, 40, 48, 49, 50, 42, 43, 44, 36, 28, 27, 19, 11, 12, 13, 14, 15, 23, 31, 30, 38, 46, 47, 55]
[00:00:00:01:815] Expansion 660: New longest path found with length 31: [0, 1, 2, 3, 4, 12, 13, 14, 15, 23, 31, 30, 29, 28, 27, 19, 18, 17, 16, 24, 32, 40, 48, 49, 50, 42, 43, 44, 45, 46, 47, 55]
[00:00:00:01:931] Path of length 31 found: [0, 1, 2, 3, 4, 12, 13, 14, 15, 23, 31, 30, 29, 28, 27, 19, 18, 17, 16, 24, 32, 40, 48, 49, 50, 42, 43, 44, 45, 46, 47, 55]
[00:00:00:01:931] ! Unidirectional s-t. expansions: 692, time: 1,931 [ms], path length: 31 [edges], generated: 1,116
[00:00:00:00:523] Expansion 316: New longest path found with length 13: [55, 47, 39, 38, 30, 22, 14, 13, 12, 4, 3, 2, 1, 0]
[00:00:00:00:563] Expansion 334: New longest path found with length 27: [55, 47, 39, 38, 30, 22, 14, 13, 12, 11, 19, 27, 28, 36, 44, 52, 51, 50, 42, 34, 33, 32, 24, 16, 17, 9, 1, 0]
[00:00:00:01:139] Expansion 582: New longest path found with length 29: [55, 47, 39, 31, 23, 15, 14, 13, 21, 29, 28, 36, 44, 52, 51, 50, 42, 34, 33, 32, 24, 16, 17, 18, 19, 11, 3, 2, 1, 0]
[00:00:00:01:532] Expansion 696: New longest path found with length 31: [55, 47, 46, 45, 53, 52, 51, 43, 42, 41, 33, 32, 24, 16, 17, 18, 19, 27, 28, 29, 30, 31, 23, 15, 14, 13, 12, 4, 3, 2, 1, 0]
[00:00:00:02:093] Path of length 31 found: [55, 47, 46, 45, 53, 52, 51, 43, 42, 41, 33, 32, 24, 16, 17, 18, 19, 27, 28, 29, 30, 31, 23, 15, 14, 13, 12, 4, 3, 2, 1, 0]
[00:00:00:02:094] ! Unidirectional t-s. expansions: 871, time: 2,094 [ms], path length: 31 [edges], generated: 1,312
[00:00:00:00:088] Expansion 26: New longest path found with length 27: [0, 1, 9, 17, 16, 24, 32, 40, 48, 49, 50, 51, 52, 44, 36, 28, 27, 19, 11, 12, 13, 14, 22, 30, 38, 39, 47, 55]
[00:00:00:00:956] Expansion 325: New longest path found with length 29: [0, 1, 9, 17, 16, 24, 32, 40, 48, 49, 50, 42, 43, 44, 36, 28, 27, 19, 11, 12, 13, 14, 15, 23, 31, 30, 38, 46, 47, 55]
[00:00:00:01:504] Expansion 492: New longest path found with length 31: [0, 1, 2, 3, 4, 12, 13, 14, 15, 23, 31, 30, 29, 28, 27, 19, 18, 17, 16, 24, 32, 33, 41, 42, 43, 51, 52, 53, 45, 46, 47, 55]
[00:00:00:01:607] Path of length 31 found: [0, 1, 2, 3, 4, 12, 13, 14, 15, 23, 31, 30, 29, 28, 27, 19, 18, 17, 16, 24, 32, 33, 41, 42, 43, 51, 52, 53, 45, 46, 47, 55]
[00:00:00:02:015] ! Bidirectional. expansions: 518, time: 1,607 [ms], path length: 31 [edges], g_F: 16, g_B: 15, generated: {'F': 402, 'B': 539}, MM: 1, MMPER: 2.125%
[00:00:00:02:015] 
---------- SM_Grids/7x8_grid_with_random_blocks_16per_4 ----------
[00:00:00:00:086] Expansion 24: New longest path found with length 25: [0, 1, 9, 17, 16, 24, 32, 40, 48, 49, 50, 42, 34, 35, 36, 28, 20, 12, 13, 14, 22, 30, 31, 39, 47, 55]
[00:00:00:00:258] Expansion 100: New longest path found with length 27: [0, 1, 9, 17, 16, 24, 32, 40, 48, 49, 50, 51, 52, 53, 45, 37, 36, 28, 20, 12, 13, 14, 22, 30, 31, 39, 47, 55]
[00:00:00:01:707] Expansion 596: New longest path found with length 29: [0, 1, 9, 17, 18, 26, 34, 33, 32, 40, 48, 49, 50, 51, 52, 53, 45, 37, 36, 28, 20, 12, 13, 14, 22, 30, 31, 39, 47, 55]
[00:00:00:03:184] Path of length 29 found: [0, 1, 9, 17, 18, 26, 34, 33, 32, 40, 48, 49, 50, 51, 52, 53, 45, 37, 36, 28, 20, 12, 13, 14, 22, 30, 31, 39, 47, 55]
[00:00:00:03:185] ! Unidirectional s-t. expansions: 1,033, time: 3,184 [ms], path length: 29 [edges], generated: 1,762
[00:00:00:00:053] Expansion 12: New longest path found with length 13: [55, 47, 39, 31, 30, 22, 14, 13, 12, 11, 3, 2, 1, 0]
[00:00:00:00:074] Expansion 19: New longest path found with length 17: [55, 47, 39, 31, 30, 22, 14, 13, 12, 11, 19, 18, 26, 25, 24, 16, 8, 0]
[00:00:00:00:260] Expansion 109: New longest path found with length 23: [55, 47, 39, 31, 30, 22, 14, 13, 12, 11, 19, 18, 26, 34, 42, 50, 49, 48, 40, 32, 24, 16, 8, 0]
[00:00:00:00:286] Expansion 124: New longest path found with length 29: [55, 47, 39, 31, 30, 22, 14, 13, 12, 11, 19, 18, 26, 34, 35, 36, 37, 45, 53, 52, 51, 50, 49, 41, 40, 32, 24, 16, 8, 0]
[00:00:00:01:392] Path of length 29 found: [55, 47, 39, 31, 30, 22, 14, 13, 12, 11, 19, 18, 26, 34, 35, 36, 37, 45, 53, 52, 51, 50, 49, 41, 40, 32, 24, 16, 8, 0]
[00:00:00:01:393] ! Unidirectional t-s. expansions: 451, time: 1,392 [ms], path length: 29 [edges], generated: 747
[00:00:00:00:089] Expansion 25: New longest path found with length 25: [0, 1, 9, 17, 16, 24, 32, 40, 48, 49, 50, 42, 43, 35, 36, 28, 20, 12, 13, 14, 22, 30, 31, 39, 47, 55]
[00:00:00:00:107] Expansion 37: New longest path found with length 27: [0, 1, 9, 17, 16, 24, 32, 40, 48, 49, 50, 51, 52, 53, 45, 37, 36, 28, 20, 12, 13, 14, 22, 30, 31, 39, 47, 55]
[00:00:00:00:209] Expansion 77: New longest path found with length 29: [0, 1, 9, 17, 18, 26, 34, 33, 32, 40, 48, 49, 50, 51, 52, 53, 45, 37, 36, 28, 20, 12, 13, 14, 22, 30, 31, 39, 47, 55]
[00:00:00:01:539] Path of length 29 found: [0, 1, 9, 17, 18, 26, 34, 33, 32, 40, 48, 49, 50, 51, 52, 53, 45, 37, 36, 28, 20, 12, 13, 14, 22, 30, 31, 39, 47, 55]
[00:00:00:01:917] ! Bidirectional. expansions: 422, time: 1,539 [ms], path length: 29 [edges], g_F: 15, g_B: 14, generated: {'F': 335, 'B': 390}, MM: 1, MMPER: 2.3333333333333335%
[00:00:00:01:917] 
---------- SM_Grids/7x8_grid_with_random_blocks_16per_5 ----------
[00:00:00:00:083] Expansion 26: New longest path found with length 27: [0, 8, 16, 17, 18, 10, 2, 3, 4, 12, 13, 14, 15, 23, 31, 39, 38, 37, 29, 28, 27, 35, 43, 44, 52, 53, 54, 55]
[00:00:00:00:846] Expansion 299: New longest path found with length 29: [0, 8, 9, 10, 2, 3, 4, 5, 6, 14, 15, 23, 31, 39, 38, 37, 29, 21, 20, 19, 27, 26, 34, 42, 43, 44, 52, 53, 54, 55]
[00:00:00:02:787] Path of length 29 found: [0, 8, 9, 10, 2, 3, 4, 5, 6, 14, 15, 23, 31, 39, 38, 37, 29, 21, 20, 19, 27, 26, 34, 42, 43, 44, 52, 53, 54, 55]
[00:00:00:02:788] ! Unidirectional s-t. expansions: 959, time: 2,787 [ms], path length: 29 [edges], generated: 1,595
[00:00:00:00:085] Expansion 29: New longest path found with length 29: [55, 54, 53, 52, 44, 43, 42, 34, 26, 27, 19, 20, 21, 29, 37, 38, 39, 31, 23, 15, 7, 6, 5, 4, 3, 2, 10, 9, 8, 0]
[00:00:00:00:933] Path of length 29 found: [55, 54, 53, 52, 44, 43, 42, 34, 26, 27, 19, 20, 21, 29, 37, 38, 39, 31, 23, 15, 7, 6, 5, 4, 3, 2, 10, 9, 8, 0]
[00:00:00:00:933] ! Unidirectional t-s. expansions: 271, time: 933 [ms], path length: 29 [edges], generated: 495
[00:00:00:00:087] Expansion 28: New longest path found with length 27: [0, 8, 16, 17, 18, 10, 2, 3, 4, 12, 13, 14, 15, 23, 31, 39, 38, 37, 29, 28, 27, 35, 43, 44, 52, 53, 54, 55]
[00:00:00:00:328] Expansion 94: New longest path found with length 29: [0, 8, 9, 10, 2, 3, 4, 5, 6, 14, 15, 23, 31, 39, 38, 37, 29, 21, 20, 19, 27, 26, 34, 42, 43, 44, 52, 53, 54, 55]
[00:00:00:01:181] Path of length 29 found: [0, 8, 9, 10, 2, 3, 4, 5, 6, 14, 15, 23, 31, 39, 38, 37, 29, 21, 20, 19, 27, 26, 34, 42, 43, 44, 52, 53, 54, 55]
[00:00:00:01:557] ! Bidirectional. expansions: 297, time: 1,181 [ms], path length: 29 [edges], g_F: 15, g_B: 14, generated: {'F': 283, 'B': 274}, MM: 1, MMPER: 2.3333333333333335%
[00:00:00:01:557] 
---------- SM_Grids/7x8_grid_with_random_blocks_16per_6 ----------
[00:00:00:00:120] Expansion 31: New longest path found with length 29: [0, 1, 9, 17, 16, 24, 32, 33, 34, 26, 27, 19, 11, 3, 4, 5, 13, 14, 15, 23, 31, 30, 29, 37, 36, 44, 52, 53, 54, 55]
[00:00:00:02:158] Path of length 29 found: [0, 1, 9, 17, 16, 24, 32, 33, 34, 26, 27, 19, 11, 3, 4, 5, 13, 14, 15, 23, 31, 30, 29, 37, 36, 44, 52, 53, 54, 55]
[00:00:00:02:158] ! Unidirectional s-t. expansions: 769, time: 2,158 [ms], path length: 29 [edges], generated: 1,298
[00:00:00:00:090] Expansion 27: New longest path found with length 25: [55, 54, 46, 38, 30, 31, 23, 15, 7, 6, 5, 13, 21, 20, 28, 36, 35, 34, 33, 32, 24, 16, 17, 9, 1, 0]
[00:00:00:00:096] Expansion 31: New longest path found with length 27: [55, 54, 46, 38, 30, 31, 23, 15, 7, 6, 5, 13, 21, 20, 28, 36, 35, 34, 33, 32, 24, 16, 17, 18, 10, 2, 1, 0]
[00:00:00:00:934] Expansion 272: New longest path found with length 29: [55, 54, 46, 45, 44, 36, 35, 34, 33, 32, 24, 16, 17, 18, 19, 20, 21, 29, 30, 31, 23, 15, 7, 6, 5, 4, 3, 2, 1, 0]
[00:00:00:02:774] Path of length 29 found: [55, 54, 46, 45, 44, 36, 35, 34, 33, 32, 24, 16, 17, 18, 19, 20, 21, 29, 30, 31, 23, 15, 7, 6, 5, 4, 3, 2, 1, 0]
[00:00:00:02:774] ! Unidirectional t-s. expansions: 855, time: 2,774 [ms], path length: 29 [edges], generated: 1,508
[00:00:00:00:091] Expansion 26: New longest path found with length 27: [0, 1, 9, 17, 16, 24, 32, 33, 34, 35, 36, 28, 20, 19, 11, 3, 4, 5, 6, 7, 15, 23, 31, 30, 38, 46, 54, 55]
[00:00:00:00:538] Expansion 139: New longest path found with length 29: [0, 1, 9, 17, 16, 24, 32, 33, 34, 26, 27, 19, 11, 3, 4, 5, 6, 7, 15, 23, 31, 30, 38, 37, 36, 44, 52, 53, 54, 55]
[00:00:00:01:340] Path of length 29 found: [0, 1, 9, 17, 16, 24, 32, 33, 34, 26, 27, 19, 11, 3, 4, 5, 6, 7, 15, 23, 31, 30, 38, 37, 36, 44, 52, 53, 54, 55]
[00:00:00:01:716] ! Bidirectional. expansions: 325, time: 1,340 [ms], path length: 29 [edges], g_F: 15, g_B: 14, generated: {'F': 329, 'B': 307}, MM: 1, MMPER: 2.3333333333333335%
[00:00:00:01:717] 
---------- SM_Grids/7x8_grid_with_random_blocks_16per_7 ----------
[00:00:00:00:087] Expansion 26: New longest path found with length 27: [0, 1, 9, 17, 16, 24, 32, 40, 48, 49, 50, 42, 43, 44, 36, 28, 27, 19, 11, 12, 13, 14, 22, 30, 38, 46, 54, 55]
[00:00:00:03:811] Path of length 27 found: [0, 1, 9, 17, 16, 24, 32, 40, 48, 49, 50, 42, 43, 44, 36, 28, 27, 19, 11, 12, 13, 14, 22, 30, 38, 46, 54, 55]
[00:00:00:03:811] ! Unidirectional s-t. expansions: 1,202, time: 3,811 [ms], path length: 27 [edges], generated: 2,215
[00:00:00:00:086] Expansion 26: New longest path found with length 27: [55, 47, 39, 38, 30, 22, 14, 13, 12, 11, 19, 27, 28, 36, 44, 52, 51, 50, 42, 34, 33, 32, 24, 16, 17, 9, 1, 0]
[00:00:00:00:412] Path of length 27 found: [55, 47, 39, 38, 30, 22, 14, 13, 12, 11, 19, 27, 28, 36, 44, 52, 51, 50, 42, 34, 33, 32, 24, 16, 17, 9, 1, 0]
[00:00:00:00:413] ! Unidirectional t-s. expansions: 125, time: 412 [ms], path length: 27 [edges], generated: 206
[00:00:00:00:088] Expansion 26: New longest path found with length 27: [0, 1, 9, 17, 16, 24, 32, 40, 48, 49, 50, 51, 52, 44, 36, 28, 27, 19, 11, 12, 13, 14, 22, 30, 38, 39, 47, 55]
[00:00:00:02:052] Path of length 27 found: [0, 1, 9, 17, 16, 24, 32, 40, 48, 49, 50, 51, 52, 44, 36, 28, 27, 19, 11, 12, 13, 14, 22, 30, 38, 39, 47, 55]
[00:00:00:02:461] ! Bidirectional. expansions: 636, time: 2,052 [ms], path length: 27 [edges], g_F: 14, g_B: 13, generated: {'F': 432, 'B': 695}, MM: 1, MMPER: 2.5714285714285716%
[00:00:00:02:461] 
---------- SM_Grids/7x8_grid_with_random_blocks_16per_8 ----------
[00:00:00:00:099] Expansion 32: New longest path found with length 23: [0, 8, 16, 17, 18, 10, 2, 3, 4, 5, 6, 7, 15, 23, 31, 30, 29, 28, 36, 44, 45, 53, 54, 55]
[00:00:00:00:416] Expansion 132: New longest path found with length 25: [0, 8, 16, 17, 18, 26, 34, 42, 43, 44, 36, 28, 29, 21, 13, 5, 6, 7, 15, 23, 31, 39, 38, 46, 54, 55]
[00:00:00:01:334] Expansion 454: New longest path found with length 27: [0, 8, 9, 10, 18, 26, 25, 33, 41, 42, 43, 35, 36, 28, 29, 21, 13, 5, 6, 7, 15, 23, 31, 39, 38, 46, 54, 55]
[00:00:00:01:764] Path of length 27 found: [0, 8, 9, 10, 18, 26, 25, 33, 41, 42, 43, 35, 36, 28, 29, 21, 13, 5, 6, 7, 15, 23, 31, 39, 38, 46, 54, 55]
[00:00:00:01:764] ! Unidirectional s-t. expansions: 616, time: 1,764 [ms], path length: 27 [edges], generated: 1,041
[00:00:00:00:148] Expansion 64: New longest path found with length 15: [55, 54, 53, 45, 44, 43, 42, 41, 33, 25, 26, 18, 10, 9, 8, 0]
[00:00:00:00:261] Expansion 96: New longest path found with length 23: [55, 54, 53, 45, 44, 36, 28, 29, 30, 31, 23, 15, 7, 6, 5, 4, 3, 2, 10, 18, 17, 16, 8, 0]
[00:00:00:00:908] Expansion 304: New longest path found with length 27: [55, 54, 46, 38, 39, 31, 23, 15, 7, 6, 5, 4, 12, 20, 28, 36, 44, 43, 42, 41, 33, 25, 26, 18, 10, 9, 8, 0]
[00:00:00:03:040] Path of length 27 found: [55, 54, 46, 38, 39, 31, 23, 15, 7, 6, 5, 4, 12, 20, 28, 36, 44, 43, 42, 41, 33, 25, 26, 18, 10, 9, 8, 0]
[00:00:00:03:041] ! Unidirectional t-s. expansions: 929, time: 3,040 [ms], path length: 27 [edges], generated: 1,670
[00:00:00:00:080] Expansion 22: New longest path found with length 23: [0, 8, 16, 17, 18, 10, 2, 3, 4, 5, 6, 7, 15, 23, 31, 30, 29, 28, 36, 44, 45, 53, 54, 55]
[00:00:00:00:222] Expansion 54: New longest path found with length 25: [0, 8, 16, 17, 18, 26, 34, 42, 43, 44, 36, 28, 20, 12, 4, 5, 6, 7, 15, 23, 31, 30, 38, 46, 54, 55]
[00:00:00:00:567] Expansion 149: New longest path found with length 27: [0, 8, 9, 10, 18, 26, 25, 33, 41, 42, 43, 35, 36, 28, 20, 12, 4, 5, 6, 7, 15, 23, 31, 39, 38, 46, 54, 55]
[00:00:00:01:372] Path of length 27 found: [0, 8, 9, 10, 18, 26, 25, 33, 41, 42, 43, 35, 36, 28, 20, 12, 4, 5, 6, 7, 15, 23, 31, 39, 38, 46, 54, 55]
[00:00:00:01:743] ! Bidirectional. expansions: 360, time: 1,372 [ms], path length: 27 [edges], g_F: 14, g_B: 13, generated: {'F': 353, 'B': 305}, MM: 1, MMPER: 2.5714285714285716%
[00:00:00:01:743] 
---------- SM_Grids/7x8_grid_with_random_blocks_16per_9 ----------
[00:00:00:00:194] Expansion 87: New longest path found with length 15: [0, 1, 9, 17, 25, 26, 27, 35, 43, 44, 45, 37, 38, 39, 47, 55]
[00:00:00:00:269] Expansion 131: New longest path found with length 21: [0, 1, 9, 17, 25, 26, 27, 19, 20, 12, 4, 5, 6, 7, 15, 23, 22, 30, 38, 46, 54, 55]
[00:00:00:03:922] Expansion 2,120: New longest path found with length 25: [0, 8, 16, 17, 18, 10, 2, 3, 4, 12, 20, 28, 27, 35, 34, 42, 50, 51, 52, 44, 45, 37, 38, 39, 47, 55]
[00:00:00:04:699] Path of length 25 found: [0, 8, 16, 17, 18, 10, 2, 3, 4, 12, 20, 28, 27, 35, 34, 42, 50, 51, 52, 44, 45, 37, 38, 39, 47, 55]
[00:00:00:04:699] ! Unidirectional s-t. expansions: 2,351, time: 4,699 [ms], path length: 25 [edges], generated: 3,468
[00:00:00:00:076] Expansion 20: New longest path found with length 21: [55, 54, 46, 38, 39, 31, 23, 15, 7, 6, 5, 4, 3, 2, 10, 18, 26, 25, 24, 16, 8, 0]
[00:00:00:01:457] Expansion 503: New longest path found with length 23: [55, 54, 46, 45, 44, 52, 51, 50, 42, 34, 35, 27, 28, 20, 12, 4, 3, 2, 10, 18, 17, 16, 8, 0]
[00:00:00:01:713] Expansion 585: New longest path found with length 25: [55, 47, 39, 38, 37, 45, 44, 52, 51, 50, 42, 34, 35, 27, 28, 20, 12, 4, 3, 2, 10, 18, 17, 16, 8, 0]
[00:00:00:03:028] Path of length 25 found: [55, 47, 39, 38, 37, 45, 44, 52, 51, 50, 42, 34, 35, 27, 28, 20, 12, 4, 3, 2, 10, 18, 17, 16, 8, 0]
[00:00:00:03:028] ! Unidirectional t-s. expansions: 957, time: 3,028 [ms], path length: 25 [edges], generated: 1,662
[00:00:00:00:078] Expansion 20: New longest path found with length 21: [0, 1, 9, 17, 25, 26, 27, 19, 20, 12, 4, 5, 6, 7, 15, 23, 31, 39, 38, 46, 54, 55]
[00:00:00:01:056] Expansion 262: New longest path found with length 23: [0, 8, 16, 17, 18, 10, 2, 3, 4, 12, 20, 28, 27, 35, 34, 42, 50, 51, 52, 44, 45, 46, 54, 55]
[00:00:00:01:389] Expansion 350: New longest path found with length 25: [0, 8, 16, 17, 18, 10, 2, 3, 4, 12, 20, 28, 27, 35, 34, 42, 50, 51, 52, 44, 45, 37, 38, 39, 47, 55]
[00:00:00:01:994] Path of length 25 found: [0, 8, 16, 17, 18, 10, 2, 3, 4, 12, 20, 28, 27, 35, 34, 42, 50, 51, 52, 44, 45, 37, 38, 39, 47, 55]
[00:00:00:02:379] ! Bidirectional. expansions: 502, time: 1,994 [ms], path length: 25 [edges], g_F: 13, g_B: 12, generated: {'F': 578, 'B': 384}, MM: 1, MMPER: 2.8461538461538463%

[00:00:00:02:379] average expansions: (876, 533, 400, 0)
[00:00:00:02:379] average time: (2,357, 1,660, 1,393, 0)
[00:00:00:02:379] X-DFBnB: 533 , 1,660 (expansions , time[ms])
[00:00:00:02:379] BiX-DFBnB: 400 , 1,393 (expansions , time[ms])

