Thu 19 Mar 2026 16:00:21 IST

SLURM_JOBID:		 16118901
SLURM_JOB_NODELIST:	 ise-cpu256-28 

--------------------------
date: SM_Grids
number_of_graphs: 10
graph_type: grid
size_of_graphs: [7, 8]
heuristic: bcc_heuristic
snake: True
run_uni: True
run_bi: True
run_multi: False
solution_vertices: []
algorithms: ['DFBnB']
bsd: False
cube_first_dims: 4
cube_buffer_dim: None
backward_sym_generation: False
sym_coil: False
prefix_set: None

---------- SM_Grids/7x8_grid_with_random_blocks_12per_0 ----------
[00:00:00:00:082] Expansion 31: New longest path found with length 31: [0, 1, 2, 10, 11, 12, 4, 5, 6, 7, 15, 23, 22, 21, 29, 28, 27, 26, 25, 24, 32, 40, 48, 49, 50, 42, 43, 44, 45, 46, 47, 55]
[00:00:00:02:595] Expansion 1,050: New longest path found with length 33: [0, 1, 2, 3, 4, 5, 6, 7, 15, 23, 22, 21, 20, 28, 27, 26, 18, 17, 16, 24, 32, 40, 48, 49, 50, 42, 43, 44, 45, 37, 38, 39, 47, 55]
[00:00:00:02:857] Path of length 33 found: [0, 1, 2, 3, 4, 5, 6, 7, 15, 23, 22, 21, 20, 28, 27, 26, 18, 17, 16, 24, 32, 40, 48, 49, 50, 42, 43, 44, 45, 37, 38, 39, 47, 55]
[00:00:00:02:857] ! Unidirectional s-t. expansions: 1,128, time: 2,857 [ms], path length: 33 [edges], generated: 1,794
[00:00:00:00:086] Expansion 26: New longest path found with length 27: [55, 47, 39, 31, 30, 29, 37, 45, 44, 43, 51, 50, 49, 48, 40, 32, 24, 16, 17, 18, 19, 20, 12, 4, 3, 2, 1, 0]
[00:00:00:00:971] Expansion 356: New longest path found with length 31: [55, 47, 39, 31, 23, 15, 7, 6, 5, 4, 12, 20, 28, 29, 37, 45, 44, 43, 51, 50, 49, 41, 40, 32, 24, 16, 17, 18, 10, 2, 1, 0]
[00:00:00:01:889] Expansion 680: New longest path found with length 33: [55, 47, 39, 38, 37, 45, 44, 43, 51, 50, 49, 48, 40, 32, 24, 16, 17, 18, 26, 27, 28, 20, 21, 22, 23, 15, 7, 6, 5, 4, 3, 2, 1, 0]
[00:00:00:02:869] Path of length 33 found: [55, 47, 39, 38, 37, 45, 44, 43, 51, 50, 49, 48, 40, 32, 24, 16, 17, 18, 26, 27, 28, 20, 21, 22, 23, 15, 7, 6, 5, 4, 3, 2, 1, 0]
[00:00:00:02:870] ! Unidirectional t-s. expansions: 950, time: 2,869 [ms], path length: 33 [edges], generated: 1,641
[00:00:00:00:088] Expansion 24: New longest path found with length 25: [0, 1, 2, 10, 11, 19, 27, 26, 25, 24, 32, 40, 48, 49, 50, 51, 43, 44, 45, 37, 29, 30, 31, 39, 47, 55]
[00:00:00:00:158] Expansion 49: New longest path found with length 31: [0, 1, 2, 10, 11, 19, 27, 26, 25, 24, 32, 40, 48, 49, 50, 42, 43, 44, 45, 37, 29, 21, 13, 5, 6, 7, 15, 23, 31, 39, 47, 55]
[00:00:00:00:514] Expansion 135: New longest path found with length 33: [0, 1, 2, 3, 4, 5, 6, 7, 15, 23, 22, 21, 20, 28, 27, 26, 18, 17, 16, 24, 32, 40, 48, 49, 50, 51, 43, 44, 45, 37, 38, 39, 47, 55]
[00:00:00:00:735] Path of length 33 found: [0, 1, 2, 3, 4, 5, 6, 7, 15, 23, 22, 21, 20, 28, 27, 26, 18, 17, 16, 24, 32, 40, 48, 49, 50, 51, 43, 44, 45, 37, 38, 39, 47, 55]
[00:00:00:01:140] ! Bidirectional. expansions: 186, time: 735 [ms], path length: 33 [edges], g_F: 17, g_B: 16, generated: {'F': 193, 'B': 161}, MM: 1, MMPER: 1.9411764705882355%
[00:00:00:01:140] 
---------- SM_Grids/7x8_grid_with_random_blocks_12per_1 ----------
[00:00:00:00:097] Expansion 25: New longest path found with length 25: [0, 8, 16, 24, 32, 40, 41, 42, 34, 26, 27, 19, 11, 3, 4, 5, 13, 14, 22, 30, 38, 37, 45, 53, 54, 55]
[00:00:00:00:286] Expansion 96: New longest path found with length 27: [0, 8, 16, 24, 32, 40, 41, 42, 34, 26, 18, 10, 2, 3, 4, 5, 6, 14, 22, 21, 20, 28, 36, 44, 45, 46, 54, 55]
[00:00:00:04:255] Expansion 1,445: New longest path found with length 29: [0, 8, 9, 10, 2, 3, 4, 5, 6, 14, 22, 21, 20, 19, 27, 26, 25, 24, 32, 40, 41, 42, 43, 44, 36, 37, 38, 46, 54, 55]
[00:00:00:05:270] Path of length 29 found: [0, 8, 9, 10, 2, 3, 4, 5, 6, 14, 22, 21, 20, 19, 27, 26, 25, 24, 32, 40, 41, 42, 43, 44, 36, 37, 38, 46, 54, 55]
[00:00:00:05:270] ! Unidirectional s-t. expansions: 1,721, time: 5,270 [ms], path length: 29 [edges], generated: 3,034
[00:00:00:00:456] Expansion 222: New longest path found with length 15: [55, 47, 39, 38, 30, 22, 14, 6, 5, 4, 3, 2, 10, 9, 8, 0]
[00:00:00:00:490] Expansion 236: New longest path found with length 27: [55, 47, 39, 38, 30, 22, 14, 6, 5, 4, 3, 2, 10, 18, 19, 20, 28, 36, 35, 43, 42, 41, 33, 25, 24, 16, 8, 0]
[00:00:00:01:831] Expansion 620: New longest path found with length 29: [55, 47, 39, 38, 37, 45, 44, 43, 42, 41, 40, 32, 24, 25, 26, 27, 28, 20, 21, 22, 14, 6, 5, 4, 3, 2, 10, 9, 8, 0]
[00:00:00:05:021] Path of length 29 found: [55, 47, 39, 38, 37, 45, 44, 43, 42, 41, 40, 32, 24, 25, 26, 27, 28, 20, 21, 22, 14, 6, 5, 4, 3, 2, 10, 9, 8, 0]
[00:00:00:05:021] ! Unidirectional t-s. expansions: 1,478, time: 5,021 [ms], path length: 29 [edges], generated: 2,728
[00:00:00:00:108] Expansion 32: New longest path found with length 25: [0, 8, 16, 17, 25, 33, 41, 42, 43, 44, 36, 28, 20, 19, 11, 3, 4, 5, 6, 14, 22, 30, 38, 39, 47, 55]
[00:00:00:00:461] Expansion 124: New longest path found with length 27: [0, 8, 16, 24, 25, 33, 41, 42, 43, 44, 36, 28, 20, 19, 18, 10, 2, 3, 4, 5, 6, 14, 22, 30, 38, 39, 47, 55]
[00:00:00:01:717] Expansion 420: New longest path found with length 29: [0, 8, 9, 10, 2, 3, 4, 5, 6, 14, 22, 21, 20, 19, 27, 26, 25, 24, 32, 40, 41, 42, 43, 44, 45, 37, 38, 39, 47, 55]
[00:00:00:03:826] Path of length 29 found: [0, 8, 9, 10, 2, 3, 4, 5, 6, 14, 22, 21, 20, 19, 27, 26, 25, 24, 32, 40, 41, 42, 43, 44, 45, 37, 38, 39, 47, 55]
[00:00:00:04:209] ! Bidirectional. expansions: 898, time: 3,826 [ms], path length: 29 [edges], g_F: 15, g_B: 14, generated: {'F': 851, 'B': 977}, MM: 1, MMPER: 2.3333333333333335%
[00:00:00:04:209] 
---------- SM_Grids/7x8_grid_with_random_blocks_12per_2 ----------
[00:00:00:00:091] Expansion 26: New longest path found with length 27: [0, 8, 16, 24, 32, 33, 34, 26, 18, 10, 2, 3, 4, 5, 6, 7, 15, 23, 22, 21, 20, 28, 36, 37, 45, 53, 54, 55]
[00:00:00:00:538] Expansion 209: New longest path found with length 29: [0, 8, 16, 24, 32, 33, 34, 35, 43, 44, 45, 37, 29, 28, 20, 19, 18, 10, 2, 3, 4, 5, 13, 14, 22, 23, 31, 39, 47, 55]
[00:00:00:01:124] Expansion 399: New longest path found with length 31: [0, 1, 2, 3, 4, 5, 6, 7, 15, 23, 31, 39, 38, 37, 29, 21, 20, 19, 18, 17, 16, 24, 32, 33, 34, 35, 43, 44, 52, 53, 54, 55]
[00:00:00:01:464] Path of length 31 found: [0, 1, 2, 3, 4, 5, 6, 7, 15, 23, 31, 39, 38, 37, 29, 21, 20, 19, 18, 17, 16, 24, 32, 33, 34, 35, 43, 44, 52, 53, 54, 55]
[00:00:00:01:465] ! Unidirectional s-t. expansions: 503, time: 1,464 [ms], path length: 31 [edges], generated: 810
[00:00:00:00:079] Expansion 20: New longest path found with length 21: [55, 47, 39, 31, 23, 15, 7, 6, 5, 4, 3, 2, 10, 18, 26, 34, 33, 32, 24, 16, 8, 0]
[00:00:00:00:101] Expansion 29: New longest path found with length 23: [55, 47, 39, 31, 23, 15, 7, 6, 5, 4, 3, 2, 10, 18, 19, 27, 35, 34, 33, 32, 24, 16, 8, 0]
[00:00:00:00:128] Expansion 43: New longest path found with length 29: [55, 47, 39, 31, 23, 15, 7, 6, 5, 4, 3, 2, 10, 18, 19, 20, 28, 29, 37, 45, 44, 43, 35, 34, 33, 32, 24, 16, 8, 0]
[00:00:00:02:491] Expansion 787: New longest path found with length 31: [55, 54, 53, 52, 44, 43, 35, 34, 33, 32, 24, 16, 17, 18, 19, 20, 28, 29, 37, 38, 39, 31, 23, 15, 7, 6, 5, 4, 3, 2, 1, 0]
[00:00:00:02:889] Path of length 31 found: [55, 54, 53, 52, 44, 43, 35, 34, 33, 32, 24, 16, 17, 18, 19, 20, 28, 29, 37, 38, 39, 31, 23, 15, 7, 6, 5, 4, 3, 2, 1, 0]
[00:00:00:02:889] ! Unidirectional t-s. expansions: 923, time: 2,889 [ms], path length: 31 [edges], generated: 1,600
[00:00:00:00:056] Expansion 12: New longest path found with length 13: [0, 8, 16, 24, 32, 33, 34, 35, 43, 44, 52, 53, 54, 55]
[00:00:00:00:099] Expansion 28: New longest path found with length 27: [0, 8, 16, 24, 32, 33, 34, 26, 27, 19, 11, 3, 4, 5, 6, 7, 15, 23, 31, 39, 38, 37, 36, 44, 52, 53, 54, 55]
[00:00:00:00:546] Expansion 162: New longest path found with length 29: [0, 8, 16, 24, 32, 33, 34, 35, 43, 44, 45, 37, 29, 21, 20, 19, 18, 10, 2, 3, 4, 5, 6, 7, 15, 23, 31, 39, 47, 55]
[00:00:00:01:376] Expansion 395: New longest path found with length 31: [0, 1, 2, 3, 4, 5, 6, 7, 15, 23, 31, 39, 38, 37, 29, 21, 20, 19, 18, 17, 16, 24, 32, 33, 34, 35, 43, 44, 52, 53, 54, 55]
[00:00:00:01:517] Path of length 31 found: [0, 1, 2, 3, 4, 5, 6, 7, 15, 23, 31, 39, 38, 37, 29, 21, 20, 19, 18, 17, 16, 24, 32, 33, 34, 35, 43, 44, 52, 53, 54, 55]
[00:00:00:01:894] ! Bidirectional. expansions: 430, time: 1,517 [ms], path length: 31 [edges], g_F: 16, g_B: 15, generated: {'F': 370, 'B': 372}, MM: 1, MMPER: 2.125%
[00:00:00:01:894] 
---------- SM_Grids/7x8_grid_with_random_blocks_12per_3 ----------
[00:00:00:00:096] Expansion 26: New longest path found with length 27: [0, 8, 16, 24, 32, 33, 41, 49, 50, 51, 43, 35, 27, 19, 11, 3, 4, 5, 6, 14, 22, 21, 29, 37, 45, 46, 47, 55]
[00:00:00:00:343] Expansion 124: New longest path found with length 29: [0, 8, 16, 24, 32, 33, 41, 49, 50, 51, 52, 53, 45, 37, 36, 35, 27, 19, 11, 3, 4, 5, 6, 14, 22, 30, 31, 39, 47, 55]
[00:00:00:05:194] Expansion 1,482: New longest path found with length 31: [0, 1, 9, 17, 16, 24, 32, 33, 41, 49, 50, 51, 52, 53, 45, 37, 36, 35, 27, 19, 11, 3, 4, 5, 6, 14, 22, 30, 31, 39, 47, 55]
[00:00:00:05:583] Path of length 31 found: [0, 1, 9, 17, 16, 24, 32, 33, 41, 49, 50, 51, 52, 53, 45, 37, 36, 35, 27, 19, 11, 3, 4, 5, 6, 14, 22, 30, 31, 39, 47, 55]
[00:00:00:05:583] ! Unidirectional s-t. expansions: 1,598, time: 5,583 [ms], path length: 31 [edges], generated: 3,026
[00:00:00:00:880] Expansion 482: New longest path found with length 15: [55, 47, 39, 31, 30, 22, 14, 6, 5, 4, 3, 2, 10, 9, 8, 0]
[00:00:00:00:925] Expansion 500: New longest path found with length 29: [55, 47, 39, 31, 30, 22, 14, 6, 5, 4, 3, 11, 19, 20, 28, 36, 37, 45, 53, 52, 51, 43, 42, 34, 26, 25, 24, 16, 8, 0]
[00:00:00:00:934] Expansion 507: New longest path found with length 31: [55, 47, 39, 31, 30, 22, 14, 6, 5, 4, 3, 11, 19, 20, 28, 36, 37, 45, 53, 52, 51, 43, 42, 34, 33, 32, 24, 16, 17, 9, 1, 0]
[00:00:00:02:612] Path of length 31 found: [55, 47, 39, 31, 30, 22, 14, 6, 5, 4, 3, 11, 19, 20, 28, 36, 37, 45, 53, 52, 51, 43, 42, 34, 33, 32, 24, 16, 17, 9, 1, 0]
[00:00:00:02:612] ! Unidirectional t-s. expansions: 992, time: 2,612 [ms], path length: 31 [edges], generated: 1,557
[00:00:00:00:102] Expansion 29: New longest path found with length 27: [0, 8, 16, 24, 32, 33, 41, 49, 50, 51, 43, 44, 36, 28, 27, 19, 11, 3, 4, 5, 6, 14, 22, 30, 31, 39, 47, 55]
[00:00:00:00:126] Expansion 40: New longest path found with length 29: [0, 8, 16, 24, 32, 33, 41, 49, 50, 51, 52, 53, 45, 37, 36, 35, 27, 19, 11, 3, 4, 5, 6, 14, 22, 30, 31, 39, 47, 55]
[00:00:00:03:394] Expansion 1,014: New longest path found with length 31: [0, 1, 9, 17, 16, 24, 32, 33, 41, 49, 50, 51, 52, 53, 45, 37, 36, 35, 27, 19, 11, 3, 4, 5, 6, 14, 22, 30, 31, 39, 47, 55]
[00:00:00:03:569] Path of length 31 found: [0, 1, 9, 17, 16, 24, 32, 33, 41, 49, 50, 51, 52, 53, 45, 37, 36, 35, 27, 19, 11, 3, 4, 5, 6, 14, 22, 30, 31, 39, 47, 55]
[00:00:00:03:946] ! Bidirectional. expansions: 1,055, time: 3,569 [ms], path length: 31 [edges], g_F: 16, g_B: 15, generated: {'F': 893, 'B': 968}, MM: 1, MMPER: 2.125%
[00:00:00:03:947] 
---------- SM_Grids/7x8_grid_with_random_blocks_12per_4 ----------
[00:00:00:00:127] Expansion 30: New longest path found with length 31: [0, 1, 9, 17, 16, 24, 32, 40, 48, 49, 50, 42, 34, 35, 27, 19, 11, 12, 4, 5, 6, 7, 15, 23, 22, 30, 38, 37, 45, 53, 54, 55]
[00:00:00:04:236] Expansion 1,783: New longest path found with length 33: [0, 1, 2, 10, 18, 17, 16, 24, 32, 40, 48, 49, 50, 42, 34, 35, 27, 28, 20, 12, 4, 5, 6, 7, 15, 23, 22, 30, 38, 37, 45, 53, 54, 55]
[00:00:00:05:578] Path of length 33 found: [0, 1, 2, 10, 18, 17, 16, 24, 32, 40, 48, 49, 50, 42, 34, 35, 27, 28, 20, 12, 4, 5, 6, 7, 15, 23, 22, 30, 38, 37, 45, 53, 54, 55]
[00:00:00:05:578] ! Unidirectional s-t. expansions: 2,262, time: 5,578 [ms], path length: 33 [edges], generated: 3,286
[00:00:00:00:095] Expansion 30: New longest path found with length 31: [55, 47, 39, 31, 23, 15, 7, 6, 5, 4, 12, 11, 19, 27, 28, 36, 37, 45, 53, 52, 51, 43, 42, 41, 33, 32, 24, 16, 17, 9, 1, 0]
[00:00:00:03:520] Expansion 1,239: New longest path found with length 33: [55, 54, 53, 45, 37, 38, 39, 31, 23, 15, 7, 6, 5, 4, 12, 20, 28, 27, 35, 43, 51, 50, 49, 48, 40, 32, 24, 16, 17, 18, 10, 2, 1, 0]
[00:00:00:04:826] Path of length 33 found: [55, 54, 53, 45, 37, 38, 39, 31, 23, 15, 7, 6, 5, 4, 12, 20, 28, 27, 35, 43, 51, 50, 49, 48, 40, 32, 24, 16, 17, 18, 10, 2, 1, 0]
[00:00:00:04:826] ! Unidirectional t-s. expansions: 1,643, time: 4,826 [ms], path length: 33 [edges], generated: 2,583
[00:00:00:00:106] Expansion 34: New longest path found with length 31: [0, 1, 2, 10, 18, 17, 16, 24, 32, 40, 48, 49, 50, 51, 52, 53, 45, 37, 36, 28, 20, 12, 4, 5, 6, 7, 15, 23, 31, 39, 47, 55]
[00:00:00:01:292] Expansion 393: New longest path found with length 33: [0, 1, 2, 10, 18, 17, 16, 24, 32, 40, 48, 49, 50, 42, 34, 35, 27, 28, 20, 12, 4, 5, 6, 7, 15, 23, 31, 39, 38, 37, 45, 53, 54, 55]
[00:00:00:01:539] Path of length 33 found: [0, 1, 2, 10, 18, 17, 16, 24, 32, 40, 48, 49, 50, 42, 34, 35, 27, 28, 20, 12, 4, 5, 6, 7, 15, 23, 31, 39, 38, 37, 45, 53, 54, 55]
[00:00:00:01:926] ! Bidirectional. expansions: 447, time: 1,539 [ms], path length: 33 [edges], g_F: 17, g_B: 16, generated: {'F': 378, 'B': 350}, MM: 1, MMPER: 1.9411764705882355%
[00:00:00:01:926] 
---------- SM_Grids/7x8_grid_with_random_blocks_12per_5 ----------
[00:00:00:00:624] Expansion 333: New longest path found with length 17: [0, 8, 16, 17, 25, 33, 32, 40, 48, 49, 50, 51, 52, 53, 45, 46, 47, 55]
[00:00:00:00:668] Expansion 351: New longest path found with length 27: [0, 8, 16, 17, 25, 33, 32, 40, 48, 49, 50, 51, 43, 35, 27, 19, 11, 3, 4, 5, 6, 14, 22, 23, 31, 39, 47, 55]
[00:00:00:00:895] Expansion 442: New longest path found with length 29: [0, 8, 16, 17, 25, 33, 32, 40, 48, 49, 50, 51, 43, 35, 36, 28, 20, 19, 11, 3, 4, 5, 13, 14, 22, 23, 31, 39, 47, 55]
[00:00:00:01:329] Expansion 627: New longest path found with length 31: [0, 8, 16, 17, 18, 10, 2, 3, 4, 5, 13, 14, 22, 30, 29, 28, 27, 35, 34, 33, 32, 40, 48, 49, 50, 51, 52, 53, 45, 46, 47, 55]
[00:00:00:04:505] Path of length 31 found: [0, 8, 16, 17, 18, 10, 2, 3, 4, 5, 13, 14, 22, 30, 29, 28, 27, 35, 34, 33, 32, 40, 48, 49, 50, 51, 52, 53, 45, 46, 47, 55]
[00:00:00:04:505] ! Unidirectional s-t. expansions: 1,712, time: 4,505 [ms], path length: 31 [edges], generated: 2,617
[00:00:00:00:073] Expansion 16: New longest path found with length 17: [55, 47, 46, 38, 30, 22, 14, 6, 5, 4, 3, 2, 10, 18, 17, 16, 8, 0]
[00:00:00:00:177] Expansion 73: New longest path found with length 29: [55, 47, 46, 38, 30, 22, 14, 6, 5, 4, 3, 11, 19, 20, 28, 36, 35, 43, 51, 50, 49, 48, 40, 32, 33, 25, 17, 9, 1, 0]
[00:00:00:01:478] Expansion 514: New longest path found with length 31: [55, 47, 46, 45, 53, 52, 51, 50, 49, 48, 40, 32, 33, 34, 35, 27, 28, 29, 30, 22, 14, 6, 5, 4, 12, 11, 10, 18, 17, 16, 8, 0]
[00:00:00:02:046] Path of length 31 found: [55, 47, 46, 45, 53, 52, 51, 50, 49, 48, 40, 32, 33, 34, 35, 27, 28, 29, 30, 22, 14, 6, 5, 4, 12, 11, 10, 18, 17, 16, 8, 0]
[00:00:00:02:046] ! Unidirectional t-s. expansions: 666, time: 2,046 [ms], path length: 31 [edges], generated: 1,158
[00:00:00:00:328] Expansion 181: New longest path found with length 15: [0, 8, 16, 17, 25, 26, 27, 35, 43, 51, 52, 53, 45, 46, 47, 55]
[00:00:00:00:361] Expansion 194: New longest path found with length 17: [0, 8, 16, 17, 25, 33, 32, 40, 48, 49, 50, 51, 52, 53, 45, 46, 47, 55]
[00:00:00:00:422] Expansion 217: New longest path found with length 31: [0, 8, 16, 17, 18, 10, 2, 3, 4, 5, 6, 14, 22, 21, 20, 28, 27, 35, 34, 33, 32, 40, 48, 49, 50, 51, 52, 53, 45, 46, 47, 55]
[00:00:00:01:595] Path of length 31 found: [0, 8, 16, 17, 18, 10, 2, 3, 4, 5, 6, 14, 22, 21, 20, 28, 27, 35, 34, 33, 32, 40, 48, 49, 50, 51, 52, 53, 45, 46, 47, 55]
[00:00:00:01:976] ! Bidirectional. expansions: 560, time: 1,595 [ms], path length: 31 [edges], g_F: 16, g_B: 15, generated: {'F': 453, 'B': 377}, MM: 1, MMPER: 2.125%
[00:00:00:01:976] 
---------- SM_Grids/7x8_grid_with_random_blocks_12per_6 ----------
[00:00:00:00:093] Expansion 26: New longest path found with length 27: [0, 8, 9, 10, 11, 19, 27, 26, 34, 33, 32, 40, 48, 49, 50, 51, 43, 44, 36, 37, 29, 21, 22, 23, 31, 39, 47, 55]
[00:00:00:02:384] Path of length 27 found: [0, 8, 9, 10, 11, 19, 27, 26, 34, 33, 32, 40, 48, 49, 50, 51, 43, 44, 36, 37, 29, 21, 22, 23, 31, 39, 47, 55]
[00:00:00:02:385] ! Unidirectional s-t. expansions: 737, time: 2,384 [ms], path length: 27 [edges], generated: 1,370
[00:00:00:00:066] Expansion 13: New longest path found with length 13: [55, 47, 46, 38, 30, 22, 21, 20, 19, 11, 10, 9, 8, 0]
[00:00:00:00:090] Expansion 21: New longest path found with length 15: [55, 47, 46, 38, 30, 22, 21, 20, 28, 27, 26, 18, 10, 9, 8, 0]
[00:00:00:00:131] Expansion 39: New longest path found with length 25: [55, 47, 46, 38, 30, 22, 21, 20, 28, 36, 44, 52, 51, 50, 49, 48, 40, 32, 33, 34, 26, 18, 10, 9, 8, 0]
[00:00:00:00:784] Expansion 215: New longest path found with length 27: [55, 47, 39, 31, 23, 22, 21, 20, 28, 36, 37, 45, 53, 52, 51, 50, 49, 48, 40, 32, 33, 34, 26, 18, 10, 9, 8, 0]
[00:00:00:02:519] Path of length 27 found: [55, 47, 39, 31, 23, 22, 21, 20, 28, 36, 37, 45, 53, 52, 51, 50, 49, 48, 40, 32, 33, 34, 26, 18, 10, 9, 8, 0]
[00:00:00:02:519] ! Unidirectional t-s. expansions: 712, time: 2,519 [ms], path length: 27 [edges], generated: 1,276
[00:00:00:00:159] Expansion 64: New longest path found with length 17: [0, 8, 9, 10, 11, 19, 27, 28, 29, 21, 22, 23, 31, 39, 38, 46, 54, 55]
[00:00:00:00:231] Expansion 88: New longest path found with length 23: [0, 8, 9, 10, 11, 19, 27, 26, 34, 33, 32, 40, 48, 49, 50, 51, 52, 44, 36, 37, 38, 46, 54, 55]
[00:00:00:00:294] Expansion 109: New longest path found with length 27: [0, 8, 9, 10, 18, 26, 34, 33, 32, 40, 48, 49, 50, 51, 43, 44, 36, 28, 20, 21, 22, 23, 31, 39, 38, 46, 54, 55]
[00:00:00:01:642] Path of length 27 found: [0, 8, 9, 10, 18, 26, 34, 33, 32, 40, 48, 49, 50, 51, 43, 44, 36, 28, 20, 21, 22, 23, 31, 39, 38, 46, 54, 55]
[00:00:00:02:026] ! Bidirectional. expansions: 404, time: 1,642 [ms], path length: 27 [edges], g_F: 14, g_B: 13, generated: {'F': 425, 'B': 367}, MM: 1, MMPER: 2.5714285714285716%
[00:00:00:02:026] 
---------- SM_Grids/7x8_grid_with_random_blocks_12per_7 ----------
[00:00:00:00:095] Expansion 28: New longest path found with length 29: [0, 8, 9, 17, 18, 26, 34, 33, 41, 49, 50, 51, 43, 44, 36, 28, 20, 12, 4, 5, 6, 14, 15, 23, 31, 30, 38, 46, 54, 55]
[00:00:00:00:356] Expansion 114: New longest path found with length 31: [0, 8, 9, 17, 18, 19, 11, 3, 4, 5, 13, 14, 15, 23, 31, 30, 29, 28, 36, 35, 34, 33, 41, 49, 50, 51, 52, 53, 45, 46, 47, 55]
[00:00:00:02:454] Path of length 31 found: [0, 8, 9, 17, 18, 19, 11, 3, 4, 5, 13, 14, 15, 23, 31, 30, 29, 28, 36, 35, 34, 33, 41, 49, 50, 51, 52, 53, 45, 46, 47, 55]
[00:00:00:02:454] ! Unidirectional s-t. expansions: 672, time: 2,454 [ms], path length: 31 [edges], generated: 1,140
[00:00:00:00:789] Expansion 437: New longest path found with length 15: [55, 47, 39, 31, 23, 15, 14, 6, 5, 4, 3, 2, 10, 9, 8, 0]
[00:00:00:03:985] Expansion 2,115: New longest path found with length 17: [55, 47, 39, 31, 23, 15, 14, 6, 5, 4, 3, 11, 19, 18, 17, 9, 1, 0]
[00:00:00:04:270] Expansion 2,265: New longest path found with length 29: [55, 47, 39, 31, 23, 15, 14, 6, 5, 4, 3, 11, 19, 20, 28, 29, 37, 45, 53, 52, 51, 43, 35, 34, 26, 25, 17, 9, 1, 0]
[00:00:00:06:914] Expansion 3,122: New longest path found with length 31: [55, 47, 46, 45, 53, 52, 51, 50, 49, 41, 33, 34, 35, 36, 28, 29, 30, 31, 23, 15, 14, 6, 5, 4, 12, 11, 19, 18, 17, 9, 1, 0]
[00:00:00:08:296] Path of length 31 found: [55, 47, 46, 45, 53, 52, 51, 50, 49, 41, 33, 34, 35, 36, 28, 29, 30, 31, 23, 15, 14, 6, 5, 4, 12, 11, 19, 18, 17, 9, 1, 0]
[00:00:00:08:297] ! Unidirectional t-s. expansions: 3,478, time: 8,296 [ms], path length: 31 [edges], generated: 5,407
[00:00:00:00:097] Expansion 26: New longest path found with length 27: [0, 8, 9, 10, 2, 3, 4, 12, 20, 19, 27, 26, 25, 33, 41, 42, 43, 51, 52, 53, 45, 37, 29, 30, 31, 39, 47, 55]
[00:00:00:00:166] Expansion 51: New longest path found with length 29: [0, 8, 9, 10, 18, 26, 25, 33, 41, 49, 50, 51, 43, 44, 45, 37, 29, 28, 20, 12, 4, 5, 6, 14, 15, 23, 31, 39, 47, 55]
[00:00:00:01:137] Expansion 360: New longest path found with length 31: [0, 8, 9, 17, 18, 19, 11, 3, 4, 5, 13, 14, 15, 23, 31, 30, 29, 28, 36, 35, 34, 33, 41, 49, 50, 51, 52, 53, 45, 46, 47, 55]
[00:00:00:01:748] Path of length 31 found: [0, 8, 9, 17, 18, 19, 11, 3, 4, 5, 13, 14, 15, 23, 31, 30, 29, 28, 36, 35, 34, 33, 41, 49, 50, 51, 52, 53, 45, 46, 47, 55]
[00:00:00:02:165] ! Bidirectional. expansions: 478, time: 1,748 [ms], path length: 31 [edges], g_F: 16, g_B: 15, generated: {'F': 441, 'B': 415}, MM: 1, MMPER: 2.125%
[00:00:00:02:165] 
---------- SM_Grids/7x8_grid_with_random_blocks_12per_8 ----------
[00:00:00:00:086] Expansion 20: New longest path found with length 21: [0, 8, 16, 24, 32, 33, 34, 26, 27, 19, 11, 3, 4, 5, 6, 14, 22, 30, 31, 39, 47, 55]
[00:00:00:00:099] Expansion 27: New longest path found with length 25: [0, 8, 16, 24, 32, 33, 34, 26, 27, 19, 11, 3, 4, 5, 6, 14, 22, 30, 29, 37, 36, 44, 52, 53, 54, 55]
[00:00:00:01:477] Expansion 623: New longest path found with length 31: [0, 8, 16, 24, 32, 33, 34, 42, 50, 51, 52, 53, 45, 37, 36, 28, 27, 19, 18, 10, 2, 3, 4, 5, 6, 14, 22, 30, 31, 39, 47, 55]
[00:00:00:03:051] Path of length 31 found: [0, 8, 16, 24, 32, 33, 34, 42, 50, 51, 52, 53, 45, 37, 36, 28, 27, 19, 18, 10, 2, 3, 4, 5, 6, 14, 22, 30, 31, 39, 47, 55]
[00:00:00:03:052] ! Unidirectional s-t. expansions: 1,071, time: 3,052 [ms], path length: 31 [edges], generated: 1,774
[00:00:00:00:083] Expansion 20: New longest path found with length 21: [55, 47, 39, 31, 30, 22, 14, 6, 5, 4, 3, 2, 10, 18, 26, 34, 33, 32, 24, 16, 8, 0]
[00:00:00:00:111] Expansion 37: New longest path found with length 31: [55, 47, 39, 31, 30, 22, 14, 6, 5, 4, 3, 2, 10, 18, 19, 27, 28, 36, 37, 45, 53, 52, 51, 43, 42, 34, 33, 32, 24, 16, 8, 0]
[00:00:00:01:478] Path of length 31 found: [55, 47, 39, 31, 30, 22, 14, 6, 5, 4, 3, 2, 10, 18, 19, 27, 28, 36, 37, 45, 53, 52, 51, 43, 42, 34, 33, 32, 24, 16, 8, 0]
[00:00:00:01:478] ! Unidirectional t-s. expansions: 380, time: 1,478 [ms], path length: 31 [edges], generated: 675
[00:00:00:00:109] Expansion 30: New longest path found with length 31: [0, 8, 16, 24, 32, 33, 34, 42, 50, 51, 52, 53, 45, 37, 36, 28, 27, 19, 18, 10, 2, 3, 4, 5, 6, 14, 22, 30, 31, 39, 47, 55]
[00:00:00:00:950] Path of length 31 found: [0, 8, 16, 24, 32, 33, 34, 42, 50, 51, 52, 53, 45, 37, 36, 28, 27, 19, 18, 10, 2, 3, 4, 5, 6, 14, 22, 30, 31, 39, 47, 55]
[00:00:00:01:327] ! Bidirectional. expansions: 221, time: 950 [ms], path length: 31 [edges], g_F: 16, g_B: 15, generated: {'F': 186, 'B': 204}, MM: 1, MMPER: 2.125%
[00:00:00:01:328] 
---------- SM_Grids/7x8_grid_with_random_blocks_12per_9 ----------
[00:00:00:00:096] Expansion 30: New longest path found with length 31: [0, 8, 16, 17, 18, 26, 34, 33, 32, 40, 48, 49, 50, 51, 43, 44, 36, 28, 20, 12, 13, 5, 6, 7, 15, 23, 22, 30, 38, 46, 54, 55]
[00:00:00:01:048] Path of length 31 found: [0, 8, 16, 17, 18, 26, 34, 33, 32, 40, 48, 49, 50, 51, 43, 44, 36, 28, 20, 12, 13, 5, 6, 7, 15, 23, 22, 30, 38, 46, 54, 55]
[00:00:00:01:048] ! Unidirectional s-t. expansions: 276, time: 1,048 [ms], path length: 31 [edges], generated: 487
[00:00:00:00:242] Expansion 122: New longest path found with length 19: [55, 54, 46, 38, 39, 31, 23, 15, 7, 6, 5, 13, 12, 11, 10, 18, 17, 16, 8, 0]
[00:00:00:00:492] Expansion 270: New longest path found with length 31: [55, 54, 46, 38, 39, 31, 23, 15, 7, 6, 5, 13, 12, 11, 10, 18, 26, 27, 28, 36, 44, 43, 51, 50, 49, 41, 33, 32, 24, 16, 8, 0]
[00:00:00:01:929] Path of length 31 found: [55, 54, 46, 38, 39, 31, 23, 15, 7, 6, 5, 13, 12, 11, 10, 18, 26, 27, 28, 36, 44, 43, 51, 50, 49, 41, 33, 32, 24, 16, 8, 0]
[00:00:00:01:929] ! Unidirectional t-s. expansions: 625, time: 1,929 [ms], path length: 31 [edges], generated: 1,056
[00:00:00:00:101] Expansion 31: New longest path found with length 31: [0, 8, 16, 17, 18, 26, 34, 33, 32, 40, 48, 49, 50, 51, 43, 44, 36, 28, 20, 12, 13, 5, 6, 7, 15, 23, 31, 39, 38, 46, 54, 55]
[00:00:00:02:340] Path of length 31 found: [0, 8, 16, 17, 18, 26, 34, 33, 32, 40, 48, 49, 50, 51, 43, 44, 36, 28, 20, 12, 13, 5, 6, 7, 15, 23, 31, 39, 38, 46, 54, 55]
[00:00:00:02:717] ! Bidirectional. expansions: 762, time: 2,340 [ms], path length: 31 [edges], g_F: 16, g_B: 15, generated: {'F': 610, 'B': 593}, MM: 1, MMPER: 2.125%

[00:00:00:02:717] average expansions: (1,168, 1,185, 544, 0)
[00:00:00:02:717] average time: (3,420, 3,448, 1,946, 0)
[00:00:00:02:717] X-DFBnB: 1,168 , 3,420 (expansions , time[ms])
[00:00:00:02:717] BiX-DFBnB: 544 , 1,946 (expansions , time[ms])

