Thu 19 Mar 2026 16:00:21 IST

SLURM_JOBID:		 16118897
SLURM_JOB_NODELIST:	 ise-cpu256-03 

--------------------------
date: SM_Grids
number_of_graphs: 10
graph_type: grid
size_of_graphs: [7, 7]
heuristic: bcc_heuristic
snake: True
run_uni: True
run_bi: True
run_multi: False
solution_vertices: []
algorithms: ['DFBnB']
bsd: False
cube_first_dims: 4
cube_buffer_dim: None
backward_sym_generation: False
sym_coil: False
prefix_set: None

---------- SM_Grids/7x7_grid_with_random_blocks_12per_0 ----------
[00:00:00:00:056] Expansion 22: New longest path found with length 22: [0, 7, 8, 15, 22, 21, 28, 35, 42, 43, 44, 37, 30, 31, 24, 17, 18, 19, 26, 33, 40, 47, 48]
[00:00:00:00:283] Expansion 122: New longest path found with length 24: [0, 7, 8, 9, 2, 3, 4, 11, 18, 17, 24, 31, 30, 29, 28, 35, 42, 43, 44, 45, 46, 39, 40, 41, 48]
[00:00:00:00:699] Expansion 286: New longest path found with length 26: [0, 7, 14, 15, 16, 9, 2, 3, 4, 11, 18, 19, 26, 33, 32, 31, 30, 29, 28, 35, 42, 43, 44, 45, 46, 47, 48]
[00:00:00:01:024] Path of length 26 found: [0, 7, 14, 15, 16, 9, 2, 3, 4, 11, 18, 19, 26, 33, 32, 31, 30, 29, 28, 35, 42, 43, 44, 45, 46, 47, 48]
[00:00:00:01:025] ! Unidirectional s-t. expansions: 388, time: 1,024 [ms], path length: 26 [edges], generated: 683
[00:00:00:00:228] Expansion 136: New longest path found with length 14: [48, 41, 40, 33, 26, 19, 18, 11, 4, 3, 2, 9, 8, 7, 0]
[00:00:00:00:311] Expansion 193: New longest path found with length 16: [48, 41, 40, 33, 26, 19, 18, 11, 4, 3, 2, 9, 16, 15, 14, 7, 0]
[00:00:00:00:470] Expansion 289: New longest path found with length 22: [48, 41, 40, 33, 26, 19, 18, 17, 24, 31, 30, 37, 44, 43, 42, 35, 28, 21, 14, 15, 8, 1, 0]
[00:00:00:00:734] Expansion 448: New longest path found with length 24: [48, 41, 40, 33, 32, 31, 38, 37, 44, 43, 42, 35, 28, 29, 22, 15, 16, 17, 18, 11, 4, 3, 2, 1, 0]
[00:00:00:01:655] Expansion 789: New longest path found with length 26: [48, 47, 46, 45, 44, 43, 42, 35, 28, 29, 30, 31, 32, 33, 26, 19, 18, 11, 4, 3, 2, 9, 16, 15, 14, 7, 0]
[00:00:00:01:719] Path of length 26 found: [48, 47, 46, 45, 44, 43, 42, 35, 28, 29, 30, 31, 32, 33, 26, 19, 18, 11, 4, 3, 2, 9, 16, 15, 14, 7, 0]
[00:00:00:01:720] ! Unidirectional t-s. expansions: 811, time: 1,719 [ms], path length: 26 [edges], generated: 1,279
[00:00:00:00:068] Expansion 20: New longest path found with length 20: [0, 7, 14, 21, 22, 29, 36, 43, 44, 45, 38, 31, 24, 17, 18, 19, 26, 33, 40, 41, 48]
[00:00:00:00:169] Expansion 58: New longest path found with length 22: [0, 7, 14, 15, 22, 29, 28, 35, 42, 43, 44, 37, 38, 31, 24, 17, 18, 19, 26, 33, 40, 41, 48]
[00:00:00:00:299] Expansion 107: New longest path found with length 24: [0, 7, 8, 9, 2, 3, 4, 11, 18, 17, 24, 31, 30, 29, 28, 35, 42, 43, 44, 45, 46, 39, 40, 41, 48]
[00:00:00:00:495] Expansion 177: New longest path found with length 26: [0, 7, 14, 15, 16, 9, 2, 3, 4, 11, 18, 19, 26, 33, 32, 31, 30, 29, 28, 35, 42, 43, 44, 45, 46, 47, 48]
[00:00:00:00:581] Path of length 26 found: [0, 7, 14, 15, 16, 9, 2, 3, 4, 11, 18, 19, 26, 33, 32, 31, 30, 29, 28, 35, 42, 43, 44, 45, 46, 47, 48]
[00:00:00:00:949] ! Bidirectional. expansions: 197, time: 581 [ms], path length: 26 [edges], g_F: 14, g_B: 12, generated: {'F': 167, 'B': 181}, MM: 2, MMPER: 6.407407407407407%
[00:00:00:00:949] 
---------- SM_Grids/7x7_grid_with_random_blocks_12per_1 ----------
[00:00:00:00:067] Expansion 23: New longest path found with length 24: [0, 7, 8, 9, 2, 3, 4, 11, 18, 25, 32, 31, 30, 23, 22, 21, 28, 35, 42, 43, 44, 45, 46, 47, 48]
[00:00:00:00:104] Expansion 47: New longest path found with length 28: [0, 7, 8, 9, 2, 3, 4, 11, 18, 19, 20, 27, 34, 33, 32, 31, 30, 23, 22, 21, 28, 35, 42, 43, 44, 45, 46, 47, 48]
[00:00:00:00:406] Path of length 28 found: [0, 7, 8, 9, 2, 3, 4, 11, 18, 19, 20, 27, 34, 33, 32, 31, 30, 23, 22, 21, 28, 35, 42, 43, 44, 45, 46, 47, 48]
[00:00:00:00:406] ! Unidirectional s-t. expansions: 120, time: 406 [ms], path length: 28 [edges], generated: 200
[00:00:00:00:073] Expansion 25: New longest path found with length 24: [48, 41, 34, 27, 20, 19, 18, 25, 32, 39, 46, 45, 44, 43, 42, 35, 28, 29, 30, 23, 16, 9, 2, 1, 0]
[00:00:00:00:290] Expansion 163: New longest path found with length 28: [48, 41, 34, 27, 20, 19, 18, 11, 4, 3, 2, 9, 16, 23, 30, 31, 32, 39, 46, 45, 44, 43, 36, 35, 28, 21, 14, 7, 0]
[00:00:00:00:502] Path of length 28 found: [48, 41, 34, 27, 20, 19, 18, 11, 4, 3, 2, 9, 16, 23, 30, 31, 32, 39, 46, 45, 44, 43, 36, 35, 28, 21, 14, 7, 0]
[00:00:00:00:502] ! Unidirectional t-s. expansions: 227, time: 502 [ms], path length: 28 [edges], generated: 354
[00:00:00:00:079] Expansion 27: New longest path found with length 28: [0, 7, 14, 21, 28, 35, 42, 43, 44, 45, 46, 39, 32, 31, 30, 23, 16, 9, 2, 3, 4, 11, 18, 19, 20, 27, 34, 41, 48]
[00:00:00:00:224] Path of length 28 found: [0, 7, 14, 21, 28, 35, 42, 43, 44, 45, 46, 39, 32, 31, 30, 23, 16, 9, 2, 3, 4, 11, 18, 19, 20, 27, 34, 41, 48]
[00:00:00:00:552] ! Bidirectional. expansions: 57, time: 224 [ms], path length: 28 [edges], g_F: 15, g_B: 13, generated: {'F': 54, 'B': 55}, MM: 2, MMPER: 5.896551724137931%
[00:00:00:00:552] 
---------- SM_Grids/7x7_grid_with_random_blocks_12per_2 ----------
[00:00:00:00:450] Expansion 236: New longest path found with length 12: [0, 1, 2, 3, 10, 11, 18, 19, 26, 33, 40, 47, 48]
[00:00:00:00:488] Expansion 255: New longest path found with length 24: [0, 1, 2, 3, 10, 11, 18, 25, 24, 23, 16, 15, 14, 21, 28, 29, 36, 43, 44, 45, 38, 39, 40, 47, 48]
[00:00:00:01:023] Expansion 412: New longest path found with length 26: [0, 7, 14, 21, 28, 29, 36, 43, 44, 45, 38, 31, 24, 23, 16, 9, 2, 3, 4, 11, 18, 19, 26, 33, 40, 47, 48]
[00:00:00:01:202] Path of length 26 found: [0, 7, 14, 21, 28, 29, 36, 43, 44, 45, 38, 31, 24, 23, 16, 9, 2, 3, 4, 11, 18, 19, 26, 33, 40, 47, 48]
[00:00:00:01:202] ! Unidirectional s-t. expansions: 459, time: 1,202 [ms], path length: 26 [edges], generated: 757
[00:00:00:00:182] Expansion 88: New longest path found with length 14: [48, 41, 34, 33, 26, 19, 18, 11, 4, 3, 2, 9, 8, 7, 0]
[00:00:00:00:206] Expansion 102: New longest path found with length 26: [48, 41, 34, 33, 26, 19, 18, 11, 4, 3, 2, 9, 16, 23, 24, 31, 38, 45, 44, 43, 36, 29, 28, 21, 14, 7, 0]
[00:00:00:00:609] Path of length 26 found: [48, 41, 34, 33, 26, 19, 18, 11, 4, 3, 2, 9, 16, 23, 24, 31, 38, 45, 44, 43, 36, 29, 28, 21, 14, 7, 0]
[00:00:00:00:609] ! Unidirectional t-s. expansions: 219, time: 609 [ms], path length: 26 [edges], generated: 368
[00:00:00:00:054] Expansion 13: New longest path found with length 12: [0, 1, 2, 9, 10, 11, 18, 25, 32, 33, 34, 41, 48]
[00:00:00:00:094] Expansion 38: New longest path found with length 20: [0, 1, 2, 9, 10, 17, 24, 23, 22, 29, 36, 43, 44, 45, 38, 39, 32, 33, 34, 41, 48]
[00:00:00:00:138] Expansion 56: New longest path found with length 22: [0, 1, 2, 9, 16, 15, 14, 21, 28, 29, 36, 43, 44, 45, 38, 31, 24, 25, 26, 33, 34, 41, 48]
[00:00:00:00:206] Expansion 86: New longest path found with length 24: [0, 1, 2, 3, 4, 11, 18, 17, 16, 15, 14, 21, 28, 29, 36, 43, 44, 45, 38, 39, 32, 33, 34, 41, 48]
[00:00:00:00:754] Expansion 230: New longest path found with length 26: [0, 7, 14, 21, 28, 29, 36, 43, 44, 45, 38, 31, 24, 23, 16, 9, 2, 3, 4, 11, 18, 19, 26, 33, 34, 41, 48]
[00:00:00:00:832] Path of length 26 found: [0, 7, 14, 21, 28, 29, 36, 43, 44, 45, 38, 31, 24, 23, 16, 9, 2, 3, 4, 11, 18, 19, 26, 33, 34, 41, 48]
[00:00:00:01:158] ! Bidirectional. expansions: 248, time: 832 [ms], path length: 26 [edges], g_F: 14, g_B: 12, generated: {'F': 203, 'B': 227}, MM: 2, MMPER: 6.407407407407407%
[00:00:00:01:158] 
---------- SM_Grids/7x7_grid_with_random_blocks_12per_3 ----------
[00:00:00:00:078] Expansion 27: New longest path found with length 28: [0, 1, 8, 15, 14, 21, 28, 35, 36, 37, 30, 23, 24, 17, 10, 3, 4, 5, 6, 13, 20, 19, 26, 33, 32, 39, 46, 47, 48]
[00:00:00:00:191] Path of length 28 found: [0, 1, 8, 15, 14, 21, 28, 35, 36, 37, 30, 23, 24, 17, 10, 3, 4, 5, 6, 13, 20, 19, 26, 33, 32, 39, 46, 47, 48]
[00:00:00:00:191] ! Unidirectional s-t. expansions: 52, time: 191 [ms], path length: 28 [edges], generated: 90
[00:00:00:00:083] Expansion 29: New longest path found with length 20: [48, 47, 46, 39, 32, 33, 34, 27, 20, 13, 6, 5, 4, 3, 2, 9, 16, 15, 14, 7, 0]
[00:00:00:00:119] Expansion 53: New longest path found with length 26: [48, 47, 46, 39, 32, 33, 34, 27, 20, 13, 6, 5, 4, 3, 2, 9, 16, 23, 30, 37, 36, 35, 28, 21, 14, 7, 0]
[00:00:00:00:173] Expansion 81: New longest path found with length 28: [48, 47, 46, 39, 32, 33, 34, 27, 20, 13, 6, 5, 4, 3, 10, 17, 24, 23, 30, 37, 36, 35, 28, 21, 14, 15, 8, 1, 0]
[00:00:00:01:287] Path of length 28 found: [48, 47, 46, 39, 32, 33, 34, 27, 20, 13, 6, 5, 4, 3, 10, 17, 24, 23, 30, 37, 36, 35, 28, 21, 14, 15, 8, 1, 0]
[00:00:00:01:287] ! Unidirectional t-s. expansions: 468, time: 1,287 [ms], path length: 28 [edges], generated: 809
[00:00:00:00:072] Expansion 22: New longest path found with length 18: [0, 1, 8, 15, 14, 21, 28, 35, 36, 37, 30, 23, 24, 25, 32, 39, 40, 47, 48]
[00:00:00:00:110] Expansion 38: New longest path found with length 20: [0, 1, 8, 15, 16, 17, 10, 3, 4, 5, 12, 13, 20, 27, 26, 25, 32, 39, 40, 47, 48]
[00:00:00:00:152] Expansion 58: New longest path found with length 26: [0, 1, 8, 15, 14, 21, 28, 35, 36, 37, 30, 23, 24, 17, 10, 3, 4, 5, 6, 13, 20, 27, 34, 33, 40, 47, 48]
[00:00:00:00:227] Expansion 89: New longest path found with length 28: [0, 1, 8, 15, 14, 21, 28, 35, 36, 37, 30, 23, 24, 17, 10, 3, 4, 5, 6, 13, 20, 27, 34, 33, 32, 39, 46, 47, 48]
[00:00:00:00:479] Path of length 28 found: [0, 1, 8, 15, 14, 21, 28, 35, 36, 37, 30, 23, 24, 17, 10, 3, 4, 5, 6, 13, 20, 27, 34, 33, 32, 39, 46, 47, 48]
[00:00:00:00:813] ! Bidirectional. expansions: 149, time: 479 [ms], path length: 28 [edges], g_F: 15, g_B: 13, generated: {'F': 137, 'B': 120}, MM: 2, MMPER: 5.896551724137931%
[00:00:00:00:814] 
---------- SM_Grids/7x7_grid_with_random_blocks_12per_4 ----------
[00:00:00:00:112] Expansion 24: New longest path found with length 24: [0, 7, 8, 9, 2, 3, 4, 5, 12, 19, 18, 17, 24, 23, 22, 29, 36, 43, 44, 45, 38, 39, 40, 47, 48]
[00:00:00:00:202] Expansion 70: New longest path found with length 26: [0, 7, 8, 9, 2, 3, 4, 5, 12, 13, 20, 27, 26, 33, 32, 31, 24, 23, 22, 29, 36, 43, 44, 45, 46, 47, 48]
[00:00:00:01:792] Path of length 26 found: [0, 7, 8, 9, 2, 3, 4, 5, 12, 13, 20, 27, 26, 33, 32, 31, 24, 23, 22, 29, 36, 43, 44, 45, 46, 47, 48]
[00:00:00:01:792] ! Unidirectional s-t. expansions: 644, time: 1,792 [ms], path length: 26 [edges], generated: 1,151
[00:00:00:00:074] Expansion 26: New longest path found with length 26: [48, 41, 40, 33, 26, 27, 20, 13, 6, 5, 4, 11, 18, 17, 24, 31, 38, 45, 44, 43, 36, 29, 22, 15, 8, 1, 0]
[00:00:00:01:569] Path of length 26 found: [48, 41, 40, 33, 26, 27, 20, 13, 6, 5, 4, 11, 18, 17, 24, 31, 38, 45, 44, 43, 36, 29, 22, 15, 8, 1, 0]
[00:00:00:01:569] ! Unidirectional t-s. expansions: 543, time: 1,569 [ms], path length: 26 [edges], generated: 970
[00:00:00:00:078] Expansion 27: New longest path found with length 26: [0, 7, 8, 15, 22, 29, 36, 43, 44, 45, 38, 31, 24, 17, 10, 3, 4, 5, 6, 13, 20, 27, 26, 33, 40, 41, 48]
[00:00:00:01:143] Path of length 26 found: [0, 7, 8, 15, 22, 29, 36, 43, 44, 45, 38, 31, 24, 17, 10, 3, 4, 5, 6, 13, 20, 27, 26, 33, 40, 41, 48]
[00:00:00:01:479] ! Bidirectional. expansions: 331, time: 1,143 [ms], path length: 26 [edges], g_F: 14, g_B: 12, generated: {'F': 316, 'B': 291}, MM: 2, MMPER: 6.407407407407407%
[00:00:00:01:479] 
---------- SM_Grids/7x7_grid_with_random_blocks_12per_5 ----------
[00:00:00:00:113] Expansion 34: New longest path found with length 20: [0, 1, 2, 9, 10, 11, 4, 5, 6, 13, 20, 19, 26, 25, 32, 31, 38, 45, 46, 47, 48]
[00:00:00:00:135] Expansion 46: New longest path found with length 26: [0, 1, 2, 9, 10, 11, 4, 5, 6, 13, 20, 19, 26, 25, 24, 23, 22, 21, 28, 35, 36, 37, 38, 45, 46, 47, 48]
[00:00:00:00:220] Expansion 83: New longest path found with length 28: [0, 1, 2, 9, 10, 11, 4, 5, 6, 13, 20, 27, 34, 33, 32, 25, 24, 23, 22, 21, 28, 35, 36, 37, 38, 45, 46, 47, 48]
[00:00:00:00:850] Path of length 28 found: [0, 1, 2, 9, 10, 11, 4, 5, 6, 13, 20, 27, 34, 33, 32, 25, 24, 23, 22, 21, 28, 35, 36, 37, 38, 45, 46, 47, 48]
[00:00:00:00:850] ! Unidirectional s-t. expansions: 278, time: 850 [ms], path length: 28 [edges], generated: 469
[00:00:00:00:056] Expansion 15: New longest path found with length 16: [48, 47, 46, 45, 38, 37, 36, 35, 28, 21, 14, 15, 16, 9, 2, 1, 0]
[00:00:00:00:194] Expansion 100: New longest path found with length 28: [48, 47, 46, 45, 38, 37, 36, 35, 28, 21, 22, 23, 24, 25, 32, 33, 34, 27, 20, 13, 6, 5, 4, 11, 10, 9, 2, 1, 0]
[00:00:00:00:635] Path of length 28 found: [48, 47, 46, 45, 38, 37, 36, 35, 28, 21, 22, 23, 24, 25, 32, 33, 34, 27, 20, 13, 6, 5, 4, 11, 10, 9, 2, 1, 0]
[00:00:00:00:635] ! Unidirectional t-s. expansions: 245, time: 635 [ms], path length: 28 [edges], generated: 390
[00:00:00:00:074] Expansion 23: New longest path found with length 24: [0, 1, 2, 9, 10, 11, 4, 5, 6, 13, 20, 19, 26, 25, 24, 23, 22, 29, 36, 37, 38, 45, 46, 47, 48]
[00:00:00:00:079] Expansion 27: New longest path found with length 26: [0, 1, 2, 9, 10, 11, 4, 5, 6, 13, 20, 27, 34, 33, 32, 25, 24, 23, 22, 29, 36, 37, 38, 45, 46, 47, 48]
[00:00:00:00:105] Expansion 42: New longest path found with length 28: [0, 1, 2, 9, 10, 11, 4, 5, 6, 13, 20, 27, 34, 33, 32, 25, 24, 23, 22, 21, 28, 35, 36, 37, 38, 45, 46, 47, 48]
[00:00:00:00:411] Path of length 28 found: [0, 1, 2, 9, 10, 11, 4, 5, 6, 13, 20, 27, 34, 33, 32, 25, 24, 23, 22, 21, 28, 35, 36, 37, 38, 45, 46, 47, 48]
[00:00:00:00:753] ! Bidirectional. expansions: 123, time: 411 [ms], path length: 28 [edges], g_F: 15, g_B: 13, generated: {'F': 108, 'B': 100}, MM: 2, MMPER: 5.896551724137931%
[00:00:00:00:753] 
---------- SM_Grids/7x7_grid_with_random_blocks_12per_6 ----------
[00:00:00:00:071] Expansion 25: New longest path found with length 26: [0, 1, 8, 15, 14, 21, 28, 35, 42, 43, 44, 37, 30, 23, 24, 25, 18, 11, 4, 5, 6, 13, 20, 27, 34, 41, 48]
[00:00:00:00:133] Expansion 53: New longest path found with length 28: [0, 1, 8, 15, 14, 21, 28, 35, 42, 43, 44, 45, 46, 39, 32, 31, 24, 17, 18, 11, 4, 5, 6, 13, 20, 27, 34, 41, 48]
[00:00:00:00:682] Path of length 28 found: [0, 1, 8, 15, 14, 21, 28, 35, 42, 43, 44, 45, 46, 39, 32, 31, 24, 17, 18, 11, 4, 5, 6, 13, 20, 27, 34, 41, 48]
[00:00:00:00:683] ! Unidirectional s-t. expansions: 241, time: 683 [ms], path length: 28 [edges], generated: 399
[00:00:00:00:039] Expansion 11: New longest path found with length 12: [48, 41, 34, 27, 20, 13, 6, 5, 4, 3, 2, 1, 0]
[00:00:00:00:077] Expansion 28: New longest path found with length 26: [48, 41, 34, 27, 20, 13, 6, 5, 4, 11, 18, 25, 24, 23, 30, 37, 44, 43, 42, 35, 28, 21, 14, 15, 8, 1, 0]
[00:00:00:00:195] Expansion 82: New longest path found with length 28: [48, 41, 34, 27, 20, 13, 6, 5, 4, 11, 18, 25, 32, 39, 38, 45, 44, 43, 42, 35, 28, 29, 30, 23, 16, 15, 8, 1, 0]
[00:00:00:00:770] Path of length 28 found: [48, 41, 34, 27, 20, 13, 6, 5, 4, 11, 18, 25, 32, 39, 38, 45, 44, 43, 42, 35, 28, 29, 30, 23, 16, 15, 8, 1, 0]
[00:00:00:00:770] ! Unidirectional t-s. expansions: 289, time: 770 [ms], path length: 28 [edges], generated: 455
[00:00:00:00:079] Expansion 29: New longest path found with length 26: [0, 1, 8, 15, 14, 21, 28, 35, 42, 43, 44, 37, 38, 31, 24, 17, 18, 11, 4, 5, 6, 13, 20, 27, 34, 41, 48]
[00:00:00:00:092] Expansion 39: New longest path found with length 28: [0, 1, 8, 15, 14, 21, 28, 35, 42, 43, 44, 45, 46, 39, 32, 31, 24, 17, 18, 11, 4, 5, 6, 13, 20, 27, 34, 41, 48]
[00:00:00:00:534] Path of length 28 found: [0, 1, 8, 15, 14, 21, 28, 35, 42, 43, 44, 45, 46, 39, 32, 31, 24, 17, 18, 11, 4, 5, 6, 13, 20, 27, 34, 41, 48]
[00:00:00:00:868] ! Bidirectional. expansions: 174, time: 534 [ms], path length: 28 [edges], g_F: 15, g_B: 13, generated: {'F': 136, 'B': 144}, MM: 2, MMPER: 5.896551724137931%
[00:00:00:00:868] 
---------- SM_Grids/7x7_grid_with_random_blocks_12per_7 ----------
[00:00:00:00:076] Expansion 27: New longest path found with length 28: [0, 7, 14, 15, 16, 9, 2, 3, 4, 11, 12, 19, 26, 25, 24, 31, 30, 29, 28, 35, 42, 43, 44, 45, 46, 39, 40, 41, 48]
[00:00:00:00:654] Path of length 28 found: [0, 7, 14, 15, 16, 9, 2, 3, 4, 11, 12, 19, 26, 25, 24, 31, 30, 29, 28, 35, 42, 43, 44, 45, 46, 39, 40, 41, 48]
[00:00:00:00:654] ! Unidirectional s-t. expansions: 187, time: 654 [ms], path length: 28 [edges], generated: 325
[00:00:00:00:074] Expansion 25: New longest path found with length 26: [48, 41, 34, 33, 26, 19, 12, 11, 4, 3, 2, 9, 16, 17, 24, 31, 38, 45, 44, 43, 36, 29, 28, 21, 14, 7, 0]
[00:00:00:01:192] Expansion 416: New longest path found with length 28: [48, 41, 40, 39, 46, 45, 44, 43, 42, 35, 28, 29, 30, 31, 24, 25, 26, 19, 12, 11, 4, 3, 2, 9, 16, 15, 14, 7, 0]
[00:00:00:01:312] Path of length 28 found: [48, 41, 40, 39, 46, 45, 44, 43, 42, 35, 28, 29, 30, 31, 24, 25, 26, 19, 12, 11, 4, 3, 2, 9, 16, 15, 14, 7, 0]
[00:00:00:01:312] ! Unidirectional t-s. expansions: 454, time: 1,312 [ms], path length: 28 [edges], generated: 805
[00:00:00:00:224] Expansion 120: New longest path found with length 12: [0, 7, 14, 15, 16, 23, 24, 25, 26, 33, 34, 41, 48]
[00:00:00:00:240] Expansion 126: New longest path found with length 16: [0, 7, 14, 15, 16, 9, 2, 3, 4, 11, 12, 19, 26, 33, 34, 41, 48]
[00:00:00:00:305] Expansion 148: New longest path found with length 20: [0, 7, 14, 15, 16, 23, 30, 29, 28, 35, 42, 43, 44, 45, 38, 39, 32, 33, 34, 41, 48]
[00:00:00:00:357] Expansion 168: New longest path found with length 26: [0, 7, 14, 21, 28, 35, 42, 43, 44, 45, 38, 31, 24, 17, 16, 9, 2, 3, 4, 11, 12, 19, 26, 33, 34, 41, 48]
[00:00:00:00:480] Expansion 209: New longest path found with length 28: [0, 7, 14, 15, 16, 9, 2, 3, 4, 11, 12, 19, 26, 25, 24, 31, 30, 29, 28, 35, 42, 43, 44, 45, 46, 39, 40, 41, 48]
[00:00:00:00:685] Path of length 28 found: [0, 7, 14, 15, 16, 9, 2, 3, 4, 11, 12, 19, 26, 25, 24, 31, 30, 29, 28, 35, 42, 43, 44, 45, 46, 39, 40, 41, 48]
[00:00:00:01:022] ! Bidirectional. expansions: 259, time: 685 [ms], path length: 28 [edges], g_F: 15, g_B: 13, generated: {'F': 188, 'B': 215}, MM: 2, MMPER: 5.896551724137931%
[00:00:00:01:022] 
---------- SM_Grids/7x7_grid_with_random_blocks_12per_8 ----------
[00:00:00:00:528] Expansion 333: New longest path found with length 16: [0, 7, 14, 15, 22, 29, 28, 35, 42, 43, 44, 37, 38, 39, 46, 47, 48]
[00:00:00:00:605] Expansion 364: New longest path found with length 22: [0, 7, 14, 15, 22, 23, 24, 17, 10, 3, 4, 5, 12, 13, 20, 27, 26, 33, 32, 39, 46, 47, 48]
[00:00:00:01:066] Expansion 536: New longest path found with length 28: [0, 7, 14, 21, 28, 35, 42, 43, 44, 37, 30, 23, 24, 17, 10, 3, 4, 5, 12, 13, 20, 27, 26, 33, 32, 39, 46, 47, 48]
[00:00:00:01:850] Expansion 783: New longest path found with length 30: [0, 1, 8, 15, 14, 21, 28, 35, 42, 43, 44, 37, 30, 23, 24, 17, 10, 3, 4, 5, 12, 13, 20, 27, 26, 33, 32, 39, 46, 47, 48]
[00:00:00:02:002] Path of length 30 found: [0, 1, 8, 15, 14, 21, 28, 35, 42, 43, 44, 37, 30, 23, 24, 17, 10, 3, 4, 5, 12, 13, 20, 27, 26, 33, 32, 39, 46, 47, 48]
[00:00:00:02:002] ! Unidirectional s-t. expansions: 823, time: 2,002 [ms], path length: 30 [edges], generated: 1,295
[00:00:00:00:111] Expansion 54: New longest path found with length 20: [48, 47, 46, 39, 32, 31, 24, 17, 18, 19, 20, 13, 6, 5, 4, 3, 2, 9, 8, 7, 0]
[00:00:00:00:210] Expansion 92: New longest path found with length 28: [48, 47, 46, 39, 32, 31, 30, 37, 44, 43, 42, 35, 28, 21, 14, 15, 16, 17, 18, 19, 20, 13, 6, 5, 4, 3, 2, 1, 0]
[00:00:00:00:364] Expansion 154: New longest path found with length 30: [48, 47, 46, 39, 32, 33, 26, 27, 20, 13, 6, 5, 4, 3, 10, 17, 24, 23, 30, 37, 44, 43, 42, 35, 28, 21, 14, 15, 8, 1, 0]
[00:00:00:00:518] Path of length 30 found: [48, 47, 46, 39, 32, 33, 26, 27, 20, 13, 6, 5, 4, 3, 10, 17, 24, 23, 30, 37, 44, 43, 42, 35, 28, 21, 14, 15, 8, 1, 0]
[00:00:00:00:518] ! Unidirectional t-s. expansions: 194, time: 518 [ms], path length: 30 [edges], generated: 320
[00:00:00:00:135] Expansion 64: New longest path found with length 12: [0, 7, 14, 15, 22, 29, 30, 31, 32, 39, 46, 47, 48]
[00:00:00:00:167] Expansion 78: New longest path found with length 22: [0, 7, 14, 15, 22, 23, 24, 17, 10, 3, 4, 5, 6, 13, 20, 19, 26, 33, 32, 39, 46, 47, 48]
[00:00:00:00:288] Expansion 109: New longest path found with length 28: [0, 7, 14, 21, 28, 35, 42, 43, 44, 37, 30, 23, 24, 17, 10, 3, 4, 5, 6, 13, 20, 27, 26, 33, 32, 39, 46, 47, 48]
[00:00:00:00:565] Expansion 190: New longest path found with length 30: [0, 1, 8, 15, 14, 21, 28, 35, 42, 43, 44, 37, 30, 23, 24, 17, 10, 3, 4, 5, 6, 13, 20, 19, 26, 33, 32, 39, 46, 47, 48]
[00:00:00:00:615] Path of length 30 found: [0, 1, 8, 15, 14, 21, 28, 35, 42, 43, 44, 37, 30, 23, 24, 17, 10, 3, 4, 5, 6, 13, 20, 19, 26, 33, 32, 39, 46, 47, 48]
[00:00:00:00:948] ! Bidirectional. expansions: 202, time: 615 [ms], path length: 30 [edges], g_F: 16, g_B: 14, generated: {'F': 156, 'B': 175}, MM: 2, MMPER: 5.451612903225806%
[00:00:00:00:949] 
---------- SM_Grids/7x7_grid_with_random_blocks_12per_9 ----------
[00:00:00:00:488] Expansion 304: New longest path found with length 14: [0, 7, 14, 21, 28, 29, 36, 37, 38, 39, 32, 33, 34, 41, 48]
[00:00:00:00:514] Expansion 319: New longest path found with length 26: [0, 7, 14, 21, 28, 29, 36, 37, 38, 39, 32, 25, 24, 23, 16, 9, 2, 3, 4, 11, 12, 19, 20, 27, 34, 41, 48]
[00:00:00:01:510] Path of length 26 found: [0, 7, 14, 21, 28, 29, 36, 37, 38, 39, 32, 25, 24, 23, 16, 9, 2, 3, 4, 11, 12, 19, 20, 27, 34, 41, 48]
[00:00:00:01:510] ! Unidirectional s-t. expansions: 610, time: 1,510 [ms], path length: 26 [edges], generated: 982
[00:00:00:00:075] Expansion 24: New longest path found with length 24: [48, 41, 34, 27, 20, 13, 6, 5, 4, 11, 18, 17, 24, 31, 38, 37, 36, 29, 28, 21, 14, 15, 8, 1, 0]
[00:00:00:00:126] Expansion 47: New longest path found with length 26: [48, 41, 34, 27, 20, 13, 6, 5, 4, 11, 18, 25, 32, 39, 38, 37, 30, 29, 28, 21, 14, 15, 16, 9, 2, 1, 0]
[00:00:00:01:211] Path of length 26 found: [48, 41, 34, 27, 20, 13, 6, 5, 4, 11, 18, 25, 32, 39, 38, 37, 30, 29, 28, 21, 14, 15, 16, 9, 2, 1, 0]
[00:00:00:01:212] ! Unidirectional t-s. expansions: 393, time: 1,211 [ms], path length: 26 [edges], generated: 710
[00:00:00:00:079] Expansion 25: New longest path found with length 26: [0, 7, 14, 21, 28, 29, 36, 37, 38, 31, 32, 25, 18, 17, 16, 9, 2, 3, 4, 5, 6, 13, 20, 27, 34, 41, 48]
[00:00:00:00:705] Path of length 26 found: [0, 7, 14, 21, 28, 29, 36, 37, 38, 31, 32, 25, 18, 17, 16, 9, 2, 3, 4, 5, 6, 13, 20, 27, 34, 41, 48]
[00:00:00:01:035] ! Bidirectional. expansions: 194, time: 705 [ms], path length: 26 [edges], g_F: 14, g_B: 12, generated: {'F': 167, 'B': 184}, MM: 2, MMPER: 6.407407407407407%

[00:00:00:01:036] average expansions: (380, 384, 193, 0)
[00:00:00:01:036] average time: (1,031, 1,013, 621, 0)
[00:00:00:01:036] X-DFBnB: 380 , 1,013 (expansions , time[ms])
[00:00:00:01:036] BiX-DFBnB: 193 , 621 (expansions , time[ms])

