Thu 19 Mar 2026 16:00:21 IST

SLURM_JOBID:		 16118904
SLURM_JOB_NODELIST:	 ise-cpu256-28 

--------------------------
date: SM_Grids
number_of_graphs: 10
graph_type: grid
size_of_graphs: [7, 8]
heuristic: bcc_heuristic
snake: True
run_uni: True
run_bi: True
run_multi: False
solution_vertices: []
algorithms: ['DFBnB']
bsd: False
cube_first_dims: 4
cube_buffer_dim: None
backward_sym_generation: False
sym_coil: False
prefix_set: None

---------- SM_Grids/7x8_grid_with_random_blocks_20per_0 ----------
[00:00:00:00:100] Expansion 53: New longest path found with length 17: [0, 8, 16, 17, 18, 19, 11, 3, 4, 5, 13, 14, 22, 30, 38, 46, 47, 55]
[00:00:00:00:230] Expansion 141: New longest path found with length 19: [0, 8, 16, 17, 18, 19, 11, 3, 4, 5, 6, 7, 15, 23, 22, 30, 38, 46, 47, 55]
[00:00:00:01:327] Path of length 19 found: [0, 8, 16, 17, 18, 19, 11, 3, 4, 5, 6, 7, 15, 23, 22, 30, 38, 46, 47, 55]
[00:00:00:01:327] ! Unidirectional s-t. expansions: 824, time: 1,327 [ms], path length: 19 [edges], generated: 1,295
[00:00:00:00:052] Expansion 18: New longest path found with length 19: [55, 47, 46, 38, 30, 22, 23, 15, 7, 6, 5, 4, 3, 11, 19, 18, 17, 9, 1, 0]
[00:00:00:00:150] Path of length 19 found: [55, 47, 46, 38, 30, 22, 23, 15, 7, 6, 5, 4, 3, 11, 19, 18, 17, 9, 1, 0]
[00:00:00:00:150] ! Unidirectional t-s. expansions: 60, time: 150 [ms], path length: 19 [edges], generated: 93
[00:00:00:00:052] Expansion 18: New longest path found with length 19: [0, 8, 16, 17, 18, 19, 11, 3, 4, 5, 6, 7, 15, 23, 22, 30, 38, 46, 47, 55]
[00:00:00:00:102] Path of length 19 found: [0, 8, 16, 17, 18, 19, 11, 3, 4, 5, 6, 7, 15, 23, 22, 30, 38, 46, 47, 55]
[00:00:00:00:500] ! Bidirectional. expansions: 34, time: 102 [ms], path length: 19 [edges], g_F: 10, g_B: 9, generated: {'F': 27, 'B': 26}, MM: 1, MMPER: 4.0%
[00:00:00:00:501] 
---------- SM_Grids/7x8_grid_with_random_blocks_20per_1 ----------
[00:00:00:00:074] Expansion 23: New longest path found with length 21: [0, 8, 16, 24, 32, 40, 41, 42, 34, 26, 27, 28, 20, 12, 13, 14, 22, 30, 38, 46, 54, 55]
[00:00:00:00:120] Expansion 44: New longest path found with length 27: [0, 8, 16, 24, 32, 40, 41, 42, 34, 26, 18, 10, 2, 3, 4, 12, 13, 14, 22, 30, 29, 28, 36, 44, 45, 46, 54, 55]
[00:00:00:00:483] Path of length 27 found: [0, 8, 16, 24, 32, 40, 41, 42, 34, 26, 18, 10, 2, 3, 4, 12, 13, 14, 22, 30, 29, 28, 36, 44, 45, 46, 54, 55]
[00:00:00:00:483] ! Unidirectional s-t. expansions: 188, time: 483 [ms], path length: 27 [edges], generated: 330
[00:00:00:00:075] Expansion 26: New longest path found with length 27: [55, 54, 46, 38, 30, 22, 14, 13, 5, 4, 3, 2, 10, 18, 26, 27, 28, 36, 44, 43, 42, 41, 40, 32, 24, 16, 8, 0]
[00:00:00:00:420] Path of length 27 found: [55, 54, 46, 38, 30, 22, 14, 13, 5, 4, 3, 2, 10, 18, 26, 27, 28, 36, 44, 43, 42, 41, 40, 32, 24, 16, 8, 0]
[00:00:00:00:420] ! Unidirectional t-s. expansions: 134, time: 420 [ms], path length: 27 [edges], generated: 225
[00:00:00:00:079] Expansion 26: New longest path found with length 27: [0, 8, 16, 24, 32, 40, 41, 42, 43, 44, 36, 28, 27, 26, 18, 10, 2, 3, 4, 5, 13, 14, 22, 30, 38, 46, 54, 55]
[00:00:00:00:132] Path of length 27 found: [0, 8, 16, 24, 32, 40, 41, 42, 43, 44, 36, 28, 27, 26, 18, 10, 2, 3, 4, 5, 13, 14, 22, 30, 38, 46, 54, 55]
[00:00:00:00:544] ! Bidirectional. expansions: 41, time: 132 [ms], path length: 27 [edges], g_F: 14, g_B: 13, generated: {'F': 32, 'B': 38}, MM: 1, MMPER: 2.5714285714285716%
[00:00:00:00:544] 
---------- SM_Grids/7x8_grid_with_random_blocks_20per_2 ----------
[00:00:00:00:059] Expansion 18: New longest path found with length 19: [0, 1, 2, 10, 11, 19, 27, 26, 25, 24, 32, 40, 41, 42, 43, 44, 45, 53, 54, 55]
[00:00:00:00:246] Expansion 75: New longest path found with length 21: [0, 1, 2, 3, 11, 19, 18, 17, 16, 24, 32, 40, 41, 42, 34, 35, 36, 44, 45, 53, 54, 55]
[00:00:00:00:303] Path of length 21 found: [0, 1, 2, 3, 11, 19, 18, 17, 16, 24, 32, 40, 41, 42, 34, 35, 36, 44, 45, 53, 54, 55]
[00:00:00:00:303] ! Unidirectional s-t. expansions: 90, time: 303 [ms], path length: 21 [edges], generated: 160
[00:00:00:00:062] Expansion 21: New longest path found with length 19: [55, 54, 53, 45, 44, 36, 28, 27, 26, 34, 42, 41, 40, 32, 24, 16, 17, 9, 1, 0]
[00:00:00:00:121] Expansion 44: New longest path found with length 21: [55, 54, 53, 45, 44, 36, 35, 34, 42, 41, 40, 32, 24, 16, 17, 18, 19, 11, 3, 2, 1, 0]
[00:00:00:00:186] Path of length 21 found: [55, 54, 53, 45, 44, 36, 35, 34, 42, 41, 40, 32, 24, 16, 17, 18, 19, 11, 3, 2, 1, 0]
[00:00:00:00:186] ! Unidirectional t-s. expansions: 61, time: 186 [ms], path length: 21 [edges], generated: 104
[00:00:00:00:043] Expansion 12: New longest path found with length 13: [0, 1, 2, 3, 11, 19, 27, 28, 36, 44, 45, 53, 54, 55]
[00:00:00:00:068] Expansion 22: New longest path found with length 21: [0, 1, 2, 3, 11, 19, 18, 17, 16, 24, 32, 40, 41, 42, 34, 35, 36, 44, 45, 53, 54, 55]
[00:00:00:00:175] Path of length 21 found: [0, 1, 2, 3, 11, 19, 18, 17, 16, 24, 32, 40, 41, 42, 34, 35, 36, 44, 45, 53, 54, 55]
[00:00:00:00:558] ! Bidirectional. expansions: 54, time: 175 [ms], path length: 21 [edges], g_F: 11, g_B: 10, generated: {'F': 44, 'B': 49}, MM: 1, MMPER: 3.545454545454546%
[00:00:00:00:558] 
---------- SM_Grids/7x8_grid_with_random_blocks_20per_3 ----------
[00:00:00:00:064] Expansion 21: New longest path found with length 21: [0, 1, 9, 17, 18, 19, 11, 12, 4, 5, 6, 14, 15, 23, 31, 30, 29, 37, 45, 46, 47, 55]
[00:00:00:00:290] Expansion 108: New longest path found with length 23: [0, 8, 16, 24, 25, 26, 18, 10, 11, 12, 4, 5, 6, 14, 15, 23, 31, 30, 29, 37, 45, 46, 47, 55]
[00:00:00:00:479] Path of length 23 found: [0, 8, 16, 24, 25, 26, 18, 10, 11, 12, 4, 5, 6, 14, 15, 23, 31, 30, 29, 37, 45, 46, 47, 55]
[00:00:00:00:479] ! Unidirectional s-t. expansions: 184, time: 479 [ms], path length: 23 [edges], generated: 280
[00:00:00:00:057] Expansion 16: New longest path found with length 17: [55, 47, 39, 31, 30, 29, 21, 13, 12, 11, 19, 18, 26, 25, 24, 16, 8, 0]
[00:00:00:00:150] Expansion 50: New longest path found with length 19: [55, 47, 39, 31, 30, 22, 14, 6, 5, 4, 12, 11, 19, 18, 26, 25, 24, 16, 8, 0]
[00:00:00:00:673] Expansion 239: New longest path found with length 23: [55, 47, 39, 38, 37, 29, 21, 22, 23, 15, 7, 6, 5, 4, 12, 11, 19, 18, 26, 25, 24, 16, 8, 0]
[00:00:00:01:543] Path of length 23 found: [55, 47, 39, 38, 37, 29, 21, 22, 23, 15, 7, 6, 5, 4, 12, 11, 19, 18, 26, 25, 24, 16, 8, 0]
[00:00:00:01:543] ! Unidirectional t-s. expansions: 556, time: 1,543 [ms], path length: 23 [edges], generated: 961
[00:00:00:00:064] Expansion 20: New longest path found with length 21: [0, 1, 9, 17, 18, 19, 11, 12, 4, 5, 6, 7, 15, 23, 22, 21, 29, 37, 38, 46, 47, 55]
[00:00:00:00:161] Expansion 49: New longest path found with length 23: [0, 8, 16, 24, 25, 26, 18, 10, 11, 12, 4, 5, 6, 7, 15, 23, 31, 30, 29, 37, 45, 46, 47, 55]
[00:00:00:00:181] Path of length 23 found: [0, 8, 16, 24, 25, 26, 18, 10, 11, 12, 4, 5, 6, 7, 15, 23, 31, 30, 29, 37, 45, 46, 47, 55]
[00:00:00:00:558] ! Bidirectional. expansions: 53, time: 181 [ms], path length: 23 [edges], g_F: 12, g_B: 11, generated: {'F': 51, 'B': 44}, MM: 1, MMPER: 3.166666666666667%
[00:00:00:00:558] 
---------- SM_Grids/7x8_grid_with_random_blocks_20per_4 ----------
[00:00:00:00:061] Expansion 18: New longest path found with length 19: [0, 8, 16, 17, 18, 10, 2, 3, 4, 5, 6, 14, 22, 21, 29, 37, 38, 46, 47, 55]
[00:00:00:00:192] Expansion 68: New longest path found with length 21: [0, 8, 16, 17, 18, 26, 27, 28, 20, 12, 4, 5, 6, 14, 15, 23, 31, 30, 38, 46, 47, 55]
[00:00:00:00:757] Path of length 21 found: [0, 8, 16, 17, 18, 26, 27, 28, 20, 12, 4, 5, 6, 14, 15, 23, 31, 30, 38, 46, 47, 55]
[00:00:00:00:757] ! Unidirectional s-t. expansions: 227, time: 757 [ms], path length: 21 [edges], generated: 435
[00:00:00:00:059] Expansion 18: New longest path found with length 19: [55, 47, 46, 38, 37, 29, 21, 22, 14, 6, 5, 4, 3, 2, 10, 18, 17, 16, 8, 0]
[00:00:00:00:353] Expansion 124: New longest path found with length 21: [55, 47, 46, 38, 30, 31, 23, 15, 14, 6, 5, 4, 12, 20, 28, 27, 26, 25, 17, 9, 1, 0]
[00:00:00:01:202] Path of length 21 found: [55, 47, 46, 38, 30, 31, 23, 15, 14, 6, 5, 4, 12, 20, 28, 27, 26, 25, 17, 9, 1, 0]
[00:00:00:01:202] ! Unidirectional t-s. expansions: 411, time: 1,202 [ms], path length: 21 [edges], generated: 726
[00:00:00:00:068] Expansion 22: New longest path found with length 19: [0, 8, 16, 17, 18, 10, 2, 3, 4, 5, 6, 14, 22, 21, 29, 37, 38, 46, 47, 55]
[00:00:00:00:136] Expansion 51: New longest path found with length 21: [0, 8, 16, 17, 18, 26, 27, 28, 20, 12, 4, 5, 6, 14, 15, 23, 31, 30, 38, 46, 47, 55]
[00:00:00:00:853] Path of length 21 found: [0, 8, 16, 17, 18, 26, 27, 28, 20, 12, 4, 5, 6, 14, 15, 23, 31, 30, 38, 46, 47, 55]
[00:00:00:01:265] ! Bidirectional. expansions: 253, time: 853 [ms], path length: 21 [edges], g_F: 11, g_B: 10, generated: {'F': 236, 'B': 224}, MM: 1, MMPER: 3.545454545454546%
[00:00:00:01:265] 
---------- SM_Grids/7x8_grid_with_random_blocks_20per_5 ----------
[00:00:00:00:063] Expansion 19: New longest path found with length 19: [0, 1, 9, 17, 25, 26, 27, 28, 20, 12, 4, 5, 6, 7, 15, 23, 31, 39, 47, 55]
[00:00:00:00:395] Path of length 19 found: [0, 1, 9, 17, 25, 26, 27, 28, 20, 12, 4, 5, 6, 7, 15, 23, 31, 39, 47, 55]
[00:00:00:00:396] ! Unidirectional s-t. expansions: 128, time: 395 [ms], path length: 19 [edges], generated: 208
[00:00:00:00:062] Expansion 19: New longest path found with length 19: [55, 47, 39, 31, 30, 22, 14, 6, 5, 4, 12, 20, 28, 27, 26, 25, 17, 9, 1, 0]
[00:00:00:00:502] Path of length 19 found: [55, 47, 39, 31, 30, 22, 14, 6, 5, 4, 12, 20, 28, 27, 26, 25, 17, 9, 1, 0]
[00:00:00:00:502] ! Unidirectional t-s. expansions: 169, time: 502 [ms], path length: 19 [edges], generated: 291
[00:00:00:00:059] Expansion 16: New longest path found with length 17: [0, 1, 9, 10, 11, 12, 20, 28, 27, 26, 34, 42, 43, 44, 45, 46, 47, 55]
[00:00:00:00:081] Expansion 26: New longest path found with length 19: [0, 1, 9, 10, 11, 12, 20, 28, 27, 26, 34, 42, 50, 51, 52, 44, 45, 46, 47, 55]
[00:00:00:00:336] Path of length 19 found: [0, 1, 9, 10, 11, 12, 20, 28, 27, 26, 34, 42, 50, 51, 52, 44, 45, 46, 47, 55]
[00:00:00:00:722] ! Bidirectional. expansions: 108, time: 336 [ms], path length: 19 [edges], g_F: 10, g_B: 9, generated: {'F': 98, 'B': 84}, MM: 1, MMPER: 4.0%
[00:00:00:00:722] 
---------- SM_Grids/7x8_grid_with_random_blocks_20per_6 ----------
[00:00:00:00:095] Expansion 39: New longest path found with length 13: [0, 8, 16, 17, 25, 26, 27, 28, 29, 30, 38, 46, 54, 55]
[00:00:00:00:163] Expansion 75: New longest path found with length 15: [0, 8, 16, 17, 25, 26, 27, 35, 43, 51, 52, 53, 45, 46, 47, 55]
[00:00:00:03:316] Path of length 15 found: [0, 8, 16, 17, 25, 26, 27, 35, 43, 51, 52, 53, 45, 46, 47, 55]
[00:00:00:03:317] ! Unidirectional s-t. expansions: 1,690, time: 3,316 [ms], path length: 15 [edges], generated: 2,472
[00:00:00:00:050] Expansion 13: New longest path found with length 13: [55, 47, 39, 38, 30, 29, 28, 27, 26, 25, 17, 9, 1, 0]
[00:00:00:00:138] Expansion 41: New longest path found with length 15: [55, 47, 46, 45, 44, 52, 51, 50, 42, 34, 26, 25, 17, 9, 1, 0]
[00:00:00:00:563] Path of length 15 found: [55, 47, 46, 45, 44, 52, 51, 50, 42, 34, 26, 25, 17, 9, 1, 0]
[00:00:00:00:563] ! Unidirectional t-s. expansions: 178, time: 563 [ms], path length: 15 [edges], generated: 313
[00:00:00:00:399] Expansion 275: New longest path found with length 13: [0, 8, 16, 17, 25, 26, 27, 28, 29, 30, 38, 39, 47, 55]
[00:00:00:00:474] Expansion 298: New longest path found with length 15: [0, 8, 16, 17, 25, 26, 34, 42, 50, 51, 52, 44, 45, 46, 47, 55]
[00:00:00:01:074] Path of length 15 found: [0, 8, 16, 17, 25, 26, 34, 42, 50, 51, 52, 44, 45, 46, 47, 55]
[00:00:00:01:480] ! Bidirectional. expansions: 463, time: 1,075 [ms], path length: 15 [edges], g_F: 8, g_B: 7, generated: {'F': 369, 'B': 278}, MM: 1, MMPER: 5.25%
[00:00:00:01:480] 
---------- SM_Grids/7x8_grid_with_random_blocks_20per_7 ----------
[00:00:00:00:073] Expansion 28: New longest path found with length 27: [0, 8, 16, 24, 32, 33, 34, 26, 18, 10, 11, 12, 13, 5, 6, 7, 15, 23, 22, 30, 29, 28, 36, 44, 45, 46, 54, 55]
[00:00:00:00:335] Path of length 27 found: [0, 8, 16, 24, 32, 33, 34, 26, 18, 10, 11, 12, 13, 5, 6, 7, 15, 23, 22, 30, 29, 28, 36, 44, 45, 46, 54, 55]
[00:00:00:00:336] ! Unidirectional s-t. expansions: 122, time: 336 [ms], path length: 27 [edges], generated: 183
[00:00:00:00:073] Expansion 24: New longest path found with length 25: [55, 47, 39, 31, 23, 15, 7, 6, 5, 13, 21, 29, 28, 36, 44, 52, 51, 50, 42, 34, 26, 18, 10, 9, 8, 0]
[00:00:00:00:427] Expansion 188: New longest path found with length 27: [55, 47, 46, 45, 44, 36, 28, 29, 30, 22, 23, 15, 7, 6, 5, 13, 12, 11, 19, 18, 26, 34, 33, 32, 24, 16, 8, 0]
[00:00:00:00:571] Path of length 27 found: [55, 47, 46, 45, 44, 36, 28, 29, 30, 22, 23, 15, 7, 6, 5, 13, 12, 11, 19, 18, 26, 34, 33, 32, 24, 16, 8, 0]
[00:00:00:00:571] ! Unidirectional t-s. expansions: 242, time: 571 [ms], path length: 27 [edges], generated: 389
[00:00:00:00:072] Expansion 24: New longest path found with length 25: [0, 8, 16, 24, 32, 33, 34, 42, 50, 51, 52, 44, 36, 28, 29, 21, 13, 5, 6, 7, 15, 23, 31, 39, 47, 55]
[00:00:00:00:178] Expansion 61: New longest path found with length 27: [0, 8, 16, 24, 32, 33, 34, 26, 18, 10, 11, 12, 13, 5, 6, 7, 15, 23, 22, 30, 29, 28, 36, 44, 45, 46, 47, 55]
[00:00:00:00:352] Path of length 27 found: [0, 8, 16, 24, 32, 33, 34, 26, 18, 10, 11, 12, 13, 5, 6, 7, 15, 23, 22, 30, 29, 28, 36, 44, 45, 46, 47, 55]
[00:00:00:00:733] ! Bidirectional. expansions: 105, time: 352 [ms], path length: 27 [edges], g_F: 14, g_B: 13, generated: {'F': 95, 'B': 85}, MM: 1, MMPER: 2.5714285714285716%
[00:00:00:00:733] 
---------- SM_Grids/7x8_grid_with_random_blocks_20per_8 ----------
[00:00:00:00:067] Expansion 21: New longest path found with length 21: [0, 1, 2, 3, 4, 5, 6, 14, 22, 21, 20, 28, 27, 35, 43, 51, 52, 53, 45, 46, 47, 55]
[00:00:00:00:338] Expansion 107: New longest path found with length 27: [0, 1, 2, 10, 18, 17, 16, 24, 32, 33, 34, 35, 27, 28, 20, 12, 4, 5, 6, 14, 22, 30, 38, 37, 45, 53, 54, 55]
[00:00:00:00:371] Path of length 27 found: [0, 1, 2, 10, 18, 17, 16, 24, 32, 33, 34, 35, 27, 28, 20, 12, 4, 5, 6, 14, 22, 30, 38, 37, 45, 53, 54, 55]
[00:00:00:00:371] ! Unidirectional s-t. expansions: 116, time: 371 [ms], path length: 27 [edges], generated: 208
[00:00:00:00:086] Expansion 39: New longest path found with length 21: [55, 47, 46, 45, 53, 52, 51, 43, 35, 27, 28, 20, 21, 22, 14, 6, 5, 4, 3, 2, 1, 0]
[00:00:00:00:759] Expansion 391: New longest path found with length 23: [55, 47, 46, 38, 30, 22, 14, 6, 5, 4, 12, 20, 28, 36, 35, 34, 33, 32, 24, 16, 17, 9, 1, 0]
[00:00:00:00:762] Expansion 395: New longest path found with length 25: [55, 47, 46, 38, 30, 22, 14, 6, 5, 4, 12, 20, 28, 36, 35, 34, 33, 32, 24, 16, 17, 18, 10, 2, 1, 0]
[00:00:00:01:051] Expansion 497: New longest path found with length 27: [55, 54, 53, 45, 37, 38, 30, 22, 14, 6, 5, 4, 12, 20, 28, 27, 35, 34, 33, 32, 24, 16, 17, 18, 10, 2, 1, 0]
[00:00:00:01:138] Path of length 27 found: [55, 54, 53, 45, 37, 38, 30, 22, 14, 6, 5, 4, 12, 20, 28, 27, 35, 34, 33, 32, 24, 16, 17, 18, 10, 2, 1, 0]
[00:00:00:01:138] ! Unidirectional t-s. expansions: 517, time: 1,138 [ms], path length: 27 [edges], generated: 760
[00:00:00:00:079] Expansion 31: New longest path found with length 19: [0, 1, 2, 10, 18, 17, 16, 24, 32, 33, 34, 35, 27, 28, 29, 37, 45, 46, 47, 55]
[00:00:00:00:164] Expansion 60: New longest path found with length 25: [0, 1, 2, 10, 18, 17, 16, 24, 32, 33, 34, 35, 27, 28, 20, 12, 4, 5, 6, 14, 22, 30, 38, 46, 47, 55]
[00:00:00:00:418] Expansion 146: New longest path found with length 27: [0, 1, 2, 10, 18, 17, 16, 24, 32, 33, 34, 35, 27, 28, 20, 12, 4, 5, 6, 14, 22, 30, 38, 37, 45, 53, 54, 55]
[00:00:00:00:519] Path of length 27 found: [0, 1, 2, 10, 18, 17, 16, 24, 32, 33, 34, 35, 27, 28, 20, 12, 4, 5, 6, 14, 22, 30, 38, 37, 45, 53, 54, 55]
[00:00:00:00:903] ! Bidirectional. expansions: 176, time: 519 [ms], path length: 27 [edges], g_F: 14, g_B: 13, generated: {'F': 134, 'B': 156}, MM: 1, MMPER: 2.5714285714285716%
[00:00:00:00:904] 
---------- SM_Grids/7x8_grid_with_random_blocks_20per_9 ----------
[00:00:00:00:053] Expansion 15: New longest path found with length 13: [0, 8, 16, 17, 25, 33, 34, 35, 36, 44, 45, 46, 54, 55]
[00:00:00:00:391] Expansion 137: New longest path found with length 17: [0, 1, 2, 3, 11, 19, 18, 17, 25, 33, 34, 35, 36, 44, 45, 46, 54, 55]
[00:00:00:00:452] Expansion 158: New longest path found with length 19: [0, 1, 2, 3, 4, 12, 20, 19, 18, 17, 25, 33, 34, 35, 36, 44, 45, 46, 54, 55]
[00:00:00:00:468] Path of length 19 found: [0, 1, 2, 3, 4, 12, 20, 19, 18, 17, 25, 33, 34, 35, 36, 44, 45, 46, 54, 55]
[00:00:00:00:468] ! Unidirectional s-t. expansions: 163, time: 468 [ms], path length: 19 [edges], generated: 271
[00:00:00:00:050] Expansion 12: New longest path found with length 13: [55, 47, 39, 38, 37, 36, 28, 20, 19, 18, 17, 16, 8, 0]
[00:00:00:00:134] Expansion 47: New longest path found with length 19: [55, 47, 39, 38, 37, 36, 35, 34, 33, 25, 17, 18, 19, 20, 12, 4, 3, 2, 1, 0]
[00:00:00:00:461] Path of length 19 found: [55, 47, 39, 38, 37, 36, 35, 34, 33, 25, 17, 18, 19, 20, 12, 4, 3, 2, 1, 0]
[00:00:00:00:461] ! Unidirectional t-s. expansions: 127, time: 461 [ms], path length: 19 [edges], generated: 251
[00:00:00:00:115] Expansion 64: New longest path found with length 13: [0, 8, 16, 17, 25, 33, 34, 35, 36, 37, 38, 39, 47, 55]
[00:00:00:00:908] Expansion 485: New longest path found with length 17: [0, 1, 2, 3, 11, 19, 18, 17, 25, 33, 34, 35, 36, 37, 38, 39, 47, 55]
[00:00:00:00:951] Expansion 505: New longest path found with length 19: [0, 1, 2, 3, 4, 12, 20, 19, 18, 17, 25, 33, 34, 35, 36, 37, 38, 39, 47, 55]
[00:00:00:01:366] Path of length 19 found: [0, 1, 2, 3, 4, 12, 20, 19, 18, 17, 25, 33, 34, 35, 36, 37, 38, 39, 47, 55]
[00:00:00:01:749] ! Bidirectional. expansions: 649, time: 1,366 [ms], path length: 19 [edges], g_F: 10, g_B: 9, generated: {'F': 422, 'B': 529}, MM: 1, MMPER: 4.0%

[00:00:00:01:750] average expansions: (373, 246, 194, 0)
[00:00:00:01:750] average time: (824, 674, 509, 0)
[00:00:00:01:750] X-DFBnB: 246 , 674 (expansions , time[ms])
[00:00:00:01:750] BiX-DFBnB: 194 , 509 (expansions , time[ms])

