Thu 19 Mar 2026 16:00:21 IST

SLURM_JOBID:		 16118911
SLURM_JOB_NODELIST:	 ise-cpu256-29 

--------------------------
date: SM_Grids
number_of_graphs: 10
graph_type: grid
size_of_graphs: [8, 8]
heuristic: bcc_heuristic
snake: True
run_uni: True
run_bi: True
run_multi: False
solution_vertices: []
algorithms: ['DFBnB']
bsd: False
cube_first_dims: 4
cube_buffer_dim: None
backward_sym_generation: False
sym_coil: False
prefix_set: None

---------- SM_Grids/8x8_grid_with_random_blocks_12per_0 ----------
[00:00:00:00:094] Expansion 27: New longest path found with length 28: [0, 8, 16, 24, 25, 33, 41, 40, 48, 56, 57, 58, 50, 51, 43, 35, 36, 28, 20, 12, 13, 14, 22, 30, 31, 39, 47, 55, 63]
[00:00:00:00:136] Expansion 49: New longest path found with length 32: [0, 8, 16, 24, 25, 33, 41, 40, 48, 56, 57, 58, 50, 51, 43, 35, 27, 19, 18, 10, 2, 3, 4, 12, 13, 21, 22, 30, 31, 39, 47, 55, 63]
[00:00:00:00:186] Expansion 75: New longest path found with length 34: [0, 8, 16, 24, 25, 33, 41, 40, 48, 56, 57, 58, 50, 51, 43, 44, 36, 28, 27, 19, 18, 10, 2, 3, 4, 12, 13, 21, 22, 30, 31, 39, 47, 55, 63]
[00:00:00:00:324] Expansion 151: New longest path found with length 36: [0, 8, 16, 24, 25, 33, 41, 40, 48, 56, 57, 58, 50, 51, 52, 53, 45, 37, 36, 35, 27, 19, 18, 10, 2, 3, 4, 12, 13, 21, 22, 30, 31, 39, 47, 55, 63]
[00:00:00:01:677] Path of length 36 found: [0, 8, 16, 24, 25, 33, 41, 40, 48, 56, 57, 58, 50, 51, 52, 53, 45, 37, 36, 35, 27, 19, 18, 10, 2, 3, 4, 12, 13, 21, 22, 30, 31, 39, 47, 55, 63]
[00:00:00:01:678] ! Unidirectional s-t. expansions: 525, time: 1,677 [ms], path length: 36 [edges], generated: 805
[00:00:00:00:116] Expansion 35: New longest path found with length 36: [63, 55, 47, 39, 31, 30, 22, 14, 13, 12, 4, 3, 2, 10, 18, 19, 27, 28, 36, 37, 45, 53, 61, 60, 59, 58, 57, 56, 48, 40, 41, 33, 25, 24, 16, 8, 0]
[00:00:00:00:847] Path of length 36 found: [63, 55, 47, 39, 31, 30, 22, 14, 13, 12, 4, 3, 2, 10, 18, 19, 27, 28, 36, 37, 45, 53, 61, 60, 59, 58, 57, 56, 48, 40, 41, 33, 25, 24, 16, 8, 0]
[00:00:00:00:848] ! Unidirectional t-s. expansions: 251, time: 847 [ms], path length: 36 [edges], generated: 406
[00:00:00:00:124] Expansion 34: New longest path found with length 34: [0, 8, 16, 24, 25, 33, 41, 40, 48, 56, 57, 58, 50, 51, 52, 44, 36, 28, 27, 19, 18, 10, 2, 3, 4, 12, 13, 14, 22, 30, 31, 39, 47, 55, 63]
[00:00:00:00:134] Expansion 40: New longest path found with length 36: [0, 8, 16, 24, 25, 33, 41, 40, 48, 56, 57, 58, 50, 51, 52, 53, 45, 37, 36, 35, 27, 19, 18, 10, 2, 3, 4, 12, 13, 14, 22, 30, 31, 39, 47, 55, 63]
[00:00:00:00:592] Path of length 36 found: [0, 8, 16, 24, 25, 33, 41, 40, 48, 56, 57, 58, 50, 51, 52, 53, 45, 37, 36, 35, 27, 19, 18, 10, 2, 3, 4, 12, 13, 14, 22, 30, 31, 39, 47, 55, 63]
[00:00:00:01:063] ! Bidirectional. expansions: 145, time: 592 [ms], path length: 36 [edges], g_F: 19, g_B: 17, generated: {'F': 138, 'B': 103}, MM: 2, MMPER: 4.405405405405405%
[00:00:00:01:064] 
---------- SM_Grids/8x8_grid_with_random_blocks_12per_1 ----------
[00:00:00:00:142] Expansion 19: New longest path found with length 20: [0, 8, 16, 24, 32, 33, 41, 49, 50, 58, 59, 60, 61, 53, 45, 37, 38, 39, 47, 55, 63]
[00:00:00:00:423] Expansion 89: New longest path found with length 26: [0, 8, 16, 24, 32, 33, 34, 26, 27, 19, 11, 3, 4, 5, 6, 14, 22, 21, 29, 37, 36, 44, 52, 60, 61, 62, 63]
[00:00:00:02:981] Expansion 711: New longest path found with length 32: [0, 8, 9, 10, 2, 3, 4, 5, 6, 14, 22, 21, 20, 19, 27, 26, 25, 33, 41, 49, 50, 58, 59, 60, 61, 53, 45, 37, 38, 39, 47, 55, 63]
[00:00:00:06:420] Path of length 32 found: [0, 8, 9, 10, 2, 3, 4, 5, 6, 14, 22, 21, 20, 19, 27, 26, 25, 33, 41, 49, 50, 58, 59, 60, 61, 53, 45, 37, 38, 39, 47, 55, 63]
[00:00:00:06:420] ! Unidirectional s-t. expansions: 1,592, time: 6,420 [ms], path length: 32 [edges], generated: 2,869
[00:00:00:00:136] Expansion 31: New longest path found with length 30: [63, 55, 47, 39, 38, 37, 36, 44, 52, 51, 50, 49, 41, 33, 34, 26, 27, 19, 20, 21, 22, 14, 6, 5, 4, 3, 2, 10, 9, 8, 0]
[00:00:00:00:443] Expansion 126: New longest path found with length 32: [63, 55, 47, 39, 38, 37, 36, 44, 52, 60, 59, 58, 50, 49, 41, 33, 34, 26, 27, 19, 20, 21, 22, 14, 6, 5, 4, 3, 2, 10, 9, 8, 0]
[00:00:00:09:700] Path of length 32 found: [63, 55, 47, 39, 38, 37, 36, 44, 52, 60, 59, 58, 50, 49, 41, 33, 34, 26, 27, 19, 20, 21, 22, 14, 6, 5, 4, 3, 2, 10, 9, 8, 0]
[00:00:00:09:700] ! Unidirectional t-s. expansions: 2,601, time: 9,700 [ms], path length: 32 [edges], generated: 4,495
[00:00:00:00:101] Expansion 19: New longest path found with length 20: [0, 8, 16, 24, 32, 33, 41, 49, 50, 58, 59, 60, 52, 44, 36, 37, 38, 39, 47, 55, 63]
[00:00:00:00:182] Expansion 42: New longest path found with length 24: [0, 8, 16, 24, 32, 33, 34, 26, 27, 19, 11, 3, 4, 5, 6, 14, 22, 21, 29, 37, 38, 39, 47, 55, 63]
[00:00:00:01:131] Expansion 263: New longest path found with length 26: [0, 8, 16, 24, 32, 33, 34, 26, 27, 19, 11, 3, 4, 5, 6, 14, 22, 21, 29, 37, 36, 44, 52, 53, 54, 55, 63]
[00:00:00:01:651] Expansion 368: New longest path found with length 30: [0, 8, 9, 10, 2, 3, 4, 5, 6, 14, 22, 21, 20, 19, 27, 26, 25, 33, 41, 49, 50, 51, 52, 44, 36, 37, 38, 39, 47, 55, 63]
[00:00:00:01:682] Expansion 381: New longest path found with length 32: [0, 8, 9, 10, 2, 3, 4, 5, 6, 14, 22, 21, 20, 19, 27, 26, 25, 33, 41, 49, 50, 58, 59, 60, 52, 44, 36, 37, 38, 39, 47, 55, 63]
[00:00:00:09:141] Path of length 32 found: [0, 8, 9, 10, 2, 3, 4, 5, 6, 14, 22, 21, 20, 19, 27, 26, 25, 33, 41, 49, 50, 58, 59, 60, 52, 44, 36, 37, 38, 39, 47, 55, 63]
[00:00:00:09:609] ! Bidirectional. expansions: 2,082, time: 9,141 [ms], path length: 32 [edges], g_F: 17, g_B: 15, generated: {'F': 1,900, 'B': 1,875}, MM: 2, MMPER: 5.0606060606060606%
[00:00:00:09:610] 
---------- SM_Grids/8x8_grid_with_random_blocks_12per_2 ----------
[00:00:00:00:123] Expansion 31: New longest path found with length 32: [0, 8, 16, 24, 32, 33, 34, 42, 50, 58, 59, 60, 52, 44, 36, 28, 27, 19, 18, 10, 2, 3, 4, 12, 13, 21, 22, 30, 38, 46, 54, 62, 63]
[00:00:00:00:138] Expansion 41: New longest path found with length 34: [0, 8, 16, 24, 32, 33, 34, 42, 50, 58, 59, 60, 52, 44, 36, 28, 27, 19, 18, 10, 2, 3, 4, 12, 13, 14, 15, 23, 31, 30, 38, 46, 54, 62, 63]
[00:00:00:01:802] Path of length 34 found: [0, 8, 16, 24, 32, 33, 34, 42, 50, 58, 59, 60, 52, 44, 36, 28, 27, 19, 18, 10, 2, 3, 4, 12, 13, 14, 15, 23, 31, 30, 38, 46, 54, 62, 63]
[00:00:00:01:803] ! Unidirectional s-t. expansions: 453, time: 1,803 [ms], path length: 34 [edges], generated: 764
[00:00:00:00:127] Expansion 31: New longest path found with length 32: [63, 55, 47, 46, 38, 30, 31, 23, 15, 14, 13, 5, 4, 3, 2, 10, 18, 19, 27, 28, 36, 44, 52, 51, 50, 42, 34, 33, 25, 24, 16, 8, 0]
[00:00:00:00:146] Expansion 42: New longest path found with length 34: [63, 55, 47, 46, 38, 30, 31, 23, 15, 14, 13, 5, 4, 3, 2, 10, 18, 19, 27, 28, 36, 44, 52, 60, 59, 58, 50, 42, 34, 33, 25, 24, 16, 8, 0]
[00:00:00:02:601] Path of length 34 found: [63, 55, 47, 46, 38, 30, 31, 23, 15, 14, 13, 5, 4, 3, 2, 10, 18, 19, 27, 28, 36, 44, 52, 60, 59, 58, 50, 42, 34, 33, 25, 24, 16, 8, 0]
[00:00:00:02:601] ! Unidirectional t-s. expansions: 617, time: 2,601 [ms], path length: 34 [edges], generated: 1,067
[00:00:00:00:135] Expansion 33: New longest path found with length 34: [0, 8, 16, 24, 32, 33, 34, 42, 50, 58, 59, 60, 52, 44, 36, 28, 20, 19, 18, 10, 2, 3, 4, 5, 13, 14, 15, 23, 31, 30, 38, 46, 47, 55, 63]
[00:00:00:02:204] Path of length 34 found: [0, 8, 16, 24, 32, 33, 34, 42, 50, 58, 59, 60, 52, 44, 36, 28, 20, 19, 18, 10, 2, 3, 4, 5, 13, 14, 15, 23, 31, 30, 38, 46, 47, 55, 63]
[00:00:00:02:652] ! Bidirectional. expansions: 448, time: 2,204 [ms], path length: 34 [edges], g_F: 18, g_B: 16, generated: {'F': 373, 'B': 434}, MM: 2, MMPER: 4.714285714285714%
[00:00:00:02:652] 
---------- SM_Grids/8x8_grid_with_random_blocks_12per_3 ----------
[00:00:00:00:112] Expansion 13: New longest path found with length 14: [0, 8, 16, 24, 32, 33, 41, 49, 57, 58, 59, 60, 61, 62, 63]
[00:00:00:00:174] Expansion 35: New longest path found with length 34: [0, 8, 16, 24, 32, 33, 41, 49, 57, 58, 59, 60, 52, 44, 43, 35, 27, 19, 18, 10, 2, 3, 4, 12, 13, 14, 15, 23, 31, 30, 38, 46, 54, 62, 63]
[00:00:00:20:558] Path of length 34 found: [0, 8, 16, 24, 32, 33, 41, 49, 57, 58, 59, 60, 52, 44, 43, 35, 27, 19, 18, 10, 2, 3, 4, 12, 13, 14, 15, 23, 31, 30, 38, 46, 54, 62, 63]
[00:00:00:20:559] ! Unidirectional s-t. expansions: 6,804, time: 20,558 [ms], path length: 34 [edges], generated: 10,648
[00:00:00:00:419] Expansion 200: New longest path found with length 18: [63, 62, 54, 46, 47, 39, 31, 30, 22, 14, 6, 5, 4, 3, 2, 10, 9, 8, 0]
[00:00:00:00:460] Expansion 218: New longest path found with length 34: [63, 62, 54, 46, 47, 39, 31, 30, 22, 14, 6, 5, 4, 3, 2, 10, 18, 26, 27, 35, 36, 44, 52, 60, 59, 58, 57, 49, 41, 33, 32, 24, 16, 8, 0]
[00:00:00:26:225] Path of length 34 found: [63, 62, 54, 46, 47, 39, 31, 30, 22, 14, 6, 5, 4, 3, 2, 10, 18, 26, 27, 35, 36, 44, 52, 60, 59, 58, 57, 49, 41, 33, 32, 24, 16, 8, 0]
[00:00:00:26:225] ! Unidirectional t-s. expansions: 9,062, time: 26,225 [ms], path length: 34 [edges], generated: 14,215
[00:00:00:00:119] Expansion 29: New longest path found with length 30: [0, 8, 9, 10, 2, 3, 4, 12, 20, 19, 27, 26, 25, 33, 41, 49, 50, 51, 43, 44, 36, 37, 29, 30, 31, 39, 47, 46, 54, 62, 63]
[00:00:00:00:126] Expansion 33: New longest path found with length 32: [0, 8, 9, 10, 2, 3, 4, 12, 20, 19, 27, 26, 25, 33, 41, 49, 57, 58, 59, 51, 43, 44, 36, 37, 29, 30, 31, 39, 47, 46, 54, 62, 63]
[00:00:00:01:643] Expansion 413: New longest path found with length 34: [0, 8, 16, 24, 32, 33, 41, 49, 57, 58, 59, 51, 52, 44, 36, 35, 27, 19, 18, 10, 2, 3, 4, 5, 6, 14, 22, 30, 31, 39, 47, 46, 54, 62, 63]
[00:00:00:07:312] Path of length 34 found: [0, 8, 16, 24, 32, 33, 41, 49, 57, 58, 59, 51, 52, 44, 36, 35, 27, 19, 18, 10, 2, 3, 4, 5, 6, 14, 22, 30, 31, 39, 47, 46, 54, 62, 63]
[00:00:00:07:746] ! Bidirectional. expansions: 1,779, time: 7,312 [ms], path length: 34 [edges], g_F: 18, g_B: 16, generated: {'F': 1,523, 'B': 1,547}, MM: 2, MMPER: 4.714285714285714%
[00:00:00:07:746] 
---------- SM_Grids/8x8_grid_with_random_blocks_12per_4 ----------
[00:00:00:00:127] Expansion 29: New longest path found with length 30: [0, 8, 16, 24, 25, 33, 41, 49, 57, 58, 59, 51, 43, 44, 36, 28, 27, 19, 11, 12, 4, 5, 6, 14, 22, 30, 38, 39, 47, 55, 63]
[00:00:00:00:789] Expansion 283: New longest path found with length 32: [0, 8, 16, 24, 25, 33, 41, 49, 57, 58, 59, 60, 52, 44, 43, 35, 27, 19, 11, 12, 4, 5, 6, 14, 22, 21, 29, 37, 38, 39, 47, 55, 63]
[00:00:00:02:276] Expansion 646: New longest path found with length 34: [0, 8, 16, 24, 25, 26, 18, 19, 11, 12, 4, 5, 6, 14, 22, 23, 31, 39, 38, 37, 36, 35, 43, 42, 41, 49, 57, 58, 59, 60, 52, 53, 54, 62, 63]
[00:00:00:07:809] Path of length 34 found: [0, 8, 16, 24, 25, 26, 18, 19, 11, 12, 4, 5, 6, 14, 22, 23, 31, 39, 38, 37, 36, 35, 43, 42, 41, 49, 57, 58, 59, 60, 52, 53, 54, 62, 63]
[00:00:00:07:810] ! Unidirectional s-t. expansions: 1,873, time: 7,809 [ms], path length: 34 [edges], generated: 3,250
[00:00:00:00:098] Expansion 19: New longest path found with length 20: [63, 55, 47, 39, 31, 23, 22, 14, 6, 5, 4, 12, 11, 10, 18, 26, 25, 24, 16, 8, 0]
[00:00:00:00:157] Expansion 36: New longest path found with length 30: [63, 55, 47, 39, 31, 23, 22, 14, 6, 5, 4, 12, 11, 19, 27, 28, 36, 44, 52, 60, 59, 58, 57, 49, 41, 33, 25, 17, 9, 8, 0]
[00:00:00:04:447] Expansion 1,218: New longest path found with length 32: [63, 55, 47, 39, 38, 37, 29, 21, 22, 14, 6, 5, 4, 12, 11, 19, 27, 35, 43, 44, 52, 60, 59, 58, 57, 49, 41, 33, 25, 17, 9, 8, 0]
[00:00:00:06:350] Expansion 1,640: New longest path found with length 34: [63, 55, 54, 53, 61, 60, 59, 58, 57, 49, 41, 33, 34, 35, 27, 28, 29, 37, 38, 39, 31, 23, 22, 14, 6, 5, 4, 12, 11, 10, 18, 17, 16, 8, 0]
[00:00:00:11:477] Path of length 34 found: [63, 55, 54, 53, 61, 60, 59, 58, 57, 49, 41, 33, 34, 35, 27, 28, 29, 37, 38, 39, 31, 23, 22, 14, 6, 5, 4, 12, 11, 10, 18, 17, 16, 8, 0]
[00:00:00:11:477] ! Unidirectional t-s. expansions: 2,876, time: 11,477 [ms], path length: 34 [edges], generated: 5,450
[00:00:00:00:134] Expansion 30: New longest path found with length 30: [0, 8, 16, 24, 25, 33, 41, 49, 57, 58, 59, 60, 52, 44, 36, 28, 27, 19, 11, 12, 4, 5, 6, 14, 22, 23, 31, 39, 47, 55, 63]
[00:00:00:01:549] Expansion 398: New longest path found with length 32: [0, 8, 16, 24, 25, 33, 41, 49, 57, 58, 59, 60, 52, 44, 43, 35, 27, 19, 11, 12, 4, 5, 6, 14, 22, 21, 29, 37, 38, 39, 47, 55, 63]
[00:00:00:03:433] Expansion 802: New longest path found with length 34: [0, 8, 16, 24, 25, 26, 18, 10, 11, 12, 4, 5, 6, 14, 22, 23, 31, 39, 38, 37, 36, 35, 43, 42, 41, 49, 57, 58, 59, 60, 61, 53, 54, 55, 63]
[00:00:00:08:159] Path of length 34 found: [0, 8, 16, 24, 25, 26, 18, 10, 11, 12, 4, 5, 6, 14, 22, 23, 31, 39, 38, 37, 36, 35, 43, 42, 41, 49, 57, 58, 59, 60, 61, 53, 54, 55, 63]
[00:00:00:08:583] ! Bidirectional. expansions: 1,738, time: 8,159 [ms], path length: 34 [edges], g_F: 18, g_B: 16, generated: {'F': 1,748, 'B': 1,663}, MM: 2, MMPER: 4.714285714285714%
[00:00:00:08:583] 
---------- SM_Grids/8x8_grid_with_random_blocks_12per_5 ----------
[00:00:00:00:589] Expansion 257: New longest path found with length 20: [0, 8, 16, 17, 25, 33, 41, 42, 50, 58, 59, 60, 52, 44, 45, 37, 38, 39, 47, 55, 63]
[00:00:00:00:625] Expansion 273: New longest path found with length 32: [0, 8, 16, 17, 25, 33, 41, 42, 50, 58, 59, 60, 52, 44, 45, 37, 29, 28, 27, 19, 11, 3, 4, 5, 13, 14, 22, 23, 31, 39, 47, 55, 63]
[00:00:00:07:620] Expansion 2,190: New longest path found with length 34: [0, 8, 9, 17, 25, 24, 32, 40, 41, 42, 50, 58, 59, 60, 52, 44, 45, 37, 29, 28, 27, 19, 11, 3, 4, 5, 13, 14, 22, 23, 31, 39, 47, 55, 63]
[00:00:00:16:956] Path of length 34 found: [0, 8, 9, 17, 25, 24, 32, 40, 41, 42, 50, 58, 59, 60, 52, 44, 45, 37, 29, 28, 27, 19, 11, 3, 4, 5, 13, 14, 22, 23, 31, 39, 47, 55, 63]
[00:00:00:16:956] ! Unidirectional s-t. expansions: 4,644, time: 16,956 [ms], path length: 34 [edges], generated: 8,088
[00:00:00:00:081] Expansion 15: New longest path found with length 16: [63, 55, 47, 46, 38, 37, 29, 21, 22, 14, 6, 5, 4, 3, 2, 1, 0]
[00:00:00:00:100] Expansion 21: New longest path found with length 20: [63, 55, 47, 46, 38, 37, 29, 21, 22, 14, 6, 5, 4, 3, 11, 19, 18, 17, 9, 1, 0]
[00:00:00:00:639] Expansion 286: New longest path found with length 28: [63, 55, 47, 46, 38, 37, 29, 21, 22, 14, 6, 5, 4, 3, 11, 19, 27, 35, 43, 42, 41, 33, 32, 24, 16, 17, 9, 1, 0]
[00:00:00:02:107] Expansion 637: New longest path found with length 30: [63, 55, 47, 46, 45, 53, 61, 60, 59, 51, 50, 42, 34, 33, 25, 17, 18, 19, 27, 28, 29, 21, 22, 14, 6, 5, 4, 3, 2, 1, 0]
[00:00:00:02:128] Expansion 649: New longest path found with length 32: [63, 55, 47, 46, 45, 53, 61, 60, 59, 51, 50, 42, 34, 33, 25, 17, 18, 19, 27, 28, 29, 30, 31, 23, 15, 14, 6, 5, 4, 3, 2, 1, 0]
[00:00:00:02:183] Expansion 672: New longest path found with length 34: [63, 55, 47, 46, 45, 53, 61, 60, 59, 51, 50, 42, 34, 33, 32, 24, 16, 17, 18, 19, 27, 28, 29, 30, 31, 23, 15, 14, 6, 5, 4, 3, 2, 1, 0]
[00:00:00:13:426] Path of length 34 found: [63, 55, 47, 46, 45, 53, 61, 60, 59, 51, 50, 42, 34, 33, 32, 24, 16, 17, 18, 19, 27, 28, 29, 30, 31, 23, 15, 14, 6, 5, 4, 3, 2, 1, 0]
[00:00:00:13:427] ! Unidirectional t-s. expansions: 3,533, time: 13,427 [ms], path length: 34 [edges], generated: 5,874
[00:00:00:00:133] Expansion 33: New longest path found with length 32: [0, 8, 16, 17, 25, 33, 41, 42, 50, 58, 59, 60, 52, 44, 45, 37, 29, 28, 27, 19, 11, 3, 4, 5, 6, 14, 15, 23, 31, 39, 47, 55, 63]
[00:00:00:02:014] Expansion 432: New longest path found with length 34: [0, 8, 9, 17, 25, 24, 32, 40, 41, 42, 50, 58, 59, 60, 52, 44, 45, 37, 29, 28, 27, 19, 11, 3, 4, 5, 6, 14, 15, 23, 31, 39, 47, 55, 63]
[00:00:00:07:801] Path of length 34 found: [0, 8, 9, 17, 25, 24, 32, 40, 41, 42, 50, 58, 59, 60, 52, 44, 45, 37, 29, 28, 27, 19, 11, 3, 4, 5, 6, 14, 15, 23, 31, 39, 47, 55, 63]
[00:00:00:08:248] ! Bidirectional. expansions: 1,632, time: 7,802 [ms], path length: 34 [edges], g_F: 18, g_B: 16, generated: {'F': 1,530, 'B': 1,452}, MM: 2, MMPER: 4.714285714285714%
[00:00:00:08:248] 
---------- SM_Grids/8x8_grid_with_random_blocks_12per_6 ----------
[00:00:00:01:409] Expansion 583: New longest path found with length 14: [0, 8, 16, 17, 25, 26, 34, 42, 50, 51, 59, 60, 61, 62, 63]
[00:00:00:01:450] Expansion 594: New longest path found with length 16: [0, 8, 16, 17, 25, 26, 34, 42, 43, 44, 36, 37, 38, 46, 54, 62, 63]
[00:00:00:01:581] Expansion 631: New longest path found with length 28: [0, 8, 16, 17, 25, 26, 27, 19, 11, 12, 4, 5, 6, 7, 15, 23, 22, 21, 29, 37, 36, 44, 43, 51, 59, 60, 61, 62, 63]
[00:00:00:04:747] Expansion 1,587: New longest path found with length 32: [0, 8, 16, 24, 32, 40, 48, 49, 50, 51, 43, 35, 34, 26, 18, 10, 2, 3, 4, 5, 6, 7, 15, 23, 22, 21, 29, 37, 38, 46, 54, 62, 63]
[00:00:00:08:476] Expansion 2,682: New longest path found with length 34: [0, 8, 9, 10, 2, 3, 4, 5, 6, 7, 15, 23, 22, 21, 20, 19, 27, 26, 25, 24, 32, 40, 48, 49, 50, 51, 43, 44, 36, 37, 38, 46, 54, 62, 63]
[00:00:00:14:286] Path of length 34 found: [0, 8, 9, 10, 2, 3, 4, 5, 6, 7, 15, 23, 22, 21, 20, 19, 27, 26, 25, 24, 32, 40, 48, 49, 50, 51, 43, 44, 36, 37, 38, 46, 54, 62, 63]
[00:00:00:14:286] ! Unidirectional s-t. expansions: 4,224, time: 14,286 [ms], path length: 34 [edges], generated: 6,944
[00:00:00:01:544] Expansion 663: New longest path found with length 16: [63, 62, 61, 60, 59, 51, 50, 49, 41, 40, 32, 24, 16, 17, 9, 1, 0]
[00:00:00:01:968] Expansion 847: New longest path found with length 18: [63, 62, 61, 60, 59, 51, 50, 49, 41, 40, 32, 24, 16, 17, 18, 10, 2, 1, 0]
[00:00:00:02:554] Expansion 1,097: New longest path found with length 32: [63, 62, 61, 60, 59, 51, 50, 49, 41, 40, 32, 24, 16, 17, 18, 26, 34, 35, 36, 28, 29, 21, 22, 23, 15, 7, 6, 5, 4, 3, 2, 1, 0]
[00:00:00:06:926] Expansion 2,295: New longest path found with length 34: [63, 62, 54, 46, 38, 37, 36, 44, 43, 42, 50, 49, 48, 40, 32, 24, 25, 26, 27, 19, 20, 21, 22, 23, 15, 7, 6, 5, 4, 3, 2, 10, 9, 8, 0]
[00:00:00:08:748] Path of length 34 found: [63, 62, 54, 46, 38, 37, 36, 44, 43, 42, 50, 49, 48, 40, 32, 24, 25, 26, 27, 19, 20, 21, 22, 23, 15, 7, 6, 5, 4, 3, 2, 10, 9, 8, 0]
[00:00:00:08:749] ! Unidirectional t-s. expansions: 2,729, time: 8,749 [ms], path length: 34 [edges], generated: 4,520
[00:00:00:00:109] Expansion 27: New longest path found with length 14: [0, 8, 16, 24, 32, 40, 48, 49, 50, 51, 59, 60, 61, 62, 63]
[00:00:00:00:301] Expansion 91: New longest path found with length 24: [0, 8, 16, 24, 25, 26, 18, 10, 2, 3, 4, 12, 20, 21, 29, 37, 45, 44, 43, 51, 59, 60, 61, 62, 63]
[00:00:00:00:315] Expansion 97: New longest path found with length 28: [0, 8, 16, 24, 25, 26, 18, 10, 2, 3, 4, 5, 6, 7, 15, 23, 22, 21, 29, 37, 45, 44, 43, 51, 59, 60, 61, 62, 63]
[00:00:00:00:505] Expansion 144: New longest path found with length 32: [0, 8, 16, 24, 32, 40, 48, 49, 50, 42, 34, 26, 18, 10, 2, 3, 4, 5, 6, 7, 15, 23, 22, 21, 29, 28, 36, 44, 45, 53, 61, 62, 63]
[00:00:00:03:805] Expansion 931: New longest path found with length 34: [0, 8, 9, 10, 2, 3, 4, 5, 6, 7, 15, 23, 22, 21, 20, 19, 27, 26, 25, 24, 32, 40, 48, 49, 50, 42, 43, 44, 36, 37, 38, 46, 54, 62, 63]
[00:00:00:05:516] Path of length 34 found: [0, 8, 9, 10, 2, 3, 4, 5, 6, 7, 15, 23, 22, 21, 20, 19, 27, 26, 25, 24, 32, 40, 48, 49, 50, 42, 43, 44, 36, 37, 38, 46, 54, 62, 63]
[00:00:00:05:964] ! Bidirectional. expansions: 1,296, time: 5,516 [ms], path length: 34 [edges], g_F: 18, g_B: 16, generated: {'F': 1,117, 'B': 1,223}, MM: 2, MMPER: 4.714285714285714%
[00:00:00:05:964] 
---------- SM_Grids/8x8_grid_with_random_blocks_12per_7 ----------
[00:00:00:00:259] Expansion 82: New longest path found with length 28: [0, 8, 16, 24, 25, 26, 18, 19, 20, 28, 36, 35, 43, 42, 41, 40, 48, 56, 57, 58, 59, 60, 52, 53, 45, 46, 47, 55, 63]
[00:00:00:00:562] Expansion 211: New longest path found with length 36: [0, 8, 16, 24, 25, 26, 18, 19, 20, 12, 13, 5, 6, 7, 15, 23, 22, 30, 38, 37, 36, 35, 43, 42, 41, 40, 48, 56, 57, 58, 59, 60, 52, 53, 54, 62, 63]
[00:00:00:07:237] Path of length 36 found: [0, 8, 16, 24, 25, 26, 18, 19, 20, 12, 13, 5, 6, 7, 15, 23, 22, 30, 38, 37, 36, 35, 43, 42, 41, 40, 48, 56, 57, 58, 59, 60, 52, 53, 54, 62, 63]
[00:00:00:07:238] ! Unidirectional s-t. expansions: 1,842, time: 7,237 [ms], path length: 36 [edges], generated: 3,026
[00:00:00:00:095] Expansion 19: New longest path found with length 20: [63, 55, 47, 39, 38, 30, 22, 23, 15, 7, 6, 5, 13, 12, 20, 19, 18, 17, 9, 8, 0]
[00:00:00:00:946] Expansion 501: New longest path found with length 22: [63, 55, 47, 39, 38, 30, 22, 23, 15, 7, 6, 5, 13, 12, 20, 19, 18, 26, 25, 24, 16, 8, 0]
[00:00:00:01:119] Expansion 588: New longest path found with length 36: [63, 55, 47, 39, 38, 30, 22, 23, 15, 7, 6, 5, 13, 12, 20, 19, 18, 26, 34, 42, 43, 44, 45, 53, 61, 60, 59, 58, 57, 49, 48, 40, 32, 24, 16, 8, 0]
[00:00:00:10:238] Path of length 36 found: [63, 55, 47, 39, 38, 30, 22, 23, 15, 7, 6, 5, 13, 12, 20, 19, 18, 26, 34, 42, 43, 44, 45, 53, 61, 60, 59, 58, 57, 49, 48, 40, 32, 24, 16, 8, 0]
[00:00:00:10:238] ! Unidirectional t-s. expansions: 3,280, time: 10,238 [ms], path length: 36 [edges], generated: 5,090
[00:00:00:00:135] Expansion 33: New longest path found with length 34: [0, 8, 16, 24, 25, 26, 34, 42, 41, 40, 48, 56, 57, 58, 59, 60, 52, 44, 36, 28, 20, 12, 13, 5, 6, 7, 15, 23, 31, 39, 38, 46, 54, 55, 63]
[00:00:00:00:458] Expansion 111: New longest path found with length 36: [0, 8, 16, 24, 25, 26, 18, 19, 20, 12, 13, 5, 6, 7, 15, 23, 22, 30, 38, 37, 36, 35, 43, 42, 41, 40, 48, 56, 57, 58, 59, 60, 61, 53, 54, 55, 63]
[00:00:00:03:734] Path of length 36 found: [0, 8, 16, 24, 25, 26, 18, 19, 20, 12, 13, 5, 6, 7, 15, 23, 22, 30, 38, 37, 36, 35, 43, 42, 41, 40, 48, 56, 57, 58, 59, 60, 61, 53, 54, 55, 63]
[00:00:00:04:173] ! Bidirectional. expansions: 756, time: 3,734 [ms], path length: 36 [edges], g_F: 19, g_B: 17, generated: {'F': 723, 'B': 600}, MM: 2, MMPER: 4.405405405405405%
[00:00:00:04:173] 
---------- SM_Grids/8x8_grid_with_random_blocks_12per_8 ----------
[00:00:00:00:134] Expansion 33: New longest path found with length 34: [0, 8, 9, 10, 2, 3, 4, 5, 6, 14, 15, 23, 31, 30, 29, 21, 20, 19, 27, 26, 25, 33, 41, 49, 57, 58, 59, 60, 52, 44, 45, 46, 47, 55, 63]
[00:00:00:02:491] Expansion 573: New longest path found with length 36: [0, 8, 16, 24, 32, 33, 41, 49, 57, 58, 59, 60, 52, 44, 43, 35, 27, 26, 18, 10, 2, 3, 4, 5, 6, 7, 15, 23, 22, 21, 29, 37, 38, 46, 47, 55, 63]
[00:00:00:05:413] Path of length 36 found: [0, 8, 16, 24, 32, 33, 41, 49, 57, 58, 59, 60, 52, 44, 43, 35, 27, 26, 18, 10, 2, 3, 4, 5, 6, 7, 15, 23, 22, 21, 29, 37, 38, 46, 47, 55, 63]
[00:00:00:05:413] ! Unidirectional s-t. expansions: 1,269, time: 5,413 [ms], path length: 36 [edges], generated: 2,235
[00:00:00:00:484] Expansion 196: New longest path found with length 18: [63, 55, 47, 39, 38, 30, 22, 23, 15, 7, 6, 5, 4, 3, 2, 10, 9, 8, 0]
[00:00:00:00:530] Expansion 214: New longest path found with length 34: [63, 55, 47, 39, 38, 30, 22, 23, 15, 7, 6, 5, 4, 3, 2, 10, 18, 26, 27, 35, 43, 44, 52, 60, 59, 58, 57, 49, 41, 33, 32, 24, 16, 8, 0]
[00:00:00:00:877] Expansion 343: New longest path found with length 36: [63, 55, 47, 39, 38, 30, 22, 23, 15, 7, 6, 5, 4, 12, 20, 28, 27, 35, 43, 44, 52, 60, 59, 58, 57, 49, 41, 33, 32, 24, 16, 17, 18, 10, 2, 1, 0]
[00:00:00:05:902] Path of length 36 found: [63, 55, 47, 39, 38, 30, 22, 23, 15, 7, 6, 5, 4, 12, 20, 28, 27, 35, 43, 44, 52, 60, 59, 58, 57, 49, 41, 33, 32, 24, 16, 17, 18, 10, 2, 1, 0]
[00:00:00:05:903] ! Unidirectional t-s. expansions: 1,598, time: 5,902 [ms], path length: 36 [edges], generated: 2,616
[00:00:00:00:133] Expansion 34: New longest path found with length 34: [0, 8, 16, 24, 32, 33, 41, 49, 57, 58, 59, 60, 52, 44, 43, 35, 27, 19, 18, 10, 2, 3, 4, 5, 6, 7, 15, 23, 31, 30, 38, 46, 47, 55, 63]
[00:00:00:00:348] Expansion 110: New longest path found with length 36: [0, 8, 16, 24, 32, 33, 41, 49, 57, 58, 59, 60, 52, 44, 43, 35, 27, 19, 18, 10, 2, 3, 4, 5, 6, 7, 15, 23, 22, 21, 29, 37, 38, 46, 47, 55, 63]
[00:00:00:03:231] Path of length 36 found: [0, 8, 16, 24, 32, 33, 41, 49, 57, 58, 59, 60, 52, 44, 43, 35, 27, 19, 18, 10, 2, 3, 4, 5, 6, 7, 15, 23, 22, 21, 29, 37, 38, 46, 47, 55, 63]
[00:00:00:03:662] ! Bidirectional. expansions: 751, time: 3,231 [ms], path length: 36 [edges], g_F: 19, g_B: 17, generated: {'F': 658, 'B': 659}, MM: 2, MMPER: 4.405405405405405%
[00:00:00:03:662] 
---------- SM_Grids/8x8_grid_with_random_blocks_12per_9 ----------
[00:00:00:01:561] Expansion 733: New longest path found with length 18: [0, 8, 16, 24, 32, 40, 48, 56, 57, 58, 50, 51, 52, 53, 45, 46, 47, 55, 63]
[00:00:00:01:627] Expansion 757: New longest path found with length 34: [0, 8, 16, 24, 32, 40, 48, 56, 57, 58, 50, 51, 43, 35, 34, 26, 18, 10, 11, 12, 4, 5, 6, 7, 15, 23, 31, 30, 29, 37, 45, 53, 61, 62, 63]
[00:00:00:09:263] Expansion 3,294: New longest path found with length 36: [0, 8, 9, 10, 18, 26, 25, 24, 32, 40, 48, 56, 57, 58, 50, 51, 43, 35, 36, 28, 20, 12, 4, 5, 6, 7, 15, 23, 31, 30, 38, 46, 45, 53, 61, 62, 63]
[00:00:00:18:245] Path of length 36 found: [0, 8, 9, 10, 18, 26, 25, 24, 32, 40, 48, 56, 57, 58, 50, 51, 43, 35, 36, 28, 20, 12, 4, 5, 6, 7, 15, 23, 31, 30, 38, 46, 45, 53, 61, 62, 63]
[00:00:00:18:245] ! Unidirectional s-t. expansions: 6,279, time: 18,245 [ms], path length: 36 [edges], generated: 9,032
[00:00:00:00:128] Expansion 33: New longest path found with length 34: [63, 55, 47, 46, 45, 37, 29, 30, 31, 23, 15, 7, 6, 5, 4, 12, 11, 10, 18, 26, 27, 35, 43, 51, 50, 58, 57, 56, 48, 40, 32, 24, 16, 8, 0]
[00:00:00:01:150] Expansion 448: New longest path found with length 36: [63, 55, 47, 46, 45, 53, 61, 60, 59, 51, 50, 49, 48, 40, 32, 24, 25, 26, 34, 35, 36, 28, 29, 30, 31, 23, 15, 7, 6, 5, 4, 12, 11, 10, 2, 1, 0]
[00:00:00:12:608] Path of length 36 found: [63, 55, 47, 46, 45, 53, 61, 60, 59, 51, 50, 49, 48, 40, 32, 24, 25, 26, 34, 35, 36, 28, 29, 30, 31, 23, 15, 7, 6, 5, 4, 12, 11, 10, 2, 1, 0]
[00:00:00:12:609] ! Unidirectional t-s. expansions: 3,655, time: 12,608 [ms], path length: 36 [edges], generated: 5,758
[00:00:00:00:132] Expansion 33: New longest path found with length 30: [0, 8, 16, 24, 32, 33, 41, 49, 57, 58, 59, 51, 43, 35, 36, 28, 20, 12, 4, 5, 6, 7, 15, 23, 31, 30, 38, 46, 47, 55, 63]
[00:00:00:00:140] Expansion 37: New longest path found with length 32: [0, 8, 16, 24, 32, 33, 41, 49, 57, 58, 59, 51, 43, 35, 27, 26, 18, 10, 11, 12, 4, 5, 6, 7, 15, 23, 31, 30, 38, 46, 47, 55, 63]
[00:00:00:00:680] Expansion 197: New longest path found with length 34: [0, 8, 16, 24, 32, 33, 41, 49, 57, 58, 59, 51, 43, 35, 27, 26, 18, 10, 11, 12, 4, 5, 6, 7, 15, 23, 31, 30, 29, 37, 45, 46, 47, 55, 63]
[00:00:00:03:143] Expansion 949: New longest path found with length 36: [0, 8, 9, 10, 11, 12, 4, 5, 6, 7, 15, 23, 31, 30, 29, 28, 36, 35, 34, 26, 25, 24, 32, 40, 41, 49, 50, 51, 59, 60, 61, 53, 45, 46, 47, 55, 63]
[00:00:00:07:947] Path of length 36 found: [0, 8, 9, 10, 11, 12, 4, 5, 6, 7, 15, 23, 31, 30, 29, 28, 36, 35, 34, 26, 25, 24, 32, 40, 41, 49, 50, 51, 59, 60, 61, 53, 45, 46, 47, 55, 63]
[00:00:00:08:376] ! Bidirectional. expansions: 2,017, time: 7,947 [ms], path length: 36 [edges], g_F: 19, g_B: 17, generated: {'F': 1,789, 'B': 1,563}, MM: 2, MMPER: 4.405405405405405%

[00:00:00:08:376] average expansions: (2,950, 3,020, 1,264, 0)
[00:00:00:08:376] average time: (10,040, 10,177, 5,564, 0)
[00:00:00:08:376] X-DFBnB: 2,950 , 10,040 (expansions , time[ms])
[00:00:00:08:376] BiX-DFBnB: 1,264 , 5,564 (expansions , time[ms])

