Thu 19 Mar 2026 16:00:21 IST

SLURM_JOBID:		 16118910
SLURM_JOB_NODELIST:	 ise-cpu256-29 

--------------------------
date: SM_Grids
number_of_graphs: 10
graph_type: grid
size_of_graphs: [8, 8]
heuristic: bcc_heuristic
snake: True
run_uni: True
run_bi: True
run_multi: False
solution_vertices: []
algorithms: ['DFBnB']
bsd: False
cube_first_dims: 4
cube_buffer_dim: None
backward_sym_generation: False
sym_coil: False
prefix_set: None

---------- SM_Grids/8x8_grid_with_random_blocks_8per_0 ----------
[00:00:00:00:115] Expansion 35: New longest path found with length 36: [0, 8, 16, 17, 18, 10, 2, 3, 4, 5, 6, 7, 15, 23, 22, 21, 20, 28, 27, 35, 34, 33, 41, 49, 57, 58, 59, 60, 61, 53, 45, 37, 38, 39, 47, 55, 63]
[00:00:00:16:045] Path of length 36 found: [0, 8, 16, 17, 18, 10, 2, 3, 4, 5, 6, 7, 15, 23, 22, 21, 20, 28, 27, 35, 34, 33, 41, 49, 57, 58, 59, 60, 61, 53, 45, 37, 38, 39, 47, 55, 63]
[00:00:00:16:045] ! Unidirectional s-t. expansions: 4,583, time: 16,045 [ms], path length: 36 [edges], generated: 7,859
[00:00:00:01:793] Expansion 837: New longest path found with length 16: [63, 55, 47, 39, 31, 30, 22, 14, 6, 5, 4, 3, 2, 10, 9, 8, 0]
[00:00:00:01:852] Expansion 857: New longest path found with length 34: [63, 55, 47, 39, 31, 30, 22, 14, 6, 5, 4, 3, 2, 10, 18, 19, 20, 28, 36, 37, 45, 53, 61, 60, 59, 58, 57, 49, 41, 33, 25, 24, 16, 8, 0]
[00:00:00:10:556] Expansion 3,485: New longest path found with length 36: [63, 55, 47, 39, 38, 30, 22, 23, 15, 7, 6, 5, 4, 3, 2, 10, 18, 19, 27, 28, 36, 44, 45, 53, 61, 60, 59, 58, 57, 49, 41, 33, 25, 24, 16, 8, 0]
[00:00:00:32:746] Path of length 36 found: [63, 55, 47, 39, 38, 30, 22, 23, 15, 7, 6, 5, 4, 3, 2, 10, 18, 19, 27, 28, 36, 44, 45, 53, 61, 60, 59, 58, 57, 49, 41, 33, 25, 24, 16, 8, 0]
[00:00:00:32:746] ! Unidirectional t-s. expansions: 9,039, time: 32,746 [ms], path length: 36 [edges], generated: 14,986
[00:00:00:00:156] Expansion 37: New longest path found with length 34: [0, 8, 16, 24, 32, 40, 41, 49, 57, 58, 59, 60, 61, 53, 45, 37, 29, 28, 27, 26, 18, 10, 2, 3, 4, 5, 6, 7, 15, 23, 31, 39, 47, 55, 63]
[00:00:00:02:388] Expansion 751: New longest path found with length 36: [0, 8, 16, 24, 32, 40, 41, 49, 57, 58, 59, 60, 61, 53, 45, 44, 36, 28, 27, 26, 18, 10, 2, 3, 4, 5, 6, 7, 15, 23, 22, 30, 38, 39, 47, 55, 63]
[00:00:00:14:598] Path of length 36 found: [0, 8, 16, 24, 32, 40, 41, 49, 57, 58, 59, 60, 61, 53, 45, 44, 36, 28, 27, 26, 18, 10, 2, 3, 4, 5, 6, 7, 15, 23, 22, 30, 38, 39, 47, 55, 63]
[00:00:00:15:052] ! Bidirectional. expansions: 3,540, time: 14,598 [ms], path length: 36 [edges], g_F: 19, g_B: 17, generated: {'F': 3,177, 'B': 3,210}, MM: 2, MMPER: 4.405405405405405%
[00:00:00:15:052] 
---------- SM_Grids/8x8_grid_with_random_blocks_8per_1 ----------
[00:00:00:00:104] Expansion 19: New longest path found with length 20: [0, 1, 9, 17, 16, 24, 32, 40, 48, 49, 50, 42, 34, 35, 36, 44, 52, 60, 61, 62, 63]
[00:00:00:00:954] Expansion 466: New longest path found with length 32: [0, 1, 9, 17, 16, 24, 32, 40, 48, 49, 50, 42, 34, 35, 36, 28, 20, 19, 11, 3, 4, 5, 13, 14, 15, 23, 31, 30, 38, 46, 54, 62, 63]
[00:00:00:01:579] Expansion 777: New longest path found with length 34: [0, 1, 9, 17, 16, 24, 32, 40, 48, 49, 50, 42, 34, 35, 36, 37, 29, 21, 20, 19, 11, 3, 4, 5, 6, 14, 15, 23, 31, 39, 47, 46, 54, 62, 63]
[00:00:00:22:225] Expansion 6,764: New longest path found with length 36: [0, 1, 2, 3, 11, 12, 13, 5, 6, 7, 15, 23, 22, 30, 29, 28, 36, 35, 34, 26, 18, 17, 16, 24, 32, 40, 48, 49, 50, 51, 59, 60, 61, 53, 54, 55, 63]
[00:00:00:32:778] Path of length 36 found: [0, 1, 2, 3, 11, 12, 13, 5, 6, 7, 15, 23, 22, 30, 29, 28, 36, 35, 34, 26, 18, 17, 16, 24, 32, 40, 48, 49, 50, 51, 59, 60, 61, 53, 54, 55, 63]
[00:00:00:32:778] ! Unidirectional s-t. expansions: 9,295, time: 32,778 [ms], path length: 36 [edges], generated: 15,504
[00:00:00:00:134] Expansion 31: New longest path found with length 32: [63, 55, 47, 46, 38, 30, 31, 23, 15, 7, 6, 5, 4, 3, 2, 10, 18, 19, 20, 28, 36, 44, 52, 51, 50, 49, 41, 40, 32, 24, 16, 8, 0]
[00:00:00:21:497] Expansion 5,532: New longest path found with length 34: [63, 55, 54, 46, 38, 39, 31, 23, 15, 7, 6, 5, 13, 21, 29, 28, 36, 44, 52, 51, 50, 42, 41, 40, 32, 24, 16, 17, 18, 19, 11, 3, 2, 1, 0]
[00:00:00:26:893] Expansion 6,878: New longest path found with length 36: [63, 55, 54, 53, 61, 60, 59, 51, 50, 49, 41, 40, 32, 24, 16, 17, 18, 26, 34, 35, 36, 28, 29, 30, 22, 23, 15, 7, 6, 5, 13, 12, 11, 3, 2, 1, 0]
[00:00:00:36:876] Path of length 36 found: [63, 55, 54, 53, 61, 60, 59, 51, 50, 49, 41, 40, 32, 24, 16, 17, 18, 26, 34, 35, 36, 28, 29, 30, 22, 23, 15, 7, 6, 5, 13, 12, 11, 3, 2, 1, 0]
[00:00:00:36:876] ! Unidirectional t-s. expansions: 9,175, time: 36,876 [ms], path length: 36 [edges], generated: 16,758
[00:00:00:00:142] Expansion 31: New longest path found with length 32: [0, 1, 9, 17, 16, 24, 32, 40, 48, 49, 50, 51, 43, 35, 36, 37, 29, 21, 20, 19, 11, 3, 4, 5, 6, 7, 15, 23, 31, 39, 47, 55, 63]
[00:00:00:08:207] Expansion 1,999: New longest path found with length 34: [0, 1, 2, 3, 11, 19, 18, 17, 16, 24, 32, 40, 48, 49, 50, 51, 43, 35, 36, 28, 29, 21, 13, 5, 6, 7, 15, 23, 31, 39, 38, 46, 54, 55, 63]
[00:00:00:08:654] Expansion 2,107: New longest path found with length 36: [0, 1, 2, 3, 11, 12, 13, 5, 6, 7, 15, 23, 22, 30, 29, 28, 36, 35, 34, 26, 18, 17, 16, 24, 32, 40, 41, 49, 50, 51, 59, 60, 61, 53, 54, 55, 63]
[00:00:00:17:543] Path of length 36 found: [0, 1, 2, 3, 11, 12, 13, 5, 6, 7, 15, 23, 22, 30, 29, 28, 36, 35, 34, 26, 18, 17, 16, 24, 32, 40, 41, 49, 50, 51, 59, 60, 61, 53, 54, 55, 63]
[00:00:00:18:001] ! Bidirectional. expansions: 3,786, time: 17,543 [ms], path length: 36 [edges], g_F: 19, g_B: 17, generated: {'F': 3,711, 'B': 3,386}, MM: 2, MMPER: 4.405405405405405%
[00:00:00:18:001] 
---------- SM_Grids/8x8_grid_with_random_blocks_8per_2 ----------
[00:00:00:05:528] Expansion 2,477: New longest path found with length 16: [0, 1, 2, 3, 11, 12, 20, 21, 22, 23, 31, 39, 47, 46, 54, 62, 63]
[00:00:00:08:015] Expansion 3,509: New longest path found with length 18: [0, 1, 2, 3, 11, 12, 20, 21, 22, 23, 31, 39, 38, 37, 45, 53, 54, 62, 63]
[00:00:00:08:646] Expansion 3,763: New longest path found with length 20: [0, 1, 2, 3, 11, 12, 20, 21, 22, 23, 31, 39, 38, 37, 36, 44, 52, 53, 54, 62, 63]
[00:00:00:08:698] Expansion 3,782: New longest path found with length 34: [0, 1, 2, 3, 11, 12, 20, 21, 22, 23, 31, 39, 38, 37, 36, 35, 27, 26, 18, 17, 16, 24, 32, 40, 48, 56, 57, 58, 50, 51, 52, 53, 54, 62, 63]
[00:00:00:09:007] Expansion 3,856: New longest path found with length 36: [0, 1, 2, 3, 11, 12, 13, 5, 6, 7, 15, 23, 22, 30, 29, 37, 36, 35, 27, 26, 18, 17, 16, 24, 32, 40, 48, 56, 57, 58, 50, 51, 52, 53, 54, 62, 63]
[00:00:00:22:788] Path of length 36 found: [0, 1, 2, 3, 11, 12, 13, 5, 6, 7, 15, 23, 22, 30, 29, 37, 36, 35, 27, 26, 18, 17, 16, 24, 32, 40, 48, 56, 57, 58, 50, 51, 52, 53, 54, 62, 63]
[00:00:00:22:788] ! Unidirectional s-t. expansions: 7,154, time: 22,788 [ms], path length: 36 [edges], generated: 10,985
[00:00:00:00:098] Expansion 19: New longest path found with length 20: [63, 55, 54, 46, 45, 37, 29, 30, 22, 23, 15, 7, 6, 5, 13, 12, 11, 3, 2, 1, 0]
[00:00:00:00:817] Expansion 354: New longest path found with length 34: [63, 55, 54, 46, 45, 37, 29, 30, 22, 23, 15, 7, 6, 5, 13, 12, 11, 10, 18, 26, 34, 35, 43, 51, 59, 58, 57, 49, 41, 40, 32, 24, 16, 8, 0]
[00:00:00:02:901] Expansion 885: New longest path found with length 36: [63, 55, 54, 53, 52, 60, 59, 58, 57, 56, 48, 40, 32, 24, 16, 17, 18, 26, 34, 35, 36, 37, 38, 39, 31, 23, 15, 7, 6, 5, 13, 12, 11, 3, 2, 1, 0]
[00:00:00:14:311] Path of length 36 found: [63, 55, 54, 53, 52, 60, 59, 58, 57, 56, 48, 40, 32, 24, 16, 17, 18, 26, 34, 35, 36, 37, 38, 39, 31, 23, 15, 7, 6, 5, 13, 12, 11, 3, 2, 1, 0]
[00:00:00:14:312] ! Unidirectional t-s. expansions: 4,128, time: 14,311 [ms], path length: 36 [edges], generated: 6,573
[00:00:00:00:081] Expansion 13: New longest path found with length 14: [0, 1, 2, 3, 11, 12, 20, 21, 29, 37, 45, 46, 54, 62, 63]
[00:00:00:00:108] Expansion 21: New longest path found with length 20: [0, 1, 2, 3, 11, 12, 13, 5, 6, 7, 15, 23, 22, 30, 29, 37, 45, 46, 54, 62, 63]
[00:00:00:00:227] Expansion 52: New longest path found with length 34: [0, 1, 2, 3, 11, 12, 20, 21, 22, 23, 31, 39, 38, 37, 36, 35, 27, 26, 18, 17, 16, 24, 32, 40, 48, 56, 57, 58, 59, 60, 52, 53, 54, 62, 63]
[00:00:00:00:348] Expansion 92: New longest path found with length 36: [0, 1, 2, 3, 11, 12, 13, 5, 6, 7, 15, 23, 22, 30, 29, 37, 36, 35, 27, 26, 18, 17, 16, 24, 32, 40, 48, 56, 57, 58, 59, 60, 52, 53, 54, 62, 63]
[00:00:00:08:139] Path of length 36 found: [0, 1, 2, 3, 11, 12, 13, 5, 6, 7, 15, 23, 22, 30, 29, 37, 36, 35, 27, 26, 18, 17, 16, 24, 32, 40, 48, 56, 57, 58, 59, 60, 52, 53, 54, 62, 63]
[00:00:00:08:564] ! Bidirectional. expansions: 1,850, time: 8,139 [ms], path length: 36 [edges], g_F: 19, g_B: 17, generated: {'F': 1,512, 'B': 1,669}, MM: 2, MMPER: 4.405405405405405%
[00:00:00:08:564] 
---------- SM_Grids/8x8_grid_with_random_blocks_8per_3 ----------
[00:00:00:00:140] Expansion 35: New longest path found with length 36: [0, 8, 16, 17, 18, 10, 2, 3, 4, 5, 6, 7, 15, 23, 22, 21, 20, 28, 27, 35, 34, 33, 32, 40, 48, 56, 57, 58, 50, 51, 52, 44, 45, 46, 54, 62, 63]
[00:00:00:01:545] Expansion 572: New longest path found with length 38: [0, 8, 16, 17, 18, 10, 2, 3, 4, 5, 6, 7, 15, 23, 31, 39, 47, 46, 45, 37, 29, 28, 27, 35, 34, 33, 32, 40, 48, 56, 57, 58, 50, 51, 52, 60, 61, 62, 63]
[00:00:00:08:027] Path of length 38 found: [0, 8, 16, 17, 18, 10, 2, 3, 4, 5, 6, 7, 15, 23, 31, 39, 47, 46, 45, 37, 29, 28, 27, 35, 34, 33, 32, 40, 48, 56, 57, 58, 50, 51, 52, 60, 61, 62, 63]
[00:00:00:08:028] ! Unidirectional s-t. expansions: 1,983, time: 8,027 [ms], path length: 38 [edges], generated: 3,257
[00:00:00:00:094] Expansion 17: New longest path found with length 18: [63, 55, 47, 39, 31, 23, 15, 7, 6, 5, 4, 3, 2, 10, 18, 17, 16, 8, 0]
[00:00:00:02:622] Expansion 1,218: New longest path found with length 32: [63, 55, 47, 39, 31, 23, 15, 7, 6, 5, 4, 12, 20, 21, 29, 37, 45, 53, 61, 60, 59, 51, 50, 49, 41, 33, 34, 26, 18, 10, 2, 1, 0]
[00:00:00:02:644] Expansion 1,229: New longest path found with length 34: [63, 55, 47, 39, 31, 23, 15, 7, 6, 5, 4, 12, 20, 21, 29, 37, 45, 53, 61, 60, 59, 51, 50, 49, 48, 40, 32, 33, 34, 26, 18, 10, 2, 1, 0]
[00:00:00:04:912] Expansion 2,028: New longest path found with length 36: [63, 55, 47, 39, 31, 23, 15, 7, 6, 5, 4, 12, 20, 28, 27, 35, 43, 44, 45, 53, 61, 60, 59, 58, 50, 49, 48, 40, 32, 33, 25, 17, 18, 10, 2, 1, 0]
[00:00:00:28:934] Expansion 8,373: New longest path found with length 38: [63, 62, 61, 60, 52, 51, 50, 58, 57, 56, 48, 40, 32, 33, 34, 35, 27, 28, 29, 37, 45, 46, 47, 39, 31, 23, 15, 7, 6, 5, 4, 3, 2, 10, 18, 17, 16, 8, 0]
[00:00:00:30:223] Path of length 38 found: [63, 62, 61, 60, 52, 51, 50, 58, 57, 56, 48, 40, 32, 33, 34, 35, 27, 28, 29, 37, 45, 46, 47, 39, 31, 23, 15, 7, 6, 5, 4, 3, 2, 10, 18, 17, 16, 8, 0]
[00:00:00:30:224] ! Unidirectional t-s. expansions: 8,662, time: 30,223 [ms], path length: 38 [edges], generated: 14,409
[00:00:00:00:098] Expansion 18: New longest path found with length 18: [0, 8, 16, 17, 18, 10, 2, 3, 4, 5, 6, 7, 15, 23, 31, 39, 47, 55, 63]
[00:00:00:00:255] Expansion 59: New longest path found with length 30: [0, 8, 16, 17, 18, 26, 27, 35, 43, 51, 59, 60, 61, 53, 45, 37, 29, 21, 20, 12, 4, 5, 6, 7, 15, 23, 31, 39, 47, 55, 63]
[00:00:00:00:448] Expansion 107: New longest path found with length 34: [0, 8, 16, 17, 18, 26, 34, 33, 32, 40, 48, 56, 57, 58, 50, 51, 52, 44, 45, 37, 29, 21, 20, 12, 4, 5, 6, 7, 15, 23, 31, 39, 47, 55, 63]
[00:00:00:03:303] Expansion 923: New longest path found with length 36: [0, 8, 16, 17, 18, 10, 2, 3, 4, 12, 13, 14, 15, 23, 31, 30, 29, 28, 27, 35, 34, 33, 32, 40, 48, 49, 50, 51, 59, 60, 61, 53, 45, 46, 47, 55, 63]
[00:00:00:06:783] Expansion 1,752: New longest path found with length 38: [0, 8, 16, 17, 18, 10, 2, 3, 4, 12, 13, 14, 15, 23, 31, 39, 47, 46, 45, 37, 29, 28, 27, 35, 34, 33, 32, 40, 48, 56, 57, 58, 50, 51, 52, 60, 61, 62, 63]
[00:00:00:08:731] Path of length 38 found: [0, 8, 16, 17, 18, 10, 2, 3, 4, 12, 13, 14, 15, 23, 31, 39, 47, 46, 45, 37, 29, 28, 27, 35, 34, 33, 32, 40, 48, 56, 57, 58, 50, 51, 52, 60, 61, 62, 63]
[00:00:00:09:162] ! Bidirectional. expansions: 2,130, time: 8,731 [ms], path length: 38 [edges], g_F: 20, g_B: 18, generated: {'F': 1,877, 'B': 1,778}, MM: 2, MMPER: 4.128205128205129%
[00:00:00:09:162] 
---------- SM_Grids/8x8_grid_with_random_blocks_8per_4 ----------
[00:00:00:01:171] Expansion 459: New longest path found with length 18: [0, 1, 9, 17, 16, 24, 32, 40, 48, 56, 57, 58, 59, 60, 52, 53, 54, 62, 63]
[00:00:00:01:225] Expansion 476: New longest path found with length 32: [0, 1, 9, 17, 16, 24, 32, 40, 48, 56, 57, 58, 59, 60, 52, 44, 43, 35, 27, 19, 11, 12, 13, 14, 22, 30, 31, 39, 47, 46, 54, 62, 63]
[00:00:00:01:294] Expansion 501: New longest path found with length 34: [0, 1, 9, 17, 16, 24, 32, 40, 48, 56, 57, 58, 59, 60, 52, 44, 43, 42, 34, 26, 27, 19, 11, 12, 13, 14, 22, 30, 31, 39, 47, 46, 54, 62, 63]
[00:00:00:13:984] Expansion 3,459: New longest path found with length 36: [0, 8, 16, 24, 25, 33, 41, 40, 48, 56, 57, 58, 59, 60, 52, 44, 43, 35, 27, 19, 18, 10, 2, 3, 4, 12, 13, 14, 22, 30, 31, 39, 47, 46, 54, 62, 63]
[00:00:00:15:051] Path of length 36 found: [0, 8, 16, 24, 25, 33, 41, 40, 48, 56, 57, 58, 59, 60, 52, 44, 43, 35, 27, 19, 18, 10, 2, 3, 4, 12, 13, 14, 22, 30, 31, 39, 47, 46, 54, 62, 63]
[00:00:00:15:051] ! Unidirectional s-t. expansions: 3,665, time: 15,051 [ms], path length: 36 [edges], generated: 6,358
[00:00:00:01:052] Expansion 439: New longest path found with length 18: [63, 55, 54, 53, 52, 60, 59, 58, 57, 56, 48, 40, 32, 24, 16, 17, 9, 1, 0]
[00:00:00:01:101] Expansion 455: New longest path found with length 32: [63, 55, 54, 53, 52, 60, 59, 58, 57, 56, 48, 40, 32, 24, 16, 17, 18, 26, 34, 35, 36, 37, 38, 30, 22, 14, 13, 12, 4, 3, 2, 1, 0]
[00:00:00:02:326] Expansion 821: New longest path found with length 34: [63, 55, 54, 53, 52, 60, 59, 58, 57, 56, 48, 40, 41, 42, 43, 35, 36, 37, 38, 30, 22, 14, 13, 12, 4, 3, 2, 10, 18, 26, 25, 24, 16, 8, 0]
[00:00:00:13:818] Expansion 3,367: New longest path found with length 36: [63, 62, 54, 46, 47, 39, 31, 30, 22, 21, 13, 12, 4, 3, 2, 10, 18, 19, 27, 28, 36, 44, 52, 51, 59, 58, 57, 56, 48, 40, 41, 33, 25, 24, 16, 8, 0]
[00:00:00:14:939] Path of length 36 found: [63, 62, 54, 46, 47, 39, 31, 30, 22, 21, 13, 12, 4, 3, 2, 10, 18, 19, 27, 28, 36, 44, 52, 51, 59, 58, 57, 56, 48, 40, 41, 33, 25, 24, 16, 8, 0]
[00:00:00:14:940] ! Unidirectional t-s. expansions: 3,623, time: 14,940 [ms], path length: 36 [edges], generated: 6,717
[00:00:00:00:193] Expansion 37: New longest path found with length 34: [0, 1, 9, 17, 16, 24, 32, 40, 48, 56, 57, 58, 59, 60, 52, 44, 43, 42, 34, 26, 27, 19, 11, 12, 13, 14, 22, 30, 31, 39, 47, 46, 54, 62, 63]
[00:00:00:10:591] Expansion 2,200: New longest path found with length 36: [0, 8, 16, 24, 25, 33, 41, 40, 48, 56, 57, 58, 59, 60, 52, 44, 36, 28, 27, 19, 18, 10, 2, 3, 4, 12, 13, 14, 22, 30, 31, 39, 47, 46, 54, 62, 63]
[00:00:00:10:959] Path of length 36 found: [0, 8, 16, 24, 25, 33, 41, 40, 48, 56, 57, 58, 59, 60, 52, 44, 36, 28, 27, 19, 18, 10, 2, 3, 4, 12, 13, 14, 22, 30, 31, 39, 47, 46, 54, 62, 63]
[00:00:00:11:387] ! Bidirectional. expansions: 2,267, time: 10,959 [ms], path length: 36 [edges], g_F: 19, g_B: 17, generated: {'F': 2,232, 'B': 1,949}, MM: 2, MMPER: 4.405405405405405%
[00:00:00:11:387] 
---------- SM_Grids/8x8_grid_with_random_blocks_8per_5 ----------
[00:00:00:00:164] Expansion 33: New longest path found with length 34: [0, 1, 2, 3, 11, 12, 20, 21, 22, 23, 31, 39, 38, 37, 36, 35, 27, 26, 18, 17, 16, 24, 32, 33, 41, 49, 57, 58, 59, 51, 52, 53, 54, 55, 63]
[00:00:00:00:369] Expansion 106: New longest path found with length 36: [0, 1, 2, 3, 11, 12, 20, 21, 22, 23, 31, 39, 38, 37, 36, 44, 43, 42, 34, 26, 18, 17, 16, 24, 32, 40, 48, 56, 57, 58, 59, 60, 61, 53, 54, 55, 63]
[00:00:00:01:703] Expansion 476: New longest path found with length 38: [0, 1, 2, 3, 11, 12, 13, 5, 6, 7, 15, 23, 22, 30, 38, 37, 36, 44, 43, 42, 34, 26, 18, 17, 16, 24, 32, 40, 48, 56, 57, 58, 59, 60, 61, 53, 54, 55, 63]
[00:00:00:08:230] Path of length 38 found: [0, 1, 2, 3, 11, 12, 13, 5, 6, 7, 15, 23, 22, 30, 38, 37, 36, 44, 43, 42, 34, 26, 18, 17, 16, 24, 32, 40, 48, 56, 57, 58, 59, 60, 61, 53, 54, 55, 63]
[00:00:00:08:230] ! Unidirectional s-t. expansions: 1,862, time: 8,230 [ms], path length: 38 [edges], generated: 3,280
[00:00:00:00:133] Expansion 31: New longest path found with length 32: [63, 55, 47, 39, 38, 30, 22, 23, 15, 7, 6, 5, 13, 12, 20, 28, 36, 35, 43, 51, 50, 58, 57, 56, 48, 40, 41, 33, 25, 17, 16, 8, 0]
[00:00:00:00:302] Expansion 94: New longest path found with length 36: [63, 55, 47, 39, 38, 30, 22, 23, 15, 7, 6, 5, 13, 12, 20, 28, 36, 44, 45, 53, 61, 60, 59, 51, 50, 49, 48, 40, 32, 33, 34, 26, 18, 17, 16, 8, 0]
[00:00:00:08:005] Expansion 2,076: New longest path found with length 38: [63, 55, 54, 53, 61, 60, 59, 58, 57, 56, 48, 40, 32, 24, 16, 17, 18, 26, 34, 42, 43, 44, 36, 28, 29, 30, 22, 23, 15, 7, 6, 5, 13, 12, 11, 3, 2, 1, 0]
[00:00:00:10:862] Path of length 38 found: [63, 55, 54, 53, 61, 60, 59, 58, 57, 56, 48, 40, 32, 24, 16, 17, 18, 26, 34, 42, 43, 44, 36, 28, 29, 30, 22, 23, 15, 7, 6, 5, 13, 12, 11, 3, 2, 1, 0]
[00:00:00:10:862] ! Unidirectional t-s. expansions: 2,734, time: 10,862 [ms], path length: 38 [edges], generated: 4,700
[00:00:00:00:296] Expansion 96: New longest path found with length 14: [0, 1, 2, 3, 11, 12, 13, 21, 29, 37, 38, 39, 47, 55, 63]
[00:00:00:01:917] Expansion 836: New longest path found with length 30: [0, 1, 2, 3, 11, 12, 20, 28, 27, 26, 18, 17, 16, 24, 32, 40, 41, 42, 50, 58, 59, 60, 52, 53, 45, 37, 38, 39, 47, 55, 63]
[00:00:00:02:803] Expansion 1,051: New longest path found with length 36: [0, 1, 2, 3, 4, 5, 6, 7, 15, 23, 22, 21, 20, 28, 27, 26, 18, 17, 16, 24, 32, 40, 48, 56, 57, 58, 59, 60, 52, 53, 45, 37, 38, 39, 47, 55, 63]
[00:00:00:04:211] Expansion 1,486: New longest path found with length 38: [0, 1, 2, 3, 11, 12, 13, 5, 6, 7, 15, 23, 22, 30, 38, 37, 36, 44, 43, 42, 34, 26, 18, 17, 16, 24, 32, 40, 48, 49, 57, 58, 59, 60, 61, 53, 54, 55, 63]
[00:00:00:07:558] Path of length 38 found: [0, 1, 2, 3, 11, 12, 13, 5, 6, 7, 15, 23, 22, 30, 38, 37, 36, 44, 43, 42, 34, 26, 18, 17, 16, 24, 32, 40, 48, 49, 57, 58, 59, 60, 61, 53, 54, 55, 63]
[00:00:00:08:033] ! Bidirectional. expansions: 2,103, time: 7,558 [ms], path length: 38 [edges], g_F: 20, g_B: 18, generated: {'F': 1,608, 'B': 1,645}, MM: 2, MMPER: 4.128205128205129%
[00:00:00:08:033] 
---------- SM_Grids/8x8_grid_with_random_blocks_8per_6 ----------
[00:00:00:00:151] Expansion 31: New longest path found with length 32: [0, 8, 9, 10, 2, 3, 4, 5, 13, 14, 15, 23, 31, 30, 29, 28, 27, 26, 25, 24, 32, 40, 48, 49, 50, 42, 43, 44, 52, 53, 61, 62, 63]
[00:00:00:00:918] Expansion 307: New longest path found with length 34: [0, 8, 9, 10, 2, 3, 4, 5, 13, 14, 15, 23, 31, 39, 38, 37, 29, 28, 27, 26, 25, 24, 32, 40, 48, 49, 50, 42, 43, 44, 52, 53, 61, 62, 63]
[00:00:00:02:258] Expansion 653: New longest path found with length 36: [0, 8, 9, 10, 2, 3, 4, 5, 6, 14, 15, 23, 31, 39, 38, 37, 29, 21, 20, 19, 27, 26, 25, 24, 32, 40, 48, 49, 50, 42, 43, 44, 52, 53, 61, 62, 63]
[00:00:00:34:412] Path of length 36 found: [0, 8, 9, 10, 2, 3, 4, 5, 6, 14, 15, 23, 31, 39, 38, 37, 29, 21, 20, 19, 27, 26, 25, 24, 32, 40, 48, 49, 50, 42, 43, 44, 52, 53, 61, 62, 63]
[00:00:00:34:413] ! Unidirectional s-t. expansions: 7,335, time: 34,412 [ms], path length: 36 [edges], generated: 13,770
[00:00:00:01:105] Expansion 498: New longest path found with length 18: [63, 62, 54, 53, 45, 44, 43, 51, 50, 49, 48, 40, 32, 24, 16, 17, 9, 1, 0]
[00:00:00:01:144] Expansion 512: New longest path found with length 30: [63, 62, 54, 53, 45, 44, 43, 51, 50, 49, 48, 40, 32, 24, 16, 17, 18, 26, 27, 28, 20, 21, 22, 14, 6, 5, 4, 3, 2, 1, 0]
[00:00:00:01:181] Expansion 529: New longest path found with length 32: [63, 62, 54, 53, 45, 44, 43, 51, 50, 49, 48, 40, 32, 24, 16, 17, 18, 26, 27, 28, 29, 30, 31, 23, 15, 14, 6, 5, 4, 3, 2, 1, 0]
[00:00:00:01:433] Expansion 616: New longest path found with length 34: [63, 62, 54, 53, 45, 44, 43, 51, 50, 49, 48, 40, 32, 24, 25, 26, 27, 19, 20, 21, 29, 30, 31, 23, 15, 14, 6, 5, 4, 3, 2, 10, 9, 8, 0]
[00:00:00:11:557] Expansion 3,076: New longest path found with length 36: [63, 62, 54, 53, 52, 44, 43, 42, 50, 49, 48, 40, 32, 24, 25, 26, 27, 19, 20, 21, 29, 37, 38, 39, 31, 23, 15, 14, 6, 5, 4, 3, 2, 10, 9, 8, 0]
[00:00:00:29:709] Path of length 36 found: [63, 62, 54, 53, 52, 44, 43, 42, 50, 49, 48, 40, 32, 24, 25, 26, 27, 19, 20, 21, 29, 37, 38, 39, 31, 23, 15, 14, 6, 5, 4, 3, 2, 10, 9, 8, 0]
[00:00:00:29:709] ! Unidirectional t-s. expansions: 6,873, time: 29,709 [ms], path length: 36 [edges], generated: 13,105
[00:00:00:00:156] Expansion 40: New longest path found with length 34: [0, 8, 16, 17, 25, 33, 32, 40, 48, 49, 50, 42, 43, 35, 36, 28, 20, 19, 11, 3, 4, 5, 6, 14, 15, 23, 31, 39, 47, 46, 45, 53, 61, 62, 63]
[00:00:00:13:074] Expansion 2,874: New longest path found with length 36: [0, 8, 9, 10, 2, 3, 4, 5, 6, 14, 15, 23, 31, 39, 38, 37, 29, 21, 20, 19, 27, 26, 25, 24, 32, 40, 48, 49, 50, 42, 43, 44, 52, 53, 54, 62, 63]
[00:00:00:23:935] Path of length 36 found: [0, 8, 9, 10, 2, 3, 4, 5, 6, 14, 15, 23, 31, 39, 38, 37, 29, 21, 20, 19, 27, 26, 25, 24, 32, 40, 48, 49, 50, 42, 43, 44, 52, 53, 54, 62, 63]
[00:00:00:24:398] ! Bidirectional. expansions: 4,968, time: 23,935 [ms], path length: 36 [edges], g_F: 19, g_B: 17, generated: {'F': 4,775, 'B': 4,711}, MM: 2, MMPER: 4.405405405405405%
[00:00:00:24:398] 
---------- SM_Grids/8x8_grid_with_random_blocks_8per_7 ----------
[00:00:00:00:093] Expansion 17: New longest path found with length 18: [0, 8, 16, 17, 25, 33, 41, 40, 48, 56, 57, 58, 50, 51, 52, 60, 61, 62, 63]
[00:00:00:00:144] Expansion 34: New longest path found with length 32: [0, 8, 16, 17, 25, 33, 41, 40, 48, 56, 57, 58, 50, 51, 52, 44, 36, 28, 20, 12, 4, 5, 6, 14, 22, 30, 31, 39, 47, 46, 54, 62, 63]
[00:00:00:00:324] Expansion 88: New longest path found with length 34: [0, 8, 16, 17, 25, 33, 41, 40, 48, 56, 57, 58, 50, 51, 43, 35, 27, 28, 20, 12, 4, 5, 6, 14, 22, 30, 31, 39, 47, 46, 45, 53, 61, 62, 63]
[00:00:00:04:290] Expansion 1,022: New longest path found with length 36: [0, 8, 16, 17, 18, 10, 2, 3, 4, 5, 6, 14, 22, 21, 20, 28, 27, 35, 34, 33, 32, 40, 48, 56, 57, 58, 50, 51, 52, 44, 45, 37, 38, 39, 47, 55, 63]
[00:00:00:05:145] Expansion 1,301: New longest path found with length 38: [0, 8, 16, 17, 18, 10, 2, 3, 4, 5, 6, 14, 22, 23, 31, 39, 47, 46, 45, 37, 29, 28, 27, 35, 34, 33, 32, 40, 48, 56, 57, 58, 50, 51, 52, 60, 61, 62, 63]
[00:00:00:12:698] Path of length 38 found: [0, 8, 16, 17, 18, 10, 2, 3, 4, 5, 6, 14, 22, 23, 31, 39, 47, 46, 45, 37, 29, 28, 27, 35, 34, 33, 32, 40, 48, 56, 57, 58, 50, 51, 52, 60, 61, 62, 63]
[00:00:00:12:698] ! Unidirectional s-t. expansions: 2,859, time: 12,698 [ms], path length: 38 [edges], generated: 5,238
[00:00:00:00:147] Expansion 33: New longest path found with length 34: [63, 55, 47, 39, 31, 23, 22, 14, 6, 5, 4, 12, 20, 28, 29, 37, 45, 53, 61, 60, 59, 51, 43, 35, 34, 33, 32, 24, 16, 17, 18, 10, 2, 1, 0]
[00:00:00:01:039] Expansion 369: New longest path found with length 36: [63, 55, 47, 39, 31, 23, 22, 14, 6, 5, 4, 12, 20, 28, 27, 35, 43, 44, 45, 53, 61, 60, 59, 58, 50, 49, 48, 40, 32, 33, 25, 17, 18, 10, 2, 1, 0]
[00:00:00:27:437] Expansion 6,875: New longest path found with length 38: [63, 62, 61, 60, 52, 51, 50, 58, 57, 56, 48, 40, 41, 33, 34, 35, 27, 28, 29, 37, 45, 46, 47, 39, 31, 23, 22, 14, 6, 5, 4, 12, 11, 10, 18, 17, 16, 8, 0]
[00:00:00:28:775] Path of length 38 found: [63, 62, 61, 60, 52, 51, 50, 58, 57, 56, 48, 40, 41, 33, 34, 35, 27, 28, 29, 37, 45, 46, 47, 39, 31, 23, 22, 14, 6, 5, 4, 12, 11, 10, 18, 17, 16, 8, 0]
[00:00:00:28:775] ! Unidirectional t-s. expansions: 7,187, time: 28,775 [ms], path length: 38 [edges], generated: 12,041
[00:00:00:00:152] Expansion 37: New longest path found with length 34: [0, 8, 16, 24, 32, 40, 48, 56, 57, 58, 50, 51, 52, 53, 45, 37, 29, 28, 27, 26, 18, 10, 2, 3, 4, 5, 6, 14, 22, 23, 31, 39, 47, 55, 63]
[00:00:00:07:982] Expansion 2,163: New longest path found with length 36: [0, 8, 16, 17, 18, 10, 2, 3, 4, 5, 6, 14, 22, 21, 20, 28, 27, 35, 34, 33, 32, 40, 48, 49, 50, 51, 59, 60, 61, 53, 45, 37, 38, 39, 47, 55, 63]
[00:00:00:13:311] Expansion 3,345: New longest path found with length 38: [0, 8, 16, 17, 18, 10, 2, 3, 4, 5, 6, 14, 22, 23, 31, 39, 47, 46, 45, 37, 29, 28, 27, 35, 34, 33, 32, 40, 48, 56, 57, 58, 50, 51, 52, 60, 61, 62, 63]
[00:00:00:16:484] Path of length 38 found: [0, 8, 16, 17, 18, 10, 2, 3, 4, 5, 6, 14, 22, 23, 31, 39, 47, 46, 45, 37, 29, 28, 27, 35, 34, 33, 32, 40, 48, 56, 57, 58, 50, 51, 52, 60, 61, 62, 63]
[00:00:00:16:953] ! Bidirectional. expansions: 3,964, time: 16,484 [ms], path length: 38 [edges], g_F: 20, g_B: 18, generated: {'F': 3,318, 'B': 3,587}, MM: 2, MMPER: 4.128205128205129%
[00:00:00:16:954] 
---------- SM_Grids/8x8_grid_with_random_blocks_8per_8 ----------
[00:00:00:00:135] Expansion 31: New longest path found with length 32: [0, 1, 2, 10, 11, 19, 20, 21, 13, 5, 6, 7, 15, 23, 31, 30, 38, 37, 45, 44, 43, 35, 34, 33, 41, 49, 57, 58, 59, 60, 61, 62, 63]
[00:00:00:01:111] Expansion 287: New longest path found with length 34: [0, 1, 2, 10, 11, 19, 27, 26, 25, 33, 41, 49, 57, 58, 59, 51, 43, 44, 36, 37, 29, 21, 13, 5, 6, 7, 15, 23, 31, 39, 47, 46, 54, 62, 63]
[00:00:00:03:963] Expansion 970: New longest path found with length 36: [0, 1, 2, 10, 18, 17, 16, 24, 32, 33, 41, 49, 57, 58, 59, 51, 43, 35, 27, 28, 20, 12, 4, 5, 6, 7, 15, 23, 31, 30, 38, 37, 45, 53, 61, 62, 63]
[00:00:00:08:073] Expansion 1,987: New longest path found with length 38: [0, 1, 2, 3, 11, 19, 18, 17, 16, 24, 32, 33, 41, 49, 57, 58, 59, 51, 43, 35, 36, 28, 29, 21, 13, 5, 6, 7, 15, 23, 31, 39, 38, 46, 45, 53, 61, 62, 63]
[00:00:00:10:179] Path of length 38 found: [0, 1, 2, 3, 11, 19, 18, 17, 16, 24, 32, 33, 41, 49, 57, 58, 59, 51, 43, 35, 36, 28, 29, 21, 13, 5, 6, 7, 15, 23, 31, 39, 38, 46, 45, 53, 61, 62, 63]
[00:00:00:10:180] ! Unidirectional s-t. expansions: 2,423, time: 10,180 [ms], path length: 38 [edges], generated: 4,468
[00:00:00:10:883] Expansion 5,077: New longest path found with length 14: [63, 55, 47, 39, 31, 23, 15, 7, 6, 5, 4, 3, 2, 1, 0]
[00:00:00:14:053] Expansion 6,576: New longest path found with length 16: [63, 55, 47, 39, 31, 23, 15, 7, 6, 5, 4, 3, 11, 10, 9, 1, 0]
[00:00:00:17:941] Expansion 8,322: New longest path found with length 34: [63, 55, 47, 39, 31, 23, 15, 7, 6, 5, 4, 3, 11, 19, 20, 28, 29, 37, 45, 44, 52, 51, 59, 58, 57, 49, 41, 33, 32, 24, 16, 17, 9, 1, 0]
[00:00:00:20:485] Expansion 9,164: New longest path found with length 36: [63, 55, 47, 39, 31, 23, 15, 7, 6, 5, 4, 12, 20, 28, 27, 35, 43, 44, 45, 53, 61, 60, 59, 58, 57, 49, 41, 33, 32, 24, 16, 17, 18, 10, 2, 1, 0]
[00:00:00:40:226] Expansion 14,225: New longest path found with length 38: [63, 62, 61, 53, 45, 46, 47, 39, 31, 23, 15, 7, 6, 5, 13, 21, 29, 28, 36, 35, 43, 51, 59, 58, 57, 49, 41, 33, 32, 24, 16, 17, 18, 19, 11, 3, 2, 1, 0]
[00:00:00:41:886] Path of length 38 found: [63, 62, 61, 53, 45, 46, 47, 39, 31, 23, 15, 7, 6, 5, 13, 21, 29, 28, 36, 35, 43, 51, 59, 58, 57, 49, 41, 33, 32, 24, 16, 17, 18, 19, 11, 3, 2, 1, 0]
[00:00:00:41:886] ! Unidirectional t-s. expansions: 14,616, time: 41,886 [ms], path length: 38 [edges], generated: 22,579
[00:00:00:00:147] Expansion 33: New longest path found with length 34: [0, 1, 9, 17, 16, 24, 32, 33, 41, 49, 57, 58, 59, 51, 52, 53, 45, 37, 36, 35, 27, 19, 11, 3, 4, 5, 6, 7, 15, 23, 31, 39, 47, 55, 63]
[00:00:00:08:066] Expansion 1,953: New longest path found with length 36: [0, 1, 2, 10, 18, 17, 16, 24, 32, 33, 41, 49, 57, 58, 59, 51, 43, 35, 27, 28, 20, 12, 4, 5, 6, 7, 15, 23, 31, 30, 38, 37, 45, 53, 54, 55, 63]
[00:00:00:18:968] Expansion 4,356: New longest path found with length 38: [0, 1, 2, 3, 11, 19, 18, 17, 16, 24, 32, 33, 41, 49, 57, 58, 59, 51, 43, 35, 36, 28, 29, 21, 13, 5, 6, 7, 15, 23, 31, 39, 38, 46, 45, 53, 61, 62, 63]
[00:00:00:19:195] Path of length 38 found: [0, 1, 2, 3, 11, 19, 18, 17, 16, 24, 32, 33, 41, 49, 57, 58, 59, 51, 43, 35, 36, 28, 29, 21, 13, 5, 6, 7, 15, 23, 31, 39, 38, 46, 45, 53, 61, 62, 63]
[00:00:00:19:626] ! Bidirectional. expansions: 4,401, time: 19,195 [ms], path length: 38 [edges], g_F: 20, g_B: 18, generated: {'F': 3,792, 'B': 3,764}, MM: 2, MMPER: 4.128205128205129%
[00:00:00:19:626] 
---------- SM_Grids/8x8_grid_with_random_blocks_8per_9 ----------
[00:00:00:01:943] Expansion 896: New longest path found with length 16: [0, 8, 16, 24, 32, 33, 34, 42, 50, 58, 59, 60, 52, 53, 54, 62, 63]
[00:00:00:01:997] Expansion 916: New longest path found with length 34: [0, 8, 16, 24, 32, 33, 34, 42, 50, 58, 59, 60, 52, 53, 45, 37, 36, 28, 27, 19, 18, 10, 2, 3, 4, 5, 6, 14, 22, 30, 31, 39, 47, 55, 63]
[00:00:00:05:695] Expansion 1,886: New longest path found with length 36: [0, 8, 16, 24, 32, 40, 48, 56, 57, 58, 50, 51, 43, 35, 36, 28, 20, 19, 18, 10, 2, 3, 4, 5, 6, 14, 22, 30, 31, 39, 47, 46, 45, 53, 61, 62, 63]
[00:00:00:19:594] Path of length 36 found: [0, 8, 16, 24, 32, 40, 48, 56, 57, 58, 50, 51, 43, 35, 36, 28, 20, 19, 18, 10, 2, 3, 4, 5, 6, 14, 22, 30, 31, 39, 47, 46, 45, 53, 61, 62, 63]
[00:00:00:19:594] ! Unidirectional s-t. expansions: 5,236, time: 19,594 [ms], path length: 36 [edges], generated: 9,007
[00:00:00:00:134] Expansion 29: New longest path found with length 30: [63, 55, 54, 46, 38, 30, 22, 14, 6, 5, 4, 12, 11, 10, 18, 26, 27, 35, 43, 51, 50, 58, 57, 56, 48, 40, 32, 24, 16, 8, 0]
[00:00:00:00:299] Expansion 80: New longest path found with length 32: [63, 55, 54, 46, 38, 30, 22, 14, 6, 5, 4, 12, 20, 28, 36, 35, 43, 51, 50, 58, 57, 56, 48, 40, 32, 24, 25, 26, 18, 10, 2, 1, 0]
[00:00:00:02:727] Expansion 723: New longest path found with length 34: [63, 55, 54, 46, 38, 37, 36, 28, 20, 21, 22, 14, 6, 5, 4, 3, 2, 10, 18, 26, 34, 42, 43, 51, 59, 58, 57, 49, 48, 40, 32, 24, 16, 8, 0]
[00:00:00:36:251] Expansion 9,415: New longest path found with length 36: [63, 62, 61, 53, 45, 46, 47, 39, 31, 30, 22, 14, 6, 5, 4, 12, 20, 28, 36, 35, 43, 42, 50, 58, 57, 56, 48, 40, 32, 24, 25, 26, 18, 10, 2, 1, 0]
[00:00:00:40:216] Path of length 36 found: [63, 62, 61, 53, 45, 46, 47, 39, 31, 30, 22, 14, 6, 5, 4, 12, 20, 28, 36, 35, 43, 42, 50, 58, 57, 56, 48, 40, 32, 24, 25, 26, 18, 10, 2, 1, 0]
[00:00:00:40:216] ! Unidirectional t-s. expansions: 10,444, time: 40,216 [ms], path length: 36 [edges], generated: 18,580
[00:00:00:00:146] Expansion 33: New longest path found with length 34: [0, 8, 16, 24, 32, 33, 34, 42, 50, 58, 59, 60, 52, 53, 45, 37, 36, 28, 27, 19, 18, 10, 2, 3, 4, 5, 6, 14, 22, 30, 31, 39, 47, 55, 63]
[00:00:00:10:749] Expansion 2,679: New longest path found with length 36: [0, 8, 16, 24, 32, 40, 48, 56, 57, 58, 59, 51, 43, 35, 36, 28, 20, 19, 18, 10, 2, 3, 4, 5, 6, 14, 22, 30, 31, 39, 47, 46, 45, 53, 61, 62, 63]
[00:00:00:17:000] Path of length 36 found: [0, 8, 16, 24, 32, 40, 48, 56, 57, 58, 59, 51, 43, 35, 36, 28, 20, 19, 18, 10, 2, 3, 4, 5, 6, 14, 22, 30, 31, 39, 47, 46, 45, 53, 61, 62, 63]
[00:00:00:17:416] ! Bidirectional. expansions: 3,858, time: 17,000 [ms], path length: 36 [edges], g_F: 19, g_B: 17, generated: {'F': 3,771, 'B': 3,739}, MM: 2, MMPER: 4.405405405405405%

[00:00:00:17:417] average expansions: (4,640, 7,648, 3,287, 0)
[00:00:00:17:417] average time: (17,980, 28,054, 14,414, 0)
[00:00:00:17:417] X-DFBnB: 4,640 , 17,980 (expansions , time[ms])
[00:00:00:17:417] BiX-DFBnB: 3,287 , 14,414 (expansions , time[ms])

