Thu 19 Mar 2026 16:00:21 IST

SLURM_JOBID:		 16118912
SLURM_JOB_NODELIST:	 ise-cpu256-29 

--------------------------
date: SM_Grids
number_of_graphs: 10
graph_type: grid
size_of_graphs: [8, 8]
heuristic: bcc_heuristic
snake: True
run_uni: True
run_bi: True
run_multi: False
solution_vertices: []
algorithms: ['DFBnB']
bsd: False
cube_first_dims: 4
cube_buffer_dim: None
backward_sym_generation: False
sym_coil: False
prefix_set: None

---------- SM_Grids/8x8_grid_with_random_blocks_16per_0 ----------
[00:00:00:00:087] Expansion 31: New longest path found with length 32: [0, 1, 9, 10, 18, 26, 25, 24, 32, 40, 48, 49, 50, 42, 43, 35, 36, 28, 20, 12, 13, 5, 6, 7, 15, 23, 22, 30, 38, 46, 47, 55, 63]
[00:00:00:00:719] Path of length 32 found: [0, 1, 9, 10, 18, 26, 25, 24, 32, 40, 48, 49, 50, 42, 43, 35, 36, 28, 20, 12, 13, 5, 6, 7, 15, 23, 22, 30, 38, 46, 47, 55, 63]
[00:00:00:00:720] ! Unidirectional s-t. expansions: 250, time: 719 [ms], path length: 32 [edges], generated: 406
[00:00:00:00:087] Expansion 29: New longest path found with length 30: [63, 55, 47, 39, 31, 23, 15, 7, 6, 5, 13, 12, 20, 28, 36, 44, 43, 51, 50, 49, 41, 40, 32, 24, 25, 26, 18, 10, 2, 1, 0]
[00:00:00:00:290] Expansion 84: New longest path found with length 32: [63, 55, 47, 39, 38, 30, 22, 23, 15, 7, 6, 5, 13, 12, 20, 28, 36, 44, 43, 51, 50, 49, 41, 40, 32, 24, 25, 26, 18, 10, 2, 1, 0]
[00:00:00:00:450] Path of length 32 found: [63, 55, 47, 39, 38, 30, 22, 23, 15, 7, 6, 5, 13, 12, 20, 28, 36, 44, 43, 51, 50, 49, 41, 40, 32, 24, 25, 26, 18, 10, 2, 1, 0]
[00:00:00:00:450] ! Unidirectional t-s. expansions: 136, time: 450 [ms], path length: 32 [edges], generated: 222
[00:00:00:00:098] Expansion 29: New longest path found with length 30: [0, 1, 9, 10, 18, 26, 25, 24, 32, 40, 48, 49, 50, 42, 43, 35, 36, 28, 20, 12, 13, 5, 6, 7, 15, 23, 31, 39, 47, 55, 63]
[00:00:00:00:224] Expansion 78: New longest path found with length 32: [0, 1, 9, 10, 18, 26, 25, 24, 32, 40, 48, 49, 50, 42, 43, 35, 36, 28, 20, 12, 13, 5, 6, 7, 15, 23, 22, 30, 38, 39, 47, 55, 63]
[00:00:00:00:342] Path of length 32 found: [0, 1, 9, 10, 18, 26, 25, 24, 32, 40, 48, 49, 50, 42, 43, 35, 36, 28, 20, 12, 13, 5, 6, 7, 15, 23, 22, 30, 38, 39, 47, 55, 63]
[00:00:00:00:800] ! Bidirectional. expansions: 104, time: 342 [ms], path length: 32 [edges], g_F: 17, g_B: 15, generated: {'F': 90, 'B': 81}, MM: 2, MMPER: 5.0606060606060606%
[00:00:00:00:801] 
---------- SM_Grids/8x8_grid_with_random_blocks_16per_1 ----------
[00:00:00:00:095] Expansion 23: New longest path found with length 22: [0, 8, 16, 24, 32, 33, 41, 42, 43, 44, 36, 28, 20, 21, 22, 30, 31, 39, 47, 46, 54, 62, 63]
[00:00:00:00:258] Expansion 83: New longest path found with length 28: [0, 8, 16, 24, 32, 33, 41, 42, 43, 35, 27, 26, 18, 10, 2, 3, 4, 12, 20, 21, 22, 23, 31, 39, 38, 46, 54, 62, 63]
[00:00:00:01:224] Path of length 28 found: [0, 8, 16, 24, 32, 33, 41, 42, 43, 35, 27, 26, 18, 10, 2, 3, 4, 12, 20, 21, 22, 23, 31, 39, 38, 46, 54, 62, 63]
[00:00:00:01:225] ! Unidirectional s-t. expansions: 346, time: 1,225 [ms], path length: 28 [edges], generated: 597
[00:00:00:00:078] Expansion 15: New longest path found with length 16: [63, 55, 54, 53, 52, 44, 36, 28, 27, 26, 34, 33, 32, 24, 16, 8, 0]
[00:00:00:00:126] Expansion 30: New longest path found with length 22: [63, 55, 54, 53, 52, 44, 36, 28, 20, 12, 4, 3, 2, 10, 18, 26, 34, 33, 32, 24, 16, 8, 0]
[00:00:00:00:326] Expansion 78: New longest path found with length 24: [63, 55, 54, 46, 38, 39, 31, 23, 22, 21, 29, 28, 36, 44, 43, 42, 41, 33, 25, 26, 18, 10, 9, 8, 0]
[00:00:00:00:468] Expansion 112: New longest path found with length 28: [63, 55, 54, 46, 38, 39, 31, 23, 22, 21, 20, 12, 4, 3, 2, 10, 18, 26, 27, 35, 43, 42, 41, 33, 32, 24, 16, 8, 0]
[00:00:00:01:400] Path of length 28 found: [63, 55, 54, 46, 38, 39, 31, 23, 22, 21, 20, 12, 4, 3, 2, 10, 18, 26, 27, 35, 43, 42, 41, 33, 32, 24, 16, 8, 0]
[00:00:00:01:400] ! Unidirectional t-s. expansions: 318, time: 1,400 [ms], path length: 28 [edges], generated: 591
[00:00:00:00:222] Expansion 89: New longest path found with length 14: [0, 8, 16, 24, 32, 33, 41, 42, 43, 44, 52, 53, 54, 55, 63]
[00:00:00:00:254] Expansion 99: New longest path found with length 22: [0, 8, 16, 24, 32, 33, 34, 26, 18, 10, 2, 3, 4, 12, 20, 28, 36, 44, 52, 53, 54, 55, 63]
[00:00:00:00:409] Expansion 140: New longest path found with length 28: [0, 8, 16, 24, 32, 33, 41, 42, 43, 35, 27, 26, 18, 10, 2, 3, 4, 12, 20, 21, 22, 23, 31, 39, 38, 46, 54, 55, 63]
[00:00:00:02:375] Path of length 28 found: [0, 8, 16, 24, 32, 33, 41, 42, 43, 35, 27, 26, 18, 10, 2, 3, 4, 12, 20, 21, 22, 23, 31, 39, 38, 46, 54, 55, 63]
[00:00:00:02:818] ! Bidirectional. expansions: 577, time: 2,375 [ms], path length: 28 [edges], g_F: 15, g_B: 13, generated: {'F': 485, 'B': 521}, MM: 2, MMPER: 5.896551724137931%
[00:00:00:02:818] 
---------- SM_Grids/8x8_grid_with_random_blocks_16per_2 ----------
[00:00:00:00:160] Expansion 22: New longest path found with length 22: [0, 8, 16, 24, 32, 40, 41, 49, 57, 58, 59, 51, 43, 44, 36, 28, 29, 30, 38, 46, 54, 62, 63]
[00:00:00:00:429] Expansion 84: New longest path found with length 24: [0, 8, 16, 24, 32, 40, 41, 42, 34, 26, 18, 19, 20, 28, 29, 30, 38, 46, 45, 44, 52, 60, 61, 62, 63]
[00:00:00:00:706] Expansion 162: New longest path found with length 28: [0, 8, 16, 24, 32, 40, 48, 56, 57, 58, 50, 42, 34, 26, 18, 19, 20, 28, 29, 30, 38, 46, 45, 44, 52, 60, 61, 62, 63]
[00:00:00:04:718] Path of length 28 found: [0, 8, 16, 24, 32, 40, 48, 56, 57, 58, 50, 42, 34, 26, 18, 19, 20, 28, 29, 30, 38, 46, 45, 44, 52, 60, 61, 62, 63]
[00:00:00:04:718] ! Unidirectional s-t. expansions: 1,270, time: 4,718 [ms], path length: 28 [edges], generated: 2,304
[00:00:00:00:079] Expansion 17: New longest path found with length 18: [63, 55, 47, 46, 38, 30, 29, 21, 20, 19, 18, 26, 34, 33, 32, 24, 16, 8, 0]
[00:00:00:00:113] Expansion 32: New longest path found with length 28: [63, 55, 47, 46, 38, 30, 29, 21, 20, 19, 18, 26, 34, 42, 43, 44, 52, 60, 59, 58, 57, 49, 48, 40, 32, 24, 16, 8, 0]
[00:00:00:07:401] Path of length 28 found: [63, 55, 47, 46, 38, 30, 29, 21, 20, 19, 18, 26, 34, 42, 43, 44, 52, 60, 59, 58, 57, 49, 48, 40, 32, 24, 16, 8, 0]
[00:00:00:07:401] ! Unidirectional t-s. expansions: 2,181, time: 7,401 [ms], path length: 28 [edges], generated: 3,439
[00:00:00:00:110] Expansion 28: New longest path found with length 28: [0, 8, 16, 24, 32, 40, 48, 56, 57, 58, 59, 60, 52, 44, 43, 42, 34, 26, 18, 19, 20, 21, 29, 30, 38, 46, 47, 55, 63]
[00:00:00:03:168] Path of length 28 found: [0, 8, 16, 24, 32, 40, 48, 56, 57, 58, 59, 60, 52, 44, 43, 42, 34, 26, 18, 19, 20, 21, 29, 30, 38, 46, 47, 55, 63]
[00:00:00:03:610] ! Bidirectional. expansions: 742, time: 3,169 [ms], path length: 28 [edges], g_F: 15, g_B: 13, generated: {'F': 677, 'B': 720}, MM: 2, MMPER: 5.896551724137931%
[00:00:00:03:611] 
---------- SM_Grids/8x8_grid_with_random_blocks_16per_3 ----------
[00:00:00:00:112] Expansion 27: New longest path found with length 28: [0, 8, 16, 24, 25, 33, 41, 49, 50, 51, 43, 35, 27, 19, 11, 12, 13, 14, 15, 23, 31, 30, 38, 46, 45, 53, 61, 62, 63]
[00:00:00:03:651] Expansion 1,012: New longest path found with length 30: [0, 8, 16, 17, 18, 10, 11, 12, 13, 14, 15, 23, 31, 30, 29, 28, 27, 35, 34, 33, 41, 49, 50, 51, 52, 44, 45, 46, 54, 62, 63]
[00:00:00:04:348] Path of length 30 found: [0, 8, 16, 17, 18, 10, 11, 12, 13, 14, 15, 23, 31, 30, 29, 28, 27, 35, 34, 33, 41, 49, 50, 51, 52, 44, 45, 46, 54, 62, 63]
[00:00:00:04:348] ! Unidirectional s-t. expansions: 1,190, time: 4,348 [ms], path length: 30 [edges], generated: 2,141
[00:00:00:00:091] Expansion 19: New longest path found with length 18: [63, 55, 47, 39, 31, 23, 15, 14, 13, 21, 29, 28, 27, 26, 18, 17, 16, 8, 0]
[00:00:00:00:122] Expansion 30: New longest path found with length 24: [63, 55, 47, 39, 31, 23, 15, 14, 13, 21, 29, 28, 27, 35, 43, 51, 50, 49, 41, 33, 25, 17, 16, 8, 0]
[00:00:00:00:168] Expansion 49: New longest path found with length 26: [63, 55, 47, 39, 31, 23, 15, 14, 13, 21, 29, 28, 36, 44, 43, 51, 50, 49, 41, 33, 34, 26, 18, 17, 16, 8, 0]
[00:00:00:01:089] Expansion 264: New longest path found with length 28: [63, 55, 47, 46, 45, 53, 52, 51, 43, 35, 36, 28, 29, 30, 31, 23, 15, 14, 13, 12, 11, 10, 18, 26, 25, 24, 16, 8, 0]
[00:00:00:01:155] Expansion 287: New longest path found with length 30: [63, 55, 47, 46, 45, 53, 52, 51, 50, 49, 41, 33, 34, 35, 27, 28, 29, 30, 31, 23, 15, 14, 13, 12, 11, 10, 18, 17, 16, 8, 0]
[00:00:00:03:567] Path of length 30 found: [63, 55, 47, 46, 45, 53, 52, 51, 50, 49, 41, 33, 34, 35, 27, 28, 29, 30, 31, 23, 15, 14, 13, 12, 11, 10, 18, 17, 16, 8, 0]
[00:00:00:03:567] ! Unidirectional t-s. expansions: 817, time: 3,567 [ms], path length: 30 [edges], generated: 1,587
[00:00:00:00:117] Expansion 28: New longest path found with length 26: [0, 8, 16, 24, 25, 33, 41, 49, 50, 51, 52, 44, 36, 28, 27, 19, 11, 12, 13, 14, 15, 23, 31, 39, 47, 55, 63]
[00:00:00:00:750] Expansion 198: New longest path found with length 28: [0, 8, 16, 24, 25, 26, 18, 10, 11, 12, 13, 14, 15, 23, 31, 30, 29, 28, 36, 35, 43, 51, 52, 53, 45, 46, 47, 55, 63]
[00:00:00:01:457] Expansion 382: New longest path found with length 30: [0, 8, 16, 17, 18, 10, 11, 12, 13, 14, 15, 23, 31, 30, 29, 28, 27, 35, 34, 33, 41, 49, 50, 51, 52, 53, 45, 46, 47, 55, 63]
[00:00:00:02:565] Path of length 30 found: [0, 8, 16, 17, 18, 10, 11, 12, 13, 14, 15, 23, 31, 30, 29, 28, 27, 35, 34, 33, 41, 49, 50, 51, 52, 53, 45, 46, 47, 55, 63]
[00:00:00:03:022] ! Bidirectional. expansions: 619, time: 2,565 [ms], path length: 30 [edges], g_F: 16, g_B: 14, generated: {'F': 642, 'B': 538}, MM: 2, MMPER: 5.451612903225806%
[00:00:00:03:022] 
---------- SM_Grids/8x8_grid_with_random_blocks_16per_4 ----------
[00:00:00:00:110] Expansion 29: New longest path found with length 30: [0, 8, 16, 17, 18, 10, 11, 12, 13, 14, 22, 30, 29, 28, 27, 35, 34, 33, 32, 40, 48, 49, 50, 51, 52, 44, 45, 46, 54, 62, 63]
[00:00:00:01:731] Path of length 30 found: [0, 8, 16, 17, 18, 10, 11, 12, 13, 14, 22, 30, 29, 28, 27, 35, 34, 33, 32, 40, 48, 49, 50, 51, 52, 44, 45, 46, 54, 62, 63]
[00:00:00:01:732] ! Unidirectional s-t. expansions: 448, time: 1,731 [ms], path length: 30 [edges], generated: 780
[00:00:00:00:111] Expansion 25: New longest path found with length 26: [63, 55, 47, 39, 38, 30, 22, 14, 13, 12, 20, 28, 36, 44, 52, 51, 50, 49, 41, 33, 25, 26, 18, 10, 9, 1, 0]
[00:00:00:00:136] Expansion 38: New longest path found with length 28: [63, 55, 47, 39, 38, 30, 22, 14, 13, 12, 20, 28, 36, 44, 52, 51, 50, 49, 48, 40, 32, 33, 25, 26, 18, 10, 9, 1, 0]
[00:00:00:00:700] Expansion 201: New longest path found with length 30: [63, 55, 47, 46, 45, 53, 52, 51, 50, 49, 48, 40, 32, 33, 34, 35, 27, 28, 29, 30, 22, 14, 13, 12, 11, 10, 18, 17, 16, 8, 0]
[00:00:00:03:670] Path of length 30 found: [63, 55, 47, 46, 45, 53, 52, 51, 50, 49, 48, 40, 32, 33, 34, 35, 27, 28, 29, 30, 22, 14, 13, 12, 11, 10, 18, 17, 16, 8, 0]
[00:00:00:03:671] ! Unidirectional t-s. expansions: 906, time: 3,671 [ms], path length: 30 [edges], generated: 1,646
[00:00:00:00:105] Expansion 25: New longest path found with length 26: [0, 8, 16, 17, 18, 10, 11, 12, 20, 28, 27, 35, 34, 33, 41, 49, 50, 51, 52, 53, 45, 37, 38, 39, 47, 55, 63]
[00:00:00:00:110] Expansion 28: New longest path found with length 28: [0, 8, 16, 17, 18, 10, 11, 12, 20, 28, 27, 35, 34, 33, 32, 40, 48, 49, 50, 51, 52, 53, 45, 37, 38, 39, 47, 55, 63]
[00:00:00:00:373] Expansion 105: New longest path found with length 30: [0, 8, 16, 17, 18, 10, 11, 12, 13, 14, 22, 30, 29, 28, 27, 35, 34, 33, 32, 40, 48, 49, 50, 51, 52, 53, 45, 46, 47, 55, 63]
[00:00:00:03:036] Path of length 30 found: [0, 8, 16, 17, 18, 10, 11, 12, 13, 14, 22, 30, 29, 28, 27, 35, 34, 33, 32, 40, 48, 49, 50, 51, 52, 53, 45, 46, 47, 55, 63]
[00:00:00:03:460] ! Bidirectional. expansions: 672, time: 3,036 [ms], path length: 30 [edges], g_F: 16, g_B: 14, generated: {'F': 666, 'B': 654}, MM: 2, MMPER: 5.451612903225806%
[00:00:00:03:460] 
---------- SM_Grids/8x8_grid_with_random_blocks_16per_5 ----------
[00:00:00:00:237] Expansion 104: New longest path found with length 26: [0, 8, 16, 24, 32, 33, 34, 35, 36, 28, 20, 19, 11, 3, 4, 5, 6, 14, 15, 23, 31, 30, 38, 46, 54, 55, 63]
[00:00:00:04:130] Expansion 2,160: New longest path found with length 28: [0, 8, 9, 10, 2, 3, 4, 5, 6, 14, 15, 23, 31, 30, 29, 28, 36, 35, 43, 51, 59, 60, 61, 53, 45, 46, 47, 55, 63]
[00:00:00:06:704] Path of length 28 found: [0, 8, 9, 10, 2, 3, 4, 5, 6, 14, 15, 23, 31, 30, 29, 28, 36, 35, 43, 51, 59, 60, 61, 53, 45, 46, 47, 55, 63]
[00:00:00:06:705] ! Unidirectional s-t. expansions: 2,953, time: 6,705 [ms], path length: 28 [edges], generated: 4,357
[00:00:00:00:095] Expansion 23: New longest path found with length 24: [63, 55, 47, 39, 38, 30, 22, 14, 6, 5, 4, 3, 11, 19, 20, 28, 36, 35, 34, 26, 25, 24, 16, 8, 0]
[00:00:00:00:108] Expansion 30: New longest path found with length 26: [63, 55, 47, 39, 38, 30, 22, 14, 6, 5, 4, 3, 11, 19, 20, 28, 36, 35, 34, 33, 32, 24, 16, 17, 9, 1, 0]
[00:00:00:00:489] Expansion 124: New longest path found with length 28: [63, 55, 47, 46, 38, 30, 31, 23, 15, 14, 6, 5, 4, 3, 11, 19, 20, 28, 36, 35, 34, 33, 32, 24, 16, 17, 9, 1, 0]
[00:00:00:02:513] Path of length 28 found: [63, 55, 47, 46, 38, 30, 31, 23, 15, 14, 6, 5, 4, 3, 11, 19, 20, 28, 36, 35, 34, 33, 32, 24, 16, 17, 9, 1, 0]
[00:00:00:02:513] ! Unidirectional t-s. expansions: 697, time: 2,513 [ms], path length: 28 [edges], generated: 1,164
[00:00:00:00:097] Expansion 23: New longest path found with length 24: [0, 8, 16, 24, 32, 33, 34, 35, 36, 28, 20, 19, 11, 3, 4, 5, 6, 14, 22, 30, 38, 39, 47, 55, 63]
[00:00:00:00:666] Expansion 207: New longest path found with length 26: [0, 8, 16, 24, 32, 33, 34, 35, 36, 28, 20, 19, 11, 3, 4, 5, 6, 14, 15, 23, 31, 30, 38, 46, 47, 55, 63]
[00:00:00:02:292] Expansion 628: New longest path found with length 28: [0, 8, 9, 10, 2, 3, 4, 5, 6, 14, 15, 23, 31, 30, 29, 28, 36, 35, 43, 51, 59, 60, 61, 53, 45, 46, 47, 55, 63]
[00:00:00:03:719] Path of length 28 found: [0, 8, 9, 10, 2, 3, 4, 5, 6, 14, 15, 23, 31, 30, 29, 28, 36, 35, 43, 51, 59, 60, 61, 53, 45, 46, 47, 55, 63]
[00:00:00:04:144] ! Bidirectional. expansions: 974, time: 3,719 [ms], path length: 28 [edges], g_F: 15, g_B: 13, generated: {'F': 824, 'B': 736}, MM: 2, MMPER: 5.896551724137931%
[00:00:00:04:144] 
---------- SM_Grids/8x8_grid_with_random_blocks_16per_6 ----------
[00:00:00:00:125] Expansion 26: New longest path found with length 26: [0, 8, 16, 17, 25, 33, 34, 35, 27, 19, 20, 21, 13, 5, 6, 7, 15, 23, 31, 30, 38, 37, 45, 53, 54, 62, 63]
[00:00:00:00:358] Expansion 91: New longest path found with length 32: [0, 8, 16, 24, 32, 40, 48, 49, 50, 42, 34, 26, 18, 19, 20, 21, 13, 5, 6, 7, 15, 23, 31, 30, 38, 37, 36, 44, 52, 53, 54, 62, 63]
[00:00:00:00:767] Expansion 203: New longest path found with length 34: [0, 1, 9, 17, 16, 24, 32, 40, 48, 49, 50, 42, 34, 26, 27, 19, 20, 21, 13, 5, 6, 7, 15, 23, 31, 30, 38, 37, 36, 44, 52, 53, 54, 62, 63]
[00:00:00:00:860] Path of length 34 found: [0, 1, 9, 17, 16, 24, 32, 40, 48, 49, 50, 42, 34, 26, 27, 19, 20, 21, 13, 5, 6, 7, 15, 23, 31, 30, 38, 37, 36, 44, 52, 53, 54, 62, 63]
[00:00:00:00:860] ! Unidirectional s-t. expansions: 226, time: 860 [ms], path length: 34 [edges], generated: 375
[00:00:00:00:263] Expansion 101: New longest path found with length 14: [63, 55, 47, 46, 45, 37, 29, 21, 20, 19, 11, 10, 9, 1, 0]
[00:00:00:00:282] Expansion 107: New longest path found with length 16: [63, 55, 47, 46, 45, 37, 29, 21, 20, 19, 18, 26, 25, 24, 16, 8, 0]
[00:00:00:00:334] Expansion 130: New longest path found with length 22: [63, 55, 47, 46, 45, 37, 29, 21, 20, 19, 18, 26, 34, 42, 50, 49, 48, 40, 32, 24, 16, 8, 0]
[00:00:00:00:370] Expansion 144: New longest path found with length 24: [63, 55, 47, 46, 45, 37, 29, 21, 20, 19, 27, 26, 34, 42, 50, 49, 48, 40, 32, 24, 16, 17, 9, 1, 0]
[00:00:00:00:484] Expansion 177: New longest path found with length 28: [63, 55, 47, 46, 38, 30, 31, 23, 15, 7, 6, 5, 13, 21, 20, 19, 18, 26, 34, 42, 50, 49, 48, 40, 32, 24, 16, 8, 0]
[00:00:00:00:517] Expansion 191: New longest path found with length 30: [63, 55, 47, 46, 38, 30, 31, 23, 15, 7, 6, 5, 13, 21, 20, 19, 27, 26, 34, 42, 50, 49, 48, 40, 32, 24, 16, 17, 9, 1, 0]
[00:00:00:00:778] Expansion 265: New longest path found with length 32: [63, 55, 54, 53, 45, 37, 38, 30, 31, 23, 15, 7, 6, 5, 13, 21, 20, 19, 27, 26, 34, 42, 50, 49, 48, 40, 32, 24, 16, 17, 9, 1, 0]
[00:00:00:00:928] Expansion 316: New longest path found with length 34: [63, 55, 54, 53, 52, 44, 36, 37, 38, 30, 31, 23, 15, 7, 6, 5, 13, 21, 20, 19, 27, 26, 34, 42, 50, 49, 48, 40, 32, 24, 16, 17, 9, 1, 0]
[00:00:00:01:124] Path of length 34 found: [63, 55, 54, 53, 52, 44, 36, 37, 38, 30, 31, 23, 15, 7, 6, 5, 13, 21, 20, 19, 27, 26, 34, 42, 50, 49, 48, 40, 32, 24, 16, 17, 9, 1, 0]
[00:00:00:01:124] ! Unidirectional t-s. expansions: 361, time: 1,124 [ms], path length: 34 [edges], generated: 574
[00:00:00:00:121] Expansion 40: New longest path found with length 18: [0, 8, 16, 17, 25, 33, 34, 35, 27, 19, 20, 21, 29, 37, 45, 46, 47, 55, 63]
[00:00:00:00:192] Expansion 60: New longest path found with length 24: [0, 8, 16, 17, 25, 33, 34, 35, 27, 19, 20, 21, 13, 5, 6, 7, 15, 23, 31, 30, 38, 46, 47, 55, 63]
[00:00:00:00:350] Expansion 104: New longest path found with length 28: [0, 8, 16, 24, 32, 40, 48, 49, 50, 42, 34, 26, 18, 19, 20, 21, 13, 5, 6, 7, 15, 23, 31, 30, 38, 46, 47, 55, 63]
[00:00:00:00:753] Expansion 201: New longest path found with length 32: [0, 8, 16, 24, 32, 40, 48, 49, 50, 42, 34, 26, 18, 19, 20, 21, 13, 5, 6, 7, 15, 23, 31, 30, 38, 37, 36, 44, 52, 53, 54, 55, 63]
[00:00:00:01:612] Expansion 389: New longest path found with length 34: [0, 1, 9, 17, 16, 24, 32, 40, 48, 49, 50, 42, 34, 26, 27, 19, 20, 21, 13, 5, 6, 7, 15, 23, 31, 30, 38, 37, 36, 44, 52, 53, 54, 55, 63]
[00:00:00:01:657] Path of length 34 found: [0, 1, 9, 17, 16, 24, 32, 40, 48, 49, 50, 42, 34, 26, 27, 19, 20, 21, 13, 5, 6, 7, 15, 23, 31, 30, 38, 37, 36, 44, 52, 53, 54, 55, 63]
[00:00:00:02:081] ! Bidirectional. expansions: 398, time: 1,657 [ms], path length: 34 [edges], g_F: 18, g_B: 16, generated: {'F': 366, 'B': 346}, MM: 2, MMPER: 4.714285714285714%
[00:00:00:02:082] 
---------- SM_Grids/8x8_grid_with_random_blocks_16per_7 ----------
[00:00:00:01:616] Expansion 822: New longest path found with length 16: [0, 8, 16, 24, 32, 40, 48, 56, 57, 58, 59, 60, 61, 53, 54, 55, 63]
[00:00:00:01:675] Expansion 843: New longest path found with length 32: [0, 8, 16, 24, 32, 40, 48, 56, 57, 58, 59, 51, 43, 35, 34, 26, 18, 10, 11, 12, 13, 14, 15, 23, 31, 30, 38, 37, 45, 53, 54, 55, 63]
[00:00:00:04:895] Path of length 32 found: [0, 8, 16, 24, 32, 40, 48, 56, 57, 58, 59, 51, 43, 35, 34, 26, 18, 10, 11, 12, 13, 14, 15, 23, 31, 30, 38, 37, 45, 53, 54, 55, 63]
[00:00:00:04:896] ! Unidirectional s-t. expansions: 1,732, time: 4,895 [ms], path length: 32 [edges], generated: 2,698
[00:00:00:00:111] Expansion 31: New longest path found with length 32: [63, 55, 54, 53, 45, 37, 38, 30, 31, 23, 15, 14, 13, 12, 11, 10, 18, 26, 27, 35, 43, 51, 50, 58, 57, 56, 48, 40, 32, 24, 16, 8, 0]
[00:00:00:02:344] Path of length 32 found: [63, 55, 54, 53, 45, 37, 38, 30, 31, 23, 15, 14, 13, 12, 11, 10, 18, 26, 27, 35, 43, 51, 50, 58, 57, 56, 48, 40, 32, 24, 16, 8, 0]
[00:00:00:02:344] ! Unidirectional t-s. expansions: 876, time: 2,344 [ms], path length: 32 [edges], generated: 1,379
[00:00:00:00:118] Expansion 31: New longest path found with length 32: [0, 8, 16, 24, 32, 40, 48, 56, 57, 58, 59, 51, 43, 35, 34, 26, 18, 19, 20, 21, 13, 14, 15, 23, 31, 30, 38, 37, 45, 53, 54, 55, 63]
[00:00:00:01:839] Path of length 32 found: [0, 8, 16, 24, 32, 40, 48, 56, 57, 58, 59, 51, 43, 35, 34, 26, 18, 19, 20, 21, 13, 14, 15, 23, 31, 30, 38, 37, 45, 53, 54, 55, 63]
[00:00:00:02:289] ! Bidirectional. expansions: 581, time: 1,839 [ms], path length: 32 [edges], g_F: 17, g_B: 15, generated: {'F': 511, 'B': 472}, MM: 2, MMPER: 5.0606060606060606%
[00:00:00:02:289] 
---------- SM_Grids/8x8_grid_with_random_blocks_16per_8 ----------
[00:00:00:00:097] Expansion 25: New longest path found with length 14: [0, 8, 16, 17, 18, 26, 34, 35, 36, 37, 38, 46, 54, 62, 63]
[00:00:00:01:031] Expansion 484: New longest path found with length 18: [0, 8, 16, 17, 18, 26, 34, 33, 32, 40, 48, 49, 50, 51, 59, 60, 61, 62, 63]
[00:00:00:01:180] Expansion 530: New longest path found with length 28: [0, 8, 16, 17, 18, 10, 2, 3, 4, 12, 13, 21, 29, 28, 36, 35, 34, 33, 32, 40, 48, 49, 50, 51, 59, 60, 61, 62, 63]
[00:00:00:01:647] Expansion 702: New longest path found with length 30: [0, 8, 16, 17, 18, 10, 2, 3, 4, 5, 6, 14, 22, 21, 20, 28, 36, 35, 34, 33, 32, 40, 48, 49, 50, 51, 59, 60, 61, 62, 63]
[00:00:00:01:846] Expansion 785: New longest path found with length 32: [0, 8, 16, 17, 18, 10, 2, 3, 4, 5, 6, 7, 15, 23, 22, 21, 20, 28, 36, 35, 34, 33, 32, 40, 48, 49, 50, 51, 59, 60, 61, 62, 63]
[00:00:00:05:950] Path of length 32 found: [0, 8, 16, 17, 18, 10, 2, 3, 4, 5, 6, 7, 15, 23, 22, 21, 20, 28, 36, 35, 34, 33, 32, 40, 48, 49, 50, 51, 59, 60, 61, 62, 63]
[00:00:00:05:950] ! Unidirectional s-t. expansions: 2,104, time: 5,950 [ms], path length: 32 [edges], generated: 3,324
[00:00:00:00:079] Expansion 15: New longest path found with length 16: [63, 62, 61, 53, 45, 37, 36, 35, 34, 26, 18, 19, 11, 3, 2, 1, 0]
[00:00:00:00:151] Expansion 43: New longest path found with length 18: [63, 62, 61, 53, 45, 37, 36, 35, 34, 26, 18, 19, 20, 12, 4, 3, 2, 1, 0]
[00:00:00:00:175] Expansion 54: New longest path found with length 24: [63, 62, 61, 53, 45, 37, 36, 35, 34, 26, 18, 19, 20, 21, 22, 23, 15, 7, 6, 5, 4, 3, 2, 1, 0]
[00:00:00:00:291] Expansion 83: New longest path found with length 26: [63, 62, 61, 60, 59, 51, 50, 49, 41, 33, 34, 26, 18, 19, 20, 21, 22, 23, 15, 7, 6, 5, 4, 3, 2, 1, 0]
[00:00:00:00:349] Expansion 104: New longest path found with length 30: [63, 62, 61, 60, 59, 51, 50, 49, 41, 33, 34, 35, 36, 28, 29, 21, 22, 23, 15, 7, 6, 5, 4, 12, 11, 19, 18, 17, 9, 1, 0]
[00:00:00:00:497] Expansion 153: New longest path found with length 32: [63, 62, 61, 60, 59, 51, 50, 49, 48, 40, 32, 33, 34, 35, 36, 28, 29, 21, 22, 23, 15, 7, 6, 5, 4, 12, 11, 19, 18, 17, 9, 1, 0]
[00:00:00:00:656] Path of length 32 found: [63, 62, 61, 60, 59, 51, 50, 49, 48, 40, 32, 33, 34, 35, 36, 28, 29, 21, 22, 23, 15, 7, 6, 5, 4, 12, 11, 19, 18, 17, 9, 1, 0]
[00:00:00:00:656] ! Unidirectional t-s. expansions: 192, time: 656 [ms], path length: 32 [edges], generated: 321
[00:00:00:00:990] Expansion 589: New longest path found with length 14: [0, 8, 16, 17, 18, 26, 34, 35, 36, 37, 45, 53, 61, 62, 63]
[00:00:00:01:038] Expansion 603: New longest path found with length 24: [0, 8, 16, 17, 18, 10, 2, 3, 4, 5, 6, 7, 15, 23, 22, 21, 20, 28, 36, 37, 45, 53, 61, 62, 63]
[00:00:00:01:117] Expansion 624: New longest path found with length 28: [0, 8, 16, 17, 18, 10, 2, 3, 4, 12, 13, 21, 29, 28, 36, 35, 34, 33, 32, 40, 48, 49, 50, 51, 59, 60, 61, 62, 63]
[00:00:00:01:151] Expansion 638: New longest path found with length 30: [0, 8, 16, 17, 18, 10, 2, 3, 4, 5, 6, 14, 22, 21, 20, 28, 36, 35, 34, 33, 32, 40, 48, 49, 50, 51, 59, 60, 61, 62, 63]
[00:00:00:01:170] Expansion 648: New longest path found with length 32: [0, 8, 16, 17, 18, 10, 2, 3, 4, 5, 6, 7, 15, 23, 22, 21, 20, 28, 36, 35, 34, 33, 32, 40, 48, 49, 50, 51, 59, 60, 61, 62, 63]
[00:00:00:02:371] Path of length 32 found: [0, 8, 16, 17, 18, 10, 2, 3, 4, 5, 6, 7, 15, 23, 22, 21, 20, 28, 36, 35, 34, 33, 32, 40, 48, 49, 50, 51, 59, 60, 61, 62, 63]
[00:00:00:02:833] ! Bidirectional. expansions: 885, time: 2,371 [ms], path length: 32 [edges], g_F: 17, g_B: 15, generated: {'F': 531, 'B': 622}, MM: 2, MMPER: 5.0606060606060606%
[00:00:00:02:834] 
---------- SM_Grids/8x8_grid_with_random_blocks_16per_9 ----------
[00:00:00:00:193] Expansion 29: New longest path found with length 30: [0, 1, 2, 3, 4, 5, 13, 21, 20, 28, 27, 26, 18, 17, 16, 24, 32, 33, 41, 42, 50, 51, 52, 44, 45, 37, 38, 39, 47, 55, 63]
[00:00:00:00:393] Path of length 30 found: [0, 1, 2, 3, 4, 5, 13, 21, 20, 28, 27, 26, 18, 17, 16, 24, 32, 33, 41, 42, 50, 51, 52, 44, 45, 37, 38, 39, 47, 55, 63]
[00:00:00:00:393] ! Unidirectional s-t. expansions: 84, time: 393 [ms], path length: 30 [edges], generated: 137
[00:00:00:00:078] Expansion 15: New longest path found with length 16: [63, 55, 47, 39, 38, 37, 36, 28, 20, 21, 13, 5, 4, 3, 2, 1, 0]
[00:00:00:00:135] Expansion 32: New longest path found with length 18: [63, 55, 47, 39, 38, 37, 36, 28, 27, 26, 34, 33, 32, 24, 16, 17, 9, 1, 0]
[00:00:00:00:216] Expansion 53: New longest path found with length 20: [63, 55, 47, 39, 38, 37, 36, 44, 52, 51, 50, 42, 41, 33, 32, 24, 16, 17, 9, 1, 0]
[00:00:00:00:298] Expansion 80: New longest path found with length 30: [63, 55, 47, 39, 38, 37, 45, 53, 52, 51, 43, 42, 41, 33, 32, 24, 16, 17, 18, 26, 27, 28, 20, 21, 13, 5, 4, 3, 2, 1, 0]
[00:00:00:00:678] Path of length 30 found: [63, 55, 47, 39, 38, 37, 45, 53, 52, 51, 43, 42, 41, 33, 32, 24, 16, 17, 18, 26, 27, 28, 20, 21, 13, 5, 4, 3, 2, 1, 0]
[00:00:00:00:678] ! Unidirectional t-s. expansions: 173, time: 678 [ms], path length: 30 [edges], generated: 292
[00:00:00:00:114] Expansion 29: New longest path found with length 30: [0, 1, 2, 3, 4, 5, 13, 21, 20, 28, 27, 26, 18, 17, 16, 24, 32, 33, 41, 42, 43, 51, 52, 53, 45, 37, 38, 39, 47, 55, 63]
[00:00:00:00:294] Path of length 30 found: [0, 1, 2, 3, 4, 5, 13, 21, 20, 28, 27, 26, 18, 17, 16, 24, 32, 33, 41, 42, 43, 51, 52, 53, 45, 37, 38, 39, 47, 55, 63]
[00:00:00:00:729] ! Bidirectional. expansions: 64, time: 294 [ms], path length: 30 [edges], g_F: 16, g_B: 14, generated: {'F': 58, 'B': 55}, MM: 2, MMPER: 5.451612903225806%

[00:00:00:00:729] average expansions: (1,060, 666, 562, 0)
[00:00:00:00:729] average time: (3,154, 2,380, 2,137, 0)
[00:00:00:00:730] X-DFBnB: 666 , 2,380 (expansions , time[ms])
[00:00:00:00:730] BiX-DFBnB: 562 , 2,137 (expansions , time[ms])

