Thu 19 Mar 2026 16:00:21 IST

SLURM_JOBID:		 16118906
SLURM_JOB_NODELIST:	 ise-cpu256-28 

--------------------------
date: SM_Grids
number_of_graphs: 10
graph_type: grid
size_of_graphs: [8, 9]
heuristic: bcc_heuristic
snake: True
run_uni: True
run_bi: True
run_multi: False
solution_vertices: []
algorithms: ['DFBnB']
bsd: False
cube_first_dims: 4
cube_buffer_dim: None
backward_sym_generation: False
sym_coil: False
prefix_set: None

---------- SM_Grids/8x9_grid_with_random_blocks_12per_0 ----------
[00:00:00:00:140] Expansion 34: New longest path found with length 35: [0, 9, 18, 27, 36, 45, 46, 55, 56, 57, 66, 67, 68, 59, 50, 49, 40, 39, 30, 21, 12, 3, 4, 5, 14, 15, 16, 17, 26, 35, 34, 43, 52, 61, 70, 71]
[00:00:00:00:170] Expansion 50: New longest path found with length 37: [0, 9, 18, 27, 36, 45, 46, 55, 56, 57, 66, 67, 68, 59, 50, 49, 40, 39, 30, 21, 12, 3, 4, 5, 6, 7, 8, 17, 26, 25, 24, 33, 42, 43, 52, 61, 70, 71]
[00:00:00:24:622] Expansion 5,661: New longest path found with length 39: [0, 9, 10, 19, 28, 27, 36, 45, 46, 55, 56, 57, 66, 67, 68, 59, 50, 49, 40, 39, 30, 21, 12, 3, 4, 5, 6, 7, 8, 17, 26, 25, 24, 33, 42, 43, 52, 61, 70, 71]
[00:00:00:31:050] Expansion 7,246: New longest path found with length 41: [0, 9, 10, 11, 2, 3, 4, 13, 14, 15, 6, 7, 8, 17, 26, 25, 34, 33, 32, 31, 40, 39, 38, 29, 28, 27, 36, 45, 46, 55, 56, 57, 66, 67, 68, 59, 50, 51, 52, 61, 70, 71]
[00:00:00:44:821] Path of length 41 found: [0, 9, 10, 11, 2, 3, 4, 13, 14, 15, 6, 7, 8, 17, 26, 25, 34, 33, 32, 31, 40, 39, 38, 29, 28, 27, 36, 45, 46, 55, 56, 57, 66, 67, 68, 59, 50, 51, 52, 61, 70, 71]
[00:00:00:44:822] ! Unidirectional s-t. expansions: 9,733, time: 44,821 [ms], path length: 41 [edges], generated: 17,357
[00:00:00:00:219] Expansion 30: New longest path found with length 29: [71, 62, 53, 52, 43, 34, 35, 26, 17, 8, 7, 6, 5, 14, 13, 22, 21, 30, 29, 38, 47, 46, 45, 36, 27, 18, 19, 10, 1, 0]
[00:00:00:00:280] Expansion 52: New longest path found with length 37: [71, 62, 53, 52, 43, 34, 35, 26, 17, 8, 7, 6, 5, 14, 13, 22, 21, 30, 39, 40, 49, 50, 59, 68, 67, 66, 57, 56, 47, 46, 37, 36, 27, 18, 19, 10, 1, 0]
[00:00:00:12:612] Expansion 3,624: New longest path found with length 39: [71, 62, 53, 52, 43, 42, 33, 24, 25, 26, 17, 8, 7, 6, 5, 14, 13, 12, 21, 30, 31, 40, 49, 50, 59, 68, 67, 66, 57, 56, 47, 38, 37, 36, 27, 18, 19, 10, 1, 0]
[00:00:00:19:849] Expansion 5,503: New longest path found with length 41: [71, 62, 53, 52, 51, 60, 59, 68, 67, 66, 57, 56, 47, 46, 45, 36, 27, 28, 29, 30, 39, 40, 41, 32, 33, 34, 35, 26, 17, 8, 7, 6, 15, 14, 13, 4, 3, 2, 11, 10, 9, 0]
[00:00:00:33:140] Path of length 41 found: [71, 62, 53, 52, 51, 60, 59, 68, 67, 66, 57, 56, 47, 46, 45, 36, 27, 28, 29, 30, 39, 40, 41, 32, 33, 34, 35, 26, 17, 8, 7, 6, 15, 14, 13, 4, 3, 2, 11, 10, 9, 0]
[00:00:00:33:141] ! Unidirectional t-s. expansions: 8,222, time: 33,141 [ms], path length: 41 [edges], generated: 13,929
[00:00:00:00:177] Expansion 36: New longest path found with length 35: [0, 9, 18, 27, 36, 45, 46, 55, 56, 57, 66, 67, 68, 59, 50, 41, 40, 39, 30, 21, 12, 3, 4, 5, 6, 7, 8, 17, 26, 35, 34, 43, 52, 53, 62, 71]
[00:00:00:03:060] Expansion 886: New longest path found with length 37: [0, 9, 18, 27, 36, 45, 46, 55, 56, 57, 66, 67, 68, 59, 50, 49, 40, 39, 30, 21, 12, 3, 4, 5, 6, 7, 8, 17, 26, 25, 24, 33, 42, 43, 52, 53, 62, 71]
[00:00:00:21:301] Expansion 4,945: New longest path found with length 39: [0, 9, 10, 19, 28, 27, 36, 45, 46, 55, 56, 57, 66, 67, 68, 59, 50, 49, 40, 31, 30, 21, 12, 3, 4, 5, 6, 7, 8, 17, 26, 25, 24, 33, 42, 43, 52, 53, 62, 71]
[00:00:00:21:937] Expansion 5,085: New longest path found with length 41: [0, 9, 10, 11, 2, 3, 4, 13, 14, 15, 6, 7, 8, 17, 26, 25, 34, 33, 32, 31, 40, 39, 38, 29, 28, 27, 36, 45, 46, 55, 56, 57, 66, 67, 68, 59, 60, 51, 52, 53, 62, 71]
[00:00:00:31:650] Path of length 41 found: [0, 9, 10, 11, 2, 3, 4, 13, 14, 15, 6, 7, 8, 17, 26, 25, 34, 33, 32, 31, 40, 39, 38, 29, 28, 27, 36, 45, 46, 55, 56, 57, 66, 67, 68, 59, 60, 51, 52, 53, 62, 71]
[00:00:00:32:178] ! Bidirectional. expansions: 6,787, time: 31,650 [ms], path length: 41 [edges], g_F: 21, g_B: 20, generated: {'F': 6,026, 'B': 6,160}, MM: 1, MMPER: 1.380952380952381%
[00:00:00:32:178] 
---------- SM_Grids/8x9_grid_with_random_blocks_12per_1 ----------
[00:00:00:00:141] Expansion 27: New longest path found with length 27: [0, 9, 10, 19, 20, 21, 12, 3, 4, 5, 14, 15, 24, 33, 32, 31, 40, 39, 48, 57, 58, 59, 50, 51, 52, 53, 62, 71]
[00:00:00:00:529] Expansion 111: New longest path found with length 29: [0, 9, 10, 19, 20, 21, 12, 3, 4, 5, 6, 15, 24, 23, 32, 31, 40, 39, 48, 57, 58, 59, 50, 51, 42, 43, 44, 53, 62, 71]
[00:00:00:00:775] Expansion 166: New longest path found with length 31: [0, 9, 10, 19, 20, 21, 12, 3, 4, 5, 6, 7, 16, 25, 24, 23, 32, 31, 40, 39, 48, 57, 58, 59, 50, 51, 42, 43, 44, 53, 62, 71]
[00:00:00:01:008] Expansion 222: New longest path found with length 33: [0, 9, 10, 19, 20, 21, 12, 3, 4, 5, 6, 7, 8, 17, 26, 25, 24, 23, 32, 31, 40, 39, 48, 57, 58, 59, 50, 51, 42, 43, 44, 53, 62, 71]
[00:00:00:33:537] Path of length 33 found: [0, 9, 10, 19, 20, 21, 12, 3, 4, 5, 6, 7, 8, 17, 26, 25, 24, 23, 32, 31, 40, 39, 48, 57, 58, 59, 50, 51, 42, 43, 44, 53, 62, 71]
[00:00:00:33:537] ! Unidirectional s-t. expansions: 6,642, time: 33,537 [ms], path length: 33 [edges], generated: 13,259
[00:00:00:00:142] Expansion 28: New longest path found with length 29: [71, 62, 53, 44, 43, 42, 51, 60, 59, 58, 49, 48, 47, 56, 65, 64, 63, 54, 45, 36, 27, 28, 29, 20, 21, 12, 3, 2, 1, 0]
[00:00:00:00:721] Expansion 225: New longest path found with length 31: [71, 62, 53, 44, 43, 42, 51, 60, 59, 58, 49, 40, 31, 32, 23, 24, 25, 26, 17, 8, 7, 6, 5, 4, 13, 12, 21, 20, 19, 10, 1, 0]
[00:00:00:01:100] Expansion 348: New longest path found with length 33: [71, 62, 53, 44, 43, 42, 51, 60, 59, 58, 57, 48, 39, 40, 31, 32, 23, 24, 25, 26, 17, 8, 7, 6, 5, 4, 13, 12, 21, 20, 19, 10, 1, 0]
[00:00:00:57:131] Path of length 33 found: [71, 62, 53, 44, 43, 42, 51, 60, 59, 58, 57, 48, 39, 40, 31, 32, 23, 24, 25, 26, 17, 8, 7, 6, 5, 4, 13, 12, 21, 20, 19, 10, 1, 0]
[00:00:00:57:132] ! Unidirectional t-s. expansions: 14,259, time: 57,132 [ms], path length: 33 [edges], generated: 25,854
[00:00:00:00:146] Expansion 26: New longest path found with length 27: [0, 9, 10, 19, 20, 21, 12, 3, 4, 5, 14, 23, 32, 31, 40, 39, 48, 57, 58, 59, 60, 51, 42, 43, 44, 53, 62, 71]
[00:00:00:00:188] Expansion 40: New longest path found with length 33: [0, 9, 10, 19, 20, 21, 12, 3, 4, 5, 6, 7, 8, 17, 26, 25, 24, 23, 32, 31, 40, 39, 48, 57, 58, 59, 60, 51, 42, 43, 44, 53, 62, 71]
[00:00:00:11:034] Path of length 33 found: [0, 9, 10, 19, 20, 21, 12, 3, 4, 5, 6, 7, 8, 17, 26, 25, 24, 23, 32, 31, 40, 39, 48, 57, 58, 59, 60, 51, 42, 43, 44, 53, 62, 71]
[00:00:00:11:548] ! Bidirectional. expansions: 1,921, time: 11,034 [ms], path length: 33 [edges], g_F: 17, g_B: 16, generated: {'F': 1,469, 'B': 2,516}, MM: 1, MMPER: 1.9411764705882355%
[00:00:00:11:548] 
---------- SM_Grids/8x9_grid_with_random_blocks_12per_2 ----------
[00:00:00:00:135] Expansion 26: New longest path found with length 27: [0, 1, 10, 19, 28, 29, 30, 21, 22, 23, 32, 41, 40, 49, 48, 47, 46, 45, 54, 63, 64, 65, 66, 67, 68, 69, 70, 71]
[00:00:00:00:437] Expansion 118: New longest path found with length 37: [0, 1, 10, 19, 28, 29, 30, 21, 22, 23, 24, 15, 6, 7, 8, 17, 26, 35, 34, 43, 52, 51, 50, 49, 48, 47, 46, 45, 54, 63, 64, 65, 66, 67, 68, 69, 70, 71]
[00:00:00:09:427] Expansion 2,167: New longest path found with length 39: [0, 1, 2, 3, 12, 21, 20, 29, 38, 47, 46, 45, 54, 63, 64, 65, 66, 67, 68, 59, 50, 49, 40, 31, 32, 23, 24, 15, 6, 7, 8, 17, 26, 35, 34, 43, 52, 61, 70, 71]
[00:00:00:12:843] Path of length 39 found: [0, 1, 2, 3, 12, 21, 20, 29, 38, 47, 46, 45, 54, 63, 64, 65, 66, 67, 68, 59, 50, 49, 40, 31, 32, 23, 24, 15, 6, 7, 8, 17, 26, 35, 34, 43, 52, 61, 70, 71]
[00:00:00:12:844] ! Unidirectional s-t. expansions: 2,842, time: 12,843 [ms], path length: 39 [edges], generated: 4,737
[00:00:00:00:139] Expansion 27: New longest path found with length 21: [71, 70, 61, 52, 53, 44, 35, 34, 25, 24, 23, 32, 31, 40, 39, 38, 29, 28, 19, 10, 1, 0]
[00:00:00:00:158] Expansion 33: New longest path found with length 23: [71, 70, 61, 52, 53, 44, 35, 34, 25, 24, 23, 32, 31, 40, 39, 38, 29, 20, 21, 12, 3, 2, 1, 0]
[00:00:00:00:230] Expansion 56: New longest path found with length 29: [71, 70, 61, 52, 53, 44, 35, 34, 25, 24, 23, 32, 31, 40, 49, 50, 59, 68, 67, 66, 57, 56, 47, 38, 29, 28, 19, 10, 1, 0]
[00:00:00:00:245] Expansion 62: New longest path found with length 31: [71, 70, 61, 52, 53, 44, 35, 34, 25, 24, 23, 32, 31, 40, 49, 50, 59, 68, 67, 66, 57, 56, 47, 38, 29, 20, 21, 12, 3, 2, 1, 0]
[00:00:00:00:297] Expansion 83: New longest path found with length 33: [71, 70, 61, 52, 53, 44, 35, 34, 25, 24, 23, 32, 31, 40, 49, 50, 59, 68, 67, 66, 65, 64, 63, 54, 45, 46, 47, 38, 29, 28, 19, 10, 1, 0]
[00:00:00:00:310] Expansion 89: New longest path found with length 35: [71, 70, 61, 52, 53, 44, 35, 34, 25, 24, 23, 32, 31, 40, 49, 50, 59, 68, 67, 66, 65, 64, 63, 54, 45, 46, 47, 38, 29, 20, 21, 12, 3, 2, 1, 0]
[00:00:00:01:671] Expansion 488: New longest path found with length 37: [71, 70, 61, 52, 53, 44, 35, 26, 17, 8, 7, 6, 15, 24, 23, 32, 31, 40, 49, 50, 59, 68, 67, 66, 65, 64, 63, 54, 45, 46, 47, 38, 29, 28, 19, 10, 1, 0]
[00:00:00:01:682] Expansion 494: New longest path found with length 39: [71, 70, 61, 52, 53, 44, 35, 26, 17, 8, 7, 6, 15, 24, 23, 32, 31, 40, 49, 50, 59, 68, 67, 66, 65, 64, 63, 54, 45, 46, 47, 38, 29, 20, 21, 12, 3, 2, 1, 0]
[00:00:00:16:973] Path of length 39 found: [71, 70, 61, 52, 53, 44, 35, 26, 17, 8, 7, 6, 15, 24, 23, 32, 31, 40, 49, 50, 59, 68, 67, 66, 65, 64, 63, 54, 45, 46, 47, 38, 29, 20, 21, 12, 3, 2, 1, 0]
[00:00:00:16:973] ! Unidirectional t-s. expansions: 4,764, time: 16,973 [ms], path length: 39 [edges], generated: 7,938
[00:00:00:00:207] Expansion 56: New longest path found with length 21: [0, 1, 10, 19, 28, 29, 30, 39, 40, 41, 32, 23, 24, 25, 34, 35, 44, 53, 52, 61, 70, 71]
[00:00:00:00:261] Expansion 73: New longest path found with length 33: [0, 1, 10, 19, 28, 29, 30, 39, 48, 47, 46, 45, 54, 63, 64, 65, 66, 67, 58, 59, 50, 41, 32, 23, 24, 25, 34, 35, 44, 53, 52, 61, 70, 71]
[00:00:00:00:347] Expansion 99: New longest path found with length 37: [0, 1, 10, 19, 28, 29, 30, 39, 48, 47, 46, 45, 54, 63, 64, 65, 66, 67, 58, 59, 50, 41, 32, 23, 24, 15, 6, 7, 8, 17, 26, 35, 44, 53, 52, 61, 70, 71]
[00:00:00:04:874] Expansion 989: New longest path found with length 39: [0, 1, 2, 3, 12, 21, 20, 29, 38, 47, 46, 45, 54, 63, 64, 65, 66, 67, 68, 59, 50, 49, 40, 31, 32, 23, 24, 15, 6, 7, 8, 17, 26, 35, 44, 53, 52, 61, 70, 71]
[00:00:00:07:356] Path of length 39 found: [0, 1, 2, 3, 12, 21, 20, 29, 38, 47, 46, 45, 54, 63, 64, 65, 66, 67, 68, 59, 50, 49, 40, 31, 32, 23, 24, 15, 6, 7, 8, 17, 26, 35, 44, 53, 52, 61, 70, 71]
[00:00:00:07:837] ! Bidirectional. expansions: 1,385, time: 7,357 [ms], path length: 39 [edges], g_F: 20, g_B: 19, generated: {'F': 1,521, 'B': 1,044}, MM: 1, MMPER: 1.5%
[00:00:00:07:837] 
---------- SM_Grids/8x9_grid_with_random_blocks_12per_3 ----------
[00:00:00:00:158] Expansion 31: New longest path found with length 31: [0, 9, 18, 27, 36, 37, 46, 55, 64, 65, 66, 57, 48, 39, 30, 31, 22, 13, 4, 5, 6, 7, 16, 25, 34, 43, 52, 51, 60, 69, 70, 71]
[00:00:00:00:253] Expansion 65: New longest path found with length 33: [0, 9, 18, 27, 36, 37, 46, 55, 64, 65, 66, 57, 48, 39, 30, 29, 20, 11, 2, 3, 4, 5, 6, 7, 16, 25, 34, 43, 52, 51, 60, 69, 70, 71]
[00:00:00:00:625] Expansion 190: New longest path found with length 35: [0, 9, 18, 27, 36, 37, 46, 55, 64, 65, 66, 57, 48, 39, 40, 31, 22, 21, 20, 11, 2, 3, 4, 5, 6, 7, 16, 25, 34, 43, 52, 51, 60, 69, 70, 71]
[00:00:00:48:543] Expansion 16,470: New longest path found with length 37: [0, 9, 18, 27, 28, 37, 46, 45, 54, 63, 64, 65, 56, 57, 48, 39, 40, 31, 22, 21, 20, 11, 2, 3, 4, 5, 6, 7, 16, 25, 34, 43, 52, 51, 60, 69, 70, 71]
[00:00:01:14:789] Path of length 37 found: [0, 9, 18, 27, 28, 37, 46, 45, 54, 63, 64, 65, 56, 57, 48, 39, 40, 31, 22, 21, 20, 11, 2, 3, 4, 5, 6, 7, 16, 25, 34, 43, 52, 51, 60, 69, 70, 71]
[00:00:01:14:789] ! Unidirectional s-t. expansions: 24,350, time: 74,789 [ms], path length: 37 [edges], generated: 38,078
[00:00:00:00:163] Expansion 36: New longest path found with length 37: [71, 70, 61, 52, 43, 34, 25, 16, 7, 6, 5, 4, 3, 2, 11, 20, 21, 30, 31, 40, 41, 50, 59, 58, 57, 66, 65, 64, 63, 54, 45, 46, 37, 28, 27, 18, 9, 0]
[00:00:00:18:673] Path of length 37 found: [71, 70, 61, 52, 43, 34, 25, 16, 7, 6, 5, 4, 3, 2, 11, 20, 21, 30, 31, 40, 41, 50, 59, 58, 57, 66, 65, 64, 63, 54, 45, 46, 37, 28, 27, 18, 9, 0]
[00:00:00:18:674] ! Unidirectional t-s. expansions: 5,334, time: 18,674 [ms], path length: 37 [edges], generated: 8,891
[00:00:00:00:171] Expansion 35: New longest path found with length 35: [0, 9, 18, 27, 36, 45, 54, 63, 64, 65, 66, 67, 58, 59, 50, 41, 32, 31, 30, 29, 20, 11, 12, 13, 14, 5, 6, 7, 16, 25, 34, 43, 52, 61, 70, 71]
[00:00:00:03:027] Expansion 872: New longest path found with length 37: [0, 9, 18, 27, 28, 37, 46, 45, 54, 63, 64, 65, 56, 57, 58, 59, 50, 41, 32, 31, 30, 21, 20, 11, 2, 3, 4, 5, 6, 7, 16, 25, 34, 43, 52, 61, 70, 71]
[00:00:00:17:135] Path of length 37 found: [0, 9, 18, 27, 28, 37, 46, 45, 54, 63, 64, 65, 56, 57, 58, 59, 50, 41, 32, 31, 30, 21, 20, 11, 2, 3, 4, 5, 6, 7, 16, 25, 34, 43, 52, 61, 70, 71]
[00:00:00:17:607] ! Bidirectional. expansions: 4,170, time: 17,135 [ms], path length: 37 [edges], g_F: 19, g_B: 18, generated: {'F': 3,674, 'B': 3,985}, MM: 1, MMPER: 1.6315789473684212%
[00:00:00:17:607] 
---------- SM_Grids/8x9_grid_with_random_blocks_12per_4 ----------
[00:00:00:00:162] Expansion 38: New longest path found with length 39: [0, 9, 18, 27, 36, 37, 46, 55, 64, 65, 66, 57, 48, 39, 40, 31, 22, 21, 20, 11, 2, 3, 4, 5, 14, 15, 16, 25, 26, 35, 44, 43, 52, 51, 50, 59, 68, 69, 70, 71]
[00:00:00:11:049] Path of length 39 found: [0, 9, 18, 27, 36, 37, 46, 55, 64, 65, 66, 57, 48, 39, 40, 31, 22, 21, 20, 11, 2, 3, 4, 5, 14, 15, 16, 25, 26, 35, 44, 43, 52, 51, 50, 59, 68, 69, 70, 71]
[00:00:00:11:049] ! Unidirectional s-t. expansions: 2,312, time: 11,049 [ms], path length: 39 [edges], generated: 4,136
[00:00:00:02:257] Expansion 995: New longest path found with length 19: [71, 62, 61, 52, 43, 44, 35, 26, 17, 16, 15, 14, 5, 4, 3, 2, 11, 10, 9, 0]
[00:00:00:02:315] Expansion 1,015: New longest path found with length 37: [71, 62, 61, 52, 43, 44, 35, 26, 17, 16, 15, 14, 5, 4, 3, 2, 11, 20, 21, 22, 31, 40, 41, 50, 59, 68, 67, 66, 57, 48, 47, 38, 37, 28, 27, 18, 9, 0]
[00:00:00:19:919] Expansion 5,948: New longest path found with length 39: [71, 70, 69, 68, 59, 50, 51, 52, 43, 44, 35, 26, 17, 16, 15, 14, 5, 4, 3, 2, 11, 20, 21, 22, 31, 40, 39, 48, 57, 66, 65, 64, 55, 46, 37, 28, 27, 18, 9, 0]
[00:00:00:20:530] Path of length 39 found: [71, 70, 69, 68, 59, 50, 51, 52, 43, 44, 35, 26, 17, 16, 15, 14, 5, 4, 3, 2, 11, 20, 21, 22, 31, 40, 39, 48, 57, 66, 65, 64, 55, 46, 37, 28, 27, 18, 9, 0]
[00:00:00:20:530] ! Unidirectional t-s. expansions: 6,098, time: 20,530 [ms], path length: 39 [edges], generated: 9,973
[00:00:00:00:218] Expansion 37: New longest path found with length 37: [0, 9, 18, 27, 36, 37, 46, 55, 64, 65, 66, 57, 58, 59, 50, 41, 40, 31, 22, 21, 20, 11, 2, 3, 4, 5, 14, 15, 16, 17, 26, 35, 44, 43, 52, 61, 62, 71]
[00:00:00:05:721] Expansion 1,279: New longest path found with length 39: [0, 9, 18, 27, 36, 37, 46, 55, 64, 65, 66, 57, 48, 39, 40, 31, 22, 21, 20, 11, 2, 3, 4, 5, 14, 15, 16, 17, 26, 35, 44, 43, 52, 51, 50, 59, 68, 69, 70, 71]
[00:00:00:10:706] Path of length 39 found: [0, 9, 18, 27, 36, 37, 46, 55, 64, 65, 66, 57, 48, 39, 40, 31, 22, 21, 20, 11, 2, 3, 4, 5, 14, 15, 16, 17, 26, 35, 44, 43, 52, 51, 50, 59, 68, 69, 70, 71]
[00:00:00:11:192] ! Bidirectional. expansions: 2,177, time: 10,706 [ms], path length: 39 [edges], g_F: 20, g_B: 19, generated: {'F': 2,029, 'B': 1,874}, MM: 1, MMPER: 1.5%
[00:00:00:11:193] 
---------- SM_Grids/8x9_grid_with_random_blocks_12per_5 ----------
[00:00:00:00:159] Expansion 34: New longest path found with length 35: [0, 9, 18, 19, 28, 37, 46, 45, 54, 63, 64, 65, 66, 57, 58, 59, 50, 41, 40, 39, 30, 21, 12, 3, 4, 5, 14, 23, 24, 25, 34, 43, 44, 53, 62, 71]
[00:00:00:00:312] Expansion 116: New longest path found with length 37: [0, 9, 18, 19, 28, 37, 46, 45, 54, 63, 64, 65, 66, 57, 58, 59, 50, 41, 40, 39, 30, 21, 12, 3, 4, 5, 6, 7, 8, 17, 26, 25, 34, 43, 44, 53, 62, 71]
[00:00:00:04:064] Expansion 1,307: New longest path found with length 41: [0, 9, 18, 19, 20, 11, 2, 3, 4, 13, 22, 23, 24, 15, 6, 7, 8, 17, 26, 35, 34, 43, 42, 41, 40, 39, 38, 37, 46, 45, 54, 63, 64, 65, 66, 57, 58, 59, 60, 69, 70, 71]
[00:00:00:16:802] Path of length 41 found: [0, 9, 18, 19, 20, 11, 2, 3, 4, 13, 22, 23, 24, 15, 6, 7, 8, 17, 26, 35, 34, 43, 42, 41, 40, 39, 38, 37, 46, 45, 54, 63, 64, 65, 66, 57, 58, 59, 60, 69, 70, 71]
[00:00:00:16:802] ! Unidirectional s-t. expansions: 4,253, time: 16,802 [ms], path length: 41 [edges], generated: 6,514
[00:00:00:00:126] Expansion 24: New longest path found with length 25: [71, 62, 61, 60, 51, 42, 41, 40, 49, 58, 57, 66, 65, 64, 63, 54, 45, 46, 47, 38, 29, 28, 27, 18, 9, 0]
[00:00:00:00:984] Expansion 450: New longest path found with length 31: [71, 62, 61, 60, 51, 42, 41, 40, 49, 58, 57, 66, 65, 64, 63, 54, 45, 46, 47, 38, 29, 30, 21, 22, 13, 4, 3, 2, 11, 10, 9, 0]
[00:00:00:01:020] Expansion 467: New longest path found with length 39: [71, 62, 61, 60, 51, 42, 41, 40, 49, 58, 57, 66, 65, 64, 63, 54, 45, 46, 47, 38, 29, 30, 21, 22, 23, 24, 25, 26, 17, 8, 7, 6, 5, 4, 3, 2, 11, 10, 9, 0]
[00:00:00:02:744] Expansion 941: New longest path found with length 41: [71, 62, 61, 60, 51, 42, 43, 44, 35, 26, 17, 8, 7, 6, 15, 14, 13, 4, 3, 2, 11, 20, 21, 30, 39, 40, 49, 58, 57, 66, 65, 64, 63, 54, 45, 46, 37, 28, 27, 18, 9, 0]
[00:00:00:22:067] Path of length 41 found: [71, 62, 61, 60, 51, 42, 43, 44, 35, 26, 17, 8, 7, 6, 15, 14, 13, 4, 3, 2, 11, 20, 21, 30, 39, 40, 49, 58, 57, 66, 65, 64, 63, 54, 45, 46, 37, 28, 27, 18, 9, 0]
[00:00:00:22:067] ! Unidirectional t-s. expansions: 5,435, time: 22,067 [ms], path length: 41 [edges], generated: 9,309
[00:00:00:00:165] Expansion 37: New longest path found with length 37: [0, 9, 18, 27, 28, 37, 46, 45, 54, 63, 64, 65, 66, 57, 58, 49, 40, 39, 30, 21, 22, 23, 24, 15, 6, 7, 8, 17, 26, 35, 44, 43, 42, 51, 60, 61, 62, 71]
[00:00:00:00:185] Expansion 47: New longest path found with length 41: [0, 9, 18, 27, 28, 37, 46, 45, 54, 63, 64, 65, 66, 57, 58, 49, 40, 39, 30, 21, 20, 11, 2, 3, 4, 13, 14, 15, 6, 7, 8, 17, 26, 35, 44, 43, 42, 51, 60, 61, 62, 71]
[00:00:00:05:880] Path of length 41 found: [0, 9, 18, 27, 28, 37, 46, 45, 54, 63, 64, 65, 66, 57, 58, 49, 40, 39, 30, 21, 20, 11, 2, 3, 4, 13, 14, 15, 6, 7, 8, 17, 26, 35, 44, 43, 42, 51, 60, 61, 62, 71]
[00:00:00:06:392] ! Bidirectional. expansions: 1,078, time: 5,880 [ms], path length: 41 [edges], g_F: 21, g_B: 20, generated: {'F': 1,038, 'B': 851}, MM: 1, MMPER: 1.380952380952381%
[00:00:00:06:392] 
---------- SM_Grids/8x9_grid_with_random_blocks_12per_6 ----------
[00:00:00:00:163] Expansion 36: New longest path found with length 37: [0, 1, 2, 11, 20, 19, 28, 37, 36, 45, 54, 63, 64, 65, 66, 57, 48, 39, 30, 31, 22, 13, 4, 5, 6, 7, 8, 17, 26, 25, 24, 33, 42, 43, 44, 53, 62, 71]
[00:00:00:00:964] Expansion 342: New longest path found with length 39: [0, 1, 2, 11, 20, 19, 28, 37, 36, 45, 54, 63, 64, 65, 66, 57, 48, 39, 40, 41, 42, 33, 24, 23, 22, 13, 4, 5, 6, 7, 16, 17, 26, 35, 44, 53, 52, 61, 70, 71]
[00:00:00:14:722] Path of length 39 found: [0, 1, 2, 11, 20, 19, 28, 37, 36, 45, 54, 63, 64, 65, 66, 57, 48, 39, 40, 41, 42, 33, 24, 23, 22, 13, 4, 5, 6, 7, 16, 17, 26, 35, 44, 53, 52, 61, 70, 71]
[00:00:00:14:723] ! Unidirectional s-t. expansions: 4,783, time: 14,722 [ms], path length: 39 [edges], generated: 7,363
[00:00:00:04:175] Expansion 1,907: New longest path found with length 17: [71, 70, 61, 52, 53, 44, 35, 26, 17, 8, 7, 6, 5, 4, 3, 2, 1, 0]
[00:00:00:05:289] Expansion 2,421: New longest path found with length 19: [71, 70, 61, 52, 53, 44, 35, 26, 17, 8, 7, 6, 5, 4, 3, 12, 11, 10, 1, 0]
[00:00:00:07:082] Expansion 3,224: New longest path found with length 31: [71, 70, 61, 52, 53, 44, 35, 26, 17, 8, 7, 6, 5, 4, 3, 12, 21, 22, 23, 24, 33, 42, 41, 40, 39, 38, 29, 28, 19, 10, 1, 0]
[00:00:00:07:114] Expansion 3,238: New longest path found with length 39: [71, 70, 61, 52, 53, 44, 35, 26, 17, 8, 7, 6, 5, 4, 3, 12, 21, 22, 23, 24, 33, 42, 41, 40, 39, 48, 57, 56, 65, 64, 63, 54, 45, 36, 37, 28, 19, 10, 1, 0]
[00:00:00:19:878] Path of length 39 found: [71, 70, 61, 52, 53, 44, 35, 26, 17, 8, 7, 6, 5, 4, 3, 12, 21, 22, 23, 24, 33, 42, 41, 40, 39, 48, 57, 56, 65, 64, 63, 54, 45, 36, 37, 28, 19, 10, 1, 0]
[00:00:00:19:878] ! Unidirectional t-s. expansions: 5,794, time: 19,878 [ms], path length: 39 [edges], generated: 8,977
[00:00:00:00:149] Expansion 30: New longest path found with length 31: [0, 1, 10, 19, 28, 29, 38, 39, 40, 41, 42, 33, 24, 23, 22, 21, 12, 3, 4, 5, 6, 7, 8, 17, 26, 35, 44, 53, 52, 61, 70, 71]
[00:00:00:00:273] Expansion 62: New longest path found with length 33: [0, 1, 10, 19, 28, 37, 36, 45, 54, 63, 64, 65, 66, 57, 48, 39, 30, 21, 12, 3, 4, 5, 6, 15, 24, 33, 34, 35, 44, 53, 52, 61, 70, 71]
[00:00:00:00:279] Expansion 65: New longest path found with length 35: [0, 1, 10, 19, 28, 37, 36, 45, 54, 63, 64, 65, 66, 57, 48, 39, 40, 31, 22, 21, 12, 3, 4, 5, 6, 15, 24, 33, 34, 35, 44, 53, 52, 61, 70, 71]
[00:00:00:00:619] Expansion 157: New longest path found with length 39: [0, 1, 10, 19, 28, 37, 36, 45, 54, 63, 64, 65, 66, 57, 48, 39, 40, 41, 42, 33, 24, 23, 22, 21, 12, 3, 4, 5, 6, 7, 8, 17, 26, 35, 44, 53, 52, 61, 70, 71]
[00:00:00:07:443] Path of length 39 found: [0, 1, 10, 19, 28, 37, 36, 45, 54, 63, 64, 65, 66, 57, 48, 39, 40, 41, 42, 33, 24, 23, 22, 21, 12, 3, 4, 5, 6, 7, 8, 17, 26, 35, 44, 53, 52, 61, 70, 71]
[00:00:00:07:926] ! Bidirectional. expansions: 1,486, time: 7,444 [ms], path length: 39 [edges], g_F: 20, g_B: 19, generated: {'F': 1,414, 'B': 1,248}, MM: 1, MMPER: 1.5%
[00:00:00:07:926] 
---------- SM_Grids/8x9_grid_with_random_blocks_12per_7 ----------
[00:00:00:00:229] Expansion 63: New longest path found with length 21: [0, 1, 2, 3, 4, 5, 14, 23, 22, 31, 40, 49, 58, 67, 68, 69, 60, 51, 52, 53, 62, 71]
[00:00:00:00:386] Expansion 95: New longest path found with length 23: [0, 1, 2, 3, 4, 5, 14, 23, 24, 25, 34, 43, 42, 41, 40, 49, 58, 67, 68, 69, 60, 61, 62, 71]
[00:00:00:00:631] Expansion 143: New longest path found with length 27: [0, 1, 2, 3, 4, 5, 14, 15, 16, 17, 26, 35, 34, 33, 32, 31, 40, 49, 58, 67, 68, 69, 60, 51, 52, 53, 62, 71]
[00:00:00:01:395] Expansion 289: New longest path found with length 29: [0, 1, 2, 3, 4, 5, 6, 7, 8, 17, 26, 35, 34, 33, 24, 23, 22, 31, 40, 49, 58, 67, 68, 69, 60, 51, 52, 53, 62, 71]
[00:00:00:05:762] Expansion 1,219: New longest path found with length 31: [0, 1, 2, 11, 20, 29, 30, 31, 22, 13, 4, 5, 6, 7, 8, 17, 26, 25, 24, 33, 42, 41, 50, 49, 58, 67, 68, 69, 60, 61, 62, 71]
[00:00:00:11:208] Path of length 31 found: [0, 1, 2, 11, 20, 29, 30, 31, 22, 13, 4, 5, 6, 7, 8, 17, 26, 25, 24, 33, 42, 41, 50, 49, 58, 67, 68, 69, 60, 61, 62, 71]
[00:00:00:11:208] ! Unidirectional s-t. expansions: 2,505, time: 11,208 [ms], path length: 31 [edges], generated: 4,641
[00:00:00:00:599] Expansion 185: New longest path found with length 17: [71, 62, 53, 52, 43, 34, 35, 26, 17, 8, 7, 6, 5, 4, 3, 2, 1, 0]
[00:00:00:01:280] Expansion 402: New longest path found with length 21: [71, 62, 53, 52, 43, 34, 35, 26, 17, 8, 7, 6, 5, 4, 13, 22, 21, 20, 11, 2, 1, 0]
[00:00:00:01:304] Expansion 409: New longest path found with length 23: [71, 62, 53, 52, 43, 34, 35, 26, 17, 8, 7, 6, 5, 4, 13, 22, 31, 30, 29, 20, 11, 2, 1, 0]
[00:00:00:03:206] Expansion 830: New longest path found with length 25: [71, 62, 53, 52, 43, 42, 33, 24, 25, 26, 17, 8, 7, 6, 5, 14, 13, 22, 31, 30, 29, 20, 11, 2, 1, 0]
[00:00:00:03:455] Expansion 881: New longest path found with length 31: [71, 62, 53, 52, 51, 60, 69, 68, 67, 58, 49, 40, 41, 32, 33, 24, 25, 26, 17, 8, 7, 6, 5, 14, 13, 22, 21, 20, 11, 2, 1, 0]
[00:00:00:15:866] Path of length 31 found: [71, 62, 53, 52, 51, 60, 69, 68, 67, 58, 49, 40, 41, 32, 33, 24, 25, 26, 17, 8, 7, 6, 5, 14, 13, 22, 21, 20, 11, 2, 1, 0]
[00:00:00:15:867] ! Unidirectional t-s. expansions: 3,836, time: 15,866 [ms], path length: 31 [edges], generated: 6,557
[00:00:00:00:128] Expansion 22: New longest path found with length 23: [0, 1, 2, 11, 20, 29, 30, 31, 32, 23, 14, 5, 6, 7, 8, 17, 26, 35, 34, 43, 52, 53, 62, 71]
[00:00:00:00:260] Expansion 54: New longest path found with length 25: [0, 1, 2, 11, 20, 29, 30, 31, 22, 13, 4, 5, 6, 7, 8, 17, 26, 25, 24, 33, 42, 43, 52, 53, 62, 71]
[00:00:00:00:568] Expansion 114: New longest path found with length 27: [0, 1, 2, 11, 20, 21, 22, 13, 4, 5, 6, 7, 16, 25, 24, 33, 32, 41, 40, 49, 58, 59, 60, 51, 52, 53, 62, 71]
[00:00:00:00:578] Expansion 119: New longest path found with length 29: [0, 1, 2, 11, 20, 21, 22, 13, 4, 5, 6, 7, 16, 17, 26, 35, 34, 33, 32, 41, 40, 49, 58, 59, 60, 51, 52, 53, 62, 71]
[00:00:00:00:647] Expansion 139: New longest path found with length 31: [0, 1, 2, 11, 20, 21, 22, 13, 4, 5, 6, 7, 8, 17, 26, 25, 24, 33, 32, 41, 40, 49, 58, 67, 68, 69, 60, 51, 52, 53, 62, 71]
[00:00:00:04:778] Path of length 31 found: [0, 1, 2, 11, 20, 21, 22, 13, 4, 5, 6, 7, 8, 17, 26, 25, 24, 33, 32, 41, 40, 49, 58, 67, 68, 69, 60, 51, 52, 53, 62, 71]
[00:00:00:05:291] ! Bidirectional. expansions: 828, time: 4,778 [ms], path length: 31 [edges], g_F: 16, g_B: 15, generated: {'F': 849, 'B': 847}, MM: 1, MMPER: 2.125%
[00:00:00:05:291] 
---------- SM_Grids/8x9_grid_with_random_blocks_12per_8 ----------
[00:00:00:00:155] Expansion 34: New longest path found with length 35: [0, 9, 18, 19, 28, 37, 36, 45, 54, 55, 64, 65, 66, 57, 48, 39, 30, 21, 12, 3, 4, 5, 6, 7, 16, 25, 24, 23, 32, 41, 50, 59, 68, 69, 70, 71]
[00:00:00:00:190] Expansion 54: New longest path found with length 37: [0, 9, 18, 19, 28, 37, 36, 45, 54, 55, 64, 65, 66, 57, 48, 39, 30, 21, 12, 3, 4, 5, 6, 7, 16, 25, 26, 35, 44, 53, 52, 51, 50, 59, 68, 69, 70, 71]
[00:00:00:00:540] Expansion 171: New longest path found with length 39: [0, 9, 18, 19, 28, 37, 36, 45, 54, 55, 64, 65, 66, 57, 48, 39, 40, 31, 22, 21, 12, 3, 4, 5, 14, 15, 24, 25, 26, 35, 44, 53, 52, 51, 50, 59, 68, 69, 70, 71]
[00:00:00:27:513] Expansion 5,951: New longest path found with length 41: [0, 1, 2, 3, 12, 21, 20, 19, 18, 27, 36, 45, 54, 55, 64, 65, 66, 57, 48, 39, 40, 31, 32, 23, 14, 5, 6, 7, 16, 25, 26, 35, 44, 53, 52, 51, 50, 59, 68, 69, 70, 71]
[00:00:00:29:805] Path of length 41 found: [0, 1, 2, 3, 12, 21, 20, 19, 18, 27, 36, 45, 54, 55, 64, 65, 66, 57, 48, 39, 40, 31, 32, 23, 14, 5, 6, 7, 16, 25, 26, 35, 44, 53, 52, 51, 50, 59, 68, 69, 70, 71]
[00:00:00:29:805] ! Unidirectional s-t. expansions: 6,427, time: 29,805 [ms], path length: 41 [edges], generated: 11,250
[00:00:00:00:168] Expansion 37: New longest path found with length 35: [71, 70, 69, 68, 59, 50, 51, 52, 53, 44, 35, 26, 25, 16, 7, 6, 5, 14, 23, 32, 31, 40, 39, 48, 47, 56, 55, 54, 45, 36, 27, 18, 19, 10, 1, 0]
[00:00:00:00:177] Expansion 43: New longest path found with length 39: [71, 70, 69, 68, 59, 50, 51, 52, 53, 44, 35, 26, 25, 16, 7, 6, 5, 14, 23, 32, 31, 40, 39, 48, 47, 56, 55, 54, 45, 36, 27, 18, 19, 20, 21, 12, 3, 2, 1, 0]
[00:00:00:00:324] Expansion 112: New longest path found with length 41: [71, 70, 69, 68, 59, 50, 51, 52, 53, 44, 35, 26, 25, 16, 7, 6, 5, 14, 23, 32, 31, 40, 39, 48, 57, 66, 65, 64, 55, 54, 45, 36, 27, 18, 19, 20, 21, 12, 3, 2, 1, 0]
[00:00:00:05:077] Path of length 41 found: [71, 70, 69, 68, 59, 50, 51, 52, 53, 44, 35, 26, 25, 16, 7, 6, 5, 14, 23, 32, 31, 40, 39, 48, 57, 66, 65, 64, 55, 54, 45, 36, 27, 18, 19, 20, 21, 12, 3, 2, 1, 0]
[00:00:00:05:077] ! Unidirectional t-s. expansions: 1,079, time: 5,077 [ms], path length: 41 [edges], generated: 1,957
[00:00:00:00:172] Expansion 39: New longest path found with length 39: [0, 9, 18, 19, 28, 37, 36, 45, 54, 55, 64, 65, 66, 57, 48, 39, 40, 31, 22, 21, 12, 3, 4, 5, 6, 7, 16, 25, 26, 35, 44, 53, 52, 51, 50, 59, 68, 69, 70, 71]
[00:00:00:09:228] Expansion 2,068: New longest path found with length 41: [0, 1, 2, 3, 12, 21, 20, 19, 18, 27, 36, 45, 54, 55, 64, 65, 66, 57, 48, 39, 40, 31, 32, 23, 14, 5, 6, 7, 16, 25, 26, 35, 44, 53, 52, 51, 50, 59, 68, 69, 70, 71]
[00:00:00:10:252] Path of length 41 found: [0, 1, 2, 3, 12, 21, 20, 19, 18, 27, 36, 45, 54, 55, 64, 65, 66, 57, 48, 39, 40, 31, 32, 23, 14, 5, 6, 7, 16, 25, 26, 35, 44, 53, 52, 51, 50, 59, 68, 69, 70, 71]
[00:00:00:10:736] ! Bidirectional. expansions: 2,249, time: 10,252 [ms], path length: 41 [edges], g_F: 21, g_B: 20, generated: {'F': 2,001, 'B': 1,702}, MM: 1, MMPER: 1.380952380952381%
[00:00:00:10:736] 
---------- SM_Grids/8x9_grid_with_random_blocks_12per_9 ----------
[00:00:00:00:159] Expansion 38: New longest path found with length 39: [0, 9, 18, 19, 28, 29, 38, 47, 46, 45, 54, 63, 64, 65, 66, 67, 58, 59, 50, 41, 32, 31, 22, 21, 12, 3, 4, 5, 6, 7, 8, 17, 26, 25, 34, 43, 44, 53, 62, 71]
[00:00:00:28:030] Path of length 39 found: [0, 9, 18, 19, 28, 29, 38, 47, 46, 45, 54, 63, 64, 65, 66, 67, 58, 59, 50, 41, 32, 31, 22, 21, 12, 3, 4, 5, 6, 7, 8, 17, 26, 25, 34, 43, 44, 53, 62, 71]
[00:00:00:28:030] ! Unidirectional s-t. expansions: 7,321, time: 28,030 [ms], path length: 39 [edges], generated: 10,907
[00:00:00:00:102] Expansion 18: New longest path found with length 19: [71, 62, 61, 52, 43, 44, 35, 26, 17, 8, 7, 6, 5, 14, 13, 12, 3, 2, 1, 0]
[00:00:00:00:167] Expansion 39: New longest path found with length 37: [71, 62, 61, 52, 43, 44, 35, 26, 17, 8, 7, 6, 5, 14, 13, 12, 21, 30, 31, 32, 41, 50, 59, 58, 67, 66, 65, 64, 63, 54, 45, 46, 37, 28, 27, 18, 9, 0]
[00:00:00:03:396] Expansion 1,288: New longest path found with length 39: [71, 62, 61, 52, 43, 44, 35, 26, 17, 8, 7, 6, 5, 4, 3, 2, 11, 20, 21, 22, 31, 32, 41, 50, 59, 58, 67, 66, 65, 64, 63, 54, 45, 46, 37, 28, 27, 18, 9, 0]
[00:00:01:17:151] Path of length 39 found: [71, 62, 61, 52, 43, 44, 35, 26, 17, 8, 7, 6, 5, 4, 3, 2, 11, 20, 21, 22, 31, 32, 41, 50, 59, 58, 67, 66, 65, 64, 63, 54, 45, 46, 37, 28, 27, 18, 9, 0]
[00:00:01:17:151] ! Unidirectional t-s. expansions: 23,533, time: 77,151 [ms], path length: 39 [edges], generated: 39,639
[00:00:00:00:166] Expansion 38: New longest path found with length 39: [0, 9, 18, 19, 28, 29, 38, 47, 46, 45, 54, 63, 64, 65, 66, 67, 58, 59, 50, 41, 32, 31, 22, 21, 12, 3, 4, 5, 6, 7, 8, 17, 26, 35, 44, 43, 52, 61, 62, 71]
[00:00:00:55:384] Path of length 39 found: [0, 9, 18, 19, 28, 29, 38, 47, 46, 45, 54, 63, 64, 65, 66, 67, 58, 59, 50, 41, 32, 31, 22, 21, 12, 3, 4, 5, 6, 7, 8, 17, 26, 35, 44, 43, 52, 61, 62, 71]
[00:00:00:55:849] ! Bidirectional. expansions: 13,585, time: 55,384 [ms], path length: 39 [edges], g_F: 20, g_B: 19, generated: {'F': 11,542, 'B': 10,732}, MM: 1, MMPER: 1.5%

[00:00:00:55:849] average expansions: (7,117, 7,835, 3,567, 0)
[00:00:00:55:849] average time: (27,761, 28,649, 16,162, 0)
[00:00:00:55:849] X-DFBnB: 7,117 , 27,761 (expansions , time[ms])
[00:00:00:55:849] BiX-DFBnB: 3,567 , 16,162 (expansions , time[ms])

