Thu 19 Mar 2026 16:00:21 IST

SLURM_JOBID:		 16118889
SLURM_JOB_NODELIST:	 ise-cpu256-01 

--------------------------
date: SM_Grids
number_of_graphs: 10
graph_type: grid
size_of_graphs: [9, 9]
heuristic: bcc_heuristic
snake: True
run_uni: True
run_bi: True
run_multi: False
solution_vertices: []
algorithms: ['DFBnB']
bsd: False
cube_first_dims: 4
cube_buffer_dim: None
backward_sym_generation: False
sym_coil: False
prefix_set: None

---------- SM_Grids/9x9_grid_with_random_blocks_12per_0 ----------
[00:00:00:00:182] Expansion 48: New longest path found with length 44: [0, 1, 2, 11, 12, 21, 22, 23, 14, 5, 6, 7, 16, 17, 26, 35, 34, 33, 42, 41, 50, 49, 48, 39, 38, 29, 28, 27, 36, 45, 54, 63, 72, 73, 74, 65, 66, 67, 76, 77, 78, 69, 70, 71, 80]
[00:00:00:24:240] Expansion 5,031: New longest path found with length 46: [0, 1, 2, 3, 4, 5, 6, 7, 16, 17, 26, 35, 44, 53, 52, 51, 42, 33, 24, 23, 22, 21, 20, 19, 18, 27, 36, 45, 54, 63, 72, 73, 74, 65, 56, 47, 48, 49, 58, 67, 76, 77, 78, 69, 70, 71, 80]
[00:00:00:44:307] Path of length 46 found: [0, 1, 2, 3, 4, 5, 6, 7, 16, 17, 26, 35, 44, 53, 52, 51, 42, 33, 24, 23, 22, 21, 20, 19, 18, 27, 36, 45, 54, 63, 72, 73, 74, 65, 56, 47, 48, 49, 58, 67, 76, 77, 78, 69, 70, 71, 80]
[00:00:00:44:307] ! Unidirectional s-t. expansions: 8,540, time: 44,307 [ms], path length: 46 [edges], generated: 15,715
[00:00:00:00:182] Expansion 29: New longest path found with length 30: [80, 71, 70, 69, 78, 77, 76, 67, 58, 59, 50, 41, 42, 43, 44, 35, 26, 17, 8, 7, 6, 5, 14, 23, 22, 21, 20, 11, 2, 1, 0]
[00:00:00:08:302] Expansion 1,724: New longest path found with length 34: [80, 71, 70, 69, 78, 77, 76, 67, 58, 49, 48, 47, 56, 65, 74, 73, 72, 63, 54, 45, 36, 27, 18, 19, 20, 21, 22, 23, 14, 5, 4, 3, 2, 1, 0]
[00:00:00:08:343] Expansion 1,742: New longest path found with length 46: [80, 71, 70, 69, 78, 77, 76, 67, 58, 49, 48, 47, 56, 65, 74, 73, 72, 63, 54, 45, 36, 27, 18, 19, 20, 21, 22, 23, 24, 33, 42, 51, 52, 53, 44, 35, 26, 17, 8, 7, 6, 5, 4, 3, 2, 1, 0]
[00:00:00:26:515] Path of length 46 found: [80, 71, 70, 69, 78, 77, 76, 67, 58, 49, 48, 47, 56, 65, 74, 73, 72, 63, 54, 45, 36, 27, 18, 19, 20, 21, 22, 23, 24, 33, 42, 51, 52, 53, 44, 35, 26, 17, 8, 7, 6, 5, 4, 3, 2, 1, 0]
[00:00:00:26:515] ! Unidirectional t-s. expansions: 5,150, time: 26,515 [ms], path length: 46 [edges], generated: 8,627
[00:00:00:00:177] Expansion 29: New longest path found with length 30: [0, 1, 2, 11, 12, 21, 22, 23, 14, 5, 6, 7, 8, 17, 26, 25, 34, 43, 42, 41, 50, 49, 58, 67, 76, 77, 78, 69, 70, 71, 80]
[00:00:00:00:504] Expansion 106: New longest path found with length 44: [0, 1, 2, 11, 12, 21, 22, 23, 14, 5, 6, 7, 8, 17, 26, 25, 34, 43, 42, 41, 50, 49, 48, 47, 38, 29, 28, 27, 36, 45, 54, 63, 72, 73, 74, 65, 66, 67, 76, 77, 78, 69, 70, 71, 80]
[00:00:00:06:884] Expansion 1,519: New longest path found with length 46: [0, 1, 2, 3, 4, 5, 6, 7, 8, 17, 26, 35, 44, 53, 52, 51, 42, 33, 24, 23, 22, 21, 20, 19, 18, 27, 36, 45, 54, 63, 72, 73, 74, 65, 56, 47, 48, 49, 58, 67, 76, 77, 78, 69, 70, 71, 80]
[00:00:00:10:691] Path of length 46 found: [0, 1, 2, 3, 4, 5, 6, 7, 8, 17, 26, 35, 44, 53, 52, 51, 42, 33, 24, 23, 22, 21, 20, 19, 18, 27, 36, 45, 54, 63, 72, 73, 74, 65, 56, 47, 48, 49, 58, 67, 76, 77, 78, 69, 70, 71, 80]
[00:00:00:11:265] ! Bidirectional. expansions: 2,167, time: 10,691 [ms], path length: 46 [edges], g_F: 24, g_B: 22, generated: {'F': 1,745, 'B': 1,869}, MM: 2, MMPER: 3.25531914893617%
[00:00:00:11:265] 
---------- SM_Grids/9x9_grid_with_random_blocks_12per_1 ----------
[00:00:00:00:238] Expansion 43: New longest path found with length 44: [0, 9, 10, 19, 20, 29, 38, 37, 46, 45, 54, 63, 72, 73, 74, 65, 66, 57, 48, 49, 40, 41, 32, 23, 22, 13, 4, 5, 6, 15, 16, 25, 26, 35, 44, 43, 52, 51, 60, 59, 68, 77, 78, 79, 80]
[00:00:00:08:871] Expansion 2,112: New longest path found with length 46: [0, 9, 10, 19, 20, 29, 30, 39, 40, 49, 58, 57, 56, 47, 46, 45, 54, 63, 72, 73, 74, 75, 76, 77, 68, 69, 60, 51, 42, 33, 32, 23, 22, 13, 4, 5, 6, 15, 16, 25, 26, 35, 44, 53, 62, 71, 80]
[00:00:00:51:967] Path of length 46 found: [0, 9, 10, 19, 20, 29, 30, 39, 40, 49, 58, 57, 56, 47, 46, 45, 54, 63, 72, 73, 74, 75, 76, 77, 68, 69, 60, 51, 42, 33, 32, 23, 22, 13, 4, 5, 6, 15, 16, 25, 26, 35, 44, 53, 62, 71, 80]
[00:00:00:51:967] ! Unidirectional s-t. expansions: 10,728, time: 51,967 [ms], path length: 46 [edges], generated: 18,091
[00:00:00:00:140] Expansion 21: New longest path found with length 22: [80, 71, 62, 61, 52, 43, 44, 35, 26, 17, 8, 7, 6, 5, 4, 3, 12, 21, 20, 19, 10, 1, 0]
[00:00:00:00:215] Expansion 36: New longest path found with length 28: [80, 71, 62, 61, 52, 43, 44, 35, 26, 17, 8, 7, 6, 5, 4, 13, 22, 23, 32, 41, 40, 39, 30, 29, 20, 11, 2, 1, 0]
[00:00:00:00:291] Expansion 59: New longest path found with length 40: [80, 71, 62, 61, 52, 43, 44, 35, 26, 17, 8, 7, 6, 5, 4, 13, 22, 23, 32, 41, 40, 49, 48, 57, 66, 65, 74, 73, 72, 63, 54, 45, 46, 37, 38, 29, 20, 11, 2, 1, 0]
[00:00:00:00:461] Expansion 118: New longest path found with length 42: [80, 71, 62, 61, 52, 43, 44, 35, 26, 17, 8, 7, 6, 5, 4, 13, 22, 23, 32, 41, 40, 49, 58, 59, 68, 77, 76, 75, 74, 73, 72, 63, 54, 45, 46, 37, 38, 29, 20, 11, 2, 1, 0]
[00:00:00:03:490] Expansion 693: New longest path found with length 46: [80, 71, 62, 61, 60, 69, 78, 77, 76, 67, 58, 57, 56, 65, 74, 73, 72, 63, 54, 45, 46, 37, 38, 29, 30, 21, 22, 23, 32, 41, 42, 43, 44, 35, 26, 17, 8, 7, 6, 5, 4, 3, 2, 11, 10, 9, 0]
[00:00:00:36:017] Path of length 46 found: [80, 71, 62, 61, 60, 69, 78, 77, 76, 67, 58, 57, 56, 65, 74, 73, 72, 63, 54, 45, 46, 37, 38, 29, 30, 21, 22, 23, 32, 41, 42, 43, 44, 35, 26, 17, 8, 7, 6, 5, 4, 3, 2, 11, 10, 9, 0]
[00:00:00:36:018] ! Unidirectional t-s. expansions: 7,040, time: 36,018 [ms], path length: 46 [edges], generated: 12,256
[00:00:00:00:211] Expansion 40: New longest path found with length 40: [0, 9, 10, 19, 20, 29, 38, 37, 46, 45, 54, 63, 72, 73, 74, 65, 66, 67, 58, 49, 40, 41, 32, 23, 22, 13, 4, 5, 6, 7, 8, 17, 26, 35, 44, 43, 52, 61, 62, 71, 80]
[00:00:00:00:258] Expansion 54: New longest path found with length 42: [0, 9, 10, 19, 20, 29, 38, 37, 46, 45, 54, 63, 72, 73, 74, 75, 76, 77, 68, 59, 58, 49, 40, 41, 32, 23, 22, 13, 4, 5, 6, 7, 8, 17, 26, 35, 44, 43, 52, 61, 62, 71, 80]
[00:00:00:02:298] Expansion 559: New longest path found with length 46: [0, 9, 10, 19, 20, 21, 12, 3, 4, 5, 6, 15, 16, 25, 26, 35, 44, 43, 42, 33, 32, 31, 40, 39, 38, 37, 46, 45, 54, 63, 72, 73, 74, 65, 56, 57, 58, 67, 76, 77, 78, 69, 60, 61, 62, 71, 80]
[00:00:00:35:836] Path of length 46 found: [0, 9, 10, 19, 20, 21, 12, 3, 4, 5, 6, 15, 16, 25, 26, 35, 44, 43, 42, 33, 32, 31, 40, 39, 38, 37, 46, 45, 54, 63, 72, 73, 74, 65, 56, 57, 58, 67, 76, 77, 78, 69, 60, 61, 62, 71, 80]
[00:00:00:36:386] ! Bidirectional. expansions: 7,407, time: 35,836 [ms], path length: 46 [edges], g_F: 24, g_B: 22, generated: {'F': 5,562, 'B': 5,730}, MM: 2, MMPER: 3.25531914893617%
[00:00:00:36:386] 
---------- SM_Grids/9x9_grid_with_random_blocks_12per_2 ----------
[00:00:00:00:214] Expansion 45: New longest path found with length 44: [0, 9, 18, 27, 28, 29, 20, 11, 12, 13, 22, 31, 40, 39, 48, 47, 46, 55, 64, 73, 74, 75, 66, 67, 58, 59, 50, 51, 42, 33, 24, 15, 6, 7, 8, 17, 26, 35, 44, 53, 62, 61, 70, 79, 80]
[00:00:00:57:447] Path of length 44 found: [0, 9, 18, 27, 28, 29, 20, 11, 12, 13, 22, 31, 40, 39, 48, 47, 46, 55, 64, 73, 74, 75, 66, 67, 58, 59, 50, 51, 42, 33, 24, 15, 6, 7, 8, 17, 26, 35, 44, 53, 62, 61, 70, 79, 80]
[00:00:00:57:447] ! Unidirectional s-t. expansions: 10,771, time: 57,447 [ms], path length: 44 [edges], generated: 18,738
[00:00:00:00:159] Expansion 25: New longest path found with length 26: [80, 71, 62, 61, 60, 51, 42, 43, 44, 35, 26, 17, 8, 7, 6, 5, 14, 13, 22, 21, 20, 29, 28, 27, 18, 9, 0]
[00:00:00:00:233] Expansion 44: New longest path found with length 38: [80, 71, 62, 61, 60, 51, 42, 43, 44, 35, 26, 17, 8, 7, 6, 5, 14, 13, 22, 31, 40, 49, 48, 57, 66, 75, 74, 73, 64, 55, 46, 37, 38, 29, 20, 11, 2, 1, 0]
[00:00:00:00:494] Expansion 131: New longest path found with length 40: [80, 71, 62, 61, 60, 51, 42, 43, 44, 35, 26, 17, 8, 7, 6, 5, 14, 13, 22, 31, 40, 49, 58, 67, 76, 75, 74, 73, 64, 55, 56, 47, 38, 37, 28, 19, 20, 11, 2, 1, 0]
[00:00:00:13:634] Expansion 3,346: New longest path found with length 42: [80, 71, 62, 53, 44, 35, 26, 17, 8, 7, 6, 15, 24, 33, 42, 51, 60, 69, 78, 77, 76, 67, 66, 65, 64, 55, 46, 47, 48, 39, 40, 31, 22, 13, 12, 11, 20, 29, 28, 27, 18, 9, 0]
[00:00:00:24:461] Expansion 5,802: New longest path found with length 44: [80, 71, 62, 53, 44, 43, 42, 33, 24, 25, 26, 17, 8, 7, 6, 5, 14, 13, 22, 31, 40, 49, 50, 59, 60, 69, 78, 77, 76, 75, 74, 73, 64, 55, 56, 47, 38, 37, 28, 19, 20, 11, 2, 1, 0]
[00:00:01:06:993] Path of length 44 found: [80, 71, 62, 53, 44, 43, 42, 33, 24, 25, 26, 17, 8, 7, 6, 5, 14, 13, 22, 31, 40, 49, 50, 59, 60, 69, 78, 77, 76, 75, 74, 73, 64, 55, 56, 47, 38, 37, 28, 19, 20, 11, 2, 1, 0]
[00:00:01:06:993] ! Unidirectional t-s. expansions: 14,387, time: 66,993 [ms], path length: 44 [edges], generated: 24,196
[00:00:00:00:219] Expansion 41: New longest path found with length 42: [0, 9, 18, 27, 28, 29, 20, 11, 12, 13, 22, 31, 40, 39, 48, 47, 46, 55, 64, 73, 74, 75, 76, 77, 78, 69, 60, 51, 42, 33, 24, 15, 6, 7, 8, 17, 26, 35, 44, 53, 62, 71, 80]
[00:00:00:13:209] Expansion 2,464: New longest path found with length 44: [0, 9, 10, 11, 20, 29, 28, 37, 46, 55, 64, 73, 74, 75, 76, 77, 78, 69, 60, 59, 58, 57, 48, 39, 40, 31, 22, 13, 14, 5, 6, 7, 8, 17, 26, 25, 24, 33, 42, 43, 44, 53, 62, 71, 80]
[00:00:00:37:520] Path of length 44 found: [0, 9, 10, 11, 20, 29, 28, 37, 46, 55, 64, 73, 74, 75, 76, 77, 78, 69, 60, 59, 58, 57, 48, 39, 40, 31, 22, 13, 14, 5, 6, 7, 8, 17, 26, 25, 24, 33, 42, 43, 44, 53, 62, 71, 80]
[00:00:00:38:061] ! Bidirectional. expansions: 6,207, time: 37,521 [ms], path length: 44 [edges], g_F: 23, g_B: 21, generated: {'F': 5,801, 'B': 5,567}, MM: 2, MMPER: 3.4444444444444446%
[00:00:00:38:062] 
---------- SM_Grids/9x9_grid_with_random_blocks_12per_3 ----------
[00:00:00:00:212] Expansion 39: New longest path found with length 40: [0, 1, 10, 19, 28, 37, 46, 45, 54, 63, 72, 73, 74, 75, 66, 67, 58, 49, 40, 31, 22, 21, 12, 3, 4, 5, 14, 15, 16, 17, 26, 35, 34, 33, 42, 51, 60, 69, 78, 79, 80]
[00:00:00:00:353] Expansion 89: New longest path found with length 44: [0, 1, 10, 19, 28, 37, 46, 45, 54, 63, 72, 73, 74, 75, 66, 67, 58, 49, 40, 31, 22, 21, 12, 3, 4, 5, 6, 7, 8, 17, 26, 25, 24, 33, 42, 43, 44, 53, 62, 61, 60, 69, 78, 79, 80]
[00:00:00:04:529] Expansion 1,306: New longest path found with length 46: [0, 1, 10, 19, 28, 37, 46, 45, 54, 63, 72, 73, 74, 75, 76, 67, 58, 57, 48, 39, 40, 31, 22, 21, 12, 3, 4, 5, 6, 7, 8, 17, 26, 25, 24, 33, 42, 43, 44, 53, 62, 61, 60, 69, 78, 79, 80]
[00:00:00:34:246] Path of length 46 found: [0, 1, 10, 19, 28, 37, 46, 45, 54, 63, 72, 73, 74, 75, 76, 67, 58, 57, 48, 39, 40, 31, 22, 21, 12, 3, 4, 5, 6, 7, 8, 17, 26, 25, 24, 33, 42, 43, 44, 53, 62, 61, 60, 69, 78, 79, 80]
[00:00:00:34:246] ! Unidirectional s-t. expansions: 7,288, time: 34,246 [ms], path length: 46 [edges], generated: 12,309
[00:00:00:00:213] Expansion 41: New longest path found with length 42: [80, 79, 70, 61, 62, 53, 44, 35, 26, 17, 8, 7, 6, 5, 14, 23, 24, 33, 42, 51, 50, 49, 58, 67, 66, 75, 74, 73, 72, 63, 54, 55, 46, 37, 28, 19, 20, 21, 12, 3, 2, 1, 0]
[00:00:00:00:542] Expansion 148: New longest path found with length 44: [80, 79, 70, 61, 62, 53, 44, 35, 26, 17, 8, 7, 6, 5, 14, 23, 24, 33, 42, 41, 40, 39, 48, 57, 58, 67, 76, 75, 74, 73, 64, 63, 54, 45, 46, 37, 28, 19, 20, 21, 12, 3, 2, 1, 0]
[00:00:00:35:376] Expansion 7,303: New longest path found with length 46: [80, 79, 78, 69, 60, 61, 62, 53, 44, 35, 26, 17, 8, 7, 6, 15, 24, 33, 32, 41, 40, 39, 48, 57, 58, 67, 76, 75, 74, 73, 64, 63, 54, 45, 46, 37, 28, 19, 20, 21, 22, 13, 4, 3, 2, 1, 0]
[00:00:01:21:237] Path of length 46 found: [80, 79, 78, 69, 60, 61, 62, 53, 44, 35, 26, 17, 8, 7, 6, 15, 24, 33, 32, 41, 40, 39, 48, 57, 58, 67, 76, 75, 74, 73, 64, 63, 54, 45, 46, 37, 28, 19, 20, 21, 22, 13, 4, 3, 2, 1, 0]
[00:00:01:21:237] ! Unidirectional t-s. expansions: 16,029, time: 81,237 [ms], path length: 46 [edges], generated: 27,374
[00:00:00:00:221] Expansion 40: New longest path found with length 40: [0, 1, 10, 19, 28, 37, 46, 45, 54, 63, 72, 73, 74, 75, 76, 67, 58, 49, 50, 41, 32, 31, 22, 21, 12, 3, 4, 5, 6, 7, 16, 25, 34, 35, 44, 53, 62, 61, 70, 79, 80]
[00:00:00:00:240] Expansion 49: New longest path found with length 42: [0, 1, 10, 19, 28, 37, 46, 45, 54, 63, 72, 73, 74, 75, 76, 67, 58, 57, 48, 39, 40, 41, 32, 23, 22, 21, 12, 3, 4, 5, 6, 7, 16, 25, 34, 35, 44, 53, 62, 61, 70, 79, 80]
[00:00:00:01:045] Expansion 248: New longest path found with length 44: [0, 1, 10, 19, 28, 37, 46, 45, 54, 63, 72, 73, 74, 75, 76, 67, 58, 57, 48, 39, 40, 41, 42, 33, 24, 23, 22, 21, 12, 3, 4, 5, 6, 7, 8, 17, 26, 35, 44, 53, 62, 61, 70, 79, 80]
[00:00:00:07:582] Expansion 1,545: New longest path found with length 46: [0, 1, 10, 19, 28, 37, 46, 45, 54, 63, 72, 73, 74, 75, 76, 67, 58, 57, 48, 39, 40, 41, 42, 33, 24, 23, 22, 21, 12, 3, 4, 5, 6, 7, 8, 17, 26, 35, 44, 53, 62, 61, 60, 69, 78, 79, 80]
[00:00:00:30:897] Path of length 46 found: [0, 1, 10, 19, 28, 37, 46, 45, 54, 63, 72, 73, 74, 75, 76, 67, 58, 57, 48, 39, 40, 41, 42, 33, 24, 23, 22, 21, 12, 3, 4, 5, 6, 7, 8, 17, 26, 35, 44, 53, 62, 61, 60, 69, 78, 79, 80]
[00:00:00:31:428] ! Bidirectional. expansions: 5,745, time: 30,898 [ms], path length: 46 [edges], g_F: 24, g_B: 22, generated: {'F': 4,785, 'B': 4,947}, MM: 2, MMPER: 3.25531914893617%
[00:00:00:31:428] 
---------- SM_Grids/9x9_grid_with_random_blocks_12per_4 ----------
[00:00:00:00:152] Expansion 23: New longest path found with length 24: [0, 9, 10, 11, 2, 3, 4, 13, 14, 23, 24, 25, 26, 35, 44, 43, 52, 61, 60, 59, 68, 77, 78, 79, 80]
[00:00:00:00:205] Expansion 36: New longest path found with length 30: [0, 9, 10, 11, 2, 3, 4, 13, 14, 23, 24, 25, 26, 35, 44, 43, 52, 51, 50, 41, 40, 39, 48, 57, 58, 67, 68, 77, 78, 79, 80]
[00:00:00:00:252] Expansion 54: New longest path found with length 40: [0, 9, 10, 11, 2, 3, 4, 13, 14, 23, 24, 25, 26, 35, 44, 43, 52, 51, 50, 41, 40, 39, 38, 37, 36, 45, 54, 63, 72, 73, 74, 65, 56, 57, 58, 67, 68, 77, 78, 79, 80]
[00:00:00:00:506] Expansion 118: New longest path found with length 42: [0, 9, 10, 11, 2, 3, 4, 13, 14, 23, 24, 25, 26, 35, 44, 53, 62, 61, 60, 51, 42, 41, 40, 39, 38, 37, 36, 45, 54, 63, 72, 73, 74, 65, 56, 57, 58, 67, 68, 77, 78, 79, 80]
[00:00:00:01:964] Expansion 402: New longest path found with length 44: [0, 9, 10, 11, 2, 3, 4, 13, 14, 15, 16, 25, 26, 35, 44, 53, 62, 61, 60, 51, 42, 33, 32, 31, 30, 39, 38, 37, 36, 45, 54, 63, 72, 73, 74, 65, 56, 57, 58, 67, 68, 77, 78, 79, 80]
[00:00:00:09:031] Expansion 1,688: New longest path found with length 46: [0, 9, 10, 11, 2, 3, 4, 5, 6, 15, 16, 25, 26, 35, 44, 53, 62, 61, 60, 51, 42, 33, 32, 23, 22, 21, 30, 39, 38, 37, 36, 45, 54, 63, 72, 73, 74, 65, 56, 57, 58, 67, 68, 77, 78, 79, 80]
[00:00:00:21:335] Path of length 46 found: [0, 9, 10, 11, 2, 3, 4, 5, 6, 15, 16, 25, 26, 35, 44, 53, 62, 61, 60, 51, 42, 33, 32, 23, 22, 21, 30, 39, 38, 37, 36, 45, 54, 63, 72, 73, 74, 65, 56, 57, 58, 67, 68, 77, 78, 79, 80]
[00:00:00:21:335] ! Unidirectional s-t. expansions: 3,876, time: 21,335 [ms], path length: 46 [edges], generated: 7,118
[00:00:00:00:107] Expansion 15: New longest path found with length 16: [80, 79, 78, 77, 68, 59, 58, 49, 48, 39, 38, 37, 28, 27, 18, 9, 0]
[00:00:00:00:219] Expansion 42: New longest path found with length 34: [80, 79, 78, 77, 68, 59, 58, 49, 48, 39, 30, 21, 22, 23, 32, 41, 42, 51, 52, 53, 44, 35, 26, 17, 16, 15, 6, 5, 4, 3, 2, 11, 10, 9, 0]
[00:00:00:01:389] Expansion 265: New longest path found with length 44: [80, 79, 78, 77, 68, 59, 58, 57, 56, 65, 74, 73, 72, 63, 54, 45, 46, 37, 38, 39, 30, 21, 22, 23, 32, 41, 42, 51, 52, 53, 44, 35, 26, 17, 16, 15, 6, 5, 4, 3, 2, 11, 10, 9, 0]
[00:00:00:02:292] Expansion 442: New longest path found with length 46: [80, 79, 78, 77, 68, 59, 60, 51, 52, 43, 44, 35, 26, 17, 16, 15, 6, 5, 4, 3, 2, 11, 20, 21, 22, 23, 32, 41, 40, 49, 48, 57, 56, 65, 74, 73, 72, 63, 54, 45, 46, 37, 28, 27, 18, 9, 0]
[00:00:00:12:157] Path of length 46 found: [80, 79, 78, 77, 68, 59, 60, 51, 52, 43, 44, 35, 26, 17, 16, 15, 6, 5, 4, 3, 2, 11, 20, 21, 22, 23, 32, 41, 40, 49, 48, 57, 56, 65, 74, 73, 72, 63, 54, 45, 46, 37, 28, 27, 18, 9, 0]
[00:00:00:12:157] ! Unidirectional t-s. expansions: 2,166, time: 12,157 [ms], path length: 46 [edges], generated: 3,623
[00:00:00:00:193] Expansion 33: New longest path found with length 32: [0, 9, 10, 11, 2, 3, 4, 13, 14, 23, 24, 25, 26, 35, 44, 53, 62, 61, 60, 51, 50, 41, 40, 39, 48, 57, 58, 67, 68, 77, 78, 79, 80]
[00:00:00:00:272] Expansion 51: New longest path found with length 34: [0, 9, 10, 11, 2, 3, 4, 13, 14, 15, 16, 25, 26, 35, 44, 53, 62, 61, 60, 51, 50, 41, 32, 31, 30, 39, 48, 57, 58, 67, 68, 77, 78, 79, 80]
[00:00:00:00:371] Expansion 74: New longest path found with length 40: [0, 9, 10, 11, 2, 3, 4, 13, 14, 23, 24, 25, 26, 35, 44, 43, 52, 51, 50, 41, 40, 39, 38, 37, 36, 45, 54, 63, 72, 73, 74, 65, 56, 57, 58, 67, 68, 77, 78, 79, 80]
[00:00:00:00:435] Expansion 96: New longest path found with length 42: [0, 9, 10, 11, 2, 3, 4, 13, 14, 23, 24, 25, 26, 35, 44, 53, 62, 61, 60, 51, 42, 41, 40, 39, 38, 37, 36, 45, 54, 63, 72, 73, 74, 65, 56, 57, 58, 67, 68, 77, 78, 79, 80]
[00:00:00:00:644] Expansion 145: New longest path found with length 44: [0, 9, 10, 11, 2, 3, 4, 13, 14, 15, 16, 25, 26, 35, 44, 53, 62, 61, 60, 51, 42, 33, 32, 31, 30, 39, 38, 37, 36, 45, 54, 63, 72, 73, 74, 65, 56, 57, 58, 67, 68, 77, 78, 79, 80]
[00:00:00:02:123] Expansion 478: New longest path found with length 46: [0, 9, 10, 11, 2, 3, 4, 5, 6, 15, 16, 25, 26, 35, 44, 53, 62, 61, 60, 51, 42, 33, 32, 23, 22, 21, 30, 39, 38, 37, 36, 45, 54, 63, 72, 73, 74, 65, 56, 57, 58, 67, 68, 77, 78, 79, 80]
[00:00:00:10:949] Path of length 46 found: [0, 9, 10, 11, 2, 3, 4, 5, 6, 15, 16, 25, 26, 35, 44, 53, 62, 61, 60, 51, 42, 33, 32, 23, 22, 21, 30, 39, 38, 37, 36, 45, 54, 63, 72, 73, 74, 65, 56, 57, 58, 67, 68, 77, 78, 79, 80]
[00:00:00:11:510] ! Bidirectional. expansions: 1,878, time: 10,949 [ms], path length: 46 [edges], g_F: 24, g_B: 22, generated: {'F': 1,680, 'B': 1,712}, MM: 2, MMPER: 3.25531914893617%
[00:00:00:11:510] 
---------- SM_Grids/9x9_grid_with_random_blocks_12per_5 ----------
[00:00:00:00:183] Expansion 35: New longest path found with length 36: [0, 9, 18, 19, 28, 37, 38, 47, 56, 65, 66, 67, 76, 77, 78, 69, 60, 59, 50, 49, 40, 31, 30, 21, 12, 13, 14, 23, 24, 33, 42, 43, 52, 53, 62, 71, 80]
[00:00:00:04:739] Expansion 849: New longest path found with length 40: [0, 9, 18, 27, 36, 45, 46, 47, 56, 65, 66, 67, 76, 77, 78, 69, 60, 59, 50, 49, 40, 39, 30, 29, 20, 11, 2, 3, 4, 13, 22, 23, 32, 33, 42, 43, 52, 53, 62, 71, 80]
[00:00:00:11:967] Path of length 40 found: [0, 9, 18, 27, 36, 45, 46, 47, 56, 65, 66, 67, 76, 77, 78, 69, 60, 59, 50, 49, 40, 39, 30, 29, 20, 11, 2, 3, 4, 13, 22, 23, 32, 33, 42, 43, 52, 53, 62, 71, 80]
[00:00:00:11:967] ! Unidirectional s-t. expansions: 2,041, time: 11,967 [ms], path length: 40 [edges], generated: 3,759
[00:00:00:03:767] Expansion 1,269: New longest path found with length 18: [80, 71, 62, 53, 44, 43, 42, 33, 24, 23, 14, 13, 4, 3, 2, 11, 10, 9, 0]
[00:00:00:03:846] Expansion 1,293: New longest path found with length 40: [80, 71, 62, 53, 44, 43, 42, 33, 24, 23, 14, 13, 4, 3, 2, 11, 20, 21, 30, 31, 40, 49, 50, 59, 60, 69, 78, 77, 76, 67, 66, 57, 56, 47, 38, 37, 28, 27, 18, 9, 0]
[00:00:00:10:765] Path of length 40 found: [80, 71, 62, 53, 44, 43, 42, 33, 24, 23, 14, 13, 4, 3, 2, 11, 20, 21, 30, 31, 40, 49, 50, 59, 60, 69, 78, 77, 76, 67, 66, 57, 56, 47, 38, 37, 28, 27, 18, 9, 0]
[00:00:00:10:765] ! Unidirectional t-s. expansions: 2,482, time: 10,765 [ms], path length: 40 [edges], generated: 3,963
[00:00:00:00:237] Expansion 35: New longest path found with length 36: [0, 9, 18, 19, 28, 37, 38, 47, 56, 65, 66, 67, 76, 77, 78, 69, 60, 59, 50, 49, 40, 31, 30, 21, 12, 13, 14, 23, 24, 33, 42, 43, 44, 53, 62, 71, 80]
[00:00:00:03:066] Expansion 551: New longest path found with length 40: [0, 9, 18, 27, 36, 45, 46, 47, 56, 65, 66, 67, 76, 77, 78, 69, 60, 59, 50, 49, 40, 39, 30, 29, 20, 11, 2, 3, 4, 13, 14, 23, 24, 33, 42, 43, 44, 53, 62, 71, 80]
[00:00:00:07:637] Path of length 40 found: [0, 9, 18, 27, 36, 45, 46, 47, 56, 65, 66, 67, 76, 77, 78, 69, 60, 59, 50, 49, 40, 39, 30, 29, 20, 11, 2, 3, 4, 13, 14, 23, 24, 33, 42, 43, 44, 53, 62, 71, 80]
[00:00:00:08:173] ! Bidirectional. expansions: 1,189, time: 7,637 [ms], path length: 40 [edges], g_F: 21, g_B: 19, generated: {'F': 1,055, 'B': 1,121}, MM: 2, MMPER: 3.8780487804878048%
[00:00:00:08:173] 
---------- SM_Grids/9x9_grid_with_random_blocks_12per_6 ----------
[00:00:00:00:248] Expansion 47: New longest path found with length 48: [0, 1, 10, 19, 18, 27, 36, 37, 38, 39, 48, 57, 56, 55, 54, 63, 72, 73, 74, 75, 76, 67, 68, 59, 50, 51, 42, 33, 32, 23, 22, 21, 12, 3, 4, 5, 6, 15, 16, 25, 26, 35, 44, 53, 62, 61, 70, 79, 80]
[00:00:00:32:761] Path of length 48 found: [0, 1, 10, 19, 18, 27, 36, 37, 38, 39, 48, 57, 56, 55, 54, 63, 72, 73, 74, 75, 76, 67, 68, 59, 50, 51, 42, 33, 32, 23, 22, 21, 12, 3, 4, 5, 6, 15, 16, 25, 26, 35, 44, 53, 62, 61, 70, 79, 80]
[00:00:00:32:761] ! Unidirectional s-t. expansions: 5,746, time: 32,761 [ms], path length: 48 [edges], generated: 10,055
[00:00:00:00:127] Expansion 17: New longest path found with length 18: [80, 71, 62, 53, 44, 35, 26, 17, 16, 7, 6, 5, 14, 13, 12, 3, 2, 1, 0]
[00:00:00:26:908] Expansion 11,113: New longest path found with length 20: [80, 71, 62, 53, 44, 35, 26, 17, 16, 7, 6, 5, 14, 23, 22, 21, 12, 3, 2, 1, 0]
[00:00:00:49:090] Expansion 20,839: New longest path found with length 36: [80, 71, 62, 53, 44, 35, 26, 17, 16, 7, 6, 5, 14, 23, 24, 33, 42, 51, 50, 49, 48, 57, 66, 75, 74, 73, 64, 55, 54, 45, 36, 37, 28, 19, 10, 1, 0]
[00:00:00:49:684] Expansion 21,037: New longest path found with length 42: [80, 71, 62, 53, 44, 35, 26, 17, 16, 7, 6, 5, 14, 23, 24, 33, 42, 51, 50, 59, 68, 67, 76, 75, 74, 73, 72, 63, 54, 55, 56, 57, 48, 39, 38, 37, 36, 27, 18, 19, 10, 1, 0]
[00:00:00:50:968] Expansion 21,418: New longest path found with length 44: [80, 71, 62, 53, 44, 35, 26, 17, 16, 7, 6, 5, 14, 23, 24, 33, 42, 41, 50, 59, 60, 69, 78, 77, 76, 75, 74, 73, 72, 63, 54, 55, 56, 57, 48, 39, 38, 37, 36, 27, 18, 19, 10, 1, 0]
[00:00:00:53:087] Expansion 21,977: New longest path found with length 48: [80, 71, 62, 53, 44, 35, 26, 17, 16, 7, 6, 5, 4, 3, 12, 21, 22, 23, 24, 33, 42, 41, 50, 59, 60, 69, 78, 77, 76, 75, 74, 73, 72, 63, 54, 55, 56, 57, 48, 39, 38, 37, 36, 27, 18, 19, 10, 1, 0]
[00:00:01:13:861] Path of length 48 found: [80, 71, 62, 53, 44, 35, 26, 17, 16, 7, 6, 5, 4, 3, 12, 21, 22, 23, 24, 33, 42, 41, 50, 59, 60, 69, 78, 77, 76, 75, 74, 73, 72, 63, 54, 55, 56, 57, 48, 39, 38, 37, 36, 27, 18, 19, 10, 1, 0]
[00:00:01:13:861] ! Unidirectional t-s. expansions: 25,862, time: 73,861 [ms], path length: 48 [edges], generated: 37,528
[00:00:00:00:194] Expansion 32: New longest path found with length 30: [0, 1, 10, 19, 18, 27, 36, 37, 38, 39, 40, 49, 50, 51, 42, 33, 32, 23, 14, 15, 6, 7, 8, 17, 26, 35, 44, 53, 62, 71, 80]
[00:00:00:00:242] Expansion 44: New longest path found with length 34: [0, 1, 10, 19, 18, 27, 36, 37, 38, 39, 40, 49, 50, 51, 42, 33, 24, 23, 22, 21, 12, 3, 4, 5, 6, 7, 8, 17, 26, 35, 44, 53, 62, 71, 80]
[00:00:00:00:421] Expansion 84: New longest path found with length 46: [0, 1, 10, 19, 18, 27, 36, 37, 38, 39, 48, 57, 56, 55, 54, 63, 72, 73, 74, 75, 76, 67, 68, 59, 50, 51, 42, 33, 32, 23, 22, 21, 12, 3, 4, 5, 6, 7, 8, 17, 26, 35, 44, 53, 62, 71, 80]
[00:00:00:00:461] Expansion 99: New longest path found with length 48: [0, 1, 10, 19, 18, 27, 36, 37, 38, 39, 48, 57, 56, 55, 54, 63, 72, 73, 74, 75, 76, 77, 78, 69, 60, 59, 50, 41, 42, 33, 24, 23, 22, 21, 12, 3, 4, 5, 6, 7, 8, 17, 26, 35, 44, 53, 62, 71, 80]
[00:00:00:14:103] Path of length 48 found: [0, 1, 10, 19, 18, 27, 36, 37, 38, 39, 48, 57, 56, 55, 54, 63, 72, 73, 74, 75, 76, 77, 78, 69, 60, 59, 50, 41, 42, 33, 24, 23, 22, 21, 12, 3, 4, 5, 6, 7, 8, 17, 26, 35, 44, 53, 62, 71, 80]
[00:00:00:14:628] ! Bidirectional. expansions: 2,132, time: 14,103 [ms], path length: 48 [edges], g_F: 25, g_B: 23, generated: {'F': 1,708, 'B': 1,856}, MM: 2, MMPER: 3.0816326530612246%
[00:00:00:14:628] 
---------- SM_Grids/9x9_grid_with_random_blocks_12per_7 ----------
[00:00:00:00:213] Expansion 39: New longest path found with length 40: [0, 9, 18, 27, 36, 45, 54, 63, 64, 73, 74, 75, 66, 57, 56, 47, 38, 29, 20, 11, 2, 3, 4, 5, 6, 7, 16, 25, 34, 33, 32, 31, 40, 49, 50, 59, 68, 77, 78, 79, 80]
[00:00:00:00:421] Expansion 104: New longest path found with length 42: [0, 9, 18, 27, 36, 45, 54, 63, 64, 73, 74, 75, 66, 57, 56, 47, 38, 29, 20, 11, 2, 3, 4, 5, 6, 7, 16, 25, 24, 23, 22, 31, 40, 41, 42, 51, 60, 59, 68, 77, 78, 79, 80]
[00:00:00:04:051] Expansion 992: New longest path found with length 44: [0, 9, 18, 27, 36, 45, 54, 63, 64, 73, 74, 75, 76, 77, 68, 59, 58, 57, 56, 47, 38, 39, 40, 31, 22, 21, 20, 11, 2, 3, 4, 5, 6, 7, 16, 25, 24, 33, 42, 51, 52, 53, 62, 71, 80]
[00:00:00:59:626] Path of length 44 found: [0, 9, 18, 27, 36, 45, 54, 63, 64, 73, 74, 75, 76, 77, 68, 59, 58, 57, 56, 47, 38, 39, 40, 31, 22, 21, 20, 11, 2, 3, 4, 5, 6, 7, 16, 25, 24, 33, 42, 51, 52, 53, 62, 71, 80]
[00:00:00:59:626] ! Unidirectional s-t. expansions: 11,567, time: 59,626 [ms], path length: 44 [edges], generated: 20,053
[00:00:00:00:213] Expansion 43: New longest path found with length 44: [80, 79, 70, 61, 52, 51, 42, 33, 34, 25, 16, 7, 6, 5, 4, 3, 2, 11, 20, 21, 22, 31, 40, 39, 38, 47, 56, 57, 58, 59, 68, 77, 76, 75, 74, 73, 64, 63, 54, 45, 36, 27, 18, 9, 0]
[00:00:01:24:299] Path of length 44 found: [80, 79, 70, 61, 52, 51, 42, 33, 34, 25, 16, 7, 6, 5, 4, 3, 2, 11, 20, 21, 22, 31, 40, 39, 38, 47, 56, 57, 58, 59, 68, 77, 76, 75, 74, 73, 64, 63, 54, 45, 36, 27, 18, 9, 0]
[00:00:01:24:299] ! Unidirectional t-s. expansions: 15,484, time: 84,299 [ms], path length: 44 [edges], generated: 27,609
[00:00:00:00:217] Expansion 39: New longest path found with length 38: [0, 9, 18, 27, 36, 45, 54, 63, 64, 73, 74, 75, 66, 67, 58, 49, 40, 31, 22, 21, 20, 11, 2, 3, 4, 5, 6, 7, 16, 25, 34, 33, 42, 51, 52, 61, 70, 79, 80]
[00:00:00:00:256] Expansion 53: New longest path found with length 40: [0, 9, 18, 27, 36, 45, 54, 63, 64, 73, 74, 75, 66, 57, 56, 47, 38, 39, 40, 31, 22, 21, 20, 11, 2, 3, 4, 5, 6, 7, 16, 25, 34, 33, 42, 51, 52, 61, 70, 79, 80]
[00:00:00:00:308] Expansion 71: New longest path found with length 42: [0, 9, 18, 27, 36, 45, 54, 63, 64, 73, 74, 75, 76, 67, 58, 57, 56, 47, 38, 39, 40, 31, 22, 21, 20, 11, 2, 3, 4, 5, 6, 7, 16, 25, 34, 33, 42, 51, 52, 61, 70, 79, 80]
[00:00:00:00:357] Expansion 89: New longest path found with length 44: [0, 9, 18, 27, 36, 45, 54, 63, 64, 73, 74, 75, 76, 77, 68, 59, 58, 57, 56, 47, 38, 39, 40, 31, 22, 21, 20, 11, 2, 3, 4, 5, 6, 7, 16, 25, 34, 33, 42, 51, 52, 61, 70, 79, 80]
[00:00:00:40:927] Path of length 44 found: [0, 9, 18, 27, 36, 45, 54, 63, 64, 73, 74, 75, 76, 77, 68, 59, 58, 57, 56, 47, 38, 39, 40, 31, 22, 21, 20, 11, 2, 3, 4, 5, 6, 7, 16, 25, 34, 33, 42, 51, 52, 61, 70, 79, 80]
[00:00:00:41:457] ! Bidirectional. expansions: 6,803, time: 40,927 [ms], path length: 44 [edges], g_F: 23, g_B: 21, generated: {'F': 6,110, 'B': 6,410}, MM: 2, MMPER: 3.4444444444444446%
[00:00:00:41:458] 
---------- SM_Grids/9x9_grid_with_random_blocks_12per_8 ----------
[00:00:00:00:217] Expansion 43: New longest path found with length 44: [0, 9, 10, 11, 2, 3, 4, 13, 22, 31, 40, 49, 48, 47, 38, 37, 36, 45, 54, 63, 72, 73, 74, 75, 66, 67, 68, 59, 60, 51, 42, 33, 24, 15, 6, 7, 8, 17, 26, 35, 44, 53, 62, 71, 80]
[00:00:00:01:179] Expansion 292: New longest path found with length 46: [0, 9, 10, 11, 2, 3, 4, 13, 22, 31, 32, 33, 24, 15, 6, 7, 8, 17, 26, 35, 44, 53, 62, 61, 60, 51, 50, 49, 48, 47, 38, 37, 36, 45, 54, 63, 72, 73, 74, 75, 66, 67, 68, 77, 78, 79, 80]
[00:00:00:11:948] Expansion 2,276: New longest path found with length 48: [0, 9, 18, 19, 20, 11, 2, 3, 4, 13, 22, 31, 32, 33, 24, 15, 6, 7, 8, 17, 26, 35, 44, 53, 62, 61, 60, 51, 50, 49, 48, 47, 38, 37, 36, 45, 54, 63, 72, 73, 74, 75, 66, 67, 68, 77, 78, 79, 80]
[00:00:00:17:899] Path of length 48 found: [0, 9, 18, 19, 20, 11, 2, 3, 4, 13, 22, 31, 32, 33, 24, 15, 6, 7, 8, 17, 26, 35, 44, 53, 62, 61, 60, 51, 50, 49, 48, 47, 38, 37, 36, 45, 54, 63, 72, 73, 74, 75, 66, 67, 68, 77, 78, 79, 80]
[00:00:00:17:900] ! Unidirectional s-t. expansions: 3,327, time: 17,900 [ms], path length: 48 [edges], generated: 5,524
[00:00:00:00:137] Expansion 19: New longest path found with length 20: [80, 71, 62, 53, 44, 35, 26, 17, 8, 7, 6, 5, 4, 3, 2, 11, 20, 19, 18, 9, 0]
[00:00:00:10:449] Expansion 4,277: New longest path found with length 44: [80, 71, 62, 53, 44, 35, 26, 17, 8, 7, 6, 5, 4, 13, 22, 23, 24, 33, 42, 41, 40, 49, 58, 59, 60, 69, 78, 77, 76, 75, 74, 73, 72, 63, 54, 55, 56, 47, 38, 29, 28, 19, 10, 1, 0]
[00:00:00:10:469] Expansion 4,288: New longest path found with length 46: [80, 71, 62, 53, 44, 35, 26, 17, 8, 7, 6, 5, 4, 13, 22, 23, 24, 33, 42, 41, 40, 49, 58, 59, 60, 69, 78, 77, 76, 75, 74, 73, 72, 63, 54, 55, 56, 47, 38, 37, 28, 19, 20, 11, 2, 1, 0]
[00:00:00:58:162] Expansion 14,265: New longest path found with length 48: [80, 79, 78, 77, 68, 67, 66, 75, 74, 73, 72, 63, 54, 45, 36, 37, 38, 47, 48, 49, 40, 31, 22, 23, 24, 33, 42, 51, 60, 61, 62, 53, 44, 35, 26, 17, 8, 7, 6, 5, 4, 3, 2, 11, 20, 19, 18, 9, 0]
[00:00:01:02:541] Path of length 48 found: [80, 79, 78, 77, 68, 67, 66, 75, 74, 73, 72, 63, 54, 45, 36, 37, 38, 47, 48, 49, 40, 31, 22, 23, 24, 33, 42, 51, 60, 61, 62, 53, 44, 35, 26, 17, 8, 7, 6, 5, 4, 3, 2, 11, 20, 19, 18, 9, 0]
[00:00:01:02:541] ! Unidirectional t-s. expansions: 15,060, time: 62,541 [ms], path length: 48 [edges], generated: 23,406
[00:00:00:00:146] Expansion 22: New longest path found with length 18: [0, 9, 10, 11, 2, 3, 4, 5, 14, 15, 16, 17, 26, 35, 44, 53, 62, 71, 80]
[00:00:00:00:284] Expansion 55: New longest path found with length 44: [0, 9, 10, 11, 2, 3, 4, 13, 22, 31, 40, 49, 48, 47, 38, 37, 36, 45, 54, 63, 72, 73, 74, 75, 66, 67, 68, 59, 60, 51, 42, 33, 24, 15, 6, 7, 8, 17, 26, 35, 44, 53, 62, 71, 80]
[00:00:00:16:598] Expansion 3,431: New longest path found with length 46: [0, 9, 18, 19, 20, 11, 2, 3, 4, 5, 6, 7, 8, 17, 26, 25, 24, 23, 22, 31, 40, 49, 48, 47, 38, 37, 36, 45, 54, 63, 72, 73, 74, 75, 66, 67, 68, 69, 60, 51, 42, 43, 44, 53, 62, 71, 80]
[00:00:00:26:531] Expansion 5,548: New longest path found with length 48: [0, 9, 18, 19, 20, 11, 2, 3, 4, 13, 22, 31, 32, 33, 24, 15, 6, 7, 8, 17, 26, 35, 44, 53, 62, 61, 60, 51, 50, 49, 48, 47, 38, 37, 36, 45, 54, 63, 72, 73, 74, 75, 66, 67, 68, 77, 78, 79, 80]
[00:00:00:30:276] Path of length 48 found: [0, 9, 18, 19, 20, 11, 2, 3, 4, 13, 22, 31, 32, 33, 24, 15, 6, 7, 8, 17, 26, 35, 44, 53, 62, 61, 60, 51, 50, 49, 48, 47, 38, 37, 36, 45, 54, 63, 72, 73, 74, 75, 66, 67, 68, 77, 78, 79, 80]
[00:00:00:30:798] ! Bidirectional. expansions: 6,117, time: 30,276 [ms], path length: 48 [edges], g_F: 25, g_B: 23, generated: {'F': 4,872, 'B': 4,991}, MM: 2, MMPER: 3.0816326530612246%
[00:00:00:30:798] 
---------- SM_Grids/9x9_grid_with_random_blocks_12per_9 ----------
[00:00:00:00:139] Expansion 19: New longest path found with length 20: [0, 9, 18, 19, 20, 11, 12, 13, 14, 15, 16, 17, 26, 35, 34, 43, 52, 53, 62, 71, 80]
[00:00:00:07:785] Expansion 3,245: New longest path found with length 22: [0, 9, 18, 19, 20, 11, 12, 13, 14, 15, 16, 17, 26, 35, 34, 43, 52, 61, 60, 69, 78, 79, 80]
[00:00:00:07:846] Expansion 3,264: New longest path found with length 38: [0, 9, 18, 19, 20, 11, 12, 13, 14, 15, 16, 17, 26, 35, 34, 43, 52, 61, 60, 59, 50, 41, 40, 39, 38, 37, 36, 45, 54, 63, 72, 73, 74, 75, 76, 77, 78, 79, 80]
[00:00:00:09:122] Expansion 3,734: New longest path found with length 40: [0, 9, 18, 19, 20, 11, 12, 13, 14, 15, 16, 17, 26, 35, 34, 43, 52, 51, 50, 49, 58, 57, 56, 47, 38, 37, 36, 45, 54, 63, 72, 73, 74, 75, 76, 77, 68, 69, 70, 79, 80]
[00:00:01:04:784] Expansion 16,939: New longest path found with length 42: [0, 9, 18, 27, 28, 29, 20, 11, 12, 13, 14, 15, 16, 17, 26, 35, 44, 53, 62, 61, 60, 51, 50, 41, 40, 39, 48, 47, 46, 45, 54, 63, 72, 73, 74, 75, 66, 67, 68, 77, 78, 79, 80]
[00:00:02:57:098] Expansion 39,879: New longest path found with length 44: [0, 1, 2, 11, 20, 19, 18, 27, 36, 37, 46, 55, 54, 63, 72, 73, 74, 75, 76, 77, 78, 69, 60, 59, 58, 57, 48, 39, 40, 31, 22, 13, 14, 15, 16, 17, 26, 35, 34, 43, 52, 53, 62, 71, 80]
[00:00:03:14:092] Path of length 44 found: [0, 1, 2, 11, 20, 19, 18, 27, 36, 37, 46, 55, 54, 63, 72, 73, 74, 75, 76, 77, 78, 69, 60, 59, 58, 57, 48, 39, 40, 31, 22, 13, 14, 15, 16, 17, 26, 35, 34, 43, 52, 53, 62, 71, 80]
[00:00:03:14:093] ! Unidirectional s-t. expansions: 43,157, time: 194,092 [ms], path length: 44 [edges], generated: 74,002
[00:00:00:00:127] Expansion 17: New longest path found with length 18: [80, 71, 62, 53, 44, 43, 34, 25, 16, 15, 14, 23, 22, 21, 12, 3, 2, 1, 0]
[00:00:00:23:505] Expansion 10,248: New longest path found with length 20: [80, 71, 62, 53, 44, 43, 34, 25, 16, 15, 14, 23, 22, 21, 20, 29, 28, 27, 18, 9, 0]
[00:00:00:27:032] Expansion 11,543: New longest path found with length 22: [80, 71, 62, 53, 44, 43, 34, 25, 16, 15, 14, 23, 22, 21, 20, 29, 38, 37, 36, 27, 18, 9, 0]
[00:00:00:27:086] Expansion 11,558: New longest path found with length 32: [80, 71, 62, 53, 44, 43, 34, 25, 16, 15, 14, 23, 22, 21, 20, 29, 38, 39, 48, 57, 66, 75, 74, 73, 72, 63, 54, 45, 36, 27, 18, 9, 0]
[00:00:00:27:135] Expansion 11,576: New longest path found with length 38: [80, 71, 62, 53, 44, 43, 34, 25, 16, 15, 14, 23, 22, 21, 20, 29, 38, 39, 48, 57, 58, 59, 60, 69, 78, 77, 76, 75, 74, 73, 72, 63, 54, 45, 36, 27, 18, 9, 0]
[00:00:00:28:305] Expansion 12,022: New longest path found with length 40: [80, 71, 62, 53, 44, 43, 34, 25, 16, 15, 14, 23, 22, 21, 20, 29, 38, 47, 56, 57, 58, 49, 50, 51, 60, 69, 68, 77, 76, 75, 74, 73, 72, 63, 54, 45, 36, 27, 18, 9, 0]
[00:00:00:28:642] Expansion 12,133: New longest path found with length 42: [80, 71, 62, 53, 44, 43, 34, 25, 16, 15, 14, 23, 22, 31, 40, 39, 48, 57, 58, 59, 60, 69, 78, 77, 76, 75, 74, 73, 72, 63, 54, 55, 46, 37, 36, 27, 18, 19, 20, 11, 2, 1, 0]
[00:00:00:47:731] Expansion 16,987: New longest path found with length 44: [80, 71, 62, 53, 52, 43, 34, 35, 26, 17, 16, 15, 14, 23, 22, 31, 40, 41, 50, 59, 60, 69, 78, 77, 76, 75, 74, 73, 72, 63, 54, 55, 56, 47, 38, 37, 36, 27, 18, 19, 20, 11, 2, 1, 0]
[00:00:02:29:080] Path of length 44 found: [80, 71, 62, 53, 52, 43, 34, 35, 26, 17, 16, 15, 14, 23, 22, 31, 40, 41, 50, 59, 60, 69, 78, 77, 76, 75, 74, 73, 72, 63, 54, 55, 56, 47, 38, 37, 36, 27, 18, 19, 20, 11, 2, 1, 0]
[00:00:02:29:080] ! Unidirectional t-s. expansions: 39,130, time: 149,080 [ms], path length: 44 [edges], generated: 60,362
[00:00:00:00:203] Expansion 33: New longest path found with length 34: [0, 9, 18, 19, 20, 29, 38, 37, 36, 45, 54, 63, 72, 73, 74, 75, 66, 57, 58, 49, 40, 31, 22, 13, 14, 15, 16, 25, 34, 43, 44, 53, 62, 71, 80]
[00:00:00:00:211] Expansion 36: New longest path found with length 36: [0, 9, 18, 19, 20, 29, 38, 37, 36, 45, 54, 63, 72, 73, 74, 75, 66, 67, 68, 59, 50, 49, 40, 31, 22, 13, 14, 15, 16, 25, 34, 43, 44, 53, 62, 71, 80]
[00:00:00:00:219] Expansion 40: New longest path found with length 38: [0, 9, 18, 19, 20, 29, 38, 37, 36, 45, 54, 63, 72, 73, 74, 75, 66, 67, 68, 69, 60, 51, 50, 49, 40, 31, 22, 13, 14, 15, 16, 25, 34, 43, 44, 53, 62, 71, 80]
[00:00:00:04:503] Expansion 1,189: New longest path found with length 40: [0, 9, 18, 19, 20, 29, 38, 37, 36, 45, 54, 63, 72, 73, 74, 75, 76, 77, 78, 69, 60, 59, 58, 49, 40, 31, 22, 13, 14, 15, 16, 17, 26, 35, 34, 43, 52, 53, 62, 71, 80]
[00:00:01:03:972] Expansion 14,253: New longest path found with length 42: [0, 9, 10, 11, 12, 21, 22, 23, 14, 15, 16, 17, 26, 35, 34, 43, 52, 51, 50, 59, 58, 57, 56, 47, 38, 29, 28, 27, 36, 45, 54, 63, 72, 73, 74, 75, 76, 77, 78, 69, 70, 71, 80]
[00:00:02:42:286] Expansion 34,641: New longest path found with length 44: [0, 1, 2, 11, 20, 19, 18, 27, 36, 37, 46, 55, 54, 63, 72, 73, 74, 75, 76, 77, 78, 69, 60, 59, 58, 57, 48, 39, 40, 31, 22, 13, 14, 15, 16, 17, 26, 35, 34, 43, 52, 53, 62, 71, 80]
[00:00:03:10:858] Path of length 44 found: [0, 1, 2, 11, 20, 19, 18, 27, 36, 37, 46, 55, 54, 63, 72, 73, 74, 75, 76, 77, 78, 69, 60, 59, 58, 57, 48, 39, 40, 31, 22, 13, 14, 15, 16, 17, 26, 35, 34, 43, 52, 53, 62, 71, 80]
[00:00:03:11:415] ! Bidirectional. expansions: 39,954, time: 190,858 [ms], path length: 44 [edges], g_F: 23, g_B: 21, generated: {'F': 31,403, 'B': 34,960}, MM: 2, MMPER: 3.4444444444444446%

[00:00:03:11:415] average expansions: (10,704, 14,279, 7,960, 0)
[00:00:03:11:415] average time: (52,565, 60,347, 40,970, 0)
[00:00:03:11:415] X-DFBnB: 10,704 , 52,565 (expansions , time[ms])
[00:00:03:11:415] BiX-DFBnB: 7,960 , 40,970 (expansions , time[ms])

