Thu 19 Mar 2026 16:00:21 IST

SLURM_JOBID:		 16118890
SLURM_JOB_NODELIST:	 ise-cpu256-02 

--------------------------
date: SM_Grids
number_of_graphs: 10
graph_type: grid
size_of_graphs: [9, 9]
heuristic: bcc_heuristic
snake: True
run_uni: True
run_bi: True
run_multi: False
solution_vertices: []
algorithms: ['DFBnB']
bsd: False
cube_first_dims: 4
cube_buffer_dim: None
backward_sym_generation: False
sym_coil: False
prefix_set: None

---------- SM_Grids/9x9_grid_with_random_blocks_16per_0 ----------
[00:00:00:12:584] Expansion 4,576: New longest path found with length 18: [0, 1, 2, 11, 12, 13, 14, 23, 24, 25, 26, 35, 44, 43, 52, 61, 70, 79, 80]
[00:00:00:12:670] Expansion 4,601: New longest path found with length 38: [0, 1, 2, 11, 12, 13, 14, 23, 24, 25, 26, 35, 44, 43, 42, 41, 40, 39, 30, 29, 28, 37, 46, 45, 54, 63, 72, 73, 74, 65, 56, 57, 58, 59, 60, 61, 70, 79, 80]
[00:00:00:25:629] Expansion 7,647: New longest path found with length 40: [0, 1, 2, 3, 4, 13, 14, 23, 24, 25, 26, 35, 44, 43, 42, 41, 40, 39, 30, 21, 20, 19, 28, 37, 46, 45, 54, 63, 72, 73, 74, 65, 56, 57, 58, 59, 60, 61, 70, 79, 80]
[00:00:00:36:766] Path of length 40 found: [0, 1, 2, 3, 4, 13, 14, 23, 24, 25, 26, 35, 44, 43, 42, 41, 40, 39, 30, 21, 20, 19, 28, 37, 46, 45, 54, 63, 72, 73, 74, 65, 56, 57, 58, 59, 60, 61, 70, 79, 80]
[00:00:00:36:767] ! Unidirectional s-t. expansions: 10,278, time: 36,766 [ms], path length: 40 [edges], generated: 16,364
[00:00:00:00:205] Expansion 46: New longest path found with length 34: [80, 71, 62, 53, 44, 35, 26, 25, 24, 33, 42, 41, 50, 59, 58, 67, 66, 75, 74, 73, 72, 63, 54, 45, 46, 47, 48, 39, 30, 29, 28, 19, 10, 1, 0]
[00:00:00:00:597] Expansion 174: New longest path found with length 36: [80, 71, 62, 53, 44, 35, 26, 25, 24, 33, 42, 41, 50, 59, 58, 67, 66, 75, 74, 73, 72, 63, 54, 55, 56, 47, 38, 37, 28, 19, 20, 21, 12, 3, 2, 1, 0]
[00:00:00:14:860] Expansion 4,093: New longest path found with length 38: [80, 71, 62, 53, 44, 35, 26, 25, 24, 23, 14, 13, 12, 21, 30, 39, 40, 41, 42, 51, 60, 59, 58, 67, 66, 75, 74, 73, 72, 63, 54, 55, 46, 37, 28, 19, 10, 1, 0]
[00:00:00:15:391] Expansion 4,264: New longest path found with length 40: [80, 71, 62, 53, 44, 35, 26, 25, 24, 23, 14, 5, 4, 3, 12, 21, 30, 39, 40, 41, 42, 51, 60, 59, 58, 67, 66, 75, 74, 73, 72, 63, 54, 55, 46, 37, 28, 19, 10, 1, 0]
[00:00:00:58:382] Path of length 40 found: [80, 71, 62, 53, 44, 35, 26, 25, 24, 23, 14, 5, 4, 3, 12, 21, 30, 39, 40, 41, 42, 51, 60, 59, 58, 67, 66, 75, 74, 73, 72, 63, 54, 55, 46, 37, 28, 19, 10, 1, 0]
[00:00:00:58:382] ! Unidirectional t-s. expansions: 15,238, time: 58,382 [ms], path length: 40 [edges], generated: 26,370
[00:00:00:00:184] Expansion 36: New longest path found with length 36: [0, 1, 2, 11, 12, 21, 30, 29, 28, 37, 46, 45, 54, 63, 72, 73, 74, 65, 66, 67, 68, 59, 50, 41, 42, 33, 24, 25, 26, 35, 44, 53, 62, 61, 70, 79, 80]
[00:00:00:00:624] Expansion 146: New longest path found with length 38: [0, 1, 2, 11, 12, 13, 14, 23, 24, 25, 26, 35, 44, 43, 42, 41, 40, 39, 30, 29, 28, 37, 46, 45, 54, 63, 72, 73, 74, 75, 66, 67, 68, 59, 60, 61, 70, 79, 80]
[00:00:00:02:043] Expansion 424: New longest path found with length 40: [0, 1, 2, 3, 4, 13, 14, 23, 24, 25, 26, 35, 44, 43, 42, 41, 40, 39, 30, 21, 20, 19, 28, 37, 46, 45, 54, 63, 72, 73, 74, 75, 66, 67, 68, 59, 60, 61, 70, 79, 80]
[00:00:00:20:372] Path of length 40 found: [0, 1, 2, 3, 4, 13, 14, 23, 24, 25, 26, 35, 44, 43, 42, 41, 40, 39, 30, 21, 20, 19, 28, 37, 46, 45, 54, 63, 72, 73, 74, 75, 66, 67, 68, 59, 60, 61, 70, 79, 80]
[00:00:00:20:941] ! Bidirectional. expansions: 4,599, time: 20,372 [ms], path length: 40 [edges], g_F: 21, g_B: 19, generated: {'F': 4,382, 'B': 3,701}, MM: 2, MMPER: 3.8780487804878048%
[00:00:00:20:941] 
---------- SM_Grids/9x9_grid_with_random_blocks_16per_1 ----------
[00:00:00:00:216] Expansion 41: New longest path found with length 30: [0, 9, 18, 27, 28, 37, 46, 47, 48, 39, 30, 21, 20, 11, 2, 3, 4, 5, 6, 15, 24, 23, 32, 41, 50, 59, 68, 69, 70, 71, 80]
[00:00:00:04:154] Expansion 950: New longest path found with length 32: [0, 9, 18, 27, 36, 45, 54, 55, 56, 47, 38, 39, 30, 21, 20, 11, 2, 3, 4, 5, 6, 15, 24, 23, 32, 41, 50, 59, 68, 69, 70, 71, 80]
[00:00:00:34:032] Expansion 8,890: New longest path found with length 34: [0, 9, 10, 11, 2, 3, 4, 5, 6, 15, 24, 23, 22, 21, 30, 29, 28, 27, 36, 45, 54, 55, 56, 47, 48, 49, 50, 41, 42, 43, 52, 61, 70, 71, 80]
[00:00:01:01:448] Path of length 34 found: [0, 9, 10, 11, 2, 3, 4, 5, 6, 15, 24, 23, 22, 21, 30, 29, 28, 27, 36, 45, 54, 55, 56, 47, 48, 49, 50, 41, 42, 43, 52, 61, 70, 71, 80]
[00:00:01:01:449] ! Unidirectional s-t. expansions: 15,688, time: 61,448 [ms], path length: 34 [edges], generated: 28,222
[00:00:00:00:370] Expansion 110: New longest path found with length 22: [80, 71, 62, 53, 44, 43, 42, 51, 50, 49, 48, 47, 56, 55, 54, 45, 36, 27, 18, 19, 10, 1, 0]
[00:00:00:00:411] Expansion 124: New longest path found with length 34: [80, 71, 62, 53, 44, 43, 42, 51, 50, 49, 48, 47, 56, 55, 54, 45, 36, 27, 18, 19, 20, 29, 30, 31, 32, 23, 24, 15, 6, 5, 4, 3, 2, 1, 0]
[00:00:00:09:663] Path of length 34 found: [80, 71, 62, 53, 44, 43, 42, 51, 50, 49, 48, 47, 56, 55, 54, 45, 36, 27, 18, 19, 20, 29, 30, 31, 32, 23, 24, 15, 6, 5, 4, 3, 2, 1, 0]
[00:00:00:09:663] ! Unidirectional t-s. expansions: 1,904, time: 9,663 [ms], path length: 34 [edges], generated: 3,442
[00:00:00:00:160] Expansion 29: New longest path found with length 30: [0, 9, 18, 27, 28, 37, 46, 47, 48, 39, 30, 21, 20, 11, 2, 3, 4, 5, 6, 15, 24, 23, 32, 41, 42, 43, 44, 53, 62, 71, 80]
[00:00:00:00:862] Expansion 154: New longest path found with length 32: [0, 9, 18, 27, 36, 45, 54, 55, 56, 47, 38, 39, 30, 21, 20, 11, 2, 3, 4, 5, 6, 15, 24, 23, 32, 41, 42, 43, 44, 53, 62, 71, 80]
[00:00:00:13:937] Expansion 2,855: New longest path found with length 34: [0, 9, 10, 11, 2, 3, 4, 5, 6, 15, 24, 23, 22, 21, 30, 29, 28, 27, 36, 45, 54, 55, 56, 47, 48, 49, 50, 51, 42, 43, 44, 53, 62, 71, 80]
[00:00:00:22:778] Path of length 34 found: [0, 9, 10, 11, 2, 3, 4, 5, 6, 15, 24, 23, 22, 21, 30, 29, 28, 27, 36, 45, 54, 55, 56, 47, 48, 49, 50, 51, 42, 43, 44, 53, 62, 71, 80]
[00:00:00:23:315] ! Bidirectional. expansions: 4,278, time: 22,778 [ms], path length: 34 [edges], g_F: 18, g_B: 16, generated: {'F': 3,566, 'B': 4,305}, MM: 2, MMPER: 4.714285714285714%
[00:00:00:23:315] 
---------- SM_Grids/9x9_grid_with_random_blocks_16per_2 ----------
[00:00:00:00:852] Expansion 389: New longest path found with length 30: [0, 9, 18, 19, 20, 11, 12, 13, 22, 31, 30, 39, 38, 37, 36, 45, 54, 63, 72, 73, 74, 65, 56, 57, 58, 67, 76, 77, 78, 79, 80]
[00:00:00:03:462] Expansion 1,152: New longest path found with length 44: [0, 9, 18, 19, 20, 11, 12, 13, 22, 31, 32, 33, 24, 15, 6, 7, 8, 17, 26, 35, 44, 43, 52, 51, 60, 59, 58, 49, 48, 39, 38, 37, 36, 45, 54, 63, 72, 73, 74, 75, 76, 77, 78, 79, 80]
[00:00:00:24:477] Path of length 44 found: [0, 9, 18, 19, 20, 11, 12, 13, 22, 31, 32, 33, 24, 15, 6, 7, 8, 17, 26, 35, 44, 43, 52, 51, 60, 59, 58, 49, 48, 39, 38, 37, 36, 45, 54, 63, 72, 73, 74, 75, 76, 77, 78, 79, 80]
[00:00:00:24:478] ! Unidirectional s-t. expansions: 5,748, time: 24,478 [ms], path length: 44 [edges], generated: 9,476
[00:00:00:00:147] Expansion 25: New longest path found with length 26: [80, 79, 70, 69, 60, 51, 52, 43, 44, 35, 26, 17, 8, 7, 6, 15, 24, 33, 32, 31, 30, 29, 20, 11, 10, 1, 0]
[00:00:00:00:182] Expansion 34: New longest path found with length 28: [80, 79, 70, 69, 60, 51, 52, 43, 44, 35, 26, 17, 8, 7, 6, 15, 24, 33, 32, 31, 40, 39, 38, 29, 20, 11, 10, 1, 0]
[00:00:00:00:243] Expansion 54: New longest path found with length 40: [80, 79, 70, 69, 60, 51, 52, 43, 44, 35, 26, 17, 8, 7, 6, 15, 24, 33, 32, 31, 40, 49, 48, 57, 66, 75, 74, 73, 64, 55, 54, 45, 36, 37, 38, 29, 20, 11, 10, 1, 0]
[00:00:00:07:565] Expansion 2,581: New longest path found with length 42: [80, 79, 70, 69, 60, 59, 58, 67, 76, 75, 74, 65, 56, 55, 54, 45, 36, 37, 38, 39, 30, 31, 32, 41, 42, 43, 44, 35, 26, 17, 8, 7, 6, 15, 14, 13, 12, 11, 20, 19, 18, 9, 0]
[00:00:00:42:769] Expansion 10,546: New longest path found with length 44: [80, 79, 78, 77, 76, 75, 66, 65, 64, 55, 54, 45, 36, 37, 38, 39, 48, 49, 58, 59, 60, 61, 52, 43, 44, 35, 26, 17, 8, 7, 6, 15, 24, 33, 32, 31, 22, 13, 12, 11, 20, 19, 18, 9, 0]
[00:00:00:45:064] Path of length 44 found: [80, 79, 78, 77, 76, 75, 66, 65, 64, 55, 54, 45, 36, 37, 38, 39, 48, 49, 58, 59, 60, 61, 52, 43, 44, 35, 26, 17, 8, 7, 6, 15, 24, 33, 32, 31, 22, 13, 12, 11, 20, 19, 18, 9, 0]
[00:00:00:45:065] ! Unidirectional t-s. expansions: 11,010, time: 45,064 [ms], path length: 44 [edges], generated: 17,332
[00:00:00:00:120] Expansion 17: New longest path found with length 18: [0, 9, 18, 19, 20, 11, 12, 13, 22, 31, 40, 41, 42, 51, 60, 69, 70, 79, 80]
[00:00:00:00:158] Expansion 27: New longest path found with length 24: [0, 9, 18, 19, 20, 11, 12, 13, 14, 15, 6, 7, 8, 17, 26, 25, 34, 33, 42, 51, 60, 69, 70, 79, 80]
[00:00:00:00:228] Expansion 42: New longest path found with length 28: [0, 9, 18, 19, 20, 11, 12, 13, 22, 31, 32, 33, 24, 15, 6, 7, 8, 17, 26, 35, 44, 43, 52, 51, 60, 69, 70, 79, 80]
[00:00:00:00:336] Expansion 64: New longest path found with length 30: [0, 9, 18, 19, 20, 11, 12, 13, 22, 31, 30, 39, 38, 37, 36, 45, 54, 55, 56, 65, 74, 75, 76, 67, 58, 59, 60, 69, 70, 79, 80]
[00:00:00:00:465] Expansion 97: New longest path found with length 42: [0, 9, 18, 19, 20, 11, 12, 13, 14, 15, 6, 7, 8, 17, 26, 25, 34, 43, 42, 41, 32, 31, 30, 39, 38, 37, 36, 45, 54, 55, 56, 65, 74, 75, 76, 67, 58, 59, 60, 69, 70, 79, 80]
[00:00:00:13:082] Expansion 3,276: New longest path found with length 44: [0, 9, 18, 19, 20, 11, 12, 13, 22, 31, 32, 33, 24, 15, 6, 7, 8, 17, 26, 35, 44, 43, 52, 51, 60, 59, 58, 49, 48, 39, 38, 37, 36, 45, 54, 55, 64, 65, 66, 75, 76, 77, 78, 79, 80]
[00:00:00:21:253] Path of length 44 found: [0, 9, 18, 19, 20, 11, 12, 13, 22, 31, 32, 33, 24, 15, 6, 7, 8, 17, 26, 35, 44, 43, 52, 51, 60, 59, 58, 49, 48, 39, 38, 37, 36, 45, 54, 55, 64, 65, 66, 75, 76, 77, 78, 79, 80]
[00:00:00:21:783] ! Bidirectional. expansions: 4,782, time: 21,253 [ms], path length: 44 [edges], g_F: 23, g_B: 21, generated: {'F': 3,949, 'B': 3,712}, MM: 2, MMPER: 3.4444444444444446%
[00:00:00:21:783] 
---------- SM_Grids/9x9_grid_with_random_blocks_16per_3 ----------
[00:00:00:00:214] Expansion 39: New longest path found with length 40: [0, 9, 10, 11, 20, 21, 30, 39, 38, 37, 46, 55, 56, 65, 74, 75, 76, 77, 78, 69, 60, 59, 50, 41, 32, 23, 14, 5, 6, 7, 16, 17, 26, 35, 34, 43, 52, 53, 62, 71, 80]
[00:00:00:00:527] Expansion 117: New longest path found with length 42: [0, 9, 10, 11, 20, 21, 30, 39, 38, 37, 46, 55, 56, 65, 74, 75, 76, 67, 58, 49, 50, 41, 42, 33, 24, 23, 14, 5, 6, 7, 16, 17, 26, 35, 44, 53, 52, 61, 60, 69, 78, 79, 80]
[00:00:00:06:804] Path of length 42 found: [0, 9, 10, 11, 20, 21, 30, 39, 38, 37, 46, 55, 56, 65, 74, 75, 76, 67, 58, 49, 50, 41, 42, 33, 24, 23, 14, 5, 6, 7, 16, 17, 26, 35, 44, 53, 52, 61, 60, 69, 78, 79, 80]
[00:00:00:06:804] ! Unidirectional s-t. expansions: 1,294, time: 6,804 [ms], path length: 42 [edges], generated: 2,449
[00:00:00:00:133] Expansion 23: New longest path found with length 24: [80, 71, 70, 61, 60, 51, 42, 43, 34, 35, 26, 17, 16, 7, 6, 5, 4, 13, 22, 21, 20, 11, 10, 1, 0]
[00:00:00:00:179] Expansion 35: New longest path found with length 26: [80, 71, 70, 61, 60, 51, 42, 43, 34, 35, 26, 17, 16, 7, 6, 5, 14, 23, 32, 31, 30, 21, 20, 11, 10, 1, 0]
[00:00:00:01:114] Expansion 220: New longest path found with length 38: [80, 71, 70, 61, 60, 59, 68, 77, 76, 75, 74, 65, 56, 55, 46, 37, 38, 39, 40, 41, 32, 33, 34, 35, 26, 17, 16, 7, 6, 5, 4, 13, 22, 21, 20, 11, 10, 1, 0]
[00:00:00:02:131] Expansion 417: New longest path found with length 40: [80, 71, 70, 61, 52, 53, 44, 35, 26, 17, 16, 7, 6, 5, 14, 23, 24, 33, 42, 41, 50, 49, 58, 67, 76, 75, 74, 65, 56, 55, 46, 37, 38, 39, 30, 21, 20, 11, 10, 1, 0]
[00:00:00:27:177] Expansion 5,435: New longest path found with length 42: [80, 79, 78, 69, 60, 61, 62, 53, 44, 35, 26, 17, 16, 7, 6, 5, 14, 23, 24, 33, 42, 41, 50, 49, 58, 67, 76, 75, 74, 65, 56, 55, 46, 37, 38, 39, 30, 21, 20, 11, 10, 1, 0]
[00:00:00:27:864] Path of length 42 found: [80, 79, 78, 69, 60, 61, 62, 53, 44, 35, 26, 17, 16, 7, 6, 5, 14, 23, 24, 33, 42, 41, 50, 49, 58, 67, 76, 75, 74, 65, 56, 55, 46, 37, 38, 39, 30, 21, 20, 11, 10, 1, 0]
[00:00:00:27:865] ! Unidirectional t-s. expansions: 5,555, time: 27,864 [ms], path length: 42 [edges], generated: 9,624
[00:00:00:03:051] Expansion 1,396: New longest path found with length 16: [0, 9, 10, 11, 20, 21, 30, 39, 40, 41, 42, 51, 60, 61, 70, 71, 80]
[00:00:00:03:107] Expansion 1,410: New longest path found with length 26: [0, 9, 10, 11, 20, 21, 30, 31, 32, 23, 14, 5, 6, 7, 16, 17, 26, 35, 34, 43, 42, 51, 60, 61, 70, 71, 80]
[00:00:00:03:442] Expansion 1,478: New longest path found with length 38: [0, 9, 10, 11, 20, 21, 22, 13, 4, 5, 6, 7, 16, 17, 26, 35, 44, 43, 42, 41, 40, 39, 38, 37, 46, 55, 56, 65, 74, 75, 76, 77, 68, 59, 60, 61, 70, 71, 80]
[00:00:00:04:694] Expansion 1,850: New longest path found with length 40: [0, 9, 10, 11, 20, 21, 30, 39, 38, 37, 46, 55, 56, 65, 74, 75, 76, 77, 68, 59, 50, 41, 42, 33, 24, 23, 14, 5, 6, 7, 16, 17, 26, 35, 44, 53, 52, 61, 70, 71, 80]
[00:00:00:15:536] Expansion 4,166: New longest path found with length 42: [0, 9, 10, 11, 20, 21, 30, 39, 38, 37, 46, 55, 56, 65, 74, 75, 76, 67, 58, 49, 50, 41, 42, 33, 24, 23, 14, 5, 6, 7, 16, 17, 26, 35, 44, 53, 62, 61, 60, 69, 78, 79, 80]
[00:00:00:18:832] Path of length 42 found: [0, 9, 10, 11, 20, 21, 30, 39, 38, 37, 46, 55, 56, 65, 74, 75, 76, 67, 58, 49, 50, 41, 42, 33, 24, 23, 14, 5, 6, 7, 16, 17, 26, 35, 44, 53, 62, 61, 60, 69, 78, 79, 80]
[00:00:00:19:393] ! Bidirectional. expansions: 4,737, time: 18,832 [ms], path length: 42 [edges], g_F: 22, g_B: 20, generated: {'F': 3,656, 'B': 3,612}, MM: 2, MMPER: 3.6511627906976747%
[00:00:00:19:393] 
---------- SM_Grids/9x9_grid_with_random_blocks_16per_4 ----------
[00:00:00:00:137] Expansion 25: New longest path found with length 26: [0, 1, 2, 11, 12, 21, 22, 31, 40, 39, 48, 47, 46, 55, 64, 65, 74, 75, 76, 67, 58, 59, 60, 69, 70, 71, 80]
[00:00:00:00:278] Expansion 57: New longest path found with length 30: [0, 1, 2, 11, 12, 21, 22, 31, 40, 39, 38, 29, 28, 27, 36, 45, 54, 55, 64, 65, 74, 75, 76, 67, 58, 59, 60, 69, 70, 71, 80]
[00:00:00:00:778] Expansion 179: New longest path found with length 32: [0, 1, 2, 11, 12, 21, 22, 31, 40, 49, 48, 47, 38, 29, 28, 27, 36, 45, 54, 55, 64, 65, 74, 75, 76, 67, 68, 59, 60, 61, 70, 71, 80]
[00:00:00:01:455] Expansion 358: New longest path found with length 36: [0, 1, 2, 11, 12, 13, 14, 15, 6, 7, 8, 17, 26, 35, 44, 43, 42, 41, 40, 39, 48, 47, 46, 55, 64, 65, 74, 75, 76, 67, 58, 59, 60, 69, 70, 71, 80]
[00:00:00:01:561] Expansion 390: New longest path found with length 40: [0, 1, 2, 11, 12, 13, 14, 15, 6, 7, 8, 17, 26, 35, 44, 43, 42, 41, 40, 39, 38, 29, 28, 27, 36, 45, 54, 55, 64, 65, 74, 75, 76, 67, 58, 59, 60, 69, 70, 71, 80]
[00:00:00:01:838] Expansion 485: New longest path found with length 42: [0, 1, 2, 11, 12, 13, 14, 15, 6, 7, 8, 17, 26, 35, 44, 43, 42, 41, 40, 49, 48, 47, 38, 29, 28, 27, 36, 45, 54, 55, 64, 65, 74, 75, 76, 67, 68, 59, 60, 61, 70, 71, 80]
[00:00:00:20:192] Expansion 4,713: New longest path found with length 44: [0, 1, 2, 3, 4, 13, 22, 21, 20, 19, 18, 27, 36, 37, 46, 55, 64, 65, 74, 75, 76, 77, 78, 69, 60, 59, 58, 49, 40, 41, 42, 33, 24, 15, 6, 7, 8, 17, 26, 35, 44, 53, 62, 71, 80]
[00:00:00:46:680] Path of length 44 found: [0, 1, 2, 3, 4, 13, 22, 21, 20, 19, 18, 27, 36, 37, 46, 55, 64, 65, 74, 75, 76, 77, 78, 69, 60, 59, 58, 49, 40, 41, 42, 33, 24, 15, 6, 7, 8, 17, 26, 35, 44, 53, 62, 71, 80]
[00:00:00:46:681] ! Unidirectional s-t. expansions: 10,669, time: 46,680 [ms], path length: 44 [edges], generated: 17,646
[00:00:00:00:239] Expansion 67: New longest path found with length 34: [80, 71, 62, 61, 60, 69, 78, 77, 76, 67, 58, 49, 40, 41, 42, 43, 44, 35, 26, 17, 8, 7, 6, 15, 14, 13, 4, 3, 2, 11, 20, 19, 18, 9, 0]
[00:00:00:00:354] Expansion 123: New longest path found with length 42: [80, 71, 62, 61, 60, 69, 78, 77, 76, 67, 58, 49, 40, 41, 42, 43, 44, 35, 26, 17, 8, 7, 6, 15, 14, 13, 4, 3, 2, 11, 20, 29, 38, 47, 56, 55, 54, 45, 36, 27, 18, 9, 0]
[00:00:00:00:937] Expansion 271: New longest path found with length 44: [80, 71, 62, 61, 60, 69, 78, 77, 76, 67, 66, 65, 56, 55, 46, 45, 36, 27, 18, 19, 20, 29, 38, 39, 48, 49, 50, 41, 42, 43, 44, 35, 26, 17, 8, 7, 6, 15, 14, 13, 4, 3, 2, 1, 0]
[00:00:00:31:295] Path of length 44 found: [80, 71, 62, 61, 60, 69, 78, 77, 76, 67, 66, 65, 56, 55, 46, 45, 36, 27, 18, 19, 20, 29, 38, 39, 48, 49, 50, 41, 42, 43, 44, 35, 26, 17, 8, 7, 6, 15, 14, 13, 4, 3, 2, 1, 0]
[00:00:00:31:296] ! Unidirectional t-s. expansions: 6,984, time: 31,296 [ms], path length: 44 [edges], generated: 11,537
[00:00:00:00:133] Expansion 23: New longest path found with length 24: [0, 1, 2, 11, 12, 21, 22, 31, 40, 41, 42, 33, 24, 15, 6, 7, 8, 17, 26, 35, 44, 53, 62, 71, 80]
[00:00:00:00:426] Expansion 80: New longest path found with length 38: [0, 1, 2, 11, 20, 19, 18, 27, 36, 45, 54, 55, 64, 65, 74, 75, 76, 67, 68, 59, 50, 49, 40, 31, 22, 13, 14, 15, 6, 7, 8, 17, 26, 35, 44, 53, 62, 71, 80]
[00:00:00:00:447] Expansion 87: New longest path found with length 40: [0, 1, 2, 11, 20, 19, 18, 27, 36, 45, 54, 55, 64, 65, 74, 75, 76, 77, 78, 69, 60, 59, 58, 49, 40, 31, 22, 13, 14, 15, 6, 7, 8, 17, 26, 35, 44, 53, 62, 71, 80]
[00:00:00:06:576] Expansion 1,610: New longest path found with length 42: [0, 1, 2, 11, 12, 13, 14, 15, 6, 7, 8, 17, 26, 35, 44, 43, 42, 41, 40, 49, 48, 47, 38, 29, 28, 27, 36, 45, 54, 55, 64, 65, 66, 67, 76, 77, 78, 69, 60, 61, 62, 71, 80]
[00:00:00:09:291] Expansion 2,222: New longest path found with length 44: [0, 1, 2, 3, 4, 13, 14, 15, 6, 7, 8, 17, 26, 35, 44, 43, 42, 41, 50, 49, 48, 39, 38, 29, 20, 19, 18, 27, 36, 45, 46, 55, 56, 65, 66, 67, 76, 77, 78, 69, 60, 61, 62, 71, 80]
[00:00:00:20:330] Path of length 44 found: [0, 1, 2, 3, 4, 13, 14, 15, 6, 7, 8, 17, 26, 35, 44, 43, 42, 41, 50, 49, 48, 39, 38, 29, 20, 19, 18, 27, 36, 45, 46, 55, 56, 65, 66, 67, 76, 77, 78, 69, 60, 61, 62, 71, 80]
[00:00:00:20:871] ! Bidirectional. expansions: 4,313, time: 20,330 [ms], path length: 44 [edges], g_F: 23, g_B: 21, generated: {'F': 3,500, 'B': 3,705}, MM: 2, MMPER: 3.4444444444444446%
[00:00:00:20:871] 
---------- SM_Grids/9x9_grid_with_random_blocks_16per_5 ----------
[00:00:00:00:272] Expansion 81: New longest path found with length 30: [0, 1, 2, 3, 4, 13, 22, 21, 30, 29, 28, 27, 36, 45, 46, 55, 64, 73, 74, 75, 66, 57, 48, 49, 50, 59, 68, 69, 70, 71, 80]
[00:00:00:09:661] Expansion 2,351: New longest path found with length 32: [0, 1, 2, 3, 4, 13, 22, 21, 20, 19, 18, 27, 36, 45, 54, 63, 72, 73, 74, 65, 66, 57, 48, 39, 40, 41, 50, 59, 68, 69, 70, 71, 80]
[00:00:00:25:226] Expansion 6,450: New longest path found with length 40: [0, 1, 2, 3, 4, 13, 22, 23, 24, 25, 26, 35, 44, 43, 52, 51, 50, 41, 40, 39, 30, 29, 20, 19, 18, 27, 36, 45, 54, 63, 72, 73, 74, 65, 66, 67, 68, 69, 70, 71, 80]
[00:00:01:20:362] Path of length 40 found: [0, 1, 2, 3, 4, 13, 22, 23, 24, 25, 26, 35, 44, 43, 52, 51, 50, 41, 40, 39, 30, 29, 20, 19, 18, 27, 36, 45, 54, 63, 72, 73, 74, 65, 66, 67, 68, 69, 70, 71, 80]
[00:00:01:20:362] ! Unidirectional s-t. expansions: 19,792, time: 80,362 [ms], path length: 40 [edges], generated: 35,453
[00:00:00:00:105] Expansion 15: New longest path found with length 16: [80, 71, 62, 53, 44, 35, 26, 25, 24, 23, 22, 21, 12, 3, 2, 1, 0]
[00:00:00:00:146] Expansion 23: New longest path found with length 18: [80, 71, 62, 53, 44, 35, 26, 25, 24, 23, 22, 31, 30, 29, 20, 11, 2, 1, 0]
[00:00:00:00:232] Expansion 45: New longest path found with length 32: [80, 71, 62, 53, 44, 35, 26, 25, 24, 23, 22, 31, 30, 39, 48, 57, 66, 75, 74, 73, 72, 63, 54, 45, 36, 27, 18, 19, 20, 11, 2, 1, 0]
[00:00:00:00:540] Expansion 166: New longest path found with length 36: [80, 71, 62, 53, 44, 35, 26, 25, 24, 23, 22, 31, 30, 39, 48, 49, 50, 59, 68, 67, 66, 75, 74, 73, 72, 63, 54, 45, 36, 27, 18, 19, 20, 11, 2, 1, 0]
[00:00:00:00:790] Expansion 287: New longest path found with length 38: [80, 71, 62, 53, 44, 35, 26, 25, 24, 23, 22, 31, 30, 39, 48, 49, 50, 51, 60, 69, 68, 67, 66, 75, 74, 73, 72, 63, 54, 45, 36, 27, 18, 19, 20, 11, 2, 1, 0]
[00:00:00:23:658] Expansion 7,359: New longest path found with length 40: [80, 71, 70, 69, 68, 67, 66, 65, 74, 73, 72, 63, 54, 45, 36, 27, 18, 19, 20, 29, 38, 47, 48, 49, 50, 51, 52, 53, 44, 35, 26, 25, 24, 23, 22, 13, 4, 3, 2, 1, 0]
[00:00:00:28:530] Path of length 40 found: [80, 71, 70, 69, 68, 67, 66, 65, 74, 73, 72, 63, 54, 45, 36, 27, 18, 19, 20, 29, 38, 47, 48, 49, 50, 51, 52, 53, 44, 35, 26, 25, 24, 23, 22, 13, 4, 3, 2, 1, 0]
[00:00:00:28:530] ! Unidirectional t-s. expansions: 8,613, time: 28,530 [ms], path length: 40 [edges], generated: 12,849
[00:00:00:00:165] Expansion 28: New longest path found with length 28: [0, 1, 2, 3, 4, 13, 22, 21, 30, 29, 28, 27, 36, 45, 46, 47, 48, 49, 58, 67, 68, 69, 60, 51, 52, 53, 62, 71, 80]
[00:00:00:00:241] Expansion 52: New longest path found with length 30: [0, 1, 2, 3, 4, 13, 22, 21, 30, 29, 28, 27, 36, 45, 46, 55, 64, 73, 74, 75, 66, 67, 68, 69, 60, 51, 52, 53, 62, 71, 80]
[00:00:00:01:320] Expansion 331: New longest path found with length 32: [0, 1, 2, 3, 4, 13, 22, 31, 30, 29, 20, 19, 18, 27, 36, 45, 54, 63, 72, 73, 74, 65, 66, 67, 68, 69, 60, 51, 52, 53, 62, 71, 80]
[00:00:00:01:449] Expansion 364: New longest path found with length 34: [0, 1, 2, 3, 4, 13, 22, 31, 40, 39, 38, 29, 20, 19, 18, 27, 36, 45, 54, 63, 72, 73, 74, 65, 66, 67, 68, 69, 60, 51, 52, 53, 62, 71, 80]
[00:00:00:01:508] Expansion 382: New longest path found with length 36: [0, 1, 2, 3, 4, 13, 22, 31, 40, 49, 48, 47, 38, 29, 20, 19, 18, 27, 36, 45, 54, 55, 64, 73, 74, 75, 66, 67, 68, 69, 60, 51, 52, 53, 62, 71, 80]
[00:00:00:06:178] Expansion 1,497: New longest path found with length 38: [0, 1, 2, 11, 20, 19, 18, 27, 36, 45, 54, 63, 72, 73, 74, 65, 66, 67, 68, 69, 60, 51, 50, 49, 48, 39, 30, 31, 22, 23, 24, 25, 26, 35, 44, 53, 62, 71, 80]
[00:00:00:12:862] Expansion 3,059: New longest path found with length 40: [0, 1, 2, 3, 12, 13, 22, 23, 24, 25, 34, 35, 44, 53, 52, 51, 50, 41, 40, 39, 30, 29, 20, 19, 18, 27, 36, 45, 54, 63, 72, 73, 74, 65, 66, 67, 68, 69, 70, 71, 80]
[00:00:00:17:809] Path of length 40 found: [0, 1, 2, 3, 12, 13, 22, 23, 24, 25, 34, 35, 44, 53, 52, 51, 50, 41, 40, 39, 30, 29, 20, 19, 18, 27, 36, 45, 54, 63, 72, 73, 74, 65, 66, 67, 68, 69, 70, 71, 80]
[00:00:00:18:361] ! Bidirectional. expansions: 4,260, time: 17,810 [ms], path length: 40 [edges], g_F: 21, g_B: 19, generated: {'F': 3,524, 'B': 3,931}, MM: 2, MMPER: 3.8780487804878048%
[00:00:00:18:361] 
---------- SM_Grids/9x9_grid_with_random_blocks_16per_6 ----------
[00:00:00:00:193] Expansion 46: New longest path found with length 42: [0, 1, 2, 3, 4, 13, 14, 15, 6, 7, 8, 17, 26, 25, 34, 33, 32, 41, 50, 49, 48, 39, 30, 21, 20, 19, 18, 27, 36, 45, 54, 63, 64, 65, 66, 75, 76, 77, 68, 69, 70, 71, 80]
[00:00:00:03:424] Expansion 1,380: New longest path found with length 46: [0, 1, 2, 3, 4, 13, 14, 15, 6, 7, 8, 17, 26, 35, 44, 53, 52, 51, 42, 33, 32, 31, 30, 21, 20, 19, 18, 27, 36, 45, 54, 63, 64, 65, 56, 47, 48, 49, 58, 67, 76, 77, 78, 69, 70, 71, 80]
[00:00:00:10:063] Path of length 46 found: [0, 1, 2, 3, 4, 13, 14, 15, 6, 7, 8, 17, 26, 35, 44, 53, 52, 51, 42, 33, 32, 31, 30, 21, 20, 19, 18, 27, 36, 45, 54, 63, 64, 65, 56, 47, 48, 49, 58, 67, 76, 77, 78, 69, 70, 71, 80]
[00:00:00:10:063] ! Unidirectional s-t. expansions: 2,751, time: 10,063 [ms], path length: 46 [edges], generated: 4,152
[00:00:00:00:192] Expansion 39: New longest path found with length 40: [80, 71, 62, 53, 44, 35, 26, 17, 8, 7, 6, 15, 14, 13, 4, 3, 2, 11, 20, 21, 30, 31, 32, 33, 42, 51, 50, 49, 58, 67, 66, 65, 64, 55, 46, 45, 36, 27, 18, 9, 0]
[00:00:00:00:253] Expansion 60: New longest path found with length 42: [80, 71, 62, 53, 44, 35, 26, 17, 8, 7, 6, 15, 14, 13, 4, 3, 2, 11, 20, 21, 30, 31, 32, 33, 42, 51, 50, 59, 68, 77, 76, 75, 66, 65, 64, 55, 46, 45, 36, 27, 18, 9, 0]
[00:00:00:04:532] Expansion 935: New longest path found with length 44: [80, 71, 62, 53, 52, 51, 42, 33, 34, 25, 26, 17, 8, 7, 6, 15, 14, 23, 22, 31, 30, 39, 48, 49, 58, 59, 68, 77, 76, 75, 66, 65, 64, 55, 46, 45, 36, 27, 18, 19, 20, 11, 2, 1, 0]
[00:00:00:16:074] Expansion 3,806: New longest path found with length 46: [80, 71, 70, 69, 78, 77, 76, 67, 58, 49, 48, 47, 56, 65, 64, 63, 54, 45, 36, 27, 18, 19, 20, 21, 30, 31, 32, 41, 42, 51, 52, 53, 44, 35, 26, 17, 8, 7, 6, 15, 14, 13, 4, 3, 2, 1, 0]
[00:00:00:16:923] Path of length 46 found: [80, 71, 70, 69, 78, 77, 76, 67, 58, 49, 48, 47, 56, 65, 64, 63, 54, 45, 36, 27, 18, 19, 20, 21, 30, 31, 32, 41, 42, 51, 52, 53, 44, 35, 26, 17, 8, 7, 6, 15, 14, 13, 4, 3, 2, 1, 0]
[00:00:00:16:924] ! Unidirectional t-s. expansions: 3,954, time: 16,923 [ms], path length: 46 [edges], generated: 6,468
[00:00:00:00:183] Expansion 35: New longest path found with length 34: [0, 1, 10, 19, 18, 27, 36, 45, 54, 63, 64, 65, 56, 47, 48, 49, 50, 41, 32, 31, 30, 21, 12, 13, 14, 15, 16, 25, 34, 35, 44, 53, 62, 71, 80]
[00:00:00:00:248] Expansion 59: New longest path found with length 36: [0, 1, 10, 19, 18, 27, 36, 45, 54, 63, 64, 65, 66, 75, 76, 77, 68, 59, 50, 41, 32, 31, 30, 21, 12, 13, 14, 15, 16, 25, 34, 35, 44, 53, 62, 71, 80]
[00:00:00:01:480] Expansion 378: New longest path found with length 38: [0, 1, 10, 19, 18, 27, 36, 45, 54, 63, 64, 65, 56, 47, 48, 49, 50, 51, 42, 33, 32, 31, 30, 21, 12, 13, 14, 15, 6, 7, 8, 17, 26, 35, 44, 53, 62, 71, 80]
[00:00:00:01:573] Expansion 408: New longest path found with length 40: [0, 1, 10, 19, 18, 27, 36, 45, 54, 63, 64, 65, 66, 75, 76, 77, 68, 59, 50, 51, 42, 33, 32, 31, 30, 21, 12, 13, 14, 15, 6, 7, 8, 17, 26, 35, 44, 53, 62, 71, 80]
[00:00:00:03:183] Expansion 790: New longest path found with length 42: [0, 1, 10, 19, 18, 27, 36, 45, 54, 63, 64, 65, 66, 75, 76, 77, 68, 59, 58, 49, 48, 39, 30, 21, 12, 13, 14, 15, 6, 7, 8, 17, 26, 25, 34, 33, 42, 51, 52, 53, 62, 71, 80]
[00:00:00:11:114] Expansion 2,540: New longest path found with length 44: [0, 1, 2, 11, 20, 19, 18, 27, 36, 45, 54, 63, 64, 65, 66, 75, 76, 77, 68, 59, 58, 49, 48, 39, 30, 31, 22, 13, 14, 15, 6, 7, 8, 17, 26, 25, 34, 33, 42, 51, 52, 53, 62, 71, 80]
[00:00:00:14:407] Expansion 3,173: New longest path found with length 46: [0, 1, 2, 3, 4, 13, 14, 15, 6, 7, 8, 17, 26, 35, 44, 53, 52, 51, 42, 33, 32, 31, 30, 21, 20, 19, 18, 27, 36, 45, 54, 63, 64, 65, 56, 47, 48, 49, 58, 67, 76, 77, 78, 69, 70, 71, 80]
[00:00:00:16:894] Path of length 46 found: [0, 1, 2, 3, 4, 13, 14, 15, 6, 7, 8, 17, 26, 35, 44, 53, 52, 51, 42, 33, 32, 31, 30, 21, 20, 19, 18, 27, 36, 45, 54, 63, 64, 65, 56, 47, 48, 49, 58, 67, 76, 77, 78, 69, 70, 71, 80]
[00:00:00:17:427] ! Bidirectional. expansions: 3,571, time: 16,894 [ms], path length: 46 [edges], g_F: 24, g_B: 22, generated: {'F': 3,067, 'B': 3,059}, MM: 2, MMPER: 3.25531914893617%
[00:00:00:17:427] 
---------- SM_Grids/9x9_grid_with_random_blocks_16per_7 ----------
[00:00:00:00:358] Expansion 95: New longest path found with length 24: [0, 9, 10, 19, 20, 21, 12, 3, 4, 5, 6, 15, 16, 25, 34, 33, 32, 41, 50, 59, 68, 77, 78, 79, 80]
[00:00:00:00:381] Expansion 102: New longest path found with length 26: [0, 9, 10, 19, 20, 21, 12, 3, 4, 5, 6, 15, 16, 25, 34, 33, 32, 41, 50, 49, 58, 67, 68, 77, 78, 79, 80]
[00:00:00:00:427] Expansion 120: New longest path found with length 38: [0, 9, 10, 19, 20, 21, 12, 3, 4, 5, 6, 15, 16, 25, 34, 33, 32, 41, 50, 49, 48, 39, 38, 37, 36, 45, 54, 63, 72, 73, 74, 65, 66, 67, 68, 77, 78, 79, 80]
[00:00:00:00:895] Expansion 256: New longest path found with length 40: [0, 9, 10, 19, 20, 21, 12, 3, 4, 5, 6, 15, 16, 25, 34, 43, 52, 51, 50, 41, 40, 39, 38, 37, 36, 45, 54, 63, 72, 73, 74, 65, 56, 57, 58, 67, 68, 77, 78, 79, 80]
[00:00:00:04:576] Expansion 951: New longest path found with length 42: [0, 9, 10, 19, 28, 27, 36, 45, 54, 63, 72, 73, 74, 65, 56, 47, 38, 39, 40, 41, 32, 23, 22, 21, 12, 3, 4, 5, 6, 15, 16, 25, 34, 43, 52, 51, 60, 59, 68, 77, 78, 79, 80]
[00:00:00:20:279] Path of length 42 found: [0, 9, 10, 19, 28, 27, 36, 45, 54, 63, 72, 73, 74, 65, 56, 47, 38, 39, 40, 41, 32, 23, 22, 21, 12, 3, 4, 5, 6, 15, 16, 25, 34, 43, 52, 51, 60, 59, 68, 77, 78, 79, 80]
[00:00:00:20:279] ! Unidirectional s-t. expansions: 4,016, time: 20,279 [ms], path length: 42 [edges], generated: 7,526
[00:00:00:06:444] Expansion 2,395: New longest path found with length 20: [80, 79, 78, 77, 68, 67, 66, 65, 74, 73, 72, 63, 54, 45, 36, 27, 28, 19, 10, 9, 0]
[00:00:00:14:340] Expansion 5,242: New longest path found with length 38: [80, 79, 78, 77, 68, 67, 66, 65, 74, 73, 72, 63, 54, 45, 36, 27, 28, 29, 38, 47, 48, 49, 40, 41, 42, 33, 34, 25, 16, 15, 14, 23, 22, 21, 12, 11, 10, 9, 0]
[00:00:00:15:399] Expansion 5,531: New longest path found with length 40: [80, 79, 78, 77, 68, 67, 66, 65, 74, 73, 72, 63, 54, 45, 36, 27, 28, 29, 30, 21, 22, 23, 32, 41, 50, 51, 52, 43, 34, 25, 16, 15, 6, 5, 4, 3, 2, 11, 10, 9, 0]
[00:00:00:18:997] Expansion 6,220: New longest path found with length 42: [80, 79, 78, 77, 68, 67, 58, 57, 56, 65, 74, 73, 72, 63, 54, 45, 36, 27, 28, 29, 30, 21, 22, 23, 32, 41, 50, 51, 52, 43, 34, 25, 16, 15, 6, 5, 4, 3, 2, 11, 10, 9, 0]
[00:00:00:40:341] Path of length 42 found: [80, 79, 78, 77, 68, 67, 58, 57, 56, 65, 74, 73, 72, 63, 54, 45, 36, 27, 28, 29, 30, 21, 22, 23, 32, 41, 50, 51, 52, 43, 34, 25, 16, 15, 6, 5, 4, 3, 2, 11, 10, 9, 0]
[00:00:00:40:341] ! Unidirectional t-s. expansions: 10,656, time: 40,341 [ms], path length: 42 [edges], generated: 17,453
[00:00:00:00:135] Expansion 21: New longest path found with length 22: [0, 9, 10, 11, 2, 3, 4, 5, 14, 23, 22, 21, 30, 39, 40, 49, 58, 67, 68, 77, 78, 79, 80]
[00:00:00:00:267] Expansion 78: New longest path found with length 24: [0, 9, 10, 11, 2, 3, 4, 5, 14, 23, 24, 25, 34, 43, 42, 41, 40, 49, 58, 67, 68, 77, 78, 79, 80]
[00:00:00:00:367] Expansion 103: New longest path found with length 34: [0, 9, 10, 11, 2, 3, 4, 5, 14, 23, 22, 21, 30, 29, 28, 27, 36, 45, 54, 63, 72, 73, 74, 65, 56, 47, 48, 49, 58, 67, 68, 77, 78, 79, 80]
[00:00:00:00:481] Expansion 134: New longest path found with length 42: [0, 9, 10, 11, 2, 3, 4, 5, 6, 15, 16, 25, 34, 43, 42, 41, 32, 23, 22, 21, 30, 29, 28, 27, 36, 45, 54, 63, 72, 73, 74, 65, 56, 47, 48, 49, 58, 67, 68, 77, 78, 79, 80]
[00:00:00:12:067] Path of length 42 found: [0, 9, 10, 11, 2, 3, 4, 5, 6, 15, 16, 25, 34, 43, 42, 41, 32, 23, 22, 21, 30, 29, 28, 27, 36, 45, 54, 63, 72, 73, 74, 65, 56, 47, 48, 49, 58, 67, 68, 77, 78, 79, 80]
[00:00:00:12:599] ! Bidirectional. expansions: 2,242, time: 12,067 [ms], path length: 42 [edges], g_F: 22, g_B: 20, generated: {'F': 2,020, 'B': 2,056}, MM: 2, MMPER: 3.6511627906976747%
[00:00:00:12:599] 
---------- SM_Grids/9x9_grid_with_random_blocks_16per_8 ----------
[00:00:00:02:018] Expansion 685: New longest path found with length 18: [0, 9, 18, 19, 28, 29, 38, 47, 48, 57, 66, 75, 76, 77, 78, 69, 70, 71, 80]
[00:00:00:04:137] Expansion 1,407: New longest path found with length 32: [0, 9, 18, 19, 28, 29, 38, 47, 48, 57, 58, 59, 50, 41, 32, 23, 22, 13, 4, 5, 6, 7, 8, 17, 26, 35, 44, 53, 52, 61, 70, 79, 80]
[00:00:00:06:036] Expansion 2,267: New longest path found with length 40: [0, 9, 18, 19, 28, 29, 38, 47, 46, 45, 54, 63, 72, 73, 74, 65, 66, 67, 58, 59, 50, 41, 32, 23, 22, 13, 4, 5, 6, 7, 8, 17, 26, 35, 44, 53, 52, 61, 70, 79, 80]
[00:00:00:19:807] Expansion 7,842: New longest path found with length 42: [0, 9, 18, 19, 28, 29, 38, 39, 40, 41, 32, 23, 22, 13, 4, 5, 6, 7, 8, 17, 26, 35, 44, 53, 52, 61, 60, 59, 58, 57, 56, 55, 54, 63, 72, 73, 74, 75, 76, 77, 78, 79, 80]
[00:00:00:20:657] Expansion 8,099: New longest path found with length 44: [0, 9, 18, 19, 28, 37, 36, 45, 54, 63, 72, 73, 74, 65, 56, 47, 48, 39, 40, 41, 32, 23, 22, 13, 4, 5, 6, 7, 8, 17, 26, 35, 44, 53, 52, 61, 60, 59, 58, 67, 76, 77, 78, 79, 80]
[00:00:00:46:348] Path of length 44 found: [0, 9, 18, 19, 28, 37, 36, 45, 54, 63, 72, 73, 74, 65, 56, 47, 48, 39, 40, 41, 32, 23, 22, 13, 4, 5, 6, 7, 8, 17, 26, 35, 44, 53, 52, 61, 60, 59, 58, 67, 76, 77, 78, 79, 80]
[00:00:00:46:349] ! Unidirectional s-t. expansions: 13,549, time: 46,349 [ms], path length: 44 [edges], generated: 20,089
[00:00:00:00:163] Expansion 31: New longest path found with length 32: [80, 71, 70, 61, 52, 53, 44, 35, 34, 25, 16, 7, 6, 5, 4, 13, 22, 23, 32, 41, 40, 39, 48, 47, 46, 37, 36, 27, 18, 19, 10, 1, 0]
[00:00:00:00:202] Expansion 45: New longest path found with length 38: [80, 71, 70, 61, 52, 53, 44, 35, 34, 25, 16, 7, 6, 5, 4, 13, 22, 23, 32, 41, 40, 39, 48, 47, 56, 65, 74, 73, 72, 63, 54, 45, 36, 37, 28, 19, 10, 1, 0]
[00:00:00:00:253] Expansion 63: New longest path found with length 40: [80, 71, 70, 61, 52, 53, 44, 35, 34, 25, 16, 7, 6, 5, 4, 13, 22, 23, 32, 41, 40, 39, 48, 57, 58, 67, 76, 75, 74, 65, 64, 63, 54, 45, 46, 37, 28, 27, 18, 9, 0]
[00:00:00:00:279] Expansion 76: New longest path found with length 42: [80, 71, 70, 61, 52, 53, 44, 35, 34, 25, 16, 7, 6, 5, 4, 13, 22, 23, 32, 41, 40, 39, 48, 57, 58, 67, 76, 75, 74, 73, 72, 63, 54, 55, 46, 37, 36, 27, 18, 19, 10, 1, 0]
[00:00:00:06:832] Expansion 1,709: New longest path found with length 44: [80, 79, 78, 69, 60, 61, 52, 53, 44, 35, 34, 25, 16, 7, 6, 5, 4, 13, 22, 23, 32, 41, 40, 39, 48, 57, 58, 67, 76, 75, 74, 73, 72, 63, 54, 55, 46, 37, 36, 27, 18, 19, 10, 1, 0]
[00:00:00:10:729] Path of length 44 found: [80, 79, 78, 69, 60, 61, 52, 53, 44, 35, 34, 25, 16, 7, 6, 5, 4, 13, 22, 23, 32, 41, 40, 39, 48, 57, 58, 67, 76, 75, 74, 73, 72, 63, 54, 55, 46, 37, 36, 27, 18, 19, 10, 1, 0]
[00:00:00:10:729] ! Unidirectional t-s. expansions: 2,484, time: 10,729 [ms], path length: 44 [edges], generated: 4,006
[00:00:00:00:166] Expansion 31: New longest path found with length 32: [0, 9, 18, 19, 28, 29, 38, 47, 48, 57, 58, 59, 50, 41, 32, 23, 22, 13, 4, 5, 6, 7, 16, 25, 34, 35, 44, 53, 52, 61, 70, 71, 80]
[00:00:00:00:508] Expansion 143: New longest path found with length 40: [0, 9, 18, 19, 28, 29, 38, 47, 46, 45, 54, 63, 72, 73, 74, 65, 66, 57, 58, 59, 50, 41, 40, 31, 22, 13, 4, 5, 6, 7, 16, 25, 34, 35, 44, 53, 52, 61, 70, 71, 80]
[00:00:00:14:617] Expansion 3,480: New longest path found with length 42: [0, 9, 10, 19, 28, 27, 36, 45, 54, 63, 72, 73, 74, 75, 76, 67, 58, 57, 56, 47, 38, 39, 40, 41, 32, 23, 22, 13, 4, 5, 6, 7, 16, 25, 34, 35, 44, 53, 52, 61, 70, 71, 80]
[00:00:00:25:373] Expansion 6,007: New longest path found with length 44: [0, 9, 18, 19, 28, 37, 36, 45, 54, 63, 72, 73, 74, 65, 56, 47, 48, 39, 40, 41, 32, 23, 22, 13, 4, 5, 6, 7, 16, 25, 34, 35, 44, 53, 52, 61, 60, 59, 58, 67, 76, 77, 78, 79, 80]
[00:00:00:39:283] Path of length 44 found: [0, 9, 18, 19, 28, 37, 36, 45, 54, 63, 72, 73, 74, 65, 56, 47, 48, 39, 40, 41, 32, 23, 22, 13, 4, 5, 6, 7, 16, 25, 34, 35, 44, 53, 52, 61, 60, 59, 58, 67, 76, 77, 78, 79, 80]
[00:00:00:39:810] ! Bidirectional. expansions: 8,951, time: 39,283 [ms], path length: 44 [edges], g_F: 23, g_B: 21, generated: {'F': 7,552, 'B': 6,929}, MM: 2, MMPER: 3.4444444444444446%
[00:00:00:39:810] 
---------- SM_Grids/9x9_grid_with_random_blocks_16per_9 ----------
[00:00:00:00:146] Expansion 26: New longest path found with length 20: [0, 1, 2, 11, 20, 19, 28, 37, 46, 47, 48, 49, 58, 67, 76, 77, 78, 69, 70, 71, 80]
[00:00:00:00:299] Expansion 61: New longest path found with length 22: [0, 1, 2, 11, 20, 19, 28, 37, 46, 45, 54, 63, 64, 65, 66, 67, 58, 59, 60, 69, 78, 79, 80]
[00:00:00:00:554] Expansion 119: New longest path found with length 26: [0, 1, 2, 11, 20, 29, 30, 31, 40, 49, 48, 47, 46, 45, 54, 63, 64, 65, 66, 67, 76, 77, 78, 69, 70, 71, 80]
[00:00:00:00:797] Expansion 169: New longest path found with length 36: [0, 1, 2, 11, 20, 21, 22, 13, 4, 5, 6, 15, 16, 25, 34, 33, 32, 41, 40, 39, 38, 37, 46, 45, 54, 63, 64, 65, 66, 67, 58, 59, 60, 69, 78, 79, 80]
[00:00:00:01:399] Expansion 344: New longest path found with length 38: [0, 1, 2, 11, 20, 21, 22, 13, 4, 5, 6, 7, 8, 17, 26, 25, 24, 33, 32, 41, 40, 39, 38, 37, 46, 45, 54, 63, 64, 65, 66, 67, 58, 59, 60, 69, 78, 79, 80]
[00:00:00:10:091] Expansion 2,561: New longest path found with length 40: [0, 1, 10, 19, 28, 29, 30, 21, 12, 13, 4, 5, 6, 7, 8, 17, 26, 25, 24, 23, 32, 41, 40, 49, 48, 47, 46, 45, 54, 63, 64, 65, 66, 67, 76, 77, 78, 69, 70, 71, 80]
[00:00:00:39:793] Path of length 40 found: [0, 1, 10, 19, 28, 29, 30, 21, 12, 13, 4, 5, 6, 7, 8, 17, 26, 25, 24, 23, 32, 41, 40, 49, 48, 47, 46, 45, 54, 63, 64, 65, 66, 67, 76, 77, 78, 69, 70, 71, 80]
[00:00:00:39:794] ! Unidirectional s-t. expansions: 10,602, time: 39,794 [ms], path length: 40 [edges], generated: 16,635
[00:00:00:00:128] Expansion 19: New longest path found with length 20: [80, 71, 70, 61, 60, 59, 68, 67, 66, 65, 56, 55, 46, 37, 28, 19, 20, 11, 2, 1, 0]
[00:00:00:01:207] Expansion 422: New longest path found with length 36: [80, 71, 70, 61, 60, 59, 68, 67, 66, 65, 56, 55, 46, 37, 28, 29, 30, 39, 40, 41, 32, 33, 34, 25, 26, 17, 8, 7, 6, 5, 4, 13, 12, 11, 2, 1, 0]
[00:00:00:05:474] Expansion 1,710: New longest path found with length 38: [80, 71, 70, 61, 60, 59, 68, 67, 66, 65, 64, 55, 46, 47, 48, 49, 40, 41, 32, 33, 34, 25, 26, 17, 8, 7, 6, 5, 4, 13, 12, 21, 20, 29, 28, 27, 18, 9, 0]
[00:00:00:08:667] Expansion 2,734: New longest path found with length 40: [80, 71, 70, 61, 60, 59, 68, 67, 66, 65, 64, 63, 54, 45, 46, 47, 48, 49, 40, 41, 32, 33, 34, 25, 26, 17, 8, 7, 6, 5, 4, 13, 12, 21, 20, 29, 28, 27, 18, 9, 0]
[00:00:00:46:032] Path of length 40 found: [80, 71, 70, 61, 60, 59, 68, 67, 66, 65, 64, 63, 54, 45, 46, 47, 48, 49, 40, 41, 32, 33, 34, 25, 26, 17, 8, 7, 6, 5, 4, 13, 12, 21, 20, 29, 28, 27, 18, 9, 0]
[00:00:00:46:032] ! Unidirectional t-s. expansions: 12,201, time: 46,032 [ms], path length: 40 [edges], generated: 19,131
[00:00:00:00:201] Expansion 47: New longest path found with length 20: [0, 1, 2, 11, 20, 19, 28, 37, 38, 47, 56, 65, 66, 67, 68, 59, 60, 61, 70, 71, 80]
[00:00:00:00:232] Expansion 55: New longest path found with length 22: [0, 1, 2, 11, 20, 19, 28, 37, 46, 45, 54, 63, 64, 65, 66, 67, 68, 59, 60, 61, 70, 71, 80]
[00:00:00:00:368] Expansion 82: New longest path found with length 24: [0, 1, 2, 11, 20, 29, 30, 31, 40, 49, 48, 47, 46, 55, 64, 65, 66, 67, 68, 59, 60, 61, 70, 71, 80]
[00:00:00:00:381] Expansion 86: New longest path found with length 26: [0, 1, 2, 11, 20, 29, 30, 31, 40, 49, 48, 47, 46, 45, 54, 63, 64, 65, 66, 67, 68, 59, 60, 61, 70, 71, 80]
[00:00:00:00:512] Expansion 116: New longest path found with length 36: [0, 1, 2, 11, 20, 21, 22, 13, 4, 5, 6, 15, 16, 25, 34, 33, 32, 41, 40, 39, 38, 37, 46, 45, 54, 63, 64, 65, 66, 67, 68, 59, 60, 61, 70, 71, 80]
[00:00:00:00:571] Expansion 137: New longest path found with length 38: [0, 1, 2, 11, 20, 21, 22, 13, 4, 5, 6, 7, 8, 17, 26, 25, 24, 33, 32, 41, 40, 39, 38, 37, 46, 45, 54, 63, 64, 65, 66, 67, 68, 59, 60, 61, 70, 71, 80]
[00:00:00:03:434] Expansion 702: New longest path found with length 40: [0, 1, 10, 19, 28, 29, 30, 21, 12, 13, 4, 5, 6, 7, 8, 17, 26, 25, 24, 23, 32, 41, 40, 49, 48, 47, 46, 45, 54, 63, 64, 65, 66, 67, 68, 59, 60, 61, 70, 71, 80]
[00:00:00:15:178] Path of length 40 found: [0, 1, 10, 19, 28, 29, 30, 21, 12, 13, 4, 5, 6, 7, 8, 17, 26, 25, 24, 23, 32, 41, 40, 49, 48, 47, 46, 45, 54, 63, 64, 65, 66, 67, 68, 59, 60, 61, 70, 71, 80]
[00:00:00:15:705] ! Bidirectional. expansions: 2,579, time: 15,178 [ms], path length: 40 [edges], g_F: 21, g_B: 19, generated: {'F': 2,477, 'B': 2,146}, MM: 2, MMPER: 3.8780487804878048%

[00:00:00:15:705] average expansions: (9,439, 7,860, 4,431, 0)
[00:00:00:15:705] average time: (37,302, 31,482, 20,480, 0)
[00:00:00:15:705] X-DFBnB: 7,860 , 31,482 (expansions , time[ms])
[00:00:00:15:705] BiX-DFBnB: 4,431 , 20,480 (expansions , time[ms])

