Thu 19 Mar 2026 16:00:21 IST

SLURM_JOBID:		 16118891
SLURM_JOB_NODELIST:	 ise-cpu256-02 

--------------------------
date: SM_Grids
number_of_graphs: 10
graph_type: grid
size_of_graphs: [9, 9]
heuristic: bcc_heuristic
snake: True
run_uni: True
run_bi: True
run_multi: False
solution_vertices: []
algorithms: ['DFBnB']
bsd: False
cube_first_dims: 4
cube_buffer_dim: None
backward_sym_generation: False
sym_coil: False
prefix_set: None

---------- SM_Grids/9x9_grid_with_random_blocks_20per_0 ----------
[00:00:00:00:135] Expansion 36: New longest path found with length 32: [0, 9, 18, 27, 28, 37, 46, 45, 54, 63, 64, 65, 56, 57, 48, 49, 40, 31, 22, 13, 14, 15, 16, 25, 34, 33, 42, 51, 60, 69, 70, 71, 80]
[00:00:00:00:262] Expansion 89: New longest path found with length 34: [0, 9, 18, 27, 28, 37, 46, 45, 54, 63, 64, 65, 56, 57, 48, 49, 40, 31, 30, 21, 12, 13, 14, 15, 16, 25, 34, 33, 42, 51, 60, 69, 70, 71, 80]
[00:00:00:11:440] Path of length 34 found: [0, 9, 18, 27, 28, 37, 46, 45, 54, 63, 64, 65, 56, 57, 48, 49, 40, 31, 30, 21, 12, 13, 14, 15, 16, 25, 34, 33, 42, 51, 60, 69, 70, 71, 80]
[00:00:00:11:440] ! Unidirectional s-t. expansions: 2,802, time: 11,440 [ms], path length: 34 [edges], generated: 5,205
[00:00:00:00:140] Expansion 27: New longest path found with length 28: [80, 71, 62, 53, 52, 51, 60, 59, 58, 49, 40, 41, 32, 33, 34, 25, 16, 15, 14, 13, 12, 21, 20, 29, 28, 27, 18, 9, 0]
[00:00:00:00:682] Expansion 147: New longest path found with length 34: [80, 71, 62, 53, 52, 51, 42, 33, 34, 25, 16, 15, 14, 13, 12, 21, 30, 31, 40, 49, 58, 57, 56, 65, 64, 63, 54, 45, 46, 37, 28, 19, 10, 9, 0]
[00:00:00:21:491] Path of length 34 found: [80, 71, 62, 53, 52, 51, 42, 33, 34, 25, 16, 15, 14, 13, 12, 21, 30, 31, 40, 49, 58, 57, 56, 65, 64, 63, 54, 45, 46, 37, 28, 19, 10, 9, 0]
[00:00:00:21:491] ! Unidirectional t-s. expansions: 4,905, time: 21,491 [ms], path length: 34 [edges], generated: 8,881
[00:00:00:00:164] Expansion 35: New longest path found with length 34: [0, 9, 18, 27, 28, 37, 46, 45, 54, 63, 64, 65, 56, 57, 48, 49, 40, 31, 30, 21, 12, 13, 14, 15, 16, 25, 34, 33, 42, 51, 52, 53, 62, 71, 80]
[00:00:00:13:903] Path of length 34 found: [0, 9, 18, 27, 28, 37, 46, 45, 54, 63, 64, 65, 56, 57, 48, 49, 40, 31, 30, 21, 12, 13, 14, 15, 16, 25, 34, 33, 42, 51, 52, 53, 62, 71, 80]
[00:00:00:14:502] ! Bidirectional. expansions: 2,511, time: 13,903 [ms], path length: 34 [edges], g_F: 18, g_B: 16, generated: {'F': 2,342, 'B': 2,622}, MM: 2, MMPER: 4.714285714285714%
[00:00:00:14:502] 
---------- SM_Grids/9x9_grid_with_random_blocks_20per_1 ----------
[00:00:00:01:229] Expansion 416: New longest path found with length 18: [0, 9, 18, 27, 28, 37, 38, 39, 48, 57, 58, 59, 50, 51, 52, 61, 62, 71, 80]
[00:00:00:01:378] Expansion 455: New longest path found with length 28: [0, 9, 18, 27, 28, 37, 38, 39, 40, 31, 22, 21, 12, 3, 4, 5, 14, 15, 16, 25, 34, 33, 42, 51, 60, 61, 62, 71, 80]
[00:00:00:01:447] Expansion 481: New longest path found with length 30: [0, 9, 18, 27, 28, 37, 38, 39, 40, 31, 22, 21, 12, 3, 4, 5, 14, 15, 16, 25, 26, 35, 44, 43, 42, 51, 60, 61, 62, 71, 80]
[00:00:00:05:624] Path of length 30 found: [0, 9, 18, 27, 28, 37, 38, 39, 40, 31, 22, 21, 12, 3, 4, 5, 14, 15, 16, 25, 26, 35, 44, 43, 42, 51, 60, 61, 62, 71, 80]
[00:00:00:05:624] ! Unidirectional s-t. expansions: 1,338, time: 5,624 [ms], path length: 30 [edges], generated: 2,212
[00:00:00:00:130] Expansion 27: New longest path found with length 28: [80, 71, 62, 61, 52, 43, 44, 35, 26, 25, 16, 7, 6, 5, 4, 3, 12, 21, 22, 31, 40, 39, 38, 29, 28, 27, 18, 9, 0]
[00:00:00:05:280] Expansion 1,169: New longest path found with length 30: [80, 71, 62, 61, 60, 51, 42, 43, 44, 35, 26, 25, 16, 7, 6, 5, 4, 3, 12, 21, 22, 31, 40, 39, 38, 29, 28, 27, 18, 9, 0]
[00:00:00:06:863] Path of length 30 found: [80, 71, 62, 61, 60, 51, 42, 43, 44, 35, 26, 25, 16, 7, 6, 5, 4, 3, 12, 21, 22, 31, 40, 39, 38, 29, 28, 27, 18, 9, 0]
[00:00:00:06:864] ! Unidirectional t-s. expansions: 1,569, time: 6,864 [ms], path length: 30 [edges], generated: 2,716
[00:00:00:02:669] Expansion 1,338: New longest path found with length 16: [0, 9, 18, 27, 28, 37, 38, 39, 48, 49, 50, 51, 60, 61, 62, 71, 80]
[00:00:00:02:730] Expansion 1,352: New longest path found with length 26: [0, 9, 18, 27, 28, 37, 38, 39, 40, 31, 32, 23, 14, 5, 6, 7, 16, 25, 34, 43, 42, 51, 60, 61, 62, 71, 80]
[00:00:00:02:763] Expansion 1,364: New longest path found with length 28: [0, 9, 18, 27, 28, 37, 38, 39, 40, 31, 22, 21, 12, 3, 4, 5, 6, 7, 16, 25, 34, 43, 42, 51, 60, 61, 62, 71, 80]
[00:00:00:02:828] Expansion 1,385: New longest path found with length 30: [0, 9, 18, 27, 28, 37, 38, 39, 40, 31, 22, 21, 12, 3, 4, 5, 6, 7, 16, 25, 26, 35, 44, 43, 42, 51, 60, 61, 62, 71, 80]
[00:00:00:05:316] Path of length 30 found: [0, 9, 18, 27, 28, 37, 38, 39, 40, 31, 22, 21, 12, 3, 4, 5, 6, 7, 16, 25, 26, 35, 44, 43, 42, 51, 60, 61, 62, 71, 80]
[00:00:00:05:864] ! Bidirectional. expansions: 1,835, time: 5,316 [ms], path length: 30 [edges], g_F: 16, g_B: 14, generated: {'F': 1,358, 'B': 986}, MM: 2, MMPER: 5.451612903225806%
[00:00:00:05:864] 
---------- SM_Grids/9x9_grid_with_random_blocks_20per_2 ----------
[00:00:00:00:188] Expansion 33: New longest path found with length 34: [0, 9, 10, 19, 20, 21, 30, 31, 32, 23, 14, 5, 6, 7, 16, 25, 26, 35, 44, 43, 42, 51, 60, 59, 58, 57, 56, 65, 74, 75, 76, 77, 78, 79, 80]
[00:00:00:04:031] Path of length 34 found: [0, 9, 10, 19, 20, 21, 30, 31, 32, 23, 14, 5, 6, 7, 16, 25, 26, 35, 44, 43, 42, 51, 60, 59, 58, 57, 56, 65, 74, 75, 76, 77, 78, 79, 80]
[00:00:00:04:031] ! Unidirectional s-t. expansions: 803, time: 4,031 [ms], path length: 34 [edges], generated: 1,502
[00:00:00:00:115] Expansion 21: New longest path found with length 22: [80, 71, 62, 61, 60, 69, 78, 77, 76, 75, 74, 65, 56, 47, 38, 39, 30, 21, 20, 19, 10, 9, 0]
[00:00:00:00:702] Expansion 130: New longest path found with length 24: [80, 71, 62, 61, 60, 51, 42, 43, 44, 35, 26, 25, 16, 7, 6, 5, 4, 13, 22, 21, 20, 19, 10, 9, 0]
[00:00:00:00:743] Expansion 142: New longest path found with length 26: [80, 71, 62, 61, 60, 51, 42, 43, 44, 35, 26, 25, 16, 7, 6, 5, 14, 23, 32, 31, 30, 21, 20, 19, 10, 9, 0]
[00:00:00:03:150] Expansion 588: New longest path found with length 32: [80, 79, 78, 77, 76, 75, 74, 65, 56, 57, 58, 59, 60, 51, 42, 43, 44, 35, 26, 25, 16, 7, 6, 5, 4, 13, 22, 21, 20, 19, 10, 9, 0]
[00:00:00:03:179] Expansion 600: New longest path found with length 34: [80, 79, 78, 77, 76, 75, 74, 65, 56, 57, 58, 59, 60, 51, 42, 43, 44, 35, 26, 25, 16, 7, 6, 5, 14, 23, 32, 31, 30, 21, 20, 19, 10, 9, 0]
[00:00:00:03:653] Path of length 34 found: [80, 79, 78, 77, 76, 75, 74, 65, 56, 57, 58, 59, 60, 51, 42, 43, 44, 35, 26, 25, 16, 7, 6, 5, 14, 23, 32, 31, 30, 21, 20, 19, 10, 9, 0]
[00:00:00:03:653] ! Unidirectional t-s. expansions: 693, time: 3,653 [ms], path length: 34 [edges], generated: 1,231
[00:00:00:00:126] Expansion 25: New longest path found with length 22: [0, 9, 10, 19, 20, 21, 30, 39, 38, 47, 56, 65, 74, 75, 76, 77, 78, 69, 60, 61, 62, 71, 80]
[00:00:00:00:300] Expansion 64: New longest path found with length 24: [0, 9, 10, 19, 20, 21, 30, 31, 32, 23, 14, 5, 6, 7, 16, 25, 34, 43, 42, 51, 60, 61, 62, 71, 80]
[00:00:00:00:340] Expansion 77: New longest path found with length 26: [0, 9, 10, 19, 20, 21, 30, 31, 32, 23, 14, 5, 6, 7, 16, 25, 26, 35, 44, 43, 42, 51, 60, 61, 62, 71, 80]
[00:00:00:00:966] Expansion 203: New longest path found with length 34: [0, 9, 10, 19, 20, 21, 30, 31, 32, 23, 14, 5, 6, 7, 16, 25, 26, 35, 44, 43, 42, 51, 60, 59, 58, 57, 56, 65, 74, 75, 76, 77, 78, 79, 80]
[00:00:00:01:332] Path of length 34 found: [0, 9, 10, 19, 20, 21, 30, 31, 32, 23, 14, 5, 6, 7, 16, 25, 26, 35, 44, 43, 42, 51, 60, 59, 58, 57, 56, 65, 74, 75, 76, 77, 78, 79, 80]
[00:00:00:01:874] ! Bidirectional. expansions: 263, time: 1,332 [ms], path length: 34 [edges], g_F: 18, g_B: 16, generated: {'F': 252, 'B': 230}, MM: 2, MMPER: 4.714285714285714%
[00:00:00:01:874] 
---------- SM_Grids/9x9_grid_with_random_blocks_20per_3 ----------
[00:00:00:01:885] Expansion 873: New longest path found with length 20: [0, 9, 10, 11, 2, 3, 4, 13, 14, 15, 16, 25, 34, 35, 44, 53, 52, 61, 70, 79, 80]
[00:00:00:01:915] Expansion 881: New longest path found with length 26: [0, 9, 10, 11, 2, 3, 4, 13, 14, 15, 16, 25, 34, 35, 44, 53, 52, 61, 60, 59, 58, 67, 76, 77, 78, 79, 80]
[00:00:00:02:040] Expansion 921: New longest path found with length 34: [0, 9, 10, 11, 2, 3, 4, 13, 14, 15, 16, 25, 34, 33, 32, 41, 40, 39, 30, 29, 28, 27, 36, 45, 54, 55, 56, 57, 66, 67, 76, 77, 78, 79, 80]
[00:00:00:02:056] Expansion 929: New longest path found with length 36: [0, 9, 10, 11, 2, 3, 4, 13, 14, 15, 16, 25, 34, 33, 32, 41, 40, 39, 30, 29, 28, 27, 36, 45, 54, 55, 56, 57, 66, 67, 68, 59, 60, 61, 70, 79, 80]
[00:00:00:02:846] Expansion 1,175: New longest path found with length 38: [0, 9, 10, 11, 2, 3, 4, 13, 14, 15, 16, 17, 26, 35, 34, 33, 32, 41, 40, 39, 30, 29, 28, 27, 36, 45, 54, 55, 56, 57, 66, 67, 68, 59, 60, 61, 70, 79, 80]
[00:00:00:07:626] Path of length 38 found: [0, 9, 10, 11, 2, 3, 4, 13, 14, 15, 16, 17, 26, 35, 34, 33, 32, 41, 40, 39, 30, 29, 28, 27, 36, 45, 54, 55, 56, 57, 66, 67, 68, 59, 60, 61, 70, 79, 80]
[00:00:00:07:626] ! Unidirectional s-t. expansions: 2,339, time: 7,626 [ms], path length: 38 [edges], generated: 3,695
[00:00:00:00:150] Expansion 34: New longest path found with length 30: [80, 79, 70, 61, 52, 53, 44, 35, 26, 17, 16, 15, 24, 33, 32, 41, 40, 49, 58, 57, 56, 55, 46, 45, 36, 27, 28, 19, 10, 1, 0]
[00:00:00:02:878] Expansion 857: New longest path found with length 36: [80, 79, 70, 61, 60, 59, 68, 67, 66, 57, 56, 55, 46, 45, 36, 27, 28, 29, 38, 39, 40, 41, 32, 33, 34, 25, 16, 15, 14, 5, 4, 3, 2, 11, 10, 9, 0]
[00:00:00:02:904] Expansion 870: New longest path found with length 38: [80, 79, 70, 61, 60, 59, 68, 67, 66, 57, 56, 55, 46, 45, 36, 27, 28, 29, 38, 39, 40, 41, 32, 33, 34, 35, 26, 17, 16, 15, 14, 5, 4, 3, 2, 11, 10, 9, 0]
[00:00:00:04:970] Path of length 38 found: [80, 79, 70, 61, 60, 59, 68, 67, 66, 57, 56, 55, 46, 45, 36, 27, 28, 29, 38, 39, 40, 41, 32, 33, 34, 35, 26, 17, 16, 15, 14, 5, 4, 3, 2, 11, 10, 9, 0]
[00:00:00:04:970] ! Unidirectional t-s. expansions: 1,286, time: 4,970 [ms], path length: 38 [edges], generated: 2,150
[00:00:00:00:149] Expansion 29: New longest path found with length 30: [0, 9, 10, 11, 2, 3, 4, 13, 14, 15, 16, 17, 26, 35, 34, 33, 32, 41, 40, 39, 48, 57, 66, 67, 68, 59, 60, 61, 70, 79, 80]
[00:00:00:00:203] Expansion 48: New longest path found with length 38: [0, 9, 10, 11, 2, 3, 4, 13, 14, 15, 16, 17, 26, 35, 34, 33, 32, 41, 40, 39, 38, 29, 28, 27, 36, 45, 46, 55, 56, 57, 66, 67, 68, 59, 60, 61, 70, 79, 80]
[00:00:00:03:454] Path of length 38 found: [0, 9, 10, 11, 2, 3, 4, 13, 14, 15, 16, 17, 26, 35, 34, 33, 32, 41, 40, 39, 38, 29, 28, 27, 36, 45, 46, 55, 56, 57, 66, 67, 68, 59, 60, 61, 70, 79, 80]
[00:00:00:04:029] ! Bidirectional. expansions: 688, time: 3,454 [ms], path length: 38 [edges], g_F: 20, g_B: 18, generated: {'F': 477, 'B': 671}, MM: 2, MMPER: 4.128205128205129%
[00:00:00:04:029] 
---------- SM_Grids/9x9_grid_with_random_blocks_20per_4 ----------
[00:00:00:00:169] Expansion 46: New longest path found with length 36: [0, 9, 10, 19, 28, 37, 36, 45, 54, 63, 64, 65, 56, 47, 48, 49, 40, 31, 30, 21, 12, 3, 4, 5, 14, 15, 16, 25, 34, 43, 42, 51, 60, 69, 70, 79, 80]
[00:00:00:02:702] Path of length 36 found: [0, 9, 10, 19, 28, 37, 36, 45, 54, 63, 64, 65, 56, 47, 48, 49, 40, 31, 30, 21, 12, 3, 4, 5, 14, 15, 16, 25, 34, 43, 42, 51, 60, 69, 70, 79, 80]
[00:00:00:02:703] ! Unidirectional s-t. expansions: 691, time: 2,702 [ms], path length: 36 [edges], generated: 1,070
[00:00:00:00:158] Expansion 25: New longest path found with length 26: [80, 71, 62, 61, 60, 59, 50, 49, 48, 47, 56, 65, 64, 63, 54, 45, 36, 37, 28, 29, 30, 21, 12, 3, 2, 1, 0]
[00:00:00:00:893] Expansion 249: New longest path found with length 36: [80, 71, 62, 61, 60, 51, 42, 43, 34, 25, 16, 15, 6, 5, 4, 3, 12, 21, 30, 31, 40, 49, 48, 47, 56, 65, 64, 63, 54, 45, 36, 37, 28, 19, 10, 1, 0]
[00:00:00:03:068] Path of length 36 found: [80, 71, 62, 61, 60, 51, 42, 43, 34, 25, 16, 15, 6, 5, 4, 3, 12, 21, 30, 31, 40, 49, 48, 47, 56, 65, 64, 63, 54, 45, 36, 37, 28, 19, 10, 1, 0]
[00:00:00:03:068] ! Unidirectional t-s. expansions: 765, time: 3,068 [ms], path length: 36 [edges], generated: 1,257
[00:00:00:00:126] Expansion 26: New longest path found with length 22: [0, 9, 10, 19, 28, 37, 36, 45, 54, 63, 64, 65, 56, 47, 48, 49, 50, 59, 60, 61, 62, 71, 80]
[00:00:00:00:226] Expansion 56: New longest path found with length 36: [0, 9, 10, 19, 28, 37, 36, 45, 54, 63, 64, 65, 56, 47, 48, 49, 40, 31, 30, 21, 12, 3, 4, 5, 6, 15, 16, 25, 34, 43, 42, 51, 60, 61, 62, 71, 80]
[00:00:00:05:513] Path of length 36 found: [0, 9, 10, 19, 28, 37, 36, 45, 54, 63, 64, 65, 56, 47, 48, 49, 40, 31, 30, 21, 12, 3, 4, 5, 6, 15, 16, 25, 34, 43, 42, 51, 60, 61, 62, 71, 80]
[00:00:00:06:049] ! Bidirectional. expansions: 1,105, time: 5,513 [ms], path length: 36 [edges], g_F: 19, g_B: 17, generated: {'F': 774, 'B': 1,148}, MM: 2, MMPER: 4.405405405405405%
[00:00:00:06:049] 
---------- SM_Grids/9x9_grid_with_random_blocks_20per_5 ----------
[00:00:00:00:517] Expansion 162: New longest path found with length 20: [0, 1, 10, 19, 28, 29, 38, 47, 56, 65, 66, 67, 58, 59, 50, 51, 52, 61, 70, 79, 80]
[00:00:00:00:575] Expansion 182: New longest path found with length 34: [0, 1, 10, 19, 28, 29, 38, 47, 56, 65, 66, 67, 58, 59, 50, 41, 32, 31, 22, 13, 14, 15, 6, 7, 8, 17, 26, 25, 34, 43, 52, 61, 70, 79, 80]
[00:00:00:13:730] Path of length 34 found: [0, 1, 10, 19, 28, 29, 38, 47, 56, 65, 66, 67, 58, 59, 50, 41, 32, 31, 22, 13, 14, 15, 6, 7, 8, 17, 26, 25, 34, 43, 52, 61, 70, 79, 80]
[00:00:00:13:730] ! Unidirectional s-t. expansions: 3,162, time: 13,730 [ms], path length: 34 [edges], generated: 5,308
[00:00:00:00:121] Expansion 23: New longest path found with length 24: [80, 71, 62, 61, 52, 43, 44, 35, 26, 17, 8, 7, 6, 15, 24, 33, 32, 31, 30, 21, 20, 19, 10, 1, 0]
[00:00:00:00:182] Expansion 43: New longest path found with length 26: [80, 71, 62, 61, 52, 43, 44, 35, 26, 17, 8, 7, 6, 15, 24, 33, 32, 31, 22, 21, 20, 29, 28, 27, 18, 9, 0]
[00:00:00:00:241] Expansion 61: New longest path found with length 34: [80, 71, 62, 61, 52, 43, 44, 35, 26, 17, 8, 7, 6, 15, 24, 33, 32, 41, 50, 59, 58, 67, 66, 65, 56, 47, 48, 39, 30, 21, 20, 19, 10, 1, 0]
[00:00:00:11:522] Path of length 34 found: [80, 71, 62, 61, 52, 43, 44, 35, 26, 17, 8, 7, 6, 15, 24, 33, 32, 41, 50, 59, 58, 67, 66, 65, 56, 47, 48, 39, 30, 21, 20, 19, 10, 1, 0]
[00:00:00:11:522] ! Unidirectional t-s. expansions: 2,769, time: 11,522 [ms], path length: 34 [edges], generated: 4,728
[00:00:00:00:165] Expansion 43: New longest path found with length 34: [0, 1, 10, 19, 28, 29, 38, 39, 48, 57, 66, 67, 68, 59, 50, 41, 32, 31, 22, 13, 14, 15, 6, 7, 8, 17, 26, 35, 44, 43, 52, 61, 62, 71, 80]
[00:00:00:07:999] Path of length 34 found: [0, 1, 10, 19, 28, 29, 38, 39, 48, 57, 66, 67, 68, 59, 50, 41, 32, 31, 22, 13, 14, 15, 6, 7, 8, 17, 26, 35, 44, 43, 52, 61, 62, 71, 80]
[00:00:00:08:550] ! Bidirectional. expansions: 1,723, time: 7,999 [ms], path length: 34 [edges], g_F: 18, g_B: 16, generated: {'F': 1,682, 'B': 1,421}, MM: 2, MMPER: 4.714285714285714%
[00:00:00:08:550] 
---------- SM_Grids/9x9_grid_with_random_blocks_20per_6 ----------
[00:00:00:00:154] Expansion 34: New longest path found with length 16: [0, 9, 18, 27, 28, 29, 38, 47, 48, 49, 50, 59, 68, 77, 78, 79, 80]
[00:00:00:00:294] Expansion 65: New longest path found with length 18: [0, 9, 18, 27, 28, 29, 38, 39, 40, 41, 50, 59, 58, 67, 76, 77, 78, 79, 80]
[00:00:00:01:712] Path of length 18 found: [0, 9, 18, 27, 28, 29, 38, 39, 40, 41, 50, 59, 58, 67, 76, 77, 78, 79, 80]
[00:00:00:01:712] ! Unidirectional s-t. expansions: 335, time: 1,712 [ms], path length: 18 [edges], generated: 587
[00:00:00:00:086] Expansion 15: New longest path found with length 16: [80, 79, 70, 69, 68, 67, 58, 49, 40, 39, 30, 29, 28, 27, 18, 9, 0]
[00:00:00:01:965] Expansion 515: New longest path found with length 18: [80, 79, 78, 77, 76, 67, 58, 59, 50, 41, 40, 39, 30, 29, 28, 27, 18, 9, 0]
[00:00:00:03:060] Path of length 18 found: [80, 79, 78, 77, 76, 67, 58, 59, 50, 41, 40, 39, 30, 29, 28, 27, 18, 9, 0]
[00:00:00:03:060] ! Unidirectional t-s. expansions: 805, time: 3,060 [ms], path length: 18 [edges], generated: 1,171
[00:00:00:00:092] Expansion 15: New longest path found with length 16: [0, 9, 18, 27, 28, 29, 38, 39, 48, 49, 58, 67, 68, 69, 70, 79, 80]
[00:00:00:00:865] Expansion 235: New longest path found with length 18: [0, 9, 18, 27, 28, 29, 38, 39, 40, 41, 50, 59, 58, 67, 76, 77, 78, 79, 80]
[00:00:00:03:127] Path of length 18 found: [0, 9, 18, 27, 28, 29, 38, 39, 40, 41, 50, 59, 58, 67, 76, 77, 78, 79, 80]
[00:00:00:03:673] ! Bidirectional. expansions: 659, time: 3,127 [ms], path length: 18 [edges], g_F: 10, g_B: 8, generated: {'F': 536, 'B': 644}, MM: 2, MMPER: 9.526315789473685%
[00:00:00:03:673] 
---------- SM_Grids/9x9_grid_with_random_blocks_20per_7 ----------
[00:00:00:00:203] Expansion 41: New longest path found with length 28: [0, 9, 10, 11, 20, 21, 30, 31, 40, 49, 48, 47, 38, 37, 36, 45, 54, 63, 64, 65, 66, 67, 68, 59, 60, 61, 70, 79, 80]
[00:00:00:24:775] Path of length 28 found: [0, 9, 10, 11, 20, 21, 30, 31, 40, 49, 48, 47, 38, 37, 36, 45, 54, 63, 64, 65, 66, 67, 68, 59, 60, 61, 70, 79, 80]
[00:00:00:24:776] ! Unidirectional s-t. expansions: 6,384, time: 24,775 [ms], path length: 28 [edges], generated: 10,323
[00:00:00:00:117] Expansion 21: New longest path found with length 22: [80, 71, 62, 61, 60, 59, 68, 67, 66, 65, 64, 63, 54, 45, 36, 27, 28, 29, 20, 11, 10, 1, 0]
[00:00:00:00:162] Expansion 36: New longest path found with length 28: [80, 71, 62, 61, 60, 59, 68, 67, 66, 65, 64, 63, 54, 45, 36, 37, 38, 47, 48, 49, 40, 31, 22, 21, 20, 11, 10, 1, 0]
[00:00:00:03:844] Path of length 28 found: [80, 71, 62, 61, 60, 59, 68, 67, 66, 65, 64, 63, 54, 45, 36, 37, 38, 47, 48, 49, 40, 31, 22, 21, 20, 11, 10, 1, 0]
[00:00:00:03:844] ! Unidirectional t-s. expansions: 838, time: 3,844 [ms], path length: 28 [edges], generated: 1,503
[00:00:00:00:125] Expansion 23: New longest path found with length 20: [0, 9, 10, 19, 28, 27, 36, 45, 54, 63, 64, 65, 66, 67, 68, 59, 60, 61, 62, 71, 80]
[00:00:00:00:188] Expansion 40: New longest path found with length 24: [0, 9, 10, 19, 28, 27, 36, 45, 54, 63, 64, 65, 56, 47, 38, 39, 40, 49, 50, 59, 60, 61, 62, 71, 80]
[00:00:00:00:382] Expansion 82: New longest path found with length 26: [0, 9, 10, 19, 28, 29, 30, 31, 40, 49, 48, 47, 46, 45, 54, 63, 64, 65, 66, 67, 68, 59, 60, 61, 62, 71, 80]
[00:00:00:00:668] Expansion 132: New longest path found with length 28: [0, 9, 10, 19, 20, 21, 22, 31, 40, 49, 48, 47, 38, 37, 36, 45, 54, 63, 64, 65, 66, 67, 68, 59, 60, 61, 62, 71, 80]
[00:00:00:07:546] Path of length 28 found: [0, 9, 10, 19, 20, 21, 22, 31, 40, 49, 48, 47, 38, 37, 36, 45, 54, 63, 64, 65, 66, 67, 68, 59, 60, 61, 62, 71, 80]
[00:00:00:08:092] ! Bidirectional. expansions: 1,460, time: 7,546 [ms], path length: 28 [edges], g_F: 15, g_B: 13, generated: {'F': 1,249, 'B': 1,551}, MM: 2, MMPER: 5.896551724137931%
[00:00:00:08:092] 
---------- SM_Grids/9x9_grid_with_random_blocks_20per_8 ----------
[00:00:00:00:161] Expansion 35: New longest path found with length 36: [0, 9, 18, 27, 28, 29, 20, 21, 12, 3, 4, 5, 14, 15, 16, 17, 26, 35, 34, 33, 32, 41, 50, 49, 48, 47, 46, 55, 64, 65, 66, 75, 76, 77, 78, 79, 80]
[00:00:00:00:218] Expansion 55: New longest path found with length 38: [0, 9, 18, 27, 28, 29, 20, 21, 12, 3, 4, 5, 14, 15, 16, 17, 26, 35, 34, 43, 52, 61, 60, 59, 50, 49, 48, 47, 46, 55, 64, 65, 66, 75, 76, 77, 78, 79, 80]
[00:00:00:11:646] Path of length 38 found: [0, 9, 18, 27, 28, 29, 20, 21, 12, 3, 4, 5, 14, 15, 16, 17, 26, 35, 34, 43, 52, 61, 60, 59, 50, 49, 48, 47, 46, 55, 64, 65, 66, 75, 76, 77, 78, 79, 80]
[00:00:00:11:647] ! Unidirectional s-t. expansions: 2,781, time: 11,646 [ms], path length: 38 [edges], generated: 4,716
[00:00:00:00:125] Expansion 15: New longest path found with length 16: [80, 79, 70, 61, 60, 51, 50, 49, 48, 39, 30, 21, 20, 19, 10, 9, 0]
[00:00:00:00:230] Expansion 41: New longest path found with length 26: [80, 79, 70, 61, 60, 51, 50, 41, 32, 33, 34, 25, 16, 15, 14, 5, 4, 3, 12, 21, 20, 29, 28, 27, 18, 9, 0]
[00:00:00:00:311] Expansion 62: New longest path found with length 28: [80, 79, 70, 61, 60, 51, 50, 41, 32, 33, 34, 35, 26, 17, 16, 15, 14, 5, 4, 3, 12, 21, 20, 29, 28, 27, 18, 9, 0]
[00:00:00:01:403] Expansion 274: New longest path found with length 34: [80, 79, 70, 61, 52, 53, 44, 35, 26, 17, 16, 15, 24, 33, 32, 41, 50, 59, 58, 67, 66, 65, 64, 55, 46, 47, 48, 39, 30, 21, 20, 19, 10, 9, 0]
[00:00:00:01:484] Expansion 303: New longest path found with length 36: [80, 79, 70, 61, 52, 53, 44, 35, 26, 17, 16, 15, 24, 33, 32, 41, 50, 59, 68, 77, 76, 75, 66, 65, 64, 55, 46, 47, 48, 39, 30, 21, 20, 19, 10, 9, 0]
[00:00:00:02:811] Expansion 596: New longest path found with length 38: [80, 79, 78, 77, 76, 75, 66, 65, 64, 55, 46, 47, 48, 49, 58, 59, 60, 51, 52, 53, 44, 35, 26, 17, 16, 15, 14, 5, 4, 3, 12, 21, 20, 29, 28, 27, 18, 9, 0]
[00:00:00:08:797] Path of length 38 found: [80, 79, 78, 77, 76, 75, 66, 65, 64, 55, 46, 47, 48, 49, 58, 59, 60, 51, 52, 53, 44, 35, 26, 17, 16, 15, 14, 5, 4, 3, 12, 21, 20, 29, 28, 27, 18, 9, 0]
[00:00:00:08:797] ! Unidirectional t-s. expansions: 2,345, time: 8,797 [ms], path length: 38 [edges], generated: 3,796
[00:00:00:00:130] Expansion 25: New longest path found with length 26: [0, 9, 18, 27, 28, 29, 30, 21, 12, 3, 4, 5, 14, 15, 16, 25, 34, 33, 32, 41, 50, 51, 60, 61, 70, 79, 80]
[00:00:00:00:142] Expansion 30: New longest path found with length 28: [0, 9, 18, 27, 28, 29, 30, 21, 12, 3, 4, 5, 14, 15, 16, 17, 26, 35, 34, 33, 32, 41, 50, 51, 60, 61, 70, 79, 80]
[00:00:00:00:557] Expansion 127: New longest path found with length 36: [0, 9, 18, 27, 28, 29, 30, 39, 48, 47, 46, 55, 64, 65, 66, 75, 76, 77, 68, 59, 50, 41, 32, 33, 24, 15, 16, 17, 26, 35, 44, 53, 52, 61, 70, 79, 80]
[00:00:00:01:469] Expansion 300: New longest path found with length 38: [0, 9, 18, 27, 28, 29, 20, 21, 12, 3, 4, 5, 14, 15, 16, 17, 26, 35, 34, 43, 52, 61, 60, 59, 50, 49, 48, 47, 46, 55, 64, 65, 66, 75, 76, 77, 78, 79, 80]
[00:00:00:08:402] Path of length 38 found: [0, 9, 18, 27, 28, 29, 20, 21, 12, 3, 4, 5, 14, 15, 16, 17, 26, 35, 34, 43, 52, 61, 60, 59, 50, 49, 48, 47, 46, 55, 64, 65, 66, 75, 76, 77, 78, 79, 80]
[00:00:00:08:946] ! Bidirectional. expansions: 1,767, time: 8,402 [ms], path length: 38 [edges], g_F: 20, g_B: 18, generated: {'F': 1,595, 'B': 1,626}, MM: 2, MMPER: 4.128205128205129%
[00:00:00:08:947] 
---------- SM_Grids/9x9_grid_with_random_blocks_20per_9 ----------
[00:00:00:00:142] Expansion 31: New longest path found with length 32: [0, 9, 18, 27, 36, 37, 46, 47, 56, 65, 74, 75, 76, 67, 58, 49, 40, 39, 30, 21, 22, 23, 24, 25, 34, 43, 42, 51, 60, 69, 70, 71, 80]
[00:00:00:00:495] Expansion 114: New longest path found with length 34: [0, 9, 18, 27, 36, 37, 46, 55, 54, 63, 72, 73, 74, 75, 76, 67, 58, 49, 48, 39, 30, 21, 22, 23, 24, 25, 34, 43, 42, 51, 60, 69, 70, 71, 80]
[00:00:00:05:712] Path of length 34 found: [0, 9, 18, 27, 36, 37, 46, 55, 54, 63, 72, 73, 74, 75, 76, 67, 58, 49, 48, 39, 30, 21, 22, 23, 24, 25, 34, 43, 42, 51, 60, 69, 70, 71, 80]
[00:00:00:05:712] ! Unidirectional s-t. expansions: 1,312, time: 5,712 [ms], path length: 34 [edges], generated: 2,266
[00:00:00:00:098] Expansion 20: New longest path found with length 18: [80, 71, 70, 69, 78, 77, 76, 67, 58, 49, 48, 47, 46, 37, 36, 27, 18, 9, 0]
[00:00:00:00:165] Expansion 42: New longest path found with length 24: [80, 71, 70, 69, 78, 77, 76, 67, 58, 49, 48, 47, 56, 65, 74, 73, 72, 63, 54, 45, 36, 27, 18, 9, 0]
[00:00:00:00:423] Expansion 98: New longest path found with length 32: [80, 71, 70, 69, 60, 51, 52, 43, 34, 25, 24, 23, 22, 21, 30, 39, 40, 49, 58, 67, 76, 75, 74, 65, 56, 47, 46, 37, 36, 27, 18, 9, 0]
[00:00:00:00:649] Expansion 211: New longest path found with length 34: [80, 71, 70, 69, 60, 51, 52, 43, 34, 25, 24, 23, 22, 21, 30, 39, 40, 49, 58, 67, 76, 75, 74, 73, 72, 63, 54, 55, 46, 37, 36, 27, 18, 9, 0]
[00:00:00:04:277] Path of length 34 found: [80, 71, 70, 69, 60, 51, 52, 43, 34, 25, 24, 23, 22, 21, 30, 39, 40, 49, 58, 67, 76, 75, 74, 73, 72, 63, 54, 55, 46, 37, 36, 27, 18, 9, 0]
[00:00:00:04:277] ! Unidirectional t-s. expansions: 1,333, time: 4,277 [ms], path length: 34 [edges], generated: 2,008
[00:00:00:00:234] Expansion 60: New longest path found with length 18: [0, 9, 18, 27, 36, 37, 46, 55, 56, 57, 58, 67, 76, 77, 78, 69, 70, 71, 80]
[00:00:00:00:260] Expansion 67: New longest path found with length 20: [0, 9, 18, 27, 36, 37, 46, 55, 54, 63, 72, 73, 74, 75, 76, 77, 78, 69, 70, 71, 80]
[00:00:00:00:360] Expansion 91: New longest path found with length 24: [0, 9, 18, 27, 36, 45, 54, 63, 72, 73, 74, 65, 56, 47, 48, 49, 58, 67, 76, 77, 78, 69, 70, 71, 80]
[00:00:00:00:563] Expansion 138: New longest path found with length 32: [0, 9, 18, 27, 36, 37, 46, 47, 56, 65, 74, 75, 76, 67, 58, 49, 40, 39, 30, 21, 22, 23, 24, 25, 34, 43, 52, 51, 60, 69, 70, 71, 80]
[00:00:00:00:642] Expansion 159: New longest path found with length 34: [0, 9, 18, 27, 36, 37, 46, 55, 54, 63, 72, 73, 74, 75, 76, 67, 58, 49, 48, 39, 30, 21, 22, 23, 24, 25, 34, 43, 52, 51, 60, 69, 70, 71, 80]
[00:00:00:02:167] Path of length 34 found: [0, 9, 18, 27, 36, 37, 46, 55, 54, 63, 72, 73, 74, 75, 76, 67, 58, 49, 48, 39, 30, 21, 22, 23, 24, 25, 34, 43, 52, 51, 60, 69, 70, 71, 80]
[00:00:00:02:716] ! Bidirectional. expansions: 461, time: 2,167 [ms], path length: 34 [edges], g_F: 18, g_B: 16, generated: {'F': 341, 'B': 478}, MM: 2, MMPER: 4.714285714285714%

[00:00:00:02:716] average expansions: (2,195, 1,731, 1,247, 0)
[00:00:00:02:716] average time: (8,900, 7,155, 5,876, 0)
[00:00:00:02:716] X-DFBnB: 1,731 , 7,155 (expansions , time[ms])
[00:00:00:02:716] BiX-DFBnB: 1,247 , 5,876 (expansions , time[ms])

