Thu 12 Mar 2026 17:40:43 IST

SLURM_JOBID:		 15627327
SLURM_JOB_NODELIST:	 ise-cpu256-27 

--------------------------
date: SM_Grids
number_of_graphs: 10
graph_type: grid
size_of_graphs: [6, 6]
heuristic: bcc_heuristic
snake: False
run_uni: True
run_bi: True
run_multi: False
solution_vertices: []
algorithms: ['DFBnB']
bsd: False
cube_first_dims: 4
cube_buffer_dim: None
backward_sym_generation: False
sym_coil: False
prefix_set: None

---------- SM_Grids/6x6_grid_with_random_blocks_16per_0 ----------
[00:00:00:00:507] Path of length 22 found: [0, 1, 7, 6, 12, 18, 19, 13, 14, 8, 9, 3, 4, 5, 11, 10, 16, 15, 21, 27, 28, 34, 35]
[00:00:00:00:508] ! Unidirectional s-t. expansions: 1,163, time: 508 [ms], path length: 22 [edges], generated: 2,048
[00:00:00:00:437] Path of length 22 found: [35, 29, 28, 27, 21, 22, 16, 17, 11, 5, 4, 3, 9, 15, 14, 8, 7, 13, 19, 18, 12, 6, 0]
[00:00:00:00:437] ! Unidirectional t-s. expansions: 920, time: 437 [ms], path length: 22 [edges], generated: 1,668
[00:00:00:03:934] Path of length 22 found: [0, 6, 12, 18, 19, 13, 7, 8, 14, 15, 9, 3, 4, 5, 11, 17, 16, 22, 21, 27, 28, 29, 35]
[00:00:00:04:226] ! Bidirectional. expansions: 2,539, time: 3,934 [ms], path length: 22 [edges], g_F: 11, g_B: 11, generated: {'F': 4,844, 'B': 4,628}, MM: 0, MMPER: -1.0%
[00:00:00:04:226] 
---------- SM_Grids/6x6_grid_with_random_blocks_16per_1 ----------
[00:00:00:00:013] Path of length 20 found: [0, 6, 7, 1, 2, 3, 9, 15, 21, 27, 28, 22, 16, 10, 4, 5, 11, 17, 23, 29, 35]
[00:00:00:00:013] ! Unidirectional s-t. expansions: 20, time: 13 [ms], path length: 20 [edges], generated: 32
[00:00:00:00:013] Path of length 20 found: [35, 29, 23, 17, 11, 5, 4, 10, 16, 22, 28, 27, 21, 15, 9, 3, 2, 1, 7, 6, 0]
[00:00:00:00:013] ! Unidirectional t-s. expansions: 20, time: 13 [ms], path length: 20 [edges], generated: 32
[00:00:00:00:018] Path of length 20 found: [0, 6, 7, 1, 2, 3, 9, 15, 21, 27, 28, 22, 16, 10, 4, 5, 11, 17, 23, 29, 35]
[00:00:00:00:284] ! Bidirectional. expansions: 10, time: 18 [ms], path length: 20 [edges], g_F: 10, g_B: 10, generated: {'F': 18, 'B': 18}, MM: 0, MMPER: -1.0%
[00:00:00:00:284] 
---------- SM_Grids/6x6_grid_with_random_blocks_16per_2 ----------
[00:00:00:00:059] Path of length 20 found: [0, 6, 12, 18, 24, 30, 31, 25, 19, 13, 7, 8, 14, 20, 21, 27, 26, 32, 33, 34, 35]
[00:00:00:00:059] ! Unidirectional s-t. expansions: 84, time: 59 [ms], path length: 20 [edges], generated: 150
[00:00:00:00:013] Path of length 20 found: [35, 34, 28, 27, 21, 20, 14, 8, 7, 13, 19, 25, 26, 32, 31, 30, 24, 18, 12, 6, 0]
[00:00:00:00:014] ! Unidirectional t-s. expansions: 20, time: 13 [ms], path length: 20 [edges], generated: 34
[00:00:00:00:027] Path of length 20 found: [0, 6, 12, 18, 24, 30, 31, 32, 26, 25, 19, 13, 7, 8, 14, 20, 21, 27, 28, 34, 35]
[00:00:00:00:293] ! Bidirectional. expansions: 15, time: 27 [ms], path length: 20 [edges], g_F: 10, g_B: 10, generated: {'F': 30, 'B': 32}, MM: 0, MMPER: -1.0%
[00:00:00:00:293] 
---------- SM_Grids/6x6_grid_with_random_blocks_16per_3 ----------
[00:00:00:00:087] Path of length 28 found: [0, 6, 12, 13, 7, 8, 14, 20, 19, 25, 24, 30, 31, 32, 33, 27, 21, 22, 16, 10, 9, 3, 4, 5, 11, 17, 23, 29, 35]
[00:00:00:00:087] ! Unidirectional s-t. expansions: 141, time: 87 [ms], path length: 28 [edges], generated: 220
[00:00:00:00:034] Path of length 28 found: [35, 29, 23, 17, 11, 5, 4, 3, 2, 8, 9, 10, 16, 22, 21, 27, 33, 32, 31, 30, 24, 25, 19, 20, 14, 13, 7, 6, 0]
[00:00:00:00:034] ! Unidirectional t-s. expansions: 56, time: 34 [ms], path length: 28 [edges], generated: 83
[00:00:00:00:204] Path of length 28 found: [0, 6, 12, 13, 7, 8, 14, 20, 19, 25, 24, 30, 31, 32, 33, 27, 21, 22, 16, 10, 9, 3, 4, 5, 11, 17, 23, 29, 35]
[00:00:00:00:467] ! Bidirectional. expansions: 135, time: 204 [ms], path length: 28 [edges], g_F: 14, g_B: 14, generated: {'F': 210, 'B': 218}, MM: 0, MMPER: -1.0%
[00:00:00:00:467] 
---------- SM_Grids/6x6_grid_with_random_blocks_16per_4 ----------
[00:00:00:00:016] Path of length 26 found: [0, 1, 7, 6, 12, 18, 24, 30, 31, 25, 19, 13, 14, 20, 26, 32, 33, 27, 21, 22, 16, 17, 23, 29, 28, 34, 35]
[00:00:00:00:016] ! Unidirectional s-t. expansions: 26, time: 16 [ms], path length: 26 [edges], generated: 42
[00:00:00:00:015] Path of length 26 found: [35, 29, 23, 17, 16, 22, 21, 20, 14, 13, 19, 25, 26, 27, 28, 34, 33, 32, 31, 30, 24, 18, 12, 6, 7, 1, 0]
[00:00:00:00:016] ! Unidirectional t-s. expansions: 26, time: 15 [ms], path length: 26 [edges], generated: 42
[00:00:00:00:030] Path of length 26 found: [0, 1, 7, 6, 12, 18, 24, 30, 31, 32, 33, 34, 28, 27, 26, 25, 19, 13, 14, 20, 21, 22, 16, 17, 23, 29, 35]
[00:00:00:00:295] ! Bidirectional. expansions: 17, time: 30 [ms], path length: 26 [edges], g_F: 13, g_B: 13, generated: {'F': 35, 'B': 37}, MM: 0, MMPER: -1.0%
[00:00:00:00:295] 
---------- SM_Grids/6x6_grid_with_random_blocks_16per_5 ----------
[00:00:00:00:065] Path of length 28 found: [0, 1, 2, 8, 14, 13, 12, 18, 24, 30, 31, 25, 19, 20, 26, 27, 21, 15, 9, 10, 4, 5, 11, 17, 16, 22, 28, 34, 35]
[00:00:00:00:065] ! Unidirectional s-t. expansions: 119, time: 65 [ms], path length: 28 [edges], generated: 195
[00:00:00:00:153] Path of length 28 found: [35, 34, 33, 27, 28, 22, 16, 17, 11, 5, 4, 10, 9, 8, 14, 15, 21, 20, 26, 25, 31, 30, 24, 18, 19, 13, 12, 6, 0]
[00:00:00:00:154] ! Unidirectional t-s. expansions: 238, time: 154 [ms], path length: 28 [edges], generated: 413
[00:00:00:00:580] Path of length 28 found: [0, 1, 2, 8, 14, 13, 12, 18, 24, 30, 31, 25, 19, 20, 26, 27, 21, 15, 9, 10, 4, 5, 11, 17, 16, 22, 28, 34, 35]
[00:00:00:00:842] ! Bidirectional. expansions: 359, time: 580 [ms], path length: 28 [edges], g_F: 14, g_B: 14, generated: {'F': 607, 'B': 643}, MM: 0, MMPER: -1.0%
[00:00:00:00:842] 
---------- SM_Grids/6x6_grid_with_random_blocks_16per_6 ----------
[00:00:00:00:122] Path of length 28 found: [0, 6, 12, 18, 24, 30, 31, 32, 26, 20, 19, 13, 7, 1, 2, 8, 14, 15, 9, 10, 16, 17, 23, 22, 28, 27, 33, 34, 35]
[00:00:00:00:122] ! Unidirectional s-t. expansions: 209, time: 122 [ms], path length: 28 [edges], generated: 348
[00:00:00:00:049] Path of length 28 found: [35, 29, 23, 17, 16, 10, 9, 15, 14, 8, 2, 1, 7, 13, 19, 20, 26, 27, 28, 34, 33, 32, 31, 30, 24, 18, 12, 6, 0]
[00:00:00:00:049] ! Unidirectional t-s. expansions: 70, time: 49 [ms], path length: 28 [edges], generated: 118
[00:00:00:00:255] Path of length 28 found: [0, 6, 12, 18, 24, 30, 31, 32, 33, 34, 28, 27, 26, 20, 19, 13, 7, 1, 2, 8, 14, 15, 9, 10, 16, 17, 23, 29, 35]
[00:00:00:00:524] ! Bidirectional. expansions: 153, time: 255 [ms], path length: 28 [edges], g_F: 14, g_B: 14, generated: {'F': 279, 'B': 276}, MM: 0, MMPER: -1.0%
[00:00:00:00:525] 
---------- SM_Grids/6x6_grid_with_random_blocks_16per_7 ----------
[00:00:00:00:042] Path of length 18 found: [0, 6, 7, 13, 12, 18, 24, 30, 31, 25, 19, 20, 26, 32, 33, 27, 28, 29, 35]
[00:00:00:00:042] ! Unidirectional s-t. expansions: 93, time: 42 [ms], path length: 18 [edges], generated: 130
[00:00:00:00:028] Path of length 18 found: [35, 29, 28, 27, 21, 20, 14, 13, 19, 25, 26, 32, 31, 30, 24, 18, 12, 6, 0]
[00:00:00:00:029] ! Unidirectional t-s. expansions: 49, time: 28 [ms], path length: 18 [edges], generated: 84
[00:00:00:00:076] Path of length 18 found: [0, 6, 7, 13, 12, 18, 24, 30, 31, 32, 26, 25, 19, 20, 21, 27, 28, 29, 35]
[00:00:00:00:341] ! Bidirectional. expansions: 52, time: 76 [ms], path length: 18 [edges], g_F: 9, g_B: 9, generated: {'F': 98, 'B': 97}, MM: 0, MMPER: -1.0%
[00:00:00:00:341] 
---------- SM_Grids/6x6_grid_with_random_blocks_16per_8 ----------
[00:00:00:00:015] Path of length 22 found: [0, 6, 12, 18, 19, 13, 7, 1, 2, 8, 14, 20, 21, 15, 9, 10, 16, 22, 23, 29, 28, 34, 35]
[00:00:00:00:015] ! Unidirectional s-t. expansions: 23, time: 15 [ms], path length: 22 [edges], generated: 39
[00:00:00:00:015] Path of length 22 found: [35, 34, 28, 29, 23, 22, 16, 10, 9, 8, 2, 1, 7, 13, 14, 15, 21, 20, 19, 18, 12, 6, 0]
[00:00:00:00:015] ! Unidirectional t-s. expansions: 22, time: 15 [ms], path length: 22 [edges], generated: 39
[00:00:00:00:020] Path of length 22 found: [0, 6, 12, 18, 19, 13, 7, 1, 2, 8, 14, 20, 21, 15, 9, 10, 16, 22, 23, 29, 28, 34, 35]
[00:00:00:00:286] ! Bidirectional. expansions: 11, time: 20 [ms], path length: 22 [edges], g_F: 11, g_B: 11, generated: {'F': 20, 'B': 20}, MM: 0, MMPER: -1.0%
[00:00:00:00:286] 
---------- SM_Grids/6x6_grid_with_random_blocks_16per_9 ----------
[00:00:00:00:075] Path of length 26 found: [0, 6, 12, 18, 24, 30, 31, 25, 26, 32, 33, 27, 21, 20, 14, 15, 16, 10, 4, 5, 11, 17, 23, 22, 28, 34, 35]
[00:00:00:00:076] ! Unidirectional s-t. expansions: 113, time: 76 [ms], path length: 26 [edges], generated: 201
[00:00:00:00:254] Path of length 26 found: [35, 29, 23, 17, 11, 5, 4, 10, 16, 15, 14, 20, 26, 27, 21, 22, 28, 34, 33, 32, 31, 25, 24, 18, 12, 6, 0]
[00:00:00:00:254] ! Unidirectional t-s. expansions: 316, time: 254 [ms], path length: 26 [edges], generated: 560
[00:00:00:00:637] Path of length 26 found: [0, 6, 12, 18, 24, 30, 31, 25, 26, 32, 33, 27, 28, 22, 21, 20, 14, 15, 16, 10, 4, 5, 11, 17, 23, 29, 35]
[00:00:00:00:897] ! Bidirectional. expansions: 385, time: 637 [ms], path length: 26 [edges], g_F: 13, g_B: 13, generated: {'F': 728, 'B': 688}, MM: 0, MMPER: -1.0%

[00:00:00:00:898] average expansions: (199, 174, 368, 0)
[00:00:00:00:898] average time: (100, 101, 578, 0)
[00:00:00:00:898] X-DFBnB: 174 , 100 (expansions , time[ms])
[00:00:00:00:898] BiX-DFBnB: 368 , 578 (expansions , time[ms])

