Thu 12 Mar 2026 17:40:43 IST

SLURM_JOBID:		 15627326
SLURM_JOB_NODELIST:	 ise-cpu256-29 

--------------------------
date: SM_Grids
number_of_graphs: 10
graph_type: grid
size_of_graphs: [6, 6]
heuristic: bcc_heuristic
snake: False
run_uni: True
run_bi: True
run_multi: False
solution_vertices: []
algorithms: ['DFBnB']
bsd: False
cube_first_dims: 4
cube_buffer_dim: None
backward_sym_generation: False
sym_coil: False
prefix_set: None

---------- SM_Grids/6x6_grid_with_random_blocks_12per_0 ----------
[00:00:00:00:172] Path of length 28 found: [0, 6, 12, 18, 24, 25, 19, 13, 7, 1, 2, 8, 14, 20, 26, 32, 33, 27, 28, 22, 16, 10, 4, 5, 11, 17, 23, 29, 35]
[00:00:00:00:172] ! Unidirectional s-t. expansions: 323, time: 172 [ms], path length: 28 [edges], generated: 563
[00:00:00:00:166] Path of length 28 found: [35, 29, 23, 17, 11, 5, 4, 3, 2, 1, 7, 8, 14, 15, 16, 22, 28, 27, 33, 32, 26, 20, 19, 25, 24, 18, 12, 6, 0]
[00:00:00:00:167] ! Unidirectional t-s. expansions: 400, time: 166 [ms], path length: 28 [edges], generated: 665
[00:00:00:01:084] Path of length 28 found: [0, 6, 12, 18, 24, 25, 19, 13, 7, 1, 2, 8, 14, 20, 26, 32, 33, 27, 28, 22, 16, 10, 4, 5, 11, 17, 23, 29, 35]
[00:00:00:01:375] ! Bidirectional. expansions: 775, time: 1,084 [ms], path length: 28 [edges], g_F: 14, g_B: 14, generated: {'F': 1,377, 'B': 1,433}, MM: 0, MMPER: -1.0%
[00:00:00:01:375] 
---------- SM_Grids/6x6_grid_with_random_blocks_12per_1 ----------
[00:00:00:00:130] Path of length 28 found: [0, 6, 12, 18, 24, 30, 31, 25, 19, 13, 7, 1, 2, 8, 9, 15, 14, 20, 26, 32, 33, 34, 28, 22, 16, 17, 23, 29, 35]
[00:00:00:00:130] ! Unidirectional s-t. expansions: 202, time: 130 [ms], path length: 28 [edges], generated: 356
[00:00:00:00:193] Path of length 28 found: [35, 29, 23, 17, 16, 15, 9, 8, 2, 1, 7, 13, 14, 20, 21, 22, 28, 34, 33, 32, 26, 25, 31, 30, 24, 18, 12, 6, 0]
[00:00:00:00:193] ! Unidirectional t-s. expansions: 321, time: 193 [ms], path length: 28 [edges], generated: 550
[00:00:00:00:937] Path of length 28 found: [0, 6, 12, 18, 24, 30, 31, 25, 26, 32, 33, 34, 28, 22, 21, 20, 14, 13, 7, 1, 2, 8, 9, 15, 16, 17, 23, 29, 35]
[00:00:00:01:195] ! Bidirectional. expansions: 600, time: 937 [ms], path length: 28 [edges], g_F: 14, g_B: 14, generated: {'F': 1,074, 'B': 1,062}, MM: 0, MMPER: -1.0%
[00:00:00:01:195] 
---------- SM_Grids/6x6_grid_with_random_blocks_12per_2 ----------
[00:00:00:00:016] Path of length 26 found: [0, 1, 2, 8, 7, 13, 12, 18, 24, 30, 31, 25, 19, 20, 26, 32, 33, 27, 21, 22, 16, 17, 23, 29, 28, 34, 35]
[00:00:00:00:016] ! Unidirectional s-t. expansions: 26, time: 16 [ms], path length: 26 [edges], generated: 44
[00:00:00:00:175] Path of length 26 found: [35, 29, 23, 17, 16, 22, 21, 20, 19, 25, 26, 27, 28, 34, 33, 32, 31, 30, 24, 18, 12, 13, 14, 8, 2, 1, 0]
[00:00:00:00:175] ! Unidirectional t-s. expansions: 338, time: 175 [ms], path length: 26 [edges], generated: 556
[00:00:00:00:048] Path of length 26 found: [0, 1, 2, 8, 7, 13, 12, 18, 24, 30, 31, 32, 33, 34, 28, 27, 26, 25, 19, 20, 21, 22, 16, 17, 23, 29, 35]
[00:00:00:00:311] ! Bidirectional. expansions: 27, time: 49 [ms], path length: 26 [edges], g_F: 13, g_B: 13, generated: {'F': 52, 'B': 55}, MM: 0, MMPER: -1.0%
[00:00:00:00:311] 
---------- SM_Grids/6x6_grid_with_random_blocks_12per_3 ----------
[00:00:00:00:023] Path of length 30 found: [0, 1, 7, 6, 12, 18, 19, 13, 14, 8, 9, 3, 4, 10, 11, 17, 23, 22, 16, 15, 21, 20, 26, 25, 31, 32, 33, 27, 28, 34, 35]
[00:00:00:00:023] ! Unidirectional s-t. expansions: 30, time: 23 [ms], path length: 30 [edges], generated: 49
[00:00:00:00:211] Path of length 30 found: [35, 34, 28, 27, 33, 32, 31, 25, 26, 20, 21, 15, 16, 22, 23, 17, 11, 10, 4, 3, 9, 8, 14, 13, 19, 18, 12, 6, 7, 1, 0]
[00:00:00:00:212] ! Unidirectional t-s. expansions: 418, time: 212 [ms], path length: 30 [edges], generated: 702
[00:00:00:00:614] Path of length 30 found: [0, 1, 7, 6, 12, 18, 19, 13, 14, 8, 9, 3, 4, 10, 11, 17, 23, 22, 16, 15, 21, 20, 26, 25, 31, 32, 33, 27, 28, 34, 35]
[00:00:00:00:908] ! Bidirectional. expansions: 394, time: 614 [ms], path length: 30 [edges], g_F: 15, g_B: 15, generated: {'F': 809, 'B': 718}, MM: 0, MMPER: -1.0%
[00:00:00:00:908] 
---------- SM_Grids/6x6_grid_with_random_blocks_12per_4 ----------
[00:00:00:00:063] Path of length 30 found: [0, 6, 12, 18, 24, 30, 31, 25, 26, 32, 33, 27, 21, 20, 14, 13, 7, 8, 9, 3, 4, 5, 11, 10, 16, 17, 23, 29, 28, 34, 35]
[00:00:00:00:063] ! Unidirectional s-t. expansions: 99, time: 63 [ms], path length: 30 [edges], generated: 163
[00:00:00:00:150] Path of length 30 found: [35, 29, 23, 17, 11, 5, 4, 3, 9, 10, 16, 15, 14, 20, 21, 27, 28, 34, 33, 32, 26, 25, 31, 30, 24, 18, 12, 13, 7, 6, 0]
[00:00:00:00:151] ! Unidirectional t-s. expansions: 245, time: 150 [ms], path length: 30 [edges], generated: 405
[00:00:00:00:503] Path of length 30 found: [0, 6, 12, 18, 24, 30, 31, 25, 26, 32, 33, 34, 28, 27, 21, 20, 14, 13, 7, 8, 9, 15, 16, 10, 4, 5, 11, 17, 23, 29, 35]
[00:00:00:00:771] ! Bidirectional. expansions: 316, time: 503 [ms], path length: 30 [edges], g_F: 15, g_B: 15, generated: {'F': 544, 'B': 576}, MM: 0, MMPER: -1.0%
[00:00:00:00:771] 
---------- SM_Grids/6x6_grid_with_random_blocks_12per_5 ----------
[00:00:00:00:110] Path of length 30 found: [0, 6, 12, 18, 24, 30, 31, 32, 26, 20, 19, 13, 7, 1, 2, 8, 9, 3, 4, 5, 11, 10, 16, 17, 23, 22, 21, 27, 33, 34, 35]
[00:00:00:00:110] ! Unidirectional s-t. expansions: 166, time: 110 [ms], path length: 30 [edges], generated: 255
[00:00:00:00:018] Path of length 30 found: [35, 29, 23, 17, 11, 5, 4, 3, 2, 1, 7, 8, 9, 10, 16, 22, 21, 20, 26, 27, 33, 32, 31, 30, 24, 18, 19, 13, 12, 6, 0]
[00:00:00:00:018] ! Unidirectional t-s. expansions: 30, time: 18 [ms], path length: 30 [edges], generated: 45
[00:00:00:00:488] Path of length 30 found: [0, 6, 12, 13, 19, 18, 24, 30, 31, 32, 33, 27, 26, 20, 21, 22, 16, 10, 9, 8, 7, 1, 2, 3, 4, 5, 11, 17, 23, 29, 35]
[00:00:00:00:751] ! Bidirectional. expansions: 350, time: 488 [ms], path length: 30 [edges], g_F: 15, g_B: 15, generated: {'F': 547, 'B': 561}, MM: 0, MMPER: -1.0%
[00:00:00:00:751] 
---------- SM_Grids/6x6_grid_with_random_blocks_12per_6 ----------
[00:00:00:00:018] Path of length 28 found: [0, 6, 12, 18, 24, 25, 19, 13, 7, 1, 2, 3, 9, 8, 14, 20, 26, 32, 33, 34, 28, 22, 21, 15, 16, 17, 23, 29, 35]
[00:00:00:00:018] ! Unidirectional s-t. expansions: 28, time: 18 [ms], path length: 28 [edges], generated: 46
[00:00:00:00:017] Path of length 28 found: [35, 29, 23, 17, 16, 15, 9, 3, 2, 1, 7, 8, 14, 13, 19, 20, 21, 22, 28, 34, 33, 32, 26, 25, 24, 18, 12, 6, 0]
[00:00:00:00:017] ! Unidirectional t-s. expansions: 28, time: 17 [ms], path length: 28 [edges], generated: 46
[00:00:00:00:106] Path of length 28 found: [0, 6, 12, 18, 24, 25, 19, 13, 7, 1, 2, 3, 9, 8, 14, 20, 26, 32, 33, 34, 28, 22, 21, 15, 16, 17, 23, 29, 35]
[00:00:00:00:414] ! Bidirectional. expansions: 67, time: 106 [ms], path length: 28 [edges], g_F: 14, g_B: 14, generated: {'F': 133, 'B': 124}, MM: 0, MMPER: -1.0%
[00:00:00:00:415] 
---------- SM_Grids/6x6_grid_with_random_blocks_12per_7 ----------
[00:00:00:00:072] Path of length 30 found: [0, 1, 7, 13, 12, 18, 24, 30, 31, 25, 26, 20, 21, 15, 9, 8, 2, 3, 4, 10, 11, 17, 16, 22, 23, 29, 28, 27, 33, 34, 35]
[00:00:00:00:072] ! Unidirectional s-t. expansions: 123, time: 72 [ms], path length: 30 [edges], generated: 190
[00:00:00:00:172] Path of length 30 found: [35, 29, 23, 17, 11, 10, 4, 3, 2, 8, 9, 15, 16, 22, 21, 20, 26, 27, 28, 34, 33, 32, 31, 25, 24, 18, 12, 13, 7, 1, 0]
[00:00:00:00:173] ! Unidirectional t-s. expansions: 267, time: 173 [ms], path length: 30 [edges], generated: 441
[00:00:00:00:477] Path of length 30 found: [0, 1, 7, 13, 12, 18, 24, 30, 31, 25, 26, 20, 21, 27, 33, 34, 28, 22, 16, 15, 9, 8, 2, 3, 4, 10, 11, 17, 23, 29, 35]
[00:00:00:00:745] ! Bidirectional. expansions: 294, time: 477 [ms], path length: 30 [edges], g_F: 15, g_B: 15, generated: {'F': 455, 'B': 546}, MM: 0, MMPER: -1.0%
[00:00:00:00:745] 
---------- SM_Grids/6x6_grid_with_random_blocks_12per_8 ----------
[00:00:00:00:197] Path of length 30 found: [0, 1, 2, 3, 9, 10, 4, 5, 11, 17, 23, 22, 16, 15, 14, 8, 7, 6, 12, 18, 24, 30, 31, 25, 19, 20, 26, 27, 33, 34, 35]
[00:00:00:00:197] ! Unidirectional s-t. expansions: 300, time: 197 [ms], path length: 30 [edges], generated: 515
[00:00:00:00:017] Path of length 30 found: [35, 34, 33, 27, 26, 20, 19, 25, 31, 30, 24, 18, 12, 6, 7, 8, 14, 15, 9, 10, 16, 22, 23, 17, 11, 5, 4, 3, 2, 1, 0]
[00:00:00:00:018] ! Unidirectional t-s. expansions: 30, time: 18 [ms], path length: 30 [edges], generated: 45
[00:00:00:00:535] Path of length 30 found: [0, 1, 2, 3, 9, 10, 4, 5, 11, 17, 23, 22, 16, 15, 14, 8, 7, 6, 12, 18, 24, 30, 31, 25, 19, 20, 26, 27, 33, 34, 35]
[00:00:00:00:804] ! Bidirectional. expansions: 371, time: 536 [ms], path length: 30 [edges], g_F: 15, g_B: 15, generated: {'F': 681, 'B': 514}, MM: 0, MMPER: -1.0%
[00:00:00:00:804] 
---------- SM_Grids/6x6_grid_with_random_blocks_12per_9 ----------
[00:00:00:00:400] Path of length 26 found: [0, 6, 7, 1, 2, 8, 14, 13, 19, 25, 26, 20, 21, 15, 9, 3, 4, 5, 11, 10, 16, 22, 28, 27, 33, 34, 35]
[00:00:00:00:401] ! Unidirectional s-t. expansions: 644, time: 400 [ms], path length: 26 [edges], generated: 1,216
[00:00:00:00:295] Path of length 26 found: [35, 29, 28, 34, 33, 27, 21, 22, 16, 17, 11, 5, 4, 10, 9, 3, 2, 8, 14, 20, 26, 25, 19, 13, 7, 1, 0]
[00:00:00:00:295] ! Unidirectional t-s. expansions: 567, time: 295 [ms], path length: 26 [edges], generated: 1,010
[00:00:00:02:778] Path of length 26 found: [0, 6, 7, 1, 2, 8, 14, 15, 9, 3, 4, 5, 11, 10, 16, 22, 21, 20, 19, 25, 26, 27, 33, 34, 28, 29, 35]
[00:00:00:03:039] ! Bidirectional. expansions: 1,782, time: 2,778 [ms], path length: 26 [edges], g_F: 13, g_B: 13, generated: {'F': 3,009, 'B': 3,593}, MM: 0, MMPER: -1.0%

[00:00:00:03:040] average expansions: (194, 264, 498, 0)
[00:00:00:03:040] average time: (120, 142, 757, 0)
[00:00:00:03:040] X-DFBnB: 194 , 120 (expansions , time[ms])
[00:00:00:03:040] BiX-DFBnB: 498 , 757 (expansions , time[ms])

