Thu 12 Mar 2026 17:40:44 IST

SLURM_JOBID:		 15627328
SLURM_JOB_NODELIST:	 ise-cpu256-02 

--------------------------
date: SM_Grids
number_of_graphs: 10
graph_type: grid
size_of_graphs: [6, 6]
heuristic: bcc_heuristic
snake: False
run_uni: True
run_bi: True
run_multi: False
solution_vertices: []
algorithms: ['DFBnB']
bsd: False
cube_first_dims: 4
cube_buffer_dim: None
backward_sym_generation: False
sym_coil: False
prefix_set: None

---------- SM_Grids/6x6_grid_with_random_blocks_20per_0 ----------
[00:00:00:00:042] Path of length 26 found: [0, 1, 2, 3, 4, 5, 11, 10, 9, 15, 14, 8, 7, 6, 12, 13, 19, 20, 26, 25, 31, 32, 33, 27, 28, 34, 35]
[00:00:00:00:043] ! Unidirectional s-t. expansions: 86, time: 42 [ms], path length: 26 [edges], generated: 142
[00:00:00:00:012] Path of length 26 found: [35, 34, 28, 27, 33, 32, 31, 25, 26, 20, 19, 13, 12, 6, 7, 8, 14, 15, 9, 10, 11, 5, 4, 3, 2, 1, 0]
[00:00:00:00:013] ! Unidirectional t-s. expansions: 26, time: 12 [ms], path length: 26 [edges], generated: 41
[00:00:00:00:142] Path of length 26 found: [0, 1, 2, 3, 4, 5, 11, 10, 9, 15, 14, 8, 7, 6, 12, 13, 19, 20, 26, 25, 31, 32, 33, 27, 28, 34, 35]
[00:00:00:00:449] ! Bidirectional. expansions: 120, time: 142 [ms], path length: 26 [edges], g_F: 13, g_B: 13, generated: {'F': 209, 'B': 215}, MM: 0, MMPER: -1.0%
[00:00:00:00:449] 
---------- SM_Grids/6x6_grid_with_random_blocks_20per_1 ----------
[00:00:00:00:475] Path of length 24 found: [0, 6, 12, 18, 19, 13, 7, 1, 2, 8, 14, 20, 21, 15, 9, 3, 4, 5, 11, 10, 16, 22, 28, 29, 35]
[00:00:00:00:475] ! Unidirectional s-t. expansions: 1,094, time: 475 [ms], path length: 24 [edges], generated: 1,830
[00:00:00:00:283] Path of length 24 found: [35, 29, 28, 27, 21, 22, 16, 17, 11, 5, 4, 10, 9, 3, 2, 1, 7, 8, 14, 20, 19, 13, 12, 6, 0]
[00:00:00:00:283] ! Unidirectional t-s. expansions: 500, time: 283 [ms], path length: 24 [edges], generated: 895
[00:00:00:03:178] Path of length 24 found: [0, 6, 12, 18, 19, 13, 7, 1, 2, 8, 14, 15, 9, 3, 4, 5, 11, 17, 16, 22, 21, 27, 28, 29, 35]
[00:00:00:03:506] ! Bidirectional. expansions: 2,325, time: 3,178 [ms], path length: 24 [edges], g_F: 12, g_B: 12, generated: {'F': 4,152, 'B': 4,267}, MM: 0, MMPER: -1.0%
[00:00:00:03:506] 
---------- SM_Grids/6x6_grid_with_random_blocks_20per_2 ----------
[00:00:00:00:054] Path of length 24 found: [0, 6, 12, 18, 19, 25, 24, 30, 31, 32, 26, 27, 21, 20, 14, 8, 2, 3, 9, 10, 16, 17, 23, 29, 35]
[00:00:00:00:054] ! Unidirectional s-t. expansions: 97, time: 54 [ms], path length: 24 [edges], generated: 155
[00:00:00:00:017] Path of length 24 found: [35, 29, 23, 17, 11, 10, 9, 3, 2, 8, 14, 20, 21, 27, 26, 32, 31, 30, 24, 25, 19, 18, 12, 6, 0]
[00:00:00:00:017] ! Unidirectional t-s. expansions: 29, time: 17 [ms], path length: 24 [edges], generated: 44
[00:00:00:00:111] Path of length 24 found: [0, 6, 12, 18, 19, 25, 24, 30, 31, 32, 26, 27, 21, 20, 14, 8, 2, 3, 9, 10, 11, 17, 23, 29, 35]
[00:00:00:00:394] ! Bidirectional. expansions: 82, time: 112 [ms], path length: 24 [edges], g_F: 12, g_B: 12, generated: {'F': 149, 'B': 123}, MM: 0, MMPER: -1.0%
[00:00:00:00:394] 
---------- SM_Grids/6x6_grid_with_random_blocks_20per_3 ----------
[00:00:00:00:029] Path of length 24 found: [0, 1, 2, 3, 4, 5, 11, 10, 9, 8, 14, 13, 19, 18, 24, 30, 31, 32, 33, 27, 21, 22, 23, 29, 35]
[00:00:00:00:029] ! Unidirectional s-t. expansions: 58, time: 29 [ms], path length: 24 [edges], generated: 88
[00:00:00:00:022] Path of length 24 found: [35, 29, 23, 22, 21, 27, 33, 32, 31, 30, 24, 18, 19, 13, 14, 15, 9, 10, 11, 5, 4, 3, 2, 1, 0]
[00:00:00:00:022] ! Unidirectional t-s. expansions: 38, time: 22 [ms], path length: 24 [edges], generated: 58
[00:00:00:00:033] Path of length 24 found: [0, 1, 2, 3, 4, 5, 11, 10, 9, 8, 14, 13, 19, 18, 24, 30, 31, 32, 33, 27, 21, 22, 23, 29, 35]
[00:00:00:00:312] ! Bidirectional. expansions: 27, time: 33 [ms], path length: 24 [edges], g_F: 12, g_B: 12, generated: {'F': 41, 'B': 39}, MM: 0, MMPER: -1.0%
[00:00:00:00:312] 
---------- SM_Grids/6x6_grid_with_random_blocks_20per_4 ----------
[00:00:00:00:012] Path of length 20 found: [0, 1, 7, 8, 9, 3, 4, 5, 11, 10, 16, 15, 21, 27, 33, 34, 28, 22, 23, 29, 35]
[00:00:00:00:012] ! Unidirectional s-t. expansions: 20, time: 12 [ms], path length: 20 [edges], generated: 30
[00:00:00:00:013] Path of length 20 found: [35, 29, 23, 22, 28, 34, 33, 27, 21, 15, 16, 10, 11, 5, 4, 3, 9, 8, 7, 1, 0]
[00:00:00:00:013] ! Unidirectional t-s. expansions: 20, time: 13 [ms], path length: 20 [edges], generated: 30
[00:00:00:00:015] Path of length 20 found: [0, 1, 7, 8, 9, 3, 4, 5, 11, 10, 16, 15, 21, 27, 33, 34, 28, 22, 23, 29, 35]
[00:00:00:00:294] ! Bidirectional. expansions: 10, time: 15 [ms], path length: 20 [edges], g_F: 10, g_B: 10, generated: {'F': 14, 'B': 17}, MM: 0, MMPER: -1.0%
[00:00:00:00:294] 
---------- SM_Grids/6x6_grid_with_random_blocks_20per_5 ----------
[00:00:00:00:056] Path of length 24 found: [0, 6, 12, 13, 14, 20, 26, 25, 24, 30, 31, 32, 33, 27, 21, 15, 9, 3, 4, 10, 16, 22, 28, 34, 35]
[00:00:00:00:056] ! Unidirectional s-t. expansions: 101, time: 56 [ms], path length: 24 [edges], generated: 174
[00:00:00:00:081] Path of length 24 found: [35, 29, 28, 34, 33, 32, 31, 30, 24, 25, 26, 27, 21, 22, 16, 10, 4, 3, 9, 15, 14, 13, 7, 6, 0]
[00:00:00:00:081] ! Unidirectional t-s. expansions: 147, time: 81 [ms], path length: 24 [edges], generated: 241
[00:00:00:00:297] Path of length 24 found: [0, 6, 12, 13, 14, 20, 26, 25, 24, 30, 31, 32, 33, 27, 21, 15, 9, 3, 4, 10, 16, 22, 28, 29, 35]
[00:00:00:00:575] ! Bidirectional. expansions: 205, time: 297 [ms], path length: 24 [edges], g_F: 12, g_B: 12, generated: {'F': 399, 'B': 341}, MM: 0, MMPER: -1.0%
[00:00:00:00:575] 
---------- SM_Grids/6x6_grid_with_random_blocks_20per_6 ----------
[00:00:00:00:038] Path of length 24 found: [0, 6, 12, 18, 24, 25, 31, 32, 26, 20, 14, 8, 2, 3, 9, 10, 4, 5, 11, 17, 16, 22, 28, 34, 35]
[00:00:00:00:038] ! Unidirectional s-t. expansions: 75, time: 38 [ms], path length: 24 [edges], generated: 121
[00:00:00:00:065] Path of length 24 found: [35, 29, 28, 34, 33, 32, 31, 25, 26, 20, 14, 15, 9, 10, 16, 17, 11, 5, 4, 3, 2, 8, 7, 6, 0]
[00:00:00:00:066] ! Unidirectional t-s. expansions: 104, time: 66 [ms], path length: 24 [edges], generated: 174
[00:00:00:00:255] Path of length 24 found: [0, 6, 12, 18, 24, 25, 31, 32, 26, 20, 14, 8, 2, 3, 9, 10, 4, 5, 11, 17, 16, 22, 28, 29, 35]
[00:00:00:00:523] ! Bidirectional. expansions: 124, time: 255 [ms], path length: 24 [edges], g_F: 12, g_B: 12, generated: {'F': 210, 'B': 224}, MM: 0, MMPER: -1.0%
[00:00:00:00:523] 
---------- SM_Grids/6x6_grid_with_random_blocks_20per_7 ----------
[00:00:00:00:027] Path of length 24 found: [0, 1, 7, 6, 12, 18, 19, 25, 31, 32, 26, 20, 14, 15, 9, 10, 11, 17, 16, 22, 28, 27, 33, 34, 35]
[00:00:00:00:027] ! Unidirectional s-t. expansions: 47, time: 27 [ms], path length: 24 [edges], generated: 70
[00:00:00:00:036] Path of length 24 found: [35, 34, 28, 22, 16, 17, 11, 10, 9, 15, 14, 20, 26, 27, 33, 32, 31, 25, 19, 18, 12, 6, 7, 1, 0]
[00:00:00:00:037] ! Unidirectional t-s. expansions: 56, time: 37 [ms], path length: 24 [edges], generated: 89
[00:00:00:00:114] Path of length 24 found: [0, 1, 7, 6, 12, 18, 19, 25, 31, 32, 33, 27, 26, 20, 14, 15, 9, 10, 11, 17, 16, 22, 28, 34, 35]
[00:00:00:00:380] ! Bidirectional. expansions: 80, time: 114 [ms], path length: 24 [edges], g_F: 12, g_B: 12, generated: {'F': 125, 'B': 136}, MM: 0, MMPER: -1.0%
[00:00:00:00:380] 
---------- SM_Grids/6x6_grid_with_random_blocks_20per_8 ----------
[00:00:00:00:015] Path of length 28 found: [0, 1, 7, 6, 12, 18, 19, 25, 24, 30, 31, 32, 26, 27, 33, 34, 28, 22, 21, 15, 14, 8, 9, 10, 16, 17, 23, 29, 35]
[00:00:00:00:015] ! Unidirectional s-t. expansions: 28, time: 15 [ms], path length: 28 [edges], generated: 42
[00:00:00:00:016] Path of length 28 found: [35, 29, 23, 17, 16, 10, 9, 8, 14, 15, 21, 22, 28, 34, 33, 27, 26, 32, 31, 30, 24, 25, 19, 18, 12, 6, 7, 1, 0]
[00:00:00:00:016] ! Unidirectional t-s. expansions: 28, time: 16 [ms], path length: 28 [edges], generated: 42
[00:00:00:00:021] Path of length 28 found: [0, 1, 7, 6, 12, 18, 19, 25, 24, 30, 31, 32, 26, 27, 33, 34, 28, 22, 21, 15, 14, 8, 9, 10, 16, 17, 23, 29, 35]
[00:00:00:00:296] ! Bidirectional. expansions: 14, time: 21 [ms], path length: 28 [edges], g_F: 14, g_B: 14, generated: {'F': 22, 'B': 23}, MM: 0, MMPER: -1.0%
[00:00:00:00:296] 
---------- SM_Grids/6x6_grid_with_random_blocks_20per_9 ----------
[00:00:00:00:092] Path of length 24 found: [0, 1, 7, 8, 9, 15, 14, 13, 12, 18, 24, 25, 19, 20, 26, 27, 21, 22, 16, 17, 23, 29, 28, 34, 35]
[00:00:00:00:092] ! Unidirectional s-t. expansions: 169, time: 92 [ms], path length: 24 [edges], generated: 301
[00:00:00:00:014] Path of length 24 found: [35, 34, 28, 29, 23, 17, 16, 22, 21, 27, 26, 20, 19, 25, 24, 18, 12, 13, 14, 15, 9, 8, 7, 1, 0]
[00:00:00:00:014] ! Unidirectional t-s. expansions: 24, time: 14 [ms], path length: 24 [edges], generated: 39
[00:00:00:00:131] Path of length 24 found: [0, 1, 7, 8, 9, 15, 14, 13, 12, 18, 24, 25, 19, 20, 26, 27, 21, 22, 16, 17, 23, 29, 28, 34, 35]
[00:00:00:00:402] ! Bidirectional. expansions: 91, time: 131 [ms], path length: 24 [edges], g_F: 12, g_B: 12, generated: {'F': 190, 'B': 172}, MM: 0, MMPER: -1.0%

[00:00:00:00:402] average expansions: (178, 97, 308, 0)
[00:00:00:00:402] average time: (84, 56, 430, 0)
[00:00:00:00:402] X-DFBnB: 97 , 56 (expansions , time[ms])
[00:00:00:00:403] BiX-DFBnB: 308 , 430 (expansions , time[ms])

