Mon 09 Mar 2026 16:01:49 IST

SLURM_JOBID:		 15356646
SLURM_JOB_NODELIST:	 ise-cpu256-05 

--------------------------
date: SM_Grids
number_of_graphs: 10
graph_type: grid
size_of_graphs: [6, 6]
heuristic: bcc_heuristic
snake: False
run_uni: True
run_bi: True
run_multi: False
solution_vertices: []
algorithms: ['DFBnB']
bsd: False
cube_first_dims: 4
cube_buffer_dim: None
backward_sym_generation: False
sym_coil: False
prefix_set: None

---------- SM_Grids/6x6_grid_with_random_blocks_8per_0 ----------
[00:00:00:00:415] Path of length 32 found: [0, 6, 12, 18, 24, 30, 31, 32, 26, 25, 19, 13, 7, 8, 2, 3, 9, 15, 14, 20, 21, 27, 28, 22, 16, 10, 4, 5, 11, 17, 23, 29, 35]
[00:00:00:00:415] ! Unidirectional s-t. expansions: 991, time: 415 [ms], path length: 32 [edges], generated: 1,661
[00:00:00:00:084] Path of length 32 found: [35, 34, 28, 29, 23, 17, 11, 5, 4, 3, 2, 8, 7, 13, 19, 20, 14, 15, 9, 10, 16, 22, 21, 27, 26, 32, 31, 25, 24, 18, 12, 6, 0]
[00:00:00:00:085] ! Unidirectional t-s. expansions: 150, time: 84 [ms], path length: 32 [edges], generated: 267
[00:00:00:00:123] Path of length 32 found: [0, 6, 12, 18, 24, 30, 31, 32, 26, 25, 19, 20, 21, 22, 16, 10, 9, 15, 14, 13, 7, 8, 2, 3, 4, 5, 11, 17, 23, 29, 28, 34, 35]
[00:00:00:00:402] ! Bidirectional. expansions: 386, time: 123 [ms], path length: 32 [edges], g_F: 16, g_B: 16, generated: {'F': 359, 'B': 374}, MM: 0, MMPER: -1.0%
[00:00:00:00:403] 
---------- SM_Grids/6x6_grid_with_random_blocks_8per_1 ----------
[00:00:00:03:037] Path of length 30 found: [0, 6, 12, 18, 24, 30, 31, 25, 19, 13, 7, 1, 2, 8, 14, 20, 21, 15, 16, 10, 4, 5, 11, 17, 23, 22, 28, 27, 33, 34, 35]
[00:00:00:03:037] ! Unidirectional s-t. expansions: 6,217, time: 3,037 [ms], path length: 30 [edges], generated: 10,578
[00:00:00:03:305] Path of length 30 found: [35, 29, 23, 17, 11, 5, 4, 3, 2, 1, 7, 8, 14, 13, 19, 20, 21, 15, 16, 22, 28, 27, 33, 32, 31, 25, 24, 18, 12, 6, 0]
[00:00:00:03:305] ! Unidirectional t-s. expansions: 6,218, time: 3,305 [ms], path length: 30 [edges], generated: 10,580
[00:00:00:03:179] Path of length 30 found: [0, 6, 12, 18, 24, 30, 31, 25, 19, 20, 21, 27, 33, 34, 28, 22, 16, 15, 14, 13, 7, 1, 2, 3, 4, 5, 11, 17, 23, 29, 35]
[00:00:00:03:437] ! Bidirectional. expansions: 10,640, time: 3,179 [ms], path length: 30 [edges], g_F: 15, g_B: 15, generated: {'F': 9,648, 'B': 9,648}, MM: 0, MMPER: -1.0%
[00:00:00:03:438] 
---------- SM_Grids/6x6_grid_with_random_blocks_8per_2 ----------
[00:00:00:00:185] Path of length 32 found: [0, 6, 12, 18, 24, 30, 31, 25, 19, 13, 7, 1, 2, 8, 9, 3, 4, 5, 11, 10, 16, 15, 21, 20, 26, 32, 33, 27, 28, 22, 23, 29, 35]
[00:00:00:00:185] ! Unidirectional s-t. expansions: 272, time: 185 [ms], path length: 32 [edges], generated: 465
[00:00:00:00:780] Path of length 32 found: [35, 29, 23, 17, 11, 5, 4, 3, 2, 1, 7, 8, 9, 10, 16, 15, 21, 22, 28, 27, 33, 32, 26, 20, 19, 25, 31, 30, 24, 18, 12, 6, 0]
[00:00:00:00:781] ! Unidirectional t-s. expansions: 1,553, time: 780 [ms], path length: 32 [edges], generated: 2,522
[00:00:00:00:466] Path of length 32 found: [0, 6, 12, 18, 24, 30, 31, 25, 19, 20, 26, 32, 33, 27, 28, 22, 21, 15, 16, 10, 9, 8, 7, 1, 2, 3, 4, 5, 11, 17, 23, 29, 35]
[00:00:00:00:718] ! Bidirectional. expansions: 1,146, time: 466 [ms], path length: 32 [edges], g_F: 16, g_B: 16, generated: {'F': 1,055, 'B': 1,051}, MM: 0, MMPER: -1.0%
[00:00:00:00:718] 
---------- SM_Grids/6x6_grid_with_random_blocks_8per_3 ----------
[00:00:00:00:258] Path of length 32 found: [0, 6, 12, 18, 24, 30, 31, 25, 26, 32, 33, 27, 21, 20, 14, 13, 7, 1, 2, 8, 9, 3, 4, 5, 11, 10, 16, 17, 23, 22, 28, 29, 35]
[00:00:00:00:258] ! Unidirectional s-t. expansions: 357, time: 258 [ms], path length: 32 [edges], generated: 650
[00:00:00:00:546] Path of length 32 found: [35, 29, 23, 17, 11, 5, 4, 3, 2, 1, 7, 13, 14, 8, 9, 10, 16, 15, 21, 22, 28, 27, 33, 32, 26, 25, 31, 30, 24, 18, 12, 6, 0]
[00:00:00:00:546] ! Unidirectional t-s. expansions: 963, time: 546 [ms], path length: 32 [edges], generated: 1,623
[00:00:00:00:411] Path of length 32 found: [0, 6, 12, 18, 24, 30, 31, 25, 26, 32, 33, 27, 28, 22, 21, 15, 16, 10, 9, 8, 14, 13, 7, 1, 2, 3, 4, 5, 11, 17, 23, 29, 35]
[00:00:00:00:667] ! Bidirectional. expansions: 1,074, time: 411 [ms], path length: 32 [edges], g_F: 16, g_B: 16, generated: {'F': 1,009, 'B': 990}, MM: 0, MMPER: -1.0%
[00:00:00:00:667] 
---------- SM_Grids/6x6_grid_with_random_blocks_8per_4 ----------
[00:00:00:00:932] Path of length 32 found: [0, 6, 12, 18, 24, 30, 31, 25, 19, 13, 7, 1, 2, 8, 14, 20, 26, 32, 33, 27, 21, 15, 16, 10, 4, 5, 11, 17, 23, 22, 28, 34, 35]
[00:00:00:00:932] ! Unidirectional s-t. expansions: 1,708, time: 932 [ms], path length: 32 [edges], generated: 2,937
[00:00:00:00:480] Path of length 32 found: [35, 29, 23, 17, 11, 5, 4, 10, 16, 15, 14, 8, 2, 1, 7, 13, 19, 25, 26, 20, 21, 22, 28, 27, 33, 32, 31, 30, 24, 18, 12, 6, 0]
[00:00:00:00:481] ! Unidirectional t-s. expansions: 821, time: 481 [ms], path length: 32 [edges], generated: 1,428
[00:00:00:00:641] Path of length 32 found: [0, 6, 12, 18, 24, 30, 31, 25, 19, 13, 7, 1, 2, 8, 14, 20, 26, 27, 33, 34, 28, 22, 21, 15, 16, 10, 4, 5, 11, 17, 23, 29, 35]
[00:00:00:00:894] ! Bidirectional. expansions: 1,688, time: 641 [ms], path length: 32 [edges], g_F: 16, g_B: 16, generated: {'F': 1,594, 'B': 1,551}, MM: 0, MMPER: -1.0%
[00:00:00:00:895] 
---------- SM_Grids/6x6_grid_with_random_blocks_8per_5 ----------
[00:00:00:00:612] Path of length 32 found: [0, 6, 12, 18, 24, 25, 31, 32, 26, 20, 19, 13, 7, 1, 2, 8, 14, 15, 9, 10, 4, 5, 11, 17, 16, 22, 21, 27, 33, 34, 28, 29, 35]
[00:00:00:00:612] ! Unidirectional s-t. expansions: 1,012, time: 612 [ms], path length: 32 [edges], generated: 1,819
[00:00:00:00:844] Path of length 32 found: [35, 29, 23, 17, 11, 5, 4, 10, 9, 8, 2, 1, 7, 13, 19, 20, 14, 15, 16, 22, 21, 27, 28, 34, 33, 32, 26, 25, 24, 18, 12, 6, 0]
[00:00:00:00:844] ! Unidirectional t-s. expansions: 1,349, time: 844 [ms], path length: 32 [edges], generated: 2,358
[00:00:00:00:911] Path of length 32 found: [0, 6, 12, 18, 24, 25, 31, 32, 26, 20, 21, 27, 33, 34, 28, 22, 16, 15, 14, 13, 7, 1, 2, 8, 9, 10, 4, 5, 11, 17, 23, 29, 35]
[00:00:00:01:166] ! Bidirectional. expansions: 2,684, time: 911 [ms], path length: 32 [edges], g_F: 16, g_B: 16, generated: {'F': 2,489, 'B': 2,503}, MM: 0, MMPER: -1.0%
[00:00:00:01:166] 
---------- SM_Grids/6x6_grid_with_random_blocks_8per_6 ----------
[00:00:00:00:020] Path of length 30 found: [0, 6, 12, 13, 7, 1, 2, 8, 14, 20, 19, 25, 26, 27, 33, 34, 28, 22, 21, 15, 9, 3, 4, 5, 11, 10, 16, 17, 23, 29, 35]
[00:00:00:00:020] ! Unidirectional s-t. expansions: 30, time: 20 [ms], path length: 30 [edges], generated: 52
[00:00:00:00:020] Path of length 30 found: [35, 29, 23, 17, 11, 5, 4, 3, 2, 1, 7, 8, 14, 20, 21, 15, 9, 10, 16, 22, 28, 34, 33, 27, 26, 25, 19, 13, 12, 6, 0]
[00:00:00:00:021] ! Unidirectional t-s. expansions: 30, time: 21 [ms], path length: 30 [edges], generated: 52
[00:00:00:00:015] Path of length 30 found: [0, 6, 12, 13, 7, 1, 2, 8, 14, 20, 19, 25, 26, 27, 33, 34, 28, 22, 21, 15, 16, 10, 9, 3, 4, 5, 11, 17, 23, 29, 35]
[00:00:00:00:269] ! Bidirectional. expansions: 30, time: 15 [ms], path length: 30 [edges], g_F: 15, g_B: 15, generated: {'F': 29, 'B': 29}, MM: 0, MMPER: -1.0%
[00:00:00:00:269] 
---------- SM_Grids/6x6_grid_with_random_blocks_8per_7 ----------
[00:00:00:00:382] Path of length 32 found: [0, 6, 12, 18, 24, 25, 31, 32, 26, 20, 19, 13, 7, 1, 2, 8, 14, 15, 21, 27, 33, 34, 28, 22, 16, 10, 4, 5, 11, 17, 23, 29, 35]
[00:00:00:00:382] ! Unidirectional s-t. expansions: 631, time: 382 [ms], path length: 32 [edges], generated: 1,040
[00:00:00:00:528] Path of length 32 found: [35, 29, 23, 17, 11, 5, 4, 3, 2, 1, 7, 8, 14, 13, 19, 20, 26, 27, 21, 15, 16, 22, 28, 34, 33, 32, 31, 25, 24, 18, 12, 6, 0]
[00:00:00:00:528] ! Unidirectional t-s. expansions: 875, time: 528 [ms], path length: 32 [edges], generated: 1,501
[00:00:00:00:583] Path of length 32 found: [0, 6, 12, 18, 24, 25, 31, 32, 26, 27, 33, 34, 28, 22, 16, 15, 21, 20, 19, 13, 14, 8, 7, 1, 2, 3, 4, 5, 11, 17, 23, 29, 35]
[00:00:00:00:836] ! Bidirectional. expansions: 1,404, time: 583 [ms], path length: 32 [edges], g_F: 16, g_B: 16, generated: {'F': 1,288, 'B': 1,350}, MM: 0, MMPER: -1.0%
[00:00:00:00:836] 
---------- SM_Grids/6x6_grid_with_random_blocks_8per_8 ----------
[00:00:00:00:280] Path of length 32 found: [0, 6, 12, 18, 24, 30, 31, 25, 19, 13, 7, 1, 2, 8, 14, 20, 26, 32, 33, 27, 21, 15, 16, 10, 4, 5, 11, 17, 23, 22, 28, 29, 35]
[00:00:00:00:280] ! Unidirectional s-t. expansions: 438, time: 280 [ms], path length: 32 [edges], generated: 762
[00:00:00:00:372] Path of length 32 found: [35, 29, 23, 17, 11, 5, 4, 3, 2, 1, 7, 8, 14, 13, 19, 25, 26, 20, 21, 15, 16, 22, 28, 27, 33, 32, 31, 30, 24, 18, 12, 6, 0]
[00:00:00:00:372] ! Unidirectional t-s. expansions: 623, time: 372 [ms], path length: 32 [edges], generated: 1,048
[00:00:00:00:379] Path of length 32 found: [0, 6, 12, 18, 24, 30, 31, 25, 26, 32, 33, 27, 28, 22, 16, 15, 21, 20, 19, 13, 14, 8, 7, 1, 2, 3, 4, 5, 11, 17, 23, 29, 35]
[00:00:00:00:633] ! Bidirectional. expansions: 1,016, time: 379 [ms], path length: 32 [edges], g_F: 16, g_B: 16, generated: {'F': 942, 'B': 923}, MM: 0, MMPER: -1.0%
[00:00:00:00:633] 
---------- SM_Grids/6x6_grid_with_random_blocks_8per_9 ----------
[00:00:00:00:021] Path of length 30 found: [0, 6, 12, 18, 24, 30, 31, 25, 19, 13, 7, 1, 2, 8, 9, 15, 14, 20, 26, 32, 33, 27, 21, 22, 16, 17, 23, 29, 28, 34, 35]
[00:00:00:00:021] ! Unidirectional s-t. expansions: 30, time: 21 [ms], path length: 30 [edges], generated: 51
[00:00:00:00:019] Path of length 30 found: [35, 29, 23, 17, 16, 15, 9, 8, 2, 1, 7, 13, 14, 20, 19, 25, 26, 27, 21, 22, 28, 34, 33, 32, 31, 30, 24, 18, 12, 6, 0]
[00:00:00:00:019] ! Unidirectional t-s. expansions: 30, time: 19 [ms], path length: 30 [edges], generated: 51
[00:00:00:00:024] Path of length 30 found: [0, 6, 12, 18, 24, 30, 31, 32, 33, 34, 28, 22, 21, 27, 26, 25, 19, 20, 14, 13, 7, 1, 2, 8, 9, 15, 16, 17, 23, 29, 35]
[00:00:00:00:278] ! Bidirectional. expansions: 64, time: 24 [ms], path length: 30 [edges], g_F: 15, g_B: 15, generated: {'F': 71, 'B': 67}, MM: 0, MMPER: -1.0%

[00:00:00:00:278] average expansions: (1,169, 1,261, 2,013, 0)
[00:00:00:00:278] average time: (614, 698, 673, 0)
[00:00:00:00:278] X-DFBnB: 1,169 , 614 (expansions , time[ms])
[00:00:00:00:278] BiX-DFBnB: 2,013 , 673 (expansions , time[ms])

