Tue 10 Mar 2026 11:57:01 IST

SLURM_JOBID:		 15443249
SLURM_JOB_NODELIST:	 ise-cpu256-01 

--------------------------
date: SM_Grids
number_of_graphs: 10
graph_type: grid
size_of_graphs: [6, 6]
heuristic: bcc_heuristic
snake: False
run_uni: True
run_bi: True
run_multi: False
solution_vertices: []
algorithms: ['full']
bsd: True
cube_first_dims: 4
cube_buffer_dim: None
backward_sym_generation: False
sym_coil: False
prefix_set: None

---------- SM_Grids/6x6_grid_with_random_blocks_12per_0 ----------
[00:00:00:16:585] Path of length 28 found: [0, 6, 12, 18, 24, 25, 19, 13, 7, 1, 2, 8, 14, 20, 26, 32, 33, 27, 28, 22, 16, 10, 4, 5, 11, 17, 23, 29, 35]
[00:00:00:16:586] ! Unidirectional s-t. expansions: 47,960, time: 16,585 [ms], path length: 28 [edges], generated: 51,160
[00:00:00:17:535] Path of length 28 found: [35, 29, 23, 17, 11, 5, 4, 3, 2, 1, 7, 13, 19, 20, 14, 15, 16, 22, 28, 27, 33, 32, 26, 25, 24, 18, 12, 6, 0]
[00:00:00:17:536] ! Unidirectional t-s. expansions: 54,140, time: 17,535 [ms], path length: 28 [edges], generated: 54,139
[00:00:00:19:947] Path of length 28 found: [0, 6, 12, 18, 24, 25, 26, 32, 33, 27, 28, 22, 16, 15, 14, 20, 19, 13, 7, 1, 2, 3, 4, 5, 11, 17, 23, 29, 35]
[00:00:00:20:241] ! Bidirectional. expansions: 50,938, time: 19,947 [ms], path length: 28 [edges], g_F: 0, g_B: 28, generated: 54,139, MM: 28, MMPER: 95.55172413793103%
[00:00:00:20:241] 
---------- SM_Grids/6x6_grid_with_random_blocks_12per_1 ----------
[00:00:00:39:156] Path of length 28 found: [0, 6, 12, 18, 24, 30, 31, 25, 19, 13, 7, 1, 2, 8, 14, 20, 26, 32, 33, 34, 28, 22, 21, 15, 16, 17, 23, 29, 35]
[00:00:00:39:157] ! Unidirectional s-t. expansions: 128,875, time: 39,156 [ms], path length: 28 [edges], generated: 128,874
[00:00:00:43:239] Path of length 28 found: [35, 29, 23, 17, 16, 15, 9, 8, 2, 1, 7, 13, 19, 25, 26, 20, 21, 22, 28, 34, 33, 32, 31, 30, 24, 18, 12, 6, 0]
[00:00:00:43:240] ! Unidirectional t-s. expansions: 139,723, time: 43,239 [ms], path length: 28 [edges], generated: 139,722
[00:00:00:49:006] Path of length 28 found: [0, 6, 12, 18, 24, 30, 31, 32, 33, 34, 28, 22, 21, 20, 26, 25, 19, 13, 7, 1, 2, 8, 9, 15, 16, 17, 23, 29, 35]
[00:00:00:49:310] ! Bidirectional. expansions: 129,061, time: 49,006 [ms], path length: 28 [edges], g_F: 0, g_B: 28, generated: 139,722, MM: 28, MMPER: 95.55172413793103%
[00:00:00:49:310] 
---------- SM_Grids/6x6_grid_with_random_blocks_12per_2 ----------
[00:00:00:17:163] Path of length 26 found: [0, 1, 7, 8, 14, 13, 12, 18, 24, 30, 31, 25, 19, 20, 26, 32, 33, 27, 21, 22, 16, 17, 23, 29, 28, 34, 35]
[00:00:00:17:164] ! Unidirectional s-t. expansions: 51,444, time: 17,164 [ms], path length: 26 [edges], generated: 51,443
[00:00:00:13:936] Path of length 26 found: [35, 29, 23, 17, 16, 22, 21, 20, 19, 25, 26, 27, 28, 34, 33, 32, 31, 30, 24, 18, 12, 13, 7, 8, 2, 1, 0]
[00:00:00:13:936] ! Unidirectional t-s. expansions: 34,283, time: 13,936 [ms], path length: 26 [edges], generated: 38,781
[00:00:00:15:168] Path of length 26 found: [0, 1, 2, 8, 7, 13, 12, 18, 24, 30, 31, 32, 33, 34, 28, 27, 26, 25, 19, 20, 21, 22, 16, 17, 23, 29, 35]
[00:00:00:15:441] ! Bidirectional. expansions: 34,282, time: 15,168 [ms], path length: 26 [edges], g_F: 1, g_B: 25, generated: 38,781, MM: 24, MMPER: 87.88888888888889%
[00:00:00:15:441] 
---------- SM_Grids/6x6_grid_with_random_blocks_12per_3 ----------
[00:00:00:34:660] Path of length 30 found: [0, 1, 7, 6, 12, 18, 19, 13, 14, 8, 9, 3, 4, 10, 11, 17, 23, 22, 16, 15, 21, 20, 26, 25, 31, 32, 33, 27, 28, 34, 35]
[00:00:00:34:662] ! Unidirectional s-t. expansions: 96,638, time: 34,661 [ms], path length: 30 [edges], generated: 103,438
[00:00:00:29:169] Path of length 30 found: [35, 34, 28, 27, 33, 32, 31, 25, 26, 20, 21, 15, 16, 22, 23, 17, 11, 10, 4, 3, 9, 8, 14, 13, 19, 18, 12, 6, 7, 1, 0]
[00:00:00:29:170] ! Unidirectional t-s. expansions: 81,177, time: 29,169 [ms], path length: 30 [edges], generated: 87,216
[00:00:01:02:651] Path of length 28 found: [0, 6, 12, 18, 19, 25, 31, 32, 33, 27, 26, 20, 21, 15, 14, 13, 7, 8, 9, 3, 4, 10, 11, 17, 16, 22, 28, 34, 35]
[00:00:01:02:969] ! Bidirectional. expansions: 155,302, time: 62,651 [ms], path length: 28 [edges], g_F: 0, g_B: 28, generated: 167,550, MM: 28, MMPER: 95.55172413793103%
[00:00:01:02:969] 
---------- SM_Grids/6x6_grid_with_random_blocks_12per_4 ----------
[00:00:00:29:437] Path of length 30 found: [0, 6, 12, 18, 24, 30, 31, 25, 26, 20, 21, 15, 14, 13, 7, 8, 9, 3, 4, 5, 11, 10, 16, 17, 23, 29, 28, 27, 33, 34, 35]
[00:00:00:29:439] ! Unidirectional s-t. expansions: 90,953, time: 29,439 [ms], path length: 30 [edges], generated: 90,952
[00:00:00:31:626] Path of length 30 found: [35, 29, 23, 17, 11, 5, 4, 3, 9, 10, 16, 15, 14, 20, 21, 27, 28, 34, 33, 32, 26, 25, 31, 30, 24, 18, 12, 13, 7, 6, 0]
[00:00:00:31:627] ! Unidirectional t-s. expansions: 87,049, time: 31,626 [ms], path length: 30 [edges], generated: 92,669
[00:00:00:35:479] Path of length 30 found: [0, 6, 7, 13, 12, 18, 24, 30, 31, 25, 26, 32, 33, 34, 28, 27, 21, 20, 14, 15, 16, 10, 9, 3, 4, 5, 11, 17, 23, 29, 35]
[00:00:00:35:773] ! Bidirectional. expansions: 87,048, time: 35,479 [ms], path length: 30 [edges], g_F: 1, g_B: 29, generated: 92,669, MM: 28, MMPER: 89.3225806451613%
[00:00:00:35:773] 
---------- SM_Grids/6x6_grid_with_random_blocks_12per_5 ----------
[00:00:00:13:638] Path of length 30 found: [0, 6, 12, 18, 24, 30, 31, 32, 26, 20, 19, 13, 7, 1, 2, 8, 9, 3, 4, 5, 11, 10, 16, 17, 23, 22, 21, 27, 33, 34, 35]
[00:00:00:13:640] ! Unidirectional s-t. expansions: 42,630, time: 13,639 [ms], path length: 30 [edges], generated: 42,629
[00:00:00:17:458] Path of length 30 found: [35, 29, 23, 17, 11, 5, 4, 3, 2, 1, 7, 8, 9, 10, 16, 22, 21, 20, 26, 27, 33, 32, 31, 30, 24, 18, 19, 13, 12, 6, 0]
[00:00:00:17:460] ! Unidirectional t-s. expansions: 54,722, time: 17,459 [ms], path length: 30 [edges], generated: 54,721
[00:00:00:19:735] Path of length 30 found: [0, 6, 12, 13, 19, 18, 24, 30, 31, 32, 33, 27, 26, 20, 21, 22, 16, 10, 9, 8, 7, 1, 2, 3, 4, 5, 11, 17, 23, 29, 35]
[00:00:00:20:007] ! Bidirectional. expansions: 52,091, time: 19,735 [ms], path length: 30 [edges], g_F: 0, g_B: 30, generated: 54,721, MM: 30, MMPER: 95.7741935483871%
[00:00:00:20:007] 
---------- SM_Grids/6x6_grid_with_random_blocks_12per_6 ----------
[00:00:00:00:188] Path of length 28 found: [0, 6, 12, 18, 24, 25, 19, 13, 7, 1, 2, 3, 9, 8, 14, 20, 26, 32, 33, 34, 28, 22, 21, 15, 16, 17, 23, 29, 35]
[00:00:00:00:189] ! Unidirectional s-t. expansions: 497, time: 188 [ms], path length: 28 [edges], generated: 582
[00:00:00:00:235] Path of length 28 found: [35, 29, 23, 17, 16, 15, 9, 3, 2, 1, 7, 8, 14, 13, 19, 20, 21, 22, 28, 34, 33, 32, 26, 25, 24, 18, 12, 6, 0]
[00:00:00:00:235] ! Unidirectional t-s. expansions: 666, time: 235 [ms], path length: 28 [edges], generated: 693
[00:00:00:33:894] Path of length 28 found: [0, 6, 12, 18, 24, 25, 26, 32, 33, 34, 28, 22, 21, 20, 19, 13, 14, 8, 7, 1, 2, 3, 9, 15, 16, 17, 23, 29, 35]
[00:00:00:34:179] ! Bidirectional. expansions: 85,377, time: 33,894 [ms], path length: 28 [edges], g_F: 0, g_B: 28, generated: 91,620, MM: 28, MMPER: 95.55172413793103%
[00:00:00:34:179] 
---------- SM_Grids/6x6_grid_with_random_blocks_12per_7 ----------
[00:00:00:31:406] Path of length 30 found: [0, 1, 7, 13, 12, 18, 24, 30, 31, 25, 26, 20, 21, 15, 9, 8, 2, 3, 4, 10, 11, 17, 16, 22, 23, 29, 28, 27, 33, 34, 35]
[00:00:00:31:408] ! Unidirectional s-t. expansions: 99,246, time: 31,406 [ms], path length: 30 [edges], generated: 99,245
[00:00:00:28:667] Path of length 30 found: [35, 29, 23, 17, 11, 10, 4, 3, 2, 8, 9, 15, 16, 22, 21, 20, 26, 27, 28, 34, 33, 32, 31, 25, 24, 18, 12, 13, 7, 1, 0]
[00:00:00:28:668] ! Unidirectional t-s. expansions: 78,389, time: 28,668 [ms], path length: 30 [edges], generated: 84,143
[00:00:00:32:187] Path of length 30 found: [0, 1, 7, 13, 12, 18, 24, 25, 31, 32, 33, 34, 28, 27, 26, 20, 21, 22, 16, 15, 9, 8, 2, 3, 4, 10, 11, 17, 23, 29, 35]
[00:00:00:32:470] ! Bidirectional. expansions: 78,388, time: 32,187 [ms], path length: 30 [edges], g_F: 1, g_B: 29, generated: 84,143, MM: 28, MMPER: 89.3225806451613%
[00:00:00:32:470] 
---------- SM_Grids/6x6_grid_with_random_blocks_12per_8 ----------
[00:00:00:06:640] Path of length 30 found: [0, 1, 2, 3, 9, 10, 4, 5, 11, 17, 23, 22, 16, 15, 14, 8, 7, 6, 12, 18, 24, 30, 31, 25, 19, 20, 26, 27, 33, 34, 35]
[00:00:00:06:641] ! Unidirectional s-t. expansions: 20,835, time: 6,641 [ms], path length: 30 [edges], generated: 20,834
[00:00:00:09:712] Path of length 30 found: [35, 34, 33, 27, 26, 20, 19, 25, 31, 30, 24, 18, 12, 6, 7, 8, 14, 15, 9, 10, 16, 22, 23, 17, 11, 5, 4, 3, 2, 1, 0]
[00:00:00:09:713] ! Unidirectional t-s. expansions: 31,119, time: 9,712 [ms], path length: 30 [edges], generated: 31,118
[00:00:00:10:957] Path of length 30 found: [0, 1, 2, 3, 4, 5, 11, 17, 23, 22, 16, 10, 9, 15, 14, 8, 7, 6, 12, 18, 24, 30, 31, 25, 19, 20, 26, 27, 33, 34, 35]
[00:00:00:11:216] ! Bidirectional. expansions: 29,453, time: 10,957 [ms], path length: 30 [edges], g_F: 0, g_B: 30, generated: 31,118, MM: 30, MMPER: 95.7741935483871%
[00:00:00:11:216] 
---------- SM_Grids/6x6_grid_with_random_blocks_12per_9 ----------
[00:00:00:37:498] Path of length 26 found: [0, 6, 7, 1, 2, 8, 14, 13, 19, 25, 26, 20, 21, 15, 9, 3, 4, 10, 11, 17, 16, 22, 28, 27, 33, 34, 35]
[00:00:00:37:499] ! Unidirectional s-t. expansions: 115,882, time: 37,498 [ms], path length: 26 [edges], generated: 115,881
[00:00:00:44:038] Path of length 26 found: [35, 29, 28, 34, 33, 27, 21, 15, 9, 10, 16, 17, 11, 5, 4, 3, 2, 8, 14, 20, 26, 25, 19, 13, 7, 1, 0]
[00:00:00:44:040] ! Unidirectional t-s. expansions: 133,259, time: 44,038 [ms], path length: 26 [edges], generated: 133,258
[00:00:00:51:083] Path of length 26 found: [0, 1, 7, 13, 19, 25, 26, 20, 14, 8, 2, 3, 4, 5, 11, 17, 16, 10, 9, 15, 21, 27, 33, 34, 28, 29, 35]
[00:00:00:51:386] ! Bidirectional. expansions: 123,396, time: 51,083 [ms], path length: 26 [edges], g_F: 0, g_B: 26, generated: 133,258, MM: 26, MMPER: 95.29629629629629%

[00:00:00:51:386] average expansions: (69,496, 69,453, 82,534, 0)
[00:00:00:51:386] average time: (22,638, 23,562, 33,011, 0)
[00:00:00:51:386] A*: 69,453 , 22,638 (expansions , time[ms])
[00:00:00:51:386] XMM: 82,534 , 33,011 (expansions , time[ms])

