Tue 10 Mar 2026 11:57:01 IST

SLURM_JOBID:		 15443248
SLURM_JOB_NODELIST:	 ise-cpu256-01 

--------------------------
date: SM_Grids
number_of_graphs: 10
graph_type: grid
size_of_graphs: [6, 6]
heuristic: bcc_heuristic
snake: False
run_uni: True
run_bi: True
run_multi: False
solution_vertices: []
algorithms: ['full']
bsd: True
cube_first_dims: 4
cube_buffer_dim: None
backward_sym_generation: False
sym_coil: False
prefix_set: None

---------- SM_Grids/6x6_grid_with_random_blocks_8per_0 ----------
[00:00:04:50:748] Path of length 32 found: [0, 6, 12, 18, 24, 30, 31, 25, 19, 13, 7, 8, 2, 3, 9, 15, 14, 20, 26, 27, 21, 22, 16, 10, 4, 5, 11, 17, 23, 29, 28, 34, 35]
[00:00:04:50:750] ! Unidirectional s-t. expansions: 841,069, time: 290,748 [ms], path length: 32 [edges], generated: 841,068
[00:00:05:52:340] Path of length 32 found: [35, 29, 23, 17, 11, 5, 4, 3, 2, 8, 7, 13, 14, 20, 21, 15, 9, 10, 16, 22, 28, 27, 26, 32, 31, 30, 24, 25, 19, 18, 12, 6, 0]
[00:00:05:52:343] ! Unidirectional t-s. expansions: 872,465, time: 352,341 [ms], path length: 32 [edges], generated: 928,107
[00:00:06:30:121] Path of length 32 found: [0, 6, 12, 18, 19, 25, 24, 30, 31, 32, 26, 27, 28, 22, 16, 10, 9, 15, 21, 20, 14, 13, 7, 8, 2, 3, 4, 5, 11, 17, 23, 29, 35]
[00:00:06:30:877] ! Bidirectional. expansions: 872,464, time: 390,121 [ms], path length: 32 [edges], g_F: 1, g_B: 31, generated: 928,107, MM: 30, MMPER: 89.9090909090909%
[00:00:06:30:877] 
---------- SM_Grids/6x6_grid_with_random_blocks_8per_1 ----------
[00:00:03:04:848] Path of length 30 found: [0, 6, 12, 18, 24, 30, 31, 25, 19, 13, 7, 1, 2, 8, 14, 20, 21, 15, 16, 10, 4, 5, 11, 17, 23, 22, 28, 27, 33, 34, 35]
[00:00:03:04:851] ! Unidirectional s-t. expansions: 495,919, time: 184,848 [ms], path length: 30 [edges], generated: 495,918
[00:00:02:57:836] Path of length 30 found: [35, 29, 23, 17, 11, 5, 4, 3, 2, 1, 7, 13, 19, 20, 14, 15, 16, 22, 21, 27, 28, 34, 33, 32, 31, 25, 24, 18, 12, 6, 0]
[00:00:02:57:838] ! Unidirectional t-s. expansions: 495,919, time: 177,836 [ms], path length: 30 [edges], generated: 495,918
[00:00:03:24:945] Path of length 30 found: [0, 6, 12, 18, 24, 25, 31, 32, 33, 34, 28, 27, 21, 22, 16, 15, 14, 20, 19, 13, 7, 1, 2, 3, 4, 5, 11, 17, 23, 29, 35]
[00:00:03:25:468] ! Bidirectional. expansions: 467,409, time: 204,945 [ms], path length: 30 [edges], g_F: 0, g_B: 30, generated: 495,918, MM: 30, MMPER: 95.7741935483871%
[00:00:03:25:468] 
---------- SM_Grids/6x6_grid_with_random_blocks_8per_2 ----------
[00:00:04:41:875] Path of length 32 found: [0, 6, 12, 18, 24, 30, 31, 25, 19, 13, 7, 1, 2, 8, 9, 3, 4, 10, 11, 17, 16, 15, 21, 20, 26, 32, 33, 27, 28, 22, 23, 29, 35]
[00:00:04:41:880] ! Unidirectional s-t. expansions: 721,009, time: 281,878 [ms], path length: 32 [edges], generated: 759,845
[00:00:04:40:916] Path of length 32 found: [35, 29, 23, 17, 11, 5, 4, 3, 2, 1, 7, 13, 19, 25, 26, 20, 21, 15, 9, 10, 16, 22, 28, 27, 33, 32, 31, 30, 24, 18, 12, 6, 0]
[00:00:04:40:918] ! Unidirectional t-s. expansions: 755,232, time: 280,916 [ms], path length: 32 [edges], generated: 755,231
[00:00:05:14:134] Path of length 32 found: [0, 6, 12, 18, 24, 30, 31, 32, 33, 27, 28, 22, 16, 10, 9, 15, 21, 20, 26, 25, 19, 13, 7, 1, 2, 3, 4, 5, 11, 17, 23, 29, 35]
[00:00:05:14:724] ! Bidirectional. expansions: 716,394, time: 314,134 [ms], path length: 32 [edges], g_F: 0, g_B: 32, generated: 755,231, MM: 32, MMPER: 95.96969696969697%
[00:00:05:14:724] 
---------- SM_Grids/6x6_grid_with_random_blocks_8per_3 ----------
[00:00:04:09:222] Path of length 32 found: [0, 6, 12, 18, 24, 30, 31, 25, 26, 32, 33, 27, 21, 15, 9, 8, 14, 13, 7, 1, 2, 3, 4, 5, 11, 10, 16, 17, 23, 22, 28, 29, 35]
[00:00:04:09:228] ! Unidirectional s-t. expansions: 614,928, time: 249,225 [ms], path length: 32 [edges], generated: 650,688
[00:00:03:54:067] Path of length 32 found: [35, 29, 23, 17, 11, 5, 4, 3, 2, 1, 7, 13, 14, 8, 9, 10, 16, 15, 21, 22, 28, 27, 33, 32, 26, 25, 31, 30, 24, 18, 12, 6, 0]
[00:00:03:54:068] ! Unidirectional t-s. expansions: 629,373, time: 234,067 [ms], path length: 32 [edges], generated: 629,372
[00:00:04:16:779] Path of length 32 found: [0, 6, 12, 18, 24, 30, 31, 25, 26, 32, 33, 27, 28, 22, 21, 15, 16, 10, 9, 8, 14, 13, 7, 1, 2, 3, 4, 5, 11, 17, 23, 29, 35]
[00:00:04:17:332] ! Bidirectional. expansions: 593,611, time: 256,779 [ms], path length: 32 [edges], g_F: 0, g_B: 32, generated: 629,372, MM: 32, MMPER: 95.96969696969697%
[00:00:04:17:332] 
---------- SM_Grids/6x6_grid_with_random_blocks_8per_4 ----------
[00:00:04:58:808] Path of length 32 found: [0, 6, 12, 18, 24, 30, 31, 25, 19, 13, 7, 1, 2, 8, 14, 20, 26, 32, 33, 27, 21, 15, 16, 10, 4, 5, 11, 17, 23, 22, 28, 34, 35]
[00:00:04:58:811] ! Unidirectional s-t. expansions: 820,244, time: 298,808 [ms], path length: 32 [edges], generated: 820,243
[00:00:03:40:790] Path of length 32 found: [35, 29, 23, 17, 11, 5, 4, 10, 16, 15, 14, 8, 2, 1, 7, 13, 19, 25, 26, 20, 21, 27, 28, 34, 33, 32, 31, 30, 24, 18, 12, 6, 0]
[00:00:03:40:792] ! Unidirectional t-s. expansions: 615,914, time: 220,790 [ms], path length: 32 [edges], generated: 615,913
[00:00:04:02:187] Path of length 32 found: [0, 6, 12, 18, 24, 30, 31, 32, 33, 34, 28, 27, 21, 20, 26, 25, 19, 13, 7, 1, 2, 8, 14, 15, 16, 10, 4, 5, 11, 17, 23, 29, 35]
[00:00:04:02:738] ! Bidirectional. expansions: 569,244, time: 242,187 [ms], path length: 32 [edges], g_F: 0, g_B: 32, generated: 615,913, MM: 32, MMPER: 95.96969696969697%
[00:00:04:02:738] 
---------- SM_Grids/6x6_grid_with_random_blocks_8per_5 ----------
[00:00:09:37:114] Path of length 32 found: [0, 6, 12, 18, 24, 25, 19, 13, 7, 1, 2, 8, 14, 20, 26, 32, 33, 27, 21, 15, 9, 10, 4, 5, 11, 17, 16, 22, 23, 29, 28, 34, 35]
[00:00:09:37:121] ! Unidirectional s-t. expansions: 1,473,833, time: 577,116 [ms], path length: 32 [edges], generated: 1,473,832
[00:00:10:18:288] Path of length 32 found: [35, 29, 23, 17, 11, 5, 4, 10, 9, 8, 2, 1, 7, 13, 19, 20, 14, 15, 21, 22, 28, 34, 33, 27, 26, 32, 31, 25, 24, 18, 12, 6, 0]
[00:00:10:18:293] ! Unidirectional t-s. expansions: 1,311,297, time: 618,290 [ms], path length: 32 [edges], generated: 1,311,296
[00:00:11:26:129] Path of length 32 found: [0, 6, 12, 18, 24, 25, 31, 32, 26, 27, 33, 34, 28, 22, 21, 15, 14, 20, 19, 13, 7, 1, 2, 8, 9, 10, 4, 5, 11, 17, 23, 29, 35]
[00:00:11:27:201] ! Bidirectional. expansions: 1,225,452, time: 686,129 [ms], path length: 32 [edges], g_F: 0, g_B: 32, generated: 1,311,296, MM: 32, MMPER: 95.96969696969697%
[00:00:11:27:201] 
---------- SM_Grids/6x6_grid_with_random_blocks_8per_6 ----------
[00:00:00:00:488] Path of length 30 found: [0, 6, 12, 13, 7, 1, 2, 8, 14, 20, 19, 25, 26, 27, 33, 34, 28, 22, 21, 15, 9, 3, 4, 5, 11, 10, 16, 17, 23, 29, 35]
[00:00:00:00:494] ! Unidirectional s-t. expansions: 697, time: 488 [ms], path length: 30 [edges], generated: 807
[00:00:00:02:176] Path of length 30 found: [35, 29, 23, 17, 11, 5, 4, 3, 2, 1, 7, 8, 14, 20, 21, 15, 9, 10, 16, 22, 28, 34, 33, 27, 26, 25, 19, 13, 12, 6, 0]
[00:00:00:02:177] ! Unidirectional t-s. expansions: 4,635, time: 2,177 [ms], path length: 30 [edges], generated: 4,656
[00:00:05:08:224] Path of length 30 found: [0, 6, 12, 13, 19, 25, 26, 27, 33, 34, 28, 22, 16, 10, 9, 15, 21, 20, 14, 8, 7, 1, 2, 3, 4, 5, 11, 17, 23, 29, 35]
[00:00:05:08:952] ! Bidirectional. expansions: 612,152, time: 308,224 [ms], path length: 30 [edges], g_F: 0, g_B: 30, generated: 651,871, MM: 30, MMPER: 95.7741935483871%
[00:00:05:08:952] 
---------- SM_Grids/6x6_grid_with_random_blocks_8per_7 ----------
[00:00:08:55:445] Path of length 32 found: [0, 6, 12, 18, 24, 25, 31, 32, 26, 20, 19, 13, 7, 1, 2, 8, 14, 15, 21, 27, 33, 34, 28, 22, 16, 10, 4, 5, 11, 17, 23, 29, 35]
[00:00:08:55:450] ! Unidirectional s-t. expansions: 1,165,532, time: 535,445 [ms], path length: 32 [edges], generated: 1,165,531
[00:00:09:06:425] Path of length 32 found: [35, 29, 23, 17, 11, 5, 4, 3, 2, 1, 7, 8, 14, 13, 19, 20, 26, 27, 21, 15, 16, 22, 28, 34, 33, 32, 31, 25, 24, 18, 12, 6, 0]
[00:00:09:06:430] ! Unidirectional t-s. expansions: 1,140,649, time: 546,427 [ms], path length: 32 [edges], generated: 1,140,648
[00:00:09:54:633] Path of length 32 found: [0, 6, 12, 18, 24, 25, 31, 32, 33, 34, 28, 22, 16, 15, 21, 27, 26, 20, 19, 13, 14, 8, 7, 1, 2, 3, 4, 5, 11, 17, 23, 29, 35]
[00:00:09:55:649] ! Bidirectional. expansions: 1,071,983, time: 594,633 [ms], path length: 32 [edges], g_F: 0, g_B: 32, generated: 1,140,648, MM: 32, MMPER: 95.96969696969697%
[00:00:09:55:652] 
---------- SM_Grids/6x6_grid_with_random_blocks_8per_8 ----------
[00:00:04:49:792] Path of length 32 found: [0, 6, 12, 18, 24, 30, 31, 25, 19, 13, 7, 1, 2, 8, 14, 20, 26, 32, 33, 27, 21, 15, 16, 10, 4, 5, 11, 17, 23, 22, 28, 29, 35]
[00:00:04:49:802] ! Unidirectional s-t. expansions: 614,928, time: 289,796 [ms], path length: 32 [edges], generated: 652,887
[00:00:04:54:224] Path of length 32 found: [35, 29, 23, 17, 11, 5, 4, 3, 2, 1, 7, 8, 14, 13, 19, 25, 26, 20, 21, 15, 16, 22, 28, 27, 33, 32, 31, 30, 24, 18, 12, 6, 0]
[00:00:04:54:226] ! Unidirectional t-s. expansions: 642,186, time: 294,224 [ms], path length: 32 [edges], generated: 642,185
[00:00:05:30:607] Path of length 32 found: [0, 6, 12, 18, 24, 30, 31, 32, 33, 27, 28, 22, 16, 15, 21, 20, 26, 25, 19, 13, 14, 8, 7, 1, 2, 3, 4, 5, 11, 17, 23, 29, 35]
[00:00:05:31:555] ! Bidirectional. expansions: 604,225, time: 330,607 [ms], path length: 32 [edges], g_F: 0, g_B: 32, generated: 642,185, MM: 32, MMPER: 95.96969696969697%
[00:00:05:31:555] 
---------- SM_Grids/6x6_grid_with_random_blocks_8per_9 ----------
[00:00:00:00:620] Path of length 30 found: [0, 6, 12, 18, 24, 30, 31, 25, 19, 13, 7, 1, 2, 8, 9, 15, 14, 20, 26, 32, 33, 27, 21, 22, 16, 17, 23, 29, 28, 34, 35]
[00:00:00:00:623] ! Unidirectional s-t. expansions: 1,249, time: 621 [ms], path length: 30 [edges], generated: 1,405
[00:00:00:02:702] Path of length 30 found: [35, 29, 23, 17, 16, 15, 9, 8, 2, 1, 7, 13, 14, 20, 19, 25, 26, 27, 21, 22, 28, 34, 33, 32, 31, 30, 24, 18, 12, 6, 0]
[00:00:00:02:705] ! Unidirectional t-s. expansions: 5,408, time: 2,702 [ms], path length: 30 [edges], generated: 5,469
[00:00:04:45:598] Path of length 30 found: [0, 6, 12, 18, 24, 30, 31, 32, 33, 34, 28, 22, 21, 27, 26, 25, 19, 20, 14, 13, 7, 1, 2, 8, 9, 15, 16, 17, 23, 29, 35]
[00:00:04:46:430] ! Bidirectional. expansions: 517,815, time: 285,598 [ms], path length: 30 [edges], g_F: 0, g_B: 30, generated: 558,010, MM: 30, MMPER: 95.7741935483871%

[00:00:04:46:430] average expansions: (674,941, 647,308, 725,075, 0)
[00:00:04:46:431] average time: (270,897, 272,977, 361,336, 0)
[00:00:04:46:431] A*: 647,308 , 270,897 (expansions , time[ms])
[00:00:04:46:431] XMM: 725,075 , 361,336 (expansions , time[ms])

