Tue 10 Mar 2026 11:57:01 IST

SLURM_JOBID:		 15443255
SLURM_JOB_NODELIST:	 ise-cpu256-01 

--------------------------
date: SM_Grids
number_of_graphs: 10
graph_type: grid
size_of_graphs: [6, 7]
heuristic: bcc_heuristic
snake: False
run_uni: True
run_bi: True
run_multi: False
solution_vertices: []
algorithms: ['full']
bsd: True
cube_first_dims: 4
cube_buffer_dim: None
backward_sym_generation: False
sym_coil: False
prefix_set: None

---------- SM_Grids/6x7_grid_with_random_blocks_20per_0 ----------
[00:00:00:14:877] Path of length 29 found: [0, 7, 14, 21, 28, 29, 22, 15, 16, 9, 2, 3, 10, 11, 12, 19, 26, 27, 34, 33, 32, 25, 24, 31, 30, 37, 38, 39, 40, 41]
[00:00:00:14:878] ! Unidirectional s-t. expansions: 44,143, time: 14,877 [ms], path length: 29 [edges], generated: 44,142
[00:00:00:12:353] Path of length 29 found: [41, 34, 27, 20, 19, 26, 25, 24, 31, 32, 33, 40, 39, 38, 37, 30, 29, 22, 21, 14, 15, 16, 9, 10, 11, 4, 3, 2, 1, 0]
[00:00:00:12:354] ! Unidirectional t-s. expansions: 37,339, time: 12,353 [ms], path length: 29 [edges], generated: 37,338
[00:00:00:13:726] Path of length 29 found: [0, 1, 2, 3, 4, 11, 10, 9, 16, 15, 14, 21, 22, 29, 30, 37, 38, 39, 40, 33, 32, 31, 24, 25, 26, 19, 20, 27, 34, 41]
[00:00:00:14:038] ! Bidirectional. expansions: 34,891, time: 13,726 [ms], path length: 29 [edges], g_F: 0, g_B: 29, generated: 37,338, MM: 29, MMPER: 95.66666666666667%
[00:00:00:14:039] 
---------- SM_Grids/6x7_grid_with_random_blocks_20per_1 ----------
[00:00:00:00:153] Path of length 25 found: [0, 7, 8, 15, 14, 21, 22, 29, 28, 35, 36, 37, 30, 31, 38, 39, 32, 33, 26, 19, 12, 13, 20, 27, 34, 41]
[00:00:00:00:153] ! Unidirectional s-t. expansions: 330, time: 153 [ms], path length: 25 [edges], generated: 411
[00:00:00:00:181] Path of length 25 found: [41, 34, 27, 20, 13, 12, 19, 26, 33, 32, 39, 38, 31, 30, 37, 36, 35, 28, 29, 22, 21, 14, 15, 8, 7, 0]
[00:00:00:00:181] ! Unidirectional t-s. expansions: 362, time: 181 [ms], path length: 25 [edges], generated: 449
[00:00:00:00:116] Path of length 23 found: [0, 7, 14, 21, 22, 29, 28, 35, 36, 37, 30, 31, 38, 39, 32, 33, 26, 19, 12, 13, 20, 27, 34, 41]
[00:00:00:00:410] ! Bidirectional. expansions: 201, time: 116 [ms], path length: 23 [edges], g_F: 7, g_B: 16, generated: 272, MM: 9, MMPER: 36.5%
[00:00:00:00:410] 
---------- SM_Grids/6x7_grid_with_random_blocks_20per_2 ----------
[00:00:00:04:219] Path of length 29 found: [0, 1, 8, 7, 14, 21, 28, 29, 22, 15, 16, 9, 10, 3, 4, 5, 12, 11, 18, 19, 20, 27, 26, 25, 24, 31, 38, 39, 40, 41]
[00:00:00:04:220] ! Unidirectional s-t. expansions: 12,416, time: 4,219 [ms], path length: 29 [edges], generated: 12,415
[00:00:00:04:777] Path of length 29 found: [41, 40, 39, 38, 31, 24, 25, 26, 27, 20, 19, 18, 11, 12, 5, 4, 3, 10, 9, 16, 15, 22, 29, 28, 21, 14, 7, 8, 1, 0]
[00:00:00:04:777] ! Unidirectional t-s. expansions: 14,145, time: 4,777 [ms], path length: 29 [edges], generated: 14,144
[00:00:00:05:341] Path of length 29 found: [0, 1, 8, 7, 14, 21, 28, 29, 22, 15, 16, 9, 10, 3, 4, 5, 12, 11, 18, 19, 20, 27, 26, 25, 24, 31, 38, 39, 40, 41]
[00:00:00:05:626] ! Bidirectional. expansions: 13,296, time: 5,341 [ms], path length: 29 [edges], g_F: 0, g_B: 29, generated: 14,144, MM: 29, MMPER: 95.66666666666667%
[00:00:00:05:626] 
---------- SM_Grids/6x7_grid_with_random_blocks_20per_3 ----------
[00:00:00:19:463] Path of length 27 found: [0, 7, 14, 15, 8, 1, 2, 3, 4, 11, 10, 9, 16, 23, 30, 37, 38, 31, 24, 25, 32, 39, 40, 33, 26, 27, 34, 41]
[00:00:00:19:464] ! Unidirectional s-t. expansions: 61,534, time: 19,463 [ms], path length: 27 [edges], generated: 61,533
[00:00:00:20:712] Path of length 27 found: [41, 34, 27, 26, 25, 24, 31, 32, 33, 40, 39, 38, 37, 30, 23, 16, 9, 10, 11, 4, 3, 2, 1, 8, 15, 14, 7, 0]
[00:00:00:20:713] ! Unidirectional t-s. expansions: 64,063, time: 20,712 [ms], path length: 27 [edges], generated: 64,062
[00:00:00:22:791] Path of length 27 found: [0, 7, 14, 15, 8, 1, 2, 3, 4, 11, 10, 9, 16, 23, 30, 37, 38, 39, 40, 33, 32, 31, 24, 25, 26, 27, 34, 41]
[00:00:00:23:098] ! Bidirectional. expansions: 56,427, time: 22,791 [ms], path length: 27 [edges], g_F: 0, g_B: 27, generated: 64,062, MM: 27, MMPER: 95.42857142857143%
[00:00:00:23:098] 
---------- SM_Grids/6x7_grid_with_random_blocks_20per_4 ----------
[00:00:00:00:016] Path of length 29 found: [0, 7, 14, 15, 22, 29, 30, 23, 16, 9, 10, 17, 24, 31, 38, 39, 32, 25, 18, 11, 4, 5, 6, 13, 20, 27, 26, 33, 34, 41]
[00:00:00:00:016] ! Unidirectional s-t. expansions: 37, time: 16 [ms], path length: 29 [edges], generated: 48
[00:00:00:00:095] Path of length 29 found: [41, 34, 27, 20, 13, 6, 5, 4, 11, 10, 9, 16, 23, 24, 17, 18, 25, 26, 33, 32, 39, 38, 31, 30, 29, 22, 15, 14, 7, 0]
[00:00:00:00:096] ! Unidirectional t-s. expansions: 228, time: 95 [ms], path length: 29 [edges], generated: 242
[00:00:00:04:474] Path of length 29 found: [0, 7, 14, 15, 22, 29, 30, 31, 38, 39, 32, 33, 26, 25, 18, 17, 24, 23, 16, 9, 10, 11, 4, 5, 6, 13, 20, 27, 34, 41]
[00:00:00:04:769] ! Bidirectional. expansions: 10,222, time: 4,474 [ms], path length: 29 [edges], g_F: 3, g_B: 26, generated: 10,879, MM: 23, MMPER: 75.66666666666667%
[00:00:00:04:770] 
---------- SM_Grids/6x7_grid_with_random_blocks_20per_5 ----------
[00:00:00:05:233] Path of length 19 found: [0, 1, 2, 9, 10, 3, 4, 5, 12, 11, 18, 25, 32, 33, 26, 19, 20, 27, 34, 41]
[00:00:00:05:234] ! Unidirectional s-t. expansions: 14,367, time: 5,234 [ms], path length: 19 [edges], generated: 14,366
[00:00:00:02:556] Path of length 19 found: [41, 34, 27, 20, 19, 26, 33, 32, 25, 18, 11, 12, 5, 4, 3, 10, 9, 2, 1, 0]
[00:00:00:02:556] ! Unidirectional t-s. expansions: 6,647, time: 2,556 [ms], path length: 19 [edges], generated: 7,043
[00:00:00:02:846] Path of length 19 found: [0, 1, 2, 9, 10, 3, 4, 5, 12, 11, 18, 25, 32, 33, 26, 19, 20, 27, 34, 41]
[00:00:00:03:135] ! Bidirectional. expansions: 6,646, time: 2,846 [ms], path length: 19 [edges], g_F: 2, g_B: 17, generated: 7,043, MM: 15, MMPER: 74.0%
[00:00:00:03:135] 
---------- SM_Grids/6x7_grid_with_random_blocks_20per_6 ----------
[00:00:00:05:684] Path of length 27 found: [0, 7, 8, 15, 16, 9, 10, 3, 4, 11, 12, 19, 18, 17, 24, 23, 22, 21, 28, 35, 36, 37, 38, 39, 40, 33, 34, 41]
[00:00:00:05:685] ! Unidirectional s-t. expansions: 17,759, time: 5,684 [ms], path length: 27 [edges], generated: 17,758
[00:00:00:04:383] Path of length 27 found: [41, 34, 33, 40, 39, 38, 37, 36, 29, 28, 21, 22, 15, 16, 23, 24, 17, 18, 11, 12, 5, 4, 3, 10, 9, 8, 1, 0]
[00:00:00:04:383] ! Unidirectional t-s. expansions: 12,004, time: 4,383 [ms], path length: 27 [edges], generated: 12,494
[00:00:00:17:495] Path of length 27 found: [0, 7, 8, 9, 10, 3, 4, 5, 12, 11, 18, 17, 24, 23, 16, 15, 22, 21, 28, 29, 36, 37, 38, 39, 40, 33, 34, 41]
[00:00:00:17:791] ! Bidirectional. expansions: 28,444, time: 17,495 [ms], path length: 27 [edges], g_F: 2, g_B: 25, generated: 30,130, MM: 23, MMPER: 81.14285714285714%
[00:00:00:17:791] 
---------- SM_Grids/6x7_grid_with_random_blocks_20per_7 ----------
[00:00:00:01:873] Path of length 23 found: [0, 1, 8, 7, 14, 15, 22, 23, 30, 37, 38, 31, 24, 25, 18, 19, 26, 27, 34, 33, 32, 39, 40, 41]
[00:00:00:01:874] ! Unidirectional s-t. expansions: 5,073, time: 1,873 [ms], path length: 23 [edges], generated: 5,534
[00:00:00:00:964] Path of length 23 found: [41, 34, 27, 20, 19, 18, 25, 24, 31, 32, 33, 40, 39, 38, 37, 30, 23, 16, 15, 14, 7, 8, 1, 0]
[00:00:00:00:965] ! Unidirectional t-s. expansions: 2,227, time: 964 [ms], path length: 23 [edges], generated: 2,473
[00:00:00:01:864] Path of length 23 found: [0, 1, 8, 7, 14, 15, 22, 23, 30, 37, 38, 39, 40, 33, 32, 31, 24, 25, 18, 19, 20, 27, 34, 41]
[00:00:00:02:152] ! Bidirectional. expansions: 3,247, time: 1,864 [ms], path length: 23 [edges], g_F: 7, g_B: 16, generated: 4,089, MM: 9, MMPER: 36.5%
[00:00:00:02:152] 
---------- SM_Grids/6x7_grid_with_random_blocks_20per_8 ----------
[00:00:00:04:155] Path of length 27 found: [0, 1, 8, 7, 14, 21, 28, 29, 22, 15, 16, 9, 10, 3, 4, 5, 12, 11, 18, 19, 20, 27, 26, 33, 32, 39, 40, 41]
[00:00:00:04:155] ! Unidirectional s-t. expansions: 11,354, time: 4,155 [ms], path length: 27 [edges], generated: 11,812
[00:00:00:04:406] Path of length 27 found: [41, 40, 39, 32, 33, 26, 27, 20, 19, 18, 11, 12, 5, 4, 3, 10, 9, 16, 15, 22, 29, 28, 21, 14, 7, 8, 1, 0]
[00:00:00:04:407] ! Unidirectional t-s. expansions: 12,646, time: 4,406 [ms], path length: 27 [edges], generated: 12,645
[00:00:00:04:669] Path of length 27 found: [0, 1, 8, 7, 14, 21, 28, 29, 22, 15, 16, 9, 10, 3, 4, 5, 12, 11, 18, 19, 20, 27, 26, 33, 32, 39, 40, 41]
[00:00:00:04:955] ! Bidirectional. expansions: 12,186, time: 4,669 [ms], path length: 27 [edges], g_F: 0, g_B: 27, generated: 12,645, MM: 27, MMPER: 95.42857142857143%
[00:00:00:04:955] 
---------- SM_Grids/6x7_grid_with_random_blocks_20per_9 ----------
[00:00:00:03:830] Path of length 25 found: [0, 7, 14, 21, 22, 15, 8, 1, 2, 9, 10, 17, 24, 23, 30, 37, 38, 31, 32, 39, 40, 33, 26, 27, 34, 41]
[00:00:00:03:831] ! Unidirectional s-t. expansions: 11,651, time: 3,830 [ms], path length: 25 [edges], generated: 11,650
[00:00:00:04:431] Path of length 25 found: [41, 34, 27, 26, 33, 40, 39, 32, 31, 38, 37, 30, 23, 24, 17, 10, 3, 2, 1, 8, 15, 22, 21, 14, 7, 0]
[00:00:00:04:431] ! Unidirectional t-s. expansions: 12,974, time: 4,431 [ms], path length: 25 [edges], generated: 12,973
[00:00:00:04:814] Path of length 25 found: [0, 7, 14, 21, 22, 15, 8, 1, 2, 3, 10, 17, 24, 23, 30, 37, 38, 31, 32, 39, 40, 33, 26, 27, 34, 41]
[00:00:00:05:097] ! Bidirectional. expansions: 11,630, time: 4,814 [ms], path length: 25 [edges], g_F: 0, g_B: 25, generated: 12,973, MM: 25, MMPER: 95.15384615384616%

[00:00:00:05:097] average expansions: (17,866, 16,264, 17,719, 0)
[00:00:00:05:097] average time: (5,950, 5,486, 7,814, 0)
[00:00:00:05:097] A*: 16,264 , 5,486 (expansions , time[ms])
[00:00:00:05:097] XMM: 17,719 , 7,814 (expansions , time[ms])

