Thu 12 Mar 2026 17:40:44 IST

SLURM_JOBID:		 15627330
SLURM_JOB_NODELIST:	 ise-cpu256-02 

--------------------------
date: SM_Grids
number_of_graphs: 10
graph_type: grid
size_of_graphs: [6, 7]
heuristic: bcc_heuristic
snake: False
run_uni: True
run_bi: True
run_multi: False
solution_vertices: []
algorithms: ['DFBnB']
bsd: False
cube_first_dims: 4
cube_buffer_dim: None
backward_sym_generation: False
sym_coil: False
prefix_set: None

---------- SM_Grids/6x7_grid_with_random_blocks_12per_0 ----------
[00:00:00:00:024] Path of length 35 found: [0, 1, 8, 7, 14, 21, 28, 29, 36, 37, 30, 23, 22, 15, 16, 9, 10, 3, 4, 5, 12, 11, 18, 17, 24, 31, 38, 39, 32, 25, 26, 27, 34, 33, 40, 41]
[00:00:00:00:024] ! Unidirectional s-t. expansions: 35, time: 24 [ms], path length: 35 [edges], generated: 58
[00:00:00:00:041] Path of length 35 found: [41, 34, 27, 26, 25, 18, 11, 12, 5, 4, 3, 10, 9, 16, 17, 24, 23, 30, 31, 32, 33, 40, 39, 38, 37, 36, 29, 28, 21, 22, 15, 14, 7, 8, 1, 0]
[00:00:00:00:041] ! Unidirectional t-s. expansions: 78, time: 41 [ms], path length: 35 [edges], generated: 128
[00:00:00:00:023] New longest path found with length 27 at expansion 13
[00:00:00:00:049] New longest path found with length 29 at expansion 29
[00:00:00:00:106] New longest path found with length 31 at expansion 66
[00:00:00:00:145] New longest path found with length 33 at expansion 90
[00:00:00:00:309] New longest path found with length 35 at expansion 193
[00:00:00:00:313] Path of length 35 found: [0, 1, 8, 7, 14, 21, 28, 29, 36, 37, 38, 39, 40, 33, 32, 31, 30, 23, 22, 15, 16, 9, 10, 3, 4, 5, 12, 11, 18, 17, 24, 25, 26, 27, 34, 41]
[00:00:00:00:648] ! Bidirectional. expansions: 194, time: 313 [ms], path length: 35 [edges], g_F: 18, g_B: 17, generated: {'F': 394, 'B': 415}, MM: 1, MMPER: 1.7777777777777777%
[00:00:00:00:649] 
---------- SM_Grids/6x7_grid_with_random_blocks_12per_1 ----------
[00:00:00:00:747] Path of length 31 found: [0, 7, 14, 21, 28, 35, 36, 29, 22, 15, 8, 1, 2, 9, 10, 17, 16, 23, 30, 37, 38, 39, 32, 33, 26, 19, 12, 13, 20, 27, 34, 41]
[00:00:00:00:747] ! Unidirectional s-t. expansions: 978, time: 747 [ms], path length: 31 [edges], generated: 1,644
[00:00:00:00:125] Path of length 31 found: [41, 34, 27, 20, 13, 12, 19, 26, 33, 32, 39, 38, 37, 30, 23, 24, 17, 10, 9, 2, 1, 8, 15, 22, 29, 36, 35, 28, 21, 14, 7, 0]
[00:00:00:00:125] ! Unidirectional t-s. expansions: 186, time: 125 [ms], path length: 31 [edges], generated: 350
[00:00:00:00:027] New longest path found with length 29 at expansion 14
[00:00:00:00:029] New longest path found with length 31 at expansion 15
[00:00:00:02:985] Path of length 31 found: [0, 7, 14, 21, 28, 35, 36, 29, 22, 15, 8, 1, 2, 9, 16, 17, 24, 23, 30, 37, 38, 39, 32, 33, 26, 19, 12, 13, 20, 27, 34, 41]
[00:00:00:03:296] ! Bidirectional. expansions: 1,635, time: 2,985 [ms], path length: 31 [edges], g_F: 16, g_B: 15, generated: {'F': 3,048, 'B': 2,703}, MM: 1, MMPER: 2.125%
[00:00:00:03:296] 
---------- SM_Grids/6x7_grid_with_random_blocks_12per_2 ----------
[00:00:00:01:292] Path of length 33 found: [0, 7, 14, 21, 28, 35, 36, 37, 30, 29, 22, 15, 8, 1, 2, 3, 10, 9, 16, 23, 24, 31, 32, 25, 18, 11, 12, 13, 20, 19, 26, 27, 34, 41]
[00:00:00:01:293] ! Unidirectional s-t. expansions: 1,874, time: 1,292 [ms], path length: 33 [edges], generated: 3,351
[00:00:00:00:186] Path of length 33 found: [41, 40, 39, 32, 25, 18, 19, 26, 27, 20, 13, 12, 11, 10, 3, 2, 1, 8, 9, 16, 15, 22, 23, 24, 31, 30, 37, 36, 29, 28, 21, 14, 7, 0]
[00:00:00:00:187] ! Unidirectional t-s. expansions: 319, time: 186 [ms], path length: 33 [edges], generated: 548
[00:00:00:00:028] New longest path found with length 27 at expansion 13
[00:00:00:00:056] New longest path found with length 29 at expansion 31
[00:00:00:00:098] New longest path found with length 31 at expansion 57
[00:00:00:00:142] New longest path found with length 33 at expansion 85
[00:00:00:03:694] Path of length 33 found: [0, 7, 14, 21, 28, 35, 36, 29, 30, 31, 24, 23, 22, 15, 16, 9, 8, 1, 2, 3, 10, 11, 12, 13, 20, 27, 26, 19, 18, 25, 32, 39, 40, 41]
[00:00:00:04:012] ! Bidirectional. expansions: 1,986, time: 3,694 [ms], path length: 33 [edges], g_F: 17, g_B: 16, generated: {'F': 3,507, 'B': 3,213}, MM: 1, MMPER: 1.9411764705882355%
[00:00:00:04:012] 
---------- SM_Grids/6x7_grid_with_random_blocks_12per_3 ----------
[00:00:00:00:273] Path of length 33 found: [0, 1, 2, 9, 16, 15, 22, 21, 28, 35, 36, 29, 30, 23, 24, 17, 10, 3, 4, 5, 6, 13, 12, 11, 18, 19, 26, 27, 34, 33, 32, 39, 40, 41]
[00:00:00:00:273] ! Unidirectional s-t. expansions: 297, time: 273 [ms], path length: 33 [edges], generated: 520
[00:00:00:00:224] Path of length 33 found: [41, 34, 27, 26, 33, 40, 39, 32, 31, 24, 23, 30, 37, 36, 35, 28, 21, 22, 15, 16, 9, 10, 17, 18, 19, 12, 13, 6, 5, 4, 3, 2, 1, 0]
[00:00:00:00:224] ! Unidirectional t-s. expansions: 335, time: 224 [ms], path length: 33 [edges], generated: 586
[00:00:00:00:023] New longest path found with length 23 at expansion 11
[00:00:00:00:764] New longest path found with length 33 at expansion 438
[00:00:00:01:884] Path of length 33 found: [0, 1, 2, 9, 10, 3, 4, 5, 6, 13, 12, 11, 18, 17, 16, 15, 22, 21, 28, 29, 36, 37, 30, 23, 24, 31, 32, 39, 40, 33, 26, 27, 34, 41]
[00:00:00:02:185] ! Bidirectional. expansions: 1,091, time: 1,884 [ms], path length: 33 [edges], g_F: 17, g_B: 16, generated: {'F': 1,932, 'B': 1,903}, MM: 1, MMPER: 1.9411764705882355%
[00:00:00:02:185] 
---------- SM_Grids/6x7_grid_with_random_blocks_12per_4 ----------
[00:00:00:00:198] Path of length 33 found: [0, 7, 14, 21, 28, 35, 36, 37, 38, 31, 24, 23, 16, 15, 8, 1, 2, 9, 10, 3, 4, 11, 18, 25, 32, 39, 40, 33, 26, 19, 20, 27, 34, 41]
[00:00:00:00:198] ! Unidirectional s-t. expansions: 230, time: 198 [ms], path length: 33 [edges], generated: 361
[00:00:00:00:158] Path of length 33 found: [41, 34, 27, 20, 19, 18, 11, 4, 3, 10, 9, 2, 1, 8, 15, 16, 23, 24, 31, 32, 25, 26, 33, 40, 39, 38, 37, 36, 29, 28, 21, 14, 7, 0]
[00:00:00:00:158] ! Unidirectional t-s. expansions: 219, time: 158 [ms], path length: 33 [edges], generated: 353
[00:00:00:00:025] New longest path found with length 25 at expansion 12
[00:00:00:00:044] New longest path found with length 31 at expansion 23
[00:00:00:00:114] New longest path found with length 33 at expansion 65
[00:00:00:00:722] Path of length 33 found: [0, 7, 14, 21, 28, 35, 36, 37, 38, 31, 32, 39, 40, 33, 26, 25, 24, 23, 16, 15, 8, 1, 2, 9, 10, 3, 4, 11, 18, 19, 20, 27, 34, 41]
[00:00:00:01:033] ! Bidirectional. expansions: 360, time: 722 [ms], path length: 33 [edges], g_F: 17, g_B: 16, generated: {'F': 643, 'B': 661}, MM: 1, MMPER: 1.9411764705882355%
[00:00:00:01:033] 
---------- SM_Grids/6x7_grid_with_random_blocks_12per_5 ----------
[00:00:00:00:076] Path of length 35 found: [0, 1, 8, 15, 14, 21, 22, 29, 28, 35, 36, 37, 38, 31, 24, 23, 16, 9, 2, 3, 10, 11, 18, 25, 32, 39, 40, 33, 26, 19, 12, 13, 20, 27, 34, 41]
[00:00:00:00:077] ! Unidirectional s-t. expansions: 114, time: 76 [ms], path length: 35 [edges], generated: 193
[00:00:00:00:026] Path of length 35 found: [41, 34, 27, 20, 13, 12, 11, 10, 3, 2, 9, 16, 23, 24, 31, 32, 25, 18, 19, 26, 33, 40, 39, 38, 37, 36, 35, 28, 29, 22, 21, 14, 15, 8, 1, 0]
[00:00:00:00:026] ! Unidirectional t-s. expansions: 35, time: 26 [ms], path length: 35 [edges], generated: 55
[00:00:00:00:024] New longest path found with length 23 at expansion 11
[00:00:00:00:032] New longest path found with length 25 at expansion 15
[00:00:00:00:040] New longest path found with length 33 at expansion 20
[00:00:00:00:201] New longest path found with length 35 at expansion 115
[00:00:00:00:205] Path of length 35 found: [0, 1, 8, 15, 14, 21, 22, 29, 28, 35, 36, 37, 38, 31, 32, 39, 40, 33, 26, 19, 18, 25, 24, 23, 16, 9, 2, 3, 10, 11, 12, 13, 20, 27, 34, 41]
[00:00:00:00:521] ! Bidirectional. expansions: 116, time: 205 [ms], path length: 35 [edges], g_F: 18, g_B: 17, generated: {'F': 174, 'B': 206}, MM: 1, MMPER: 1.7777777777777777%
[00:00:00:00:521] 
---------- SM_Grids/6x7_grid_with_random_blocks_12per_6 ----------
[00:00:00:00:085] Path of length 29 found: [0, 7, 8, 15, 22, 23, 24, 17, 10, 9, 2, 3, 4, 11, 12, 5, 6, 13, 20, 19, 26, 25, 32, 31, 38, 39, 40, 33, 34, 41]
[00:00:00:00:086] ! Unidirectional s-t. expansions: 105, time: 86 [ms], path length: 29 [edges], generated: 179
[00:00:00:00:458] Path of length 29 found: [41, 34, 27, 20, 13, 6, 5, 4, 3, 2, 9, 10, 11, 12, 19, 26, 25, 32, 33, 40, 39, 38, 31, 24, 23, 22, 15, 8, 1, 0]
[00:00:00:00:458] ! Unidirectional t-s. expansions: 559, time: 458 [ms], path length: 29 [edges], generated: 961
[00:00:00:00:017] New longest path found with length 17 at expansion 8
[00:00:00:00:020] New longest path found with length 19 at expansion 9
[00:00:00:00:087] New longest path found with length 21 at expansion 49
[00:00:00:00:100] New longest path found with length 27 at expansion 56
[00:00:00:00:109] New longest path found with length 29 at expansion 62
[00:00:00:01:407] Path of length 29 found: [0, 7, 8, 15, 22, 23, 24, 31, 38, 39, 40, 33, 32, 25, 26, 19, 12, 11, 10, 9, 2, 3, 4, 5, 6, 13, 20, 27, 34, 41]
[00:00:00:01:719] ! Bidirectional. expansions: 728, time: 1,407 [ms], path length: 29 [edges], g_F: 15, g_B: 14, generated: {'F': 1,272, 'B': 1,289}, MM: 1, MMPER: 2.3333333333333335%
[00:00:00:01:720] 
---------- SM_Grids/6x7_grid_with_random_blocks_12per_7 ----------
[00:00:00:00:820] Path of length 33 found: [0, 1, 8, 7, 14, 21, 28, 35, 36, 29, 22, 15, 16, 9, 10, 3, 4, 11, 12, 5, 6, 13, 20, 27, 26, 25, 24, 31, 38, 39, 32, 33, 34, 41]
[00:00:00:00:820] ! Unidirectional s-t. expansions: 1,097, time: 820 [ms], path length: 33 [edges], generated: 1,831
[00:00:00:00:486] Path of length 33 found: [41, 34, 27, 20, 13, 6, 5, 12, 11, 4, 3, 10, 9, 8, 15, 16, 23, 24, 25, 26, 33, 32, 31, 38, 37, 36, 35, 28, 29, 22, 21, 14, 7, 0]
[00:00:00:00:486] ! Unidirectional t-s. expansions: 749, time: 486 [ms], path length: 33 [edges], generated: 1,253
[00:00:00:00:024] New longest path found with length 25 at expansion 12
[00:00:00:00:052] New longest path found with length 31 at expansion 27
[00:00:00:00:070] New longest path found with length 33 at expansion 36
[00:00:00:09:223] Path of length 33 found: [0, 1, 8, 7, 14, 21, 28, 35, 36, 37, 38, 39, 32, 33, 26, 25, 24, 23, 22, 15, 16, 9, 10, 3, 4, 11, 12, 5, 6, 13, 20, 27, 34, 41]
[00:00:00:09:522] ! Bidirectional. expansions: 5,167, time: 9,223 [ms], path length: 33 [edges], g_F: 17, g_B: 16, generated: {'F': 8,617, 'B': 8,593}, MM: 1, MMPER: 1.9411764705882355%
[00:00:00:09:522] 
---------- SM_Grids/6x7_grid_with_random_blocks_12per_8 ----------
[00:00:00:00:107] Path of length 33 found: [0, 7, 8, 15, 14, 21, 22, 29, 36, 37, 30, 23, 16, 17, 10, 3, 4, 5, 6, 13, 12, 19, 18, 25, 24, 31, 38, 39, 32, 33, 26, 27, 34, 41]
[00:00:00:00:107] ! Unidirectional s-t. expansions: 109, time: 107 [ms], path length: 33 [edges], generated: 183
[00:00:00:00:139] Path of length 33 found: [41, 34, 27, 20, 13, 6, 5, 4, 3, 10, 17, 16, 23, 30, 31, 24, 25, 18, 19, 26, 33, 32, 39, 38, 37, 36, 29, 22, 21, 14, 15, 8, 7, 0]
[00:00:00:00:139] ! Unidirectional t-s. expansions: 181, time: 139 [ms], path length: 33 [edges], generated: 323
[00:00:00:00:022] New longest path found with length 23 at expansion 11
[00:00:00:00:039] New longest path found with length 31 at expansion 20
[00:00:00:00:061] New longest path found with length 33 at expansion 33
[00:00:00:00:344] Path of length 33 found: [0, 7, 8, 15, 14, 21, 22, 29, 36, 37, 30, 31, 38, 39, 32, 33, 26, 19, 18, 25, 24, 23, 16, 17, 10, 3, 4, 5, 6, 13, 20, 27, 34, 41]
[00:00:00:00:639] ! Bidirectional. expansions: 189, time: 344 [ms], path length: 33 [edges], g_F: 17, g_B: 16, generated: {'F': 338, 'B': 342}, MM: 1, MMPER: 1.9411764705882355%
[00:00:00:00:639] 
---------- SM_Grids/6x7_grid_with_random_blocks_12per_9 ----------
[00:00:00:00:182] Path of length 33 found: [0, 7, 14, 21, 28, 29, 22, 15, 16, 9, 2, 3, 10, 17, 24, 31, 30, 37, 38, 39, 32, 25, 18, 11, 4, 5, 12, 13, 20, 27, 34, 33, 40, 41]
[00:00:00:00:182] ! Unidirectional s-t. expansions: 270, time: 182 [ms], path length: 33 [edges], generated: 462
[00:00:00:00:538] Path of length 33 found: [41, 34, 27, 20, 13, 6, 5, 12, 11, 4, 3, 2, 9, 10, 17, 18, 25, 24, 31, 32, 33, 40, 39, 38, 37, 30, 29, 28, 21, 22, 15, 14, 7, 0]
[00:00:00:00:538] ! Unidirectional t-s. expansions: 738, time: 538 [ms], path length: 33 [edges], generated: 1,258
[00:00:00:00:018] New longest path found with length 19 at expansion 9
[00:00:00:00:028] New longest path found with length 21 at expansion 14
[00:00:00:00:039] New longest path found with length 31 at expansion 20
[00:00:00:00:040] New longest path found with length 33 at expansion 21
[00:00:00:02:078] Path of length 33 found: [0, 7, 14, 21, 28, 29, 22, 15, 16, 17, 24, 31, 30, 37, 38, 39, 40, 33, 32, 25, 18, 11, 10, 9, 2, 3, 4, 5, 6, 13, 20, 27, 34, 41]
[00:00:00:02:378] ! Bidirectional. expansions: 1,153, time: 2,078 [ms], path length: 33 [edges], g_F: 17, g_B: 16, generated: {'F': 2,159, 'B': 2,134}, MM: 1, MMPER: 1.9411764705882355%

[00:00:00:02:378] average expansions: (511, 340, 1,262, 0)
[00:00:00:02:378] average time: (380, 238, 2,286, 0)
[00:00:00:02:378] X-DFBnB: 340 , 238 (expansions , time[ms])
[00:00:00:02:378] BiX-DFBnB: 1,262 , 2,286 (expansions , time[ms])

