Tue 10 Mar 2026 11:57:01 IST

SLURM_JOBID:		 15443254
SLURM_JOB_NODELIST:	 ise-cpu256-01 

--------------------------
date: SM_Grids
number_of_graphs: 10
graph_type: grid
size_of_graphs: [6, 7]
heuristic: bcc_heuristic
snake: False
run_uni: True
run_bi: True
run_multi: False
solution_vertices: []
algorithms: ['full']
bsd: True
cube_first_dims: 4
cube_buffer_dim: None
backward_sym_generation: False
sym_coil: False
prefix_set: None

---------- SM_Grids/6x7_grid_with_random_blocks_16per_0 ----------
[00:00:00:46:347] Path of length 31 found: [0, 7, 14, 21, 28, 35, 36, 29, 22, 15, 8, 1, 2, 3, 10, 9, 16, 23, 30, 37, 38, 39, 32, 31, 24, 25, 18, 19, 26, 27, 34, 41]
[00:00:00:46:348] ! Unidirectional s-t. expansions: 148,536, time: 46,347 [ms], path length: 31 [edges], generated: 148,535
[00:00:00:58:831] Path of length 31 found: [41, 34, 27, 20, 19, 18, 25, 24, 23, 16, 9, 10, 3, 2, 1, 8, 15, 22, 29, 30, 31, 32, 39, 38, 37, 36, 35, 28, 21, 14, 7, 0]
[00:00:00:58:833] ! Unidirectional t-s. expansions: 180,480, time: 58,831 [ms], path length: 31 [edges], generated: 180,479
[00:00:01:07:303] Path of length 31 found: [0, 7, 14, 21, 28, 35, 36, 37, 38, 39, 32, 31, 30, 29, 22, 15, 8, 1, 2, 3, 10, 9, 16, 23, 24, 25, 18, 19, 20, 27, 34, 41]
[00:00:01:07:708] ! Bidirectional. expansions: 161,921, time: 67,303 [ms], path length: 31 [edges], g_F: 0, g_B: 31, generated: 180,479, MM: 31, MMPER: 95.875%
[00:00:01:07:708] 
---------- SM_Grids/6x7_grid_with_random_blocks_16per_1 ----------
[00:00:00:12:577] Path of length 27 found: [0, 7, 14, 21, 28, 35, 36, 29, 22, 15, 8, 1, 2, 9, 16, 17, 24, 23, 30, 37, 38, 39, 32, 25, 26, 33, 34, 41]
[00:00:00:12:579] ! Unidirectional s-t. expansions: 30,759, time: 12,579 [ms], path length: 27 [edges], generated: 33,135
[00:00:00:16:171] Path of length 27 found: [41, 34, 33, 26, 25, 32, 39, 38, 37, 30, 23, 24, 17, 16, 9, 2, 1, 8, 15, 22, 29, 36, 35, 28, 21, 14, 7, 0]
[00:00:00:16:171] ! Unidirectional t-s. expansions: 41,064, time: 16,171 [ms], path length: 27 [edges], generated: 41,063
[00:00:00:16:755] Path of length 25 found: [0, 7, 14, 21, 28, 35, 36, 37, 30, 29, 22, 15, 8, 1, 2, 9, 16, 23, 24, 17, 18, 25, 26, 33, 34, 41]
[00:00:00:17:054] ! Bidirectional. expansions: 38,662, time: 16,755 [ms], path length: 25 [edges], g_F: 0, g_B: 25, generated: 41,058, MM: 25, MMPER: 95.15384615384616%
[00:00:00:17:054] 
---------- SM_Grids/6x7_grid_with_random_blocks_16per_2 ----------
[00:00:00:34:489] Path of length 33 found: [0, 1, 2, 9, 16, 23, 22, 15, 14, 21, 28, 29, 36, 37, 30, 31, 38, 39, 40, 33, 26, 25, 24, 17, 18, 11, 4, 5, 6, 13, 20, 27, 34, 41]
[00:00:00:34:491] ! Unidirectional s-t. expansions: 100,646, time: 34,489 [ms], path length: 33 [edges], generated: 100,645
[00:00:00:35:262] Path of length 33 found: [41, 34, 27, 20, 13, 6, 5, 4, 11, 18, 17, 24, 25, 26, 33, 40, 39, 38, 31, 30, 37, 36, 29, 28, 21, 14, 15, 22, 23, 16, 9, 2, 1, 0]
[00:00:00:35:263] ! Unidirectional t-s. expansions: 102,971, time: 35,262 [ms], path length: 33 [edges], generated: 102,970
[00:00:00:39:449] Path of length 33 found: [0, 1, 2, 9, 16, 23, 22, 15, 14, 21, 28, 29, 36, 37, 30, 31, 38, 39, 40, 33, 26, 25, 24, 17, 18, 11, 4, 5, 6, 13, 20, 27, 34, 41]
[00:00:00:39:779] ! Bidirectional. expansions: 95,641, time: 39,449 [ms], path length: 33 [edges], g_F: 0, g_B: 33, generated: 102,970, MM: 33, MMPER: 96.05882352941177%
[00:00:00:39:779] 
---------- SM_Grids/6x7_grid_with_random_blocks_16per_3 ----------
[00:00:00:06:704] Path of length 29 found: [0, 7, 14, 21, 28, 35, 36, 37, 38, 31, 24, 17, 16, 23, 22, 15, 8, 1, 2, 3, 4, 11, 12, 5, 6, 13, 20, 27, 34, 41]
[00:00:00:06:704] ! Unidirectional s-t. expansions: 15,610, time: 6,704 [ms], path length: 29 [edges], generated: 17,192
[00:00:00:08:632] Path of length 29 found: [41, 34, 27, 20, 13, 6, 5, 4, 11, 18, 17, 16, 9, 2, 1, 8, 15, 22, 23, 24, 31, 38, 37, 36, 29, 28, 21, 14, 7, 0]
[00:00:00:08:633] ! Unidirectional t-s. expansions: 23,596, time: 8,633 [ms], path length: 29 [edges], generated: 23,595
[00:00:00:09:545] Path of length 27 found: [0, 7, 14, 21, 28, 29, 36, 37, 38, 31, 24, 17, 16, 23, 22, 15, 8, 1, 2, 3, 4, 5, 6, 13, 20, 27, 34, 41]
[00:00:00:09:835] ! Bidirectional. expansions: 21,592, time: 9,545 [ms], path length: 27 [edges], g_F: 0, g_B: 27, generated: 23,480, MM: 27, MMPER: 95.42857142857143%
[00:00:00:09:835] 
---------- SM_Grids/6x7_grid_with_random_blocks_16per_4 ----------
[00:00:00:17:140] Path of length 33 found: [0, 7, 8, 15, 22, 23, 30, 29, 36, 37, 38, 31, 32, 39, 40, 33, 26, 25, 18, 17, 16, 9, 10, 3, 4, 11, 12, 5, 6, 13, 20, 27, 34, 41]
[00:00:00:17:141] ! Unidirectional s-t. expansions: 46,691, time: 17,140 [ms], path length: 33 [edges], generated: 49,744
[00:00:01:13:405] Path of length 33 found: [41, 34, 27, 20, 13, 6, 5, 12, 11, 4, 3, 10, 9, 16, 17, 18, 25, 26, 33, 40, 39, 32, 31, 38, 37, 36, 29, 30, 23, 22, 15, 8, 1, 0]
[00:00:01:13:407] ! Unidirectional t-s. expansions: 186,417, time: 73,406 [ms], path length: 33 [edges], generated: 196,218
[00:00:01:23:300] Path of length 33 found: [0, 7, 8, 15, 22, 23, 30, 29, 36, 37, 38, 31, 32, 39, 40, 33, 26, 25, 18, 17, 16, 9, 10, 3, 4, 11, 12, 5, 6, 13, 20, 27, 34, 41]
[00:00:01:23:683] ! Bidirectional. expansions: 186,414, time: 83,300 [ms], path length: 33 [edges], g_F: 2, g_B: 31, generated: 196,218, MM: 29, MMPER: 84.29411764705883%
[00:00:01:23:683] 
---------- SM_Grids/6x7_grid_with_random_blocks_16per_5 ----------
[00:00:00:00:020] Path of length 31 found: [0, 7, 14, 21, 28, 29, 22, 15, 8, 1, 2, 3, 10, 17, 16, 23, 30, 31, 24, 25, 18, 11, 4, 5, 12, 19, 26, 27, 34, 33, 40, 41]
[00:00:00:00:020] ! Unidirectional s-t. expansions: 39, time: 20 [ms], path length: 31 [edges], generated: 58
[00:00:00:00:649] Path of length 31 found: [41, 40, 33, 34, 27, 26, 19, 12, 5, 4, 3, 2, 1, 8, 15, 22, 23, 16, 17, 10, 11, 18, 25, 24, 31, 30, 29, 28, 21, 14, 7, 0]
[00:00:00:00:650] ! Unidirectional t-s. expansions: 1,584, time: 650 [ms], path length: 31 [edges], generated: 1,605
[00:00:00:19:982] Path of length 29 found: [0, 7, 14, 21, 28, 29, 30, 31, 24, 25, 18, 17, 16, 23, 22, 15, 8, 1, 2, 3, 4, 5, 12, 19, 26, 27, 34, 33, 40, 41]
[00:00:00:20:293] ! Bidirectional. expansions: 40,399, time: 19,982 [ms], path length: 29 [edges], g_F: 3, g_B: 26, generated: 45,650, MM: 23, MMPER: 75.66666666666667%
[00:00:00:20:294] 
---------- SM_Grids/6x7_grid_with_random_blocks_16per_6 ----------
[00:00:00:59:549] Path of length 33 found: [0, 1, 8, 7, 14, 21, 22, 15, 16, 23, 30, 37, 38, 39, 32, 25, 24, 17, 18, 11, 10, 3, 4, 5, 12, 13, 20, 19, 26, 27, 34, 33, 40, 41]
[00:00:00:59:550] ! Unidirectional s-t. expansions: 155,693, time: 59,549 [ms], path length: 33 [edges], generated: 167,860
[00:00:00:01:275] Path of length 33 found: [41, 34, 27, 20, 13, 12, 5, 4, 3, 10, 11, 18, 19, 26, 25, 32, 33, 40, 39, 38, 37, 30, 23, 24, 17, 16, 15, 22, 21, 14, 7, 8, 1, 0]
[00:00:00:01:276] ! Unidirectional t-s. expansions: 3,094, time: 1,275 [ms], path length: 33 [edges], generated: 3,617
[00:00:01:09:718] Path of length 33 found: [0, 1, 8, 7, 14, 21, 22, 15, 16, 17, 24, 23, 30, 37, 38, 39, 40, 33, 32, 25, 26, 19, 18, 11, 10, 3, 4, 5, 12, 13, 20, 27, 34, 41]
[00:00:01:10:096] ! Bidirectional. expansions: 160,545, time: 69,718 [ms], path length: 33 [edges], g_F: 0, g_B: 33, generated: 184,380, MM: 33, MMPER: 96.05882352941177%
[00:00:01:10:097] 
---------- SM_Grids/6x7_grid_with_random_blocks_16per_7 ----------
[00:00:00:15:065] Path of length 31 found: [0, 7, 8, 15, 16, 9, 2, 3, 4, 5, 6, 13, 12, 11, 18, 25, 24, 23, 30, 29, 28, 35, 36, 37, 38, 31, 32, 39, 40, 33, 34, 41]
[00:00:00:15:066] ! Unidirectional s-t. expansions: 39,630, time: 15,066 [ms], path length: 31 [edges], generated: 39,629
[00:00:00:15:752] Path of length 31 found: [41, 34, 33, 40, 39, 32, 31, 38, 37, 36, 35, 28, 29, 30, 23, 24, 25, 18, 11, 12, 13, 6, 5, 4, 3, 2, 9, 16, 15, 8, 1, 0]
[00:00:00:15:753] ! Unidirectional t-s. expansions: 44,459, time: 15,752 [ms], path length: 31 [edges], generated: 44,458
[00:00:00:17:583] Path of length 31 found: [0, 1, 8, 15, 16, 9, 2, 3, 4, 5, 6, 13, 12, 11, 18, 25, 24, 23, 30, 29, 28, 35, 36, 37, 38, 31, 32, 39, 40, 33, 34, 41]
[00:00:00:17:889] ! Bidirectional. expansions: 41,637, time: 17,583 [ms], path length: 31 [edges], g_F: 0, g_B: 31, generated: 44,458, MM: 31, MMPER: 95.875%
[00:00:00:17:889] 
---------- SM_Grids/6x7_grid_with_random_blocks_16per_8 ----------
[00:00:00:19:923] Path of length 31 found: [0, 7, 14, 21, 22, 15, 8, 9, 2, 3, 4, 5, 6, 13, 12, 19, 18, 17, 24, 25, 32, 31, 30, 29, 36, 37, 38, 39, 40, 33, 34, 41]
[00:00:00:19:924] ! Unidirectional s-t. expansions: 57,910, time: 19,923 [ms], path length: 31 [edges], generated: 57,909
[00:00:00:26:369] Path of length 31 found: [41, 34, 33, 32, 39, 38, 31, 30, 37, 36, 29, 22, 21, 14, 15, 16, 17, 24, 25, 18, 19, 12, 13, 6, 5, 4, 3, 2, 9, 8, 7, 0]
[00:00:00:26:370] ! Unidirectional t-s. expansions: 66,437, time: 26,369 [ms], path length: 31 [edges], generated: 70,551
[00:00:00:29:376] Path of length 31 found: [0, 7, 8, 9, 2, 3, 4, 5, 6, 13, 12, 19, 18, 25, 24, 17, 16, 15, 14, 21, 22, 29, 36, 37, 30, 31, 38, 39, 32, 33, 34, 41]
[00:00:00:29:687] ! Bidirectional. expansions: 66,436, time: 29,376 [ms], path length: 31 [edges], g_F: 1, g_B: 30, generated: 70,551, MM: 29, MMPER: 89.625%
[00:00:00:29:688] 
---------- SM_Grids/6x7_grid_with_random_blocks_16per_9 ----------
[00:00:00:00:706] Path of length 31 found: [0, 7, 14, 21, 28, 29, 22, 15, 8, 1, 2, 9, 16, 23, 24, 31, 38, 39, 32, 25, 18, 19, 12, 5, 6, 13, 20, 27, 26, 33, 40, 41]
[00:00:00:00:707] ! Unidirectional s-t. expansions: 2,181, time: 706 [ms], path length: 31 [edges], generated: 2,348
[00:00:00:00:721] Path of length 31 found: [41, 34, 27, 20, 13, 6, 5, 12, 19, 18, 25, 32, 33, 40, 39, 38, 31, 24, 23, 16, 9, 2, 1, 8, 15, 22, 29, 28, 21, 14, 7, 0]
[00:00:00:00:722] ! Unidirectional t-s. expansions: 1,745, time: 721 [ms], path length: 31 [edges], generated: 1,883
[00:00:00:00:930] Path of length 31 found: [0, 7, 14, 21, 28, 29, 22, 15, 8, 1, 2, 9, 16, 23, 24, 31, 38, 39, 40, 33, 32, 25, 18, 19, 12, 5, 6, 13, 20, 27, 34, 41]
[00:00:00:01:223] ! Bidirectional. expansions: 2,030, time: 930 [ms], path length: 31 [edges], g_F: 14, g_B: 17, generated: 2,204, MM: 3, MMPER: 8.375%

[00:00:00:01:224] average expansions: (59,770, 65,185, 81,528, 0)
[00:00:00:01:224] average time: (21,252, 23,707, 35,394, 0)
[00:00:00:01:224] A*: 59,770 , 21,252 (expansions , time[ms])
[00:00:00:01:224] XMM: 81,528 , 35,394 (expansions , time[ms])

