Thu 12 Mar 2026 17:40:43 IST

SLURM_JOBID:		 15627331
SLURM_JOB_NODELIST:	 ise-cpu256-27 

--------------------------
date: SM_Grids
number_of_graphs: 10
graph_type: grid
size_of_graphs: [6, 7]
heuristic: bcc_heuristic
snake: False
run_uni: True
run_bi: True
run_multi: False
solution_vertices: []
algorithms: ['DFBnB']
bsd: False
cube_first_dims: 4
cube_buffer_dim: None
backward_sym_generation: False
sym_coil: False
prefix_set: None

---------- SM_Grids/6x7_grid_with_random_blocks_16per_0 ----------
[00:00:00:00:471] Path of length 31 found: [0, 7, 14, 21, 28, 35, 36, 29, 22, 15, 8, 1, 2, 3, 10, 9, 16, 23, 30, 37, 38, 39, 32, 31, 24, 25, 18, 19, 26, 27, 34, 41]
[00:00:00:00:471] ! Unidirectional s-t. expansions: 893, time: 471 [ms], path length: 31 [edges], generated: 1,527
[00:00:00:00:018] Path of length 31 found: [41, 34, 27, 20, 19, 18, 25, 24, 23, 16, 9, 10, 3, 2, 1, 8, 15, 22, 29, 30, 31, 32, 39, 38, 37, 36, 35, 28, 21, 14, 7, 0]
[00:00:00:00:018] ! Unidirectional t-s. expansions: 31, time: 18 [ms], path length: 31 [edges], generated: 51
[00:00:00:00:013] New longest path found with length 17 at expansion 8
[00:00:00:00:015] New longest path found with length 19 at expansion 9
[00:00:00:00:017] New longest path found with length 21 at expansion 10
[00:00:00:00:019] New longest path found with length 25 at expansion 12
[00:00:00:00:051] New longest path found with length 29 at expansion 37
[00:00:00:00:054] New longest path found with length 31 at expansion 40
[00:00:00:00:074] Path of length 31 found: [0, 7, 14, 21, 28, 35, 36, 29, 22, 15, 8, 1, 2, 3, 10, 9, 16, 23, 30, 37, 38, 39, 32, 31, 24, 25, 18, 19, 20, 27, 34, 41]
[00:00:00:00:421] ! Bidirectional. expansions: 51, time: 74 [ms], path length: 31 [edges], g_F: 16, g_B: 15, generated: {'F': 89, 'B': 88}, MM: 1, MMPER: 2.125%
[00:00:00:00:421] 
---------- SM_Grids/6x7_grid_with_random_blocks_16per_1 ----------
[00:00:00:00:166] Path of length 27 found: [0, 7, 14, 21, 28, 35, 36, 29, 22, 15, 8, 1, 2, 9, 16, 17, 18, 25, 24, 23, 30, 37, 38, 39, 32, 33, 34, 41]
[00:00:00:00:166] ! Unidirectional s-t. expansions: 151, time: 166 [ms], path length: 27 [edges], generated: 270
[00:00:00:00:019] Path of length 27 found: [41, 34, 33, 26, 25, 32, 39, 38, 37, 30, 23, 24, 17, 16, 9, 2, 1, 8, 15, 22, 29, 36, 35, 28, 21, 14, 7, 0]
[00:00:00:00:019] ! Unidirectional t-s. expansions: 27, time: 19 [ms], path length: 27 [edges], generated: 43
[00:00:00:00:024] New longest path found with length 27 at expansion 13
[00:00:00:00:051] Path of length 27 found: [0, 7, 14, 21, 28, 35, 36, 29, 22, 15, 8, 1, 2, 9, 16, 17, 24, 23, 30, 37, 38, 39, 32, 25, 26, 33, 34, 41]
[00:00:00:00:352] ! Bidirectional. expansions: 25, time: 51 [ms], path length: 27 [edges], g_F: 14, g_B: 13, generated: {'F': 50, 'B': 46}, MM: 1, MMPER: 2.5714285714285716%
[00:00:00:00:352] 
---------- SM_Grids/6x7_grid_with_random_blocks_16per_2 ----------
[00:00:00:00:169] Path of length 33 found: [0, 1, 2, 9, 16, 23, 22, 15, 14, 21, 28, 29, 36, 37, 30, 31, 38, 39, 40, 33, 26, 25, 24, 17, 18, 11, 4, 5, 6, 13, 20, 27, 34, 41]
[00:00:00:00:170] ! Unidirectional s-t. expansions: 266, time: 169 [ms], path length: 33 [edges], generated: 465
[00:00:00:00:263] Path of length 33 found: [41, 34, 27, 20, 13, 6, 5, 4, 11, 18, 19, 26, 33, 40, 39, 38, 31, 30, 37, 36, 29, 28, 21, 14, 15, 22, 23, 24, 17, 16, 9, 2, 1, 0]
[00:00:00:00:264] ! Unidirectional t-s. expansions: 400, time: 263 [ms], path length: 33 [edges], generated: 658
[00:00:00:00:021] New longest path found with length 23 at expansion 11
[00:00:00:00:029] New longest path found with length 31 at expansion 16
[00:00:00:00:356] New longest path found with length 33 at expansion 229
[00:00:00:01:043] Path of length 33 found: [0, 1, 2, 9, 16, 23, 22, 15, 14, 21, 28, 29, 36, 37, 30, 31, 38, 39, 40, 33, 26, 25, 24, 17, 18, 11, 4, 5, 6, 13, 20, 27, 34, 41]
[00:00:00:01:395] ! Bidirectional. expansions: 606, time: 1,043 [ms], path length: 33 [edges], g_F: 17, g_B: 16, generated: {'F': 1,036, 'B': 969}, MM: 1, MMPER: 1.9411764705882355%
[00:00:00:01:396] 
---------- SM_Grids/6x7_grid_with_random_blocks_16per_3 ----------
[00:00:00:00:391] Path of length 29 found: [0, 7, 14, 21, 28, 35, 36, 37, 38, 31, 24, 17, 16, 23, 22, 15, 8, 1, 2, 3, 4, 11, 12, 5, 6, 13, 20, 27, 34, 41]
[00:00:00:00:392] ! Unidirectional s-t. expansions: 566, time: 391 [ms], path length: 29 [edges], generated: 914
[00:00:00:00:155] Path of length 29 found: [41, 34, 27, 20, 13, 6, 5, 12, 11, 4, 3, 2, 1, 8, 9, 16, 17, 24, 31, 38, 37, 36, 35, 28, 29, 22, 15, 14, 7, 0]
[00:00:00:00:155] ! Unidirectional t-s. expansions: 257, time: 155 [ms], path length: 29 [edges], generated: 443
[00:00:00:00:019] New longest path found with length 21 at expansion 10
[00:00:00:00:021] New longest path found with length 23 at expansion 11
[00:00:00:00:026] New longest path found with length 29 at expansion 14
[00:00:00:02:005] Path of length 29 found: [0, 7, 14, 21, 28, 35, 36, 37, 38, 31, 24, 23, 22, 15, 8, 1, 2, 9, 16, 17, 18, 11, 4, 5, 6, 13, 20, 27, 34, 41]
[00:00:00:02:313] ! Bidirectional. expansions: 1,217, time: 2,005 [ms], path length: 29 [edges], g_F: 15, g_B: 14, generated: {'F': 1,930, 'B': 2,226}, MM: 1, MMPER: 2.3333333333333335%
[00:00:00:02:313] 
---------- SM_Grids/6x7_grid_with_random_blocks_16per_4 ----------
[00:00:00:00:154] Path of length 33 found: [0, 7, 8, 15, 22, 23, 30, 29, 36, 37, 38, 31, 32, 39, 40, 33, 26, 25, 18, 17, 16, 9, 10, 3, 4, 11, 12, 5, 6, 13, 20, 27, 34, 41]
[00:00:00:00:155] ! Unidirectional s-t. expansions: 240, time: 154 [ms], path length: 33 [edges], generated: 413
[00:00:00:00:201] Path of length 33 found: [41, 34, 27, 20, 13, 6, 5, 12, 11, 4, 3, 10, 9, 16, 17, 18, 25, 26, 33, 40, 39, 32, 31, 38, 37, 36, 29, 30, 23, 22, 15, 8, 1, 0]
[00:00:00:00:201] ! Unidirectional t-s. expansions: 279, time: 201 [ms], path length: 33 [edges], generated: 444
[00:00:00:00:023] New longest path found with length 23 at expansion 12
[00:00:00:00:038] New longest path found with length 27 at expansion 20
[00:00:00:00:041] New longest path found with length 29 at expansion 22
[00:00:00:00:258] New longest path found with length 31 at expansion 153
[00:00:00:01:460] New longest path found with length 33 at expansion 875
[00:00:00:01:463] Path of length 33 found: [0, 7, 8, 15, 22, 23, 30, 29, 36, 37, 38, 31, 32, 39, 40, 33, 26, 25, 18, 17, 16, 9, 10, 3, 4, 11, 12, 5, 6, 13, 20, 27, 34, 41]
[00:00:00:01:769] ! Bidirectional. expansions: 876, time: 1,463 [ms], path length: 33 [edges], g_F: 17, g_B: 16, generated: {'F': 1,596, 'B': 1,592}, MM: 1, MMPER: 1.9411764705882355%
[00:00:00:01:769] 
---------- SM_Grids/6x7_grid_with_random_blocks_16per_5 ----------
[00:00:00:00:022] Path of length 31 found: [0, 7, 14, 21, 28, 29, 22, 15, 8, 1, 2, 3, 10, 17, 16, 23, 30, 31, 24, 25, 18, 11, 4, 5, 12, 19, 26, 27, 34, 33, 40, 41]
[00:00:00:00:023] ! Unidirectional s-t. expansions: 32, time: 23 [ms], path length: 31 [edges], generated: 52
[00:00:00:00:023] Path of length 31 found: [41, 40, 33, 34, 27, 26, 19, 12, 5, 4, 3, 2, 1, 8, 15, 22, 23, 16, 17, 10, 11, 18, 25, 24, 31, 30, 29, 28, 21, 14, 7, 0]
[00:00:00:00:023] ! Unidirectional t-s. expansions: 31, time: 23 [ms], path length: 31 [edges], generated: 52
[00:00:00:00:020] New longest path found with length 21 at expansion 10
[00:00:00:00:024] New longest path found with length 23 at expansion 12
[00:00:00:00:029] New longest path found with length 27 at expansion 15
[00:00:00:00:032] New longest path found with length 31 at expansion 17
[00:00:00:00:035] Path of length 31 found: [0, 7, 14, 21, 28, 29, 22, 15, 8, 1, 2, 3, 10, 17, 16, 23, 30, 31, 24, 25, 18, 11, 4, 5, 12, 19, 26, 27, 34, 33, 40, 41]
[00:00:00:00:341] ! Bidirectional. expansions: 18, time: 35 [ms], path length: 31 [edges], g_F: 16, g_B: 15, generated: {'F': 32, 'B': 34}, MM: 1, MMPER: 2.125%
[00:00:00:00:341] 
---------- SM_Grids/6x7_grid_with_random_blocks_16per_6 ----------
[00:00:00:00:032] Path of length 33 found: [0, 1, 8, 7, 14, 21, 22, 15, 16, 23, 30, 37, 38, 39, 32, 25, 24, 17, 18, 11, 10, 3, 4, 5, 12, 13, 20, 19, 26, 27, 34, 33, 40, 41]
[00:00:00:00:032] ! Unidirectional s-t. expansions: 56, time: 32 [ms], path length: 33 [edges], generated: 91
[00:00:00:00:024] Path of length 33 found: [41, 34, 27, 20, 13, 12, 5, 4, 3, 10, 11, 18, 19, 26, 25, 32, 33, 40, 39, 38, 37, 30, 23, 24, 17, 16, 15, 22, 21, 14, 7, 8, 1, 0]
[00:00:00:00:024] ! Unidirectional t-s. expansions: 33, time: 24 [ms], path length: 33 [edges], generated: 52
[00:00:00:00:027] New longest path found with length 29 at expansion 14
[00:00:00:00:033] New longest path found with length 31 at expansion 18
[00:00:00:00:088] New longest path found with length 33 at expansion 53
[00:00:00:00:091] Path of length 33 found: [0, 1, 8, 7, 14, 21, 22, 15, 16, 17, 24, 23, 30, 37, 38, 39, 40, 33, 32, 25, 26, 19, 18, 11, 10, 3, 4, 5, 12, 13, 20, 27, 34, 41]
[00:00:00:00:395] ! Bidirectional. expansions: 54, time: 91 [ms], path length: 33 [edges], g_F: 17, g_B: 16, generated: {'F': 102, 'B': 100}, MM: 1, MMPER: 1.9411764705882355%
[00:00:00:00:395] 
---------- SM_Grids/6x7_grid_with_random_blocks_16per_7 ----------
[00:00:00:00:051] Path of length 31 found: [0, 7, 8, 15, 16, 9, 2, 3, 4, 5, 6, 13, 12, 11, 18, 25, 24, 23, 30, 29, 28, 35, 36, 37, 38, 31, 32, 39, 40, 33, 34, 41]
[00:00:00:00:051] ! Unidirectional s-t. expansions: 72, time: 51 [ms], path length: 31 [edges], generated: 113
[00:00:00:00:081] Path of length 31 found: [41, 34, 33, 40, 39, 32, 31, 38, 37, 36, 35, 28, 29, 30, 23, 24, 25, 18, 19, 12, 13, 6, 5, 4, 3, 2, 9, 16, 15, 8, 1, 0]
[00:00:00:00:081] ! Unidirectional t-s. expansions: 125, time: 81 [ms], path length: 31 [edges], generated: 201
[00:00:00:00:023] New longest path found with length 25 at expansion 12
[00:00:00:00:042] New longest path found with length 27 at expansion 25
[00:00:00:00:132] New longest path found with length 29 at expansion 81
[00:00:00:00:234] New longest path found with length 31 at expansion 145
[00:00:00:00:358] Path of length 31 found: [0, 7, 8, 15, 16, 9, 2, 3, 4, 5, 6, 13, 12, 11, 18, 25, 24, 23, 30, 29, 28, 35, 36, 37, 38, 31, 32, 39, 40, 33, 34, 41]
[00:00:00:00:710] ! Bidirectional. expansions: 215, time: 358 [ms], path length: 31 [edges], g_F: 16, g_B: 15, generated: {'F': 348, 'B': 363}, MM: 1, MMPER: 2.125%
[00:00:00:00:710] 
---------- SM_Grids/6x7_grid_with_random_blocks_16per_8 ----------
[00:00:00:00:166] Path of length 31 found: [0, 7, 14, 21, 22, 15, 8, 9, 2, 3, 4, 5, 6, 13, 12, 19, 18, 17, 24, 25, 32, 31, 30, 29, 36, 37, 38, 39, 40, 33, 34, 41]
[00:00:00:00:166] ! Unidirectional s-t. expansions: 244, time: 166 [ms], path length: 31 [edges], generated: 408
[00:00:00:00:236] Path of length 31 found: [41, 34, 33, 40, 39, 32, 25, 18, 19, 12, 13, 6, 5, 4, 3, 2, 9, 10, 17, 24, 31, 38, 37, 30, 29, 22, 21, 14, 15, 8, 7, 0]
[00:00:00:00:236] ! Unidirectional t-s. expansions: 386, time: 236 [ms], path length: 31 [edges], generated: 613
[00:00:00:00:020] New longest path found with length 21 at expansion 10
[00:00:00:00:023] New longest path found with length 23 at expansion 12
[00:00:00:00:039] New longest path found with length 25 at expansion 23
[00:00:00:00:239] New longest path found with length 27 at expansion 144
[00:00:00:00:603] New longest path found with length 29 at expansion 362
[00:00:00:00:616] New longest path found with length 31 at expansion 372
[00:00:00:01:649] Path of length 31 found: [0, 7, 14, 21, 22, 15, 8, 9, 2, 3, 4, 5, 6, 13, 12, 19, 18, 17, 24, 25, 32, 31, 30, 29, 36, 37, 38, 39, 40, 33, 34, 41]
[00:00:00:01:988] ! Bidirectional. expansions: 984, time: 1,649 [ms], path length: 31 [edges], g_F: 16, g_B: 15, generated: {'F': 1,617, 'B': 1,693}, MM: 1, MMPER: 2.125%
[00:00:00:01:988] 
---------- SM_Grids/6x7_grid_with_random_blocks_16per_9 ----------
[00:00:00:00:113] Path of length 31 found: [0, 7, 14, 21, 28, 29, 22, 15, 8, 1, 2, 9, 16, 23, 24, 31, 38, 39, 32, 25, 18, 19, 12, 5, 6, 13, 20, 27, 26, 33, 40, 41]
[00:00:00:00:114] ! Unidirectional s-t. expansions: 186, time: 113 [ms], path length: 31 [edges], generated: 327
[00:00:00:00:046] Path of length 31 found: [41, 34, 27, 20, 13, 6, 5, 12, 19, 18, 25, 26, 33, 40, 39, 32, 31, 24, 23, 16, 9, 2, 1, 8, 15, 22, 29, 28, 21, 14, 7, 0]
[00:00:00:00:046] ! Unidirectional t-s. expansions: 55, time: 46 [ms], path length: 31 [edges], generated: 95
[00:00:00:00:027] New longest path found with length 31 at expansion 15
[00:00:00:00:272] Path of length 31 found: [0, 7, 14, 21, 28, 29, 22, 15, 8, 1, 2, 9, 16, 23, 24, 31, 32, 39, 40, 33, 26, 25, 18, 19, 12, 5, 6, 13, 20, 27, 34, 41]
[00:00:00:00:578] ! Bidirectional. expansions: 143, time: 273 [ms], path length: 31 [edges], g_F: 16, g_B: 15, generated: {'F': 235, 'B': 249}, MM: 1, MMPER: 2.125%

[00:00:00:00:578] average expansions: (271, 162, 419, 0)
[00:00:00:00:578] average time: (174, 107, 704, 0)
[00:00:00:00:578] X-DFBnB: 162 , 107 (expansions , time[ms])
[00:00:00:00:578] BiX-DFBnB: 419 , 704 (expansions , time[ms])

