Mon 09 Mar 2026 16:01:50 IST

SLURM_JOBID:		 15356650
SLURM_JOB_NODELIST:	 ise-cpu256-03 

--------------------------
date: SM_Grids
number_of_graphs: 10
graph_type: grid
size_of_graphs: [6, 7]
heuristic: bcc_heuristic
snake: False
run_uni: True
run_bi: True
run_multi: False
solution_vertices: []
algorithms: ['DFBnB']
bsd: False
cube_first_dims: 4
cube_buffer_dim: None
backward_sym_generation: False
sym_coil: False
prefix_set: None

---------- SM_Grids/6x7_grid_with_random_blocks_8per_0 ----------
[00:00:00:00:027] Path of length 35 found: [0, 7, 14, 21, 28, 35, 36, 29, 22, 15, 8, 1, 2, 3, 10, 9, 16, 23, 30, 37, 38, 31, 24, 25, 18, 11, 12, 19, 26, 27, 34, 33, 32, 39, 40, 41]
[00:00:00:00:027] ! Unidirectional s-t. expansions: 35, time: 27 [ms], path length: 35 [edges], generated: 59
[00:00:00:00:023] Path of length 35 found: [41, 34, 27, 26, 19, 12, 11, 18, 25, 24, 23, 16, 9, 10, 3, 2, 1, 8, 15, 22, 29, 30, 31, 32, 33, 40, 39, 38, 37, 36, 35, 28, 21, 14, 7, 0]
[00:00:00:00:023] ! Unidirectional t-s. expansions: 35, time: 23 [ms], path length: 35 [edges], generated: 59
[00:00:00:00:017] Path of length 35 found: [0, 7, 14, 21, 28, 35, 36, 29, 22, 15, 8, 1, 2, 3, 10, 9, 16, 23, 30, 37, 38, 39, 40, 33, 32, 31, 24, 25, 18, 11, 12, 19, 26, 27, 34, 41]
[00:00:00:00:333] ! Bidirectional. expansions: 36, time: 17 [ms], path length: 35 [edges], g_F: 18, g_B: 17, generated: {'F': 31, 'B': 33}, MM: 1, MMPER: 1.7777777777777777%
[00:00:00:00:333] 
---------- SM_Grids/6x7_grid_with_random_blocks_8per_1 ----------
[00:00:00:00:938] Path of length 37 found: [0, 7, 14, 21, 28, 35, 36, 29, 22, 15, 8, 1, 2, 9, 16, 23, 30, 31, 24, 25, 18, 11, 10, 3, 4, 5, 12, 13, 20, 19, 26, 27, 34, 33, 32, 39, 40, 41]
[00:00:00:00:939] ! Unidirectional s-t. expansions: 1,459, time: 938 [ms], path length: 37 [edges], generated: 2,422
[00:00:00:00:632] Path of length 37 found: [41, 34, 27, 20, 13, 12, 5, 4, 3, 2, 1, 8, 15, 22, 23, 16, 9, 10, 11, 18, 19, 26, 25, 32, 33, 40, 39, 38, 31, 30, 29, 36, 35, 28, 21, 14, 7, 0]
[00:00:00:00:632] ! Unidirectional t-s. expansions: 849, time: 632 [ms], path length: 37 [edges], generated: 1,427
[00:00:00:01:598] Path of length 37 found: [0, 7, 14, 21, 28, 35, 36, 29, 22, 15, 16, 23, 30, 31, 24, 25, 32, 39, 40, 33, 26, 19, 18, 11, 10, 9, 8, 1, 2, 3, 4, 5, 12, 13, 20, 27, 34, 41]
[00:00:00:01:908] ! Bidirectional. expansions: 3,400, time: 1,599 [ms], path length: 37 [edges], g_F: 19, g_B: 18, generated: {'F': 2,955, 'B': 3,066}, MM: 1, MMPER: 1.6315789473684212%
[00:00:00:01:908] 
---------- SM_Grids/6x7_grid_with_random_blocks_8per_2 ----------
[00:00:00:01:269] Path of length 37 found: [0, 7, 14, 15, 8, 1, 2, 3, 10, 9, 16, 23, 22, 29, 28, 35, 36, 37, 30, 31, 38, 39, 32, 25, 24, 17, 18, 11, 12, 5, 6, 13, 20, 19, 26, 33, 40, 41]
[00:00:00:01:269] ! Unidirectional s-t. expansions: 1,889, time: 1,269 [ms], path length: 37 [edges], generated: 3,145
[00:00:00:00:507] Path of length 37 found: [41, 40, 33, 26, 27, 20, 13, 6, 5, 12, 19, 18, 11, 10, 3, 2, 1, 8, 9, 16, 17, 24, 25, 32, 39, 38, 31, 30, 37, 36, 35, 28, 29, 22, 15, 14, 7, 0]
[00:00:00:00:507] ! Unidirectional t-s. expansions: 638, time: 507 [ms], path length: 37 [edges], generated: 1,119
[00:00:00:00:798] Path of length 37 found: [0, 7, 14, 15, 8, 1, 2, 3, 10, 9, 16, 23, 22, 29, 28, 35, 36, 37, 30, 31, 38, 39, 32, 25, 24, 17, 18, 11, 12, 5, 6, 13, 20, 27, 26, 33, 40, 41]
[00:00:00:01:118] ! Bidirectional. expansions: 1,938, time: 798 [ms], path length: 37 [edges], g_F: 19, g_B: 18, generated: {'F': 1,760, 'B': 1,761}, MM: 1, MMPER: 1.6315789473684212%
[00:00:00:01:118] 
---------- SM_Grids/6x7_grid_with_random_blocks_8per_3 ----------
[00:00:00:02:498] Path of length 35 found: [0, 7, 14, 21, 28, 35, 36, 29, 22, 15, 8, 1, 2, 9, 16, 23, 30, 37, 38, 31, 24, 25, 18, 11, 4, 5, 12, 19, 20, 27, 26, 33, 32, 39, 40, 41]
[00:00:00:02:498] ! Unidirectional s-t. expansions: 3,620, time: 2,498 [ms], path length: 35 [edges], generated: 6,383
[00:00:00:01:942] Path of length 35 found: [41, 34, 27, 20, 19, 12, 5, 4, 11, 10, 9, 2, 1, 8, 15, 16, 23, 22, 29, 30, 31, 24, 25, 26, 33, 32, 39, 38, 37, 36, 35, 28, 21, 14, 7, 0]
[00:00:00:01:942] ! Unidirectional t-s. expansions: 2,485, time: 1,942 [ms], path length: 35 [edges], generated: 4,421
[00:00:00:02:253] Path of length 35 found: [0, 7, 14, 21, 28, 35, 36, 29, 22, 15, 8, 1, 2, 9, 16, 23, 30, 37, 38, 31, 32, 39, 40, 33, 26, 25, 18, 11, 4, 5, 12, 19, 20, 27, 34, 41]
[00:00:00:02:560] ! Bidirectional. expansions: 4,526, time: 2,253 [ms], path length: 35 [edges], g_F: 18, g_B: 17, generated: {'F': 4,290, 'B': 4,288}, MM: 1, MMPER: 1.7777777777777777%
[00:00:00:02:560] 
---------- SM_Grids/6x7_grid_with_random_blocks_8per_4 ----------
[00:00:00:00:733] Path of length 37 found: [0, 7, 14, 21, 28, 35, 36, 29, 22, 15, 8, 1, 2, 3, 10, 17, 16, 23, 24, 31, 38, 39, 32, 25, 18, 11, 4, 5, 6, 13, 12, 19, 20, 27, 26, 33, 34, 41]
[00:00:00:00:733] ! Unidirectional s-t. expansions: 952, time: 733 [ms], path length: 37 [edges], generated: 1,566
[00:00:00:00:497] Path of length 37 found: [41, 34, 27, 20, 13, 6, 5, 4, 3, 2, 1, 8, 15, 16, 23, 24, 17, 10, 11, 12, 19, 18, 25, 26, 33, 32, 31, 38, 37, 36, 35, 28, 29, 22, 21, 14, 7, 0]
[00:00:00:00:497] ! Unidirectional t-s. expansions: 681, time: 497 [ms], path length: 37 [edges], generated: 1,147
[00:00:00:00:575] Path of length 37 found: [0, 7, 14, 21, 28, 35, 36, 29, 22, 23, 24, 31, 38, 39, 32, 33, 26, 25, 18, 19, 12, 11, 10, 17, 16, 15, 8, 1, 2, 3, 4, 5, 6, 13, 20, 27, 34, 41]
[00:00:00:00:919] ! Bidirectional. expansions: 1,310, time: 575 [ms], path length: 37 [edges], g_F: 19, g_B: 18, generated: {'F': 1,180, 'B': 1,224}, MM: 1, MMPER: 1.6315789473684212%
[00:00:00:00:919] 
---------- SM_Grids/6x7_grid_with_random_blocks_8per_5 ----------
[00:00:00:01:386] Path of length 37 found: [0, 7, 14, 21, 28, 35, 36, 29, 22, 15, 8, 1, 2, 3, 10, 17, 16, 23, 30, 37, 38, 31, 32, 25, 18, 11, 4, 5, 6, 13, 12, 19, 20, 27, 26, 33, 40, 41]
[00:00:00:01:387] ! Unidirectional s-t. expansions: 2,168, time: 1,386 [ms], path length: 37 [edges], generated: 3,495
[00:00:00:00:237] Path of length 37 found: [41, 40, 33, 26, 27, 20, 13, 6, 5, 4, 3, 2, 1, 8, 15, 22, 29, 30, 23, 16, 17, 10, 11, 12, 19, 18, 25, 32, 31, 38, 37, 36, 35, 28, 21, 14, 7, 0]
[00:00:00:00:237] ! Unidirectional t-s. expansions: 303, time: 237 [ms], path length: 37 [edges], generated: 509
[00:00:00:00:775] Path of length 37 found: [0, 7, 14, 21, 28, 35, 36, 29, 22, 15, 8, 1, 2, 3, 10, 17, 16, 23, 30, 31, 38, 39, 32, 25, 18, 19, 12, 11, 4, 5, 6, 13, 20, 27, 26, 33, 40, 41]
[00:00:00:01:079] ! Bidirectional. expansions: 1,736, time: 775 [ms], path length: 37 [edges], g_F: 19, g_B: 18, generated: {'F': 1,523, 'B': 1,546}, MM: 1, MMPER: 1.6315789473684212%
[00:00:00:01:079] 
---------- SM_Grids/6x7_grid_with_random_blocks_8per_6 ----------
[00:00:00:01:630] Path of length 37 found: [0, 7, 14, 21, 28, 35, 36, 37, 30, 23, 22, 15, 8, 1, 2, 9, 16, 17, 10, 3, 4, 11, 12, 5, 6, 13, 20, 27, 26, 25, 24, 31, 38, 39, 32, 33, 40, 41]
[00:00:00:01:631] ! Unidirectional s-t. expansions: 2,463, time: 1,630 [ms], path length: 37 [edges], generated: 4,071
[00:00:00:00:723] Path of length 37 found: [41, 34, 27, 20, 13, 6, 5, 12, 11, 4, 3, 2, 1, 8, 15, 22, 23, 16, 9, 10, 17, 24, 31, 32, 25, 26, 33, 40, 39, 38, 37, 36, 35, 28, 21, 14, 7, 0]
[00:00:00:00:723] ! Unidirectional t-s. expansions: 1,001, time: 723 [ms], path length: 37 [edges], generated: 1,772
[00:00:00:01:300] Path of length 37 found: [0, 7, 14, 21, 28, 35, 36, 37, 30, 31, 38, 39, 40, 33, 26, 25, 24, 17, 10, 9, 16, 23, 22, 15, 8, 1, 2, 3, 4, 11, 12, 5, 6, 13, 20, 27, 34, 41]
[00:00:00:01:614] ! Bidirectional. expansions: 2,896, time: 1,300 [ms], path length: 37 [edges], g_F: 19, g_B: 18, generated: {'F': 2,558, 'B': 2,510}, MM: 1, MMPER: 1.6315789473684212%
[00:00:00:01:614] 
---------- SM_Grids/6x7_grid_with_random_blocks_8per_7 ----------
[00:00:00:22:076] Path of length 35 found: [0, 7, 14, 21, 28, 35, 36, 29, 22, 15, 8, 1, 2, 3, 10, 9, 16, 23, 30, 37, 38, 39, 32, 31, 24, 17, 18, 11, 12, 13, 20, 19, 26, 33, 34, 41]
[00:00:00:22:077] ! Unidirectional s-t. expansions: 36,471, time: 22,077 [ms], path length: 35 [edges], generated: 63,843
[00:00:00:16:316] Path of length 35 found: [41, 34, 27, 20, 13, 12, 11, 10, 3, 2, 1, 8, 9, 16, 15, 22, 29, 30, 23, 24, 17, 18, 19, 26, 25, 32, 31, 38, 37, 36, 35, 28, 21, 14, 7, 0]
[00:00:00:16:317] ! Unidirectional t-s. expansions: 26,538, time: 16,316 [ms], path length: 35 [edges], generated: 46,394
[00:00:00:11:994] Path of length 35 found: [0, 7, 14, 21, 28, 35, 36, 29, 22, 23, 30, 37, 38, 39, 32, 31, 24, 25, 26, 19, 18, 17, 16, 15, 8, 1, 2, 3, 10, 11, 12, 13, 20, 27, 34, 41]
[00:00:00:12:303] ! Bidirectional. expansions: 30,196, time: 11,994 [ms], path length: 35 [edges], g_F: 18, g_B: 17, generated: {'F': 29,844, 'B': 30,092}, MM: 1, MMPER: 1.7777777777777777%
[00:00:00:12:303] 
---------- SM_Grids/6x7_grid_with_random_blocks_8per_8 ----------
[00:00:00:15:691] Path of length 35 found: [0, 1, 2, 9, 8, 15, 14, 21, 28, 29, 22, 23, 16, 17, 10, 11, 4, 5, 6, 13, 12, 19, 18, 25, 24, 31, 30, 37, 38, 39, 32, 33, 26, 27, 34, 41]
[00:00:00:15:692] ! Unidirectional s-t. expansions: 25,834, time: 15,692 [ms], path length: 35 [edges], generated: 46,204
[00:00:00:31:511] Path of length 35 found: [41, 34, 27, 20, 13, 6, 5, 4, 11, 12, 19, 18, 17, 10, 9, 16, 23, 30, 31, 24, 25, 26, 33, 32, 39, 38, 37, 36, 29, 28, 21, 14, 15, 8, 1, 0]
[00:00:00:31:511] ! Unidirectional t-s. expansions: 54,483, time: 31,511 [ms], path length: 35 [edges], generated: 92,268
[00:00:00:14:218] Path of length 35 found: [0, 1, 2, 9, 8, 15, 14, 21, 28, 29, 22, 23, 30, 37, 38, 39, 40, 33, 26, 19, 18, 25, 32, 31, 24, 17, 10, 11, 4, 5, 6, 13, 20, 27, 34, 41]
[00:00:00:14:521] ! Bidirectional. expansions: 33,988, time: 14,218 [ms], path length: 35 [edges], g_F: 18, g_B: 17, generated: {'F': 32,922, 'B': 32,032}, MM: 1, MMPER: 1.7777777777777777%
[00:00:00:14:521] 
---------- SM_Grids/6x7_grid_with_random_blocks_8per_9 ----------
[00:00:00:00:377] Path of length 37 found: [0, 7, 14, 21, 28, 35, 36, 29, 22, 15, 16, 9, 8, 1, 2, 3, 4, 11, 12, 5, 6, 13, 20, 27, 26, 19, 18, 17, 24, 23, 30, 37, 38, 31, 32, 39, 40, 41]
[00:00:00:00:377] ! Unidirectional s-t. expansions: 439, time: 377 [ms], path length: 37 [edges], generated: 786
[00:00:00:00:364] Path of length 37 found: [41, 40, 39, 32, 31, 38, 37, 30, 23, 24, 17, 18, 11, 12, 19, 26, 27, 20, 13, 6, 5, 4, 3, 2, 1, 8, 9, 16, 15, 22, 29, 36, 35, 28, 21, 14, 7, 0]
[00:00:00:00:364] ! Unidirectional t-s. expansions: 496, time: 364 [ms], path length: 37 [edges], generated: 835
[00:00:00:00:469] Path of length 37 found: [0, 7, 14, 21, 28, 35, 36, 29, 22, 15, 16, 9, 8, 1, 2, 3, 4, 5, 6, 13, 20, 27, 26, 19, 12, 11, 18, 17, 24, 23, 30, 37, 38, 31, 32, 39, 40, 41]
[00:00:00:00:775] ! Bidirectional. expansions: 980, time: 469 [ms], path length: 37 [edges], g_F: 19, g_B: 18, generated: {'F': 877, 'B': 841}, MM: 1, MMPER: 1.6315789473684212%

[00:00:00:00:775] average expansions: (7,533, 8,751, 8,101, 0)
[00:00:00:00:775] average time: (4,663, 5,275, 3,400, 0)
[00:00:00:00:775] X-DFBnB: 7,533 , 4,663 (expansions , time[ms])
[00:00:00:00:775] BiX-DFBnB: 8,101 , 3,400 (expansions , time[ms])

