Thu 12 Mar 2026 17:40:43 IST

SLURM_JOBID:		 15627332
SLURM_JOB_NODELIST:	 ise-cpu256-27 

--------------------------
date: SM_Grids
number_of_graphs: 10
graph_type: grid
size_of_graphs: [6, 7]
heuristic: bcc_heuristic
snake: False
run_uni: True
run_bi: True
run_multi: False
solution_vertices: []
algorithms: ['DFBnB']
bsd: False
cube_first_dims: 4
cube_buffer_dim: None
backward_sym_generation: False
sym_coil: False
prefix_set: None

---------- SM_Grids/6x7_grid_with_random_blocks_20per_0 ----------
[00:00:00:00:051] Path of length 29 found: [0, 7, 14, 21, 28, 29, 22, 15, 16, 9, 2, 3, 10, 11, 12, 19, 20, 27, 26, 25, 24, 31, 30, 37, 38, 39, 32, 33, 40, 41]
[00:00:00:00:051] ! Unidirectional s-t. expansions: 99, time: 51 [ms], path length: 29 [edges], generated: 169
[00:00:00:00:175] Path of length 29 found: [41, 34, 27, 20, 19, 26, 25, 24, 31, 32, 33, 40, 39, 38, 37, 30, 29, 28, 21, 22, 15, 16, 9, 10, 11, 4, 3, 2, 1, 0]
[00:00:00:00:175] ! Unidirectional t-s. expansions: 301, time: 175 [ms], path length: 29 [edges], generated: 507
[00:00:00:00:559] New longest path found with length 17 at expansion 568
[00:00:00:00:560] New longest path found with length 19 at expansion 569
[00:00:00:00:562] New longest path found with length 21 at expansion 570
[00:00:00:01:826] New longest path found with length 23 at expansion 1,420
[00:00:00:02:679] New longest path found with length 29 at expansion 1,975
[00:00:00:03:338] Path of length 29 found: [0, 7, 14, 21, 28, 29, 22, 15, 16, 9, 2, 3, 10, 11, 12, 19, 20, 27, 26, 25, 24, 31, 30, 37, 38, 39, 32, 33, 34, 41]
[00:00:00:03:717] ! Bidirectional. expansions: 2,350, time: 3,338 [ms], path length: 29 [edges], g_F: 15, g_B: 14, generated: {'F': 3,365, 'B': 3,643}, MM: 1, MMPER: 2.3333333333333335%
[00:00:00:03:717] 
---------- SM_Grids/6x7_grid_with_random_blocks_20per_1 ----------
[00:00:00:00:016] Path of length 25 found: [0, 7, 8, 15, 14, 21, 22, 29, 28, 35, 36, 37, 30, 31, 38, 39, 32, 33, 26, 19, 12, 13, 20, 27, 34, 41]
[00:00:00:00:016] ! Unidirectional s-t. expansions: 25, time: 16 [ms], path length: 25 [edges], generated: 39
[00:00:00:00:016] Path of length 25 found: [41, 34, 27, 20, 13, 12, 19, 26, 33, 32, 39, 38, 31, 30, 37, 36, 35, 28, 29, 22, 21, 14, 15, 8, 7, 0]
[00:00:00:00:016] ! Unidirectional t-s. expansions: 25, time: 16 [ms], path length: 25 [edges], generated: 39
[00:00:00:00:018] New longest path found with length 23 at expansion 11
[00:00:00:00:020] New longest path found with length 25 at expansion 12
[00:00:00:00:022] Path of length 25 found: [0, 7, 8, 15, 14, 21, 22, 29, 28, 35, 36, 37, 30, 31, 38, 39, 32, 33, 26, 19, 12, 13, 20, 27, 34, 41]
[00:00:00:00:327] ! Bidirectional. expansions: 13, time: 22 [ms], path length: 25 [edges], g_F: 13, g_B: 12, generated: {'F': 20, 'B': 21}, MM: 1, MMPER: 2.8461538461538463%
[00:00:00:00:327] 
---------- SM_Grids/6x7_grid_with_random_blocks_20per_2 ----------
[00:00:00:00:042] Path of length 29 found: [0, 1, 8, 7, 14, 21, 28, 29, 22, 15, 16, 9, 10, 3, 4, 5, 12, 11, 18, 19, 20, 27, 26, 25, 24, 31, 38, 39, 40, 41]
[00:00:00:00:043] ! Unidirectional s-t. expansions: 56, time: 43 [ms], path length: 29 [edges], generated: 95
[00:00:00:00:018] Path of length 29 found: [41, 40, 39, 38, 31, 24, 25, 26, 27, 20, 19, 18, 11, 12, 5, 4, 3, 10, 9, 16, 15, 22, 29, 28, 21, 14, 7, 8, 1, 0]
[00:00:00:00:018] ! Unidirectional t-s. expansions: 29, time: 18 [ms], path length: 29 [edges], generated: 45
[00:00:00:00:020] New longest path found with length 25 at expansion 12
[00:00:00:00:026] New longest path found with length 27 at expansion 16
[00:00:00:00:097] New longest path found with length 29 at expansion 60
[00:00:00:00:105] Path of length 29 found: [0, 1, 8, 7, 14, 21, 28, 29, 22, 15, 16, 9, 10, 3, 4, 5, 12, 11, 18, 19, 20, 27, 26, 25, 24, 31, 38, 39, 40, 41]
[00:00:00:00:413] ! Bidirectional. expansions: 64, time: 105 [ms], path length: 29 [edges], g_F: 15, g_B: 14, generated: {'F': 112, 'B': 104}, MM: 1, MMPER: 2.3333333333333335%
[00:00:00:00:413] 
---------- SM_Grids/6x7_grid_with_random_blocks_20per_3 ----------
[00:00:00:00:060] Path of length 27 found: [0, 7, 14, 15, 8, 1, 2, 3, 4, 11, 10, 9, 16, 17, 24, 23, 30, 37, 38, 31, 32, 25, 26, 27, 34, 33, 40, 41]
[00:00:00:00:061] ! Unidirectional s-t. expansions: 84, time: 60 [ms], path length: 27 [edges], generated: 140
[00:00:00:00:106] Path of length 27 found: [41, 34, 27, 26, 25, 24, 31, 32, 33, 40, 39, 38, 37, 30, 23, 16, 17, 10, 11, 4, 3, 2, 9, 8, 15, 14, 7, 0]
[00:00:00:00:106] ! Unidirectional t-s. expansions: 166, time: 106 [ms], path length: 27 [edges], generated: 279
[00:00:00:00:025] New longest path found with length 27 at expansion 14
[00:00:00:00:557] Path of length 27 found: [0, 7, 14, 15, 8, 1, 2, 3, 4, 11, 10, 9, 16, 23, 30, 37, 38, 39, 40, 33, 32, 31, 24, 25, 26, 27, 34, 41]
[00:00:00:00:852] ! Bidirectional. expansions: 319, time: 557 [ms], path length: 27 [edges], g_F: 14, g_B: 13, generated: {'F': 465, 'B': 533}, MM: 1, MMPER: 2.5714285714285716%
[00:00:00:00:852] 
---------- SM_Grids/6x7_grid_with_random_blocks_20per_4 ----------
[00:00:00:00:018] Path of length 29 found: [0, 7, 14, 15, 22, 29, 30, 23, 16, 9, 10, 17, 24, 31, 38, 39, 32, 25, 18, 11, 4, 5, 6, 13, 20, 27, 26, 33, 34, 41]
[00:00:00:00:018] ! Unidirectional s-t. expansions: 29, time: 18 [ms], path length: 29 [edges], generated: 44
[00:00:00:00:020] Path of length 29 found: [41, 34, 27, 20, 13, 6, 5, 4, 11, 10, 9, 16, 23, 24, 17, 18, 25, 26, 33, 32, 39, 38, 31, 30, 29, 22, 15, 14, 7, 0]
[00:00:00:00:020] ! Unidirectional t-s. expansions: 29, time: 20 [ms], path length: 29 [edges], generated: 44
[00:00:00:00:015] New longest path found with length 19 at expansion 9
[00:00:00:00:019] New longest path found with length 21 at expansion 11
[00:00:00:00:025] New longest path found with length 27 at expansion 15
[00:00:00:00:027] New longest path found with length 29 at expansion 16
[00:00:00:00:029] Path of length 29 found: [0, 7, 14, 15, 22, 29, 30, 23, 16, 9, 10, 17, 24, 31, 38, 39, 32, 33, 26, 25, 18, 11, 4, 5, 6, 13, 20, 27, 34, 41]
[00:00:00:00:331] ! Bidirectional. expansions: 17, time: 29 [ms], path length: 29 [edges], g_F: 15, g_B: 14, generated: {'F': 31, 'B': 27}, MM: 1, MMPER: 2.3333333333333335%
[00:00:00:00:331] 
---------- SM_Grids/6x7_grid_with_random_blocks_20per_5 ----------
[00:00:00:00:054] Path of length 19 found: [0, 1, 2, 9, 10, 3, 4, 5, 12, 11, 18, 25, 32, 33, 26, 19, 20, 27, 34, 41]
[00:00:00:00:054] ! Unidirectional s-t. expansions: 71, time: 54 [ms], path length: 19 [edges], generated: 126
[00:00:00:00:045] Path of length 19 found: [41, 40, 33, 32, 25, 26, 27, 20, 19, 12, 5, 4, 11, 18, 17, 10, 3, 2, 1, 0]
[00:00:00:00:045] ! Unidirectional t-s. expansions: 59, time: 45 [ms], path length: 19 [edges], generated: 107
[00:00:00:00:015] New longest path found with length 17 at expansion 8
[00:00:00:00:017] New longest path found with length 19 at expansion 9
[00:00:00:00:181] Path of length 19 found: [0, 1, 2, 9, 10, 3, 4, 5, 12, 11, 18, 19, 20, 27, 26, 25, 32, 33, 40, 41]
[00:00:00:00:484] ! Bidirectional. expansions: 102, time: 181 [ms], path length: 19 [edges], g_F: 10, g_B: 9, generated: {'F': 189, 'B': 184}, MM: 1, MMPER: 4.0%
[00:00:00:00:484] 
---------- SM_Grids/6x7_grid_with_random_blocks_20per_6 ----------
[00:00:00:00:182] Path of length 27 found: [0, 7, 8, 15, 16, 9, 10, 3, 4, 5, 12, 11, 18, 17, 24, 23, 22, 21, 28, 35, 36, 37, 38, 39, 40, 33, 34, 41]
[00:00:00:00:182] ! Unidirectional s-t. expansions: 274, time: 182 [ms], path length: 27 [edges], generated: 451
[00:00:00:00:116] Path of length 27 found: [41, 34, 33, 40, 39, 38, 37, 36, 35, 28, 21, 22, 15, 16, 23, 24, 17, 18, 19, 12, 5, 4, 3, 10, 9, 8, 1, 0]
[00:00:00:00:117] ! Unidirectional t-s. expansions: 239, time: 116 [ms], path length: 27 [edges], generated: 394
[00:00:00:00:229] New longest path found with length 15 at expansion 159
[00:00:00:00:246] New longest path found with length 25 at expansion 168
[00:00:00:00:257] New longest path found with length 27 at expansion 175
[00:00:00:00:933] Path of length 27 found: [0, 7, 8, 15, 16, 9, 10, 3, 4, 11, 12, 19, 18, 17, 24, 23, 22, 21, 28, 35, 36, 37, 38, 39, 40, 33, 34, 41]
[00:00:00:01:233] ! Bidirectional. expansions: 552, time: 933 [ms], path length: 27 [edges], g_F: 14, g_B: 13, generated: {'F': 974, 'B': 868}, MM: 1, MMPER: 2.5714285714285716%
[00:00:00:01:234] 
---------- SM_Grids/6x7_grid_with_random_blocks_20per_7 ----------
[00:00:00:00:084] Path of length 23 found: [0, 1, 8, 7, 14, 15, 22, 23, 30, 37, 38, 31, 24, 25, 18, 19, 20, 27, 26, 33, 32, 39, 40, 41]
[00:00:00:00:084] ! Unidirectional s-t. expansions: 132, time: 84 [ms], path length: 23 [edges], generated: 253
[00:00:00:00:215] Path of length 23 found: [41, 34, 27, 20, 19, 18, 25, 26, 33, 40, 39, 32, 31, 38, 37, 30, 23, 16, 15, 14, 7, 8, 1, 0]
[00:00:00:00:215] ! Unidirectional t-s. expansions: 309, time: 215 [ms], path length: 23 [edges], generated: 538
[00:00:00:00:014] New longest path found with length 15 at expansion 7
[00:00:00:00:016] New longest path found with length 17 at expansion 8
[00:00:00:00:021] New longest path found with length 23 at expansion 11
[00:00:00:00:627] Path of length 23 found: [0, 1, 8, 7, 14, 15, 22, 23, 30, 37, 38, 39, 40, 33, 32, 31, 24, 25, 18, 19, 20, 27, 34, 41]
[00:00:00:00:968] ! Bidirectional. expansions: 386, time: 627 [ms], path length: 23 [edges], g_F: 12, g_B: 11, generated: {'F': 785, 'B': 707}, MM: 1, MMPER: 3.166666666666667%
[00:00:00:00:968] 
---------- SM_Grids/6x7_grid_with_random_blocks_20per_8 ----------
[00:00:00:00:034] Path of length 27 found: [0, 1, 8, 7, 14, 21, 28, 29, 22, 15, 16, 9, 10, 3, 4, 5, 12, 11, 18, 19, 20, 27, 26, 33, 32, 39, 40, 41]
[00:00:00:00:034] ! Unidirectional s-t. expansions: 45, time: 34 [ms], path length: 27 [edges], generated: 76
[00:00:00:00:033] Path of length 27 found: [41, 40, 39, 32, 33, 26, 27, 20, 19, 18, 11, 12, 5, 4, 3, 10, 9, 16, 15, 22, 29, 28, 21, 14, 7, 8, 1, 0]
[00:00:00:00:034] ! Unidirectional t-s. expansions: 50, time: 33 [ms], path length: 27 [edges], generated: 77
[00:00:00:00:022] New longest path found with length 25 at expansion 12
[00:00:00:00:041] New longest path found with length 27 at expansion 24
[00:00:00:00:055] Path of length 27 found: [0, 1, 8, 7, 14, 21, 28, 29, 22, 15, 16, 9, 10, 3, 4, 5, 12, 11, 18, 19, 20, 27, 26, 33, 32, 39, 40, 41]
[00:00:00:00:362] ! Bidirectional. expansions: 30, time: 55 [ms], path length: 27 [edges], g_F: 14, g_B: 13, generated: {'F': 52, 'B': 48}, MM: 1, MMPER: 2.5714285714285716%
[00:00:00:00:363] 
---------- SM_Grids/6x7_grid_with_random_blocks_20per_9 ----------
[00:00:00:00:025] Path of length 25 found: [0, 7, 14, 21, 22, 15, 8, 1, 2, 9, 10, 17, 24, 23, 30, 37, 38, 31, 32, 39, 40, 33, 26, 27, 34, 41]
[00:00:00:00:026] ! Unidirectional s-t. expansions: 35, time: 25 [ms], path length: 25 [edges], generated: 59
[00:00:00:00:017] Path of length 25 found: [41, 34, 27, 26, 33, 40, 39, 32, 31, 38, 37, 30, 23, 24, 17, 10, 3, 2, 9, 8, 15, 22, 21, 14, 7, 0]
[00:00:00:00:017] ! Unidirectional t-s. expansions: 25, time: 17 [ms], path length: 25 [edges], generated: 41
[00:00:00:00:022] New longest path found with length 25 at expansion 12
[00:00:00:00:037] Path of length 25 found: [0, 7, 14, 21, 22, 15, 8, 1, 2, 9, 10, 17, 24, 23, 30, 37, 38, 31, 32, 39, 40, 33, 26, 27, 34, 41]
[00:00:00:00:347] ! Bidirectional. expansions: 19, time: 37 [ms], path length: 25 [edges], g_F: 13, g_B: 12, generated: {'F': 37, 'B': 33}, MM: 1, MMPER: 2.8461538461538463%

[00:00:00:00:347] average expansions: (85, 123, 385, 0)
[00:00:00:00:347] average time: (57, 76, 588, 0)
[00:00:00:00:348] X-DFBnB: 85 , 57 (expansions , time[ms])
[00:00:00:00:348] BiX-DFBnB: 385 , 588 (expansions , time[ms])

