Mon 09 Mar 2026 16:01:56 IST

SLURM_JOBID:		 15356673
SLURM_JOB_NODELIST:	 ise-cpu256-03 

--------------------------
date: SM_Grids
number_of_graphs: 10
graph_type: grid
size_of_graphs: [6, 7]
heuristic: bcc_heuristic
snake: False
run_uni: True
run_bi: True
run_multi: False
solution_vertices: []
algorithms: ['DFBnB']
bsd: False
cube_first_dims: 4
cube_buffer_dim: None
backward_sym_generation: False
sym_coil: False
prefix_set: None

---------- SM_Grids/6x7_grid_with_random_blocks_16per_0 ----------
[00:00:00:00:463] Path of length 31 found: [0, 7, 14, 21, 28, 35, 36, 29, 22, 15, 8, 1, 2, 3, 10, 9, 16, 23, 30, 37, 38, 39, 32, 31, 24, 25, 18, 19, 26, 27, 34, 41]
[00:00:00:00:463] ! Unidirectional s-t. expansions: 893, time: 463 [ms], path length: 31 [edges], generated: 1,527
[00:00:00:00:021] Path of length 31 found: [41, 34, 27, 20, 19, 18, 25, 24, 23, 16, 9, 10, 3, 2, 1, 8, 15, 22, 29, 30, 31, 32, 39, 38, 37, 36, 35, 28, 21, 14, 7, 0]
[00:00:00:00:021] ! Unidirectional t-s. expansions: 31, time: 21 [ms], path length: 31 [edges], generated: 51
[00:00:00:00:024] Path of length 31 found: [0, 7, 14, 21, 28, 35, 36, 29, 22, 15, 8, 1, 2, 3, 10, 9, 16, 23, 30, 37, 38, 39, 32, 31, 24, 25, 18, 19, 20, 27, 34, 41]
[00:00:00:00:354] ! Bidirectional. expansions: 52, time: 24 [ms], path length: 31 [edges], g_F: 16, g_B: 15, generated: {'F': 47, 'B': 45}, MM: 1, MMPER: 2.125%
[00:00:00:00:355] 
---------- SM_Grids/6x7_grid_with_random_blocks_16per_1 ----------
[00:00:00:00:128] Path of length 27 found: [0, 7, 14, 21, 28, 35, 36, 29, 22, 15, 8, 1, 2, 9, 16, 17, 18, 25, 24, 23, 30, 37, 38, 39, 32, 33, 34, 41]
[00:00:00:00:128] ! Unidirectional s-t. expansions: 151, time: 128 [ms], path length: 27 [edges], generated: 270
[00:00:00:00:020] Path of length 27 found: [41, 34, 33, 26, 25, 32, 39, 38, 37, 30, 23, 24, 17, 16, 9, 2, 1, 8, 15, 22, 29, 36, 35, 28, 21, 14, 7, 0]
[00:00:00:00:020] ! Unidirectional t-s. expansions: 27, time: 20 [ms], path length: 27 [edges], generated: 43
[00:00:00:00:034] Path of length 27 found: [0, 7, 14, 21, 28, 35, 36, 29, 22, 15, 8, 1, 2, 9, 16, 17, 24, 23, 30, 37, 38, 39, 32, 25, 26, 33, 34, 41]
[00:00:00:00:363] ! Bidirectional. expansions: 50, time: 34 [ms], path length: 27 [edges], g_F: 14, g_B: 13, generated: {'F': 50, 'B': 46}, MM: 1, MMPER: 2.5714285714285716%
[00:00:00:00:363] 
---------- SM_Grids/6x7_grid_with_random_blocks_16per_2 ----------
[00:00:00:00:166] Path of length 33 found: [0, 1, 2, 9, 16, 23, 22, 15, 14, 21, 28, 29, 36, 37, 30, 31, 38, 39, 40, 33, 26, 25, 24, 17, 18, 11, 4, 5, 6, 13, 20, 27, 34, 41]
[00:00:00:00:166] ! Unidirectional s-t. expansions: 266, time: 166 [ms], path length: 33 [edges], generated: 465
[00:00:00:00:254] Path of length 33 found: [41, 34, 27, 20, 13, 6, 5, 4, 11, 18, 19, 26, 33, 40, 39, 38, 31, 30, 37, 36, 29, 28, 21, 14, 15, 22, 23, 24, 17, 16, 9, 2, 1, 0]
[00:00:00:00:254] ! Unidirectional t-s. expansions: 400, time: 254 [ms], path length: 33 [edges], generated: 658
[00:00:00:00:078] Path of length 33 found: [0, 1, 2, 9, 16, 23, 22, 15, 14, 21, 28, 29, 36, 37, 30, 31, 38, 39, 40, 33, 26, 25, 24, 17, 18, 11, 4, 5, 6, 13, 20, 27, 34, 41]
[00:00:00:00:371] ! Bidirectional. expansions: 206, time: 78 [ms], path length: 33 [edges], g_F: 17, g_B: 16, generated: {'F': 176, 'B': 178}, MM: 1, MMPER: 1.9411764705882355%
[00:00:00:00:371] 
---------- SM_Grids/6x7_grid_with_random_blocks_16per_3 ----------
[00:00:00:00:378] Path of length 29 found: [0, 7, 14, 21, 28, 35, 36, 37, 38, 31, 24, 17, 16, 23, 22, 15, 8, 1, 2, 3, 4, 11, 12, 5, 6, 13, 20, 27, 34, 41]
[00:00:00:00:379] ! Unidirectional s-t. expansions: 566, time: 378 [ms], path length: 29 [edges], generated: 914
[00:00:00:00:163] Path of length 29 found: [41, 34, 27, 20, 13, 6, 5, 12, 11, 4, 3, 2, 1, 8, 9, 16, 17, 24, 31, 38, 37, 36, 35, 28, 29, 22, 15, 14, 7, 0]
[00:00:00:00:163] ! Unidirectional t-s. expansions: 257, time: 163 [ms], path length: 29 [edges], generated: 443
[00:00:00:00:320] Path of length 29 found: [0, 7, 14, 21, 28, 35, 36, 37, 38, 31, 24, 17, 16, 23, 22, 15, 8, 1, 2, 3, 4, 11, 12, 5, 6, 13, 20, 27, 34, 41]
[00:00:00:00:617] ! Bidirectional. expansions: 750, time: 320 [ms], path length: 29 [edges], g_F: 15, g_B: 14, generated: {'F': 646, 'B': 645}, MM: 1, MMPER: 2.3333333333333335%
[00:00:00:00:617] 
---------- SM_Grids/6x7_grid_with_random_blocks_16per_4 ----------
[00:00:00:00:151] Path of length 33 found: [0, 7, 8, 15, 22, 23, 30, 29, 36, 37, 38, 31, 32, 39, 40, 33, 26, 25, 18, 17, 16, 9, 10, 3, 4, 11, 12, 5, 6, 13, 20, 27, 34, 41]
[00:00:00:00:151] ! Unidirectional s-t. expansions: 240, time: 151 [ms], path length: 33 [edges], generated: 413
[00:00:00:00:192] Path of length 33 found: [41, 34, 27, 20, 13, 6, 5, 12, 11, 4, 3, 10, 9, 16, 17, 18, 25, 26, 33, 40, 39, 32, 31, 38, 37, 36, 29, 30, 23, 22, 15, 8, 1, 0]
[00:00:00:00:192] ! Unidirectional t-s. expansions: 279, time: 192 [ms], path length: 33 [edges], generated: 444
[00:00:00:00:033] Path of length 33 found: [0, 7, 8, 15, 22, 23, 30, 29, 36, 37, 38, 31, 32, 39, 40, 33, 26, 25, 18, 17, 16, 9, 10, 3, 4, 11, 12, 5, 6, 13, 20, 27, 34, 41]
[00:00:00:00:326] ! Bidirectional. expansions: 88, time: 33 [ms], path length: 33 [edges], g_F: 17, g_B: 16, generated: {'F': 88, 'B': 77}, MM: 1, MMPER: 1.9411764705882355%
[00:00:00:00:326] 
---------- SM_Grids/6x7_grid_with_random_blocks_16per_5 ----------
[00:00:00:00:022] Path of length 31 found: [0, 7, 14, 21, 28, 29, 22, 15, 8, 1, 2, 3, 10, 17, 16, 23, 30, 31, 24, 25, 18, 11, 4, 5, 12, 19, 26, 27, 34, 33, 40, 41]
[00:00:00:00:022] ! Unidirectional s-t. expansions: 32, time: 22 [ms], path length: 31 [edges], generated: 52
[00:00:00:00:021] Path of length 31 found: [41, 40, 33, 34, 27, 26, 19, 12, 5, 4, 3, 2, 1, 8, 15, 22, 23, 16, 17, 10, 11, 18, 25, 24, 31, 30, 29, 28, 21, 14, 7, 0]
[00:00:00:00:021] ! Unidirectional t-s. expansions: 31, time: 21 [ms], path length: 31 [edges], generated: 52
[00:00:00:00:015] Path of length 31 found: [0, 7, 14, 21, 28, 29, 22, 15, 8, 1, 2, 3, 10, 17, 16, 23, 30, 31, 24, 25, 18, 11, 4, 5, 12, 19, 26, 27, 34, 33, 40, 41]
[00:00:00:00:312] ! Bidirectional. expansions: 32, time: 15 [ms], path length: 31 [edges], g_F: 16, g_B: 15, generated: {'F': 29, 'B': 30}, MM: 1, MMPER: 2.125%
[00:00:00:00:312] 
---------- SM_Grids/6x7_grid_with_random_blocks_16per_6 ----------
[00:00:00:00:034] Path of length 33 found: [0, 1, 8, 7, 14, 21, 22, 15, 16, 23, 30, 37, 38, 39, 32, 25, 24, 17, 18, 11, 10, 3, 4, 5, 12, 13, 20, 19, 26, 27, 34, 33, 40, 41]
[00:00:00:00:035] ! Unidirectional s-t. expansions: 56, time: 34 [ms], path length: 33 [edges], generated: 91
[00:00:00:00:022] Path of length 33 found: [41, 34, 27, 20, 13, 12, 5, 4, 3, 10, 11, 18, 19, 26, 25, 32, 33, 40, 39, 38, 37, 30, 23, 24, 17, 16, 15, 22, 21, 14, 7, 8, 1, 0]
[00:00:00:00:022] ! Unidirectional t-s. expansions: 33, time: 22 [ms], path length: 33 [edges], generated: 52
[00:00:00:00:019] Path of length 33 found: [0, 1, 8, 7, 14, 21, 22, 15, 16, 17, 24, 23, 30, 37, 38, 39, 40, 33, 32, 25, 26, 19, 18, 11, 10, 3, 4, 5, 12, 13, 20, 27, 34, 41]
[00:00:00:00:318] ! Bidirectional. expansions: 56, time: 19 [ms], path length: 33 [edges], g_F: 17, g_B: 16, generated: {'F': 47, 'B': 54}, MM: 1, MMPER: 1.9411764705882355%
[00:00:00:00:318] 
---------- SM_Grids/6x7_grid_with_random_blocks_16per_7 ----------
[00:00:00:00:050] Path of length 31 found: [0, 7, 8, 15, 16, 9, 2, 3, 4, 5, 6, 13, 12, 11, 18, 25, 24, 23, 30, 29, 28, 35, 36, 37, 38, 31, 32, 39, 40, 33, 34, 41]
[00:00:00:00:050] ! Unidirectional s-t. expansions: 72, time: 50 [ms], path length: 31 [edges], generated: 113
[00:00:00:00:078] Path of length 31 found: [41, 34, 33, 40, 39, 32, 31, 38, 37, 36, 35, 28, 29, 30, 23, 24, 25, 18, 19, 12, 13, 6, 5, 4, 3, 2, 9, 16, 15, 8, 1, 0]
[00:00:00:00:078] ! Unidirectional t-s. expansions: 125, time: 78 [ms], path length: 31 [edges], generated: 201
[00:00:00:00:053] Path of length 31 found: [0, 7, 8, 15, 16, 9, 2, 3, 4, 5, 6, 13, 12, 11, 18, 25, 24, 23, 30, 29, 28, 35, 36, 37, 38, 31, 32, 39, 40, 33, 34, 41]
[00:00:00:00:360] ! Bidirectional. expansions: 130, time: 53 [ms], path length: 31 [edges], g_F: 16, g_B: 15, generated: {'F': 102, 'B': 112}, MM: 1, MMPER: 2.125%
[00:00:00:00:360] 
---------- SM_Grids/6x7_grid_with_random_blocks_16per_8 ----------
[00:00:00:00:207] Path of length 31 found: [0, 7, 14, 21, 22, 15, 8, 9, 2, 3, 4, 5, 6, 13, 12, 19, 18, 17, 24, 25, 32, 31, 30, 29, 36, 37, 38, 39, 40, 33, 34, 41]
[00:00:00:00:207] ! Unidirectional s-t. expansions: 244, time: 207 [ms], path length: 31 [edges], generated: 408
[00:00:00:00:224] Path of length 31 found: [41, 34, 33, 40, 39, 32, 25, 18, 19, 12, 13, 6, 5, 4, 3, 2, 9, 10, 17, 24, 31, 38, 37, 30, 29, 22, 21, 14, 15, 8, 7, 0]
[00:00:00:00:224] ! Unidirectional t-s. expansions: 386, time: 224 [ms], path length: 31 [edges], generated: 613
[00:00:00:00:112] Path of length 31 found: [0, 7, 14, 21, 22, 15, 8, 9, 2, 3, 4, 5, 6, 13, 12, 19, 18, 17, 24, 25, 32, 31, 30, 29, 36, 37, 38, 39, 40, 33, 34, 41]
[00:00:00:00:404] ! Bidirectional. expansions: 282, time: 113 [ms], path length: 31 [edges], g_F: 16, g_B: 15, generated: {'F': 248, 'B': 244}, MM: 1, MMPER: 2.125%
[00:00:00:00:404] 
---------- SM_Grids/6x7_grid_with_random_blocks_16per_9 ----------
[00:00:00:00:109] Path of length 31 found: [0, 7, 14, 21, 28, 29, 22, 15, 8, 1, 2, 9, 16, 23, 24, 31, 38, 39, 32, 25, 18, 19, 12, 5, 6, 13, 20, 27, 26, 33, 40, 41]
[00:00:00:00:109] ! Unidirectional s-t. expansions: 186, time: 109 [ms], path length: 31 [edges], generated: 327
[00:00:00:00:043] Path of length 31 found: [41, 34, 27, 20, 13, 6, 5, 12, 19, 18, 25, 26, 33, 40, 39, 32, 31, 24, 23, 16, 9, 2, 1, 8, 15, 22, 29, 28, 21, 14, 7, 0]
[00:00:00:00:043] ! Unidirectional t-s. expansions: 55, time: 43 [ms], path length: 31 [edges], generated: 95
[00:00:00:00:123] Path of length 31 found: [0, 7, 14, 21, 28, 29, 22, 15, 8, 1, 2, 9, 16, 23, 24, 31, 32, 39, 40, 33, 26, 25, 18, 19, 12, 5, 6, 13, 20, 27, 34, 41]
[00:00:00:00:419] ! Bidirectional. expansions: 286, time: 123 [ms], path length: 31 [edges], g_F: 16, g_B: 15, generated: {'F': 235, 'B': 249}, MM: 1, MMPER: 2.125%

[00:00:00:00:419] average expansions: (271, 162, 193, 0)
[00:00:00:00:419] average time: (171, 104, 81, 0)
[00:00:00:00:419] X-DFBnB: 162 , 104 (expansions , time[ms])
[00:00:00:00:419] BiX-DFBnB: 193 , 81 (expansions , time[ms])

