Tue 10 Mar 2026 11:57:01 IST

SLURM_JOBID:		 15443257
SLURM_JOB_NODELIST:	 ise-cpu256-01 

--------------------------
date: SM_Grids
number_of_graphs: 10
graph_type: grid
size_of_graphs: [6, 8]
heuristic: bcc_heuristic
snake: False
run_uni: True
run_bi: True
run_multi: False
solution_vertices: []
algorithms: ['full']
bsd: True
cube_first_dims: 4
cube_buffer_dim: None
backward_sym_generation: False
sym_coil: False
prefix_set: None

---------- SM_Grids/6x8_grid_with_random_blocks_12per_0 ----------
[00:00:31:32:954] Path of length 40 found: [0, 8, 16, 24, 32, 40, 41, 42, 34, 26, 18, 17, 9, 1, 2, 10, 11, 3, 4, 5, 13, 21, 20, 19, 27, 35, 43, 44, 36, 28, 29, 37, 38, 30, 22, 14, 15, 23, 31, 39, 47]
[00:00:31:32:962] ! Unidirectional s-t. expansions: 4,507,159, time: 1,892,961 [ms], path length: 40 [edges], generated: 4,507,158
[00:00:35:26:123] Path of length 40 found: [47, 39, 31, 23, 15, 14, 13, 5, 4, 3, 2, 1, 9, 17, 18, 10, 11, 19, 20, 28, 29, 21, 22, 30, 38, 37, 36, 44, 43, 35, 27, 26, 34, 42, 41, 40, 32, 24, 16, 8, 0]
[00:00:35:26:129] ! Unidirectional t-s. expansions: 4,839,345, time: 2,126,127 [ms], path length: 40 [edges], generated: 4,839,344
[00:00:49:39:102] Path of length 40 found: [0, 8, 16, 24, 32, 40, 41, 42, 34, 26, 27, 35, 43, 44, 36, 37, 38, 30, 22, 21, 29, 28, 20, 19, 11, 10, 18, 17, 9, 1, 2, 3, 4, 5, 13, 14, 15, 23, 31, 39, 47]
[00:00:49:43:472] ! Bidirectional. expansions: 4,565,033, time: 2,979,102 [ms], path length: 40 [edges], g_F: 0, g_B: 40, generated: 4,839,344, MM: 40, MMPER: 96.5609756097561%
[00:00:49:43:474] 
---------- SM_Grids/6x8_grid_with_random_blocks_12per_1 ----------
[00:00:47:07:551] Path of length 40 found: [0, 8, 16, 24, 25, 33, 32, 40, 41, 42, 34, 35, 27, 19, 11, 10, 9, 1, 2, 3, 4, 12, 20, 28, 36, 44, 45, 37, 29, 21, 13, 5, 6, 14, 22, 30, 31, 39, 38, 46, 47]
[00:00:47:07:580] ! Unidirectional s-t. expansions: 5,067,926, time: 2,827,561 [ms], path length: 40 [edges], generated: 5,067,925
[00:00:47:04:429] Path of length 40 found: [47, 39, 31, 30, 22, 14, 6, 5, 4, 3, 2, 1, 9, 10, 18, 19, 11, 12, 20, 21, 29, 37, 38, 46, 45, 44, 36, 28, 27, 35, 34, 42, 41, 40, 32, 33, 25, 24, 16, 8, 0]
[00:00:47:04:437] ! Unidirectional t-s. expansions: 6,157,060, time: 2,824,435 [ms], path length: 40 [edges], generated: 6,157,059
[00:00:52:53:931] Path of length 40 found: [0, 8, 16, 24, 25, 33, 32, 40, 41, 42, 34, 35, 27, 28, 36, 44, 45, 46, 38, 37, 29, 21, 20, 12, 11, 19, 18, 10, 9, 1, 2, 3, 4, 5, 6, 14, 22, 30, 31, 39, 47]
[00:00:52:56:552] ! Bidirectional. expansions: 5,904,927, time: 3,173,931 [ms], path length: 40 [edges], g_F: 0, g_B: 40, generated: 6,157,059, MM: 40, MMPER: 96.5609756097561%
[00:00:52:56:554] 
---------- SM_Grids/6x8_grid_with_random_blocks_12per_2 ----------
[00:00:54:09:209] Path of length 40 found: [0, 8, 16, 24, 32, 33, 41, 42, 43, 35, 34, 26, 25, 17, 18, 10, 9, 1, 2, 3, 11, 12, 20, 28, 29, 21, 13, 5, 6, 14, 15, 23, 22, 30, 31, 39, 38, 37, 45, 46, 47]
[00:00:54:09:237] ! Unidirectional s-t. expansions: 7,041,294, time: 3,249,215 [ms], path length: 40 [edges], generated: 7,041,293
[00:00:55:35:576] Path of length 40 found: [47, 39, 31, 23, 15, 7, 6, 5, 13, 12, 20, 28, 29, 21, 22, 30, 38, 37, 45, 44, 43, 35, 34, 42, 41, 33, 32, 24, 16, 8, 9, 17, 25, 26, 18, 10, 11, 3, 2, 1, 0]
[00:00:55:35:585] ! Unidirectional t-s. expansions: 7,125,656, time: 3,335,583 [ms], path length: 40 [edges], generated: 7,125,655
[00:01:01:35:612] Path of length 40 found: [0, 1, 2, 3, 11, 10, 18, 26, 25, 17, 9, 8, 16, 24, 32, 33, 41, 42, 34, 35, 43, 44, 45, 37, 38, 30, 22, 21, 29, 28, 20, 12, 13, 5, 6, 7, 15, 23, 31, 39, 47]
[00:01:02:14:275] ! Bidirectional. expansions: 6,823,863, time: 3,695,612 [ms], path length: 40 [edges], g_F: 0, g_B: 40, generated: 7,125,655, MM: 40, MMPER: 96.5609756097561%
[00:01:02:14:275] 
---------- SM_Grids/6x8_grid_with_random_blocks_12per_3 ----------
[00:01:14:16:355] Path of length 40 found: [0, 1, 9, 8, 16, 24, 32, 33, 25, 26, 34, 35, 43, 44, 36, 28, 27, 19, 18, 10, 11, 3, 4, 12, 20, 21, 13, 5, 6, 14, 15, 23, 22, 30, 31, 39, 38, 37, 45, 46, 47]
[00:01:14:16:405] ! Unidirectional s-t. expansions: 9,918,397, time: 4,456,376 [ms], path length: 40 [edges], generated: 9,918,396
[00:01:00:43:134] Path of length 40 found: [47, 39, 31, 23, 15, 7, 6, 5, 4, 3, 11, 10, 18, 19, 27, 28, 20, 12, 13, 21, 22, 30, 38, 46, 45, 37, 36, 44, 43, 35, 34, 26, 25, 33, 32, 24, 16, 8, 9, 1, 0]
[00:01:00:43:149] ! Unidirectional t-s. expansions: 7,803,373, time: 3,643,147 [ms], path length: 40 [edges], generated: 7,803,372
[00:01:07:40:195] Path of length 40 found: [0, 1, 9, 8, 16, 24, 32, 33, 25, 26, 34, 35, 43, 44, 36, 37, 45, 46, 38, 30, 22, 21, 13, 12, 20, 28, 27, 19, 18, 10, 11, 3, 4, 5, 6, 7, 15, 23, 31, 39, 47]
[00:01:07:42:463] ! Bidirectional. expansions: 7,334,499, time: 4,060,195 [ms], path length: 40 [edges], g_F: 0, g_B: 40, generated: 7,803,372, MM: 40, MMPER: 96.5609756097561%
[00:01:07:42:464] 
---------- SM_Grids/6x8_grid_with_random_blocks_12per_4 ----------
[00:00:00:09:109] Path of length 40 found: [0, 8, 16, 24, 32, 40, 41, 33, 25, 17, 9, 1, 2, 3, 4, 5, 6, 14, 13, 12, 11, 10, 18, 19, 27, 26, 34, 42, 43, 35, 36, 44, 45, 37, 29, 30, 31, 39, 38, 46, 47]
[00:00:00:09:136] ! Unidirectional s-t. expansions: 12,664, time: 9,109 [ms], path length: 40 [edges], generated: 15,064
[00:00:05:51:702] Path of length 40 found: [47, 39, 31, 30, 29, 37, 38, 46, 45, 44, 36, 35, 43, 42, 34, 26, 27, 19, 11, 12, 13, 14, 6, 5, 4, 3, 2, 1, 9, 10, 18, 17, 25, 33, 41, 40, 32, 24, 16, 8, 0]
[00:00:05:51:720] ! Unidirectional t-s. expansions: 667,412, time: 351,708 [ms], path length: 40 [edges], generated: 695,730
[00:00:50:36:803] Path of length 40 found: [0, 8, 16, 24, 32, 40, 41, 33, 25, 17, 18, 10, 9, 1, 2, 3, 4, 5, 6, 14, 13, 12, 11, 19, 27, 26, 34, 42, 43, 35, 36, 44, 45, 46, 38, 37, 29, 30, 31, 39, 47]
[00:00:50:39:193] ! Bidirectional. expansions: 5,806,834, time: 3,036,803 [ms], path length: 40 [edges], g_F: 0, g_B: 40, generated: 6,054,713, MM: 40, MMPER: 96.5609756097561%
[00:00:50:39:195] 
---------- SM_Grids/6x8_grid_with_random_blocks_12per_5 ----------
[00:00:00:44:333] Path of length 42 found: [0, 8, 16, 24, 32, 40, 41, 33, 34, 42, 43, 44, 36, 28, 20, 19, 27, 26, 18, 17, 9, 1, 2, 10, 11, 3, 4, 12, 13, 5, 6, 7, 15, 14, 22, 23, 31, 39, 38, 37, 45, 46, 47]
[00:00:00:44:357] ! Unidirectional s-t. expansions: 90,059, time: 44,335 [ms], path length: 42 [edges], generated: 96,488
[00:00:08:11:940] Path of length 42 found: [47, 39, 31, 23, 22, 14, 15, 7, 6, 5, 13, 12, 4, 3, 11, 10, 2, 1, 9, 17, 18, 26, 27, 19, 20, 28, 36, 37, 38, 46, 45, 44, 43, 42, 34, 33, 41, 40, 32, 24, 16, 8, 0]
[00:00:08:11:952] ! Unidirectional t-s. expansions: 993,861, time: 491,951 [ms], path length: 42 [edges], generated: 1,046,395
[00:00:31:09:812] Path of length 42 found: [0, 8, 16, 24, 32, 40, 41, 33, 34, 42, 43, 44, 45, 46, 38, 37, 36, 28, 20, 19, 27, 26, 18, 17, 9, 1, 2, 10, 11, 3, 4, 12, 13, 5, 6, 7, 15, 14, 22, 23, 31, 39, 47]
[00:00:31:12:326] ! Bidirectional. expansions: 3,618,568, time: 1,869,812 [ms], path length: 42 [edges], g_F: 0, g_B: 42, generated: 3,774,427, MM: 42, MMPER: 96.67441860465117%
[00:00:31:12:326] 
---------- SM_Grids/6x8_grid_with_random_blocks_12per_6 ----------
[00:00:20:24:174] Path of length 40 found: [0, 8, 16, 24, 32, 40, 41, 33, 25, 17, 9, 1, 2, 10, 18, 26, 34, 35, 43, 44, 36, 37, 29, 21, 20, 28, 27, 19, 11, 3, 4, 12, 13, 14, 6, 7, 15, 23, 31, 39, 47]
[00:00:20:24:205] ! Unidirectional s-t. expansions: 2,383,344, time: 1,224,185 [ms], path length: 40 [edges], generated: 2,622,373
[00:00:33:19:177] Path of length 40 found: [47, 39, 31, 23, 15, 7, 6, 14, 13, 12, 4, 3, 2, 1, 9, 17, 25, 26, 18, 10, 11, 19, 27, 28, 20, 21, 29, 37, 36, 44, 43, 35, 34, 33, 41, 40, 32, 24, 16, 8, 0]
[00:00:33:19:185] ! Unidirectional t-s. expansions: 4,280,269, time: 1,999,183 [ms], path length: 40 [edges], generated: 4,280,268
[00:00:36:50:506] Path of length 38 found: [0, 8, 16, 24, 32, 40, 41, 33, 34, 35, 36, 37, 29, 21, 20, 28, 27, 19, 11, 10, 18, 26, 25, 17, 9, 1, 2, 3, 4, 12, 13, 14, 6, 7, 15, 23, 31, 39, 47]
[00:00:36:53:102] ! Bidirectional. expansions: 4,040,298, time: 2,210,507 [ms], path length: 38 [edges], g_F: 0, g_B: 38, generated: 4,280,136, MM: 38, MMPER: 96.43589743589743%
[00:00:36:53:104] 
---------- SM_Grids/6x8_grid_with_random_blocks_12per_7 ----------
[00:00:54:00:702] Path of length 38 found: [0, 1, 9, 17, 16, 24, 32, 40, 41, 33, 25, 26, 18, 10, 11, 19, 27, 35, 34, 42, 43, 44, 36, 28, 20, 12, 4, 5, 13, 21, 29, 37, 45, 46, 38, 30, 31, 39, 47]
[00:00:54:00:724] ! Unidirectional s-t. expansions: 7,234,071, time: 3,240,713 [ms], path length: 38 [edges], generated: 7,234,070
[00:01:11:55:675] Path of length 38 found: [47, 39, 31, 30, 29, 21, 13, 5, 4, 12, 11, 10, 18, 26, 25, 33, 34, 35, 27, 19, 20, 28, 36, 37, 38, 46, 45, 44, 43, 42, 41, 40, 32, 24, 16, 17, 9, 1, 0]
[00:01:11:55:691] ! Unidirectional t-s. expansions: 8,540,830, time: 4,315,683 [ms], path length: 38 [edges], generated: 8,972,534
[00:01:19:09:640] Path of length 38 found: [0, 1, 9, 17, 16, 24, 32, 40, 41, 42, 43, 44, 45, 46, 38, 37, 36, 28, 20, 19, 27, 35, 34, 33, 25, 26, 18, 10, 11, 12, 4, 5, 13, 21, 29, 30, 31, 39, 47]
[00:01:19:11:884] ! Bidirectional. expansions: 8,540,829, time: 4,749,640 [ms], path length: 38 [edges], g_F: 1, g_B: 37, generated: 8,972,534, MM: 36, MMPER: 91.3076923076923%
[00:01:19:11:885] 
---------- SM_Grids/6x8_grid_with_random_blocks_12per_8 ----------
[00:00:19:31:287] Path of length 40 found: [0, 8, 16, 24, 32, 40, 41, 42, 34, 26, 18, 17, 9, 1, 2, 10, 11, 3, 4, 12, 20, 19, 27, 35, 43, 44, 45, 37, 36, 28, 29, 21, 13, 14, 6, 7, 15, 23, 31, 39, 47]
[00:00:19:31:325] ! Unidirectional s-t. expansions: 2,386,789, time: 1,171,293 [ms], path length: 40 [edges], generated: 2,571,027
[00:00:25:13:960] Path of length 40 found: [47, 39, 31, 23, 15, 7, 6, 14, 13, 12, 4, 3, 2, 1, 9, 17, 18, 10, 11, 19, 27, 26, 34, 35, 36, 28, 20, 21, 29, 37, 45, 44, 43, 42, 41, 40, 32, 24, 16, 8, 0]
[00:00:25:13:966] ! Unidirectional t-s. expansions: 3,506,125, time: 1,513,964 [ms], path length: 40 [edges], generated: 3,506,124
[00:00:28:44:504] Path of length 40 found: [0, 8, 16, 24, 32, 40, 41, 42, 43, 44, 45, 37, 29, 21, 20, 28, 36, 35, 34, 26, 27, 19, 11, 10, 18, 17, 9, 1, 2, 3, 4, 12, 13, 14, 6, 7, 15, 23, 31, 39, 47]
[00:00:28:45:867] ! Bidirectional. expansions: 3,321,886, time: 1,724,504 [ms], path length: 40 [edges], g_F: 0, g_B: 40, generated: 3,506,124, MM: 40, MMPER: 96.5609756097561%
[00:00:28:45:867] 
---------- SM_Grids/6x8_grid_with_random_blocks_12per_9 ----------
[00:00:57:43:362] Path of length 40 found: [0, 8, 16, 24, 32, 40, 41, 33, 25, 17, 9, 10, 18, 26, 34, 42, 43, 35, 27, 19, 20, 12, 11, 3, 4, 5, 13, 14, 22, 23, 31, 30, 29, 37, 36, 44, 45, 46, 38, 39, 47]
[00:00:57:43:381] ! Unidirectional s-t. expansions: 8,076,003, time: 3,463,371 [ms], path length: 40 [edges], generated: 8,076,002
[00:00:53:14:469] Path of length 40 found: [47, 39, 31, 23, 22, 14, 13, 5, 4, 3, 11, 12, 20, 19, 18, 10, 9, 17, 25, 33, 34, 26, 27, 35, 36, 37, 29, 30, 38, 46, 45, 44, 43, 42, 41, 40, 32, 24, 16, 8, 0]
[00:00:53:14:479] ! Unidirectional t-s. expansions: 7,491,853, time: 3,194,477 [ms], path length: 40 [edges], generated: 7,491,852
[00:00:59:34:460] Path of length 40 found: [0, 8, 16, 24, 32, 40, 41, 42, 43, 44, 45, 46, 38, 30, 29, 37, 36, 35, 27, 26, 34, 33, 25, 17, 9, 10, 18, 19, 20, 12, 11, 3, 4, 5, 13, 14, 22, 23, 31, 39, 47]
[00:00:59:36:565] ! Bidirectional. expansions: 7,106,753, time: 3,574,460 [ms], path length: 40 [edges], g_F: 0, g_B: 40, generated: 7,491,852, MM: 40, MMPER: 96.5609756097561%

[00:00:59:36:570] average expansions: (4,671,771, 5,140,578, 5,706,349, 0)
[00:00:59:36:575] average time: (2,157,912, 2,379,626, 3,107,457, 0)
[00:00:59:36:579] A*: 4,671,771 , 2,157,912 (expansions , time[ms])
[00:00:59:36:582] XMM: 5,706,349 , 3,107,457 (expansions , time[ms])

