Tue 10 Mar 2026 11:57:01 IST

SLURM_JOBID:		 15443259
SLURM_JOB_NODELIST:	 ise-cpu256-01 

--------------------------
date: SM_Grids
number_of_graphs: 10
graph_type: grid
size_of_graphs: [6, 8]
heuristic: bcc_heuristic
snake: False
run_uni: True
run_bi: True
run_multi: False
solution_vertices: []
algorithms: ['full']
bsd: True
cube_first_dims: 4
cube_buffer_dim: None
backward_sym_generation: False
sym_coil: False
prefix_set: None

---------- SM_Grids/6x8_grid_with_random_blocks_20per_0 ----------
[00:00:00:01:116] Path of length 30 found: [0, 1, 2, 3, 11, 10, 18, 17, 16, 24, 32, 40, 41, 42, 34, 35, 27, 19, 20, 21, 13, 5, 6, 14, 15, 23, 22, 30, 31, 39, 47]
[00:00:00:01:116] ! Unidirectional s-t. expansions: 3,419, time: 1,116 [ms], path length: 30 [edges], generated: 3,418
[00:00:00:02:241] Path of length 30 found: [47, 39, 31, 23, 15, 7, 6, 5, 13, 14, 22, 21, 20, 19, 27, 35, 34, 42, 41, 40, 32, 24, 16, 17, 18, 10, 11, 3, 2, 1, 0]
[00:00:00:02:242] ! Unidirectional t-s. expansions: 6,460, time: 2,242 [ms], path length: 30 [edges], generated: 6,459
[00:00:00:02:483] Path of length 30 found: [0, 1, 2, 3, 11, 10, 18, 17, 16, 24, 32, 40, 41, 42, 34, 35, 27, 19, 20, 21, 22, 14, 13, 5, 6, 7, 15, 23, 31, 39, 47]
[00:00:00:02:899] ! Bidirectional. expansions: 6,132, time: 2,483 [ms], path length: 30 [edges], g_F: 0, g_B: 30, generated: 6,459, MM: 30, MMPER: 95.7741935483871%
[00:00:00:02:900] 
---------- SM_Grids/6x8_grid_with_random_blocks_20per_1 ----------
[00:00:00:19:569] Path of length 34 found: [0, 1, 2, 3, 11, 19, 27, 26, 25, 24, 32, 40, 41, 33, 34, 42, 43, 44, 45, 37, 36, 28, 20, 21, 13, 5, 6, 14, 15, 23, 31, 30, 38, 39, 47]
[00:00:00:19:570] ! Unidirectional s-t. expansions: 50,536, time: 19,569 [ms], path length: 34 [edges], generated: 53,726
[00:00:00:19:609] Path of length 34 found: [47, 39, 38, 30, 31, 23, 15, 7, 6, 5, 13, 21, 20, 28, 36, 37, 45, 44, 43, 35, 34, 33, 41, 40, 32, 24, 25, 26, 27, 19, 11, 3, 2, 1, 0]
[00:00:00:19:610] ! Unidirectional t-s. expansions: 48,030, time: 19,609 [ms], path length: 34 [edges], generated: 51,220
[00:00:00:21:980] Path of length 34 found: [0, 1, 2, 3, 11, 19, 27, 26, 25, 24, 32, 40, 41, 33, 34, 35, 43, 44, 45, 37, 36, 28, 20, 21, 13, 5, 6, 7, 15, 23, 31, 30, 38, 39, 47]
[00:00:00:22:316] ! Bidirectional. expansions: 48,029, time: 21,980 [ms], path length: 34 [edges], g_F: 1, g_B: 33, generated: 51,220, MM: 32, MMPER: 90.42857142857143%
[00:00:00:22:316] 
---------- SM_Grids/6x8_grid_with_random_blocks_20per_2 ----------
[00:00:00:00:393] Path of length 32 found: [0, 1, 2, 3, 11, 10, 9, 8, 16, 24, 32, 33, 25, 26, 34, 35, 43, 44, 36, 28, 29, 21, 13, 14, 6, 7, 15, 23, 31, 30, 38, 46, 47]
[00:00:00:00:393] ! Unidirectional s-t. expansions: 1,087, time: 393 [ms], path length: 32 [edges], generated: 1,213
[00:00:00:01:375] Path of length 32 found: [47, 39, 31, 23, 15, 7, 6, 14, 13, 21, 29, 30, 38, 37, 36, 44, 43, 35, 34, 26, 25, 33, 32, 24, 16, 8, 9, 10, 11, 3, 2, 1, 0]
[00:00:00:01:376] ! Unidirectional t-s. expansions: 2,912, time: 1,376 [ms], path length: 32 [edges], generated: 3,258
[00:00:00:00:304] Path of length 32 found: [47, 39, 31, 23, 15, 7, 6, 14, 13, 21, 29, 30, 38, 37, 36, 44, 43, 35, 34, 26, 25, 33, 32, 24, 16, 8, 9, 10, 11, 3, 2, 1, 0]
[00:00:00:00:632] ! Bidirectional. expansions: 628, time: 304 [ms], path length: 32 [edges], g_F: 14, g_B: 18, generated: 721, MM: 4, MMPER: 11.121212121212121%
[00:00:00:00:632] 
---------- SM_Grids/6x8_grid_with_random_blocks_20per_3 ----------
[00:00:00:14:610] Path of length 34 found: [0, 8, 16, 24, 32, 40, 41, 33, 34, 42, 43, 35, 27, 26, 18, 10, 11, 12, 13, 21, 22, 14, 6, 7, 15, 23, 31, 39, 38, 37, 36, 44, 45, 46, 47]
[00:00:00:14:611] ! Unidirectional s-t. expansions: 41,969, time: 14,610 [ms], path length: 34 [edges], generated: 41,968
[00:00:00:10:682] Path of length 34 found: [47, 39, 31, 23, 15, 7, 6, 14, 22, 21, 13, 12, 11, 10, 18, 26, 27, 35, 36, 37, 38, 46, 45, 44, 43, 42, 34, 33, 41, 40, 32, 24, 16, 8, 0]
[00:00:00:10:682] ! Unidirectional t-s. expansions: 26,125, time: 10,682 [ms], path length: 34 [edges], generated: 28,310
[00:00:00:11:754] Path of length 34 found: [0, 8, 16, 24, 32, 40, 41, 33, 34, 42, 43, 44, 45, 46, 38, 37, 36, 35, 27, 26, 18, 10, 11, 12, 13, 21, 22, 14, 6, 7, 15, 23, 31, 39, 47]
[00:00:00:12:088] ! Bidirectional. expansions: 26,125, time: 11,754 [ms], path length: 34 [edges], g_F: 2, g_B: 32, generated: 28,310, MM: 30, MMPER: 84.71428571428571%
[00:00:00:12:088] 
---------- SM_Grids/6x8_grid_with_random_blocks_20per_4 ----------
[00:00:00:02:577] Path of length 32 found: [0, 8, 16, 24, 32, 40, 41, 33, 34, 26, 25, 17, 9, 1, 2, 10, 11, 3, 4, 12, 20, 21, 22, 14, 15, 23, 31, 39, 38, 37, 45, 46, 47]
[00:00:00:02:578] ! Unidirectional s-t. expansions: 5,933, time: 2,577 [ms], path length: 32 [edges], generated: 6,505
[00:00:00:13:632] Path of length 32 found: [47, 46, 45, 37, 38, 39, 31, 23, 15, 14, 6, 5, 4, 12, 20, 19, 11, 3, 2, 1, 9, 17, 25, 33, 34, 42, 41, 40, 32, 24, 16, 8, 0]
[00:00:00:13:633] ! Unidirectional t-s. expansions: 33,965, time: 13,632 [ms], path length: 32 [edges], generated: 35,072
[00:00:00:15:286] Path of length 32 found: [0, 8, 16, 24, 32, 40, 41, 42, 34, 33, 25, 17, 9, 1, 2, 3, 11, 19, 20, 12, 4, 5, 6, 14, 15, 23, 31, 39, 38, 37, 45, 46, 47]
[00:00:00:15:620] ! Bidirectional. expansions: 21,027, time: 15,286 [ms], path length: 32 [edges], g_F: 3, g_B: 29, generated: 23,283, MM: 26, MMPER: 77.78787878787878%
[00:00:00:15:620] 
---------- SM_Grids/6x8_grid_with_random_blocks_20per_5 ----------
[00:00:00:05:086] Path of length 28 found: [0, 8, 16, 17, 9, 1, 2, 10, 11, 3, 4, 12, 20, 19, 18, 26, 25, 24, 32, 40, 41, 42, 43, 44, 45, 37, 38, 46, 47]
[00:00:00:05:086] ! Unidirectional s-t. expansions: 12,023, time: 5,086 [ms], path length: 28 [edges], generated: 12,672
[00:00:00:05:481] Path of length 28 found: [47, 46, 38, 37, 45, 44, 43, 42, 41, 40, 32, 24, 16, 8, 9, 17, 25, 26, 18, 10, 11, 19, 20, 12, 4, 3, 2, 1, 0]
[00:00:00:05:482] ! Unidirectional t-s. expansions: 13,161, time: 5,482 [ms], path length: 28 [edges], generated: 13,802
[00:00:00:07:318] Path of length 28 found: [0, 8, 16, 17, 9, 1, 2, 3, 4, 12, 20, 19, 11, 10, 18, 26, 25, 24, 32, 40, 41, 42, 43, 44, 45, 37, 38, 46, 47]
[00:00:00:07:646] ! Bidirectional. expansions: 13,030, time: 7,318 [ms], path length: 28 [edges], g_F: 4, g_B: 24, generated: 14,226, MM: 20, MMPER: 67.96551724137932%
[00:00:00:07:646] 
---------- SM_Grids/6x8_grid_with_random_blocks_20per_6 ----------
[00:00:00:04:655] Path of length 28 found: [0, 8, 16, 24, 32, 40, 41, 33, 25, 17, 18, 10, 2, 3, 11, 12, 20, 19, 27, 35, 43, 44, 36, 28, 29, 37, 38, 39, 47]
[00:00:00:04:655] ! Unidirectional s-t. expansions: 10,640, time: 4,655 [ms], path length: 28 [edges], generated: 11,657
[00:00:00:05:957] Path of length 28 found: [47, 39, 38, 37, 29, 28, 36, 44, 43, 35, 27, 19, 20, 12, 11, 3, 2, 10, 18, 17, 25, 33, 41, 40, 32, 24, 16, 8, 0]
[00:00:00:05:958] ! Unidirectional t-s. expansions: 15,208, time: 5,957 [ms], path length: 28 [edges], generated: 15,207
[00:00:00:06:628] Path of length 28 found: [0, 8, 16, 24, 32, 40, 41, 33, 25, 17, 18, 10, 2, 3, 11, 12, 20, 19, 27, 35, 43, 44, 36, 28, 29, 37, 38, 39, 47]
[00:00:00:06:958] ! Bidirectional. expansions: 14,190, time: 6,628 [ms], path length: 28 [edges], g_F: 0, g_B: 28, generated: 15,207, MM: 28, MMPER: 95.55172413793103%
[00:00:00:06:958] 
---------- SM_Grids/6x8_grid_with_random_blocks_20per_7 ----------
[00:00:00:00:583] Path of length 32 found: [0, 8, 16, 17, 25, 33, 41, 42, 34, 26, 18, 10, 9, 1, 2, 3, 4, 5, 6, 14, 13, 12, 20, 28, 36, 37, 45, 46, 38, 30, 31, 39, 47]
[00:00:00:00:584] ! Unidirectional s-t. expansions: 1,328, time: 583 [ms], path length: 32 [edges], generated: 1,491
[00:00:00:01:405] Path of length 32 found: [47, 39, 31, 30, 38, 46, 45, 37, 36, 28, 20, 12, 13, 14, 6, 5, 4, 3, 2, 1, 9, 10, 18, 26, 34, 42, 41, 33, 25, 17, 16, 8, 0]
[00:00:00:01:406] ! Unidirectional t-s. expansions: 3,342, time: 1,405 [ms], path length: 32 [edges], generated: 3,504
[00:00:00:00:914] Path of length 32 found: [0, 8, 16, 17, 25, 33, 41, 42, 34, 26, 18, 10, 9, 1, 2, 3, 4, 5, 6, 14, 13, 12, 20, 28, 36, 37, 45, 46, 38, 30, 31, 39, 47]
[00:00:00:01:245] ! Bidirectional. expansions: 1,517, time: 914 [ms], path length: 32 [edges], g_F: 8, g_B: 24, generated: 1,940, MM: 16, MMPER: 47.484848484848484%
[00:00:00:01:246] 
---------- SM_Grids/6x8_grid_with_random_blocks_20per_8 ----------
[00:00:03:09:803] Path of length 34 found: [0, 8, 16, 17, 9, 10, 11, 19, 27, 26, 25, 33, 34, 35, 43, 44, 45, 37, 36, 28, 29, 21, 20, 12, 13, 5, 6, 14, 22, 23, 31, 30, 38, 39, 47]
[00:00:03:09:805] ! Unidirectional s-t. expansions: 455,395, time: 189,804 [ms], path length: 34 [edges], generated: 482,419
[00:00:02:36:541] Path of length 34 found: [47, 39, 31, 23, 22, 14, 6, 5, 13, 12, 11, 19, 20, 21, 29, 30, 38, 37, 45, 44, 43, 35, 36, 28, 27, 26, 34, 33, 25, 17, 16, 8, 9, 1, 0]
[00:00:02:36:543] ! Unidirectional t-s. expansions: 401,504, time: 156,542 [ms], path length: 34 [edges], generated: 401,503
[00:00:02:57:785] Path of length 34 found: [0, 1, 9, 8, 16, 17, 25, 33, 34, 26, 27, 28, 36, 35, 43, 44, 45, 37, 38, 30, 29, 21, 20, 19, 11, 12, 13, 5, 6, 14, 22, 23, 31, 39, 47]
[00:00:02:58:305] ! Bidirectional. expansions: 374,478, time: 177,785 [ms], path length: 34 [edges], g_F: 0, g_B: 34, generated: 401,503, MM: 34, MMPER: 96.14285714285714%
[00:00:02:58:305] 
---------- SM_Grids/6x8_grid_with_random_blocks_20per_9 ----------
[00:00:00:01:544] Path of length 28 found: [0, 1, 2, 3, 11, 10, 9, 17, 16, 24, 32, 40, 41, 33, 34, 42, 43, 35, 27, 19, 20, 28, 36, 37, 45, 46, 38, 39, 47]
[00:00:00:01:546] ! Unidirectional s-t. expansions: 3,529, time: 1,544 [ms], path length: 28 [edges], generated: 3,846
[00:00:00:03:579] Path of length 28 found: [47, 39, 38, 46, 45, 37, 29, 28, 20, 19, 27, 26, 34, 35, 43, 42, 41, 33, 32, 24, 16, 17, 9, 10, 11, 3, 2, 1, 0]
[00:00:00:03:579] ! Unidirectional t-s. expansions: 3,101, time: 3,579 [ms], path length: 28 [edges], generated: 3,418
[00:00:00:02:817] Path of length 28 found: [0, 1, 2, 3, 11, 10, 9, 17, 16, 24, 32, 33, 41, 42, 43, 35, 34, 26, 27, 19, 20, 28, 29, 37, 45, 46, 38, 39, 47]
[00:00:00:03:155] ! Bidirectional. expansions: 5,541, time: 2,817 [ms], path length: 28 [edges], g_F: 3, g_B: 25, generated: 6,186, MM: 22, MMPER: 74.86206896551724%

[00:00:00:03:155] average expansions: (58,586, 55,381, 51,070, 0)
[00:00:00:03:155] average time: (23,994, 22,051, 24,727, 0)
[00:00:00:03:155] A*: 55,381 , 22,051 (expansions , time[ms])
[00:00:00:03:155] XMM: 51,070 , 24,727 (expansions , time[ms])

