Thu 12 Mar 2026 17:40:44 IST

SLURM_JOBID:		 15627336
SLURM_JOB_NODELIST:	 ise-cpu256-25 

--------------------------
date: SM_Grids
number_of_graphs: 10
graph_type: grid
size_of_graphs: [6, 8]
heuristic: bcc_heuristic
snake: False
run_uni: True
run_bi: True
run_multi: False
solution_vertices: []
algorithms: ['DFBnB']
bsd: False
cube_first_dims: 4
cube_buffer_dim: None
backward_sym_generation: False
sym_coil: False
prefix_set: None

---------- SM_Grids/6x8_grid_with_random_blocks_20per_0 ----------
[00:00:00:00:099] Path of length 30 found: [0, 1, 2, 3, 11, 10, 18, 17, 16, 24, 32, 40, 41, 42, 34, 35, 27, 19, 20, 21, 13, 5, 6, 7, 15, 14, 22, 30, 31, 39, 47]
[00:00:00:00:099] ! Unidirectional s-t. expansions: 153, time: 99 [ms], path length: 30 [edges], generated: 234
[00:00:00:00:073] Path of length 30 found: [47, 39, 31, 30, 22, 23, 15, 7, 6, 5, 13, 21, 20, 19, 27, 35, 34, 42, 41, 40, 32, 24, 25, 17, 18, 10, 11, 3, 2, 1, 0]
[00:00:00:00:074] ! Unidirectional t-s. expansions: 130, time: 73 [ms], path length: 30 [edges], generated: 192
[00:00:00:01:023] Path of length 30 found: [0, 1, 2, 3, 11, 10, 18, 17, 16, 24, 32, 40, 41, 42, 34, 35, 27, 19, 20, 21, 13, 5, 6, 7, 15, 23, 22, 30, 31, 39, 47]
[00:00:00:01:370] ! Bidirectional. expansions: 645, time: 1,023 [ms], path length: 30 [edges], g_F: 15, g_B: 15, generated: {'F': 943, 'B': 1,011}, MM: 0, MMPER: -1.0%
[00:00:00:01:370] 
---------- SM_Grids/6x8_grid_with_random_blocks_20per_1 ----------
[00:00:00:00:131] Path of length 34 found: [0, 1, 2, 3, 11, 19, 27, 26, 25, 24, 32, 40, 41, 33, 34, 42, 43, 44, 45, 37, 36, 28, 20, 21, 13, 5, 6, 14, 15, 23, 31, 30, 38, 39, 47]
[00:00:00:00:132] ! Unidirectional s-t. expansions: 212, time: 131 [ms], path length: 34 [edges], generated: 318
[00:00:00:00:445] Path of length 34 found: [47, 39, 38, 30, 31, 23, 15, 7, 6, 5, 13, 21, 20, 28, 36, 37, 45, 44, 43, 35, 34, 42, 41, 40, 32, 24, 25, 26, 27, 19, 11, 3, 2, 1, 0]
[00:00:00:00:445] ! Unidirectional t-s. expansions: 678, time: 445 [ms], path length: 34 [edges], generated: 1,210
[00:00:00:01:219] Path of length 34 found: [0, 1, 2, 3, 11, 19, 27, 26, 25, 24, 32, 40, 41, 33, 34, 42, 43, 44, 45, 37, 36, 28, 20, 21, 13, 5, 6, 7, 15, 23, 31, 30, 38, 39, 47]
[00:00:00:01:550] ! Bidirectional. expansions: 761, time: 1,219 [ms], path length: 34 [edges], g_F: 17, g_B: 17, generated: {'F': 1,224, 'B': 1,277}, MM: 0, MMPER: -1.0%
[00:00:00:01:550] 
---------- SM_Grids/6x8_grid_with_random_blocks_20per_2 ----------
[00:00:00:00:076] Path of length 32 found: [0, 1, 2, 3, 11, 10, 9, 8, 16, 17, 25, 24, 32, 33, 34, 35, 43, 44, 36, 28, 29, 21, 13, 14, 6, 7, 15, 23, 31, 30, 38, 46, 47]
[00:00:00:00:076] ! Unidirectional s-t. expansions: 127, time: 76 [ms], path length: 32 [edges], generated: 204
[00:00:00:00:104] Path of length 32 found: [47, 46, 38, 39, 31, 23, 15, 7, 6, 14, 13, 21, 29, 28, 36, 44, 43, 35, 34, 26, 25, 33, 32, 24, 16, 17, 9, 10, 11, 3, 2, 1, 0]
[00:00:00:00:104] ! Unidirectional t-s. expansions: 149, time: 104 [ms], path length: 32 [edges], generated: 237
[00:00:00:00:349] Path of length 32 found: [0, 1, 2, 3, 11, 10, 9, 8, 16, 24, 32, 33, 25, 26, 34, 35, 43, 44, 36, 28, 29, 21, 13, 14, 6, 7, 15, 23, 31, 39, 38, 46, 47]
[00:00:00:00:679] ! Bidirectional. expansions: 185, time: 349 [ms], path length: 32 [edges], g_F: 16, g_B: 16, generated: {'F': 326, 'B': 275}, MM: 0, MMPER: -1.0%
[00:00:00:00:679] 
---------- SM_Grids/6x8_grid_with_random_blocks_20per_3 ----------
[00:00:00:00:051] Path of length 34 found: [0, 8, 16, 24, 32, 40, 41, 33, 34, 42, 43, 35, 27, 26, 18, 10, 11, 12, 13, 21, 22, 14, 6, 7, 15, 23, 31, 39, 38, 37, 36, 44, 45, 46, 47]
[00:00:00:00:051] ! Unidirectional s-t. expansions: 72, time: 51 [ms], path length: 34 [edges], generated: 115
[00:00:00:00:117] Path of length 34 found: [47, 39, 31, 23, 15, 7, 6, 14, 22, 21, 13, 12, 11, 10, 18, 26, 27, 35, 36, 37, 38, 46, 45, 44, 43, 42, 34, 33, 41, 40, 32, 24, 16, 8, 0]
[00:00:00:00:117] ! Unidirectional t-s. expansions: 145, time: 117 [ms], path length: 34 [edges], generated: 229
[00:00:00:00:387] Path of length 34 found: [0, 8, 16, 24, 32, 40, 41, 33, 34, 42, 43, 44, 45, 46, 38, 37, 36, 35, 27, 26, 18, 10, 11, 12, 13, 21, 22, 14, 6, 7, 15, 23, 31, 39, 47]
[00:00:00:00:720] ! Bidirectional. expansions: 221, time: 388 [ms], path length: 34 [edges], g_F: 17, g_B: 17, generated: {'F': 358, 'B': 353}, MM: 0, MMPER: -1.0%
[00:00:00:00:720] 
---------- SM_Grids/6x8_grid_with_random_blocks_20per_4 ----------
[00:00:00:00:151] Path of length 32 found: [0, 8, 16, 24, 32, 40, 41, 42, 34, 26, 25, 17, 9, 1, 2, 10, 11, 3, 4, 12, 20, 21, 22, 14, 15, 23, 31, 39, 38, 37, 45, 46, 47]
[00:00:00:00:151] ! Unidirectional s-t. expansions: 217, time: 151 [ms], path length: 32 [edges], generated: 363
[00:00:00:00:123] Path of length 32 found: [47, 46, 45, 37, 38, 39, 31, 23, 15, 14, 6, 5, 4, 12, 20, 19, 11, 3, 2, 10, 9, 17, 25, 26, 34, 42, 41, 33, 32, 24, 16, 8, 0]
[00:00:00:00:123] ! Unidirectional t-s. expansions: 133, time: 123 [ms], path length: 32 [edges], generated: 238
[00:00:00:00:390] Path of length 32 found: [0, 8, 16, 24, 32, 40, 41, 42, 34, 26, 25, 17, 9, 1, 2, 10, 11, 19, 20, 12, 4, 5, 6, 14, 15, 23, 31, 39, 38, 37, 45, 46, 47]
[00:00:00:00:715] ! Bidirectional. expansions: 235, time: 390 [ms], path length: 32 [edges], g_F: 16, g_B: 16, generated: {'F': 402, 'B': 413}, MM: 0, MMPER: -1.0%
[00:00:00:00:715] 
---------- SM_Grids/6x8_grid_with_random_blocks_20per_5 ----------
[00:00:00:00:225] Path of length 28 found: [0, 8, 16, 17, 9, 1, 2, 10, 11, 3, 4, 12, 20, 19, 18, 26, 25, 24, 32, 40, 41, 42, 43, 44, 45, 37, 38, 46, 47]
[00:00:00:00:225] ! Unidirectional s-t. expansions: 263, time: 225 [ms], path length: 28 [edges], generated: 487
[00:00:00:00:049] Path of length 28 found: [47, 46, 38, 37, 45, 44, 43, 42, 41, 40, 32, 24, 16, 8, 9, 17, 25, 26, 27, 19, 18, 10, 11, 12, 4, 3, 2, 1, 0]
[00:00:00:00:049] ! Unidirectional t-s. expansions: 63, time: 49 [ms], path length: 28 [edges], generated: 115
[00:00:00:00:410] Path of length 28 found: [0, 8, 16, 17, 9, 1, 2, 10, 11, 3, 4, 12, 20, 19, 27, 26, 25, 24, 32, 40, 41, 42, 43, 44, 45, 37, 38, 46, 47]
[00:00:00:00:795] ! Bidirectional. expansions: 227, time: 411 [ms], path length: 28 [edges], g_F: 14, g_B: 14, generated: {'F': 430, 'B': 346}, MM: 0, MMPER: -1.0%
[00:00:00:00:795] 
---------- SM_Grids/6x8_grid_with_random_blocks_20per_6 ----------
[00:00:00:00:073] Path of length 28 found: [0, 8, 16, 24, 32, 40, 41, 33, 25, 17, 18, 10, 2, 3, 11, 12, 20, 19, 27, 35, 43, 44, 36, 28, 29, 37, 38, 39, 47]
[00:00:00:00:073] ! Unidirectional s-t. expansions: 80, time: 73 [ms], path length: 28 [edges], generated: 141
[00:00:00:00:077] Path of length 28 found: [47, 39, 38, 37, 29, 28, 36, 44, 43, 35, 27, 19, 20, 12, 11, 3, 2, 10, 18, 17, 25, 33, 41, 40, 32, 24, 16, 8, 0]
[00:00:00:00:078] ! Unidirectional t-s. expansions: 95, time: 77 [ms], path length: 28 [edges], generated: 158
[00:00:00:00:407] Path of length 28 found: [0, 8, 16, 24, 32, 40, 41, 33, 25, 17, 18, 10, 2, 3, 11, 12, 20, 19, 27, 35, 43, 44, 36, 28, 29, 37, 38, 39, 47]
[00:00:00:00:740] ! Bidirectional. expansions: 203, time: 407 [ms], path length: 28 [edges], g_F: 14, g_B: 14, generated: {'F': 365, 'B': 385}, MM: 0, MMPER: -1.0%
[00:00:00:00:740] 
---------- SM_Grids/6x8_grid_with_random_blocks_20per_7 ----------
[00:00:00:00:043] Path of length 32 found: [0, 8, 16, 17, 25, 33, 41, 42, 34, 26, 18, 10, 9, 1, 2, 3, 4, 5, 6, 14, 13, 12, 20, 28, 36, 37, 45, 46, 38, 30, 31, 39, 47]
[00:00:00:00:043] ! Unidirectional s-t. expansions: 55, time: 43 [ms], path length: 32 [edges], generated: 90
[00:00:00:00:023] Path of length 32 found: [47, 39, 31, 30, 38, 46, 45, 37, 36, 28, 20, 21, 13, 14, 6, 5, 4, 3, 2, 1, 9, 10, 18, 26, 34, 42, 41, 33, 25, 17, 16, 8, 0]
[00:00:00:00:023] ! Unidirectional t-s. expansions: 32, time: 23 [ms], path length: 32 [edges], generated: 52
[00:00:00:00:058] Path of length 32 found: [0, 8, 16, 17, 25, 33, 41, 42, 34, 26, 18, 10, 9, 1, 2, 3, 4, 5, 6, 14, 13, 21, 20, 28, 36, 37, 45, 46, 38, 30, 31, 39, 47]
[00:00:00:00:390] ! Bidirectional. expansions: 30, time: 58 [ms], path length: 32 [edges], g_F: 16, g_B: 16, generated: {'F': 52, 'B': 48}, MM: 0, MMPER: -1.0%
[00:00:00:00:391] 
---------- SM_Grids/6x8_grid_with_random_blocks_20per_8 ----------
[00:00:00:00:027] Path of length 34 found: [0, 1, 9, 8, 16, 17, 25, 33, 34, 26, 27, 19, 11, 12, 20, 28, 36, 35, 43, 44, 45, 37, 29, 21, 13, 5, 6, 14, 22, 23, 31, 30, 38, 39, 47]
[00:00:00:00:027] ! Unidirectional s-t. expansions: 34, time: 27 [ms], path length: 34 [edges], generated: 56
[00:00:00:00:148] Path of length 34 found: [47, 39, 31, 23, 22, 14, 6, 5, 13, 12, 11, 19, 20, 21, 29, 30, 38, 37, 45, 44, 43, 35, 36, 28, 27, 26, 34, 33, 25, 17, 16, 8, 9, 1, 0]
[00:00:00:00:148] ! Unidirectional t-s. expansions: 201, time: 148 [ms], path length: 34 [edges], generated: 339
[00:00:00:00:112] Path of length 34 found: [0, 1, 9, 8, 16, 17, 25, 33, 34, 26, 27, 28, 36, 35, 43, 44, 45, 37, 38, 30, 29, 21, 20, 19, 11, 12, 13, 5, 6, 14, 22, 23, 31, 39, 47]
[00:00:00:00:432] ! Bidirectional. expansions: 40, time: 112 [ms], path length: 34 [edges], g_F: 17, g_B: 17, generated: {'F': 75, 'B': 72}, MM: 0, MMPER: -1.0%
[00:00:00:00:432] 
---------- SM_Grids/6x8_grid_with_random_blocks_20per_9 ----------
[00:00:00:00:059] Path of length 28 found: [0, 1, 2, 3, 11, 10, 9, 17, 16, 24, 32, 40, 41, 33, 34, 42, 43, 35, 27, 19, 20, 28, 36, 37, 45, 46, 38, 39, 47]
[00:00:00:00:059] ! Unidirectional s-t. expansions: 97, time: 59 [ms], path length: 28 [edges], generated: 140
[00:00:00:00:042] Path of length 28 found: [47, 39, 38, 46, 45, 37, 29, 28, 20, 19, 27, 26, 34, 35, 43, 42, 41, 33, 32, 24, 16, 17, 9, 10, 11, 3, 2, 1, 0]
[00:00:00:00:042] ! Unidirectional t-s. expansions: 55, time: 42 [ms], path length: 28 [edges], generated: 92
[00:00:00:00:213] Path of length 28 found: [0, 1, 2, 3, 11, 10, 9, 17, 16, 24, 32, 40, 41, 42, 43, 35, 34, 26, 27, 19, 20, 28, 29, 37, 45, 46, 38, 39, 47]
[00:00:00:00:540] ! Bidirectional. expansions: 119, time: 213 [ms], path length: 28 [edges], g_F: 14, g_B: 14, generated: {'F': 193, 'B': 234}, MM: 0, MMPER: -1.0%

[00:00:00:00:541] average expansions: (131, 168, 267, 0)
[00:00:00:00:541] average time: (94, 120, 457, 0)
[00:00:00:00:541] X-DFBnB: 131 , 94 (expansions , time[ms])
[00:00:00:00:541] BiX-DFBnB: 267 , 457 (expansions , time[ms])

