Mon 09 Mar 2026 16:01:57 IST

SLURM_JOBID:		 15356689
SLURM_JOB_NODELIST:	 ise-cpu256-03 

--------------------------
date: SM_Grids
number_of_graphs: 10
graph_type: grid
size_of_graphs: [7, 7]
heuristic: bcc_heuristic
snake: False
run_uni: True
run_bi: True
run_multi: False
solution_vertices: []
algorithms: ['DFBnB']
bsd: False
cube_first_dims: 4
cube_buffer_dim: None
backward_sym_generation: False
sym_coil: False
prefix_set: None

---------- SM_Grids/7x7_grid_with_random_blocks_12per_0 ----------
[00:00:00:00:775] Path of length 38 found: [0, 7, 14, 21, 28, 35, 42, 43, 36, 29, 22, 15, 8, 1, 2, 9, 16, 17, 10, 3, 4, 11, 18, 19, 26, 33, 32, 31, 30, 37, 44, 45, 38, 39, 46, 47, 40, 41, 48]
[00:00:00:00:776] ! Unidirectional s-t. expansions: 931, time: 775 [ms], path length: 38 [edges], generated: 1,693
[00:00:00:00:552] Path of length 38 found: [48, 41, 40, 47, 46, 39, 32, 33, 26, 19, 18, 11, 4, 3, 2, 1, 8, 15, 16, 9, 10, 17, 24, 31, 30, 29, 36, 37, 38, 45, 44, 43, 42, 35, 28, 21, 14, 7, 0]
[00:00:00:00:552] ! Unidirectional t-s. expansions: 749, time: 552 [ms], path length: 38 [edges], generated: 1,276
[00:00:00:01:148] Path of length 38 found: [0, 7, 14, 21, 28, 35, 42, 43, 36, 29, 30, 37, 44, 45, 38, 31, 24, 17, 10, 9, 16, 15, 8, 1, 2, 3, 4, 11, 18, 19, 26, 33, 32, 39, 46, 47, 40, 41, 48]
[00:00:00:01:525] ! Bidirectional. expansions: 2,470, time: 1,148 [ms], path length: 38 [edges], g_F: 19, g_B: 19, generated: {'F': 2,318, 'B': 2,301}, MM: 0, MMPER: -1.0%
[00:00:00:01:525] 
---------- SM_Grids/7x7_grid_with_random_blocks_12per_1 ----------
[00:00:00:02:496] Path of length 40 found: [0, 7, 14, 21, 28, 29, 36, 35, 42, 43, 44, 45, 46, 39, 32, 31, 30, 23, 22, 15, 8, 1, 2, 9, 16, 17, 10, 3, 4, 11, 18, 25, 26, 19, 20, 27, 34, 33, 40, 47, 48]
[00:00:00:02:496] ! Unidirectional s-t. expansions: 3,592, time: 2,496 [ms], path length: 40 [edges], generated: 5,951
[00:00:00:00:492] Path of length 40 found: [48, 41, 34, 27, 20, 19, 18, 11, 4, 3, 2, 1, 8, 9, 10, 17, 16, 15, 22, 23, 30, 31, 32, 25, 26, 33, 40, 39, 46, 45, 44, 43, 42, 35, 36, 29, 28, 21, 14, 7, 0]
[00:00:00:00:492] ! Unidirectional t-s. expansions: 563, time: 492 [ms], path length: 40 [edges], generated: 1,008
[00:00:00:01:756] Path of length 40 found: [0, 7, 14, 21, 28, 29, 36, 35, 42, 43, 44, 45, 46, 47, 40, 33, 26, 25, 32, 31, 30, 23, 22, 15, 16, 17, 10, 9, 8, 1, 2, 3, 4, 11, 18, 19, 20, 27, 34, 41, 48]
[00:00:00:02:127] ! Bidirectional. expansions: 3,396, time: 1,756 [ms], path length: 40 [edges], g_F: 20, g_B: 20, generated: {'F': 3,315, 'B': 3,298}, MM: 0, MMPER: -1.0%
[00:00:00:02:127] 
---------- SM_Grids/7x7_grid_with_random_blocks_12per_2 ----------
[00:00:00:03:647] Path of length 38 found: [0, 7, 14, 21, 28, 29, 22, 15, 8, 1, 2, 9, 16, 23, 30, 37, 36, 43, 44, 45, 38, 31, 24, 17, 10, 3, 4, 11, 18, 19, 26, 25, 32, 39, 40, 33, 34, 41, 48]
[00:00:00:03:647] ! Unidirectional s-t. expansions: 4,991, time: 3,647 [ms], path length: 38 [edges], generated: 8,660
[00:00:00:00:507] Path of length 38 found: [48, 47, 40, 41, 34, 33, 26, 19, 18, 11, 4, 3, 2, 1, 8, 15, 22, 23, 16, 9, 10, 17, 24, 25, 32, 39, 38, 31, 30, 37, 44, 43, 36, 29, 28, 21, 14, 7, 0]
[00:00:00:00:507] ! Unidirectional t-s. expansions: 681, time: 507 [ms], path length: 38 [edges], generated: 1,240
[00:00:00:00:901] Path of length 38 found: [0, 7, 14, 21, 28, 29, 22, 15, 8, 1, 2, 9, 16, 23, 30, 37, 36, 43, 44, 45, 38, 31, 32, 25, 24, 17, 10, 3, 4, 11, 18, 19, 26, 33, 34, 41, 40, 47, 48]
[00:00:00:01:239] ! Bidirectional. expansions: 1,806, time: 901 [ms], path length: 38 [edges], g_F: 19, g_B: 19, generated: {'F': 1,758, 'B': 1,822}, MM: 0, MMPER: -1.0%
[00:00:00:01:239] 
---------- SM_Grids/7x7_grid_with_random_blocks_12per_3 ----------
[00:00:00:00:033] Path of length 42 found: [0, 7, 14, 21, 28, 35, 42, 43, 36, 37, 30, 29, 22, 15, 8, 1, 2, 9, 16, 23, 24, 17, 10, 3, 4, 5, 6, 13, 12, 19, 20, 27, 26, 25, 32, 39, 46, 47, 40, 33, 34, 41, 48]
[00:00:00:00:033] ! Unidirectional s-t. expansions: 42, time: 33 [ms], path length: 42 [edges], generated: 67
[00:00:00:00:150] Path of length 42 found: [48, 41, 34, 33, 40, 47, 46, 39, 32, 25, 26, 27, 20, 19, 12, 13, 6, 5, 4, 3, 2, 1, 8, 15, 16, 9, 10, 17, 24, 23, 22, 29, 30, 37, 36, 43, 42, 35, 28, 21, 14, 7, 0]
[00:00:00:00:150] ! Unidirectional t-s. expansions: 235, time: 150 [ms], path length: 42 [edges], generated: 406
[00:00:00:00:067] Path of length 42 found: [0, 7, 14, 21, 28, 35, 42, 43, 36, 37, 30, 29, 22, 15, 8, 1, 2, 9, 16, 23, 24, 17, 10, 3, 4, 5, 6, 13, 12, 19, 20, 27, 26, 25, 32, 39, 46, 47, 40, 33, 34, 41, 48]
[00:00:00:00:406] ! Bidirectional. expansions: 132, time: 67 [ms], path length: 42 [edges], g_F: 21, g_B: 21, generated: {'F': 115, 'B': 108}, MM: 0, MMPER: -1.0%
[00:00:00:00:406] 
---------- SM_Grids/7x7_grid_with_random_blocks_12per_4 ----------
[00:00:00:00:034] Path of length 42 found: [0, 7, 8, 1, 2, 9, 16, 15, 22, 21, 28, 29, 36, 43, 44, 45, 38, 31, 30, 23, 24, 17, 10, 3, 4, 11, 18, 19, 12, 5, 6, 13, 20, 27, 26, 33, 32, 39, 46, 47, 40, 41, 48]
[00:00:00:00:034] ! Unidirectional s-t. expansions: 42, time: 34 [ms], path length: 42 [edges], generated: 67
[00:00:00:00:079] Path of length 42 found: [48, 41, 40, 47, 46, 39, 32, 33, 26, 27, 20, 13, 6, 5, 4, 3, 10, 11, 12, 19, 18, 17, 24, 23, 30, 31, 38, 45, 44, 43, 36, 29, 28, 21, 22, 15, 16, 9, 2, 1, 8, 7, 0]
[00:00:00:00:079] ! Unidirectional t-s. expansions: 136, time: 79 [ms], path length: 42 [edges], generated: 211
[00:00:00:00:023] Path of length 42 found: [0, 7, 8, 1, 2, 9, 16, 15, 22, 21, 28, 29, 36, 43, 44, 45, 38, 31, 30, 23, 24, 17, 18, 19, 12, 11, 10, 3, 4, 5, 6, 13, 20, 27, 26, 33, 32, 39, 46, 47, 40, 41, 48]
[00:00:00:00:356] ! Bidirectional. expansions: 42, time: 23 [ms], path length: 42 [edges], g_F: 21, g_B: 21, generated: {'F': 36, 'B': 36}, MM: 0, MMPER: -1.0%
[00:00:00:00:356] 
---------- SM_Grids/7x7_grid_with_random_blocks_12per_5 ----------
[00:00:00:04:567] Path of length 40 found: [0, 7, 14, 21, 28, 35, 42, 43, 36, 29, 22, 15, 8, 1, 2, 9, 16, 23, 24, 25, 18, 11, 4, 5, 6, 13, 12, 19, 20, 27, 26, 33, 32, 31, 30, 37, 38, 45, 46, 47, 48]
[00:00:00:04:567] ! Unidirectional s-t. expansions: 6,203, time: 4,567 [ms], path length: 40 [edges], generated: 10,764
[00:00:00:01:550] Path of length 40 found: [48, 47, 46, 45, 38, 31, 24, 25, 32, 33, 34, 27, 26, 19, 20, 13, 6, 5, 4, 11, 10, 9, 2, 1, 8, 15, 16, 23, 22, 29, 30, 37, 36, 43, 42, 35, 28, 21, 14, 7, 0]
[00:00:00:01:550] ! Unidirectional t-s. expansions: 2,019, time: 1,550 [ms], path length: 40 [edges], generated: 3,682
[00:00:00:01:303] Path of length 40 found: [0, 7, 14, 21, 28, 35, 42, 43, 36, 37, 30, 29, 22, 23, 16, 15, 8, 1, 2, 9, 10, 11, 4, 5, 6, 13, 20, 19, 26, 27, 34, 33, 32, 25, 24, 31, 38, 45, 46, 47, 48]
[00:00:00:01:643] ! Bidirectional. expansions: 3,360, time: 1,303 [ms], path length: 40 [edges], g_F: 20, g_B: 20, generated: {'F': 2,994, 'B': 3,166}, MM: 0, MMPER: -1.0%
[00:00:00:01:643] 
---------- SM_Grids/7x7_grid_with_random_blocks_12per_6 ----------
[00:00:00:09:148] Path of length 40 found: [0, 7, 14, 21, 28, 35, 42, 43, 36, 29, 22, 15, 8, 1, 2, 3, 4, 11, 12, 5, 6, 13, 20, 27, 26, 25, 18, 17, 16, 23, 24, 31, 30, 37, 44, 45, 38, 39, 46, 47, 48]
[00:00:00:09:148] ! Unidirectional s-t. expansions: 13,071, time: 9,148 [ms], path length: 40 [edges], generated: 21,750
[00:00:00:03:195] Path of length 40 found: [48, 41, 34, 27, 20, 13, 6, 5, 12, 11, 4, 3, 2, 1, 8, 15, 22, 29, 36, 37, 30, 23, 16, 17, 18, 25, 24, 31, 32, 39, 38, 45, 44, 43, 42, 35, 28, 21, 14, 7, 0]
[00:00:00:03:195] ! Unidirectional t-s. expansions: 3,973, time: 3,195 [ms], path length: 40 [edges], generated: 6,774
[00:00:00:02:511] Path of length 40 found: [0, 7, 14, 21, 28, 35, 42, 43, 36, 29, 22, 23, 30, 37, 44, 45, 46, 39, 38, 31, 24, 25, 18, 17, 16, 15, 8, 1, 2, 3, 4, 11, 12, 5, 6, 13, 20, 27, 34, 41, 48]
[00:00:00:02:892] ! Bidirectional. expansions: 6,436, time: 2,511 [ms], path length: 40 [edges], g_F: 20, g_B: 20, generated: {'F': 5,627, 'B': 6,004}, MM: 0, MMPER: -1.0%
[00:00:00:02:893] 
---------- SM_Grids/7x7_grid_with_random_blocks_12per_7 ----------
[00:00:00:02:309] Path of length 40 found: [0, 7, 14, 21, 28, 35, 42, 43, 36, 29, 30, 23, 16, 15, 8, 1, 2, 9, 10, 3, 4, 11, 12, 13, 20, 19, 18, 17, 24, 31, 38, 45, 46, 39, 32, 25, 26, 33, 40, 41, 48]
[00:00:00:02:310] ! Unidirectional s-t. expansions: 3,257, time: 2,309 [ms], path length: 40 [edges], generated: 5,451
[00:00:00:00:630] Path of length 40 found: [48, 41, 34, 33, 40, 39, 46, 45, 38, 31, 32, 25, 26, 19, 20, 13, 12, 11, 4, 3, 2, 1, 8, 15, 16, 9, 10, 17, 24, 23, 30, 29, 36, 43, 42, 35, 28, 21, 14, 7, 0]
[00:00:00:00:631] ! Unidirectional t-s. expansions: 704, time: 630 [ms], path length: 40 [edges], generated: 1,323
[00:00:00:01:145] Path of length 40 found: [0, 7, 14, 21, 28, 35, 42, 43, 36, 29, 30, 23, 24, 17, 10, 9, 16, 15, 8, 1, 2, 3, 4, 11, 12, 13, 20, 19, 26, 25, 32, 31, 38, 45, 46, 39, 40, 33, 34, 41, 48]
[00:00:00:01:500] ! Bidirectional. expansions: 1,980, time: 1,145 [ms], path length: 40 [edges], g_F: 20, g_B: 20, generated: {'F': 1,788, 'B': 1,910}, MM: 0, MMPER: -1.0%
[00:00:00:01:500] 
---------- SM_Grids/7x7_grid_with_random_blocks_12per_8 ----------
[00:00:00:02:041] Path of length 42 found: [0, 7, 14, 21, 28, 35, 42, 43, 44, 37, 36, 29, 22, 15, 8, 1, 2, 9, 16, 23, 30, 31, 24, 25, 18, 17, 10, 3, 4, 5, 6, 13, 12, 19, 20, 27, 26, 33, 32, 39, 46, 47, 48]
[00:00:00:02:041] ! Unidirectional s-t. expansions: 2,567, time: 2,041 [ms], path length: 42 [edges], generated: 4,335
[00:00:00:00:911] Path of length 42 found: [48, 47, 46, 39, 32, 33, 26, 27, 20, 13, 6, 5, 12, 19, 18, 25, 24, 17, 10, 3, 2, 1, 8, 9, 16, 15, 22, 23, 30, 31, 38, 37, 44, 43, 42, 35, 36, 29, 28, 21, 14, 7, 0]
[00:00:00:00:912] ! Unidirectional t-s. expansions: 1,185, time: 911 [ms], path length: 42 [edges], generated: 2,127
[00:00:00:01:846] Path of length 42 found: [0, 7, 14, 21, 28, 35, 42, 43, 44, 37, 36, 29, 22, 15, 8, 1, 2, 9, 16, 23, 30, 31, 24, 25, 18, 17, 10, 3, 4, 5, 6, 13, 12, 19, 20, 27, 26, 33, 32, 39, 46, 47, 48]
[00:00:00:02:184] ! Bidirectional. expansions: 3,670, time: 1,846 [ms], path length: 42 [edges], g_F: 21, g_B: 21, generated: {'F': 3,322, 'B': 3,211}, MM: 0, MMPER: -1.0%
[00:00:00:02:184] 
---------- SM_Grids/7x7_grid_with_random_blocks_12per_9 ----------
[00:00:00:02:262] Path of length 40 found: [0, 7, 14, 21, 28, 29, 36, 37, 30, 23, 16, 15, 8, 1, 2, 9, 10, 3, 4, 11, 18, 17, 24, 31, 38, 45, 46, 39, 32, 25, 26, 19, 12, 5, 6, 13, 20, 27, 34, 41, 48]
[00:00:00:02:263] ! Unidirectional s-t. expansions: 2,957, time: 2,262 [ms], path length: 40 [edges], generated: 5,128
[00:00:00:04:247] Path of length 40 found: [48, 41, 34, 27, 20, 13, 6, 5, 4, 3, 2, 1, 8, 15, 16, 9, 10, 17, 24, 25, 18, 11, 12, 19, 26, 33, 32, 39, 46, 45, 38, 31, 30, 37, 36, 29, 28, 21, 14, 7, 0]
[00:00:00:04:248] ! Unidirectional t-s. expansions: 6,361, time: 4,248 [ms], path length: 40 [edges], generated: 10,559
[00:00:00:02:076] Path of length 40 found: [0, 7, 14, 21, 28, 29, 36, 37, 30, 23, 16, 17, 24, 31, 38, 45, 46, 39, 32, 33, 26, 25, 18, 19, 12, 11, 10, 9, 8, 1, 2, 3, 4, 5, 6, 13, 20, 27, 34, 41, 48]
[00:00:00:02:506] ! Bidirectional. expansions: 4,724, time: 2,076 [ms], path length: 40 [edges], g_F: 20, g_B: 20, generated: {'F': 4,571, 'B': 4,551}, MM: 0, MMPER: -1.0%

[00:00:00:02:506] average expansions: (3,765, 1,661, 2,802, 0)
[00:00:00:02:506] average time: (2,731, 1,231, 1,278, 0)
[00:00:00:02:506] X-DFBnB: 1,661 , 1,231 (expansions , time[ms])
[00:00:00:02:506] BiX-DFBnB: 2,802 , 1,278 (expansions , time[ms])

