Thu 12 Mar 2026 17:40:44 IST

SLURM_JOBID:		 15627339
SLURM_JOB_NODELIST:	 ise-cpu256-25 

--------------------------
date: SM_Grids
number_of_graphs: 10
graph_type: grid
size_of_graphs: [7, 7]
heuristic: bcc_heuristic
snake: False
run_uni: True
run_bi: True
run_multi: False
solution_vertices: []
algorithms: ['DFBnB']
bsd: False
cube_first_dims: 4
cube_buffer_dim: None
backward_sym_generation: False
sym_coil: False
prefix_set: None

---------- SM_Grids/7x7_grid_with_random_blocks_12per_0 ----------
[00:00:00:00:772] Path of length 38 found: [0, 7, 14, 21, 28, 35, 42, 43, 36, 29, 22, 15, 8, 1, 2, 9, 16, 17, 10, 3, 4, 11, 18, 19, 26, 33, 32, 31, 30, 37, 44, 45, 38, 39, 46, 47, 40, 41, 48]
[00:00:00:00:772] ! Unidirectional s-t. expansions: 931, time: 772 [ms], path length: 38 [edges], generated: 1,693
[00:00:00:00:553] Path of length 38 found: [48, 41, 40, 47, 46, 39, 32, 33, 26, 19, 18, 11, 4, 3, 2, 1, 8, 15, 16, 9, 10, 17, 24, 31, 30, 29, 36, 37, 38, 45, 44, 43, 42, 35, 28, 21, 14, 7, 0]
[00:00:00:00:553] ! Unidirectional t-s. expansions: 749, time: 553 [ms], path length: 38 [edges], generated: 1,276
[00:00:00:07:230] Path of length 38 found: [0, 7, 14, 21, 28, 35, 42, 43, 36, 29, 30, 37, 44, 45, 38, 31, 24, 17, 10, 9, 16, 15, 8, 1, 2, 3, 4, 11, 18, 19, 26, 33, 32, 39, 46, 47, 40, 41, 48]
[00:00:00:07:590] ! Bidirectional. expansions: 3,509, time: 7,230 [ms], path length: 38 [edges], g_F: 19, g_B: 19, generated: {'F': 6,190, 'B': 6,311}, MM: 0, MMPER: -1.0%
[00:00:00:07:590] 
---------- SM_Grids/7x7_grid_with_random_blocks_12per_1 ----------
[00:00:00:02:473] Path of length 40 found: [0, 7, 14, 21, 28, 29, 36, 35, 42, 43, 44, 45, 46, 39, 32, 31, 30, 23, 22, 15, 8, 1, 2, 9, 16, 17, 10, 3, 4, 11, 18, 25, 26, 19, 20, 27, 34, 33, 40, 47, 48]
[00:00:00:02:473] ! Unidirectional s-t. expansions: 3,592, time: 2,473 [ms], path length: 40 [edges], generated: 5,951
[00:00:00:00:494] Path of length 40 found: [48, 41, 34, 27, 20, 19, 18, 11, 4, 3, 2, 1, 8, 9, 10, 17, 16, 15, 22, 23, 30, 31, 32, 25, 26, 33, 40, 39, 46, 45, 44, 43, 42, 35, 36, 29, 28, 21, 14, 7, 0]
[00:00:00:00:494] ! Unidirectional t-s. expansions: 563, time: 494 [ms], path length: 40 [edges], generated: 1,008
[00:00:00:14:107] Path of length 40 found: [0, 7, 14, 21, 28, 29, 36, 35, 42, 43, 44, 45, 46, 39, 40, 33, 26, 25, 32, 31, 30, 23, 22, 15, 16, 17, 10, 9, 8, 1, 2, 3, 4, 11, 18, 19, 20, 27, 34, 41, 48]
[00:00:00:14:483] ! Bidirectional. expansions: 6,813, time: 14,107 [ms], path length: 40 [edges], g_F: 20, g_B: 20, generated: {'F': 12,827, 'B': 13,654}, MM: 0, MMPER: -1.0%
[00:00:00:14:484] 
---------- SM_Grids/7x7_grid_with_random_blocks_12per_2 ----------
[00:00:00:03:594] Path of length 38 found: [0, 7, 14, 21, 28, 29, 22, 15, 8, 1, 2, 9, 16, 23, 30, 37, 36, 43, 44, 45, 38, 31, 24, 17, 10, 3, 4, 11, 18, 19, 26, 25, 32, 39, 40, 33, 34, 41, 48]
[00:00:00:03:594] ! Unidirectional s-t. expansions: 4,991, time: 3,594 [ms], path length: 38 [edges], generated: 8,660
[00:00:00:00:529] Path of length 38 found: [48, 47, 40, 41, 34, 33, 26, 19, 18, 11, 4, 3, 2, 1, 8, 15, 22, 23, 16, 9, 10, 17, 24, 25, 32, 39, 38, 31, 30, 37, 44, 43, 36, 29, 28, 21, 14, 7, 0]
[00:00:00:00:529] ! Unidirectional t-s. expansions: 681, time: 529 [ms], path length: 38 [edges], generated: 1,240
[00:00:00:07:525] Path of length 38 found: [0, 7, 14, 21, 28, 29, 22, 15, 8, 1, 2, 9, 16, 23, 30, 37, 36, 43, 44, 45, 38, 39, 32, 25, 24, 17, 10, 3, 4, 11, 18, 19, 26, 33, 34, 41, 40, 47, 48]
[00:00:00:07:858] ! Bidirectional. expansions: 3,588, time: 7,525 [ms], path length: 38 [edges], g_F: 19, g_B: 19, generated: {'F': 6,655, 'B': 6,887}, MM: 0, MMPER: -1.0%
[00:00:00:07:858] 
---------- SM_Grids/7x7_grid_with_random_blocks_12per_3 ----------
[00:00:00:00:035] Path of length 42 found: [0, 7, 14, 21, 28, 35, 42, 43, 36, 37, 30, 29, 22, 15, 8, 1, 2, 9, 16, 23, 24, 17, 10, 3, 4, 5, 6, 13, 12, 19, 20, 27, 26, 25, 32, 39, 46, 47, 40, 33, 34, 41, 48]
[00:00:00:00:035] ! Unidirectional s-t. expansions: 42, time: 35 [ms], path length: 42 [edges], generated: 67
[00:00:00:00:150] Path of length 42 found: [48, 41, 34, 33, 40, 47, 46, 39, 32, 25, 26, 27, 20, 19, 12, 13, 6, 5, 4, 3, 2, 1, 8, 15, 16, 9, 10, 17, 24, 23, 22, 29, 30, 37, 36, 43, 42, 35, 28, 21, 14, 7, 0]
[00:00:00:00:150] ! Unidirectional t-s. expansions: 235, time: 150 [ms], path length: 42 [edges], generated: 406
[00:00:00:00:305] Path of length 42 found: [0, 7, 14, 21, 28, 35, 42, 43, 36, 37, 30, 29, 22, 15, 8, 1, 2, 9, 16, 23, 24, 17, 10, 3, 4, 5, 6, 13, 12, 19, 20, 27, 26, 25, 32, 39, 46, 47, 40, 33, 34, 41, 48]
[00:00:00:00:667] ! Bidirectional. expansions: 158, time: 305 [ms], path length: 42 [edges], g_F: 21, g_B: 21, generated: {'F': 284, 'B': 243}, MM: 0, MMPER: -1.0%
[00:00:00:00:667] 
---------- SM_Grids/7x7_grid_with_random_blocks_12per_4 ----------
[00:00:00:00:034] Path of length 42 found: [0, 7, 8, 1, 2, 9, 16, 15, 22, 21, 28, 29, 36, 43, 44, 45, 38, 31, 30, 23, 24, 17, 10, 3, 4, 11, 18, 19, 12, 5, 6, 13, 20, 27, 26, 33, 32, 39, 46, 47, 40, 41, 48]
[00:00:00:00:034] ! Unidirectional s-t. expansions: 42, time: 34 [ms], path length: 42 [edges], generated: 67
[00:00:00:00:080] Path of length 42 found: [48, 41, 40, 47, 46, 39, 32, 33, 26, 27, 20, 13, 6, 5, 4, 3, 10, 11, 12, 19, 18, 17, 24, 23, 30, 31, 38, 45, 44, 43, 36, 29, 28, 21, 22, 15, 16, 9, 2, 1, 8, 7, 0]
[00:00:00:00:080] ! Unidirectional t-s. expansions: 136, time: 80 [ms], path length: 42 [edges], generated: 211
[00:00:00:00:046] Path of length 42 found: [0, 7, 8, 1, 2, 9, 16, 15, 22, 21, 28, 29, 36, 43, 44, 45, 38, 31, 30, 23, 24, 17, 18, 19, 12, 11, 10, 3, 4, 5, 6, 13, 20, 27, 26, 33, 32, 39, 46, 47, 40, 41, 48]
[00:00:00:00:378] ! Bidirectional. expansions: 21, time: 46 [ms], path length: 42 [edges], g_F: 21, g_B: 21, generated: {'F': 36, 'B': 36}, MM: 0, MMPER: -1.0%
[00:00:00:00:378] 
---------- SM_Grids/7x7_grid_with_random_blocks_12per_5 ----------
[00:00:00:04:554] Path of length 40 found: [0, 7, 14, 21, 28, 35, 42, 43, 36, 29, 22, 15, 8, 1, 2, 9, 16, 23, 24, 25, 18, 11, 4, 5, 6, 13, 12, 19, 20, 27, 26, 33, 32, 31, 30, 37, 38, 45, 46, 47, 48]
[00:00:00:04:554] ! Unidirectional s-t. expansions: 6,203, time: 4,554 [ms], path length: 40 [edges], generated: 10,764
[00:00:00:01:550] Path of length 40 found: [48, 47, 46, 45, 38, 31, 24, 25, 32, 33, 34, 27, 26, 19, 20, 13, 6, 5, 4, 11, 10, 9, 2, 1, 8, 15, 16, 23, 22, 29, 30, 37, 36, 43, 42, 35, 28, 21, 14, 7, 0]
[00:00:00:01:550] ! Unidirectional t-s. expansions: 2,019, time: 1,550 [ms], path length: 40 [edges], generated: 3,682
[00:00:00:51:136] Path of length 40 found: [0, 7, 14, 21, 28, 35, 42, 43, 36, 37, 30, 29, 22, 23, 16, 15, 8, 1, 2, 9, 10, 11, 4, 5, 6, 13, 20, 19, 26, 27, 34, 33, 32, 25, 24, 31, 38, 45, 46, 47, 48]
[00:00:00:51:476] ! Bidirectional. expansions: 25,244, time: 51,136 [ms], path length: 40 [edges], g_F: 20, g_B: 20, generated: {'F': 44,396, 'B': 47,497}, MM: 0, MMPER: -1.0%
[00:00:00:51:476] 
---------- SM_Grids/7x7_grid_with_random_blocks_12per_6 ----------
[00:00:00:09:325] Path of length 40 found: [0, 7, 14, 21, 28, 35, 42, 43, 36, 29, 22, 15, 8, 1, 2, 3, 4, 11, 12, 5, 6, 13, 20, 27, 26, 25, 18, 17, 16, 23, 24, 31, 30, 37, 44, 45, 38, 39, 46, 47, 48]
[00:00:00:09:326] ! Unidirectional s-t. expansions: 13,071, time: 9,326 [ms], path length: 40 [edges], generated: 21,750
[00:00:00:03:113] Path of length 40 found: [48, 41, 34, 27, 20, 13, 6, 5, 12, 11, 4, 3, 2, 1, 8, 15, 22, 29, 36, 37, 30, 23, 16, 17, 18, 25, 24, 31, 32, 39, 38, 45, 44, 43, 42, 35, 28, 21, 14, 7, 0]
[00:00:00:03:113] ! Unidirectional t-s. expansions: 3,973, time: 3,113 [ms], path length: 40 [edges], generated: 6,774
[00:00:01:11:441] Path of length 40 found: [0, 7, 14, 21, 28, 35, 42, 43, 36, 29, 22, 23, 30, 37, 44, 45, 38, 39, 32, 31, 24, 25, 18, 17, 16, 15, 8, 1, 2, 3, 4, 11, 12, 5, 6, 13, 20, 27, 34, 41, 48]
[00:00:01:11:776] ! Bidirectional. expansions: 35,810, time: 71,441 [ms], path length: 40 [edges], g_F: 20, g_B: 20, generated: {'F': 63,990, 'B': 61,670}, MM: 0, MMPER: -1.0%
[00:00:01:11:776] 
---------- SM_Grids/7x7_grid_with_random_blocks_12per_7 ----------
[00:00:00:02:298] Path of length 40 found: [0, 7, 14, 21, 28, 35, 42, 43, 36, 29, 30, 23, 16, 15, 8, 1, 2, 9, 10, 3, 4, 11, 12, 13, 20, 19, 18, 17, 24, 31, 38, 45, 46, 39, 32, 25, 26, 33, 40, 41, 48]
[00:00:00:02:299] ! Unidirectional s-t. expansions: 3,257, time: 2,299 [ms], path length: 40 [edges], generated: 5,451
[00:00:00:00:613] Path of length 40 found: [48, 41, 34, 33, 40, 39, 46, 45, 38, 31, 32, 25, 26, 19, 20, 13, 12, 11, 4, 3, 2, 1, 8, 15, 16, 9, 10, 17, 24, 23, 30, 29, 36, 43, 42, 35, 28, 21, 14, 7, 0]
[00:00:00:00:613] ! Unidirectional t-s. expansions: 704, time: 613 [ms], path length: 40 [edges], generated: 1,323
[00:00:00:17:368] Path of length 40 found: [0, 7, 14, 21, 28, 35, 42, 43, 36, 29, 30, 23, 24, 17, 10, 9, 16, 15, 8, 1, 2, 3, 4, 11, 12, 13, 20, 19, 26, 25, 32, 31, 38, 45, 46, 39, 40, 33, 34, 41, 48]
[00:00:00:17:696] ! Bidirectional. expansions: 8,152, time: 17,368 [ms], path length: 40 [edges], g_F: 20, g_B: 20, generated: {'F': 14,932, 'B': 14,832}, MM: 0, MMPER: -1.0%
[00:00:00:17:696] 
---------- SM_Grids/7x7_grid_with_random_blocks_12per_8 ----------
[00:00:00:02:031] Path of length 42 found: [0, 7, 14, 21, 28, 35, 42, 43, 44, 37, 36, 29, 22, 15, 8, 1, 2, 9, 16, 23, 30, 31, 24, 25, 18, 17, 10, 3, 4, 5, 6, 13, 12, 19, 20, 27, 26, 33, 32, 39, 46, 47, 48]
[00:00:00:02:031] ! Unidirectional s-t. expansions: 2,567, time: 2,031 [ms], path length: 42 [edges], generated: 4,335
[00:00:00:00:883] Path of length 42 found: [48, 47, 46, 39, 32, 33, 26, 27, 20, 13, 6, 5, 12, 19, 18, 25, 24, 17, 10, 3, 2, 1, 8, 9, 16, 15, 22, 23, 30, 31, 38, 37, 44, 43, 42, 35, 36, 29, 28, 21, 14, 7, 0]
[00:00:00:00:883] ! Unidirectional t-s. expansions: 1,185, time: 883 [ms], path length: 42 [edges], generated: 2,127
[00:00:00:17:891] Path of length 42 found: [0, 7, 14, 21, 28, 35, 42, 43, 44, 37, 36, 29, 22, 15, 8, 1, 2, 9, 16, 23, 30, 31, 24, 25, 18, 17, 10, 3, 4, 5, 6, 13, 12, 19, 20, 27, 26, 33, 32, 39, 46, 47, 48]
[00:00:00:18:220] ! Bidirectional. expansions: 8,613, time: 17,891 [ms], path length: 42 [edges], g_F: 21, g_B: 21, generated: {'F': 15,316, 'B': 15,537}, MM: 0, MMPER: -1.0%
[00:00:00:18:220] 
---------- SM_Grids/7x7_grid_with_random_blocks_12per_9 ----------
[00:00:00:02:230] Path of length 40 found: [0, 7, 14, 21, 28, 29, 36, 37, 30, 23, 16, 15, 8, 1, 2, 9, 10, 3, 4, 11, 18, 17, 24, 31, 38, 45, 46, 39, 32, 25, 26, 19, 12, 5, 6, 13, 20, 27, 34, 41, 48]
[00:00:00:02:231] ! Unidirectional s-t. expansions: 2,957, time: 2,231 [ms], path length: 40 [edges], generated: 5,128
[00:00:00:04:265] Path of length 40 found: [48, 41, 34, 27, 20, 13, 6, 5, 4, 3, 2, 1, 8, 15, 16, 9, 10, 17, 24, 25, 18, 11, 12, 19, 26, 33, 32, 39, 46, 45, 38, 31, 30, 37, 36, 29, 28, 21, 14, 7, 0]
[00:00:00:04:265] ! Unidirectional t-s. expansions: 6,361, time: 4,265 [ms], path length: 40 [edges], generated: 10,559
[00:00:00:22:566] Path of length 40 found: [0, 7, 14, 21, 28, 29, 36, 37, 30, 23, 16, 17, 24, 31, 38, 45, 46, 39, 32, 33, 26, 25, 18, 19, 12, 11, 10, 9, 8, 1, 2, 3, 4, 5, 6, 13, 20, 27, 34, 41, 48]
[00:00:00:22:919] ! Bidirectional. expansions: 11,100, time: 22,566 [ms], path length: 40 [edges], g_F: 20, g_B: 20, generated: {'F': 20,654, 'B': 20,860}, MM: 0, MMPER: -1.0%

[00:00:00:22:919] average expansions: (3,765, 1,661, 10,301, 0)
[00:00:00:22:919] average time: (2,735, 1,223, 20,962, 0)
[00:00:00:22:919] X-DFBnB: 1,661 , 1,223 (expansions , time[ms])
[00:00:00:22:919] BiX-DFBnB: 10,301 , 20,962 (expansions , time[ms])

