Thu 12 Mar 2026 17:40:44 IST

SLURM_JOBID:		 15627340
SLURM_JOB_NODELIST:	 ise-cpu256-25 

--------------------------
date: SM_Grids
number_of_graphs: 10
graph_type: grid
size_of_graphs: [7, 7]
heuristic: bcc_heuristic
snake: False
run_uni: True
run_bi: True
run_multi: False
solution_vertices: []
algorithms: ['DFBnB']
bsd: False
cube_first_dims: 4
cube_buffer_dim: None
backward_sym_generation: False
sym_coil: False
prefix_set: None

---------- SM_Grids/7x7_grid_with_random_blocks_16per_0 ----------
[00:00:00:00:024] Path of length 34 found: [0, 1, 8, 7, 14, 21, 22, 29, 28, 35, 42, 43, 36, 37, 30, 31, 24, 17, 18, 25, 32, 39, 38, 45, 46, 47, 40, 33, 26, 19, 20, 27, 34, 41, 48]
[00:00:00:00:024] ! Unidirectional s-t. expansions: 34, time: 24 [ms], path length: 34 [edges], generated: 59
[00:00:00:00:988] Path of length 34 found: [48, 41, 34, 27, 20, 19, 18, 17, 24, 31, 30, 29, 36, 37, 38, 39, 32, 25, 26, 33, 40, 47, 46, 45, 44, 43, 42, 35, 28, 21, 14, 7, 8, 1, 0]
[00:00:00:00:988] ! Unidirectional t-s. expansions: 1,531, time: 988 [ms], path length: 34 [edges], generated: 2,632
[00:00:00:00:545] Path of length 34 found: [0, 1, 8, 7, 14, 21, 22, 29, 28, 35, 42, 43, 44, 45, 46, 47, 40, 33, 26, 25, 32, 39, 38, 37, 30, 31, 24, 17, 18, 19, 20, 27, 34, 41, 48]
[00:00:00:00:909] ! Bidirectional. expansions: 297, time: 545 [ms], path length: 34 [edges], g_F: 17, g_B: 17, generated: {'F': 508, 'B': 578}, MM: 0, MMPER: -1.0%
[00:00:00:00:909] 
---------- SM_Grids/7x7_grid_with_random_blocks_16per_1 ----------
[00:00:00:00:164] Path of length 40 found: [0, 1, 2, 3, 4, 5, 12, 13, 20, 27, 26, 19, 18, 11, 10, 9, 16, 15, 22, 21, 28, 35, 42, 43, 36, 29, 30, 37, 44, 45, 38, 31, 24, 25, 32, 39, 46, 47, 40, 41, 48]
[00:00:00:00:165] ! Unidirectional s-t. expansions: 180, time: 165 [ms], path length: 40 [edges], generated: 307
[00:00:00:00:029] Path of length 40 found: [48, 41, 40, 47, 46, 39, 32, 25, 24, 31, 30, 29, 36, 37, 38, 45, 44, 43, 42, 35, 28, 21, 22, 15, 16, 9, 10, 11, 18, 19, 26, 27, 20, 13, 12, 5, 4, 3, 2, 1, 0]
[00:00:00:00:029] ! Unidirectional t-s. expansions: 40, time: 29 [ms], path length: 40 [edges], generated: 60
[00:00:00:10:967] Path of length 40 found: [0, 1, 2, 3, 4, 5, 12, 13, 20, 27, 26, 19, 18, 11, 10, 9, 16, 15, 22, 21, 28, 35, 42, 43, 44, 45, 38, 37, 36, 29, 30, 31, 24, 25, 32, 39, 46, 47, 40, 41, 48]
[00:00:00:11:322] ! Bidirectional. expansions: 6,095, time: 10,967 [ms], path length: 40 [edges], g_F: 20, g_B: 20, generated: {'F': 9,307, 'B': 10,129}, MM: 0, MMPER: -1.0%
[00:00:00:11:322] 
---------- SM_Grids/7x7_grid_with_random_blocks_16per_2 ----------
[00:00:00:00:444] Path of length 38 found: [0, 7, 8, 1, 2, 9, 16, 23, 22, 29, 28, 35, 36, 43, 44, 45, 38, 37, 30, 31, 32, 25, 18, 17, 10, 3, 4, 5, 6, 13, 12, 19, 26, 27, 34, 33, 40, 47, 48]
[00:00:00:00:444] ! Unidirectional s-t. expansions: 585, time: 444 [ms], path length: 38 [edges], generated: 966
[00:00:00:00:193] Path of length 38 found: [48, 47, 40, 33, 34, 27, 26, 19, 12, 13, 6, 5, 4, 3, 10, 11, 18, 25, 32, 31, 30, 37, 38, 45, 44, 43, 36, 35, 28, 29, 22, 23, 16, 9, 2, 1, 8, 7, 0]
[00:00:00:00:193] ! Unidirectional t-s. expansions: 276, time: 193 [ms], path length: 38 [edges], generated: 450
[00:00:00:02:619] Path of length 38 found: [0, 7, 8, 1, 2, 9, 16, 23, 22, 29, 28, 35, 36, 43, 44, 45, 38, 37, 30, 31, 32, 25, 18, 11, 10, 3, 4, 5, 6, 13, 12, 19, 26, 27, 34, 33, 40, 47, 48]
[00:00:00:02:983] ! Bidirectional. expansions: 1,365, time: 2,619 [ms], path length: 38 [edges], g_F: 19, g_B: 19, generated: {'F': 2,251, 'B': 2,207}, MM: 0, MMPER: -1.0%
[00:00:00:02:983] 
---------- SM_Grids/7x7_grid_with_random_blocks_16per_3 ----------
[00:00:00:00:308] Path of length 38 found: [0, 7, 14, 21, 28, 35, 42, 43, 36, 37, 30, 29, 22, 15, 8, 1, 2, 3, 4, 11, 12, 19, 18, 17, 16, 23, 24, 31, 32, 25, 26, 27, 34, 33, 40, 39, 46, 47, 48]
[00:00:00:00:309] ! Unidirectional s-t. expansions: 425, time: 308 [ms], path length: 38 [edges], generated: 696
[00:00:00:00:218] Path of length 38 found: [48, 41, 34, 27, 26, 33, 40, 47, 46, 39, 32, 25, 18, 19, 12, 11, 4, 3, 2, 1, 8, 15, 22, 23, 16, 17, 24, 31, 30, 37, 36, 43, 42, 35, 28, 21, 14, 7, 0]
[00:00:00:00:219] ! Unidirectional t-s. expansions: 292, time: 219 [ms], path length: 38 [edges], generated: 508
[00:00:00:01:386] Path of length 38 found: [0, 7, 14, 21, 28, 35, 42, 43, 36, 37, 30, 29, 22, 23, 24, 17, 16, 15, 8, 1, 2, 3, 4, 11, 12, 19, 18, 25, 32, 39, 46, 47, 40, 33, 26, 27, 34, 41, 48]
[00:00:00:01:725] ! Bidirectional. expansions: 734, time: 1,386 [ms], path length: 38 [edges], g_F: 19, g_B: 19, generated: {'F': 1,283, 'B': 1,212}, MM: 0, MMPER: -1.0%
[00:00:00:01:725] 
---------- SM_Grids/7x7_grid_with_random_blocks_16per_4 ----------
[00:00:00:00:454] Path of length 38 found: [0, 7, 14, 21, 28, 35, 42, 43, 44, 45, 38, 31, 30, 29, 22, 23, 16, 9, 8, 1, 2, 3, 10, 11, 18, 25, 26, 19, 12, 5, 6, 13, 20, 27, 34, 33, 40, 47, 48]
[00:00:00:00:454] ! Unidirectional s-t. expansions: 693, time: 454 [ms], path length: 38 [edges], generated: 1,048
[00:00:00:00:357] Path of length 38 found: [48, 41, 34, 27, 20, 13, 6, 5, 12, 11, 18, 25, 26, 33, 40, 47, 46, 45, 38, 31, 30, 23, 22, 29, 36, 43, 42, 35, 28, 21, 14, 7, 8, 9, 10, 3, 2, 1, 0]
[00:00:00:00:357] ! Unidirectional t-s. expansions: 560, time: 357 [ms], path length: 38 [edges], generated: 878
[00:00:00:05:400] Path of length 38 found: [0, 7, 14, 21, 28, 35, 42, 43, 44, 45, 38, 31, 30, 29, 22, 23, 16, 9, 8, 1, 2, 3, 10, 11, 18, 25, 26, 19, 12, 5, 6, 13, 20, 27, 34, 33, 40, 41, 48]
[00:00:00:05:753] ! Bidirectional. expansions: 3,097, time: 5,400 [ms], path length: 38 [edges], g_F: 19, g_B: 19, generated: {'F': 4,594, 'B': 4,492}, MM: 0, MMPER: -1.0%
[00:00:00:05:754] 
---------- SM_Grids/7x7_grid_with_random_blocks_16per_5 ----------
[00:00:00:00:030] Path of length 38 found: [0, 7, 14, 21, 28, 29, 22, 15, 8, 1, 2, 9, 16, 23, 30, 37, 38, 31, 24, 17, 18, 11, 4, 5, 6, 13, 12, 19, 20, 27, 26, 25, 32, 39, 40, 33, 34, 41, 48]
[00:00:00:00:030] ! Unidirectional s-t. expansions: 38, time: 30 [ms], path length: 38 [edges], generated: 64
[00:00:00:00:031] Path of length 38 found: [48, 41, 34, 27, 20, 13, 6, 5, 4, 11, 12, 19, 18, 17, 16, 9, 2, 1, 8, 15, 22, 23, 24, 31, 32, 25, 26, 33, 40, 39, 38, 37, 30, 29, 28, 21, 14, 7, 0]
[00:00:00:00:031] ! Unidirectional t-s. expansions: 38, time: 31 [ms], path length: 38 [edges], generated: 64
[00:00:00:00:042] Path of length 38 found: [0, 7, 14, 21, 28, 29, 22, 15, 8, 1, 2, 9, 16, 23, 30, 37, 38, 39, 40, 33, 26, 25, 32, 31, 24, 17, 18, 19, 12, 11, 4, 5, 6, 13, 20, 27, 34, 41, 48]
[00:00:00:00:375] ! Bidirectional. expansions: 19, time: 42 [ms], path length: 38 [edges], g_F: 19, g_B: 19, generated: {'F': 35, 'B': 35}, MM: 0, MMPER: -1.0%
[00:00:00:00:375] 
---------- SM_Grids/7x7_grid_with_random_blocks_16per_6 ----------
[00:00:00:00:029] Path of length 36 found: [0, 1, 8, 15, 22, 23, 16, 9, 2, 3, 10, 17, 24, 31, 30, 37, 44, 45, 46, 39, 32, 25, 18, 11, 4, 5, 6, 13, 12, 19, 20, 27, 26, 33, 34, 41, 48]
[00:00:00:00:029] ! Unidirectional s-t. expansions: 36, time: 29 [ms], path length: 36 [edges], generated: 58
[00:00:00:00:029] Path of length 36 found: [48, 41, 34, 27, 20, 13, 6, 5, 4, 3, 2, 9, 16, 17, 10, 11, 12, 19, 18, 25, 26, 33, 32, 39, 46, 45, 44, 37, 30, 31, 24, 23, 22, 15, 8, 1, 0]
[00:00:00:00:029] ! Unidirectional t-s. expansions: 36, time: 29 [ms], path length: 36 [edges], generated: 58
[00:00:00:00:039] Path of length 36 found: [0, 1, 8, 15, 22, 23, 16, 9, 2, 3, 10, 17, 24, 31, 30, 37, 44, 45, 46, 39, 32, 33, 26, 25, 18, 19, 12, 11, 4, 5, 6, 13, 20, 27, 34, 41, 48]
[00:00:00:00:382] ! Bidirectional. expansions: 18, time: 39 [ms], path length: 36 [edges], g_F: 18, g_B: 18, generated: {'F': 32, 'B': 31}, MM: 0, MMPER: -1.0%
[00:00:00:00:382] 
---------- SM_Grids/7x7_grid_with_random_blocks_16per_7 ----------
[00:00:00:00:441] Path of length 38 found: [0, 7, 14, 21, 28, 35, 42, 43, 36, 37, 30, 31, 24, 17, 16, 15, 8, 1, 2, 3, 10, 11, 4, 5, 6, 13, 12, 19, 18, 25, 26, 27, 34, 33, 40, 39, 46, 47, 48]
[00:00:00:00:442] ! Unidirectional s-t. expansions: 581, time: 441 [ms], path length: 38 [edges], generated: 969
[00:00:00:00:512] Path of length 38 found: [48, 47, 46, 39, 40, 33, 34, 27, 20, 13, 6, 5, 4, 3, 2, 1, 8, 15, 16, 17, 10, 11, 12, 19, 18, 25, 24, 31, 30, 37, 36, 43, 42, 35, 28, 21, 14, 7, 0]
[00:00:00:00:512] ! Unidirectional t-s. expansions: 685, time: 512 [ms], path length: 38 [edges], generated: 1,149
[00:00:00:03:173] Path of length 38 found: [0, 7, 14, 21, 28, 35, 42, 43, 36, 37, 30, 31, 24, 25, 18, 19, 12, 11, 10, 17, 16, 15, 8, 1, 2, 3, 4, 5, 6, 13, 20, 27, 26, 33, 40, 39, 46, 47, 48]
[00:00:00:03:505] ! Bidirectional. expansions: 1,824, time: 3,173 [ms], path length: 38 [edges], g_F: 19, g_B: 19, generated: {'F': 2,834, 'B': 3,156}, MM: 0, MMPER: -1.0%
[00:00:00:03:505] 
---------- SM_Grids/7x7_grid_with_random_blocks_16per_8 ----------
[00:00:00:02:835] Path of length 38 found: [0, 1, 8, 15, 22, 21, 28, 35, 42, 43, 44, 37, 36, 29, 30, 31, 24, 17, 16, 9, 2, 3, 10, 11, 4, 5, 6, 13, 12, 19, 18, 25, 26, 27, 34, 33, 40, 47, 48]
[00:00:00:02:835] ! Unidirectional s-t. expansions: 4,389, time: 2,835 [ms], path length: 38 [edges], generated: 7,244
[00:00:00:02:005] Path of length 38 found: [48, 47, 40, 33, 34, 27, 20, 13, 6, 5, 4, 3, 2, 9, 16, 17, 10, 11, 12, 19, 18, 25, 24, 31, 30, 29, 36, 37, 44, 43, 42, 35, 28, 21, 22, 15, 8, 1, 0]
[00:00:00:02:005] ! Unidirectional t-s. expansions: 3,200, time: 2,005 [ms], path length: 38 [edges], generated: 5,280
[00:00:00:27:608] Path of length 38 found: [0, 1, 8, 15, 22, 21, 28, 35, 42, 43, 44, 37, 36, 29, 30, 31, 24, 25, 18, 19, 12, 11, 10, 17, 16, 9, 2, 3, 4, 5, 6, 13, 20, 27, 34, 33, 40, 47, 48]
[00:00:00:27:969] ! Bidirectional. expansions: 14,795, time: 27,608 [ms], path length: 38 [edges], g_F: 19, g_B: 19, generated: {'F': 25,047, 'B': 25,600}, MM: 0, MMPER: -1.0%
[00:00:00:27:970] 
---------- SM_Grids/7x7_grid_with_random_blocks_16per_9 ----------
[00:00:00:02:431] Path of length 36 found: [0, 7, 8, 1, 2, 3, 10, 9, 16, 15, 22, 21, 28, 29, 36, 35, 42, 43, 44, 45, 46, 39, 32, 31, 24, 17, 18, 25, 26, 19, 20, 27, 34, 33, 40, 47, 48]
[00:00:00:02:431] ! Unidirectional s-t. expansions: 3,625, time: 2,431 [ms], path length: 36 [edges], generated: 6,176
[00:00:00:03:196] Path of length 36 found: [48, 41, 34, 27, 20, 19, 18, 17, 10, 3, 2, 9, 16, 23, 24, 31, 32, 25, 26, 33, 40, 39, 46, 45, 44, 37, 36, 43, 42, 35, 28, 21, 22, 15, 8, 1, 0]
[00:00:00:03:197] ! Unidirectional t-s. expansions: 5,301, time: 3,197 [ms], path length: 36 [edges], generated: 8,944
[00:00:00:43:748] Path of length 36 found: [0, 7, 8, 1, 2, 3, 10, 9, 16, 15, 22, 21, 28, 29, 36, 35, 42, 43, 44, 45, 46, 39, 40, 33, 26, 25, 32, 31, 24, 17, 18, 19, 20, 27, 34, 41, 48]
[00:00:00:44:081] ! Bidirectional. expansions: 22,459, time: 43,748 [ms], path length: 36 [edges], g_F: 18, g_B: 18, generated: {'F': 40,484, 'B': 39,992}, MM: 0, MMPER: -1.0%

[00:00:00:44:081] average expansions: (1,059, 1,196, 5,070, 0)
[00:00:00:44:081] average time: (716, 756, 9,553, 0)
[00:00:00:44:081] X-DFBnB: 1,059 , 716 (expansions , time[ms])
[00:00:00:44:081] BiX-DFBnB: 5,070 , 9,553 (expansions , time[ms])

