Tue 10 Mar 2026 11:57:01 IST

SLURM_JOBID:		 15443263
SLURM_JOB_NODELIST:	 ise-cpu256-02 

--------------------------
date: SM_Grids
number_of_graphs: 10
graph_type: grid
size_of_graphs: [7, 7]
heuristic: bcc_heuristic
snake: False
run_uni: True
run_bi: True
run_multi: False
solution_vertices: []
algorithms: ['full']
bsd: True
cube_first_dims: 4
cube_buffer_dim: None
backward_sym_generation: False
sym_coil: False
prefix_set: None

---------- SM_Grids/7x7_grid_with_random_blocks_20per_0 ----------
[00:00:00:02:354] Path of length 28 found: [0, 1, 2, 9, 8, 7, 14, 21, 28, 35, 42, 43, 36, 29, 22, 23, 24, 31, 38, 45, 46, 39, 32, 33, 34, 41, 40, 47, 48]
[00:00:00:02:354] ! Unidirectional s-t. expansions: 7,109, time: 2,354 [ms], path length: 28 [edges], generated: 7,504
[00:00:00:01:902] Path of length 28 found: [48, 41, 34, 33, 32, 39, 40, 47, 46, 45, 38, 31, 24, 23, 22, 29, 36, 43, 42, 35, 28, 21, 14, 7, 8, 9, 2, 1, 0]
[00:00:00:01:903] ! Unidirectional t-s. expansions: 4,368, time: 1,902 [ms], path length: 28 [edges], generated: 4,765
[00:00:00:02:066] Path of length 28 found: [0, 1, 2, 9, 8, 7, 14, 21, 28, 35, 42, 43, 36, 29, 22, 23, 24, 31, 38, 45, 46, 47, 40, 39, 32, 33, 34, 41, 48]
[00:00:00:02:508] ! Bidirectional. expansions: 4,368, time: 2,066 [ms], path length: 28 [edges], g_F: 7, g_B: 21, generated: 4,765, MM: 14, MMPER: 47.275862068965516%
[00:00:00:02:509] 
---------- SM_Grids/7x7_grid_with_random_blocks_20per_1 ----------
[00:00:00:00:486] Path of length 32 found: [0, 7, 14, 15, 8, 9, 2, 3, 10, 11, 18, 17, 16, 23, 22, 29, 36, 35, 42, 43, 44, 37, 30, 31, 32, 39, 40, 33, 26, 27, 34, 41, 48]
[00:00:00:00:486] ! Unidirectional s-t. expansions: 1,198, time: 486 [ms], path length: 32 [edges], generated: 1,341
[00:00:00:01:543] Path of length 32 found: [48, 41, 34, 27, 26, 33, 40, 39, 32, 31, 30, 37, 44, 43, 42, 35, 36, 29, 22, 21, 14, 15, 16, 17, 18, 11, 10, 3, 2, 9, 8, 7, 0]
[00:00:00:01:543] ! Unidirectional t-s. expansions: 3,338, time: 1,543 [ms], path length: 32 [edges], generated: 3,606
[00:00:00:01:639] Path of length 32 found: [48, 41, 34, 27, 26, 33, 40, 39, 32, 31, 30, 37, 44, 43, 42, 35, 36, 29, 22, 23, 16, 17, 18, 11, 10, 3, 2, 9, 8, 15, 14, 7, 0]
[00:00:00:01:993] ! Bidirectional. expansions: 3,066, time: 1,639 [ms], path length: 32 [edges], g_F: 10, g_B: 22, generated: 3,693, MM: 12, MMPER: 35.36363636363637%
[00:00:00:01:993] 
---------- SM_Grids/7x7_grid_with_random_blocks_20per_2 ----------
[00:00:07:30:735] Path of length 38 found: [0, 7, 8, 1, 2, 9, 10, 3, 4, 11, 18, 25, 32, 31, 30, 29, 28, 35, 42, 43, 44, 45, 38, 39, 46, 47, 40, 33, 26, 19, 12, 5, 6, 13, 20, 27, 34, 41, 48]
[00:00:07:30:737] ! Unidirectional s-t. expansions: 1,197,207, time: 450,735 [ms], path length: 38 [edges], generated: 1,197,206
[00:00:03:14:853] Path of length 38 found: [48, 41, 34, 27, 20, 13, 6, 5, 4, 11, 12, 19, 26, 33, 40, 47, 46, 39, 38, 45, 44, 43, 42, 35, 28, 29, 30, 31, 32, 25, 18, 17, 10, 3, 2, 1, 8, 7, 0]
[00:00:03:14:854] ! Unidirectional t-s. expansions: 528,459, time: 194,854 [ms], path length: 38 [edges], generated: 528,458
[00:00:03:32:593] Path of length 38 found: [0, 7, 8, 1, 2, 3, 10, 17, 18, 25, 32, 31, 30, 29, 28, 35, 42, 43, 44, 45, 38, 39, 46, 47, 40, 33, 26, 19, 12, 11, 4, 5, 6, 13, 20, 27, 34, 41, 48]
[00:00:03:33:199] ! Bidirectional. expansions: 455,851, time: 212,593 [ms], path length: 38 [edges], g_F: 0, g_B: 38, generated: 528,458, MM: 38, MMPER: 96.43589743589743%
[00:00:03:33:200] 
---------- SM_Grids/7x7_grid_with_random_blocks_20per_3 ----------
[00:00:00:17:138] Path of length 36 found: [0, 7, 14, 21, 28, 35, 42, 43, 36, 37, 44, 45, 38, 31, 30, 23, 24, 17, 16, 9, 8, 1, 2, 3, 4, 11, 12, 19, 20, 27, 34, 33, 32, 39, 40, 47, 48]
[00:00:00:17:141] ! Unidirectional s-t. expansions: 42,246, time: 17,139 [ms], path length: 36 [edges], generated: 44,626
[00:00:00:15:818] Path of length 36 found: [48, 47, 40, 33, 34, 27, 20, 19, 12, 11, 4, 3, 2, 1, 8, 9, 16, 23, 30, 31, 24, 25, 32, 39, 38, 45, 44, 37, 36, 43, 42, 35, 28, 21, 14, 7, 0]
[00:00:00:15:823] ! Unidirectional t-s. expansions: 41,465, time: 15,821 [ms], path length: 36 [edges], generated: 41,464
[00:00:00:21:122] Path of length 36 found: [0, 7, 14, 21, 28, 35, 42, 43, 36, 37, 44, 45, 38, 39, 32, 25, 24, 31, 30, 23, 16, 9, 8, 1, 2, 3, 4, 11, 12, 19, 20, 27, 34, 33, 40, 47, 48]
[00:00:00:21:605] ! Bidirectional. expansions: 39,083, time: 21,122 [ms], path length: 36 [edges], g_F: 0, g_B: 36, generated: 41,464, MM: 36, MMPER: 96.29729729729729%
[00:00:00:21:605] 
---------- SM_Grids/7x7_grid_with_random_blocks_20per_4 ----------
[00:00:16:19:075] Path of length 36 found: [0, 7, 8, 1, 2, 9, 16, 15, 22, 29, 28, 35, 36, 37, 30, 23, 24, 17, 10, 3, 4, 11, 18, 25, 32, 39, 38, 45, 46, 47, 40, 33, 26, 27, 34, 41, 48]
[00:00:16:19:079] ! Unidirectional s-t. expansions: 2,457,598, time: 979,077 [ms], path length: 36 [edges], generated: 2,457,597
[00:00:14:54:940] Path of length 36 found: [48, 41, 34, 27, 26, 25, 32, 33, 40, 47, 46, 39, 38, 45, 44, 37, 36, 35, 28, 29, 22, 15, 16, 23, 24, 17, 18, 11, 4, 3, 10, 9, 2, 1, 8, 7, 0]
[00:00:14:54:945] ! Unidirectional t-s. expansions: 2,172,617, time: 894,944 [ms], path length: 36 [edges], generated: 2,172,616
[00:00:16:49:715] Path of length 36 found: [0, 7, 8, 1, 2, 9, 10, 3, 4, 11, 18, 17, 24, 23, 16, 15, 22, 29, 28, 35, 36, 37, 44, 45, 38, 39, 46, 47, 40, 33, 32, 25, 26, 27, 34, 41, 48]
[00:00:16:50:894] ! Bidirectional. expansions: 2,034,100, time: 1,009,715 [ms], path length: 36 [edges], g_F: 0, g_B: 36, generated: 2,172,616, MM: 36, MMPER: 96.29729729729729%
[00:00:16:50:894] 
---------- SM_Grids/7x7_grid_with_random_blocks_20per_5 ----------
[00:00:00:22:011] Path of length 34 found: [0, 7, 14, 21, 28, 35, 42, 43, 36, 29, 30, 31, 24, 17, 10, 9, 16, 15, 8, 1, 2, 3, 4, 5, 12, 13, 20, 19, 18, 25, 32, 39, 40, 47, 48]
[00:00:00:22:019] ! Unidirectional s-t. expansions: 49,370, time: 22,013 [ms], path length: 34 [edges], generated: 51,365
[00:00:00:22:357] Path of length 34 found: [48, 47, 40, 39, 32, 25, 18, 19, 12, 13, 6, 5, 4, 3, 2, 1, 8, 15, 16, 9, 10, 17, 24, 31, 30, 29, 36, 43, 42, 35, 28, 21, 14, 7, 0]
[00:00:00:22:358] ! Unidirectional t-s. expansions: 51,831, time: 22,357 [ms], path length: 34 [edges], generated: 51,830
[00:00:00:24:423] Path of length 32 found: [0, 7, 14, 21, 28, 35, 42, 43, 36, 29, 30, 31, 24, 17, 10, 9, 16, 15, 8, 1, 2, 3, 4, 5, 12, 19, 18, 25, 32, 39, 40, 47, 48]
[00:00:00:24:838] ! Bidirectional. expansions: 49,813, time: 24,423 [ms], path length: 32 [edges], g_F: 0, g_B: 32, generated: 51,824, MM: 32, MMPER: 95.96969696969697%
[00:00:00:24:838] 
---------- SM_Grids/7x7_grid_with_random_blocks_20per_6 ----------
[00:00:00:20:756] Path of length 34 found: [0, 1, 8, 7, 14, 21, 28, 29, 22, 23, 30, 31, 32, 25, 18, 17, 16, 9, 10, 3, 4, 5, 6, 13, 12, 19, 20, 27, 26, 33, 34, 41, 40, 47, 48]
[00:00:00:20:757] ! Unidirectional s-t. expansions: 46,254, time: 20,756 [ms], path length: 34 [edges], generated: 50,588
[00:00:00:37:361] Path of length 34 found: [48, 47, 40, 41, 34, 27, 20, 19, 12, 13, 6, 5, 4, 3, 10, 9, 16, 17, 18, 25, 26, 33, 32, 31, 30, 23, 22, 29, 28, 21, 14, 7, 8, 1, 0]
[00:00:00:37:368] ! Unidirectional t-s. expansions: 83,260, time: 37,363 [ms], path length: 34 [edges], generated: 89,395
[00:00:01:04:079] Path of length 34 found: [0, 1, 8, 7, 14, 21, 28, 29, 22, 23, 30, 31, 32, 33, 26, 25, 18, 17, 16, 9, 10, 3, 4, 5, 6, 13, 12, 19, 20, 27, 34, 41, 40, 47, 48]
[00:00:01:04:572] ! Bidirectional. expansions: 103,291, time: 64,079 [ms], path length: 34 [edges], g_F: 0, g_B: 34, generated: 110,810, MM: 34, MMPER: 96.14285714285714%
[00:00:01:04:572] 
---------- SM_Grids/7x7_grid_with_random_blocks_20per_7 ----------
[00:00:00:20:878] Path of length 28 found: [0, 1, 2, 9, 16, 23, 24, 17, 10, 3, 4, 5, 6, 13, 12, 11, 18, 25, 26, 33, 32, 31, 38, 39, 46, 47, 40, 41, 48]
[00:00:00:20:881] ! Unidirectional s-t. expansions: 53,239, time: 20,878 [ms], path length: 28 [edges], generated: 53,238
[00:00:00:30:637] Path of length 28 found: [48, 41, 40, 47, 46, 39, 38, 31, 24, 17, 16, 9, 10, 11, 18, 25, 32, 33, 26, 19, 12, 13, 6, 5, 4, 3, 2, 1, 0]
[00:00:00:30:646] ! Unidirectional t-s. expansions: 64,579, time: 30,637 [ms], path length: 28 [edges], generated: 70,679
[00:00:00:33:397] Path of length 28 found: [0, 1, 2, 3, 4, 5, 6, 13, 12, 19, 26, 33, 32, 25, 18, 11, 10, 9, 16, 17, 24, 31, 38, 39, 46, 47, 40, 41, 48]
[00:00:00:33:906] ! Bidirectional. expansions: 64,590, time: 33,425 [ms], path length: 28 [edges], g_F: 2, g_B: 26, generated: 70,691, MM: 24, MMPER: 81.75862068965517%
[00:00:00:33:907] 
---------- SM_Grids/7x7_grid_with_random_blocks_20per_8 ----------
[00:00:00:02:236] Path of length 38 found: [0, 7, 14, 15, 8, 1, 2, 9, 10, 3, 4, 5, 12, 11, 18, 17, 16, 23, 30, 29, 28, 35, 42, 43, 44, 45, 46, 39, 38, 31, 32, 25, 26, 27, 34, 33, 40, 41, 48]
[00:00:00:02:240] ! Unidirectional s-t. expansions: 5,250, time: 2,237 [ms], path length: 38 [edges], generated: 5,560
[00:00:00:41:186] Path of length 38 found: [48, 41, 40, 33, 34, 27, 26, 25, 32, 31, 38, 39, 46, 45, 44, 43, 42, 35, 28, 29, 30, 23, 16, 9, 10, 17, 18, 11, 12, 5, 4, 3, 2, 1, 8, 15, 14, 7, 0]
[00:00:00:41:187] ! Unidirectional t-s. expansions: 100,750, time: 41,186 [ms], path length: 38 [edges], generated: 108,282
[00:00:00:56:408] Path of length 36 found: [0, 7, 14, 15, 8, 1, 2, 3, 4, 5, 12, 11, 18, 17, 10, 9, 16, 23, 30, 29, 28, 35, 42, 43, 44, 45, 46, 39, 38, 31, 32, 25, 26, 27, 34, 41, 48]
[00:00:00:56:864] ! Bidirectional. expansions: 123,416, time: 56,408 [ms], path length: 36 [edges], g_F: 0, g_B: 36, generated: 132,949, MM: 36, MMPER: 96.29729729729729%
[00:00:00:56:864] 
---------- SM_Grids/7x7_grid_with_random_blocks_20per_9 ----------
[00:00:00:15:582] Path of length 36 found: [0, 7, 8, 15, 22, 23, 30, 29, 28, 35, 42, 43, 36, 37, 44, 45, 46, 39, 32, 25, 18, 17, 10, 9, 2, 3, 4, 5, 12, 13, 20, 27, 34, 33, 40, 41, 48]
[00:00:00:15:583] ! Unidirectional s-t. expansions: 37,062, time: 15,582 [ms], path length: 36 [edges], generated: 38,612
[00:00:00:14:861] Path of length 36 found: [48, 41, 34, 27, 20, 13, 6, 5, 4, 3, 2, 9, 10, 17, 18, 25, 32, 33, 40, 39, 46, 45, 44, 37, 36, 43, 42, 35, 28, 29, 30, 23, 22, 15, 8, 1, 0]
[00:00:00:14:867] ! Unidirectional t-s. expansions: 38,770, time: 14,861 [ms], path length: 36 [edges], generated: 38,769
[00:00:00:16:691] Path of length 36 found: [0, 1, 8, 15, 22, 23, 30, 29, 28, 35, 42, 43, 36, 37, 44, 45, 46, 39, 40, 33, 32, 25, 18, 17, 10, 9, 2, 3, 4, 5, 6, 13, 20, 27, 34, 41, 48]
[00:00:00:17:103] ! Bidirectional. expansions: 37,218, time: 16,692 [ms], path length: 36 [edges], g_F: 0, g_B: 36, generated: 38,769, MM: 36, MMPER: 96.29729729729729%

[00:00:00:17:104] average expansions: (389,653, 308,944, 291,480, 0)
[00:00:00:17:104] average time: (153,126, 125,547, 144,216, 0)
[00:00:00:17:104] A*: 308,944 , 125,547 (expansions , time[ms])
[00:00:00:17:104] XMM: 291,480 , 144,216 (expansions , time[ms])

