Tue 10 Mar 2026 11:57:01 IST

SLURM_JOBID:		 15443262
SLURM_JOB_NODELIST:	 ise-cpu256-02 

--------------------------
date: SM_Grids
number_of_graphs: 10
graph_type: grid
size_of_graphs: [7, 7]
heuristic: bcc_heuristic
snake: False
run_uni: True
run_bi: True
run_multi: False
solution_vertices: []
algorithms: ['full']
bsd: True
cube_first_dims: 4
cube_buffer_dim: None
backward_sym_generation: False
sym_coil: False
prefix_set: None

---------- SM_Grids/7x7_grid_with_random_blocks_16per_0 ----------
[00:00:02:57:330] Path of length 34 found: [0, 1, 8, 7, 14, 21, 28, 35, 42, 43, 36, 29, 30, 37, 44, 45, 38, 31, 24, 17, 18, 25, 32, 39, 46, 47, 40, 33, 26, 19, 20, 27, 34, 41, 48]
[00:00:02:57:332] ! Unidirectional s-t. expansions: 450,903, time: 177,330 [ms], path length: 34 [edges], generated: 480,522
[00:00:02:24:384] Path of length 34 found: [48, 41, 34, 27, 20, 19, 18, 17, 24, 31, 30, 29, 36, 37, 38, 39, 32, 25, 26, 33, 40, 47, 46, 45, 44, 43, 42, 35, 28, 21, 14, 7, 8, 1, 0]
[00:00:02:24:385] ! Unidirectional t-s. expansions: 289,516, time: 144,384 [ms], path length: 34 [edges], generated: 319,142
[00:00:02:38:143] Path of length 34 found: [0, 1, 8, 7, 14, 21, 28, 35, 42, 43, 44, 45, 46, 47, 40, 33, 26, 25, 32, 39, 38, 37, 36, 29, 30, 31, 24, 17, 18, 19, 20, 27, 34, 41, 48]
[00:00:02:38:691] ! Bidirectional. expansions: 289,516, time: 158,143 [ms], path length: 34 [edges], g_F: 5, g_B: 29, generated: 319,142, MM: 24, MMPER: 67.57142857142857%
[00:00:02:38:691] 
---------- SM_Grids/7x7_grid_with_random_blocks_16per_1 ----------
[00:00:05:02:970] Path of length 40 found: [0, 1, 2, 3, 4, 5, 12, 13, 20, 27, 26, 19, 18, 11, 10, 9, 16, 15, 22, 21, 28, 35, 42, 43, 36, 29, 30, 37, 44, 45, 38, 31, 24, 25, 32, 39, 46, 47, 40, 41, 48]
[00:00:05:02:977] ! Unidirectional s-t. expansions: 729,713, time: 302,976 [ms], path length: 40 [edges], generated: 775,914
[00:00:01:46:509] Path of length 40 found: [48, 41, 40, 47, 46, 39, 32, 25, 24, 31, 30, 29, 36, 37, 38, 45, 44, 43, 42, 35, 28, 21, 22, 15, 16, 9, 10, 11, 18, 19, 26, 27, 20, 13, 12, 5, 4, 3, 2, 1, 0]
[00:00:01:46:513] ! Unidirectional t-s. expansions: 227,545, time: 106,512 [ms], path length: 40 [edges], generated: 238,887
[00:00:07:32:044] Path of length 40 found: [0, 1, 2, 3, 4, 5, 12, 13, 20, 27, 26, 19, 18, 11, 10, 9, 16, 15, 22, 21, 28, 35, 42, 43, 44, 45, 38, 37, 36, 29, 30, 31, 24, 25, 32, 39, 46, 47, 40, 41, 48]
[00:00:07:32:819] ! Bidirectional. expansions: 914,905, time: 452,044 [ms], path length: 40 [edges], g_F: 2, g_B: 38, generated: 963,876, MM: 36, MMPER: 86.8048780487805%
[00:00:07:32:819] 
---------- SM_Grids/7x7_grid_with_random_blocks_16per_2 ----------
[00:00:05:06:384] Path of length 38 found: [0, 7, 8, 1, 2, 9, 16, 23, 22, 29, 28, 35, 36, 43, 44, 45, 38, 37, 30, 31, 32, 25, 18, 11, 10, 3, 4, 5, 6, 13, 12, 19, 26, 27, 34, 33, 40, 47, 48]
[00:00:05:06:393] ! Unidirectional s-t. expansions: 680,853, time: 306,387 [ms], path length: 38 [edges], generated: 723,606
[00:00:04:29:088] Path of length 38 found: [48, 47, 40, 33, 34, 27, 26, 19, 12, 13, 6, 5, 4, 3, 10, 17, 18, 25, 32, 31, 30, 37, 38, 45, 44, 43, 36, 35, 28, 29, 22, 23, 16, 9, 2, 1, 8, 7, 0]
[00:00:04:29:090] ! Unidirectional t-s. expansions: 647,251, time: 269,088 [ms], path length: 38 [edges], generated: 647,250
[00:00:05:00:026] Path of length 38 found: [0, 7, 8, 1, 2, 9, 16, 23, 22, 29, 28, 35, 36, 43, 44, 45, 38, 37, 30, 31, 32, 25, 18, 17, 10, 3, 4, 5, 6, 13, 12, 19, 26, 27, 34, 33, 40, 47, 48]
[00:00:05:00:720] ! Bidirectional. expansions: 604,497, time: 300,026 [ms], path length: 38 [edges], g_F: 0, g_B: 38, generated: 647,250, MM: 38, MMPER: 96.43589743589743%
[00:00:05:00:720] 
---------- SM_Grids/7x7_grid_with_random_blocks_16per_3 ----------
[00:00:10:36:875] Path of length 38 found: [0, 7, 14, 21, 28, 35, 42, 43, 36, 29, 22, 15, 8, 1, 2, 3, 4, 11, 12, 19, 18, 17, 16, 23, 30, 31, 24, 25, 32, 39, 46, 47, 40, 33, 26, 27, 34, 41, 48]
[00:00:10:36:879] ! Unidirectional s-t. expansions: 1,617,870, time: 636,877 [ms], path length: 38 [edges], generated: 1,617,869
[00:00:14:14:061] Path of length 38 found: [48, 41, 34, 27, 26, 33, 40, 47, 46, 39, 32, 25, 18, 19, 12, 11, 4, 3, 2, 1, 8, 15, 22, 23, 16, 17, 24, 31, 30, 29, 36, 43, 42, 35, 28, 21, 14, 7, 0]
[00:00:14:14:066] ! Unidirectional t-s. expansions: 2,075,551, time: 854,064 [ms], path length: 38 [edges], generated: 2,075,550
[00:00:16:25:648] Path of length 38 found: [0, 7, 14, 21, 28, 35, 42, 43, 36, 29, 30, 31, 24, 17, 16, 23, 22, 15, 8, 1, 2, 3, 4, 11, 12, 19, 18, 25, 32, 39, 46, 47, 40, 33, 26, 27, 34, 41, 48]
[00:00:16:27:508] ! Bidirectional. expansions: 1,953,180, time: 985,648 [ms], path length: 38 [edges], g_F: 0, g_B: 38, generated: 2,075,550, MM: 38, MMPER: 96.43589743589743%
[00:00:16:27:508] 
---------- SM_Grids/7x7_grid_with_random_blocks_16per_4 ----------
[00:00:02:59:731] Path of length 38 found: [0, 7, 14, 21, 28, 35, 42, 43, 44, 45, 38, 31, 30, 29, 22, 23, 16, 9, 8, 1, 2, 3, 10, 11, 18, 25, 26, 19, 12, 5, 6, 13, 20, 27, 34, 33, 40, 47, 48]
[00:00:02:59:746] ! Unidirectional s-t. expansions: 380,209, time: 179,736 [ms], path length: 38 [edges], generated: 380,208
[00:00:03:08:530] Path of length 38 found: [48, 41, 34, 27, 20, 13, 6, 5, 12, 11, 18, 25, 26, 33, 40, 47, 46, 45, 38, 31, 30, 23, 22, 29, 36, 43, 42, 35, 28, 21, 14, 7, 8, 9, 10, 3, 2, 1, 0]
[00:00:03:08:535] ! Unidirectional t-s. expansions: 375,294, time: 188,531 [ms], path length: 38 [edges], generated: 375,293
[00:00:03:17:293] Path of length 38 found: [0, 1, 2, 3, 10, 9, 8, 7, 14, 21, 28, 35, 42, 43, 36, 29, 22, 23, 30, 31, 38, 45, 46, 47, 40, 33, 26, 25, 18, 11, 12, 5, 6, 13, 20, 27, 34, 41, 48]
[00:00:03:18:237] ! Bidirectional. expansions: 364,032, time: 197,293 [ms], path length: 38 [edges], g_F: 0, g_B: 38, generated: 375,293, MM: 38, MMPER: 96.43589743589743%
[00:00:03:18:237] 
---------- SM_Grids/7x7_grid_with_random_blocks_16per_5 ----------
[00:00:00:00:181] Path of length 38 found: [0, 7, 14, 21, 28, 29, 22, 15, 8, 1, 2, 9, 16, 23, 30, 37, 38, 31, 24, 17, 18, 11, 4, 5, 6, 13, 12, 19, 20, 27, 26, 25, 32, 39, 40, 33, 34, 41, 48]
[00:00:00:00:182] ! Unidirectional s-t. expansions: 286, time: 181 [ms], path length: 38 [edges], generated: 357
[00:00:00:51:318] Path of length 38 found: [48, 41, 34, 27, 20, 13, 6, 5, 4, 11, 12, 19, 18, 17, 16, 9, 2, 1, 8, 15, 22, 23, 24, 31, 32, 25, 26, 33, 40, 39, 38, 37, 30, 29, 28, 21, 14, 7, 0]
[00:00:00:51:323] ! Unidirectional t-s. expansions: 93,649, time: 51,318 [ms], path length: 38 [edges], generated: 103,309
[00:00:31:56:068] Path of length 36 found: [0, 7, 14, 21, 28, 29, 30, 37, 38, 39, 40, 33, 26, 25, 32, 31, 24, 23, 22, 15, 8, 1, 2, 9, 16, 17, 18, 11, 4, 5, 6, 13, 20, 27, 34, 41, 48]
[00:00:31:58:491] ! Bidirectional. expansions: 3,337,137, time: 1,916,068 [ms], path length: 36 [edges], g_F: 0, g_B: 36, generated: 3,605,910, MM: 36, MMPER: 96.29729729729729%
[00:00:31:58:491] 
---------- SM_Grids/7x7_grid_with_random_blocks_16per_6 ----------
[00:00:00:00:048] Path of length 36 found: [0, 1, 8, 15, 22, 23, 16, 9, 2, 3, 10, 17, 24, 31, 30, 37, 44, 45, 46, 39, 32, 25, 18, 11, 4, 5, 6, 13, 12, 19, 20, 27, 26, 33, 34, 41, 48]
[00:00:00:00:060] ! Unidirectional s-t. expansions: 71, time: 48 [ms], path length: 36 [edges], generated: 98
[00:00:00:04:493] Path of length 36 found: [48, 41, 34, 27, 20, 13, 6, 5, 4, 3, 2, 9, 16, 17, 10, 11, 12, 19, 18, 25, 26, 33, 32, 39, 46, 45, 44, 37, 30, 31, 24, 23, 22, 15, 8, 1, 0]
[00:00:00:04:495] ! Unidirectional t-s. expansions: 8,278, time: 4,493 [ms], path length: 36 [edges], generated: 8,325
[00:00:06:59:351] Path of length 34 found: [0, 1, 8, 15, 22, 23, 24, 31, 30, 37, 44, 45, 46, 39, 32, 33, 26, 25, 18, 11, 10, 17, 16, 9, 2, 3, 4, 5, 6, 13, 20, 27, 34, 41, 48]
[00:00:07:00:221] ! Bidirectional. expansions: 642,570, time: 419,351 [ms], path length: 34 [edges], g_F: 1, g_B: 33, generated: 674,948, MM: 32, MMPER: 90.42857142857143%
[00:00:07:00:221] 
---------- SM_Grids/7x7_grid_with_random_blocks_16per_7 ----------
[00:00:00:48:787] Path of length 38 found: [0, 7, 14, 21, 28, 35, 42, 43, 36, 37, 30, 31, 24, 17, 16, 15, 8, 1, 2, 3, 10, 11, 4, 5, 12, 13, 20, 19, 18, 25, 26, 27, 34, 33, 40, 39, 46, 47, 48]
[00:00:00:48:793] ! Unidirectional s-t. expansions: 90,543, time: 48,787 [ms], path length: 38 [edges], generated: 97,842
[00:00:00:46:202] Path of length 38 found: [48, 47, 46, 39, 40, 33, 26, 27, 20, 13, 6, 5, 4, 3, 2, 1, 8, 15, 16, 17, 10, 11, 12, 19, 18, 25, 24, 31, 30, 37, 36, 43, 42, 35, 28, 21, 14, 7, 0]
[00:00:00:46:204] ! Unidirectional t-s. expansions: 97,508, time: 46,202 [ms], path length: 38 [edges], generated: 104,790
[00:00:00:52:396] Path of length 38 found: [0, 7, 14, 21, 28, 35, 42, 43, 36, 37, 30, 31, 24, 25, 18, 19, 12, 11, 10, 17, 16, 15, 8, 1, 2, 3, 4, 5, 6, 13, 20, 27, 26, 33, 40, 39, 46, 47, 48]
[00:00:00:53:022] ! Bidirectional. expansions: 95,740, time: 52,396 [ms], path length: 38 [edges], g_F: 3, g_B: 35, generated: 103,921, MM: 32, MMPER: 81.05128205128206%
[00:00:00:53:022] 
---------- SM_Grids/7x7_grid_with_random_blocks_16per_8 ----------
[00:00:08:19:717] Path of length 38 found: [0, 1, 8, 15, 22, 21, 28, 35, 42, 43, 44, 37, 36, 29, 30, 31, 24, 17, 10, 9, 2, 3, 4, 11, 18, 25, 26, 19, 12, 5, 6, 13, 20, 27, 34, 33, 40, 47, 48]
[00:00:08:19:725] ! Unidirectional s-t. expansions: 954,515, time: 499,722 [ms], path length: 38 [edges], generated: 1,017,134
[00:00:14:20:303] Path of length 38 found: [48, 47, 40, 33, 26, 27, 20, 13, 6, 5, 4, 3, 2, 9, 16, 17, 10, 11, 12, 19, 18, 25, 24, 31, 30, 29, 36, 37, 44, 43, 42, 35, 28, 21, 22, 15, 8, 1, 0]
[00:00:14:20:316] ! Unidirectional t-s. expansions: 1,561,370, time: 860,314 [ms], path length: 38 [edges], generated: 1,623,988
[00:00:13:56:755] Path of length 38 found: [0, 1, 8, 15, 22, 21, 28, 35, 42, 43, 44, 37, 36, 29, 30, 31, 24, 25, 18, 19, 12, 11, 10, 17, 16, 9, 2, 3, 4, 5, 6, 13, 20, 27, 26, 33, 40, 47, 48]
[00:00:13:57:917] ! Bidirectional. expansions: 1,561,369, time: 836,755 [ms], path length: 38 [edges], g_F: 1, g_B: 37, generated: 1,623,988, MM: 36, MMPER: 91.3076923076923%
[00:00:13:57:917] 
---------- SM_Grids/7x7_grid_with_random_blocks_16per_9 ----------
[00:00:19:16:939] Path of length 36 found: [0, 7, 8, 1, 2, 9, 10, 17, 16, 15, 22, 21, 28, 35, 42, 43, 36, 37, 44, 45, 46, 39, 32, 31, 24, 25, 18, 19, 20, 27, 26, 33, 34, 41, 40, 47, 48]
[00:00:19:16:949] ! Unidirectional s-t. expansions: 2,729,006, time: 1,156,941 [ms], path length: 36 [edges], generated: 2,729,005
[00:00:15:17:392] Path of length 36 found: [48, 41, 34, 27, 20, 19, 18, 17, 10, 3, 2, 9, 16, 23, 24, 31, 32, 25, 26, 33, 40, 39, 46, 45, 44, 37, 36, 43, 42, 35, 28, 21, 22, 15, 8, 1, 0]
[00:00:15:17:396] ! Unidirectional t-s. expansions: 2,161,143, time: 917,394 [ms], path length: 36 [edges], generated: 2,161,142
[00:00:17:09:332] Path of length 36 found: [0, 1, 8, 15, 22, 21, 28, 35, 42, 43, 36, 37, 44, 45, 46, 39, 40, 33, 26, 25, 32, 31, 24, 23, 16, 9, 2, 3, 10, 17, 18, 19, 20, 27, 34, 41, 48]
[00:00:17:10:805] ! Bidirectional. expansions: 2,048,511, time: 1,029,332 [ms], path length: 36 [edges], g_F: 0, g_B: 36, generated: 2,161,142, MM: 36, MMPER: 96.29729729729729%

[00:00:17:10:805] average expansions: (763,397, 753,710, 1,181,146, 0)
[00:00:17:10:805] average time: (330,898, 344,230, 634,706, 0)
[00:00:17:10:805] A*: 753,710 , 330,898 (expansions , time[ms])
[00:00:17:10:805] XMM: 1,181,146 , 634,706 (expansions , time[ms])

