Tue 10 Mar 2026 11:57:01 IST

SLURM_JOBID:		 15443261
SLURM_JOB_NODELIST:	 ise-cpu256-02 

--------------------------
date: SM_Grids
number_of_graphs: 10
graph_type: grid
size_of_graphs: [7, 7]
heuristic: bcc_heuristic
snake: False
run_uni: True
run_bi: True
run_multi: False
solution_vertices: []
algorithms: ['full']
bsd: True
cube_first_dims: 4
cube_buffer_dim: None
backward_sym_generation: False
sym_coil: False
prefix_set: None

---------- SM_Grids/7x7_grid_with_random_blocks_12per_0 ----------
[00:00:35:49:516] Path of length 38 found: [0, 7, 14, 21, 28, 35, 42, 43, 36, 29, 22, 15, 8, 1, 2, 9, 16, 17, 10, 3, 4, 11, 18, 19, 26, 33, 32, 31, 30, 37, 44, 45, 38, 39, 46, 47, 40, 41, 48]
[00:00:35:49:525] ! Unidirectional s-t. expansions: 4,996,743, time: 2,149,523 [ms], path length: 38 [edges], generated: 4,996,742
[00:00:45:50:027] Path of length 38 found: [48, 41, 40, 47, 46, 39, 32, 33, 26, 19, 18, 11, 4, 3, 2, 1, 8, 15, 16, 9, 10, 17, 24, 31, 30, 29, 36, 37, 38, 45, 44, 43, 42, 35, 28, 21, 14, 7, 0]
[00:00:45:50:041] ! Unidirectional t-s. expansions: 6,053,274, time: 2,750,038 [ms], path length: 38 [edges], generated: 6,053,273
[00:00:58:53:336] Path of length 38 found: [0, 7, 14, 21, 28, 35, 42, 43, 44, 45, 38, 37, 36, 29, 30, 31, 24, 17, 10, 9, 16, 15, 8, 1, 2, 3, 4, 11, 18, 19, 26, 33, 32, 39, 46, 47, 40, 41, 48]
[00:00:58:56:991] ! Bidirectional. expansions: 5,783,823, time: 3,533,336 [ms], path length: 38 [edges], g_F: 0, g_B: 38, generated: 6,053,273, MM: 38, MMPER: 96.43589743589743%
[00:00:58:56:991] 
---------- SM_Grids/7x7_grid_with_random_blocks_12per_1 ----------
[00:01:04:57:501] Path of length 40 found: [0, 7, 14, 21, 28, 29, 36, 35, 42, 43, 44, 45, 46, 39, 32, 31, 30, 23, 22, 15, 8, 1, 2, 9, 16, 17, 10, 3, 4, 11, 18, 25, 26, 19, 20, 27, 34, 33, 40, 47, 48]
[00:01:04:57:537] ! Unidirectional s-t. expansions: 8,058,001, time: 3,897,514 [ms], path length: 40 [edges], generated: 8,058,000
[00:01:04:07:643] Path of length 40 found: [48, 41, 34, 27, 20, 19, 18, 11, 4, 3, 2, 1, 8, 9, 10, 17, 16, 15, 22, 23, 30, 31, 32, 25, 26, 33, 40, 39, 46, 45, 44, 43, 42, 35, 36, 29, 28, 21, 14, 7, 0]
[00:01:04:07:657] ! Unidirectional t-s. expansions: 8,363,894, time: 3,847,655 [ms], path length: 40 [edges], generated: 8,363,893
[00:01:11:45:377] Path of length 40 found: [0, 7, 14, 21, 28, 29, 36, 35, 42, 43, 44, 45, 46, 39, 40, 33, 26, 25, 32, 31, 30, 23, 22, 15, 16, 17, 10, 9, 8, 1, 2, 3, 4, 11, 18, 19, 20, 27, 34, 41, 48]
[00:01:11:48:671] ! Bidirectional. expansions: 8,006,245, time: 4,305,377 [ms], path length: 40 [edges], g_F: 0, g_B: 40, generated: 8,363,893, MM: 40, MMPER: 96.5609756097561%
[00:01:11:48:674] 
---------- SM_Grids/7x7_grid_with_random_blocks_12per_2 ----------
[00:01:38:24:385] Path of length 38 found: [0, 7, 14, 21, 28, 29, 22, 15, 8, 1, 2, 9, 16, 23, 30, 37, 36, 43, 44, 45, 38, 31, 24, 17, 10, 3, 4, 11, 18, 19, 26, 25, 32, 39, 40, 33, 34, 41, 48]
[00:01:38:24:450] ! Unidirectional s-t. expansions: 12,921,897, time: 5,904,406 [ms], path length: 38 [edges], generated: 12,921,896
[00:02:13:09:851] Path of length 38 found: [48, 41, 34, 33, 40, 39, 32, 25, 26, 19, 18, 11, 4, 3, 2, 1, 8, 15, 22, 23, 16, 9, 10, 17, 24, 31, 30, 37, 38, 45, 44, 43, 36, 29, 28, 21, 14, 7, 0]
[00:02:13:09:879] ! Unidirectional t-s. expansions: 16,751,133, time: 7,989,862 [ms], path length: 38 [edges], generated: 16,751,132
[00:02:25:50:959] Path of length 38 found: [0, 7, 14, 21, 28, 29, 36, 43, 44, 45, 38, 37, 30, 31, 24, 17, 10, 9, 16, 23, 22, 15, 8, 1, 2, 3, 4, 11, 18, 19, 26, 25, 32, 39, 40, 33, 34, 41, 48]
[00:02:25:55:228] ! Bidirectional. expansions: 15,930,362, time: 8,750,959 [ms], path length: 38 [edges], g_F: 0, g_B: 38, generated: 16,751,132, MM: 38, MMPER: 96.43589743589743%
[00:02:25:55:232] 
---------- SM_Grids/7x7_grid_with_random_blocks_12per_3 ----------
[00:00:02:17:972] Path of length 42 found: [0, 7, 14, 21, 28, 35, 42, 43, 36, 37, 30, 29, 22, 15, 8, 1, 2, 9, 16, 23, 24, 17, 10, 3, 4, 5, 6, 13, 12, 19, 20, 27, 26, 25, 32, 39, 46, 47, 40, 33, 34, 41, 48]
[00:00:02:18:021] ! Unidirectional s-t. expansions: 248,780, time: 137,972 [ms], path length: 42 [edges], generated: 277,487
[00:00:11:27:082] Path of length 42 found: [48, 41, 34, 33, 40, 47, 46, 39, 32, 25, 26, 27, 20, 19, 12, 13, 6, 5, 4, 3, 2, 1, 8, 15, 16, 9, 10, 17, 24, 23, 22, 29, 30, 37, 36, 43, 42, 35, 28, 21, 14, 7, 0]
[00:00:11:27:100] ! Unidirectional t-s. expansions: 1,322,564, time: 687,085 [ms], path length: 42 [edges], generated: 1,383,568
[00:01:01:10:815] Path of length 42 found: [0, 7, 14, 21, 28, 35, 42, 43, 36, 37, 30, 29, 22, 23, 24, 17, 10, 9, 16, 15, 8, 1, 2, 3, 4, 5, 6, 13, 12, 19, 20, 27, 26, 25, 32, 39, 46, 47, 40, 33, 34, 41, 48]
[00:01:01:13:336] ! Bidirectional. expansions: 6,600,033, time: 3,670,816 [ms], path length: 42 [edges], g_F: 0, g_B: 42, generated: 6,939,622, MM: 42, MMPER: 96.67441860465117%
[00:01:01:13:337] 
---------- SM_Grids/7x7_grid_with_random_blocks_12per_4 ----------
[00:00:00:04:548] Path of length 42 found: [0, 7, 8, 1, 2, 9, 16, 15, 22, 21, 28, 29, 36, 43, 44, 45, 38, 31, 30, 23, 24, 17, 10, 3, 4, 11, 18, 19, 12, 5, 6, 13, 20, 27, 26, 33, 32, 39, 46, 47, 40, 41, 48]
[00:00:00:04:571] ! Unidirectional s-t. expansions: 1,837, time: 4,548 [ms], path length: 42 [edges], generated: 2,286
[00:00:22:08:407] Path of length 42 found: [48, 41, 40, 47, 46, 39, 32, 33, 26, 27, 20, 13, 6, 5, 4, 3, 10, 11, 12, 19, 18, 17, 24, 23, 30, 31, 38, 45, 44, 43, 36, 29, 28, 21, 22, 15, 16, 9, 2, 1, 8, 7, 0]
[00:00:22:08:436] ! Unidirectional t-s. expansions: 2,554,368, time: 1,328,419 [ms], path length: 42 [edges], generated: 2,679,153
[00:01:06:20:501] Path of length 42 found: [0, 7, 8, 1, 2, 9, 16, 15, 22, 21, 28, 29, 36, 43, 44, 45, 38, 31, 30, 23, 24, 17, 18, 19, 12, 11, 10, 3, 4, 5, 6, 13, 20, 27, 26, 33, 32, 39, 46, 47, 40, 41, 48]
[00:01:06:24:708] ! Bidirectional. expansions: 7,806,019, time: 3,980,501 [ms], path length: 42 [edges], g_F: 0, g_B: 42, generated: 8,206,459, MM: 42, MMPER: 96.67441860465117%
[00:01:06:24:710] 
---------- SM_Grids/7x7_grid_with_random_blocks_12per_5 ----------
[00:00:42:54:884] Path of length 40 found: [0, 7, 14, 21, 28, 35, 42, 43, 36, 29, 22, 15, 8, 1, 2, 9, 16, 23, 24, 25, 18, 11, 4, 5, 12, 13, 20, 19, 26, 27, 34, 33, 32, 31, 30, 37, 38, 45, 46, 47, 48]
[00:00:42:54:933] ! Unidirectional s-t. expansions: 5,781,365, time: 2,574,903 [ms], path length: 40 [edges], generated: 5,781,364
[00:00:41:45:226] Path of length 40 found: [48, 47, 46, 45, 38, 31, 24, 25, 18, 19, 26, 33, 34, 27, 20, 13, 6, 5, 4, 11, 10, 9, 2, 1, 8, 15, 16, 23, 22, 29, 30, 37, 36, 43, 42, 35, 28, 21, 14, 7, 0]
[00:00:41:45:246] ! Unidirectional t-s. expansions: 5,572,523, time: 2,505,241 [ms], path length: 40 [edges], generated: 5,572,522
[00:00:45:59:643] Path of length 40 found: [0, 7, 14, 21, 28, 35, 42, 43, 36, 37, 30, 29, 22, 23, 16, 15, 8, 1, 2, 9, 10, 11, 4, 5, 6, 13, 20, 27, 34, 33, 26, 19, 18, 25, 24, 31, 38, 45, 46, 47, 48]
[00:00:46:03:057] ! Bidirectional. expansions: 5,300,242, time: 2,759,643 [ms], path length: 40 [edges], g_F: 0, g_B: 40, generated: 5,572,522, MM: 40, MMPER: 96.5609756097561%
[00:00:46:03:059] 
---------- SM_Grids/7x7_grid_with_random_blocks_12per_6 ----------
[00:00:33:15:516] Path of length 40 found: [0, 7, 14, 21, 28, 35, 42, 43, 36, 29, 22, 15, 8, 1, 2, 3, 4, 11, 12, 5, 6, 13, 20, 27, 26, 25, 18, 17, 16, 23, 30, 37, 44, 45, 38, 31, 32, 39, 46, 47, 48]
[00:00:33:15:549] ! Unidirectional s-t. expansions: 4,400,405, time: 1,995,532 [ms], path length: 40 [edges], generated: 4,400,404
[00:00:36:38:569] Path of length 40 found: [48, 41, 34, 27, 20, 13, 6, 5, 12, 11, 4, 3, 2, 1, 8, 15, 22, 29, 36, 37, 30, 23, 16, 17, 24, 25, 32, 31, 38, 39, 46, 45, 44, 43, 42, 35, 28, 21, 14, 7, 0]
[00:00:36:38:581] ! Unidirectional t-s. expansions: 4,923,206, time: 2,198,578 [ms], path length: 40 [edges], generated: 4,923,205
[00:00:39:40:220] Path of length 40 found: [0, 7, 14, 21, 28, 35, 42, 43, 44, 45, 46, 39, 38, 31, 32, 25, 24, 17, 16, 23, 30, 37, 36, 29, 22, 15, 8, 1, 2, 3, 4, 11, 12, 5, 6, 13, 20, 27, 34, 41, 48]
[00:00:39:46:304] ! Bidirectional. expansions: 4,686,868, time: 2,380,221 [ms], path length: 40 [edges], g_F: 0, g_B: 40, generated: 4,923,205, MM: 40, MMPER: 96.5609756097561%
[00:00:39:46:309] 
---------- SM_Grids/7x7_grid_with_random_blocks_12per_7 ----------
[00:00:53:53:555] Path of length 40 found: [0, 7, 14, 21, 28, 35, 42, 43, 36, 29, 30, 23, 16, 15, 8, 1, 2, 9, 10, 3, 4, 11, 12, 13, 20, 19, 18, 17, 24, 31, 38, 45, 46, 39, 32, 25, 26, 33, 40, 41, 48]
[00:00:53:53:612] ! Unidirectional s-t. expansions: 6,651,248, time: 3,233,582 [ms], path length: 40 [edges], generated: 6,993,233
[00:00:55:27:924] Path of length 40 found: [48, 41, 34, 33, 26, 19, 20, 13, 12, 11, 4, 3, 2, 1, 8, 15, 16, 9, 10, 17, 18, 25, 24, 23, 30, 31, 38, 39, 46, 45, 44, 43, 42, 35, 36, 29, 28, 21, 14, 7, 0]
[00:00:55:27:946] ! Unidirectional t-s. expansions: 7,194,481, time: 3,327,943 [ms], path length: 40 [edges], generated: 7,194,480
[00:01:01:20:827] Path of length 40 found: [0, 7, 14, 21, 28, 29, 36, 35, 42, 43, 44, 45, 46, 39, 38, 31, 30, 23, 24, 25, 18, 17, 10, 9, 16, 15, 8, 1, 2, 3, 4, 11, 12, 13, 20, 19, 26, 33, 34, 41, 48]
[00:01:01:24:026] ! Bidirectional. expansions: 6,852,495, time: 3,680,827 [ms], path length: 40 [edges], g_F: 0, g_B: 40, generated: 7,194,480, MM: 40, MMPER: 96.5609756097561%
[00:01:01:24:026] 
---------- SM_Grids/7x7_grid_with_random_blocks_12per_8 ----------
[00:01:54:23:460] Path of length 42 found: [0, 7, 14, 21, 28, 35, 42, 43, 36, 29, 22, 15, 8, 1, 2, 9, 16, 23, 30, 37, 38, 31, 24, 25, 18, 17, 10, 3, 4, 5, 6, 13, 12, 19, 20, 27, 26, 33, 32, 39, 46, 47, 48]
[00:01:54:23:506] ! Unidirectional s-t. expansions: 14,581,634, time: 6,863,470 [ms], path length: 42 [edges], generated: 15,206,956
[00:01:48:34:751] Path of length 42 found: [48, 47, 46, 39, 32, 33, 26, 27, 20, 13, 6, 5, 12, 19, 18, 25, 24, 17, 10, 3, 2, 1, 8, 9, 16, 15, 22, 23, 30, 31, 38, 37, 44, 43, 42, 35, 36, 29, 28, 21, 14, 7, 0]
[00:01:48:34:777] ! Unidirectional t-s. expansions: 14,044,515, time: 6,514,774 [ms], path length: 42 [edges], generated: 14,044,514
[00:02:02:08:723] Path of length 40 found: [0, 7, 14, 21, 28, 35, 42, 43, 36, 37, 38, 31, 24, 17, 10, 9, 16, 23, 30, 29, 22, 15, 8, 1, 2, 3, 4, 5, 6, 13, 20, 27, 26, 19, 18, 25, 32, 39, 46, 47, 48]
[00:02:02:13:001] ! Bidirectional. expansions: 13,417,431, time: 7,328,723 [ms], path length: 40 [edges], g_F: 0, g_B: 40, generated: 14,044,307, MM: 40, MMPER: 96.5609756097561%
[00:02:02:13:004] 
---------- SM_Grids/7x7_grid_with_random_blocks_12per_9 ----------
[00:01:15:34:761] Path of length 40 found: [0, 7, 14, 21, 28, 29, 36, 37, 30, 23, 16, 9, 8, 1, 2, 3, 10, 17, 24, 31, 38, 45, 46, 39, 32, 25, 18, 11, 4, 5, 6, 13, 12, 19, 20, 27, 26, 33, 34, 41, 48]
[00:01:15:34:825] ! Unidirectional s-t. expansions: 8,710,265, time: 4,534,771 [ms], path length: 40 [edges], generated: 9,115,212
[00:01:07:55:193] Path of length 40 found: [48, 41, 34, 27, 20, 13, 6, 5, 4, 3, 2, 1, 8, 15, 16, 9, 10, 17, 24, 25, 18, 11, 12, 19, 26, 33, 32, 39, 46, 45, 38, 31, 30, 37, 36, 29, 28, 21, 14, 7, 0]
[00:01:07:55:214] ! Unidirectional t-s. expansions: 8,546,159, time: 4,075,212 [ms], path length: 40 [edges], generated: 8,546,158
[00:01:14:52:788] Path of length 38 found: [0, 7, 14, 21, 28, 29, 36, 37, 30, 31, 38, 39, 32, 33, 26, 19, 12, 11, 18, 25, 24, 17, 10, 9, 16, 15, 8, 1, 2, 3, 4, 5, 6, 13, 20, 27, 34, 41, 48]
[00:01:14:55:451] ! Bidirectional. expansions: 8,141,122, time: 4,492,789 [ms], path length: 38 [edges], g_F: 0, g_B: 38, generated: 8,546,146, MM: 38, MMPER: 96.43589743589743%

[00:01:14:55:452] average expansions: (6,635,218, 7,532,612, 8,252,464, 0)
[00:01:14:55:452] average time: (3,129,622, 3,522,481, 4,488,319, 0)
[00:01:14:55:452] A*: 6,635,218 , 3,129,622 (expansions , time[ms])
[00:01:14:55:453] XMM: 8,252,464 , 4,488,319 (expansions , time[ms])

