Thu 12 Mar 2026 17:40:44 IST

SLURM_JOBID:		 15627343
SLURM_JOB_NODELIST:	 ise-cpu256-25 

--------------------------
date: SM_Grids
number_of_graphs: 10
graph_type: grid
size_of_graphs: [7, 8]
heuristic: bcc_heuristic
snake: False
run_uni: True
run_bi: True
run_multi: False
solution_vertices: []
algorithms: ['DFBnB']
bsd: False
cube_first_dims: 4
cube_buffer_dim: None
backward_sym_generation: False
sym_coil: False
prefix_set: None

---------- SM_Grids/7x8_grid_with_random_blocks_12per_0 ----------
[00:00:00:13:182] Path of length 47 found: [0, 1, 2, 10, 18, 17, 16, 24, 32, 40, 48, 49, 41, 33, 25, 26, 34, 42, 50, 51, 43, 44, 45, 37, 29, 21, 13, 12, 20, 28, 27, 19, 11, 3, 4, 5, 6, 7, 15, 14, 22, 23, 31, 30, 38, 46, 47, 55]
[00:00:00:13:182] ! Unidirectional s-t. expansions: 20,327, time: 13,182 [ms], path length: 47 [edges], generated: 32,937
[00:00:00:03:998] Path of length 47 found: [55, 47, 39, 31, 23, 15, 7, 6, 5, 4, 3, 11, 19, 27, 28, 20, 12, 13, 14, 22, 21, 29, 30, 38, 37, 45, 44, 43, 51, 50, 42, 34, 26, 25, 33, 41, 49, 48, 40, 32, 24, 16, 17, 18, 10, 2, 1, 0]
[00:00:00:03:998] ! Unidirectional t-s. expansions: 5,611, time: 3,998 [ms], path length: 47 [edges], generated: 9,640
[00:00:00:00:057] New longest path found with length 47 at expansion 23
[00:00:01:15:067] Path of length 47 found: [0, 1, 2, 10, 18, 17, 16, 24, 32, 40, 48, 49, 41, 33, 25, 26, 34, 42, 50, 51, 43, 44, 45, 37, 38, 30, 29, 21, 22, 14, 13, 12, 20, 28, 27, 19, 11, 3, 4, 5, 6, 7, 15, 23, 31, 39, 47, 55]
[00:00:01:15:497] ! Bidirectional. expansions: 32,956, time: 75,067 [ms], path length: 47 [edges], g_F: 24, g_B: 23, generated: {'F': 56,122, 'B': 58,125}, MM: 1, MMPER: 1.0833333333333335%
[00:00:01:15:497] 
---------- SM_Grids/7x8_grid_with_random_blocks_12per_1 ----------
[00:00:00:04:714] Path of length 47 found: [0, 8, 16, 24, 32, 40, 41, 33, 25, 17, 9, 10, 2, 3, 11, 19, 18, 26, 34, 42, 50, 51, 43, 35, 27, 28, 20, 21, 13, 12, 4, 5, 6, 14, 15, 23, 22, 30, 38, 37, 36, 44, 45, 53, 54, 46, 47, 55]
[00:00:00:04:715] ! Unidirectional s-t. expansions: 5,627, time: 4,714 [ms], path length: 47 [edges], generated: 9,236
[00:00:00:00:056] Path of length 47 found: [55, 47, 39, 38, 46, 54, 53, 45, 37, 36, 44, 43, 51, 50, 42, 34, 35, 27, 28, 20, 12, 13, 21, 22, 23, 15, 14, 6, 5, 4, 3, 2, 10, 11, 19, 18, 26, 25, 33, 41, 40, 32, 24, 16, 17, 9, 8, 0]
[00:00:00:00:056] ! Unidirectional t-s. expansions: 54, time: 56 [ms], path length: 47 [edges], generated: 91
[00:00:00:00:047] New longest path found with length 35 at expansion 17
[00:00:00:00:163] New longest path found with length 43 at expansion 61
[00:00:00:00:226] New longest path found with length 45 at expansion 87
[00:00:00:05:769] New longest path found with length 47 at expansion 2,416
[00:00:00:05:930] Path of length 47 found: [0, 8, 16, 24, 32, 40, 41, 33, 25, 26, 18, 17, 9, 10, 2, 3, 4, 5, 6, 14, 15, 23, 22, 21, 13, 12, 11, 19, 20, 28, 27, 35, 34, 42, 50, 51, 43, 44, 36, 37, 45, 53, 54, 46, 38, 39, 47, 55]
[00:00:00:06:309] ! Bidirectional. expansions: 2,468, time: 5,930 [ms], path length: 47 [edges], g_F: 24, g_B: 23, generated: {'F': 4,558, 'B': 4,943}, MM: 1, MMPER: 1.0833333333333335%
[00:00:00:06:309] 
---------- SM_Grids/7x8_grid_with_random_blocks_12per_2 ----------
[00:00:00:07:110] Path of length 45 found: [0, 8, 16, 24, 32, 40, 48, 49, 41, 33, 34, 26, 18, 17, 9, 1, 2, 10, 11, 3, 4, 5, 13, 21, 22, 14, 6, 7, 15, 23, 31, 39, 38, 37, 29, 28, 20, 19, 27, 35, 43, 44, 52, 53, 54, 55]
[00:00:00:07:110] ! Unidirectional s-t. expansions: 8,706, time: 7,110 [ms], path length: 45 [edges], generated: 14,609
[00:00:00:01:280] Path of length 45 found: [55, 47, 39, 31, 23, 15, 7, 6, 5, 13, 14, 22, 21, 29, 37, 45, 53, 52, 44, 43, 35, 36, 28, 20, 19, 27, 26, 34, 33, 41, 49, 48, 40, 32, 24, 16, 8, 9, 17, 18, 10, 11, 3, 2, 1, 0]
[00:00:00:01:280] ! Unidirectional t-s. expansions: 1,448, time: 1,280 [ms], path length: 45 [edges], generated: 2,565
[00:00:00:00:039] New longest path found with length 31 at expansion 15
[00:00:00:00:067] New longest path found with length 41 at expansion 27
[00:00:00:00:146] New longest path found with length 43 at expansion 63
[00:00:00:03:384] New longest path found with length 45 at expansion 1,565
[00:00:00:52:212] Path of length 45 found: [0, 8, 16, 24, 32, 40, 48, 49, 41, 33, 34, 26, 27, 35, 43, 44, 52, 53, 45, 37, 36, 28, 20, 19, 11, 10, 18, 17, 9, 1, 2, 3, 4, 5, 13, 21, 22, 14, 6, 7, 15, 23, 31, 39, 47, 55]
[00:00:00:52:594] ! Bidirectional. expansions: 22,856, time: 52,212 [ms], path length: 45 [edges], g_F: 23, g_B: 22, generated: {'F': 39,665, 'B': 41,533}, MM: 1, MMPER: 1.1739130434782608%
[00:00:00:52:594] 
---------- SM_Grids/7x8_grid_with_random_blocks_12per_3 ----------
[00:00:00:38:874] Path of length 45 found: [0, 8, 16, 24, 32, 33, 25, 17, 9, 1, 2, 10, 11, 3, 4, 5, 6, 14, 22, 21, 20, 19, 27, 26, 34, 42, 41, 49, 50, 51, 43, 35, 36, 44, 52, 53, 45, 37, 29, 30, 31, 39, 38, 46, 47, 55]
[00:00:00:38:874] ! Unidirectional s-t. expansions: 51,632, time: 38,874 [ms], path length: 45 [edges], generated: 89,547
[00:00:00:44:900] Path of length 45 found: [55, 47, 39, 31, 30, 22, 14, 6, 5, 4, 3, 2, 1, 9, 10, 11, 12, 20, 19, 27, 26, 34, 42, 43, 35, 36, 28, 29, 37, 38, 46, 45, 44, 52, 51, 50, 49, 41, 33, 32, 24, 25, 17, 16, 8, 0]
[00:00:00:44:901] ! Unidirectional t-s. expansions: 64,654, time: 44,901 [ms], path length: 45 [edges], generated: 106,955
[00:00:00:00:028] New longest path found with length 21 at expansion 10
[00:00:00:00:031] New longest path found with length 23 at expansion 11
[00:00:00:00:050] New longest path found with length 29 at expansion 18
[00:00:00:00:065] New longest path found with length 43 at expansion 25
[00:00:00:00:076] New longest path found with length 45 at expansion 30
[00:00:04:26:548] Valid meeting checks so far: 200,000, state_vs_state: 0, state_vs_prefix: 0, prefix_vs_prefix: 200,000
[00:00:08:59:688] Valid meeting checks so far: 400,000, state_vs_state: 0, state_vs_prefix: 0, prefix_vs_prefix: 400,000
[00:00:13:39:667] Valid meeting checks so far: 600,000, state_vs_state: 0, state_vs_prefix: 0, prefix_vs_prefix: 600,000
[00:00:18:14:622] Valid meeting checks so far: 800,000, state_vs_state: 0, state_vs_prefix: 0, prefix_vs_prefix: 800,000
[00:00:21:11:479] Path of length 45 found: [0, 8, 16, 24, 32, 33, 25, 17, 9, 1, 2, 10, 11, 19, 27, 26, 34, 42, 41, 49, 50, 51, 43, 44, 52, 53, 45, 46, 38, 37, 36, 28, 29, 21, 20, 12, 4, 5, 6, 14, 22, 30, 31, 39, 47, 55]
[00:00:21:11:851] ! Bidirectional. expansions: 556,769, time: 1,271,479 [ms], path length: 45 [edges], g_F: 23, g_B: 22, generated: {'F': 1,048,513, 'B': 1,042,141}, MM: 1, MMPER: 1.1739130434782608%
[00:00:21:11:851] 
---------- SM_Grids/7x8_grid_with_random_blocks_12per_4 ----------
[00:00:00:25:039] Path of length 45 found: [0, 1, 2, 10, 9, 17, 16, 24, 25, 33, 32, 40, 48, 49, 41, 42, 34, 35, 43, 51, 52, 53, 45, 37, 36, 28, 27, 19, 11, 12, 20, 21, 13, 5, 6, 7, 15, 23, 22, 30, 31, 39, 38, 46, 54, 55]
[00:00:00:25:039] ! Unidirectional s-t. expansions: 33,896, time: 25,039 [ms], path length: 45 [edges], generated: 58,663
[00:00:00:36:911] Path of length 45 found: [55, 47, 39, 31, 23, 15, 7, 6, 5, 4, 12, 13, 21, 22, 30, 38, 37, 45, 46, 54, 53, 52, 51, 43, 42, 50, 49, 48, 40, 32, 24, 16, 17, 25, 33, 34, 35, 36, 28, 20, 19, 11, 10, 2, 1, 0]
[00:00:00:36:911] ! Unidirectional t-s. expansions: 54,581, time: 36,911 [ms], path length: 45 [edges], generated: 91,105
[00:00:00:00:055] New longest path found with length 43 at expansion 23
[00:00:00:00:063] New longest path found with length 45 at expansion 27
[00:00:04:51:830] Valid meeting checks so far: 200,000, state_vs_state: 0, state_vs_prefix: 0, prefix_vs_prefix: 200,000
[00:00:09:44:395] Valid meeting checks so far: 400,000, state_vs_state: 0, state_vs_prefix: 0, prefix_vs_prefix: 400,000
[00:00:14:41:820] Valid meeting checks so far: 600,000, state_vs_state: 0, state_vs_prefix: 0, prefix_vs_prefix: 600,000
[00:00:19:37:201] Valid meeting checks so far: 800,000, state_vs_state: 0, state_vs_prefix: 0, prefix_vs_prefix: 800,000
[00:00:24:32:490] Valid meeting checks so far: 1,000,000, state_vs_state: 0, state_vs_prefix: 0, prefix_vs_prefix: 1,000,000
[00:00:26:09:409] Path of length 45 found: [0, 1, 2, 10, 9, 17, 16, 24, 25, 33, 32, 40, 48, 49, 41, 42, 50, 51, 52, 53, 54, 46, 45, 37, 38, 30, 22, 21, 20, 28, 36, 35, 27, 19, 11, 12, 4, 5, 6, 7, 15, 23, 31, 39, 47, 55]
[00:00:26:09:774] ! Bidirectional. expansions: 721,303, time: 1,569,409 [ms], path length: 45 [edges], g_F: 23, g_B: 22, generated: {'F': 1,225,993, 'B': 1,247,191}, MM: 1, MMPER: 1.1739130434782608%
[00:00:26:09:774] 
---------- SM_Grids/7x8_grid_with_random_blocks_12per_5 ----------
[00:00:00:34:326] Path of length 45 found: [0, 8, 16, 17, 9, 1, 2, 10, 18, 26, 25, 33, 32, 40, 48, 49, 50, 51, 52, 53, 45, 46, 38, 30, 29, 21, 13, 12, 20, 28, 36, 35, 27, 19, 11, 3, 4, 5, 6, 14, 22, 23, 31, 39, 47, 55]
[00:00:00:34:326] ! Unidirectional s-t. expansions: 38,117, time: 34,326 [ms], path length: 45 [edges], generated: 67,595
[00:00:00:09:524] Path of length 45 found: [55, 47, 39, 31, 23, 22, 14, 6, 5, 4, 3, 2, 1, 9, 10, 18, 26, 34, 35, 36, 28, 27, 19, 11, 12, 20, 21, 29, 30, 38, 46, 45, 53, 52, 51, 50, 49, 48, 40, 32, 33, 25, 17, 16, 8, 0]
[00:00:00:09:525] ! Unidirectional t-s. expansions: 12,107, time: 9,525 [ms], path length: 45 [edges], generated: 20,374
[00:00:00:00:055] New longest path found with length 45 at expansion 22
[00:00:04:58:164] Valid meeting checks so far: 200,000, state_vs_state: 0, state_vs_prefix: 0, prefix_vs_prefix: 200,000
[00:00:08:33:484] Path of length 45 found: [0, 8, 16, 17, 9, 1, 2, 10, 18, 26, 25, 33, 32, 40, 48, 49, 50, 51, 52, 53, 45, 46, 38, 30, 29, 21, 13, 12, 20, 28, 36, 35, 27, 19, 11, 3, 4, 5, 6, 14, 22, 23, 31, 39, 47, 55]
[00:00:08:33:853] ! Bidirectional. expansions: 222,546, time: 513,484 [ms], path length: 45 [edges], g_F: 23, g_B: 22, generated: {'F': 410,017, 'B': 425,308}, MM: 1, MMPER: 1.1739130434782608%
[00:00:08:33:853] 
---------- SM_Grids/7x8_grid_with_random_blocks_12per_6 ----------
[00:00:00:00:114] Path of length 47 found: [0, 8, 9, 17, 18, 10, 2, 3, 11, 19, 27, 26, 34, 33, 32, 40, 48, 49, 41, 42, 50, 51, 43, 35, 36, 28, 20, 21, 29, 37, 45, 44, 52, 53, 54, 46, 38, 30, 22, 14, 6, 7, 15, 23, 31, 39, 47, 55]
[00:00:00:00:115] ! Unidirectional s-t. expansions: 47, time: 115 [ms], path length: 47 [edges], generated: 78
[00:00:00:00:527] Path of length 47 found: [55, 47, 39, 31, 23, 15, 7, 6, 14, 22, 21, 20, 28, 36, 35, 43, 44, 45, 37, 29, 30, 38, 46, 54, 53, 52, 51, 50, 42, 41, 49, 48, 40, 32, 33, 34, 26, 27, 19, 11, 3, 2, 10, 18, 17, 9, 8, 0]
[00:00:00:00:527] ! Unidirectional t-s. expansions: 751, time: 527 [ms], path length: 47 [edges], generated: 1,214
[00:00:00:00:058] New longest path found with length 47 at expansion 23
[00:00:00:00:061] Path of length 47 found: [0, 8, 9, 17, 18, 10, 2, 3, 11, 19, 27, 26, 34, 33, 32, 40, 48, 49, 41, 42, 50, 51, 52, 53, 54, 46, 38, 30, 29, 37, 45, 44, 43, 35, 36, 28, 20, 21, 22, 14, 6, 7, 15, 23, 31, 39, 47, 55]
[00:00:00:00:429] ! Bidirectional. expansions: 24, time: 61 [ms], path length: 47 [edges], g_F: 24, g_B: 23, generated: {'F': 41, 'B': 46}, MM: 1, MMPER: 1.0833333333333335%
[00:00:00:00:429] 
---------- SM_Grids/7x8_grid_with_random_blocks_12per_7 ----------
[00:00:00:00:153] Path of length 47 found: [0, 8, 9, 1, 2, 10, 18, 17, 25, 33, 41, 49, 50, 42, 34, 26, 27, 35, 43, 51, 52, 44, 36, 28, 20, 19, 11, 3, 4, 12, 13, 5, 6, 14, 15, 23, 31, 30, 29, 37, 45, 53, 54, 46, 38, 39, 47, 55]
[00:00:00:00:153] ! Unidirectional s-t. expansions: 216, time: 153 [ms], path length: 47 [edges], generated: 383
[00:00:00:02:812] Path of length 47 found: [55, 47, 39, 31, 23, 15, 14, 6, 5, 13, 12, 4, 3, 11, 19, 20, 28, 27, 26, 34, 42, 43, 35, 36, 44, 45, 37, 29, 30, 38, 46, 54, 53, 52, 51, 50, 49, 41, 33, 25, 17, 18, 10, 2, 1, 9, 8, 0]
[00:00:00:02:812] ! Unidirectional t-s. expansions: 4,674, time: 2,812 [ms], path length: 47 [edges], generated: 7,509
[00:00:00:00:044] New longest path found with length 33 at expansion 16
[00:00:00:00:047] New longest path found with length 35 at expansion 17
[00:00:00:00:050] New longest path found with length 37 at expansion 18
[00:00:00:00:061] New longest path found with length 47 at expansion 23
[00:00:00:00:064] Path of length 47 found: [0, 8, 9, 1, 2, 10, 18, 17, 25, 33, 41, 49, 50, 42, 34, 26, 27, 35, 43, 51, 52, 53, 54, 46, 38, 30, 29, 37, 45, 44, 36, 28, 20, 19, 11, 3, 4, 12, 13, 5, 6, 14, 15, 23, 31, 39, 47, 55]
[00:00:00:00:425] ! Bidirectional. expansions: 24, time: 64 [ms], path length: 47 [edges], g_F: 24, g_B: 23, generated: {'F': 48, 'B': 45}, MM: 1, MMPER: 1.0833333333333335%
[00:00:00:00:425] 
---------- SM_Grids/7x8_grid_with_random_blocks_12per_8 ----------
[00:00:00:08:423] Path of length 47 found: [0, 8, 16, 24, 32, 33, 34, 26, 18, 17, 9, 1, 2, 10, 11, 3, 4, 12, 20, 19, 27, 35, 43, 42, 50, 51, 52, 44, 36, 28, 29, 21, 13, 5, 6, 7, 15, 14, 22, 30, 31, 39, 47, 46, 45, 53, 54, 55]
[00:00:00:08:424] ! Unidirectional s-t. expansions: 10,075, time: 8,424 [ms], path length: 47 [edges], generated: 17,893
[00:00:00:27:473] Path of length 47 found: [55, 47, 39, 31, 30, 22, 14, 15, 7, 6, 5, 4, 3, 2, 1, 9, 17, 18, 10, 11, 19, 27, 35, 43, 44, 36, 28, 20, 12, 13, 21, 29, 37, 45, 46, 54, 53, 52, 51, 50, 42, 34, 33, 32, 24, 16, 8, 0]
[00:00:00:27:473] ! Unidirectional t-s. expansions: 39,996, time: 27,473 [ms], path length: 47 [edges], generated: 65,458
[00:00:00:00:034] New longest path found with length 25 at expansion 12
[00:00:00:00:037] New longest path found with length 27 at expansion 13
[00:00:00:00:052] New longest path found with length 31 at expansion 19
[00:00:00:00:054] New longest path found with length 33 at expansion 20
[00:00:00:00:057] New longest path found with length 35 at expansion 21
[00:00:00:00:068] New longest path found with length 45 at expansion 26
[00:00:00:00:094] New longest path found with length 47 at expansion 38
[00:00:03:33:153] Path of length 47 found: [0, 8, 16, 24, 32, 33, 34, 26, 18, 17, 9, 1, 2, 10, 11, 19, 27, 35, 43, 42, 50, 51, 52, 53, 54, 46, 45, 44, 36, 37, 29, 28, 20, 21, 13, 12, 4, 5, 6, 7, 15, 14, 22, 30, 31, 39, 47, 55]
[00:00:03:33:519] ! Bidirectional. expansions: 92,452, time: 213,153 [ms], path length: 47 [edges], g_F: 24, g_B: 23, generated: {'F': 166,228, 'B': 173,349}, MM: 1, MMPER: 1.0833333333333335%
[00:00:03:33:520] 
---------- SM_Grids/7x8_grid_with_random_blocks_12per_9 ----------
[00:00:00:00:645] Path of length 47 found: [0, 8, 16, 24, 32, 40, 48, 49, 41, 33, 25, 17, 18, 10, 2, 3, 11, 19, 27, 26, 34, 42, 50, 51, 43, 35, 36, 28, 29, 21, 20, 12, 13, 5, 6, 7, 15, 14, 22, 23, 31, 30, 38, 39, 47, 46, 54, 55]
[00:00:00:00:646] ! Unidirectional s-t. expansions: 641, time: 646 [ms], path length: 47 [edges], generated: 1,103
[00:00:00:00:485] Path of length 47 found: [55, 54, 46, 47, 39, 38, 30, 31, 23, 15, 7, 6, 5, 13, 14, 22, 21, 29, 28, 20, 12, 11, 3, 2, 10, 18, 19, 27, 26, 25, 33, 41, 42, 34, 35, 36, 44, 43, 51, 50, 49, 48, 40, 32, 24, 16, 8, 0]
[00:00:00:00:485] ! Unidirectional t-s. expansions: 722, time: 485 [ms], path length: 47 [edges], generated: 1,225
[00:00:00:00:046] New longest path found with length 37 at expansion 18
[00:00:00:00:058] New longest path found with length 43 at expansion 23
[00:00:00:00:061] New longest path found with length 45 at expansion 24
[00:00:00:00:143] New longest path found with length 47 at expansion 42
[00:00:00:02:372] Path of length 47 found: [0, 8, 16, 24, 32, 40, 48, 49, 41, 33, 25, 17, 18, 10, 2, 3, 11, 12, 20, 19, 27, 26, 34, 42, 50, 51, 43, 44, 36, 28, 29, 21, 22, 14, 13, 5, 6, 7, 15, 23, 31, 30, 38, 39, 47, 46, 54, 55]
[00:00:00:02:735] ! Bidirectional. expansions: 1,012, time: 2,372 [ms], path length: 47 [edges], g_F: 24, g_B: 23, generated: {'F': 1,716, 'B': 1,774}, MM: 1, MMPER: 1.0833333333333335%

[00:00:00:02:735] average expansions: (16,928, 18,460, 165,241, 0)
[00:00:00:02:735] average time: (13,258, 12,797, 370,323, 0)
[00:00:00:02:735] X-DFBnB: 16,928 , 12,797 (expansions , time[ms])
[00:00:00:02:736] BiX-DFBnB: 165,241 , 370,323 (expansions , time[ms])

