Mon 09 Mar 2026 16:01:56 IST

SLURM_JOBID:		 15356702
SLURM_JOB_NODELIST:	 ise-cpu256-04 

--------------------------
date: SM_Grids
number_of_graphs: 10
graph_type: grid
size_of_graphs: [7, 8]
heuristic: bcc_heuristic
snake: False
run_uni: True
run_bi: True
run_multi: False
solution_vertices: []
algorithms: ['DFBnB']
bsd: False
cube_first_dims: 4
cube_buffer_dim: None
backward_sym_generation: False
sym_coil: False
prefix_set: None

---------- SM_Grids/7x8_grid_with_random_blocks_20per_0 ----------
[00:00:00:00:064] Path of length 29 found: [0, 1, 9, 8, 16, 17, 25, 26, 18, 19, 11, 3, 4, 12, 20, 21, 13, 5, 6, 7, 15, 14, 22, 30, 38, 37, 45, 46, 47, 55]
[00:00:00:00:064] ! Unidirectional s-t. expansions: 67, time: 64 [ms], path length: 29 [edges], generated: 118
[00:00:00:00:045] Path of length 29 found: [55, 47, 46, 45, 37, 38, 30, 22, 23, 15, 7, 6, 14, 13, 5, 4, 3, 11, 12, 20, 19, 18, 26, 25, 17, 16, 8, 9, 1, 0]
[00:00:00:00:045] ! Unidirectional t-s. expansions: 53, time: 45 [ms], path length: 29 [edges], generated: 85
[00:00:00:00:044] Path of length 29 found: [0, 1, 9, 8, 16, 17, 25, 26, 18, 19, 11, 3, 4, 12, 20, 21, 13, 14, 6, 7, 15, 23, 22, 30, 38, 37, 45, 46, 47, 55]
[00:00:00:00:511] ! Bidirectional. expansions: 78, time: 44 [ms], path length: 29 [edges], g_F: 15, g_B: 14, generated: {'F': 74, 'B': 69}, MM: 1, MMPER: 2.3333333333333335%
[00:00:00:00:512] 
---------- SM_Grids/7x8_grid_with_random_blocks_20per_1 ----------
[00:00:00:00:322] Path of length 39 found: [0, 8, 16, 24, 32, 40, 41, 42, 34, 26, 18, 17, 9, 10, 2, 3, 11, 12, 4, 5, 13, 14, 22, 21, 20, 28, 27, 35, 43, 44, 36, 37, 29, 30, 31, 39, 38, 46, 54, 55]
[00:00:00:00:322] ! Unidirectional s-t. expansions: 330, time: 322 [ms], path length: 39 [edges], generated: 578
[00:00:00:00:543] Path of length 39 found: [55, 54, 46, 38, 39, 31, 30, 22, 14, 13, 5, 4, 3, 2, 10, 11, 12, 20, 21, 29, 28, 27, 26, 34, 35, 36, 37, 45, 44, 43, 42, 41, 40, 32, 24, 16, 17, 9, 8, 0]
[00:00:00:00:544] ! Unidirectional t-s. expansions: 515, time: 543 [ms], path length: 39 [edges], generated: 897
[00:00:00:00:423] Path of length 39 found: [0, 8, 16, 24, 32, 40, 41, 42, 34, 35, 43, 44, 45, 37, 29, 21, 20, 28, 27, 26, 18, 17, 9, 10, 2, 3, 11, 12, 4, 5, 13, 14, 22, 30, 31, 39, 38, 46, 54, 55]
[00:00:00:00:830] ! Bidirectional. expansions: 774, time: 423 [ms], path length: 39 [edges], g_F: 20, g_B: 19, generated: {'F': 760, 'B': 742}, MM: 1, MMPER: 1.5%
[00:00:00:00:830] 
---------- SM_Grids/7x8_grid_with_random_blocks_20per_2 ----------
[00:00:00:00:034] Path of length 31 found: [0, 1, 9, 17, 16, 24, 32, 40, 48, 49, 41, 33, 25, 26, 18, 10, 2, 3, 11, 19, 27, 28, 36, 35, 34, 42, 43, 44, 45, 53, 54, 55]
[00:00:00:00:034] ! Unidirectional s-t. expansions: 31, time: 34 [ms], path length: 31 [edges], generated: 47
[00:00:00:00:027] Path of length 31 found: [55, 54, 53, 45, 44, 36, 28, 27, 19, 11, 3, 2, 10, 18, 26, 25, 33, 34, 35, 43, 42, 41, 49, 48, 40, 32, 24, 16, 17, 9, 1, 0]
[00:00:00:00:028] ! Unidirectional t-s. expansions: 31, time: 27 [ms], path length: 31 [edges], generated: 48
[00:00:00:00:016] Path of length 31 found: [0, 1, 9, 17, 16, 24, 32, 40, 48, 49, 41, 42, 43, 35, 34, 33, 25, 26, 18, 10, 2, 3, 11, 19, 27, 28, 36, 44, 45, 53, 54, 55]
[00:00:00:00:431] ! Bidirectional. expansions: 32, time: 16 [ms], path length: 31 [edges], g_F: 16, g_B: 15, generated: {'F': 29, 'B': 29}, MM: 1, MMPER: 2.125%
[00:00:00:00:431] 
---------- SM_Grids/7x8_grid_with_random_blocks_20per_3 ----------
[00:00:00:00:031] Path of length 35 found: [0, 1, 9, 8, 16, 24, 32, 33, 25, 17, 18, 10, 11, 19, 20, 12, 4, 5, 13, 21, 29, 37, 45, 46, 38, 30, 22, 14, 6, 7, 15, 23, 31, 39, 47, 55]
[00:00:00:00:031] ! Unidirectional s-t. expansions: 35, time: 31 [ms], path length: 35 [edges], generated: 58
[00:00:00:00:517] Path of length 35 found: [55, 47, 39, 31, 23, 15, 7, 6, 5, 4, 12, 13, 14, 22, 30, 38, 46, 45, 37, 29, 21, 20, 19, 11, 10, 9, 17, 18, 26, 25, 33, 32, 24, 16, 8, 0]
[00:00:00:00:517] ! Unidirectional t-s. expansions: 597, time: 517 [ms], path length: 35 [edges], generated: 989
[00:00:00:00:068] Path of length 35 found: [0, 1, 9, 8, 16, 24, 32, 33, 25, 17, 18, 10, 11, 19, 20, 21, 29, 37, 45, 46, 38, 30, 22, 14, 13, 12, 4, 5, 6, 7, 15, 23, 31, 39, 47, 55]
[00:00:00:00:453] ! Bidirectional. expansions: 104, time: 68 [ms], path length: 35 [edges], g_F: 18, g_B: 17, generated: {'F': 95, 'B': 100}, MM: 1, MMPER: 1.7777777777777777%
[00:00:00:00:453] 
---------- SM_Grids/7x8_grid_with_random_blocks_20per_4 ----------
[00:00:00:00:236] Path of length 35 found: [0, 8, 16, 17, 25, 26, 34, 35, 27, 19, 18, 10, 9, 1, 2, 3, 4, 12, 20, 28, 29, 37, 38, 30, 22, 21, 13, 5, 6, 14, 15, 23, 31, 39, 47, 55]
[00:00:00:00:236] ! Unidirectional s-t. expansions: 330, time: 236 [ms], path length: 35 [edges], generated: 541
[00:00:00:00:031] Path of length 35 found: [55, 47, 46, 38, 37, 29, 21, 22, 30, 31, 23, 15, 14, 6, 5, 13, 12, 4, 3, 2, 1, 9, 10, 18, 19, 20, 28, 27, 35, 34, 26, 25, 17, 16, 8, 0]
[00:00:00:00:031] ! Unidirectional t-s. expansions: 35, time: 31 [ms], path length: 35 [edges], generated: 57
[00:00:00:00:029] Path of length 35 found: [0, 8, 16, 17, 25, 26, 34, 35, 27, 28, 20, 19, 18, 10, 9, 1, 2, 3, 4, 12, 13, 5, 6, 14, 15, 23, 31, 30, 22, 21, 29, 37, 38, 46, 47, 55]
[00:00:00:00:419] ! Bidirectional. expansions: 46, time: 30 [ms], path length: 35 [edges], g_F: 18, g_B: 17, generated: {'F': 39, 'B': 41}, MM: 1, MMPER: 1.7777777777777777%
[00:00:00:00:419] 
---------- SM_Grids/7x8_grid_with_random_blocks_20per_5 ----------
[00:00:00:00:372] Path of length 37 found: [0, 1, 9, 17, 25, 26, 18, 10, 2, 3, 4, 5, 6, 7, 15, 23, 31, 30, 22, 14, 13, 12, 20, 28, 27, 35, 34, 42, 41, 49, 50, 51, 43, 44, 45, 46, 47, 55]
[00:00:00:00:373] ! Unidirectional s-t. expansions: 480, time: 372 [ms], path length: 37 [edges], generated: 724
[00:00:00:00:138] Path of length 37 found: [55, 47, 46, 45, 44, 52, 51, 50, 49, 41, 42, 43, 35, 34, 26, 27, 28, 20, 12, 13, 14, 22, 30, 31, 23, 15, 7, 6, 5, 4, 3, 11, 10, 18, 17, 9, 1, 0]
[00:00:00:00:139] ! Unidirectional t-s. expansions: 172, time: 139 [ms], path length: 37 [edges], generated: 278
[00:00:00:00:086] Path of length 37 found: [0, 1, 9, 17, 25, 26, 18, 10, 2, 3, 4, 5, 6, 7, 15, 23, 31, 30, 22, 14, 13, 12, 20, 28, 27, 35, 34, 42, 41, 49, 50, 51, 52, 44, 45, 46, 47, 55]
[00:00:00:00:469] ! Bidirectional. expansions: 146, time: 86 [ms], path length: 37 [edges], g_F: 19, g_B: 18, generated: {'F': 131, 'B': 128}, MM: 1, MMPER: 1.6315789473684212%
[00:00:00:00:470] 
---------- SM_Grids/7x8_grid_with_random_blocks_20per_6 ----------
[00:00:00:00:269] Path of length 37 found: [0, 8, 16, 17, 9, 1, 2, 10, 18, 26, 34, 42, 50, 51, 43, 35, 27, 28, 29, 21, 13, 5, 6, 7, 15, 14, 22, 30, 38, 39, 47, 46, 45, 44, 52, 53, 54, 55]
[00:00:00:00:269] ! Unidirectional s-t. expansions: 346, time: 269 [ms], path length: 37 [edges], generated: 552
[00:00:00:00:394] Path of length 37 found: [55, 47, 39, 38, 30, 22, 23, 15, 7, 6, 5, 13, 21, 29, 28, 27, 35, 43, 44, 45, 46, 54, 53, 52, 51, 50, 42, 34, 26, 25, 17, 16, 8, 9, 10, 2, 1, 0]
[00:00:00:00:394] ! Unidirectional t-s. expansions: 489, time: 394 [ms], path length: 37 [edges], generated: 753
[00:00:00:00:332] Path of length 37 found: [0, 8, 16, 17, 9, 1, 2, 10, 18, 26, 34, 42, 50, 51, 52, 53, 54, 46, 45, 44, 43, 35, 27, 28, 29, 21, 13, 5, 6, 7, 15, 23, 22, 30, 38, 39, 47, 55]
[00:00:00:00:724] ! Bidirectional. expansions: 532, time: 332 [ms], path length: 37 [edges], g_F: 19, g_B: 18, generated: {'F': 473, 'B': 444}, MM: 1, MMPER: 1.6315789473684212%
[00:00:00:00:724] 
---------- SM_Grids/7x8_grid_with_random_blocks_20per_7 ----------
[00:00:00:00:193] Path of length 39 found: [0, 8, 16, 24, 32, 33, 25, 17, 9, 10, 11, 19, 18, 26, 34, 42, 50, 51, 52, 44, 45, 37, 36, 28, 29, 21, 13, 5, 6, 7, 15, 23, 22, 30, 31, 39, 47, 46, 54, 55]
[00:00:00:00:193] ! Unidirectional s-t. expansions: 240, time: 193 [ms], path length: 39 [edges], generated: 398
[00:00:00:00:048] Path of length 39 found: [55, 54, 46, 47, 39, 31, 23, 15, 7, 6, 5, 13, 21, 22, 30, 29, 28, 36, 37, 45, 44, 52, 51, 50, 42, 34, 26, 18, 19, 11, 10, 9, 17, 25, 33, 32, 24, 16, 8, 0]
[00:00:00:00:048] ! Unidirectional t-s. expansions: 53, time: 48 [ms], path length: 39 [edges], generated: 82
[00:00:00:00:160] Path of length 39 found: [0, 8, 16, 24, 32, 33, 25, 17, 9, 10, 11, 19, 18, 26, 34, 42, 50, 51, 52, 44, 45, 37, 36, 28, 29, 30, 22, 21, 13, 5, 6, 7, 15, 23, 31, 39, 47, 46, 54, 55]
[00:00:00:00:545] ! Bidirectional. expansions: 312, time: 160 [ms], path length: 39 [edges], g_F: 20, g_B: 19, generated: {'F': 288, 'B': 228}, MM: 1, MMPER: 1.5%
[00:00:00:00:546] 
---------- SM_Grids/7x8_grid_with_random_blocks_20per_8 ----------
[00:00:00:01:063] Path of length 39 found: [0, 1, 9, 17, 16, 24, 32, 40, 41, 33, 34, 26, 18, 10, 2, 3, 4, 12, 20, 28, 27, 35, 43, 51, 52, 53, 45, 37, 29, 21, 13, 5, 6, 14, 22, 30, 38, 46, 54, 55]
[00:00:00:01:063] ! Unidirectional s-t. expansions: 1,633, time: 1,063 [ms], path length: 39 [edges], generated: 2,568
[00:00:00:00:544] Path of length 39 found: [55, 47, 46, 54, 53, 52, 51, 43, 35, 27, 28, 36, 37, 38, 30, 29, 21, 20, 12, 13, 14, 6, 5, 4, 3, 2, 10, 18, 26, 34, 33, 41, 40, 32, 24, 16, 17, 9, 1, 0]
[00:00:00:00:544] ! Unidirectional t-s. expansions: 554, time: 544 [ms], path length: 39 [edges], generated: 986
[00:00:00:00:826] Path of length 39 found: [0, 1, 9, 17, 16, 24, 32, 40, 41, 33, 34, 26, 18, 10, 2, 3, 4, 12, 13, 5, 6, 14, 22, 21, 29, 30, 38, 37, 36, 28, 27, 35, 43, 51, 52, 53, 54, 46, 47, 55]
[00:00:00:01:211] ! Bidirectional. expansions: 1,610, time: 826 [ms], path length: 39 [edges], g_F: 20, g_B: 19, generated: {'F': 1,522, 'B': 1,365}, MM: 1, MMPER: 1.5%
[00:00:00:01:211] 
---------- SM_Grids/7x8_grid_with_random_blocks_20per_9 ----------
[00:00:00:00:130] Path of length 33 found: [0, 8, 16, 17, 25, 33, 32, 40, 48, 49, 41, 42, 34, 26, 18, 19, 11, 3, 4, 12, 20, 28, 27, 35, 36, 44, 45, 37, 38, 39, 47, 46, 54, 55]
[00:00:00:00:130] ! Unidirectional s-t. expansions: 75, time: 130 [ms], path length: 33 [edges], generated: 132
[00:00:00:00:406] Path of length 33 found: [55, 54, 46, 47, 39, 38, 37, 45, 44, 36, 28, 20, 12, 4, 3, 11, 19, 18, 26, 27, 35, 34, 42, 50, 49, 48, 40, 32, 33, 25, 17, 16, 8, 0]
[00:00:00:00:406] ! Unidirectional t-s. expansions: 425, time: 406 [ms], path length: 33 [edges], generated: 819
[00:00:00:00:055] Path of length 33 found: [0, 8, 16, 17, 25, 33, 32, 40, 48, 49, 41, 42, 34, 35, 27, 26, 18, 19, 11, 3, 4, 12, 20, 28, 36, 44, 45, 37, 38, 39, 47, 46, 54, 55]
[00:00:00:00:439] ! Bidirectional. expansions: 102, time: 55 [ms], path length: 33 [edges], g_F: 17, g_B: 16, generated: {'F': 94, 'B': 89}, MM: 1, MMPER: 1.9411764705882355%

[00:00:00:00:440] average expansions: (357, 292, 374, 0)
[00:00:00:00:440] average time: (271, 269, 204, 0)
[00:00:00:00:440] X-DFBnB: 292 , 269 (expansions , time[ms])
[00:00:00:00:440] BiX-DFBnB: 374 , 204 (expansions , time[ms])

