Tue 10 Mar 2026 11:57:01 IST

SLURM_JOBID:		 15443267
SLURM_JOB_NODELIST:	 ise-cpu256-02 

--------------------------
date: SM_Grids
number_of_graphs: 10
graph_type: grid
size_of_graphs: [7, 8]
heuristic: bcc_heuristic
snake: False
run_uni: True
run_bi: True
run_multi: False
solution_vertices: []
algorithms: ['full']
bsd: True
cube_first_dims: 4
cube_buffer_dim: None
backward_sym_generation: False
sym_coil: False
prefix_set: None

---------- SM_Grids/7x8_grid_with_random_blocks_20per_0 ----------
[00:00:01:13:693] Path of length 29 found: [0, 1, 9, 8, 16, 17, 25, 26, 18, 19, 11, 3, 4, 12, 20, 21, 13, 5, 6, 14, 15, 23, 22, 30, 38, 37, 45, 46, 47, 55]
[00:00:01:13:695] ! Unidirectional s-t. expansions: 174,309, time: 73,693 [ms], path length: 29 [edges], generated: 175,907
[00:00:00:19:511] Path of length 29 found: [55, 47, 46, 45, 37, 38, 30, 22, 14, 15, 7, 6, 5, 4, 3, 11, 12, 13, 21, 20, 19, 18, 26, 25, 17, 16, 8, 9, 1, 0]
[00:00:00:19:512] ! Unidirectional t-s. expansions: 42,311, time: 19,511 [ms], path length: 29 [edges], generated: 42,712
[00:00:00:20:779] Path of length 29 found: [0, 1, 9, 8, 16, 17, 25, 26, 18, 19, 20, 21, 13, 12, 11, 3, 4, 5, 6, 7, 15, 14, 22, 30, 38, 37, 45, 46, 47, 55]
[00:00:00:21:207] ! Bidirectional. expansions: 42,310, time: 20,781 [ms], path length: 29 [edges], g_F: 5, g_B: 24, generated: 42,712, MM: 19, MMPER: 62.333333333333336%
[00:00:00:21:208] 
---------- SM_Grids/7x8_grid_with_random_blocks_20per_1 ----------
[00:00:07:35:013] Path of length 39 found: [0, 8, 16, 24, 32, 40, 41, 42, 34, 26, 18, 17, 9, 10, 2, 3, 11, 12, 4, 5, 13, 14, 22, 21, 20, 28, 27, 35, 43, 44, 36, 37, 29, 30, 31, 39, 38, 46, 54, 55]
[00:00:07:35:015] ! Unidirectional s-t. expansions: 956,583, time: 455,014 [ms], path length: 39 [edges], generated: 1,001,269
[00:00:07:35:909] Path of length 39 found: [55, 54, 46, 38, 39, 31, 30, 22, 14, 13, 5, 4, 3, 2, 10, 11, 12, 20, 21, 29, 28, 27, 26, 34, 35, 36, 37, 45, 44, 43, 42, 41, 40, 32, 24, 16, 17, 9, 8, 0]
[00:00:07:35:914] ! Unidirectional t-s. expansions: 902,000, time: 455,913 [ms], path length: 39 [edges], generated: 946,686
[00:00:08:32:801] Path of length 39 found: [0, 8, 9, 17, 16, 24, 32, 40, 41, 42, 43, 44, 45, 37, 36, 35, 34, 26, 27, 28, 29, 21, 20, 12, 11, 10, 2, 3, 4, 5, 13, 14, 22, 30, 31, 39, 38, 46, 54, 55]
[00:00:08:33:591] ! Bidirectional. expansions: 901,999, time: 512,801 [ms], path length: 39 [edges], g_F: 1, g_B: 38, generated: 946,686, MM: 37, MMPER: 91.5%
[00:00:08:33:592] 
---------- SM_Grids/7x8_grid_with_random_blocks_20per_2 ----------
[00:00:00:00:026] Path of length 31 found: [0, 1, 9, 17, 16, 24, 32, 40, 48, 49, 41, 33, 25, 26, 18, 10, 2, 3, 11, 19, 27, 28, 36, 35, 34, 42, 43, 44, 45, 53, 54, 55]
[00:00:00:00:027] ! Unidirectional s-t. expansions: 41, time: 26 [ms], path length: 31 [edges], generated: 58
[00:00:00:00:845] Path of length 31 found: [55, 54, 53, 45, 44, 36, 28, 27, 19, 11, 3, 2, 10, 18, 26, 25, 33, 34, 35, 43, 42, 41, 49, 48, 40, 32, 24, 16, 17, 9, 1, 0]
[00:00:00:00:846] ! Unidirectional t-s. expansions: 1,686, time: 845 [ms], path length: 31 [edges], generated: 1,703
[00:00:00:28:204] Path of length 27 found: [0, 1, 9, 17, 16, 24, 32, 40, 48, 49, 41, 33, 25, 26, 18, 10, 2, 3, 11, 19, 27, 28, 36, 44, 45, 53, 54, 55]
[00:00:00:28:633] ! Bidirectional. expansions: 45,492, time: 28,204 [ms], path length: 27 [edges], g_F: 1, g_B: 26, generated: 50,536, MM: 25, MMPER: 88.28571428571429%
[00:00:00:28:634] 
---------- SM_Grids/7x8_grid_with_random_blocks_20per_3 ----------
[00:00:05:19:161] Path of length 35 found: [0, 8, 16, 24, 32, 33, 25, 26, 18, 17, 9, 10, 11, 19, 20, 12, 4, 5, 13, 21, 29, 37, 45, 46, 38, 30, 22, 14, 6, 7, 15, 23, 31, 39, 47, 55]
[00:00:05:19:165] ! Unidirectional s-t. expansions: 638,217, time: 319,164 [ms], path length: 35 [edges], generated: 719,515
[00:00:06:40:568] Path of length 35 found: [55, 47, 39, 31, 23, 15, 7, 6, 5, 4, 12, 13, 14, 22, 30, 38, 46, 45, 37, 29, 21, 20, 19, 11, 10, 9, 17, 18, 26, 25, 33, 32, 24, 16, 8, 0]
[00:00:06:40:570] ! Unidirectional t-s. expansions: 917,083, time: 400,569 [ms], path length: 35 [edges], generated: 917,082
[00:00:07:23:365] Path of length 35 found: [0, 8, 16, 24, 32, 33, 25, 26, 18, 17, 9, 10, 11, 19, 20, 21, 29, 37, 45, 46, 38, 30, 22, 14, 13, 12, 4, 5, 6, 7, 15, 23, 31, 39, 47, 55]
[00:00:07:24:223] ! Bidirectional. expansions: 835,783, time: 443,365 [ms], path length: 35 [edges], g_F: 0, g_B: 35, generated: 917,082, MM: 35, MMPER: 96.22222222222223%
[00:00:07:24:224] 
---------- SM_Grids/7x8_grid_with_random_blocks_20per_4 ----------
[00:00:05:57:523] Path of length 35 found: [0, 8, 16, 17, 25, 26, 34, 35, 27, 19, 18, 10, 9, 1, 2, 3, 4, 12, 20, 28, 29, 21, 13, 5, 6, 14, 15, 23, 22, 30, 31, 39, 38, 46, 47, 55]
[00:00:05:57:531] ! Unidirectional s-t. expansions: 754,220, time: 357,527 [ms], path length: 35 [edges], generated: 819,070
[00:00:06:30:218] Path of length 35 found: [55, 47, 39, 31, 23, 15, 14, 6, 5, 4, 3, 2, 1, 9, 10, 18, 19, 20, 12, 13, 21, 22, 30, 38, 37, 29, 28, 27, 35, 34, 26, 25, 17, 16, 8, 0]
[00:00:06:30:221] ! Unidirectional t-s. expansions: 925,589, time: 390,219 [ms], path length: 35 [edges], generated: 925,588
[00:00:07:17:411] Path of length 35 found: [0, 8, 16, 17, 25, 26, 34, 35, 27, 28, 29, 37, 38, 30, 22, 21, 13, 12, 20, 19, 18, 10, 9, 1, 2, 3, 4, 5, 6, 14, 15, 23, 31, 39, 47, 55]
[00:00:07:18:202] ! Bidirectional. expansions: 860,737, time: 437,411 [ms], path length: 35 [edges], g_F: 0, g_B: 35, generated: 925,588, MM: 35, MMPER: 96.22222222222223%
[00:00:07:18:202] 
---------- SM_Grids/7x8_grid_with_random_blocks_20per_5 ----------
[00:00:00:27:288] Path of length 37 found: [0, 1, 9, 17, 25, 26, 18, 10, 2, 3, 4, 5, 6, 7, 15, 23, 31, 30, 22, 14, 13, 12, 20, 28, 27, 35, 34, 42, 41, 49, 50, 51, 43, 44, 45, 46, 47, 55]
[00:00:00:27:290] ! Unidirectional s-t. expansions: 46,672, time: 27,288 [ms], path length: 37 [edges], generated: 51,563
[00:00:01:43:873] Path of length 37 found: [55, 47, 39, 31, 30, 22, 23, 15, 7, 6, 14, 13, 5, 4, 3, 2, 10, 11, 12, 20, 28, 27, 35, 43, 44, 52, 51, 50, 49, 41, 42, 34, 26, 18, 17, 9, 1, 0]
[00:00:01:43:875] ! Unidirectional t-s. expansions: 226,798, time: 103,874 [ms], path length: 37 [edges], generated: 231,688
[00:00:01:56:928] Path of length 37 found: [0, 1, 9, 17, 18, 26, 34, 42, 41, 49, 50, 51, 52, 44, 43, 35, 27, 28, 20, 12, 11, 10, 2, 3, 4, 5, 13, 14, 6, 7, 15, 23, 22, 30, 31, 39, 47, 55]
[00:00:01:57:495] ! Bidirectional. expansions: 226,797, time: 116,928 [ms], path length: 37 [edges], g_F: 1, g_B: 36, generated: 231,688, MM: 35, MMPER: 91.10526315789474%
[00:00:01:57:495] 
---------- SM_Grids/7x8_grid_with_random_blocks_20per_6 ----------
[00:00:00:35:395] Path of length 37 found: [0, 8, 16, 17, 9, 1, 2, 10, 18, 26, 34, 42, 50, 51, 43, 35, 27, 28, 29, 21, 13, 5, 6, 14, 15, 23, 22, 30, 38, 39, 47, 46, 45, 44, 52, 53, 54, 55]
[00:00:00:35:399] ! Unidirectional s-t. expansions: 84,290, time: 35,396 [ms], path length: 37 [edges], generated: 85,986
[00:00:00:11:597] Path of length 37 found: [55, 47, 39, 38, 30, 22, 14, 15, 7, 6, 5, 13, 21, 29, 28, 27, 35, 43, 44, 45, 46, 54, 53, 52, 51, 50, 42, 34, 26, 18, 10, 2, 1, 9, 17, 16, 8, 0]
[00:00:00:11:599] ! Unidirectional t-s. expansions: 24,106, time: 11,598 [ms], path length: 37 [edges], generated: 24,736
[00:00:01:54:335] Path of length 37 found: [0, 8, 16, 17, 9, 1, 2, 10, 18, 26, 34, 42, 50, 51, 52, 53, 54, 46, 45, 44, 43, 35, 27, 28, 29, 21, 13, 5, 6, 7, 15, 14, 22, 30, 38, 39, 47, 55]
[00:00:01:54:831] ! Bidirectional. expansions: 62,619, time: 114,335 [ms], path length: 37 [edges], g_F: 9, g_B: 28, generated: 72,733, MM: 19, MMPER: 49.0%
[00:00:01:54:831] 
---------- SM_Grids/7x8_grid_with_random_blocks_20per_7 ----------
[00:00:01:07:933] Path of length 39 found: [0, 8, 16, 24, 32, 33, 25, 17, 9, 10, 11, 19, 18, 26, 34, 42, 50, 51, 52, 44, 45, 37, 36, 28, 29, 21, 13, 5, 6, 7, 15, 23, 22, 30, 31, 39, 47, 46, 54, 55]
[00:00:01:07:936] ! Unidirectional s-t. expansions: 154,084, time: 67,933 [ms], path length: 39 [edges], generated: 154,083
[00:00:01:20:673] Path of length 39 found: [55, 54, 46, 47, 39, 31, 23, 15, 7, 6, 5, 13, 21, 22, 30, 29, 28, 36, 37, 45, 44, 52, 51, 50, 42, 34, 26, 18, 19, 11, 10, 9, 17, 25, 33, 32, 24, 16, 8, 0]
[00:00:01:20:675] ! Unidirectional t-s. expansions: 161,415, time: 80,673 [ms], path length: 39 [edges], generated: 169,737
[00:00:01:36:590] Path of length 39 found: [0, 8, 16, 24, 32, 33, 25, 17, 9, 10, 11, 19, 18, 26, 34, 42, 50, 51, 52, 44, 45, 37, 36, 28, 29, 30, 22, 21, 13, 5, 6, 7, 15, 23, 31, 39, 47, 46, 54, 55]
[00:00:01:37:133] ! Bidirectional. expansions: 161,414, time: 96,590 [ms], path length: 39 [edges], g_F: 1, g_B: 38, generated: 169,737, MM: 37, MMPER: 91.5%
[00:00:01:37:133] 
---------- SM_Grids/7x8_grid_with_random_blocks_20per_8 ----------
[00:00:05:14:911] Path of length 39 found: [0, 1, 9, 17, 16, 24, 32, 40, 41, 33, 34, 26, 18, 10, 2, 3, 4, 12, 20, 28, 27, 35, 43, 51, 52, 53, 45, 37, 29, 21, 13, 5, 6, 14, 22, 30, 38, 46, 54, 55]
[00:00:05:14:913] ! Unidirectional s-t. expansions: 637,640, time: 314,911 [ms], path length: 39 [edges], generated: 637,639
[00:00:06:01:892] Path of length 39 found: [55, 47, 46, 38, 30, 22, 14, 6, 5, 4, 3, 2, 10, 18, 26, 27, 28, 20, 12, 13, 21, 29, 37, 45, 53, 52, 51, 43, 35, 34, 33, 41, 40, 32, 24, 16, 17, 9, 1, 0]
[00:00:06:01:899] ! Unidirectional t-s. expansions: 657,244, time: 361,897 [ms], path length: 39 [edges], generated: 690,167
[00:00:06:44:226] Path of length 39 found: [0, 1, 9, 17, 16, 24, 32, 40, 41, 33, 34, 35, 43, 51, 52, 53, 45, 37, 29, 21, 13, 12, 20, 28, 27, 26, 18, 10, 2, 3, 4, 5, 6, 14, 22, 30, 38, 46, 47, 55]
[00:00:06:45:053] ! Bidirectional. expansions: 657,243, time: 404,226 [ms], path length: 39 [edges], g_F: 1, g_B: 38, generated: 690,167, MM: 37, MMPER: 91.5%
[00:00:06:45:053] 
---------- SM_Grids/7x8_grid_with_random_blocks_20per_9 ----------
[00:00:00:07:559] Path of length 33 found: [0, 8, 16, 17, 25, 33, 32, 40, 48, 49, 41, 42, 34, 26, 18, 19, 11, 3, 4, 12, 20, 28, 27, 35, 36, 44, 45, 37, 38, 39, 47, 46, 54, 55]
[00:00:00:07:563] ! Unidirectional s-t. expansions: 13,785, time: 7,559 [ms], path length: 33 [edges], generated: 14,329
[00:00:00:40:619] Path of length 33 found: [55, 54, 46, 47, 39, 38, 37, 45, 44, 36, 28, 20, 12, 4, 3, 11, 19, 18, 26, 27, 35, 34, 42, 41, 49, 48, 40, 32, 33, 25, 17, 16, 8, 0]
[00:00:00:40:622] ! Unidirectional t-s. expansions: 69,511, time: 40,619 [ms], path length: 33 [edges], generated: 73,295
[00:00:00:17:514] Path of length 33 found: [0, 8, 16, 17, 25, 33, 32, 40, 48, 49, 41, 42, 34, 35, 27, 26, 18, 19, 11, 3, 4, 12, 20, 28, 36, 44, 45, 37, 38, 39, 47, 46, 54, 55]
[00:00:00:17:977] ! Bidirectional. expansions: 21,795, time: 17,514 [ms], path length: 33 [edges], g_F: 6, g_B: 27, generated: 23,256, MM: 21, MMPER: 60.76470588235294%

[00:00:00:17:977] average expansions: (345,984, 392,774, 381,619, 0)
[00:00:00:17:977] average time: (165,851, 186,572, 219,216, 0)
[00:00:00:17:977] A*: 345,984 , 165,851 (expansions , time[ms])
[00:00:00:17:977] XMM: 381,619 , 219,216 (expansions , time[ms])

