Mon 09 Mar 2026 16:01:57 IST

SLURM_JOBID:		 15356703
SLURM_JOB_NODELIST:	 ise-cpu256-04 

--------------------------
date: SM_Grids
number_of_graphs: 10
graph_type: grid
size_of_graphs: [8, 8]
heuristic: bcc_heuristic
snake: False
run_uni: True
run_bi: True
run_multi: False
solution_vertices: []
algorithms: ['DFBnB']
bsd: False
cube_first_dims: 4
cube_buffer_dim: None
backward_sym_generation: False
sym_coil: False
prefix_set: None

---------- SM_Grids/8x8_grid_with_random_blocks_8per_0 ----------
[00:00:03:07:764] Valid states checked so far: 200,000, Expansions: 199,999, Global best: 55
[00:00:05:37:575] Path of length 56 found: [0, 8, 9, 17, 16, 24, 32, 40, 41, 49, 57, 58, 59, 51, 43, 42, 34, 33, 25, 26, 18, 19, 11, 10, 2, 3, 4, 5, 13, 21, 20, 28, 27, 35, 36, 44, 45, 37, 29, 30, 22, 14, 6, 7, 15, 23, 31, 39, 38, 46, 47, 55, 54, 53, 61, 62, 63]
[00:00:05:37:575] ! Unidirectional s-t. expansions: 352,559, time: 337,575 [ms], path length: 56 [edges], generated: 626,224
[00:00:00:10:742] Path of length 56 found: [63, 55, 47, 39, 31, 23, 15, 7, 6, 5, 4, 3, 2, 10, 11, 19, 18, 26, 25, 33, 34, 42, 43, 44, 36, 35, 27, 28, 20, 21, 13, 14, 22, 30, 29, 37, 38, 46, 45, 53, 54, 62, 61, 60, 59, 58, 57, 49, 41, 40, 32, 24, 16, 17, 9, 8, 0]
[00:00:00:10:742] ! Unidirectional t-s. expansions: 8,439, time: 10,742 [ms], path length: 56 [edges], generated: 15,432
[00:00:02:23:833] Path of length 56 found: [0, 8, 9, 17, 16, 24, 32, 40, 41, 49, 57, 58, 59, 60, 61, 62, 54, 53, 45, 46, 38, 37, 29, 30, 22, 14, 13, 21, 20, 28, 27, 35, 36, 44, 43, 42, 34, 33, 25, 26, 18, 19, 11, 10, 2, 3, 4, 5, 6, 7, 15, 23, 31, 39, 47, 55, 63]
[00:00:02:24:288] ! Bidirectional. expansions: 232,504, time: 143,833 [ms], path length: 56 [edges], g_F: 28, g_B: 28, generated: {'F': 220,846, 'B': 207,637}, MM: 0, MMPER: -1.0%
[00:00:02:24:288] 
---------- SM_Grids/8x8_grid_with_random_blocks_8per_1 ----------
[00:00:01:31:045] Path of length 56 found: [0, 8, 16, 24, 32, 40, 48, 56, 57, 49, 41, 42, 50, 51, 59, 60, 52, 44, 43, 35, 34, 26, 18, 17, 9, 1, 2, 10, 11, 3, 4, 12, 20, 28, 36, 37, 29, 21, 13, 5, 6, 7, 15, 14, 22, 23, 31, 30, 38, 39, 47, 46, 54, 53, 61, 62, 63]
[00:00:01:31:045] ! Unidirectional s-t. expansions: 87,497, time: 91,045 [ms], path length: 56 [edges], generated: 150,127
[00:00:02:34:122] Path of length 56 found: [63, 55, 47, 39, 31, 23, 15, 7, 6, 5, 4, 3, 2, 1, 9, 17, 18, 26, 34, 35, 43, 44, 36, 28, 20, 19, 11, 12, 13, 14, 22, 21, 29, 37, 38, 46, 54, 62, 61, 53, 52, 60, 59, 51, 50, 42, 41, 49, 57, 56, 48, 40, 32, 24, 16, 8, 0]
[00:00:02:34:122] ! Unidirectional t-s. expansions: 149,029, time: 154,122 [ms], path length: 56 [edges], generated: 250,566
[00:00:02:06:559] Path of length 56 found: [0, 8, 16, 24, 32, 40, 48, 56, 57, 49, 41, 42, 50, 51, 59, 60, 52, 53, 61, 62, 54, 46, 38, 30, 22, 14, 13, 12, 11, 19, 20, 28, 29, 37, 36, 44, 43, 35, 34, 26, 18, 17, 9, 1, 2, 3, 4, 5, 6, 7, 15, 23, 31, 39, 47, 55, 63]
[00:00:02:07:017] ! Bidirectional. expansions: 198,804, time: 126,559 [ms], path length: 56 [edges], g_F: 28, g_B: 28, generated: {'F': 188,218, 'B': 181,986}, MM: 0, MMPER: -1.0%
[00:00:02:07:018] 
---------- SM_Grids/8x8_grid_with_random_blocks_8per_2 ----------
[00:00:00:00:344] Path of length 58 found: [0, 8, 16, 24, 32, 40, 48, 56, 57, 49, 41, 42, 34, 35, 27, 26, 25, 17, 18, 10, 9, 1, 2, 3, 11, 12, 20, 21, 13, 5, 6, 7, 15, 14, 22, 23, 31, 30, 29, 37, 36, 44, 43, 51, 50, 58, 59, 60, 52, 53, 45, 46, 38, 39, 47, 55, 54, 62, 63]
[00:00:00:00:344] ! Unidirectional s-t. expansions: 437, time: 344 [ms], path length: 58 [edges], generated: 718
[00:00:00:00:065] Path of length 58 found: [63, 62, 54, 55, 47, 39, 31, 23, 15, 7, 6, 5, 13, 14, 22, 21, 20, 12, 11, 3, 2, 1, 9, 10, 18, 17, 25, 26, 27, 35, 34, 42, 41, 49, 50, 51, 43, 44, 36, 37, 29, 30, 38, 46, 45, 53, 52, 60, 59, 58, 57, 56, 48, 40, 32, 24, 16, 8, 0]
[00:00:00:00:065] ! Unidirectional t-s. expansions: 58, time: 65 [ms], path length: 58 [edges], generated: 94
[00:00:00:00:054] Path of length 58 found: [0, 8, 16, 24, 32, 40, 48, 56, 57, 49, 41, 42, 34, 35, 27, 26, 25, 17, 18, 10, 9, 1, 2, 3, 11, 12, 20, 21, 29, 37, 36, 44, 43, 51, 50, 58, 59, 60, 52, 53, 45, 46, 38, 30, 22, 14, 13, 5, 6, 7, 15, 23, 31, 39, 47, 55, 54, 62, 63]
[00:00:00:00:553] ! Bidirectional. expansions: 90, time: 54 [ms], path length: 58 [edges], g_F: 29, g_B: 29, generated: {'F': 78, 'B': 85}, MM: 0, MMPER: -1.0%
[00:00:00:00:553] 
---------- SM_Grids/8x8_grid_with_random_blocks_8per_3 ----------
[00:00:00:06:189] Path of length 56 found: [0, 8, 16, 17, 25, 33, 32, 40, 41, 49, 48, 56, 57, 58, 50, 51, 59, 60, 52, 44, 43, 35, 34, 26, 18, 10, 2, 3, 4, 12, 20, 19, 27, 28, 36, 37, 29, 21, 13, 5, 6, 7, 15, 14, 22, 30, 31, 39, 47, 46, 45, 53, 61, 62, 54, 55, 63]
[00:00:00:06:189] ! Unidirectional s-t. expansions: 6,257, time: 6,189 [ms], path length: 56 [edges], generated: 10,651
[00:00:01:15:750] Path of length 56 found: [63, 55, 47, 39, 31, 23, 15, 7, 6, 5, 4, 3, 2, 10, 18, 26, 34, 35, 43, 44, 36, 28, 27, 19, 20, 12, 13, 14, 22, 21, 29, 37, 45, 46, 54, 62, 61, 53, 52, 60, 59, 51, 50, 58, 57, 56, 48, 49, 41, 40, 32, 33, 25, 17, 16, 8, 0]
[00:00:01:15:750] ! Unidirectional t-s. expansions: 69,174, time: 75,750 [ms], path length: 56 [edges], generated: 117,071
[00:00:00:08:365] Path of length 56 found: [0, 8, 16, 17, 25, 33, 32, 40, 41, 49, 48, 56, 57, 58, 50, 51, 59, 60, 52, 53, 61, 62, 54, 46, 45, 37, 29, 21, 22, 14, 13, 12, 20, 19, 27, 28, 36, 44, 43, 35, 34, 26, 18, 10, 2, 3, 4, 5, 6, 7, 15, 23, 31, 39, 47, 55, 63]
[00:00:00:08:807] ! Bidirectional. expansions: 14,106, time: 8,365 [ms], path length: 56 [edges], g_F: 28, g_B: 28, generated: {'F': 12,767, 'B': 12,517}, MM: 0, MMPER: -1.0%
[00:00:00:08:807] 
---------- SM_Grids/8x8_grid_with_random_blocks_8per_4 ----------
[00:00:03:07:300] Valid states checked so far: 200,000, Expansions: 199,999, Global best: 53
[00:00:06:19:350] Valid states checked so far: 400,000, Expansions: 399,999, Global best: 53
[00:00:09:26:164] Valid states checked so far: 600,000, Expansions: 599,999, Global best: 53
[00:00:12:44:141] Valid states checked so far: 800,000, Expansions: 799,999, Global best: 53
[00:00:16:02:950] Valid states checked so far: 1,000,000, Expansions: 999,999, Global best: 53
[00:00:19:14:606] Valid states checked so far: 1,200,000, Expansions: 1,199,999, Global best: 53
[00:00:22:25:256] Valid states checked so far: 1,400,000, Expansions: 1,399,999, Global best: 53
[00:00:24:22:249] Path of length 52 found: [0, 8, 16, 24, 32, 40, 48, 56, 57, 49, 41, 33, 25, 17, 9, 1, 2, 10, 18, 26, 34, 42, 43, 51, 59, 60, 52, 44, 36, 35, 27, 19, 11, 3, 4, 12, 20, 28, 29, 21, 13, 14, 22, 30, 31, 39, 38, 46, 47, 55, 54, 62, 63]
[00:00:24:22:250] ! Unidirectional s-t. expansions: 1,509,256, time: 1,462,249 [ms], path length: 52 [edges], generated: 2,544,464
[00:00:02:11:095] Path of length 52 found: [63, 62, 54, 53, 52, 60, 59, 51, 43, 44, 36, 28, 20, 21, 29, 37, 38, 46, 47, 39, 31, 30, 22, 14, 13, 12, 4, 3, 2, 1, 9, 17, 25, 26, 18, 10, 11, 19, 27, 35, 34, 42, 41, 49, 57, 56, 48, 40, 32, 24, 16, 8, 0]
[00:00:02:11:096] ! Unidirectional t-s. expansions: 120,695, time: 131,095 [ms], path length: 52 [edges], generated: 210,727
[00:00:03:28:414] Path of length 52 found: [0, 8, 16, 24, 32, 40, 48, 56, 57, 49, 41, 42, 34, 33, 25, 17, 9, 1, 2, 10, 18, 26, 27, 19, 11, 3, 4, 12, 13, 14, 22, 30, 31, 39, 47, 46, 38, 37, 29, 21, 20, 28, 36, 44, 43, 51, 59, 60, 52, 53, 54, 62, 63]
[00:00:03:28:872] ! Bidirectional. expansions: 330,364, time: 208,414 [ms], path length: 52 [edges], g_F: 26, g_B: 26, generated: {'F': 307,461, 'B': 319,611}, MM: 0, MMPER: -1.0%
[00:00:03:28:872] 
---------- SM_Grids/8x8_grid_with_random_blocks_8per_5 ----------
[00:00:03:02:660] Valid states checked so far: 200,000, Expansions: 199,999, Global best: 55
[00:00:06:17:721] Valid states checked so far: 400,000, Expansions: 399,999, Global best: 55
[00:00:08:24:920] Path of length 54 found: [0, 1, 2, 3, 11, 12, 4, 5, 13, 21, 20, 28, 27, 26, 18, 17, 16, 24, 25, 33, 32, 40, 48, 56, 57, 49, 41, 42, 34, 35, 43, 51, 50, 58, 59, 60, 61, 53, 52, 44, 36, 37, 29, 30, 22, 14, 6, 7, 15, 23, 31, 39, 47, 55, 63]
[00:00:08:24:920] ! Unidirectional s-t. expansions: 540,982, time: 504,920 [ms], path length: 54 [edges], generated: 909,861
[00:00:02:56:982] Valid states checked so far: 200,000, Expansions: 199,999, Global best: 55
[00:00:06:22:574] Valid states checked so far: 400,000, Expansions: 399,999, Global best: 55
[00:00:09:41:302] Valid states checked so far: 600,000, Expansions: 599,999, Global best: 55
[00:00:11:57:978] Path of length 54 found: [63, 55, 47, 39, 31, 23, 15, 7, 6, 5, 4, 3, 11, 12, 20, 28, 29, 21, 13, 14, 22, 30, 38, 37, 36, 35, 27, 26, 18, 17, 25, 33, 34, 42, 41, 49, 50, 51, 43, 44, 45, 53, 52, 60, 59, 58, 57, 56, 48, 40, 32, 24, 16, 8, 0]
[00:00:11:57:979] ! Unidirectional t-s. expansions: 729,797, time: 717,979 [ms], path length: 54 [edges], generated: 1,333,905
[00:00:02:09:381] Path of length 54 found: [0, 1, 2, 3, 11, 12, 4, 5, 13, 21, 20, 28, 27, 26, 18, 17, 16, 24, 32, 40, 48, 56, 57, 58, 59, 60, 61, 53, 45, 44, 52, 51, 43, 42, 50, 49, 41, 33, 34, 35, 36, 37, 29, 30, 22, 14, 6, 7, 15, 23, 31, 39, 47, 55, 63]
[00:00:02:09:908] ! Bidirectional. expansions: 233,960, time: 129,381 [ms], path length: 54 [edges], g_F: 27, g_B: 27, generated: {'F': 225,044, 'B': 213,129}, MM: 0, MMPER: -1.0%
[00:00:02:09:908] 
---------- SM_Grids/8x8_grid_with_random_blocks_8per_6 ----------
[00:00:02:26:715] Valid states checked so far: 200,000, Expansions: 199,999, Global best: 57
[00:00:05:01:863] Valid states checked so far: 400,000, Expansions: 399,999, Global best: 57
[00:00:07:36:271] Valid states checked so far: 600,000, Expansions: 599,999, Global best: 57
[00:00:10:14:730] Valid states checked so far: 800,000, Expansions: 799,999, Global best: 57
[00:00:12:58:339] Valid states checked so far: 1,000,000, Expansions: 999,999, Global best: 57
[00:00:15:32:524] Valid states checked so far: 1,200,000, Expansions: 1,199,999, Global best: 57
[00:00:18:10:029] Valid states checked so far: 1,400,000, Expansions: 1,399,999, Global best: 57
[00:00:20:49:148] Valid states checked so far: 1,600,000, Expansions: 1,599,999, Global best: 57
[00:00:23:22:701] Valid states checked so far: 1,800,000, Expansions: 1,799,999, Global best: 57
[00:00:25:58:305] Valid states checked so far: 2,000,000, Expansions: 1,999,999, Global best: 57
[00:00:28:36:745] Valid states checked so far: 2,200,000, Expansions: 2,199,999, Global best: 57
[00:00:31:13:627] Valid states checked so far: 2,400,000, Expansions: 2,399,999, Global best: 57
[00:00:33:43:398] Valid states checked so far: 2,600,000, Expansions: 2,599,999, Global best: 57
[00:00:36:12:068] Valid states checked so far: 2,800,000, Expansions: 2,799,999, Global best: 57
[00:00:38:47:345] Valid states checked so far: 3,000,000, Expansions: 2,999,999, Global best: 57
[00:00:41:21:998] Valid states checked so far: 3,200,000, Expansions: 3,199,999, Global best: 57
[00:00:44:08:174] Valid states checked so far: 3,400,000, Expansions: 3,399,999, Global best: 57
[00:00:46:40:775] Valid states checked so far: 3,600,000, Expansions: 3,599,999, Global best: 57
[00:00:49:19:157] Valid states checked so far: 3,800,000, Expansions: 3,799,999, Global best: 57
[00:00:52:00:667] Valid states checked so far: 4,000,000, Expansions: 3,999,999, Global best: 57
[00:00:54:32:643] Valid states checked so far: 4,200,000, Expansions: 4,199,999, Global best: 57
[00:00:56:59:062] Valid states checked so far: 4,400,000, Expansions: 4,399,999, Global best: 57
[00:00:59:19:039] Valid states checked so far: 4,600,000, Expansions: 4,599,999, Global best: 57
[00:01:01:35:598] Valid states checked so far: 4,800,000, Expansions: 4,799,999, Global best: 57
[00:01:03:48:166] Valid states checked so far: 5,000,000, Expansions: 4,999,999, Global best: 57
[00:01:05:56:096] Valid states checked so far: 5,200,000, Expansions: 5,199,999, Global best: 57
[00:01:08:23:562] Valid states checked so far: 5,400,000, Expansions: 5,399,999, Global best: 57
[00:01:10:32:620] Valid states checked so far: 5,600,000, Expansions: 5,599,999, Global best: 57
[00:01:12:43:320] Valid states checked so far: 5,800,000, Expansions: 5,799,999, Global best: 57
[00:01:14:59:562] Valid states checked so far: 6,000,000, Expansions: 5,999,999, Global best: 57
[00:01:17:09:520] Valid states checked so far: 6,200,000, Expansions: 6,199,999, Global best: 57
[00:01:19:18:423] Valid states checked so far: 6,400,000, Expansions: 6,399,999, Global best: 57
[00:01:21:23:353] Valid states checked so far: 6,600,000, Expansions: 6,599,999, Global best: 57
[00:01:23:28:396] Valid states checked so far: 6,800,000, Expansions: 6,799,999, Global best: 57
[00:01:25:50:202] Valid states checked so far: 7,000,000, Expansions: 6,999,999, Global best: 57
[00:01:28:03:626] Valid states checked so far: 7,200,000, Expansions: 7,199,999, Global best: 57
[00:01:30:17:827] Valid states checked so far: 7,400,000, Expansions: 7,399,999, Global best: 57
[00:01:32:31:558] Valid states checked so far: 7,600,000, Expansions: 7,599,999, Global best: 57
[00:01:34:44:094] Valid states checked so far: 7,800,000, Expansions: 7,799,999, Global best: 57
[00:01:37:16:006] Valid states checked so far: 8,000,000, Expansions: 7,999,999, Global best: 57
[00:01:39:29:242] Valid states checked so far: 8,200,000, Expansions: 8,199,999, Global best: 57
[00:01:41:46:487] Valid states checked so far: 8,400,000, Expansions: 8,399,999, Global best: 57
[00:01:44:01:518] Valid states checked so far: 8,600,000, Expansions: 8,599,999, Global best: 57
[00:01:46:17:634] Valid states checked so far: 8,800,000, Expansions: 8,799,999, Global best: 57
[00:01:48:39:039] Valid states checked so far: 9,000,000, Expansions: 8,999,999, Global best: 57
[00:01:51:15:232] Valid states checked so far: 9,200,000, Expansions: 9,199,999, Global best: 57
[00:01:53:31:187] Valid states checked so far: 9,400,000, Expansions: 9,399,999, Global best: 57
[00:01:55:43:409] Valid states checked so far: 9,600,000, Expansions: 9,599,999, Global best: 57
[00:01:57:54:779] Valid states checked so far: 9,800,000, Expansions: 9,799,999, Global best: 57
[00:02:00:09:197] Valid states checked so far: 10,000,000, Expansions: 9,999,999, Global best: 57
[00:02:02:24:225] Valid states checked so far: 10,200,000, Expansions: 10,199,999, Global best: 57
[00:02:04:39:209] Valid states checked so far: 10,400,000, Expansions: 10,399,999, Global best: 57
[00:02:07:18:464] Valid states checked so far: 10,600,000, Expansions: 10,599,999, Global best: 57
[00:02:09:59:058] Valid states checked so far: 10,800,000, Expansions: 10,799,999, Global best: 57
[00:02:10:01:803] Path of length 56 found: [0, 8, 16, 24, 32, 40, 48, 49, 41, 33, 25, 17, 9, 1, 2, 10, 18, 26, 34, 42, 50, 58, 59, 51, 43, 35, 27, 19, 11, 3, 4, 12, 20, 28, 36, 44, 52, 53, 45, 37, 29, 21, 13, 5, 6, 14, 15, 23, 22, 30, 31, 39, 38, 46, 54, 62, 63]
[00:02:10:01:804] ! Unidirectional s-t. expansions: 10,803,334, time: 7,801,804 [ms], path length: 56 [edges], generated: 17,151,992
[00:00:03:22:934] Valid states checked so far: 200,000, Expansions: 199,999, Global best: 57
[00:00:06:44:406] Valid states checked so far: 400,000, Expansions: 399,999, Global best: 57
[00:00:10:15:462] Valid states checked so far: 600,000, Expansions: 599,999, Global best: 57
[00:00:13:44:082] Valid states checked so far: 800,000, Expansions: 799,999, Global best: 57
[00:00:17:13:337] Valid states checked so far: 1,000,000, Expansions: 999,999, Global best: 57
[00:00:22:00:854] Valid states checked so far: 1,200,000, Expansions: 1,199,999, Global best: 57
[00:00:24:09:532] Path of length 56 found: [63, 62, 61, 53, 54, 46, 47, 39, 31, 23, 15, 14, 6, 5, 4, 3, 2, 1, 9, 17, 25, 33, 41, 42, 34, 26, 18, 10, 11, 19, 27, 35, 36, 28, 20, 12, 13, 21, 22, 30, 29, 37, 45, 44, 43, 51, 59, 58, 50, 49, 48, 40, 32, 24, 16, 8, 0]
[00:00:24:09:534] ! Unidirectional t-s. expansions: 1,332,439, time: 1,449,532 [ms], path length: 56 [edges], generated: 2,364,591
[00:00:03:19:585] Valid meeting checks so far: 200,000, state_vs_state: 1,057, state_vs_prefix: 0, prefix_vs_prefix: 198,943
[00:00:06:22:091] Valid meeting checks so far: 400,000, state_vs_state: 1,897, state_vs_prefix: 0, prefix_vs_prefix: 398,103
[00:00:09:27:474] Valid meeting checks so far: 600,000, state_vs_state: 2,803, state_vs_prefix: 0, prefix_vs_prefix: 597,197
[00:00:12:22:516] Valid meeting checks so far: 800,000, state_vs_state: 3,895, state_vs_prefix: 0, prefix_vs_prefix: 796,105
[00:00:15:19:150] Valid meeting checks so far: 1,000,000, state_vs_state: 4,875, state_vs_prefix: 0, prefix_vs_prefix: 995,125
[00:00:18:17:323] Valid meeting checks so far: 1,200,000, state_vs_state: 5,778, state_vs_prefix: 0, prefix_vs_prefix: 1,194,222
[00:00:21:04:770] Valid meeting checks so far: 1,400,000, state_vs_state: 6,490, state_vs_prefix: 0, prefix_vs_prefix: 1,393,510
[00:00:23:58:217] Valid meeting checks so far: 1,600,000, state_vs_state: 7,412, state_vs_prefix: 0, prefix_vs_prefix: 1,592,588
[00:00:26:43:185] Valid meeting checks so far: 1,800,000, state_vs_state: 8,515, state_vs_prefix: 0, prefix_vs_prefix: 1,791,485
[00:00:29:33:379] Valid meeting checks so far: 2,000,000, state_vs_state: 9,359, state_vs_prefix: 0, prefix_vs_prefix: 1,990,641
[00:00:29:47:839] Path of length 56 found: [0, 8, 16, 24, 32, 40, 48, 49, 41, 33, 25, 17, 9, 1, 2, 10, 18, 26, 34, 42, 50, 58, 59, 51, 43, 44, 45, 37, 29, 30, 22, 21, 13, 12, 20, 28, 36, 35, 27, 19, 11, 3, 4, 5, 6, 14, 15, 23, 31, 39, 47, 46, 54, 53, 61, 62, 63]
[00:00:29:48:279] ! Bidirectional. expansions: 3,468,270, time: 1,787,839 [ms], path length: 56 [edges], g_F: 28, g_B: 28, generated: {'F': 3,264,457, 'B': 3,380,060}, MM: 0, MMPER: -1.0%
[00:00:29:48:280] 
---------- SM_Grids/8x8_grid_with_random_blocks_8per_7 ----------
[00:00:00:00:063] Path of length 56 found: [0, 8, 16, 24, 32, 40, 48, 56, 57, 49, 41, 33, 25, 17, 18, 10, 2, 3, 11, 12, 4, 5, 6, 14, 22, 23, 31, 30, 29, 21, 20, 28, 27, 26, 34, 35, 43, 51, 50, 58, 59, 60, 52, 44, 36, 37, 45, 53, 61, 62, 54, 46, 38, 39, 47, 55, 63]
[00:00:00:00:064] ! Unidirectional s-t. expansions: 56, time: 63 [ms], path length: 56 [edges], generated: 93
[00:00:01:20:893] Path of length 56 found: [63, 55, 47, 39, 31, 23, 22, 14, 6, 5, 4, 3, 2, 10, 11, 12, 20, 21, 29, 30, 38, 37, 36, 28, 27, 26, 18, 17, 25, 33, 34, 35, 43, 44, 52, 53, 45, 46, 54, 62, 61, 60, 59, 51, 50, 58, 57, 56, 48, 49, 41, 40, 32, 24, 16, 8, 0]
[00:00:01:20:893] ! Unidirectional t-s. expansions: 79,760, time: 80,893 [ms], path length: 56 [edges], generated: 128,797
[00:00:00:00:042] Path of length 56 found: [0, 8, 16, 24, 32, 40, 48, 56, 57, 49, 41, 33, 25, 17, 18, 26, 34, 35, 27, 28, 36, 44, 43, 51, 50, 58, 59, 60, 52, 53, 61, 62, 54, 46, 45, 37, 38, 30, 29, 21, 20, 12, 11, 10, 2, 3, 4, 5, 6, 14, 22, 23, 31, 39, 47, 55, 63]
[00:00:00:00:466] ! Bidirectional. expansions: 56, time: 42 [ms], path length: 56 [edges], g_F: 28, g_B: 28, generated: {'F': 50, 'B': 49}, MM: 0, MMPER: -1.0%
[00:00:00:00:466] 
---------- SM_Grids/8x8_grid_with_random_blocks_8per_8 ----------
[00:00:00:00:081] Path of length 58 found: [0, 1, 9, 17, 16, 24, 32, 33, 25, 26, 18, 10, 2, 3, 11, 19, 27, 35, 34, 42, 41, 49, 48, 56, 57, 58, 59, 51, 43, 44, 36, 28, 20, 21, 13, 12, 4, 5, 6, 7, 15, 23, 31, 30, 29, 37, 45, 53, 52, 60, 61, 62, 54, 46, 38, 39, 47, 55, 63]
[00:00:00:00:082] ! Unidirectional s-t. expansions: 82, time: 81 [ms], path length: 58 [edges], generated: 132
[00:00:00:05:719] Path of length 58 found: [63, 55, 47, 39, 31, 23, 15, 7, 6, 5, 4, 3, 2, 10, 18, 19, 11, 12, 13, 21, 20, 28, 27, 35, 43, 51, 52, 44, 36, 37, 29, 30, 38, 46, 45, 53, 54, 62, 61, 60, 59, 58, 57, 56, 48, 49, 41, 42, 34, 26, 25, 33, 32, 24, 16, 17, 9, 1, 0]
[00:00:00:05:719] ! Unidirectional t-s. expansions: 7,990, time: 5,719 [ms], path length: 58 [edges], generated: 11,800
[00:00:00:00:045] Path of length 58 found: [0, 1, 9, 17, 16, 24, 32, 33, 25, 26, 18, 10, 2, 3, 11, 19, 27, 35, 34, 42, 41, 49, 48, 56, 57, 58, 59, 60, 61, 62, 54, 46, 38, 30, 29, 37, 45, 53, 52, 51, 43, 44, 36, 28, 20, 21, 13, 12, 4, 5, 6, 7, 15, 23, 31, 39, 47, 55, 63]
[00:00:00:00:460] ! Bidirectional. expansions: 58, time: 45 [ms], path length: 58 [edges], g_F: 29, g_B: 29, generated: {'F': 51, 'B': 54}, MM: 0, MMPER: -1.0%
[00:00:00:00:460] 
---------- SM_Grids/8x8_grid_with_random_blocks_8per_9 ----------
[00:00:00:14:196] Path of length 56 found: [0, 8, 16, 24, 32, 40, 48, 56, 57, 49, 50, 58, 59, 51, 43, 42, 34, 33, 25, 26, 18, 10, 2, 3, 11, 19, 27, 35, 36, 28, 20, 12, 4, 5, 6, 7, 15, 14, 13, 21, 22, 30, 29, 37, 45, 53, 52, 60, 61, 62, 54, 46, 38, 39, 47, 55, 63]
[00:00:00:14:196] ! Unidirectional s-t. expansions: 14,774, time: 14,196 [ms], path length: 56 [edges], generated: 25,445
[00:00:03:03:288] Path of length 56 found: [63, 55, 47, 39, 31, 30, 22, 14, 15, 7, 6, 5, 4, 3, 2, 10, 18, 26, 25, 33, 34, 42, 43, 35, 27, 19, 11, 12, 13, 21, 20, 28, 36, 37, 38, 46, 45, 53, 54, 62, 61, 60, 52, 51, 59, 58, 50, 49, 57, 56, 48, 40, 32, 24, 16, 8, 0]
[00:00:03:03:288] ! Unidirectional t-s. expansions: 179,201, time: 183,288 [ms], path length: 56 [edges], generated: 308,984
[00:00:00:16:949] Path of length 56 found: [0, 8, 16, 24, 32, 40, 48, 56, 57, 49, 50, 58, 59, 51, 52, 60, 61, 62, 54, 53, 45, 46, 38, 37, 29, 21, 13, 12, 11, 19, 27, 28, 36, 35, 43, 42, 34, 33, 25, 26, 18, 10, 2, 3, 4, 5, 6, 7, 15, 14, 22, 30, 31, 39, 47, 55, 63]
[00:00:00:17:390] ! Bidirectional. expansions: 31,152, time: 16,949 [ms], path length: 56 [edges], g_F: 28, g_B: 28, generated: {'F': 30,095, 'B': 28,419}, MM: 0, MMPER: -1.0%

[00:00:00:17:390] average expansions: (1,331,523, 267,658, 450,936, 0)
[00:00:00:17:390] average time: (1,021,847, 280,918, 242,148, 0)
[00:00:00:17:391] X-DFBnB: 267,658 , 280,918 (expansions , time[ms])
[00:00:00:17:391] BiX-DFBnB: 450,936 , 242,148 (expansions , time[ms])

