Thu 12 Mar 2026 17:40:44 IST

SLURM_JOBID:		 15627350
SLURM_JOB_NODELIST:	 ise-cpu256-26 

--------------------------
date: SM_Grids
number_of_graphs: 10
graph_type: grid
size_of_graphs: [8, 8]
heuristic: bcc_heuristic
snake: False
run_uni: True
run_bi: True
run_multi: False
solution_vertices: []
algorithms: ['DFBnB']
bsd: False
cube_first_dims: 4
cube_buffer_dim: None
backward_sym_generation: False
sym_coil: False
prefix_set: None

---------- SM_Grids/8x8_grid_with_random_blocks_20per_0 ----------
[00:00:00:01:369] Path of length 44 found: [0, 1, 9, 10, 2, 3, 4, 12, 20, 28, 29, 21, 13, 5, 6, 7, 15, 14, 22, 23, 31, 30, 38, 37, 36, 35, 34, 26, 25, 17, 16, 24, 32, 40, 48, 49, 41, 42, 43, 44, 52, 53, 61, 62, 63]
[00:00:00:01:369] ! Unidirectional s-t. expansions: 1,921, time: 1,369 [ms], path length: 44 [edges], generated: 3,068
[00:00:00:00:650] Path of length 44 found: [63, 62, 61, 53, 52, 44, 43, 42, 50, 49, 41, 40, 32, 24, 16, 17, 25, 26, 34, 35, 36, 28, 20, 12, 13, 21, 29, 37, 38, 39, 31, 30, 22, 23, 15, 7, 6, 5, 4, 3, 2, 10, 9, 1, 0]
[00:00:00:00:650] ! Unidirectional t-s. expansions: 835, time: 650 [ms], path length: 44 [edges], generated: 1,464
[00:00:00:06:449] Path of length 44 found: [0, 1, 9, 10, 2, 3, 4, 12, 20, 28, 29, 21, 13, 5, 6, 14, 15, 23, 22, 30, 31, 39, 38, 37, 36, 35, 34, 26, 25, 17, 16, 24, 32, 40, 41, 49, 50, 42, 43, 44, 52, 53, 61, 62, 63]
[00:00:00:06:870] ! Bidirectional. expansions: 3,120, time: 6,449 [ms], path length: 44 [edges], g_F: 22, g_B: 22, generated: {'F': 5,645, 'B': 4,975}, MM: 0, MMPER: -1.0%
[00:00:00:06:870] 
---------- SM_Grids/8x8_grid_with_random_blocks_20per_1 ----------
[00:00:00:09:100] Path of length 38 found: [0, 8, 16, 24, 25, 17, 9, 1, 2, 3, 11, 10, 18, 26, 34, 33, 41, 40, 48, 56, 57, 49, 50, 42, 43, 35, 27, 19, 20, 28, 29, 30, 31, 39, 47, 46, 54, 62, 63]
[00:00:00:09:100] ! Unidirectional s-t. expansions: 11,460, time: 9,100 [ms], path length: 38 [edges], generated: 20,248
[00:00:00:02:065] Path of length 38 found: [63, 62, 54, 55, 47, 39, 31, 30, 29, 21, 20, 28, 27, 19, 11, 3, 2, 1, 9, 10, 18, 26, 34, 35, 43, 51, 50, 49, 57, 56, 48, 40, 41, 33, 25, 17, 16, 8, 0]
[00:00:00:02:065] ! Unidirectional t-s. expansions: 2,951, time: 2,065 [ms], path length: 38 [edges], generated: 5,226
[00:00:01:04:047] Path of length 38 found: [0, 8, 16, 24, 25, 17, 9, 1, 2, 10, 11, 19, 18, 26, 34, 33, 41, 40, 48, 56, 57, 49, 50, 51, 43, 35, 27, 28, 20, 21, 29, 30, 31, 39, 47, 55, 54, 62, 63]
[00:00:01:04:475] ! Bidirectional. expansions: 29,106, time: 64,047 [ms], path length: 38 [edges], g_F: 19, g_B: 19, generated: {'F': 51,595, 'B': 65,560}, MM: 0, MMPER: -1.0%
[00:00:01:04:475] 
---------- SM_Grids/8x8_grid_with_random_blocks_20per_2 ----------
[00:00:00:00:702] Path of length 48 found: [0, 8, 16, 17, 9, 1, 2, 3, 4, 12, 20, 19, 18, 26, 34, 33, 41, 40, 48, 56, 57, 49, 50, 58, 59, 60, 61, 53, 45, 37, 36, 28, 29, 21, 13, 5, 6, 14, 15, 23, 22, 30, 31, 39, 38, 46, 54, 62, 63]
[00:00:00:00:702] ! Unidirectional s-t. expansions: 760, time: 702 [ms], path length: 48 [edges], generated: 1,329
[00:00:00:01:013] Path of length 48 found: [63, 62, 54, 46, 47, 39, 31, 23, 15, 14, 6, 5, 13, 21, 22, 30, 29, 28, 36, 37, 45, 53, 61, 60, 59, 58, 50, 49, 57, 56, 48, 40, 41, 33, 34, 26, 18, 19, 20, 12, 4, 3, 2, 1, 9, 17, 16, 8, 0]
[00:00:00:01:014] ! Unidirectional t-s. expansions: 1,005, time: 1,013 [ms], path length: 48 [edges], generated: 1,612
[00:00:00:05:720] Path of length 48 found: [0, 8, 16, 17, 9, 1, 2, 3, 4, 12, 20, 19, 18, 26, 34, 33, 41, 40, 48, 56, 57, 49, 50, 58, 59, 60, 61, 53, 45, 37, 36, 28, 29, 30, 22, 21, 13, 5, 6, 14, 15, 23, 31, 39, 47, 46, 54, 62, 63]
[00:00:00:06:145] ! Bidirectional. expansions: 2,504, time: 5,720 [ms], path length: 48 [edges], g_F: 24, g_B: 24, generated: {'F': 4,546, 'B': 4,699}, MM: 0, MMPER: -1.0%
[00:00:00:06:146] 
---------- SM_Grids/8x8_grid_with_random_blocks_20per_3 ----------
[00:00:00:00:512] Path of length 46 found: [0, 1, 9, 8, 16, 24, 32, 40, 41, 49, 57, 58, 50, 51, 43, 35, 34, 26, 27, 19, 18, 10, 11, 3, 4, 12, 13, 5, 6, 7, 15, 23, 22, 30, 31, 39, 38, 37, 36, 44, 45, 53, 52, 60, 61, 62, 63]
[00:00:00:00:512] ! Unidirectional s-t. expansions: 506, time: 512 [ms], path length: 46 [edges], generated: 856
[00:00:00:00:568] Path of length 46 found: [63, 62, 61, 60, 52, 53, 45, 37, 29, 30, 38, 39, 31, 23, 15, 7, 6, 5, 13, 12, 4, 3, 11, 10, 9, 17, 18, 19, 27, 26, 34, 35, 36, 44, 43, 51, 50, 58, 57, 49, 41, 40, 32, 24, 16, 8, 0]
[00:00:00:00:568] ! Unidirectional t-s. expansions: 684, time: 568 [ms], path length: 46 [edges], generated: 1,093
[00:00:00:05:180] Path of length 46 found: [0, 1, 9, 8, 16, 24, 32, 40, 41, 49, 57, 58, 50, 51, 43, 44, 36, 35, 34, 26, 27, 19, 18, 10, 11, 3, 4, 12, 13, 5, 6, 7, 15, 23, 31, 39, 38, 30, 29, 37, 45, 53, 52, 60, 61, 62, 63]
[00:00:00:05:597] ! Bidirectional. expansions: 2,280, time: 5,180 [ms], path length: 46 [edges], g_F: 23, g_B: 23, generated: {'F': 3,868, 'B': 3,873}, MM: 0, MMPER: -1.0%
[00:00:00:05:597] 
---------- SM_Grids/8x8_grid_with_random_blocks_20per_4 ----------
[00:00:00:29:547] Path of length 44 found: [0, 8, 16, 24, 32, 40, 48, 49, 57, 58, 59, 51, 43, 44, 36, 28, 20, 19, 27, 26, 34, 33, 25, 17, 18, 10, 9, 1, 2, 3, 4, 5, 6, 7, 15, 23, 22, 21, 29, 37, 45, 46, 54, 62, 63]
[00:00:00:29:547] ! Unidirectional s-t. expansions: 42,034, time: 29,547 [ms], path length: 44 [edges], generated: 66,564
[00:00:00:11:342] Path of length 44 found: [63, 55, 54, 46, 38, 37, 45, 44, 43, 51, 59, 58, 57, 49, 48, 40, 41, 33, 32, 24, 16, 8, 9, 17, 25, 26, 18, 10, 11, 19, 27, 28, 20, 21, 22, 23, 15, 7, 6, 5, 4, 3, 2, 1, 0]
[00:00:00:11:342] ! Unidirectional t-s. expansions: 13,401, time: 11,342 [ms], path length: 44 [edges], generated: 24,329
[00:00:03:54:211] Valid meeting checks so far: 200,000, state_vs_state: 32,372, state_vs_prefix: 0, prefix_vs_prefix: 167,628
[00:00:06:53:328] Path of length 44 found: [0, 8, 16, 24, 32, 40, 48, 49, 57, 58, 59, 51, 43, 44, 36, 28, 20, 19, 27, 26, 34, 33, 25, 17, 18, 10, 9, 1, 2, 3, 4, 5, 6, 7, 15, 23, 22, 21, 29, 37, 38, 46, 54, 55, 63]
[00:00:06:53:716] ! Bidirectional. expansions: 190,846, time: 413,328 [ms], path length: 44 [edges], g_F: 22, g_B: 22, generated: {'F': 349,095, 'B': 359,328}, MM: 0, MMPER: -1.0%
[00:00:06:53:717] 
---------- SM_Grids/8x8_grid_with_random_blocks_20per_5 ----------
[00:00:00:02:764] Path of length 46 found: [0, 1, 9, 8, 16, 24, 32, 40, 48, 49, 57, 58, 59, 51, 50, 42, 41, 33, 25, 17, 18, 26, 34, 35, 36, 28, 20, 12, 13, 21, 22, 14, 15, 23, 31, 39, 38, 37, 45, 53, 61, 62, 54, 46, 47, 55, 63]
[00:00:00:02:764] ! Unidirectional s-t. expansions: 3,198, time: 2,764 [ms], path length: 46 [edges], generated: 5,832
[00:00:00:01:338] Path of length 46 found: [63, 55, 47, 39, 31, 23, 15, 14, 22, 21, 13, 12, 20, 28, 29, 37, 38, 46, 54, 62, 61, 53, 52, 51, 59, 58, 57, 49, 48, 40, 32, 24, 25, 33, 41, 42, 43, 35, 34, 26, 18, 17, 16, 8, 9, 1, 0]
[00:00:00:01:338] ! Unidirectional t-s. expansions: 1,448, time: 1,338 [ms], path length: 46 [edges], generated: 2,726
[00:00:01:08:284] Path of length 46 found: [0, 1, 9, 8, 16, 24, 32, 40, 48, 49, 57, 58, 50, 42, 41, 33, 25, 17, 18, 26, 34, 35, 43, 51, 52, 53, 61, 62, 54, 46, 38, 37, 36, 28, 20, 12, 13, 21, 22, 14, 15, 23, 31, 39, 47, 55, 63]
[00:00:01:08:677] ! Bidirectional. expansions: 31,739, time: 68,284 [ms], path length: 46 [edges], g_F: 23, g_B: 23, generated: {'F': 53,289, 'B': 53,150}, MM: 0, MMPER: -1.0%
[00:00:01:08:677] 
---------- SM_Grids/8x8_grid_with_random_blocks_20per_6 ----------
[00:00:00:01:092] Path of length 46 found: [0, 1, 9, 8, 16, 17, 18, 10, 11, 19, 27, 28, 20, 21, 13, 12, 4, 5, 6, 14, 15, 23, 31, 39, 38, 37, 36, 44, 45, 53, 52, 51, 43, 42, 50, 49, 48, 56, 57, 58, 59, 60, 61, 62, 54, 55, 63]
[00:00:00:01:092] ! Unidirectional s-t. expansions: 1,292, time: 1,092 [ms], path length: 46 [edges], generated: 2,082
[00:00:00:01:789] Path of length 46 found: [63, 55, 47, 39, 31, 23, 15, 14, 6, 5, 4, 12, 13, 21, 29, 37, 45, 53, 54, 62, 61, 60, 52, 51, 59, 58, 57, 56, 48, 49, 50, 42, 43, 44, 36, 28, 20, 19, 27, 26, 18, 10, 9, 17, 16, 8, 0]
[00:00:00:01:789] ! Unidirectional t-s. expansions: 2,487, time: 1,789 [ms], path length: 46 [edges], generated: 4,122
[00:00:00:26:192] Path of length 46 found: [0, 1, 9, 8, 16, 17, 18, 10, 11, 19, 27, 28, 36, 44, 43, 42, 50, 49, 48, 56, 57, 58, 59, 51, 52, 60, 61, 62, 54, 53, 45, 37, 29, 21, 13, 12, 4, 5, 6, 14, 15, 23, 31, 39, 47, 55, 63]
[00:00:00:26:571] ! Bidirectional. expansions: 12,748, time: 26,192 [ms], path length: 46 [edges], g_F: 23, g_B: 23, generated: {'F': 20,683, 'B': 21,157}, MM: 0, MMPER: -1.0%
[00:00:00:26:571] 
---------- SM_Grids/8x8_grid_with_random_blocks_20per_7 ----------
[00:00:00:02:050] Path of length 42 found: [0, 8, 16, 24, 32, 40, 41, 33, 25, 17, 9, 1, 2, 3, 11, 19, 18, 26, 34, 42, 50, 51, 43, 35, 27, 28, 20, 12, 4, 5, 6, 14, 15, 23, 31, 30, 38, 39, 47, 55, 54, 62, 63]
[00:00:00:02:050] ! Unidirectional s-t. expansions: 2,318, time: 2,050 [ms], path length: 42 [edges], generated: 3,774
[00:00:00:00:279] Path of length 42 found: [63, 62, 54, 55, 47, 39, 38, 30, 31, 23, 15, 7, 6, 5, 4, 3, 2, 1, 9, 17, 25, 33, 34, 26, 18, 19, 11, 12, 20, 28, 27, 35, 43, 51, 50, 42, 41, 40, 32, 24, 16, 8, 0]
[00:00:00:00:280] ! Unidirectional t-s. expansions: 361, time: 280 [ms], path length: 42 [edges], generated: 665
[00:00:00:05:994] Path of length 42 found: [0, 8, 16, 24, 32, 40, 41, 33, 25, 17, 9, 1, 2, 3, 11, 19, 18, 26, 34, 42, 50, 51, 43, 35, 36, 28, 20, 12, 4, 5, 6, 7, 15, 23, 31, 30, 38, 39, 47, 55, 54, 62, 63]
[00:00:00:06:388] ! Bidirectional. expansions: 2,842, time: 5,994 [ms], path length: 42 [edges], g_F: 21, g_B: 21, generated: {'F': 5,111, 'B': 5,126}, MM: 0, MMPER: -1.0%
[00:00:00:06:388] 
---------- SM_Grids/8x8_grid_with_random_blocks_20per_8 ----------
[00:00:00:00:164] Path of length 48 found: [0, 8, 16, 24, 32, 33, 25, 17, 9, 10, 2, 3, 11, 19, 20, 12, 4, 5, 13, 14, 6, 7, 15, 23, 22, 21, 29, 28, 27, 35, 36, 44, 52, 51, 50, 42, 41, 49, 57, 58, 59, 60, 61, 53, 45, 46, 47, 55, 63]
[00:00:00:00:164] ! Unidirectional s-t. expansions: 222, time: 164 [ms], path length: 48 [edges], generated: 347
[00:00:00:00:118] Path of length 48 found: [63, 55, 47, 46, 45, 53, 61, 60, 59, 58, 57, 49, 41, 42, 50, 51, 52, 44, 36, 35, 27, 19, 11, 12, 20, 28, 29, 21, 13, 14, 22, 23, 15, 7, 6, 5, 4, 3, 2, 10, 9, 17, 25, 33, 32, 24, 16, 8, 0]
[00:00:00:00:118] ! Unidirectional t-s. expansions: 144, time: 118 [ms], path length: 48 [edges], generated: 221
[00:00:00:00:138] Path of length 48 found: [0, 8, 16, 24, 32, 33, 25, 17, 9, 10, 2, 3, 11, 19, 20, 12, 4, 5, 13, 14, 6, 7, 15, 23, 22, 21, 29, 28, 27, 35, 36, 44, 52, 51, 50, 42, 41, 49, 57, 58, 59, 60, 61, 53, 45, 46, 47, 55, 63]
[00:00:00:00:522] ! Bidirectional. expansions: 61, time: 138 [ms], path length: 48 [edges], g_F: 24, g_B: 24, generated: {'F': 105, 'B': 106}, MM: 0, MMPER: -1.0%
[00:00:00:00:522] 
---------- SM_Grids/8x8_grid_with_random_blocks_20per_9 ----------
[00:00:00:00:038] Path of length 36 found: [0, 8, 9, 1, 2, 10, 18, 26, 34, 35, 27, 28, 36, 44, 45, 37, 29, 21, 13, 5, 6, 7, 15, 14, 22, 23, 31, 30, 38, 39, 47, 55, 54, 53, 61, 62, 63]
[00:00:00:00:038] ! Unidirectional s-t. expansions: 43, time: 38 [ms], path length: 36 [edges], generated: 66
[00:00:00:00:250] Path of length 36 found: [63, 62, 61, 53, 54, 55, 47, 39, 31, 23, 15, 7, 6, 5, 13, 14, 22, 21, 29, 30, 38, 37, 45, 44, 36, 28, 27, 35, 34, 26, 18, 17, 9, 10, 2, 1, 0]
[00:00:00:00:250] ! Unidirectional t-s. expansions: 324, time: 250 [ms], path length: 36 [edges], generated: 548
[00:00:00:00:281] Path of length 36 found: [0, 8, 9, 1, 2, 10, 18, 26, 34, 35, 27, 28, 36, 44, 45, 37, 38, 30, 29, 21, 22, 14, 13, 5, 6, 7, 15, 23, 31, 39, 47, 55, 54, 53, 61, 62, 63]
[00:00:00:00:659] ! Bidirectional. expansions: 113, time: 281 [ms], path length: 36 [edges], g_F: 18, g_B: 18, generated: {'F': 242, 'B': 207}, MM: 0, MMPER: -1.0%

[00:00:00:00:659] average expansions: (6,375, 2,364, 27,536, 0)
[00:00:00:00:659] average time: (4,734, 1,941, 59,561, 0)
[00:00:00:00:660] X-DFBnB: 2,364 , 1,941 (expansions , time[ms])
[00:00:00:00:660] BiX-DFBnB: 27,536 , 59,561 (expansions , time[ms])

