Mon 09 Mar 2026 16:01:14 IST

SLURM_JOBID:		 15356561
SLURM_JOB_NODELIST:	 ise-cpu256-02 

--------------------------
date: SM_Grids
number_of_graphs: 10
graph_type: grid
size_of_graphs: [6, 6]
heuristic: heuristic0
snake: False
run_uni: True
run_bi: True
run_multi: False
solution_vertices: []
algorithms: ['DFBnB']
bsd: False
cube_first_dims: 4
cube_buffer_dim: None
backward_sym_generation: False
sym_coil: False
prefix_set: None

---------- SM_Grids/6x6_grid_with_random_blocks_12per_0 ----------
[00:00:00:21:112] Path of length 28 found: [0, 6, 12, 18, 24, 25, 19, 13, 7, 1, 2, 8, 14, 20, 26, 32, 33, 27, 28, 22, 16, 10, 4, 5, 11, 17, 23, 29, 35]
[00:00:00:21:113] ! Unidirectional s-t. expansions: 125,933, time: 21,113 [ms], path length: 28 [edges], generated: 130,478
[00:00:00:11:520] Path of length 28 found: [35, 29, 23, 17, 11, 5, 4, 3, 2, 1, 7, 13, 19, 20, 14, 15, 16, 22, 28, 27, 33, 32, 26, 25, 24, 18, 12, 6, 0]
[00:00:00:11:520] ! Unidirectional t-s. expansions: 62,652, time: 11,520 [ms], path length: 28 [edges], generated: 67,197
[00:00:00:13:011] Path of length 28 found: [0, 6, 12, 18, 24, 25, 19, 13, 7, 1, 2, 8, 14, 20, 26, 32, 33, 27, 28, 22, 16, 10, 4, 5, 11, 17, 23, 29, 35]
[00:00:00:13:306] ! Bidirectional. expansions: 114,702, time: 13,011 [ms], path length: 28 [edges], g_F: 14, g_B: 14, generated: {'F': 74,777, 'B': 81,253}, MM: 0, MMPER: -1.0%
[00:00:00:13:307] 
---------- SM_Grids/6x6_grid_with_random_blocks_12per_1 ----------
[00:00:00:30:972] Path of length 28 found: [0, 6, 12, 18, 24, 30, 31, 25, 19, 13, 7, 1, 2, 8, 14, 20, 26, 32, 33, 34, 28, 22, 21, 15, 16, 17, 23, 29, 35]
[00:00:00:30:972] ! Unidirectional s-t. expansions: 166,716, time: 30,972 [ms], path length: 28 [edges], generated: 181,540
[00:00:00:31:989] Path of length 28 found: [35, 29, 23, 17, 16, 15, 9, 8, 2, 1, 7, 13, 19, 25, 26, 20, 21, 22, 28, 34, 33, 32, 31, 30, 24, 18, 12, 6, 0]
[00:00:00:31:989] ! Unidirectional t-s. expansions: 165,849, time: 31,989 [ms], path length: 28 [edges], generated: 180,673
[00:00:00:20:055] Valid meeting checks so far: 200,000, state_vs_state: 9,881, state_vs_prefix: 0, prefix_vs_prefix: 190,119
[00:00:00:29:458] Path of length 28 found: [0, 6, 12, 18, 24, 30, 31, 25, 26, 32, 33, 34, 28, 22, 21, 20, 19, 13, 7, 1, 2, 8, 9, 15, 16, 17, 23, 29, 35]
[00:00:00:29:736] ! Bidirectional. expansions: 246,018, time: 29,459 [ms], path length: 28 [edges], g_F: 14, g_B: 14, generated: {'F': 179,419, 'B': 200,461}, MM: 0, MMPER: -1.0%
[00:00:00:29:736] 
---------- SM_Grids/6x6_grid_with_random_blocks_12per_2 ----------
[00:00:00:10:815] Path of length 26 found: [0, 1, 7, 8, 14, 13, 12, 18, 24, 30, 31, 25, 19, 20, 26, 32, 33, 27, 21, 22, 16, 17, 23, 29, 28, 34, 35]
[00:00:00:10:816] ! Unidirectional s-t. expansions: 54,946, time: 10,816 [ms], path length: 26 [edges], generated: 60,783
[00:00:00:14:561] Path of length 26 found: [35, 29, 23, 17, 16, 22, 21, 20, 19, 25, 26, 27, 28, 34, 33, 32, 31, 30, 24, 18, 12, 13, 7, 8, 2, 1, 0]
[00:00:00:14:562] ! Unidirectional t-s. expansions: 69,388, time: 14,561 [ms], path length: 26 [edges], generated: 75,225
[00:00:00:11:018] Path of length 26 found: [0, 1, 7, 8, 14, 13, 12, 18, 24, 30, 31, 32, 33, 34, 28, 27, 26, 25, 19, 20, 21, 22, 16, 17, 23, 29, 35]
[00:00:00:11:282] ! Bidirectional. expansions: 92,916, time: 11,018 [ms], path length: 26 [edges], g_F: 13, g_B: 13, generated: {'F': 70,155, 'B': 59,644}, MM: 0, MMPER: -1.0%
[00:00:00:11:282] 
---------- SM_Grids/6x6_grid_with_random_blocks_12per_3 ----------
[00:00:00:33:840] Valid states checked so far: 200,000, Expansions: 191,374, Global best: 29
[00:00:01:06:805] Valid states checked so far: 400,000, Expansions: 382,745, Global best: 31
[00:00:01:20:167] Path of length 30 found: [0, 1, 7, 6, 12, 18, 19, 13, 14, 8, 9, 3, 4, 10, 11, 17, 23, 22, 16, 15, 21, 20, 26, 25, 31, 32, 33, 27, 28, 34, 35]
[00:00:01:20:167] ! Unidirectional s-t. expansions: 456,479, time: 80,167 [ms], path length: 30 [edges], generated: 476,944
[00:00:00:35:893] Valid states checked so far: 200,000, Expansions: 185,213, Global best: 31
[00:00:00:46:587] Path of length 30 found: [35, 34, 28, 27, 33, 32, 31, 25, 26, 20, 21, 15, 16, 22, 23, 17, 11, 10, 4, 3, 9, 8, 14, 13, 19, 18, 12, 6, 7, 1, 0]
[00:00:00:46:588] ! Unidirectional t-s. expansions: 246,439, time: 46,588 [ms], path length: 30 [edges], generated: 266,904
[00:00:00:21:216] Valid meeting checks so far: 200,000, state_vs_state: 9,930, state_vs_prefix: 0, prefix_vs_prefix: 190,070
[00:00:00:40:812] Valid meeting checks so far: 400,000, state_vs_state: 19,067, state_vs_prefix: 0, prefix_vs_prefix: 380,933
[00:00:00:43:782] Path of length 30 found: [0, 1, 7, 6, 12, 18, 19, 13, 14, 8, 9, 3, 4, 10, 11, 17, 23, 22, 16, 15, 21, 20, 26, 25, 31, 32, 33, 27, 28, 34, 35]
[00:00:00:44:049] ! Bidirectional. expansions: 387,516, time: 43,782 [ms], path length: 30 [edges], g_F: 15, g_B: 15, generated: {'F': 289,107, 'B': 290,229}, MM: 0, MMPER: -1.0%
[00:00:00:44:050] 
---------- SM_Grids/6x6_grid_with_random_blocks_12per_4 ----------
[00:00:00:19:623] Path of length 30 found: [0, 6, 12, 18, 24, 30, 31, 25, 26, 20, 21, 15, 14, 13, 7, 8, 9, 3, 4, 5, 11, 10, 16, 17, 23, 29, 28, 27, 33, 34, 35]
[00:00:00:19:623] ! Unidirectional s-t. expansions: 114,028, time: 19,623 [ms], path length: 30 [edges], generated: 122,391
[00:00:00:32:512] Valid states checked so far: 200,000, Expansions: 192,431, Global best: 31
[00:00:00:35:398] Path of length 30 found: [35, 29, 23, 17, 11, 5, 4, 3, 9, 10, 16, 15, 14, 20, 21, 27, 28, 34, 33, 32, 26, 25, 31, 30, 24, 18, 12, 13, 7, 6, 0]
[00:00:00:35:399] ! Unidirectional t-s. expansions: 208,697, time: 35,399 [ms], path length: 30 [edges], generated: 217,060
[00:00:00:21:756] Valid meeting checks so far: 200,000, state_vs_state: 8,317, state_vs_prefix: 0, prefix_vs_prefix: 191,683
[00:00:00:21:810] Path of length 30 found: [0, 6, 12, 18, 24, 30, 31, 25, 26, 32, 33, 34, 28, 27, 21, 20, 14, 13, 7, 8, 9, 15, 16, 10, 4, 5, 11, 17, 23, 29, 35]
[00:00:00:22:085] ! Bidirectional. expansions: 199,158, time: 21,810 [ms], path length: 30 [edges], g_F: 15, g_B: 15, generated: {'F': 142,187, 'B': 135,879}, MM: 0, MMPER: -1.0%
[00:00:00:22:085] 
---------- SM_Grids/6x6_grid_with_random_blocks_12per_5 ----------
[00:00:00:09:323] Path of length 30 found: [0, 6, 12, 18, 24, 30, 31, 32, 26, 20, 19, 13, 7, 1, 2, 8, 9, 3, 4, 5, 11, 10, 16, 17, 23, 22, 21, 27, 33, 34, 35]
[00:00:00:09:324] ! Unidirectional s-t. expansions: 48,043, time: 9,324 [ms], path length: 30 [edges], generated: 51,332
[00:00:00:10:250] Path of length 30 found: [35, 29, 23, 17, 11, 5, 4, 3, 2, 1, 7, 8, 9, 10, 16, 22, 21, 20, 26, 27, 33, 32, 31, 30, 24, 18, 19, 13, 12, 6, 0]
[00:00:00:10:250] ! Unidirectional t-s. expansions: 56,730, time: 10,250 [ms], path length: 30 [edges], generated: 60,019
[00:00:00:10:403] Path of length 30 found: [0, 6, 12, 13, 19, 18, 24, 30, 31, 32, 33, 27, 26, 20, 21, 22, 16, 10, 9, 8, 7, 1, 2, 3, 4, 5, 11, 17, 23, 29, 35]
[00:00:00:10:673] ! Bidirectional. expansions: 93,418, time: 10,403 [ms], path length: 30 [edges], g_F: 15, g_B: 15, generated: {'F': 62,113, 'B': 64,813}, MM: 0, MMPER: -1.0%
[00:00:00:10:673] 
---------- SM_Grids/6x6_grid_with_random_blocks_12per_6 ----------
[00:00:00:20:156] Path of length 28 found: [0, 6, 12, 18, 24, 25, 19, 13, 7, 1, 2, 3, 9, 8, 14, 20, 26, 32, 33, 34, 28, 22, 21, 15, 16, 17, 23, 29, 35]
[00:00:00:20:156] ! Unidirectional s-t. expansions: 102,629, time: 20,156 [ms], path length: 28 [edges], generated: 111,624
[00:00:00:21:668] Path of length 28 found: [35, 29, 23, 17, 16, 15, 9, 3, 2, 1, 7, 8, 14, 13, 19, 20, 21, 22, 28, 34, 33, 32, 26, 25, 24, 18, 12, 6, 0]
[00:00:00:21:668] ! Unidirectional t-s. expansions: 107,866, time: 21,668 [ms], path length: 28 [edges], generated: 116,861
[00:00:00:22:496] Valid meeting checks so far: 200,000, state_vs_state: 8,805, state_vs_prefix: 0, prefix_vs_prefix: 191,195
[00:00:00:23:246] Path of length 28 found: [0, 6, 12, 18, 24, 25, 19, 13, 7, 1, 2, 3, 9, 8, 14, 20, 26, 32, 33, 34, 28, 22, 21, 15, 16, 17, 23, 29, 35]
[00:00:00:23:514] ! Bidirectional. expansions: 196,502, time: 23,246 [ms], path length: 28 [edges], g_F: 14, g_B: 14, generated: {'F': 133,710, 'B': 149,982}, MM: 0, MMPER: -1.0%
[00:00:00:23:514] 
---------- SM_Grids/6x6_grid_with_random_blocks_12per_7 ----------
[00:00:00:20:311] Path of length 30 found: [0, 1, 7, 13, 12, 18, 24, 30, 31, 25, 26, 20, 21, 15, 9, 8, 2, 3, 4, 10, 11, 17, 16, 22, 23, 29, 28, 27, 33, 34, 35]
[00:00:00:20:312] ! Unidirectional s-t. expansions: 112,762, time: 20,311 [ms], path length: 30 [edges], generated: 120,961
[00:00:00:32:552] Valid states checked so far: 200,000, Expansions: 192,800, Global best: 31
[00:00:00:35:474] Path of length 30 found: [35, 29, 23, 17, 11, 10, 4, 3, 2, 8, 9, 15, 16, 22, 21, 20, 26, 27, 28, 34, 33, 32, 31, 25, 24, 18, 12, 13, 7, 1, 0]
[00:00:00:35:474] ! Unidirectional t-s. expansions: 209,184, time: 35,474 [ms], path length: 30 [edges], generated: 217,383
[00:00:00:19:449] Path of length 30 found: [0, 1, 7, 13, 12, 18, 24, 30, 31, 25, 26, 20, 21, 27, 33, 34, 28, 22, 16, 15, 9, 8, 2, 3, 4, 10, 11, 17, 23, 29, 35]
[00:00:00:19:721] ! Bidirectional. expansions: 176,018, time: 19,450 [ms], path length: 30 [edges], g_F: 15, g_B: 15, generated: {'F': 140,547, 'B': 115,753}, MM: 0, MMPER: -1.0%
[00:00:00:19:722] 
---------- SM_Grids/6x6_grid_with_random_blocks_12per_8 ----------
[00:00:00:06:243] Path of length 30 found: [0, 1, 2, 3, 9, 10, 4, 5, 11, 17, 23, 22, 16, 15, 14, 8, 7, 6, 12, 18, 24, 30, 31, 25, 19, 20, 26, 27, 33, 34, 35]
[00:00:00:06:243] ! Unidirectional s-t. expansions: 24,603, time: 6,243 [ms], path length: 30 [edges], generated: 26,750
[00:00:00:06:321] Path of length 30 found: [35, 34, 33, 27, 26, 20, 19, 25, 31, 30, 24, 18, 12, 6, 7, 8, 14, 15, 9, 10, 16, 22, 23, 17, 11, 5, 4, 3, 2, 1, 0]
[00:00:00:06:322] ! Unidirectional t-s. expansions: 33,563, time: 6,321 [ms], path length: 30 [edges], generated: 35,710
[00:00:00:07:388] Path of length 30 found: [0, 1, 2, 3, 9, 10, 4, 5, 11, 17, 23, 22, 16, 15, 14, 8, 7, 6, 12, 18, 24, 30, 31, 25, 19, 20, 26, 27, 33, 34, 35]
[00:00:00:07:657] ! Bidirectional. expansions: 64,014, time: 7,388 [ms], path length: 30 [edges], g_F: 15, g_B: 15, generated: {'F': 41,415, 'B': 44,557}, MM: 0, MMPER: -1.0%
[00:00:00:07:658] 
---------- SM_Grids/6x6_grid_with_random_blocks_12per_9 ----------
[00:00:00:30:843] Path of length 26 found: [0, 6, 7, 1, 2, 8, 14, 13, 19, 25, 26, 20, 21, 15, 9, 3, 4, 10, 11, 17, 16, 22, 28, 27, 33, 34, 35]
[00:00:00:30:843] ! Unidirectional s-t. expansions: 156,130, time: 30,843 [ms], path length: 26 [edges], generated: 171,063
[00:00:00:34:701] Path of length 26 found: [35, 29, 28, 34, 33, 27, 21, 15, 9, 10, 16, 17, 11, 5, 4, 3, 2, 8, 14, 20, 26, 25, 19, 13, 7, 1, 0]
[00:00:00:34:701] ! Unidirectional t-s. expansions: 175,932, time: 34,701 [ms], path length: 26 [edges], generated: 190,865
[00:00:00:21:840] Valid meeting checks so far: 200,000, state_vs_state: 8,998, state_vs_prefix: 0, prefix_vs_prefix: 191,002
[00:00:00:37:463] Path of length 26 found: [0, 6, 7, 1, 2, 8, 14, 15, 9, 3, 4, 10, 11, 17, 16, 22, 21, 20, 19, 25, 26, 27, 33, 34, 28, 29, 35]
[00:00:00:37:733] ! Bidirectional. expansions: 330,742, time: 37,463 [ms], path length: 26 [edges], g_F: 13, g_B: 13, generated: {'F': 227,733, 'B': 230,928}, MM: 0, MMPER: -1.0%

[00:00:00:37:733] average expansions: (136,227, 133,630, 190,100, 0)
[00:00:00:37:733] average time: (24,957, 24,847, 21,703, 0)
[00:00:00:37:733] X-DFBnB: 133,630 , 24,847 (expansions , time[ms])
[00:00:00:37:733] BiX-DFBnB: 190,100 , 21,703 (expansions , time[ms])

