Mon 09 Mar 2026 16:01:14 IST

SLURM_JOBID:		 15356567
SLURM_JOB_NODELIST:	 ise-cpu256-06 

--------------------------
date: SM_Grids
number_of_graphs: 10
graph_type: grid
size_of_graphs: [6, 7]
heuristic: heuristic0
snake: False
run_uni: True
run_bi: True
run_multi: False
solution_vertices: []
algorithms: ['DFBnB']
bsd: False
cube_first_dims: 4
cube_buffer_dim: None
backward_sym_generation: False
sym_coil: False
prefix_set: None

---------- SM_Grids/6x7_grid_with_random_blocks_20per_0 ----------
[00:00:00:08:188] Path of length 29 found: [0, 7, 14, 21, 28, 29, 22, 15, 16, 9, 2, 3, 10, 11, 12, 19, 26, 27, 34, 33, 32, 25, 24, 31, 30, 37, 38, 39, 40, 41]
[00:00:00:08:188] ! Unidirectional s-t. expansions: 44,419, time: 8,188 [ms], path length: 29 [edges], generated: 47,234
[00:00:00:08:745] Path of length 29 found: [41, 34, 27, 20, 19, 26, 25, 24, 31, 32, 33, 40, 39, 38, 37, 30, 29, 22, 21, 14, 15, 16, 9, 10, 11, 4, 3, 2, 1, 0]
[00:00:00:08:745] ! Unidirectional t-s. expansions: 43,397, time: 8,745 [ms], path length: 29 [edges], generated: 46,212
[00:00:00:10:689] Path of length 29 found: [0, 7, 14, 21, 28, 29, 22, 15, 16, 9, 2, 3, 10, 11, 12, 19, 20, 27, 26, 25, 24, 31, 30, 37, 38, 39, 32, 33, 34, 41]
[00:00:00:11:007] ! Bidirectional. expansions: 91,688, time: 10,690 [ms], path length: 29 [edges], g_F: 15, g_B: 14, generated: {'F': 62,405, 'B': 56,906}, MM: 1, MMPER: 2.3333333333333335%
[00:00:00:11:007] 
---------- SM_Grids/6x7_grid_with_random_blocks_20per_1 ----------
[00:00:00:02:114] Path of length 25 found: [0, 7, 8, 15, 14, 21, 22, 29, 28, 35, 36, 37, 30, 31, 38, 39, 32, 33, 26, 19, 12, 13, 20, 27, 34, 41]
[00:00:00:02:115] ! Unidirectional s-t. expansions: 10,522, time: 2,114 [ms], path length: 25 [edges], generated: 10,969
[00:00:00:00:818] Path of length 25 found: [41, 34, 27, 20, 13, 12, 19, 26, 33, 32, 39, 38, 31, 30, 37, 36, 35, 28, 29, 22, 21, 14, 15, 8, 7, 0]
[00:00:00:00:818] ! Unidirectional t-s. expansions: 3,196, time: 818 [ms], path length: 25 [edges], generated: 3,643
[00:00:00:01:273] Path of length 25 found: [0, 7, 8, 15, 14, 21, 22, 29, 28, 35, 36, 37, 30, 31, 38, 39, 32, 33, 26, 19, 12, 13, 20, 27, 34, 41]
[00:00:00:01:566] ! Bidirectional. expansions: 10,654, time: 1,273 [ms], path length: 25 [edges], g_F: 13, g_B: 12, generated: {'F': 7,760, 'B': 5,080}, MM: 1, MMPER: 2.8461538461538463%
[00:00:00:01:566] 
---------- SM_Grids/6x7_grid_with_random_blocks_20per_2 ----------
[00:00:00:02:759] Path of length 29 found: [0, 1, 8, 7, 14, 21, 28, 29, 22, 15, 16, 9, 10, 3, 4, 5, 12, 11, 18, 19, 20, 27, 26, 25, 24, 31, 38, 39, 40, 41]
[00:00:00:02:759] ! Unidirectional s-t. expansions: 12,008, time: 2,759 [ms], path length: 29 [edges], generated: 12,856
[00:00:00:02:786] Path of length 29 found: [41, 40, 39, 38, 31, 24, 25, 26, 27, 20, 19, 18, 11, 12, 5, 4, 3, 10, 9, 16, 15, 22, 29, 28, 21, 14, 7, 8, 1, 0]
[00:00:00:02:787] ! Unidirectional t-s. expansions: 13,590, time: 2,786 [ms], path length: 29 [edges], generated: 14,438
[00:00:00:03:618] Path of length 29 found: [0, 1, 8, 7, 14, 21, 28, 29, 22, 15, 16, 9, 10, 3, 4, 5, 12, 11, 18, 19, 20, 27, 26, 25, 24, 31, 38, 39, 40, 41]
[00:00:00:03:910] ! Bidirectional. expansions: 29,484, time: 3,618 [ms], path length: 29 [edges], g_F: 15, g_B: 14, generated: {'F': 18,510, 'B': 20,142}, MM: 1, MMPER: 2.3333333333333335%
[00:00:00:03:910] 
---------- SM_Grids/6x7_grid_with_random_blocks_20per_3 ----------
[00:00:00:15:431] Path of length 27 found: [0, 7, 14, 15, 8, 1, 2, 3, 4, 11, 10, 9, 16, 23, 30, 37, 38, 31, 24, 25, 32, 39, 40, 33, 26, 27, 34, 41]
[00:00:00:15:431] ! Unidirectional s-t. expansions: 67,478, time: 15,431 [ms], path length: 27 [edges], generated: 77,661
[00:00:00:15:885] Path of length 27 found: [41, 34, 27, 26, 25, 24, 31, 32, 33, 40, 39, 38, 37, 30, 23, 16, 9, 10, 11, 4, 3, 2, 1, 8, 15, 14, 7, 0]
[00:00:00:15:886] ! Unidirectional t-s. expansions: 69,141, time: 15,885 [ms], path length: 27 [edges], generated: 79,324
[00:00:00:30:439] Valid meeting checks so far: 200,000, state_vs_state: 0, state_vs_prefix: 0, prefix_vs_prefix: 200,000
[00:00:00:33:904] Path of length 27 found: [0, 7, 14, 15, 8, 1, 2, 3, 4, 11, 10, 9, 16, 23, 30, 37, 38, 39, 40, 33, 32, 31, 24, 25, 26, 27, 34, 41]
[00:00:00:34:199] ! Bidirectional. expansions: 279,200, time: 33,904 [ms], path length: 27 [edges], g_F: 14, g_B: 13, generated: {'F': 166,269, 'B': 178,390}, MM: 1, MMPER: 2.5714285714285716%
[00:00:00:34:199] 
---------- SM_Grids/6x7_grid_with_random_blocks_20per_4 ----------
[00:00:00:04:389] Path of length 29 found: [0, 7, 14, 15, 22, 29, 30, 23, 16, 9, 10, 17, 24, 31, 38, 39, 32, 25, 18, 11, 4, 5, 6, 13, 20, 27, 26, 33, 34, 41]
[00:00:00:04:389] ! Unidirectional s-t. expansions: 20,895, time: 4,389 [ms], path length: 29 [edges], generated: 21,808
[00:00:00:05:860] Path of length 29 found: [41, 34, 27, 20, 13, 6, 5, 4, 11, 10, 9, 16, 23, 24, 17, 18, 25, 26, 33, 32, 39, 38, 31, 30, 29, 22, 15, 14, 7, 0]
[00:00:00:05:860] ! Unidirectional t-s. expansions: 25,495, time: 5,860 [ms], path length: 29 [edges], generated: 26,408
[00:00:00:03:193] Path of length 29 found: [0, 7, 14, 15, 22, 29, 30, 23, 16, 9, 10, 17, 24, 31, 38, 39, 32, 33, 26, 25, 18, 11, 4, 5, 6, 13, 20, 27, 34, 41]
[00:00:00:03:477] ! Bidirectional. expansions: 26,912, time: 3,193 [ms], path length: 29 [edges], g_F: 15, g_B: 14, generated: {'F': 17,616, 'B': 18,801}, MM: 1, MMPER: 2.3333333333333335%
[00:00:00:03:477] 
---------- SM_Grids/6x7_grid_with_random_blocks_20per_5 ----------
[00:00:00:03:316] Path of length 19 found: [0, 1, 2, 9, 10, 3, 4, 5, 12, 11, 18, 25, 32, 33, 26, 19, 20, 27, 34, 41]
[00:00:00:03:316] ! Unidirectional s-t. expansions: 15,089, time: 3,316 [ms], path length: 19 [edges], generated: 15,508
[00:00:00:02:700] Path of length 19 found: [41, 34, 27, 20, 19, 26, 33, 32, 25, 18, 11, 12, 5, 4, 3, 10, 9, 2, 1, 0]
[00:00:00:02:700] ! Unidirectional t-s. expansions: 10,808, time: 2,700 [ms], path length: 19 [edges], generated: 11,227
[00:00:00:04:004] Path of length 19 found: [0, 1, 2, 9, 10, 3, 4, 5, 12, 11, 18, 25, 32, 33, 26, 19, 20, 27, 34, 41]
[00:00:00:04:292] ! Bidirectional. expansions: 35,308, time: 4,004 [ms], path length: 19 [edges], g_F: 10, g_B: 9, generated: {'F': 23,782, 'B': 18,723}, MM: 1, MMPER: 4.0%
[00:00:00:04:292] 
---------- SM_Grids/6x7_grid_with_random_blocks_20per_6 ----------
[00:00:00:04:103] Path of length 27 found: [0, 7, 8, 15, 16, 9, 10, 3, 4, 11, 12, 19, 18, 17, 24, 23, 22, 21, 28, 35, 36, 37, 38, 39, 40, 33, 34, 41]
[00:00:00:04:104] ! Unidirectional s-t. expansions: 21,307, time: 4,104 [ms], path length: 27 [edges], generated: 22,498
[00:00:00:05:051] Path of length 27 found: [41, 34, 33, 40, 39, 38, 37, 36, 29, 28, 21, 22, 15, 16, 23, 24, 17, 18, 11, 12, 5, 4, 3, 10, 9, 8, 1, 0]
[00:00:00:05:051] ! Unidirectional t-s. expansions: 23,623, time: 5,051 [ms], path length: 27 [edges], generated: 24,814
[00:00:00:05:178] Path of length 27 found: [0, 7, 8, 15, 16, 9, 10, 3, 4, 11, 12, 19, 18, 17, 24, 23, 22, 21, 28, 29, 36, 37, 38, 39, 40, 33, 34, 41]
[00:00:00:05:473] ! Bidirectional. expansions: 45,942, time: 5,178 [ms], path length: 27 [edges], g_F: 14, g_B: 13, generated: {'F': 27,078, 'B': 32,548}, MM: 1, MMPER: 2.5714285714285716%
[00:00:00:05:474] 
---------- SM_Grids/6x7_grid_with_random_blocks_20per_7 ----------
[00:00:00:05:127] Path of length 23 found: [0, 1, 8, 7, 14, 15, 22, 23, 30, 37, 38, 31, 24, 25, 18, 19, 26, 27, 34, 33, 32, 39, 40, 41]
[00:00:00:05:128] ! Unidirectional s-t. expansions: 23,224, time: 5,127 [ms], path length: 23 [edges], generated: 25,711
[00:00:00:03:645] Path of length 23 found: [41, 34, 27, 20, 19, 18, 25, 24, 31, 32, 33, 40, 39, 38, 37, 30, 23, 16, 15, 14, 7, 8, 1, 0]
[00:00:00:03:645] ! Unidirectional t-s. expansions: 14,247, time: 3,645 [ms], path length: 23 [edges], generated: 16,734
[00:00:00:05:057] Path of length 23 found: [0, 1, 8, 7, 14, 15, 22, 23, 30, 37, 38, 39, 40, 33, 32, 31, 24, 25, 18, 19, 20, 27, 34, 41]
[00:00:00:05:346] ! Bidirectional. expansions: 41,304, time: 5,057 [ms], path length: 23 [edges], g_F: 12, g_B: 11, generated: {'F': 31,186, 'B': 24,264}, MM: 1, MMPER: 3.166666666666667%
[00:00:00:05:346] 
---------- SM_Grids/6x7_grid_with_random_blocks_20per_8 ----------
[00:00:00:04:148] Path of length 27 found: [0, 1, 8, 7, 14, 21, 28, 29, 22, 15, 16, 9, 10, 3, 4, 5, 12, 11, 18, 19, 20, 27, 26, 33, 32, 39, 40, 41]
[00:00:00:04:148] ! Unidirectional s-t. expansions: 22,628, time: 4,148 [ms], path length: 27 [edges], generated: 23,087
[00:00:00:02:491] Path of length 27 found: [41, 40, 39, 32, 33, 26, 27, 20, 19, 18, 11, 12, 5, 4, 3, 10, 9, 16, 15, 22, 29, 28, 21, 14, 7, 8, 1, 0]
[00:00:00:02:492] ! Unidirectional t-s. expansions: 12,578, time: 2,492 [ms], path length: 27 [edges], generated: 13,037
[00:00:00:02:971] Path of length 27 found: [0, 1, 8, 7, 14, 21, 28, 29, 22, 15, 16, 9, 10, 3, 4, 5, 12, 11, 18, 19, 20, 27, 26, 33, 32, 39, 40, 41]
[00:00:00:03:262] ! Bidirectional. expansions: 26,628, time: 2,971 [ms], path length: 27 [edges], g_F: 14, g_B: 13, generated: {'F': 16,463, 'B': 18,877}, MM: 1, MMPER: 2.5714285714285716%
[00:00:00:03:262] 
---------- SM_Grids/6x7_grid_with_random_blocks_20per_9 ----------
[00:00:00:02:531] Path of length 25 found: [0, 7, 14, 21, 22, 15, 8, 1, 2, 9, 10, 17, 24, 23, 30, 37, 38, 31, 32, 39, 40, 33, 26, 27, 34, 41]
[00:00:00:02:532] ! Unidirectional s-t. expansions: 10,497, time: 2,531 [ms], path length: 25 [edges], generated: 11,840
[00:00:00:02:650] Path of length 25 found: [41, 34, 27, 26, 33, 40, 39, 32, 31, 38, 37, 30, 23, 24, 17, 10, 3, 2, 1, 8, 15, 22, 21, 14, 7, 0]
[00:00:00:02:650] ! Unidirectional t-s. expansions: 11,630, time: 2,650 [ms], path length: 25 [edges], generated: 12,973
[00:00:00:03:934] Path of length 25 found: [0, 7, 14, 21, 22, 15, 8, 1, 2, 9, 10, 17, 24, 23, 30, 37, 38, 31, 32, 39, 40, 33, 26, 27, 34, 41]
[00:00:00:04:224] ! Bidirectional. expansions: 30,342, time: 3,934 [ms], path length: 25 [edges], g_F: 13, g_B: 12, generated: {'F': 18,916, 'B': 17,348}, MM: 1, MMPER: 2.8461538461538463%

[00:00:00:04:225] average expansions: (24,807, 22,770, 61,746, 0)
[00:00:00:04:225] average time: (5,211, 5,063, 7,382, 0)
[00:00:00:04:225] X-DFBnB: 22,770 , 5,063 (expansions , time[ms])
[00:00:00:04:225] BiX-DFBnB: 61,746 , 7,382 (expansions , time[ms])

