Mon 09 Mar 2026 16:01:15 IST

SLURM_JOBID:		 15356571
SLURM_JOB_NODELIST:	 ise-cpu256-05 

--------------------------
date: SM_Grids
number_of_graphs: 10
graph_type: grid
size_of_graphs: [6, 8]
heuristic: heuristic0
snake: False
run_uni: True
run_bi: True
run_multi: False
solution_vertices: []
algorithms: ['DFBnB']
bsd: False
cube_first_dims: 4
cube_buffer_dim: None
backward_sym_generation: False
sym_coil: False
prefix_set: None

---------- SM_Grids/6x8_grid_with_random_blocks_20per_0 ----------
[00:00:00:00:754] Path of length 30 found: [0, 1, 2, 3, 11, 10, 18, 17, 16, 24, 32, 40, 41, 42, 34, 35, 27, 19, 20, 21, 13, 5, 6, 14, 15, 23, 22, 30, 31, 39, 47]
[00:00:00:00:755] ! Unidirectional s-t. expansions: 3,254, time: 755 [ms], path length: 30 [edges], generated: 3,597
[00:00:00:01:603] Path of length 30 found: [47, 39, 31, 23, 15, 7, 6, 5, 13, 14, 22, 21, 20, 19, 27, 35, 34, 42, 41, 40, 32, 24, 16, 17, 18, 10, 11, 3, 2, 1, 0]
[00:00:00:01:603] ! Unidirectional t-s. expansions: 6,467, time: 1,603 [ms], path length: 30 [edges], generated: 6,810
[00:00:00:02:874] Path of length 30 found: [0, 1, 2, 3, 11, 10, 18, 17, 16, 24, 32, 40, 41, 42, 34, 35, 27, 19, 20, 21, 22, 14, 13, 5, 6, 7, 15, 23, 31, 39, 47]
[00:00:00:03:312] ! Bidirectional. expansions: 21,972, time: 2,874 [ms], path length: 30 [edges], g_F: 15, g_B: 15, generated: {'F': 12,771, 'B': 12,758}, MM: 0, MMPER: -1.0%
[00:00:00:03:312] 
---------- SM_Grids/6x8_grid_with_random_blocks_20per_1 ----------
[00:00:00:21:871] Path of length 34 found: [0, 1, 2, 3, 11, 19, 27, 26, 25, 24, 32, 40, 41, 33, 34, 42, 43, 44, 45, 37, 36, 28, 20, 21, 13, 5, 6, 14, 15, 23, 31, 30, 38, 39, 47]
[00:00:00:21:871] ! Unidirectional s-t. expansions: 109,355, time: 21,871 [ms], path length: 34 [edges], generated: 112,964
[00:00:00:25:216] Path of length 34 found: [47, 39, 38, 30, 31, 23, 15, 7, 6, 5, 13, 21, 20, 28, 36, 37, 45, 44, 43, 35, 34, 33, 41, 40, 32, 24, 25, 26, 27, 19, 11, 3, 2, 1, 0]
[00:00:00:25:216] ! Unidirectional t-s. expansions: 116,856, time: 25,216 [ms], path length: 34 [edges], generated: 120,465
[00:00:00:13:596] Path of length 34 found: [0, 1, 2, 3, 11, 19, 27, 26, 25, 24, 32, 40, 41, 33, 34, 42, 43, 44, 45, 37, 36, 28, 20, 21, 13, 5, 6, 7, 15, 23, 31, 30, 38, 39, 47]
[00:00:00:13:928] ! Bidirectional. expansions: 121,802, time: 13,596 [ms], path length: 34 [edges], g_F: 17, g_B: 17, generated: {'F': 74,864, 'B': 80,144}, MM: 0, MMPER: -1.0%
[00:00:00:13:928] 
---------- SM_Grids/6x8_grid_with_random_blocks_20per_2 ----------
[00:00:00:07:405] Path of length 32 found: [0, 1, 2, 3, 11, 10, 9, 8, 16, 24, 32, 33, 25, 26, 34, 35, 43, 44, 36, 28, 29, 21, 13, 14, 6, 7, 15, 23, 31, 30, 38, 46, 47]
[00:00:00:07:405] ! Unidirectional s-t. expansions: 27,805, time: 7,405 [ms], path length: 32 [edges], generated: 31,388
[00:00:00:06:584] Path of length 32 found: [47, 39, 31, 23, 15, 7, 6, 14, 13, 21, 29, 30, 38, 37, 36, 44, 43, 35, 34, 26, 25, 33, 32, 24, 16, 8, 9, 10, 11, 3, 2, 1, 0]
[00:00:00:06:584] ! Unidirectional t-s. expansions: 28,491, time: 6,584 [ms], path length: 32 [edges], generated: 32,074
[00:00:00:11:380] Path of length 32 found: [0, 1, 2, 3, 11, 10, 9, 8, 16, 24, 32, 33, 25, 26, 34, 35, 43, 44, 36, 37, 38, 30, 29, 21, 13, 14, 6, 7, 15, 23, 31, 39, 47]
[00:00:00:11:738] ! Bidirectional. expansions: 81,878, time: 11,381 [ms], path length: 32 [edges], g_F: 16, g_B: 16, generated: {'F': 47,479, 'B': 45,096}, MM: 0, MMPER: -1.0%
[00:00:00:11:738] 
---------- SM_Grids/6x8_grid_with_random_blocks_20per_3 ----------
[00:00:00:08:988] Path of length 34 found: [0, 8, 16, 24, 32, 40, 41, 33, 34, 42, 43, 35, 27, 26, 18, 10, 11, 12, 13, 21, 22, 14, 6, 7, 15, 23, 31, 39, 38, 37, 36, 44, 45, 46, 47]
[00:00:00:08:988] ! Unidirectional s-t. expansions: 41,455, time: 8,988 [ms], path length: 34 [edges], generated: 44,046
[00:00:00:17:612] Path of length 34 found: [47, 39, 31, 23, 15, 7, 6, 14, 22, 21, 13, 12, 11, 10, 18, 26, 27, 35, 36, 37, 38, 46, 45, 44, 43, 42, 34, 33, 41, 40, 32, 24, 16, 8, 0]
[00:00:00:17:612] ! Unidirectional t-s. expansions: 75,690, time: 17,612 [ms], path length: 34 [edges], generated: 78,281
[00:00:00:12:483] Path of length 34 found: [0, 8, 16, 24, 32, 40, 41, 33, 34, 42, 43, 44, 45, 46, 38, 37, 36, 35, 27, 26, 18, 10, 11, 12, 13, 21, 22, 14, 6, 7, 15, 23, 31, 39, 47]
[00:00:00:12:809] ! Bidirectional. expansions: 100,940, time: 12,483 [ms], path length: 34 [edges], g_F: 17, g_B: 17, generated: {'F': 67,020, 'B': 57,655}, MM: 0, MMPER: -1.0%
[00:00:00:12:810] 
---------- SM_Grids/6x8_grid_with_random_blocks_20per_4 ----------
[00:00:00:04:108] Path of length 32 found: [0, 8, 16, 24, 32, 40, 41, 33, 34, 26, 25, 17, 9, 1, 2, 10, 11, 3, 4, 12, 20, 21, 22, 14, 15, 23, 31, 39, 38, 37, 45, 46, 47]
[00:00:00:04:109] ! Unidirectional s-t. expansions: 15,198, time: 4,109 [ms], path length: 32 [edges], generated: 16,913
[00:00:00:11:322] Path of length 32 found: [47, 46, 45, 37, 38, 39, 31, 23, 15, 14, 6, 5, 4, 12, 20, 19, 11, 3, 2, 1, 9, 17, 25, 33, 34, 42, 41, 40, 32, 24, 16, 8, 0]
[00:00:00:11:322] ! Unidirectional t-s. expansions: 52,144, time: 11,322 [ms], path length: 32 [edges], generated: 53,859
[00:00:00:12:056] Path of length 32 found: [0, 8, 16, 24, 32, 40, 41, 33, 34, 26, 25, 17, 9, 1, 2, 10, 11, 19, 20, 12, 4, 5, 6, 14, 15, 23, 31, 39, 38, 37, 45, 46, 47]
[00:00:00:12:422] ! Bidirectional. expansions: 97,538, time: 12,057 [ms], path length: 32 [edges], g_F: 16, g_B: 16, generated: {'F': 41,419, 'B': 65,185}, MM: 0, MMPER: -1.0%
[00:00:00:12:422] 
---------- SM_Grids/6x8_grid_with_random_blocks_20per_5 ----------
[00:00:00:11:138] Path of length 28 found: [0, 8, 16, 17, 9, 1, 2, 10, 11, 3, 4, 12, 20, 19, 18, 26, 25, 24, 32, 40, 41, 42, 43, 44, 45, 37, 38, 46, 47]
[00:00:00:11:139] ! Unidirectional s-t. expansions: 38,011, time: 11,139 [ms], path length: 28 [edges], generated: 39,862
[00:00:00:07:734] Path of length 28 found: [47, 46, 38, 37, 45, 44, 43, 42, 41, 40, 32, 24, 16, 8, 9, 17, 25, 26, 18, 10, 11, 19, 20, 12, 4, 3, 2, 1, 0]
[00:00:00:07:734] ! Unidirectional t-s. expansions: 31,962, time: 7,734 [ms], path length: 28 [edges], generated: 33,813
[00:00:00:07:650] Path of length 28 found: [0, 8, 16, 17, 9, 1, 2, 10, 11, 3, 4, 12, 20, 19, 18, 26, 25, 24, 32, 40, 41, 42, 43, 44, 45, 37, 38, 46, 47]
[00:00:00:07:974] ! Bidirectional. expansions: 58,984, time: 7,650 [ms], path length: 28 [edges], g_F: 14, g_B: 14, generated: {'F': 31,583, 'B': 47,545}, MM: 0, MMPER: -1.0%
[00:00:00:07:975] 
---------- SM_Grids/6x8_grid_with_random_blocks_20per_6 ----------
[00:00:00:08:747] Path of length 28 found: [0, 8, 16, 24, 32, 40, 41, 33, 25, 17, 18, 10, 2, 3, 11, 12, 20, 19, 27, 35, 43, 44, 36, 28, 29, 37, 38, 39, 47]
[00:00:00:08:748] ! Unidirectional s-t. expansions: 32,726, time: 8,748 [ms], path length: 28 [edges], generated: 33,785
[00:00:00:04:028] Path of length 28 found: [47, 39, 38, 37, 29, 28, 36, 44, 43, 35, 27, 19, 20, 12, 11, 3, 2, 10, 18, 17, 25, 33, 41, 40, 32, 24, 16, 8, 0]
[00:00:00:04:028] ! Unidirectional t-s. expansions: 15,042, time: 4,028 [ms], path length: 28 [edges], generated: 16,101
[00:00:00:05:166] Path of length 28 found: [0, 8, 16, 24, 32, 40, 41, 33, 25, 17, 18, 10, 2, 3, 11, 12, 20, 19, 27, 35, 43, 44, 36, 28, 29, 37, 38, 39, 47]
[00:00:00:05:496] ! Bidirectional. expansions: 38,612, time: 5,166 [ms], path length: 28 [edges], g_F: 14, g_B: 14, generated: {'F': 23,532, 'B': 25,645}, MM: 0, MMPER: -1.0%
[00:00:00:05:497] 
---------- SM_Grids/6x8_grid_with_random_blocks_20per_7 ----------
[00:00:00:03:304] Path of length 32 found: [0, 8, 16, 17, 25, 33, 41, 42, 34, 26, 18, 10, 9, 1, 2, 3, 4, 5, 6, 14, 13, 12, 20, 28, 36, 37, 45, 46, 38, 30, 31, 39, 47]
[00:00:00:03:304] ! Unidirectional s-t. expansions: 11,063, time: 3,304 [ms], path length: 32 [edges], generated: 12,178
[00:00:00:04:668] Path of length 32 found: [47, 39, 31, 30, 38, 46, 45, 37, 36, 28, 20, 12, 13, 14, 6, 5, 4, 3, 2, 1, 9, 10, 18, 26, 34, 42, 41, 33, 25, 17, 16, 8, 0]
[00:00:00:04:668] ! Unidirectional t-s. expansions: 19,923, time: 4,668 [ms], path length: 32 [edges], generated: 21,038
[00:00:00:07:897] Path of length 32 found: [0, 8, 16, 17, 25, 33, 41, 42, 34, 26, 18, 10, 9, 1, 2, 3, 4, 5, 6, 14, 13, 12, 20, 28, 36, 37, 45, 46, 38, 30, 31, 39, 47]
[00:00:00:08:266] ! Bidirectional. expansions: 60,290, time: 7,897 [ms], path length: 32 [edges], g_F: 16, g_B: 16, generated: {'F': 27,729, 'B': 38,977}, MM: 0, MMPER: -1.0%
[00:00:00:08:267] 
---------- SM_Grids/6x8_grid_with_random_blocks_20per_8 ----------
[00:00:00:41:278] Valid states checked so far: 200,000, Expansions: 193,205, Global best: 35
[00:00:01:24:634] Valid states checked so far: 400,000, Expansions: 384,388, Global best: 35
[00:00:02:08:987] Valid states checked so far: 600,000, Expansions: 578,519, Global best: 35
[00:00:02:49:794] Valid states checked so far: 800,000, Expansions: 769,554, Global best: 35
[00:00:03:34:389] Valid states checked so far: 1,000,000, Expansions: 962,502, Global best: 35
[00:00:03:47:123] Path of length 34 found: [0, 8, 16, 17, 9, 10, 11, 19, 27, 26, 25, 33, 34, 35, 43, 44, 45, 37, 36, 28, 29, 21, 20, 12, 13, 5, 6, 14, 22, 23, 31, 30, 38, 39, 47]
[00:00:03:47:123] ! Unidirectional s-t. expansions: 1,017,968, time: 227,123 [ms], path length: 34 [edges], generated: 1,056,608
[00:00:00:47:149] Valid states checked so far: 200,000, Expansions: 186,566, Global best: 35
[00:00:01:33:085] Valid states checked so far: 400,000, Expansions: 374,351, Global best: 35
[00:00:02:17:546] Valid states checked so far: 600,000, Expansions: 562,570, Global best: 35
[00:00:02:23:094] Path of length 34 found: [47, 39, 31, 23, 22, 14, 6, 5, 13, 12, 11, 19, 20, 21, 29, 30, 38, 37, 45, 44, 43, 35, 36, 28, 27, 26, 34, 33, 25, 17, 16, 8, 9, 1, 0]
[00:00:02:23:094] ! Unidirectional t-s. expansions: 587,581, time: 143,094 [ms], path length: 34 [edges], generated: 626,221
[00:00:00:27:170] Valid meeting checks so far: 200,000, state_vs_state: 6,079, state_vs_prefix: 0, prefix_vs_prefix: 193,921
[00:00:00:52:113] Valid meeting checks so far: 400,000, state_vs_state: 13,428, state_vs_prefix: 0, prefix_vs_prefix: 386,572
[00:00:01:19:296] Valid meeting checks so far: 600,000, state_vs_state: 20,522, state_vs_prefix: 0, prefix_vs_prefix: 579,478
[00:00:01:44:261] Valid meeting checks so far: 800,000, state_vs_state: 27,572, state_vs_prefix: 0, prefix_vs_prefix: 772,428
[00:00:02:11:138] Valid meeting checks so far: 1,000,000, state_vs_state: 35,285, state_vs_prefix: 0, prefix_vs_prefix: 964,715
[00:00:02:30:577] Path of length 34 found: [0, 8, 16, 17, 9, 10, 11, 19, 27, 26, 25, 33, 34, 35, 43, 44, 45, 37, 36, 28, 29, 21, 20, 12, 13, 5, 6, 14, 22, 23, 31, 30, 38, 39, 47]
[00:00:02:30:922] ! Bidirectional. expansions: 1,142,460, time: 150,577 [ms], path length: 34 [edges], g_F: 17, g_B: 17, generated: {'F': 825,454, 'B': 798,775}, MM: 0, MMPER: -1.0%
[00:00:02:30:922] 
---------- SM_Grids/6x8_grid_with_random_blocks_20per_9 ----------
[00:00:00:04:059] Path of length 28 found: [0, 1, 2, 3, 11, 10, 9, 17, 16, 24, 32, 40, 41, 33, 34, 42, 43, 35, 27, 19, 20, 28, 36, 37, 45, 46, 38, 39, 47]
[00:00:00:04:059] ! Unidirectional s-t. expansions: 15,744, time: 4,059 [ms], path length: 28 [edges], generated: 17,007
[00:00:00:06:067] Path of length 28 found: [47, 39, 38, 46, 45, 37, 29, 28, 20, 19, 27, 26, 34, 35, 43, 42, 41, 33, 32, 24, 16, 17, 9, 10, 11, 3, 2, 1, 0]
[00:00:00:06:068] ! Unidirectional t-s. expansions: 22,794, time: 6,067 [ms], path length: 28 [edges], generated: 24,057
[00:00:00:02:437] Path of length 28 found: [0, 1, 2, 3, 11, 10, 9, 17, 16, 24, 32, 40, 41, 42, 43, 35, 34, 26, 27, 19, 20, 28, 29, 37, 45, 46, 38, 39, 47]
[00:00:00:02:771] ! Bidirectional. expansions: 16,256, time: 2,438 [ms], path length: 28 [edges], g_F: 14, g_B: 14, generated: {'F': 12,605, 'B': 10,515}, MM: 0, MMPER: -1.0%

[00:00:00:02:772] average expansions: (131,258, 95,695, 174,073, 0)
[00:00:00:02:772] average time: (29,750, 22,793, 22,612, 0)
[00:00:00:02:772] X-DFBnB: 95,695 , 22,793 (expansions , time[ms])
[00:00:00:02:772] BiX-DFBnB: 174,073 , 22,612 (expansions , time[ms])

