Mon 09 Mar 2026 16:01:15 IST

SLURM_JOBID:		 15356570
SLURM_JOB_NODELIST:	 ise-cpu256-05 

--------------------------
date: SM_Grids
number_of_graphs: 10
graph_type: grid
size_of_graphs: [6, 8]
heuristic: heuristic0
snake: False
run_uni: True
run_bi: True
run_multi: False
solution_vertices: []
algorithms: ['DFBnB']
bsd: False
cube_first_dims: 4
cube_buffer_dim: None
backward_sym_generation: False
sym_coil: False
prefix_set: None

---------- SM_Grids/6x8_grid_with_random_blocks_16per_0 ----------
[00:00:00:37:985] Valid states checked so far: 200,000, Expansions: 189,144, Global best: 35
[00:00:01:20:259] Valid states checked so far: 400,000, Expansions: 378,864, Global best: 35
[00:00:02:02:014] Valid states checked so far: 600,000, Expansions: 568,123, Global best: 35
[00:00:02:45:456] Valid states checked so far: 800,000, Expansions: 757,898, Global best: 35
[00:00:03:11:833] Path of length 34 found: [0, 8, 16, 24, 25, 17, 9, 1, 2, 10, 18, 26, 34, 42, 43, 35, 36, 28, 20, 12, 11, 3, 4, 5, 6, 14, 15, 23, 31, 30, 38, 37, 45, 46, 47]
[00:00:03:11:834] ! Unidirectional s-t. expansions: 879,745, time: 191,833 [ms], path length: 34 [edges], generated: 926,904
[00:00:00:45:810] Valid states checked so far: 200,000, Expansions: 189,058, Global best: 35
[00:00:01:31:137] Valid states checked so far: 400,000, Expansions: 378,141, Global best: 35
[00:00:02:14:716] Valid states checked so far: 600,000, Expansions: 566,006, Global best: 35
[00:00:02:55:594] Valid states checked so far: 800,000, Expansions: 753,138, Global best: 35
[00:00:02:55:981] Path of length 34 found: [47, 39, 31, 23, 15, 7, 6, 5, 4, 3, 2, 1, 9, 17, 18, 10, 11, 19, 20, 28, 36, 37, 38, 46, 45, 44, 43, 35, 34, 26, 25, 24, 16, 8, 0]
[00:00:02:55:981] ! Unidirectional t-s. expansions: 755,238, time: 175,981 [ms], path length: 34 [edges], generated: 802,397
[00:00:00:28:038] Valid meeting checks so far: 200,000, state_vs_state: 6,189, state_vs_prefix: 0, prefix_vs_prefix: 193,811
[00:00:00:54:186] Valid meeting checks so far: 400,000, state_vs_state: 12,595, state_vs_prefix: 0, prefix_vs_prefix: 387,405
[00:00:01:20:583] Valid meeting checks so far: 600,000, state_vs_state: 21,810, state_vs_prefix: 0, prefix_vs_prefix: 578,190
[00:00:01:46:623] Valid meeting checks so far: 800,000, state_vs_state: 28,340, state_vs_prefix: 0, prefix_vs_prefix: 771,660
[00:00:02:14:768] Valid meeting checks so far: 1,000,000, state_vs_state: 35,760, state_vs_prefix: 0, prefix_vs_prefix: 964,240
[00:00:02:41:030] Valid meeting checks so far: 1,200,000, state_vs_state: 44,128, state_vs_prefix: 0, prefix_vs_prefix: 1,155,872
[00:00:02:55:509] Path of length 34 found: [0, 8, 16, 24, 25, 17, 9, 1, 2, 10, 18, 26, 34, 42, 43, 44, 45, 46, 38, 37, 36, 28, 20, 19, 11, 3, 4, 5, 6, 7, 15, 23, 31, 39, 47]
[00:00:02:55:855] ! Bidirectional. expansions: 1,293,138, time: 175,509 [ms], path length: 34 [edges], g_F: 17, g_B: 17, generated: {'F': 845,156, 'B': 948,796}, MM: 0, MMPER: -1.0%
[00:00:02:55:855] 
---------- SM_Grids/6x8_grid_with_random_blocks_16per_1 ----------
[00:00:00:48:884] Valid states checked so far: 200,000, Expansions: 188,655, Global best: 33
[00:00:01:38:813] Valid states checked so far: 400,000, Expansions: 377,025, Global best: 33
[00:00:01:57:008] Path of length 32 found: [0, 8, 9, 1, 2, 10, 18, 17, 25, 26, 27, 19, 20, 12, 11, 3, 4, 5, 13, 14, 22, 21, 29, 28, 36, 35, 43, 44, 45, 46, 38, 39, 47]
[00:00:01:57:008] ! Unidirectional s-t. expansions: 448,390, time: 117,008 [ms], path length: 32 [edges], generated: 474,883
[00:00:00:51:031] Valid states checked so far: 200,000, Expansions: 189,332, Global best: 31
[00:00:01:39:503] Valid states checked so far: 400,000, Expansions: 378,126, Global best: 33
[00:00:01:58:720] Path of length 32 found: [47, 39, 38, 46, 45, 44, 43, 35, 36, 28, 29, 21, 22, 14, 13, 5, 4, 3, 11, 12, 20, 19, 27, 26, 25, 17, 18, 10, 2, 1, 9, 8, 0]
[00:00:01:58:720] ! Unidirectional t-s. expansions: 453,721, time: 118,720 [ms], path length: 32 [edges], generated: 480,214
[00:00:00:29:493] Valid meeting checks so far: 200,000, state_vs_state: 5,657, state_vs_prefix: 0, prefix_vs_prefix: 194,343
[00:00:00:58:517] Valid meeting checks so far: 400,000, state_vs_state: 11,558, state_vs_prefix: 0, prefix_vs_prefix: 388,442
[00:00:01:27:456] Valid meeting checks so far: 600,000, state_vs_state: 17,672, state_vs_prefix: 0, prefix_vs_prefix: 582,328
[00:00:01:55:484] Valid meeting checks so far: 800,000, state_vs_state: 23,848, state_vs_prefix: 0, prefix_vs_prefix: 776,152
[00:00:02:13:635] Path of length 32 found: [0, 8, 9, 1, 2, 10, 18, 17, 25, 26, 27, 19, 20, 12, 11, 3, 4, 5, 13, 14, 22, 21, 29, 28, 36, 35, 43, 44, 45, 46, 38, 39, 47]
[00:00:02:13:969] ! Bidirectional. expansions: 996,292, time: 133,635 [ms], path length: 32 [edges], g_F: 16, g_B: 16, generated: {'F': 620,795, 'B': 714,497}, MM: 0, MMPER: -1.0%
[00:00:02:13:969] 
---------- SM_Grids/6x8_grid_with_random_blocks_16per_2 ----------
[00:00:00:40:276] Valid states checked so far: 200,000, Expansions: 191,998, Global best: 39
[00:00:01:22:837] Valid states checked so far: 400,000, Expansions: 386,925, Global best: 39
[00:00:02:02:309] Valid states checked so far: 600,000, Expansions: 580,013, Global best: 39
[00:00:02:44:662] Valid states checked so far: 800,000, Expansions: 773,072, Global best: 39
[00:00:03:27:133] Valid states checked so far: 1,000,000, Expansions: 966,438, Global best: 39
[00:00:04:06:577] Valid states checked so far: 1,200,000, Expansions: 1,163,442, Global best: 39
[00:00:04:19:266] Path of length 38 found: [0, 8, 16, 24, 32, 40, 41, 33, 25, 17, 9, 1, 2, 3, 11, 12, 13, 14, 6, 7, 15, 23, 22, 21, 20, 19, 18, 26, 34, 35, 43, 44, 36, 37, 45, 46, 38, 39, 47]
[00:00:04:19:266] ! Unidirectional s-t. expansions: 1,224,097, time: 259,266 [ms], path length: 38 [edges], generated: 1,263,512
[00:00:00:51:138] Valid states checked so far: 200,000, Expansions: 194,432, Global best: 35
[00:00:01:35:102] Valid states checked so far: 400,000, Expansions: 388,959, Global best: 39
[00:00:02:20:206] Valid states checked so far: 600,000, Expansions: 583,828, Global best: 39
[00:00:03:05:423] Valid states checked so far: 800,000, Expansions: 776,545, Global best: 39
[00:00:03:48:091] Valid states checked so far: 1,000,000, Expansions: 965,274, Global best: 39
[00:00:04:08:009] Path of length 38 found: [47, 39, 38, 46, 45, 37, 36, 44, 43, 35, 27, 19, 20, 21, 22, 23, 15, 7, 6, 14, 13, 12, 11, 3, 2, 1, 9, 17, 25, 26, 34, 33, 41, 40, 32, 24, 16, 8, 0]
[00:00:04:08:010] ! Unidirectional t-s. expansions: 1,050,314, time: 248,009 [ms], path length: 38 [edges], generated: 1,089,729
[00:00:00:24:851] Valid meeting checks so far: 200,000, state_vs_state: 3,410, state_vs_prefix: 0, prefix_vs_prefix: 196,590
[00:00:00:53:071] Valid meeting checks so far: 400,000, state_vs_state: 5,967, state_vs_prefix: 0, prefix_vs_prefix: 394,033
[00:00:01:21:667] Valid meeting checks so far: 600,000, state_vs_state: 9,704, state_vs_prefix: 0, prefix_vs_prefix: 590,296
[00:00:01:51:278] Valid meeting checks so far: 800,000, state_vs_state: 16,480, state_vs_prefix: 0, prefix_vs_prefix: 783,520
[00:00:02:19:958] Valid meeting checks so far: 1,000,000, state_vs_state: 18,852, state_vs_prefix: 0, prefix_vs_prefix: 981,148
[00:00:02:52:894] Valid meeting checks so far: 1,200,000, state_vs_state: 23,978, state_vs_prefix: 0, prefix_vs_prefix: 1,176,022
[00:00:03:23:801] Valid meeting checks so far: 1,400,000, state_vs_state: 27,527, state_vs_prefix: 0, prefix_vs_prefix: 1,372,473
[00:00:03:51:909] Valid meeting checks so far: 1,600,000, state_vs_state: 31,648, state_vs_prefix: 0, prefix_vs_prefix: 1,568,352
[00:00:04:21:371] Valid meeting checks so far: 1,800,000, state_vs_state: 37,987, state_vs_prefix: 0, prefix_vs_prefix: 1,762,013
[00:00:04:45:339] Path of length 38 found: [0, 8, 16, 24, 32, 40, 41, 33, 25, 17, 9, 1, 2, 3, 11, 12, 13, 14, 6, 7, 15, 23, 22, 21, 20, 19, 18, 26, 27, 35, 43, 44, 36, 37, 45, 46, 38, 39, 47]
[00:00:04:45:677] ! Bidirectional. expansions: 2,206,956, time: 285,339 [ms], path length: 38 [edges], g_F: 19, g_B: 19, generated: {'F': 1,363,379, 'B': 1,548,917}, MM: 0, MMPER: -1.0%
[00:00:04:45:677] 
---------- SM_Grids/6x8_grid_with_random_blocks_16per_3 ----------
[00:00:00:41:042] Valid states checked so far: 200,000, Expansions: 187,193, Global best: 41
[00:00:01:23:704] Valid states checked so far: 400,000, Expansions: 377,318, Global best: 41
[00:00:02:05:266] Valid states checked so far: 600,000, Expansions: 565,340, Global best: 41
[00:00:02:46:459] Valid states checked so far: 800,000, Expansions: 755,230, Global best: 41
[00:00:03:26:842] Valid states checked so far: 1,000,000, Expansions: 940,011, Global best: 41
[00:00:04:04:696] Valid states checked so far: 1,200,000, Expansions: 1,123,577, Global best: 41
[00:00:04:42:043] Valid states checked so far: 1,400,000, Expansions: 1,307,184, Global best: 41
[00:00:05:21:187] Valid states checked so far: 1,600,000, Expansions: 1,490,778, Global best: 41
[00:00:06:03:940] Valid states checked so far: 1,800,000, Expansions: 1,685,166, Global best: 41
[00:00:06:27:483] Path of length 40 found: [0, 8, 16, 24, 32, 40, 41, 42, 34, 33, 25, 17, 9, 1, 2, 3, 11, 19, 27, 35, 36, 28, 29, 37, 45, 46, 38, 30, 22, 14, 13, 12, 4, 5, 6, 7, 15, 23, 31, 39, 47]
[00:00:06:27:484] ! Unidirectional s-t. expansions: 1,782,882, time: 387,483 [ms], path length: 40 [edges], generated: 1,898,437
[00:00:00:37:724] Valid states checked so far: 200,000, Expansions: 187,848, Global best: 41
[00:00:01:24:987] Valid states checked so far: 400,000, Expansions: 380,722, Global best: 41
[00:00:02:05:116] Valid states checked so far: 600,000, Expansions: 567,478, Global best: 41
[00:00:02:42:736] Valid states checked so far: 800,000, Expansions: 753,744, Global best: 41
[00:00:03:20:885] Valid states checked so far: 1,000,000, Expansions: 941,959, Global best: 41
[00:00:03:58:833] Valid states checked so far: 1,200,000, Expansions: 1,127,323, Global best: 41
[00:00:04:37:522] Valid states checked so far: 1,400,000, Expansions: 1,315,362, Global best: 41
[00:00:05:14:570] Valid states checked so far: 1,600,000, Expansions: 1,501,297, Global best: 41
[00:00:05:53:878] Valid states checked so far: 1,800,000, Expansions: 1,689,098, Global best: 41
[00:00:06:04:800] Path of length 40 found: [47, 39, 31, 23, 15, 7, 6, 5, 4, 12, 13, 14, 22, 30, 38, 46, 45, 37, 29, 28, 36, 35, 27, 19, 11, 3, 2, 1, 9, 17, 25, 33, 34, 42, 41, 40, 32, 24, 16, 8, 0]
[00:00:06:04:801] ! Unidirectional t-s. expansions: 1,748,530, time: 364,801 [ms], path length: 40 [edges], generated: 1,864,085
[00:00:00:21:725] Valid meeting checks so far: 200,000, state_vs_state: 5,120, state_vs_prefix: 0, prefix_vs_prefix: 194,880
[00:00:00:45:963] Valid meeting checks so far: 400,000, state_vs_state: 14,138, state_vs_prefix: 0, prefix_vs_prefix: 385,862
[00:00:01:10:722] Valid meeting checks so far: 600,000, state_vs_state: 20,169, state_vs_prefix: 0, prefix_vs_prefix: 579,831
[00:00:01:34:745] Valid meeting checks so far: 800,000, state_vs_state: 29,103, state_vs_prefix: 0, prefix_vs_prefix: 770,897
[00:00:01:58:743] Valid meeting checks so far: 1,000,000, state_vs_state: 38,426, state_vs_prefix: 0, prefix_vs_prefix: 961,574
[00:00:02:31:115] Valid meeting checks so far: 1,200,000, state_vs_state: 46,865, state_vs_prefix: 0, prefix_vs_prefix: 1,153,135
[00:00:02:54:409] Valid meeting checks so far: 1,400,000, state_vs_state: 54,557, state_vs_prefix: 0, prefix_vs_prefix: 1,345,443
[00:00:03:19:165] Valid meeting checks so far: 1,600,000, state_vs_state: 66,024, state_vs_prefix: 0, prefix_vs_prefix: 1,533,976
[00:00:03:45:003] Valid meeting checks so far: 1,800,000, state_vs_state: 78,470, state_vs_prefix: 0, prefix_vs_prefix: 1,721,530
[00:00:04:12:724] Valid meeting checks so far: 2,000,000, state_vs_state: 85,493, state_vs_prefix: 0, prefix_vs_prefix: 1,914,507
[00:00:04:37:700] Valid meeting checks so far: 2,200,000, state_vs_state: 94,317, state_vs_prefix: 0, prefix_vs_prefix: 2,105,683
[00:00:05:02:531] Valid meeting checks so far: 2,400,000, state_vs_state: 107,694, state_vs_prefix: 0, prefix_vs_prefix: 2,292,306
[00:00:05:28:111] Valid meeting checks so far: 2,600,000, state_vs_state: 115,104, state_vs_prefix: 0, prefix_vs_prefix: 2,484,896
[00:00:05:48:820] Path of length 40 found: [0, 8, 16, 24, 32, 40, 41, 42, 34, 33, 25, 17, 9, 1, 2, 3, 11, 19, 27, 35, 36, 28, 29, 37, 45, 46, 38, 30, 22, 14, 13, 12, 4, 5, 6, 7, 15, 23, 31, 39, 47]
[00:00:05:49:162] ! Bidirectional. expansions: 2,699,326, time: 348,820 [ms], path length: 40 [edges], g_F: 20, g_B: 20, generated: {'F': 2,063,514, 'B': 1,805,324}, MM: 0, MMPER: -1.0%
[00:00:05:49:162] 
---------- SM_Grids/6x8_grid_with_random_blocks_16per_4 ----------
[00:00:00:47:951] Valid states checked so far: 200,000, Expansions: 192,069, Global best: 35
[00:00:01:42:007] Valid states checked so far: 400,000, Expansions: 385,245, Global best: 35
[00:00:02:33:927] Valid states checked so far: 600,000, Expansions: 578,796, Global best: 35
[00:00:03:24:327] Valid states checked so far: 800,000, Expansions: 771,155, Global best: 35
[00:00:04:16:673] Valid states checked so far: 1,000,000, Expansions: 964,649, Global best: 35
[00:00:05:07:815] Valid states checked so far: 1,200,000, Expansions: 1,160,235, Global best: 35
[00:00:05:09:516] Path of length 34 found: [0, 8, 16, 24, 25, 17, 9, 1, 2, 10, 18, 26, 27, 19, 11, 12, 20, 21, 13, 5, 6, 14, 15, 23, 22, 30, 29, 28, 36, 35, 43, 44, 45, 46, 47]
[00:00:05:09:517] ! Unidirectional s-t. expansions: 1,166,879, time: 309,516 [ms], path length: 34 [edges], generated: 1,206,834
[00:00:00:47:883] Valid states checked so far: 200,000, Expansions: 187,029, Global best: 33
[00:00:01:30:784] Valid states checked so far: 400,000, Expansions: 377,263, Global best: 33
[00:00:02:09:985] Valid states checked so far: 600,000, Expansions: 560,853, Global best: 35
[00:00:02:11:739] Path of length 34 found: [47, 46, 45, 44, 43, 35, 36, 28, 20, 21, 29, 30, 22, 14, 15, 7, 6, 5, 13, 12, 11, 3, 2, 1, 9, 17, 18, 19, 27, 26, 25, 24, 16, 8, 0]
[00:00:02:11:739] ! Unidirectional t-s. expansions: 566,529, time: 131,739 [ms], path length: 34 [edges], generated: 606,484
[00:00:00:26:212] Valid meeting checks so far: 200,000, state_vs_state: 10,823, state_vs_prefix: 0, prefix_vs_prefix: 189,177
[00:00:00:55:160] Valid meeting checks so far: 400,000, state_vs_state: 19,774, state_vs_prefix: 0, prefix_vs_prefix: 380,226
[00:00:01:27:013] Valid meeting checks so far: 600,000, state_vs_state: 29,360, state_vs_prefix: 0, prefix_vs_prefix: 570,640
[00:00:01:55:678] Valid meeting checks so far: 800,000, state_vs_state: 36,544, state_vs_prefix: 0, prefix_vs_prefix: 763,456
[00:00:02:25:471] Valid meeting checks so far: 1,000,000, state_vs_state: 38,836, state_vs_prefix: 0, prefix_vs_prefix: 961,164
[00:00:02:37:539] Path of length 34 found: [0, 8, 16, 24, 25, 17, 9, 1, 2, 10, 18, 26, 27, 19, 11, 12, 13, 5, 6, 7, 15, 14, 22, 30, 29, 21, 20, 28, 36, 35, 43, 44, 45, 46, 47]
[00:00:02:37:883] ! Bidirectional. expansions: 1,249,146, time: 157,539 [ms], path length: 34 [edges], g_F: 17, g_B: 17, generated: {'F': 765,564, 'B': 865,732}, MM: 0, MMPER: -1.0%
[00:00:02:37:883] 
---------- SM_Grids/6x8_grid_with_random_blocks_16per_5 ----------
[00:00:00:43:729] Valid states checked so far: 200,000, Expansions: 186,492, Global best: 37
[00:00:01:28:953] Valid states checked so far: 400,000, Expansions: 372,423, Global best: 37
[00:00:02:12:954] Valid states checked so far: 600,000, Expansions: 559,756, Global best: 37
[00:00:02:58:954] Valid states checked so far: 800,000, Expansions: 747,027, Global best: 37
[00:00:03:39:798] Valid states checked so far: 1,000,000, Expansions: 934,325, Global best: 39
[00:00:04:23:380] Valid states checked so far: 1,200,000, Expansions: 1,132,441, Global best: 39
[00:00:04:37:312] Path of length 38 found: [0, 1, 2, 10, 11, 19, 27, 26, 25, 17, 16, 24, 32, 40, 41, 33, 34, 42, 43, 35, 36, 44, 45, 37, 29, 21, 13, 5, 6, 14, 15, 23, 22, 30, 31, 39, 38, 46, 47]
[00:00:04:37:312] ! Unidirectional s-t. expansions: 1,197,263, time: 277,312 [ms], path length: 38 [edges], generated: 1,265,416
[00:00:00:51:025] Valid states checked so far: 200,000, Expansions: 183,636, Global best: 39
[00:00:01:38:559] Valid states checked so far: 400,000, Expansions: 369,446, Global best: 39
[00:00:02:25:340] Valid states checked so far: 600,000, Expansions: 556,446, Global best: 39
[00:00:03:11:971] Valid states checked so far: 800,000, Expansions: 742,907, Global best: 39
[00:00:03:50:958] Path of length 38 found: [47, 39, 31, 23, 15, 14, 6, 5, 13, 21, 22, 30, 29, 37, 38, 46, 45, 44, 36, 35, 43, 42, 34, 33, 41, 40, 32, 24, 16, 17, 25, 26, 27, 19, 11, 10, 2, 1, 0]
[00:00:03:50:958] ! Unidirectional t-s. expansions: 905,282, time: 230,958 [ms], path length: 38 [edges], generated: 973,435
[00:00:00:26:390] Valid meeting checks so far: 200,000, state_vs_state: 8,506, state_vs_prefix: 0, prefix_vs_prefix: 191,494
[00:00:00:58:082] Valid meeting checks so far: 400,000, state_vs_state: 16,754, state_vs_prefix: 0, prefix_vs_prefix: 383,246
[00:00:01:29:454] Valid meeting checks so far: 600,000, state_vs_state: 23,861, state_vs_prefix: 0, prefix_vs_prefix: 576,139
[00:00:02:00:767] Valid meeting checks so far: 800,000, state_vs_state: 30,893, state_vs_prefix: 0, prefix_vs_prefix: 769,107
[00:00:02:31:150] Valid meeting checks so far: 1,000,000, state_vs_state: 38,123, state_vs_prefix: 0, prefix_vs_prefix: 961,877
[00:00:03:05:588] Valid meeting checks so far: 1,200,000, state_vs_state: 44,774, state_vs_prefix: 0, prefix_vs_prefix: 1,155,226
[00:00:03:40:895] Valid meeting checks so far: 1,400,000, state_vs_state: 54,011, state_vs_prefix: 0, prefix_vs_prefix: 1,345,989
[00:00:04:10:532] Valid meeting checks so far: 1,600,000, state_vs_state: 61,484, state_vs_prefix: 0, prefix_vs_prefix: 1,538,516
[00:00:04:40:009] Valid meeting checks so far: 1,800,000, state_vs_state: 63,990, state_vs_prefix: 0, prefix_vs_prefix: 1,736,010
[00:00:05:12:823] Valid meeting checks so far: 2,000,000, state_vs_state: 66,374, state_vs_prefix: 0, prefix_vs_prefix: 1,933,626
[00:00:05:34:854] Path of length 38 found: [0, 1, 2, 10, 11, 19, 27, 26, 25, 17, 16, 24, 32, 40, 41, 33, 34, 42, 43, 35, 36, 44, 45, 46, 38, 37, 29, 30, 22, 21, 13, 5, 6, 14, 15, 23, 31, 39, 47]
[00:00:05:35:216] ! Bidirectional. expansions: 2,597,122, time: 334,855 [ms], path length: 38 [edges], g_F: 19, g_B: 19, generated: {'F': 1,758,890, 'B': 1,566,044}, MM: 0, MMPER: -1.0%
[00:00:05:35:216] 
---------- SM_Grids/6x8_grid_with_random_blocks_16per_6 ----------
[00:00:00:45:157] Valid states checked so far: 200,000, Expansions: 191,917, Global best: 37
[00:00:01:32:235] Valid states checked so far: 400,000, Expansions: 386,720, Global best: 37
[00:00:02:19:632] Valid states checked so far: 600,000, Expansions: 581,117, Global best: 37
[00:00:03:09:960] Valid states checked so far: 800,000, Expansions: 777,121, Global best: 37
[00:00:03:55:885] Path of length 36 found: [0, 8, 16, 24, 32, 40, 41, 33, 25, 17, 18, 10, 9, 1, 2, 3, 11, 12, 13, 5, 6, 14, 22, 21, 29, 28, 27, 26, 34, 35, 43, 44, 36, 37, 45, 46, 47]
[00:00:03:55:885] ! Unidirectional s-t. expansions: 970,872, time: 235,885 [ms], path length: 36 [edges], generated: 996,595
[00:00:00:47:339] Valid states checked so far: 200,000, Expansions: 191,230, Global best: 37
[00:00:01:29:790] Valid states checked so far: 400,000, Expansions: 381,096, Global best: 37
[00:00:01:52:669] Path of length 36 found: [47, 46, 45, 37, 29, 21, 22, 14, 6, 5, 13, 12, 11, 3, 2, 1, 9, 10, 18, 17, 25, 26, 27, 28, 36, 44, 43, 35, 34, 33, 41, 40, 32, 24, 16, 8, 0]
[00:00:01:52:669] ! Unidirectional t-s. expansions: 485,125, time: 112,669 [ms], path length: 36 [edges], generated: 510,848
[00:00:00:34:176] Valid meeting checks so far: 200,000, state_vs_state: 9,166, state_vs_prefix: 0, prefix_vs_prefix: 190,834
[00:00:01:04:668] Valid meeting checks so far: 400,000, state_vs_state: 13,835, state_vs_prefix: 0, prefix_vs_prefix: 386,165
[00:00:01:34:820] Valid meeting checks so far: 600,000, state_vs_state: 19,425, state_vs_prefix: 0, prefix_vs_prefix: 580,575
[00:00:02:06:616] Valid meeting checks so far: 800,000, state_vs_state: 22,997, state_vs_prefix: 0, prefix_vs_prefix: 777,003
[00:00:02:35:579] Path of length 36 found: [0, 8, 16, 24, 32, 40, 41, 33, 34, 35, 43, 44, 36, 28, 27, 26, 25, 17, 18, 10, 9, 1, 2, 3, 11, 12, 13, 5, 6, 14, 22, 21, 29, 37, 45, 46, 47]
[00:00:02:35:920] ! Bidirectional. expansions: 1,186,690, time: 155,579 [ms], path length: 36 [edges], g_F: 18, g_B: 18, generated: {'F': 776,863, 'B': 777,353}, MM: 0, MMPER: -1.0%
[00:00:02:35:920] 
---------- SM_Grids/6x8_grid_with_random_blocks_16per_7 ----------
[00:00:00:37:184] Valid states checked so far: 200,000, Expansions: 191,498, Global best: 39
[00:00:01:14:060] Valid states checked so far: 400,000, Expansions: 383,227, Global best: 39
[00:00:01:58:217] Valid states checked so far: 600,000, Expansions: 576,325, Global best: 39
[00:00:02:40:424] Valid states checked so far: 800,000, Expansions: 769,602, Global best: 39
[00:00:03:22:112] Valid states checked so far: 1,000,000, Expansions: 962,336, Global best: 39
[00:00:04:03:298] Valid states checked so far: 1,200,000, Expansions: 1,155,513, Global best: 39
[00:00:04:45:155] Valid states checked so far: 1,400,000, Expansions: 1,348,635, Global best: 39
[00:00:05:28:074] Valid states checked so far: 1,600,000, Expansions: 1,541,719, Global best: 39
[00:00:06:10:048] Valid states checked so far: 1,800,000, Expansions: 1,734,144, Global best: 39
[00:00:06:52:715] Valid states checked so far: 2,000,000, Expansions: 1,927,262, Global best: 39
[00:00:07:36:365] Valid states checked so far: 2,200,000, Expansions: 2,120,064, Global best: 39
[00:00:08:17:160] Valid states checked so far: 2,400,000, Expansions: 2,313,299, Global best: 39
[00:00:08:55:608] Valid states checked so far: 2,600,000, Expansions: 2,505,194, Global best: 39
[00:00:09:38:828] Valid states checked so far: 2,800,000, Expansions: 2,697,609, Global best: 39
[00:00:10:21:999] Valid states checked so far: 3,000,000, Expansions: 2,889,964, Global best: 39
[00:00:11:05:321] Valid states checked so far: 3,200,000, Expansions: 3,083,976, Global best: 39
[00:00:11:53:213] Valid states checked so far: 3,400,000, Expansions: 3,277,571, Global best: 39
[00:00:12:33:596] Valid states checked so far: 3,600,000, Expansions: 3,468,852, Global best: 39
[00:00:13:15:207] Valid states checked so far: 3,800,000, Expansions: 3,661,382, Global best: 39
[00:00:14:01:465] Valid states checked so far: 4,000,000, Expansions: 3,855,007, Global best: 39
[00:00:14:41:807] Valid states checked so far: 4,200,000, Expansions: 4,048,582, Global best: 39
[00:00:15:22:753] Valid states checked so far: 4,400,000, Expansions: 4,241,531, Global best: 39
[00:00:16:01:472] Valid states checked so far: 4,600,000, Expansions: 4,435,408, Global best: 39
[00:00:16:02:438] Path of length 38 found: [0, 8, 16, 24, 32, 40, 41, 42, 34, 26, 25, 17, 9, 1, 2, 10, 18, 19, 27, 35, 36, 28, 20, 12, 11, 3, 4, 5, 13, 14, 15, 23, 31, 30, 29, 37, 38, 39, 47]
[00:00:16:02:439] ! Unidirectional s-t. expansions: 4,440,886, time: 962,439 [ms], path length: 38 [edges], generated: 4,605,477
[00:00:01:05:186] Valid states checked so far: 200,000, Expansions: 189,608, Global best: 39
[00:00:01:45:521] Valid states checked so far: 400,000, Expansions: 378,291, Global best: 39
[00:00:02:32:290] Valid states checked so far: 600,000, Expansions: 565,540, Global best: 39
[00:00:03:18:524] Valid states checked so far: 800,000, Expansions: 752,846, Global best: 39
[00:00:04:01:619] Valid states checked so far: 1,000,000, Expansions: 940,024, Global best: 39
[00:00:04:45:457] Valid states checked so far: 1,200,000, Expansions: 1,127,330, Global best: 39
[00:00:05:33:282] Valid states checked so far: 1,400,000, Expansions: 1,315,193, Global best: 39
[00:00:06:15:749] Valid states checked so far: 1,600,000, Expansions: 1,504,304, Global best: 39
[00:00:06:56:075] Valid states checked so far: 1,800,000, Expansions: 1,689,724, Global best: 39
[00:00:07:40:602] Valid states checked so far: 2,000,000, Expansions: 1,877,162, Global best: 39
[00:00:08:20:721] Valid states checked so far: 2,200,000, Expansions: 2,062,664, Global best: 39
[00:00:09:03:459] Valid states checked so far: 2,400,000, Expansions: 2,249,154, Global best: 39
[00:00:09:49:193] Valid states checked so far: 2,600,000, Expansions: 2,436,778, Global best: 39
[00:00:09:52:795] Path of length 38 found: [47, 39, 31, 23, 15, 14, 13, 5, 4, 3, 2, 1, 9, 17, 25, 26, 18, 10, 11, 12, 20, 19, 27, 28, 29, 30, 38, 37, 36, 35, 34, 42, 41, 40, 32, 24, 16, 8, 0]
[00:00:09:52:796] ! Unidirectional t-s. expansions: 2,454,751, time: 592,795 [ms], path length: 38 [edges], generated: 2,619,342
[00:00:00:18:731] Valid meeting checks so far: 200,000, state_vs_state: 5,722, state_vs_prefix: 0, prefix_vs_prefix: 194,278
[00:00:00:42:830] Valid meeting checks so far: 400,000, state_vs_state: 14,009, state_vs_prefix: 0, prefix_vs_prefix: 385,991
[00:00:01:07:646] Valid meeting checks so far: 600,000, state_vs_state: 19,233, state_vs_prefix: 0, prefix_vs_prefix: 580,767
[00:00:01:31:866] Valid meeting checks so far: 800,000, state_vs_state: 26,410, state_vs_prefix: 0, prefix_vs_prefix: 773,590
[00:00:01:54:819] Valid meeting checks so far: 1,000,000, state_vs_state: 36,183, state_vs_prefix: 0, prefix_vs_prefix: 963,817
[00:00:02:19:532] Valid meeting checks so far: 1,200,000, state_vs_state: 41,742, state_vs_prefix: 0, prefix_vs_prefix: 1,158,258
[00:00:02:45:719] Valid meeting checks so far: 1,400,000, state_vs_state: 49,842, state_vs_prefix: 0, prefix_vs_prefix: 1,350,158
[00:00:03:08:120] Valid meeting checks so far: 1,600,000, state_vs_state: 56,840, state_vs_prefix: 0, prefix_vs_prefix: 1,543,160
[00:00:03:36:597] Valid meeting checks so far: 1,800,000, state_vs_state: 63,137, state_vs_prefix: 0, prefix_vs_prefix: 1,736,863
[00:00:03:59:706] Valid meeting checks so far: 2,000,000, state_vs_state: 71,165, state_vs_prefix: 0, prefix_vs_prefix: 1,928,835
[00:00:04:38:830] Valid meeting checks so far: 2,200,000, state_vs_state: 77,656, state_vs_prefix: 0, prefix_vs_prefix: 2,122,344
[00:00:05:03:024] Valid meeting checks so far: 2,400,000, state_vs_state: 83,892, state_vs_prefix: 0, prefix_vs_prefix: 2,316,108
[00:00:05:26:692] Valid meeting checks so far: 2,600,000, state_vs_state: 90,293, state_vs_prefix: 0, prefix_vs_prefix: 2,509,707
[00:00:05:51:104] Valid meeting checks so far: 2,800,000, state_vs_state: 96,742, state_vs_prefix: 0, prefix_vs_prefix: 2,703,258
[00:00:06:16:296] Valid meeting checks so far: 3,000,000, state_vs_state: 103,518, state_vs_prefix: 0, prefix_vs_prefix: 2,896,482
[00:00:06:38:037] Valid meeting checks so far: 3,200,000, state_vs_state: 111,746, state_vs_prefix: 0, prefix_vs_prefix: 3,088,254
[00:00:07:03:962] Valid meeting checks so far: 3,400,000, state_vs_state: 118,666, state_vs_prefix: 0, prefix_vs_prefix: 3,281,334
[00:00:07:28:796] Valid meeting checks so far: 3,600,000, state_vs_state: 126,336, state_vs_prefix: 0, prefix_vs_prefix: 3,473,664
[00:00:07:57:589] Valid meeting checks so far: 3,800,000, state_vs_state: 133,117, state_vs_prefix: 0, prefix_vs_prefix: 3,666,883
[00:00:08:23:447] Valid meeting checks so far: 4,000,000, state_vs_state: 144,445, state_vs_prefix: 0, prefix_vs_prefix: 3,855,555
[00:00:08:48:884] Valid meeting checks so far: 4,200,000, state_vs_state: 151,641, state_vs_prefix: 0, prefix_vs_prefix: 4,048,359
[00:00:09:14:530] Valid meeting checks so far: 4,400,000, state_vs_state: 162,371, state_vs_prefix: 0, prefix_vs_prefix: 4,237,629
[00:00:09:19:038] Path of length 38 found: [0, 8, 16, 24, 32, 40, 41, 42, 34, 26, 25, 17, 18, 19, 27, 35, 36, 37, 38, 30, 29, 28, 20, 12, 11, 10, 9, 1, 2, 3, 4, 5, 13, 14, 15, 23, 31, 39, 47]
[00:00:09:19:388] ! Bidirectional. expansions: 4,180,802, time: 559,039 [ms], path length: 38 [edges], g_F: 19, g_B: 19, generated: {'F': 2,883,224, 'B': 3,154,528}, MM: 0, MMPER: -1.0%
[00:00:09:19:388] 
---------- SM_Grids/6x8_grid_with_random_blocks_16per_8 ----------
[00:00:00:45:572] Valid states checked so far: 200,000, Expansions: 185,751, Global best: 35
[00:00:01:30:566] Valid states checked so far: 400,000, Expansions: 371,396, Global best: 35
[00:00:02:14:554] Valid states checked so far: 600,000, Expansions: 557,375, Global best: 37
[00:00:02:57:049] Valid states checked so far: 800,000, Expansions: 742,847, Global best: 37
[00:00:03:39:668] Valid states checked so far: 1,000,000, Expansions: 928,332, Global best: 37
[00:00:04:20:775] Path of length 36 found: [0, 8, 9, 17, 16, 24, 32, 40, 41, 33, 25, 26, 27, 19, 20, 28, 36, 35, 43, 44, 45, 37, 29, 21, 13, 5, 6, 14, 15, 23, 22, 30, 31, 39, 38, 46, 47]
[00:00:04:20:775] ! Unidirectional s-t. expansions: 1,093,473, time: 260,775 [ms], path length: 36 [edges], generated: 1,177,152
[00:00:00:49:219] Valid states checked so far: 200,000, Expansions: 183,306, Global best: 37
[00:00:01:37:457] Valid states checked so far: 400,000, Expansions: 368,758, Global best: 37
[00:00:02:24:235] Valid states checked so far: 600,000, Expansions: 555,865, Global best: 37
[00:00:03:10:420] Valid states checked so far: 800,000, Expansions: 740,650, Global best: 37
[00:00:03:56:242] Valid states checked so far: 1,000,000, Expansions: 924,038, Global best: 37
[00:00:04:32:176] Path of length 36 found: [47, 39, 31, 23, 15, 14, 6, 5, 13, 21, 22, 30, 29, 28, 20, 19, 27, 35, 36, 37, 38, 46, 45, 44, 43, 42, 41, 40, 32, 33, 25, 24, 16, 17, 9, 8, 0]
[00:00:04:32:177] ! Unidirectional t-s. expansions: 1,069,897, time: 272,176 [ms], path length: 36 [edges], generated: 1,153,576
[00:00:00:25:161] Valid meeting checks so far: 200,000, state_vs_state: 8,269, state_vs_prefix: 0, prefix_vs_prefix: 191,731
[00:00:00:51:543] Valid meeting checks so far: 400,000, state_vs_state: 16,552, state_vs_prefix: 0, prefix_vs_prefix: 383,448
[00:00:01:23:452] Valid meeting checks so far: 600,000, state_vs_state: 24,751, state_vs_prefix: 0, prefix_vs_prefix: 575,249
[00:00:01:48:932] Valid meeting checks so far: 800,000, state_vs_state: 34,192, state_vs_prefix: 0, prefix_vs_prefix: 765,808
[00:00:02:15:868] Valid meeting checks so far: 1,000,000, state_vs_state: 41,228, state_vs_prefix: 0, prefix_vs_prefix: 958,772
[00:00:02:43:688] Valid meeting checks so far: 1,200,000, state_vs_state: 49,267, state_vs_prefix: 0, prefix_vs_prefix: 1,150,733
[00:00:03:12:302] Valid meeting checks so far: 1,400,000, state_vs_state: 57,622, state_vs_prefix: 0, prefix_vs_prefix: 1,342,378
[00:00:03:40:206] Valid meeting checks so far: 1,600,000, state_vs_state: 67,611, state_vs_prefix: 0, prefix_vs_prefix: 1,532,389
[00:00:04:07:186] Valid meeting checks so far: 1,800,000, state_vs_state: 75,838, state_vs_prefix: 0, prefix_vs_prefix: 1,724,162
[00:00:04:33:839] Path of length 36 found: [0, 8, 9, 17, 16, 24, 32, 40, 41, 33, 25, 26, 27, 19, 20, 28, 36, 35, 43, 44, 45, 46, 38, 37, 29, 30, 22, 21, 13, 5, 6, 14, 15, 23, 31, 39, 47]
[00:00:04:34:175] ! Bidirectional. expansions: 2,025,266, time: 273,839 [ms], path length: 36 [edges], g_F: 18, g_B: 18, generated: {'F': 1,583,036, 'B': 1,265,697}, MM: 0, MMPER: -1.0%
[00:00:04:34:175] 
---------- SM_Grids/6x8_grid_with_random_blocks_16per_9 ----------
[00:00:00:39:460] Valid states checked so far: 200,000, Expansions: 186,555, Global best: 39
[00:00:01:23:073] Valid states checked so far: 400,000, Expansions: 375,261, Global best: 39
[00:00:02:05:935] Valid states checked so far: 600,000, Expansions: 563,745, Global best: 39
[00:00:02:46:903] Valid states checked so far: 800,000, Expansions: 753,946, Global best: 39
[00:00:03:28:501] Valid states checked so far: 1,000,000, Expansions: 942,343, Global best: 39
[00:00:04:09:454] Valid states checked so far: 1,200,000, Expansions: 1,130,399, Global best: 39
[00:00:04:50:729] Valid states checked so far: 1,400,000, Expansions: 1,319,001, Global best: 39
[00:00:05:32:576] Valid states checked so far: 1,600,000, Expansions: 1,507,733, Global best: 39
[00:00:06:18:334] Valid states checked so far: 1,800,000, Expansions: 1,694,695, Global best: 39
[00:00:06:59:380] Valid states checked so far: 2,000,000, Expansions: 1,885,477, Global best: 39
[00:00:07:45:411] Valid states checked so far: 2,200,000, Expansions: 2,075,425, Global best: 39
[00:00:08:26:645] Valid states checked so far: 2,400,000, Expansions: 2,264,529, Global best: 39
[00:00:08:36:204] Path of length 38 found: [0, 1, 9, 17, 25, 24, 32, 40, 41, 33, 34, 26, 18, 10, 2, 3, 4, 12, 20, 19, 27, 35, 43, 44, 36, 28, 29, 21, 13, 5, 6, 14, 22, 23, 31, 39, 38, 46, 47]
[00:00:08:36:205] ! Unidirectional s-t. expansions: 2,312,189, time: 516,205 [ms], path length: 38 [edges], generated: 2,448,844
[00:00:00:40:575] Valid states checked so far: 200,000, Expansions: 193,750, Global best: 37
[00:00:01:31:269] Valid states checked so far: 400,000, Expansions: 386,369, Global best: 37
[00:00:02:14:581] Valid states checked so far: 600,000, Expansions: 578,581, Global best: 37
[00:00:02:57:866] Valid states checked so far: 800,000, Expansions: 772,269, Global best: 37
[00:00:03:42:830] Valid states checked so far: 1,000,000, Expansions: 967,007, Global best: 37
[00:00:04:22:353] Valid states checked so far: 1,200,000, Expansions: 1,161,544, Global best: 37
[00:00:05:02:762] Valid states checked so far: 1,400,000, Expansions: 1,355,218, Global best: 37
[00:00:05:42:460] Valid states checked so far: 1,600,000, Expansions: 1,548,220, Global best: 39
[00:00:06:22:951] Valid states checked so far: 1,800,000, Expansions: 1,741,147, Global best: 39
[00:00:07:02:922] Valid states checked so far: 2,000,000, Expansions: 1,933,271, Global best: 39
[00:00:07:38:892] Valid states checked so far: 2,200,000, Expansions: 2,125,423, Global best: 39
[00:00:08:16:738] Valid states checked so far: 2,400,000, Expansions: 2,318,344, Global best: 39
[00:00:08:55:506] Valid states checked so far: 2,600,000, Expansions: 2,509,843, Global best: 39
[00:00:09:36:580] Valid states checked so far: 2,800,000, Expansions: 2,702,244, Global best: 39
[00:00:10:15:002] Valid states checked so far: 3,000,000, Expansions: 2,896,852, Global best: 39
[00:00:10:58:366] Valid states checked so far: 3,200,000, Expansions: 3,092,391, Global best: 39
[00:00:11:45:696] Valid states checked so far: 3,400,000, Expansions: 3,286,135, Global best: 39
[00:00:12:29:629] Valid states checked so far: 3,600,000, Expansions: 3,479,892, Global best: 39
[00:00:13:12:697] Valid states checked so far: 3,800,000, Expansions: 3,673,463, Global best: 39
[00:00:13:54:928] Valid states checked so far: 4,000,000, Expansions: 3,866,318, Global best: 39
[00:00:14:09:914] Path of length 38 found: [47, 39, 38, 46, 45, 44, 36, 35, 43, 42, 34, 33, 41, 40, 32, 24, 25, 17, 9, 10, 18, 26, 27, 19, 20, 28, 29, 21, 22, 14, 6, 5, 13, 12, 4, 3, 2, 1, 0]
[00:00:14:09:915] ! Unidirectional t-s. expansions: 3,938,161, time: 849,914 [ms], path length: 38 [edges], generated: 4,074,816
[00:00:00:42:402] Valid meeting checks so far: 200,000, state_vs_state: 8,029, state_vs_prefix: 0, prefix_vs_prefix: 191,971
[00:00:01:06:095] Valid meeting checks so far: 400,000, state_vs_state: 17,092, state_vs_prefix: 0, prefix_vs_prefix: 382,908
[00:00:01:31:966] Valid meeting checks so far: 600,000, state_vs_state: 25,668, state_vs_prefix: 0, prefix_vs_prefix: 574,332
[00:00:01:57:581] Valid meeting checks so far: 800,000, state_vs_state: 32,234, state_vs_prefix: 0, prefix_vs_prefix: 767,766
[00:00:02:22:375] Valid meeting checks so far: 1,000,000, state_vs_state: 37,427, state_vs_prefix: 0, prefix_vs_prefix: 962,573
[00:00:02:45:948] Valid meeting checks so far: 1,200,000, state_vs_state: 48,287, state_vs_prefix: 0, prefix_vs_prefix: 1,151,713
[00:00:03:14:038] Valid meeting checks so far: 1,400,000, state_vs_state: 54,079, state_vs_prefix: 0, prefix_vs_prefix: 1,345,921
[00:00:03:42:005] Valid meeting checks so far: 1,600,000, state_vs_state: 58,327, state_vs_prefix: 0, prefix_vs_prefix: 1,541,673
[00:00:04:01:695] Valid meeting checks so far: 1,800,000, state_vs_state: 70,430, state_vs_prefix: 0, prefix_vs_prefix: 1,729,570
[00:00:04:23:003] Valid meeting checks so far: 2,000,000, state_vs_state: 79,787, state_vs_prefix: 0, prefix_vs_prefix: 1,920,213
[00:00:04:46:968] Valid meeting checks so far: 2,200,000, state_vs_state: 88,814, state_vs_prefix: 0, prefix_vs_prefix: 2,111,186
[00:00:05:16:570] Valid meeting checks so far: 2,400,000, state_vs_state: 94,355, state_vs_prefix: 0, prefix_vs_prefix: 2,305,645
[00:00:05:42:585] Valid meeting checks so far: 2,600,000, state_vs_state: 100,831, state_vs_prefix: 0, prefix_vs_prefix: 2,499,169
[00:00:06:11:422] Valid meeting checks so far: 2,800,000, state_vs_state: 104,758, state_vs_prefix: 0, prefix_vs_prefix: 2,695,242
[00:00:06:32:939] Valid meeting checks so far: 3,000,000, state_vs_state: 116,225, state_vs_prefix: 0, prefix_vs_prefix: 2,883,775
[00:00:07:01:849] Valid meeting checks so far: 3,200,000, state_vs_state: 122,135, state_vs_prefix: 0, prefix_vs_prefix: 3,077,865
[00:00:07:32:362] Valid meeting checks so far: 3,400,000, state_vs_state: 124,557, state_vs_prefix: 0, prefix_vs_prefix: 3,275,443
[00:00:07:56:161] Valid meeting checks so far: 3,600,000, state_vs_state: 132,997, state_vs_prefix: 0, prefix_vs_prefix: 3,467,003
[00:00:08:03:731] Path of length 38 found: [0, 1, 9, 17, 18, 10, 2, 3, 4, 12, 13, 5, 6, 14, 22, 21, 29, 28, 20, 19, 27, 26, 25, 24, 32, 40, 41, 33, 34, 42, 43, 35, 36, 44, 45, 46, 38, 39, 47]
[00:00:08:04:069] ! Bidirectional. expansions: 3,686,868, time: 483,731 [ms], path length: 38 [edges], g_F: 19, g_B: 19, generated: {'F': 2,508,462, 'B': 2,656,596}, MM: 0, MMPER: -1.0%

[00:00:08:04:069] average expansions: (1,551,668, 1,342,755, 2,212,161, 0)
[00:00:08:04:070] average time: (351,772, 309,776, 290,788, 0)
[00:00:08:04:070] X-DFBnB: 1,342,755 , 309,776 (expansions , time[ms])
[00:00:08:04:070] BiX-DFBnB: 2,212,161 , 290,788 (expansions , time[ms])

