Mon 09 Mar 2026 16:01:15 IST

SLURM_JOBID:		 15356575
SLURM_JOB_NODELIST:	 ise-cpu256-05 

--------------------------
date: SM_Grids
number_of_graphs: 10
graph_type: grid
size_of_graphs: [7, 7]
heuristic: heuristic0
snake: False
run_uni: True
run_bi: True
run_multi: False
solution_vertices: []
algorithms: ['DFBnB']
bsd: False
cube_first_dims: 4
cube_buffer_dim: None
backward_sym_generation: False
sym_coil: False
prefix_set: None

---------- SM_Grids/7x7_grid_with_random_blocks_20per_0 ----------
[00:00:00:05:739] Path of length 28 found: [0, 1, 2, 9, 8, 7, 14, 21, 28, 35, 42, 43, 36, 29, 22, 23, 24, 31, 38, 45, 46, 39, 32, 33, 34, 41, 40, 47, 48]
[00:00:00:05:739] ! Unidirectional s-t. expansions: 23,092, time: 5,739 [ms], path length: 28 [edges], generated: 24,459
[00:00:00:04:464] Path of length 28 found: [48, 41, 34, 33, 32, 39, 40, 47, 46, 45, 38, 31, 24, 23, 22, 29, 36, 43, 42, 35, 28, 21, 14, 7, 8, 9, 2, 1, 0]
[00:00:00:04:464] ! Unidirectional t-s. expansions: 14,377, time: 4,464 [ms], path length: 28 [edges], generated: 15,744
[00:00:00:06:963] Path of length 28 found: [0, 1, 2, 9, 8, 7, 14, 21, 28, 35, 42, 43, 36, 29, 22, 23, 24, 31, 38, 45, 46, 47, 40, 39, 32, 33, 34, 41, 48]
[00:00:00:07:324] ! Bidirectional. expansions: 47,842, time: 6,963 [ms], path length: 28 [edges], g_F: 14, g_B: 14, generated: {'F': 31,926, 'B': 25,697}, MM: 0, MMPER: -1.0%
[00:00:00:07:324] 
---------- SM_Grids/7x7_grid_with_random_blocks_20per_1 ----------
[00:00:00:04:126] Path of length 32 found: [0, 7, 14, 15, 8, 9, 2, 3, 10, 11, 18, 17, 16, 23, 22, 29, 36, 35, 42, 43, 44, 37, 30, 31, 32, 39, 40, 33, 26, 27, 34, 41, 48]
[00:00:00:04:126] ! Unidirectional s-t. expansions: 13,986, time: 4,126 [ms], path length: 32 [edges], generated: 15,345
[00:00:00:07:762] Path of length 32 found: [48, 41, 34, 27, 26, 33, 40, 39, 32, 31, 30, 37, 44, 43, 42, 35, 36, 29, 22, 21, 14, 15, 16, 17, 18, 11, 10, 3, 2, 9, 8, 7, 0]
[00:00:00:07:762] ! Unidirectional t-s. expansions: 29,119, time: 7,762 [ms], path length: 32 [edges], generated: 30,478
[00:00:00:12:448] Path of length 32 found: [0, 7, 14, 15, 8, 9, 2, 3, 10, 11, 18, 17, 16, 23, 22, 29, 36, 35, 42, 43, 44, 37, 30, 31, 32, 39, 40, 33, 26, 27, 34, 41, 48]
[00:00:00:12:782] ! Bidirectional. expansions: 87,134, time: 12,448 [ms], path length: 32 [edges], g_F: 16, g_B: 16, generated: {'F': 46,322, 'B': 47,695}, MM: 0, MMPER: -1.0%
[00:00:00:12:782] 
---------- SM_Grids/7x7_grid_with_random_blocks_20per_2 ----------
[00:00:00:39:176] Valid states checked so far: 200,000, Expansions: 185,539, Global best: 39
[00:00:01:20:800] Valid states checked so far: 400,000, Expansions: 371,552, Global best: 39
[00:00:02:01:356] Valid states checked so far: 600,000, Expansions: 557,295, Global best: 39
[00:00:02:44:437] Valid states checked so far: 800,000, Expansions: 743,233, Global best: 39
[00:00:03:25:617] Valid states checked so far: 1,000,000, Expansions: 929,008, Global best: 39
[00:00:04:08:296] Valid states checked so far: 1,200,000, Expansions: 1,114,946, Global best: 39
[00:00:04:51:339] Valid states checked so far: 1,400,000, Expansions: 1,300,506, Global best: 39
[00:00:05:35:042] Path of length 38 found: [0, 7, 8, 1, 2, 9, 10, 3, 4, 11, 18, 25, 32, 31, 30, 29, 28, 35, 42, 43, 44, 45, 38, 39, 46, 47, 40, 33, 26, 19, 12, 5, 6, 13, 20, 27, 34, 41, 48]
[00:00:05:35:043] ! Unidirectional s-t. expansions: 1,477,170, time: 335,042 [ms], path length: 38 [edges], generated: 1,589,729
[00:00:00:50:743] Valid states checked so far: 200,000, Expansions: 182,242, Global best: 39
[00:00:01:30:814] Valid states checked so far: 400,000, Expansions: 350,208, Global best: 39
[00:00:02:15:595] Valid states checked so far: 600,000, Expansions: 523,945, Global best: 39
[00:00:02:57:120] Valid states checked so far: 800,000, Expansions: 694,115, Global best: 39
[00:00:03:04:608] Path of length 38 found: [48, 41, 34, 27, 20, 13, 6, 5, 4, 11, 12, 19, 26, 33, 40, 47, 46, 39, 38, 45, 44, 43, 42, 35, 28, 29, 30, 31, 32, 25, 18, 17, 10, 3, 2, 1, 8, 7, 0]
[00:00:03:04:608] ! Unidirectional t-s. expansions: 728,388, time: 184,608 [ms], path length: 38 [edges], generated: 840,947
[00:00:00:31:091] Valid meeting checks so far: 200,000, state_vs_state: 4,815, state_vs_prefix: 0, prefix_vs_prefix: 195,185
[00:00:01:01:147] Valid meeting checks so far: 400,000, state_vs_state: 12,379, state_vs_prefix: 0, prefix_vs_prefix: 387,621
[00:00:01:32:827] Valid meeting checks so far: 600,000, state_vs_state: 24,038, state_vs_prefix: 0, prefix_vs_prefix: 575,962
[00:00:02:02:476] Valid meeting checks so far: 800,000, state_vs_state: 30,224, state_vs_prefix: 0, prefix_vs_prefix: 769,776
[00:00:02:30:392] Valid meeting checks so far: 1,000,000, state_vs_state: 40,016, state_vs_prefix: 0, prefix_vs_prefix: 959,984
[00:00:02:53:966] Valid meeting checks so far: 1,200,000, state_vs_state: 52,974, state_vs_prefix: 0, prefix_vs_prefix: 1,147,026
[00:00:03:24:399] Valid meeting checks so far: 1,400,000, state_vs_state: 60,093, state_vs_prefix: 0, prefix_vs_prefix: 1,339,907
[00:00:03:54:553] Valid meeting checks so far: 1,600,000, state_vs_state: 69,161, state_vs_prefix: 0, prefix_vs_prefix: 1,530,839
[00:00:04:27:575] Valid meeting checks so far: 1,800,000, state_vs_state: 76,237, state_vs_prefix: 0, prefix_vs_prefix: 1,723,763
[00:00:04:57:910] Valid meeting checks so far: 2,000,000, state_vs_state: 84,637, state_vs_prefix: 0, prefix_vs_prefix: 1,915,363
[00:00:05:23:974] Valid meeting checks so far: 2,200,000, state_vs_state: 96,070, state_vs_prefix: 0, prefix_vs_prefix: 2,103,930
[00:00:05:55:733] Valid meeting checks so far: 2,400,000, state_vs_state: 102,820, state_vs_prefix: 0, prefix_vs_prefix: 2,297,180
[00:00:06:16:489] Path of length 38 found: [0, 7, 8, 1, 2, 9, 10, 3, 4, 11, 18, 25, 32, 31, 30, 29, 28, 35, 42, 43, 44, 45, 38, 39, 46, 47, 40, 33, 26, 19, 12, 5, 6, 13, 20, 27, 34, 41, 48]
[00:00:06:16:836] ! Bidirectional. expansions: 2,960,426, time: 376,490 [ms], path length: 38 [edges], g_F: 19, g_B: 19, generated: {'F': 2,111,397, 'B': 1,754,901}, MM: 0, MMPER: -1.0%
[00:00:06:16:836] 
---------- SM_Grids/7x7_grid_with_random_blocks_20per_3 ----------
[00:00:00:21:732] Path of length 36 found: [0, 7, 14, 21, 28, 35, 42, 43, 36, 37, 44, 45, 38, 31, 30, 23, 24, 17, 16, 9, 8, 1, 2, 3, 4, 11, 12, 19, 20, 27, 34, 33, 32, 39, 40, 47, 48]
[00:00:00:21:732] ! Unidirectional s-t. expansions: 93,108, time: 21,732 [ms], path length: 36 [edges], generated: 96,033
[00:00:00:10:604] Path of length 36 found: [48, 47, 40, 33, 34, 27, 20, 19, 12, 11, 4, 3, 2, 1, 8, 9, 16, 23, 30, 31, 24, 25, 32, 39, 38, 45, 44, 37, 36, 43, 42, 35, 28, 21, 14, 7, 0]
[00:00:00:10:604] ! Unidirectional t-s. expansions: 46,019, time: 10,604 [ms], path length: 36 [edges], generated: 48,944
[00:00:00:09:512] Path of length 36 found: [0, 7, 14, 21, 28, 35, 42, 43, 36, 37, 44, 45, 38, 39, 32, 25, 24, 31, 30, 23, 16, 9, 8, 1, 2, 3, 4, 11, 12, 19, 20, 27, 34, 33, 40, 47, 48]
[00:00:00:09:884] ! Bidirectional. expansions: 69,530, time: 9,512 [ms], path length: 36 [edges], g_F: 18, g_B: 18, generated: {'F': 47,880, 'B': 48,196}, MM: 0, MMPER: -1.0%
[00:00:00:09:884] 
---------- SM_Grids/7x7_grid_with_random_blocks_20per_4 ----------
[00:00:00:40:023] Valid states checked so far: 200,000, Expansions: 189,072, Global best: 37
[00:00:01:20:325] Valid states checked so far: 400,000, Expansions: 375,775, Global best: 37
[00:00:01:57:714] Valid states checked so far: 600,000, Expansions: 562,044, Global best: 37
[00:00:02:38:289] Valid states checked so far: 800,000, Expansions: 755,335, Global best: 37
[00:00:03:19:246] Valid states checked so far: 1,000,000, Expansions: 946,270, Global best: 37
[00:00:04:00:267] Valid states checked so far: 1,200,000, Expansions: 1,134,659, Global best: 37
[00:00:04:41:636] Valid states checked so far: 1,400,000, Expansions: 1,325,203, Global best: 37
[00:00:05:23:173] Valid states checked so far: 1,600,000, Expansions: 1,511,975, Global best: 37
[00:00:06:05:375] Valid states checked so far: 1,800,000, Expansions: 1,706,349, Global best: 37
[00:00:06:43:958] Valid states checked so far: 2,000,000, Expansions: 1,896,227, Global best: 37
[00:00:07:23:795] Valid states checked so far: 2,200,000, Expansions: 2,081,944, Global best: 37
[00:00:08:04:665] Valid states checked so far: 2,400,000, Expansions: 2,272,178, Global best: 37
[00:00:08:48:678] Valid states checked so far: 2,600,000, Expansions: 2,461,908, Global best: 37
[00:00:09:31:708] Valid states checked so far: 2,800,000, Expansions: 2,652,505, Global best: 37
[00:00:10:13:645] Valid states checked so far: 3,000,000, Expansions: 2,840,409, Global best: 37
[00:00:10:58:059] Valid states checked so far: 3,200,000, Expansions: 3,027,456, Global best: 37
[00:00:11:36:121] Valid states checked so far: 3,400,000, Expansions: 3,216,319, Global best: 37
[00:00:12:06:181] Path of length 36 found: [0, 7, 8, 1, 2, 9, 16, 15, 22, 29, 28, 35, 36, 37, 30, 23, 24, 17, 10, 3, 4, 11, 18, 25, 32, 39, 38, 45, 46, 47, 40, 33, 26, 27, 34, 41, 48]
[00:00:12:06:181] ! Unidirectional s-t. expansions: 3,363,632, time: 726,181 [ms], path length: 36 [edges], generated: 3,557,661
[00:00:00:52:503] Valid states checked so far: 200,000, Expansions: 187,156, Global best: 37
[00:00:01:31:978] Valid states checked so far: 400,000, Expansions: 371,935, Global best: 37
[00:00:02:10:694] Valid states checked so far: 600,000, Expansions: 557,441, Global best: 37
[00:00:02:52:878] Valid states checked so far: 800,000, Expansions: 742,942, Global best: 37
[00:00:03:34:417] Valid states checked so far: 1,000,000, Expansions: 926,655, Global best: 37
[00:00:04:18:547] Valid states checked so far: 1,200,000, Expansions: 1,113,460, Global best: 37
[00:00:05:03:272] Valid states checked so far: 1,400,000, Expansions: 1,302,422, Global best: 37
[00:00:05:48:491] Valid states checked so far: 1,600,000, Expansions: 1,492,497, Global best: 37
[00:00:06:31:640] Valid states checked so far: 1,800,000, Expansions: 1,681,994, Global best: 37
[00:00:07:14:856] Valid states checked so far: 2,000,000, Expansions: 1,867,531, Global best: 37
[00:00:07:59:356] Valid states checked so far: 2,200,000, Expansions: 2,058,576, Global best: 37
[00:00:08:40:331] Valid states checked so far: 2,400,000, Expansions: 2,245,280, Global best: 37
[00:00:09:21:424] Valid states checked so far: 2,600,000, Expansions: 2,431,363, Global best: 37
[00:00:10:05:675] Valid states checked so far: 2,800,000, Expansions: 2,624,227, Global best: 37
[00:00:10:51:878] Valid states checked so far: 3,000,000, Expansions: 2,817,383, Global best: 37
[00:00:11:35:175] Valid states checked so far: 3,200,000, Expansions: 3,010,302, Global best: 37
[00:00:11:48:093] Path of length 36 found: [48, 41, 34, 27, 26, 25, 32, 33, 40, 47, 46, 39, 38, 45, 44, 37, 36, 35, 28, 29, 22, 15, 16, 23, 24, 17, 18, 11, 4, 3, 10, 9, 2, 1, 8, 7, 0]
[00:00:11:48:093] ! Unidirectional t-s. expansions: 3,072,458, time: 708,093 [ms], path length: 36 [edges], generated: 3,266,487
[00:00:00:25:478] Valid meeting checks so far: 200,000, state_vs_state: 12,883, state_vs_prefix: 0, prefix_vs_prefix: 187,117
[00:00:00:49:005] Valid meeting checks so far: 400,000, state_vs_state: 18,300, state_vs_prefix: 0, prefix_vs_prefix: 381,700
[00:00:01:14:161] Valid meeting checks so far: 600,000, state_vs_state: 21,570, state_vs_prefix: 0, prefix_vs_prefix: 578,430
[00:00:01:40:617] Valid meeting checks so far: 800,000, state_vs_state: 31,942, state_vs_prefix: 0, prefix_vs_prefix: 768,058
[00:00:02:05:988] Valid meeting checks so far: 1,000,000, state_vs_state: 39,965, state_vs_prefix: 0, prefix_vs_prefix: 960,035
[00:00:02:29:177] Valid meeting checks so far: 1,200,000, state_vs_state: 43,473, state_vs_prefix: 0, prefix_vs_prefix: 1,156,527
[00:00:02:56:350] Valid meeting checks so far: 1,400,000, state_vs_state: 49,072, state_vs_prefix: 0, prefix_vs_prefix: 1,350,928
[00:00:03:21:555] Valid meeting checks so far: 1,600,000, state_vs_state: 55,110, state_vs_prefix: 0, prefix_vs_prefix: 1,544,890
[00:00:03:57:558] Valid meeting checks so far: 1,800,000, state_vs_state: 62,121, state_vs_prefix: 0, prefix_vs_prefix: 1,737,879
[00:00:04:21:821] Valid meeting checks so far: 2,000,000, state_vs_state: 65,829, state_vs_prefix: 0, prefix_vs_prefix: 1,934,171
[00:00:04:45:744] Valid meeting checks so far: 2,200,000, state_vs_state: 72,385, state_vs_prefix: 0, prefix_vs_prefix: 2,127,615
[00:00:05:08:243] Valid meeting checks so far: 2,400,000, state_vs_state: 77,289, state_vs_prefix: 0, prefix_vs_prefix: 2,322,711
[00:00:05:35:040] Valid meeting checks so far: 2,600,000, state_vs_state: 83,395, state_vs_prefix: 0, prefix_vs_prefix: 2,516,605
[00:00:05:59:821] Valid meeting checks so far: 2,800,000, state_vs_state: 86,498, state_vs_prefix: 0, prefix_vs_prefix: 2,713,502
[00:00:06:23:420] Valid meeting checks so far: 3,000,000, state_vs_state: 90,075, state_vs_prefix: 0, prefix_vs_prefix: 2,909,925
[00:00:06:50:014] Valid meeting checks so far: 3,200,000, state_vs_state: 98,467, state_vs_prefix: 0, prefix_vs_prefix: 3,101,533
[00:00:07:15:767] Valid meeting checks so far: 3,400,000, state_vs_state: 106,392, state_vs_prefix: 0, prefix_vs_prefix: 3,293,608
[00:00:07:42:216] Valid meeting checks so far: 3,600,000, state_vs_state: 112,305, state_vs_prefix: 0, prefix_vs_prefix: 3,487,695
[00:00:08:08:158] Valid meeting checks so far: 3,800,000, state_vs_state: 116,674, state_vs_prefix: 0, prefix_vs_prefix: 3,683,326
[00:00:08:36:384] Valid meeting checks so far: 4,000,000, state_vs_state: 126,739, state_vs_prefix: 0, prefix_vs_prefix: 3,873,261
[00:00:09:02:864] Valid meeting checks so far: 4,200,000, state_vs_state: 138,559, state_vs_prefix: 0, prefix_vs_prefix: 4,061,441
[00:00:09:30:267] Valid meeting checks so far: 4,400,000, state_vs_state: 143,006, state_vs_prefix: 0, prefix_vs_prefix: 4,256,994
[00:00:09:56:062] Valid meeting checks so far: 4,600,000, state_vs_state: 149,856, state_vs_prefix: 0, prefix_vs_prefix: 4,450,144
[00:00:10:21:038] Valid meeting checks so far: 4,800,000, state_vs_state: 153,024, state_vs_prefix: 0, prefix_vs_prefix: 4,646,976
[00:00:10:45:222] Valid meeting checks so far: 5,000,000, state_vs_state: 160,336, state_vs_prefix: 0, prefix_vs_prefix: 4,839,664
[00:00:11:12:693] Valid meeting checks so far: 5,200,000, state_vs_state: 167,680, state_vs_prefix: 0, prefix_vs_prefix: 5,032,320
[00:00:11:38:230] Valid meeting checks so far: 5,400,000, state_vs_state: 170,974, state_vs_prefix: 0, prefix_vs_prefix: 5,229,026
[00:00:12:04:532] Valid meeting checks so far: 5,600,000, state_vs_state: 177,268, state_vs_prefix: 0, prefix_vs_prefix: 5,422,732
[00:00:12:29:428] Valid meeting checks so far: 5,800,000, state_vs_state: 186,268, state_vs_prefix: 0, prefix_vs_prefix: 5,613,732
[00:00:12:55:224] Valid meeting checks so far: 6,000,000, state_vs_state: 189,383, state_vs_prefix: 0, prefix_vs_prefix: 5,810,617
[00:00:13:17:640] Valid meeting checks so far: 6,200,000, state_vs_state: 192,462, state_vs_prefix: 0, prefix_vs_prefix: 6,007,538
[00:00:13:28:418] Path of length 36 found: [0, 7, 8, 1, 2, 9, 10, 3, 4, 11, 18, 17, 16, 15, 22, 23, 30, 29, 28, 35, 36, 37, 44, 45, 38, 39, 46, 47, 40, 33, 32, 25, 26, 27, 34, 41, 48]
[00:00:13:28:841] ! Bidirectional. expansions: 6,302,092, time: 808,418 [ms], path length: 36 [edges], g_F: 18, g_B: 18, generated: {'F': 4,261,385, 'B': 4,353,402}, MM: 0, MMPER: -1.0%
[00:00:13:28:841] 
---------- SM_Grids/7x7_grid_with_random_blocks_20per_5 ----------
[00:00:00:26:952] Path of length 34 found: [0, 7, 14, 21, 28, 35, 42, 43, 36, 29, 30, 31, 24, 17, 10, 9, 16, 15, 8, 1, 2, 3, 4, 5, 12, 13, 20, 19, 18, 25, 32, 39, 40, 47, 48]
[00:00:00:26:952] ! Unidirectional s-t. expansions: 106,961, time: 26,952 [ms], path length: 34 [edges], generated: 109,888
[00:00:00:13:440] Path of length 34 found: [48, 47, 40, 39, 32, 25, 18, 19, 12, 13, 6, 5, 4, 3, 2, 1, 8, 15, 16, 9, 10, 17, 24, 31, 30, 29, 36, 43, 42, 35, 28, 21, 14, 7, 0]
[00:00:00:13:440] ! Unidirectional t-s. expansions: 57,267, time: 13,440 [ms], path length: 34 [edges], generated: 60,194
[00:00:00:16:868] Path of length 34 found: [0, 7, 14, 21, 28, 35, 42, 43, 36, 29, 30, 31, 24, 17, 10, 9, 16, 15, 8, 1, 2, 3, 4, 5, 6, 13, 12, 19, 18, 25, 32, 39, 40, 47, 48]
[00:00:00:17:215] ! Bidirectional. expansions: 129,230, time: 16,868 [ms], path length: 34 [edges], g_F: 17, g_B: 17, generated: {'F': 80,047, 'B': 84,770}, MM: 0, MMPER: -1.0%
[00:00:00:17:215] 
---------- SM_Grids/7x7_grid_with_random_blocks_20per_6 ----------
[00:00:00:24:300] Path of length 34 found: [0, 1, 8, 7, 14, 21, 28, 29, 22, 23, 30, 31, 32, 25, 18, 17, 16, 9, 10, 3, 4, 5, 6, 13, 12, 19, 20, 27, 26, 33, 34, 41, 40, 47, 48]
[00:00:00:24:301] ! Unidirectional s-t. expansions: 94,369, time: 24,300 [ms], path length: 34 [edges], generated: 102,992
[00:00:00:30:763] Path of length 34 found: [48, 47, 40, 41, 34, 27, 20, 19, 12, 13, 6, 5, 4, 3, 10, 9, 16, 17, 18, 25, 26, 33, 32, 31, 30, 23, 22, 29, 28, 21, 14, 7, 8, 1, 0]
[00:00:00:30:763] ! Unidirectional t-s. expansions: 120,695, time: 30,763 [ms], path length: 34 [edges], generated: 129,318
[00:00:00:33:467] Valid meeting checks so far: 200,000, state_vs_state: 8,000, state_vs_prefix: 0, prefix_vs_prefix: 192,000
[00:00:00:37:523] Path of length 34 found: [0, 1, 8, 7, 14, 21, 28, 29, 22, 23, 30, 31, 32, 33, 26, 25, 18, 17, 16, 9, 10, 3, 4, 5, 6, 13, 12, 19, 20, 27, 34, 41, 40, 47, 48]
[00:00:00:37:860] ! Bidirectional. expansions: 272,192, time: 37,524 [ms], path length: 34 [edges], g_F: 17, g_B: 17, generated: {'F': 172,003, 'B': 173,003}, MM: 0, MMPER: -1.0%
[00:00:00:37:861] 
---------- SM_Grids/7x7_grid_with_random_blocks_20per_7 ----------
[00:00:00:19:730] Path of length 28 found: [0, 1, 2, 9, 16, 23, 24, 17, 10, 3, 4, 5, 6, 13, 12, 11, 18, 25, 26, 33, 32, 31, 38, 39, 46, 47, 40, 41, 48]
[00:00:00:19:730] ! Unidirectional s-t. expansions: 68,829, time: 19,730 [ms], path length: 28 [edges], generated: 77,589
[00:00:00:46:231] Path of length 28 found: [48, 41, 40, 47, 46, 39, 38, 31, 24, 17, 16, 9, 10, 11, 18, 25, 32, 33, 26, 19, 12, 13, 6, 5, 4, 3, 2, 1, 0]
[00:00:00:46:232] ! Unidirectional t-s. expansions: 160,429, time: 46,231 [ms], path length: 28 [edges], generated: 169,189
[00:00:00:22:260] Path of length 28 found: [0, 1, 2, 9, 16, 23, 24, 17, 10, 3, 4, 5, 6, 13, 12, 11, 18, 19, 26, 25, 32, 31, 38, 39, 46, 47, 40, 41, 48]
[00:00:00:22:596] ! Bidirectional. expansions: 139,454, time: 22,260 [ms], path length: 28 [edges], g_F: 14, g_B: 14, generated: {'F': 100,185, 'B': 104,364}, MM: 0, MMPER: -1.0%
[00:00:00:22:596] 
---------- SM_Grids/7x7_grid_with_random_blocks_20per_8 ----------
[00:00:00:44:299] Valid states checked so far: 200,000, Expansions: 192,435, Global best: 39
[00:00:01:17:174] Path of length 38 found: [0, 7, 14, 15, 8, 1, 2, 9, 10, 3, 4, 5, 12, 11, 18, 17, 16, 23, 30, 29, 28, 35, 42, 43, 44, 45, 46, 39, 38, 31, 32, 25, 26, 27, 34, 33, 40, 41, 48]
[00:00:01:17:174] ! Unidirectional s-t. expansions: 328,318, time: 77,174 [ms], path length: 38 [edges], generated: 340,932
[00:00:00:36:503] Path of length 38 found: [48, 41, 40, 33, 34, 27, 26, 25, 32, 31, 38, 39, 46, 45, 44, 43, 42, 35, 28, 29, 30, 23, 16, 9, 10, 17, 18, 11, 12, 5, 4, 3, 2, 1, 8, 15, 14, 7, 0]
[00:00:00:36:504] ! Unidirectional t-s. expansions: 150,306, time: 36,503 [ms], path length: 38 [edges], generated: 162,920
[00:00:00:36:009] Valid meeting checks so far: 200,000, state_vs_state: 5,961, state_vs_prefix: 0, prefix_vs_prefix: 194,039
[00:00:01:13:689] Valid meeting checks so far: 400,000, state_vs_state: 11,441, state_vs_prefix: 0, prefix_vs_prefix: 388,559
[00:00:01:19:972] Path of length 38 found: [0, 7, 14, 15, 8, 1, 2, 9, 10, 3, 4, 5, 12, 11, 18, 17, 16, 23, 30, 29, 28, 35, 42, 43, 44, 45, 46, 39, 38, 31, 32, 25, 26, 27, 34, 33, 40, 41, 48]
[00:00:01:20:316] ! Bidirectional. expansions: 593,770, time: 79,972 [ms], path length: 38 [edges], g_F: 19, g_B: 19, generated: {'F': 355,935, 'B': 355,644}, MM: 0, MMPER: -1.0%
[00:00:01:20:316] 
---------- SM_Grids/7x7_grid_with_random_blocks_20per_9 ----------
[00:00:00:16:576] Path of length 36 found: [0, 7, 8, 15, 22, 23, 30, 29, 28, 35, 42, 43, 36, 37, 44, 45, 46, 39, 32, 25, 18, 17, 10, 9, 2, 3, 4, 5, 12, 13, 20, 27, 34, 33, 40, 41, 48]
[00:00:00:16:577] ! Unidirectional s-t. expansions: 75,945, time: 16,577 [ms], path length: 36 [edges], generated: 77,932
[00:00:00:10:418] Path of length 36 found: [48, 41, 34, 27, 20, 13, 6, 5, 4, 3, 2, 9, 10, 17, 18, 25, 32, 33, 40, 39, 46, 45, 44, 37, 36, 43, 42, 35, 28, 29, 30, 23, 22, 15, 8, 1, 0]
[00:00:00:10:418] ! Unidirectional t-s. expansions: 44,292, time: 10,418 [ms], path length: 36 [edges], generated: 46,279
[00:00:00:09:134] Path of length 36 found: [0, 7, 8, 15, 22, 23, 30, 29, 28, 35, 42, 43, 36, 37, 44, 45, 46, 39, 40, 33, 32, 25, 18, 17, 10, 9, 2, 3, 4, 5, 6, 13, 20, 27, 34, 41, 48]
[00:00:00:09:466] ! Bidirectional. expansions: 68,484, time: 9,134 [ms], path length: 36 [edges], g_F: 18, g_B: 18, generated: {'F': 43,444, 'B': 46,657}, MM: 0, MMPER: -1.0%

[00:00:00:09:466] average expansions: (564,541, 442,335, 1,067,015, 0)
[00:00:00:09:466] average time: (125,755, 105,289, 137,959, 0)
[00:00:00:09:466] X-DFBnB: 442,335 , 105,289 (expansions , time[ms])
[00:00:00:09:466] BiX-DFBnB: 1,067,015 , 137,959 (expansions , time[ms])

