Mon 09 Mar 2026 16:00:50 IST

SLURM_JOBID:		 15356558
SLURM_JOB_NODELIST:	 ise-cpu256-06 


--------------------------
date: mazes
number_of_graphs: 3
graph_type: maze
size_of_graphs: [13, 13]
heuristic: bcc_heuristic
snake: False
run_uni: True
run_bi: True
run_multi: False
solution_vertices: []
algorithms: ['DFBnB']
bsd: False
cube_first_dims: 4
cube_buffer_dim: None
backward_sym_generation: False
sym_coil: False
prefix_set: None

---------- mazes/13x13_maze_with_blocks_and_random_removals_0 ----------
[00:00:00:02:407] Path of length 84 found: [0, 1, 2, 3, 4, 17, 30, 31, 32, 19, 6, 7, 8, 9, 10, 11, 12, 25, 38, 37, 36, 49, 62, 61, 60, 59, 58, 57, 56, 55, 54, 41, 28, 27, 26, 39, 52, 65, 78, 79, 80, 81, 82, 83, 84, 85, 86, 87, 88, 89, 90, 103, 116, 115, 114, 113, 112, 111, 110, 109, 122, 135, 134, 133, 132, 131, 130, 143, 156, 157, 158, 159, 160, 161, 162, 163, 164, 165, 152, 139, 140, 141, 142, 155, 168]
[00:00:00:02:408] ! Unidirectional s-t. expansions: 1,304, time: 2,407 [ms], path length: 84 [edges], generated: 1,727
[00:00:00:01:670] Path of length 84 found: [168, 155, 142, 141, 140, 139, 152, 165, 164, 163, 162, 161, 160, 159, 158, 157, 156, 143, 130, 131, 132, 133, 134, 135, 122, 109, 108, 107, 106, 105, 92, 79, 78, 65, 52, 39, 26, 27, 28, 41, 54, 55, 56, 57, 58, 71, 84, 85, 86, 99, 112, 113, 114, 115, 116, 103, 90, 89, 88, 87, 74, 61, 62, 63, 64, 51, 38, 25, 12, 11, 10, 9, 8, 7, 6, 19, 32, 31, 30, 17, 4, 3, 2, 1, 0]
[00:00:00:01:670] ! Unidirectional t-s. expansions: 888, time: 1,670 [ms], path length: 84 [edges], generated: 1,211
[00:00:00:00:948] Path of length 84 found: [0, 1, 2, 3, 4, 17, 30, 31, 32, 19, 6, 7, 8, 9, 10, 11, 12, 25, 38, 37, 36, 49, 62, 61, 60, 59, 58, 57, 56, 55, 54, 41, 28, 27, 26, 39, 52, 65, 78, 79, 80, 81, 82, 83, 84, 85, 86, 87, 88, 89, 90, 103, 116, 115, 114, 113, 112, 111, 110, 109, 122, 135, 134, 133, 132, 131, 130, 143, 156, 157, 158, 159, 160, 161, 162, 163, 164, 165, 152, 139, 140, 141, 142, 155, 168]
[00:00:00:00:948] ! Bidirectional. expansions: 1,002, time: 948 [ms], path length: 84 [edges], g_F: 42, g_B: 42, generated: {'F': 695, 'B': 607}, MM: 0, MMPER: -1.0%
[00:00:00:00:948] 
---------- mazes/13x13_maze_with_blocks_and_random_removals_1 ----------
[00:00:02:14:388] Path of length 94 found: [0, 1, 2, 3, 4, 17, 30, 43, 56, 55, 54, 41, 28, 27, 26, 39, 52, 65, 78, 79, 80, 81, 82, 83, 84, 85, 86, 87, 74, 61, 48, 35, 34, 47, 60, 59, 58, 45, 32, 19, 6, 7, 8, 9, 10, 11, 12, 25, 38, 37, 36, 49, 50, 51, 64, 63, 62, 75, 88, 89, 90, 103, 116, 115, 114, 113, 112, 111, 110, 109, 122, 135, 134, 133, 132, 131, 130, 143, 156, 157, 158, 159, 160, 161, 162, 163, 164, 165, 152, 139, 140, 141, 142, 155, 168]
[00:00:02:14:388] ! Unidirectional s-t. expansions: 63,370, time: 134,388 [ms], path length: 94 [edges], generated: 91,633
[00:00:00:57:816] Path of length 94 found: [168, 155, 142, 141, 140, 139, 152, 165, 164, 163, 162, 161, 160, 159, 158, 157, 156, 143, 130, 131, 132, 133, 134, 135, 122, 109, 108, 107, 106, 105, 92, 79, 78, 65, 52, 39, 26, 27, 28, 41, 54, 55, 56, 57, 58, 71, 84, 85, 86, 99, 112, 113, 114, 115, 116, 103, 90, 89, 88, 87, 74, 75, 62, 49, 48, 61, 60, 47, 34, 35, 36, 37, 50, 63, 64, 51, 38, 25, 12, 11, 10, 9, 8, 7, 6, 19, 32, 31, 30, 17, 4, 3, 2, 1, 0]
[00:00:00:57:817] ! Unidirectional t-s. expansions: 35,123, time: 57,816 [ms], path length: 94 [edges], generated: 53,576
[00:00:00:06:603] Path of length 94 found: [0, 1, 2, 3, 4, 17, 30, 43, 56, 55, 54, 41, 28, 27, 26, 39, 52, 65, 78, 79, 80, 81, 82, 83, 84, 85, 86, 87, 74, 61, 48, 35, 34, 47, 60, 59, 58, 45, 32, 19, 6, 7, 8, 9, 10, 11, 12, 25, 38, 51, 64, 63, 50, 37, 36, 49, 62, 75, 88, 89, 90, 103, 116, 115, 114, 113, 112, 111, 110, 109, 122, 135, 134, 133, 132, 131, 130, 143, 156, 157, 158, 159, 160, 161, 162, 163, 164, 165, 152, 139, 140, 141, 142, 155, 168]
[00:00:00:06:604] ! Bidirectional. expansions: 6,558, time: 6,603 [ms], path length: 94 [edges], g_F: 47, g_B: 47, generated: {'F': 5,758, 'B': 4,450}, MM: 0, MMPER: -1.0%
[00:00:00:06:604] 
---------- mazes/13x13_maze_with_blocks_and_random_removals_2 ----------
[00:00:04:58:516] Path of length 104 found: [0, 1, 2, 3, 4, 17, 30, 43, 56, 55, 54, 41, 28, 27, 26, 39, 52, 65, 78, 79, 92, 105, 106, 107, 108, 109, 110, 111, 112, 99, 86, 85, 84, 71, 58, 45, 32, 19, 6, 7, 8, 9, 10, 11, 12, 25, 38, 37, 36, 35, 34, 47, 60, 61, 48, 49, 50, 51, 64, 63, 62, 75, 74, 87, 88, 89, 90, 103, 116, 115, 114, 113, 126, 125, 138, 137, 136, 135, 134, 133, 132, 131, 130, 143, 156, 157, 158, 159, 160, 161, 162, 163, 150, 151, 164, 165, 166, 153, 152, 139, 140, 141, 142, 155, 168]
[00:00:04:58:517] ! Unidirectional s-t. expansions: 121,009, time: 298,517 [ms], path length: 104 [edges], generated: 217,901
[00:00:06:49:219] Valid states checked so far: 200,000, Expansions: 199,999, Global best: 101
[00:00:13:49:172] Valid states checked so far: 400,000, Expansions: 399,999, Global best: 101
[00:00:20:16:421] Valid states checked so far: 600,000, Expansions: 599,999, Global best: 103
[00:00:27:34:703] Valid states checked so far: 800,000, Expansions: 799,999, Global best: 103
[00:00:34:40:353] Valid states checked so far: 1,000,000, Expansions: 999,999, Global best: 103
[00:00:42:03:398] Valid states checked so far: 1,200,000, Expansions: 1,199,999, Global best: 103
[00:00:49:05:808] Valid states checked so far: 1,400,000, Expansions: 1,399,999, Global best: 103
[00:00:56:22:178] Valid states checked so far: 1,600,000, Expansions: 1,599,999, Global best: 105
[00:01:04:13:331] Valid states checked so far: 1,800,000, Expansions: 1,799,999, Global best: 105
[00:01:11:29:298] Valid states checked so far: 2,000,000, Expansions: 1,999,999, Global best: 105
[00:01:19:02:967] Valid states checked so far: 2,200,000, Expansions: 2,199,999, Global best: 105
[00:01:26:56:628] Valid states checked so far: 2,400,000, Expansions: 2,399,999, Global best: 105
[00:01:33:56:813] Valid states checked so far: 2,600,000, Expansions: 2,599,999, Global best: 105
[00:01:41:15:255] Valid states checked so far: 2,800,000, Expansions: 2,799,999, Global best: 105
[00:01:49:28:224] Valid states checked so far: 3,000,000, Expansions: 2,999,999, Global best: 105
[00:01:57:45:291] Valid states checked so far: 3,200,000, Expansions: 3,199,999, Global best: 105
[00:02:05:16:981] Valid states checked so far: 3,400,000, Expansions: 3,399,999, Global best: 105
[00:02:12:19:460] Valid states checked so far: 3,600,000, Expansions: 3,599,999, Global best: 105
[00:02:19:39:299] Valid states checked so far: 3,800,000, Expansions: 3,799,999, Global best: 105
[00:02:26:07:202] Valid states checked so far: 4,000,000, Expansions: 3,999,999, Global best: 105
[00:02:32:04:832] Path of length 104 found: [168, 155, 142, 141, 140, 139, 152, 153, 166, 165, 164, 151, 150, 163, 162, 161, 160, 159, 158, 157, 156, 143, 130, 131, 132, 133, 134, 135, 136, 137, 138, 125, 126, 127, 114, 115, 116, 103, 90, 89, 88, 75, 74, 61, 48, 35, 36, 49, 62, 63, 64, 51, 50, 37, 38, 25, 12, 11, 10, 9, 8, 7, 6, 19, 32, 33, 34, 47, 60, 59, 58, 71, 84, 85, 86, 99, 112, 111, 110, 109, 108, 107, 106, 105, 92, 79, 78, 65, 52, 39, 26, 27, 28, 41, 54, 55, 56, 43, 30, 17, 4, 3, 2, 1, 0]
[00:02:32:04:833] ! Unidirectional t-s. expansions: 4,176,587, time: 9,124,833 [ms], path length: 104 [edges], generated: 6,248,094
[00:00:06:45:360] Valid meeting checks so far: 200,000, state_vs_state: 5, state_vs_prefix: 0, prefix_vs_prefix: 199,995
[00:00:13:02:810] Valid meeting checks so far: 400,000, state_vs_state: 19, state_vs_prefix: 0, prefix_vs_prefix: 399,981
[00:00:19:45:608] Valid meeting checks so far: 600,000, state_vs_state: 59, state_vs_prefix: 0, prefix_vs_prefix: 599,941
[00:00:25:56:849] Path of length 104 found: [0, 1, 2, 3, 4, 17, 30, 43, 56, 55, 54, 41, 28, 27, 26, 39, 52, 65, 78, 79, 92, 105, 106, 107, 108, 109, 110, 111, 112, 99, 86, 85, 84, 71, 58, 45, 32, 19, 6, 7, 8, 9, 10, 11, 12, 25, 38, 51, 64, 63, 50, 37, 36, 35, 34, 47, 60, 61, 48, 49, 62, 75, 74, 87, 88, 89, 90, 103, 116, 115, 114, 113, 126, 125, 138, 137, 136, 135, 134, 133, 132, 131, 130, 143, 156, 157, 158, 159, 160, 161, 162, 163, 150, 151, 164, 165, 166, 153, 152, 139, 140, 141, 142, 155, 168]
[00:00:25:56:853] ! Bidirectional. expansions: 1,552,330, time: 1,556,849 [ms], path length: 104 [edges], g_F: 52, g_B: 52, generated: {'F': 1,336,648, 'B': 1,126,592}, MM: 0, MMPER: -1.0%

[00:00:25:56:854] average expansions: (61,894, 1,404,199, 519,963, 0)
[00:00:25:56:854] average time: (145,104, 3,061,440, 521,467, 0)
[00:00:25:56:854] X-DFBnB: 61,894 , 145,104 (expansions , time[ms])
[00:00:25:56:854] BiX-DFBnB: 519,963 , 521,467 (expansions , time[ms])

