Mon 09 Mar 2026 17:31:53 IST

SLURM_JOBID:		 15365911
SLURM_JOB_NODELIST:	 ise-cpu256-07 

--------------------------
date: SM_Grids
number_of_graphs: 10
graph_type: grid
size_of_graphs: [7, 7]
heuristic: bcc_heuristic
snake: True
run_uni: True
run_bi: True
run_multi: False
solution_vertices: []
algorithms: ['DFBnB']
bsd: False
cube_first_dims: 4
cube_buffer_dim: None
backward_sym_generation: False
sym_coil: False
prefix_set: None

---------- SM_Grids/7x7_grid_with_random_blocks_16per_0 ----------
[00:00:00:00:203] Path of length 22 found: [0, 7, 14, 21, 28, 35, 42, 43, 44, 37, 30, 31, 24, 17, 18, 19, 20, 27, 34, 33, 40, 47, 48]
[00:00:00:00:203] ! Unidirectional s-t. expansions: 94, time: 203 [ms], path length: 22 [edges], generated: 161
[00:00:00:00:521] Path of length 22 found: [48, 41, 34, 27, 20, 19, 18, 17, 24, 31, 32, 39, 46, 45, 44, 37, 36, 29, 22, 21, 14, 7, 0]
[00:00:00:00:521] ! Unidirectional t-s. expansions: 321, time: 521 [ms], path length: 22 [edges], generated: 484
[00:00:00:01:761] Path of length 22 found: [0, 7, 14, 21, 22, 29, 36, 43, 44, 45, 46, 39, 32, 31, 24, 17, 18, 19, 20, 27, 34, 41, 48]
[00:00:00:02:128] ! Bidirectional. expansions: 1,548, time: 1,761 [ms], path length: 22 [edges], g_F: 11, g_B: 11, generated: {'F': 1,323, 'B': 1,306}, MM: 0, MMPER: -1.0%
[00:00:00:02:129] 
---------- SM_Grids/7x7_grid_with_random_blocks_16per_1 ----------
[00:00:00:00:276] Path of length 26 found: [0, 1, 2, 9, 10, 11, 12, 13, 20, 27, 26, 25, 24, 31, 30, 29, 28, 35, 42, 43, 44, 45, 46, 39, 40, 41, 48]
[00:00:00:00:276] ! Unidirectional s-t. expansions: 102, time: 276 [ms], path length: 26 [edges], generated: 173
[00:00:00:01:063] Path of length 26 found: [48, 41, 40, 39, 46, 45, 44, 43, 42, 35, 28, 29, 30, 31, 24, 25, 26, 27, 20, 13, 12, 5, 4, 3, 2, 1, 0]
[00:00:00:01:063] ! Unidirectional t-s. expansions: 534, time: 1,063 [ms], path length: 26 [edges], generated: 695
[00:00:00:02:261] Path of length 26 found: [0, 1, 2, 3, 10, 11, 12, 13, 20, 27, 26, 25, 24, 31, 30, 29, 28, 35, 42, 43, 44, 45, 46, 39, 40, 41, 48]
[00:00:00:02:601] ! Bidirectional. expansions: 2,846, time: 2,261 [ms], path length: 26 [edges], g_F: 13, g_B: 13, generated: {'F': 1,853, 'B': 1,955}, MM: 0, MMPER: -1.0%
[00:00:00:02:602] 
---------- SM_Grids/7x7_grid_with_random_blocks_16per_2 ----------
[00:00:00:00:981] Path of length 24 found: [0, 1, 2, 3, 4, 5, 12, 19, 18, 17, 16, 23, 22, 29, 36, 43, 44, 45, 38, 31, 32, 33, 40, 47, 48]
[00:00:00:00:982] ! Unidirectional s-t. expansions: 323, time: 982 [ms], path length: 24 [edges], generated: 633
[00:00:00:00:396] Path of length 24 found: [48, 47, 40, 33, 32, 31, 38, 45, 44, 43, 36, 29, 22, 23, 16, 17, 18, 19, 12, 5, 4, 3, 2, 1, 0]
[00:00:00:00:396] ! Unidirectional t-s. expansions: 126, time: 396 [ms], path length: 24 [edges], generated: 241
[00:00:00:03:301] Path of length 24 found: [0, 1, 2, 3, 4, 5, 12, 19, 18, 17, 16, 23, 22, 29, 36, 43, 44, 45, 38, 31, 32, 33, 40, 47, 48]
[00:00:00:03:639] ! Bidirectional. expansions: 3,720, time: 3,301 [ms], path length: 24 [edges], g_F: 12, g_B: 12, generated: {'F': 2,803, 'B': 2,442}, MM: 0, MMPER: -1.0%
[00:00:00:03:639] 
---------- SM_Grids/7x7_grid_with_random_blocks_16per_3 ----------
[00:00:00:00:536] Path of length 22 found: [0, 1, 2, 3, 4, 11, 18, 17, 16, 15, 14, 21, 28, 35, 36, 37, 30, 31, 32, 33, 40, 47, 48]
[00:00:00:00:536] ! Unidirectional s-t. expansions: 239, time: 536 [ms], path length: 22 [edges], generated: 366
[00:00:00:00:945] Path of length 22 found: [48, 47, 46, 39, 32, 33, 26, 19, 18, 17, 24, 23, 30, 37, 36, 35, 28, 21, 14, 15, 8, 1, 0]
[00:00:00:00:946] ! Unidirectional t-s. expansions: 357, time: 946 [ms], path length: 22 [edges], generated: 579
[00:00:00:05:687] Path of length 22 found: [0, 1, 2, 3, 4, 11, 18, 17, 16, 15, 14, 21, 28, 35, 36, 37, 30, 31, 32, 33, 34, 41, 48]
[00:00:00:06:023] ! Bidirectional. expansions: 5,272, time: 5,687 [ms], path length: 22 [edges], g_F: 11, g_B: 11, generated: {'F': 3,866, 'B': 4,364}, MM: 0, MMPER: -1.0%
[00:00:00:06:024] 
---------- SM_Grids/7x7_grid_with_random_blocks_16per_4 ----------
[00:00:00:00:485] Path of length 26 found: [0, 7, 14, 21, 28, 35, 42, 43, 44, 45, 38, 31, 30, 23, 16, 9, 10, 11, 12, 19, 20, 27, 34, 33, 40, 47, 48]
[00:00:00:00:485] ! Unidirectional s-t. expansions: 187, time: 485 [ms], path length: 26 [edges], generated: 271
[00:00:00:00:190] Path of length 26 found: [48, 47, 40, 33, 34, 27, 20, 13, 12, 11, 10, 9, 16, 23, 30, 31, 38, 45, 44, 43, 36, 35, 28, 21, 14, 7, 0]
[00:00:00:00:190] ! Unidirectional t-s. expansions: 60, time: 190 [ms], path length: 26 [edges], generated: 103
[00:00:00:01:293] Path of length 26 found: [0, 7, 14, 21, 28, 35, 42, 43, 44, 45, 38, 31, 30, 23, 16, 9, 10, 11, 12, 13, 20, 27, 34, 33, 40, 47, 48]
[00:00:00:01:629] ! Bidirectional. expansions: 1,694, time: 1,293 [ms], path length: 26 [edges], g_F: 13, g_B: 13, generated: {'F': 1,134, 'B': 1,154}, MM: 0, MMPER: -1.0%
[00:00:00:01:629] 
---------- SM_Grids/7x7_grid_with_random_blocks_16per_5 ----------
[00:00:00:00:216] Path of length 26 found: [0, 1, 2, 9, 16, 15, 14, 21, 28, 29, 30, 37, 38, 39, 32, 25, 18, 11, 4, 5, 6, 13, 20, 27, 34, 41, 48]
[00:00:00:00:216] ! Unidirectional s-t. expansions: 64, time: 216 [ms], path length: 26 [edges], generated: 116
[00:00:00:00:407] Path of length 26 found: [48, 41, 34, 27, 20, 13, 6, 5, 4, 11, 18, 25, 32, 39, 38, 37, 30, 29, 28, 21, 14, 15, 16, 9, 2, 1, 0]
[00:00:00:00:407] ! Unidirectional t-s. expansions: 170, time: 407 [ms], path length: 26 [edges], generated: 281
[00:00:00:06:967] Path of length 26 found: [0, 1, 2, 9, 16, 15, 14, 21, 28, 29, 30, 37, 38, 39, 32, 25, 18, 11, 4, 5, 6, 13, 20, 27, 34, 41, 48]
[00:00:00:07:341] ! Bidirectional. expansions: 6,722, time: 6,967 [ms], path length: 26 [edges], g_F: 13, g_B: 13, generated: {'F': 5,659, 'B': 4,747}, MM: 0, MMPER: -1.0%
[00:00:00:07:341] 
---------- SM_Grids/7x7_grid_with_random_blocks_16per_6 ----------
[00:00:00:00:212] Path of length 26 found: [0, 1, 8, 15, 22, 23, 30, 37, 44, 45, 46, 39, 32, 25, 18, 17, 10, 3, 4, 5, 12, 13, 20, 27, 34, 41, 48]
[00:00:00:00:212] ! Unidirectional s-t. expansions: 68, time: 212 [ms], path length: 26 [edges], generated: 113
[00:00:00:00:395] Path of length 26 found: [48, 41, 34, 27, 20, 13, 6, 5, 4, 3, 10, 17, 18, 25, 32, 39, 46, 45, 44, 37, 30, 23, 22, 15, 8, 1, 0]
[00:00:00:00:395] ! Unidirectional t-s. expansions: 243, time: 395 [ms], path length: 26 [edges], generated: 286
[00:00:00:02:345] Path of length 26 found: [0, 1, 8, 15, 22, 23, 30, 37, 44, 45, 46, 39, 32, 25, 18, 17, 10, 3, 4, 5, 6, 13, 20, 27, 34, 41, 48]
[00:00:00:02:691] ! Bidirectional. expansions: 1,948, time: 2,345 [ms], path length: 26 [edges], g_F: 13, g_B: 13, generated: {'F': 1,573, 'B': 1,591}, MM: 0, MMPER: -1.0%
[00:00:00:02:691] 
---------- SM_Grids/7x7_grid_with_random_blocks_16per_7 ----------
[00:00:00:00:672] Path of length 26 found: [0, 7, 8, 15, 22, 21, 28, 35, 36, 37, 30, 31, 24, 25, 18, 11, 4, 5, 6, 13, 20, 27, 34, 33, 40, 47, 48]
[00:00:00:00:672] ! Unidirectional s-t. expansions: 466, time: 672 [ms], path length: 26 [edges], generated: 633
[00:00:00:00:416] Path of length 26 found: [48, 47, 40, 33, 34, 27, 20, 13, 6, 5, 4, 3, 10, 17, 24, 31, 30, 37, 36, 35, 28, 21, 14, 15, 8, 1, 0]
[00:00:00:00:416] ! Unidirectional t-s. expansions: 167, time: 416 [ms], path length: 26 [edges], generated: 251
[00:00:00:00:780] Path of length 26 found: [0, 7, 8, 15, 22, 21, 28, 35, 36, 37, 30, 31, 24, 17, 10, 3, 4, 5, 6, 13, 20, 27, 34, 33, 40, 47, 48]
[00:00:00:01:121] ! Bidirectional. expansions: 1,026, time: 780 [ms], path length: 26 [edges], g_F: 13, g_B: 13, generated: {'F': 671, 'B': 787}, MM: 0, MMPER: -1.0%
[00:00:00:01:122] 
---------- SM_Grids/7x7_grid_with_random_blocks_16per_8 ----------
[00:00:00:00:359] Path of length 30 found: [0, 1, 2, 9, 16, 15, 22, 21, 28, 35, 42, 43, 44, 37, 30, 31, 24, 25, 18, 11, 4, 5, 6, 13, 20, 27, 34, 33, 40, 47, 48]
[00:00:00:00:359] ! Unidirectional s-t. expansions: 177, time: 359 [ms], path length: 30 [edges], generated: 233
[00:00:00:00:301] Path of length 30 found: [48, 47, 40, 33, 34, 27, 20, 13, 6, 5, 4, 11, 18, 25, 24, 31, 30, 37, 44, 43, 42, 35, 28, 21, 22, 15, 16, 9, 2, 1, 0]
[00:00:00:00:301] ! Unidirectional t-s. expansions: 222, time: 301 [ms], path length: 30 [edges], generated: 250
[00:00:00:01:739] Path of length 30 found: [0, 1, 2, 9, 16, 15, 22, 21, 28, 35, 42, 43, 44, 37, 30, 31, 24, 25, 18, 11, 4, 5, 6, 13, 20, 27, 34, 33, 40, 47, 48]
[00:00:00:02:075] ! Bidirectional. expansions: 1,848, time: 1,739 [ms], path length: 30 [edges], g_F: 15, g_B: 15, generated: {'F': 1,241, 'B': 1,498}, MM: 0, MMPER: -1.0%
[00:00:00:02:075] 
---------- SM_Grids/7x7_grid_with_random_blocks_16per_9 ----------
[00:00:00:01:312] Path of length 24 found: [0, 7, 8, 9, 16, 23, 22, 21, 28, 35, 42, 43, 44, 45, 46, 39, 32, 25, 18, 19, 20, 27, 34, 41, 48]
[00:00:00:01:312] ! Unidirectional s-t. expansions: 579, time: 1,312 [ms], path length: 24 [edges], generated: 928
[00:00:00:00:715] Path of length 24 found: [48, 41, 34, 27, 20, 19, 18, 17, 24, 31, 32, 39, 46, 45, 44, 37, 36, 35, 28, 21, 22, 15, 8, 1, 0]
[00:00:00:00:715] ! Unidirectional t-s. expansions: 365, time: 715 [ms], path length: 24 [edges], generated: 534
[00:00:00:05:203] Path of length 24 found: [0, 7, 8, 15, 22, 21, 28, 35, 42, 43, 44, 45, 46, 39, 32, 31, 24, 17, 18, 19, 20, 27, 34, 41, 48]
[00:00:00:05:542] ! Bidirectional. expansions: 5,000, time: 5,203 [ms], path length: 24 [edges], g_F: 12, g_B: 12, generated: {'F': 3,974, 'B': 3,824}, MM: 0, MMPER: -1.0%

[00:00:00:05:542] average expansions: (230, 256, 3,162, 0)
[00:00:00:05:542] average time: (525, 535, 3,134, 0)
[00:00:00:05:543] X-DFBnB: 230 , 525 (expansions , time[ms])
[00:00:00:05:543] BiX-DFBnB: 3,162 , 3,134 (expansions , time[ms])

