Thu 12 Mar 2026 16:04:39 IST

SLURM_JOBID:		 15618403
SLURM_JOB_NODELIST:	 ise-cpu256-29 

--------------------------
date: SM_Grids
number_of_graphs: 10
graph_type: grid
size_of_graphs: [7, 9]
heuristic: bcc_heuristic
snake: True
run_uni: True
run_bi: True
run_multi: False
solution_vertices: []
algorithms: ['full', 'DFBnB']
bsd: False
cube_first_dims: 4
cube_buffer_dim: None
backward_sym_generation: False
sym_coil: False
prefix_set: None

---------- SM_Grids/7x9_grid_with_random_blocks_16per_0 ----------
[00:00:00:02:195] Path of length 24 found: [0, 1, 2, 11, 20, 19, 18, 27, 36, 45, 54, 55, 56, 47, 38, 39, 30, 31, 32, 41, 50, 59, 60, 61, 62]
[00:00:00:02:196] ! Unidirectional s-t. expansions: 2,275, time: 2,195 [ms], path length: 24 [edges], generated: 3,256
[00:00:00:02:093] Path of length 24 found: [62, 53, 44, 35, 34, 33, 42, 41, 40, 31, 30, 29, 38, 47, 56, 55, 54, 45, 36, 27, 18, 19, 10, 1, 0]
[00:00:00:02:094] ! Unidirectional t-s. expansions: 1,097, time: 2,093 [ms], path length: 24 [edges], generated: 1,733
[00:00:00:02:535] Path of length 24 found: [62, 53, 44, 35, 34, 33, 42, 41, 40, 39, 38, 47, 56, 55, 54, 45, 36, 27, 18, 19, 20, 11, 2, 1, 0]
[00:00:00:02:983] ! Bidirectional. expansions: 1,105, time: 2,535 [ms], path length: 24 [edges], g_F: 8, g_B: 16, generated: 1,834, MM: 8, MMPER: 31.0%
[00:00:00:02:983] 
---------- SM_Grids/7x9_grid_with_random_blocks_16per_1 ----------
[00:00:00:00:233] Path of length 38 found: [0, 1, 2, 3, 12, 21, 20, 19, 18, 27, 36, 45, 54, 55, 56, 47, 38, 39, 40, 49, 58, 59, 60, 51, 42, 33, 32, 23, 14, 5, 6, 7, 16, 25, 26, 35, 44, 53, 62]
[00:00:00:00:234] ! Unidirectional s-t. expansions: 115, time: 233 [ms], path length: 38 [edges], generated: 162
[00:00:00:00:226] Path of length 38 found: [62, 53, 44, 35, 26, 17, 16, 7, 6, 5, 14, 23, 32, 33, 42, 51, 60, 59, 58, 49, 40, 39, 38, 47, 56, 55, 54, 45, 36, 27, 18, 19, 20, 21, 12, 3, 2, 1, 0]
[00:00:00:00:226] ! Unidirectional t-s. expansions: 130, time: 226 [ms], path length: 38 [edges], generated: 187
[00:00:00:00:271] Path of length 38 found: [62, 53, 44, 35, 26, 17, 16, 7, 6, 5, 14, 23, 32, 33, 42, 51, 60, 59, 58, 49, 40, 39, 38, 47, 56, 55, 54, 45, 36, 27, 18, 19, 20, 21, 12, 3, 2, 1, 0]
[00:00:00:00:726] ! Bidirectional. expansions: 107, time: 271 [ms], path length: 38 [edges], g_F: 20, g_B: 18, generated: 162, MM: 2, MMPER: 4.128205128205129%
[00:00:00:00:727] 
---------- SM_Grids/7x9_grid_with_random_blocks_16per_2 ----------
[00:00:00:01:335] Path of length 26 found: [0, 1, 2, 11, 20, 19, 28, 37, 38, 39, 30, 31, 32, 23, 14, 5, 6, 7, 16, 25, 26, 35, 44, 43, 52, 61, 62]
[00:00:00:01:336] ! Unidirectional s-t. expansions: 1,388, time: 1,335 [ms], path length: 26 [edges], generated: 1,968
[00:00:00:01:602] Path of length 26 found: [62, 61, 52, 43, 44, 35, 26, 17, 8, 7, 6, 5, 14, 23, 22, 31, 40, 39, 38, 37, 28, 19, 20, 11, 2, 1, 0]
[00:00:00:01:602] ! Unidirectional t-s. expansions: 870, time: 1,602 [ms], path length: 26 [edges], generated: 1,523
[00:00:00:01:508] Path of length 26 found: [0, 1, 2, 11, 20, 19, 28, 37, 38, 39, 40, 31, 22, 23, 14, 5, 6, 7, 8, 17, 26, 35, 44, 43, 52, 61, 62]
[00:00:00:01:922] ! Bidirectional. expansions: 568, time: 1,508 [ms], path length: 26 [edges], g_F: 9, g_B: 17, generated: 1,054, MM: 8, MMPER: 28.62962962962963%
[00:00:00:01:923] 
---------- SM_Grids/7x9_grid_with_random_blocks_16per_3 ----------
[00:00:00:00:655] Path of length 34 found: [0, 9, 18, 27, 36, 45, 46, 47, 48, 49, 40, 31, 30, 21, 20, 11, 2, 3, 4, 13, 14, 15, 6, 7, 8, 17, 26, 35, 34, 33, 42, 51, 52, 61, 62]
[00:00:00:00:655] ! Unidirectional s-t. expansions: 337, time: 655 [ms], path length: 34 [edges], generated: 543
[00:00:00:00:709] Path of length 34 found: [62, 61, 52, 51, 50, 49, 40, 31, 32, 33, 34, 35, 26, 17, 8, 7, 6, 15, 14, 13, 4, 3, 2, 11, 20, 29, 38, 47, 46, 45, 36, 27, 18, 9, 0]
[00:00:00:00:709] ! Unidirectional t-s. expansions: 350, time: 709 [ms], path length: 34 [edges], generated: 603
[00:00:00:01:118] Path of length 34 found: [0, 9, 18, 27, 36, 45, 46, 47, 38, 29, 20, 11, 2, 3, 4, 13, 14, 15, 6, 7, 8, 17, 26, 35, 34, 33, 32, 31, 40, 49, 50, 51, 52, 61, 62]
[00:00:00:01:537] ! Bidirectional. expansions: 467, time: 1,118 [ms], path length: 34 [edges], g_F: 15, g_B: 19, generated: 812, MM: 4, MMPER: 10.428571428571429%
[00:00:00:01:537] 
---------- SM_Grids/7x9_grid_with_random_blocks_16per_4 ----------
[00:00:00:00:751] Path of length 26 found: [0, 9, 18, 27, 36, 37, 38, 29, 20, 11, 12, 13, 22, 31, 32, 33, 24, 15, 16, 17, 26, 35, 44, 43, 52, 61, 62]
[00:00:00:00:751] ! Unidirectional s-t. expansions: 402, time: 751 [ms], path length: 26 [edges], generated: 613
[00:00:00:01:881] Path of length 26 found: [62, 61, 52, 43, 44, 35, 26, 17, 16, 15, 24, 33, 32, 31, 22, 13, 12, 11, 20, 29, 38, 37, 36, 27, 18, 9, 0]
[00:00:00:01:881] ! Unidirectional t-s. expansions: 817, time: 1,881 [ms], path length: 26 [edges], generated: 1,524
[00:00:00:02:145] Path of length 26 found: [62, 61, 52, 43, 44, 35, 26, 17, 16, 15, 24, 33, 32, 31, 22, 13, 12, 11, 20, 29, 38, 37, 36, 27, 18, 9, 0]
[00:00:00:02:565] ! Bidirectional. expansions: 908, time: 2,146 [ms], path length: 26 [edges], g_F: 16, g_B: 10, generated: 1,512, MM: 6, MMPER: 21.22222222222222%
[00:00:00:02:565] 
---------- SM_Grids/7x9_grid_with_random_blocks_16per_5 ----------
[00:00:00:00:994] Path of length 30 found: [0, 9, 18, 27, 36, 37, 38, 47, 56, 57, 58, 59, 50, 41, 40, 31, 30, 21, 12, 3, 4, 5, 14, 23, 24, 33, 34, 43, 52, 61, 62]
[00:00:00:00:994] ! Unidirectional s-t. expansions: 387, time: 994 [ms], path length: 30 [edges], generated: 742
[00:00:00:00:760] Path of length 30 found: [62, 53, 52, 43, 34, 25, 24, 23, 14, 5, 4, 3, 12, 21, 30, 31, 40, 41, 50, 59, 58, 57, 48, 47, 38, 37, 28, 19, 18, 9, 0]
[00:00:00:00:760] ! Unidirectional t-s. expansions: 344, time: 760 [ms], path length: 30 [edges], generated: 597
[00:00:00:01:707] Path of length 30 found: [62, 53, 52, 43, 34, 25, 24, 23, 14, 5, 4, 3, 12, 21, 30, 31, 40, 41, 50, 59, 58, 57, 56, 47, 38, 37, 36, 27, 18, 9, 0]
[00:00:00:02:145] ! Bidirectional. expansions: 627, time: 1,707 [ms], path length: 30 [edges], g_F: 15, g_B: 15, generated: 1,189, MM: 0, MMPER: -1.0%
[00:00:00:02:145] 
---------- SM_Grids/7x9_grid_with_random_blocks_16per_6 ----------
[00:00:00:01:805] Path of length 32 found: [0, 9, 10, 11, 2, 3, 4, 5, 6, 7, 8, 17, 26, 35, 34, 33, 24, 23, 22, 21, 30, 29, 28, 37, 46, 47, 56, 57, 58, 59, 60, 61, 62]
[00:00:00:01:806] ! Unidirectional s-t. expansions: 1,449, time: 1,805 [ms], path length: 32 [edges], generated: 2,044
[00:00:00:00:613] Path of length 32 found: [62, 61, 60, 59, 58, 57, 56, 47, 46, 37, 28, 29, 20, 21, 22, 31, 40, 41, 42, 33, 34, 25, 26, 17, 8, 7, 6, 5, 4, 3, 2, 1, 0]
[00:00:00:00:613] ! Unidirectional t-s. expansions: 382, time: 613 [ms], path length: 32 [edges], generated: 588
[00:00:00:01:592] Path of length 32 found: [0, 9, 10, 11, 2, 3, 4, 5, 6, 7, 8, 17, 26, 35, 34, 33, 24, 23, 22, 21, 30, 29, 28, 37, 46, 47, 56, 57, 58, 59, 60, 61, 62]
[00:00:00:02:008] ! Bidirectional. expansions: 636, time: 1,592 [ms], path length: 32 [edges], g_F: 17, g_B: 15, generated: 1,085, MM: 2, MMPER: 5.0606060606060606%
[00:00:00:02:008] 
---------- SM_Grids/7x9_grid_with_random_blocks_16per_7 ----------
[00:00:00:02:467] Path of length 32 found: [0, 1, 10, 11, 20, 21, 22, 13, 4, 5, 6, 15, 16, 17, 26, 35, 34, 33, 32, 41, 40, 39, 38, 47, 56, 57, 58, 59, 60, 51, 52, 53, 62]
[00:00:00:02:467] ! Unidirectional s-t. expansions: 1,611, time: 2,467 [ms], path length: 32 [edges], generated: 2,460
[00:00:00:00:918] Path of length 32 found: [62, 53, 52, 51, 60, 59, 58, 57, 56, 47, 38, 39, 40, 41, 32, 33, 34, 25, 26, 17, 8, 7, 6, 15, 14, 13, 22, 21, 20, 11, 2, 1, 0]
[00:00:00:00:919] ! Unidirectional t-s. expansions: 437, time: 918 [ms], path length: 32 [edges], generated: 748
[00:00:00:02:035] Path of length 32 found: [0, 1, 10, 11, 20, 21, 22, 13, 4, 5, 6, 15, 16, 17, 26, 35, 34, 33, 32, 41, 40, 39, 38, 47, 56, 57, 58, 59, 60, 51, 52, 53, 62]
[00:00:00:02:489] ! Bidirectional. expansions: 907, time: 2,035 [ms], path length: 32 [edges], g_F: 14, g_B: 18, generated: 1,455, MM: 4, MMPER: 11.121212121212121%
[00:00:00:02:489] 
---------- SM_Grids/7x9_grid_with_random_blocks_16per_8 ----------
[00:00:00:03:025] Path of length 32 found: [0, 9, 18, 27, 36, 45, 54, 55, 56, 47, 48, 39, 30, 21, 12, 3, 4, 5, 6, 7, 8, 17, 26, 25, 24, 33, 32, 41, 50, 59, 60, 61, 62]
[00:00:00:03:026] ! Unidirectional s-t. expansions: 2,777, time: 3,025 [ms], path length: 32 [edges], generated: 4,039
[00:00:00:02:570] Path of length 32 found: [62, 53, 52, 43, 34, 25, 26, 17, 8, 7, 6, 15, 14, 13, 12, 21, 30, 39, 40, 41, 50, 59, 58, 57, 56, 47, 46, 37, 36, 27, 18, 9, 0]
[00:00:00:02:571] ! Unidirectional t-s. expansions: 1,552, time: 2,570 [ms], path length: 32 [edges], generated: 2,389
[00:00:00:02:985] Path of length 32 found: [62, 61, 60, 59, 50, 41, 32, 33, 34, 25, 26, 17, 8, 7, 6, 15, 14, 13, 12, 21, 30, 39, 48, 47, 56, 55, 54, 45, 36, 27, 18, 9, 0]
[00:00:00:03:403] ! Bidirectional. expansions: 1,387, time: 2,985 [ms], path length: 32 [edges], g_F: 17, g_B: 15, generated: 2,257, MM: 2, MMPER: 5.0606060606060606%
[00:00:00:03:403] 
---------- SM_Grids/7x9_grid_with_random_blocks_16per_9 ----------
[00:00:00:00:141] Path of length 24 found: [0, 1, 2, 3, 4, 5, 6, 7, 16, 17, 26, 35, 34, 33, 24, 23, 22, 31, 40, 41, 50, 59, 60, 61, 62]
[00:00:00:00:141] ! Unidirectional s-t. expansions: 71, time: 141 [ms], path length: 24 [edges], generated: 105
[00:00:00:00:371] Path of length 24 found: [62, 53, 52, 51, 50, 41, 40, 31, 22, 23, 24, 33, 34, 35, 26, 17, 8, 7, 6, 5, 4, 3, 2, 1, 0]
[00:00:00:00:371] ! Unidirectional t-s. expansions: 251, time: 371 [ms], path length: 24 [edges], generated: 349
[00:00:00:00:428] Path of length 24 found: [0, 1, 2, 3, 4, 5, 6, 7, 16, 17, 26, 35, 34, 33, 24, 23, 22, 31, 40, 41, 50, 51, 52, 53, 62]
[00:00:00:00:855] ! Bidirectional. expansions: 152, time: 428 [ms], path length: 24 [edges], g_F: 17, g_B: 7, generated: 258, MM: 10, MMPER: 39.0%

[00:00:00:00:855] average expansions: (1,081, 623, 686, 0)
[00:00:00:00:855] average time: (1,360, 1,174, 1,632, 0)
[00:00:00:00:855] A*: 623 , 1,174 (expansions , time[ms])
[00:00:00:00:855] XMM: 686 , 1,632 (expansions , time[ms])

[00:00:00:00:855] 
---------- SM_Grids/7x9_grid_with_random_blocks_16per_0 ----------
[00:00:00:00:065] New longest path found with length 14 at expansion 13
[00:00:00:00:206] New longest path found with length 16 at expansion 68
[00:00:00:00:617] New longest path found with length 24 at expansion 189
[00:00:00:05:421] Path of length 24 found: [0, 1, 2, 11, 20, 19, 18, 27, 36, 45, 54, 55, 56, 47, 38, 39, 30, 31, 32, 41, 50, 59, 60, 61, 62]
[00:00:00:05:421] ! Unidirectional s-t. expansions: 2,141, time: 5,421 [ms], path length: 24 [edges], generated: 3,490
[00:00:00:01:019] New longest path found with length 14 at expansion 719
[00:00:00:05:442] New longest path found with length 22 at expansion 3,726
[00:00:00:05:468] New longest path found with length 24 at expansion 3,744
[00:00:00:09:351] Path of length 24 found: [62, 53, 44, 35, 34, 33, 32, 41, 40, 39, 48, 57, 56, 55, 46, 45, 36, 27, 18, 19, 20, 11, 2, 1, 0]
[00:00:00:09:352] ! Unidirectional t-s. expansions: 4,791, time: 9,351 [ms], path length: 24 [edges], generated: 5,433
[00:00:00:00:048] New longest path found with length 14 at expansion 7
[00:00:00:00:172] New longest path found with length 24 at expansion 47
[00:00:00:02:071] Path of length 24 found: [0, 1, 2, 11, 20, 19, 18, 27, 36, 45, 54, 55, 56, 47, 38, 39, 40, 41, 42, 33, 34, 35, 44, 53, 62]
[00:00:00:02:491] ! Bidirectional. expansions: 347, time: 2,071 [ms], path length: 24 [edges], g_F: 12, g_B: 12, generated: {'F': 516, 'B': 731}, MM: 0, MMPER: -1.0%
[00:00:00:02:491] 
---------- SM_Grids/7x9_grid_with_random_blocks_16per_1 ----------
[00:00:00:00:096] New longest path found with length 28 at expansion 27
[00:00:00:00:162] New longest path found with length 32 at expansion 52
[00:00:00:01:171] New longest path found with length 34 at expansion 339
[00:00:00:02:555] New longest path found with length 38 at expansion 729
[00:00:00:02:646] Path of length 38 found: [0, 1, 2, 3, 12, 21, 20, 19, 18, 27, 36, 45, 54, 55, 56, 47, 38, 39, 40, 49, 58, 59, 60, 51, 42, 33, 32, 23, 14, 5, 6, 7, 16, 25, 26, 35, 44, 53, 62]
[00:00:00:02:646] ! Unidirectional s-t. expansions: 756, time: 2,646 [ms], path length: 38 [edges], generated: 1,179
[00:00:00:00:074] New longest path found with length 18 at expansion 17
[00:00:00:00:714] New longest path found with length 32 at expansion 461
[00:00:00:00:770] New longest path found with length 38 at expansion 488
[00:00:00:01:061] Path of length 38 found: [62, 53, 44, 35, 26, 17, 16, 7, 6, 5, 14, 23, 32, 33, 42, 51, 60, 59, 58, 49, 40, 39, 38, 47, 56, 55, 54, 45, 36, 27, 18, 19, 20, 21, 12, 3, 2, 1, 0]
[00:00:00:01:061] ! Unidirectional t-s. expansions: 579, time: 1,061 [ms], path length: 38 [edges], generated: 651
[00:00:00:00:071] New longest path found with length 28 at expansion 14
[00:00:00:00:077] New longest path found with length 32 at expansion 18
[00:00:00:00:851] New longest path found with length 34 at expansion 240
[00:00:00:01:575] New longest path found with length 38 at expansion 420
[00:00:00:01:586] Path of length 38 found: [0, 1, 2, 3, 12, 21, 20, 19, 18, 27, 36, 45, 54, 55, 56, 47, 38, 39, 40, 49, 58, 59, 60, 51, 42, 33, 32, 23, 14, 5, 6, 7, 16, 17, 26, 35, 44, 53, 62]
[00:00:00:02:007] ! Bidirectional. expansions: 422, time: 1,586 [ms], path length: 38 [edges], g_F: 19, g_B: 19, generated: {'F': 618, 'B': 620}, MM: 0, MMPER: -1.0%
[00:00:00:02:007] 
---------- SM_Grids/7x9_grid_with_random_blocks_16per_2 ----------
[00:00:00:00:125] New longest path found with length 24 at expansion 29
[00:00:00:01:441] New longest path found with length 26 at expansion 692
[00:00:00:03:395] Path of length 26 found: [0, 1, 2, 11, 20, 19, 28, 37, 38, 39, 30, 31, 32, 23, 14, 5, 6, 7, 16, 25, 26, 35, 44, 43, 52, 61, 62]
[00:00:00:03:395] ! Unidirectional s-t. expansions: 1,664, time: 3,395 [ms], path length: 26 [edges], generated: 2,333
[00:00:00:00:346] New longest path found with length 14 at expansion 206
[00:00:00:00:472] New longest path found with length 16 at expansion 286
[00:00:00:00:725] New longest path found with length 20 at expansion 437
[00:00:00:01:286] New longest path found with length 22 at expansion 717
[00:00:00:01:292] New longest path found with length 24 at expansion 722
[00:00:00:02:689] New longest path found with length 26 at expansion 1,186
[00:00:00:04:389] Path of length 26 found: [62, 61, 52, 43, 44, 35, 26, 17, 8, 7, 6, 5, 4, 13, 22, 31, 40, 39, 38, 37, 28, 19, 20, 11, 2, 1, 0]
[00:00:00:04:390] ! Unidirectional t-s. expansions: 1,718, time: 4,390 [ms], path length: 26 [edges], generated: 2,490
[00:00:00:00:067] New longest path found with length 20 at expansion 10
[00:00:00:00:191] New longest path found with length 22 at expansion 30
[00:00:00:00:415] New longest path found with length 24 at expansion 88
[00:00:00:01:417] New longest path found with length 26 at expansion 325
[00:00:00:01:514] Path of length 26 found: [0, 1, 2, 11, 20, 19, 28, 37, 38, 39, 30, 31, 22, 13, 4, 5, 6, 7, 8, 17, 26, 35, 44, 43, 52, 61, 62]
[00:00:00:01:964] ! Bidirectional. expansions: 346, time: 1,514 [ms], path length: 26 [edges], g_F: 13, g_B: 13, generated: {'F': 655, 'B': 581}, MM: 0, MMPER: -1.0%
[00:00:00:01:965] 
---------- SM_Grids/7x9_grid_with_random_blocks_16per_3 ----------
[00:00:00:00:215] New longest path found with length 24 at expansion 134
[00:00:00:00:242] New longest path found with length 32 at expansion 152
[00:00:00:00:285] New longest path found with length 34 at expansion 174
[00:00:00:01:370] Path of length 34 found: [0, 9, 18, 27, 36, 45, 46, 47, 38, 29, 20, 11, 2, 3, 4, 13, 14, 15, 6, 7, 8, 17, 26, 35, 34, 33, 32, 31, 40, 49, 50, 51, 52, 61, 62]
[00:00:00:01:370] ! Unidirectional s-t. expansions: 472, time: 1,370 [ms], path length: 34 [edges], generated: 682
[00:00:00:00:098] New longest path found with length 26 at expansion 25
[00:00:00:00:115] New longest path found with length 28 at expansion 39
[00:00:00:00:125] New longest path found with length 32 at expansion 45
[00:00:00:02:276] New longest path found with length 34 at expansion 736
[00:00:00:02:731] Path of length 34 found: [62, 61, 52, 51, 42, 33, 34, 35, 26, 17, 8, 7, 6, 15, 14, 13, 4, 3, 2, 11, 20, 21, 30, 31, 40, 49, 48, 47, 46, 45, 36, 27, 18, 9, 0]
[00:00:00:02:731] ! Unidirectional t-s. expansions: 868, time: 2,731 [ms], path length: 34 [edges], generated: 1,497
[00:00:00:00:073] New longest path found with length 26 at expansion 13
[00:00:00:00:087] New longest path found with length 30 at expansion 18
[00:00:00:00:105] New longest path found with length 32 at expansion 25
[00:00:00:00:313] New longest path found with length 34 at expansion 67
[00:00:00:00:742] Path of length 34 found: [0, 9, 18, 27, 36, 45, 46, 47, 48, 49, 40, 31, 30, 21, 20, 11, 2, 3, 4, 13, 14, 15, 6, 7, 8, 17, 26, 35, 34, 33, 42, 51, 52, 61, 62]
[00:00:00:01:165] ! Bidirectional. expansions: 134, time: 742 [ms], path length: 34 [edges], g_F: 17, g_B: 17, generated: {'F': 240, 'B': 213}, MM: 0, MMPER: -1.0%
[00:00:00:01:165] 
---------- SM_Grids/7x9_grid_with_random_blocks_16per_4 ----------
[00:00:00:00:067] New longest path found with length 16 at expansion 15
[00:00:00:00:343] New longest path found with length 20 at expansion 105
[00:00:00:01:258] New longest path found with length 24 at expansion 358
[00:00:00:01:389] New longest path found with length 26 at expansion 405
[00:00:00:02:199] Path of length 26 found: [0, 9, 18, 27, 36, 37, 38, 29, 20, 11, 12, 13, 22, 31, 32, 33, 24, 15, 16, 17, 26, 35, 44, 43, 52, 61, 62]
[00:00:00:02:200] ! Unidirectional s-t. expansions: 634, time: 2,200 [ms], path length: 26 [edges], generated: 978
[00:00:00:00:874] New longest path found with length 16 at expansion 636
[00:00:00:09:341] New longest path found with length 20 at expansion 6,907
[00:00:00:09:364] New longest path found with length 24 at expansion 6,916
[00:00:00:09:875] New longest path found with length 26 at expansion 7,063
[00:00:00:12:545] Path of length 26 found: [62, 61, 52, 43, 44, 35, 26, 17, 16, 15, 24, 33, 32, 31, 22, 13, 12, 11, 20, 29, 38, 37, 36, 27, 18, 9, 0]
[00:00:00:12:545] ! Unidirectional t-s. expansions: 7,708, time: 12,545 [ms], path length: 26 [edges], generated: 8,447
[00:00:00:00:054] New longest path found with length 16 at expansion 9
[00:00:00:00:155] New longest path found with length 20 at expansion 33
[00:00:00:00:410] New longest path found with length 24 at expansion 88
[00:00:00:00:439] New longest path found with length 26 at expansion 100
[00:00:00:00:921] Path of length 26 found: [0, 9, 18, 27, 36, 37, 38, 29, 20, 11, 12, 13, 22, 31, 32, 33, 24, 15, 16, 17, 26, 35, 44, 43, 52, 61, 62]
[00:00:00:01:347] ! Bidirectional. expansions: 180, time: 921 [ms], path length: 26 [edges], g_F: 13, g_B: 13, generated: {'F': 323, 'B': 269}, MM: 0, MMPER: -1.0%
[00:00:00:01:347] 
---------- SM_Grids/7x9_grid_with_random_blocks_16per_5 ----------
[00:00:00:00:091] New longest path found with length 22 at expansion 21
[00:00:00:00:127] New longest path found with length 30 at expansion 38
[00:00:00:01:741] Path of length 30 found: [0, 9, 18, 27, 36, 37, 38, 47, 56, 57, 58, 59, 50, 41, 40, 31, 30, 21, 12, 3, 4, 5, 14, 23, 24, 33, 34, 43, 52, 61, 62]
[00:00:00:01:741] ! Unidirectional s-t. expansions: 395, time: 1,741 [ms], path length: 30 [edges], generated: 756
[00:00:00:00:100] New longest path found with length 30 at expansion 29
[00:00:00:01:328] Path of length 30 found: [62, 53, 52, 43, 34, 25, 24, 23, 14, 5, 4, 3, 12, 21, 30, 31, 40, 41, 50, 59, 58, 57, 48, 47, 38, 37, 28, 19, 18, 9, 0]
[00:00:00:01:328] ! Unidirectional t-s. expansions: 343, time: 1,328 [ms], path length: 30 [edges], generated: 597
[00:00:00:00:140] New longest path found with length 18 at expansion 71
[00:00:00:00:150] New longest path found with length 22 at expansion 74
[00:00:00:00:181] New longest path found with length 30 at expansion 83
[00:00:00:01:735] Path of length 30 found: [0, 9, 18, 27, 36, 37, 38, 47, 56, 57, 58, 59, 50, 41, 40, 31, 30, 21, 12, 3, 4, 5, 14, 23, 24, 25, 34, 43, 52, 53, 62]
[00:00:00:02:160] ! Bidirectional. expansions: 299, time: 1,735 [ms], path length: 30 [edges], g_F: 15, g_B: 15, generated: {'F': 503, 'B': 518}, MM: 0, MMPER: -1.0%
[00:00:00:02:160] 
---------- SM_Grids/7x9_grid_with_random_blocks_16per_6 ----------
[00:00:00:00:103] New longest path found with length 32 at expansion 31
[00:00:00:03:585] Path of length 32 found: [0, 9, 10, 11, 2, 3, 4, 5, 14, 15, 16, 17, 26, 35, 34, 33, 42, 41, 40, 31, 30, 29, 28, 37, 46, 47, 56, 57, 58, 59, 60, 61, 62]
[00:00:00:03:585] ! Unidirectional s-t. expansions: 1,388, time: 3,585 [ms], path length: 32 [edges], generated: 2,044
[00:00:00:00:113] New longest path found with length 24 at expansion 40
[00:00:00:00:161] New longest path found with length 28 at expansion 76
[00:00:00:01:917] New longest path found with length 32 at expansion 674
[00:00:00:02:653] Path of length 32 found: [62, 61, 60, 59, 58, 57, 56, 47, 46, 37, 28, 19, 20, 21, 30, 31, 40, 41, 42, 33, 34, 25, 26, 17, 8, 7, 6, 5, 4, 3, 2, 1, 0]
[00:00:00:02:653] ! Unidirectional t-s. expansions: 930, time: 2,653 [ms], path length: 32 [edges], generated: 1,496
[00:00:00:00:050] New longest path found with length 14 at expansion 7
[00:00:00:00:082] New longest path found with length 26 at expansion 17
[00:00:00:00:230] New longest path found with length 28 at expansion 50
[00:00:00:00:337] New longest path found with length 30 at expansion 72
[00:00:00:00:374] New longest path found with length 32 at expansion 82
[00:00:00:00:912] Path of length 32 found: [0, 9, 10, 11, 2, 3, 4, 5, 14, 15, 16, 17, 26, 35, 34, 33, 42, 41, 40, 31, 30, 29, 28, 37, 46, 47, 56, 57, 58, 59, 60, 61, 62]
[00:00:00:01:365] ! Bidirectional. expansions: 197, time: 912 [ms], path length: 32 [edges], g_F: 16, g_B: 16, generated: {'F': 333, 'B': 364}, MM: 0, MMPER: -1.0%
[00:00:00:01:365] 
---------- SM_Grids/7x9_grid_with_random_blocks_16per_7 ----------
[00:00:00:00:280] New longest path found with length 14 at expansion 126
[00:00:00:00:521] New longest path found with length 16 at expansion 269
[00:00:00:00:821] New longest path found with length 18 at expansion 464
[00:00:00:00:908] New longest path found with length 32 at expansion 492
[00:00:00:05:644] Path of length 32 found: [0, 1, 10, 11, 20, 21, 22, 13, 4, 5, 6, 15, 16, 17, 26, 35, 34, 33, 32, 41, 40, 39, 38, 47, 56, 57, 58, 59, 60, 51, 52, 53, 62]
[00:00:00:05:644] ! Unidirectional s-t. expansions: 2,069, time: 5,644 [ms], path length: 32 [edges], generated: 2,932
[00:00:00:00:091] New longest path found with length 24 at expansion 23
[00:00:00:00:130] New longest path found with length 30 at expansion 44
[00:00:00:00:351] New longest path found with length 32 at expansion 145
[00:00:00:01:773] Path of length 32 found: [62, 53, 52, 51, 60, 59, 58, 57, 56, 47, 38, 39, 40, 41, 32, 33, 34, 35, 26, 17, 8, 7, 6, 15, 14, 13, 22, 21, 20, 11, 2, 1, 0]
[00:00:00:01:773] ! Unidirectional t-s. expansions: 513, time: 1,773 [ms], path length: 32 [edges], generated: 869
[00:00:00:00:073] New longest path found with length 32 at expansion 16
[00:00:00:01:212] Path of length 32 found: [0, 1, 2, 11, 20, 21, 22, 13, 4, 5, 6, 15, 16, 17, 26, 35, 34, 33, 32, 41, 40, 39, 38, 47, 56, 57, 58, 59, 60, 51, 52, 53, 62]
[00:00:00:01:662] ! Bidirectional. expansions: 189, time: 1,212 [ms], path length: 32 [edges], g_F: 16, g_B: 16, generated: {'F': 358, 'B': 316}, MM: 0, MMPER: -1.0%
[00:00:00:01:662] 
---------- SM_Grids/7x9_grid_with_random_blocks_16per_8 ----------
[00:00:00:00:108] New longest path found with length 32 at expansion 31
[00:00:00:06:185] Path of length 32 found: [0, 9, 18, 27, 36, 45, 54, 55, 56, 47, 48, 39, 30, 21, 12, 3, 4, 5, 6, 7, 8, 17, 26, 25, 24, 33, 32, 41, 50, 59, 60, 61, 62]
[00:00:00:06:185] ! Unidirectional s-t. expansions: 2,624, time: 6,185 [ms], path length: 32 [edges], generated: 4,039
[00:00:00:00:105] New longest path found with length 32 at expansion 32
[00:00:00:04:912] Path of length 32 found: [62, 53, 52, 43, 34, 25, 26, 17, 8, 7, 6, 5, 4, 3, 12, 21, 30, 39, 40, 41, 50, 59, 58, 57, 56, 47, 46, 37, 36, 27, 18, 9, 0]
[00:00:00:04:912] ! Unidirectional t-s. expansions: 1,552, time: 4,912 [ms], path length: 32 [edges], generated: 2,389
[00:00:00:00:085] New longest path found with length 32 at expansion 19
[00:00:00:03:236] Path of length 32 found: [0, 9, 18, 27, 36, 45, 54, 55, 56, 57, 58, 59, 50, 41, 40, 39, 30, 21, 12, 13, 14, 15, 6, 7, 8, 17, 26, 25, 34, 43, 52, 53, 62]
[00:00:00:03:692] ! Bidirectional. expansions: 1,029, time: 3,236 [ms], path length: 32 [edges], g_F: 16, g_B: 16, generated: {'F': 1,790, 'B': 1,412}, MM: 0, MMPER: -1.0%
[00:00:00:03:692] 
---------- SM_Grids/7x9_grid_with_random_blocks_16per_9 ----------
[00:00:00:00:059] New longest path found with length 14 at expansion 13
[00:00:00:00:142] New longest path found with length 16 at expansion 36
[00:00:00:00:197] New longest path found with length 24 at expansion 55
[00:00:00:00:305] Path of length 24 found: [0, 1, 2, 3, 4, 5, 6, 7, 16, 17, 26, 35, 34, 33, 24, 23, 22, 31, 40, 41, 50, 59, 60, 61, 62]
[00:00:00:00:305] ! Unidirectional s-t. expansions: 89, time: 305 [ms], path length: 24 [edges], generated: 135
[00:00:00:00:061] New longest path found with length 14 at expansion 13
[00:00:00:00:114] New longest path found with length 24 at expansion 32
[00:00:00:00:741] Path of length 24 found: [62, 53, 52, 51, 50, 41, 40, 31, 22, 23, 24, 33, 34, 35, 26, 17, 8, 7, 6, 5, 4, 3, 2, 1, 0]
[00:00:00:00:741] ! Unidirectional t-s. expansions: 250, time: 741 [ms], path length: 24 [edges], generated: 360
[00:00:00:00:452] New longest path found with length 14 at expansion 300
[00:00:00:00:969] New longest path found with length 16 at expansion 654
[00:00:00:00:994] New longest path found with length 24 at expansion 660
[00:00:00:01:176] Path of length 24 found: [0, 1, 2, 3, 4, 5, 6, 7, 16, 17, 26, 35, 34, 33, 24, 23, 22, 31, 40, 41, 50, 51, 52, 53, 62]
[00:00:00:01:602] ! Bidirectional. expansions: 693, time: 1,176 [ms], path length: 24 [edges], g_F: 12, g_B: 12, generated: {'F': 635, 'B': 899}, MM: 0, MMPER: -1.0%

[00:00:00:01:602] average expansions: (1,223, 1,925, 384, 0)
[00:00:00:01:602] average time: (3,249, 4,148, 1,510, 0)
[00:00:00:01:602] X-DFBnB: 1,223 , 3,249 (expansions , time[ms])
[00:00:00:01:602] BiX-DFBnB: 384 , 1,510 (expansions , time[ms])

