Thu 12 Mar 2026 17:41:59 IST

SLURM_JOBID:		 15627560
SLURM_JOB_NODELIST:	 ise-cpu256-25 

--------------------------
date: SM_Grids
number_of_graphs: 10
graph_type: grid
size_of_graphs: [7, 8]
heuristic: bcc_heuristic
snake: True
run_uni: True
run_bi: True
run_multi: False
solution_vertices: []
algorithms: ['DFBnB']
bsd: False
cube_first_dims: 4
cube_buffer_dim: None
backward_sym_generation: False
sym_coil: False
prefix_set: None

---------- SM_Grids/7x8_grid_with_random_blocks_12per_0 ----------
[00:00:00:02:862] Path of length 33 found: [0, 1, 2, 3, 4, 5, 6, 7, 15, 23, 22, 21, 20, 28, 27, 26, 18, 17, 16, 24, 32, 40, 48, 49, 50, 42, 43, 44, 45, 37, 38, 39, 47, 55]
[00:00:00:02:863] ! Unidirectional s-t. expansions: 1,184, time: 2,862 [ms], path length: 33 [edges], generated: 1,830
[00:00:00:02:846] Path of length 33 found: [55, 47, 39, 38, 37, 45, 44, 43, 51, 50, 49, 48, 40, 32, 24, 16, 17, 18, 26, 27, 28, 20, 21, 22, 23, 15, 7, 6, 5, 4, 3, 2, 1, 0]
[00:00:00:02:846] ! Unidirectional t-s. expansions: 951, time: 2,846 [ms], path length: 33 [edges], generated: 1,641
[00:00:00:02:123] New longest path found with length 23 at expansion 374
[00:00:00:04:105] New longest path found with length 25 at expansion 624
[00:00:00:04:867] New longest path found with length 31 at expansion 714
[00:00:00:25:390] New longest path found with length 33 at expansion 3,433
[00:00:00:40:678] Path of length 33 found: [0, 1, 2, 3, 4, 5, 6, 7, 15, 23, 22, 21, 20, 28, 27, 26, 18, 17, 16, 24, 32, 33, 41, 49, 50, 51, 43, 44, 45, 37, 38, 39, 47, 55]
[00:00:00:41:077] ! Bidirectional. expansions: 5,432, time: 40,679 [ms], path length: 33 [edges], g_F: 17, g_B: 16, generated: {'F': 8,567, 'B': 8,600}, MM: 1, MMPER: 1.9411764705882355%
[00:00:00:41:077] 
---------- SM_Grids/7x8_grid_with_random_blocks_12per_1 ----------
[00:00:00:05:259] Path of length 29 found: [0, 8, 9, 10, 2, 3, 4, 5, 6, 14, 22, 21, 20, 19, 27, 26, 25, 24, 32, 40, 41, 42, 43, 44, 36, 37, 38, 46, 54, 55]
[00:00:00:05:259] ! Unidirectional s-t. expansions: 1,764, time: 5,259 [ms], path length: 29 [edges], generated: 3,075
[00:00:00:05:197] Path of length 29 found: [55, 47, 39, 38, 37, 45, 44, 43, 42, 41, 40, 32, 24, 25, 26, 27, 28, 20, 21, 22, 14, 6, 5, 4, 3, 2, 10, 9, 8, 0]
[00:00:00:05:197] ! Unidirectional t-s. expansions: 1,578, time: 5,197 [ms], path length: 29 [edges], generated: 2,728
[00:00:00:00:115] New longest path found with length 23 at expansion 11
[00:00:00:00:306] New longest path found with length 25 at expansion 31
[00:00:00:00:339] New longest path found with length 27 at expansion 35
[00:00:00:17:676] New longest path found with length 29 at expansion 2,097
[00:00:01:39:632] Path of length 29 found: [0, 8, 9, 10, 2, 3, 4, 5, 6, 14, 22, 21, 20, 19, 27, 26, 25, 24, 32, 40, 41, 42, 43, 44, 45, 37, 38, 39, 47, 55]
[00:00:01:40:011] ! Bidirectional. expansions: 11,682, time: 99,632 [ms], path length: 29 [edges], g_F: 15, g_B: 14, generated: {'F': 21,909, 'B': 21,854}, MM: 1, MMPER: 2.3333333333333335%
[00:00:01:40:011] 
---------- SM_Grids/7x8_grid_with_random_blocks_12per_2 ----------
[00:00:00:01:471] Path of length 31 found: [0, 1, 2, 3, 4, 5, 6, 7, 15, 23, 31, 39, 38, 37, 29, 21, 20, 19, 18, 17, 16, 24, 32, 33, 34, 35, 43, 44, 52, 53, 54, 55]
[00:00:00:01:471] ! Unidirectional s-t. expansions: 507, time: 1,471 [ms], path length: 31 [edges], generated: 811
[00:00:00:02:958] Path of length 31 found: [55, 54, 53, 52, 44, 43, 35, 34, 33, 32, 24, 16, 17, 18, 19, 20, 28, 29, 37, 38, 39, 31, 23, 15, 7, 6, 5, 4, 3, 2, 1, 0]
[00:00:00:02:958] ! Unidirectional t-s. expansions: 956, time: 2,958 [ms], path length: 31 [edges], generated: 1,661
[00:00:00:00:100] New longest path found with length 21 at expansion 10
[00:00:00:00:373] New longest path found with length 29 at expansion 43
[00:00:00:12:678] New longest path found with length 31 at expansion 1,582
[00:00:00:13:057] Path of length 31 found: [0, 1, 2, 3, 4, 5, 6, 7, 15, 23, 31, 39, 38, 37, 29, 21, 20, 19, 18, 17, 16, 24, 32, 33, 34, 35, 43, 44, 52, 53, 54, 55]
[00:00:00:13:429] ! Bidirectional. expansions: 1,631, time: 13,057 [ms], path length: 31 [edges], g_F: 16, g_B: 15, generated: {'F': 2,641, 'B': 2,834}, MM: 1, MMPER: 2.125%
[00:00:00:13:429] 
---------- SM_Grids/7x8_grid_with_random_blocks_12per_3 ----------
[00:00:00:05:612] Path of length 31 found: [0, 1, 9, 17, 16, 24, 32, 33, 41, 49, 50, 51, 52, 53, 45, 37, 36, 35, 27, 19, 11, 3, 4, 5, 6, 14, 22, 30, 31, 39, 47, 55]
[00:00:00:05:613] ! Unidirectional s-t. expansions: 1,599, time: 5,612 [ms], path length: 31 [edges], generated: 3,026
[00:00:00:02:751] Path of length 31 found: [55, 47, 39, 31, 30, 22, 14, 6, 5, 4, 3, 11, 19, 20, 28, 36, 37, 45, 53, 52, 51, 43, 42, 34, 33, 32, 24, 16, 17, 9, 1, 0]
[00:00:00:02:752] ! Unidirectional t-s. expansions: 1,221, time: 2,751 [ms], path length: 31 [edges], generated: 1,591
[00:00:00:00:147] New longest path found with length 25 at expansion 16
[00:00:00:00:162] New longest path found with length 27 at expansion 18
[00:00:00:00:499] New longest path found with length 29 at expansion 59
[00:00:01:57:535] New longest path found with length 31 at expansion 14,677
[00:00:02:08:737] Path of length 31 found: [0, 1, 9, 17, 16, 24, 32, 33, 41, 49, 50, 51, 52, 53, 45, 37, 36, 28, 20, 19, 11, 3, 4, 5, 6, 14, 22, 30, 31, 39, 47, 55]
[00:00:02:09:108] ! Bidirectional. expansions: 16,028, time: 128,737 [ms], path length: 31 [edges], g_F: 16, g_B: 15, generated: {'F': 29,402, 'B': 26,970}, MM: 1, MMPER: 2.125%
[00:00:02:09:108] 
---------- SM_Grids/7x8_grid_with_random_blocks_12per_4 ----------
[00:00:00:05:665] Path of length 33 found: [0, 1, 2, 10, 18, 17, 16, 24, 32, 40, 48, 49, 50, 42, 34, 35, 27, 28, 20, 12, 4, 5, 6, 7, 15, 23, 22, 30, 38, 37, 45, 53, 54, 55]
[00:00:00:05:665] ! Unidirectional s-t. expansions: 2,314, time: 5,665 [ms], path length: 33 [edges], generated: 3,386
[00:00:00:04:800] Path of length 33 found: [55, 54, 53, 45, 37, 38, 39, 31, 23, 15, 7, 6, 5, 4, 12, 20, 28, 27, 35, 43, 51, 50, 49, 48, 40, 32, 24, 16, 17, 18, 10, 2, 1, 0]
[00:00:00:04:800] ! Unidirectional t-s. expansions: 1,702, time: 4,800 [ms], path length: 33 [edges], generated: 2,639
[00:00:00:00:119] New longest path found with length 27 at expansion 13
[00:00:00:00:202] New longest path found with length 31 at expansion 24
[00:00:01:20:526] New longest path found with length 33 at expansion 11,295
[00:00:01:46:405] Path of length 33 found: [0, 1, 2, 10, 18, 17, 16, 24, 32, 40, 48, 49, 50, 42, 34, 35, 27, 28, 20, 12, 4, 5, 6, 7, 15, 23, 31, 30, 38, 37, 45, 53, 54, 55]
[00:00:01:46:779] ! Bidirectional. expansions: 14,880, time: 106,405 [ms], path length: 33 [edges], g_F: 17, g_B: 16, generated: {'F': 22,282, 'B': 23,831}, MM: 1, MMPER: 1.9411764705882355%
[00:00:01:46:780] 
---------- SM_Grids/7x8_grid_with_random_blocks_12per_5 ----------
[00:00:00:04:505] Path of length 31 found: [0, 8, 16, 17, 18, 10, 2, 3, 4, 5, 13, 14, 22, 30, 29, 28, 27, 35, 34, 33, 32, 40, 48, 49, 50, 51, 52, 53, 45, 46, 47, 55]
[00:00:00:04:506] ! Unidirectional s-t. expansions: 1,916, time: 4,505 [ms], path length: 31 [edges], generated: 2,669
[00:00:00:02:080] Path of length 31 found: [55, 47, 46, 45, 53, 52, 51, 50, 49, 48, 40, 32, 33, 34, 35, 27, 28, 29, 30, 22, 14, 6, 5, 4, 12, 11, 10, 18, 17, 16, 8, 0]
[00:00:00:02:080] ! Unidirectional t-s. expansions: 729, time: 2,080 [ms], path length: 31 [edges], generated: 1,221
[00:00:00:00:151] New longest path found with length 29 at expansion 17
[00:00:00:05:161] New longest path found with length 31 at expansion 643
[00:00:00:41:803] Path of length 31 found: [0, 8, 16, 17, 18, 10, 2, 3, 4, 5, 13, 14, 22, 30, 29, 28, 27, 35, 34, 33, 32, 40, 48, 49, 50, 51, 52, 53, 45, 46, 47, 55]
[00:00:00:42:180] ! Bidirectional. expansions: 5,014, time: 41,803 [ms], path length: 31 [edges], g_F: 16, g_B: 15, generated: {'F': 8,330, 'B': 9,088}, MM: 1, MMPER: 2.125%
[00:00:00:42:181] 
---------- SM_Grids/7x8_grid_with_random_blocks_12per_6 ----------
[00:00:00:02:518] Path of length 27 found: [0, 8, 9, 10, 11, 19, 27, 26, 34, 33, 32, 40, 48, 49, 50, 51, 43, 44, 36, 37, 29, 21, 22, 23, 31, 39, 47, 55]
[00:00:00:02:518] ! Unidirectional s-t. expansions: 774, time: 2,518 [ms], path length: 27 [edges], generated: 1,444
[00:00:00:02:507] Path of length 27 found: [55, 47, 39, 31, 23, 22, 21, 20, 28, 36, 37, 45, 53, 52, 51, 50, 49, 48, 40, 32, 33, 34, 26, 18, 10, 9, 8, 0]
[00:00:00:02:507] ! Unidirectional t-s. expansions: 721, time: 2,507 [ms], path length: 27 [edges], generated: 1,276
[00:00:00:00:147] New longest path found with length 25 at expansion 12
[00:00:00:08:198] New longest path found with length 27 at expansion 929
[00:00:00:25:257] Path of length 27 found: [0, 8, 9, 10, 11, 19, 27, 26, 34, 33, 32, 40, 48, 49, 50, 51, 52, 53, 45, 37, 29, 21, 22, 23, 31, 39, 47, 55]
[00:00:00:25:657] ! Bidirectional. expansions: 2,858, time: 25,257 [ms], path length: 27 [edges], g_F: 14, g_B: 13, generated: {'F': 5,724, 'B': 4,972}, MM: 1, MMPER: 2.5714285714285716%
[00:00:00:25:657] 
---------- SM_Grids/7x8_grid_with_random_blocks_12per_7 ----------
[00:00:00:02:543] Path of length 31 found: [0, 8, 9, 17, 18, 19, 11, 3, 4, 5, 13, 14, 15, 23, 31, 30, 29, 28, 36, 35, 34, 33, 41, 49, 50, 51, 52, 53, 45, 46, 47, 55]
[00:00:00:02:543] ! Unidirectional s-t. expansions: 700, time: 2,543 [ms], path length: 31 [edges], generated: 1,195
[00:00:00:08:385] Path of length 31 found: [55, 47, 46, 45, 53, 52, 51, 50, 49, 41, 33, 34, 35, 36, 28, 29, 30, 31, 23, 15, 14, 6, 5, 4, 12, 11, 19, 18, 17, 9, 1, 0]
[00:00:00:08:386] ! Unidirectional t-s. expansions: 4,559, time: 8,386 [ms], path length: 31 [edges], generated: 5,446
[00:00:00:00:200] New longest path found with length 29 at expansion 18
[00:00:00:25:564] New longest path found with length 31 at expansion 3,140
[00:00:01:27:852] Path of length 31 found: [0, 8, 9, 17, 18, 19, 11, 3, 4, 5, 13, 14, 15, 23, 31, 30, 29, 28, 36, 35, 34, 33, 41, 49, 50, 51, 52, 53, 45, 46, 47, 55]
[00:00:01:28:230] ! Bidirectional. expansions: 10,719, time: 87,853 [ms], path length: 31 [edges], g_F: 16, g_B: 15, generated: {'F': 17,495, 'B': 18,466}, MM: 1, MMPER: 2.125%
[00:00:01:28:230] 
---------- SM_Grids/7x8_grid_with_random_blocks_12per_8 ----------
[00:00:00:03:199] Path of length 31 found: [0, 8, 16, 24, 32, 33, 34, 42, 50, 51, 52, 53, 45, 37, 36, 28, 27, 19, 18, 10, 2, 3, 4, 5, 6, 14, 22, 30, 31, 39, 47, 55]
[00:00:00:03:199] ! Unidirectional s-t. expansions: 1,185, time: 3,199 [ms], path length: 31 [edges], generated: 1,928
[00:00:00:01:504] Path of length 31 found: [55, 47, 39, 31, 30, 22, 14, 6, 5, 4, 3, 2, 10, 18, 19, 27, 28, 36, 37, 45, 53, 52, 51, 43, 42, 34, 33, 32, 24, 16, 8, 0]
[00:00:00:01:504] ! Unidirectional t-s. expansions: 398, time: 1,504 [ms], path length: 31 [edges], generated: 711
[00:00:00:00:105] New longest path found with length 21 at expansion 10
[00:00:00:00:434] New longest path found with length 29 at expansion 47
[00:00:00:00:490] New longest path found with length 31 at expansion 54
[00:00:00:27:764] Path of length 31 found: [0, 8, 16, 24, 32, 33, 34, 42, 50, 51, 52, 53, 45, 37, 36, 28, 27, 19, 18, 10, 2, 3, 4, 5, 6, 14, 22, 30, 31, 39, 47, 55]
[00:00:00:28:145] ! Bidirectional. expansions: 3,028, time: 27,764 [ms], path length: 31 [edges], g_F: 16, g_B: 15, generated: {'F': 5,424, 'B': 5,770}, MM: 1, MMPER: 2.125%
[00:00:00:28:145] 
---------- SM_Grids/7x8_grid_with_random_blocks_12per_9 ----------
[00:00:00:01:042] Path of length 31 found: [0, 8, 16, 17, 18, 26, 34, 33, 32, 40, 48, 49, 50, 51, 43, 44, 36, 28, 20, 12, 13, 5, 6, 7, 15, 23, 22, 30, 38, 46, 54, 55]
[00:00:00:01:042] ! Unidirectional s-t. expansions: 278, time: 1,042 [ms], path length: 31 [edges], generated: 489
[00:00:00:01:878] Path of length 31 found: [55, 54, 46, 38, 39, 31, 23, 15, 7, 6, 5, 13, 12, 11, 10, 18, 26, 27, 28, 36, 44, 43, 51, 50, 49, 41, 33, 32, 24, 16, 8, 0]
[00:00:00:01:878] ! Unidirectional t-s. expansions: 728, time: 1,878 [ms], path length: 31 [edges], generated: 1,056
[00:00:00:00:137] New longest path found with length 31 at expansion 15
[00:00:00:26:100] Path of length 31 found: [0, 8, 16, 24, 32, 40, 48, 49, 50, 42, 43, 44, 36, 28, 27, 26, 18, 10, 11, 12, 13, 5, 6, 7, 15, 23, 31, 39, 38, 46, 54, 55]
[00:00:00:26:478] ! Bidirectional. expansions: 3,030, time: 26,100 [ms], path length: 31 [edges], g_F: 16, g_B: 15, generated: {'F': 5,190, 'B': 5,819}, MM: 1, MMPER: 2.125%

[00:00:00:26:478] average expansions: (1,222, 1,354, 7,430, 0)
[00:00:00:26:478] average time: (3,468, 3,491, 59,729, 0)
[00:00:00:26:478] X-DFBnB: 1,222 , 3,468 (expansions , time[ms])
[00:00:00:26:478] BiX-DFBnB: 7,430 , 59,729 (expansions , time[ms])

