Thu 12 Mar 2026 17:41:59 IST

SLURM_JOBID:		 15627555
SLURM_JOB_NODELIST:	 ise-cpu256-29 

--------------------------
date: SM_Grids
number_of_graphs: 10
graph_type: grid
size_of_graphs: [7, 7]
heuristic: bcc_heuristic
snake: True
run_uni: True
run_bi: True
run_multi: False
solution_vertices: []
algorithms: ['DFBnB']
bsd: False
cube_first_dims: 4
cube_buffer_dim: None
backward_sym_generation: False
sym_coil: False
prefix_set: None

---------- SM_Grids/7x7_grid_with_random_blocks_8per_0 ----------
[00:00:00:04:334] Path of length 28 found: [0, 7, 8, 15, 16, 17, 10, 3, 4, 5, 12, 19, 20, 27, 34, 33, 32, 31, 30, 29, 28, 35, 42, 43, 44, 45, 46, 47, 48]
[00:00:00:04:334] ! Unidirectional s-t. expansions: 1,815, time: 4,334 [ms], path length: 28 [edges], generated: 3,123
[00:00:00:03:241] Path of length 28 found: [48, 41, 34, 27, 20, 13, 6, 5, 4, 3, 10, 17, 18, 25, 32, 39, 46, 45, 44, 37, 36, 35, 28, 21, 22, 15, 8, 1, 0]
[00:00:00:03:242] ! Unidirectional t-s. expansions: 1,479, time: 3,242 [ms], path length: 28 [edges], generated: 2,067
[00:00:01:34:596] Path of length 28 found: [0, 7, 8, 15, 22, 21, 28, 35, 42, 43, 44, 37, 30, 31, 32, 25, 18, 17, 10, 3, 4, 5, 6, 13, 20, 27, 34, 41, 48]
[00:00:01:34:974] ! Bidirectional. expansions: 13,385, time: 94,596 [ms], path length: 28 [edges], g_F: 14, g_B: 14, generated: {'F': 21,940, 'B': 20,219}, MM: 0, MMPER: -1.0%
[00:00:01:34:975] 
---------- SM_Grids/7x7_grid_with_random_blocks_8per_1 ----------
[00:00:00:02:203] Path of length 24 found: [0, 7, 14, 21, 28, 29, 30, 23, 16, 9, 2, 3, 4, 5, 12, 19, 20, 27, 34, 33, 32, 39, 46, 47, 48]
[00:00:00:02:203] ! Unidirectional s-t. expansions: 765, time: 2,203 [ms], path length: 24 [edges], generated: 1,313
[00:00:00:11:665] Path of length 24 found: [48, 47, 46, 39, 32, 33, 34, 27, 20, 13, 6, 5, 4, 3, 2, 9, 16, 23, 30, 29, 28, 21, 14, 7, 0]
[00:00:00:11:665] ! Unidirectional t-s. expansions: 4,937, time: 11,665 [ms], path length: 24 [edges], generated: 7,770
[00:00:00:44:825] Path of length 24 found: [0, 7, 14, 21, 28, 29, 30, 23, 16, 9, 2, 3, 4, 5, 6, 13, 20, 19, 26, 25, 32, 39, 46, 47, 48]
[00:00:00:45:177] ! Bidirectional. expansions: 5,501, time: 44,825 [ms], path length: 24 [edges], g_F: 12, g_B: 12, generated: {'F': 9,872, 'B': 10,188}, MM: 0, MMPER: -1.0%
[00:00:00:45:177] 
---------- SM_Grids/7x7_grid_with_random_blocks_8per_2 ----------
[00:00:00:02:536] Path of length 30 found: [0, 7, 8, 9, 2, 3, 4, 5, 6, 13, 20, 19, 18, 17, 24, 23, 22, 21, 28, 35, 36, 43, 44, 45, 38, 39, 32, 33, 34, 41, 48]
[00:00:00:02:536] ! Unidirectional s-t. expansions: 833, time: 2,536 [ms], path length: 30 [edges], generated: 1,393
[00:00:00:04:967] Path of length 30 found: [48, 41, 34, 33, 32, 39, 38, 45, 44, 43, 36, 35, 28, 21, 22, 23, 24, 17, 18, 19, 20, 13, 6, 5, 4, 3, 2, 9, 8, 7, 0]
[00:00:00:04:967] ! Unidirectional t-s. expansions: 1,582, time: 4,967 [ms], path length: 30 [edges], generated: 2,698
[00:00:01:38:928] Path of length 30 found: [0, 7, 8, 9, 2, 3, 4, 5, 6, 13, 20, 19, 18, 17, 24, 23, 22, 21, 28, 35, 36, 43, 44, 45, 38, 39, 32, 33, 34, 41, 48]
[00:00:01:39:267] ! Bidirectional. expansions: 13,240, time: 98,928 [ms], path length: 30 [edges], g_F: 15, g_B: 15, generated: {'F': 22,512, 'B': 22,476}, MM: 0, MMPER: -1.0%
[00:00:01:39:268] 
---------- SM_Grids/7x7_grid_with_random_blocks_8per_3 ----------
[00:00:00:03:833] Path of length 28 found: [0, 7, 14, 21, 28, 35, 42, 43, 44, 37, 30, 23, 16, 9, 2, 3, 4, 5, 12, 13, 20, 27, 26, 25, 32, 39, 46, 47, 48]
[00:00:00:03:834] ! Unidirectional s-t. expansions: 1,495, time: 3,834 [ms], path length: 28 [edges], generated: 2,352
[00:00:00:05:184] Path of length 28 found: [48, 41, 40, 33, 26, 27, 20, 13, 6, 5, 4, 3, 2, 9, 16, 17, 24, 31, 38, 37, 44, 43, 42, 35, 28, 21, 14, 7, 0]
[00:00:00:05:185] ! Unidirectional t-s. expansions: 2,242, time: 5,184 [ms], path length: 28 [edges], generated: 3,335
[00:00:01:14:874] Path of length 28 found: [0, 7, 14, 21, 28, 35, 42, 43, 44, 37, 30, 31, 24, 17, 16, 9, 2, 3, 4, 5, 6, 13, 20, 27, 26, 33, 40, 41, 48]
[00:00:01:15:218] ! Bidirectional. expansions: 10,519, time: 74,874 [ms], path length: 28 [edges], g_F: 14, g_B: 14, generated: {'F': 17,654, 'B': 16,560}, MM: 0, MMPER: -1.0%
[00:00:01:15:218] 
---------- SM_Grids/7x7_grid_with_random_blocks_8per_4 ----------
[00:00:00:01:529] Path of length 28 found: [0, 1, 2, 9, 10, 11, 4, 5, 6, 13, 20, 27, 34, 33, 32, 25, 24, 23, 22, 21, 28, 35, 36, 37, 38, 45, 46, 47, 48]
[00:00:00:01:529] ! Unidirectional s-t. expansions: 472, time: 1,529 [ms], path length: 28 [edges], generated: 858
[00:00:00:02:408] Path of length 28 found: [48, 47, 46, 45, 38, 37, 36, 35, 28, 21, 22, 23, 24, 25, 32, 33, 34, 27, 20, 13, 6, 5, 4, 11, 10, 9, 2, 1, 0]
[00:00:00:02:408] ! Unidirectional t-s. expansions: 784, time: 2,408 [ms], path length: 28 [edges], generated: 1,315
[00:00:00:39:532] Path of length 28 found: [0, 1, 2, 9, 10, 11, 4, 5, 6, 13, 20, 27, 34, 33, 32, 25, 24, 23, 22, 21, 28, 35, 36, 37, 38, 45, 46, 47, 48]
[00:00:00:39:898] ! Bidirectional. expansions: 5,049, time: 39,532 [ms], path length: 28 [edges], g_F: 14, g_B: 14, generated: {'F': 8,984, 'B': 8,509}, MM: 0, MMPER: -1.0%
[00:00:00:39:898] 
---------- SM_Grids/7x7_grid_with_random_blocks_8per_5 ----------
[00:00:00:06:783] Path of length 26 found: [0, 7, 8, 9, 10, 11, 12, 13, 20, 27, 26, 25, 24, 23, 22, 21, 28, 35, 42, 43, 44, 37, 38, 39, 40, 41, 48]
[00:00:00:06:784] ! Unidirectional s-t. expansions: 2,677, time: 6,783 [ms], path length: 26 [edges], generated: 4,440
[00:00:00:03:112] Path of length 26 found: [48, 41, 40, 39, 46, 45, 44, 37, 36, 35, 28, 21, 22, 23, 24, 25, 26, 27, 20, 13, 12, 11, 10, 3, 2, 1, 0]
[00:00:00:03:112] ! Unidirectional t-s. expansions: 1,179, time: 3,112 [ms], path length: 26 [edges], generated: 1,977
[00:00:01:07:092] Path of length 26 found: [0, 7, 8, 15, 22, 21, 28, 35, 42, 43, 44, 37, 38, 39, 32, 25, 24, 17, 10, 11, 12, 13, 20, 27, 34, 41, 48]
[00:00:01:07:435] ! Bidirectional. expansions: 8,590, time: 67,092 [ms], path length: 26 [edges], g_F: 13, g_B: 13, generated: {'F': 15,127, 'B': 15,084}, MM: 0, MMPER: -1.0%
[00:00:01:07:435] 
---------- SM_Grids/7x7_grid_with_random_blocks_8per_6 ----------
[00:00:00:00:997] Path of length 30 found: [0, 1, 2, 9, 16, 15, 14, 21, 28, 35, 42, 43, 44, 37, 30, 31, 24, 25, 18, 11, 4, 5, 6, 13, 20, 27, 34, 33, 40, 47, 48]
[00:00:00:00:998] ! Unidirectional s-t. expansions: 318, time: 997 [ms], path length: 30 [edges], generated: 522
[00:00:00:03:212] Path of length 30 found: [48, 47, 40, 33, 34, 27, 20, 13, 6, 5, 4, 11, 18, 25, 24, 31, 38, 37, 44, 43, 42, 35, 28, 21, 14, 15, 16, 9, 2, 1, 0]
[00:00:00:03:213] ! Unidirectional t-s. expansions: 1,113, time: 3,212 [ms], path length: 30 [edges], generated: 1,864
[00:00:00:55:076] Path of length 30 found: [0, 1, 2, 9, 16, 15, 14, 21, 28, 35, 42, 43, 44, 37, 30, 31, 24, 25, 18, 11, 4, 5, 6, 13, 20, 27, 34, 33, 40, 47, 48]
[00:00:00:55:416] ! Bidirectional. expansions: 7,531, time: 55,076 [ms], path length: 30 [edges], g_F: 15, g_B: 15, generated: {'F': 12,959, 'B': 11,998}, MM: 0, MMPER: -1.0%
[00:00:00:55:416] 
---------- SM_Grids/7x7_grid_with_random_blocks_8per_7 ----------
[00:00:00:01:433] Path of length 28 found: [0, 7, 14, 15, 16, 9, 2, 3, 4, 5, 12, 19, 18, 25, 24, 31, 30, 29, 28, 35, 42, 43, 44, 45, 46, 39, 40, 41, 48]
[00:00:00:01:433] ! Unidirectional s-t. expansions: 372, time: 1,433 [ms], path length: 28 [edges], generated: 689
[00:00:00:02:898] Path of length 28 found: [48, 41, 40, 39, 46, 45, 44, 43, 42, 35, 28, 29, 30, 31, 24, 25, 26, 19, 12, 5, 4, 3, 2, 9, 16, 15, 14, 7, 0]
[00:00:00:02:898] ! Unidirectional t-s. expansions: 1,144, time: 2,898 [ms], path length: 28 [edges], generated: 1,813
[00:00:00:47:728] Path of length 28 found: [0, 7, 14, 15, 16, 9, 2, 3, 4, 5, 12, 19, 18, 25, 24, 31, 30, 29, 28, 35, 42, 43, 44, 45, 46, 39, 40, 41, 48]
[00:00:00:48:064] ! Bidirectional. expansions: 5,781, time: 47,728 [ms], path length: 28 [edges], g_F: 14, g_B: 14, generated: {'F': 10,481, 'B': 10,482}, MM: 0, MMPER: -1.0%
[00:00:00:48:064] 
---------- SM_Grids/7x7_grid_with_random_blocks_8per_8 ----------
[00:00:00:02:049] Path of length 30 found: [0, 7, 8, 9, 2, 3, 4, 5, 6, 13, 20, 19, 18, 17, 24, 23, 22, 21, 28, 35, 42, 43, 44, 37, 38, 39, 32, 33, 34, 41, 48]
[00:00:00:02:049] ! Unidirectional s-t. expansions: 740, time: 2,049 [ms], path length: 30 [edges], generated: 1,157
[00:00:00:02:949] Path of length 30 found: [48, 41, 34, 33, 32, 39, 38, 37, 44, 43, 42, 35, 28, 21, 22, 23, 24, 17, 18, 19, 20, 13, 6, 5, 4, 3, 2, 9, 8, 7, 0]
[00:00:00:02:950] ! Unidirectional t-s. expansions: 1,509, time: 2,949 [ms], path length: 30 [edges], generated: 1,908
[00:00:00:27:116] Path of length 30 found: [0, 7, 8, 9, 2, 3, 4, 5, 6, 13, 20, 19, 18, 17, 24, 23, 22, 21, 28, 35, 42, 43, 44, 37, 38, 39, 32, 33, 34, 41, 48]
[00:00:00:27:454] ! Bidirectional. expansions: 3,857, time: 27,116 [ms], path length: 30 [edges], g_F: 15, g_B: 15, generated: {'F': 6,027, 'B': 5,937}, MM: 0, MMPER: -1.0%
[00:00:00:27:454] 
---------- SM_Grids/7x7_grid_with_random_blocks_8per_9 ----------
[00:00:00:05:897] Path of length 28 found: [0, 7, 8, 9, 16, 23, 22, 21, 28, 35, 42, 43, 44, 37, 38, 31, 32, 25, 18, 11, 4, 5, 6, 13, 20, 27, 34, 41, 48]
[00:00:00:05:897] ! Unidirectional s-t. expansions: 1,991, time: 5,897 [ms], path length: 28 [edges], generated: 3,255
[00:00:00:03:975] Path of length 28 found: [48, 41, 40, 39, 38, 45, 44, 43, 42, 35, 28, 29, 22, 23, 16, 17, 18, 25, 26, 27, 20, 13, 6, 5, 4, 3, 2, 1, 0]
[00:00:00:03:976] ! Unidirectional t-s. expansions: 1,526, time: 3,975 [ms], path length: 28 [edges], generated: 2,522
[00:00:01:46:112] Path of length 28 found: [0, 7, 14, 21, 28, 35, 42, 43, 44, 45, 38, 31, 30, 23, 16, 9, 2, 3, 4, 5, 6, 13, 20, 27, 26, 33, 40, 41, 48]
[00:00:01:46:450] ! Bidirectional. expansions: 15,280, time: 106,112 [ms], path length: 28 [edges], g_F: 14, g_B: 14, generated: {'F': 23,667, 'B': 25,030}, MM: 0, MMPER: -1.0%

[00:00:01:46:450] average expansions: (1,148, 1,750, 8,873, 0)
[00:00:01:46:450] average time: (3,160, 4,361, 65,588, 0)
[00:00:01:46:450] X-DFBnB: 1,148 , 3,160 (expansions , time[ms])
[00:00:01:46:450] BiX-DFBnB: 8,873 , 65,588 (expansions , time[ms])

