Thu 12 Mar 2026 16:04:40 IST

SLURM_JOBID:		 15618405
SLURM_JOB_NODELIST:	 ise-cpu256-28 

--------------------------
date: SM_Grids
number_of_graphs: 10
graph_type: grid
size_of_graphs: [7, 7]
heuristic: bcc_heuristic
snake: True
run_uni: True
run_bi: True
run_multi: False
solution_vertices: []
algorithms: ['full', 'DFBnB']
bsd: False
cube_first_dims: 4
cube_buffer_dim: None
backward_sym_generation: False
sym_coil: False
prefix_set: None

---------- SM_Grids/7x7_grid_with_random_blocks_8per_0 ----------
[00:00:00:02:351] Path of length 28 found: [0, 1, 2, 9, 16, 15, 22, 21, 28, 35, 42, 43, 44, 37, 30, 31, 32, 25, 18, 11, 4, 5, 6, 13, 20, 27, 34, 41, 48]
[00:00:00:02:351] ! Unidirectional s-t. expansions: 1,749, time: 2,351 [ms], path length: 28 [edges], generated: 3,012
[00:00:00:01:386] Path of length 28 found: [48, 47, 46, 45, 44, 43, 42, 35, 28, 29, 30, 31, 32, 33, 34, 27, 20, 13, 6, 5, 4, 11, 18, 17, 16, 9, 2, 1, 0]
[00:00:00:01:387] ! Unidirectional t-s. expansions: 829, time: 1,387 [ms], path length: 28 [edges], generated: 1,411
[00:00:00:02:755] Path of length 28 found: [48, 47, 46, 45, 44, 43, 42, 35, 28, 29, 30, 31, 32, 33, 26, 27, 20, 13, 6, 5, 4, 11, 18, 17, 16, 9, 8, 7, 0]
[00:00:00:03:121] ! Bidirectional. expansions: 1,359, time: 2,755 [ms], path length: 28 [edges], g_F: 13, g_B: 15, generated: 2,334, MM: 2, MMPER: 5.896551724137931%
[00:00:00:03:121] 
---------- SM_Grids/7x7_grid_with_random_blocks_8per_1 ----------
[00:00:00:01:120] Path of length 24 found: [0, 7, 14, 21, 28, 29, 30, 31, 24, 17, 16, 9, 2, 3, 4, 11, 12, 19, 20, 27, 34, 33, 40, 47, 48]
[00:00:00:01:121] ! Unidirectional s-t. expansions: 778, time: 1,120 [ms], path length: 24 [edges], generated: 1,287
[00:00:00:04:997] Path of length 24 found: [48, 47, 46, 39, 32, 33, 34, 27, 20, 13, 6, 5, 4, 11, 18, 17, 24, 23, 30, 29, 28, 21, 14, 7, 0]
[00:00:00:04:997] ! Unidirectional t-s. expansions: 3,297, time: 4,997 [ms], path length: 24 [edges], generated: 6,117
[00:00:00:03:624] Path of length 24 found: [0, 7, 14, 21, 28, 29, 30, 23, 16, 9, 2, 3, 4, 5, 6, 13, 20, 27, 34, 33, 32, 39, 46, 47, 48]
[00:00:00:03:972] ! Bidirectional. expansions: 1,595, time: 3,624 [ms], path length: 24 [edges], g_F: 9, g_B: 15, generated: 2,989, MM: 6, MMPER: 23.0%
[00:00:00:03:972] 
---------- SM_Grids/7x7_grid_with_random_blocks_8per_2 ----------
[00:00:00:00:519] Path of length 30 found: [0, 7, 8, 9, 2, 3, 4, 5, 6, 13, 20, 19, 18, 17, 24, 23, 22, 21, 28, 35, 36, 43, 44, 45, 38, 39, 32, 33, 34, 41, 48]
[00:00:00:00:519] ! Unidirectional s-t. expansions: 260, time: 519 [ms], path length: 30 [edges], generated: 443
[00:00:00:01:224] Path of length 30 found: [48, 41, 34, 33, 32, 39, 38, 45, 44, 43, 36, 35, 28, 21, 22, 23, 24, 17, 18, 19, 20, 13, 6, 5, 4, 3, 2, 9, 8, 7, 0]
[00:00:00:01:224] ! Unidirectional t-s. expansions: 597, time: 1,224 [ms], path length: 30 [edges], generated: 1,013
[00:00:00:01:734] Path of length 30 found: [0, 7, 8, 9, 2, 3, 4, 5, 6, 13, 20, 19, 18, 17, 24, 23, 22, 21, 28, 35, 36, 43, 44, 45, 38, 39, 32, 33, 34, 41, 48]
[00:00:00:02:078] ! Bidirectional. expansions: 742, time: 1,734 [ms], path length: 30 [edges], g_F: 15, g_B: 15, generated: 1,274, MM: 0, MMPER: -1.0%
[00:00:00:02:079] 
---------- SM_Grids/7x7_grid_with_random_blocks_8per_3 ----------
[00:00:00:02:016] Path of length 28 found: [0, 7, 14, 21, 28, 35, 42, 43, 44, 37, 30, 31, 24, 17, 16, 9, 2, 3, 4, 11, 12, 13, 20, 27, 26, 33, 40, 47, 48]
[00:00:00:02:016] ! Unidirectional s-t. expansions: 1,529, time: 2,016 [ms], path length: 28 [edges], generated: 2,339
[00:00:00:02:555] Path of length 28 found: [48, 47, 46, 39, 32, 33, 26, 27, 20, 13, 6, 5, 4, 11, 18, 17, 24, 23, 30, 37, 44, 43, 42, 35, 28, 21, 14, 7, 0]
[00:00:00:02:556] ! Unidirectional t-s. expansions: 2,316, time: 2,555 [ms], path length: 28 [edges], generated: 3,331
[00:00:00:02:782] Path of length 28 found: [48, 41, 40, 39, 46, 45, 44, 43, 42, 35, 28, 21, 22, 23, 24, 25, 26, 27, 20, 13, 6, 5, 4, 3, 2, 9, 8, 7, 0]
[00:00:00:03:125] ! Bidirectional. expansions: 1,318, time: 2,782 [ms], path length: 28 [edges], g_F: 14, g_B: 14, generated: 2,312, MM: 0, MMPER: -1.0%
[00:00:00:03:125] 
---------- SM_Grids/7x7_grid_with_random_blocks_8per_4 ----------
[00:00:00:00:873] Path of length 28 found: [0, 1, 2, 9, 16, 15, 14, 21, 28, 35, 36, 37, 30, 31, 24, 25, 18, 11, 4, 5, 6, 13, 20, 27, 34, 33, 40, 47, 48]
[00:00:00:00:874] ! Unidirectional s-t. expansions: 447, time: 873 [ms], path length: 28 [edges], generated: 815
[00:00:00:01:032] Path of length 28 found: [48, 47, 40, 33, 34, 27, 20, 13, 6, 5, 4, 11, 18, 25, 24, 31, 30, 37, 36, 35, 28, 21, 14, 15, 16, 9, 2, 1, 0]
[00:00:00:01:033] ! Unidirectional t-s. expansions: 537, time: 1,033 [ms], path length: 28 [edges], generated: 926
[00:00:00:01:681] Path of length 28 found: [0, 1, 2, 9, 16, 15, 14, 21, 28, 35, 36, 37, 30, 31, 24, 25, 18, 11, 4, 5, 6, 13, 20, 27, 34, 33, 40, 47, 48]
[00:00:00:02:048] ! Bidirectional. expansions: 761, time: 1,681 [ms], path length: 28 [edges], g_F: 13, g_B: 15, generated: 1,336, MM: 2, MMPER: 5.896551724137931%
[00:00:00:02:048] 
---------- SM_Grids/7x7_grid_with_random_blocks_8per_5 ----------
[00:00:00:03:250] Path of length 26 found: [0, 1, 8, 15, 14, 21, 28, 35, 42, 43, 44, 37, 30, 23, 24, 17, 10, 11, 12, 13, 20, 27, 26, 33, 40, 41, 48]
[00:00:00:03:250] ! Unidirectional s-t. expansions: 2,028, time: 3,250 [ms], path length: 26 [edges], generated: 3,787
[00:00:00:01:639] Path of length 26 found: [48, 41, 40, 39, 46, 45, 44, 43, 42, 35, 28, 29, 30, 23, 24, 25, 26, 27, 20, 13, 12, 11, 10, 3, 2, 1, 0]
[00:00:00:01:639] ! Unidirectional t-s. expansions: 1,207, time: 1,639 [ms], path length: 26 [edges], generated: 1,931
[00:00:00:04:081] Path of length 26 found: [0, 1, 2, 9, 10, 11, 12, 13, 20, 27, 26, 25, 24, 23, 30, 29, 28, 35, 42, 43, 44, 45, 46, 39, 40, 41, 48]
[00:00:00:04:423] ! Bidirectional. expansions: 1,785, time: 4,081 [ms], path length: 26 [edges], g_F: 10, g_B: 16, generated: 3,449, MM: 6, MMPER: 21.22222222222222%
[00:00:00:04:423] 
---------- SM_Grids/7x7_grid_with_random_blocks_8per_6 ----------
[00:00:00:00:594] Path of length 30 found: [0, 1, 2, 9, 16, 15, 14, 21, 28, 35, 42, 43, 44, 37, 30, 31, 24, 25, 18, 11, 4, 5, 6, 13, 20, 27, 34, 33, 40, 47, 48]
[00:00:00:00:595] ! Unidirectional s-t. expansions: 321, time: 594 [ms], path length: 30 [edges], generated: 522
[00:00:00:01:053] Path of length 30 found: [48, 47, 40, 33, 34, 27, 20, 13, 6, 5, 4, 11, 18, 25, 24, 31, 38, 37, 44, 43, 42, 35, 28, 21, 14, 15, 16, 9, 2, 1, 0]
[00:00:00:01:053] ! Unidirectional t-s. expansions: 487, time: 1,053 [ms], path length: 30 [edges], generated: 822
[00:00:00:01:539] Path of length 30 found: [0, 1, 2, 9, 16, 15, 14, 21, 28, 35, 42, 43, 44, 37, 30, 31, 24, 25, 18, 11, 4, 5, 6, 13, 20, 27, 34, 33, 40, 47, 48]
[00:00:00:01:885] ! Bidirectional. expansions: 672, time: 1,539 [ms], path length: 30 [edges], g_F: 14, g_B: 16, generated: 1,139, MM: 2, MMPER: 5.451612903225806%
[00:00:00:01:885] 
---------- SM_Grids/7x7_grid_with_random_blocks_8per_7 ----------
[00:00:00:00:774] Path of length 28 found: [0, 7, 14, 15, 16, 9, 2, 3, 4, 5, 12, 19, 18, 25, 24, 31, 30, 29, 28, 35, 42, 43, 44, 45, 46, 39, 40, 41, 48]
[00:00:00:00:775] ! Unidirectional s-t. expansions: 347, time: 774 [ms], path length: 28 [edges], generated: 630
[00:00:00:00:944] Path of length 28 found: [48, 41, 40, 39, 46, 45, 44, 43, 42, 35, 28, 29, 30, 31, 24, 25, 18, 19, 12, 5, 4, 3, 2, 9, 16, 15, 14, 7, 0]
[00:00:00:00:944] ! Unidirectional t-s. expansions: 463, time: 944 [ms], path length: 28 [edges], generated: 806
[00:00:00:01:242] Path of length 28 found: [0, 7, 14, 15, 16, 9, 2, 3, 4, 5, 12, 19, 18, 25, 24, 31, 30, 29, 28, 35, 42, 43, 44, 45, 46, 39, 40, 41, 48]
[00:00:00:01:588] ! Bidirectional. expansions: 512, time: 1,242 [ms], path length: 28 [edges], g_F: 13, g_B: 15, generated: 921, MM: 2, MMPER: 5.896551724137931%
[00:00:00:01:588] 
---------- SM_Grids/7x7_grid_with_random_blocks_8per_8 ----------
[00:00:00:00:797] Path of length 30 found: [0, 7, 8, 9, 2, 3, 4, 5, 6, 13, 20, 19, 18, 17, 24, 23, 22, 21, 28, 35, 42, 43, 44, 37, 38, 39, 32, 33, 34, 41, 48]
[00:00:00:00:797] ! Unidirectional s-t. expansions: 430, time: 797 [ms], path length: 30 [edges], generated: 670
[00:00:00:00:808] Path of length 30 found: [48, 41, 34, 33, 32, 39, 38, 37, 44, 43, 42, 35, 28, 21, 22, 23, 24, 17, 18, 19, 20, 13, 6, 5, 4, 3, 2, 9, 8, 7, 0]
[00:00:00:00:808] ! Unidirectional t-s. expansions: 380, time: 808 [ms], path length: 30 [edges], generated: 681
[00:00:00:01:397] Path of length 30 found: [0, 7, 8, 9, 2, 3, 4, 5, 6, 13, 20, 19, 18, 17, 24, 23, 22, 21, 28, 35, 42, 43, 44, 37, 38, 39, 32, 33, 34, 41, 48]
[00:00:00:01:738] ! Bidirectional. expansions: 651, time: 1,397 [ms], path length: 30 [edges], g_F: 15, g_B: 15, generated: 1,098, MM: 0, MMPER: -1.0%
[00:00:00:01:738] 
---------- SM_Grids/7x7_grid_with_random_blocks_8per_9 ----------
[00:00:00:03:009] Path of length 28 found: [0, 1, 2, 3, 4, 5, 12, 13, 20, 27, 26, 25, 18, 17, 16, 15, 14, 21, 28, 35, 42, 43, 44, 37, 38, 39, 40, 41, 48]
[00:00:00:03:010] ! Unidirectional s-t. expansions: 1,743, time: 3,009 [ms], path length: 28 [edges], generated: 3,001
[00:00:00:02:100] Path of length 28 found: [48, 41, 40, 39, 32, 25, 26, 27, 20, 13, 6, 5, 4, 3, 10, 17, 16, 23, 30, 37, 44, 43, 42, 35, 28, 21, 14, 7, 0]
[00:00:00:02:100] ! Unidirectional t-s. expansions: 1,568, time: 2,100 [ms], path length: 28 [edges], generated: 2,522
[00:00:00:03:989] Path of length 28 found: [48, 41, 34, 27, 20, 13, 6, 5, 4, 11, 18, 25, 32, 39, 38, 45, 44, 43, 42, 35, 28, 21, 14, 15, 16, 9, 2, 1, 0]
[00:00:00:04:380] ! Bidirectional. expansions: 1,948, time: 3,989 [ms], path length: 28 [edges], g_F: 15, g_B: 13, generated: 3,355, MM: 2, MMPER: 5.896551724137931%

[00:00:00:04:380] average expansions: (963, 1,168, 1,134, 0)
[00:00:00:04:380] average time: (1,530, 1,774, 2,482, 0)
[00:00:00:04:380] A*: 963 , 1,530 (expansions , time[ms])
[00:00:00:04:380] XMM: 1,134 , 2,482 (expansions , time[ms])

[00:00:00:04:380] 
---------- SM_Grids/7x7_grid_with_random_blocks_8per_0 ----------
[00:00:00:00:167] New longest path found with length 18 at expansion 112
[00:00:00:00:187] New longest path found with length 28 at expansion 124
[00:00:00:05:087] Path of length 28 found: [0, 7, 8, 15, 16, 17, 10, 3, 4, 5, 12, 19, 20, 27, 34, 33, 32, 31, 30, 29, 28, 35, 42, 43, 44, 45, 46, 47, 48]
[00:00:00:05:088] ! Unidirectional s-t. expansions: 1,815, time: 5,088 [ms], path length: 28 [edges], generated: 3,123
[00:00:00:00:358] New longest path found with length 14 at expansion 250
[00:00:00:00:856] New longest path found with length 26 at expansion 664
[00:00:00:00:867] New longest path found with length 28 at expansion 673
[00:00:00:03:582] Path of length 28 found: [48, 41, 34, 27, 20, 13, 6, 5, 4, 3, 10, 17, 18, 25, 32, 39, 46, 45, 44, 37, 36, 35, 28, 21, 22, 15, 8, 1, 0]
[00:00:00:03:582] ! Unidirectional t-s. expansions: 1,479, time: 3,582 [ms], path length: 28 [edges], generated: 2,067
[00:00:00:00:067] New longest path found with length 28 at expansion 14
[00:00:00:01:122] Path of length 28 found: [0, 7, 8, 15, 22, 21, 28, 35, 42, 43, 44, 37, 30, 31, 32, 25, 18, 17, 10, 3, 4, 5, 6, 13, 20, 27, 34, 41, 48]
[00:00:00:01:492] ! Bidirectional. expansions: 171, time: 1,123 [ms], path length: 28 [edges], g_F: 14, g_B: 14, generated: {'F': 297, 'B': 333}, MM: 0, MMPER: -1.0%
[00:00:00:01:492] 
---------- SM_Grids/7x7_grid_with_random_blocks_8per_1 ----------
[00:00:00:00:078] New longest path found with length 22 at expansion 22
[00:00:00:00:096] New longest path found with length 24 at expansion 35
[00:00:00:02:262] Path of length 24 found: [0, 7, 14, 21, 28, 29, 30, 23, 16, 9, 2, 3, 4, 5, 12, 19, 20, 27, 34, 33, 32, 39, 46, 47, 48]
[00:00:00:02:262] ! Unidirectional s-t. expansions: 765, time: 2,262 [ms], path length: 24 [edges], generated: 1,313
[00:00:00:00:356] New longest path found with length 12 at expansion 249
[00:00:00:01:678] New longest path found with length 20 at expansion 1,240
[00:00:00:01:698] New longest path found with length 22 at expansion 1,258
[00:00:00:02:580] New longest path found with length 24 at expansion 1,836
[00:00:00:11:881] Path of length 24 found: [48, 47, 46, 39, 32, 33, 34, 27, 20, 13, 6, 5, 4, 3, 2, 9, 16, 23, 30, 29, 28, 21, 14, 7, 0]
[00:00:00:11:881] ! Unidirectional t-s. expansions: 4,937, time: 11,881 [ms], path length: 24 [edges], generated: 7,770
[00:00:00:00:066] New longest path found with length 12 at expansion 17
[00:00:00:00:077] New longest path found with length 14 at expansion 19
[00:00:00:00:091] New longest path found with length 24 at expansion 25
[00:00:00:01:508] Path of length 24 found: [0, 7, 14, 21, 28, 29, 30, 23, 16, 9, 2, 3, 4, 5, 6, 13, 20, 19, 26, 25, 32, 39, 40, 47, 48]
[00:00:00:01:848] ! Bidirectional. expansions: 237, time: 1,508 [ms], path length: 24 [edges], g_F: 12, g_B: 12, generated: {'F': 478, 'B': 462}, MM: 0, MMPER: -1.0%
[00:00:00:01:848] 
---------- SM_Grids/7x7_grid_with_random_blocks_8per_2 ----------
[00:00:00:00:088] New longest path found with length 28 at expansion 27
[00:00:00:02:346] New longest path found with length 30 at expansion 772
[00:00:00:02:586] Path of length 30 found: [0, 7, 8, 9, 2, 3, 4, 5, 6, 13, 20, 19, 18, 17, 24, 23, 22, 21, 28, 35, 36, 43, 44, 45, 38, 39, 32, 33, 34, 41, 48]
[00:00:00:02:586] ! Unidirectional s-t. expansions: 833, time: 2,586 [ms], path length: 30 [edges], generated: 1,393
[00:00:00:00:266] New longest path found with length 16 at expansion 194
[00:00:00:00:291] New longest path found with length 26 at expansion 206
[00:00:00:00:307] New longest path found with length 28 at expansion 218
[00:00:00:04:492] New longest path found with length 30 at expansion 1,454
[00:00:00:05:006] Path of length 30 found: [48, 41, 34, 33, 32, 39, 38, 45, 44, 43, 36, 35, 28, 21, 22, 23, 24, 17, 18, 19, 20, 13, 6, 5, 4, 3, 2, 9, 8, 7, 0]
[00:00:00:05:007] ! Unidirectional t-s. expansions: 1,582, time: 5,006 [ms], path length: 30 [edges], generated: 2,698
[00:00:00:00:063] New longest path found with length 14 at expansion 11
[00:00:00:00:067] New longest path found with length 16 at expansion 13
[00:00:00:00:103] New longest path found with length 28 at expansion 24
[00:00:00:01:539] New longest path found with length 30 at expansion 275
[00:00:00:01:577] Path of length 30 found: [0, 7, 8, 9, 2, 3, 4, 5, 6, 13, 20, 19, 18, 17, 24, 23, 22, 21, 28, 35, 36, 43, 44, 45, 38, 39, 32, 33, 34, 41, 48]
[00:00:00:01:917] ! Bidirectional. expansions: 280, time: 1,577 [ms], path length: 30 [edges], g_F: 15, g_B: 15, generated: {'F': 542, 'B': 482}, MM: 0, MMPER: -1.0%
[00:00:00:01:917] 
---------- SM_Grids/7x7_grid_with_random_blocks_8per_3 ----------
[00:00:00:00:088] New longest path found with length 28 at expansion 27
[00:00:00:03:950] Path of length 28 found: [0, 7, 14, 21, 28, 35, 42, 43, 44, 37, 30, 23, 16, 9, 2, 3, 4, 5, 12, 13, 20, 27, 26, 25, 32, 39, 46, 47, 48]
[00:00:00:03:951] ! Unidirectional s-t. expansions: 1,495, time: 3,950 [ms], path length: 28 [edges], generated: 2,352
[00:00:00:00:084] New longest path found with length 28 at expansion 27
[00:00:00:05:286] Path of length 28 found: [48, 41, 40, 33, 26, 27, 20, 13, 6, 5, 4, 3, 2, 9, 16, 17, 24, 31, 38, 37, 44, 43, 42, 35, 28, 21, 14, 7, 0]
[00:00:00:05:286] ! Unidirectional t-s. expansions: 2,242, time: 5,286 [ms], path length: 28 [edges], generated: 3,335
[00:00:00:00:053] New longest path found with length 18 at expansion 9
[00:00:00:00:075] New longest path found with length 28 at expansion 17
[00:00:00:01:812] Path of length 28 found: [0, 7, 14, 21, 28, 35, 42, 43, 44, 37, 30, 23, 16, 9, 2, 3, 4, 5, 6, 13, 20, 19, 18, 25, 32, 33, 40, 41, 48]
[00:00:00:02:152] ! Bidirectional. expansions: 373, time: 1,812 [ms], path length: 28 [edges], g_F: 14, g_B: 14, generated: {'F': 645, 'B': 631}, MM: 0, MMPER: -1.0%
[00:00:00:02:152] 
---------- SM_Grids/7x7_grid_with_random_blocks_8per_4 ----------
[00:00:00:00:084] New longest path found with length 26 at expansion 25
[00:00:00:00:213] New longest path found with length 28 at expansion 72
[00:00:00:01:618] Path of length 28 found: [0, 1, 2, 9, 10, 11, 4, 5, 6, 13, 20, 27, 34, 33, 32, 25, 24, 23, 22, 21, 28, 35, 36, 37, 38, 45, 46, 47, 48]
[00:00:00:01:618] ! Unidirectional s-t. expansions: 472, time: 1,618 [ms], path length: 28 [edges], generated: 858
[00:00:00:00:124] New longest path found with length 18 at expansion 69
[00:00:00:00:151] New longest path found with length 20 at expansion 90
[00:00:00:00:192] New longest path found with length 26 at expansion 122
[00:00:00:01:330] New longest path found with length 28 at expansion 444
[00:00:00:02:469] Path of length 28 found: [48, 47, 46, 45, 38, 37, 36, 35, 28, 21, 22, 23, 24, 25, 32, 33, 34, 27, 20, 13, 6, 5, 4, 11, 10, 9, 2, 1, 0]
[00:00:00:02:470] ! Unidirectional t-s. expansions: 784, time: 2,469 [ms], path length: 28 [edges], generated: 1,315
[00:00:00:00:059] New longest path found with length 18 at expansion 9
[00:00:00:00:088] New longest path found with length 24 at expansion 17
[00:00:00:00:101] New longest path found with length 26 at expansion 23
[00:00:00:00:793] New longest path found with length 28 at expansion 166
[00:00:00:01:561] Path of length 28 found: [0, 1, 2, 9, 10, 11, 4, 5, 6, 13, 20, 27, 34, 33, 32, 25, 24, 23, 22, 21, 28, 35, 36, 37, 38, 45, 46, 47, 48]
[00:00:00:01:906] ! Bidirectional. expansions: 265, time: 1,561 [ms], path length: 28 [edges], g_F: 14, g_B: 14, generated: {'F': 476, 'B': 523}, MM: 0, MMPER: -1.0%
[00:00:00:01:906] 
---------- SM_Grids/7x7_grid_with_random_blocks_8per_5 ----------
[00:00:00:00:811] New longest path found with length 12 at expansion 655
[00:00:00:00:845] New longest path found with length 26 at expansion 672
[00:00:00:07:032] Path of length 26 found: [0, 7, 8, 9, 10, 11, 12, 13, 20, 27, 26, 25, 24, 23, 22, 21, 28, 35, 42, 43, 44, 37, 38, 39, 40, 41, 48]
[00:00:00:07:032] ! Unidirectional s-t. expansions: 2,677, time: 7,032 [ms], path length: 26 [edges], generated: 4,440
[00:00:00:00:070] New longest path found with length 18 at expansion 17
[00:00:00:00:089] New longest path found with length 22 at expansion 26
[00:00:00:00:104] New longest path found with length 24 at expansion 35
[00:00:00:00:162] New longest path found with length 26 at expansion 61
[00:00:00:03:104] Path of length 26 found: [48, 41, 40, 39, 46, 45, 44, 37, 36, 35, 28, 21, 22, 23, 24, 25, 26, 27, 20, 13, 12, 11, 10, 3, 2, 1, 0]
[00:00:00:03:105] ! Unidirectional t-s. expansions: 1,179, time: 3,104 [ms], path length: 26 [edges], generated: 1,977
[00:00:00:00:066] New longest path found with length 24 at expansion 13
[00:00:00:00:227] New longest path found with length 26 at expansion 44
[00:00:00:01:875] Path of length 26 found: [0, 7, 8, 15, 22, 21, 28, 35, 42, 43, 44, 37, 38, 39, 32, 25, 24, 17, 10, 11, 12, 13, 20, 27, 34, 41, 48]
[00:00:00:02:250] ! Bidirectional. expansions: 352, time: 1,875 [ms], path length: 26 [edges], g_F: 13, g_B: 13, generated: {'F': 638, 'B': 679}, MM: 0, MMPER: -1.0%
[00:00:00:02:250] 
---------- SM_Grids/7x7_grid_with_random_blocks_8per_6 ----------
[00:00:00:00:089] New longest path found with length 30 at expansion 31
[00:00:00:01:037] Path of length 30 found: [0, 1, 2, 9, 16, 15, 14, 21, 28, 35, 42, 43, 44, 37, 30, 31, 24, 25, 18, 11, 4, 5, 6, 13, 20, 27, 34, 33, 40, 47, 48]
[00:00:00:01:037] ! Unidirectional s-t. expansions: 318, time: 1,037 [ms], path length: 30 [edges], generated: 522
[00:00:00:00:065] New longest path found with length 16 at expansion 15
[00:00:00:00:099] New longest path found with length 26 at expansion 33
[00:00:00:00:337] New longest path found with length 28 at expansion 180
[00:00:00:02:606] New longest path found with length 30 at expansion 919
[00:00:00:03:346] Path of length 30 found: [48, 47, 40, 33, 34, 27, 20, 13, 6, 5, 4, 11, 18, 25, 24, 31, 38, 37, 44, 43, 42, 35, 28, 21, 14, 15, 16, 9, 2, 1, 0]
[00:00:00:03:346] ! Unidirectional t-s. expansions: 1,113, time: 3,346 [ms], path length: 30 [edges], generated: 1,864
[00:00:00:00:067] New longest path found with length 22 at expansion 11
[00:00:00:00:128] New longest path found with length 28 at expansion 27
[00:00:00:00:881] New longest path found with length 30 at expansion 194
[00:00:00:01:008] Path of length 30 found: [0, 1, 2, 9, 16, 15, 14, 21, 28, 35, 42, 43, 44, 37, 30, 31, 24, 25, 18, 11, 4, 5, 6, 13, 20, 27, 34, 33, 40, 47, 48]
[00:00:00:01:346] ! Bidirectional. expansions: 212, time: 1,008 [ms], path length: 30 [edges], g_F: 15, g_B: 15, generated: {'F': 368, 'B': 366}, MM: 0, MMPER: -1.0%
[00:00:00:01:347] 
---------- SM_Grids/7x7_grid_with_random_blocks_8per_7 ----------
[00:00:00:00:123] New longest path found with length 26 at expansion 25
[00:00:00:00:339] New longest path found with length 28 at expansion 90
[00:00:00:01:475] Path of length 28 found: [0, 7, 14, 15, 16, 9, 2, 3, 4, 5, 12, 19, 18, 25, 24, 31, 30, 29, 28, 35, 42, 43, 44, 45, 46, 39, 40, 41, 48]
[00:00:00:01:475] ! Unidirectional s-t. expansions: 372, time: 1,475 [ms], path length: 28 [edges], generated: 689
[00:00:00:00:364] New longest path found with length 14 at expansion 282
[00:00:00:00:393] New longest path found with length 26 at expansion 296
[00:00:00:02:027] New longest path found with length 28 at expansion 895
[00:00:00:03:026] Path of length 28 found: [48, 41, 40, 39, 46, 45, 44, 43, 42, 35, 28, 29, 30, 31, 24, 25, 26, 19, 12, 5, 4, 3, 2, 9, 16, 15, 14, 7, 0]
[00:00:00:03:026] ! Unidirectional t-s. expansions: 1,144, time: 3,026 [ms], path length: 28 [edges], generated: 1,813
[00:00:00:00:079] New longest path found with length 26 at expansion 13
[00:00:00:00:276] New longest path found with length 28 at expansion 44
[00:00:00:00:621] Path of length 28 found: [0, 7, 14, 15, 16, 9, 2, 3, 4, 11, 12, 19, 26, 25, 24, 31, 30, 29, 28, 35, 42, 43, 44, 45, 46, 39, 40, 41, 48]
[00:00:00:00:985] ! Bidirectional. expansions: 84, time: 621 [ms], path length: 28 [edges], g_F: 14, g_B: 14, generated: {'F': 173, 'B': 167}, MM: 0, MMPER: -1.0%
[00:00:00:00:985] 
---------- SM_Grids/7x7_grid_with_random_blocks_8per_8 ----------
[00:00:00:00:085] New longest path found with length 28 at expansion 27
[00:00:00:00:952] New longest path found with length 30 at expansion 386
[00:00:00:02:122] Path of length 30 found: [0, 7, 8, 9, 2, 3, 4, 5, 6, 13, 20, 19, 18, 17, 24, 23, 22, 21, 28, 35, 42, 43, 44, 37, 38, 39, 32, 33, 34, 41, 48]
[00:00:00:02:122] ! Unidirectional s-t. expansions: 740, time: 2,122 [ms], path length: 30 [edges], generated: 1,157
[00:00:00:00:248] New longest path found with length 14 at expansion 185
[00:00:00:01:153] New longest path found with length 28 at expansion 930
[00:00:00:02:148] New longest path found with length 30 at expansion 1,279
[00:00:00:02:970] Path of length 30 found: [48, 41, 34, 33, 32, 39, 38, 37, 44, 43, 42, 35, 28, 21, 22, 23, 24, 17, 18, 19, 20, 13, 6, 5, 4, 3, 2, 9, 8, 7, 0]
[00:00:00:02:970] ! Unidirectional t-s. expansions: 1,509, time: 2,970 [ms], path length: 30 [edges], generated: 1,908
[00:00:00:00:066] New longest path found with length 26 at expansion 13
[00:00:00:00:076] New longest path found with length 28 at expansion 18
[00:00:00:00:651] New longest path found with length 30 at expansion 151
[00:00:00:00:887] Path of length 30 found: [0, 7, 8, 9, 2, 3, 4, 5, 6, 13, 20, 19, 18, 17, 24, 23, 22, 21, 28, 35, 42, 43, 44, 37, 38, 39, 32, 33, 34, 41, 48]
[00:00:00:01:223] ! Bidirectional. expansions: 178, time: 887 [ms], path length: 30 [edges], g_F: 15, g_B: 15, generated: {'F': 312, 'B': 296}, MM: 0, MMPER: -1.0%
[00:00:00:01:223] 
---------- SM_Grids/7x7_grid_with_random_blocks_8per_9 ----------
[00:00:00:00:331] New longest path found with length 18 at expansion 257
[00:00:00:00:469] New longest path found with length 28 at expansion 305
[00:00:00:05:776] Path of length 28 found: [0, 7, 8, 9, 16, 23, 22, 21, 28, 35, 42, 43, 44, 37, 38, 31, 32, 25, 18, 11, 4, 5, 6, 13, 20, 27, 34, 41, 48]
[00:00:00:05:776] ! Unidirectional s-t. expansions: 1,991, time: 5,776 [ms], path length: 28 [edges], generated: 3,255
[00:00:00:00:084] New longest path found with length 28 at expansion 27
[00:00:00:04:117] Path of length 28 found: [48, 41, 40, 39, 38, 45, 44, 43, 42, 35, 28, 29, 22, 23, 16, 17, 18, 25, 26, 27, 20, 13, 6, 5, 4, 3, 2, 1, 0]
[00:00:00:04:117] ! Unidirectional t-s. expansions: 1,526, time: 4,117 [ms], path length: 28 [edges], generated: 2,522
[00:00:00:00:063] New longest path found with length 28 at expansion 14
[00:00:00:01:151] Path of length 28 found: [0, 7, 8, 15, 22, 21, 28, 35, 42, 43, 44, 37, 30, 31, 32, 25, 18, 17, 10, 3, 4, 5, 6, 13, 20, 27, 34, 41, 48]
[00:00:00:01:496] ! Bidirectional. expansions: 236, time: 1,151 [ms], path length: 28 [edges], g_F: 14, g_B: 14, generated: {'F': 412, 'B': 401}, MM: 0, MMPER: -1.0%

[00:00:00:01:496] average expansions: (1,148, 1,750, 239, 0)
[00:00:00:01:496] average time: (3,295, 4,479, 1,312, 0)
[00:00:00:01:496] X-DFBnB: 1,148 , 3,295 (expansions , time[ms])
[00:00:00:01:496] BiX-DFBnB: 239 , 1,312 (expansions , time[ms])

