Mon 09 Mar 2026 17:31:53 IST

SLURM_JOBID:		 15365916
SLURM_JOB_NODELIST:	 ise-cpu256-07 

--------------------------
date: SM_Grids
number_of_graphs: 10
graph_type: grid
size_of_graphs: [7, 8]
heuristic: bcc_heuristic
snake: True
run_uni: True
run_bi: True
run_multi: False
solution_vertices: []
algorithms: ['DFBnB']
bsd: False
cube_first_dims: 4
cube_buffer_dim: None
backward_sym_generation: False
sym_coil: False
prefix_set: None

---------- SM_Grids/7x8_grid_with_random_blocks_20per_0 ----------
[00:00:00:01:316] Path of length 19 found: [0, 8, 16, 17, 18, 19, 11, 3, 4, 5, 6, 7, 15, 23, 22, 30, 38, 46, 47, 55]
[00:00:00:01:316] ! Unidirectional s-t. expansions: 1,247, time: 1,316 [ms], path length: 19 [edges], generated: 1,310
[00:00:00:00:148] Path of length 19 found: [55, 47, 46, 38, 30, 22, 23, 15, 7, 6, 5, 4, 3, 11, 19, 18, 17, 9, 1, 0]
[00:00:00:00:148] ! Unidirectional t-s. expansions: 68, time: 148 [ms], path length: 19 [edges], generated: 95
[00:00:00:00:359] Path of length 19 found: [0, 1, 9, 17, 18, 19, 11, 3, 4, 5, 6, 7, 15, 23, 22, 30, 38, 46, 47, 55]
[00:00:00:00:751] ! Bidirectional. expansions: 558, time: 359 [ms], path length: 19 [edges], g_F: 10, g_B: 9, generated: {'F': 324, 'B': 361}, MM: 1, MMPER: 4.0%
[00:00:00:00:751] 
---------- SM_Grids/7x8_grid_with_random_blocks_20per_1 ----------
[00:00:00:00:491] Path of length 27 found: [0, 8, 16, 24, 32, 40, 41, 42, 34, 26, 18, 10, 2, 3, 4, 12, 13, 14, 22, 30, 29, 28, 36, 44, 45, 46, 54, 55]
[00:00:00:00:491] ! Unidirectional s-t. expansions: 191, time: 491 [ms], path length: 27 [edges], generated: 330
[00:00:00:00:424] Path of length 27 found: [55, 54, 46, 38, 30, 22, 14, 13, 5, 4, 3, 2, 10, 18, 26, 27, 28, 36, 44, 43, 42, 41, 40, 32, 24, 16, 8, 0]
[00:00:00:00:424] ! Unidirectional t-s. expansions: 134, time: 424 [ms], path length: 27 [edges], generated: 225
[00:00:00:01:784] Path of length 27 found: [0, 8, 16, 24, 32, 40, 41, 42, 43, 44, 36, 28, 27, 26, 18, 10, 2, 3, 4, 5, 13, 14, 22, 30, 38, 46, 54, 55]
[00:00:00:02:163] ! Bidirectional. expansions: 1,528, time: 1,784 [ms], path length: 27 [edges], g_F: 14, g_B: 13, generated: {'F': 1,369, 'B': 1,236}, MM: 1, MMPER: 2.5714285714285716%
[00:00:00:02:163] 
---------- SM_Grids/7x8_grid_with_random_blocks_20per_2 ----------
[00:00:00:00:301] Path of length 21 found: [0, 1, 2, 3, 11, 19, 18, 17, 16, 24, 32, 40, 41, 42, 34, 35, 36, 44, 45, 53, 54, 55]
[00:00:00:00:301] ! Unidirectional s-t. expansions: 91, time: 301 [ms], path length: 21 [edges], generated: 160
[00:00:00:00:184] Path of length 21 found: [55, 54, 53, 45, 44, 36, 35, 34, 42, 41, 40, 32, 24, 16, 17, 18, 19, 11, 3, 2, 1, 0]
[00:00:00:00:184] ! Unidirectional t-s. expansions: 63, time: 184 [ms], path length: 21 [edges], generated: 104
[00:00:00:00:460] Path of length 21 found: [0, 1, 2, 3, 11, 19, 18, 17, 16, 24, 32, 40, 41, 42, 34, 35, 36, 44, 45, 53, 54, 55]
[00:00:00:00:867] ! Bidirectional. expansions: 372, time: 460 [ms], path length: 21 [edges], g_F: 11, g_B: 10, generated: {'F': 294, 'B': 342}, MM: 1, MMPER: 3.545454545454546%
[00:00:00:00:867] 
---------- SM_Grids/7x8_grid_with_random_blocks_20per_3 ----------
[00:00:00:00:473] Path of length 23 found: [0, 8, 16, 24, 25, 26, 18, 10, 11, 12, 4, 5, 6, 14, 15, 23, 31, 30, 29, 37, 45, 46, 47, 55]
[00:00:00:00:473] ! Unidirectional s-t. expansions: 186, time: 473 [ms], path length: 23 [edges], generated: 280
[00:00:00:01:510] Path of length 23 found: [55, 47, 39, 38, 37, 29, 21, 22, 23, 15, 7, 6, 5, 4, 12, 11, 19, 18, 26, 25, 24, 16, 8, 0]
[00:00:00:01:510] ! Unidirectional t-s. expansions: 603, time: 1,510 [ms], path length: 23 [edges], generated: 1,005
[00:00:00:01:262] Path of length 23 found: [0, 8, 16, 24, 25, 26, 18, 10, 11, 12, 4, 5, 6, 7, 15, 23, 22, 21, 29, 37, 38, 39, 47, 55]
[00:00:00:01:636] ! Bidirectional. expansions: 1,492, time: 1,262 [ms], path length: 23 [edges], g_F: 12, g_B: 11, generated: {'F': 794, 'B': 1,162}, MM: 1, MMPER: 3.166666666666667%
[00:00:00:01:636] 
---------- SM_Grids/7x8_grid_with_random_blocks_20per_4 ----------
[00:00:00:00:772] Path of length 21 found: [0, 8, 16, 17, 18, 26, 27, 28, 20, 12, 4, 5, 6, 14, 15, 23, 31, 30, 38, 46, 47, 55]
[00:00:00:00:772] ! Unidirectional s-t. expansions: 233, time: 772 [ms], path length: 21 [edges], generated: 438
[00:00:00:01:214] Path of length 21 found: [55, 47, 46, 38, 30, 31, 23, 15, 14, 6, 5, 4, 12, 20, 28, 27, 26, 25, 17, 9, 1, 0]
[00:00:00:01:214] ! Unidirectional t-s. expansions: 427, time: 1,214 [ms], path length: 21 [edges], generated: 740
[00:00:00:03:553] Path of length 21 found: [0, 1, 2, 10, 18, 26, 27, 28, 20, 12, 4, 5, 6, 14, 15, 23, 31, 30, 38, 46, 47, 55]
[00:00:00:03:946] ! Bidirectional. expansions: 3,366, time: 3,553 [ms], path length: 21 [edges], g_F: 11, g_B: 10, generated: {'F': 2,449, 'B': 2,968}, MM: 1, MMPER: 3.545454545454546%
[00:00:00:03:946] 
---------- SM_Grids/7x8_grid_with_random_blocks_20per_5 ----------
[00:00:00:00:395] Path of length 19 found: [0, 1, 9, 17, 25, 26, 27, 28, 20, 12, 4, 5, 6, 7, 15, 23, 31, 39, 47, 55]
[00:00:00:00:396] ! Unidirectional s-t. expansions: 130, time: 395 [ms], path length: 19 [edges], generated: 208
[00:00:00:00:522] Path of length 19 found: [55, 47, 39, 31, 30, 22, 14, 6, 5, 4, 12, 20, 28, 27, 26, 25, 17, 9, 1, 0]
[00:00:00:00:523] ! Unidirectional t-s. expansions: 196, time: 523 [ms], path length: 19 [edges], generated: 305
[00:00:00:01:948] Path of length 19 found: [0, 1, 9, 17, 25, 26, 27, 28, 20, 12, 4, 5, 6, 14, 22, 30, 31, 39, 47, 55]
[00:00:00:02:320] ! Bidirectional. expansions: 2,964, time: 1,948 [ms], path length: 19 [edges], g_F: 10, g_B: 9, generated: {'F': 1,650, 'B': 2,087}, MM: 1, MMPER: 4.0%
[00:00:00:02:320] 
---------- SM_Grids/7x8_grid_with_random_blocks_20per_6 ----------
[00:00:00:03:526] Path of length 15 found: [0, 8, 16, 17, 25, 26, 27, 35, 43, 51, 52, 53, 45, 46, 47, 55]
[00:00:00:03:526] ! Unidirectional s-t. expansions: 2,346, time: 3,526 [ms], path length: 15 [edges], generated: 2,697
[00:00:00:00:600] Path of length 15 found: [55, 47, 46, 45, 44, 52, 51, 50, 42, 34, 26, 25, 17, 9, 1, 0]
[00:00:00:00:601] ! Unidirectional t-s. expansions: 216, time: 600 [ms], path length: 15 [edges], generated: 341
[00:00:00:04:704] Path of length 15 found: [0, 8, 16, 17, 25, 26, 34, 42, 50, 51, 52, 44, 45, 46, 54, 55]
[00:00:00:05:095] ! Bidirectional. expansions: 7,274, time: 4,704 [ms], path length: 15 [edges], g_F: 8, g_B: 7, generated: {'F': 5,756, 'B': 3,026}, MM: 1, MMPER: 5.25%
[00:00:00:05:095] 
---------- SM_Grids/7x8_grid_with_random_blocks_20per_7 ----------
[00:00:00:00:352] Path of length 27 found: [0, 8, 16, 24, 32, 33, 34, 26, 18, 10, 11, 12, 13, 5, 6, 7, 15, 23, 22, 30, 29, 28, 36, 44, 45, 46, 54, 55]
[00:00:00:00:352] ! Unidirectional s-t. expansions: 124, time: 352 [ms], path length: 27 [edges], generated: 185
[00:00:00:00:645] Path of length 27 found: [55, 47, 46, 45, 44, 36, 28, 29, 30, 22, 23, 15, 7, 6, 5, 13, 12, 11, 19, 18, 26, 34, 33, 32, 24, 16, 8, 0]
[00:00:00:00:646] ! Unidirectional t-s. expansions: 283, time: 645 [ms], path length: 27 [edges], generated: 401
[00:00:00:00:763] Path of length 27 found: [0, 8, 16, 24, 32, 33, 34, 26, 18, 10, 11, 12, 13, 5, 6, 7, 15, 23, 31, 30, 29, 28, 36, 44, 45, 46, 54, 55]
[00:00:00:01:152] ! Bidirectional. expansions: 610, time: 763 [ms], path length: 27 [edges], g_F: 14, g_B: 13, generated: {'F': 486, 'B': 462}, MM: 1, MMPER: 2.5714285714285716%
[00:00:00:01:152] 
---------- SM_Grids/7x8_grid_with_random_blocks_20per_8 ----------
[00:00:00:00:378] Path of length 27 found: [0, 1, 2, 10, 18, 17, 16, 24, 32, 33, 34, 35, 27, 28, 20, 12, 4, 5, 6, 14, 22, 30, 38, 37, 45, 53, 54, 55]
[00:00:00:00:378] ! Unidirectional s-t. expansions: 119, time: 378 [ms], path length: 27 [edges], generated: 208
[00:00:00:01:172] Path of length 27 found: [55, 54, 53, 45, 37, 38, 30, 22, 14, 6, 5, 4, 12, 20, 28, 27, 35, 34, 33, 32, 24, 16, 17, 18, 10, 2, 1, 0]
[00:00:00:01:172] ! Unidirectional t-s. expansions: 576, time: 1,172 [ms], path length: 27 [edges], generated: 782
[00:00:00:03:415] Path of length 27 found: [0, 1, 2, 10, 18, 17, 16, 24, 32, 33, 34, 35, 27, 28, 20, 12, 4, 5, 6, 14, 22, 30, 38, 37, 45, 53, 54, 55]
[00:00:00:03:798] ! Bidirectional. expansions: 3,008, time: 3,415 [ms], path length: 27 [edges], g_F: 14, g_B: 13, generated: {'F': 2,376, 'B': 2,449}, MM: 1, MMPER: 2.5714285714285716%
[00:00:00:03:798] 
---------- SM_Grids/7x8_grid_with_random_blocks_20per_9 ----------
[00:00:00:00:512] Path of length 19 found: [0, 1, 2, 3, 4, 12, 20, 19, 18, 17, 25, 33, 34, 35, 36, 44, 45, 46, 54, 55]
[00:00:00:00:513] ! Unidirectional s-t. expansions: 199, time: 513 [ms], path length: 19 [edges], generated: 307
[00:00:00:00:496] Path of length 19 found: [55, 47, 39, 38, 37, 36, 35, 34, 33, 25, 17, 18, 19, 20, 12, 4, 3, 2, 1, 0]
[00:00:00:00:496] ! Unidirectional t-s. expansions: 135, time: 496 [ms], path length: 19 [edges], generated: 251
[00:00:00:02:201] Path of length 19 found: [0, 1, 2, 3, 4, 12, 20, 19, 18, 17, 25, 33, 34, 35, 36, 37, 38, 46, 54, 55]
[00:00:00:02:589] ! Bidirectional. expansions: 3,392, time: 2,201 [ms], path length: 19 [edges], g_F: 10, g_B: 9, generated: {'F': 1,547, 'B': 2,368}, MM: 1, MMPER: 4.0%

[00:00:00:02:590] average expansions: (487, 270, 2,456, 0)
[00:00:00:02:590] average time: (852, 692, 2,045, 0)
[00:00:00:02:590] X-DFBnB: 270 , 692 (expansions , time[ms])
[00:00:00:02:590] BiX-DFBnB: 2,456 , 2,045 (expansions , time[ms])

