Thu 12 Mar 2026 16:04:40 IST

SLURM_JOBID:		 15618409
SLURM_JOB_NODELIST:	 ise-cpu256-28 

--------------------------
date: SM_Grids
number_of_graphs: 10
graph_type: grid
size_of_graphs: [7, 8]
heuristic: bcc_heuristic
snake: True
run_uni: True
run_bi: True
run_multi: False
solution_vertices: []
algorithms: ['full', 'DFBnB']
bsd: False
cube_first_dims: 4
cube_buffer_dim: None
backward_sym_generation: False
sym_coil: False
prefix_set: None

---------- SM_Grids/7x8_grid_with_random_blocks_8per_0 ----------
[00:00:00:03:044] Path of length 31 found: [0, 1, 2, 3, 11, 19, 18, 17, 16, 24, 32, 33, 34, 42, 50, 51, 52, 44, 36, 28, 29, 21, 13, 5, 6, 7, 15, 23, 31, 39, 47, 55]
[00:00:00:03:045] ! Unidirectional s-t. expansions: 1,633, time: 3,044 [ms], path length: 31 [edges], generated: 2,914
[00:00:00:02:501] Path of length 31 found: [55, 47, 46, 38, 30, 31, 23, 15, 7, 6, 5, 13, 21, 20, 28, 36, 44, 52, 51, 50, 42, 34, 33, 32, 24, 16, 17, 18, 10, 2, 1, 0]
[00:00:00:02:502] ! Unidirectional t-s. expansions: 1,409, time: 2,501 [ms], path length: 31 [edges], generated: 2,464
[00:00:00:04:885] Path of length 31 found: [55, 47, 39, 31, 23, 15, 7, 6, 5, 13, 21, 29, 37, 45, 44, 52, 51, 50, 42, 34, 33, 32, 24, 16, 17, 18, 19, 11, 3, 2, 1, 0]
[00:00:00:05:327] ! Bidirectional. expansions: 2,065, time: 4,886 [ms], path length: 31 [edges], g_F: 15, g_B: 16, generated: 3,892, MM: 1, MMPER: 2.125%
[00:00:00:05:327] 
---------- SM_Grids/7x8_grid_with_random_blocks_8per_1 ----------
[00:00:00:01:460] Path of length 33 found: [0, 1, 2, 3, 11, 12, 13, 5, 6, 7, 15, 23, 22, 30, 38, 37, 36, 28, 27, 26, 18, 17, 16, 24, 32, 40, 41, 42, 43, 51, 52, 53, 54, 55]
[00:00:00:01:461] ! Unidirectional s-t. expansions: 726, time: 1,460 [ms], path length: 33 [edges], generated: 1,263
[00:00:00:02:809] Path of length 33 found: [55, 54, 53, 52, 51, 43, 42, 41, 40, 32, 24, 16, 17, 18, 26, 27, 28, 36, 37, 38, 39, 31, 23, 15, 7, 6, 5, 13, 12, 11, 3, 2, 1, 0]
[00:00:00:02:809] ! Unidirectional t-s. expansions: 1,345, time: 2,809 [ms], path length: 33 [edges], generated: 2,199
[00:00:00:03:931] Path of length 33 found: [0, 1, 2, 3, 11, 12, 13, 5, 6, 7, 15, 23, 22, 30, 38, 37, 36, 28, 27, 26, 18, 17, 16, 24, 32, 40, 41, 42, 43, 51, 52, 53, 54, 55]
[00:00:00:04:313] ! Bidirectional. expansions: 1,635, time: 3,931 [ms], path length: 33 [edges], g_F: 15, g_B: 18, generated: 2,823, MM: 3, MMPER: 7.8235294117647065%
[00:00:00:04:313] 
---------- SM_Grids/7x8_grid_with_random_blocks_8per_2 ----------
[00:00:00:01:702] Path of length 31 found: [0, 1, 2, 3, 11, 12, 13, 21, 22, 23, 31, 39, 38, 37, 36, 28, 27, 26, 18, 17, 16, 24, 32, 40, 41, 49, 50, 51, 52, 53, 54, 55]
[00:00:00:01:702] ! Unidirectional s-t. expansions: 701, time: 1,702 [ms], path length: 31 [edges], generated: 1,305
[00:00:00:01:616] Path of length 31 found: [55, 54, 53, 52, 51, 50, 49, 41, 40, 32, 24, 16, 17, 18, 26, 34, 35, 36, 37, 38, 39, 31, 23, 22, 21, 13, 12, 11, 3, 2, 1, 0]
[00:00:00:01:616] ! Unidirectional t-s. expansions: 674, time: 1,616 [ms], path length: 31 [edges], generated: 1,226
[00:00:00:03:463] Path of length 31 found: [55, 54, 53, 52, 51, 50, 49, 41, 40, 32, 24, 16, 17, 18, 26, 34, 35, 36, 37, 38, 39, 31, 23, 22, 21, 13, 12, 11, 3, 2, 1, 0]
[00:00:00:03:879] ! Bidirectional. expansions: 1,272, time: 3,463 [ms], path length: 31 [edges], g_F: 16, g_B: 15, generated: 2,384, MM: 1, MMPER: 2.125%
[00:00:00:03:880] 
---------- SM_Grids/7x8_grid_with_random_blocks_8per_3 ----------
[00:00:00:02:334] Path of length 33 found: [0, 8, 9, 10, 2, 3, 4, 5, 6, 7, 15, 23, 22, 21, 20, 19, 27, 26, 34, 33, 32, 40, 48, 49, 50, 51, 43, 44, 36, 37, 38, 46, 47, 55]
[00:00:00:02:334] ! Unidirectional s-t. expansions: 1,127, time: 2,334 [ms], path length: 33 [edges], generated: 1,892
[00:00:00:01:630] Path of length 33 found: [55, 47, 39, 38, 37, 45, 44, 43, 51, 50, 49, 48, 40, 32, 33, 34, 26, 27, 28, 20, 21, 22, 23, 15, 7, 6, 5, 4, 3, 2, 10, 9, 8, 0]
[00:00:00:01:630] ! Unidirectional t-s. expansions: 789, time: 1,630 [ms], path length: 33 [edges], generated: 1,343
[00:00:00:03:645] Path of length 33 found: [55, 47, 39, 38, 37, 45, 44, 43, 51, 50, 49, 48, 40, 32, 33, 34, 26, 27, 28, 20, 21, 22, 23, 15, 7, 6, 5, 4, 3, 2, 10, 9, 8, 0]
[00:00:00:04:077] ! Bidirectional. expansions: 1,457, time: 3,645 [ms], path length: 33 [edges], g_F: 19, g_B: 14, generated: 2,531, MM: 5, MMPER: 13.705882352941176%
[00:00:00:04:078] 
---------- SM_Grids/7x8_grid_with_random_blocks_8per_4 ----------
[00:00:00:02:489] Path of length 31 found: [0, 1, 2, 10, 11, 19, 27, 26, 25, 24, 32, 40, 48, 49, 50, 42, 43, 44, 36, 37, 29, 21, 13, 5, 6, 7, 15, 23, 31, 39, 47, 55]
[00:00:00:02:490] ! Unidirectional s-t. expansions: 1,390, time: 2,489 [ms], path length: 31 [edges], generated: 2,280
[00:00:00:01:786] Path of length 31 found: [55, 47, 39, 31, 23, 15, 7, 6, 5, 13, 21, 29, 37, 45, 53, 52, 51, 50, 49, 48, 40, 32, 33, 34, 26, 27, 19, 11, 10, 9, 1, 0]
[00:00:00:01:786] ! Unidirectional t-s. expansions: 986, time: 1,786 [ms], path length: 31 [edges], generated: 1,644
[00:00:00:04:305] Path of length 31 found: [55, 47, 39, 31, 23, 15, 7, 6, 5, 13, 21, 20, 19, 27, 35, 36, 37, 45, 53, 52, 51, 50, 49, 48, 40, 32, 24, 16, 17, 9, 1, 0]
[00:00:00:04:715] ! Bidirectional. expansions: 1,667, time: 4,305 [ms], path length: 31 [edges], g_F: 17, g_B: 14, generated: 3,106, MM: 3, MMPER: 8.375%
[00:00:00:04:715] 
---------- SM_Grids/7x8_grid_with_random_blocks_8per_5 ----------
[00:00:00:03:123] Path of length 33 found: [0, 1, 2, 3, 11, 12, 13, 5, 6, 7, 15, 23, 22, 30, 38, 37, 36, 28, 27, 26, 18, 17, 16, 24, 32, 40, 48, 49, 50, 51, 52, 53, 54, 55]
[00:00:00:03:124] ! Unidirectional s-t. expansions: 1,623, time: 3,123 [ms], path length: 33 [edges], generated: 2,631
[00:00:00:03:503] Path of length 33 found: [55, 54, 53, 52, 51, 50, 49, 48, 40, 32, 24, 16, 17, 18, 26, 27, 28, 36, 37, 38, 39, 31, 23, 15, 7, 6, 5, 13, 12, 11, 3, 2, 1, 0]
[00:00:00:03:504] ! Unidirectional t-s. expansions: 1,800, time: 3,503 [ms], path length: 33 [edges], generated: 3,084
[00:00:00:07:932] Path of length 33 found: [0, 1, 2, 3, 11, 12, 13, 5, 6, 7, 15, 23, 22, 30, 38, 37, 36, 28, 27, 26, 18, 17, 16, 24, 32, 40, 48, 49, 50, 51, 52, 53, 54, 55]
[00:00:00:08:320] ! Bidirectional. expansions: 3,623, time: 7,932 [ms], path length: 33 [edges], g_F: 15, g_B: 18, generated: 6,378, MM: 3, MMPER: 7.8235294117647065%
[00:00:00:08:320] 
---------- SM_Grids/7x8_grid_with_random_blocks_8per_6 ----------
[00:00:00:06:056] Path of length 29 found: [0, 8, 16, 24, 32, 33, 41, 49, 50, 51, 43, 35, 27, 26, 18, 10, 11, 12, 20, 21, 22, 23, 31, 39, 38, 37, 45, 53, 54, 55]
[00:00:00:06:056] ! Unidirectional s-t. expansions: 3,057, time: 6,056 [ms], path length: 29 [edges], generated: 5,960
[00:00:00:01:518] Path of length 29 found: [55, 54, 53, 45, 37, 38, 39, 31, 23, 22, 21, 20, 28, 27, 35, 43, 42, 50, 49, 48, 40, 32, 33, 25, 17, 18, 10, 2, 1, 0]
[00:00:00:01:518] ! Unidirectional t-s. expansions: 650, time: 1,518 [ms], path length: 29 [edges], generated: 1,230
[00:00:00:04:902] Path of length 29 found: [55, 54, 53, 45, 37, 38, 39, 31, 23, 22, 21, 20, 12, 11, 10, 18, 26, 27, 35, 43, 51, 50, 49, 41, 33, 32, 24, 16, 8, 0]
[00:00:00:05:282] ! Bidirectional. expansions: 1,911, time: 4,902 [ms], path length: 29 [edges], g_F: 12, g_B: 17, generated: 3,619, MM: 5, MMPER: 15.666666666666668%
[00:00:00:05:282] 
---------- SM_Grids/7x8_grid_with_random_blocks_8per_7 ----------
[00:00:00:05:279] Path of length 31 found: [0, 1, 2, 3, 11, 19, 18, 17, 16, 24, 32, 40, 41, 42, 43, 35, 36, 28, 29, 21, 13, 5, 6, 7, 15, 23, 31, 39, 38, 46, 54, 55]
[00:00:00:05:279] ! Unidirectional s-t. expansions: 3,100, time: 5,279 [ms], path length: 31 [edges], generated: 5,387
[00:00:00:06:568] Path of length 31 found: [55, 47, 39, 31, 23, 15, 7, 6, 5, 13, 21, 20, 28, 36, 37, 45, 53, 52, 51, 43, 42, 41, 40, 32, 24, 16, 17, 18, 10, 2, 1, 0]
[00:00:00:06:568] ! Unidirectional t-s. expansions: 3,363, time: 6,568 [ms], path length: 31 [edges], generated: 5,915
[00:00:00:09:696] Path of length 31 found: [0, 1, 2, 3, 4, 5, 6, 7, 15, 23, 22, 21, 20, 19, 18, 17, 16, 24, 32, 40, 41, 42, 43, 51, 52, 53, 45, 37, 38, 39, 47, 55]
[00:00:00:10:080] ! Bidirectional. expansions: 4,329, time: 9,696 [ms], path length: 31 [edges], g_F: 17, g_B: 14, generated: 7,653, MM: 3, MMPER: 8.375%
[00:00:00:10:080] 
---------- SM_Grids/7x8_grid_with_random_blocks_8per_8 ----------
[00:00:00:06:513] Path of length 29 found: [0, 8, 16, 24, 32, 40, 41, 42, 34, 35, 27, 19, 18, 10, 2, 3, 4, 5, 6, 7, 15, 23, 22, 30, 29, 37, 45, 53, 54, 55]
[00:00:00:06:514] ! Unidirectional s-t. expansions: 6,125, time: 6,513 [ms], path length: 29 [edges], generated: 8,874
[00:00:00:10:424] Path of length 29 found: [55, 54, 53, 45, 37, 29, 30, 22, 23, 15, 7, 6, 5, 13, 12, 20, 19, 27, 35, 43, 42, 41, 33, 32, 24, 16, 17, 9, 1, 0]
[00:00:00:10:425] ! Unidirectional t-s. expansions: 6,974, time: 10,424 [ms], path length: 29 [edges], generated: 12,710
[00:00:00:07:797] Path of length 29 found: [0, 8, 9, 10, 2, 3, 4, 12, 20, 19, 27, 26, 25, 24, 32, 40, 41, 42, 43, 51, 52, 53, 45, 37, 29, 30, 31, 39, 47, 55]
[00:00:00:08:179] ! Bidirectional. expansions: 3,374, time: 7,797 [ms], path length: 29 [edges], g_F: 12, g_B: 17, generated: 6,128, MM: 5, MMPER: 15.666666666666668%
[00:00:00:08:179] 
---------- SM_Grids/7x8_grid_with_random_blocks_8per_9 ----------
[00:00:00:07:397] Path of length 31 found: [0, 8, 16, 24, 32, 40, 41, 49, 50, 51, 43, 35, 34, 26, 18, 10, 11, 3, 4, 5, 6, 7, 15, 23, 22, 30, 29, 37, 45, 46, 54, 55]
[00:00:00:07:398] ! Unidirectional s-t. expansions: 3,807, time: 7,397 [ms], path length: 31 [edges], generated: 6,649
[00:00:00:08:890] Path of length 31 found: [55, 54, 46, 45, 37, 29, 30, 22, 23, 15, 7, 6, 5, 4, 12, 20, 19, 18, 26, 34, 35, 43, 51, 50, 49, 41, 40, 32, 24, 16, 8, 0]
[00:00:00:08:891] ! Unidirectional t-s. expansions: 5,254, time: 8,890 [ms], path length: 31 [edges], generated: 9,026
[00:00:00:13:695] Path of length 31 found: [0, 8, 16, 24, 32, 40, 41, 49, 50, 51, 43, 35, 34, 26, 18, 10, 11, 3, 4, 5, 6, 7, 15, 23, 22, 30, 29, 37, 45, 46, 54, 55]
[00:00:00:14:073] ! Bidirectional. expansions: 5,585, time: 13,695 [ms], path length: 31 [edges], g_F: 16, g_B: 15, generated: 10,629, MM: 1, MMPER: 2.125%

[00:00:00:14:074] average expansions: (2,329, 2,324, 2,692, 0)
[00:00:00:14:074] average time: (3,940, 4,124, 6,425, 0)
[00:00:00:14:074] A*: 2,324 , 3,940 (expansions , time[ms])
[00:00:00:14:074] XMM: 2,692 , 6,425 (expansions , time[ms])

[00:00:00:14:074] 
---------- SM_Grids/7x8_grid_with_random_blocks_8per_0 ----------
[00:00:00:00:111] New longest path found with length 31 at expansion 30
[00:00:00:06:297] Path of length 31 found: [0, 8, 16, 24, 32, 33, 34, 42, 50, 51, 52, 53, 45, 37, 36, 28, 27, 19, 18, 10, 2, 3, 4, 12, 13, 14, 22, 30, 31, 39, 47, 55]
[00:00:00:06:297] ! Unidirectional s-t. expansions: 1,634, time: 6,297 [ms], path length: 31 [edges], generated: 2,920
[00:00:00:00:326] New longest path found with length 15 at expansion 200
[00:00:00:00:351] New longest path found with length 21 at expansion 209
[00:00:00:00:391] New longest path found with length 29 at expansion 226
[00:00:00:00:405] New longest path found with length 31 at expansion 236
[00:00:00:05:500] Path of length 31 found: [55, 47, 39, 31, 30, 22, 14, 6, 5, 4, 3, 11, 19, 20, 28, 36, 37, 45, 53, 52, 51, 50, 42, 34, 33, 32, 24, 16, 17, 9, 1, 0]
[00:00:00:05:501] ! Unidirectional t-s. expansions: 1,622, time: 5,500 [ms], path length: 31 [edges], generated: 2,698
[00:00:00:00:088] New longest path found with length 29 at expansion 16
[00:00:00:00:101] New longest path found with length 31 at expansion 20
[00:00:00:03:312] Path of length 31 found: [0, 8, 16, 24, 25, 33, 34, 42, 50, 51, 52, 44, 36, 28, 20, 19, 18, 10, 2, 3, 4, 5, 6, 7, 15, 23, 22, 30, 38, 39, 47, 55]
[00:00:00:03:686] ! Bidirectional. expansions: 506, time: 3,312 [ms], path length: 31 [edges], g_F: 16, g_B: 15, generated: {'F': 925, 'B': 875}, MM: 1, MMPER: 2.125%
[00:00:00:03:686] 
---------- SM_Grids/7x8_grid_with_random_blocks_8per_1 ----------
[00:00:00:00:111] New longest path found with length 31 at expansion 30
[00:00:00:00:808] New longest path found with length 33 at expansion 228
[00:00:00:03:166] Path of length 33 found: [0, 1, 2, 3, 11, 12, 13, 5, 6, 7, 15, 23, 22, 30, 29, 28, 27, 26, 18, 17, 16, 24, 32, 40, 41, 42, 43, 51, 52, 53, 45, 46, 47, 55]
[00:00:00:03:166] ! Unidirectional s-t. expansions: 844, time: 3,166 [ms], path length: 33 [edges], generated: 1,471
[00:00:00:00:110] New longest path found with length 29 at expansion 28
[00:00:00:00:756] New longest path found with length 33 at expansion 200
[00:00:00:05:518] Path of length 33 found: [55, 47, 39, 38, 37, 45, 53, 52, 51, 43, 42, 41, 40, 32, 24, 16, 17, 18, 26, 27, 28, 20, 21, 22, 23, 15, 7, 6, 5, 4, 3, 2, 1, 0]
[00:00:00:05:518] ! Unidirectional t-s. expansions: 1,447, time: 5,518 [ms], path length: 33 [edges], generated: 2,395
[00:00:00:00:567] New longest path found with length 13 at expansion 248
[00:00:00:00:597] New longest path found with length 23 at expansion 255
[00:00:00:00:703] New longest path found with length 25 at expansion 275
[00:00:00:00:723] New longest path found with length 27 at expansion 282
[00:00:00:00:840] New longest path found with length 29 at expansion 306
[00:00:00:00:912] New longest path found with length 31 at expansion 321
[00:00:00:00:947] New longest path found with length 33 at expansion 332
[00:00:00:02:867] Path of length 33 found: [0, 1, 2, 3, 4, 5, 6, 7, 15, 23, 22, 21, 20, 28, 27, 26, 18, 17, 16, 24, 32, 33, 41, 42, 43, 51, 52, 53, 45, 37, 38, 39, 47, 55]
[00:00:00:03:237] ! Bidirectional. expansions: 591, time: 2,867 [ms], path length: 33 [edges], g_F: 17, g_B: 16, generated: {'F': 1,065, 'B': 885}, MM: 1, MMPER: 1.9411764705882355%
[00:00:00:03:237] 
---------- SM_Grids/7x8_grid_with_random_blocks_8per_2 ----------
[00:00:00:00:135] New longest path found with length 25 at expansion 24
[00:00:00:00:197] New longest path found with length 29 at expansion 63
[00:00:00:07:861] New longest path found with length 31 at expansion 1,920
[00:00:00:08:421] Path of length 31 found: [0, 1, 2, 3, 11, 12, 13, 21, 22, 23, 31, 39, 38, 37, 36, 28, 27, 26, 18, 17, 16, 24, 32, 40, 41, 49, 50, 51, 52, 53, 54, 55]
[00:00:00:08:421] ! Unidirectional s-t. expansions: 2,056, time: 8,421 [ms], path length: 31 [edges], generated: 3,936
[00:00:00:00:066] New longest path found with length 13 at expansion 12
[00:00:00:01:534] New longest path found with length 15 at expansion 1,100
[00:00:00:01:968] New longest path found with length 29 at expansion 1,393
[00:00:00:09:380] New longest path found with length 31 at expansion 3,297
[00:00:00:09:782] Path of length 31 found: [55, 54, 53, 52, 51, 50, 42, 41, 33, 32, 24, 16, 17, 18, 26, 27, 35, 36, 37, 38, 39, 31, 23, 22, 21, 13, 12, 11, 3, 2, 1, 0]
[00:00:00:09:782] ! Unidirectional t-s. expansions: 3,388, time: 9,782 [ms], path length: 31 [edges], generated: 5,122
[00:00:00:00:104] New longest path found with length 27 at expansion 16
[00:00:00:00:121] New longest path found with length 29 at expansion 21
[00:00:00:04:096] New longest path found with length 31 at expansion 563
[00:00:00:04:308] Path of length 31 found: [0, 1, 2, 3, 11, 12, 13, 21, 22, 23, 31, 39, 38, 37, 36, 28, 27, 26, 18, 17, 16, 24, 32, 33, 41, 42, 43, 51, 52, 53, 54, 55]
[00:00:00:04:685] ! Bidirectional. expansions: 586, time: 4,308 [ms], path length: 31 [edges], g_F: 16, g_B: 15, generated: {'F': 1,166, 'B': 1,121}, MM: 1, MMPER: 2.125%
[00:00:00:04:685] 
---------- SM_Grids/7x8_grid_with_random_blocks_8per_3 ----------
[00:00:00:00:108] New longest path found with length 27 at expansion 30
[00:00:00:00:145] New longest path found with length 29 at expansion 49
[00:00:00:00:238] New longest path found with length 31 at expansion 107
[00:00:00:03:052] New longest path found with length 33 at expansion 985
[00:00:00:06:548] Path of length 33 found: [0, 1, 9, 10, 11, 3, 4, 5, 6, 7, 15, 23, 22, 21, 20, 28, 27, 26, 34, 33, 32, 40, 48, 49, 50, 51, 43, 44, 45, 37, 38, 39, 47, 55]
[00:00:00:06:548] ! Unidirectional s-t. expansions: 1,892, time: 6,548 [ms], path length: 33 [edges], generated: 3,100
[00:00:00:00:110] New longest path found with length 31 at expansion 30
[00:00:00:04:151] New longest path found with length 33 at expansion 1,271
[00:00:00:05:953] Path of length 33 found: [55, 47, 39, 38, 37, 45, 44, 43, 51, 50, 49, 48, 40, 32, 24, 16, 17, 18, 26, 27, 28, 20, 21, 22, 23, 15, 7, 6, 5, 4, 3, 2, 1, 0]
[00:00:00:05:953] ! Unidirectional t-s. expansions: 1,766, time: 5,953 [ms], path length: 33 [edges], generated: 3,028
[00:00:00:00:084] New longest path found with length 31 at expansion 19
[00:00:00:00:771] New longest path found with length 33 at expansion 167
[00:00:00:01:723] Path of length 33 found: [0, 1, 9, 10, 11, 3, 4, 5, 6, 7, 15, 23, 22, 21, 20, 28, 27, 26, 34, 33, 32, 40, 48, 49, 50, 51, 43, 44, 45, 37, 38, 39, 47, 55]
[00:00:00:02:115] ! Bidirectional. expansions: 306, time: 1,724 [ms], path length: 33 [edges], g_F: 17, g_B: 16, generated: {'F': 498, 'B': 575}, MM: 1, MMPER: 1.9411764705882355%
[00:00:00:02:115] 
---------- SM_Grids/7x8_grid_with_random_blocks_8per_4 ----------
[00:00:00:00:061] New longest path found with length 13 at expansion 12
[00:00:00:00:906] New longest path found with length 25 at expansion 462
[00:00:00:01:183] New longest path found with length 31 at expansion 547
[00:00:00:05:535] Path of length 31 found: [0, 1, 2, 10, 11, 19, 27, 26, 25, 24, 32, 40, 48, 49, 50, 42, 43, 44, 36, 37, 29, 21, 13, 5, 6, 7, 15, 23, 31, 39, 47, 55]
[00:00:00:05:535] ! Unidirectional s-t. expansions: 1,836, time: 5,535 [ms], path length: 31 [edges], generated: 2,793
[00:00:00:00:937] New longest path found with length 17 at expansion 717
[00:00:00:00:963] New longest path found with length 19 at expansion 726
[00:00:00:01:127] New longest path found with length 27 at expansion 830
[00:00:00:01:176] New longest path found with length 31 at expansion 852
[00:00:00:04:370] Path of length 31 found: [55, 47, 39, 31, 23, 15, 7, 6, 5, 13, 21, 20, 19, 27, 35, 36, 37, 45, 53, 52, 51, 50, 42, 41, 33, 32, 24, 16, 17, 9, 1, 0]
[00:00:00:04:370] ! Unidirectional t-s. expansions: 1,763, time: 4,370 [ms], path length: 31 [edges], generated: 2,467
[00:00:00:00:392] New longest path found with length 13 at expansion 192
[00:00:00:00:430] New longest path found with length 25 at expansion 200
[00:00:00:00:531] New longest path found with length 31 at expansion 225
[00:00:00:02:262] Path of length 31 found: [0, 1, 2, 10, 11, 19, 27, 26, 25, 24, 32, 40, 48, 49, 50, 42, 43, 44, 36, 37, 29, 21, 13, 5, 6, 7, 15, 23, 31, 39, 47, 55]
[00:00:00:02:633] ! Bidirectional. expansions: 511, time: 2,262 [ms], path length: 31 [edges], g_F: 16, g_B: 15, generated: {'F': 917, 'B': 699}, MM: 1, MMPER: 2.125%
[00:00:00:02:633] 
---------- SM_Grids/7x8_grid_with_random_blocks_8per_5 ----------
[00:00:00:00:105] New longest path found with length 31 at expansion 30
[00:00:00:09:985] New longest path found with length 33 at expansion 3,044
[00:00:00:11:005] Path of length 33 found: [0, 1, 2, 3, 11, 12, 13, 5, 6, 7, 15, 23, 22, 30, 38, 37, 36, 28, 27, 26, 18, 17, 16, 24, 32, 40, 48, 49, 50, 51, 52, 53, 54, 55]
[00:00:00:11:005] ! Unidirectional s-t. expansions: 3,316, time: 11,005 [ms], path length: 33 [edges], generated: 5,480
[00:00:00:00:073] New longest path found with length 17 at expansion 16
[00:00:00:00:382] New longest path found with length 31 at expansion 245
[00:00:00:08:337] New longest path found with length 33 at expansion 2,426
[00:00:00:10:699] Path of length 33 found: [55, 54, 53, 52, 51, 50, 49, 48, 40, 32, 24, 16, 17, 18, 26, 27, 28, 36, 37, 38, 39, 31, 23, 15, 7, 6, 5, 13, 12, 11, 3, 2, 1, 0]
[00:00:00:10:699] ! Unidirectional t-s. expansions: 3,072, time: 10,699 [ms], path length: 33 [edges], generated: 5,303
[00:00:00:00:087] New longest path found with length 29 at expansion 16
[00:00:00:00:095] New longest path found with length 31 at expansion 20
[00:00:00:03:354] New longest path found with length 33 at expansion 613
[00:00:00:03:379] Path of length 33 found: [0, 1, 2, 3, 11, 12, 13, 5, 6, 7, 15, 23, 22, 30, 38, 37, 36, 28, 27, 26, 18, 17, 16, 24, 32, 40, 48, 49, 50, 51, 52, 53, 54, 55]
[00:00:00:03:749] ! Bidirectional. expansions: 617, time: 3,379 [ms], path length: 33 [edges], g_F: 17, g_B: 16, generated: {'F': 1,044, 'B': 1,006}, MM: 1, MMPER: 1.9411764705882355%
[00:00:00:03:749] 
---------- SM_Grids/7x8_grid_with_random_blocks_8per_6 ----------
[00:00:00:00:144] New longest path found with length 27 at expansion 26
[00:00:00:06:696] New longest path found with length 29 at expansion 1,936
[00:00:00:13:746] Path of length 29 found: [0, 1, 2, 10, 18, 17, 16, 24, 32, 40, 48, 49, 50, 42, 34, 35, 27, 28, 20, 21, 22, 23, 31, 39, 38, 37, 45, 53, 54, 55]
[00:00:00:13:746] ! Unidirectional s-t. expansions: 3,777, time: 13,746 [ms], path length: 29 [edges], generated: 7,409
[00:00:00:00:703] New longest path found with length 13 at expansion 462
[00:00:00:00:944] New longest path found with length 15 at expansion 625
[00:00:00:01:265] New longest path found with length 25 at expansion 834
[00:00:00:01:644] New longest path found with length 27 at expansion 957
[00:00:00:04:952] New longest path found with length 29 at expansion 1,785
[00:00:00:06:038] Path of length 29 found: [55, 54, 53, 45, 37, 38, 39, 31, 23, 22, 21, 20, 12, 11, 10, 18, 26, 27, 35, 43, 51, 50, 49, 41, 33, 32, 24, 16, 8, 0]
[00:00:00:06:038] ! Unidirectional t-s. expansions: 2,046, time: 6,038 [ms], path length: 29 [edges], generated: 3,090
[00:00:00:00:081] New longest path found with length 23 at expansion 12
[00:00:00:00:213] New longest path found with length 29 at expansion 32
[00:00:00:04:385] Path of length 29 found: [0, 8, 16, 24, 32, 40, 48, 49, 50, 51, 43, 35, 27, 26, 18, 10, 11, 12, 20, 21, 22, 23, 31, 39, 38, 37, 45, 53, 54, 55]
[00:00:00:04:761] ! Bidirectional. expansions: 541, time: 4,386 [ms], path length: 29 [edges], g_F: 15, g_B: 14, generated: {'F': 1,076, 'B': 1,130}, MM: 1, MMPER: 2.3333333333333335%
[00:00:00:04:761] 
---------- SM_Grids/7x8_grid_with_random_blocks_8per_7 ----------
[00:00:00:00:174] New longest path found with length 17 at expansion 76
[00:00:00:00:258] New longest path found with length 25 at expansion 99
[00:00:00:02:203] New longest path found with length 29 at expansion 652
[00:00:00:02:508] New longest path found with length 31 at expansion 830
[00:00:00:11:423] Path of length 31 found: [0, 1, 2, 10, 18, 17, 16, 24, 32, 40, 41, 42, 43, 51, 52, 53, 45, 37, 36, 28, 20, 12, 4, 5, 6, 7, 15, 23, 31, 39, 47, 55]
[00:00:00:11:424] ! Unidirectional s-t. expansions: 3,491, time: 11,424 [ms], path length: 31 [edges], generated: 5,964
[00:00:00:00:700] New longest path found with length 15 at expansion 496
[00:00:00:00:924] New longest path found with length 17 at expansion 662
[00:00:00:01:236] New longest path found with length 19 at expansion 887
[00:00:00:01:353] New longest path found with length 29 at expansion 968
[00:00:00:01:414] New longest path found with length 31 at expansion 991
[00:00:00:13:559] Path of length 31 found: [55, 47, 46, 45, 53, 52, 51, 43, 35, 34, 33, 32, 24, 16, 17, 18, 19, 20, 28, 29, 30, 31, 23, 15, 7, 6, 5, 4, 3, 2, 1, 0]
[00:00:00:13:559] ! Unidirectional t-s. expansions: 4,326, time: 13,559 [ms], path length: 31 [edges], generated: 6,899
[00:00:00:00:073] New longest path found with length 21 at expansion 10
[00:00:00:00:126] New longest path found with length 25 at expansion 20
[00:00:00:00:233] New longest path found with length 27 at expansion 38
[00:00:00:00:257] New longest path found with length 29 at expansion 45
[00:00:00:00:400] New longest path found with length 31 at expansion 69
[00:00:00:03:373] Path of length 31 found: [0, 1, 2, 3, 4, 5, 13, 14, 22, 23, 31, 39, 38, 37, 29, 28, 20, 19, 18, 17, 16, 24, 32, 33, 34, 35, 43, 51, 52, 53, 54, 55]
[00:00:00:03:783] ! Bidirectional. expansions: 538, time: 3,373 [ms], path length: 31 [edges], g_F: 16, g_B: 15, generated: {'F': 999, 'B': 1,009}, MM: 1, MMPER: 2.125%
[00:00:00:03:783] 
---------- SM_Grids/7x8_grid_with_random_blocks_8per_8 ----------
[00:00:00:00:110] New longest path found with length 29 at expansion 33
[00:00:00:13:766] Path of length 29 found: [0, 8, 16, 24, 32, 40, 41, 42, 34, 35, 27, 19, 18, 10, 2, 3, 4, 12, 13, 14, 15, 23, 31, 30, 29, 37, 45, 53, 54, 55]
[00:00:00:13:766] ! Unidirectional s-t. expansions: 5,821, time: 13,766 [ms], path length: 29 [edges], generated: 8,874
[00:00:00:00:080] New longest path found with length 19 at expansion 18
[00:00:00:00:263] New longest path found with length 29 at expansion 149
[00:00:00:21:349] Path of length 29 found: [55, 54, 46, 45, 37, 29, 30, 22, 23, 15, 7, 6, 5, 13, 12, 11, 10, 18, 26, 27, 35, 43, 42, 41, 33, 32, 24, 16, 8, 0]
[00:00:00:21:350] ! Unidirectional t-s. expansions: 6,903, time: 21,349 [ms], path length: 29 [edges], generated: 12,832
[00:00:00:00:081] New longest path found with length 13 at expansion 16
[00:00:00:00:137] New longest path found with length 29 at expansion 34
[00:00:00:04:241] Path of length 29 found: [0, 8, 16, 24, 32, 40, 41, 42, 43, 35, 27, 19, 18, 10, 2, 3, 4, 5, 6, 7, 15, 23, 22, 30, 29, 37, 45, 46, 54, 55]
[00:00:00:04:680] ! Bidirectional. expansions: 795, time: 4,241 [ms], path length: 29 [edges], g_F: 15, g_B: 14, generated: {'F': 1,522, 'B': 1,219}, MM: 1, MMPER: 2.3333333333333335%
[00:00:00:04:681] 
---------- SM_Grids/7x8_grid_with_random_blocks_8per_9 ----------
[00:00:00:00:111] New longest path found with length 31 at expansion 30
[00:00:00:13:812] Path of length 31 found: [0, 8, 16, 24, 32, 40, 41, 49, 50, 51, 43, 35, 34, 26, 18, 10, 11, 3, 4, 5, 13, 14, 15, 23, 31, 30, 29, 37, 45, 46, 54, 55]
[00:00:00:13:812] ! Unidirectional s-t. expansions: 3,812, time: 13,812 [ms], path length: 31 [edges], generated: 6,659
[00:00:00:00:324] New longest path found with length 13 at expansion 183
[00:00:00:00:440] New longest path found with length 15 at expansion 255
[00:00:00:00:582] New longest path found with length 25 at expansion 339
[00:00:00:01:539] New longest path found with length 31 at expansion 588
[00:00:00:18:288] Path of length 31 found: [55, 54, 46, 38, 39, 31, 23, 15, 7, 6, 5, 4, 3, 11, 10, 18, 26, 27, 28, 36, 44, 52, 51, 50, 42, 41, 33, 32, 24, 16, 8, 0]
[00:00:00:18:289] ! Unidirectional t-s. expansions: 5,626, time: 18,288 [ms], path length: 31 [edges], generated: 9,596
[00:00:00:00:091] New longest path found with length 31 at expansion 16
[00:00:00:08:221] Path of length 31 found: [0, 8, 16, 24, 32, 40, 41, 49, 50, 51, 52, 44, 36, 28, 27, 26, 18, 10, 11, 3, 4, 5, 6, 7, 15, 23, 31, 39, 38, 46, 54, 55]
[00:00:00:08:590] ! Bidirectional. expansions: 1,625, time: 8,221 [ms], path length: 31 [edges], g_F: 16, g_B: 15, generated: {'F': 2,946, 'B': 2,676}, MM: 1, MMPER: 2.125%

[00:00:00:08:590] average expansions: (2,848, 3,196, 662, 0)
[00:00:00:08:590] average time: (9,372, 10,106, 3,807, 0)
[00:00:00:08:591] X-DFBnB: 2,848 , 9,372 (expansions , time[ms])
[00:00:00:08:591] BiX-DFBnB: 662 , 3,807 (expansions , time[ms])

