Mon 09 Mar 2026 17:31:53 IST

SLURM_JOBID:		 15365905
SLURM_JOB_NODELIST:	 ise-cpu256-06 

--------------------------
date: SM_Grids
number_of_graphs: 10
graph_type: grid
size_of_graphs: [7, 9]
heuristic: bcc_heuristic
snake: True
run_uni: True
run_bi: True
run_multi: False
solution_vertices: []
algorithms: ['DFBnB']
bsd: False
cube_first_dims: 4
cube_buffer_dim: None
backward_sym_generation: False
sym_coil: False
prefix_set: None

---------- SM_Grids/7x9_grid_with_random_blocks_12per_0 ----------
[00:00:00:14:718] Path of length 32 found: [0, 9, 18, 19, 20, 11, 2, 3, 4, 13, 14, 15, 16, 25, 26, 35, 44, 43, 42, 33, 32, 31, 30, 39, 38, 47, 56, 57, 58, 59, 60, 61, 62]
[00:00:00:14:718] ! Unidirectional s-t. expansions: 3,775, time: 14,718 [ms], path length: 32 [edges], generated: 6,973
[00:00:00:16:888] Path of length 32 found: [62, 61, 60, 59, 58, 57, 56, 47, 38, 39, 30, 31, 32, 41, 42, 43, 44, 35, 26, 25, 16, 7, 6, 5, 14, 13, 12, 11, 20, 19, 18, 9, 0]
[00:00:00:16:888] ! Unidirectional t-s. expansions: 6,170, time: 16,888 [ms], path length: 32 [edges], generated: 9,327
[00:00:04:01:211] Path of length 32 found: [0, 9, 18, 19, 20, 11, 2, 3, 4, 5, 6, 7, 16, 25, 24, 23, 22, 31, 30, 39, 38, 47, 56, 57, 58, 59, 60, 51, 42, 43, 44, 53, 62]
[00:00:04:01:693] ! Bidirectional. expansions: 153,840, time: 241,211 [ms], path length: 32 [edges], g_F: 16, g_B: 16, generated: {'F': 135,718, 'B': 131,825}, MM: 0, MMPER: -1.0%
[00:00:04:01:693] 
---------- SM_Grids/7x9_grid_with_random_blocks_12per_1 ----------
[00:00:00:04:742] Path of length 32 found: [0, 9, 18, 19, 20, 11, 12, 13, 14, 5, 6, 7, 16, 17, 26, 35, 34, 43, 42, 41, 32, 31, 30, 39, 38, 47, 56, 57, 58, 59, 60, 61, 62]
[00:00:00:04:742] ! Unidirectional s-t. expansions: 1,089, time: 4,742 [ms], path length: 32 [edges], generated: 1,886
[00:00:00:14:444] Path of length 32 found: [62, 61, 60, 59, 58, 57, 56, 47, 38, 39, 30, 31, 32, 41, 42, 43, 34, 35, 26, 17, 16, 7, 6, 5, 14, 13, 12, 11, 20, 19, 18, 9, 0]
[00:00:00:14:444] ! Unidirectional t-s. expansions: 4,582, time: 14,444 [ms], path length: 32 [edges], generated: 7,699
[00:00:02:18:201] Path of length 32 found: [0, 9, 18, 19, 20, 11, 12, 13, 14, 5, 6, 7, 16, 17, 26, 35, 34, 43, 42, 41, 32, 31, 30, 39, 38, 47, 56, 57, 58, 59, 60, 61, 62]
[00:00:02:18:630] ! Bidirectional. expansions: 93,194, time: 138,201 [ms], path length: 32 [edges], g_F: 16, g_B: 16, generated: {'F': 77,868, 'B': 76,098}, MM: 0, MMPER: -1.0%
[00:00:02:18:631] 
---------- SM_Grids/7x9_grid_with_random_blocks_12per_2 ----------
[00:00:00:09:250] Path of length 32 found: [0, 9, 18, 19, 28, 37, 36, 45, 54, 55, 56, 47, 48, 49, 50, 41, 32, 31, 30, 21, 12, 3, 4, 5, 14, 15, 24, 25, 34, 43, 52, 61, 62]
[00:00:00:09:251] ! Unidirectional s-t. expansions: 2,206, time: 9,250 [ms], path length: 32 [edges], generated: 4,015
[00:00:00:19:996] Path of length 32 found: [62, 53, 44, 43, 34, 25, 16, 7, 6, 5, 14, 23, 32, 41, 50, 49, 48, 47, 56, 55, 54, 45, 36, 27, 18, 19, 20, 21, 12, 3, 2, 1, 0]
[00:00:00:19:996] ! Unidirectional t-s. expansions: 5,690, time: 19,996 [ms], path length: 32 [edges], generated: 9,998
[00:00:03:06:751] Path of length 32 found: [0, 1, 10, 19, 18, 27, 36, 45, 54, 55, 56, 47, 48, 49, 40, 31, 30, 21, 12, 3, 4, 5, 6, 7, 16, 25, 24, 33, 42, 43, 52, 61, 62]
[00:00:03:07:173] ! Bidirectional. expansions: 133,114, time: 186,751 [ms], path length: 32 [edges], g_F: 16, g_B: 16, generated: {'F': 103,810, 'B': 113,734}, MM: 0, MMPER: -1.0%
[00:00:03:07:174] 
---------- SM_Grids/7x9_grid_with_random_blocks_12per_3 ----------
[00:00:00:05:524] Path of length 36 found: [0, 9, 10, 11, 2, 3, 4, 5, 6, 7, 8, 17, 26, 25, 34, 43, 42, 41, 32, 23, 22, 21, 30, 29, 28, 27, 36, 45, 46, 47, 48, 49, 58, 59, 60, 61, 62]
[00:00:00:05:524] ! Unidirectional s-t. expansions: 1,411, time: 5,524 [ms], path length: 36 [edges], generated: 2,375
[00:00:00:05:731] Path of length 36 found: [62, 61, 60, 59, 50, 49, 40, 39, 38, 47, 46, 45, 36, 27, 28, 19, 20, 21, 22, 23, 32, 33, 42, 43, 44, 35, 26, 17, 8, 7, 6, 5, 4, 3, 2, 1, 0]
[00:00:00:05:732] ! Unidirectional t-s. expansions: 1,547, time: 5,731 [ms], path length: 36 [edges], generated: 2,727
[00:00:01:46:461] Path of length 36 found: [0, 9, 10, 11, 2, 3, 4, 5, 6, 7, 8, 17, 26, 25, 34, 43, 42, 41, 32, 23, 22, 21, 30, 29, 28, 27, 36, 45, 46, 47, 48, 49, 58, 59, 60, 61, 62]
[00:00:01:46:914] ! Bidirectional. expansions: 76,154, time: 106,461 [ms], path length: 36 [edges], g_F: 18, g_B: 18, generated: {'F': 57,537, 'B': 60,355}, MM: 0, MMPER: -1.0%
[00:00:01:46:915] 
---------- SM_Grids/7x9_grid_with_random_blocks_12per_4 ----------
[00:00:00:04:427] Path of length 36 found: [0, 1, 10, 11, 12, 13, 4, 5, 6, 7, 8, 17, 26, 25, 24, 23, 32, 41, 40, 39, 30, 29, 28, 27, 36, 45, 46, 47, 56, 57, 58, 59, 60, 51, 52, 53, 62]
[00:00:00:04:427] ! Unidirectional s-t. expansions: 1,213, time: 4,427 [ms], path length: 36 [edges], generated: 2,012
[00:00:00:04:488] Path of length 36 found: [62, 53, 52, 51, 60, 59, 58, 57, 56, 47, 46, 45, 36, 27, 28, 29, 30, 39, 40, 41, 32, 33, 34, 25, 26, 17, 8, 7, 6, 5, 4, 13, 12, 11, 2, 1, 0]
[00:00:00:04:488] ! Unidirectional t-s. expansions: 1,077, time: 4,488 [ms], path length: 36 [edges], generated: 1,879
[00:00:01:48:811] Path of length 36 found: [0, 1, 2, 11, 12, 13, 4, 5, 6, 7, 8, 17, 26, 25, 34, 33, 32, 41, 40, 39, 30, 29, 28, 27, 36, 45, 46, 47, 56, 57, 58, 59, 60, 51, 52, 53, 62]
[00:00:01:49:229] ! Bidirectional. expansions: 80,288, time: 108,811 [ms], path length: 36 [edges], g_F: 18, g_B: 18, generated: {'F': 59,939, 'B': 63,034}, MM: 0, MMPER: -1.0%
[00:00:01:49:229] 
---------- SM_Grids/7x9_grid_with_random_blocks_12per_5 ----------
[00:00:00:01:957] Path of length 30 found: [0, 1, 10, 19, 28, 29, 38, 39, 48, 49, 50, 41, 32, 31, 22, 21, 12, 3, 4, 5, 14, 15, 24, 25, 26, 35, 44, 43, 52, 61, 62]
[00:00:00:01:958] ! Unidirectional s-t. expansions: 398, time: 1,957 [ms], path length: 30 [edges], generated: 776
[00:00:00:08:490] Path of length 30 found: [62, 53, 44, 35, 26, 17, 16, 15, 6, 5, 4, 3, 12, 21, 22, 31, 32, 33, 42, 51, 50, 49, 48, 39, 38, 29, 28, 19, 10, 1, 0]
[00:00:00:08:491] ! Unidirectional t-s. expansions: 2,312, time: 8,490 [ms], path length: 30 [edges], generated: 3,777
[00:00:02:42:738] Path of length 30 found: [0, 1, 10, 19, 28, 29, 38, 39, 48, 49, 50, 51, 42, 33, 32, 23, 22, 21, 12, 3, 4, 5, 6, 15, 16, 17, 26, 35, 44, 53, 62]
[00:00:02:43:158] ! Bidirectional. expansions: 90,854, time: 162,738 [ms], path length: 30 [edges], g_F: 15, g_B: 15, generated: {'F': 82,628, 'B': 81,235}, MM: 0, MMPER: -1.0%
[00:00:02:43:158] 
---------- SM_Grids/7x9_grid_with_random_blocks_12per_6 ----------
[00:00:00:06:448] Path of length 36 found: [0, 9, 18, 19, 20, 11, 12, 3, 4, 5, 6, 7, 16, 25, 24, 23, 22, 31, 40, 39, 38, 37, 36, 45, 54, 55, 56, 57, 58, 59, 50, 51, 42, 43, 44, 53, 62]
[00:00:00:06:448] ! Unidirectional s-t. expansions: 1,540, time: 6,448 [ms], path length: 36 [edges], generated: 2,628
[00:00:00:08:309] Path of length 36 found: [62, 53, 44, 35, 26, 17, 16, 15, 24, 33, 42, 51, 60, 59, 58, 57, 56, 55, 54, 45, 36, 37, 38, 39, 40, 31, 22, 13, 4, 3, 2, 11, 20, 19, 18, 9, 0]
[00:00:00:08:309] ! Unidirectional t-s. expansions: 3,153, time: 8,309 [ms], path length: 36 [edges], generated: 4,167
[00:00:02:46:181] Path of length 36 found: [0, 9, 18, 19, 20, 11, 2, 3, 4, 5, 6, 7, 16, 25, 24, 23, 22, 31, 40, 39, 38, 37, 36, 45, 54, 55, 56, 57, 58, 59, 60, 51, 42, 43, 44, 53, 62]
[00:00:02:46:662] ! Bidirectional. expansions: 119,916, time: 166,181 [ms], path length: 36 [edges], g_F: 18, g_B: 18, generated: {'F': 96,384, 'B': 98,295}, MM: 0, MMPER: -1.0%
[00:00:02:46:662] 
---------- SM_Grids/7x9_grid_with_random_blocks_12per_7 ----------
[00:00:00:08:493] Path of length 34 found: [0, 9, 18, 19, 28, 37, 36, 45, 54, 55, 56, 57, 58, 59, 60, 51, 42, 41, 32, 31, 22, 21, 12, 3, 4, 5, 14, 15, 24, 25, 34, 35, 44, 53, 62]
[00:00:00:08:493] ! Unidirectional s-t. expansions: 2,410, time: 8,493 [ms], path length: 34 [edges], generated: 3,967
[00:00:00:08:253] Path of length 34 found: [62, 53, 44, 35, 34, 25, 24, 15, 14, 5, 4, 3, 12, 21, 30, 31, 32, 41, 42, 51, 60, 59, 58, 57, 56, 55, 54, 45, 36, 37, 28, 19, 10, 1, 0]
[00:00:00:08:253] ! Unidirectional t-s. expansions: 2,235, time: 8,253 [ms], path length: 34 [edges], generated: 3,625
[00:00:03:40:014] Path of length 34 found: [0, 1, 10, 19, 18, 27, 36, 37, 46, 55, 56, 57, 58, 59, 60, 51, 42, 41, 40, 39, 30, 21, 12, 3, 4, 5, 14, 15, 24, 25, 34, 35, 44, 53, 62]
[00:00:03:40:458] ! Bidirectional. expansions: 147,794, time: 220,014 [ms], path length: 34 [edges], g_F: 17, g_B: 17, generated: {'F': 131,102, 'B': 117,558}, MM: 0, MMPER: -1.0%
[00:00:03:40:458] 
---------- SM_Grids/7x9_grid_with_random_blocks_12per_8 ----------
[00:00:00:10:990] Path of length 32 found: [0, 9, 18, 27, 36, 37, 38, 29, 20, 11, 2, 3, 4, 13, 22, 31, 40, 49, 50, 51, 42, 33, 24, 15, 6, 7, 8, 17, 26, 35, 44, 53, 62]
[00:00:00:10:990] ! Unidirectional s-t. expansions: 2,726, time: 10,990 [ms], path length: 32 [edges], generated: 5,091
[00:00:00:09:915] Path of length 32 found: [62, 61, 52, 51, 50, 49, 40, 31, 32, 33, 34, 35, 26, 17, 8, 7, 6, 15, 14, 13, 4, 3, 2, 11, 20, 29, 38, 37, 36, 27, 18, 9, 0]
[00:00:00:09:915] ! Unidirectional t-s. expansions: 2,256, time: 9,915 [ms], path length: 32 [edges], generated: 3,938
[00:00:05:44:784] Path of length 32 found: [0, 9, 18, 27, 36, 37, 38, 29, 20, 11, 2, 3, 4, 13, 22, 31, 40, 49, 50, 51, 42, 33, 24, 15, 6, 7, 8, 17, 26, 35, 44, 53, 62]
[00:00:05:45:292] ! Bidirectional. expansions: 213,206, time: 344,784 [ms], path length: 32 [edges], g_F: 16, g_B: 16, generated: {'F': 183,623, 'B': 182,844}, MM: 0, MMPER: -1.0%
[00:00:05:45:293] 
---------- SM_Grids/7x9_grid_with_random_blocks_12per_9 ----------
[00:00:00:07:187] Path of length 36 found: [0, 1, 10, 19, 18, 27, 36, 45, 54, 55, 56, 47, 48, 49, 58, 59, 60, 51, 42, 41, 32, 23, 22, 21, 12, 3, 4, 5, 6, 15, 16, 25, 34, 35, 44, 53, 62]
[00:00:00:07:188] ! Unidirectional s-t. expansions: 1,780, time: 7,188 [ms], path length: 36 [edges], generated: 3,163
[00:00:00:11:060] Path of length 36 found: [62, 53, 44, 35, 26, 17, 16, 7, 6, 5, 4, 3, 12, 21, 30, 31, 32, 33, 42, 51, 60, 59, 58, 49, 48, 47, 56, 55, 54, 45, 36, 37, 28, 19, 10, 1, 0]
[00:00:00:11:060] ! Unidirectional t-s. expansions: 3,323, time: 11,060 [ms], path length: 36 [edges], generated: 5,195
[00:00:01:55:246] Path of length 36 found: [0, 9, 18, 19, 28, 37, 36, 45, 54, 55, 56, 47, 48, 49, 58, 59, 60, 51, 42, 41, 32, 31, 30, 21, 12, 3, 4, 5, 6, 7, 16, 17, 26, 35, 44, 53, 62]
[00:00:01:55:693] ! Bidirectional. expansions: 86,660, time: 115,247 [ms], path length: 36 [edges], g_F: 18, g_B: 18, generated: {'F': 77,292, 'B': 66,090}, MM: 0, MMPER: -1.0%

[00:00:01:55:693] average expansions: (1,855, 3,234, 119,502, 0)
[00:00:01:55:693] average time: (7,374, 10,757, 179,040, 0)
[00:00:01:55:693] X-DFBnB: 1,855 , 7,374 (expansions , time[ms])
[00:00:01:55:693] BiX-DFBnB: 119,502 , 179,040 (expansions , time[ms])

