Thu 12 Mar 2026 17:41:59 IST

SLURM_JOBID:		 15627551
SLURM_JOB_NODELIST:	 ise-cpu256-28 

--------------------------
date: SM_Grids
number_of_graphs: 10
graph_type: grid
size_of_graphs: [7, 9]
heuristic: bcc_heuristic
snake: True
run_uni: True
run_bi: True
run_multi: False
solution_vertices: []
algorithms: ['DFBnB']
bsd: False
cube_first_dims: 4
cube_buffer_dim: None
backward_sym_generation: False
sym_coil: False
prefix_set: None

---------- SM_Grids/7x9_grid_with_random_blocks_12per_0 ----------
[00:00:00:15:155] Path of length 32 found: [0, 9, 18, 19, 20, 11, 2, 3, 4, 13, 14, 15, 16, 25, 26, 35, 44, 43, 42, 33, 32, 31, 30, 39, 38, 47, 56, 57, 58, 59, 60, 61, 62]
[00:00:00:15:155] ! Unidirectional s-t. expansions: 3,775, time: 15,155 [ms], path length: 32 [edges], generated: 6,973
[00:00:00:16:892] Path of length 32 found: [62, 61, 60, 59, 58, 57, 56, 47, 38, 39, 30, 31, 32, 41, 42, 43, 44, 35, 26, 25, 16, 7, 6, 5, 14, 13, 12, 11, 20, 19, 18, 9, 0]
[00:00:00:16:892] ! Unidirectional t-s. expansions: 6,170, time: 16,892 [ms], path length: 32 [edges], generated: 9,327
[00:00:08:38:389] Path of length 32 found: [0, 9, 18, 19, 20, 11, 2, 3, 4, 5, 6, 7, 16, 25, 24, 23, 32, 31, 30, 39, 38, 47, 56, 57, 58, 59, 60, 51, 42, 43, 44, 53, 62]
[00:00:08:38:900] ! Bidirectional. expansions: 52,325, time: 518,389 [ms], path length: 32 [edges], g_F: 16, g_B: 16, generated: {'F': 96,249, 'B': 95,043}, MM: 0, MMPER: -1.0%
[00:00:08:38:901] 
---------- SM_Grids/7x9_grid_with_random_blocks_12per_1 ----------
[00:00:00:04:734] Path of length 32 found: [0, 9, 18, 19, 20, 11, 12, 13, 14, 5, 6, 7, 16, 17, 26, 35, 34, 43, 42, 41, 32, 31, 30, 39, 38, 47, 56, 57, 58, 59, 60, 61, 62]
[00:00:00:04:734] ! Unidirectional s-t. expansions: 1,089, time: 4,734 [ms], path length: 32 [edges], generated: 1,886
[00:00:00:14:719] Path of length 32 found: [62, 61, 60, 59, 58, 57, 56, 47, 38, 39, 30, 31, 32, 41, 42, 43, 34, 35, 26, 17, 16, 7, 6, 5, 14, 13, 12, 11, 20, 19, 18, 9, 0]
[00:00:00:14:720] ! Unidirectional t-s. expansions: 4,582, time: 14,719 [ms], path length: 32 [edges], generated: 7,699
[00:00:04:18:903] Path of length 32 found: [0, 9, 18, 19, 20, 11, 12, 13, 14, 5, 6, 7, 16, 25, 26, 35, 44, 43, 42, 41, 32, 31, 30, 39, 38, 47, 56, 57, 58, 59, 60, 61, 62]
[00:00:04:19:351] ! Bidirectional. expansions: 25,619, time: 258,903 [ms], path length: 32 [edges], g_F: 16, g_B: 16, generated: {'F': 45,836, 'B': 47,487}, MM: 0, MMPER: -1.0%
[00:00:04:19:352] 
---------- SM_Grids/7x9_grid_with_random_blocks_12per_2 ----------
[00:00:00:09:311] Path of length 32 found: [0, 9, 18, 19, 28, 37, 36, 45, 54, 55, 56, 47, 48, 49, 50, 41, 32, 31, 30, 21, 12, 3, 4, 5, 14, 15, 24, 25, 34, 43, 52, 61, 62]
[00:00:00:09:311] ! Unidirectional s-t. expansions: 2,206, time: 9,311 [ms], path length: 32 [edges], generated: 4,015
[00:00:00:20:231] Path of length 32 found: [62, 53, 44, 43, 34, 25, 16, 7, 6, 5, 14, 23, 32, 41, 50, 49, 48, 47, 56, 55, 54, 45, 36, 27, 18, 19, 20, 21, 12, 3, 2, 1, 0]
[00:00:00:20:231] ! Unidirectional t-s. expansions: 5,690, time: 20,231 [ms], path length: 32 [edges], generated: 9,998
[00:00:07:31:263] Path of length 32 found: [0, 9, 18, 19, 28, 37, 36, 45, 54, 55, 56, 47, 48, 49, 50, 41, 32, 31, 30, 21, 12, 13, 14, 5, 6, 7, 16, 25, 34, 43, 44, 53, 62]
[00:00:07:31:750] ! Bidirectional. expansions: 47,399, time: 451,263 [ms], path length: 32 [edges], g_F: 16, g_B: 16, generated: {'F': 80,017, 'B': 84,337}, MM: 0, MMPER: -1.0%
[00:00:07:31:750] 
---------- SM_Grids/7x9_grid_with_random_blocks_12per_3 ----------
[00:00:00:05:768] Path of length 36 found: [0, 9, 10, 11, 2, 3, 4, 5, 6, 7, 8, 17, 26, 25, 34, 43, 42, 41, 32, 23, 22, 21, 30, 29, 28, 27, 36, 45, 46, 47, 48, 49, 58, 59, 60, 61, 62]
[00:00:00:05:769] ! Unidirectional s-t. expansions: 1,411, time: 5,768 [ms], path length: 36 [edges], generated: 2,375
[00:00:00:05:912] Path of length 36 found: [62, 61, 60, 59, 50, 49, 40, 39, 38, 47, 46, 45, 36, 27, 28, 19, 20, 21, 22, 23, 32, 33, 42, 43, 44, 35, 26, 17, 8, 7, 6, 5, 4, 3, 2, 1, 0]
[00:00:00:05:912] ! Unidirectional t-s. expansions: 1,547, time: 5,912 [ms], path length: 36 [edges], generated: 2,727
[00:00:02:00:571] Path of length 36 found: [0, 9, 10, 11, 2, 3, 4, 5, 6, 7, 8, 17, 26, 35, 44, 43, 42, 33, 24, 23, 22, 31, 30, 29, 28, 27, 36, 45, 46, 47, 48, 49, 50, 59, 60, 61, 62]
[00:00:02:00:999] ! Bidirectional. expansions: 12,744, time: 120,571 [ms], path length: 36 [edges], g_F: 18, g_B: 18, generated: {'F': 20,083, 'B': 21,977}, MM: 0, MMPER: -1.0%
[00:00:02:00:999] 
---------- SM_Grids/7x9_grid_with_random_blocks_12per_4 ----------
[00:00:00:04:476] Path of length 36 found: [0, 1, 10, 11, 12, 13, 4, 5, 6, 7, 8, 17, 26, 25, 24, 23, 32, 41, 40, 39, 30, 29, 28, 27, 36, 45, 46, 47, 56, 57, 58, 59, 60, 51, 52, 53, 62]
[00:00:00:04:476] ! Unidirectional s-t. expansions: 1,213, time: 4,476 [ms], path length: 36 [edges], generated: 2,012
[00:00:00:04:511] Path of length 36 found: [62, 53, 52, 51, 60, 59, 58, 57, 56, 47, 46, 45, 36, 27, 28, 29, 30, 39, 40, 41, 32, 33, 34, 25, 26, 17, 8, 7, 6, 5, 4, 13, 12, 11, 2, 1, 0]
[00:00:00:04:511] ! Unidirectional t-s. expansions: 1,077, time: 4,511 [ms], path length: 36 [edges], generated: 1,879
[00:00:02:03:022] Path of length 36 found: [0, 1, 10, 11, 12, 13, 4, 5, 6, 7, 8, 17, 26, 25, 24, 23, 32, 41, 40, 39, 30, 29, 28, 27, 36, 45, 46, 47, 56, 57, 58, 59, 60, 51, 52, 53, 62]
[00:00:02:03:448] ! Bidirectional. expansions: 12,734, time: 123,022 [ms], path length: 36 [edges], g_F: 18, g_B: 18, generated: {'F': 21,364, 'B': 22,337}, MM: 0, MMPER: -1.0%
[00:00:02:03:448] 
---------- SM_Grids/7x9_grid_with_random_blocks_12per_5 ----------
[00:00:00:02:017] Path of length 30 found: [0, 1, 10, 19, 28, 29, 38, 39, 48, 49, 50, 41, 32, 31, 22, 21, 12, 3, 4, 5, 14, 15, 24, 25, 26, 35, 44, 43, 52, 61, 62]
[00:00:00:02:017] ! Unidirectional s-t. expansions: 398, time: 2,017 [ms], path length: 30 [edges], generated: 776
[00:00:00:08:538] Path of length 30 found: [62, 53, 44, 35, 26, 17, 16, 15, 6, 5, 4, 3, 12, 21, 22, 31, 32, 33, 42, 51, 50, 49, 48, 39, 38, 29, 28, 19, 10, 1, 0]
[00:00:00:08:538] ! Unidirectional t-s. expansions: 2,312, time: 8,538 [ms], path length: 30 [edges], generated: 3,777
[00:00:02:05:362] Path of length 30 found: [0, 1, 10, 19, 28, 29, 38, 39, 48, 49, 50, 51, 42, 33, 32, 23, 22, 21, 12, 3, 4, 5, 6, 15, 16, 17, 26, 35, 44, 53, 62]
[00:00:02:05:784] ! Bidirectional. expansions: 12,163, time: 125,362 [ms], path length: 30 [edges], g_F: 15, g_B: 15, generated: {'F': 22,740, 'B': 23,446}, MM: 0, MMPER: -1.0%
[00:00:02:05:784] 
---------- SM_Grids/7x9_grid_with_random_blocks_12per_6 ----------
[00:00:00:06:232] Path of length 36 found: [0, 9, 18, 19, 20, 11, 12, 3, 4, 5, 6, 7, 16, 25, 24, 23, 22, 31, 40, 39, 38, 37, 36, 45, 54, 55, 56, 57, 58, 59, 50, 51, 42, 43, 44, 53, 62]
[00:00:00:06:232] ! Unidirectional s-t. expansions: 1,540, time: 6,232 [ms], path length: 36 [edges], generated: 2,628
[00:00:00:07:769] Path of length 36 found: [62, 53, 44, 35, 26, 17, 16, 15, 24, 33, 42, 51, 60, 59, 58, 57, 56, 55, 54, 45, 36, 37, 38, 39, 40, 31, 22, 13, 4, 3, 2, 11, 20, 19, 18, 9, 0]
[00:00:00:07:769] ! Unidirectional t-s. expansions: 3,153, time: 7,769 [ms], path length: 36 [edges], generated: 4,167
[00:00:07:55:700] Path of length 36 found: [0, 9, 18, 19, 20, 11, 2, 3, 4, 13, 22, 31, 40, 39, 38, 37, 36, 45, 54, 55, 56, 57, 58, 59, 60, 51, 42, 33, 24, 15, 16, 17, 26, 35, 44, 53, 62]
[00:00:07:56:164] ! Bidirectional. expansions: 50,482, time: 475,701 [ms], path length: 36 [edges], g_F: 18, g_B: 18, generated: {'F': 87,535, 'B': 85,455}, MM: 0, MMPER: -1.0%
[00:00:07:56:164] 
---------- SM_Grids/7x9_grid_with_random_blocks_12per_7 ----------
[00:00:00:09:531] Path of length 34 found: [0, 9, 18, 19, 28, 37, 36, 45, 54, 55, 56, 57, 58, 59, 60, 51, 42, 41, 32, 31, 22, 21, 12, 3, 4, 5, 14, 15, 24, 25, 34, 35, 44, 53, 62]
[00:00:00:09:531] ! Unidirectional s-t. expansions: 2,410, time: 9,531 [ms], path length: 34 [edges], generated: 3,967
[00:00:00:08:841] Path of length 34 found: [62, 53, 44, 35, 34, 25, 24, 15, 14, 5, 4, 3, 12, 21, 30, 31, 32, 41, 42, 51, 60, 59, 58, 57, 56, 55, 54, 45, 36, 37, 28, 19, 10, 1, 0]
[00:00:00:08:842] ! Unidirectional t-s. expansions: 2,235, time: 8,841 [ms], path length: 34 [edges], generated: 3,625
[00:00:05:13:581] Path of length 34 found: [0, 9, 18, 19, 28, 37, 36, 45, 54, 55, 56, 57, 58, 59, 60, 51, 42, 41, 32, 31, 30, 21, 12, 3, 4, 5, 14, 15, 24, 25, 34, 35, 44, 53, 62]
[00:00:05:14:035] ! Bidirectional. expansions: 31,019, time: 313,581 [ms], path length: 34 [edges], g_F: 17, g_B: 17, generated: {'F': 55,854, 'B': 49,802}, MM: 0, MMPER: -1.0%
[00:00:05:14:035] 
---------- SM_Grids/7x9_grid_with_random_blocks_12per_8 ----------
[00:00:00:12:132] Path of length 32 found: [0, 9, 18, 27, 36, 37, 38, 29, 20, 11, 2, 3, 4, 13, 22, 31, 40, 49, 50, 51, 42, 33, 24, 15, 6, 7, 8, 17, 26, 35, 44, 53, 62]
[00:00:00:12:132] ! Unidirectional s-t. expansions: 2,726, time: 12,132 [ms], path length: 32 [edges], generated: 5,091
[00:00:00:10:649] Path of length 32 found: [62, 61, 52, 51, 50, 49, 40, 31, 32, 33, 34, 35, 26, 17, 8, 7, 6, 15, 14, 13, 4, 3, 2, 11, 20, 29, 38, 37, 36, 27, 18, 9, 0]
[00:00:00:10:649] ! Unidirectional t-s. expansions: 2,256, time: 10,649 [ms], path length: 32 [edges], generated: 3,938
[00:00:06:53:351] Path of length 32 found: [0, 9, 18, 27, 36, 37, 38, 29, 20, 11, 2, 3, 4, 13, 14, 15, 6, 7, 8, 17, 26, 35, 34, 33, 32, 31, 40, 49, 50, 51, 52, 61, 62]
[00:00:06:53:802] ! Bidirectional. expansions: 35,925, time: 413,351 [ms], path length: 32 [edges], g_F: 16, g_B: 16, generated: {'F': 68,001, 'B': 63,821}, MM: 0, MMPER: -1.0%
[00:00:06:53:802] 
---------- SM_Grids/7x9_grid_with_random_blocks_12per_9 ----------
[00:00:00:08:140] Path of length 36 found: [0, 1, 10, 19, 18, 27, 36, 45, 54, 55, 56, 47, 48, 49, 58, 59, 60, 51, 42, 41, 32, 23, 22, 21, 12, 3, 4, 5, 6, 15, 16, 25, 34, 35, 44, 53, 62]
[00:00:00:08:140] ! Unidirectional s-t. expansions: 1,780, time: 8,140 [ms], path length: 36 [edges], generated: 3,163
[00:00:00:13:310] Path of length 36 found: [62, 53, 44, 35, 26, 17, 16, 7, 6, 5, 4, 3, 12, 21, 30, 31, 32, 33, 42, 51, 60, 59, 58, 49, 48, 47, 56, 55, 54, 45, 36, 37, 28, 19, 10, 1, 0]
[00:00:00:13:310] ! Unidirectional t-s. expansions: 3,323, time: 13,310 [ms], path length: 36 [edges], generated: 5,195
[00:00:08:44:347] Path of length 36 found: [0, 9, 18, 19, 28, 37, 36, 45, 54, 55, 56, 47, 48, 49, 58, 59, 60, 51, 42, 33, 32, 31, 30, 21, 12, 3, 4, 5, 6, 7, 16, 17, 26, 35, 44, 53, 62]
[00:00:08:44:809] ! Bidirectional. expansions: 48,268, time: 524,348 [ms], path length: 36 [edges], g_F: 18, g_B: 18, generated: {'F': 90,861, 'B': 78,207}, MM: 0, MMPER: -1.0%

[00:00:08:44:809] average expansions: (1,855, 3,234, 32,868, 0)
[00:00:08:44:809] average time: (7,750, 11,137, 332,449, 0)
[00:00:08:44:810] X-DFBnB: 1,855 , 7,750 (expansions , time[ms])
[00:00:08:44:810] BiX-DFBnB: 32,868 , 332,449 (expansions , time[ms])

