Thu 12 Mar 2026 16:04:40 IST

SLURM_JOBID:		 15618404
SLURM_JOB_NODELIST:	 ise-cpu256-29 

--------------------------
date: SM_Grids
number_of_graphs: 10
graph_type: grid
size_of_graphs: [7, 9]
heuristic: bcc_heuristic
snake: True
run_uni: True
run_bi: True
run_multi: False
solution_vertices: []
algorithms: ['full', 'DFBnB']
bsd: False
cube_first_dims: 4
cube_buffer_dim: None
backward_sym_generation: False
sym_coil: False
prefix_set: None

---------- SM_Grids/7x9_grid_with_random_blocks_20per_0 ----------
[00:00:00:00:153] Path of length 28 found: [0, 9, 18, 19, 20, 29, 30, 39, 48, 57, 58, 59, 50, 41, 32, 23, 22, 13, 4, 5, 6, 7, 8, 17, 26, 35, 44, 53, 62]
[00:00:00:00:153] ! Unidirectional s-t. expansions: 94, time: 153 [ms], path length: 28 [edges], generated: 148
[00:00:00:00:142] Path of length 28 found: [62, 53, 44, 35, 26, 17, 8, 7, 6, 5, 4, 13, 22, 23, 32, 41, 50, 59, 58, 57, 48, 39, 30, 29, 20, 19, 10, 1, 0]
[00:00:00:00:142] ! Unidirectional t-s. expansions: 76, time: 142 [ms], path length: 28 [edges], generated: 120
[00:00:00:00:240] Path of length 28 found: [0, 9, 18, 19, 20, 29, 30, 39, 48, 57, 58, 59, 50, 41, 32, 23, 22, 13, 4, 5, 6, 7, 8, 17, 26, 35, 44, 53, 62]
[00:00:00:00:685] ! Bidirectional. expansions: 107, time: 241 [ms], path length: 28 [edges], g_F: 13, g_B: 15, generated: 172, MM: 2, MMPER: 5.896551724137931%
[00:00:00:00:685] 
---------- SM_Grids/7x9_grid_with_random_blocks_20per_1 ----------
[00:00:00:00:400] Path of length 22 found: [0, 9, 10, 11, 12, 21, 30, 29, 38, 37, 36, 45, 54, 55, 56, 57, 48, 49, 50, 59, 60, 61, 62]
[00:00:00:00:400] ! Unidirectional s-t. expansions: 226, time: 400 [ms], path length: 22 [edges], generated: 320
[00:00:00:00:397] Path of length 22 found: [62, 53, 52, 51, 60, 59, 58, 57, 56, 55, 54, 45, 36, 37, 38, 39, 30, 21, 12, 11, 10, 1, 0]
[00:00:00:00:397] ! Unidirectional t-s. expansions: 206, time: 397 [ms], path length: 22 [edges], generated: 311
[00:00:00:00:667] Path of length 22 found: [62, 53, 52, 51, 60, 59, 58, 57, 56, 55, 54, 45, 36, 37, 38, 29, 30, 21, 12, 11, 10, 9, 0]
[00:00:00:01:081] ! Bidirectional. expansions: 288, time: 667 [ms], path length: 22 [edges], g_F: 10, g_B: 12, generated: 440, MM: 2, MMPER: 7.695652173913043%
[00:00:00:01:081] 
---------- SM_Grids/7x9_grid_with_random_blocks_20per_2 ----------
[00:00:00:00:832] Path of length 30 found: [0, 1, 10, 19, 18, 27, 36, 45, 46, 47, 38, 29, 30, 21, 12, 3, 4, 5, 14, 15, 16, 25, 34, 33, 32, 41, 50, 51, 60, 61, 62]
[00:00:00:00:832] ! Unidirectional s-t. expansions: 418, time: 832 [ms], path length: 30 [edges], generated: 745
[00:00:00:00:812] Path of length 30 found: [62, 53, 52, 51, 50, 49, 40, 31, 32, 33, 34, 25, 16, 15, 14, 5, 4, 3, 12, 21, 20, 29, 38, 47, 46, 45, 36, 27, 18, 9, 0]
[00:00:00:00:812] ! Unidirectional t-s. expansions: 439, time: 812 [ms], path length: 30 [edges], generated: 725
[00:00:00:01:416] Path of length 30 found: [62, 53, 52, 51, 50, 41, 32, 33, 34, 25, 16, 15, 14, 5, 4, 3, 12, 21, 30, 29, 38, 47, 46, 45, 36, 27, 18, 19, 10, 1, 0]
[00:00:00:01:839] ! Bidirectional. expansions: 563, time: 1,417 [ms], path length: 30 [edges], g_F: 13, g_B: 17, generated: 1,013, MM: 4, MMPER: 11.903225806451612%
[00:00:00:01:839] 
---------- SM_Grids/7x9_grid_with_random_blocks_20per_3 ----------
[00:00:00:00:304] Path of length 32 found: [0, 1, 10, 19, 28, 27, 36, 45, 46, 55, 56, 57, 58, 59, 50, 41, 40, 39, 30, 21, 22, 13, 4, 5, 6, 7, 16, 25, 34, 43, 52, 61, 62]
[00:00:00:00:304] ! Unidirectional s-t. expansions: 143, time: 304 [ms], path length: 32 [edges], generated: 228
[00:00:00:00:332] Path of length 32 found: [62, 53, 44, 43, 34, 25, 16, 7, 6, 5, 4, 13, 22, 21, 30, 39, 40, 41, 50, 59, 58, 57, 56, 47, 46, 45, 36, 27, 28, 19, 10, 1, 0]
[00:00:00:00:332] ! Unidirectional t-s. expansions: 177, time: 332 [ms], path length: 32 [edges], generated: 277
[00:00:00:00:582] Path of length 32 found: [62, 53, 44, 43, 34, 25, 16, 7, 6, 5, 4, 13, 22, 21, 30, 39, 40, 41, 50, 59, 58, 57, 56, 55, 46, 45, 36, 27, 28, 19, 10, 1, 0]
[00:00:00:01:032] ! Bidirectional. expansions: 239, time: 582 [ms], path length: 32 [edges], g_F: 16, g_B: 16, generated: 392, MM: 0, MMPER: -1.0%
[00:00:00:01:032] 
---------- SM_Grids/7x9_grid_with_random_blocks_20per_4 ----------
[00:00:00:00:129] Path of length 28 found: [0, 9, 18, 27, 36, 45, 54, 55, 56, 57, 48, 39, 38, 29, 20, 21, 12, 3, 4, 5, 14, 23, 32, 33, 34, 43, 52, 61, 62]
[00:00:00:00:129] ! Unidirectional s-t. expansions: 73, time: 129 [ms], path length: 28 [edges], generated: 116
[00:00:00:00:823] Path of length 28 found: [62, 61, 60, 51, 42, 33, 32, 23, 14, 5, 4, 3, 12, 21, 20, 29, 38, 39, 48, 57, 56, 55, 54, 45, 36, 27, 18, 9, 0]
[00:00:00:00:823] ! Unidirectional t-s. expansions: 503, time: 823 [ms], path length: 28 [edges], generated: 784
[00:00:00:00:745] Path of length 28 found: [62, 61, 60, 51, 42, 33, 32, 23, 14, 5, 4, 3, 12, 21, 20, 29, 38, 39, 48, 57, 56, 55, 54, 45, 36, 27, 18, 9, 0]
[00:00:00:01:169] ! Bidirectional. expansions: 307, time: 745 [ms], path length: 28 [edges], g_F: 12, g_B: 16, generated: 551, MM: 4, MMPER: 12.793103448275861%
[00:00:00:01:170] 
---------- SM_Grids/7x9_grid_with_random_blocks_20per_5 ----------
[00:00:00:01:093] Path of length 30 found: [0, 9, 10, 11, 20, 29, 28, 27, 36, 45, 46, 47, 48, 39, 40, 31, 32, 23, 14, 5, 6, 7, 16, 17, 26, 35, 34, 43, 52, 61, 62]
[00:00:00:01:093] ! Unidirectional s-t. expansions: 528, time: 1,093 [ms], path length: 30 [edges], generated: 936
[00:00:00:00:405] Path of length 30 found: [62, 61, 52, 43, 44, 35, 26, 17, 16, 7, 6, 5, 14, 23, 32, 41, 40, 39, 48, 47, 46, 45, 36, 27, 28, 29, 20, 11, 10, 1, 0]
[00:00:00:00:405] ! Unidirectional t-s. expansions: 202, time: 405 [ms], path length: 30 [edges], generated: 314
[00:00:00:01:268] Path of length 30 found: [0, 9, 10, 11, 20, 29, 28, 27, 36, 45, 46, 47, 48, 39, 40, 31, 32, 23, 14, 5, 6, 7, 16, 17, 26, 35, 44, 43, 52, 61, 62]
[00:00:00:01:684] ! Bidirectional. expansions: 523, time: 1,268 [ms], path length: 30 [edges], g_F: 17, g_B: 13, generated: 906, MM: 4, MMPER: 11.903225806451612%
[00:00:00:01:684] 
---------- SM_Grids/7x9_grid_with_random_blocks_20per_6 ----------
[00:00:00:00:136] Path of length 32 found: [0, 1, 2, 3, 4, 5, 6, 7, 8, 17, 26, 35, 34, 33, 24, 23, 22, 31, 30, 29, 38, 37, 46, 55, 56, 57, 48, 49, 50, 51, 60, 61, 62]
[00:00:00:00:136] ! Unidirectional s-t. expansions: 69, time: 136 [ms], path length: 32 [edges], generated: 108
[00:00:00:00:332] Path of length 32 found: [62, 61, 60, 51, 50, 49, 48, 57, 56, 55, 46, 37, 38, 29, 30, 31, 22, 23, 24, 33, 34, 35, 26, 17, 8, 7, 6, 5, 4, 3, 2, 1, 0]
[00:00:00:00:332] ! Unidirectional t-s. expansions: 209, time: 332 [ms], path length: 32 [edges], generated: 314
[00:00:00:00:346] Path of length 32 found: [0, 1, 2, 3, 4, 5, 6, 7, 8, 17, 26, 35, 34, 33, 24, 23, 22, 31, 30, 29, 38, 37, 46, 55, 56, 57, 48, 49, 50, 51, 60, 61, 62]
[00:00:00:00:762] ! Bidirectional. expansions: 146, time: 346 [ms], path length: 32 [edges], g_F: 15, g_B: 17, generated: 211, MM: 2, MMPER: 5.0606060606060606%
[00:00:00:00:762] 
---------- SM_Grids/7x9_grid_with_random_blocks_20per_7 ----------
[00:00:00:01:173] Path of length 32 found: [0, 9, 18, 27, 28, 37, 46, 55, 56, 57, 48, 39, 40, 31, 22, 21, 12, 3, 4, 5, 14, 15, 16, 17, 26, 35, 34, 33, 42, 51, 60, 61, 62]
[00:00:00:01:173] ! Unidirectional s-t. expansions: 757, time: 1,173 [ms], path length: 32 [edges], generated: 1,227
[00:00:00:01:110] Path of length 32 found: [62, 53, 44, 35, 26, 17, 16, 15, 6, 5, 4, 3, 12, 21, 22, 31, 32, 33, 42, 51, 50, 49, 48, 57, 56, 55, 46, 37, 28, 19, 18, 9, 0]
[00:00:00:01:110] ! Unidirectional t-s. expansions: 537, time: 1,110 [ms], path length: 32 [edges], generated: 929
[00:00:00:01:804] Path of length 32 found: [0, 9, 18, 27, 28, 37, 46, 55, 56, 57, 48, 39, 40, 31, 22, 21, 12, 3, 4, 5, 6, 15, 16, 17, 26, 35, 44, 43, 42, 51, 60, 61, 62]
[00:00:00:02:222] ! Bidirectional. expansions: 767, time: 1,804 [ms], path length: 32 [edges], g_F: 15, g_B: 17, generated: 1,377, MM: 2, MMPER: 5.0606060606060606%
[00:00:00:02:223] 
---------- SM_Grids/7x9_grid_with_random_blocks_20per_8 ----------
[00:00:00:00:649] Path of length 26 found: [0, 9, 10, 11, 2, 3, 4, 5, 14, 15, 24, 33, 32, 31, 30, 29, 38, 47, 48, 57, 58, 59, 50, 51, 52, 61, 62]
[00:00:00:00:649] ! Unidirectional s-t. expansions: 325, time: 649 [ms], path length: 26 [edges], generated: 554
[00:00:00:00:649] Path of length 26 found: [62, 53, 44, 43, 34, 33, 24, 15, 14, 13, 22, 31, 40, 41, 50, 59, 58, 57, 48, 47, 38, 29, 28, 19, 10, 1, 0]
[00:00:00:00:649] ! Unidirectional t-s. expansions: 314, time: 649 [ms], path length: 26 [edges], generated: 535
[00:00:00:01:073] Path of length 26 found: [62, 53, 52, 51, 60, 59, 58, 57, 48, 47, 38, 29, 30, 31, 32, 33, 24, 15, 14, 5, 4, 3, 2, 11, 10, 9, 0]
[00:00:00:01:492] ! Bidirectional. expansions: 428, time: 1,073 [ms], path length: 26 [edges], g_F: 12, g_B: 14, generated: 785, MM: 2, MMPER: 6.407407407407407%
[00:00:00:01:493] 
---------- SM_Grids/7x9_grid_with_random_blocks_20per_9 ----------
[00:00:00:00:198] Path of length 32 found: [0, 9, 18, 19, 28, 37, 36, 45, 54, 55, 56, 57, 48, 39, 30, 21, 12, 3, 4, 5, 14, 15, 24, 25, 26, 35, 44, 43, 42, 51, 60, 61, 62]
[00:00:00:00:198] ! Unidirectional s-t. expansions: 111, time: 198 [ms], path length: 32 [edges], generated: 167
[00:00:00:00:840] Path of length 32 found: [62, 61, 60, 51, 42, 43, 44, 35, 26, 25, 16, 7, 6, 5, 4, 3, 2, 11, 20, 21, 30, 39, 48, 57, 56, 55, 54, 45, 36, 27, 18, 9, 0]
[00:00:00:00:840] ! Unidirectional t-s. expansions: 456, time: 840 [ms], path length: 32 [edges], generated: 795
[00:00:00:00:709] Path of length 32 found: [62, 61, 60, 51, 42, 43, 44, 35, 26, 25, 16, 7, 6, 5, 4, 3, 12, 21, 30, 39, 48, 57, 56, 55, 54, 45, 36, 37, 28, 19, 18, 9, 0]
[00:00:00:01:130] ! Bidirectional. expansions: 314, time: 709 [ms], path length: 32 [edges], g_F: 17, g_B: 15, generated: 526, MM: 2, MMPER: 5.0606060606060606%

[00:00:00:01:130] average expansions: (274, 312, 368, 0)
[00:00:00:01:130] average time: (507, 584, 885, 0)
[00:00:00:01:130] A*: 274 , 507 (expansions , time[ms])
[00:00:00:01:130] XMM: 368 , 885 (expansions , time[ms])

[00:00:00:01:130] 
---------- SM_Grids/7x9_grid_with_random_blocks_20per_0 ----------
[00:00:00:00:088] New longest path found with length 28 at expansion 30
[00:00:00:00:314] Path of length 28 found: [0, 9, 18, 19, 20, 29, 30, 39, 48, 57, 58, 59, 50, 41, 32, 23, 22, 13, 4, 5, 6, 7, 8, 17, 26, 35, 44, 53, 62]
[00:00:00:00:314] ! Unidirectional s-t. expansions: 93, time: 314 [ms], path length: 28 [edges], generated: 148
[00:00:00:00:089] New longest path found with length 28 at expansion 27
[00:00:00:00:288] Path of length 28 found: [62, 53, 44, 35, 26, 17, 8, 7, 6, 5, 4, 13, 22, 23, 32, 41, 50, 59, 58, 57, 48, 39, 30, 29, 20, 19, 10, 1, 0]
[00:00:00:00:288] ! Unidirectional t-s. expansions: 89, time: 288 [ms], path length: 28 [edges], generated: 135
[00:00:00:00:059] New longest path found with length 28 at expansion 14
[00:00:00:00:499] Path of length 28 found: [0, 9, 18, 19, 20, 29, 30, 39, 48, 57, 58, 59, 50, 41, 32, 23, 22, 13, 4, 5, 6, 7, 8, 17, 26, 35, 44, 53, 62]
[00:00:00:00:918] ! Bidirectional. expansions: 122, time: 499 [ms], path length: 28 [edges], g_F: 14, g_B: 14, generated: {'F': 195, 'B': 183}, MM: 0, MMPER: -1.0%
[00:00:00:00:918] 
---------- SM_Grids/7x9_grid_with_random_blocks_20per_1 ----------
[00:00:00:00:064] New longest path found with length 18 at expansion 17
[00:00:00:00:142] New longest path found with length 22 at expansion 47
[00:00:00:00:732] Path of length 22 found: [0, 9, 10, 19, 20, 21, 30, 39, 38, 37, 36, 45, 54, 55, 56, 57, 58, 49, 50, 51, 60, 61, 62]
[00:00:00:00:733] ! Unidirectional s-t. expansions: 233, time: 732 [ms], path length: 22 [edges], generated: 334
[00:00:00:00:065] New longest path found with length 18 at expansion 17
[00:00:00:00:260] New longest path found with length 22 at expansion 86
[00:00:00:00:729] Path of length 22 found: [62, 53, 52, 51, 60, 59, 58, 57, 56, 55, 54, 45, 36, 37, 38, 29, 30, 21, 12, 11, 10, 1, 0]
[00:00:00:00:729] ! Unidirectional t-s. expansions: 219, time: 729 [ms], path length: 22 [edges], generated: 330
[00:00:00:00:045] New longest path found with length 18 at expansion 9
[00:00:00:00:087] New longest path found with length 22 at expansion 20
[00:00:00:00:420] Path of length 22 found: [0, 9, 10, 19, 20, 21, 30, 39, 38, 37, 36, 45, 54, 55, 56, 57, 58, 59, 60, 51, 52, 53, 62]
[00:00:00:00:837] ! Bidirectional. expansions: 89, time: 420 [ms], path length: 22 [edges], g_F: 11, g_B: 11, generated: {'F': 152, 'B': 141}, MM: 0, MMPER: -1.0%
[00:00:00:00:838] 
---------- SM_Grids/7x9_grid_with_random_blocks_20per_2 ----------
[00:00:00:00:095] New longest path found with length 26 at expansion 30
[00:00:00:00:192] New longest path found with length 30 at expansion 70
[00:00:00:01:574] Path of length 30 found: [0, 9, 10, 19, 28, 27, 36, 45, 46, 47, 38, 39, 30, 21, 12, 3, 4, 5, 14, 15, 16, 25, 34, 33, 32, 41, 50, 51, 60, 61, 62]
[00:00:00:01:574] ! Unidirectional s-t. expansions: 461, time: 1,574 [ms], path length: 30 [edges], generated: 817
[00:00:00:00:061] New longest path found with length 14 at expansion 13
[00:00:00:00:100] New longest path found with length 28 at expansion 29
[00:00:00:00:665] New longest path found with length 30 at expansion 204
[00:00:00:01:800] Path of length 30 found: [62, 53, 52, 51, 50, 49, 40, 31, 32, 33, 34, 25, 16, 15, 14, 5, 4, 3, 12, 21, 20, 29, 38, 47, 46, 45, 36, 27, 18, 9, 0]
[00:00:00:01:801] ! Unidirectional t-s. expansions: 549, time: 1,800 [ms], path length: 30 [edges], generated: 917
[00:00:00:00:080] New longest path found with length 28 at expansion 14
[00:00:00:00:473] New longest path found with length 30 at expansion 98
[00:00:00:01:752] Path of length 30 found: [0, 1, 10, 19, 18, 27, 36, 45, 46, 47, 38, 39, 40, 31, 22, 21, 12, 3, 4, 5, 14, 15, 16, 25, 34, 33, 42, 51, 52, 53, 62]
[00:00:00:02:205] ! Bidirectional. expansions: 282, time: 1,753 [ms], path length: 30 [edges], g_F: 15, g_B: 15, generated: {'F': 477, 'B': 514}, MM: 0, MMPER: -1.0%
[00:00:00:02:205] 
---------- SM_Grids/7x9_grid_with_random_blocks_20per_3 ----------
[00:00:00:01:546] New longest path found with length 16 at expansion 1,173
[00:00:00:01:630] New longest path found with length 26 at expansion 1,206
[00:00:00:02:134] New longest path found with length 28 at expansion 1,404
[00:00:00:02:241] New longest path found with length 32 at expansion 1,439
[00:00:00:02:614] Path of length 32 found: [0, 1, 10, 19, 28, 27, 36, 45, 46, 55, 56, 57, 58, 59, 50, 41, 40, 39, 30, 21, 22, 13, 4, 5, 6, 7, 16, 25, 34, 43, 52, 61, 62]
[00:00:00:02:614] ! Unidirectional s-t. expansions: 1,538, time: 2,614 [ms], path length: 32 [edges], generated: 1,747
[00:00:00:00:104] New longest path found with length 18 at expansion 17
[00:00:00:00:319] New longest path found with length 32 at expansion 179
[00:00:00:00:739] Path of length 32 found: [62, 53, 44, 43, 34, 25, 16, 7, 6, 5, 4, 13, 22, 21, 30, 39, 40, 41, 50, 59, 58, 57, 56, 47, 46, 45, 36, 27, 28, 19, 10, 1, 0]
[00:00:00:00:740] ! Unidirectional t-s. expansions: 300, time: 739 [ms], path length: 32 [edges], generated: 392
[00:00:00:00:071] New longest path found with length 26 at expansion 14
[00:00:00:00:119] New longest path found with length 28 at expansion 30
[00:00:00:00:265] New longest path found with length 30 at expansion 61
[00:00:00:00:313] New longest path found with length 32 at expansion 74
[00:00:00:00:469] Path of length 32 found: [0, 1, 10, 19, 28, 27, 36, 45, 46, 55, 56, 57, 58, 59, 50, 41, 40, 39, 30, 21, 22, 13, 4, 5, 6, 7, 16, 25, 34, 43, 44, 53, 62]
[00:00:00:00:886] ! Bidirectional. expansions: 95, time: 469 [ms], path length: 32 [edges], g_F: 16, g_B: 16, generated: {'F': 161, 'B': 164}, MM: 0, MMPER: -1.0%
[00:00:00:00:886] 
---------- SM_Grids/7x9_grid_with_random_blocks_20per_4 ----------
[00:00:00:00:088] New longest path found with length 28 at expansion 27
[00:00:00:00:237] Path of length 28 found: [0, 9, 18, 27, 36, 45, 54, 55, 56, 57, 48, 39, 38, 29, 20, 21, 12, 3, 4, 5, 14, 23, 32, 41, 42, 51, 60, 61, 62]
[00:00:00:00:237] ! Unidirectional s-t. expansions: 75, time: 237 [ms], path length: 28 [edges], generated: 125
[00:00:00:00:076] New longest path found with length 24 at expansion 23
[00:00:00:00:130] New longest path found with length 28 at expansion 45
[00:00:00:01:562] Path of length 28 found: [62, 53, 44, 43, 34, 33, 32, 23, 14, 5, 4, 3, 12, 21, 20, 29, 38, 39, 48, 57, 56, 55, 54, 45, 36, 27, 18, 9, 0]
[00:00:00:01:562] ! Unidirectional t-s. expansions: 502, time: 1,562 [ms], path length: 28 [edges], generated: 804
[00:00:00:00:060] New longest path found with length 24 at expansion 12
[00:00:00:00:078] New longest path found with length 26 at expansion 18
[00:00:00:00:080] New longest path found with length 28 at expansion 20
[00:00:00:00:733] Path of length 28 found: [0, 9, 18, 27, 36, 45, 54, 55, 56, 57, 48, 39, 38, 29, 20, 21, 12, 3, 4, 5, 14, 23, 32, 33, 34, 43, 44, 53, 62]
[00:00:00:01:149] ! Bidirectional. expansions: 175, time: 733 [ms], path length: 28 [edges], g_F: 14, g_B: 14, generated: {'F': 255, 'B': 317}, MM: 0, MMPER: -1.0%
[00:00:00:01:149] 
---------- SM_Grids/7x9_grid_with_random_blocks_20per_5 ----------
[00:00:00:00:096] New longest path found with length 24 at expansion 32
[00:00:00:00:346] New longest path found with length 28 at expansion 113
[00:00:00:01:051] New longest path found with length 30 at expansion 382
[00:00:00:02:498] Path of length 30 found: [0, 9, 10, 11, 20, 29, 28, 27, 36, 45, 46, 47, 48, 39, 40, 31, 32, 23, 14, 5, 6, 7, 16, 17, 26, 35, 34, 43, 52, 61, 62]
[00:00:00:02:498] ! Unidirectional s-t. expansions: 777, time: 2,498 [ms], path length: 30 [edges], generated: 1,300
[00:00:00:00:134] New longest path found with length 22 at expansion 70
[00:00:00:01:665] New longest path found with length 30 at expansion 1,024
[00:00:00:01:957] Path of length 30 found: [62, 61, 52, 43, 44, 35, 26, 17, 16, 7, 6, 5, 14, 23, 32, 41, 40, 39, 48, 47, 46, 45, 36, 27, 28, 29, 20, 11, 10, 1, 0]
[00:00:00:01:957] ! Unidirectional t-s. expansions: 1,105, time: 1,957 [ms], path length: 30 [edges], generated: 1,278
[00:00:00:00:063] New longest path found with length 20 at expansion 10
[00:00:00:00:142] New longest path found with length 22 at expansion 22
[00:00:00:00:232] New longest path found with length 24 at expansion 38
[00:00:00:00:327] New longest path found with length 28 at expansion 64
[00:00:00:00:577] New longest path found with length 30 at expansion 129
[00:00:00:00:961] Path of length 30 found: [0, 9, 10, 11, 20, 29, 28, 27, 36, 45, 46, 47, 48, 39, 40, 31, 32, 23, 14, 5, 6, 7, 16, 17, 26, 35, 44, 43, 52, 61, 62]
[00:00:00:01:379] ! Bidirectional. expansions: 203, time: 961 [ms], path length: 30 [edges], g_F: 15, g_B: 15, generated: {'F': 353, 'B': 330}, MM: 0, MMPER: -1.0%
[00:00:00:01:379] 
---------- SM_Grids/7x9_grid_with_random_blocks_20per_6 ----------
[00:00:00:00:092] New longest path found with length 32 at expansion 32
[00:00:00:00:231] Path of length 32 found: [0, 1, 2, 3, 4, 5, 6, 7, 8, 17, 26, 35, 34, 33, 24, 23, 22, 31, 30, 29, 38, 37, 46, 55, 56, 57, 48, 49, 50, 51, 60, 61, 62]
[00:00:00:00:231] ! Unidirectional s-t. expansions: 68, time: 231 [ms], path length: 32 [edges], generated: 108
[00:00:00:00:087] New longest path found with length 28 at expansion 27
[00:00:00:00:109] New longest path found with length 30 at expansion 38
[00:00:00:00:742] New longest path found with length 32 at expansion 302
[00:00:00:00:870] Path of length 32 found: [62, 61, 60, 51, 50, 49, 48, 57, 56, 55, 46, 37, 38, 29, 30, 31, 22, 23, 24, 33, 34, 35, 26, 17, 8, 7, 6, 5, 4, 3, 2, 1, 0]
[00:00:00:00:870] ! Unidirectional t-s. expansions: 356, time: 870 [ms], path length: 32 [edges], generated: 531
[00:00:00:00:067] New longest path found with length 32 at expansion 16
[00:00:00:00:082] Path of length 32 found: [0, 1, 2, 3, 4, 5, 6, 7, 8, 17, 26, 35, 34, 33, 24, 23, 22, 31, 30, 29, 38, 37, 46, 55, 56, 57, 58, 49, 50, 51, 60, 61, 62]
[00:00:00:00:502] ! Bidirectional. expansions: 19, time: 82 [ms], path length: 32 [edges], g_F: 16, g_B: 16, generated: {'F': 28, 'B': 29}, MM: 0, MMPER: -1.0%
[00:00:00:00:502] 
---------- SM_Grids/7x9_grid_with_random_blocks_20per_7 ----------
[00:00:00:00:104] New longest path found with length 32 at expansion 34
[00:00:00:02:257] Path of length 32 found: [0, 9, 18, 27, 28, 37, 46, 55, 56, 57, 48, 39, 40, 31, 22, 21, 12, 3, 4, 5, 14, 15, 16, 25, 26, 35, 44, 43, 42, 51, 60, 61, 62]
[00:00:00:02:257] ! Unidirectional s-t. expansions: 736, time: 2,257 [ms], path length: 32 [edges], generated: 1,227
[00:00:00:00:087] New longest path found with length 24 at expansion 24
[00:00:00:00:202] New longest path found with length 28 at expansion 88
[00:00:00:00:349] New longest path found with length 30 at expansion 133
[00:00:00:00:731] New longest path found with length 32 at expansion 246
[00:00:00:02:392] Path of length 32 found: [62, 53, 44, 35, 26, 17, 16, 15, 6, 5, 4, 3, 12, 21, 22, 31, 32, 33, 42, 51, 50, 49, 48, 57, 56, 55, 46, 37, 28, 19, 18, 9, 0]
[00:00:00:02:393] ! Unidirectional t-s. expansions: 712, time: 2,392 [ms], path length: 32 [edges], generated: 1,195
[00:00:00:00:076] New longest path found with length 28 at expansion 14
[00:00:00:00:152] New longest path found with length 30 at expansion 30
[00:00:00:00:394] New longest path found with length 32 at expansion 69
[00:00:00:01:364] Path of length 32 found: [0, 9, 18, 27, 28, 37, 46, 55, 56, 57, 48, 49, 50, 51, 42, 33, 32, 31, 22, 21, 12, 3, 4, 5, 6, 15, 16, 17, 26, 35, 44, 53, 62]
[00:00:00:01:786] ! Bidirectional. expansions: 250, time: 1,364 [ms], path length: 32 [edges], g_F: 16, g_B: 16, generated: {'F': 440, 'B': 439}, MM: 0, MMPER: -1.0%
[00:00:00:01:787] 
---------- SM_Grids/7x9_grid_with_random_blocks_20per_8 ----------
[00:00:00:00:374] New longest path found with length 16 at expansion 215
[00:00:00:00:418] New longest path found with length 26 at expansion 234
[00:00:00:01:409] Path of length 26 found: [0, 9, 10, 11, 2, 3, 4, 5, 14, 15, 24, 33, 32, 31, 30, 29, 38, 47, 48, 57, 58, 59, 50, 51, 52, 61, 62]
[00:00:00:01:409] ! Unidirectional s-t. expansions: 520, time: 1,409 [ms], path length: 26 [edges], generated: 758
[00:00:00:00:074] New longest path found with length 18 at expansion 20
[00:00:00:00:113] New longest path found with length 26 at expansion 39
[00:00:00:01:141] Path of length 26 found: [62, 53, 44, 43, 34, 33, 24, 15, 14, 13, 22, 31, 40, 41, 50, 59, 58, 57, 48, 47, 38, 29, 28, 19, 10, 1, 0]
[00:00:00:01:141] ! Unidirectional t-s. expansions: 316, time: 1,141 [ms], path length: 26 [edges], generated: 548
[00:00:00:00:124] New longest path found with length 16 at expansion 60
[00:00:00:00:148] New longest path found with length 26 at expansion 68
[00:00:00:00:758] Path of length 26 found: [0, 9, 10, 11, 2, 3, 4, 13, 22, 21, 30, 29, 38, 47, 48, 57, 58, 59, 50, 41, 32, 33, 34, 43, 44, 53, 62]
[00:00:00:01:175] ! Bidirectional. expansions: 180, time: 758 [ms], path length: 26 [edges], g_F: 13, g_B: 13, generated: {'F': 258, 'B': 280}, MM: 0, MMPER: -1.0%
[00:00:00:01:175] 
---------- SM_Grids/7x9_grid_with_random_blocks_20per_9 ----------
[00:00:00:00:094] New longest path found with length 32 at expansion 32
[00:00:00:00:377] Path of length 32 found: [0, 9, 18, 19, 28, 37, 36, 45, 54, 55, 56, 57, 48, 39, 30, 21, 12, 3, 4, 5, 14, 15, 24, 25, 26, 35, 44, 43, 42, 51, 60, 61, 62]
[00:00:00:00:378] ! Unidirectional s-t. expansions: 110, time: 378 [ms], path length: 32 [edges], generated: 167
[00:00:00:00:089] New longest path found with length 28 at expansion 27
[00:00:00:02:372] New longest path found with length 30 at expansion 766
[00:00:00:03:071] New longest path found with length 32 at expansion 1,009
[00:00:00:03:698] Path of length 32 found: [62, 61, 60, 51, 42, 43, 44, 35, 26, 25, 16, 7, 6, 5, 4, 3, 2, 11, 20, 21, 30, 39, 48, 57, 56, 55, 54, 45, 36, 27, 18, 9, 0]
[00:00:00:03:698] ! Unidirectional t-s. expansions: 1,227, time: 3,698 [ms], path length: 32 [edges], generated: 2,200
[00:00:00:00:072] New longest path found with length 28 at expansion 14
[00:00:00:00:734] New longest path found with length 30 at expansion 216
[00:00:00:00:800] New longest path found with length 32 at expansion 237
[00:00:00:00:987] Path of length 32 found: [0, 9, 18, 27, 36, 45, 54, 55, 56, 57, 48, 39, 30, 29, 20, 11, 2, 3, 4, 5, 6, 7, 16, 25, 26, 35, 44, 43, 42, 51, 60, 61, 62]
[00:00:00:01:430] ! Bidirectional. expansions: 300, time: 987 [ms], path length: 32 [edges], g_F: 16, g_B: 16, generated: {'F': 451, 'B': 465}, MM: 0, MMPER: -1.0%

[00:00:00:01:430] average expansions: (461, 538, 172, 0)
[00:00:00:01:430] average time: (1,224, 1,518, 803, 0)
[00:00:00:01:430] X-DFBnB: 461 , 1,224 (expansions , time[ms])
[00:00:00:01:430] BiX-DFBnB: 172 , 803 (expansions , time[ms])

