Mon 09 Mar 2026 17:31:53 IST

SLURM_JOBID:		 15365904
SLURM_JOB_NODELIST:	 ise-cpu256-04 

--------------------------
date: SM_Grids
number_of_graphs: 10
graph_type: grid
size_of_graphs: [7, 9]
heuristic: bcc_heuristic
snake: True
run_uni: True
run_bi: True
run_multi: False
solution_vertices: []
algorithms: ['DFBnB']
bsd: False
cube_first_dims: 4
cube_buffer_dim: None
backward_sym_generation: False
sym_coil: False
prefix_set: None

---------- SM_Grids/7x9_grid_with_random_blocks_8per_0 ----------
[00:00:00:05:753] Path of length 38 found: [0, 9, 18, 27, 36, 45, 54, 55, 56, 47, 38, 39, 40, 49, 58, 59, 60, 51, 42, 33, 32, 23, 22, 21, 20, 11, 2, 3, 4, 5, 6, 15, 16, 25, 26, 35, 44, 53, 62]
[00:00:00:05:754] ! Unidirectional s-t. expansions: 1,465, time: 5,754 [ms], path length: 38 [edges], generated: 2,462
[00:00:00:09:250] Path of length 38 found: [62, 53, 44, 35, 26, 25, 16, 7, 6, 5, 4, 3, 2, 11, 20, 21, 22, 23, 32, 33, 42, 51, 60, 59, 58, 49, 40, 39, 38, 47, 56, 55, 54, 45, 36, 27, 18, 9, 0]
[00:00:00:09:250] ! Unidirectional t-s. expansions: 5,243, time: 9,250 [ms], path length: 38 [edges], generated: 5,844
[00:00:03:48:036] Path of length 38 found: [0, 1, 2, 11, 20, 19, 18, 27, 36, 45, 54, 55, 56, 47, 38, 39, 40, 49, 58, 59, 60, 51, 42, 33, 32, 23, 22, 13, 4, 5, 6, 7, 16, 25, 26, 35, 44, 53, 62]
[00:00:03:48:498] ! Bidirectional. expansions: 137,854, time: 228,036 [ms], path length: 38 [edges], g_F: 19, g_B: 19, generated: {'F': 116,467, 'B': 123,943}, MM: 0, MMPER: -1.0%
[00:00:03:48:498] 
---------- SM_Grids/7x9_grid_with_random_blocks_8per_1 ----------
[00:00:00:10:622] Path of length 38 found: [0, 1, 2, 3, 12, 21, 20, 19, 18, 27, 36, 45, 54, 55, 56, 47, 38, 39, 40, 49, 58, 59, 60, 51, 42, 33, 24, 23, 14, 5, 6, 7, 16, 17, 26, 35, 44, 53, 62]
[00:00:00:10:622] ! Unidirectional s-t. expansions: 2,564, time: 10,622 [ms], path length: 38 [edges], generated: 4,344
[00:00:00:14:348] Path of length 38 found: [62, 53, 44, 35, 26, 17, 8, 7, 6, 5, 14, 23, 24, 33, 42, 51, 60, 59, 58, 49, 40, 39, 38, 47, 56, 55, 54, 45, 36, 27, 18, 19, 20, 21, 12, 3, 2, 1, 0]
[00:00:00:14:348] ! Unidirectional t-s. expansions: 6,589, time: 14,348 [ms], path length: 38 [edges], generated: 8,776
[00:00:04:10:672] Path of length 38 found: [0, 1, 2, 3, 12, 21, 20, 19, 18, 27, 36, 45, 54, 55, 56, 47, 38, 39, 40, 49, 58, 59, 60, 51, 42, 33, 24, 23, 14, 5, 6, 7, 8, 17, 26, 35, 44, 53, 62]
[00:00:04:11:121] ! Bidirectional. expansions: 178,704, time: 250,672 [ms], path length: 38 [edges], g_F: 19, g_B: 19, generated: {'F': 141,619, 'B': 132,930}, MM: 0, MMPER: -1.0%
[00:00:04:11:121] 
---------- SM_Grids/7x9_grid_with_random_blocks_8per_2 ----------
[00:00:00:22:376] Path of length 36 found: [0, 9, 10, 11, 12, 21, 22, 23, 14, 5, 6, 7, 16, 25, 26, 35, 44, 43, 42, 41, 40, 39, 38, 29, 28, 27, 36, 45, 54, 55, 56, 57, 58, 59, 60, 61, 62]
[00:00:00:22:376] ! Unidirectional s-t. expansions: 5,368, time: 22,376 [ms], path length: 36 [edges], generated: 9,397
[00:00:00:37:219] Path of length 36 found: [62, 61, 60, 59, 58, 49, 40, 41, 42, 43, 44, 35, 26, 25, 16, 7, 6, 5, 14, 23, 22, 21, 30, 29, 38, 47, 56, 55, 54, 45, 36, 27, 18, 19, 10, 1, 0]
[00:00:00:37:219] ! Unidirectional t-s. expansions: 11,148, time: 37,219 [ms], path length: 36 [edges], generated: 18,049
[00:00:06:16:608] Valid meeting checks so far: 200,000, state_vs_state: 638, state_vs_prefix: 0, prefix_vs_prefix: 199,362
[00:00:10:03:417] Path of length 36 found: [0, 1, 2, 3, 12, 13, 14, 5, 6, 7, 16, 25, 26, 35, 44, 43, 42, 41, 40, 39, 30, 29, 20, 19, 18, 27, 36, 45, 46, 47, 56, 57, 58, 59, 60, 61, 62]
[00:00:10:03:869] ! Bidirectional. expansions: 374,688, time: 603,417 [ms], path length: 36 [edges], g_F: 18, g_B: 18, generated: {'F': 299,851, 'B': 317,096}, MM: 0, MMPER: -1.0%
[00:00:10:03:869] 
---------- SM_Grids/7x9_grid_with_random_blocks_8per_3 ----------
[00:00:00:15:228] Path of length 38 found: [0, 9, 10, 11, 2, 3, 4, 13, 22, 23, 24, 15, 6, 7, 8, 17, 26, 35, 34, 43, 42, 41, 40, 39, 30, 29, 28, 27, 36, 45, 54, 55, 56, 57, 58, 59, 60, 61, 62]
[00:00:00:15:229] ! Unidirectional s-t. expansions: 3,877, time: 15,228 [ms], path length: 38 [edges], generated: 6,552
[00:00:00:23:281] Path of length 38 found: [62, 61, 60, 59, 58, 57, 56, 55, 54, 45, 36, 27, 28, 29, 38, 39, 40, 41, 42, 43, 34, 35, 26, 17, 8, 7, 6, 15, 24, 23, 22, 13, 4, 3, 2, 11, 10, 9, 0]
[00:00:00:23:281] ! Unidirectional t-s. expansions: 10,646, time: 23,281 [ms], path length: 38 [edges], generated: 15,240
[00:00:03:47:758] Path of length 38 found: [0, 9, 10, 11, 2, 3, 4, 13, 22, 23, 24, 15, 6, 7, 8, 17, 26, 35, 34, 43, 42, 41, 40, 39, 30, 29, 28, 27, 36, 45, 54, 55, 56, 57, 58, 59, 60, 61, 62]
[00:00:03:48:264] ! Bidirectional. expansions: 169,956, time: 227,759 [ms], path length: 38 [edges], g_F: 19, g_B: 19, generated: {'F': 126,310, 'B': 133,083}, MM: 0, MMPER: -1.0%
[00:00:03:48:265] 
---------- SM_Grids/7x9_grid_with_random_blocks_8per_4 ----------
[00:00:00:02:719] Path of length 36 found: [0, 9, 18, 27, 36, 45, 54, 55, 56, 47, 48, 49, 58, 59, 60, 51, 42, 41, 32, 31, 30, 21, 20, 11, 2, 3, 4, 13, 14, 15, 24, 25, 34, 35, 44, 53, 62]
[00:00:00:02:719] ! Unidirectional s-t. expansions: 563, time: 2,719 [ms], path length: 36 [edges], generated: 1,031
[00:00:00:09:781] Path of length 36 found: [62, 53, 44, 35, 34, 25, 24, 15, 14, 13, 4, 3, 2, 11, 20, 29, 30, 31, 32, 41, 42, 51, 60, 59, 58, 49, 48, 47, 56, 55, 54, 45, 36, 27, 18, 9, 0]
[00:00:00:09:781] ! Unidirectional t-s. expansions: 5,736, time: 9,781 [ms], path length: 36 [edges], generated: 5,983
[00:00:03:45:688] Path of length 36 found: [0, 9, 18, 27, 36, 45, 54, 55, 56, 47, 48, 49, 58, 59, 60, 51, 42, 41, 32, 31, 30, 29, 20, 11, 2, 3, 4, 13, 14, 15, 24, 25, 34, 35, 44, 53, 62]
[00:00:03:46:149] ! Bidirectional. expansions: 114,088, time: 225,688 [ms], path length: 36 [edges], g_F: 18, g_B: 18, generated: {'F': 100,902, 'B': 104,098}, MM: 0, MMPER: -1.0%
[00:00:03:46:150] 
---------- SM_Grids/7x9_grid_with_random_blocks_8per_5 ----------
[00:00:00:10:434] Path of length 38 found: [0, 1, 10, 11, 12, 3, 4, 5, 6, 7, 16, 17, 26, 35, 34, 33, 24, 23, 22, 31, 40, 39, 38, 29, 28, 27, 36, 45, 54, 55, 56, 57, 58, 59, 50, 51, 52, 53, 62]
[00:00:00:10:435] ! Unidirectional s-t. expansions: 2,198, time: 10,434 [ms], path length: 38 [edges], generated: 3,767
[00:00:00:10:381] Path of length 38 found: [62, 53, 44, 35, 26, 17, 16, 7, 6, 5, 4, 3, 2, 11, 20, 29, 38, 39, 40, 31, 22, 23, 24, 33, 42, 51, 50, 59, 58, 57, 56, 55, 46, 45, 36, 27, 18, 9, 0]
[00:00:00:10:382] ! Unidirectional t-s. expansions: 4,266, time: 10,381 [ms], path length: 38 [edges], generated: 5,212
[00:00:06:33:076] Valid meeting checks so far: 200,000, state_vs_state: 838, state_vs_prefix: 0, prefix_vs_prefix: 199,162
[00:00:06:39:741] Path of length 38 found: [0, 1, 2, 3, 4, 5, 6, 7, 16, 17, 26, 35, 34, 33, 24, 23, 22, 31, 40, 39, 38, 29, 20, 19, 18, 27, 36, 45, 54, 55, 56, 57, 58, 59, 60, 51, 52, 53, 62]
[00:00:06:40:193] ! Bidirectional. expansions: 245,584, time: 399,742 [ms], path length: 38 [edges], g_F: 19, g_B: 19, generated: {'F': 207,204, 'B': 201,922}, MM: 0, MMPER: -1.0%
[00:00:06:40:193] 
---------- SM_Grids/7x9_grid_with_random_blocks_8per_6 ----------
[00:00:00:12:581] Path of length 34 found: [0, 9, 18, 27, 36, 37, 46, 55, 56, 57, 58, 49, 40, 39, 30, 29, 20, 11, 12, 3, 4, 5, 14, 15, 16, 17, 26, 35, 34, 33, 42, 51, 52, 61, 62]
[00:00:00:12:582] ! Unidirectional s-t. expansions: 3,168, time: 12,582 [ms], path length: 34 [edges], generated: 5,610
[00:00:00:19:500] Path of length 34 found: [62, 53, 52, 51, 42, 33, 34, 25, 26, 17, 8, 7, 6, 15, 14, 13, 22, 21, 30, 39, 40, 49, 58, 57, 56, 47, 46, 37, 36, 27, 18, 19, 10, 1, 0]
[00:00:00:19:500] ! Unidirectional t-s. expansions: 5,294, time: 19,500 [ms], path length: 34 [edges], generated: 8,983
[00:00:05:34:567] Valid meeting checks so far: 200,000, state_vs_state: 2,669, state_vs_prefix: 0, prefix_vs_prefix: 197,331
[00:00:08:20:998] Path of length 34 found: [0, 1, 10, 19, 18, 27, 36, 37, 38, 47, 56, 57, 58, 49, 40, 31, 30, 21, 12, 13, 14, 5, 6, 7, 8, 17, 26, 25, 24, 33, 42, 51, 52, 61, 62]
[00:00:08:21:408] ! Bidirectional. expansions: 347,936, time: 500,998 [ms], path length: 34 [edges], g_F: 17, g_B: 17, generated: {'F': 289,637, 'B': 306,483}, MM: 0, MMPER: -1.0%
[00:00:08:21:408] 
---------- SM_Grids/7x9_grid_with_random_blocks_8per_7 ----------
[00:00:00:10:289] Path of length 38 found: [0, 1, 2, 3, 12, 13, 14, 5, 6, 7, 8, 17, 26, 25, 24, 33, 32, 31, 30, 29, 20, 19, 18, 27, 36, 45, 54, 55, 56, 47, 48, 49, 58, 59, 60, 51, 52, 53, 62]
[00:00:00:10:290] ! Unidirectional s-t. expansions: 3,306, time: 10,289 [ms], path length: 38 [edges], generated: 5,436
[00:00:00:07:081] Path of length 38 found: [62, 53, 52, 51, 60, 59, 58, 49, 48, 47, 56, 55, 54, 45, 36, 37, 28, 29, 30, 31, 32, 33, 34, 25, 26, 17, 8, 7, 6, 15, 14, 13, 4, 3, 2, 11, 10, 9, 0]
[00:00:00:07:081] ! Unidirectional t-s. expansions: 3,005, time: 7,081 [ms], path length: 38 [edges], generated: 3,927
[00:00:02:57:186] Path of length 38 found: [0, 1, 2, 3, 4, 13, 14, 15, 6, 7, 8, 17, 26, 25, 34, 43, 42, 41, 32, 31, 30, 29, 20, 19, 18, 27, 36, 45, 54, 55, 56, 47, 48, 49, 58, 59, 60, 61, 62]
[00:00:02:57:577] ! Bidirectional. expansions: 140,776, time: 177,186 [ms], path length: 38 [edges], g_F: 19, g_B: 19, generated: {'F': 100,956, 'B': 108,632}, MM: 0, MMPER: -1.0%
[00:00:02:57:577] 
---------- SM_Grids/7x9_grid_with_random_blocks_8per_8 ----------
[00:00:00:05:048] Path of length 38 found: [0, 9, 18, 27, 36, 45, 54, 55, 56, 47, 38, 29, 20, 11, 2, 3, 4, 13, 22, 31, 40, 49, 58, 59, 60, 51, 42, 33, 24, 15, 6, 7, 8, 17, 26, 35, 44, 53, 62]
[00:00:00:05:048] ! Unidirectional s-t. expansions: 1,329, time: 5,048 [ms], path length: 38 [edges], generated: 2,092
[00:00:00:09:693] Path of length 38 found: [62, 53, 44, 35, 26, 17, 8, 7, 6, 5, 4, 3, 2, 11, 20, 21, 22, 23, 32, 33, 42, 51, 60, 59, 58, 49, 40, 39, 38, 47, 56, 55, 54, 45, 36, 27, 18, 9, 0]
[00:00:00:09:694] ! Unidirectional t-s. expansions: 2,685, time: 9,693 [ms], path length: 38 [edges], generated: 4,565
[00:00:03:19:340] Path of length 38 found: [0, 1, 10, 11, 12, 3, 4, 5, 6, 7, 8, 17, 26, 35, 44, 43, 42, 33, 24, 23, 22, 31, 30, 29, 28, 27, 36, 45, 54, 55, 56, 57, 48, 49, 50, 59, 60, 61, 62]
[00:00:03:19:729] ! Bidirectional. expansions: 157,944, time: 199,340 [ms], path length: 38 [edges], g_F: 19, g_B: 19, generated: {'F': 120,026, 'B': 128,456}, MM: 0, MMPER: -1.0%
[00:00:03:19:729] 
---------- SM_Grids/7x9_grid_with_random_blocks_8per_9 ----------
[00:00:00:06:992] Path of length 36 found: [0, 9, 18, 27, 28, 37, 38, 47, 56, 57, 58, 59, 50, 41, 40, 31, 30, 21, 20, 11, 2, 3, 4, 13, 14, 15, 6, 7, 8, 17, 26, 25, 34, 43, 52, 61, 62]
[00:00:00:06:993] ! Unidirectional s-t. expansions: 1,932, time: 6,992 [ms], path length: 36 [edges], generated: 3,224
[00:00:00:04:827] Path of length 36 found: [62, 53, 52, 43, 34, 35, 26, 17, 8, 7, 6, 15, 14, 13, 4, 3, 2, 11, 20, 21, 30, 31, 40, 41, 50, 59, 58, 57, 48, 47, 38, 37, 28, 27, 18, 9, 0]
[00:00:00:04:828] ! Unidirectional t-s. expansions: 1,279, time: 4,828 [ms], path length: 36 [edges], generated: 2,126
[00:00:03:33:816] Path of length 36 found: [0, 9, 18, 27, 28, 37, 38, 47, 56, 57, 58, 59, 50, 41, 40, 31, 30, 21, 20, 11, 2, 3, 4, 13, 14, 15, 6, 7, 8, 17, 26, 25, 34, 43, 44, 53, 62]
[00:00:03:34:213] ! Bidirectional. expansions: 152,006, time: 213,816 [ms], path length: 36 [edges], g_F: 18, g_B: 18, generated: {'F': 116,093, 'B': 133,567}, MM: 0, MMPER: -1.0%

[00:00:03:34:213] average expansions: (2,577, 5,589, 201,954, 0)
[00:00:03:34:214] average time: (10,204, 14,536, 302,665, 0)
[00:00:03:34:214] X-DFBnB: 2,577 , 10,204 (expansions , time[ms])
[00:00:03:34:214] BiX-DFBnB: 201,954 , 302,665 (expansions , time[ms])

