Mon 09 Mar 2026 17:31:53 IST

SLURM_JOBID:		 15365915
SLURM_JOB_NODELIST:	 ise-cpu256-07 

--------------------------
date: SM_Grids
number_of_graphs: 10
graph_type: grid
size_of_graphs: [7, 8]
heuristic: bcc_heuristic
snake: True
run_uni: True
run_bi: True
run_multi: False
solution_vertices: []
algorithms: ['DFBnB']
bsd: False
cube_first_dims: 4
cube_buffer_dim: None
backward_sym_generation: False
sym_coil: False
prefix_set: None

---------- SM_Grids/7x8_grid_with_random_blocks_16per_0 ----------
[00:00:00:01:276] Path of length 31 found: [0, 1, 2, 3, 4, 5, 13, 14, 15, 23, 31, 30, 29, 28, 20, 19, 18, 17, 25, 24, 32, 40, 48, 49, 50, 42, 43, 44, 52, 53, 54, 55]
[00:00:00:01:276] ! Unidirectional s-t. expansions: 618, time: 1,276 [ms], path length: 31 [edges], generated: 934
[00:00:00:01:396] Path of length 31 found: [55, 47, 46, 45, 53, 52, 51, 43, 42, 41, 40, 32, 24, 25, 17, 18, 19, 27, 28, 29, 30, 31, 23, 15, 14, 13, 5, 4, 3, 2, 1, 0]
[00:00:00:01:396] ! Unidirectional t-s. expansions: 481, time: 1,396 [ms], path length: 31 [edges], generated: 738
[00:00:00:07:442] Path of length 31 found: [0, 1, 2, 3, 4, 5, 13, 14, 15, 23, 31, 30, 29, 28, 20, 19, 18, 17, 25, 24, 32, 40, 48, 49, 50, 51, 43, 44, 45, 53, 54, 55]
[00:00:00:07:842] ! Bidirectional. expansions: 7,466, time: 7,442 [ms], path length: 31 [edges], g_F: 16, g_B: 15, generated: {'F': 5,899, 'B': 5,507}, MM: 1, MMPER: 2.125%
[00:00:00:07:842] 
---------- SM_Grids/7x8_grid_with_random_blocks_16per_1 ----------
[00:00:00:01:077] Path of length 25 found: [0, 8, 16, 17, 25, 26, 34, 42, 43, 51, 52, 53, 45, 37, 36, 28, 20, 12, 13, 14, 22, 30, 31, 39, 47, 55]
[00:00:00:01:077] ! Unidirectional s-t. expansions: 266, time: 1,077 [ms], path length: 25 [edges], generated: 499
[00:00:00:00:806] Path of length 25 found: [55, 47, 39, 31, 30, 22, 14, 13, 12, 20, 28, 36, 37, 45, 53, 52, 51, 43, 42, 34, 26, 18, 10, 9, 1, 0]
[00:00:00:00:806] ! Unidirectional t-s. expansions: 184, time: 806 [ms], path length: 25 [edges], generated: 366
[00:00:00:24:563] Path of length 25 found: [0, 1, 9, 10, 18, 26, 34, 42, 43, 51, 52, 53, 45, 37, 36, 28, 20, 12, 13, 14, 22, 30, 31, 39, 47, 55]
[00:00:00:24:950] ! Bidirectional. expansions: 14,744, time: 24,563 [ms], path length: 25 [edges], g_F: 13, g_B: 12, generated: {'F': 14,647, 'B': 13,946}, MM: 1, MMPER: 2.8461538461538463%
[00:00:00:24:950] 
---------- SM_Grids/7x8_grid_with_random_blocks_16per_2 ----------
[00:00:00:00:968] Path of length 27 found: [0, 1, 9, 17, 16, 24, 32, 40, 48, 49, 50, 51, 43, 35, 27, 28, 29, 21, 13, 5, 6, 7, 15, 23, 31, 39, 47, 55]
[00:00:00:00:969] ! Unidirectional s-t. expansions: 296, time: 968 [ms], path length: 27 [edges], generated: 526
[00:00:00:00:793] Path of length 27 found: [55, 47, 39, 31, 23, 15, 7, 6, 5, 4, 12, 20, 28, 27, 35, 43, 51, 50, 49, 48, 40, 32, 33, 25, 17, 9, 1, 0]
[00:00:00:00:793] ! Unidirectional t-s. expansions: 238, time: 793 [ms], path length: 27 [edges], generated: 374
[00:00:00:07:115] Path of length 27 found: [0, 8, 16, 17, 25, 33, 32, 40, 48, 49, 50, 51, 43, 35, 27, 28, 20, 12, 4, 5, 6, 14, 22, 23, 31, 39, 47, 55]
[00:00:00:07:507] ! Bidirectional. expansions: 8,888, time: 7,115 [ms], path length: 27 [edges], g_F: 14, g_B: 13, generated: {'F': 4,994, 'B': 5,915}, MM: 1, MMPER: 2.5714285714285716%
[00:00:00:07:508] 
---------- SM_Grids/7x8_grid_with_random_blocks_16per_3 ----------
[00:00:00:02:032] Path of length 31 found: [0, 1, 2, 3, 4, 12, 13, 14, 15, 23, 31, 30, 29, 28, 27, 19, 18, 17, 16, 24, 32, 40, 48, 49, 50, 42, 43, 44, 45, 46, 47, 55]
[00:00:00:02:032] ! Unidirectional s-t. expansions: 717, time: 2,032 [ms], path length: 31 [edges], generated: 1,138
[00:00:00:02:336] Path of length 31 found: [55, 47, 46, 45, 53, 52, 51, 43, 42, 41, 33, 32, 24, 16, 17, 18, 19, 27, 28, 29, 30, 31, 23, 15, 14, 13, 12, 4, 3, 2, 1, 0]
[00:00:00:02:336] ! Unidirectional t-s. expansions: 1,013, time: 2,336 [ms], path length: 31 [edges], generated: 1,322
[00:00:00:09:363] Path of length 31 found: [0, 1, 2, 3, 4, 12, 13, 14, 15, 23, 31, 30, 29, 28, 27, 19, 18, 17, 16, 24, 32, 40, 48, 49, 50, 51, 52, 53, 45, 46, 47, 55]
[00:00:00:09:754] ! Bidirectional. expansions: 8,514, time: 9,363 [ms], path length: 31 [edges], g_F: 16, g_B: 15, generated: {'F': 6,708, 'B': 6,051}, MM: 1, MMPER: 2.125%
[00:00:00:09:755] 
---------- SM_Grids/7x8_grid_with_random_blocks_16per_4 ----------
[00:00:00:03:449] Path of length 29 found: [0, 1, 9, 17, 18, 26, 34, 33, 32, 40, 48, 49, 50, 51, 52, 53, 45, 37, 36, 28, 20, 12, 13, 14, 22, 30, 31, 39, 47, 55]
[00:00:00:03:450] ! Unidirectional s-t. expansions: 1,101, time: 3,449 [ms], path length: 29 [edges], generated: 1,886
[00:00:00:01:511] Path of length 29 found: [55, 47, 39, 31, 30, 22, 14, 13, 12, 11, 19, 18, 26, 34, 35, 36, 37, 45, 53, 52, 51, 50, 49, 41, 40, 32, 24, 16, 8, 0]
[00:00:00:01:512] ! Unidirectional t-s. expansions: 505, time: 1,511 [ms], path length: 29 [edges], generated: 765
[00:00:00:20:456] Path of length 29 found: [0, 8, 9, 17, 18, 26, 34, 33, 32, 40, 48, 49, 50, 51, 52, 53, 45, 37, 36, 28, 20, 12, 13, 14, 22, 30, 31, 39, 47, 55]
[00:00:00:20:902] ! Bidirectional. expansions: 17,378, time: 20,456 [ms], path length: 29 [edges], g_F: 15, g_B: 14, generated: {'F': 13,828, 'B': 12,974}, MM: 1, MMPER: 2.3333333333333335%
[00:00:00:20:903] 
---------- SM_Grids/7x8_grid_with_random_blocks_16per_5 ----------
[00:00:00:02:938] Path of length 29 found: [0, 8, 9, 10, 2, 3, 4, 5, 6, 14, 15, 23, 31, 39, 38, 37, 29, 21, 20, 19, 27, 26, 34, 42, 43, 44, 52, 53, 54, 55]
[00:00:00:02:938] ! Unidirectional s-t. expansions: 959, time: 2,938 [ms], path length: 29 [edges], generated: 1,595
[00:00:00:00:985] Path of length 29 found: [55, 54, 53, 52, 44, 43, 42, 34, 26, 27, 19, 20, 21, 29, 37, 38, 39, 31, 23, 15, 7, 6, 5, 4, 3, 2, 10, 9, 8, 0]
[00:00:00:00:986] ! Unidirectional t-s. expansions: 277, time: 986 [ms], path length: 29 [edges], generated: 503
[00:00:00:06:740] Path of length 29 found: [0, 8, 9, 10, 2, 3, 4, 5, 6, 7, 15, 23, 31, 39, 38, 37, 29, 21, 20, 19, 27, 26, 34, 42, 43, 44, 52, 53, 54, 55]
[00:00:00:07:179] ! Bidirectional. expansions: 6,342, time: 6,740 [ms], path length: 29 [edges], g_F: 15, g_B: 14, generated: {'F': 4,757, 'B': 4,227}, MM: 1, MMPER: 2.3333333333333335%
[00:00:00:07:180] 
---------- SM_Grids/7x8_grid_with_random_blocks_16per_6 ----------
[00:00:00:02:262] Path of length 29 found: [0, 1, 9, 17, 16, 24, 32, 33, 34, 26, 27, 19, 11, 3, 4, 5, 13, 14, 15, 23, 31, 30, 29, 37, 36, 44, 52, 53, 54, 55]
[00:00:00:02:262] ! Unidirectional s-t. expansions: 793, time: 2,262 [ms], path length: 29 [edges], generated: 1,312
[00:00:00:02:870] Path of length 29 found: [55, 54, 46, 45, 44, 36, 35, 34, 33, 32, 24, 16, 17, 18, 19, 20, 21, 29, 30, 31, 23, 15, 7, 6, 5, 4, 3, 2, 1, 0]
[00:00:00:02:870] ! Unidirectional t-s. expansions: 879, time: 2,870 [ms], path length: 29 [edges], generated: 1,524
[00:00:00:29:747] Path of length 29 found: [0, 1, 2, 3, 4, 5, 6, 7, 15, 23, 31, 30, 29, 21, 20, 19, 18, 17, 16, 24, 32, 33, 34, 35, 43, 44, 45, 46, 54, 55]
[00:00:00:30:177] ! Bidirectional. expansions: 24,896, time: 29,747 [ms], path length: 29 [edges], g_F: 15, g_B: 14, generated: {'F': 18,022, 'B': 20,841}, MM: 1, MMPER: 2.3333333333333335%
[00:00:00:30:177] 
---------- SM_Grids/7x8_grid_with_random_blocks_16per_7 ----------
[00:00:00:04:100] Path of length 27 found: [0, 1, 9, 17, 16, 24, 32, 40, 48, 49, 50, 42, 43, 44, 36, 28, 27, 19, 11, 12, 13, 14, 22, 30, 38, 46, 54, 55]
[00:00:00:04:100] ! Unidirectional s-t. expansions: 1,204, time: 4,100 [ms], path length: 27 [edges], generated: 2,217
[00:00:00:00:473] Path of length 27 found: [55, 47, 39, 38, 30, 22, 14, 13, 12, 11, 19, 27, 28, 36, 44, 52, 51, 50, 42, 34, 33, 32, 24, 16, 17, 9, 1, 0]
[00:00:00:00:473] ! Unidirectional t-s. expansions: 125, time: 473 [ms], path length: 27 [edges], generated: 206
[00:00:00:07:945] Path of length 27 found: [0, 1, 9, 17, 16, 24, 32, 40, 48, 49, 50, 42, 43, 44, 36, 28, 27, 19, 11, 12, 13, 14, 22, 30, 38, 46, 54, 55]
[00:00:00:08:333] ! Bidirectional. expansions: 9,002, time: 7,945 [ms], path length: 27 [edges], g_F: 14, g_B: 13, generated: {'F': 6,829, 'B': 5,284}, MM: 1, MMPER: 2.5714285714285716%
[00:00:00:08:333] 
---------- SM_Grids/7x8_grid_with_random_blocks_16per_8 ----------
[00:00:00:01:948] Path of length 27 found: [0, 8, 9, 10, 18, 26, 25, 33, 41, 42, 43, 35, 36, 28, 29, 21, 13, 5, 6, 7, 15, 23, 31, 39, 38, 46, 54, 55]
[00:00:00:01:948] ! Unidirectional s-t. expansions: 672, time: 1,948 [ms], path length: 27 [edges], generated: 1,105
[00:00:00:03:175] Path of length 27 found: [55, 54, 46, 38, 39, 31, 23, 15, 7, 6, 5, 4, 12, 20, 28, 36, 44, 43, 42, 41, 33, 25, 26, 18, 10, 9, 8, 0]
[00:00:00:03:175] ! Unidirectional t-s. expansions: 953, time: 3,175 [ms], path length: 27 [edges], generated: 1,670
[00:00:00:10:657] Path of length 27 found: [0, 8, 9, 10, 18, 26, 25, 33, 41, 42, 43, 35, 36, 37, 29, 21, 20, 12, 4, 5, 6, 7, 15, 23, 31, 39, 47, 55]
[00:00:00:11:030] ! Bidirectional. expansions: 9,348, time: 10,657 [ms], path length: 27 [edges], g_F: 14, g_B: 13, generated: {'F': 7,340, 'B': 7,023}, MM: 1, MMPER: 2.5714285714285716%
[00:00:00:11:030] 
---------- SM_Grids/7x8_grid_with_random_blocks_16per_9 ----------
[00:00:00:04:982] Path of length 25 found: [0, 8, 16, 17, 18, 10, 2, 3, 4, 12, 20, 28, 27, 35, 34, 42, 50, 51, 52, 44, 45, 37, 38, 39, 47, 55]
[00:00:00:04:983] ! Unidirectional s-t. expansions: 2,965, time: 4,983 [ms], path length: 25 [edges], generated: 3,552
[00:00:00:03:254] Path of length 25 found: [55, 47, 39, 38, 37, 45, 44, 52, 51, 50, 42, 34, 35, 27, 28, 20, 12, 4, 3, 2, 10, 18, 17, 16, 8, 0]
[00:00:00:03:255] ! Unidirectional t-s. expansions: 1,143, time: 3,254 [ms], path length: 25 [edges], generated: 1,890
[00:00:00:09:126] Path of length 25 found: [0, 8, 16, 17, 18, 10, 2, 3, 4, 12, 20, 28, 27, 35, 34, 42, 50, 51, 52, 44, 45, 37, 38, 39, 47, 55]
[00:00:00:09:504] ! Bidirectional. expansions: 9,654, time: 9,126 [ms], path length: 25 [edges], g_F: 13, g_B: 12, generated: {'F': 6,710, 'B': 6,808}, MM: 1, MMPER: 2.8461538461538463%

[00:00:00:09:504] average expansions: (959, 580, 11,623, 0)
[00:00:00:09:504] average time: (2,503, 1,760, 13,315, 0)
[00:00:00:09:504] X-DFBnB: 580 , 1,760 (expansions , time[ms])
[00:00:00:09:504] BiX-DFBnB: 11,623 , 13,315 (expansions , time[ms])

