Thu 12 Mar 2026 17:41:59 IST

SLURM_JOBID:		 15627552
SLURM_JOB_NODELIST:	 ise-cpu256-28 

--------------------------
date: SM_Grids
number_of_graphs: 10
graph_type: grid
size_of_graphs: [7, 9]
heuristic: bcc_heuristic
snake: True
run_uni: True
run_bi: True
run_multi: False
solution_vertices: []
algorithms: ['DFBnB']
bsd: False
cube_first_dims: 4
cube_buffer_dim: None
backward_sym_generation: False
sym_coil: False
prefix_set: None

---------- SM_Grids/7x9_grid_with_random_blocks_16per_0 ----------
[00:00:00:05:021] Path of length 24 found: [0, 1, 2, 11, 20, 19, 18, 27, 36, 45, 54, 55, 56, 47, 38, 39, 30, 31, 32, 41, 50, 59, 60, 61, 62]
[00:00:00:05:021] ! Unidirectional s-t. expansions: 2,141, time: 5,021 [ms], path length: 24 [edges], generated: 3,490
[00:00:00:09:283] Path of length 24 found: [62, 53, 44, 35, 34, 33, 32, 41, 40, 39, 48, 57, 56, 55, 46, 45, 36, 27, 18, 19, 20, 11, 2, 1, 0]
[00:00:00:09:283] ! Unidirectional t-s. expansions: 4,791, time: 9,283 [ms], path length: 24 [edges], generated: 5,433
[00:00:01:00:877] Path of length 24 found: [0, 1, 2, 11, 20, 19, 18, 27, 36, 45, 54, 55, 56, 57, 48, 39, 40, 41, 32, 33, 34, 35, 44, 53, 62]
[00:00:01:01:393] ! Bidirectional. expansions: 7,476, time: 60,877 [ms], path length: 24 [edges], g_F: 12, g_B: 12, generated: {'F': 11,888, 'B': 10,917}, MM: 0, MMPER: -1.0%
[00:00:01:01:393] 
---------- SM_Grids/7x9_grid_with_random_blocks_16per_1 ----------
[00:00:00:02:741] Path of length 38 found: [0, 1, 2, 3, 12, 21, 20, 19, 18, 27, 36, 45, 54, 55, 56, 47, 38, 39, 40, 49, 58, 59, 60, 51, 42, 33, 32, 23, 14, 5, 6, 7, 16, 25, 26, 35, 44, 53, 62]
[00:00:00:02:741] ! Unidirectional s-t. expansions: 756, time: 2,741 [ms], path length: 38 [edges], generated: 1,179
[00:00:00:01:102] Path of length 38 found: [62, 53, 44, 35, 26, 17, 16, 7, 6, 5, 14, 23, 32, 33, 42, 51, 60, 59, 58, 49, 40, 39, 38, 47, 56, 55, 54, 45, 36, 27, 18, 19, 20, 21, 12, 3, 2, 1, 0]
[00:00:00:01:102] ! Unidirectional t-s. expansions: 579, time: 1,102 [ms], path length: 38 [edges], generated: 651
[00:00:00:55:809] Path of length 38 found: [0, 1, 2, 3, 12, 21, 20, 19, 18, 27, 36, 45, 54, 55, 56, 47, 38, 39, 40, 49, 58, 59, 60, 51, 42, 33, 32, 23, 14, 5, 6, 7, 16, 17, 26, 35, 44, 53, 62]
[00:00:00:56:283] ! Bidirectional. expansions: 7,350, time: 55,809 [ms], path length: 38 [edges], g_F: 19, g_B: 19, generated: {'F': 11,223, 'B': 10,985}, MM: 0, MMPER: -1.0%
[00:00:00:56:283] 
---------- SM_Grids/7x9_grid_with_random_blocks_16per_2 ----------
[00:00:00:03:546] Path of length 26 found: [0, 1, 2, 11, 20, 19, 28, 37, 38, 39, 30, 31, 32, 23, 14, 5, 6, 7, 16, 25, 26, 35, 44, 43, 52, 61, 62]
[00:00:00:03:546] ! Unidirectional s-t. expansions: 1,664, time: 3,546 [ms], path length: 26 [edges], generated: 2,333
[00:00:00:04:531] Path of length 26 found: [62, 61, 52, 43, 44, 35, 26, 17, 8, 7, 6, 5, 4, 13, 22, 31, 40, 39, 38, 37, 28, 19, 20, 11, 2, 1, 0]
[00:00:00:04:531] ! Unidirectional t-s. expansions: 1,718, time: 4,531 [ms], path length: 26 [edges], generated: 2,490
[00:00:00:11:488] Path of length 26 found: [0, 1, 2, 11, 20, 19, 28, 37, 38, 39, 30, 31, 32, 23, 14, 5, 6, 7, 8, 17, 26, 35, 44, 43, 52, 61, 62]
[00:00:00:11:947] ! Bidirectional. expansions: 1,206, time: 11,488 [ms], path length: 26 [edges], g_F: 13, g_B: 13, generated: {'F': 2,259, 'B': 2,099}, MM: 0, MMPER: -1.0%
[00:00:00:11:947] 
---------- SM_Grids/7x9_grid_with_random_blocks_16per_3 ----------
[00:00:00:01:367] Path of length 34 found: [0, 9, 18, 27, 36, 45, 46, 47, 38, 29, 20, 11, 2, 3, 4, 13, 14, 15, 6, 7, 8, 17, 26, 35, 34, 33, 32, 31, 40, 49, 50, 51, 52, 61, 62]
[00:00:00:01:367] ! Unidirectional s-t. expansions: 472, time: 1,367 [ms], path length: 34 [edges], generated: 682
[00:00:00:02:762] Path of length 34 found: [62, 61, 52, 51, 42, 33, 34, 35, 26, 17, 8, 7, 6, 15, 14, 13, 4, 3, 2, 11, 20, 21, 30, 31, 40, 49, 48, 47, 46, 45, 36, 27, 18, 9, 0]
[00:00:00:02:763] ! Unidirectional t-s. expansions: 868, time: 2,762 [ms], path length: 34 [edges], generated: 1,497
[00:00:00:12:629] Path of length 34 found: [0, 9, 18, 27, 36, 45, 46, 47, 48, 49, 40, 31, 30, 21, 20, 11, 2, 3, 4, 13, 14, 15, 6, 7, 8, 17, 26, 35, 34, 33, 42, 51, 52, 61, 62]
[00:00:00:13:078] ! Bidirectional. expansions: 1,430, time: 12,629 [ms], path length: 34 [edges], g_F: 17, g_B: 17, generated: {'F': 2,445, 'B': 2,434}, MM: 0, MMPER: -1.0%
[00:00:00:13:078] 
---------- SM_Grids/7x9_grid_with_random_blocks_16per_4 ----------
[00:00:00:02:271] Path of length 26 found: [0, 9, 18, 27, 36, 37, 38, 29, 20, 11, 12, 13, 22, 31, 32, 33, 24, 15, 16, 17, 26, 35, 44, 43, 52, 61, 62]
[00:00:00:02:271] ! Unidirectional s-t. expansions: 634, time: 2,271 [ms], path length: 26 [edges], generated: 978
[00:00:00:12:771] Path of length 26 found: [62, 61, 52, 43, 44, 35, 26, 17, 16, 15, 24, 33, 32, 31, 22, 13, 12, 11, 20, 29, 38, 37, 36, 27, 18, 9, 0]
[00:00:00:12:771] ! Unidirectional t-s. expansions: 7,708, time: 12,771 [ms], path length: 26 [edges], generated: 8,447
[00:00:01:42:660] Path of length 26 found: [0, 9, 18, 27, 36, 37, 38, 29, 20, 11, 12, 13, 22, 31, 32, 33, 24, 15, 16, 17, 26, 35, 44, 43, 52, 61, 62]
[00:00:01:43:108] ! Bidirectional. expansions: 12,849, time: 102,660 [ms], path length: 26 [edges], g_F: 13, g_B: 13, generated: {'F': 17,224, 'B': 21,911}, MM: 0, MMPER: -1.0%
[00:00:01:43:108] 
---------- SM_Grids/7x9_grid_with_random_blocks_16per_5 ----------
[00:00:00:01:761] Path of length 30 found: [0, 9, 18, 27, 36, 37, 38, 47, 56, 57, 58, 59, 50, 41, 40, 31, 30, 21, 12, 3, 4, 5, 14, 23, 24, 33, 34, 43, 52, 61, 62]
[00:00:00:01:761] ! Unidirectional s-t. expansions: 395, time: 1,761 [ms], path length: 30 [edges], generated: 756
[00:00:00:01:452] Path of length 30 found: [62, 53, 52, 43, 34, 25, 24, 23, 14, 5, 4, 3, 12, 21, 30, 31, 40, 41, 50, 59, 58, 57, 48, 47, 38, 37, 28, 19, 18, 9, 0]
[00:00:00:01:452] ! Unidirectional t-s. expansions: 343, time: 1,452 [ms], path length: 30 [edges], generated: 597
[00:00:00:34:933] Path of length 30 found: [0, 9, 18, 27, 36, 37, 38, 47, 56, 57, 58, 59, 50, 41, 40, 31, 30, 21, 12, 3, 4, 5, 14, 23, 24, 25, 34, 43, 52, 53, 62]
[00:00:00:35:375] ! Bidirectional. expansions: 3,523, time: 34,933 [ms], path length: 30 [edges], g_F: 15, g_B: 15, generated: {'F': 6,709, 'B': 6,746}, MM: 0, MMPER: -1.0%
[00:00:00:35:375] 
---------- SM_Grids/7x9_grid_with_random_blocks_16per_6 ----------
[00:00:00:03:675] Path of length 32 found: [0, 9, 10, 11, 2, 3, 4, 5, 14, 15, 16, 17, 26, 35, 34, 33, 42, 41, 40, 31, 30, 29, 28, 37, 46, 47, 56, 57, 58, 59, 60, 61, 62]
[00:00:00:03:676] ! Unidirectional s-t. expansions: 1,388, time: 3,675 [ms], path length: 32 [edges], generated: 2,044
[00:00:00:02:765] Path of length 32 found: [62, 61, 60, 59, 58, 57, 56, 47, 46, 37, 28, 19, 20, 21, 30, 31, 40, 41, 42, 33, 34, 25, 26, 17, 8, 7, 6, 5, 4, 3, 2, 1, 0]
[00:00:00:02:765] ! Unidirectional t-s. expansions: 930, time: 2,765 [ms], path length: 32 [edges], generated: 1,496
[00:00:00:21:933] Path of length 32 found: [0, 9, 10, 11, 2, 3, 4, 5, 14, 15, 16, 17, 26, 35, 34, 33, 42, 41, 40, 31, 30, 29, 28, 37, 46, 47, 56, 57, 58, 59, 60, 61, 62]
[00:00:00:22:409] ! Bidirectional. expansions: 2,418, time: 21,933 [ms], path length: 32 [edges], g_F: 16, g_B: 16, generated: {'F': 3,921, 'B': 4,457}, MM: 0, MMPER: -1.0%
[00:00:00:22:409] 
---------- SM_Grids/7x9_grid_with_random_blocks_16per_7 ----------
[00:00:00:05:758] Path of length 32 found: [0, 1, 10, 11, 20, 21, 22, 13, 4, 5, 6, 15, 16, 17, 26, 35, 34, 33, 32, 41, 40, 39, 38, 47, 56, 57, 58, 59, 60, 51, 52, 53, 62]
[00:00:00:05:758] ! Unidirectional s-t. expansions: 2,069, time: 5,758 [ms], path length: 32 [edges], generated: 2,932
[00:00:00:01:851] Path of length 32 found: [62, 53, 52, 51, 60, 59, 58, 57, 56, 47, 38, 39, 40, 41, 32, 33, 34, 35, 26, 17, 8, 7, 6, 15, 14, 13, 22, 21, 20, 11, 2, 1, 0]
[00:00:00:01:851] ! Unidirectional t-s. expansions: 513, time: 1,851 [ms], path length: 32 [edges], generated: 869
[00:00:00:21:574] Path of length 32 found: [0, 1, 10, 11, 20, 21, 22, 13, 4, 5, 6, 15, 16, 17, 26, 35, 34, 33, 32, 41, 40, 39, 38, 47, 56, 57, 58, 59, 60, 51, 52, 53, 62]
[00:00:00:22:048] ! Bidirectional. expansions: 2,467, time: 21,574 [ms], path length: 32 [edges], g_F: 16, g_B: 16, generated: {'F': 3,799, 'B': 4,195}, MM: 0, MMPER: -1.0%
[00:00:00:22:049] 
---------- SM_Grids/7x9_grid_with_random_blocks_16per_8 ----------
[00:00:00:06:500] Path of length 32 found: [0, 9, 18, 27, 36, 45, 54, 55, 56, 47, 48, 39, 30, 21, 12, 3, 4, 5, 6, 7, 8, 17, 26, 25, 24, 33, 32, 41, 50, 59, 60, 61, 62]
[00:00:00:06:501] ! Unidirectional s-t. expansions: 2,624, time: 6,500 [ms], path length: 32 [edges], generated: 4,039
[00:00:00:05:121] Path of length 32 found: [62, 53, 52, 43, 34, 25, 26, 17, 8, 7, 6, 5, 4, 3, 12, 21, 30, 39, 40, 41, 50, 59, 58, 57, 56, 47, 46, 37, 36, 27, 18, 9, 0]
[00:00:00:05:121] ! Unidirectional t-s. expansions: 1,552, time: 5,121 [ms], path length: 32 [edges], generated: 2,389
[00:00:01:01:211] Path of length 32 found: [0, 9, 18, 27, 36, 45, 54, 55, 56, 57, 58, 59, 50, 41, 40, 39, 30, 21, 12, 3, 4, 5, 6, 7, 8, 17, 26, 25, 34, 43, 52, 53, 62]
[00:00:01:01:654] ! Bidirectional. expansions: 7,755, time: 61,211 [ms], path length: 32 [edges], g_F: 16, g_B: 16, generated: {'F': 12,570, 'B': 11,398}, MM: 0, MMPER: -1.0%
[00:00:01:01:654] 
---------- SM_Grids/7x9_grid_with_random_blocks_16per_9 ----------
[00:00:00:00:317] Path of length 24 found: [0, 1, 2, 3, 4, 5, 6, 7, 16, 17, 26, 35, 34, 33, 24, 23, 22, 31, 40, 41, 50, 59, 60, 61, 62]
[00:00:00:00:317] ! Unidirectional s-t. expansions: 89, time: 317 [ms], path length: 24 [edges], generated: 135
[00:00:00:00:759] Path of length 24 found: [62, 53, 52, 51, 50, 41, 40, 31, 22, 23, 24, 33, 34, 35, 26, 17, 8, 7, 6, 5, 4, 3, 2, 1, 0]
[00:00:00:00:759] ! Unidirectional t-s. expansions: 250, time: 759 [ms], path length: 24 [edges], generated: 360
[00:00:00:01:070] Path of length 24 found: [0, 1, 2, 3, 4, 5, 6, 7, 16, 17, 26, 35, 34, 33, 24, 23, 22, 31, 40, 41, 50, 51, 52, 53, 62]
[00:00:00:01:518] ! Bidirectional. expansions: 101, time: 1,070 [ms], path length: 24 [edges], g_F: 12, g_B: 12, generated: {'F': 177, 'B': 179}, MM: 0, MMPER: -1.0%

[00:00:00:01:518] average expansions: (1,223, 1,925, 4,658, 0)
[00:00:00:01:518] average time: (3,296, 4,240, 38,418, 0)
[00:00:00:01:518] X-DFBnB: 1,223 , 3,296 (expansions , time[ms])
[00:00:00:01:518] BiX-DFBnB: 4,658 , 38,418 (expansions , time[ms])

