Thu 12 Mar 2026 17:42:00 IST

SLURM_JOBID:		 15627561
SLURM_JOB_NODELIST:	 ise-cpu256-26 

--------------------------
date: SM_Grids
number_of_graphs: 10
graph_type: grid
size_of_graphs: [7, 8]
heuristic: bcc_heuristic
snake: True
run_uni: True
run_bi: True
run_multi: False
solution_vertices: []
algorithms: ['DFBnB']
bsd: False
cube_first_dims: 4
cube_buffer_dim: None
backward_sym_generation: False
sym_coil: False
prefix_set: None

---------- SM_Grids/7x8_grid_with_random_blocks_16per_0 ----------
[00:00:00:01:260] Path of length 31 found: [0, 1, 2, 3, 4, 5, 13, 14, 15, 23, 31, 30, 29, 28, 20, 19, 18, 17, 25, 24, 32, 40, 48, 49, 50, 42, 43, 44, 52, 53, 54, 55]
[00:00:00:01:260] ! Unidirectional s-t. expansions: 618, time: 1,260 [ms], path length: 31 [edges], generated: 934
[00:00:00:01:354] Path of length 31 found: [55, 47, 46, 45, 53, 52, 51, 43, 42, 41, 40, 32, 24, 25, 17, 18, 19, 27, 28, 29, 30, 31, 23, 15, 14, 13, 5, 4, 3, 2, 1, 0]
[00:00:00:01:354] ! Unidirectional t-s. expansions: 481, time: 1,354 [ms], path length: 31 [edges], generated: 738
[00:00:00:00:096] New longest path found with length 25 at expansion 12
[00:00:00:00:110] New longest path found with length 27 at expansion 14
[00:00:00:00:116] New longest path found with length 29 at expansion 15
[00:00:00:08:043] New longest path found with length 31 at expansion 1,130
[00:00:00:19:098] Path of length 31 found: [0, 1, 2, 3, 4, 12, 13, 14, 15, 23, 31, 30, 29, 28, 27, 19, 18, 17, 25, 24, 32, 40, 41, 42, 43, 51, 52, 53, 45, 46, 47, 55]
[00:00:00:19:500] ! Bidirectional. expansions: 2,615, time: 19,098 [ms], path length: 31 [edges], g_F: 16, g_B: 15, generated: {'F': 4,365, 'B': 4,107}, MM: 1, MMPER: 2.125%
[00:00:00:19:500] 
---------- SM_Grids/7x8_grid_with_random_blocks_16per_1 ----------
[00:00:00:01:038] Path of length 25 found: [0, 8, 16, 17, 25, 26, 34, 42, 43, 51, 52, 53, 45, 37, 36, 28, 20, 12, 13, 14, 22, 30, 31, 39, 47, 55]
[00:00:00:01:038] ! Unidirectional s-t. expansions: 266, time: 1,038 [ms], path length: 25 [edges], generated: 499
[00:00:00:00:782] Path of length 25 found: [55, 47, 39, 31, 30, 22, 14, 13, 12, 20, 28, 36, 37, 45, 53, 52, 51, 43, 42, 34, 26, 18, 10, 9, 1, 0]
[00:00:00:00:782] ! Unidirectional t-s. expansions: 184, time: 782 [ms], path length: 25 [edges], generated: 366
[00:00:00:00:135] New longest path found with length 25 at expansion 16
[00:00:00:18:558] Path of length 25 found: [0, 8, 16, 17, 25, 26, 34, 42, 43, 51, 52, 53, 45, 37, 36, 28, 20, 12, 13, 14, 22, 30, 31, 39, 47, 55]
[00:00:00:18:937] ! Bidirectional. expansions: 1,981, time: 18,558 [ms], path length: 25 [edges], g_F: 13, g_B: 12, generated: {'F': 3,974, 'B': 3,935}, MM: 1, MMPER: 2.8461538461538463%
[00:00:00:18:937] 
---------- SM_Grids/7x8_grid_with_random_blocks_16per_2 ----------
[00:00:00:00:942] Path of length 27 found: [0, 1, 9, 17, 16, 24, 32, 40, 48, 49, 50, 51, 43, 35, 27, 28, 29, 21, 13, 5, 6, 7, 15, 23, 31, 39, 47, 55]
[00:00:00:00:942] ! Unidirectional s-t. expansions: 296, time: 942 [ms], path length: 27 [edges], generated: 526
[00:00:00:00:719] Path of length 27 found: [55, 47, 39, 31, 23, 15, 7, 6, 5, 4, 12, 20, 28, 27, 35, 43, 51, 50, 49, 48, 40, 32, 33, 25, 17, 9, 1, 0]
[00:00:00:00:719] ! Unidirectional t-s. expansions: 238, time: 719 [ms], path length: 27 [edges], generated: 374
[00:00:00:00:109] New longest path found with length 27 at expansion 13
[00:00:00:15:587] Path of length 27 found: [0, 1, 9, 17, 16, 24, 32, 40, 48, 49, 50, 51, 43, 35, 27, 28, 20, 12, 4, 5, 6, 7, 15, 23, 31, 39, 47, 55]
[00:00:00:15:966] ! Bidirectional. expansions: 2,304, time: 15,587 [ms], path length: 27 [edges], g_F: 14, g_B: 13, generated: {'F': 3,387, 'B': 3,457}, MM: 1, MMPER: 2.5714285714285716%
[00:00:00:15:966] 
---------- SM_Grids/7x8_grid_with_random_blocks_16per_3 ----------
[00:00:00:01:932] Path of length 31 found: [0, 1, 2, 3, 4, 12, 13, 14, 15, 23, 31, 30, 29, 28, 27, 19, 18, 17, 16, 24, 32, 40, 48, 49, 50, 42, 43, 44, 45, 46, 47, 55]
[00:00:00:01:933] ! Unidirectional s-t. expansions: 717, time: 1,933 [ms], path length: 31 [edges], generated: 1,138
[00:00:00:02:095] Path of length 31 found: [55, 47, 46, 45, 53, 52, 51, 43, 42, 41, 33, 32, 24, 16, 17, 18, 19, 27, 28, 29, 30, 31, 23, 15, 14, 13, 12, 4, 3, 2, 1, 0]
[00:00:00:02:095] ! Unidirectional t-s. expansions: 1,013, time: 2,095 [ms], path length: 31 [edges], generated: 1,322
[00:00:00:00:124] New longest path found with length 27 at expansion 15
[00:00:00:09:236] New longest path found with length 29 at expansion 1,270
[00:00:00:17:673] New longest path found with length 31 at expansion 2,375
[00:00:00:21:289] Path of length 31 found: [0, 1, 2, 3, 4, 12, 13, 14, 15, 23, 31, 30, 29, 28, 27, 19, 18, 17, 16, 24, 32, 33, 41, 42, 43, 51, 52, 53, 45, 46, 47, 55]
[00:00:00:21:665] ! Bidirectional. expansions: 2,875, time: 21,289 [ms], path length: 31 [edges], g_F: 16, g_B: 15, generated: {'F': 4,771, 'B': 4,594}, MM: 1, MMPER: 2.125%
[00:00:00:21:665] 
---------- SM_Grids/7x8_grid_with_random_blocks_16per_4 ----------
[00:00:00:03:182] Path of length 29 found: [0, 1, 9, 17, 18, 26, 34, 33, 32, 40, 48, 49, 50, 51, 52, 53, 45, 37, 36, 28, 20, 12, 13, 14, 22, 30, 31, 39, 47, 55]
[00:00:00:03:183] ! Unidirectional s-t. expansions: 1,101, time: 3,182 [ms], path length: 29 [edges], generated: 1,886
[00:00:00:01:360] Path of length 29 found: [55, 47, 39, 31, 30, 22, 14, 13, 12, 11, 19, 18, 26, 34, 35, 36, 37, 45, 53, 52, 51, 50, 49, 41, 40, 32, 24, 16, 8, 0]
[00:00:00:01:360] ! Unidirectional t-s. expansions: 505, time: 1,360 [ms], path length: 29 [edges], generated: 765
[00:00:00:00:160] New longest path found with length 25 at expansion 21
[00:00:00:00:183] New longest path found with length 27 at expansion 24
[00:00:00:01:853] New longest path found with length 29 at expansion 253
[00:00:00:22:972] Path of length 29 found: [0, 1, 9, 17, 18, 26, 34, 33, 32, 40, 48, 49, 50, 51, 52, 53, 45, 37, 36, 28, 20, 12, 13, 14, 22, 30, 31, 39, 47, 55]
[00:00:00:23:349] ! Bidirectional. expansions: 2,925, time: 22,972 [ms], path length: 29 [edges], g_F: 15, g_B: 14, generated: {'F': 5,037, 'B': 4,855}, MM: 1, MMPER: 2.3333333333333335%
[00:00:00:23:349] 
---------- SM_Grids/7x8_grid_with_random_blocks_16per_5 ----------
[00:00:00:02:745] Path of length 29 found: [0, 8, 9, 10, 2, 3, 4, 5, 6, 14, 15, 23, 31, 39, 38, 37, 29, 21, 20, 19, 27, 26, 34, 42, 43, 44, 52, 53, 54, 55]
[00:00:00:02:745] ! Unidirectional s-t. expansions: 959, time: 2,745 [ms], path length: 29 [edges], generated: 1,595
[00:00:00:00:933] Path of length 29 found: [55, 54, 53, 52, 44, 43, 42, 34, 26, 27, 19, 20, 21, 29, 37, 38, 39, 31, 23, 15, 7, 6, 5, 4, 3, 2, 10, 9, 8, 0]
[00:00:00:00:934] ! Unidirectional t-s. expansions: 277, time: 933 [ms], path length: 29 [edges], generated: 503
[00:00:00:00:667] New longest path found with length 27 at expansion 116
[00:00:00:04:686] New longest path found with length 29 at expansion 623
[00:00:00:10:914] Path of length 29 found: [0, 8, 9, 10, 2, 3, 4, 5, 6, 14, 15, 23, 31, 39, 38, 37, 29, 21, 20, 19, 27, 26, 34, 42, 43, 44, 52, 53, 54, 55]
[00:00:00:11:292] ! Bidirectional. expansions: 1,362, time: 10,914 [ms], path length: 29 [edges], g_F: 15, g_B: 14, generated: {'F': 2,317, 'B': 2,402}, MM: 1, MMPER: 2.3333333333333335%
[00:00:00:11:292] 
---------- SM_Grids/7x8_grid_with_random_blocks_16per_6 ----------
[00:00:00:02:165] Path of length 29 found: [0, 1, 9, 17, 16, 24, 32, 33, 34, 26, 27, 19, 11, 3, 4, 5, 13, 14, 15, 23, 31, 30, 29, 37, 36, 44, 52, 53, 54, 55]
[00:00:00:02:165] ! Unidirectional s-t. expansions: 793, time: 2,165 [ms], path length: 29 [edges], generated: 1,312
[00:00:00:02:732] Path of length 29 found: [55, 54, 46, 45, 44, 36, 35, 34, 33, 32, 24, 16, 17, 18, 19, 20, 21, 29, 30, 31, 23, 15, 7, 6, 5, 4, 3, 2, 1, 0]
[00:00:00:02:732] ! Unidirectional t-s. expansions: 879, time: 2,732 [ms], path length: 29 [edges], generated: 1,524
[00:00:00:00:108] New longest path found with length 25 at expansion 12
[00:00:00:00:351] New longest path found with length 27 at expansion 41
[00:00:00:11:020] New longest path found with length 29 at expansion 1,358
[00:00:00:31:177] Path of length 29 found: [0, 1, 9, 17, 16, 24, 32, 33, 34, 26, 27, 19, 11, 3, 4, 5, 6, 7, 15, 23, 31, 30, 38, 37, 36, 44, 52, 53, 54, 55]
[00:00:00:31:555] ! Bidirectional. expansions: 3,925, time: 31,177 [ms], path length: 29 [edges], g_F: 15, g_B: 14, generated: {'F': 6,210, 'B': 7,181}, MM: 1, MMPER: 2.3333333333333335%
[00:00:00:31:555] 
---------- SM_Grids/7x8_grid_with_random_blocks_16per_7 ----------
[00:00:00:03:824] Path of length 27 found: [0, 1, 9, 17, 16, 24, 32, 40, 48, 49, 50, 42, 43, 44, 36, 28, 27, 19, 11, 12, 13, 14, 22, 30, 38, 46, 54, 55]
[00:00:00:03:824] ! Unidirectional s-t. expansions: 1,204, time: 3,824 [ms], path length: 27 [edges], generated: 2,217
[00:00:00:00:407] Path of length 27 found: [55, 47, 39, 38, 30, 22, 14, 13, 12, 11, 19, 27, 28, 36, 44, 52, 51, 50, 42, 34, 33, 32, 24, 16, 17, 9, 1, 0]
[00:00:00:00:407] ! Unidirectional t-s. expansions: 125, time: 407 [ms], path length: 27 [edges], generated: 206
[00:00:00:00:109] New longest path found with length 27 at expansion 13
[00:00:00:18:028] Path of length 27 found: [0, 1, 9, 17, 16, 24, 32, 40, 48, 49, 50, 42, 43, 44, 36, 28, 27, 19, 11, 12, 13, 14, 22, 30, 38, 39, 47, 55]
[00:00:00:18:409] ! Bidirectional. expansions: 2,487, time: 18,028 [ms], path length: 27 [edges], g_F: 14, g_B: 13, generated: {'F': 4,232, 'B': 3,808}, MM: 1, MMPER: 2.5714285714285716%
[00:00:00:18:409] 
---------- SM_Grids/7x8_grid_with_random_blocks_16per_8 ----------
[00:00:00:01:909] Path of length 27 found: [0, 8, 9, 10, 18, 26, 25, 33, 41, 42, 43, 35, 36, 28, 29, 21, 13, 5, 6, 7, 15, 23, 31, 39, 38, 46, 54, 55]
[00:00:00:01:910] ! Unidirectional s-t. expansions: 672, time: 1,909 [ms], path length: 27 [edges], generated: 1,105
[00:00:00:03:030] Path of length 27 found: [55, 54, 46, 38, 39, 31, 23, 15, 7, 6, 5, 4, 12, 20, 28, 36, 44, 43, 42, 41, 33, 25, 26, 18, 10, 9, 8, 0]
[00:00:00:03:030] ! Unidirectional t-s. expansions: 953, time: 3,030 [ms], path length: 27 [edges], generated: 1,670
[00:00:00:00:114] New longest path found with length 21 at expansion 10
[00:00:00:01:450] New longest path found with length 23 at expansion 184
[00:00:00:02:941] New longest path found with length 25 at expansion 362
[00:00:00:08:686] New longest path found with length 27 at expansion 1,096
[00:00:00:29:363] Path of length 27 found: [0, 8, 9, 10, 18, 26, 25, 33, 41, 42, 43, 35, 36, 28, 20, 12, 4, 5, 6, 7, 15, 23, 31, 30, 38, 46, 54, 55]
[00:00:00:29:735] ! Bidirectional. expansions: 3,562, time: 29,363 [ms], path length: 27 [edges], g_F: 14, g_B: 13, generated: {'F': 6,701, 'B': 6,010}, MM: 1, MMPER: 2.5714285714285716%
[00:00:00:29:735] 
---------- SM_Grids/7x8_grid_with_random_blocks_16per_9 ----------
[00:00:00:04:826] Path of length 25 found: [0, 8, 16, 17, 18, 10, 2, 3, 4, 12, 20, 28, 27, 35, 34, 42, 50, 51, 52, 44, 45, 37, 38, 39, 47, 55]
[00:00:00:04:826] ! Unidirectional s-t. expansions: 2,965, time: 4,826 [ms], path length: 25 [edges], generated: 3,552
[00:00:00:03:200] Path of length 25 found: [55, 47, 39, 38, 37, 45, 44, 52, 51, 50, 42, 34, 35, 27, 28, 20, 12, 4, 3, 2, 10, 18, 17, 16, 8, 0]
[00:00:00:03:201] ! Unidirectional t-s. expansions: 1,143, time: 3,200 [ms], path length: 25 [edges], generated: 1,890
[00:00:00:00:312] New longest path found with length 19 at expansion 50
[00:00:00:00:393] New longest path found with length 21 at expansion 63
[00:00:00:11:156] New longest path found with length 25 at expansion 1,552
[00:00:00:47:148] Path of length 25 found: [0, 8, 16, 17, 18, 10, 2, 3, 4, 12, 20, 28, 27, 35, 34, 42, 50, 51, 52, 44, 45, 37, 38, 39, 47, 55]
[00:00:00:47:526] ! Bidirectional. expansions: 6,443, time: 47,148 [ms], path length: 25 [edges], g_F: 13, g_B: 12, generated: {'F': 10,971, 'B': 9,604}, MM: 1, MMPER: 2.8461538461538463%

[00:00:00:47:527] average expansions: (959, 580, 3,048, 0)
[00:00:00:47:527] average time: (2,382, 1,661, 23,413, 0)
[00:00:00:47:527] X-DFBnB: 580 , 1,661 (expansions , time[ms])
[00:00:00:47:527] BiX-DFBnB: 3,048 , 23,413 (expansions , time[ms])

