Mon 09 Mar 2026 17:31:53 IST

SLURM_JOBID:		 15365923
SLURM_JOB_NODELIST:	 ise-cpu256-13 

--------------------------
date: SM_Grids
number_of_graphs: 10
graph_type: grid
size_of_graphs: [8, 8]
heuristic: bcc_heuristic
snake: True
run_uni: True
run_bi: True
run_multi: False
solution_vertices: []
algorithms: ['DFBnB']
bsd: False
cube_first_dims: 4
cube_buffer_dim: None
backward_sym_generation: False
sym_coil: False
prefix_set: None

---------- SM_Grids/8x8_grid_with_random_blocks_12per_0 ----------
[00:00:00:01:620] Path of length 36 found: [0, 8, 16, 24, 25, 33, 41, 40, 48, 56, 57, 58, 50, 51, 52, 53, 45, 37, 36, 35, 27, 19, 18, 10, 2, 3, 4, 12, 13, 21, 22, 30, 31, 39, 47, 55, 63]
[00:00:00:01:621] ! Unidirectional s-t. expansions: 551, time: 1,620 [ms], path length: 36 [edges], generated: 857
[00:00:00:00:773] Path of length 36 found: [63, 55, 47, 39, 31, 30, 22, 14, 13, 12, 4, 3, 2, 10, 18, 19, 27, 28, 36, 37, 45, 53, 61, 60, 59, 58, 57, 56, 48, 40, 41, 33, 25, 24, 16, 8, 0]
[00:00:00:00:774] ! Unidirectional t-s. expansions: 257, time: 773 [ms], path length: 36 [edges], generated: 418
[00:00:01:26:475] Path of length 36 found: [0, 8, 16, 24, 25, 33, 41, 40, 48, 56, 57, 58, 50, 51, 52, 53, 45, 37, 36, 35, 27, 19, 18, 10, 2, 3, 4, 12, 13, 14, 22, 30, 31, 39, 47, 55, 63]
[00:00:01:26:926] ! Bidirectional. expansions: 58,728, time: 86,475 [ms], path length: 36 [edges], g_F: 18, g_B: 18, generated: {'F': 45,201, 'B': 49,775}, MM: 0, MMPER: -1.0%
[00:00:01:26:926] 
---------- SM_Grids/8x8_grid_with_random_blocks_12per_1 ----------
[00:00:00:06:341] Path of length 32 found: [0, 8, 9, 10, 2, 3, 4, 5, 6, 14, 22, 21, 20, 19, 27, 26, 25, 33, 41, 49, 50, 58, 59, 60, 61, 53, 45, 37, 38, 39, 47, 55, 63]
[00:00:00:06:341] ! Unidirectional s-t. expansions: 1,719, time: 6,341 [ms], path length: 32 [edges], generated: 3,065
[00:00:00:09:987] Path of length 32 found: [63, 55, 47, 39, 38, 37, 36, 44, 52, 60, 59, 58, 50, 49, 41, 33, 34, 26, 27, 19, 20, 21, 22, 14, 6, 5, 4, 3, 2, 10, 9, 8, 0]
[00:00:00:09:987] ! Unidirectional t-s. expansions: 2,857, time: 9,987 [ms], path length: 32 [edges], generated: 4,969
[00:00:01:44:843] Path of length 32 found: [0, 8, 9, 10, 2, 3, 4, 5, 6, 14, 22, 21, 20, 19, 27, 26, 25, 33, 41, 49, 50, 58, 59, 60, 52, 44, 36, 37, 38, 39, 47, 55, 63]
[00:00:01:45:265] ! Bidirectional. expansions: 80,056, time: 104,843 [ms], path length: 32 [edges], g_F: 16, g_B: 16, generated: {'F': 64,346, 'B': 60,350}, MM: 0, MMPER: -1.0%
[00:00:01:45:265] 
---------- SM_Grids/8x8_grid_with_random_blocks_12per_2 ----------
[00:00:00:01:800] Path of length 34 found: [0, 8, 16, 24, 32, 33, 34, 42, 50, 58, 59, 60, 52, 44, 36, 28, 27, 19, 18, 10, 2, 3, 4, 12, 13, 14, 15, 23, 31, 30, 38, 46, 54, 62, 63]
[00:00:00:01:801] ! Unidirectional s-t. expansions: 457, time: 1,800 [ms], path length: 34 [edges], generated: 768
[00:00:00:02:586] Path of length 34 found: [63, 55, 47, 46, 38, 30, 31, 23, 15, 14, 13, 5, 4, 3, 2, 10, 18, 19, 27, 28, 36, 44, 52, 60, 59, 58, 50, 42, 34, 33, 25, 24, 16, 8, 0]
[00:00:00:02:587] ! Unidirectional t-s. expansions: 651, time: 2,586 [ms], path length: 34 [edges], generated: 1,135
[00:00:00:44:132] Path of length 34 found: [0, 8, 16, 24, 32, 33, 34, 42, 50, 58, 59, 60, 52, 44, 36, 28, 20, 19, 18, 10, 2, 3, 4, 5, 13, 14, 15, 23, 31, 30, 38, 46, 47, 55, 63]
[00:00:00:44:531] ! Bidirectional. expansions: 30,346, time: 44,132 [ms], path length: 34 [edges], g_F: 17, g_B: 17, generated: {'F': 24,411, 'B': 24,980}, MM: 0, MMPER: -1.0%
[00:00:00:44:531] 
---------- SM_Grids/8x8_grid_with_random_blocks_12per_3 ----------
[00:00:00:19:230] Path of length 34 found: [0, 8, 16, 24, 32, 33, 41, 49, 57, 58, 59, 60, 52, 44, 43, 35, 27, 19, 18, 10, 2, 3, 4, 12, 13, 14, 15, 23, 31, 30, 38, 46, 54, 62, 63]
[00:00:00:19:230] ! Unidirectional s-t. expansions: 6,992, time: 19,230 [ms], path length: 34 [edges], generated: 11,020
[00:00:00:24:220] Path of length 34 found: [63, 62, 54, 46, 47, 39, 31, 30, 22, 14, 6, 5, 4, 3, 2, 10, 18, 26, 27, 35, 36, 44, 52, 60, 59, 58, 57, 49, 41, 33, 32, 24, 16, 8, 0]
[00:00:00:24:220] ! Unidirectional t-s. expansions: 9,961, time: 24,220 [ms], path length: 34 [edges], generated: 15,527
[00:00:01:34:842] Path of length 34 found: [0, 8, 16, 24, 32, 33, 41, 49, 57, 58, 59, 51, 52, 44, 36, 35, 27, 19, 18, 10, 2, 3, 4, 5, 6, 7, 15, 23, 22, 30, 38, 39, 47, 55, 63]
[00:00:01:35:236] ! Bidirectional. expansions: 87,622, time: 94,842 [ms], path length: 34 [edges], g_F: 17, g_B: 17, generated: {'F': 67,469, 'B': 63,880}, MM: 0, MMPER: -1.0%
[00:00:01:35:236] 
---------- SM_Grids/8x8_grid_with_random_blocks_12per_4 ----------
[00:00:00:06:837] Path of length 34 found: [0, 8, 16, 24, 25, 26, 18, 19, 11, 12, 4, 5, 6, 14, 22, 23, 31, 39, 38, 37, 36, 35, 43, 42, 41, 49, 57, 58, 59, 60, 52, 53, 54, 62, 63]
[00:00:00:06:837] ! Unidirectional s-t. expansions: 1,979, time: 6,837 [ms], path length: 34 [edges], generated: 3,447
[00:00:00:10:502] Path of length 34 found: [63, 55, 54, 53, 61, 60, 59, 58, 57, 49, 41, 33, 34, 35, 27, 28, 29, 37, 38, 39, 31, 23, 22, 14, 6, 5, 4, 12, 11, 10, 18, 17, 16, 8, 0]
[00:00:00:10:502] ! Unidirectional t-s. expansions: 2,924, time: 10,502 [ms], path length: 34 [edges], generated: 5,471
[00:00:02:41:663] Path of length 34 found: [0, 8, 16, 24, 25, 26, 18, 10, 11, 12, 4, 5, 6, 14, 22, 23, 31, 39, 38, 37, 36, 35, 43, 42, 41, 49, 57, 58, 59, 60, 52, 53, 54, 62, 63]
[00:00:02:42:087] ! Bidirectional. expansions: 110,894, time: 161,663 [ms], path length: 34 [edges], g_F: 17, g_B: 17, generated: {'F': 91,308, 'B': 94,430}, MM: 0, MMPER: -1.0%
[00:00:02:42:087] 
---------- SM_Grids/8x8_grid_with_random_blocks_12per_5 ----------
[00:00:00:15:726] Path of length 34 found: [0, 8, 9, 17, 25, 24, 32, 40, 41, 42, 50, 58, 59, 60, 52, 44, 45, 37, 29, 28, 27, 19, 11, 3, 4, 5, 13, 14, 22, 23, 31, 39, 47, 55, 63]
[00:00:00:15:726] ! Unidirectional s-t. expansions: 4,760, time: 15,726 [ms], path length: 34 [edges], generated: 8,088
[00:00:00:12:268] Path of length 34 found: [63, 55, 47, 46, 45, 53, 61, 60, 59, 51, 50, 42, 34, 33, 32, 24, 16, 17, 18, 19, 27, 28, 29, 30, 31, 23, 15, 14, 6, 5, 4, 3, 2, 1, 0]
[00:00:00:12:269] ! Unidirectional t-s. expansions: 3,738, time: 12,268 [ms], path length: 34 [edges], generated: 6,050
[00:00:02:54:524] Path of length 34 found: [0, 1, 2, 3, 4, 5, 6, 14, 15, 23, 31, 30, 29, 28, 20, 19, 18, 17, 16, 24, 32, 33, 34, 42, 50, 58, 59, 60, 52, 44, 45, 46, 47, 55, 63]
[00:00:02:54:917] ! Bidirectional. expansions: 141,646, time: 174,524 [ms], path length: 34 [edges], g_F: 17, g_B: 17, generated: {'F': 117,172, 'B': 111,389}, MM: 0, MMPER: -1.0%
[00:00:02:54:918] 
---------- SM_Grids/8x8_grid_with_random_blocks_12per_6 ----------
[00:00:00:12:700] Path of length 34 found: [0, 8, 9, 10, 2, 3, 4, 5, 6, 7, 15, 23, 22, 21, 20, 19, 27, 26, 25, 24, 32, 40, 48, 49, 50, 51, 43, 44, 36, 37, 38, 46, 54, 62, 63]
[00:00:00:12:700] ! Unidirectional s-t. expansions: 4,644, time: 12,700 [ms], path length: 34 [edges], generated: 7,040
[00:00:00:08:207] Path of length 34 found: [63, 62, 54, 46, 38, 37, 36, 44, 43, 42, 50, 49, 48, 40, 32, 24, 25, 26, 27, 19, 20, 21, 22, 23, 15, 7, 6, 5, 4, 3, 2, 10, 9, 8, 0]
[00:00:00:08:207] ! Unidirectional t-s. expansions: 3,309, time: 8,207 [ms], path length: 34 [edges], generated: 4,632
[00:00:02:17:336] Path of length 34 found: [0, 8, 9, 10, 2, 3, 4, 5, 6, 7, 15, 23, 22, 21, 20, 19, 27, 26, 25, 24, 32, 40, 48, 49, 50, 51, 43, 44, 36, 37, 38, 46, 54, 62, 63]
[00:00:02:17:766] ! Bidirectional. expansions: 105,038, time: 137,336 [ms], path length: 34 [edges], g_F: 17, g_B: 17, generated: {'F': 80,735, 'B': 86,425}, MM: 0, MMPER: -1.0%
[00:00:02:17:766] 
---------- SM_Grids/8x8_grid_with_random_blocks_12per_7 ----------
[00:00:00:06:730] Path of length 36 found: [0, 8, 16, 24, 25, 26, 18, 19, 20, 12, 13, 5, 6, 7, 15, 23, 22, 30, 38, 37, 36, 35, 43, 42, 41, 40, 48, 56, 57, 58, 59, 60, 52, 53, 54, 62, 63]
[00:00:00:06:730] ! Unidirectional s-t. expansions: 1,958, time: 6,730 [ms], path length: 36 [edges], generated: 3,161
[00:00:00:09:171] Path of length 36 found: [63, 55, 47, 39, 38, 30, 22, 23, 15, 7, 6, 5, 13, 12, 20, 19, 18, 26, 34, 42, 43, 44, 45, 53, 61, 60, 59, 58, 57, 49, 48, 40, 32, 24, 16, 8, 0]
[00:00:00:09:171] ! Unidirectional t-s. expansions: 3,493, time: 9,171 [ms], path length: 36 [edges], generated: 5,108
[00:00:03:01:840] Path of length 36 found: [0, 8, 9, 10, 18, 26, 34, 33, 32, 40, 48, 56, 57, 58, 59, 60, 61, 53, 45, 44, 36, 28, 20, 12, 13, 5, 6, 7, 15, 23, 22, 30, 38, 39, 47, 55, 63]
[00:00:03:02:239] ! Bidirectional. expansions: 150,534, time: 181,840 [ms], path length: 36 [edges], g_F: 18, g_B: 18, generated: {'F': 114,357, 'B': 118,159}, MM: 0, MMPER: -1.0%
[00:00:03:02:239] 
---------- SM_Grids/8x8_grid_with_random_blocks_12per_8 ----------
[00:00:00:04:684] Path of length 36 found: [0, 8, 16, 24, 32, 33, 41, 49, 57, 58, 59, 60, 52, 44, 43, 35, 27, 26, 18, 10, 2, 3, 4, 5, 6, 7, 15, 23, 22, 21, 29, 37, 38, 46, 47, 55, 63]
[00:00:00:04:684] ! Unidirectional s-t. expansions: 1,269, time: 4,684 [ms], path length: 36 [edges], generated: 2,235
[00:00:00:05:193] Path of length 36 found: [63, 55, 47, 39, 38, 30, 22, 23, 15, 7, 6, 5, 4, 12, 20, 28, 27, 35, 43, 44, 52, 60, 59, 58, 57, 49, 41, 33, 32, 24, 16, 17, 18, 10, 2, 1, 0]
[00:00:00:05:194] ! Unidirectional t-s. expansions: 1,723, time: 5,194 [ms], path length: 36 [edges], generated: 2,698
[00:00:01:09:362] Path of length 36 found: [0, 8, 16, 24, 32, 33, 41, 49, 57, 58, 59, 60, 52, 44, 43, 35, 27, 19, 18, 10, 2, 3, 4, 5, 6, 7, 15, 23, 22, 21, 29, 37, 38, 39, 47, 55, 63]
[00:00:01:09:753] ! Bidirectional. expansions: 54,704, time: 69,362 [ms], path length: 36 [edges], g_F: 18, g_B: 18, generated: {'F': 42,856, 'B': 42,295}, MM: 0, MMPER: -1.0%
[00:00:01:09:753] 
---------- SM_Grids/8x8_grid_with_random_blocks_12per_9 ----------
[00:00:00:16:355] Path of length 36 found: [0, 8, 9, 10, 18, 26, 25, 24, 32, 40, 48, 56, 57, 58, 50, 51, 43, 35, 36, 28, 20, 12, 4, 5, 6, 7, 15, 23, 31, 30, 38, 46, 45, 53, 61, 62, 63]
[00:00:00:16:355] ! Unidirectional s-t. expansions: 6,660, time: 16,355 [ms], path length: 36 [edges], generated: 9,247
[00:00:00:11:247] Path of length 36 found: [63, 55, 47, 46, 45, 53, 61, 60, 59, 51, 50, 49, 48, 40, 32, 24, 25, 26, 34, 35, 36, 28, 29, 30, 31, 23, 15, 7, 6, 5, 4, 12, 11, 10, 2, 1, 0]
[00:00:00:11:248] ! Unidirectional t-s. expansions: 3,767, time: 11,247 [ms], path length: 36 [edges], generated: 5,980
[00:00:02:31:604] Path of length 36 found: [0, 8, 9, 10, 11, 12, 4, 5, 6, 7, 15, 23, 31, 30, 29, 28, 36, 35, 34, 26, 25, 24, 32, 40, 48, 49, 50, 58, 59, 60, 61, 53, 45, 46, 47, 55, 63]
[00:00:02:31:999] ! Bidirectional. expansions: 139,290, time: 151,604 [ms], path length: 36 [edges], g_F: 18, g_B: 18, generated: {'F': 99,623, 'B': 110,659}, MM: 0, MMPER: -1.0%

[00:00:02:31:999] average expansions: (3,099, 3,268, 95,886, 0)
[00:00:02:31:999] average time: (9,202, 9,416, 120,662, 0)
[00:00:02:31:999] X-DFBnB: 3,099 , 9,202 (expansions , time[ms])
[00:00:02:31:999] BiX-DFBnB: 95,886 , 120,662 (expansions , time[ms])

