Thu 12 Mar 2026 17:42:00 IST

SLURM_JOBID:		 15627567
SLURM_JOB_NODELIST:	 ise-cpu256-26 

--------------------------
date: SM_Grids
number_of_graphs: 10
graph_type: grid
size_of_graphs: [8, 9]
heuristic: bcc_heuristic
snake: True
run_uni: True
run_bi: True
run_multi: False
solution_vertices: []
algorithms: ['DFBnB']
bsd: False
cube_first_dims: 4
cube_buffer_dim: None
backward_sym_generation: False
sym_coil: False
prefix_set: None

---------- SM_Grids/8x9_grid_with_random_blocks_20per_0 ----------
[00:00:00:00:806] Path of length 21 found: [0, 9, 18, 19, 20, 11, 2, 3, 4, 13, 14, 23, 32, 33, 34, 35, 44, 53, 52, 61, 70, 71]
[00:00:00:00:807] ! Unidirectional s-t. expansions: 243, time: 806 [ms], path length: 21 [edges], generated: 419
[00:00:00:11:520] Path of length 21 found: [71, 70, 61, 52, 43, 44, 35, 26, 25, 24, 15, 14, 5, 4, 3, 2, 11, 20, 19, 18, 9, 0]
[00:00:00:11:520] ! Unidirectional t-s. expansions: 6,682, time: 11,520 [ms], path length: 21 [edges], generated: 7,165
[00:00:00:00:099] New longest path found with length 19 at expansion 9
[00:00:00:02:168] New longest path found with length 21 at expansion 243
[00:00:00:10:968] Path of length 21 found: [0, 9, 18, 19, 20, 11, 2, 3, 4, 13, 14, 15, 24, 25, 26, 35, 44, 43, 52, 61, 62, 71]
[00:00:00:11:482] ! Bidirectional. expansions: 1,227, time: 10,969 [ms], path length: 21 [edges], g_F: 11, g_B: 10, generated: {'F': 1,820, 'B': 2,052}, MM: 1, MMPER: 3.545454545454546%
[00:00:00:11:482] 
---------- SM_Grids/8x9_grid_with_random_blocks_20per_1 ----------
[00:00:00:01:067] Path of length 35 found: [0, 9, 18, 19, 20, 11, 2, 3, 4, 13, 22, 31, 30, 39, 38, 47, 56, 65, 66, 67, 58, 49, 50, 41, 42, 33, 24, 25, 26, 35, 44, 53, 52, 61, 70, 71]
[00:00:00:01:067] ! Unidirectional s-t. expansions: 262, time: 1,067 [ms], path length: 35 [edges], generated: 461
[00:00:00:01:122] Path of length 35 found: [71, 70, 61, 52, 53, 44, 35, 26, 25, 24, 33, 42, 41, 50, 49, 58, 67, 66, 65, 56, 47, 38, 39, 30, 31, 22, 13, 4, 3, 2, 11, 20, 19, 18, 9, 0]
[00:00:00:01:122] ! Unidirectional t-s. expansions: 331, time: 1,122 [ms], path length: 35 [edges], generated: 546
[00:00:00:00:129] New longest path found with length 21 at expansion 11
[00:00:00:00:225] New longest path found with length 23 at expansion 20
[00:00:00:00:322] New longest path found with length 25 at expansion 31
[00:00:00:00:371] New longest path found with length 27 at expansion 37
[00:00:00:02:225] New longest path found with length 31 at expansion 230
[00:00:00:02:237] New longest path found with length 33 at expansion 232
[00:00:00:05:049] New longest path found with length 35 at expansion 531
[00:00:00:06:315] Path of length 35 found: [0, 9, 18, 19, 20, 11, 2, 3, 4, 13, 22, 31, 30, 39, 38, 47, 56, 65, 66, 67, 58, 49, 50, 41, 42, 33, 24, 25, 26, 35, 44, 53, 52, 61, 70, 71]
[00:00:00:06:792] ! Bidirectional. expansions: 648, time: 6,316 [ms], path length: 35 [edges], g_F: 18, g_B: 17, generated: {'F': 1,135, 'B': 1,101}, MM: 1, MMPER: 1.7777777777777777%
[00:00:00:06:793] 
---------- SM_Grids/8x9_grid_with_random_blocks_20per_2 ----------
[00:00:00:03:389] Path of length 29 found: [0, 9, 10, 19, 20, 29, 38, 47, 56, 65, 66, 67, 58, 49, 40, 31, 22, 13, 14, 15, 16, 25, 34, 43, 42, 51, 60, 69, 70, 71]
[00:00:00:03:389] ! Unidirectional s-t. expansions: 837, time: 3,389 [ms], path length: 29 [edges], generated: 1,554
[00:00:00:01:202] Path of length 29 found: [71, 70, 69, 60, 51, 52, 43, 34, 25, 16, 15, 14, 13, 22, 31, 40, 49, 58, 67, 66, 65, 56, 47, 46, 37, 28, 19, 10, 1, 0]
[00:00:00:01:203] ! Unidirectional t-s. expansions: 292, time: 1,203 [ms], path length: 29 [edges], generated: 541
[00:00:00:00:154] New longest path found with length 29 at expansion 14
[00:00:00:17:414] Path of length 29 found: [0, 9, 10, 19, 28, 37, 46, 47, 56, 65, 66, 67, 58, 49, 40, 31, 22, 13, 14, 15, 16, 25, 34, 43, 52, 51, 60, 69, 70, 71]
[00:00:00:17:890] ! Bidirectional. expansions: 1,691, time: 17,414 [ms], path length: 29 [edges], g_F: 15, g_B: 14, generated: {'F': 3,193, 'B': 3,261}, MM: 1, MMPER: 2.3333333333333335%
[00:00:00:17:890] 
---------- SM_Grids/8x9_grid_with_random_blocks_20per_3 ----------
[00:00:00:02:065] Path of length 33 found: [0, 1, 2, 11, 12, 13, 4, 5, 6, 7, 8, 17, 26, 25, 24, 23, 32, 31, 40, 39, 38, 47, 56, 65, 66, 67, 58, 59, 60, 51, 52, 53, 62, 71]
[00:00:00:02:065] ! Unidirectional s-t. expansions: 533, time: 2,065 [ms], path length: 33 [edges], generated: 911
[00:00:00:09:511] Path of length 33 found: [71, 62, 53, 52, 51, 60, 69, 68, 67, 58, 57, 56, 47, 38, 39, 40, 31, 32, 23, 24, 25, 26, 17, 8, 7, 6, 5, 4, 3, 12, 11, 10, 1, 0]
[00:00:00:09:512] ! Unidirectional t-s. expansions: 4,172, time: 9,511 [ms], path length: 33 [edges], generated: 5,506
[00:00:00:00:146] New longest path found with length 21 at expansion 10
[00:00:00:00:173] New longest path found with length 23 at expansion 13
[00:00:00:00:259] New longest path found with length 25 at expansion 23
[00:00:00:03:232] New longest path found with length 27 at expansion 335
[00:00:00:03:829] New longest path found with length 29 at expansion 406
[00:00:00:04:314] New longest path found with length 31 at expansion 466
[00:00:00:12:349] New longest path found with length 33 at expansion 1,423
[00:00:01:00:283] Path of length 33 found: [0, 1, 2, 11, 12, 13, 4, 5, 6, 7, 8, 17, 26, 25, 24, 23, 32, 31, 40, 39, 38, 47, 56, 65, 66, 67, 58, 59, 60, 51, 52, 53, 62, 71]
[00:00:01:00:757] ! Bidirectional. expansions: 6,802, time: 60,283 [ms], path length: 33 [edges], g_F: 17, g_B: 16, generated: {'F': 10,132, 'B': 12,413}, MM: 1, MMPER: 1.9411764705882355%
[00:00:01:00:757] 
---------- SM_Grids/8x9_grid_with_random_blocks_20per_4 ----------
[00:00:00:03:315] Path of length 27 found: [0, 9, 10, 19, 20, 21, 22, 13, 4, 5, 6, 7, 8, 17, 26, 35, 34, 33, 32, 41, 40, 49, 58, 59, 68, 69, 70, 71]
[00:00:00:03:316] ! Unidirectional s-t. expansions: 1,509, time: 3,316 [ms], path length: 27 [edges], generated: 1,875
[00:00:00:01:126] Path of length 27 found: [71, 62, 61, 60, 59, 58, 49, 40, 41, 32, 33, 34, 35, 26, 17, 8, 7, 6, 5, 4, 13, 22, 21, 20, 11, 10, 1, 0]
[00:00:00:01:126] ! Unidirectional t-s. expansions: 287, time: 1,126 [ms], path length: 27 [edges], generated: 472
[00:00:00:00:113] New longest path found with length 23 at expansion 11
[00:00:00:00:570] New longest path found with length 27 at expansion 60
[00:00:00:10:750] Path of length 27 found: [0, 9, 10, 19, 20, 21, 22, 13, 4, 5, 6, 7, 8, 17, 26, 35, 34, 33, 32, 41, 40, 49, 58, 59, 60, 61, 62, 71]
[00:00:00:11:248] ! Bidirectional. expansions: 1,161, time: 10,751 [ms], path length: 27 [edges], g_F: 14, g_B: 13, generated: {'F': 1,945, 'B': 1,800}, MM: 1, MMPER: 2.5714285714285716%
[00:00:00:11:248] 
---------- SM_Grids/8x9_grid_with_random_blocks_20per_5 ----------
[00:00:00:03:333] Path of length 29 found: [0, 9, 18, 27, 36, 45, 54, 55, 56, 47, 38, 29, 20, 11, 12, 13, 22, 31, 32, 33, 24, 15, 16, 17, 26, 35, 44, 53, 62, 71]
[00:00:00:03:333] ! Unidirectional s-t. expansions: 1,171, time: 3,333 [ms], path length: 29 [edges], generated: 1,843
[00:00:00:03:111] Path of length 29 found: [71, 62, 53, 44, 43, 42, 33, 24, 15, 6, 5, 4, 13, 22, 31, 40, 39, 38, 47, 56, 55, 54, 45, 36, 27, 18, 19, 10, 1, 0]
[00:00:00:03:111] ! Unidirectional t-s. expansions: 839, time: 3,111 [ms], path length: 29 [edges], generated: 1,422
[00:00:00:00:166] New longest path found with length 23 at expansion 16
[00:00:00:04:245] New longest path found with length 27 at expansion 449
[00:00:00:04:467] New longest path found with length 29 at expansion 477
[00:00:00:39:624] Path of length 29 found: [0, 9, 18, 27, 36, 45, 54, 55, 56, 47, 38, 29, 20, 11, 12, 13, 22, 31, 32, 33, 24, 15, 16, 17, 26, 35, 44, 53, 62, 71]
[00:00:00:40:123] ! Bidirectional. expansions: 4,398, time: 39,624 [ms], path length: 29 [edges], g_F: 15, g_B: 14, generated: {'F': 6,849, 'B': 7,370}, MM: 1, MMPER: 2.3333333333333335%
[00:00:00:40:124] 
---------- SM_Grids/8x9_grid_with_random_blocks_20per_6 ----------
[00:00:00:03:504] Path of length 35 found: [0, 9, 10, 11, 2, 3, 4, 5, 6, 15, 24, 23, 22, 21, 30, 29, 28, 27, 36, 45, 46, 47, 56, 65, 66, 67, 68, 59, 50, 41, 42, 43, 52, 53, 62, 71]
[00:00:00:03:505] ! Unidirectional s-t. expansions: 1,022, time: 3,504 [ms], path length: 35 [edges], generated: 1,661
[00:00:00:01:192] Path of length 35 found: [71, 62, 53, 52, 43, 42, 41, 50, 59, 68, 67, 66, 57, 56, 47, 46, 45, 36, 27, 28, 29, 30, 31, 22, 23, 24, 15, 6, 5, 4, 3, 2, 11, 10, 9, 0]
[00:00:00:01:193] ! Unidirectional t-s. expansions: 349, time: 1,193 [ms], path length: 35 [edges], generated: 548
[00:00:00:00:419] New longest path found with length 21 at expansion 51
[00:00:00:01:589] New longest path found with length 25 at expansion 188
[00:00:00:09:306] New longest path found with length 31 at expansion 1,036
[00:00:00:09:324] New longest path found with length 33 at expansion 1,038
[00:00:00:09:333] New longest path found with length 35 at expansion 1,039
[00:00:00:13:776] Path of length 35 found: [0, 9, 10, 11, 2, 3, 4, 5, 6, 15, 24, 23, 22, 21, 30, 29, 28, 27, 36, 45, 46, 47, 56, 57, 66, 67, 68, 59, 50, 41, 42, 43, 52, 53, 62, 71]
[00:00:00:14:256] ! Bidirectional. expansions: 1,524, time: 13,777 [ms], path length: 35 [edges], g_F: 18, g_B: 17, generated: {'F': 2,704, 'B': 2,391}, MM: 1, MMPER: 1.7777777777777777%
[00:00:00:14:256] 
---------- SM_Grids/8x9_grid_with_random_blocks_20per_7 ----------
[00:00:00:04:976] Path of length 23 found: [0, 1, 10, 11, 20, 29, 28, 27, 36, 45, 54, 55, 56, 47, 48, 39, 40, 41, 50, 59, 60, 61, 70, 71]
[00:00:00:04:976] ! Unidirectional s-t. expansions: 1,809, time: 4,976 [ms], path length: 23 [edges], generated: 2,709
[00:00:00:08:033] Path of length 23 found: [71, 70, 61, 52, 43, 42, 41, 40, 39, 48, 57, 56, 55, 46, 45, 36, 27, 28, 29, 20, 11, 10, 1, 0]
[00:00:00:08:033] ! Unidirectional t-s. expansions: 2,231, time: 8,033 [ms], path length: 23 [edges], generated: 3,767
[00:00:00:00:116] New longest path found with length 21 at expansion 10
[00:00:00:02:439] New longest path found with length 23 at expansion 246
[00:00:00:42:318] Path of length 23 found: [0, 1, 10, 11, 20, 29, 28, 27, 36, 45, 54, 55, 56, 57, 48, 39, 40, 41, 42, 43, 52, 61, 70, 71]
[00:00:00:42:814] ! Bidirectional. expansions: 4,491, time: 42,318 [ms], path length: 23 [edges], g_F: 12, g_B: 11, generated: {'F': 7,714, 'B': 7,823}, MM: 1, MMPER: 3.166666666666667%
[00:00:00:42:814] 
---------- SM_Grids/8x9_grid_with_random_blocks_20per_8 ----------
[00:00:00:03:112] Path of length 25 found: [0, 1, 10, 19, 20, 21, 30, 31, 32, 23, 24, 25, 34, 43, 42, 51, 50, 49, 48, 57, 66, 67, 68, 69, 70, 71]
[00:00:00:03:112] ! Unidirectional s-t. expansions: 647, time: 3,112 [ms], path length: 25 [edges], generated: 1,327
[00:00:00:02:659] Path of length 25 found: [71, 70, 61, 60, 59, 68, 67, 66, 57, 48, 49, 40, 41, 42, 43, 34, 25, 24, 23, 22, 13, 12, 11, 2, 1, 0]
[00:00:00:02:660] ! Unidirectional t-s. expansions: 697, time: 2,659 [ms], path length: 25 [edges], generated: 1,210
[00:00:00:00:121] New longest path found with length 15 at expansion 7
[00:00:00:00:342] New longest path found with length 17 at expansion 26
[00:00:00:00:664] New longest path found with length 19 at expansion 56
[00:00:00:00:834] New longest path found with length 23 at expansion 74
[00:00:00:00:864] New longest path found with length 25 at expansion 77
[00:00:00:21:141] Path of length 25 found: [0, 1, 10, 19, 20, 21, 22, 23, 24, 25, 34, 43, 42, 41, 40, 49, 48, 57, 66, 67, 68, 59, 60, 61, 70, 71]
[00:00:00:21:607] ! Bidirectional. expansions: 1,893, time: 21,141 [ms], path length: 25 [edges], g_F: 13, g_B: 12, generated: {'F': 3,938, 'B': 3,855}, MM: 1, MMPER: 2.8461538461538463%
[00:00:00:21:607] 
---------- SM_Grids/8x9_grid_with_random_blocks_20per_9 ----------
[00:00:00:00:822] Path of length 31 found: [0, 1, 2, 3, 4, 5, 14, 23, 22, 31, 30, 29, 38, 37, 46, 55, 56, 57, 48, 49, 50, 41, 42, 33, 34, 35, 44, 53, 52, 61, 70, 71]
[00:00:00:00:822] ! Unidirectional s-t. expansions: 201, time: 822 [ms], path length: 31 [edges], generated: 374
[00:00:00:01:909] Path of length 31 found: [71, 70, 61, 52, 53, 44, 35, 34, 33, 42, 41, 50, 49, 48, 57, 56, 55, 46, 37, 38, 29, 30, 31, 22, 23, 14, 5, 4, 3, 2, 1, 0]
[00:00:00:01:909] ! Unidirectional t-s. expansions: 537, time: 1,909 [ms], path length: 31 [edges], generated: 915
[00:00:00:00:080] New longest path found with length 15 at expansion 7
[00:00:00:00:497] New longest path found with length 27 at expansion 49
[00:00:00:00:857] New longest path found with length 29 at expansion 84
[00:00:00:08:567] New longest path found with length 31 at expansion 822
[00:00:00:10:634] Path of length 31 found: [0, 1, 2, 3, 4, 5, 14, 23, 22, 31, 30, 29, 38, 37, 46, 55, 56, 57, 48, 49, 50, 41, 42, 33, 34, 35, 44, 53, 52, 61, 70, 71]
[00:00:00:11:098] ! Bidirectional. expansions: 1,009, time: 10,634 [ms], path length: 31 [edges], g_F: 16, g_B: 15, generated: {'F': 1,892, 'B': 2,014}, MM: 1, MMPER: 2.125%

[00:00:00:11:098] average expansions: (823, 1,642, 2,484, 0)
[00:00:00:11:098] average time: (2,639, 4,139, 23,323, 0)
[00:00:00:11:098] X-DFBnB: 823 , 2,639 (expansions , time[ms])
[00:00:00:11:098] BiX-DFBnB: 2,484 , 23,323 (expansions , time[ms])

