Thu 12 Mar 2026 17:42:00 IST

SLURM_JOBID:		 15627566
SLURM_JOB_NODELIST:	 ise-cpu256-26 

--------------------------
date: SM_Grids
number_of_graphs: 10
graph_type: grid
size_of_graphs: [8, 9]
heuristic: bcc_heuristic
snake: True
run_uni: True
run_bi: True
run_multi: False
solution_vertices: []
algorithms: ['DFBnB']
bsd: False
cube_first_dims: 4
cube_buffer_dim: None
backward_sym_generation: False
sym_coil: False
prefix_set: None

---------- SM_Grids/8x9_grid_with_random_blocks_16per_0 ----------
[00:00:00:03:333] Path of length 39 found: [0, 9, 10, 19, 28, 27, 36, 45, 54, 63, 64, 65, 56, 47, 38, 39, 30, 21, 12, 3, 4, 5, 6, 15, 16, 25, 34, 33, 32, 41, 50, 49, 58, 67, 68, 69, 60, 61, 62, 71]
[00:00:00:03:333] ! Unidirectional s-t. expansions: 791, time: 3,333 [ms], path length: 39 [edges], generated: 1,389
[00:00:00:08:319] Path of length 39 found: [71, 62, 61, 60, 69, 68, 67, 58, 49, 50, 41, 42, 33, 24, 25, 16, 7, 6, 5, 4, 3, 12, 21, 30, 39, 38, 47, 56, 65, 64, 63, 54, 45, 36, 27, 28, 19, 10, 1, 0]
[00:00:00:08:320] ! Unidirectional t-s. expansions: 2,651, time: 8,319 [ms], path length: 39 [edges], generated: 3,765
[00:00:00:00:185] New longest path found with length 33 at expansion 17
[00:00:00:00:278] New longest path found with length 35 at expansion 26
[00:00:00:16:156] New longest path found with length 37 at expansion 1,652
[00:00:00:26:797] New longest path found with length 39 at expansion 2,752
[00:00:04:11:357] Path of length 39 found: [0, 9, 10, 19, 28, 27, 36, 45, 54, 63, 64, 65, 56, 47, 38, 39, 30, 21, 12, 3, 4, 5, 6, 7, 16, 25, 24, 33, 42, 41, 50, 49, 58, 67, 68, 69, 60, 61, 62, 71]
[00:00:04:11:852] ! Bidirectional. expansions: 24,752, time: 251,357 [ms], path length: 39 [edges], g_F: 20, g_B: 19, generated: {'F': 44,110, 'B': 41,819}, MM: 1, MMPER: 1.5%
[00:00:04:11:852] 
---------- SM_Grids/8x9_grid_with_random_blocks_16per_1 ----------
[00:00:00:37:614] Path of length 29 found: [0, 1, 10, 19, 28, 29, 38, 47, 56, 57, 58, 49, 40, 41, 32, 23, 14, 15, 16, 17, 26, 35, 34, 43, 52, 51, 60, 69, 70, 71]
[00:00:00:37:614] ! Unidirectional s-t. expansions: 10,101, time: 37,614 [ms], path length: 29 [edges], generated: 18,535
[00:00:00:28:970] Path of length 29 found: [71, 70, 69, 60, 51, 52, 53, 44, 35, 26, 17, 16, 15, 24, 23, 22, 31, 40, 49, 58, 57, 56, 47, 38, 29, 28, 27, 18, 9, 0]
[00:00:00:28:970] ! Unidirectional t-s. expansions: 9,499, time: 28,970 [ms], path length: 29 [edges], generated: 16,638
[00:00:00:01:289] New longest path found with length 15 at expansion 197
[00:00:00:01:316] New longest path found with length 17 at expansion 199
[00:00:00:01:723] New longest path found with length 27 at expansion 236
[00:00:00:01:880] New longest path found with length 29 at expansion 253
[00:00:13:44:936] Path of length 29 found: [0, 1, 10, 19, 28, 29, 38, 47, 56, 57, 58, 49, 40, 41, 32, 23, 14, 15, 16, 17, 26, 35, 34, 43, 52, 51, 60, 69, 70, 71]
[00:00:13:45:369] ! Bidirectional. expansions: 85,096, time: 824,937 [ms], path length: 29 [edges], g_F: 15, g_B: 14, generated: {'F': 152,652, 'B': 160,403}, MM: 1, MMPER: 2.3333333333333335%
[00:00:13:45:369] 
---------- SM_Grids/8x9_grid_with_random_blocks_16per_2 ----------
[00:00:00:05:556] Path of length 39 found: [0, 9, 10, 11, 2, 3, 4, 13, 14, 15, 16, 17, 26, 35, 44, 43, 42, 33, 32, 31, 40, 39, 38, 29, 28, 27, 36, 45, 46, 55, 64, 65, 66, 57, 58, 59, 68, 69, 70, 71]
[00:00:00:05:556] ! Unidirectional s-t. expansions: 1,442, time: 5,556 [ms], path length: 39 [edges], generated: 2,484
[00:00:00:01:501] Path of length 39 found: [71, 70, 69, 68, 59, 58, 57, 66, 65, 64, 55, 46, 45, 36, 27, 28, 29, 38, 39, 40, 31, 32, 33, 42, 43, 44, 35, 26, 17, 16, 15, 14, 5, 4, 3, 2, 11, 10, 9, 0]
[00:00:00:01:502] ! Unidirectional t-s. expansions: 348, time: 1,501 [ms], path length: 39 [edges], generated: 606
[00:00:00:00:901] New longest path found with length 35 at expansion 113
[00:00:00:15:389] New longest path found with length 37 at expansion 1,604
[00:00:00:15:894] New longest path found with length 39 at expansion 1,660
[00:00:00:46:877] Path of length 39 found: [0, 9, 10, 11, 2, 3, 4, 13, 14, 15, 16, 17, 26, 35, 44, 43, 42, 33, 32, 31, 40, 39, 38, 29, 28, 27, 36, 45, 46, 55, 64, 65, 66, 57, 58, 59, 68, 69, 70, 71]
[00:00:00:47:310] ! Bidirectional. expansions: 4,762, time: 46,877 [ms], path length: 39 [edges], g_F: 20, g_B: 19, generated: {'F': 8,573, 'B': 8,518}, MM: 1, MMPER: 1.5%
[00:00:00:47:310] 
---------- SM_Grids/8x9_grid_with_random_blocks_16per_3 ----------
[00:00:00:01:988] Path of length 37 found: [0, 1, 2, 3, 4, 5, 14, 23, 24, 25, 34, 35, 44, 53, 52, 51, 42, 41, 40, 31, 30, 21, 20, 19, 28, 37, 46, 55, 64, 65, 66, 57, 58, 59, 68, 69, 70, 71]
[00:00:00:01:989] ! Unidirectional s-t. expansions: 595, time: 1,988 [ms], path length: 37 [edges], generated: 1,046
[00:00:00:02:354] Path of length 37 found: [71, 70, 69, 68, 59, 58, 57, 66, 65, 64, 55, 46, 37, 28, 19, 20, 21, 30, 39, 40, 41, 42, 51, 52, 53, 44, 35, 26, 25, 24, 23, 14, 5, 4, 3, 2, 1, 0]
[00:00:00:02:354] ! Unidirectional t-s. expansions: 508, time: 2,354 [ms], path length: 37 [edges], generated: 931
[00:00:00:00:079] New longest path found with length 15 at expansion 7
[00:00:00:00:196] New longest path found with length 31 at expansion 18
[00:00:01:02:656] New longest path found with length 33 at expansion 6,284
[00:00:01:02:741] New longest path found with length 35 at expansion 6,293
[00:00:01:09:261] New longest path found with length 37 at expansion 6,952
[00:00:01:18:885] Path of length 37 found: [0, 1, 2, 3, 4, 5, 14, 23, 24, 25, 34, 35, 44, 53, 52, 51, 42, 41, 40, 39, 30, 21, 20, 19, 28, 37, 46, 55, 64, 65, 66, 57, 58, 59, 68, 69, 70, 71]
[00:00:01:19:329] ! Bidirectional. expansions: 7,859, time: 78,885 [ms], path length: 37 [edges], g_F: 19, g_B: 18, generated: {'F': 15,516, 'B': 14,247}, MM: 1, MMPER: 1.6315789473684212%
[00:00:01:19:330] 
---------- SM_Grids/8x9_grid_with_random_blocks_16per_4 ----------
[00:00:00:04:784] Path of length 33 found: [0, 1, 10, 19, 18, 27, 36, 37, 38, 47, 48, 49, 40, 31, 30, 21, 12, 3, 4, 5, 6, 7, 16, 25, 34, 35, 44, 53, 52, 51, 60, 69, 70, 71]
[00:00:00:04:784] ! Unidirectional s-t. expansions: 1,179, time: 4,784 [ms], path length: 33 [edges], generated: 2,065
[00:00:00:16:647] Path of length 33 found: [71, 70, 69, 60, 51, 52, 53, 44, 35, 34, 25, 16, 7, 6, 5, 4, 3, 12, 21, 30, 31, 40, 49, 48, 47, 38, 37, 36, 27, 18, 19, 10, 1, 0]
[00:00:00:16:647] ! Unidirectional t-s. expansions: 4,718, time: 16,647 [ms], path length: 33 [edges], generated: 7,805
[00:00:00:00:131] New longest path found with length 25 at expansion 12
[00:00:00:00:244] New longest path found with length 29 at expansion 26
[00:00:00:04:451] New longest path found with length 31 at expansion 503
[00:00:02:37:111] New longest path found with length 33 at expansion 18,528
[00:00:05:36:234] Path of length 33 found: [0, 1, 10, 19, 18, 27, 36, 37, 38, 47, 48, 49, 40, 31, 30, 21, 12, 3, 4, 5, 6, 7, 16, 25, 34, 35, 44, 53, 52, 51, 60, 69, 70, 71]
[00:00:05:36:694] ! Bidirectional. expansions: 38,208, time: 336,234 [ms], path length: 33 [edges], g_F: 17, g_B: 16, generated: {'F': 62,819, 'B': 59,991}, MM: 1, MMPER: 1.9411764705882355%
[00:00:05:36:694] 
---------- SM_Grids/8x9_grid_with_random_blocks_16per_5 ----------
[00:00:00:03:011] Path of length 31 found: [0, 9, 18, 19, 28, 37, 38, 39, 30, 21, 22, 23, 24, 15, 6, 7, 8, 17, 26, 35, 34, 43, 42, 41, 50, 49, 58, 67, 68, 69, 70, 71]
[00:00:00:03:011] ! Unidirectional s-t. expansions: 844, time: 3,011 [ms], path length: 31 [edges], generated: 1,324
[00:00:00:02:418] Path of length 31 found: [71, 70, 69, 60, 59, 58, 57, 48, 39, 40, 41, 42, 43, 34, 35, 26, 17, 8, 7, 6, 15, 24, 23, 22, 13, 12, 11, 20, 19, 18, 9, 0]
[00:00:00:02:418] ! Unidirectional t-s. expansions: 669, time: 2,418 [ms], path length: 31 [edges], generated: 1,127
[00:00:00:00:111] New longest path found with length 19 at expansion 9
[00:00:00:00:430] New longest path found with length 21 at expansion 43
[00:00:00:00:484] New longest path found with length 27 at expansion 49
[00:00:00:01:860] New longest path found with length 29 at expansion 186
[00:00:00:04:675] New longest path found with length 31 at expansion 457
[00:00:00:26:291] Path of length 31 found: [0, 9, 18, 19, 20, 11, 12, 13, 22, 23, 24, 15, 6, 7, 8, 17, 26, 35, 34, 43, 42, 41, 40, 39, 48, 57, 58, 59, 60, 69, 70, 71]
[00:00:00:26:749] ! Bidirectional. expansions: 2,601, time: 26,291 [ms], path length: 31 [edges], g_F: 16, g_B: 15, generated: {'F': 5,141, 'B': 4,488}, MM: 1, MMPER: 2.125%
[00:00:00:26:749] 
---------- SM_Grids/8x9_grid_with_random_blocks_16per_6 ----------
[00:00:00:04:353] Path of length 25 found: [0, 1, 2, 11, 20, 19, 18, 27, 36, 37, 46, 55, 64, 65, 66, 57, 58, 49, 40, 41, 42, 51, 60, 61, 62, 71]
[00:00:00:04:353] ! Unidirectional s-t. expansions: 912, time: 4,353 [ms], path length: 25 [edges], generated: 1,875
[00:00:00:02:207] Path of length 25 found: [71, 62, 53, 52, 51, 42, 41, 40, 49, 58, 67, 66, 65, 56, 47, 46, 37, 36, 27, 18, 19, 20, 11, 2, 1, 0]
[00:00:00:02:207] ! Unidirectional t-s. expansions: 602, time: 2,207 [ms], path length: 25 [edges], generated: 984
[00:00:00:00:124] New longest path found with length 25 at expansion 12
[00:00:00:30:570] Path of length 25 found: [0, 1, 2, 11, 20, 19, 18, 27, 36, 45, 54, 63, 64, 65, 66, 67, 58, 49, 40, 41, 42, 51, 52, 53, 62, 71]
[00:00:00:31:010] ! Bidirectional. expansions: 3,159, time: 30,570 [ms], path length: 25 [edges], g_F: 13, g_B: 12, generated: {'F': 5,579, 'B': 5,443}, MM: 1, MMPER: 2.8461538461538463%
[00:00:00:31:010] 
---------- SM_Grids/8x9_grid_with_random_blocks_16per_7 ----------
[00:00:00:03:217] Path of length 37 found: [0, 1, 10, 19, 18, 27, 36, 45, 46, 47, 56, 57, 58, 67, 68, 69, 60, 51, 50, 41, 32, 31, 22, 21, 12, 3, 4, 5, 14, 15, 24, 25, 34, 43, 44, 53, 62, 71]
[00:00:00:03:218] ! Unidirectional s-t. expansions: 1,019, time: 3,217 [ms], path length: 37 [edges], generated: 1,692
[00:00:00:02:820] Path of length 37 found: [71, 62, 53, 44, 43, 34, 25, 24, 15, 6, 5, 4, 3, 12, 21, 30, 31, 32, 41, 50, 51, 60, 69, 68, 67, 58, 57, 48, 47, 38, 37, 36, 27, 18, 19, 10, 1, 0]
[00:00:00:02:821] ! Unidirectional t-s. expansions: 665, time: 2,820 [ms], path length: 37 [edges], generated: 1,177
[00:00:00:00:144] New longest path found with length 27 at expansion 13
[00:00:00:00:276] New longest path found with length 33 at expansion 29
[00:00:00:31:530] New longest path found with length 35 at expansion 3,214
[00:00:01:22:369] New longest path found with length 37 at expansion 8,372
[00:00:01:31:392] Path of length 37 found: [0, 1, 10, 19, 18, 27, 36, 45, 46, 47, 56, 57, 58, 67, 68, 69, 60, 51, 50, 41, 32, 31, 30, 21, 12, 3, 4, 5, 6, 15, 24, 25, 34, 43, 44, 53, 62, 71]
[00:00:01:31:824] ! Bidirectional. expansions: 9,309, time: 91,392 [ms], path length: 37 [edges], g_F: 19, g_B: 18, generated: {'F': 16,968, 'B': 16,614}, MM: 1, MMPER: 1.6315789473684212%
[00:00:01:31:824] 
---------- SM_Grids/8x9_grid_with_random_blocks_16per_8 ----------
[00:00:00:04:831] Path of length 35 found: [0, 9, 18, 27, 36, 45, 54, 63, 64, 65, 66, 67, 68, 59, 50, 49, 48, 39, 38, 29, 20, 11, 12, 13, 22, 23, 24, 25, 26, 35, 44, 43, 52, 61, 62, 71]
[00:00:00:04:831] ! Unidirectional s-t. expansions: 1,325, time: 4,831 [ms], path length: 35 [edges], generated: 2,195
[00:00:00:09:254] Path of length 35 found: [71, 62, 61, 52, 43, 44, 35, 26, 25, 24, 23, 22, 13, 12, 11, 20, 29, 38, 39, 48, 49, 50, 59, 68, 67, 66, 65, 56, 55, 54, 45, 36, 27, 18, 9, 0]
[00:00:00:09:254] ! Unidirectional t-s. expansions: 3,804, time: 9,254 [ms], path length: 35 [edges], generated: 5,327
[00:00:00:00:344] New longest path found with length 27 at expansion 39
[00:00:00:00:536] New longest path found with length 31 at expansion 59
[00:00:00:01:891] New longest path found with length 33 at expansion 195
[00:00:00:03:196] New longest path found with length 35 at expansion 325
[00:00:02:03:567] Path of length 35 found: [0, 9, 18, 27, 36, 45, 54, 63, 64, 65, 66, 67, 68, 59, 50, 49, 48, 39, 38, 29, 20, 11, 12, 13, 22, 23, 24, 25, 26, 35, 44, 43, 52, 61, 62, 71]
[00:00:02:03:996] ! Bidirectional. expansions: 12,616, time: 123,567 [ms], path length: 35 [edges], g_F: 18, g_B: 17, generated: {'F': 21,597, 'B': 24,696}, MM: 1, MMPER: 1.7777777777777777%
[00:00:02:03:996] 
---------- SM_Grids/8x9_grid_with_random_blocks_16per_9 ----------
[00:00:00:07:817] Path of length 35 found: [0, 1, 10, 19, 18, 27, 36, 45, 46, 47, 48, 57, 58, 59, 50, 41, 40, 31, 22, 21, 12, 3, 4, 5, 14, 15, 24, 33, 34, 35, 44, 53, 52, 61, 70, 71]
[00:00:00:07:817] ! Unidirectional s-t. expansions: 2,662, time: 7,817 [ms], path length: 35 [edges], generated: 3,847
[00:00:00:07:675] Path of length 35 found: [71, 62, 61, 52, 43, 44, 35, 26, 25, 24, 15, 6, 5, 4, 3, 12, 21, 22, 31, 32, 41, 50, 59, 58, 57, 48, 39, 38, 37, 36, 27, 18, 19, 10, 1, 0]
[00:00:00:07:675] ! Unidirectional t-s. expansions: 2,152, time: 7,675 [ms], path length: 35 [edges], generated: 3,672
[00:00:00:00:135] New longest path found with length 23 at expansion 12
[00:00:00:00:484] New longest path found with length 25 at expansion 52
[00:00:00:00:593] New longest path found with length 29 at expansion 65
[00:00:00:00:719] New longest path found with length 33 at expansion 80
[00:00:01:44:719] New longest path found with length 35 at expansion 12,037
[00:00:04:18:027] Path of length 35 found: [0, 1, 10, 19, 18, 27, 36, 45, 46, 47, 48, 57, 58, 59, 50, 41, 40, 31, 22, 21, 12, 3, 4, 5, 6, 15, 24, 25, 26, 35, 44, 43, 52, 61, 62, 71]
[00:00:04:18:469] ! Bidirectional. expansions: 28,281, time: 258,027 [ms], path length: 35 [edges], g_F: 18, g_B: 17, generated: {'F': 52,565, 'B': 44,599}, MM: 1, MMPER: 1.7777777777777777%

[00:00:04:18:469] average expansions: (2,087, 2,562, 21,664, 0)
[00:00:04:18:469] average time: (7,650, 8,216, 206,814, 0)
[00:00:04:18:469] X-DFBnB: 2,087 , 7,650 (expansions , time[ms])
[00:00:04:18:469] BiX-DFBnB: 21,664 , 206,814 (expansions , time[ms])

