Thu 12 Mar 2026 16:04:39 IST

SLURM_JOBID:		 15618417
SLURM_JOB_NODELIST:	 ise-cpu256-30 

--------------------------
date: SM_Grids
number_of_graphs: 10
graph_type: grid
size_of_graphs: [8, 8]
heuristic: bcc_heuristic
snake: True
run_uni: True
run_bi: True
run_multi: False
solution_vertices: []
algorithms: ['full', 'DFBnB']
bsd: False
cube_first_dims: 4
cube_buffer_dim: None
backward_sym_generation: False
sym_coil: False
prefix_set: None

---------- SM_Grids/8x8_grid_with_random_blocks_8per_0 ----------
[00:00:00:08:211] Path of length 36 found: [0, 8, 9, 10, 2, 3, 4, 5, 6, 7, 15, 23, 22, 21, 20, 19, 27, 26, 25, 24, 32, 40, 41, 49, 57, 58, 59, 51, 43, 44, 36, 37, 38, 39, 47, 55, 63]
[00:00:00:08:212] ! Unidirectional s-t. expansions: 4,826, time: 8,211 [ms], path length: 36 [edges], generated: 8,197
[00:00:00:13:399] Path of length 36 found: [63, 55, 47, 39, 38, 37, 45, 53, 61, 60, 59, 58, 57, 49, 41, 42, 43, 35, 27, 28, 20, 21, 22, 23, 15, 7, 6, 5, 4, 3, 2, 10, 18, 17, 16, 8, 0]
[00:00:00:13:400] ! Unidirectional t-s. expansions: 6,631, time: 13,399 [ms], path length: 36 [edges], generated: 11,199
[00:00:00:16:638] Path of length 36 found: [0, 8, 9, 10, 2, 3, 4, 5, 6, 7, 15, 23, 22, 21, 20, 19, 27, 26, 25, 24, 32, 40, 41, 49, 57, 58, 59, 60, 61, 53, 45, 37, 38, 39, 47, 55, 63]
[00:00:00:17:099] ! Bidirectional. expansions: 6,303, time: 16,638 [ms], path length: 36 [edges], g_F: 17, g_B: 19, generated: 11,570, MM: 2, MMPER: 4.405405405405405%
[00:00:00:17:099] 
---------- SM_Grids/8x8_grid_with_random_blocks_8per_1 ----------
[00:00:00:10:559] Path of length 36 found: [0, 1, 2, 3, 11, 12, 13, 5, 6, 7, 15, 23, 22, 30, 29, 28, 36, 35, 34, 26, 18, 17, 16, 24, 32, 40, 48, 49, 50, 51, 59, 60, 61, 53, 54, 55, 63]
[00:00:00:10:560] ! Unidirectional s-t. expansions: 5,032, time: 10,559 [ms], path length: 36 [edges], generated: 8,544
[00:00:00:10:441] Path of length 36 found: [63, 55, 54, 53, 61, 60, 59, 51, 50, 49, 41, 40, 32, 24, 16, 17, 18, 26, 34, 35, 36, 37, 38, 30, 31, 23, 15, 7, 6, 5, 13, 12, 11, 3, 2, 1, 0]
[00:00:00:10:441] ! Unidirectional t-s. expansions: 4,407, time: 10,441 [ms], path length: 36 [edges], generated: 7,940
[00:00:00:18:695] Path of length 36 found: [0, 1, 2, 3, 11, 12, 13, 5, 6, 7, 15, 23, 22, 30, 29, 28, 36, 35, 34, 26, 18, 17, 16, 24, 32, 40, 41, 49, 50, 51, 59, 60, 61, 53, 54, 55, 63]
[00:00:00:19:135] ! Bidirectional. expansions: 7,230, time: 18,695 [ms], path length: 36 [edges], g_F: 20, g_B: 16, generated: 12,904, MM: 4, MMPER: 9.81081081081081%
[00:00:00:19:135] 
---------- SM_Grids/8x8_grid_with_random_blocks_8per_2 ----------
[00:00:00:07:292] Path of length 36 found: [0, 1, 2, 3, 11, 12, 13, 5, 6, 7, 15, 23, 22, 30, 29, 37, 36, 35, 27, 26, 18, 17, 16, 24, 32, 40, 48, 56, 57, 58, 50, 51, 52, 53, 54, 62, 63]
[00:00:00:07:293] ! Unidirectional s-t. expansions: 3,564, time: 7,292 [ms], path length: 36 [edges], generated: 5,854
[00:00:00:06:559] Path of length 36 found: [63, 55, 54, 53, 52, 60, 59, 58, 57, 56, 48, 40, 32, 24, 16, 17, 18, 26, 34, 35, 36, 37, 38, 30, 31, 23, 15, 7, 6, 5, 13, 12, 11, 3, 2, 1, 0]
[00:00:00:06:560] ! Unidirectional t-s. expansions: 3,682, time: 6,560 [ms], path length: 36 [edges], generated: 5,929
[00:00:00:10:266] Path of length 36 found: [0, 1, 2, 3, 11, 12, 13, 5, 6, 7, 15, 23, 22, 30, 29, 37, 36, 35, 27, 26, 18, 17, 16, 24, 32, 40, 48, 56, 57, 58, 59, 60, 52, 53, 54, 55, 63]
[00:00:00:10:696] ! Bidirectional. expansions: 3,862, time: 10,266 [ms], path length: 36 [edges], g_F: 18, g_B: 18, generated: 6,768, MM: 0, MMPER: -1.0%
[00:00:00:10:696] 
---------- SM_Grids/8x8_grid_with_random_blocks_8per_3 ----------
[00:00:00:03:781] Path of length 38 found: [0, 8, 16, 17, 18, 10, 2, 3, 4, 5, 6, 7, 15, 23, 31, 39, 47, 46, 45, 37, 29, 28, 27, 35, 34, 33, 32, 40, 48, 56, 57, 58, 50, 51, 52, 60, 61, 62, 63]
[00:00:00:03:782] ! Unidirectional s-t. expansions: 1,658, time: 3,782 [ms], path length: 38 [edges], generated: 2,787
[00:00:00:04:963] Path of length 38 found: [63, 62, 61, 60, 52, 51, 50, 58, 57, 56, 48, 40, 32, 33, 34, 35, 27, 28, 29, 37, 45, 46, 47, 39, 31, 23, 15, 7, 6, 5, 4, 3, 2, 10, 18, 17, 16, 8, 0]
[00:00:00:04:964] ! Unidirectional t-s. expansions: 2,001, time: 4,964 [ms], path length: 38 [edges], generated: 3,337
[00:00:00:08:173] Path of length 38 found: [63, 62, 61, 60, 52, 51, 50, 58, 57, 56, 48, 40, 32, 33, 34, 35, 27, 28, 29, 37, 45, 46, 47, 39, 31, 23, 15, 7, 6, 5, 4, 3, 2, 10, 18, 17, 16, 8, 0]
[00:00:00:08:609] ! Bidirectional. expansions: 3,035, time: 8,174 [ms], path length: 38 [edges], g_F: 18, g_B: 20, generated: 5,186, MM: 2, MMPER: 4.128205128205129%
[00:00:00:08:610] 
---------- SM_Grids/8x8_grid_with_random_blocks_8per_4 ----------
[00:00:00:03:175] Path of length 36 found: [0, 8, 16, 24, 25, 33, 41, 40, 48, 56, 57, 58, 59, 60, 52, 44, 43, 35, 27, 19, 18, 10, 2, 3, 4, 12, 13, 14, 22, 30, 31, 39, 47, 46, 54, 62, 63]
[00:00:00:03:176] ! Unidirectional s-t. expansions: 1,157, time: 3,176 [ms], path length: 36 [edges], generated: 2,061
[00:00:00:02:622] Path of length 36 found: [63, 62, 54, 46, 47, 39, 31, 30, 22, 14, 13, 12, 4, 3, 2, 10, 18, 19, 27, 28, 36, 44, 52, 51, 59, 58, 57, 56, 48, 40, 41, 33, 25, 24, 16, 8, 0]
[00:00:00:02:623] ! Unidirectional t-s. expansions: 956, time: 2,623 [ms], path length: 36 [edges], generated: 1,784
[00:00:00:05:695] Path of length 36 found: [0, 8, 16, 24, 25, 33, 41, 40, 48, 56, 57, 58, 59, 60, 52, 44, 43, 35, 27, 19, 18, 10, 2, 3, 4, 12, 13, 21, 22, 30, 31, 39, 47, 46, 54, 62, 63]
[00:00:00:06:154] ! Bidirectional. expansions: 1,887, time: 5,695 [ms], path length: 36 [edges], g_F: 17, g_B: 19, generated: 3,472, MM: 2, MMPER: 4.405405405405405%
[00:00:00:06:154] 
---------- SM_Grids/8x8_grid_with_random_blocks_8per_5 ----------
[00:00:00:03:862] Path of length 38 found: [0, 1, 2, 3, 11, 12, 13, 5, 6, 7, 15, 23, 31, 39, 38, 37, 29, 28, 27, 26, 18, 17, 16, 24, 32, 40, 48, 56, 57, 58, 50, 42, 43, 44, 52, 53, 54, 55, 63]
[00:00:00:03:863] ! Unidirectional s-t. expansions: 1,505, time: 3,863 [ms], path length: 38 [edges], generated: 2,697
[00:00:00:03:071] Path of length 38 found: [63, 55, 54, 53, 61, 60, 59, 58, 57, 56, 48, 40, 32, 24, 16, 17, 18, 26, 34, 42, 43, 44, 36, 37, 38, 30, 31, 23, 15, 7, 6, 5, 13, 12, 11, 3, 2, 1, 0]
[00:00:00:03:072] ! Unidirectional t-s. expansions: 1,221, time: 3,071 [ms], path length: 38 [edges], generated: 2,112
[00:00:00:06:523] Path of length 38 found: [63, 55, 54, 53, 61, 60, 59, 58, 57, 56, 48, 40, 32, 24, 16, 17, 18, 26, 34, 42, 43, 44, 36, 37, 38, 30, 22, 23, 15, 7, 6, 5, 13, 12, 11, 3, 2, 1, 0]
[00:00:00:07:008] ! Bidirectional. expansions: 2,229, time: 6,523 [ms], path length: 38 [edges], g_F: 21, g_B: 17, generated: 4,001, MM: 4, MMPER: 9.256410256410257%
[00:00:00:07:009] 
---------- SM_Grids/8x8_grid_with_random_blocks_8per_6 ----------
[00:00:00:17:465] Path of length 36 found: [0, 8, 9, 10, 2, 3, 4, 5, 6, 14, 15, 23, 31, 39, 38, 37, 29, 21, 20, 19, 27, 26, 25, 24, 32, 40, 48, 49, 50, 42, 43, 44, 52, 53, 61, 62, 63]
[00:00:00:17:466] ! Unidirectional s-t. expansions: 6,862, time: 17,465 [ms], path length: 36 [edges], generated: 12,965
[00:00:00:12:195] Path of length 36 found: [63, 62, 61, 53, 52, 44, 43, 42, 50, 49, 48, 40, 32, 24, 25, 26, 27, 19, 20, 21, 29, 37, 38, 39, 31, 23, 15, 14, 6, 5, 4, 3, 2, 10, 9, 8, 0]
[00:00:00:12:195] ! Unidirectional t-s. expansions: 4,782, time: 12,195 [ms], path length: 36 [edges], generated: 9,472
[00:00:00:27:476] Path of length 36 found: [63, 62, 61, 53, 52, 44, 43, 42, 50, 49, 48, 40, 32, 24, 25, 26, 27, 19, 20, 21, 29, 37, 38, 39, 31, 23, 15, 14, 6, 5, 4, 3, 2, 10, 9, 8, 0]
[00:00:00:27:924] ! Bidirectional. expansions: 9,564, time: 27,476 [ms], path length: 36 [edges], g_F: 16, g_B: 20, generated: 18,683, MM: 4, MMPER: 9.81081081081081%
[00:00:00:27:925] 
---------- SM_Grids/8x8_grid_with_random_blocks_8per_7 ----------
[00:00:00:05:059] Path of length 38 found: [0, 8, 16, 17, 18, 10, 2, 3, 4, 5, 6, 14, 22, 23, 31, 39, 47, 46, 45, 37, 29, 28, 27, 35, 34, 33, 32, 40, 48, 56, 57, 58, 50, 51, 52, 60, 61, 62, 63]
[00:00:00:05:059] ! Unidirectional s-t. expansions: 2,002, time: 5,059 [ms], path length: 38 [edges], generated: 3,594
[00:00:00:04:725] Path of length 38 found: [63, 62, 61, 60, 52, 51, 50, 58, 57, 56, 48, 40, 41, 33, 34, 35, 27, 28, 29, 37, 45, 46, 47, 39, 31, 23, 22, 14, 6, 5, 4, 3, 2, 10, 18, 17, 16, 8, 0]
[00:00:00:04:726] ! Unidirectional t-s. expansions: 1,786, time: 4,725 [ms], path length: 38 [edges], generated: 3,021
[00:00:00:09:606] Path of length 38 found: [0, 8, 16, 17, 18, 10, 2, 3, 4, 5, 6, 14, 22, 23, 31, 39, 47, 46, 45, 37, 29, 28, 27, 35, 34, 33, 41, 40, 48, 56, 57, 58, 50, 51, 52, 60, 61, 62, 63]
[00:00:00:10:035] ! Bidirectional. expansions: 3,363, time: 9,606 [ms], path length: 38 [edges], g_F: 18, g_B: 20, generated: 5,957, MM: 2, MMPER: 4.128205128205129%
[00:00:00:10:035] 
---------- SM_Grids/8x8_grid_with_random_blocks_8per_8 ----------
[00:00:00:02:607] Path of length 38 found: [0, 1, 2, 3, 11, 19, 18, 17, 16, 24, 32, 33, 41, 49, 57, 58, 59, 51, 43, 35, 36, 28, 29, 21, 13, 5, 6, 7, 15, 23, 31, 39, 38, 46, 45, 53, 61, 62, 63]
[00:00:00:02:608] ! Unidirectional s-t. expansions: 1,014, time: 2,607 [ms], path length: 38 [edges], generated: 1,899
[00:00:00:05:619] Path of length 38 found: [63, 62, 61, 53, 45, 46, 38, 39, 31, 23, 15, 7, 6, 5, 13, 21, 29, 28, 36, 35, 43, 51, 59, 58, 57, 49, 41, 33, 32, 24, 16, 17, 18, 19, 11, 3, 2, 1, 0]
[00:00:00:05:620] ! Unidirectional t-s. expansions: 2,311, time: 5,619 [ms], path length: 38 [edges], generated: 4,143
[00:00:00:07:571] Path of length 38 found: [63, 62, 61, 53, 45, 46, 47, 39, 31, 23, 15, 7, 6, 5, 13, 21, 29, 28, 36, 35, 43, 51, 59, 58, 57, 49, 41, 33, 32, 24, 16, 17, 18, 19, 11, 3, 2, 1, 0]
[00:00:00:07:995] ! Bidirectional. expansions: 2,594, time: 7,571 [ms], path length: 38 [edges], g_F: 21, g_B: 17, generated: 4,915, MM: 4, MMPER: 9.256410256410257%
[00:00:00:07:995] 
---------- SM_Grids/8x8_grid_with_random_blocks_8per_9 ----------
[00:00:00:08:204] Path of length 36 found: [0, 8, 16, 24, 32, 40, 48, 56, 57, 58, 50, 42, 34, 35, 36, 28, 20, 19, 18, 10, 2, 3, 4, 5, 6, 14, 22, 30, 31, 39, 47, 46, 45, 53, 61, 62, 63]
[00:00:00:08:205] ! Unidirectional s-t. expansions: 3,945, time: 8,204 [ms], path length: 36 [edges], generated: 6,999
[00:00:00:08:930] Path of length 36 found: [63, 62, 61, 53, 45, 46, 47, 39, 31, 30, 22, 14, 6, 5, 4, 3, 2, 10, 18, 19, 20, 28, 36, 35, 43, 42, 50, 58, 57, 56, 48, 40, 32, 24, 16, 8, 0]
[00:00:00:08:931] ! Unidirectional t-s. expansions: 3,774, time: 8,931 [ms], path length: 36 [edges], generated: 6,681
[00:00:00:21:522] Path of length 36 found: [0, 1, 2, 10, 18, 19, 20, 12, 4, 5, 6, 14, 22, 30, 31, 39, 47, 46, 45, 37, 36, 35, 34, 33, 32, 40, 48, 56, 57, 58, 50, 51, 52, 60, 61, 62, 63]
[00:00:00:21:949] ! Bidirectional. expansions: 8,022, time: 21,522 [ms], path length: 36 [edges], g_F: 16, g_B: 20, generated: 14,791, MM: 4, MMPER: 9.81081081081081%

[00:00:00:21:949] average expansions: (3,156, 3,155, 4,809, 0)
[00:00:00:21:949] average time: (7,022, 7,253, 13,217, 0)
[00:00:00:21:950] A*: 3,155 , 7,022 (expansions , time[ms])
[00:00:00:21:950] XMM: 4,809 , 13,217 (expansions , time[ms])

[00:00:00:21:950] 
---------- SM_Grids/8x8_grid_with_random_blocks_8per_0 ----------
[00:00:00:00:145] New longest path found with length 36 at expansion 35
[00:00:00:17:565] Path of length 36 found: [0, 8, 16, 17, 18, 10, 2, 3, 4, 5, 6, 7, 15, 23, 22, 21, 20, 28, 27, 35, 34, 33, 41, 49, 57, 58, 59, 60, 61, 53, 45, 37, 38, 39, 47, 55, 63]
[00:00:00:17:565] ! Unidirectional s-t. expansions: 4,804, time: 17,565 [ms], path length: 36 [edges], generated: 8,218
[00:00:00:01:755] New longest path found with length 16 at expansion 1,132
[00:00:00:01:810] New longest path found with length 34 at expansion 1,152
[00:00:00:10:465] New longest path found with length 36 at expansion 3,790
[00:00:00:32:819] Path of length 36 found: [63, 55, 47, 39, 38, 30, 22, 23, 15, 7, 6, 5, 4, 3, 2, 10, 18, 19, 27, 28, 36, 44, 45, 53, 61, 60, 59, 58, 57, 49, 41, 33, 25, 24, 16, 8, 0]
[00:00:00:32:820] ! Unidirectional t-s. expansions: 9,356, time: 32,820 [ms], path length: 36 [edges], generated: 14,992
[00:00:00:00:118] New longest path found with length 34 at expansion 19
[00:00:00:01:694] New longest path found with length 36 at expansion 405
[00:00:00:10:834] Path of length 36 found: [0, 8, 16, 24, 32, 40, 41, 49, 57, 58, 59, 60, 61, 53, 45, 44, 43, 35, 27, 19, 18, 10, 2, 3, 4, 5, 6, 7, 15, 23, 22, 30, 38, 39, 47, 55, 63]
[00:00:00:11:333] ! Bidirectional. expansions: 1,832, time: 10,835 [ms], path length: 36 [edges], g_F: 18, g_B: 18, generated: {'F': 3,317, 'B': 3,361}, MM: 0, MMPER: -1.0%
[00:00:00:11:333] 
---------- SM_Grids/8x8_grid_with_random_blocks_8per_1 ----------
[00:00:00:00:106] New longest path found with length 20 at expansion 19
[00:00:00:00:945] New longest path found with length 32 at expansion 639
[00:00:00:01:682] New longest path found with length 34 at expansion 1,029
[00:00:00:23:601] New longest path found with length 36 at expansion 7,475
[00:00:00:34:330] Path of length 36 found: [0, 1, 2, 3, 11, 12, 13, 5, 6, 7, 15, 23, 22, 30, 29, 28, 36, 35, 34, 26, 18, 17, 16, 24, 32, 40, 48, 49, 50, 51, 59, 60, 61, 53, 54, 55, 63]
[00:00:00:34:330] ! Unidirectional s-t. expansions: 10,095, time: 34,330 [ms], path length: 36 [edges], generated: 16,515
[00:00:00:00:134] New longest path found with length 32 at expansion 31
[00:00:00:20:810] New longest path found with length 34 at expansion 5,830
[00:00:00:26:138] New longest path found with length 36 at expansion 7,210
[00:00:00:35:721] Path of length 36 found: [63, 55, 54, 53, 61, 60, 59, 51, 50, 49, 41, 40, 32, 24, 16, 17, 18, 26, 34, 35, 36, 28, 29, 30, 22, 23, 15, 7, 6, 5, 13, 12, 11, 3, 2, 1, 0]
[00:00:00:35:721] ! Unidirectional t-s. expansions: 9,579, time: 35,721 [ms], path length: 36 [edges], generated: 17,466
[00:00:00:00:103] New longest path found with length 32 at expansion 16
[00:00:00:05:685] New longest path found with length 34 at expansion 1,053
[00:00:00:05:995] New longest path found with length 36 at expansion 1,108
[00:00:00:12:449] Path of length 36 found: [0, 1, 2, 3, 11, 12, 13, 5, 6, 7, 15, 23, 22, 30, 29, 28, 36, 35, 34, 26, 18, 17, 16, 24, 32, 40, 41, 49, 50, 51, 59, 60, 61, 53, 54, 55, 63]
[00:00:00:12:910] ! Bidirectional. expansions: 1,976, time: 12,450 [ms], path length: 36 [edges], g_F: 18, g_B: 18, generated: {'F': 3,753, 'B': 3,684}, MM: 0, MMPER: -1.0%
[00:00:00:12:910] 
---------- SM_Grids/8x8_grid_with_random_blocks_8per_2 ----------
[00:00:00:05:004] New longest path found with length 16 at expansion 3,411
[00:00:00:07:220] New longest path found with length 18 at expansion 4,832
[00:00:00:07:798] New longest path found with length 20 at expansion 5,195
[00:00:00:07:848] New longest path found with length 34 at expansion 5,216
[00:00:00:08:133] New longest path found with length 36 at expansion 5,292
[00:00:00:20:584] Path of length 36 found: [0, 1, 2, 3, 11, 12, 13, 5, 6, 7, 15, 23, 22, 30, 29, 37, 36, 35, 27, 26, 18, 17, 16, 24, 32, 40, 48, 56, 57, 58, 50, 51, 52, 53, 54, 62, 63]
[00:00:00:20:584] ! Unidirectional s-t. expansions: 8,708, time: 20,584 [ms], path length: 36 [edges], generated: 11,107
[00:00:00:00:091] New longest path found with length 20 at expansion 19
[00:00:00:00:697] New longest path found with length 34 at expansion 493
[00:00:00:02:819] New longest path found with length 36 at expansion 1,060
[00:00:00:13:573] Path of length 36 found: [63, 55, 54, 53, 52, 60, 59, 58, 57, 56, 48, 40, 32, 24, 16, 17, 18, 26, 34, 35, 36, 37, 38, 39, 31, 23, 15, 7, 6, 5, 13, 12, 11, 3, 2, 1, 0]
[00:00:00:13:573] ! Unidirectional t-s. expansions: 4,407, time: 13,573 [ms], path length: 36 [edges], generated: 6,856
[00:00:00:00:059] New longest path found with length 14 at expansion 7
[00:00:00:00:073] New longest path found with length 20 at expansion 11
[00:00:00:00:160] New longest path found with length 34 at expansion 28
[00:00:00:00:242] New longest path found with length 36 at expansion 50
[00:00:00:05:581] Path of length 36 found: [0, 1, 2, 3, 11, 12, 13, 5, 6, 7, 15, 23, 22, 30, 29, 37, 36, 35, 27, 26, 18, 17, 16, 24, 32, 40, 48, 56, 57, 58, 59, 60, 52, 53, 54, 62, 63]
[00:00:00:06:003] ! Bidirectional. expansions: 988, time: 5,581 [ms], path length: 36 [edges], g_F: 18, g_B: 18, generated: {'F': 1,691, 'B': 1,715}, MM: 0, MMPER: -1.0%
[00:00:00:06:003] 
---------- SM_Grids/8x8_grid_with_random_blocks_8per_3 ----------
[00:00:00:00:133] New longest path found with length 36 at expansion 36
[00:00:00:01:459] New longest path found with length 38 at expansion 598
[00:00:00:07:481] Path of length 38 found: [0, 8, 16, 17, 18, 10, 2, 3, 4, 5, 6, 7, 15, 23, 31, 39, 47, 46, 45, 37, 29, 28, 27, 35, 34, 33, 32, 40, 48, 56, 57, 58, 50, 51, 52, 60, 61, 62, 63]
[00:00:00:07:481] ! Unidirectional s-t. expansions: 2,054, time: 7,481 [ms], path length: 38 [edges], generated: 3,393
[00:00:00:00:088] New longest path found with length 18 at expansion 17
[00:00:00:02:495] New longest path found with length 32 at expansion 1,763
[00:00:00:02:516] New longest path found with length 34 at expansion 1,774
[00:00:00:04:467] New longest path found with length 36 at expansion 2,573
[00:00:00:26:673] New longest path found with length 38 at expansion 8,918
[00:00:00:27:847] Path of length 38 found: [63, 62, 61, 60, 52, 51, 50, 58, 57, 56, 48, 40, 32, 33, 34, 35, 27, 28, 29, 37, 45, 46, 47, 39, 31, 23, 15, 7, 6, 5, 4, 3, 2, 10, 18, 17, 16, 8, 0]
[00:00:00:27:847] ! Unidirectional t-s. expansions: 9,207, time: 27,847 [ms], path length: 38 [edges], generated: 14,409
[00:00:00:00:068] New longest path found with length 18 at expansion 9
[00:00:00:00:177] New longest path found with length 30 at expansion 31
[00:00:00:00:287] New longest path found with length 34 at expansion 52
[00:00:00:02:168] New longest path found with length 36 at expansion 512
[00:00:00:04:348] New longest path found with length 38 at expansion 947
[00:00:00:05:816] Path of length 38 found: [0, 8, 16, 17, 18, 10, 2, 3, 4, 12, 13, 14, 22, 23, 31, 39, 47, 46, 45, 37, 29, 28, 27, 35, 34, 33, 32, 40, 48, 56, 57, 58, 50, 51, 52, 60, 61, 62, 63]
[00:00:00:06:204] ! Bidirectional. expansions: 1,145, time: 5,816 [ms], path length: 38 [edges], g_F: 19, g_B: 19, generated: {'F': 1,980, 'B': 1,979}, MM: 0, MMPER: -1.0%
[00:00:00:06:205] 
---------- SM_Grids/8x8_grid_with_random_blocks_8per_4 ----------
[00:00:00:01:073] New longest path found with length 18 at expansion 676
[00:00:00:01:128] New longest path found with length 32 at expansion 694
[00:00:00:01:196] New longest path found with length 34 at expansion 719
[00:00:00:13:049] New longest path found with length 36 at expansion 3,683
[00:00:00:13:996] Path of length 36 found: [0, 8, 16, 24, 25, 33, 41, 40, 48, 56, 57, 58, 59, 60, 52, 44, 43, 35, 27, 19, 18, 10, 2, 3, 4, 12, 13, 14, 22, 30, 31, 39, 47, 46, 54, 62, 63]
[00:00:00:13:996] ! Unidirectional s-t. expansions: 3,889, time: 13,996 [ms], path length: 36 [edges], generated: 6,366
[00:00:00:00:993] New longest path found with length 18 at expansion 659
[00:00:00:01:040] New longest path found with length 32 at expansion 675
[00:00:00:02:264] New longest path found with length 34 at expansion 1,084
[00:00:00:13:485] New longest path found with length 36 at expansion 3,718
[00:00:00:14:629] Path of length 36 found: [63, 62, 54, 46, 47, 39, 31, 30, 22, 21, 13, 12, 4, 3, 2, 10, 18, 19, 27, 28, 36, 44, 52, 51, 59, 58, 57, 56, 48, 40, 41, 33, 25, 24, 16, 8, 0]
[00:00:00:14:629] ! Unidirectional t-s. expansions: 3,986, time: 14,629 [ms], path length: 36 [edges], generated: 6,965
[00:00:00:00:111] New longest path found with length 34 at expansion 19
[00:00:00:05:913] New longest path found with length 36 at expansion 890
[00:00:00:06:837] Path of length 36 found: [0, 8, 16, 24, 25, 33, 41, 40, 48, 56, 57, 58, 59, 60, 52, 44, 36, 28, 27, 19, 18, 10, 2, 3, 4, 12, 13, 14, 22, 30, 31, 39, 47, 46, 54, 62, 63]
[00:00:00:07:226] ! Bidirectional. expansions: 1,002, time: 6,837 [ms], path length: 36 [edges], g_F: 18, g_B: 18, generated: {'F': 1,910, 'B': 1,794}, MM: 0, MMPER: -1.0%
[00:00:00:07:226] 
---------- SM_Grids/8x8_grid_with_random_blocks_8per_5 ----------
[00:00:00:00:127] New longest path found with length 34 at expansion 34
[00:00:00:00:314] New longest path found with length 36 at expansion 107
[00:00:00:01:579] New longest path found with length 38 at expansion 477
[00:00:00:07:828] Path of length 38 found: [0, 1, 2, 3, 11, 12, 13, 5, 6, 7, 15, 23, 22, 30, 38, 37, 36, 44, 43, 42, 34, 26, 18, 17, 16, 24, 32, 40, 48, 56, 57, 58, 59, 60, 61, 53, 54, 55, 63]
[00:00:00:07:828] ! Unidirectional s-t. expansions: 1,863, time: 7,828 [ms], path length: 38 [edges], generated: 3,280
[00:00:00:00:123] New longest path found with length 32 at expansion 31
[00:00:00:00:286] New longest path found with length 36 at expansion 95
[00:00:00:07:282] New longest path found with length 38 at expansion 2,077
[00:00:00:10:015] Path of length 38 found: [63, 55, 54, 53, 61, 60, 59, 58, 57, 56, 48, 40, 32, 24, 16, 17, 18, 26, 34, 42, 43, 44, 36, 28, 29, 30, 22, 23, 15, 7, 6, 5, 13, 12, 11, 3, 2, 1, 0]
[00:00:00:10:015] ! Unidirectional t-s. expansions: 2,735, time: 10,015 [ms], path length: 38 [edges], generated: 4,700
[00:00:00:00:887] New longest path found with length 14 at expansion 464
[00:00:00:00:932] New longest path found with length 28 at expansion 475
[00:00:00:00:962] New longest path found with length 30 at expansion 483
[00:00:00:01:580] New longest path found with length 36 at expansion 594
[00:00:00:02:464] New longest path found with length 38 at expansion 825
[00:00:00:05:017] Path of length 38 found: [0, 1, 2, 3, 11, 12, 13, 5, 6, 7, 15, 23, 22, 30, 38, 37, 36, 44, 43, 42, 34, 26, 18, 17, 16, 24, 32, 40, 48, 49, 57, 58, 59, 60, 61, 53, 54, 55, 63]
[00:00:00:05:404] ! Bidirectional. expansions: 1,178, time: 5,017 [ms], path length: 38 [edges], g_F: 19, g_B: 19, generated: {'F': 1,646, 'B': 2,012}, MM: 0, MMPER: -1.0%
[00:00:00:05:405] 
---------- SM_Grids/8x8_grid_with_random_blocks_8per_6 ----------
[00:00:00:00:174] New longest path found with length 32 at expansion 31
[00:00:00:00:887] New longest path found with length 34 at expansion 317
[00:00:00:02:126] New longest path found with length 36 at expansion 664
[00:00:00:31:544] Path of length 36 found: [0, 8, 9, 10, 2, 3, 4, 5, 6, 14, 15, 23, 31, 39, 38, 37, 29, 21, 20, 19, 27, 26, 25, 24, 32, 40, 48, 49, 50, 42, 43, 44, 52, 53, 61, 62, 63]
[00:00:00:31:545] ! Unidirectional s-t. expansions: 7,347, time: 31,545 [ms], path length: 36 [edges], generated: 13,777
[00:00:00:00:086] New longest path found with length 16 at expansion 15
[00:00:00:01:038] New longest path found with length 18 at expansion 708
[00:00:00:01:077] New longest path found with length 30 at expansion 722
[00:00:00:01:115] New longest path found with length 32 at expansion 740
[00:00:00:01:373] New longest path found with length 34 at expansion 831
[00:00:00:11:151] New longest path found with length 36 at expansion 3,379
[00:00:00:28:406] Path of length 36 found: [63, 62, 54, 53, 52, 44, 43, 42, 50, 49, 48, 40, 32, 24, 25, 26, 27, 19, 20, 21, 29, 37, 38, 39, 31, 23, 15, 14, 6, 5, 4, 3, 2, 10, 9, 8, 0]
[00:00:00:28:406] ! Unidirectional t-s. expansions: 7,311, time: 28,406 [ms], path length: 36 [edges], generated: 13,553
[00:00:00:00:359] New longest path found with length 14 at expansion 129
[00:00:00:00:446] New longest path found with length 26 at expansion 150
[00:00:00:00:451] New longest path found with length 28 at expansion 153
[00:00:00:00:822] New longest path found with length 32 at expansion 223
[00:00:00:01:239] New longest path found with length 34 at expansion 299
[00:00:00:05:515] New longest path found with length 36 at expansion 1,035
[00:00:00:15:588] Path of length 36 found: [0, 8, 9, 10, 2, 3, 4, 5, 6, 14, 15, 23, 31, 39, 38, 37, 29, 21, 20, 19, 27, 26, 25, 24, 32, 40, 48, 49, 50, 42, 43, 44, 52, 53, 54, 62, 63]
[00:00:00:15:980] ! Bidirectional. expansions: 2,362, time: 15,588 [ms], path length: 36 [edges], g_F: 18, g_B: 18, generated: {'F': 4,281, 'B': 4,493}, MM: 0, MMPER: -1.0%
[00:00:00:15:980] 
---------- SM_Grids/8x8_grid_with_random_blocks_8per_7 ----------
[00:00:00:00:088] New longest path found with length 18 at expansion 17
[00:00:00:00:137] New longest path found with length 32 at expansion 34
[00:00:00:00:312] New longest path found with length 34 at expansion 91
[00:00:00:04:163] New longest path found with length 36 at expansion 1,043
[00:00:00:04:915] New longest path found with length 38 at expansion 1,342
[00:00:00:11:979] Path of length 38 found: [0, 8, 16, 17, 18, 10, 2, 3, 4, 5, 6, 14, 22, 23, 31, 39, 47, 46, 45, 37, 29, 28, 27, 35, 34, 33, 32, 40, 48, 56, 57, 58, 50, 51, 52, 60, 61, 62, 63]
[00:00:00:11:979] ! Unidirectional s-t. expansions: 2,969, time: 11,979 [ms], path length: 38 [edges], generated: 5,436
[00:00:00:00:162] New longest path found with length 34 at expansion 33
[00:00:00:00:991] New longest path found with length 36 at expansion 369
[00:00:00:25:270] New longest path found with length 38 at expansion 6,876
[00:00:00:26:528] Path of length 38 found: [63, 62, 61, 60, 52, 51, 50, 58, 57, 56, 48, 40, 41, 33, 34, 35, 27, 28, 29, 37, 45, 46, 47, 39, 31, 23, 22, 14, 6, 5, 4, 12, 11, 10, 18, 17, 16, 8, 0]
[00:00:00:26:528] ! Unidirectional t-s. expansions: 7,188, time: 26,528 [ms], path length: 38 [edges], generated: 12,041
[00:00:00:00:111] New longest path found with length 32 at expansion 16
[00:00:00:00:535] New longest path found with length 34 at expansion 99
[00:00:00:05:284] New longest path found with length 36 at expansion 1,117
[00:00:00:08:297] New longest path found with length 38 at expansion 1,612
[00:00:00:10:506] Path of length 38 found: [0, 8, 16, 17, 18, 10, 2, 3, 4, 5, 6, 14, 22, 23, 31, 39, 47, 46, 45, 37, 29, 28, 27, 35, 34, 33, 32, 40, 48, 56, 57, 58, 50, 51, 52, 60, 61, 62, 63]
[00:00:00:10:896] ! Bidirectional. expansions: 1,942, time: 10,506 [ms], path length: 38 [edges], g_F: 19, g_B: 19, generated: {'F': 3,360, 'B': 3,354}, MM: 0, MMPER: -1.0%
[00:00:00:10:897] 
---------- SM_Grids/8x8_grid_with_random_blocks_8per_8 ----------
[00:00:00:00:158] New longest path found with length 32 at expansion 31
[00:00:00:01:116] New longest path found with length 34 at expansion 297
[00:00:00:03:802] New longest path found with length 36 at expansion 999
[00:00:00:07:643] New longest path found with length 38 at expansion 2,041
[00:00:00:09:672] Path of length 38 found: [0, 1, 2, 3, 11, 19, 18, 17, 16, 24, 32, 33, 41, 49, 57, 58, 59, 51, 43, 35, 36, 28, 29, 21, 13, 5, 6, 7, 15, 23, 31, 39, 38, 46, 45, 53, 61, 62, 63]
[00:00:00:09:672] ! Unidirectional s-t. expansions: 2,486, time: 9,672 [ms], path length: 38 [edges], generated: 4,585
[00:00:00:10:140] New longest path found with length 14 at expansion 7,010
[00:00:00:13:130] New longest path found with length 16 at expansion 9,097
[00:00:00:16:826] New longest path found with length 34 at expansion 11,509
[00:00:00:19:281] New longest path found with length 36 at expansion 12,369
[00:00:00:37:949] New longest path found with length 38 at expansion 17,475
[00:00:00:39:622] Path of length 38 found: [63, 62, 61, 53, 45, 46, 47, 39, 31, 23, 15, 7, 6, 5, 13, 21, 29, 28, 36, 35, 43, 51, 59, 58, 57, 49, 41, 33, 32, 24, 16, 17, 18, 19, 11, 3, 2, 1, 0]
[00:00:00:39:622] ! Unidirectional t-s. expansions: 17,866, time: 39,622 [ms], path length: 38 [edges], generated: 22,610
[00:00:00:00:106] New longest path found with length 34 at expansion 17
[00:00:00:05:286] New longest path found with length 36 at expansion 986
[00:00:00:12:650] New longest path found with length 38 at expansion 2,205
[00:00:00:12:865] Path of length 38 found: [0, 1, 2, 3, 11, 19, 18, 17, 16, 24, 32, 33, 41, 49, 57, 58, 59, 51, 43, 35, 36, 28, 29, 21, 13, 5, 6, 7, 15, 23, 31, 39, 38, 46, 45, 53, 61, 62, 63]
[00:00:00:13:263] ! Bidirectional. expansions: 2,231, time: 12,865 [ms], path length: 38 [edges], g_F: 19, g_B: 19, generated: {'F': 3,871, 'B': 3,692}, MM: 0, MMPER: -1.0%
[00:00:00:13:263] 
---------- SM_Grids/8x8_grid_with_random_blocks_8per_9 ----------
[00:00:00:01:820] New longest path found with length 16 at expansion 1,266
[00:00:00:01:874] New longest path found with length 34 at expansion 1,287
[00:00:00:05:393] New longest path found with length 36 at expansion 2,312
[00:00:00:18:437] Path of length 36 found: [0, 8, 16, 24, 32, 40, 48, 56, 57, 58, 50, 51, 43, 35, 36, 28, 20, 19, 18, 10, 2, 3, 4, 5, 6, 14, 22, 30, 31, 39, 47, 46, 45, 53, 61, 62, 63]
[00:00:00:18:437] ! Unidirectional s-t. expansions: 5,791, time: 18,437 [ms], path length: 36 [edges], generated: 9,345
[00:00:00:00:129] New longest path found with length 30 at expansion 29
[00:00:00:00:291] New longest path found with length 32 at expansion 80
[00:00:00:02:500] New longest path found with length 34 at expansion 723
[00:00:00:33:885] New longest path found with length 36 at expansion 9,415
[00:00:00:37:566] Path of length 36 found: [63, 62, 61, 53, 45, 46, 47, 39, 31, 30, 22, 14, 6, 5, 4, 12, 20, 28, 36, 35, 43, 42, 50, 58, 57, 56, 48, 40, 32, 24, 25, 26, 18, 10, 2, 1, 0]
[00:00:00:37:566] ! Unidirectional t-s. expansions: 10,444, time: 37,566 [ms], path length: 36 [edges], generated: 18,580
[00:00:00:00:255] New longest path found with length 14 at expansion 105
[00:00:00:00:291] New longest path found with length 28 at expansion 115
[00:00:00:00:350] New longest path found with length 34 at expansion 127
[00:00:00:12:099] New longest path found with length 36 at expansion 2,107
[00:00:00:15:274] Path of length 36 found: [0, 8, 16, 24, 32, 40, 48, 56, 57, 58, 59, 51, 43, 35, 36, 28, 20, 19, 18, 10, 2, 3, 4, 5, 6, 14, 22, 30, 31, 39, 47, 46, 45, 53, 61, 62, 63]
[00:00:00:15:690] ! Bidirectional. expansions: 2,516, time: 15,274 [ms], path length: 36 [edges], g_F: 18, g_B: 18, generated: {'F': 4,696, 'B': 4,877}, MM: 0, MMPER: -1.0%

[00:00:00:15:690] average expansions: (5,001, 8,208, 1,717, 0)
[00:00:00:15:690] average time: (17,342, 26,673, 10,077, 0)
[00:00:00:15:690] X-DFBnB: 5,001 , 17,342 (expansions , time[ms])
[00:00:00:15:690] BiX-DFBnB: 1,717 , 10,077 (expansions , time[ms])

