Thu 12 Mar 2026 17:42:00 IST

SLURM_JOBID:		 15627565
SLURM_JOB_NODELIST:	 ise-cpu256-26 

--------------------------
date: SM_Grids
number_of_graphs: 10
graph_type: grid
size_of_graphs: [8, 9]
heuristic: bcc_heuristic
snake: True
run_uni: True
run_bi: True
run_multi: False
solution_vertices: []
algorithms: ['DFBnB']
bsd: False
cube_first_dims: 4
cube_buffer_dim: None
backward_sym_generation: False
sym_coil: False
prefix_set: None

---------- SM_Grids/8x9_grid_with_random_blocks_12per_0 ----------
[00:00:00:44:094] Path of length 41 found: [0, 9, 10, 11, 2, 3, 4, 13, 14, 15, 6, 7, 8, 17, 26, 25, 34, 33, 32, 31, 40, 39, 38, 29, 28, 27, 36, 45, 46, 55, 56, 57, 66, 67, 68, 59, 50, 51, 52, 61, 70, 71]
[00:00:00:44:094] ! Unidirectional s-t. expansions: 9,760, time: 44,094 [ms], path length: 41 [edges], generated: 17,383
[00:00:00:34:919] Path of length 41 found: [71, 62, 53, 52, 51, 60, 59, 68, 67, 66, 57, 56, 47, 46, 45, 36, 27, 28, 29, 30, 39, 40, 41, 32, 33, 34, 35, 26, 17, 8, 7, 6, 15, 14, 13, 4, 3, 2, 11, 10, 9, 0]
[00:00:00:34:919] ! Unidirectional t-s. expansions: 8,871, time: 34,919 [ms], path length: 41 [edges], generated: 14,923
[00:00:00:00:216] New longest path found with length 35 at expansion 17
[00:00:01:19:152] New longest path found with length 37 at expansion 7,317
[00:00:11:48:442] New longest path found with length 39 at expansion 69,514
[00:00:13:44:664] New longest path found with length 41 at expansion 80,921
[00:00:17:05:197] Valid meeting checks so far: 200,000, state_vs_state: 0, state_vs_prefix: 0, prefix_vs_prefix: 200,000
[00:00:40:03:425] Path of length 41 found: [0, 9, 10, 11, 2, 3, 4, 13, 14, 15, 6, 7, 8, 17, 26, 25, 34, 33, 32, 41, 40, 39, 30, 29, 28, 27, 36, 45, 46, 47, 56, 57, 66, 67, 68, 59, 60, 51, 52, 53, 62, 71]
[00:00:40:03:884] ! Bidirectional. expansions: 229,964, time: 2,403,425 [ms], path length: 41 [edges], g_F: 21, g_B: 20, generated: {'F': 426,997, 'B': 389,379}, MM: 1, MMPER: 1.380952380952381%
[00:00:40:03:884] 
---------- SM_Grids/8x9_grid_with_random_blocks_12per_1 ----------
[00:00:00:31:349] Path of length 33 found: [0, 9, 10, 19, 20, 21, 12, 3, 4, 5, 6, 7, 8, 17, 26, 25, 24, 23, 32, 31, 40, 39, 48, 57, 58, 59, 50, 51, 42, 43, 44, 53, 62, 71]
[00:00:00:31:349] ! Unidirectional s-t. expansions: 6,650, time: 31,349 [ms], path length: 33 [edges], generated: 13,261
[00:00:00:55:170] Path of length 33 found: [71, 62, 53, 44, 43, 42, 51, 60, 59, 58, 57, 48, 39, 40, 31, 32, 23, 24, 25, 26, 17, 8, 7, 6, 5, 4, 13, 12, 21, 20, 19, 10, 1, 0]
[00:00:00:55:170] ! Unidirectional t-s. expansions: 14,331, time: 55,170 [ms], path length: 33 [edges], generated: 25,858
[00:00:00:01:039] New longest path found with length 25 at expansion 153
[00:00:00:01:182] New longest path found with length 27 at expansion 167
[00:00:00:01:975] New longest path found with length 29 at expansion 256
[00:00:00:01:996] New longest path found with length 31 at expansion 259
[00:00:00:02:259] New longest path found with length 33 at expansion 289
[00:00:15:49:196] Valid meeting checks so far: 200,000, state_vs_state: 0, state_vs_prefix: 0, prefix_vs_prefix: 200,000
[00:00:18:53:674] Path of length 33 found: [0, 9, 10, 19, 20, 21, 12, 3, 4, 5, 6, 7, 8, 17, 26, 25, 24, 23, 32, 31, 40, 39, 48, 57, 58, 59, 60, 51, 42, 43, 44, 53, 62, 71]
[00:00:18:54:118] ! Bidirectional. expansions: 122,059, time: 1,133,674 [ms], path length: 33 [edges], g_F: 17, g_B: 16, generated: {'F': 199,984, 'B': 199,368}, MM: 1, MMPER: 1.9411764705882355%
[00:00:18:54:118] 
---------- SM_Grids/8x9_grid_with_random_blocks_12per_2 ----------
[00:00:00:11:905] Path of length 39 found: [0, 1, 2, 3, 12, 21, 20, 29, 38, 47, 46, 45, 54, 63, 64, 65, 66, 67, 68, 59, 50, 49, 40, 31, 32, 23, 24, 15, 6, 7, 8, 17, 26, 35, 34, 43, 52, 61, 70, 71]
[00:00:00:11:906] ! Unidirectional s-t. expansions: 2,890, time: 11,905 [ms], path length: 39 [edges], generated: 4,829
[00:00:00:15:791] Path of length 39 found: [71, 70, 61, 52, 53, 44, 35, 26, 17, 8, 7, 6, 15, 24, 23, 32, 31, 40, 49, 50, 59, 68, 67, 66, 65, 64, 63, 54, 45, 46, 47, 38, 29, 20, 21, 12, 3, 2, 1, 0]
[00:00:00:15:792] ! Unidirectional t-s. expansions: 4,788, time: 15,792 [ms], path length: 39 [edges], generated: 7,938
[00:00:00:00:174] New longest path found with length 23 at expansion 15
[00:00:00:00:304] New longest path found with length 25 at expansion 28
[00:00:00:00:796] New longest path found with length 37 at expansion 79
[00:00:02:00:641] New longest path found with length 39 at expansion 11,926
[00:00:03:43:280] Path of length 39 found: [0, 1, 2, 3, 12, 21, 20, 29, 38, 47, 46, 45, 54, 63, 64, 65, 66, 67, 68, 59, 50, 49, 40, 31, 32, 23, 24, 15, 6, 7, 8, 17, 26, 35, 44, 53, 52, 61, 70, 71]
[00:00:03:43:719] ! Bidirectional. expansions: 21,671, time: 223,280 [ms], path length: 39 [edges], g_F: 20, g_B: 19, generated: {'F': 38,647, 'B': 36,266}, MM: 1, MMPER: 1.5%
[00:00:03:43:719] 
---------- SM_Grids/8x9_grid_with_random_blocks_12per_3 ----------
[00:00:01:11:857] Path of length 37 found: [0, 9, 18, 27, 28, 37, 46, 45, 54, 63, 64, 65, 56, 57, 48, 39, 40, 31, 22, 21, 20, 11, 2, 3, 4, 5, 6, 7, 16, 25, 34, 43, 52, 51, 60, 69, 70, 71]
[00:00:01:11:858] ! Unidirectional s-t. expansions: 26,244, time: 71,857 [ms], path length: 37 [edges], generated: 41,310
[00:00:00:17:559] Path of length 37 found: [71, 70, 61, 52, 43, 34, 25, 16, 7, 6, 5, 4, 3, 2, 11, 20, 21, 30, 31, 40, 41, 50, 59, 58, 57, 66, 65, 64, 63, 54, 45, 46, 37, 28, 27, 18, 9, 0]
[00:00:00:17:559] ! Unidirectional t-s. expansions: 5,456, time: 17,559 [ms], path length: 37 [edges], generated: 9,135
[00:00:00:00:195] New longest path found with length 31 at expansion 16
[00:00:00:00:217] New longest path found with length 33 at expansion 18
[00:00:00:00:768] New longest path found with length 35 at expansion 70
[00:00:00:50:107] New longest path found with length 37 at expansion 5,033
[00:00:06:53:314] Path of length 37 found: [0, 9, 18, 27, 28, 37, 46, 45, 54, 63, 64, 65, 56, 57, 48, 49, 50, 41, 32, 31, 30, 21, 20, 11, 2, 3, 4, 5, 6, 7, 16, 25, 34, 43, 52, 61, 70, 71]
[00:00:06:53:760] ! Bidirectional. expansions: 40,661, time: 413,314 [ms], path length: 37 [edges], g_F: 19, g_B: 18, generated: {'F': 72,178, 'B': 79,713}, MM: 1, MMPER: 1.6315789473684212%
[00:00:06:53:761] 
---------- SM_Grids/8x9_grid_with_random_blocks_12per_4 ----------
[00:00:00:10:465] Path of length 39 found: [0, 9, 18, 27, 36, 37, 46, 55, 64, 65, 66, 57, 48, 39, 40, 31, 22, 21, 20, 11, 2, 3, 4, 5, 14, 15, 16, 25, 26, 35, 44, 43, 52, 51, 50, 59, 68, 69, 70, 71]
[00:00:00:10:465] ! Unidirectional s-t. expansions: 2,312, time: 10,465 [ms], path length: 39 [edges], generated: 4,136
[00:00:00:19:488] Path of length 39 found: [71, 70, 69, 68, 59, 50, 51, 52, 43, 44, 35, 26, 17, 16, 15, 14, 5, 4, 3, 2, 11, 20, 21, 22, 31, 40, 39, 48, 57, 66, 65, 64, 55, 46, 37, 28, 27, 18, 9, 0]
[00:00:00:19:488] ! Unidirectional t-s. expansions: 6,686, time: 19,488 [ms], path length: 39 [edges], generated: 10,208
[00:00:00:00:193] New longest path found with length 35 at expansion 17
[00:00:00:00:443] New longest path found with length 37 at expansion 42
[00:00:04:38:600] New longest path found with length 39 at expansion 27,625
[00:00:06:55:473] Path of length 39 found: [0, 9, 18, 27, 36, 37, 46, 55, 64, 65, 66, 57, 48, 39, 40, 31, 22, 21, 20, 11, 2, 3, 4, 5, 14, 15, 16, 17, 26, 35, 44, 43, 52, 51, 50, 59, 68, 69, 70, 71]
[00:00:06:55:920] ! Bidirectional. expansions: 41,283, time: 415,473 [ms], path length: 39 [edges], g_F: 20, g_B: 19, generated: {'F': 74,424, 'B': 76,430}, MM: 1, MMPER: 1.5%
[00:00:06:55:921] 
---------- SM_Grids/8x9_grid_with_random_blocks_12per_5 ----------
[00:00:00:15:482] Path of length 41 found: [0, 9, 18, 19, 20, 11, 2, 3, 4, 13, 22, 23, 24, 15, 6, 7, 8, 17, 26, 35, 34, 43, 42, 41, 40, 39, 38, 37, 46, 45, 54, 63, 64, 65, 66, 57, 58, 59, 60, 69, 70, 71]
[00:00:00:15:482] ! Unidirectional s-t. expansions: 4,333, time: 15,482 [ms], path length: 41 [edges], generated: 6,659
[00:00:00:21:207] Path of length 41 found: [71, 62, 61, 60, 51, 42, 43, 44, 35, 26, 17, 8, 7, 6, 15, 14, 13, 4, 3, 2, 11, 20, 21, 30, 39, 40, 49, 58, 57, 66, 65, 64, 63, 54, 45, 46, 37, 28, 27, 18, 9, 0]
[00:00:00:21:207] ! Unidirectional t-s. expansions: 5,856, time: 21,207 [ms], path length: 41 [edges], generated: 9,709
[00:00:00:00:198] New longest path found with length 35 at expansion 17
[00:00:00:00:269] New longest path found with length 37 at expansion 26
[00:00:00:00:314] New longest path found with length 39 at expansion 32
[00:00:00:25:477] New longest path found with length 41 at expansion 2,660
[00:00:17:31:632] Path of length 41 found: [0, 9, 18, 27, 28, 37, 46, 45, 54, 63, 64, 65, 66, 57, 58, 59, 60, 51, 42, 41, 40, 39, 30, 21, 20, 11, 2, 3, 4, 13, 14, 15, 6, 7, 8, 17, 26, 35, 44, 53, 62, 71]
[00:00:17:32:058] ! Bidirectional. expansions: 114,918, time: 1,051,632 [ms], path length: 41 [edges], g_F: 21, g_B: 20, generated: {'F': 171,246, 'B': 189,974}, MM: 1, MMPER: 1.380952380952381%
[00:00:17:32:058] 
---------- SM_Grids/8x9_grid_with_random_blocks_12per_6 ----------
[00:00:00:14:113] Path of length 39 found: [0, 1, 2, 11, 20, 19, 28, 37, 36, 45, 54, 63, 64, 65, 66, 57, 48, 39, 40, 41, 42, 33, 24, 23, 22, 13, 4, 5, 6, 7, 16, 17, 26, 35, 44, 53, 52, 61, 70, 71]
[00:00:00:14:113] ! Unidirectional s-t. expansions: 5,129, time: 14,113 [ms], path length: 39 [edges], generated: 7,871
[00:00:00:18:615] Path of length 39 found: [71, 70, 61, 52, 53, 44, 35, 26, 17, 8, 7, 6, 5, 4, 3, 12, 21, 22, 23, 24, 33, 42, 41, 40, 39, 48, 57, 56, 65, 64, 63, 54, 45, 36, 37, 28, 19, 10, 1, 0]
[00:00:00:18:615] ! Unidirectional t-s. expansions: 6,724, time: 18,615 [ms], path length: 39 [edges], generated: 8,977
[00:00:00:00:202] New longest path found with length 35 at expansion 17
[00:00:00:00:217] New longest path found with length 39 at expansion 19
[00:00:05:50:616] Path of length 39 found: [0, 1, 10, 19, 28, 37, 36, 45, 54, 63, 64, 65, 66, 57, 48, 39, 40, 41, 42, 33, 24, 23, 22, 21, 12, 3, 4, 5, 6, 7, 8, 17, 26, 35, 44, 53, 52, 61, 70, 71]
[00:00:05:51:041] ! Bidirectional. expansions: 35,249, time: 350,616 [ms], path length: 39 [edges], g_F: 20, g_B: 19, generated: {'F': 58,299, 'B': 64,058}, MM: 1, MMPER: 1.5%
[00:00:05:51:041] 
---------- SM_Grids/8x9_grid_with_random_blocks_12per_7 ----------
[00:00:00:10:678] Path of length 31 found: [0, 1, 2, 11, 20, 29, 30, 31, 22, 13, 4, 5, 6, 7, 8, 17, 26, 25, 24, 33, 42, 41, 50, 49, 58, 67, 68, 69, 60, 61, 62, 71]
[00:00:00:10:679] ! Unidirectional s-t. expansions: 2,609, time: 10,679 [ms], path length: 31 [edges], generated: 4,765
[00:00:00:15:041] Path of length 31 found: [71, 62, 53, 52, 51, 60, 69, 68, 67, 58, 49, 40, 41, 32, 33, 24, 25, 26, 17, 8, 7, 6, 5, 14, 13, 22, 21, 20, 11, 2, 1, 0]
[00:00:00:15:041] ! Unidirectional t-s. expansions: 4,120, time: 15,041 [ms], path length: 31 [edges], generated: 6,581
[00:00:00:00:097] New longest path found with length 15 at expansion 7
[00:00:00:00:137] New longest path found with length 21 at expansion 10
[00:00:00:00:961] New longest path found with length 23 at expansion 88
[00:00:00:02:144] New longest path found with length 25 at expansion 201
[00:00:00:06:088] New longest path found with length 27 at expansion 570
[00:00:00:06:104] New longest path found with length 29 at expansion 572
[00:00:00:06:610] New longest path found with length 31 at expansion 624
[00:00:02:17:581] Path of length 31 found: [0, 1, 2, 11, 20, 21, 22, 13, 4, 5, 6, 7, 16, 17, 26, 35, 34, 33, 32, 41, 40, 49, 58, 67, 68, 69, 60, 51, 52, 53, 62, 71]
[00:00:02:18:030] ! Bidirectional. expansions: 13,005, time: 137,581 [ms], path length: 31 [edges], g_F: 16, g_B: 15, generated: {'F': 23,407, 'B': 24,376}, MM: 1, MMPER: 2.125%
[00:00:02:18:031] 
---------- SM_Grids/8x9_grid_with_random_blocks_12per_8 ----------
[00:00:00:27:911] Path of length 41 found: [0, 1, 2, 3, 12, 21, 20, 19, 18, 27, 36, 45, 54, 55, 64, 65, 66, 57, 48, 39, 40, 31, 32, 23, 14, 5, 6, 7, 16, 25, 26, 35, 44, 53, 52, 51, 50, 59, 68, 69, 70, 71]
[00:00:00:27:911] ! Unidirectional s-t. expansions: 6,433, time: 27,911 [ms], path length: 41 [edges], generated: 11,262
[00:00:00:04:982] Path of length 41 found: [71, 70, 69, 68, 59, 50, 51, 52, 53, 44, 35, 26, 25, 16, 7, 6, 5, 14, 23, 32, 31, 40, 39, 48, 57, 66, 65, 64, 55, 54, 45, 36, 27, 18, 19, 20, 21, 12, 3, 2, 1, 0]
[00:00:00:04:982] ! Unidirectional t-s. expansions: 1,112, time: 4,982 [ms], path length: 41 [edges], generated: 2,017
[00:00:00:00:242] New longest path found with length 33 at expansion 23
[00:00:00:00:328] New longest path found with length 37 at expansion 31
[00:00:04:48:019] New longest path found with length 39 at expansion 29,048
[00:00:13:35:682] New longest path found with length 41 at expansion 81,781
[00:00:16:03:349] Path of length 41 found: [0, 1, 2, 3, 12, 21, 20, 19, 18, 27, 36, 45, 54, 55, 64, 65, 66, 57, 48, 39, 40, 31, 32, 23, 14, 5, 6, 7, 16, 25, 26, 35, 44, 53, 52, 51, 50, 59, 68, 69, 70, 71]
[00:00:16:03:777] ! Bidirectional. expansions: 95,333, time: 963,349 [ms], path length: 41 [edges], g_F: 21, g_B: 20, generated: {'F': 168,574, 'B': 172,343}, MM: 1, MMPER: 1.380952380952381%
[00:00:16:03:778] 
---------- SM_Grids/8x9_grid_with_random_blocks_12per_9 ----------
[00:00:00:26:251] Path of length 39 found: [0, 9, 18, 19, 28, 29, 38, 47, 46, 45, 54, 63, 64, 65, 66, 67, 58, 59, 50, 41, 32, 31, 22, 21, 12, 3, 4, 5, 6, 7, 8, 17, 26, 25, 34, 43, 44, 53, 62, 71]
[00:00:00:26:251] ! Unidirectional s-t. expansions: 7,423, time: 26,251 [ms], path length: 39 [edges], generated: 11,111
[00:00:01:13:778] Path of length 39 found: [71, 62, 61, 52, 43, 44, 35, 26, 17, 8, 7, 6, 5, 4, 3, 2, 11, 20, 21, 22, 31, 32, 41, 50, 59, 58, 67, 66, 65, 64, 63, 54, 45, 46, 37, 28, 27, 18, 9, 0]
[00:00:01:13:778] ! Unidirectional t-s. expansions: 24,991, time: 73,778 [ms], path length: 39 [edges], generated: 42,243
[00:00:00:00:243] New longest path found with length 35 at expansion 23
[00:00:00:00:405] New longest path found with length 37 at expansion 43
[00:00:00:01:860] New longest path found with length 39 at expansion 214
[00:00:18:23:288] Valid meeting checks so far: 200,000, state_vs_state: 0, state_vs_prefix: 0, prefix_vs_prefix: 200,000
[00:00:35:36:236] Path of length 39 found: [0, 9, 18, 19, 28, 29, 38, 47, 46, 45, 54, 63, 64, 65, 66, 67, 58, 59, 50, 41, 32, 31, 22, 21, 12, 3, 4, 5, 6, 7, 8, 17, 26, 25, 34, 43, 52, 53, 62, 71]
[00:00:35:36:687] ! Bidirectional. expansions: 228,243, time: 2,136,236 [ms], path length: 39 [edges], g_F: 20, g_B: 19, generated: {'F': 318,695, 'B': 425,776}, MM: 1, MMPER: 1.5%

[00:00:35:36:688] average expansions: (7,378, 8,294, 94,239, 0)
[00:00:35:36:688] average time: (26,411, 27,655, 922,858, 0)
[00:00:35:36:688] X-DFBnB: 7,378 , 26,411 (expansions , time[ms])
[00:00:35:36:688] BiX-DFBnB: 94,239 , 922,858 (expansions , time[ms])

