Thu 12 Mar 2026 17:42:00 IST

SLURM_JOBID:		 15627569
SLURM_JOB_NODELIST:	 ise-cpu256-26 

--------------------------
date: SM_Grids
number_of_graphs: 10
graph_type: grid
size_of_graphs: [8, 8]
heuristic: bcc_heuristic
snake: True
run_uni: True
run_bi: True
run_multi: False
solution_vertices: []
algorithms: ['DFBnB']
bsd: False
cube_first_dims: 4
cube_buffer_dim: None
backward_sym_generation: False
sym_coil: False
prefix_set: None

---------- SM_Grids/8x8_grid_with_random_blocks_12per_0 ----------
[00:00:00:01:719] Path of length 36 found: [0, 8, 16, 24, 25, 33, 41, 40, 48, 56, 57, 58, 50, 51, 52, 53, 45, 37, 36, 35, 27, 19, 18, 10, 2, 3, 4, 12, 13, 21, 22, 30, 31, 39, 47, 55, 63]
[00:00:00:01:719] ! Unidirectional s-t. expansions: 551, time: 1,719 [ms], path length: 36 [edges], generated: 857
[00:00:00:00:815] Path of length 36 found: [63, 55, 47, 39, 31, 30, 22, 14, 13, 12, 4, 3, 2, 10, 18, 19, 27, 28, 36, 37, 45, 53, 61, 60, 59, 58, 57, 56, 48, 40, 41, 33, 25, 24, 16, 8, 0]
[00:00:00:00:815] ! Unidirectional t-s. expansions: 257, time: 815 [ms], path length: 36 [edges], generated: 418
[00:00:00:08:455] Path of length 36 found: [0, 8, 16, 24, 25, 33, 41, 40, 48, 56, 57, 58, 50, 51, 52, 53, 45, 37, 36, 35, 27, 19, 18, 10, 2, 3, 4, 12, 13, 14, 22, 30, 31, 39, 47, 55, 63]
[00:00:00:08:943] ! Bidirectional. expansions: 910, time: 8,455 [ms], path length: 36 [edges], g_F: 18, g_B: 18, generated: {'F': 1,541, 'B': 1,639}, MM: 0, MMPER: -1.0%
[00:00:00:08:944] 
---------- SM_Grids/8x8_grid_with_random_blocks_12per_1 ----------
[00:00:00:06:474] Path of length 32 found: [0, 8, 9, 10, 2, 3, 4, 5, 6, 14, 22, 21, 20, 19, 27, 26, 25, 33, 41, 49, 50, 58, 59, 60, 61, 53, 45, 37, 38, 39, 47, 55, 63]
[00:00:00:06:474] ! Unidirectional s-t. expansions: 1,719, time: 6,474 [ms], path length: 32 [edges], generated: 3,065
[00:00:00:10:020] Path of length 32 found: [63, 55, 47, 39, 38, 37, 36, 44, 52, 60, 59, 58, 50, 49, 41, 33, 34, 26, 27, 19, 20, 21, 22, 14, 6, 5, 4, 3, 2, 10, 9, 8, 0]
[00:00:00:10:020] ! Unidirectional t-s. expansions: 2,857, time: 10,020 [ms], path length: 32 [edges], generated: 4,969
[00:00:04:32:012] Path of length 32 found: [0, 8, 9, 10, 2, 3, 4, 5, 6, 14, 22, 21, 20, 19, 27, 26, 25, 33, 41, 42, 50, 58, 59, 60, 52, 44, 36, 37, 38, 39, 47, 55, 63]
[00:00:04:32:442] ! Bidirectional. expansions: 29,330, time: 272,012 [ms], path length: 32 [edges], g_F: 16, g_B: 16, generated: {'F': 51,216, 'B': 49,538}, MM: 0, MMPER: -1.0%
[00:00:04:32:442] 
---------- SM_Grids/8x8_grid_with_random_blocks_12per_2 ----------
[00:00:00:01:701] Path of length 34 found: [0, 8, 16, 24, 32, 33, 34, 42, 50, 58, 59, 60, 52, 44, 36, 28, 27, 19, 18, 10, 2, 3, 4, 12, 13, 14, 15, 23, 31, 30, 38, 46, 54, 62, 63]
[00:00:00:01:702] ! Unidirectional s-t. expansions: 457, time: 1,701 [ms], path length: 34 [edges], generated: 768
[00:00:00:02:488] Path of length 34 found: [63, 55, 47, 46, 38, 30, 31, 23, 15, 14, 13, 5, 4, 3, 2, 10, 18, 19, 27, 28, 36, 44, 52, 60, 59, 58, 50, 42, 34, 33, 25, 24, 16, 8, 0]
[00:00:00:02:488] ! Unidirectional t-s. expansions: 651, time: 2,488 [ms], path length: 34 [edges], generated: 1,135
[00:00:00:34:646] Path of length 34 found: [0, 8, 16, 24, 32, 33, 34, 42, 50, 58, 59, 60, 52, 44, 36, 28, 27, 19, 18, 10, 2, 3, 4, 5, 13, 14, 15, 23, 31, 30, 38, 46, 47, 55, 63]
[00:00:00:35:049] ! Bidirectional. expansions: 3,652, time: 34,646 [ms], path length: 34 [edges], g_F: 17, g_B: 17, generated: {'F': 6,533, 'B': 6,555}, MM: 0, MMPER: -1.0%
[00:00:00:35:049] 
---------- SM_Grids/8x8_grid_with_random_blocks_12per_3 ----------
[00:00:00:18:842] Path of length 34 found: [0, 8, 16, 24, 32, 33, 41, 49, 57, 58, 59, 60, 52, 44, 43, 35, 27, 19, 18, 10, 2, 3, 4, 12, 13, 14, 15, 23, 31, 30, 38, 46, 54, 62, 63]
[00:00:00:18:842] ! Unidirectional s-t. expansions: 6,992, time: 18,842 [ms], path length: 34 [edges], generated: 11,020
[00:00:00:24:866] Path of length 34 found: [63, 62, 54, 46, 47, 39, 31, 30, 22, 14, 6, 5, 4, 3, 2, 10, 18, 26, 27, 35, 36, 44, 52, 60, 59, 58, 57, 49, 41, 33, 32, 24, 16, 8, 0]
[00:00:00:24:866] ! Unidirectional t-s. expansions: 9,961, time: 24,866 [ms], path length: 34 [edges], generated: 15,527
[00:00:08:39:445] Path of length 34 found: [0, 8, 16, 24, 32, 33, 41, 49, 57, 58, 59, 51, 52, 44, 36, 35, 27, 19, 18, 10, 2, 3, 4, 5, 6, 14, 22, 30, 31, 39, 47, 46, 54, 62, 63]
[00:00:08:39:855] ! Bidirectional. expansions: 65,220, time: 519,445 [ms], path length: 34 [edges], g_F: 17, g_B: 17, generated: {'F': 105,930, 'B': 102,508}, MM: 0, MMPER: -1.0%
[00:00:08:39:855] 
---------- SM_Grids/8x8_grid_with_random_blocks_12per_4 ----------
[00:00:00:06:998] Path of length 34 found: [0, 8, 16, 24, 25, 26, 18, 19, 11, 12, 4, 5, 6, 14, 22, 23, 31, 39, 38, 37, 36, 35, 43, 42, 41, 49, 57, 58, 59, 60, 52, 53, 54, 62, 63]
[00:00:00:06:999] ! Unidirectional s-t. expansions: 1,979, time: 6,998 [ms], path length: 34 [edges], generated: 3,447
[00:00:00:10:446] Path of length 34 found: [63, 55, 54, 53, 61, 60, 59, 58, 57, 49, 41, 33, 34, 35, 27, 28, 29, 37, 38, 39, 31, 23, 22, 14, 6, 5, 4, 12, 11, 10, 18, 17, 16, 8, 0]
[00:00:00:10:446] ! Unidirectional t-s. expansions: 2,924, time: 10,446 [ms], path length: 34 [edges], generated: 5,471
[00:00:04:37:911] Path of length 34 found: [0, 8, 16, 24, 25, 26, 18, 19, 11, 12, 4, 5, 6, 14, 22, 23, 31, 39, 38, 37, 36, 44, 43, 42, 41, 49, 57, 58, 59, 60, 61, 53, 54, 55, 63]
[00:00:04:38:299] ! Bidirectional. expansions: 28,527, time: 277,911 [ms], path length: 34 [edges], g_F: 17, g_B: 17, generated: {'F': 52,785, 'B': 57,896}, MM: 0, MMPER: -1.0%
[00:00:04:38:299] 
---------- SM_Grids/8x8_grid_with_random_blocks_12per_5 ----------
[00:00:00:15:672] Path of length 34 found: [0, 8, 9, 17, 25, 24, 32, 40, 41, 42, 50, 58, 59, 60, 52, 44, 45, 37, 29, 28, 27, 19, 11, 3, 4, 5, 13, 14, 22, 23, 31, 39, 47, 55, 63]
[00:00:00:15:673] ! Unidirectional s-t. expansions: 4,760, time: 15,672 [ms], path length: 34 [edges], generated: 8,088
[00:00:00:12:335] Path of length 34 found: [63, 55, 47, 46, 45, 53, 61, 60, 59, 51, 50, 42, 34, 33, 32, 24, 16, 17, 18, 19, 27, 28, 29, 30, 31, 23, 15, 14, 6, 5, 4, 3, 2, 1, 0]
[00:00:00:12:336] ! Unidirectional t-s. expansions: 3,738, time: 12,336 [ms], path length: 34 [edges], generated: 6,050
[00:00:10:23:913] Path of length 34 found: [0, 8, 9, 17, 25, 24, 32, 40, 41, 42, 50, 58, 59, 60, 52, 44, 45, 37, 29, 28, 27, 19, 11, 3, 4, 5, 6, 14, 15, 23, 31, 39, 47, 55, 63]
[00:00:10:24:307] ! Bidirectional. expansions: 73,662, time: 623,914 [ms], path length: 34 [edges], g_F: 17, g_B: 17, generated: {'F': 129,921, 'B': 121,373}, MM: 0, MMPER: -1.0%
[00:00:10:24:307] 
---------- SM_Grids/8x8_grid_with_random_blocks_12per_6 ----------
[00:00:00:12:401] Path of length 34 found: [0, 8, 9, 10, 2, 3, 4, 5, 6, 7, 15, 23, 22, 21, 20, 19, 27, 26, 25, 24, 32, 40, 48, 49, 50, 51, 43, 44, 36, 37, 38, 46, 54, 62, 63]
[00:00:00:12:401] ! Unidirectional s-t. expansions: 4,644, time: 12,401 [ms], path length: 34 [edges], generated: 7,040
[00:00:00:08:032] Path of length 34 found: [63, 62, 54, 46, 38, 37, 36, 44, 43, 42, 50, 49, 48, 40, 32, 24, 25, 26, 27, 19, 20, 21, 22, 23, 15, 7, 6, 5, 4, 3, 2, 10, 9, 8, 0]
[00:00:00:08:032] ! Unidirectional t-s. expansions: 3,309, time: 8,032 [ms], path length: 34 [edges], generated: 4,632
[00:00:03:03:097] Path of length 34 found: [0, 8, 9, 10, 2, 3, 4, 5, 6, 7, 15, 23, 22, 21, 20, 19, 27, 26, 25, 24, 32, 40, 48, 49, 50, 42, 43, 44, 36, 37, 38, 46, 54, 62, 63]
[00:00:03:03:491] ! Bidirectional. expansions: 20,899, time: 183,097 [ms], path length: 34 [edges], g_F: 17, g_B: 17, generated: {'F': 35,891, 'B': 36,487}, MM: 0, MMPER: -1.0%
[00:00:03:03:492] 
---------- SM_Grids/8x8_grid_with_random_blocks_12per_7 ----------
[00:00:00:06:702] Path of length 36 found: [0, 8, 16, 24, 25, 26, 18, 19, 20, 12, 13, 5, 6, 7, 15, 23, 22, 30, 38, 37, 36, 35, 43, 42, 41, 40, 48, 56, 57, 58, 59, 60, 52, 53, 54, 62, 63]
[00:00:00:06:702] ! Unidirectional s-t. expansions: 1,958, time: 6,702 [ms], path length: 36 [edges], generated: 3,161
[00:00:00:09:239] Path of length 36 found: [63, 55, 47, 39, 38, 30, 22, 23, 15, 7, 6, 5, 13, 12, 20, 19, 18, 26, 34, 42, 43, 44, 45, 53, 61, 60, 59, 58, 57, 49, 48, 40, 32, 24, 16, 8, 0]
[00:00:00:09:240] ! Unidirectional t-s. expansions: 3,493, time: 9,239 [ms], path length: 36 [edges], generated: 5,108
[00:00:04:32:972] Path of length 36 found: [0, 8, 16, 24, 25, 26, 34, 42, 41, 40, 48, 56, 57, 58, 59, 60, 61, 53, 45, 44, 36, 28, 20, 12, 13, 5, 6, 7, 15, 23, 22, 30, 38, 39, 47, 55, 63]
[00:00:04:33:364] ! Bidirectional. expansions: 32,444, time: 272,972 [ms], path length: 36 [edges], g_F: 18, g_B: 18, generated: {'F': 51,072, 'B': 53,915}, MM: 0, MMPER: -1.0%
[00:00:04:33:364] 
---------- SM_Grids/8x8_grid_with_random_blocks_12per_8 ----------
[00:00:00:04:816] Path of length 36 found: [0, 8, 16, 24, 32, 33, 41, 49, 57, 58, 59, 60, 52, 44, 43, 35, 27, 26, 18, 10, 2, 3, 4, 5, 6, 7, 15, 23, 22, 21, 29, 37, 38, 46, 47, 55, 63]
[00:00:00:04:816] ! Unidirectional s-t. expansions: 1,269, time: 4,816 [ms], path length: 36 [edges], generated: 2,235
[00:00:00:05:204] Path of length 36 found: [63, 55, 47, 39, 38, 30, 22, 23, 15, 7, 6, 5, 4, 12, 20, 28, 27, 35, 43, 44, 52, 60, 59, 58, 57, 49, 41, 33, 32, 24, 16, 17, 18, 10, 2, 1, 0]
[00:00:00:05:204] ! Unidirectional t-s. expansions: 1,723, time: 5,204 [ms], path length: 36 [edges], generated: 2,698
[00:00:01:30:928] Path of length 36 found: [0, 8, 16, 24, 32, 33, 41, 49, 57, 58, 59, 60, 52, 44, 43, 35, 27, 26, 18, 10, 2, 3, 4, 5, 6, 7, 15, 23, 22, 21, 29, 37, 38, 39, 47, 55, 63]
[00:00:01:31:320] ! Bidirectional. expansions: 10,399, time: 90,928 [ms], path length: 36 [edges], g_F: 18, g_B: 18, generated: {'F': 17,889, 'B': 18,056}, MM: 0, MMPER: -1.0%
[00:00:01:31:320] 
---------- SM_Grids/8x8_grid_with_random_blocks_12per_9 ----------
[00:00:00:16:338] Path of length 36 found: [0, 8, 9, 10, 18, 26, 25, 24, 32, 40, 48, 56, 57, 58, 50, 51, 43, 35, 36, 28, 20, 12, 4, 5, 6, 7, 15, 23, 31, 30, 38, 46, 45, 53, 61, 62, 63]
[00:00:00:16:338] ! Unidirectional s-t. expansions: 6,660, time: 16,338 [ms], path length: 36 [edges], generated: 9,247
[00:00:00:11:276] Path of length 36 found: [63, 55, 47, 46, 45, 53, 61, 60, 59, 51, 50, 49, 48, 40, 32, 24, 25, 26, 34, 35, 36, 28, 29, 30, 31, 23, 15, 7, 6, 5, 4, 12, 11, 10, 2, 1, 0]
[00:00:00:11:276] ! Unidirectional t-s. expansions: 3,767, time: 11,276 [ms], path length: 36 [edges], generated: 5,980
[00:00:07:15:074] Path of length 36 found: [0, 8, 9, 10, 11, 12, 4, 5, 6, 7, 15, 23, 31, 30, 29, 28, 36, 35, 34, 26, 25, 24, 32, 40, 48, 56, 57, 58, 50, 51, 52, 53, 45, 46, 47, 55, 63]
[00:00:07:15:467] ! Bidirectional. expansions: 54,965, time: 435,074 [ms], path length: 36 [edges], g_F: 18, g_B: 18, generated: {'F': 84,605, 'B': 88,124}, MM: 0, MMPER: -1.0%

[00:00:07:15:467] average expansions: (3,099, 3,268, 32,001, 0)
[00:00:07:15:467] average time: (9,166, 9,472, 271,845, 0)
[00:00:07:15:467] X-DFBnB: 3,099 , 9,166 (expansions , time[ms])
[00:00:07:15:467] BiX-DFBnB: 32,001 , 271,845 (expansions , time[ms])

