Mon 09 Mar 2026 17:31:53 IST

SLURM_JOBID:		 15365919
SLURM_JOB_NODELIST:	 ise-cpu256-13 

--------------------------
date: SM_Grids
number_of_graphs: 10
graph_type: grid
size_of_graphs: [8, 9]
heuristic: bcc_heuristic
snake: True
run_uni: True
run_bi: True
run_multi: False
solution_vertices: []
algorithms: ['DFBnB']
bsd: False
cube_first_dims: 4
cube_buffer_dim: None
backward_sym_generation: False
sym_coil: False
prefix_set: None

---------- SM_Grids/8x9_grid_with_random_blocks_16per_0 ----------
[00:00:00:03:128] Path of length 39 found: [0, 9, 10, 19, 28, 27, 36, 45, 54, 63, 64, 65, 56, 47, 38, 39, 30, 21, 12, 3, 4, 5, 6, 15, 16, 25, 34, 33, 32, 41, 50, 49, 58, 67, 68, 69, 60, 61, 62, 71]
[00:00:00:03:129] ! Unidirectional s-t. expansions: 791, time: 3,129 [ms], path length: 39 [edges], generated: 1,389
[00:00:00:07:753] Path of length 39 found: [71, 62, 61, 60, 69, 68, 67, 58, 49, 50, 41, 42, 33, 24, 25, 16, 7, 6, 5, 4, 3, 12, 21, 30, 39, 38, 47, 56, 65, 64, 63, 54, 45, 36, 27, 28, 19, 10, 1, 0]
[00:00:00:07:753] ! Unidirectional t-s. expansions: 2,651, time: 7,753 [ms], path length: 39 [edges], generated: 3,765
[00:00:04:31:989] Path of length 39 found: [0, 9, 10, 19, 28, 27, 36, 45, 54, 63, 64, 65, 56, 47, 38, 39, 30, 21, 12, 3, 4, 5, 6, 7, 16, 25, 34, 33, 42, 41, 50, 49, 58, 67, 68, 69, 60, 61, 62, 71]
[00:00:04:32:445] ! Bidirectional. expansions: 210,842, time: 271,989 [ms], path length: 39 [edges], g_F: 20, g_B: 19, generated: {'F': 159,371, 'B': 161,032}, MM: 1, MMPER: 1.5%
[00:00:04:32:445] 
---------- SM_Grids/8x9_grid_with_random_blocks_16per_1 ----------
[00:00:00:35:774] Path of length 29 found: [0, 1, 10, 19, 28, 29, 38, 47, 56, 57, 58, 49, 40, 41, 32, 23, 14, 15, 16, 17, 26, 35, 34, 43, 52, 51, 60, 69, 70, 71]
[00:00:00:35:774] ! Unidirectional s-t. expansions: 10,101, time: 35,774 [ms], path length: 29 [edges], generated: 18,535
[00:00:00:28:060] Path of length 29 found: [71, 70, 69, 60, 51, 52, 53, 44, 35, 26, 17, 16, 15, 24, 23, 22, 31, 40, 49, 58, 57, 56, 47, 38, 29, 28, 27, 18, 9, 0]
[00:00:00:28:060] ! Unidirectional t-s. expansions: 9,499, time: 28,060 [ms], path length: 29 [edges], generated: 16,638
[00:00:03:26:082] Path of length 29 found: [0, 9, 10, 19, 28, 29, 38, 47, 56, 57, 58, 59, 50, 41, 40, 31, 22, 23, 24, 15, 16, 17, 26, 35, 34, 43, 52, 53, 62, 71]
[00:00:03:26:525] ! Bidirectional. expansions: 137,248, time: 206,082 [ms], path length: 29 [edges], g_F: 15, g_B: 14, generated: {'F': 119,206, 'B': 118,172}, MM: 1, MMPER: 2.3333333333333335%
[00:00:03:26:525] 
---------- SM_Grids/8x9_grid_with_random_blocks_16per_2 ----------
[00:00:00:05:526] Path of length 39 found: [0, 9, 10, 11, 2, 3, 4, 13, 14, 15, 16, 17, 26, 35, 44, 43, 42, 33, 32, 31, 40, 39, 38, 29, 28, 27, 36, 45, 46, 55, 64, 65, 66, 57, 58, 59, 68, 69, 70, 71]
[00:00:00:05:526] ! Unidirectional s-t. expansions: 1,442, time: 5,526 [ms], path length: 39 [edges], generated: 2,484
[00:00:00:01:465] Path of length 39 found: [71, 70, 69, 68, 59, 58, 57, 66, 65, 64, 55, 46, 45, 36, 27, 28, 29, 38, 39, 40, 31, 32, 33, 42, 43, 44, 35, 26, 17, 16, 15, 14, 5, 4, 3, 2, 11, 10, 9, 0]
[00:00:00:01:465] ! Unidirectional t-s. expansions: 348, time: 1,465 [ms], path length: 39 [edges], generated: 606
[00:00:00:18:567] Path of length 39 found: [0, 9, 10, 11, 2, 3, 4, 5, 14, 15, 16, 17, 26, 35, 44, 43, 42, 33, 32, 31, 40, 39, 38, 29, 28, 27, 36, 45, 46, 55, 64, 65, 66, 57, 58, 59, 68, 69, 70, 71]
[00:00:00:19:012] ! Bidirectional. expansions: 13,704, time: 18,567 [ms], path length: 39 [edges], g_F: 20, g_B: 19, generated: {'F': 10,759, 'B': 10,431}, MM: 1, MMPER: 1.5%
[00:00:00:19:012] 
---------- SM_Grids/8x9_grid_with_random_blocks_16per_3 ----------
[00:00:00:02:012] Path of length 37 found: [0, 1, 2, 3, 4, 5, 14, 23, 24, 25, 34, 35, 44, 53, 52, 51, 42, 41, 40, 31, 30, 21, 20, 19, 28, 37, 46, 55, 64, 65, 66, 57, 58, 59, 68, 69, 70, 71]
[00:00:00:02:012] ! Unidirectional s-t. expansions: 595, time: 2,012 [ms], path length: 37 [edges], generated: 1,046
[00:00:00:02:328] Path of length 37 found: [71, 70, 69, 68, 59, 58, 57, 66, 65, 64, 55, 46, 37, 28, 19, 20, 21, 30, 39, 40, 41, 42, 51, 52, 53, 44, 35, 26, 25, 24, 23, 14, 5, 4, 3, 2, 1, 0]
[00:00:00:02:328] ! Unidirectional t-s. expansions: 508, time: 2,328 [ms], path length: 37 [edges], generated: 931
[00:00:00:45:314] Path of length 37 found: [0, 1, 2, 3, 4, 5, 14, 23, 24, 25, 26, 35, 44, 53, 52, 51, 42, 41, 40, 39, 30, 21, 20, 19, 28, 37, 46, 55, 64, 65, 66, 57, 58, 59, 68, 69, 70, 71]
[00:00:00:45:751] ! Bidirectional. expansions: 31,344, time: 45,314 [ms], path length: 37 [edges], g_F: 19, g_B: 18, generated: {'F': 27,016, 'B': 25,005}, MM: 1, MMPER: 1.6315789473684212%
[00:00:00:45:751] 
---------- SM_Grids/8x9_grid_with_random_blocks_16per_4 ----------
[00:00:00:04:799] Path of length 33 found: [0, 1, 10, 19, 18, 27, 36, 37, 38, 47, 48, 49, 40, 31, 30, 21, 12, 3, 4, 5, 6, 7, 16, 25, 34, 35, 44, 53, 52, 51, 60, 69, 70, 71]
[00:00:00:04:800] ! Unidirectional s-t. expansions: 1,179, time: 4,799 [ms], path length: 33 [edges], generated: 2,065
[00:00:00:16:638] Path of length 33 found: [71, 70, 69, 60, 51, 52, 53, 44, 35, 34, 25, 16, 7, 6, 5, 4, 3, 12, 21, 30, 31, 40, 49, 48, 47, 38, 37, 36, 27, 18, 19, 10, 1, 0]
[00:00:00:16:638] ! Unidirectional t-s. expansions: 4,718, time: 16,638 [ms], path length: 33 [edges], generated: 7,805
[00:00:01:25:052] Path of length 33 found: [0, 1, 10, 19, 18, 27, 36, 37, 38, 47, 48, 49, 40, 31, 30, 21, 12, 3, 4, 5, 6, 7, 16, 25, 34, 35, 44, 53, 52, 51, 60, 69, 70, 71]
[00:00:01:25:525] ! Bidirectional. expansions: 61,916, time: 85,052 [ms], path length: 33 [edges], g_F: 17, g_B: 16, generated: {'F': 48,949, 'B': 46,802}, MM: 1, MMPER: 1.9411764705882355%
[00:00:01:25:525] 
---------- SM_Grids/8x9_grid_with_random_blocks_16per_5 ----------
[00:00:00:03:015] Path of length 31 found: [0, 9, 18, 19, 28, 37, 38, 39, 30, 21, 22, 23, 24, 15, 6, 7, 8, 17, 26, 35, 34, 43, 42, 41, 50, 49, 58, 67, 68, 69, 70, 71]
[00:00:00:03:015] ! Unidirectional s-t. expansions: 844, time: 3,015 [ms], path length: 31 [edges], generated: 1,324
[00:00:00:02:405] Path of length 31 found: [71, 70, 69, 60, 59, 58, 57, 48, 39, 40, 41, 42, 43, 34, 35, 26, 17, 8, 7, 6, 15, 24, 23, 22, 13, 12, 11, 20, 19, 18, 9, 0]
[00:00:00:02:405] ! Unidirectional t-s. expansions: 669, time: 2,405 [ms], path length: 31 [edges], generated: 1,127
[00:00:00:19:984] Path of length 31 found: [0, 9, 18, 19, 20, 11, 12, 13, 22, 23, 24, 15, 6, 7, 8, 17, 26, 35, 34, 43, 42, 41, 40, 39, 48, 57, 58, 59, 60, 69, 70, 71]
[00:00:00:20:428] ! Bidirectional. expansions: 12,576, time: 19,984 [ms], path length: 31 [edges], g_F: 16, g_B: 15, generated: {'F': 10,744, 'B': 10,006}, MM: 1, MMPER: 2.125%
[00:00:00:20:428] 
---------- SM_Grids/8x9_grid_with_random_blocks_16per_6 ----------
[00:00:00:04:350] Path of length 25 found: [0, 1, 2, 11, 20, 19, 18, 27, 36, 37, 46, 55, 64, 65, 66, 57, 58, 49, 40, 41, 42, 51, 60, 61, 62, 71]
[00:00:00:04:350] ! Unidirectional s-t. expansions: 912, time: 4,350 [ms], path length: 25 [edges], generated: 1,875
[00:00:00:02:186] Path of length 25 found: [71, 62, 53, 52, 51, 42, 41, 40, 49, 58, 67, 66, 65, 56, 47, 46, 37, 36, 27, 18, 19, 20, 11, 2, 1, 0]
[00:00:00:02:186] ! Unidirectional t-s. expansions: 602, time: 2,186 [ms], path length: 25 [edges], generated: 984
[00:00:00:15:077] Path of length 25 found: [0, 1, 2, 11, 20, 19, 18, 27, 36, 37, 46, 47, 56, 65, 66, 67, 58, 49, 40, 41, 42, 51, 52, 53, 62, 71]
[00:00:00:15:515] ! Bidirectional. expansions: 12,036, time: 15,077 [ms], path length: 25 [edges], g_F: 13, g_B: 12, generated: {'F': 9,643, 'B': 9,302}, MM: 1, MMPER: 2.8461538461538463%
[00:00:00:15:515] 
---------- SM_Grids/8x9_grid_with_random_blocks_16per_7 ----------
[00:00:00:03:151] Path of length 37 found: [0, 1, 10, 19, 18, 27, 36, 45, 46, 47, 56, 57, 58, 67, 68, 69, 60, 51, 50, 41, 32, 31, 22, 21, 12, 3, 4, 5, 14, 15, 24, 25, 34, 43, 44, 53, 62, 71]
[00:00:00:03:151] ! Unidirectional s-t. expansions: 1,019, time: 3,151 [ms], path length: 37 [edges], generated: 1,692
[00:00:00:02:794] Path of length 37 found: [71, 62, 53, 44, 43, 34, 25, 24, 15, 6, 5, 4, 3, 12, 21, 30, 31, 32, 41, 50, 51, 60, 69, 68, 67, 58, 57, 48, 47, 38, 37, 36, 27, 18, 19, 10, 1, 0]
[00:00:00:02:794] ! Unidirectional t-s. expansions: 665, time: 2,794 [ms], path length: 37 [edges], generated: 1,177
[00:00:00:56:609] Path of length 37 found: [0, 1, 10, 19, 18, 27, 36, 45, 46, 47, 56, 57, 58, 67, 68, 69, 60, 51, 50, 41, 32, 31, 30, 21, 12, 3, 4, 5, 6, 15, 24, 25, 34, 43, 44, 53, 62, 71]
[00:00:00:57:053] ! Bidirectional. expansions: 39,176, time: 56,610 [ms], path length: 37 [edges], g_F: 19, g_B: 18, generated: {'F': 32,869, 'B': 32,284}, MM: 1, MMPER: 1.6315789473684212%
[00:00:00:57:053] 
---------- SM_Grids/8x9_grid_with_random_blocks_16per_8 ----------
[00:00:00:04:904] Path of length 35 found: [0, 9, 18, 27, 36, 45, 54, 63, 64, 65, 66, 67, 68, 59, 50, 49, 48, 39, 38, 29, 20, 11, 12, 13, 22, 23, 24, 25, 26, 35, 44, 43, 52, 61, 62, 71]
[00:00:00:04:904] ! Unidirectional s-t. expansions: 1,325, time: 4,904 [ms], path length: 35 [edges], generated: 2,195
[00:00:00:09:344] Path of length 35 found: [71, 62, 61, 52, 43, 44, 35, 26, 25, 24, 23, 22, 13, 12, 11, 20, 29, 38, 39, 48, 49, 50, 59, 68, 67, 66, 65, 56, 55, 54, 45, 36, 27, 18, 9, 0]
[00:00:00:09:344] ! Unidirectional t-s. expansions: 3,804, time: 9,344 [ms], path length: 35 [edges], generated: 5,327
[00:00:01:17:239] Path of length 35 found: [0, 9, 18, 27, 36, 45, 54, 63, 64, 65, 66, 67, 68, 59, 50, 49, 48, 39, 38, 29, 20, 11, 12, 13, 22, 23, 24, 25, 26, 35, 44, 43, 52, 61, 62, 71]
[00:00:01:17:682] ! Bidirectional. expansions: 57,188, time: 77,239 [ms], path length: 35 [edges], g_F: 18, g_B: 17, generated: {'F': 46,975, 'B': 44,805}, MM: 1, MMPER: 1.7777777777777777%
[00:00:01:17:682] 
---------- SM_Grids/8x9_grid_with_random_blocks_16per_9 ----------
[00:00:00:07:858] Path of length 35 found: [0, 1, 10, 19, 18, 27, 36, 45, 46, 47, 48, 57, 58, 59, 50, 41, 40, 31, 22, 21, 12, 3, 4, 5, 14, 15, 24, 33, 34, 35, 44, 53, 52, 61, 70, 71]
[00:00:00:07:858] ! Unidirectional s-t. expansions: 2,662, time: 7,858 [ms], path length: 35 [edges], generated: 3,847
[00:00:00:07:832] Path of length 35 found: [71, 62, 61, 52, 43, 44, 35, 26, 25, 24, 15, 6, 5, 4, 3, 12, 21, 22, 31, 32, 41, 50, 59, 58, 57, 48, 39, 38, 37, 36, 27, 18, 19, 10, 1, 0]
[00:00:00:07:832] ! Unidirectional t-s. expansions: 2,152, time: 7,832 [ms], path length: 35 [edges], generated: 3,672
[00:00:01:06:068] Path of length 35 found: [0, 9, 10, 19, 28, 27, 36, 45, 46, 47, 48, 57, 58, 59, 50, 41, 40, 31, 22, 21, 12, 3, 4, 5, 6, 15, 24, 25, 26, 35, 44, 53, 52, 61, 70, 71]
[00:00:01:06:508] ! Bidirectional. expansions: 46,672, time: 66,068 [ms], path length: 35 [edges], g_F: 18, g_B: 17, generated: {'F': 40,138, 'B': 37,400}, MM: 1, MMPER: 1.7777777777777777%

[00:00:01:06:508] average expansions: (2,087, 2,562, 62,270, 0)
[00:00:01:06:508] average time: (7,452, 8,080, 86,198, 0)
[00:00:01:06:508] X-DFBnB: 2,087 , 7,452 (expansions , time[ms])
[00:00:01:06:508] BiX-DFBnB: 62,270 , 86,198 (expansions , time[ms])

