Thu 12 Mar 2026 16:04:39 IST

SLURM_JOBID:		 15618418
SLURM_JOB_NODELIST:	 ise-cpu256-30 

--------------------------
date: SM_Grids
number_of_graphs: 10
graph_type: grid
size_of_graphs: [8, 8]
heuristic: bcc_heuristic
snake: True
run_uni: True
run_bi: True
run_multi: False
solution_vertices: []
algorithms: ['full', 'DFBnB']
bsd: False
cube_first_dims: 4
cube_buffer_dim: None
backward_sym_generation: False
sym_coil: False
prefix_set: None

---------- SM_Grids/8x8_grid_with_random_blocks_12per_0 ----------
[00:00:00:00:895] Path of length 36 found: [0, 8, 16, 24, 25, 33, 41, 40, 48, 56, 57, 58, 59, 60, 61, 53, 45, 44, 43, 35, 27, 19, 18, 10, 2, 3, 4, 12, 13, 21, 22, 30, 31, 39, 47, 55, 63]
[00:00:00:00:895] ! Unidirectional s-t. expansions: 462, time: 895 [ms], path length: 36 [edges], generated: 740
[00:00:00:00:448] Path of length 36 found: [63, 55, 47, 39, 31, 30, 22, 14, 13, 12, 4, 3, 2, 10, 18, 19, 27, 28, 36, 37, 45, 53, 61, 60, 59, 58, 57, 56, 48, 40, 41, 33, 25, 24, 16, 8, 0]
[00:00:00:00:449] ! Unidirectional t-s. expansions: 258, time: 448 [ms], path length: 36 [edges], generated: 418
[00:00:00:01:343] Path of length 36 found: [0, 8, 16, 24, 25, 33, 41, 40, 48, 56, 57, 58, 59, 60, 61, 53, 45, 37, 36, 28, 27, 19, 18, 10, 2, 3, 4, 12, 13, 14, 22, 30, 31, 39, 47, 55, 63]
[00:00:00:01:799] ! Bidirectional. expansions: 504, time: 1,343 [ms], path length: 36 [edges], g_F: 16, g_B: 20, generated: 868, MM: 4, MMPER: 9.81081081081081%
[00:00:00:01:799] 
---------- SM_Grids/8x8_grid_with_random_blocks_12per_1 ----------
[00:00:00:02:936] Path of length 32 found: [0, 8, 9, 10, 2, 3, 4, 5, 6, 14, 22, 21, 20, 19, 27, 26, 25, 33, 41, 49, 50, 58, 59, 60, 52, 44, 36, 37, 38, 39, 47, 55, 63]
[00:00:00:02:937] ! Unidirectional s-t. expansions: 1,396, time: 2,936 [ms], path length: 32 [edges], generated: 2,479
[00:00:00:05:134] Path of length 32 found: [63, 55, 47, 39, 38, 37, 45, 53, 61, 60, 59, 51, 50, 49, 41, 33, 34, 26, 27, 19, 20, 21, 22, 14, 6, 5, 4, 3, 2, 10, 9, 8, 0]
[00:00:00:05:134] ! Unidirectional t-s. expansions: 2,814, time: 5,134 [ms], path length: 32 [edges], generated: 4,857
[00:00:00:06:606] Path of length 32 found: [0, 8, 9, 10, 2, 3, 4, 5, 6, 14, 22, 21, 20, 19, 27, 26, 34, 33, 41, 49, 50, 51, 59, 60, 61, 53, 45, 37, 38, 39, 47, 55, 63]
[00:00:00:07:049] ! Bidirectional. expansions: 2,655, time: 6,606 [ms], path length: 32 [edges], g_F: 14, g_B: 18, generated: 4,718, MM: 4, MMPER: 11.121212121212121%
[00:00:00:07:049] 
---------- SM_Grids/8x8_grid_with_random_blocks_12per_2 ----------
[00:00:00:00:993] Path of length 34 found: [0, 1, 2, 3, 4, 5, 13, 14, 15, 23, 31, 30, 38, 46, 45, 44, 36, 28, 20, 19, 18, 17, 16, 24, 32, 33, 34, 42, 50, 58, 59, 60, 61, 62, 63]
[00:00:00:00:994] ! Unidirectional s-t. expansions: 440, time: 993 [ms], path length: 34 [edges], generated: 742
[00:00:00:01:401] Path of length 34 found: [63, 55, 47, 46, 38, 30, 31, 23, 15, 14, 13, 5, 4, 3, 2, 10, 18, 19, 27, 28, 36, 44, 52, 60, 59, 58, 50, 42, 34, 33, 25, 24, 16, 8, 0]
[00:00:00:01:401] ! Unidirectional t-s. expansions: 644, time: 1,401 [ms], path length: 34 [edges], generated: 1,124
[00:00:00:02:142] Path of length 34 found: [0, 1, 2, 3, 4, 5, 13, 14, 15, 23, 31, 30, 29, 28, 20, 19, 18, 17, 16, 24, 32, 33, 34, 42, 50, 58, 59, 60, 52, 44, 45, 46, 47, 55, 63]
[00:00:00:02:571] ! Bidirectional. expansions: 777, time: 2,142 [ms], path length: 34 [edges], g_F: 16, g_B: 18, generated: 1,401, MM: 2, MMPER: 4.714285714285714%
[00:00:00:02:572] 
---------- SM_Grids/8x8_grid_with_random_blocks_12per_3 ----------
[00:00:00:10:260] Path of length 34 found: [0, 8, 16, 24, 32, 33, 41, 49, 57, 58, 59, 60, 52, 44, 43, 35, 27, 19, 18, 10, 2, 3, 4, 5, 6, 7, 15, 23, 22, 30, 38, 39, 47, 55, 63]
[00:00:00:10:260] ! Unidirectional s-t. expansions: 7,079, time: 10,260 [ms], path length: 34 [edges], generated: 11,012
[00:00:00:12:551] Path of length 34 found: [63, 62, 54, 46, 47, 39, 31, 30, 22, 14, 6, 5, 4, 12, 20, 19, 27, 35, 36, 44, 52, 60, 59, 58, 57, 49, 41, 33, 32, 24, 16, 17, 9, 1, 0]
[00:00:00:12:552] ! Unidirectional t-s. expansions: 9,858, time: 12,552 [ms], path length: 34 [edges], generated: 15,257
[00:00:00:11:367] Path of length 34 found: [0, 8, 16, 24, 32, 33, 41, 49, 57, 58, 59, 60, 52, 44, 43, 35, 27, 19, 18, 10, 2, 3, 4, 5, 6, 14, 22, 30, 31, 39, 47, 46, 54, 62, 63]
[00:00:00:11:787] ! Bidirectional. expansions: 4,942, time: 11,367 [ms], path length: 34 [edges], g_F: 19, g_B: 15, generated: 8,364, MM: 4, MMPER: 10.428571428571429%
[00:00:00:11:787] 
---------- SM_Grids/8x8_grid_with_random_blocks_12per_4 ----------
[00:00:00:03:450] Path of length 34 found: [0, 8, 16, 17, 18, 10, 11, 12, 4, 5, 6, 14, 22, 23, 31, 39, 38, 37, 29, 28, 27, 35, 34, 33, 41, 49, 57, 58, 59, 51, 52, 53, 61, 62, 63]
[00:00:00:03:450] ! Unidirectional s-t. expansions: 1,455, time: 3,450 [ms], path length: 34 [edges], generated: 2,582
[00:00:00:04:119] Path of length 34 found: [63, 55, 54, 53, 61, 60, 59, 58, 57, 49, 41, 42, 34, 35, 27, 28, 29, 37, 38, 39, 31, 23, 22, 14, 6, 5, 4, 12, 11, 10, 18, 17, 16, 8, 0]
[00:00:00:04:119] ! Unidirectional t-s. expansions: 1,721, time: 4,119 [ms], path length: 34 [edges], generated: 3,259
[00:00:00:06:754] Path of length 34 found: [0, 8, 16, 24, 25, 26, 18, 19, 11, 12, 4, 5, 6, 14, 22, 23, 31, 39, 38, 37, 36, 44, 43, 42, 41, 49, 57, 58, 59, 60, 61, 53, 54, 55, 63]
[00:00:00:07:182] ! Bidirectional. expansions: 2,382, time: 6,754 [ms], path length: 34 [edges], g_F: 19, g_B: 15, generated: 4,581, MM: 4, MMPER: 10.428571428571429%
[00:00:00:07:182] 
---------- SM_Grids/8x8_grid_with_random_blocks_12per_5 ----------
[00:00:00:06:347] Path of length 34 found: [0, 1, 2, 3, 4, 5, 6, 14, 15, 23, 31, 39, 47, 46, 45, 37, 29, 21, 20, 19, 18, 17, 16, 24, 32, 33, 34, 35, 43, 51, 59, 60, 61, 62, 63]
[00:00:00:06:348] ! Unidirectional s-t. expansions: 3,035, time: 6,347 [ms], path length: 34 [edges], generated: 5,256
[00:00:00:06:533] Path of length 34 found: [63, 55, 47, 39, 31, 23, 15, 14, 6, 5, 4, 3, 11, 19, 20, 28, 29, 37, 45, 53, 61, 60, 59, 51, 43, 35, 34, 33, 32, 24, 16, 17, 9, 1, 0]
[00:00:00:06:533] ! Unidirectional t-s. expansions: 3,107, time: 6,533 [ms], path length: 34 [edges], generated: 5,216
[00:00:00:10:526] Path of length 34 found: [0, 8, 9, 17, 25, 24, 32, 40, 41, 42, 50, 58, 59, 60, 52, 44, 45, 37, 29, 28, 20, 19, 11, 3, 4, 5, 6, 14, 15, 23, 31, 39, 47, 55, 63]
[00:00:00:10:997] ! Bidirectional. expansions: 4,185, time: 10,526 [ms], path length: 34 [edges], g_F: 15, g_B: 19, generated: 7,279, MM: 4, MMPER: 10.428571428571429%
[00:00:00:10:997] 
---------- SM_Grids/8x8_grid_with_random_blocks_12per_6 ----------
[00:00:00:04:134] Path of length 34 found: [0, 8, 9, 10, 2, 3, 4, 5, 6, 7, 15, 23, 22, 21, 20, 19, 27, 26, 25, 24, 32, 40, 48, 49, 50, 51, 43, 44, 36, 37, 38, 46, 54, 62, 63]
[00:00:00:04:134] ! Unidirectional s-t. expansions: 2,097, time: 4,134 [ms], path length: 34 [edges], generated: 3,505
[00:00:00:02:239] Path of length 34 found: [63, 62, 54, 46, 38, 37, 36, 44, 43, 42, 50, 49, 48, 40, 32, 24, 25, 26, 27, 19, 20, 21, 22, 23, 15, 7, 6, 5, 4, 3, 2, 10, 9, 8, 0]
[00:00:00:02:240] ! Unidirectional t-s. expansions: 934, time: 2,239 [ms], path length: 34 [edges], generated: 1,662
[00:00:00:05:389] Path of length 34 found: [63, 62, 54, 46, 38, 37, 36, 44, 43, 42, 50, 49, 48, 40, 32, 24, 25, 26, 27, 19, 20, 21, 22, 23, 15, 7, 6, 5, 4, 3, 2, 10, 9, 8, 0]
[00:00:00:05:812] ! Bidirectional. expansions: 2,037, time: 5,389 [ms], path length: 34 [edges], g_F: 15, g_B: 19, generated: 3,653, MM: 4, MMPER: 10.428571428571429%
[00:00:00:05:812] 
---------- SM_Grids/8x8_grid_with_random_blocks_12per_7 ----------
[00:00:00:03:846] Path of length 36 found: [0, 8, 9, 10, 18, 19, 20, 12, 13, 5, 6, 7, 15, 23, 22, 30, 38, 37, 36, 44, 43, 42, 34, 33, 32, 40, 48, 56, 57, 58, 59, 60, 61, 53, 54, 55, 63]
[00:00:00:03:847] ! Unidirectional s-t. expansions: 1,765, time: 3,846 [ms], path length: 36 [edges], generated: 2,949
[00:00:00:04:756] Path of length 36 found: [63, 55, 47, 39, 38, 30, 22, 23, 15, 7, 6, 5, 13, 12, 20, 28, 27, 26, 34, 42, 43, 44, 45, 53, 61, 60, 59, 58, 57, 49, 48, 40, 32, 24, 16, 8, 0]
[00:00:00:04:757] ! Unidirectional t-s. expansions: 2,755, time: 4,756 [ms], path length: 36 [edges], generated: 4,351
[00:00:00:06:725] Path of length 36 found: [63, 55, 47, 39, 38, 30, 22, 23, 15, 7, 6, 5, 13, 12, 20, 28, 27, 35, 43, 44, 45, 53, 61, 60, 59, 58, 57, 56, 48, 40, 32, 24, 25, 17, 9, 8, 0]
[00:00:00:07:181] ! Bidirectional. expansions: 2,570, time: 6,726 [ms], path length: 36 [edges], g_F: 20, g_B: 16, generated: 4,485, MM: 4, MMPER: 9.81081081081081%
[00:00:00:07:181] 
---------- SM_Grids/8x8_grid_with_random_blocks_12per_8 ----------
[00:00:00:02:162] Path of length 36 found: [0, 8, 16, 24, 32, 33, 41, 49, 57, 58, 59, 60, 52, 44, 43, 35, 27, 26, 18, 10, 2, 3, 4, 5, 6, 7, 15, 23, 22, 21, 29, 37, 38, 46, 47, 55, 63]
[00:00:00:02:163] ! Unidirectional s-t. expansions: 935, time: 2,162 [ms], path length: 36 [edges], generated: 1,640
[00:00:00:02:872] Path of length 36 found: [63, 55, 47, 39, 38, 37, 29, 21, 22, 23, 15, 7, 6, 5, 4, 3, 2, 10, 18, 26, 27, 35, 43, 44, 52, 60, 59, 58, 57, 49, 41, 33, 32, 24, 16, 8, 0]
[00:00:00:02:872] ! Unidirectional t-s. expansions: 1,360, time: 2,872 [ms], path length: 36 [edges], generated: 2,283
[00:00:00:04:304] Path of length 36 found: [0, 1, 2, 10, 18, 17, 16, 24, 32, 33, 41, 49, 57, 58, 59, 60, 52, 44, 43, 35, 27, 28, 20, 12, 4, 5, 6, 7, 15, 23, 22, 30, 38, 39, 47, 55, 63]
[00:00:00:04:730] ! Bidirectional. expansions: 1,634, time: 4,304 [ms], path length: 36 [edges], g_F: 19, g_B: 17, generated: 2,980, MM: 2, MMPER: 4.405405405405405%
[00:00:00:04:730] 
---------- SM_Grids/8x8_grid_with_random_blocks_12per_9 ----------
[00:00:00:06:113] Path of length 36 found: [0, 8, 9, 10, 11, 19, 20, 21, 13, 5, 6, 7, 15, 23, 31, 30, 38, 37, 36, 35, 34, 26, 25, 24, 32, 40, 48, 56, 57, 58, 50, 51, 52, 60, 61, 62, 63]
[00:00:00:06:113] ! Unidirectional s-t. expansions: 3,799, time: 6,113 [ms], path length: 36 [edges], generated: 5,645
[00:00:00:06:458] Path of length 36 found: [63, 62, 61, 53, 45, 46, 38, 30, 31, 23, 15, 7, 6, 5, 13, 21, 20, 28, 36, 35, 43, 51, 50, 58, 57, 56, 48, 40, 41, 33, 25, 26, 18, 10, 2, 1, 0]
[00:00:00:06:458] ! Unidirectional t-s. expansions: 3,445, time: 6,458 [ms], path length: 36 [edges], generated: 5,503
[00:00:00:09:148] Path of length 36 found: [0, 8, 9, 10, 11, 19, 20, 21, 13, 5, 6, 7, 15, 23, 31, 30, 38, 37, 36, 35, 34, 26, 25, 24, 32, 40, 48, 56, 57, 58, 50, 51, 52, 60, 61, 62, 63]
[00:00:00:09:573] ! Bidirectional. expansions: 3,648, time: 9,148 [ms], path length: 36 [edges], g_F: 18, g_B: 18, generated: 6,100, MM: 0, MMPER: -1.0%

[00:00:00:09:574] average expansions: (2,246, 2,690, 2,533, 0)
[00:00:00:09:574] average time: (4,114, 4,651, 6,430, 0)
[00:00:00:09:574] A*: 2,246 , 4,114 (expansions , time[ms])
[00:00:00:09:574] XMM: 2,533 , 6,430 (expansions , time[ms])

[00:00:00:09:574] 
---------- SM_Grids/8x8_grid_with_random_blocks_12per_0 ----------
[00:00:00:00:119] New longest path found with length 28 at expansion 27
[00:00:00:00:175] New longest path found with length 32 at expansion 50
[00:00:00:00:240] New longest path found with length 34 at expansion 77
[00:00:00:00:422] New longest path found with length 36 at expansion 158
[00:00:00:02:101] Path of length 36 found: [0, 8, 16, 24, 25, 33, 41, 40, 48, 56, 57, 58, 50, 51, 52, 53, 45, 37, 36, 35, 27, 19, 18, 10, 2, 3, 4, 12, 13, 21, 22, 30, 31, 39, 47, 55, 63]
[00:00:00:02:101] ! Unidirectional s-t. expansions: 551, time: 2,101 [ms], path length: 36 [edges], generated: 857
[00:00:00:00:130] New longest path found with length 36 at expansion 35
[00:00:00:00:981] Path of length 36 found: [63, 55, 47, 39, 31, 30, 22, 14, 13, 12, 4, 3, 2, 10, 18, 19, 27, 28, 36, 37, 45, 53, 61, 60, 59, 58, 57, 56, 48, 40, 41, 33, 25, 24, 16, 8, 0]
[00:00:00:00:982] ! Unidirectional t-s. expansions: 257, time: 981 [ms], path length: 36 [edges], generated: 418
[00:00:00:00:095] New longest path found with length 34 at expansion 17
[00:00:00:00:100] New longest path found with length 36 at expansion 20
[00:00:00:00:456] Path of length 36 found: [0, 8, 16, 24, 25, 33, 41, 40, 48, 56, 57, 58, 50, 51, 52, 53, 45, 37, 36, 35, 27, 19, 18, 10, 2, 3, 4, 12, 13, 14, 22, 30, 31, 39, 47, 55, 63]
[00:00:00:00:868] ! Bidirectional. expansions: 75, time: 456 [ms], path length: 36 [edges], g_F: 18, g_B: 18, generated: {'F': 144, 'B': 110}, MM: 0, MMPER: -1.0%
[00:00:00:00:868] 
---------- SM_Grids/8x8_grid_with_random_blocks_12per_1 ----------
[00:00:00:00:100] New longest path found with length 20 at expansion 20
[00:00:00:00:421] New longest path found with length 26 at expansion 102
[00:00:00:03:162] New longest path found with length 32 at expansion 786
[00:00:00:06:616] Path of length 32 found: [0, 8, 9, 10, 2, 3, 4, 5, 6, 14, 22, 21, 20, 19, 27, 26, 25, 33, 41, 49, 50, 58, 59, 60, 61, 53, 45, 37, 38, 39, 47, 55, 63]
[00:00:00:06:616] ! Unidirectional s-t. expansions: 1,719, time: 6,616 [ms], path length: 32 [edges], generated: 3,065
[00:00:00:00:124] New longest path found with length 30 at expansion 32
[00:00:00:00:451] New longest path found with length 32 at expansion 136
[00:00:00:10:335] Path of length 32 found: [63, 55, 47, 39, 38, 37, 36, 44, 52, 60, 59, 58, 50, 49, 41, 33, 34, 26, 27, 19, 20, 21, 22, 14, 6, 5, 4, 3, 2, 10, 9, 8, 0]
[00:00:00:10:336] ! Unidirectional t-s. expansions: 2,857, time: 10,335 [ms], path length: 32 [edges], generated: 4,969
[00:00:00:00:078] New longest path found with length 16 at expansion 8
[00:00:00:00:099] New longest path found with length 20 at expansion 16
[00:00:00:00:130] New longest path found with length 24 at expansion 23
[00:00:00:00:919] New longest path found with length 26 at expansion 153
[00:00:00:01:241] New longest path found with length 30 at expansion 197
[00:00:00:01:260] New longest path found with length 32 at expansion 204
[00:00:00:06:822] Path of length 32 found: [0, 8, 9, 10, 2, 3, 4, 5, 6, 14, 22, 21, 20, 19, 27, 26, 25, 33, 41, 49, 50, 58, 59, 60, 52, 44, 36, 37, 38, 39, 47, 55, 63]
[00:00:00:07:240] ! Bidirectional. expansions: 1,088, time: 6,822 [ms], path length: 32 [edges], g_F: 16, g_B: 16, generated: {'F': 1,947, 'B': 2,006}, MM: 0, MMPER: -1.0%
[00:00:00:07:240] 
---------- SM_Grids/8x8_grid_with_random_blocks_12per_2 ----------
[00:00:00:00:125] New longest path found with length 32 at expansion 31
[00:00:00:00:141] New longest path found with length 34 at expansion 43
[00:00:00:01:838] Path of length 34 found: [0, 8, 16, 24, 32, 33, 34, 42, 50, 58, 59, 60, 52, 44, 36, 28, 27, 19, 18, 10, 2, 3, 4, 12, 13, 14, 15, 23, 31, 30, 38, 46, 54, 62, 63]
[00:00:00:01:838] ! Unidirectional s-t. expansions: 457, time: 1,838 [ms], path length: 34 [edges], generated: 768
[00:00:00:00:081] New longest path found with length 16 at expansion 15
[00:00:00:00:126] New longest path found with length 32 at expansion 32
[00:00:00:00:144] New longest path found with length 34 at expansion 43
[00:00:00:02:622] Path of length 34 found: [63, 55, 47, 46, 38, 30, 31, 23, 15, 14, 13, 5, 4, 3, 2, 10, 18, 19, 27, 28, 36, 44, 52, 60, 59, 58, 50, 42, 34, 33, 25, 24, 16, 8, 0]
[00:00:00:02:622] ! Unidirectional t-s. expansions: 651, time: 2,622 [ms], path length: 34 [edges], generated: 1,135
[00:00:00:00:104] New longest path found with length 34 at expansion 17
[00:00:00:01:724] Path of length 34 found: [0, 8, 16, 24, 32, 33, 34, 42, 50, 58, 59, 60, 52, 44, 36, 28, 20, 19, 18, 10, 2, 3, 4, 5, 13, 14, 15, 23, 31, 30, 38, 46, 47, 55, 63]
[00:00:00:02:167] ! Bidirectional. expansions: 225, time: 1,724 [ms], path length: 34 [edges], g_F: 17, g_B: 17, generated: {'F': 383, 'B': 427}, MM: 0, MMPER: -1.0%
[00:00:00:02:167] 
---------- SM_Grids/8x8_grid_with_random_blocks_12per_3 ----------
[00:00:00:00:073] New longest path found with length 14 at expansion 13
[00:00:00:00:134] New longest path found with length 34 at expansion 36
[00:00:00:20:903] Path of length 34 found: [0, 8, 16, 24, 32, 33, 41, 49, 57, 58, 59, 60, 52, 44, 43, 35, 27, 19, 18, 10, 2, 3, 4, 12, 13, 14, 15, 23, 31, 30, 38, 46, 54, 62, 63]
[00:00:00:20:904] ! Unidirectional s-t. expansions: 6,992, time: 20,903 [ms], path length: 34 [edges], generated: 11,020
[00:00:00:00:082] New longest path found with length 16 at expansion 15
[00:00:00:00:428] New longest path found with length 18 at expansion 279
[00:00:00:00:471] New longest path found with length 34 at expansion 297
[00:00:00:26:962] Path of length 34 found: [63, 62, 54, 46, 47, 39, 31, 30, 22, 14, 6, 5, 4, 3, 2, 10, 18, 26, 27, 35, 36, 44, 52, 60, 59, 58, 57, 49, 41, 33, 32, 24, 16, 8, 0]
[00:00:00:26:962] ! Unidirectional t-s. expansions: 9,961, time: 26,962 [ms], path length: 34 [edges], generated: 15,527
[00:00:00:00:088] New longest path found with length 30 at expansion 15
[00:00:00:00:091] New longest path found with length 32 at expansion 17
[00:00:00:00:392] New longest path found with length 34 at expansion 68
[00:00:00:05:179] Path of length 34 found: [0, 1, 2, 3, 4, 12, 13, 14, 15, 23, 31, 39, 47, 46, 45, 37, 36, 35, 27, 26, 18, 17, 16, 24, 32, 33, 41, 49, 50, 51, 52, 60, 61, 62, 63]
[00:00:00:05:596] ! Bidirectional. expansions: 865, time: 5,179 [ms], path length: 34 [edges], g_F: 17, g_B: 17, generated: {'F': 1,480, 'B': 1,458}, MM: 0, MMPER: -1.0%
[00:00:00:05:596] 
---------- SM_Grids/8x8_grid_with_random_blocks_12per_4 ----------
[00:00:00:00:124] New longest path found with length 30 at expansion 29
[00:00:00:00:816] New longest path found with length 32 at expansion 321
[00:00:00:02:297] New longest path found with length 34 at expansion 703
[00:00:00:07:582] Path of length 34 found: [0, 8, 16, 24, 25, 26, 18, 19, 11, 12, 4, 5, 6, 14, 22, 23, 31, 39, 38, 37, 36, 35, 43, 42, 41, 49, 57, 58, 59, 60, 52, 53, 54, 62, 63]
[00:00:00:07:582] ! Unidirectional s-t. expansions: 1,979, time: 7,582 [ms], path length: 34 [edges], generated: 3,447
[00:00:00:00:101] New longest path found with length 20 at expansion 19
[00:00:00:00:160] New longest path found with length 30 at expansion 36
[00:00:00:04:616] New longest path found with length 32 at expansion 1,235
[00:00:00:06:455] New longest path found with length 34 at expansion 1,661
[00:00:00:11:773] Path of length 34 found: [63, 55, 54, 53, 61, 60, 59, 58, 57, 49, 41, 33, 34, 35, 27, 28, 29, 37, 38, 39, 31, 23, 22, 14, 6, 5, 4, 12, 11, 10, 18, 17, 16, 8, 0]
[00:00:00:11:774] ! Unidirectional t-s. expansions: 2,924, time: 11,774 [ms], path length: 34 [edges], generated: 5,471
[00:00:00:00:105] New longest path found with length 30 at expansion 15
[00:00:00:01:353] New longest path found with length 32 at expansion 208
[00:00:00:04:866] New longest path found with length 34 at expansion 644
[00:00:00:07:932] Path of length 34 found: [0, 8, 16, 24, 25, 26, 18, 10, 11, 12, 4, 5, 6, 14, 22, 23, 31, 39, 38, 37, 36, 35, 43, 42, 41, 49, 57, 58, 59, 60, 61, 53, 54, 55, 63]
[00:00:00:08:388] ! Bidirectional. expansions: 1,026, time: 7,932 [ms], path length: 34 [edges], g_F: 17, g_B: 17, generated: {'F': 2,087, 'B': 1,982}, MM: 0, MMPER: -1.0%
[00:00:00:08:388] 
---------- SM_Grids/8x8_grid_with_random_blocks_12per_5 ----------
[00:00:00:00:585] New longest path found with length 20 at expansion 373
[00:00:00:00:621] New longest path found with length 32 at expansion 389
[00:00:00:07:684] New longest path found with length 34 at expansion 2,306
[00:00:00:17:226] Path of length 34 found: [0, 8, 9, 17, 25, 24, 32, 40, 41, 42, 50, 58, 59, 60, 52, 44, 45, 37, 29, 28, 27, 19, 11, 3, 4, 5, 13, 14, 22, 23, 31, 39, 47, 55, 63]
[00:00:00:17:227] ! Unidirectional s-t. expansions: 4,760, time: 17,226 [ms], path length: 34 [edges], generated: 8,088
[00:00:00:00:082] New longest path found with length 16 at expansion 15
[00:00:00:00:102] New longest path found with length 20 at expansion 21
[00:00:00:00:685] New longest path found with length 28 at expansion 404
[00:00:00:02:236] New longest path found with length 30 at expansion 788
[00:00:00:02:258] New longest path found with length 32 at expansion 800
[00:00:00:02:315] New longest path found with length 34 at expansion 823
[00:00:00:13:573] Path of length 34 found: [63, 55, 47, 46, 45, 53, 61, 60, 59, 51, 50, 42, 34, 33, 32, 24, 16, 17, 18, 19, 27, 28, 29, 30, 31, 23, 15, 14, 6, 5, 4, 3, 2, 1, 0]
[00:00:00:13:573] ! Unidirectional t-s. expansions: 3,738, time: 13,573 [ms], path length: 34 [edges], generated: 6,050
[00:00:00:00:095] New longest path found with length 26 at expansion 13
[00:00:00:00:547] New longest path found with length 28 at expansion 78
[00:00:00:00:736] New longest path found with length 32 at expansion 106
[00:00:00:02:077] New longest path found with length 34 at expansion 286
[00:00:00:06:587] Path of length 34 found: [0, 8, 9, 17, 25, 24, 32, 40, 41, 42, 50, 58, 59, 60, 52, 44, 45, 37, 29, 28, 27, 19, 11, 3, 4, 5, 6, 14, 15, 23, 31, 39, 47, 55, 63]
[00:00:00:07:047] ! Bidirectional. expansions: 948, time: 6,588 [ms], path length: 34 [edges], g_F: 17, g_B: 17, generated: {'F': 1,696, 'B': 1,787}, MM: 0, MMPER: -1.0%
[00:00:00:07:047] 
---------- SM_Grids/8x8_grid_with_random_blocks_12per_6 ----------
[00:00:00:01:330] New longest path found with length 14 at expansion 827
[00:00:00:01:372] New longest path found with length 16 at expansion 839
[00:00:00:01:504] New longest path found with length 28 at expansion 878
[00:00:00:04:589] New longest path found with length 32 at expansion 1,926
[00:00:00:08:063] New longest path found with length 34 at expansion 3,095
[00:00:00:13:761] Path of length 34 found: [0, 8, 9, 10, 2, 3, 4, 5, 6, 7, 15, 23, 22, 21, 20, 19, 27, 26, 25, 24, 32, 40, 48, 49, 50, 51, 43, 44, 36, 37, 38, 46, 54, 62, 63]
[00:00:00:13:761] ! Unidirectional s-t. expansions: 4,644, time: 13,761 [ms], path length: 34 [edges], generated: 7,040
[00:00:00:01:520] New longest path found with length 16 at expansion 978
[00:00:00:01:951] New longest path found with length 18 at expansion 1,253
[00:00:00:02:548] New longest path found with length 32 at expansion 1,620
[00:00:00:07:211] New longest path found with length 34 at expansion 2,867
[00:00:00:09:140] Path of length 34 found: [63, 62, 54, 46, 38, 37, 36, 44, 43, 42, 50, 49, 48, 40, 32, 24, 25, 26, 27, 19, 20, 21, 22, 23, 15, 7, 6, 5, 4, 3, 2, 10, 9, 8, 0]
[00:00:00:09:140] ! Unidirectional t-s. expansions: 3,309, time: 9,140 [ms], path length: 34 [edges], generated: 4,632
[00:00:00:00:078] New longest path found with length 14 at expansion 14
[00:00:00:00:135] New longest path found with length 24 at expansion 23
[00:00:00:00:143] New longest path found with length 28 at expansion 26
[00:00:00:00:272] New longest path found with length 32 at expansion 49
[00:00:00:02:691] New longest path found with length 34 at expansion 422
[00:00:00:04:000] Path of length 34 found: [0, 8, 9, 10, 2, 3, 4, 5, 6, 7, 15, 23, 22, 21, 20, 19, 27, 26, 25, 24, 32, 40, 48, 49, 50, 42, 43, 44, 36, 37, 38, 46, 54, 62, 63]
[00:00:00:04:416] ! Bidirectional. expansions: 612, time: 4,000 [ms], path length: 34 [edges], g_F: 17, g_B: 17, generated: {'F': 1,092, 'B': 1,192}, MM: 0, MMPER: -1.0%
[00:00:00:04:416] 
---------- SM_Grids/8x8_grid_with_random_blocks_12per_7 ----------
[00:00:00:00:206] New longest path found with length 28 at expansion 106
[00:00:00:00:512] New longest path found with length 36 at expansion 265
[00:00:00:07:580] Path of length 36 found: [0, 8, 16, 24, 25, 26, 18, 19, 20, 12, 13, 5, 6, 7, 15, 23, 22, 30, 38, 37, 36, 35, 43, 42, 41, 40, 48, 56, 57, 58, 59, 60, 52, 53, 54, 62, 63]
[00:00:00:07:580] ! Unidirectional s-t. expansions: 1,958, time: 7,580 [ms], path length: 36 [edges], generated: 3,161
[00:00:00:00:097] New longest path found with length 20 at expansion 19
[00:00:00:00:951] New longest path found with length 22 at expansion 656
[00:00:00:01:124] New longest path found with length 36 at expansion 772
[00:00:00:10:099] Path of length 36 found: [63, 55, 47, 39, 38, 30, 22, 23, 15, 7, 6, 5, 13, 12, 20, 19, 18, 26, 34, 42, 43, 44, 45, 53, 61, 60, 59, 58, 57, 49, 48, 40, 32, 24, 16, 8, 0]
[00:00:00:10:099] ! Unidirectional t-s. expansions: 3,493, time: 10,099 [ms], path length: 36 [edges], generated: 5,108
[00:00:00:00:102] New longest path found with length 34 at expansion 17
[00:00:00:00:314] New longest path found with length 36 at expansion 56
[00:00:00:02:692] Path of length 36 found: [0, 8, 16, 24, 25, 26, 18, 19, 20, 12, 13, 5, 6, 7, 15, 23, 22, 30, 38, 37, 36, 35, 43, 42, 41, 40, 48, 56, 57, 58, 59, 60, 61, 53, 54, 55, 63]
[00:00:00:03:107] ! Bidirectional. expansions: 402, time: 2,692 [ms], path length: 36 [edges], g_F: 18, g_B: 18, generated: {'F': 763, 'B': 623}, MM: 0, MMPER: -1.0%
[00:00:00:03:107] 
---------- SM_Grids/8x8_grid_with_random_blocks_12per_8 ----------
[00:00:00:00:127] New longest path found with length 34 at expansion 33
[00:00:00:02:372] New longest path found with length 36 at expansion 573
[00:00:00:05:206] Path of length 36 found: [0, 8, 16, 24, 32, 33, 41, 49, 57, 58, 59, 60, 52, 44, 43, 35, 27, 26, 18, 10, 2, 3, 4, 5, 6, 7, 15, 23, 22, 21, 29, 37, 38, 46, 47, 55, 63]
[00:00:00:05:206] ! Unidirectional s-t. expansions: 1,269, time: 5,206 [ms], path length: 36 [edges], generated: 2,235
[00:00:00:00:081] New longest path found with length 16 at expansion 15
[00:00:00:00:472] New longest path found with length 18 at expansion 278
[00:00:00:00:518] New longest path found with length 34 at expansion 296
[00:00:00:00:866] New longest path found with length 36 at expansion 435
[00:00:00:05:906] Path of length 36 found: [63, 55, 47, 39, 38, 30, 22, 23, 15, 7, 6, 5, 4, 12, 20, 28, 27, 35, 43, 44, 52, 60, 59, 58, 57, 49, 41, 33, 32, 24, 16, 17, 18, 10, 2, 1, 0]
[00:00:00:05:906] ! Unidirectional t-s. expansions: 1,723, time: 5,906 [ms], path length: 36 [edges], generated: 2,698
[00:00:00:00:102] New longest path found with length 34 at expansion 17
[00:00:00:00:270] New longest path found with length 36 at expansion 61
[00:00:00:02:620] Path of length 36 found: [0, 8, 16, 24, 32, 33, 41, 49, 57, 58, 59, 60, 52, 44, 43, 35, 27, 19, 18, 10, 2, 3, 4, 5, 6, 7, 15, 23, 22, 21, 29, 37, 38, 46, 47, 55, 63]
[00:00:00:03:027] ! Bidirectional. expansions: 408, time: 2,620 [ms], path length: 36 [edges], g_F: 18, g_B: 18, generated: {'F': 695, 'B': 752}, MM: 0, MMPER: -1.0%
[00:00:00:03:027] 
---------- SM_Grids/8x8_grid_with_random_blocks_12per_9 ----------
[00:00:00:01:494] New longest path found with length 18 at expansion 962
[00:00:00:01:567] New longest path found with length 34 at expansion 988
[00:00:00:09:054] New longest path found with length 36 at expansion 3,634
[00:00:00:17:618] Path of length 36 found: [0, 8, 9, 10, 18, 26, 25, 24, 32, 40, 48, 56, 57, 58, 50, 51, 43, 35, 36, 28, 20, 12, 4, 5, 6, 7, 15, 23, 31, 30, 38, 46, 45, 53, 61, 62, 63]
[00:00:00:17:619] ! Unidirectional s-t. expansions: 6,660, time: 17,618 [ms], path length: 36 [edges], generated: 9,247
[00:00:00:00:128] New longest path found with length 34 at expansion 33
[00:00:00:01:170] New longest path found with length 36 at expansion 484
[00:00:00:11:812] Path of length 36 found: [63, 55, 47, 46, 45, 53, 61, 60, 59, 51, 50, 49, 48, 40, 32, 24, 25, 26, 34, 35, 36, 28, 29, 30, 31, 23, 15, 7, 6, 5, 4, 12, 11, 10, 2, 1, 0]
[00:00:00:11:812] ! Unidirectional t-s. expansions: 3,767, time: 11,812 [ms], path length: 36 [edges], generated: 5,980
[00:00:00:00:093] New longest path found with length 32 at expansion 16
[00:00:00:00:435] New longest path found with length 34 at expansion 101
[00:00:00:01:189] New longest path found with length 36 at expansion 287
[00:00:00:05:049] Path of length 36 found: [0, 8, 9, 10, 11, 12, 4, 5, 6, 7, 15, 23, 31, 30, 29, 28, 36, 35, 34, 26, 25, 24, 32, 40, 41, 49, 50, 51, 59, 60, 61, 53, 45, 46, 47, 55, 63]
[00:00:00:05:448] ! Bidirectional. expansions: 883, time: 5,049 [ms], path length: 36 [edges], g_F: 18, g_B: 18, generated: {'F': 1,603, 'B': 1,382}, MM: 0, MMPER: -1.0%

[00:00:00:05:448] average expansions: (3,099, 3,268, 653, 0)
[00:00:00:05:448] average time: (10,043, 10,320, 4,306, 0)
[00:00:00:05:448] X-DFBnB: 3,099 , 10,043 (expansions , time[ms])
[00:00:00:05:448] BiX-DFBnB: 653 , 4,306 (expansions , time[ms])

