Thu 12 Mar 2026 16:04:39 IST

SLURM_JOBID:		 15618420
SLURM_JOB_NODELIST:	 ise-cpu256-30 

--------------------------
date: SM_Grids
number_of_graphs: 10
graph_type: grid
size_of_graphs: [8, 8]
heuristic: bcc_heuristic
snake: True
run_uni: True
run_bi: True
run_multi: False
solution_vertices: []
algorithms: ['full', 'DFBnB']
bsd: False
cube_first_dims: 4
cube_buffer_dim: None
backward_sym_generation: False
sym_coil: False
prefix_set: None

---------- SM_Grids/8x8_grid_with_random_blocks_20per_0 ----------
[00:00:00:00:422] Path of length 20 found: [0, 1, 2, 3, 4, 5, 6, 14, 15, 23, 31, 39, 38, 37, 36, 44, 52, 53, 61, 62, 63]
[00:00:00:00:422] ! Unidirectional s-t. expansions: 215, time: 422 [ms], path length: 20 [edges], generated: 387
[00:00:00:01:366] Path of length 20 found: [63, 62, 61, 53, 52, 44, 36, 37, 38, 30, 31, 23, 15, 7, 6, 5, 4, 3, 2, 1, 0]
[00:00:00:01:367] ! Unidirectional t-s. expansions: 2,558, time: 1,366 [ms], path length: 20 [edges], generated: 2,662
[00:00:00:00:514] Path of length 20 found: [0, 1, 2, 3, 4, 5, 6, 14, 15, 23, 31, 39, 38, 37, 36, 44, 52, 53, 61, 62, 63]
[00:00:00:01:001] ! Bidirectional. expansions: 219, time: 515 [ms], path length: 20 [edges], g_F: 13, g_B: 7, generated: 398, MM: 6, MMPER: 27.571428571428573%
[00:00:00:01:001] 
---------- SM_Grids/8x8_grid_with_random_blocks_20per_1 ----------
[00:00:00:00:249] Path of length 24 found: [0, 1, 2, 10, 18, 17, 25, 33, 41, 49, 50, 51, 43, 35, 27, 28, 29, 30, 31, 39, 47, 46, 54, 62, 63]
[00:00:00:00:249] ! Unidirectional s-t. expansions: 88, time: 249 [ms], path length: 24 [edges], generated: 176
[00:00:00:00:510] Path of length 24 found: [63, 62, 54, 46, 47, 39, 31, 30, 29, 21, 20, 19, 27, 35, 43, 51, 50, 49, 41, 33, 25, 24, 16, 8, 0]
[00:00:00:00:511] ! Unidirectional t-s. expansions: 248, time: 510 [ms], path length: 24 [edges], generated: 462
[00:00:00:00:683] Path of length 24 found: [63, 62, 54, 46, 47, 39, 31, 30, 29, 28, 27, 35, 43, 51, 50, 49, 41, 33, 25, 17, 18, 10, 2, 1, 0]
[00:00:00:01:130] ! Bidirectional. expansions: 233, time: 683 [ms], path length: 24 [edges], g_F: 15, g_B: 9, generated: 482, MM: 6, MMPER: 23.0%
[00:00:00:01:130] 
---------- SM_Grids/8x8_grid_with_random_blocks_20per_2 ----------
[00:00:00:00:620] Path of length 34 found: [0, 8, 16, 17, 18, 19, 20, 12, 4, 5, 6, 14, 15, 23, 31, 39, 47, 46, 45, 37, 36, 35, 34, 33, 41, 40, 48, 56, 57, 58, 59, 60, 61, 62, 63]
[00:00:00:00:620] ! Unidirectional s-t. expansions: 281, time: 620 [ms], path length: 34 [edges], generated: 429
[00:00:00:00:264] Path of length 34 found: [63, 62, 61, 60, 59, 58, 57, 56, 48, 40, 41, 33, 34, 26, 18, 19, 20, 28, 36, 37, 45, 46, 47, 39, 31, 23, 15, 14, 6, 5, 4, 3, 2, 1, 0]
[00:00:00:00:264] ! Unidirectional t-s. expansions: 212, time: 264 [ms], path length: 34 [edges], generated: 288
[00:00:00:00:704] Path of length 34 found: [0, 8, 16, 17, 18, 19, 20, 12, 4, 5, 6, 14, 15, 23, 31, 39, 47, 46, 45, 37, 36, 35, 34, 33, 41, 40, 48, 56, 57, 58, 59, 60, 61, 62, 63]
[00:00:00:01:159] ! Bidirectional. expansions: 295, time: 704 [ms], path length: 34 [edges], g_F: 15, g_B: 19, generated: 466, MM: 4, MMPER: 10.428571428571429%
[00:00:00:01:160] 
---------- SM_Grids/8x8_grid_with_random_blocks_20per_3 ----------
[00:00:00:00:239] Path of length 32 found: [0, 1, 9, 17, 16, 24, 32, 40, 41, 49, 50, 51, 43, 35, 27, 19, 11, 3, 4, 5, 6, 7, 15, 23, 22, 30, 29, 37, 45, 53, 61, 62, 63]
[00:00:00:00:240] ! Unidirectional s-t. expansions: 165, time: 239 [ms], path length: 32 [edges], generated: 231
[00:00:00:00:954] Path of length 32 found: [63, 62, 61, 53, 45, 37, 29, 30, 22, 23, 15, 7, 6, 5, 4, 12, 20, 19, 18, 26, 34, 35, 43, 51, 50, 49, 41, 40, 32, 24, 16, 8, 0]
[00:00:00:00:955] ! Unidirectional t-s. expansions: 835, time: 955 [ms], path length: 32 [edges], generated: 1,162
[00:00:00:00:432] Path of length 32 found: [0, 1, 9, 17, 16, 24, 32, 40, 41, 49, 50, 51, 43, 35, 27, 19, 20, 12, 4, 5, 6, 7, 15, 23, 22, 30, 29, 37, 45, 53, 61, 62, 63]
[00:00:00:00:880] ! Bidirectional. expansions: 182, time: 432 [ms], path length: 32 [edges], g_F: 14, g_B: 18, generated: 307, MM: 4, MMPER: 11.121212121212121%
[00:00:00:00:881] 
---------- SM_Grids/8x8_grid_with_random_blocks_20per_4 ----------
[00:00:00:00:177] Path of length 36 found: [0, 8, 9, 10, 2, 3, 4, 5, 6, 7, 15, 23, 22, 21, 20, 19, 27, 26, 25, 24, 32, 40, 48, 49, 57, 58, 59, 51, 43, 44, 36, 37, 38, 46, 54, 62, 63]
[00:00:00:00:177] ! Unidirectional s-t. expansions: 82, time: 177 [ms], path length: 36 [edges], generated: 123
[00:00:00:00:462] Path of length 36 found: [63, 55, 54, 46, 38, 37, 36, 44, 43, 51, 59, 58, 57, 49, 48, 40, 32, 33, 34, 26, 27, 19, 20, 21, 22, 23, 15, 7, 6, 5, 4, 3, 2, 10, 9, 8, 0]
[00:00:00:00:462] ! Unidirectional t-s. expansions: 280, time: 462 [ms], path length: 36 [edges], generated: 407
[00:00:00:00:719] Path of length 36 found: [0, 8, 9, 10, 2, 3, 4, 5, 6, 7, 15, 23, 22, 21, 20, 19, 27, 26, 34, 33, 32, 40, 48, 49, 57, 58, 59, 51, 43, 44, 36, 37, 38, 46, 54, 55, 63]
[00:00:00:01:171] ! Bidirectional. expansions: 297, time: 719 [ms], path length: 36 [edges], g_F: 17, g_B: 19, generated: 472, MM: 2, MMPER: 4.405405405405405%
[00:00:00:01:171] 
---------- SM_Grids/8x8_grid_with_random_blocks_20per_5 ----------
[00:00:00:00:782] Path of length 32 found: [0, 8, 9, 17, 18, 26, 34, 33, 32, 40, 48, 49, 57, 58, 59, 51, 52, 53, 45, 37, 29, 28, 20, 12, 13, 14, 22, 23, 31, 39, 47, 55, 63]
[00:00:00:00:783] ! Unidirectional s-t. expansions: 404, time: 783 [ms], path length: 32 [edges], generated: 665
[00:00:00:01:205] Path of length 32 found: [63, 62, 61, 53, 45, 46, 38, 39, 31, 23, 15, 14, 13, 12, 20, 28, 36, 35, 43, 51, 59, 58, 57, 49, 48, 40, 32, 33, 25, 17, 9, 1, 0]
[00:00:00:01:205] ! Unidirectional t-s. expansions: 660, time: 1,205 [ms], path length: 32 [edges], generated: 1,118
[00:00:00:01:389] Path of length 32 found: [63, 62, 61, 53, 45, 46, 38, 39, 31, 23, 15, 14, 13, 12, 20, 28, 36, 35, 43, 51, 59, 58, 57, 49, 48, 40, 32, 24, 25, 17, 9, 8, 0]
[00:00:00:01:835] ! Bidirectional. expansions: 527, time: 1,389 [ms], path length: 32 [edges], g_F: 18, g_B: 14, generated: 897, MM: 4, MMPER: 11.121212121212121%
[00:00:00:01:836] 
---------- SM_Grids/8x8_grid_with_random_blocks_20per_6 ----------
[00:00:00:01:804] Path of length 30 found: [0, 8, 16, 17, 18, 26, 27, 28, 20, 12, 4, 5, 6, 14, 15, 23, 31, 39, 38, 37, 45, 44, 43, 42, 50, 58, 59, 60, 61, 62, 63]
[00:00:00:01:805] ! Unidirectional s-t. expansions: 1,091, time: 1,804 [ms], path length: 30 [edges], generated: 1,785
[00:00:00:00:285] Path of length 30 found: [63, 55, 54, 53, 61, 60, 59, 58, 50, 42, 43, 44, 36, 37, 38, 39, 31, 23, 15, 14, 6, 5, 4, 12, 20, 19, 18, 10, 9, 1, 0]
[00:00:00:00:285] ! Unidirectional t-s. expansions: 139, time: 285 [ms], path length: 30 [edges], generated: 227
[00:00:00:01:446] Path of length 30 found: [63, 55, 54, 53, 61, 60, 59, 58, 50, 42, 43, 44, 36, 37, 38, 39, 31, 23, 15, 14, 6, 5, 4, 12, 11, 10, 18, 17, 16, 8, 0]
[00:00:00:01:895] ! Bidirectional. expansions: 643, time: 1,446 [ms], path length: 30 [edges], g_F: 13, g_B: 17, generated: 975, MM: 4, MMPER: 11.903225806451612%
[00:00:00:01:896] 
---------- SM_Grids/8x8_grid_with_random_blocks_20per_7 ----------
[00:00:00:00:572] Path of length 28 found: [0, 1, 9, 17, 16, 24, 32, 40, 41, 42, 34, 35, 36, 28, 20, 19, 11, 3, 4, 5, 6, 14, 15, 23, 31, 39, 47, 55, 63]
[00:00:00:00:572] ! Unidirectional s-t. expansions: 353, time: 572 [ms], path length: 28 [edges], generated: 533
[00:00:00:00:214] Path of length 28 found: [63, 55, 47, 39, 31, 23, 15, 7, 6, 5, 4, 3, 11, 19, 20, 28, 36, 35, 43, 42, 41, 33, 32, 24, 16, 17, 9, 1, 0]
[00:00:00:00:214] ! Unidirectional t-s. expansions: 102, time: 214 [ms], path length: 28 [edges], generated: 170
[00:00:00:00:554] Path of length 28 found: [0, 1, 9, 17, 16, 24, 32, 40, 41, 42, 34, 35, 36, 28, 20, 19, 11, 3, 4, 5, 6, 7, 15, 23, 31, 39, 47, 55, 63]
[00:00:00:01:048] ! Bidirectional. expansions: 201, time: 554 [ms], path length: 28 [edges], g_F: 12, g_B: 16, generated: 364, MM: 4, MMPER: 12.793103448275861%
[00:00:00:01:048] 
---------- SM_Grids/8x8_grid_with_random_blocks_20per_8 ----------
[00:00:00:00:379] Path of length 24 found: [0, 8, 9, 10, 2, 3, 4, 5, 6, 7, 15, 23, 22, 21, 20, 19, 27, 35, 36, 44, 52, 60, 61, 62, 63]
[00:00:00:00:379] ! Unidirectional s-t. expansions: 219, time: 379 [ms], path length: 24 [edges], generated: 342
[00:00:00:00:820] Path of length 24 found: [63, 55, 47, 46, 45, 44, 36, 35, 27, 19, 20, 21, 22, 23, 15, 7, 6, 5, 4, 3, 2, 10, 9, 8, 0]
[00:00:00:00:820] ! Unidirectional t-s. expansions: 623, time: 820 [ms], path length: 24 [edges], generated: 857
[00:00:00:00:683] Path of length 24 found: [63, 55, 47, 46, 45, 44, 36, 35, 27, 19, 20, 21, 22, 23, 15, 7, 6, 5, 4, 3, 2, 10, 9, 8, 0]
[00:00:00:01:137] ! Bidirectional. expansions: 272, time: 684 [ms], path length: 24 [edges], g_F: 8, g_B: 16, generated: 477, MM: 8, MMPER: 31.0%
[00:00:00:01:137] 
---------- SM_Grids/8x8_grid_with_random_blocks_20per_9 ----------
[00:00:00:00:849] Path of length 22 found: [0, 8, 9, 17, 18, 26, 34, 35, 36, 28, 29, 21, 13, 5, 6, 7, 15, 23, 31, 39, 47, 55, 63]
[00:00:00:00:849] ! Unidirectional s-t. expansions: 497, time: 849 [ms], path length: 22 [edges], generated: 778
[00:00:00:00:134] Path of length 22 found: [63, 55, 47, 39, 31, 23, 15, 7, 6, 5, 13, 21, 29, 37, 36, 35, 27, 26, 18, 10, 2, 1, 0]
[00:00:00:00:134] ! Unidirectional t-s. expansions: 54, time: 134 [ms], path length: 22 [edges], generated: 96
[00:00:00:00:588] Path of length 22 found: [63, 55, 47, 39, 31, 23, 15, 7, 6, 5, 13, 21, 29, 28, 36, 35, 34, 26, 18, 17, 9, 8, 0]
[00:00:00:01:035] ! Bidirectional. expansions: 196, time: 589 [ms], path length: 22 [edges], g_F: 11, g_B: 11, generated: 402, MM: 0, MMPER: -1.0%

[00:00:00:01:036] average expansions: (340, 571, 306, 0)
[00:00:00:01:036] average time: (609, 622, 772, 0)
[00:00:00:01:036] A*: 340 , 609 (expansions , time[ms])
[00:00:00:01:036] XMM: 306 , 772 (expansions , time[ms])

[00:00:00:01:036] 
---------- SM_Grids/8x8_grid_with_random_blocks_20per_0 ----------
[00:00:00:00:063] New longest path found with length 14 at expansion 13
[00:00:00:00:103] New longest path found with length 20 at expansion 26
[00:00:00:00:883] Path of length 20 found: [0, 1, 2, 3, 4, 12, 20, 21, 22, 23, 31, 39, 38, 37, 36, 44, 52, 53, 61, 62, 63]
[00:00:00:00:883] ! Unidirectional s-t. expansions: 219, time: 883 [ms], path length: 20 [edges], generated: 393
[00:00:00:00:157] New longest path found with length 20 at expansion 87
[00:00:00:03:555] Path of length 20 found: [63, 62, 61, 53, 52, 44, 36, 28, 29, 30, 22, 23, 15, 7, 6, 5, 4, 3, 2, 1, 0]
[00:00:00:03:555] ! Unidirectional t-s. expansions: 2,527, time: 3,555 [ms], path length: 20 [edges], generated: 2,662
[00:00:00:00:062] New longest path found with length 20 at expansion 13
[00:00:00:00:151] Path of length 20 found: [0, 1, 2, 3, 4, 12, 20, 21, 22, 23, 31, 39, 38, 37, 36, 44, 52, 53, 61, 62, 63]
[00:00:00:00:591] ! Bidirectional. expansions: 31, time: 151 [ms], path length: 20 [edges], g_F: 10, g_B: 10, generated: {'F': 55, 'B': 62}, MM: 0, MMPER: -1.0%
[00:00:00:00:592] 
---------- SM_Grids/8x8_grid_with_random_blocks_20per_1 ----------
[00:00:00:00:120] New longest path found with length 18 at expansion 18
[00:00:00:00:188] New longest path found with length 24 at expansion 39
[00:00:00:00:534] Path of length 24 found: [0, 8, 16, 24, 25, 33, 41, 49, 50, 51, 43, 35, 27, 19, 20, 21, 29, 30, 31, 39, 47, 46, 54, 62, 63]
[00:00:00:00:534] ! Unidirectional s-t. expansions: 105, time: 534 [ms], path length: 24 [edges], generated: 204
[00:00:00:00:076] New longest path found with length 18 at expansion 17
[00:00:00:00:123] New longest path found with length 24 at expansion 37
[00:00:00:00:949] Path of length 24 found: [63, 62, 54, 46, 47, 39, 31, 30, 29, 21, 20, 19, 27, 35, 43, 51, 50, 49, 41, 33, 25, 24, 16, 8, 0]
[00:00:00:00:949] ! Unidirectional t-s. expansions: 255, time: 949 [ms], path length: 24 [edges], generated: 481
[00:00:00:00:066] New longest path found with length 18 at expansion 14
[00:00:00:00:095] New longest path found with length 24 at expansion 21
[00:00:00:01:041] Path of length 24 found: [0, 8, 16, 24, 25, 33, 41, 49, 50, 51, 43, 35, 27, 19, 20, 21, 29, 30, 31, 39, 47, 46, 54, 62, 63]
[00:00:00:01:489] ! Bidirectional. expansions: 192, time: 1,041 [ms], path length: 24 [edges], g_F: 12, g_B: 12, generated: {'F': 422, 'B': 230}, MM: 0, MMPER: -1.0%
[00:00:00:01:489] 
---------- SM_Grids/8x8_grid_with_random_blocks_20per_2 ----------
[00:00:00:01:561] New longest path found with length 18 at expansion 1,265
[00:00:00:01:685] New longest path found with length 26 at expansion 1,317
[00:00:00:01:831] New longest path found with length 32 at expansion 1,362
[00:00:00:01:911] New longest path found with length 34 at expansion 1,401
[00:00:00:02:743] Path of length 34 found: [0, 8, 16, 17, 18, 19, 20, 12, 4, 5, 6, 14, 15, 23, 31, 39, 47, 46, 45, 37, 36, 35, 34, 33, 41, 40, 48, 56, 57, 58, 59, 60, 61, 62, 63]
[00:00:00:02:744] ! Unidirectional s-t. expansions: 1,605, time: 2,744 [ms], path length: 34 [edges], generated: 1,783
[00:00:00:00:104] New longest path found with length 32 at expansion 31
[00:00:00:00:434] New longest path found with length 34 at expansion 184
[00:00:00:00:768] Path of length 34 found: [63, 62, 61, 60, 59, 58, 57, 56, 48, 40, 41, 33, 34, 26, 18, 19, 20, 28, 36, 37, 45, 46, 47, 39, 31, 23, 15, 14, 6, 5, 4, 3, 2, 1, 0]
[00:00:00:00:768] ! Unidirectional t-s. expansions: 330, time: 768 [ms], path length: 34 [edges], generated: 468
[00:00:00:00:079] New longest path found with length 32 at expansion 17
[00:00:00:00:115] New longest path found with length 34 at expansion 28
[00:00:00:00:276] Path of length 34 found: [0, 8, 16, 17, 18, 19, 20, 12, 4, 5, 6, 14, 22, 30, 31, 39, 47, 46, 45, 37, 36, 35, 34, 33, 41, 40, 48, 56, 57, 58, 59, 60, 61, 62, 63]
[00:00:00:00:724] ! Bidirectional. expansions: 60, time: 276 [ms], path length: 34 [edges], g_F: 17, g_B: 17, generated: {'F': 101, 'B': 84}, MM: 0, MMPER: -1.0%
[00:00:00:00:725] 
---------- SM_Grids/8x8_grid_with_random_blocks_20per_3 ----------
[00:00:00:00:098] New longest path found with length 32 at expansion 32
[00:00:00:00:498] Path of length 32 found: [0, 1, 9, 17, 16, 24, 32, 40, 41, 49, 50, 51, 43, 35, 27, 19, 11, 3, 4, 5, 6, 7, 15, 23, 22, 30, 29, 37, 45, 53, 61, 62, 63]
[00:00:00:00:498] ! Unidirectional s-t. expansions: 164, time: 498 [ms], path length: 32 [edges], generated: 231
[00:00:00:00:101] New longest path found with length 32 at expansion 31
[00:00:00:01:881] Path of length 32 found: [63, 62, 61, 53, 45, 37, 29, 30, 22, 23, 15, 7, 6, 5, 4, 3, 11, 19, 18, 26, 34, 35, 43, 51, 50, 49, 41, 40, 32, 24, 16, 8, 0]
[00:00:00:01:881] ! Unidirectional t-s. expansions: 809, time: 1,881 [ms], path length: 32 [edges], generated: 1,162
[00:00:00:00:048] New longest path found with length 16 at expansion 8
[00:00:00:00:088] New longest path found with length 26 at expansion 17
[00:00:00:00:136] New longest path found with length 32 at expansion 30
[00:00:00:00:378] Path of length 32 found: [0, 1, 9, 17, 16, 24, 32, 40, 41, 49, 50, 51, 43, 35, 27, 19, 11, 3, 4, 5, 6, 7, 15, 23, 22, 30, 29, 37, 45, 53, 61, 62, 63]
[00:00:00:00:827] ! Bidirectional. expansions: 106, time: 378 [ms], path length: 32 [edges], g_F: 16, g_B: 16, generated: {'F': 182, 'B': 152}, MM: 0, MMPER: -1.0%
[00:00:00:00:827] 
---------- SM_Grids/8x8_grid_with_random_blocks_20per_4 ----------
[00:00:00:00:080] New longest path found with length 22 at expansion 21
[00:00:00:00:272] New longest path found with length 24 at expansion 81
[00:00:00:00:547] New longest path found with length 26 at expansion 163
[00:00:00:00:804] New longest path found with length 28 at expansion 240
[00:00:00:00:901] New longest path found with length 36 at expansion 275
[00:00:00:01:021] Path of length 36 found: [0, 8, 9, 10, 2, 3, 4, 5, 6, 7, 15, 23, 22, 21, 20, 19, 27, 26, 25, 24, 32, 40, 48, 49, 57, 58, 59, 51, 43, 44, 36, 37, 38, 46, 54, 62, 63]
[00:00:00:01:021] ! Unidirectional s-t. expansions: 303, time: 1,021 [ms], path length: 36 [edges], generated: 444
[00:00:00:00:104] New longest path found with length 36 at expansion 37
[00:00:00:00:834] Path of length 36 found: [63, 55, 54, 46, 38, 37, 36, 44, 43, 51, 59, 58, 57, 49, 48, 40, 32, 33, 34, 26, 27, 19, 20, 21, 22, 23, 15, 7, 6, 5, 4, 3, 2, 10, 9, 8, 0]
[00:00:00:00:834] ! Unidirectional t-s. expansions: 275, time: 834 [ms], path length: 36 [edges], generated: 407
[00:00:00:00:062] New longest path found with length 22 at expansion 11
[00:00:00:00:092] New longest path found with length 24 at expansion 19
[00:00:00:00:211] New longest path found with length 26 at expansion 41
[00:00:00:00:253] New longest path found with length 28 at expansion 52
[00:00:00:00:339] New longest path found with length 36 at expansion 72
[00:00:00:00:482] Path of length 36 found: [0, 8, 9, 10, 2, 3, 4, 5, 6, 7, 15, 23, 22, 21, 20, 19, 27, 26, 25, 24, 32, 40, 48, 49, 57, 58, 59, 51, 43, 44, 36, 37, 38, 46, 54, 55, 63]
[00:00:00:00:935] ! Bidirectional. expansions: 91, time: 482 [ms], path length: 36 [edges], g_F: 18, g_B: 18, generated: {'F': 157, 'B': 142}, MM: 0, MMPER: -1.0%
[00:00:00:00:935] 
---------- SM_Grids/8x8_grid_with_random_blocks_20per_5 ----------
[00:00:00:00:106] New longest path found with length 32 at expansion 31
[00:00:00:01:297] Path of length 32 found: [0, 8, 9, 17, 25, 24, 32, 40, 48, 49, 57, 58, 59, 51, 43, 35, 36, 28, 20, 12, 13, 14, 22, 23, 31, 39, 38, 46, 45, 53, 61, 62, 63]
[00:00:00:01:298] ! Unidirectional s-t. expansions: 294, time: 1,297 [ms], path length: 32 [edges], generated: 526
[00:00:00:00:086] New longest path found with length 20 at expansion 19
[00:00:00:00:214] New longest path found with length 22 at expansion 60
[00:00:00:00:337] New longest path found with length 28 at expansion 97
[00:00:00:00:432] New longest path found with length 30 at expansion 138
[00:00:00:01:590] New longest path found with length 32 at expansion 528
[00:00:00:03:149] Path of length 32 found: [63, 62, 61, 53, 45, 46, 38, 39, 31, 23, 15, 14, 13, 12, 20, 28, 36, 35, 43, 51, 59, 58, 57, 49, 48, 40, 32, 24, 25, 17, 9, 1, 0]
[00:00:00:03:150] ! Unidirectional t-s. expansions: 1,010, time: 3,149 [ms], path length: 32 [edges], generated: 1,704
[00:00:00:00:070] New longest path found with length 20 at expansion 10
[00:00:00:00:082] New longest path found with length 22 at expansion 15
[00:00:00:00:177] New longest path found with length 30 at expansion 34
[00:00:00:00:391] New longest path found with length 32 at expansion 87
[00:00:00:01:218] Path of length 32 found: [0, 8, 9, 17, 25, 24, 32, 40, 48, 49, 57, 58, 59, 51, 43, 35, 36, 28, 20, 12, 13, 14, 15, 23, 31, 39, 38, 46, 45, 53, 61, 62, 63]
[00:00:00:01:717] ! Bidirectional. expansions: 225, time: 1,218 [ms], path length: 32 [edges], g_F: 16, g_B: 16, generated: {'F': 356, 'B': 368}, MM: 0, MMPER: -1.0%
[00:00:00:01:718] 
---------- SM_Grids/8x8_grid_with_random_blocks_20per_6 ----------
[00:00:00:00:101] New longest path found with length 30 at expansion 29
[00:00:00:03:539] Path of length 30 found: [0, 8, 16, 17, 18, 10, 11, 12, 4, 5, 6, 14, 15, 23, 31, 39, 38, 37, 36, 44, 43, 42, 50, 58, 59, 60, 61, 53, 54, 55, 63]
[00:00:00:03:539] ! Unidirectional s-t. expansions: 1,092, time: 3,539 [ms], path length: 30 [edges], generated: 1,794
[00:00:00:00:077] New longest path found with length 18 at expansion 17
[00:00:00:00:098] New longest path found with length 20 at expansion 25
[00:00:00:00:250] New longest path found with length 30 at expansion 65
[00:00:00:00:585] Path of length 30 found: [63, 55, 54, 53, 61, 60, 59, 58, 50, 42, 43, 44, 36, 37, 38, 39, 31, 23, 15, 14, 6, 5, 4, 12, 20, 19, 18, 10, 9, 1, 0]
[00:00:00:00:585] ! Unidirectional t-s. expansions: 159, time: 585 [ms], path length: 30 [edges], generated: 266
[00:00:00:00:056] New longest path found with length 18 at expansion 9
[00:00:00:00:076] New longest path found with length 20 at expansion 14
[00:00:00:00:180] New longest path found with length 30 at expansion 37
[00:00:00:01:731] Path of length 30 found: [0, 8, 16, 17, 18, 10, 11, 12, 4, 5, 6, 14, 15, 23, 31, 39, 38, 37, 36, 44, 43, 42, 50, 58, 59, 60, 61, 53, 54, 55, 63]
[00:00:00:02:184] ! Bidirectional. expansions: 251, time: 1,731 [ms], path length: 30 [edges], g_F: 15, g_B: 15, generated: {'F': 468, 'B': 444}, MM: 0, MMPER: -1.0%
[00:00:00:02:184] 
---------- SM_Grids/8x8_grid_with_random_blocks_20per_7 ----------
[00:00:00:00:089] New longest path found with length 26 at expansion 25
[00:00:00:00:256] New longest path found with length 28 at expansion 114
[00:00:00:01:211] Path of length 28 found: [0, 1, 9, 17, 16, 24, 32, 40, 41, 42, 34, 35, 36, 28, 20, 19, 11, 3, 4, 5, 6, 14, 15, 23, 31, 39, 47, 55, 63]
[00:00:00:01:211] ! Unidirectional s-t. expansions: 420, time: 1,211 [ms], path length: 28 [edges], generated: 639
[00:00:00:00:059] New longest path found with length 14 at expansion 13
[00:00:00:00:101] New longest path found with length 28 at expansion 29
[00:00:00:00:375] Path of length 28 found: [63, 55, 47, 39, 31, 23, 15, 7, 6, 5, 4, 3, 11, 19, 20, 28, 36, 35, 43, 42, 41, 33, 32, 24, 16, 17, 9, 1, 0]
[00:00:00:00:375] ! Unidirectional t-s. expansions: 101, time: 375 [ms], path length: 28 [edges], generated: 170
[00:00:00:00:071] New longest path found with length 26 at expansion 13
[00:00:00:00:078] New longest path found with length 28 at expansion 17
[00:00:00:00:302] Path of length 28 found: [0, 1, 9, 17, 16, 24, 32, 40, 41, 42, 34, 35, 36, 28, 20, 19, 11, 3, 4, 5, 6, 7, 15, 23, 31, 39, 47, 55, 63]
[00:00:00:00:805] ! Bidirectional. expansions: 62, time: 302 [ms], path length: 28 [edges], g_F: 14, g_B: 14, generated: {'F': 100, 'B': 90}, MM: 0, MMPER: -1.0%
[00:00:00:00:805] 
---------- SM_Grids/8x8_grid_with_random_blocks_20per_8 ----------
[00:00:00:00:176] New longest path found with length 18 at expansion 77
[00:00:00:00:365] New longest path found with length 24 at expansion 167
[00:00:00:00:830] Path of length 24 found: [0, 8, 9, 10, 2, 3, 4, 5, 6, 7, 15, 23, 22, 21, 20, 19, 27, 35, 36, 44, 52, 60, 61, 62, 63]
[00:00:00:00:830] ! Unidirectional s-t. expansions: 286, time: 830 [ms], path length: 24 [edges], generated: 417
[00:00:00:00:174] New longest path found with length 14 at expansion 81
[00:00:00:00:295] New longest path found with length 22 at expansion 164
[00:00:00:01:006] New longest path found with length 24 at expansion 608
[00:00:00:02:276] Path of length 24 found: [63, 55, 47, 46, 45, 44, 36, 35, 27, 19, 20, 21, 22, 23, 15, 7, 6, 5, 4, 3, 2, 10, 9, 8, 0]
[00:00:00:02:276] ! Unidirectional t-s. expansions: 1,065, time: 2,276 [ms], path length: 24 [edges], generated: 1,317
[00:00:00:00:056] New longest path found with length 18 at expansion 9
[00:00:00:00:073] New longest path found with length 24 at expansion 15
[00:00:00:00:124] Path of length 24 found: [0, 8, 9, 10, 2, 3, 4, 5, 6, 7, 15, 23, 22, 21, 20, 19, 27, 35, 36, 44, 45, 46, 47, 55, 63]
[00:00:00:00:577] ! Bidirectional. expansions: 20, time: 124 [ms], path length: 24 [edges], g_F: 12, g_B: 12, generated: {'F': 35, 'B': 35}, MM: 0, MMPER: -1.0%
[00:00:00:00:577] 
---------- SM_Grids/8x8_grid_with_random_blocks_20per_9 ----------
[00:00:00:00:078] New longest path found with length 22 at expansion 21
[00:00:00:01:611] Path of length 22 found: [0, 8, 9, 17, 18, 26, 34, 35, 36, 28, 29, 21, 13, 5, 6, 7, 15, 23, 31, 39, 47, 55, 63]
[00:00:00:01:612] ! Unidirectional s-t. expansions: 481, time: 1,612 [ms], path length: 22 [edges], generated: 778
[00:00:00:00:070] New longest path found with length 16 at expansion 16
[00:00:00:00:164] New longest path found with length 22 at expansion 46
[00:00:00:00:308] Path of length 22 found: [63, 55, 47, 39, 31, 23, 15, 7, 6, 5, 13, 21, 29, 37, 36, 35, 27, 26, 18, 10, 2, 1, 0]
[00:00:00:00:308] ! Unidirectional t-s. expansions: 80, time: 308 [ms], path length: 22 [edges], generated: 139
[00:00:00:00:064] New longest path found with length 22 at expansion 11
[00:00:00:00:671] Path of length 22 found: [0, 8, 9, 17, 18, 26, 34, 35, 36, 28, 29, 21, 13, 5, 6, 7, 15, 23, 31, 39, 47, 55, 63]
[00:00:00:01:118] ! Bidirectional. expansions: 100, time: 671 [ms], path length: 22 [edges], g_F: 11, g_B: 11, generated: {'F': 162, 'B': 189}, MM: 0, MMPER: -1.0%

[00:00:00:01:119] average expansions: (497, 661, 114, 0)
[00:00:00:01:119] average time: (1,417, 1,468, 637, 0)
[00:00:00:01:119] X-DFBnB: 497 , 1,417 (expansions , time[ms])
[00:00:00:01:119] BiX-DFBnB: 114 , 637 (expansions , time[ms])

