Mon 09 Mar 2026 17:31:53 IST

SLURM_JOBID:		 15365917
SLURM_JOB_NODELIST:	 ise-cpu256-07 

--------------------------
date: SM_Grids
number_of_graphs: 10
graph_type: grid
size_of_graphs: [8, 9]
heuristic: bcc_heuristic
snake: True
run_uni: True
run_bi: True
run_multi: False
solution_vertices: []
algorithms: ['DFBnB']
bsd: False
cube_first_dims: 4
cube_buffer_dim: None
backward_sym_generation: False
sym_coil: False
prefix_set: None

---------- SM_Grids/8x9_grid_with_random_blocks_8per_0 ----------
[00:00:00:24:267] Path of length 43 found: [0, 9, 18, 27, 36, 45, 54, 63, 64, 65, 56, 47, 38, 39, 30, 21, 20, 11, 2, 3, 4, 13, 14, 15, 6, 7, 8, 17, 26, 25, 34, 33, 32, 41, 50, 49, 58, 67, 68, 69, 60, 61, 62, 71]
[00:00:00:24:267] ! Unidirectional s-t. expansions: 5,740, time: 24,267 [ms], path length: 43 [edges], generated: 9,265
[00:00:00:30:564] Path of length 43 found: [71, 62, 61, 60, 69, 68, 67, 58, 49, 50, 41, 42, 43, 34, 25, 26, 17, 8, 7, 6, 5, 14, 23, 22, 31, 30, 39, 38, 47, 56, 65, 64, 63, 54, 45, 36, 27, 18, 19, 20, 11, 2, 1, 0]
[00:00:00:30:564] ! Unidirectional t-s. expansions: 6,405, time: 30,564 [ms], path length: 43 [edges], generated: 11,164
[00:00:07:20:368] Valid meeting checks so far: 200,000, state_vs_state: 0, state_vs_prefix: 0, prefix_vs_prefix: 200,000
[00:00:15:13:841] Valid meeting checks so far: 400,000, state_vs_state: 0, state_vs_prefix: 0, prefix_vs_prefix: 400,000
[00:00:23:22:052] Valid meeting checks so far: 600,000, state_vs_state: 0, state_vs_prefix: 0, prefix_vs_prefix: 600,000
[00:00:28:33:403] Path of length 43 found: [0, 1, 2, 11, 20, 19, 18, 27, 36, 45, 54, 63, 64, 65, 56, 47, 38, 39, 30, 31, 22, 23, 14, 5, 6, 7, 8, 17, 26, 25, 34, 43, 42, 41, 50, 49, 58, 67, 68, 69, 60, 61, 62, 71]
[00:00:28:33:899] ! Bidirectional. expansions: 958,964, time: 1,713,403 [ms], path length: 43 [edges], g_F: 22, g_B: 21, generated: {'F': 726,278, 'B': 862,508}, MM: 1, MMPER: 1.272727272727273%
[00:00:28:33:899] 
---------- SM_Grids/8x9_grid_with_random_blocks_8per_1 ----------
[00:00:00:58:647] Path of length 43 found: [0, 9, 18, 27, 36, 45, 54, 63, 64, 65, 56, 47, 38, 29, 20, 11, 2, 3, 4, 13, 22, 23, 24, 15, 6, 7, 8, 17, 26, 35, 34, 43, 42, 41, 40, 49, 58, 67, 68, 69, 60, 61, 62, 71]
[00:00:00:58:647] ! Unidirectional s-t. expansions: 13,553, time: 58,647 [ms], path length: 43 [edges], generated: 22,309
[00:00:01:20:432] Path of length 43 found: [71, 62, 61, 60, 69, 68, 67, 58, 49, 48, 47, 56, 65, 64, 63, 54, 45, 36, 27, 18, 19, 20, 29, 30, 31, 22, 23, 24, 33, 42, 43, 44, 35, 26, 17, 8, 7, 6, 5, 4, 3, 2, 1, 0]
[00:00:01:20:432] ! Unidirectional t-s. expansions: 17,485, time: 80,432 [ms], path length: 43 [edges], generated: 30,657
[00:00:07:03:146] Valid meeting checks so far: 200,000, state_vs_state: 0, state_vs_prefix: 0, prefix_vs_prefix: 200,000
[00:00:14:26:718] Valid meeting checks so far: 400,000, state_vs_state: 0, state_vs_prefix: 0, prefix_vs_prefix: 400,000
[00:00:22:19:823] Valid meeting checks so far: 600,000, state_vs_state: 0, state_vs_prefix: 0, prefix_vs_prefix: 600,000
[00:00:30:38:490] Valid meeting checks so far: 800,000, state_vs_state: 0, state_vs_prefix: 0, prefix_vs_prefix: 800,000
[00:00:38:41:031] Valid meeting checks so far: 1,000,000, state_vs_state: 0, state_vs_prefix: 0, prefix_vs_prefix: 1,000,000
[00:00:44:13:965] Path of length 43 found: [0, 1, 2, 3, 4, 5, 6, 7, 8, 17, 26, 35, 44, 43, 42, 33, 24, 23, 22, 31, 40, 49, 48, 47, 38, 29, 20, 19, 18, 27, 36, 45, 54, 63, 64, 65, 66, 67, 68, 69, 60, 61, 62, 71]
[00:00:44:14:513] ! Bidirectional. expansions: 1,502,324, time: 2,653,965 [ms], path length: 43 [edges], g_F: 22, g_B: 21, generated: {'F': 1,264,227, 'B': 1,265,422}, MM: 1, MMPER: 1.272727272727273%
[00:00:44:14:514] 
---------- SM_Grids/8x9_grid_with_random_blocks_8per_2 ----------
[00:00:01:20:338] Path of length 37 found: [0, 9, 18, 19, 20, 11, 2, 3, 4, 13, 22, 31, 30, 39, 38, 47, 56, 57, 58, 49, 50, 41, 42, 33, 24, 15, 6, 7, 8, 17, 26, 35, 44, 53, 52, 61, 70, 71]
[00:00:01:20:338] ! Unidirectional s-t. expansions: 15,590, time: 80,338 [ms], path length: 37 [edges], generated: 30,911
[00:00:01:10:424] Path of length 37 found: [71, 70, 69, 60, 51, 52, 43, 44, 35, 26, 17, 8, 7, 6, 5, 4, 13, 22, 23, 32, 41, 40, 49, 58, 57, 56, 47, 38, 37, 36, 27, 18, 19, 20, 11, 2, 1, 0]
[00:00:01:10:425] ! Unidirectional t-s. expansions: 15,020, time: 70,424 [ms], path length: 37 [edges], generated: 27,108
[00:00:06:18:960] Valid meeting checks so far: 200,000, state_vs_state: 0, state_vs_prefix: 0, prefix_vs_prefix: 200,000
[00:00:13:24:765] Valid meeting checks so far: 400,000, state_vs_state: 0, state_vs_prefix: 0, prefix_vs_prefix: 400,000
[00:00:21:12:180] Valid meeting checks so far: 600,000, state_vs_state: 0, state_vs_prefix: 0, prefix_vs_prefix: 600,000
[00:00:28:09:563] Valid meeting checks so far: 800,000, state_vs_state: 0, state_vs_prefix: 0, prefix_vs_prefix: 800,000
[00:00:36:11:794] Valid meeting checks so far: 1,000,000, state_vs_state: 0, state_vs_prefix: 0, prefix_vs_prefix: 1,000,000
[00:00:44:22:003] Valid meeting checks so far: 1,200,000, state_vs_state: 0, state_vs_prefix: 0, prefix_vs_prefix: 1,200,000
[00:00:51:18:395] Valid meeting checks so far: 1,400,000, state_vs_state: 0, state_vs_prefix: 0, prefix_vs_prefix: 1,400,000
[00:00:59:21:090] Valid meeting checks so far: 1,600,000, state_vs_state: 0, state_vs_prefix: 0, prefix_vs_prefix: 1,600,000
[00:01:00:28:821] Path of length 37 found: [0, 9, 18, 19, 20, 11, 2, 3, 4, 13, 22, 31, 30, 39, 38, 47, 56, 57, 58, 49, 50, 41, 42, 33, 24, 15, 6, 7, 8, 17, 26, 35, 44, 53, 52, 61, 70, 71]
[00:01:00:29:289] ! Bidirectional. expansions: 1,841,408, time: 3,628,821 [ms], path length: 37 [edges], g_F: 19, g_B: 18, generated: {'F': 1,728,416, 'B': 1,596,433}, MM: 1, MMPER: 1.6315789473684212%
[00:01:00:29:289] 
---------- SM_Grids/8x9_grid_with_random_blocks_8per_3 ----------
[00:00:01:38:223] Path of length 41 found: [0, 1, 2, 3, 12, 13, 14, 5, 6, 7, 16, 25, 24, 33, 32, 31, 40, 49, 48, 47, 38, 29, 20, 19, 18, 27, 36, 45, 54, 63, 64, 65, 66, 67, 68, 59, 60, 51, 52, 53, 62, 71]
[00:00:01:38:223] ! Unidirectional s-t. expansions: 23,061, time: 98,223 [ms], path length: 41 [edges], generated: 40,028
[00:00:00:44:659] Path of length 41 found: [71, 62, 53, 52, 51, 60, 59, 68, 67, 66, 65, 64, 63, 54, 45, 36, 27, 18, 19, 20, 29, 38, 47, 48, 49, 40, 41, 32, 33, 24, 25, 16, 7, 6, 5, 14, 13, 12, 3, 2, 1, 0]
[00:00:00:44:659] ! Unidirectional t-s. expansions: 9,578, time: 44,659 [ms], path length: 41 [edges], generated: 16,837
[00:00:07:13:262] Valid meeting checks so far: 200,000, state_vs_state: 0, state_vs_prefix: 0, prefix_vs_prefix: 200,000
[00:00:14:45:593] Valid meeting checks so far: 400,000, state_vs_state: 0, state_vs_prefix: 0, prefix_vs_prefix: 400,000
[00:00:21:59:859] Valid meeting checks so far: 600,000, state_vs_state: 0, state_vs_prefix: 0, prefix_vs_prefix: 600,000
[00:00:28:35:130] Valid meeting checks so far: 800,000, state_vs_state: 0, state_vs_prefix: 0, prefix_vs_prefix: 800,000
[00:00:35:51:156] Valid meeting checks so far: 1,000,000, state_vs_state: 0, state_vs_prefix: 0, prefix_vs_prefix: 1,000,000
[00:00:42:46:476] Valid meeting checks so far: 1,200,000, state_vs_state: 0, state_vs_prefix: 0, prefix_vs_prefix: 1,200,000
[00:00:49:45:921] Valid meeting checks so far: 1,400,000, state_vs_state: 0, state_vs_prefix: 0, prefix_vs_prefix: 1,400,000
[00:00:56:28:162] Valid meeting checks so far: 1,600,000, state_vs_state: 0, state_vs_prefix: 0, prefix_vs_prefix: 1,600,000
[00:01:03:43:935] Valid meeting checks so far: 1,800,000, state_vs_state: 0, state_vs_prefix: 0, prefix_vs_prefix: 1,800,000
[00:01:11:50:621] Valid meeting checks so far: 2,000,000, state_vs_state: 0, state_vs_prefix: 0, prefix_vs_prefix: 2,000,000
[00:01:19:53:643] Valid meeting checks so far: 2,200,000, state_vs_state: 0, state_vs_prefix: 0, prefix_vs_prefix: 2,200,000
[00:01:28:00:734] Valid meeting checks so far: 2,400,000, state_vs_state: 0, state_vs_prefix: 0, prefix_vs_prefix: 2,400,000
[00:01:35:22:173] Path of length 41 found: [0, 1, 2, 3, 12, 13, 14, 5, 6, 7, 16, 25, 24, 33, 32, 31, 40, 49, 48, 47, 38, 29, 20, 19, 18, 27, 36, 45, 54, 63, 64, 65, 66, 67, 68, 59, 60, 51, 52, 53, 62, 71]
[00:01:35:22:637] ! Bidirectional. expansions: 3,157,434, time: 5,722,173 [ms], path length: 41 [edges], g_F: 21, g_B: 20, generated: {'F': 2,648,177, 'B': 2,756,192}, MM: 1, MMPER: 1.380952380952381%
[00:01:35:22:637] 
---------- SM_Grids/8x9_grid_with_random_blocks_8per_4 ----------
[00:00:01:57:636] Path of length 39 found: [0, 9, 18, 19, 28, 29, 38, 47, 46, 45, 54, 63, 64, 65, 66, 57, 58, 59, 50, 41, 40, 31, 22, 21, 12, 3, 4, 5, 14, 15, 16, 17, 26, 35, 34, 43, 52, 61, 70, 71]
[00:00:01:57:636] ! Unidirectional s-t. expansions: 25,011, time: 117,636 [ms], path length: 39 [edges], generated: 47,026
[00:00:01:44:192] Path of length 39 found: [71, 70, 69, 60, 51, 52, 43, 34, 35, 26, 17, 16, 15, 14, 5, 4, 3, 12, 21, 22, 31, 40, 49, 58, 67, 66, 65, 64, 63, 54, 45, 46, 47, 38, 29, 28, 19, 10, 1, 0]
[00:00:01:44:192] ! Unidirectional t-s. expansions: 23,969, time: 104,192 [ms], path length: 39 [edges], generated: 44,296
[00:00:06:48:391] Valid meeting checks so far: 200,000, state_vs_state: 0, state_vs_prefix: 0, prefix_vs_prefix: 200,000
[00:00:13:44:335] Valid meeting checks so far: 400,000, state_vs_state: 0, state_vs_prefix: 0, prefix_vs_prefix: 400,000
[00:00:20:36:778] Valid meeting checks so far: 600,000, state_vs_state: 0, state_vs_prefix: 0, prefix_vs_prefix: 600,000
[00:00:27:54:281] Valid meeting checks so far: 800,000, state_vs_state: 0, state_vs_prefix: 0, prefix_vs_prefix: 800,000
[00:00:35:02:250] Valid meeting checks so far: 1,000,000, state_vs_state: 0, state_vs_prefix: 0, prefix_vs_prefix: 1,000,000
[00:00:42:22:672] Valid meeting checks so far: 1,200,000, state_vs_state: 0, state_vs_prefix: 0, prefix_vs_prefix: 1,200,000
[00:00:49:34:864] Valid meeting checks so far: 1,400,000, state_vs_state: 0, state_vs_prefix: 0, prefix_vs_prefix: 1,400,000
[00:00:56:56:688] Valid meeting checks so far: 1,600,000, state_vs_state: 0, state_vs_prefix: 0, prefix_vs_prefix: 1,600,000
[00:01:04:18:016] Valid meeting checks so far: 1,800,000, state_vs_state: 0, state_vs_prefix: 0, prefix_vs_prefix: 1,800,000
[00:01:11:36:675] Valid meeting checks so far: 2,000,000, state_vs_state: 0, state_vs_prefix: 0, prefix_vs_prefix: 2,000,000
[00:01:13:03:309] Path of length 39 found: [0, 9, 18, 19, 20, 11, 2, 3, 4, 5, 14, 15, 16, 17, 26, 35, 34, 43, 42, 41, 32, 31, 30, 39, 38, 37, 36, 45, 54, 63, 64, 65, 66, 67, 58, 59, 60, 69, 70, 71]
[00:01:13:03:751] ! Bidirectional. expansions: 2,856,888, time: 4,383,309 [ms], path length: 39 [edges], g_F: 20, g_B: 19, generated: {'F': 2,208,564, 'B': 2,247,995}, MM: 1, MMPER: 1.5%
[00:01:13:03:751] 
---------- SM_Grids/8x9_grid_with_random_blocks_8per_5 ----------
[00:00:00:37:956] Path of length 43 found: [0, 9, 18, 19, 20, 11, 2, 3, 4, 5, 6, 7, 16, 17, 26, 35, 44, 43, 42, 33, 24, 23, 22, 31, 40, 49, 48, 47, 38, 37, 36, 45, 54, 63, 64, 65, 66, 67, 68, 59, 60, 61, 70, 71]
[00:00:00:37:956] ! Unidirectional s-t. expansions: 13,103, time: 37,956 [ms], path length: 43 [edges], generated: 16,855
[00:00:00:38:588] Path of length 43 found: [71, 70, 61, 60, 59, 68, 67, 66, 65, 64, 63, 54, 45, 36, 37, 38, 47, 48, 49, 40, 31, 32, 33, 42, 43, 44, 35, 26, 17, 8, 7, 6, 15, 14, 13, 4, 3, 2, 11, 20, 19, 18, 9, 0]
[00:00:00:38:588] ! Unidirectional t-s. expansions: 8,359, time: 38,588 [ms], path length: 43 [edges], generated: 14,477
[00:00:06:58:016] Valid meeting checks so far: 200,000, state_vs_state: 0, state_vs_prefix: 0, prefix_vs_prefix: 200,000
[00:00:15:26:572] Valid meeting checks so far: 400,000, state_vs_state: 0, state_vs_prefix: 0, prefix_vs_prefix: 400,000
[00:00:23:59:628] Valid meeting checks so far: 600,000, state_vs_state: 0, state_vs_prefix: 0, prefix_vs_prefix: 600,000
[00:00:32:39:364] Valid meeting checks so far: 800,000, state_vs_state: 0, state_vs_prefix: 0, prefix_vs_prefix: 800,000
[00:00:33:02:909] Path of length 43 found: [0, 9, 18, 19, 20, 11, 2, 3, 4, 5, 6, 7, 8, 17, 26, 35, 44, 43, 42, 33, 24, 23, 22, 31, 40, 49, 48, 47, 38, 37, 36, 45, 54, 63, 64, 65, 66, 67, 68, 59, 60, 61, 70, 71]
[00:00:33:03:387] ! Bidirectional. expansions: 1,198,702, time: 1,982,909 [ms], path length: 43 [edges], g_F: 22, g_B: 21, generated: {'F': 935,433, 'B': 968,693}, MM: 1, MMPER: 1.272727272727273%
[00:00:33:03:387] 
---------- SM_Grids/8x9_grid_with_random_blocks_8per_6 ----------
[00:00:01:10:681] Path of length 39 found: [0, 1, 2, 11, 20, 19, 18, 27, 36, 37, 46, 55, 64, 65, 66, 57, 48, 39, 40, 41, 32, 23, 22, 13, 4, 5, 6, 7, 16, 25, 34, 35, 44, 53, 52, 51, 60, 69, 70, 71]
[00:00:01:10:681] ! Unidirectional s-t. expansions: 14,595, time: 70,681 [ms], path length: 39 [edges], generated: 26,864
[00:00:02:03:089] Path of length 39 found: [71, 62, 53, 52, 51, 60, 59, 58, 67, 66, 65, 64, 55, 46, 37, 36, 27, 18, 19, 20, 29, 30, 39, 40, 41, 32, 33, 34, 25, 16, 7, 6, 5, 14, 13, 12, 3, 2, 1, 0]
[00:00:02:03:089] ! Unidirectional t-s. expansions: 28,440, time: 123,089 [ms], path length: 39 [edges], generated: 51,701
[00:00:06:34:122] Valid meeting checks so far: 200,000, state_vs_state: 0, state_vs_prefix: 0, prefix_vs_prefix: 200,000
[00:00:14:38:136] Valid meeting checks so far: 400,000, state_vs_state: 0, state_vs_prefix: 0, prefix_vs_prefix: 400,000
[00:00:21:50:571] Valid meeting checks so far: 600,000, state_vs_state: 0, state_vs_prefix: 0, prefix_vs_prefix: 600,000
[00:00:29:11:379] Valid meeting checks so far: 800,000, state_vs_state: 0, state_vs_prefix: 0, prefix_vs_prefix: 800,000
[00:00:37:30:274] Valid meeting checks so far: 1,000,000, state_vs_state: 0, state_vs_prefix: 0, prefix_vs_prefix: 1,000,000
[00:00:46:08:608] Valid meeting checks so far: 1,200,000, state_vs_state: 0, state_vs_prefix: 0, prefix_vs_prefix: 1,200,000
[00:00:51:09:272] Path of length 39 found: [0, 1, 2, 3, 12, 13, 14, 5, 6, 7, 16, 25, 34, 33, 32, 41, 40, 39, 30, 29, 20, 19, 18, 27, 36, 37, 46, 55, 64, 65, 66, 67, 58, 59, 60, 51, 52, 53, 62, 71]
[00:00:51:09:747] ! Bidirectional. expansions: 1,776,888, time: 3,069,272 [ms], path length: 39 [edges], g_F: 20, g_B: 19, generated: {'F': 1,439,547, 'B': 1,453,916}, MM: 1, MMPER: 1.5%
[00:00:51:09:747] 
---------- SM_Grids/8x9_grid_with_random_blocks_8per_7 ----------
[00:00:02:10:286] Path of length 39 found: [0, 9, 18, 27, 28, 29, 20, 11, 2, 3, 4, 5, 6, 7, 8, 17, 26, 25, 24, 23, 22, 31, 40, 39, 48, 47, 46, 45, 54, 63, 64, 65, 66, 67, 58, 59, 60, 61, 70, 71]
[00:00:02:10:286] ! Unidirectional s-t. expansions: 35,411, time: 130,286 [ms], path length: 39 [edges], generated: 58,837
[00:00:03:08:144] Path of length 39 found: [71, 62, 61, 52, 43, 44, 35, 26, 17, 8, 7, 6, 5, 14, 13, 22, 31, 30, 39, 48, 49, 50, 59, 68, 67, 66, 65, 64, 63, 54, 45, 46, 37, 28, 19, 20, 11, 2, 1, 0]
[00:00:03:08:144] ! Unidirectional t-s. expansions: 51,554, time: 188,144 [ms], path length: 39 [edges], generated: 86,474
[00:00:06:53:774] Valid meeting checks so far: 200,000, state_vs_state: 0, state_vs_prefix: 0, prefix_vs_prefix: 200,000
[00:00:14:24:965] Valid meeting checks so far: 400,000, state_vs_state: 0, state_vs_prefix: 0, prefix_vs_prefix: 400,000
[00:00:21:47:915] Valid meeting checks so far: 600,000, state_vs_state: 0, state_vs_prefix: 0, prefix_vs_prefix: 600,000
[00:00:28:50:055] Valid meeting checks so far: 800,000, state_vs_state: 0, state_vs_prefix: 0, prefix_vs_prefix: 800,000
[00:00:36:40:255] Valid meeting checks so far: 1,000,000, state_vs_state: 0, state_vs_prefix: 0, prefix_vs_prefix: 1,000,000
[00:00:44:15:449] Valid meeting checks so far: 1,200,000, state_vs_state: 0, state_vs_prefix: 0, prefix_vs_prefix: 1,200,000
[00:00:44:42:359] Path of length 39 found: [0, 9, 10, 19, 28, 29, 30, 39, 48, 47, 46, 45, 54, 63, 64, 65, 66, 67, 68, 59, 50, 41, 32, 23, 22, 13, 4, 5, 6, 7, 8, 17, 26, 35, 44, 43, 52, 61, 62, 71]
[00:00:44:42:895] ! Bidirectional. expansions: 1,592,186, time: 2,682,359 [ms], path length: 39 [edges], g_F: 20, g_B: 19, generated: {'F': 1,286,123, 'B': 1,343,699}, MM: 1, MMPER: 1.5%
[00:00:44:42:895] 
---------- SM_Grids/8x9_grid_with_random_blocks_8per_8 ----------
[00:00:00:44:220] Path of length 43 found: [0, 9, 18, 19, 20, 11, 2, 3, 4, 5, 6, 7, 8, 17, 26, 35, 34, 33, 24, 23, 22, 31, 30, 39, 38, 37, 36, 45, 54, 63, 64, 65, 56, 57, 58, 67, 68, 69, 60, 51, 52, 53, 62, 71]
[00:00:00:44:220] ! Unidirectional s-t. expansions: 9,855, time: 44,220 [ms], path length: 43 [edges], generated: 16,007
[00:00:00:47:303] Path of length 43 found: [71, 62, 53, 44, 43, 34, 25, 26, 17, 8, 7, 6, 15, 14, 13, 4, 3, 2, 11, 20, 21, 30, 31, 32, 41, 50, 51, 60, 69, 68, 67, 58, 57, 56, 65, 64, 63, 54, 45, 36, 27, 18, 9, 0]
[00:00:00:47:303] ! Unidirectional t-s. expansions: 11,514, time: 47,303 [ms], path length: 43 [edges], generated: 17,566
[00:00:07:35:658] Valid meeting checks so far: 200,000, state_vs_state: 0, state_vs_prefix: 0, prefix_vs_prefix: 200,000
[00:00:15:29:127] Valid meeting checks so far: 400,000, state_vs_state: 0, state_vs_prefix: 0, prefix_vs_prefix: 400,000
[00:00:23:21:687] Valid meeting checks so far: 600,000, state_vs_state: 0, state_vs_prefix: 0, prefix_vs_prefix: 600,000
[00:00:31:03:917] Valid meeting checks so far: 800,000, state_vs_state: 0, state_vs_prefix: 0, prefix_vs_prefix: 800,000
[00:00:39:03:196] Valid meeting checks so far: 1,000,000, state_vs_state: 0, state_vs_prefix: 0, prefix_vs_prefix: 1,000,000
[00:00:46:37:756] Valid meeting checks so far: 1,200,000, state_vs_state: 0, state_vs_prefix: 0, prefix_vs_prefix: 1,200,000
[00:00:54:12:692] Valid meeting checks so far: 1,400,000, state_vs_state: 0, state_vs_prefix: 0, prefix_vs_prefix: 1,400,000
[00:00:57:50:906] Path of length 43 found: [0, 9, 18, 27, 36, 45, 54, 63, 64, 65, 56, 47, 38, 29, 20, 11, 2, 3, 4, 13, 22, 31, 32, 33, 24, 15, 6, 7, 8, 17, 26, 35, 44, 53, 52, 51, 50, 49, 58, 67, 68, 69, 70, 71]
[00:00:57:51:442] ! Bidirectional. expansions: 1,992,536, time: 3,470,906 [ms], path length: 43 [edges], g_F: 22, g_B: 21, generated: {'F': 1,630,724, 'B': 1,670,110}, MM: 1, MMPER: 1.272727272727273%
[00:00:57:51:442] 
---------- SM_Grids/8x9_grid_with_random_blocks_8per_9 ----------
[00:00:03:18:451] Path of length 39 found: [0, 9, 10, 11, 20, 21, 22, 13, 4, 5, 6, 7, 16, 25, 34, 33, 32, 41, 40, 49, 48, 47, 38, 37, 36, 45, 54, 63, 64, 65, 66, 67, 68, 59, 60, 51, 52, 53, 62, 71]
[00:00:03:18:451] ! Unidirectional s-t. expansions: 47,027, time: 198,451 [ms], path length: 39 [edges], generated: 79,989
[00:00:02:27:843] Path of length 39 found: [71, 70, 61, 52, 53, 44, 35, 34, 25, 16, 7, 6, 5, 14, 23, 32, 31, 40, 49, 50, 59, 68, 67, 66, 57, 56, 55, 54, 45, 36, 27, 18, 19, 20, 21, 12, 3, 2, 1, 0]
[00:00:02:27:846] ! Unidirectional t-s. expansions: 36,399, time: 147,843 [ms], path length: 39 [edges], generated: 61,855
[00:00:06:16:202] Valid meeting checks so far: 200,000, state_vs_state: 0, state_vs_prefix: 0, prefix_vs_prefix: 200,000
[00:00:13:21:860] Valid meeting checks so far: 400,000, state_vs_state: 0, state_vs_prefix: 0, prefix_vs_prefix: 400,000
[00:00:20:56:426] Valid meeting checks so far: 600,000, state_vs_state: 0, state_vs_prefix: 0, prefix_vs_prefix: 600,000
[00:00:28:43:560] Valid meeting checks so far: 800,000, state_vs_state: 0, state_vs_prefix: 0, prefix_vs_prefix: 800,000
[00:00:35:39:462] Valid meeting checks so far: 1,000,000, state_vs_state: 0, state_vs_prefix: 0, prefix_vs_prefix: 1,000,000
[00:00:43:19:486] Valid meeting checks so far: 1,200,000, state_vs_state: 0, state_vs_prefix: 0, prefix_vs_prefix: 1,200,000
[00:00:51:13:487] Valid meeting checks so far: 1,400,000, state_vs_state: 0, state_vs_prefix: 0, prefix_vs_prefix: 1,400,000
[00:00:58:50:887] Valid meeting checks so far: 1,600,000, state_vs_state: 0, state_vs_prefix: 0, prefix_vs_prefix: 1,600,000
[00:01:02:47:134] Path of length 39 found: [0, 1, 2, 3, 12, 21, 20, 19, 18, 27, 36, 45, 54, 63, 64, 65, 66, 67, 68, 59, 50, 49, 40, 31, 32, 23, 14, 5, 6, 7, 16, 25, 34, 35, 44, 53, 52, 61, 70, 71]
[00:01:02:47:655] ! Bidirectional. expansions: 2,204,650, time: 3,767,134 [ms], path length: 39 [edges], g_F: 20, g_B: 19, generated: {'F': 1,823,972, 'B': 1,764,731}, MM: 1, MMPER: 1.5%

[00:01:02:47:655] average expansions: (20,295, 20,872, 1,908,198, 0)
[00:01:02:47:655] average time: (86,070, 87,524, 3,307,425, 0)
[00:01:02:47:655] X-DFBnB: 20,295 , 86,070 (expansions , time[ms])
[00:01:02:47:655] BiX-DFBnB: 1,908,198 , 3,307,425 (expansions , time[ms])

