Thu 12 Mar 2026 16:04:39 IST

SLURM_JOBID:		 15618415
SLURM_JOB_NODELIST:	 ise-cpu256-30 

--------------------------
date: SM_Grids
number_of_graphs: 10
graph_type: grid
size_of_graphs: [8, 9]
heuristic: bcc_heuristic
snake: True
run_uni: True
run_bi: True
run_multi: False
solution_vertices: []
algorithms: ['full', 'DFBnB']
bsd: False
cube_first_dims: 4
cube_buffer_dim: None
backward_sym_generation: False
sym_coil: False
prefix_set: None

---------- SM_Grids/8x9_grid_with_random_blocks_16per_0 ----------
[00:00:00:01:924] Path of length 39 found: [0, 9, 10, 19, 28, 27, 36, 45, 54, 63, 64, 65, 56, 47, 38, 39, 30, 21, 12, 3, 4, 5, 6, 7, 16, 25, 24, 23, 32, 41, 50, 49, 58, 67, 68, 69, 60, 61, 62, 71]
[00:00:00:01:924] ! Unidirectional s-t. expansions: 792, time: 1,924 [ms], path length: 39 [edges], generated: 1,389
[00:00:00:02:685] Path of length 39 found: [71, 62, 61, 60, 69, 68, 67, 58, 49, 50, 41, 42, 33, 34, 25, 16, 7, 6, 5, 4, 3, 12, 21, 30, 39, 38, 47, 56, 65, 64, 63, 54, 45, 36, 27, 28, 19, 10, 1, 0]
[00:00:00:02:686] ! Unidirectional t-s. expansions: 1,062, time: 2,685 [ms], path length: 39 [edges], generated: 1,813
[00:00:00:03:952] Path of length 39 found: [71, 62, 61, 60, 69, 68, 67, 58, 49, 50, 41, 42, 33, 34, 25, 16, 7, 6, 5, 4, 3, 12, 21, 30, 39, 38, 47, 56, 65, 64, 63, 54, 45, 36, 27, 28, 19, 10, 9, 0]
[00:00:00:04:460] ! Bidirectional. expansions: 1,337, time: 3,952 [ms], path length: 39 [edges], g_F: 18, g_B: 21, generated: 2,298, MM: 3, MMPER: 6.5%
[00:00:00:04:460] 
---------- SM_Grids/8x9_grid_with_random_blocks_16per_1 ----------
[00:00:00:19:169] Path of length 29 found: [0, 9, 18, 27, 28, 29, 38, 47, 56, 57, 58, 49, 50, 41, 32, 31, 22, 13, 14, 15, 16, 17, 26, 35, 34, 43, 52, 61, 70, 71]
[00:00:00:19:170] ! Unidirectional s-t. expansions: 10,236, time: 19,169 [ms], path length: 29 [edges], generated: 18,527
[00:00:00:14:171] Path of length 29 found: [71, 70, 61, 52, 53, 44, 35, 26, 17, 16, 15, 14, 13, 22, 31, 32, 41, 50, 59, 58, 57, 56, 47, 38, 29, 28, 27, 18, 9, 0]
[00:00:00:14:171] ! Unidirectional t-s. expansions: 9,559, time: 14,171 [ms], path length: 29 [edges], generated: 15,801
[00:00:00:19:824] Path of length 29 found: [0, 9, 18, 27, 28, 29, 38, 47, 56, 57, 58, 49, 40, 41, 32, 23, 24, 15, 16, 17, 26, 35, 44, 53, 52, 51, 60, 69, 70, 71]
[00:00:00:20:297] ! Bidirectional. expansions: 7,234, time: 19,824 [ms], path length: 29 [edges], g_F: 11, g_B: 18, generated: 13,575, MM: 7, MMPER: 22.333333333333332%
[00:00:00:20:297] 
---------- SM_Grids/8x9_grid_with_random_blocks_16per_2 ----------
[00:00:00:02:197] Path of length 39 found: [0, 9, 10, 11, 2, 3, 4, 5, 14, 15, 16, 17, 26, 35, 44, 43, 42, 33, 32, 31, 40, 39, 38, 29, 28, 27, 36, 45, 46, 55, 64, 65, 66, 57, 58, 59, 68, 69, 70, 71]
[00:00:00:02:198] ! Unidirectional s-t. expansions: 829, time: 2,197 [ms], path length: 39 [edges], generated: 1,448
[00:00:00:00:941] Path of length 39 found: [71, 70, 69, 68, 59, 58, 57, 66, 65, 64, 55, 46, 45, 36, 27, 28, 29, 38, 39, 40, 31, 32, 33, 42, 43, 44, 35, 26, 17, 16, 15, 14, 5, 4, 3, 2, 11, 10, 9, 0]
[00:00:00:00:942] ! Unidirectional t-s. expansions: 349, time: 941 [ms], path length: 39 [edges], generated: 606
[00:00:00:02:969] Path of length 39 found: [0, 9, 10, 11, 2, 3, 4, 5, 14, 15, 16, 17, 26, 35, 44, 43, 42, 33, 32, 31, 40, 39, 38, 29, 28, 27, 36, 45, 46, 55, 64, 65, 66, 57, 58, 59, 68, 69, 70, 71]
[00:00:00:03:466] ! Bidirectional. expansions: 941, time: 2,969 [ms], path length: 39 [edges], g_F: 17, g_B: 22, generated: 1,699, MM: 5, MMPER: 11.5%
[00:00:00:03:466] 
---------- SM_Grids/8x9_grid_with_random_blocks_16per_3 ----------
[00:00:00:00:575] Path of length 37 found: [0, 1, 2, 3, 4, 5, 14, 23, 24, 25, 34, 35, 44, 53, 52, 51, 42, 41, 40, 31, 30, 21, 20, 19, 28, 37, 46, 55, 64, 65, 66, 57, 58, 59, 68, 69, 70, 71]
[00:00:00:00:576] ! Unidirectional s-t. expansions: 243, time: 576 [ms], path length: 37 [edges], generated: 419
[00:00:00:01:467] Path of length 37 found: [71, 70, 69, 68, 59, 58, 57, 66, 65, 64, 55, 46, 37, 28, 19, 20, 21, 30, 39, 40, 41, 42, 51, 52, 53, 44, 35, 26, 25, 24, 23, 14, 5, 4, 3, 2, 1, 0]
[00:00:00:01:467] ! Unidirectional t-s. expansions: 509, time: 1,467 [ms], path length: 37 [edges], generated: 931
[00:00:00:01:869] Path of length 37 found: [0, 1, 2, 3, 4, 5, 14, 23, 24, 25, 34, 35, 44, 53, 52, 51, 42, 41, 40, 39, 30, 21, 20, 19, 28, 37, 46, 55, 64, 65, 66, 57, 58, 59, 68, 69, 70, 71]
[00:00:00:02:336] ! Bidirectional. expansions: 586, time: 1,869 [ms], path length: 37 [edges], g_F: 17, g_B: 20, generated: 1,082, MM: 3, MMPER: 6.894736842105263%
[00:00:00:02:337] 
---------- SM_Grids/8x9_grid_with_random_blocks_16per_4 ----------
[00:00:00:02:776] Path of length 33 found: [0, 1, 10, 19, 18, 27, 36, 37, 38, 47, 48, 49, 40, 31, 30, 21, 12, 3, 4, 5, 6, 7, 16, 25, 34, 35, 44, 53, 52, 51, 60, 69, 70, 71]
[00:00:00:02:776] ! Unidirectional s-t. expansions: 1,161, time: 2,776 [ms], path length: 33 [edges], generated: 2,032
[00:00:00:07:729] Path of length 33 found: [71, 70, 69, 60, 51, 52, 53, 44, 35, 34, 25, 16, 7, 6, 5, 4, 3, 12, 21, 30, 31, 40, 49, 48, 47, 38, 37, 36, 27, 18, 19, 10, 1, 0]
[00:00:00:07:730] ! Unidirectional t-s. expansions: 3,355, time: 7,729 [ms], path length: 33 [edges], generated: 5,922
[00:00:00:09:192] Path of length 33 found: [0, 1, 10, 19, 18, 27, 36, 37, 38, 47, 48, 49, 40, 31, 30, 21, 12, 3, 4, 5, 6, 7, 16, 25, 34, 35, 44, 53, 52, 51, 60, 69, 70, 71]
[00:00:00:09:660] ! Bidirectional. expansions: 3,363, time: 9,192 [ms], path length: 33 [edges], g_F: 18, g_B: 15, generated: 5,903, MM: 3, MMPER: 7.8235294117647065%
[00:00:00:09:661] 
---------- SM_Grids/8x9_grid_with_random_blocks_16per_5 ----------
[00:00:00:01:770] Path of length 31 found: [0, 9, 18, 19, 20, 11, 12, 13, 22, 23, 24, 15, 6, 7, 8, 17, 26, 35, 34, 43, 42, 41, 40, 39, 48, 57, 66, 67, 68, 69, 70, 71]
[00:00:00:01:771] ! Unidirectional s-t. expansions: 843, time: 1,770 [ms], path length: 31 [edges], generated: 1,318
[00:00:00:01:349] Path of length 31 found: [71, 70, 69, 68, 67, 66, 57, 48, 49, 50, 51, 42, 43, 34, 35, 26, 17, 8, 7, 6, 15, 24, 23, 32, 31, 30, 21, 12, 11, 10, 9, 0]
[00:00:00:01:349] ! Unidirectional t-s. expansions: 626, time: 1,349 [ms], path length: 31 [edges], generated: 1,068
[00:00:00:02:327] Path of length 31 found: [0, 9, 18, 19, 28, 37, 38, 39, 30, 21, 22, 23, 24, 15, 6, 7, 8, 17, 26, 35, 34, 43, 42, 51, 50, 49, 58, 67, 68, 69, 70, 71]
[00:00:00:02:800] ! Bidirectional. expansions: 769, time: 2,327 [ms], path length: 31 [edges], g_F: 11, g_B: 20, generated: 1,389, MM: 9, MMPER: 27.125%
[00:00:00:02:800] 
---------- SM_Grids/8x9_grid_with_random_blocks_16per_6 ----------
[00:00:00:02:689] Path of length 25 found: [0, 1, 2, 11, 20, 19, 18, 27, 36, 45, 54, 63, 64, 65, 56, 57, 58, 49, 40, 41, 42, 51, 60, 61, 62, 71]
[00:00:00:02:689] ! Unidirectional s-t. expansions: 913, time: 2,689 [ms], path length: 25 [edges], generated: 1,875
[00:00:00:01:239] Path of length 25 found: [71, 62, 53, 52, 51, 42, 41, 40, 49, 58, 67, 66, 65, 64, 63, 54, 45, 36, 27, 18, 19, 20, 11, 2, 1, 0]
[00:00:00:01:239] ! Unidirectional t-s. expansions: 602, time: 1,239 [ms], path length: 25 [edges], generated: 984
[00:00:00:02:404] Path of length 25 found: [0, 1, 2, 11, 20, 19, 18, 27, 36, 45, 54, 63, 64, 65, 56, 57, 58, 67, 68, 69, 60, 51, 52, 53, 62, 71]
[00:00:00:02:891] ! Bidirectional. expansions: 747, time: 2,404 [ms], path length: 25 [edges], g_F: 15, g_B: 10, generated: 1,433, MM: 5, MMPER: 18.23076923076923%
[00:00:00:02:892] 
---------- SM_Grids/8x9_grid_with_random_blocks_16per_7 ----------
[00:00:00:01:062] Path of length 37 found: [0, 1, 10, 19, 18, 27, 36, 45, 46, 47, 56, 57, 58, 67, 68, 69, 60, 51, 50, 41, 32, 31, 22, 21, 12, 3, 4, 5, 14, 15, 24, 25, 34, 43, 44, 53, 62, 71]
[00:00:00:01:063] ! Unidirectional s-t. expansions: 416, time: 1,062 [ms], path length: 37 [edges], generated: 708
[00:00:00:00:698] Path of length 37 found: [71, 62, 53, 44, 43, 34, 25, 24, 15, 6, 5, 4, 3, 12, 21, 22, 31, 32, 41, 50, 51, 60, 69, 68, 67, 58, 57, 48, 39, 38, 37, 36, 27, 18, 19, 10, 1, 0]
[00:00:00:00:698] ! Unidirectional t-s. expansions: 266, time: 698 [ms], path length: 37 [edges], generated: 436
[00:00:00:02:048] Path of length 37 found: [0, 1, 10, 19, 18, 27, 36, 45, 46, 47, 56, 57, 58, 67, 68, 69, 60, 51, 50, 41, 32, 31, 22, 21, 12, 3, 4, 5, 6, 15, 24, 25, 34, 43, 44, 53, 62, 71]
[00:00:00:02:512] ! Bidirectional. expansions: 657, time: 2,048 [ms], path length: 37 [edges], g_F: 17, g_B: 20, generated: 1,154, MM: 3, MMPER: 6.894736842105263%
[00:00:00:02:512] 
---------- SM_Grids/8x9_grid_with_random_blocks_16per_8 ----------
[00:00:00:02:675] Path of length 35 found: [0, 9, 18, 27, 36, 45, 54, 63, 64, 65, 66, 67, 68, 59, 50, 49, 48, 39, 38, 29, 20, 11, 12, 13, 22, 23, 24, 25, 26, 35, 44, 43, 52, 61, 62, 71]
[00:00:00:02:676] ! Unidirectional s-t. expansions: 1,139, time: 2,675 [ms], path length: 35 [edges], generated: 1,961
[00:00:00:04:373] Path of length 35 found: [71, 62, 61, 52, 43, 44, 35, 26, 25, 24, 23, 22, 13, 12, 11, 20, 29, 38, 39, 48, 49, 50, 59, 68, 67, 66, 65, 56, 55, 54, 45, 36, 27, 18, 9, 0]
[00:00:00:04:374] ! Unidirectional t-s. expansions: 2,212, time: 4,373 [ms], path length: 35 [edges], generated: 3,872
[00:00:00:06:611] Path of length 35 found: [71, 62, 61, 52, 43, 44, 35, 26, 25, 24, 23, 22, 13, 12, 11, 20, 29, 38, 39, 48, 49, 50, 59, 68, 67, 66, 65, 64, 63, 54, 45, 36, 27, 18, 9, 0]
[00:00:00:07:076] ! Bidirectional. expansions: 2,388, time: 6,611 [ms], path length: 35 [edges], g_F: 16, g_B: 19, generated: 4,203, MM: 3, MMPER: 7.333333333333334%
[00:00:00:07:076] 
---------- SM_Grids/8x9_grid_with_random_blocks_16per_9 ----------
[00:00:00:02:306] Path of length 35 found: [0, 1, 10, 19, 18, 27, 36, 45, 46, 47, 48, 57, 58, 59, 50, 41, 32, 31, 22, 21, 12, 3, 4, 5, 14, 15, 24, 25, 34, 35, 44, 53, 52, 61, 70, 71]
[00:00:00:02:306] ! Unidirectional s-t. expansions: 786, time: 2,306 [ms], path length: 35 [edges], generated: 1,449
[00:00:00:03:737] Path of length 35 found: [71, 70, 61, 52, 43, 44, 35, 26, 25, 24, 15, 6, 5, 4, 3, 12, 21, 22, 31, 32, 41, 50, 59, 58, 57, 48, 39, 38, 37, 36, 27, 18, 19, 10, 1, 0]
[00:00:00:03:738] ! Unidirectional t-s. expansions: 1,729, time: 3,738 [ms], path length: 35 [edges], generated: 2,902
[00:00:00:04:024] Path of length 35 found: [0, 1, 10, 19, 18, 27, 36, 45, 46, 47, 48, 57, 58, 59, 50, 41, 32, 31, 22, 21, 12, 3, 4, 5, 6, 15, 24, 25, 26, 35, 44, 43, 52, 61, 70, 71]
[00:00:00:04:519] ! Bidirectional. expansions: 1,489, time: 4,024 [ms], path length: 35 [edges], g_F: 15, g_B: 20, generated: 2,546, MM: 5, MMPER: 12.88888888888889%

[00:00:00:04:519] average expansions: (1,736, 2,027, 1,951, 0)
[00:00:00:04:519] average time: (3,714, 3,839, 5,522, 0)
[00:00:00:04:520] A*: 1,736 , 3,714 (expansions , time[ms])
[00:00:00:04:520] XMM: 1,951 , 5,522 (expansions , time[ms])

[00:00:00:04:520] 
---------- SM_Grids/8x9_grid_with_random_blocks_16per_0 ----------
[00:00:00:00:150] New longest path found with length 39 at expansion 39
[00:00:00:03:872] Path of length 39 found: [0, 9, 10, 19, 28, 27, 36, 45, 54, 63, 64, 65, 56, 47, 38, 39, 30, 21, 12, 3, 4, 5, 6, 15, 16, 25, 34, 33, 32, 41, 50, 49, 58, 67, 68, 69, 60, 61, 62, 71]
[00:00:00:03:872] ! Unidirectional s-t. expansions: 791, time: 3,872 [ms], path length: 39 [edges], generated: 1,389
[00:00:00:00:587] New longest path found with length 19 at expansion 343
[00:00:00:01:613] New longest path found with length 21 at expansion 980
[00:00:00:01:938] New longest path found with length 35 at expansion 1,175
[00:00:00:02:733] New longest path found with length 37 at expansion 1,374
[00:00:00:04:494] New longest path found with length 39 at expansion 1,797
[00:00:00:08:733] Path of length 39 found: [71, 62, 61, 60, 69, 68, 67, 58, 49, 50, 41, 42, 33, 24, 25, 16, 7, 6, 5, 4, 3, 12, 21, 30, 39, 38, 47, 56, 65, 64, 63, 54, 45, 36, 27, 28, 19, 10, 1, 0]
[00:00:00:08:734] ! Unidirectional t-s. expansions: 2,651, time: 8,733 [ms], path length: 39 [edges], generated: 3,765
[00:00:00:00:078] New longest path found with length 21 at expansion 11
[00:00:00:00:135] New longest path found with length 35 at expansion 25
[00:00:00:00:316] New longest path found with length 37 at expansion 62
[00:00:00:00:793] New longest path found with length 39 at expansion 145
[00:00:00:02:521] Path of length 39 found: [0, 9, 10, 19, 28, 27, 36, 45, 54, 63, 64, 65, 56, 47, 38, 39, 30, 21, 12, 3, 4, 5, 6, 7, 16, 25, 34, 33, 42, 41, 50, 49, 58, 67, 68, 69, 60, 61, 62, 71]
[00:00:00:02:986] ! Bidirectional. expansions: 350, time: 2,521 [ms], path length: 39 [edges], g_F: 20, g_B: 19, generated: {'F': 585, 'B': 606}, MM: 1, MMPER: 1.5%
[00:00:00:02:987] 
---------- SM_Grids/8x9_grid_with_random_blocks_16per_1 ----------
[00:00:00:00:132] New longest path found with length 29 at expansion 29
[00:00:00:39:264] Path of length 29 found: [0, 1, 10, 19, 28, 29, 38, 47, 56, 57, 58, 49, 40, 41, 32, 23, 14, 15, 16, 17, 26, 35, 34, 43, 52, 51, 60, 69, 70, 71]
[00:00:00:39:264] ! Unidirectional s-t. expansions: 10,101, time: 39,264 [ms], path length: 29 [edges], generated: 18,535
[00:00:00:00:120] New longest path found with length 21 at expansion 24
[00:00:00:00:338] New longest path found with length 25 at expansion 79
[00:00:00:00:382] New longest path found with length 27 at expansion 98
[00:00:00:03:605] New longest path found with length 29 at expansion 1,127
[00:00:00:30:756] Path of length 29 found: [71, 70, 69, 60, 51, 52, 53, 44, 35, 26, 17, 16, 15, 24, 23, 22, 31, 40, 49, 58, 57, 56, 47, 38, 29, 28, 27, 18, 9, 0]
[00:00:00:30:756] ! Unidirectional t-s. expansions: 9,499, time: 30,756 [ms], path length: 29 [edges], generated: 16,638
[00:00:00:00:438] New longest path found with length 15 at expansion 182
[00:00:00:00:477] New longest path found with length 27 at expansion 193
[00:00:00:00:901] New longest path found with length 29 at expansion 276
[00:00:00:26:239] Path of length 29 found: [0, 9, 18, 27, 28, 29, 38, 47, 56, 57, 58, 49, 40, 41, 32, 23, 14, 15, 16, 17, 26, 35, 44, 53, 52, 51, 60, 69, 70, 71]
[00:00:00:26:713] ! Bidirectional. expansions: 3,391, time: 26,240 [ms], path length: 29 [edges], g_F: 15, g_B: 14, generated: {'F': 7,020, 'B': 6,378}, MM: 1, MMPER: 2.3333333333333335%
[00:00:00:26:713] 
---------- SM_Grids/8x9_grid_with_random_blocks_16per_2 ----------
[00:00:00:00:139] New longest path found with length 33 at expansion 33
[00:00:00:00:178] New longest path found with length 37 at expansion 50
[00:00:00:04:814] New longest path found with length 39 at expansion 1,201
[00:00:00:06:099] Path of length 39 found: [0, 9, 10, 11, 2, 3, 4, 13, 14, 15, 16, 17, 26, 35, 44, 43, 42, 33, 32, 31, 40, 39, 38, 29, 28, 27, 36, 45, 46, 55, 64, 65, 66, 57, 58, 59, 68, 69, 70, 71]
[00:00:00:06:099] ! Unidirectional s-t. expansions: 1,442, time: 6,099 [ms], path length: 39 [edges], generated: 2,484
[00:00:00:00:147] New longest path found with length 39 at expansion 38
[00:00:00:01:649] Path of length 39 found: [71, 70, 69, 68, 59, 58, 57, 66, 65, 64, 55, 46, 45, 36, 27, 28, 29, 38, 39, 40, 31, 32, 33, 42, 43, 44, 35, 26, 17, 16, 15, 14, 5, 4, 3, 2, 11, 10, 9, 0]
[00:00:00:01:649] ! Unidirectional t-s. expansions: 348, time: 1,649 [ms], path length: 39 [edges], generated: 606
[00:00:00:00:104] New longest path found with length 35 at expansion 18
[00:00:00:00:595] New longest path found with length 39 at expansion 103
[00:00:00:01:485] Path of length 39 found: [0, 9, 10, 11, 2, 3, 4, 13, 14, 15, 16, 17, 26, 35, 44, 43, 42, 33, 32, 31, 40, 39, 38, 29, 28, 27, 36, 45, 46, 55, 64, 65, 66, 57, 58, 59, 68, 69, 70, 71]
[00:00:00:01:960] ! Bidirectional. expansions: 216, time: 1,485 [ms], path length: 39 [edges], g_F: 20, g_B: 19, generated: {'F': 386, 'B': 386}, MM: 1, MMPER: 1.5%
[00:00:00:01:961] 
---------- SM_Grids/8x9_grid_with_random_blocks_16per_3 ----------
[00:00:00:00:181] New longest path found with length 31 at expansion 35
[00:00:00:01:658] New longest path found with length 37 at expansion 480
[00:00:00:02:186] Path of length 37 found: [0, 1, 2, 3, 4, 5, 14, 23, 24, 25, 34, 35, 44, 53, 52, 51, 42, 41, 40, 31, 30, 21, 20, 19, 28, 37, 46, 55, 64, 65, 66, 57, 58, 59, 68, 69, 70, 71]
[00:00:00:02:186] ! Unidirectional s-t. expansions: 595, time: 2,186 [ms], path length: 37 [edges], generated: 1,046
[00:00:00:00:143] New longest path found with length 37 at expansion 36
[00:00:00:02:616] Path of length 37 found: [71, 70, 69, 68, 59, 58, 57, 66, 65, 64, 55, 46, 37, 28, 19, 20, 21, 30, 39, 40, 41, 42, 51, 52, 53, 44, 35, 26, 25, 24, 23, 14, 5, 4, 3, 2, 1, 0]
[00:00:00:02:617] ! Unidirectional t-s. expansions: 508, time: 2,616 [ms], path length: 37 [edges], generated: 931
[00:00:00:00:060] New longest path found with length 15 at expansion 8
[00:00:00:00:122] New longest path found with length 29 at expansion 21
[00:00:00:00:135] New longest path found with length 31 at expansion 28
[00:00:00:02:870] New longest path found with length 37 at expansion 404
[00:00:00:03:421] Path of length 37 found: [0, 1, 2, 3, 4, 5, 14, 23, 24, 25, 34, 35, 44, 53, 52, 51, 42, 41, 40, 39, 30, 21, 20, 19, 28, 37, 46, 55, 64, 65, 66, 57, 58, 59, 68, 69, 70, 71]
[00:00:00:03:886] ! Bidirectional. expansions: 464, time: 3,421 [ms], path length: 37 [edges], g_F: 19, g_B: 18, generated: {'F': 840, 'B': 930}, MM: 1, MMPER: 1.6315789473684212%
[00:00:00:03:886] 
---------- SM_Grids/8x9_grid_with_random_blocks_16per_4 ----------
[00:00:00:00:137] New longest path found with length 31 at expansion 33
[00:00:00:00:214] New longest path found with length 33 at expansion 76
[00:00:00:05:169] Path of length 33 found: [0, 1, 10, 19, 18, 27, 36, 37, 38, 47, 48, 49, 40, 31, 30, 21, 12, 3, 4, 5, 6, 7, 16, 25, 34, 35, 44, 53, 52, 51, 60, 69, 70, 71]
[00:00:00:05:169] ! Unidirectional s-t. expansions: 1,179, time: 5,169 [ms], path length: 33 [edges], generated: 2,065
[00:00:00:00:554] New longest path found with length 17 at expansion 297
[00:00:00:01:420] New longest path found with length 27 at expansion 761
[00:00:00:01:734] New longest path found with length 29 at expansion 866
[00:00:00:02:175] New longest path found with length 31 at expansion 1,007
[00:00:00:12:424] New longest path found with length 33 at expansion 3,316
[00:00:00:18:495] Path of length 33 found: [71, 70, 69, 60, 51, 52, 53, 44, 35, 34, 25, 16, 7, 6, 5, 4, 3, 12, 21, 30, 31, 40, 49, 48, 47, 38, 37, 36, 27, 18, 19, 10, 1, 0]
[00:00:00:18:495] ! Unidirectional t-s. expansions: 4,718, time: 18,495 [ms], path length: 33 [edges], generated: 7,805
[00:00:00:00:277] New longest path found with length 19 at expansion 115
[00:00:00:00:318] New longest path found with length 31 at expansion 126
[00:00:00:00:674] New longest path found with length 33 at expansion 198
[00:00:00:08:738] Path of length 33 found: [0, 1, 10, 19, 18, 27, 36, 37, 38, 47, 48, 49, 40, 31, 30, 21, 12, 3, 4, 5, 6, 7, 16, 25, 34, 35, 44, 53, 52, 51, 60, 69, 70, 71]
[00:00:00:09:251] ! Bidirectional. expansions: 1,192, time: 8,738 [ms], path length: 33 [edges], g_F: 17, g_B: 16, generated: {'F': 1,967, 'B': 2,297}, MM: 1, MMPER: 1.9411764705882355%
[00:00:00:09:252] 
---------- SM_Grids/8x9_grid_with_random_blocks_16per_5 ----------
[00:00:00:00:130] New longest path found with length 31 at expansion 32
[00:00:00:03:366] Path of length 31 found: [0, 9, 18, 19, 28, 37, 38, 39, 30, 21, 22, 23, 24, 15, 6, 7, 8, 17, 26, 35, 34, 43, 42, 41, 50, 49, 58, 67, 68, 69, 70, 71]
[00:00:00:03:367] ! Unidirectional s-t. expansions: 844, time: 3,367 [ms], path length: 31 [edges], generated: 1,324
[00:00:00:00:102] New longest path found with length 19 at expansion 18
[00:00:00:00:209] New longest path found with length 31 at expansion 60
[00:00:00:02:569] Path of length 31 found: [71, 70, 69, 60, 59, 58, 57, 48, 39, 40, 41, 42, 43, 34, 35, 26, 17, 8, 7, 6, 15, 24, 23, 22, 13, 12, 11, 20, 19, 18, 9, 0]
[00:00:00:02:569] ! Unidirectional t-s. expansions: 669, time: 2,569 [ms], path length: 31 [edges], generated: 1,127
[00:00:00:00:101] New longest path found with length 31 at expansion 15
[00:00:00:01:718] Path of length 31 found: [0, 9, 18, 19, 20, 11, 12, 13, 22, 23, 24, 15, 6, 7, 8, 17, 26, 35, 34, 43, 42, 41, 40, 39, 48, 57, 58, 59, 60, 69, 70, 71]
[00:00:00:02:218] ! Bidirectional. expansions: 202, time: 1,718 [ms], path length: 31 [edges], g_F: 16, g_B: 15, generated: {'F': 424, 'B': 386}, MM: 1, MMPER: 2.125%
[00:00:00:02:218] 
---------- SM_Grids/8x9_grid_with_random_blocks_16per_6 ----------
[00:00:00:00:118] New longest path found with length 25 at expansion 26
[00:00:00:04:821] Path of length 25 found: [0, 1, 2, 11, 20, 19, 18, 27, 36, 37, 46, 55, 64, 65, 66, 57, 58, 49, 40, 41, 42, 51, 60, 61, 62, 71]
[00:00:00:04:822] ! Unidirectional s-t. expansions: 912, time: 4,821 [ms], path length: 25 [edges], generated: 1,875
[00:00:00:00:110] New longest path found with length 25 at expansion 24
[00:00:00:02:380] Path of length 25 found: [71, 62, 53, 52, 51, 42, 41, 40, 49, 58, 67, 66, 65, 56, 47, 46, 37, 36, 27, 18, 19, 20, 11, 2, 1, 0]
[00:00:00:02:380] ! Unidirectional t-s. expansions: 602, time: 2,380 [ms], path length: 25 [edges], generated: 984
[00:00:00:00:088] New longest path found with length 25 at expansion 13
[00:00:00:02:203] Path of length 25 found: [0, 1, 2, 11, 20, 19, 18, 27, 36, 37, 46, 55, 64, 65, 66, 67, 58, 49, 40, 41, 42, 51, 52, 53, 62, 71]
[00:00:00:02:697] ! Bidirectional. expansions: 302, time: 2,203 [ms], path length: 25 [edges], g_F: 13, g_B: 12, generated: {'F': 507, 'B': 567}, MM: 1, MMPER: 2.8461538461538463%
[00:00:00:02:697] 
---------- SM_Grids/8x9_grid_with_random_blocks_16per_7 ----------
[00:00:00:00:142] New longest path found with length 33 at expansion 37
[00:00:00:02:086] New longest path found with length 37 at expansion 747
[00:00:00:03:494] Path of length 37 found: [0, 1, 10, 19, 18, 27, 36, 45, 46, 47, 56, 57, 58, 67, 68, 69, 60, 51, 50, 41, 32, 31, 22, 21, 12, 3, 4, 5, 14, 15, 24, 25, 34, 43, 44, 53, 62, 71]
[00:00:00:03:494] ! Unidirectional s-t. expansions: 1,019, time: 3,494 [ms], path length: 37 [edges], generated: 1,692
[00:00:00:00:143] New longest path found with length 33 at expansion 32
[00:00:00:02:298] New longest path found with length 37 at expansion 474
[00:00:00:03:124] Path of length 37 found: [71, 62, 53, 44, 43, 34, 25, 24, 15, 6, 5, 4, 3, 12, 21, 30, 31, 32, 41, 50, 51, 60, 69, 68, 67, 58, 57, 48, 47, 38, 37, 36, 27, 18, 19, 10, 1, 0]
[00:00:00:03:124] ! Unidirectional t-s. expansions: 665, time: 3,124 [ms], path length: 37 [edges], generated: 1,177
[00:00:00:00:111] New longest path found with length 33 at expansion 18
[00:00:00:02:371] New longest path found with length 37 at expansion 311
[00:00:00:03:095] Path of length 37 found: [0, 1, 10, 19, 18, 27, 36, 45, 46, 47, 56, 57, 58, 67, 68, 69, 60, 51, 50, 41, 32, 31, 30, 21, 12, 3, 4, 5, 6, 15, 24, 25, 34, 43, 44, 53, 62, 71]
[00:00:00:03:565] ! Bidirectional. expansions: 397, time: 3,095 [ms], path length: 37 [edges], g_F: 19, g_B: 18, generated: {'F': 724, 'B': 764}, MM: 1, MMPER: 1.6315789473684212%
[00:00:00:03:565] 
---------- SM_Grids/8x9_grid_with_random_blocks_16per_8 ----------
[00:00:00:00:161] New longest path found with length 25 at expansion 26
[00:00:00:00:180] New longest path found with length 27 at expansion 34
[00:00:00:00:285] New longest path found with length 29 at expansion 74
[00:00:00:00:413] New longest path found with length 31 at expansion 151
[00:00:00:00:921] New longest path found with length 33 at expansion 290
[00:00:00:00:935] New longest path found with length 35 at expansion 299
[00:00:00:05:369] Path of length 35 found: [0, 9, 18, 27, 36, 45, 54, 63, 64, 65, 66, 67, 68, 59, 50, 49, 48, 39, 38, 29, 20, 11, 12, 13, 22, 23, 24, 25, 26, 35, 44, 43, 52, 61, 62, 71]
[00:00:00:05:370] ! Unidirectional s-t. expansions: 1,325, time: 5,369 [ms], path length: 35 [edges], generated: 2,195
[00:00:00:01:078] New longest path found with length 19 at expansion 720
[00:00:00:02:274] New longest path found with length 27 at expansion 1,455
[00:00:00:02:292] New longest path found with length 29 at expansion 1,465
[00:00:00:02:373] New longest path found with length 31 at expansion 1,504
[00:00:00:02:387] New longest path found with length 33 at expansion 1,514
[00:00:00:05:317] New longest path found with length 35 at expansion 2,651
[00:00:00:10:341] Path of length 35 found: [71, 62, 61, 52, 43, 44, 35, 26, 25, 24, 23, 22, 13, 12, 11, 20, 29, 38, 39, 48, 49, 50, 59, 68, 67, 66, 65, 56, 55, 54, 45, 36, 27, 18, 9, 0]
[00:00:00:10:342] ! Unidirectional t-s. expansions: 3,804, time: 10,341 [ms], path length: 35 [edges], generated: 5,327
[00:00:00:00:098] New longest path found with length 19 at expansion 17
[00:00:00:00:164] New longest path found with length 31 at expansion 33
[00:00:00:00:243] New longest path found with length 33 at expansion 54
[00:00:00:00:621] New longest path found with length 35 at expansion 112
[00:00:00:02:836] Path of length 35 found: [0, 9, 18, 27, 36, 45, 54, 63, 64, 65, 66, 67, 68, 59, 50, 49, 48, 39, 38, 29, 20, 11, 12, 13, 22, 23, 24, 25, 26, 35, 44, 43, 52, 61, 62, 71]
[00:00:00:03:347] ! Bidirectional. expansions: 414, time: 2,836 [ms], path length: 35 [edges], g_F: 18, g_B: 17, generated: {'F': 752, 'B': 669}, MM: 1, MMPER: 1.7777777777777777%
[00:00:00:03:347] 
---------- SM_Grids/8x9_grid_with_random_blocks_16per_9 ----------
[00:00:00:01:477] New longest path found with length 17 at expansion 871
[00:00:00:01:582] New longest path found with length 21 at expansion 909
[00:00:00:02:196] New longest path found with length 23 at expansion 1,038
[00:00:00:06:127] New longest path found with length 31 at expansion 2,050
[00:00:00:06:629] New longest path found with length 35 at expansion 2,292
[00:00:00:08:528] Path of length 35 found: [0, 1, 10, 19, 18, 27, 36, 45, 46, 47, 48, 57, 58, 59, 50, 41, 40, 31, 22, 21, 12, 3, 4, 5, 14, 15, 24, 33, 34, 35, 44, 53, 52, 61, 70, 71]
[00:00:00:08:529] ! Unidirectional s-t. expansions: 2,662, time: 8,528 [ms], path length: 35 [edges], generated: 3,847
[00:00:00:00:096] New longest path found with length 17 at expansion 16
[00:00:00:00:174] New longest path found with length 23 at expansion 41
[00:00:00:00:271] New longest path found with length 25 at expansion 64
[00:00:00:00:421] New longest path found with length 33 at expansion 102
[00:00:00:04:544] New longest path found with length 35 at expansion 1,144
[00:00:00:08:590] Path of length 35 found: [71, 62, 61, 52, 43, 44, 35, 26, 25, 24, 15, 6, 5, 4, 3, 12, 21, 22, 31, 32, 41, 50, 59, 58, 57, 48, 39, 38, 37, 36, 27, 18, 19, 10, 1, 0]
[00:00:00:08:590] ! Unidirectional t-s. expansions: 2,152, time: 8,590 [ms], path length: 35 [edges], generated: 3,672
[00:00:00:03:002] New longest path found with length 15 at expansion 1,522
[00:00:00:03:714] New longest path found with length 19 at expansion 1,846
[00:00:00:04:056] New longest path found with length 21 at expansion 1,947
[00:00:00:05:006] New longest path found with length 23 at expansion 2,071
[00:00:00:05:761] New longest path found with length 31 at expansion 2,170
[00:00:00:05:803] New longest path found with length 35 at expansion 2,180
[00:00:00:09:749] Path of length 35 found: [0, 1, 10, 19, 18, 27, 36, 45, 46, 47, 48, 57, 58, 59, 50, 41, 32, 31, 22, 21, 12, 3, 4, 5, 6, 15, 24, 25, 26, 35, 44, 43, 52, 61, 70, 71]
[00:00:00:10:254] ! Bidirectional. expansions: 2,639, time: 9,749 [ms], path length: 35 [edges], g_F: 18, g_B: 17, generated: {'F': 3,619, 'B': 3,992}, MM: 1, MMPER: 1.7777777777777777%

[00:00:00:10:254] average expansions: (2,087, 2,562, 957, 0)
[00:00:00:10:254] average time: (8,217, 8,925, 6,201, 0)
[00:00:00:10:254] X-DFBnB: 2,087 , 8,217 (expansions , time[ms])
[00:00:00:10:254] BiX-DFBnB: 957 , 6,201 (expansions , time[ms])

