Thu 12 Mar 2026 16:04:39 IST

SLURM_JOBID:		 15618419
SLURM_JOB_NODELIST:	 ise-cpu256-30 

--------------------------
date: SM_Grids
number_of_graphs: 10
graph_type: grid
size_of_graphs: [8, 8]
heuristic: bcc_heuristic
snake: True
run_uni: True
run_bi: True
run_multi: False
solution_vertices: []
algorithms: ['full', 'DFBnB']
bsd: False
cube_first_dims: 4
cube_buffer_dim: None
backward_sym_generation: False
sym_coil: False
prefix_set: None

---------- SM_Grids/8x8_grid_with_random_blocks_16per_0 ----------
[00:00:00:00:468] Path of length 32 found: [0, 1, 9, 10, 18, 26, 25, 24, 32, 40, 48, 49, 50, 42, 43, 35, 36, 28, 20, 12, 13, 5, 6, 7, 15, 23, 22, 30, 38, 46, 47, 55, 63]
[00:00:00:00:469] ! Unidirectional s-t. expansions: 273, time: 468 [ms], path length: 32 [edges], generated: 439
[00:00:00:00:197] Path of length 32 found: [63, 55, 47, 39, 38, 30, 22, 23, 15, 7, 6, 5, 13, 12, 20, 28, 36, 44, 43, 51, 50, 49, 48, 40, 32, 24, 25, 26, 18, 10, 2, 1, 0]
[00:00:00:00:197] ! Unidirectional t-s. expansions: 102, time: 197 [ms], path length: 32 [edges], generated: 165
[00:00:00:00:482] Path of length 32 found: [0, 1, 9, 10, 18, 26, 25, 24, 32, 40, 48, 49, 50, 42, 43, 35, 36, 28, 20, 12, 13, 5, 6, 7, 15, 23, 22, 30, 38, 39, 47, 55, 63]
[00:00:00:00:952] ! Bidirectional. expansions: 214, time: 482 [ms], path length: 32 [edges], g_F: 15, g_B: 17, generated: 342, MM: 2, MMPER: 5.0606060606060606%
[00:00:00:00:952] 
---------- SM_Grids/8x8_grid_with_random_blocks_16per_1 ----------
[00:00:00:00:671] Path of length 28 found: [0, 8, 16, 24, 32, 33, 41, 42, 43, 35, 27, 26, 18, 10, 2, 3, 4, 12, 20, 21, 22, 23, 31, 39, 38, 46, 54, 62, 63]
[00:00:00:00:671] ! Unidirectional s-t. expansions: 340, time: 671 [ms], path length: 28 [edges], generated: 576
[00:00:00:00:707] Path of length 28 found: [63, 62, 54, 46, 47, 39, 31, 23, 22, 21, 20, 12, 4, 3, 2, 10, 18, 26, 27, 35, 43, 42, 41, 33, 32, 24, 16, 8, 0]
[00:00:00:00:708] ! Unidirectional t-s. expansions: 278, time: 708 [ms], path length: 28 [edges], generated: 522
[00:00:00:01:062] Path of length 28 found: [63, 62, 54, 46, 47, 39, 31, 23, 22, 21, 20, 12, 4, 3, 2, 10, 18, 26, 27, 35, 43, 42, 41, 33, 32, 24, 16, 8, 0]
[00:00:00:01:511] ! Bidirectional. expansions: 355, time: 1,062 [ms], path length: 28 [edges], g_F: 11, g_B: 17, generated: 685, MM: 6, MMPER: 19.689655172413794%
[00:00:00:01:511] 
---------- SM_Grids/8x8_grid_with_random_blocks_16per_2 ----------
[00:00:00:02:428] Path of length 28 found: [0, 1, 2, 3, 11, 19, 18, 17, 16, 24, 32, 40, 48, 56, 57, 58, 50, 42, 43, 44, 36, 28, 29, 30, 38, 46, 54, 62, 63]
[00:00:00:02:429] ! Unidirectional s-t. expansions: 1,275, time: 2,429 [ms], path length: 28 [edges], generated: 2,219
[00:00:00:04:003] Path of length 28 found: [63, 62, 61, 60, 59, 58, 57, 56, 48, 40, 32, 33, 34, 42, 43, 44, 45, 46, 38, 30, 29, 21, 20, 19, 18, 10, 2, 1, 0]
[00:00:00:04:004] ! Unidirectional t-s. expansions: 2,170, time: 4,003 [ms], path length: 28 [edges], generated: 3,425
[00:00:00:05:861] Path of length 28 found: [63, 62, 61, 60, 52, 44, 45, 46, 38, 30, 29, 21, 20, 19, 18, 26, 34, 42, 50, 58, 57, 56, 48, 40, 32, 24, 16, 8, 0]
[00:00:00:06:319] ! Bidirectional. expansions: 2,454, time: 5,861 [ms], path length: 28 [edges], g_F: 13, g_B: 15, generated: 4,167, MM: 2, MMPER: 5.896551724137931%
[00:00:00:06:320] 
---------- SM_Grids/8x8_grid_with_random_blocks_16per_3 ----------
[00:00:00:01:318] Path of length 30 found: [0, 8, 16, 17, 18, 10, 11, 12, 13, 14, 15, 23, 31, 30, 29, 28, 27, 35, 34, 33, 41, 49, 50, 51, 52, 44, 45, 46, 54, 62, 63]
[00:00:00:01:318] ! Unidirectional s-t. expansions: 592, time: 1,318 [ms], path length: 30 [edges], generated: 1,083
[00:00:00:01:823] Path of length 30 found: [63, 55, 47, 46, 45, 53, 52, 51, 50, 49, 41, 33, 34, 35, 36, 28, 29, 30, 31, 23, 15, 14, 13, 12, 11, 10, 18, 17, 16, 8, 0]
[00:00:00:01:824] ! Unidirectional t-s. expansions: 721, time: 1,823 [ms], path length: 30 [edges], generated: 1,368
[00:00:00:02:797] Path of length 30 found: [63, 55, 47, 46, 45, 53, 52, 51, 50, 49, 41, 33, 34, 35, 27, 28, 29, 30, 31, 23, 15, 14, 13, 12, 11, 10, 18, 17, 16, 8, 0]
[00:00:00:03:243] ! Bidirectional. expansions: 995, time: 2,797 [ms], path length: 30 [edges], g_F: 13, g_B: 17, generated: 1,883, MM: 4, MMPER: 11.903225806451612%
[00:00:00:03:243] 
---------- SM_Grids/8x8_grid_with_random_blocks_16per_4 ----------
[00:00:00:00:965] Path of length 30 found: [0, 8, 16, 17, 18, 10, 11, 12, 13, 14, 22, 30, 29, 28, 27, 35, 34, 33, 32, 40, 48, 49, 50, 51, 52, 44, 45, 46, 54, 62, 63]
[00:00:00:00:965] ! Unidirectional s-t. expansions: 466, time: 965 [ms], path length: 30 [edges], generated: 814
[00:00:00:01:886] Path of length 30 found: [63, 55, 47, 46, 45, 53, 52, 51, 50, 49, 48, 40, 32, 33, 34, 35, 27, 28, 29, 30, 22, 14, 13, 12, 11, 10, 18, 17, 16, 8, 0]
[00:00:00:01:886] ! Unidirectional t-s. expansions: 793, time: 1,886 [ms], path length: 30 [edges], generated: 1,452
[00:00:00:02:536] Path of length 30 found: [63, 55, 47, 46, 45, 53, 52, 51, 50, 49, 48, 40, 32, 33, 34, 35, 27, 28, 29, 30, 22, 14, 13, 12, 11, 10, 18, 17, 16, 8, 0]
[00:00:00:03:022] ! Bidirectional. expansions: 941, time: 2,536 [ms], path length: 30 [edges], g_F: 13, g_B: 17, generated: 1,756, MM: 4, MMPER: 11.903225806451612%
[00:00:00:03:022] 
---------- SM_Grids/8x8_grid_with_random_blocks_16per_5 ----------
[00:00:00:02:029] Path of length 28 found: [0, 1, 9, 17, 16, 24, 32, 33, 34, 35, 36, 28, 20, 19, 11, 3, 4, 5, 6, 14, 22, 23, 31, 39, 38, 46, 54, 55, 63]
[00:00:00:02:030] ! Unidirectional s-t. expansions: 1,129, time: 2,030 [ms], path length: 28 [edges], generated: 1,799
[00:00:00:01:376] Path of length 28 found: [63, 55, 47, 46, 45, 53, 61, 60, 59, 51, 43, 35, 36, 28, 29, 30, 31, 23, 15, 14, 6, 5, 4, 3, 2, 10, 9, 8, 0]
[00:00:00:01:377] ! Unidirectional t-s. expansions: 719, time: 1,376 [ms], path length: 28 [edges], generated: 1,181
[00:00:00:02:834] Path of length 28 found: [63, 55, 47, 46, 38, 30, 31, 23, 15, 14, 6, 5, 4, 3, 11, 19, 20, 28, 36, 35, 34, 33, 32, 24, 16, 17, 9, 1, 0]
[00:00:00:03:282] ! Bidirectional. expansions: 1,121, time: 2,834 [ms], path length: 28 [edges], g_F: 17, g_B: 11, generated: 1,955, MM: 6, MMPER: 19.689655172413794%
[00:00:00:03:282] 
---------- SM_Grids/8x8_grid_with_random_blocks_16per_6 ----------
[00:00:00:00:267] Path of length 34 found: [0, 1, 9, 17, 16, 24, 32, 40, 48, 49, 50, 42, 34, 26, 27, 19, 20, 21, 13, 5, 6, 7, 15, 23, 31, 30, 38, 37, 36, 44, 52, 53, 54, 62, 63]
[00:00:00:00:267] ! Unidirectional s-t. expansions: 105, time: 267 [ms], path length: 34 [edges], generated: 177
[00:00:00:00:288] Path of length 34 found: [63, 55, 54, 53, 52, 44, 36, 37, 38, 30, 31, 23, 15, 7, 6, 5, 13, 21, 20, 19, 27, 26, 34, 42, 50, 49, 48, 40, 32, 24, 16, 17, 9, 1, 0]
[00:00:00:00:288] ! Unidirectional t-s. expansions: 103, time: 288 [ms], path length: 34 [edges], generated: 164
[00:00:00:00:441] Path of length 34 found: [0, 1, 9, 17, 16, 24, 32, 40, 48, 49, 50, 42, 34, 26, 27, 19, 20, 21, 13, 5, 6, 7, 15, 23, 31, 30, 38, 37, 36, 44, 52, 53, 54, 55, 63]
[00:00:00:00:877] ! Bidirectional. expansions: 147, time: 441 [ms], path length: 34 [edges], g_F: 16, g_B: 18, generated: 241, MM: 2, MMPER: 4.714285714285714%
[00:00:00:00:878] 
---------- SM_Grids/8x8_grid_with_random_blocks_16per_7 ----------
[00:00:00:01:755] Path of length 32 found: [0, 8, 16, 24, 32, 40, 48, 56, 57, 58, 59, 51, 43, 42, 34, 26, 18, 10, 11, 12, 13, 14, 15, 23, 31, 30, 38, 37, 45, 53, 54, 55, 63]
[00:00:00:01:755] ! Unidirectional s-t. expansions: 925, time: 1,755 [ms], path length: 32 [edges], generated: 1,547
[00:00:00:01:234] Path of length 32 found: [63, 55, 54, 53, 45, 37, 38, 30, 31, 23, 15, 14, 13, 21, 20, 28, 27, 26, 34, 42, 43, 51, 59, 58, 57, 49, 48, 40, 32, 24, 16, 8, 0]
[00:00:00:01:234] ! Unidirectional t-s. expansions: 937, time: 1,234 [ms], path length: 32 [edges], generated: 1,414
[00:00:00:01:796] Path of length 32 found: [0, 8, 16, 24, 32, 40, 48, 56, 57, 58, 59, 51, 43, 42, 34, 26, 18, 19, 20, 21, 13, 14, 15, 23, 31, 30, 38, 37, 45, 53, 54, 55, 63]
[00:00:00:02:290] ! Bidirectional. expansions: 733, time: 1,796 [ms], path length: 32 [edges], g_F: 16, g_B: 16, generated: 1,274, MM: 0, MMPER: -1.0%
[00:00:00:02:290] 
---------- SM_Grids/8x8_grid_with_random_blocks_16per_8 ----------
[00:00:00:02:238] Path of length 32 found: [0, 8, 16, 17, 18, 10, 2, 3, 4, 5, 6, 7, 15, 23, 22, 21, 20, 28, 36, 35, 34, 33, 32, 40, 48, 49, 50, 51, 59, 60, 61, 62, 63]
[00:00:00:02:239] ! Unidirectional s-t. expansions: 1,507, time: 2,238 [ms], path length: 32 [edges], generated: 2,402
[00:00:00:00:216] Path of length 32 found: [63, 62, 61, 60, 59, 51, 50, 49, 48, 40, 32, 33, 34, 35, 36, 28, 29, 21, 22, 23, 15, 7, 6, 5, 4, 12, 11, 19, 18, 17, 9, 1, 0]
[00:00:00:00:216] ! Unidirectional t-s. expansions: 89, time: 216 [ms], path length: 32 [edges], generated: 151
[00:00:00:01:342] Path of length 32 found: [63, 62, 61, 60, 59, 51, 50, 49, 48, 40, 32, 33, 34, 35, 36, 28, 20, 21, 22, 23, 15, 7, 6, 5, 4, 3, 2, 10, 18, 17, 16, 8, 0]
[00:00:00:01:790] ! Bidirectional. expansions: 499, time: 1,342 [ms], path length: 32 [edges], g_F: 13, g_B: 19, generated: 854, MM: 6, MMPER: 17.181818181818183%
[00:00:00:01:790] 
---------- SM_Grids/8x8_grid_with_random_blocks_16per_9 ----------
[00:00:00:00:164] Path of length 30 found: [0, 1, 2, 3, 4, 5, 13, 21, 20, 28, 27, 26, 18, 17, 16, 24, 32, 33, 41, 42, 50, 51, 52, 44, 45, 37, 38, 39, 47, 55, 63]
[00:00:00:00:164] ! Unidirectional s-t. expansions: 87, time: 164 [ms], path length: 30 [edges], generated: 137
[00:00:00:00:271] Path of length 30 found: [63, 55, 47, 39, 38, 37, 45, 53, 52, 51, 43, 42, 41, 33, 32, 24, 16, 17, 18, 26, 27, 28, 20, 21, 13, 5, 4, 3, 2, 1, 0]
[00:00:00:00:271] ! Unidirectional t-s. expansions: 124, time: 271 [ms], path length: 30 [edges], generated: 210
[00:00:00:00:364] Path of length 30 found: [63, 55, 47, 39, 38, 37, 45, 53, 52, 51, 43, 42, 41, 33, 32, 24, 16, 17, 18, 26, 27, 28, 20, 21, 13, 5, 4, 3, 2, 1, 0]
[00:00:00:00:810] ! Bidirectional. expansions: 132, time: 364 [ms], path length: 30 [edges], g_F: 13, g_B: 17, generated: 227, MM: 4, MMPER: 11.903225806451612%

[00:00:00:00:811] average expansions: (670, 604, 759, 0)
[00:00:00:00:811] average time: (1,230, 1,200, 1,952, 0)
[00:00:00:00:811] A*: 604 , 1,200 (expansions , time[ms])
[00:00:00:00:811] XMM: 759 , 1,952 (expansions , time[ms])

[00:00:00:00:811] 
---------- SM_Grids/8x8_grid_with_random_blocks_16per_0 ----------
[00:00:00:00:111] New longest path found with length 32 at expansion 31
[00:00:00:00:966] Path of length 32 found: [0, 1, 9, 10, 18, 26, 25, 24, 32, 40, 48, 49, 50, 42, 43, 35, 36, 28, 20, 12, 13, 5, 6, 7, 15, 23, 22, 30, 38, 46, 47, 55, 63]
[00:00:00:00:967] ! Unidirectional s-t. expansions: 250, time: 966 [ms], path length: 32 [edges], generated: 406
[00:00:00:00:107] New longest path found with length 30 at expansion 30
[00:00:00:00:317] New longest path found with length 32 at expansion 87
[00:00:00:00:504] Path of length 32 found: [63, 55, 47, 39, 38, 30, 22, 23, 15, 7, 6, 5, 13, 12, 20, 28, 36, 44, 43, 51, 50, 49, 41, 40, 32, 24, 25, 26, 18, 10, 2, 1, 0]
[00:00:00:00:504] ! Unidirectional t-s. expansions: 140, time: 504 [ms], path length: 32 [edges], generated: 224
[00:00:00:00:080] New longest path found with length 30 at expansion 15
[00:00:00:00:174] New longest path found with length 32 at expansion 40
[00:00:00:00:281] Path of length 32 found: [0, 1, 9, 10, 18, 26, 25, 24, 32, 40, 48, 49, 50, 42, 43, 35, 36, 28, 20, 12, 13, 5, 6, 7, 15, 23, 22, 30, 38, 39, 47, 55, 63]
[00:00:00:00:723] ! Bidirectional. expansions: 53, time: 281 [ms], path length: 32 [edges], g_F: 16, g_B: 16, generated: {'F': 93, 'B': 85}, MM: 0, MMPER: -1.0%
[00:00:00:00:723] 
---------- SM_Grids/8x8_grid_with_random_blocks_16per_1 ----------
[00:00:00:00:096] New longest path found with length 22 at expansion 24
[00:00:00:00:290] New longest path found with length 28 at expansion 101
[00:00:00:01:359] Path of length 28 found: [0, 8, 16, 24, 32, 33, 41, 42, 43, 35, 27, 26, 18, 10, 2, 3, 4, 12, 20, 21, 22, 23, 31, 39, 38, 46, 54, 62, 63]
[00:00:00:01:359] ! Unidirectional s-t. expansions: 394, time: 1,359 [ms], path length: 28 [edges], generated: 664
[00:00:00:00:077] New longest path found with length 16 at expansion 15
[00:00:00:00:124] New longest path found with length 22 at expansion 30
[00:00:00:00:322] New longest path found with length 24 at expansion 80
[00:00:00:00:425] New longest path found with length 28 at expansion 116
[00:00:00:01:379] Path of length 28 found: [63, 55, 54, 46, 38, 39, 31, 23, 22, 21, 20, 12, 4, 3, 2, 10, 18, 26, 27, 35, 43, 42, 41, 33, 32, 24, 16, 8, 0]
[00:00:00:01:379] ! Unidirectional t-s. expansions: 322, time: 1,379 [ms], path length: 28 [edges], generated: 591
[00:00:00:00:072] New longest path found with length 22 at expansion 11
[00:00:00:00:185] New longest path found with length 28 at expansion 33
[00:00:00:01:550] Path of length 28 found: [0, 8, 16, 24, 32, 33, 41, 42, 43, 35, 27, 26, 18, 10, 2, 3, 4, 12, 20, 21, 22, 23, 31, 39, 38, 46, 54, 55, 63]
[00:00:00:01:993] ! Bidirectional. expansions: 244, time: 1,550 [ms], path length: 28 [edges], g_F: 14, g_B: 14, generated: {'F': 463, 'B': 454}, MM: 0, MMPER: -1.0%
[00:00:00:01:993] 
---------- SM_Grids/8x8_grid_with_random_blocks_16per_2 ----------
[00:00:00:00:096] New longest path found with length 22 at expansion 23
[00:00:00:00:324] New longest path found with length 24 at expansion 89
[00:00:00:00:654] New longest path found with length 28 at expansion 167
[00:00:00:04:866] Path of length 28 found: [0, 8, 16, 24, 32, 40, 48, 56, 57, 58, 50, 42, 34, 26, 18, 19, 20, 28, 29, 30, 38, 46, 45, 44, 52, 60, 61, 62, 63]
[00:00:00:04:867] ! Unidirectional s-t. expansions: 1,319, time: 4,867 [ms], path length: 28 [edges], generated: 2,350
[00:00:00:00:080] New longest path found with length 18 at expansion 17
[00:00:00:00:115] New longest path found with length 28 at expansion 32
[00:00:00:07:483] Path of length 28 found: [63, 55, 47, 46, 38, 30, 29, 21, 20, 19, 18, 26, 34, 42, 43, 44, 52, 60, 59, 58, 57, 49, 48, 40, 32, 24, 16, 8, 0]
[00:00:00:07:483] ! Unidirectional t-s. expansions: 2,181, time: 7,483 [ms], path length: 28 [edges], generated: 3,439
[00:00:00:00:083] New longest path found with length 28 at expansion 14
[00:00:00:02:302] Path of length 28 found: [0, 8, 16, 24, 32, 40, 48, 56, 57, 58, 59, 60, 52, 44, 43, 42, 34, 26, 18, 19, 20, 21, 29, 30, 38, 46, 47, 55, 63]
[00:00:00:02:744] ! Bidirectional. expansions: 377, time: 2,302 [ms], path length: 28 [edges], g_F: 14, g_B: 14, generated: {'F': 709, 'B': 707}, MM: 0, MMPER: -1.0%
[00:00:00:02:744] 
---------- SM_Grids/8x8_grid_with_random_blocks_16per_3 ----------
[00:00:00:00:107] New longest path found with length 28 at expansion 28
[00:00:00:03:920] New longest path found with length 30 at expansion 1,094
[00:00:00:04:640] Path of length 30 found: [0, 8, 16, 17, 18, 10, 11, 12, 13, 14, 15, 23, 31, 30, 29, 28, 27, 35, 34, 33, 41, 49, 50, 51, 52, 44, 45, 46, 54, 62, 63]
[00:00:00:04:641] ! Unidirectional s-t. expansions: 1,285, time: 4,640 [ms], path length: 30 [edges], generated: 2,309
[00:00:00:00:092] New longest path found with length 18 at expansion 21
[00:00:00:00:123] New longest path found with length 24 at expansion 32
[00:00:00:00:172] New longest path found with length 26 at expansion 54
[00:00:00:01:116] New longest path found with length 28 at expansion 269
[00:00:00:01:186] New longest path found with length 30 at expansion 293
[00:00:00:03:723] Path of length 30 found: [63, 55, 47, 46, 45, 53, 52, 51, 50, 49, 41, 33, 34, 35, 27, 28, 29, 30, 31, 23, 15, 14, 13, 12, 11, 10, 18, 17, 16, 8, 0]
[00:00:00:03:723] ! Unidirectional t-s. expansions: 823, time: 3,723 [ms], path length: 30 [edges], generated: 1,587
[00:00:00:00:099] New longest path found with length 26 at expansion 14
[00:00:00:00:660] New longest path found with length 28 at expansion 101
[00:00:00:01:210] New longest path found with length 30 at expansion 190
[00:00:00:02:077] Path of length 30 found: [0, 8, 16, 17, 18, 10, 11, 12, 13, 14, 15, 23, 31, 30, 29, 28, 27, 35, 34, 33, 41, 49, 50, 51, 52, 53, 45, 46, 47, 55, 63]
[00:00:00:02:525] ! Bidirectional. expansions: 318, time: 2,077 [ms], path length: 30 [edges], g_F: 15, g_B: 15, generated: {'F': 652, 'B': 597}, MM: 0, MMPER: -1.0%
[00:00:00:02:526] 
---------- SM_Grids/8x8_grid_with_random_blocks_16per_4 ----------
[00:00:00:00:112] New longest path found with length 30 at expansion 29
[00:00:00:01:775] Path of length 30 found: [0, 8, 16, 17, 18, 10, 11, 12, 13, 14, 22, 30, 29, 28, 27, 35, 34, 33, 32, 40, 48, 49, 50, 51, 52, 44, 45, 46, 54, 62, 63]
[00:00:00:01:775] ! Unidirectional s-t. expansions: 469, time: 1,775 [ms], path length: 30 [edges], generated: 818
[00:00:00:00:104] New longest path found with length 26 at expansion 25
[00:00:00:00:129] New longest path found with length 28 at expansion 39
[00:00:00:00:749] New longest path found with length 30 at expansion 209
[00:00:00:03:810] Path of length 30 found: [63, 55, 47, 46, 45, 53, 52, 51, 50, 49, 48, 40, 32, 33, 34, 35, 27, 28, 29, 30, 22, 14, 13, 12, 11, 10, 18, 17, 16, 8, 0]
[00:00:00:03:811] ! Unidirectional t-s. expansions: 914, time: 3,810 [ms], path length: 30 [edges], generated: 1,656
[00:00:00:00:088] New longest path found with length 26 at expansion 13
[00:00:00:00:092] New longest path found with length 28 at expansion 15
[00:00:00:00:303] New longest path found with length 30 at expansion 54
[00:00:00:02:553] Path of length 30 found: [0, 8, 16, 17, 18, 10, 11, 12, 13, 14, 22, 30, 29, 28, 27, 35, 34, 33, 32, 40, 48, 49, 50, 51, 52, 53, 45, 46, 47, 55, 63]
[00:00:00:03:048] ! Bidirectional. expansions: 349, time: 2,553 [ms], path length: 30 [edges], g_F: 15, g_B: 15, generated: {'F': 666, 'B': 671}, MM: 0, MMPER: -1.0%
[00:00:00:03:048] 
---------- SM_Grids/8x8_grid_with_random_blocks_16per_5 ----------
[00:00:00:00:210] New longest path found with length 26 at expansion 130
[00:00:00:04:289] New longest path found with length 28 at expansion 2,733
[00:00:00:07:072] Path of length 28 found: [0, 8, 9, 10, 2, 3, 4, 5, 6, 14, 15, 23, 31, 30, 29, 28, 36, 35, 43, 51, 59, 60, 61, 53, 45, 46, 47, 55, 63]
[00:00:00:07:072] ! Unidirectional s-t. expansions: 3,608, time: 7,072 [ms], path length: 28 [edges], generated: 4,388
[00:00:00:00:099] New longest path found with length 24 at expansion 23
[00:00:00:00:114] New longest path found with length 26 at expansion 31
[00:00:00:00:493] New longest path found with length 28 at expansion 127
[00:00:00:02:667] Path of length 28 found: [63, 55, 47, 46, 38, 30, 31, 23, 15, 14, 6, 5, 4, 3, 11, 19, 20, 28, 36, 35, 34, 33, 32, 24, 16, 17, 9, 1, 0]
[00:00:00:02:667] ! Unidirectional t-s. expansions: 748, time: 2,667 [ms], path length: 28 [edges], generated: 1,235
[00:00:00:00:126] New longest path found with length 24 at expansion 12
[00:00:00:00:736] New longest path found with length 26 at expansion 177
[00:00:00:01:820] New longest path found with length 28 at expansion 385
[00:00:00:02:807] Path of length 28 found: [0, 8, 9, 10, 2, 3, 4, 5, 6, 14, 15, 23, 31, 30, 29, 28, 36, 35, 43, 51, 59, 60, 61, 53, 45, 46, 47, 55, 63]
[00:00:00:03:253] ! Bidirectional. expansions: 562, time: 2,807 [ms], path length: 28 [edges], g_F: 14, g_B: 14, generated: {'F': 898, 'B': 891}, MM: 0, MMPER: -1.0%
[00:00:00:03:253] 
---------- SM_Grids/8x8_grid_with_random_blocks_16per_6 ----------
[00:00:00:00:102] New longest path found with length 26 at expansion 28
[00:00:00:00:351] New longest path found with length 32 at expansion 94
[00:00:00:00:791] New longest path found with length 34 at expansion 207
[00:00:00:00:891] Path of length 34 found: [0, 1, 9, 17, 16, 24, 32, 40, 48, 49, 50, 42, 34, 26, 27, 19, 20, 21, 13, 5, 6, 7, 15, 23, 31, 30, 38, 37, 36, 44, 52, 53, 54, 62, 63]
[00:00:00:00:891] ! Unidirectional s-t. expansions: 231, time: 891 [ms], path length: 34 [edges], generated: 381
[00:00:00:00:271] New longest path found with length 14 at expansion 140
[00:00:00:00:293] New longest path found with length 16 at expansion 147
[00:00:00:00:351] New longest path found with length 22 at expansion 175
[00:00:00:00:390] New longest path found with length 24 at expansion 190
[00:00:00:00:554] New longest path found with length 28 at expansion 223
[00:00:00:00:590] New longest path found with length 30 at expansion 238
[00:00:00:00:872] New longest path found with length 32 at expansion 314
[00:00:00:01:032] New longest path found with length 34 at expansion 367
[00:00:00:01:236] Path of length 34 found: [63, 55, 54, 53, 52, 44, 36, 37, 38, 30, 31, 23, 15, 7, 6, 5, 13, 21, 20, 19, 27, 26, 34, 42, 50, 49, 48, 40, 32, 24, 16, 17, 9, 1, 0]
[00:00:00:01:237] ! Unidirectional t-s. expansions: 412, time: 1,236 [ms], path length: 34 [edges], generated: 580
[00:00:00:00:096] New longest path found with length 22 at expansion 17
[00:00:00:00:202] New longest path found with length 24 at expansion 33
[00:00:00:00:250] New longest path found with length 28 at expansion 45
[00:00:00:00:567] New longest path found with length 32 at expansion 93
[00:00:00:01:270] New longest path found with length 34 at expansion 192
[00:00:00:01:307] Path of length 34 found: [0, 1, 9, 17, 16, 24, 32, 40, 48, 49, 50, 42, 34, 26, 27, 19, 20, 21, 13, 5, 6, 7, 15, 23, 31, 30, 38, 37, 36, 44, 52, 53, 54, 55, 63]
[00:00:00:01:756] ! Bidirectional. expansions: 197, time: 1,307 [ms], path length: 34 [edges], g_F: 17, g_B: 17, generated: {'F': 374, 'B': 332}, MM: 0, MMPER: -1.0%
[00:00:00:01:756] 
---------- SM_Grids/8x8_grid_with_random_blocks_16per_7 ----------
[00:00:00:01:668] New longest path found with length 16 at expansion 1,165
[00:00:00:01:726] New longest path found with length 32 at expansion 1,187
[00:00:00:04:985] Path of length 32 found: [0, 8, 16, 24, 32, 40, 48, 56, 57, 58, 59, 51, 43, 35, 34, 26, 18, 10, 11, 12, 13, 14, 15, 23, 31, 30, 38, 37, 45, 53, 54, 55, 63]
[00:00:00:04:985] ! Unidirectional s-t. expansions: 2,076, time: 4,985 [ms], path length: 32 [edges], generated: 2,698
[00:00:00:00:115] New longest path found with length 32 at expansion 31
[00:00:00:02:443] Path of length 32 found: [63, 55, 54, 53, 45, 37, 38, 30, 31, 23, 15, 14, 13, 12, 11, 10, 18, 26, 27, 35, 43, 51, 50, 58, 57, 56, 48, 40, 32, 24, 16, 8, 0]
[00:00:00:02:443] ! Unidirectional t-s. expansions: 920, time: 2,443 [ms], path length: 32 [edges], generated: 1,419
[00:00:00:00:086] New longest path found with length 30 at expansion 15
[00:00:00:00:089] New longest path found with length 32 at expansion 17
[00:00:00:01:267] Path of length 32 found: [0, 8, 16, 24, 32, 40, 48, 56, 57, 58, 59, 51, 43, 35, 34, 26, 18, 19, 20, 21, 13, 14, 15, 23, 31, 30, 38, 37, 45, 53, 54, 55, 63]
[00:00:00:01:714] ! Bidirectional. expansions: 288, time: 1,267 [ms], path length: 32 [edges], g_F: 16, g_B: 16, generated: {'F': 515, 'B': 491}, MM: 0, MMPER: -1.0%
[00:00:00:01:714] 
---------- SM_Grids/8x8_grid_with_random_blocks_16per_8 ----------
[00:00:00:00:100] New longest path found with length 14 at expansion 29
[00:00:00:01:021] New longest path found with length 18 at expansion 675
[00:00:00:01:169] New longest path found with length 28 at expansion 723
[00:00:00:01:697] New longest path found with length 30 at expansion 909
[00:00:00:01:908] New longest path found with length 32 at expansion 999
[00:00:00:06:157] Path of length 32 found: [0, 8, 16, 17, 18, 10, 2, 3, 4, 5, 6, 7, 15, 23, 22, 21, 20, 28, 36, 35, 34, 33, 32, 40, 48, 49, 50, 51, 59, 60, 61, 62, 63]
[00:00:00:06:158] ! Unidirectional s-t. expansions: 2,366, time: 6,157 [ms], path length: 32 [edges], generated: 3,378
[00:00:00:00:080] New longest path found with length 16 at expansion 15
[00:00:00:00:153] New longest path found with length 18 at expansion 53
[00:00:00:00:178] New longest path found with length 24 at expansion 64
[00:00:00:00:300] New longest path found with length 26 at expansion 93
[00:00:00:00:361] New longest path found with length 30 at expansion 114
[00:00:00:00:564] New longest path found with length 32 at expansion 165
[00:00:00:00:736] Path of length 32 found: [63, 62, 61, 60, 59, 51, 50, 49, 48, 40, 32, 33, 34, 35, 36, 28, 29, 21, 22, 23, 15, 7, 6, 5, 4, 12, 11, 19, 18, 17, 9, 1, 0]
[00:00:00:00:736] ! Unidirectional t-s. expansions: 206, time: 736 [ms], path length: 32 [edges], generated: 325
[00:00:00:00:607] New longest path found with length 14 at expansion 363
[00:00:00:00:636] New longest path found with length 18 at expansion 367
[00:00:00:00:642] New longest path found with length 20 at expansion 369
[00:00:00:00:647] New longest path found with length 22 at expansion 371
[00:00:00:00:704] New longest path found with length 32 at expansion 384
[00:00:00:01:562] Path of length 32 found: [0, 8, 9, 17, 18, 19, 11, 3, 4, 5, 6, 7, 15, 23, 22, 21, 29, 28, 36, 35, 34, 33, 32, 40, 48, 49, 50, 51, 59, 60, 61, 62, 63]
[00:00:00:02:011] ! Bidirectional. expansions: 506, time: 1,563 [ms], path length: 32 [edges], g_F: 16, g_B: 16, generated: {'F': 518, 'B': 811}, MM: 0, MMPER: -1.0%
[00:00:00:02:011] 
---------- SM_Grids/8x8_grid_with_random_blocks_16per_9 ----------
[00:00:00:00:104] New longest path found with length 30 at expansion 29
[00:00:00:00:298] Path of length 30 found: [0, 1, 2, 3, 4, 5, 13, 21, 20, 28, 27, 26, 18, 17, 16, 24, 32, 33, 41, 42, 50, 51, 52, 44, 45, 37, 38, 39, 47, 55, 63]
[00:00:00:00:298] ! Unidirectional s-t. expansions: 85, time: 298 [ms], path length: 30 [edges], generated: 137
[00:00:00:00:073] New longest path found with length 16 at expansion 15
[00:00:00:00:135] New longest path found with length 18 at expansion 35
[00:00:00:00:216] New longest path found with length 20 at expansion 57
[00:00:00:00:298] New longest path found with length 30 at expansion 85
[00:00:00:00:672] Path of length 30 found: [63, 55, 47, 39, 38, 37, 45, 53, 52, 51, 43, 42, 41, 33, 32, 24, 16, 17, 18, 26, 27, 28, 20, 21, 13, 5, 4, 3, 2, 1, 0]
[00:00:00:00:673] ! Unidirectional t-s. expansions: 179, time: 672 [ms], path length: 30 [edges], generated: 298
[00:00:00:00:084] New longest path found with length 30 at expansion 15
[00:00:00:00:239] Path of length 30 found: [0, 1, 2, 3, 4, 5, 13, 21, 20, 28, 27, 26, 18, 17, 16, 24, 32, 33, 41, 42, 43, 51, 52, 53, 45, 37, 38, 39, 47, 55, 63]
[00:00:00:00:681] ! Bidirectional. expansions: 34, time: 239 [ms], path length: 30 [edges], g_F: 15, g_B: 15, generated: {'F': 58, 'B': 62}, MM: 0, MMPER: -1.0%

[00:00:00:00:681] average expansions: (1,208, 684, 293, 0)
[00:00:00:00:681] average time: (3,301, 2,465, 1,595, 0)
[00:00:00:00:681] X-DFBnB: 684 , 2,465 (expansions , time[ms])
[00:00:00:00:681] BiX-DFBnB: 293 , 1,595 (expansions , time[ms])

