Thu 12 Mar 2026 16:04:39 IST

SLURM_JOBID:		 15618416
SLURM_JOB_NODELIST:	 ise-cpu256-30 

--------------------------
date: SM_Grids
number_of_graphs: 10
graph_type: grid
size_of_graphs: [8, 9]
heuristic: bcc_heuristic
snake: True
run_uni: True
run_bi: True
run_multi: False
solution_vertices: []
algorithms: ['full', 'DFBnB']
bsd: False
cube_first_dims: 4
cube_buffer_dim: None
backward_sym_generation: False
sym_coil: False
prefix_set: None

---------- SM_Grids/8x9_grid_with_random_blocks_20per_0 ----------
[00:00:00:00:484] Path of length 21 found: [0, 9, 18, 19, 20, 11, 2, 3, 4, 13, 14, 23, 24, 25, 26, 35, 44, 43, 52, 61, 70, 71]
[00:00:00:00:485] ! Unidirectional s-t. expansions: 244, time: 484 [ms], path length: 21 [edges], generated: 417
[00:00:00:04:526] Path of length 21 found: [71, 70, 61, 52, 43, 44, 35, 26, 25, 24, 15, 14, 5, 4, 3, 2, 11, 20, 19, 18, 9, 0]
[00:00:00:04:527] ! Unidirectional t-s. expansions: 6,616, time: 4,526 [ms], path length: 21 [edges], generated: 7,032
[00:00:00:01:289] Path of length 21 found: [0, 9, 18, 19, 20, 11, 2, 3, 4, 13, 14, 15, 24, 25, 26, 35, 44, 43, 52, 61, 70, 71]
[00:00:00:01:796] ! Bidirectional. expansions: 476, time: 1,290 [ms], path length: 21 [edges], g_F: 10, g_B: 11, generated: 761, MM: 1, MMPER: 3.545454545454546%
[00:00:00:01:796] 
---------- SM_Grids/8x9_grid_with_random_blocks_20per_1 ----------
[00:00:00:00:257] Path of length 35 found: [0, 9, 18, 19, 20, 11, 2, 3, 4, 13, 22, 31, 30, 39, 38, 47, 56, 65, 66, 67, 58, 49, 50, 41, 42, 33, 24, 25, 26, 35, 44, 53, 52, 61, 70, 71]
[00:00:00:00:257] ! Unidirectional s-t. expansions: 92, time: 257 [ms], path length: 35 [edges], generated: 164
[00:00:00:00:585] Path of length 35 found: [71, 70, 61, 52, 53, 44, 35, 26, 25, 24, 33, 42, 41, 50, 49, 58, 67, 66, 65, 56, 47, 38, 39, 30, 31, 22, 13, 4, 3, 2, 11, 20, 19, 18, 9, 0]
[00:00:00:00:585] ! Unidirectional t-s. expansions: 327, time: 585 [ms], path length: 35 [edges], generated: 540
[00:00:00:00:609] Path of length 35 found: [0, 9, 18, 19, 20, 11, 2, 3, 4, 13, 22, 31, 30, 39, 38, 47, 56, 65, 66, 67, 58, 49, 50, 41, 42, 33, 24, 25, 26, 35, 44, 53, 52, 61, 70, 71]
[00:00:00:01:090] ! Bidirectional. expansions: 210, time: 609 [ms], path length: 35 [edges], g_F: 15, g_B: 20, generated: 344, MM: 5, MMPER: 12.88888888888889%
[00:00:00:01:091] 
---------- SM_Grids/8x9_grid_with_random_blocks_20per_2 ----------
[00:00:00:01:711] Path of length 29 found: [0, 9, 10, 19, 20, 29, 38, 47, 56, 65, 66, 67, 58, 49, 40, 31, 22, 13, 14, 15, 16, 25, 34, 43, 42, 51, 60, 69, 70, 71]
[00:00:00:01:712] ! Unidirectional s-t. expansions: 751, time: 1,711 [ms], path length: 29 [edges], generated: 1,466
[00:00:00:00:675] Path of length 29 found: [71, 70, 69, 60, 51, 52, 43, 34, 25, 16, 15, 14, 13, 22, 31, 40, 49, 58, 67, 66, 65, 56, 47, 46, 37, 28, 19, 10, 1, 0]
[00:00:00:00:675] ! Unidirectional t-s. expansions: 282, time: 675 [ms], path length: 29 [edges], generated: 524
[00:00:00:01:852] Path of length 29 found: [71, 70, 69, 68, 67, 66, 65, 56, 47, 48, 49, 50, 51, 52, 43, 34, 25, 16, 15, 14, 13, 22, 31, 30, 29, 20, 19, 10, 9, 0]
[00:00:00:02:334] ! Bidirectional. expansions: 620, time: 1,852 [ms], path length: 29 [edges], g_F: 14, g_B: 15, generated: 1,193, MM: 1, MMPER: 2.3333333333333335%
[00:00:00:02:334] 
---------- SM_Grids/8x9_grid_with_random_blocks_20per_3 ----------
[00:00:00:00:712] Path of length 33 found: [0, 1, 10, 11, 12, 3, 4, 5, 6, 7, 8, 17, 26, 25, 24, 23, 22, 31, 40, 39, 38, 47, 56, 65, 66, 67, 58, 59, 60, 51, 52, 53, 62, 71]
[00:00:00:00:713] ! Unidirectional s-t. expansions: 331, time: 713 [ms], path length: 33 [edges], generated: 563
[00:00:00:03:744] Path of length 33 found: [71, 62, 53, 52, 51, 60, 59, 58, 67, 66, 65, 56, 47, 48, 39, 40, 31, 32, 23, 24, 25, 26, 17, 8, 7, 6, 5, 4, 13, 12, 11, 2, 1, 0]
[00:00:00:03:744] ! Unidirectional t-s. expansions: 2,559, time: 3,744 [ms], path length: 33 [edges], generated: 3,832
[00:00:00:03:188] Path of length 33 found: [0, 1, 10, 11, 12, 3, 4, 5, 6, 7, 8, 17, 26, 25, 24, 23, 32, 31, 40, 39, 48, 47, 56, 65, 66, 67, 68, 69, 60, 51, 52, 53, 62, 71]
[00:00:00:03:671] ! Bidirectional. expansions: 1,205, time: 3,188 [ms], path length: 33 [edges], g_F: 15, g_B: 18, generated: 2,189, MM: 3, MMPER: 7.8235294117647065%
[00:00:00:03:671] 
---------- SM_Grids/8x9_grid_with_random_blocks_20per_4 ----------
[00:00:00:00:970] Path of length 27 found: [0, 9, 10, 19, 20, 21, 22, 13, 4, 5, 6, 7, 8, 17, 26, 35, 34, 33, 32, 41, 40, 49, 58, 59, 68, 69, 70, 71]
[00:00:00:00:971] ! Unidirectional s-t. expansions: 570, time: 970 [ms], path length: 27 [edges], generated: 832
[00:00:00:00:598] Path of length 27 found: [71, 62, 61, 60, 59, 58, 49, 40, 41, 32, 33, 34, 35, 26, 17, 8, 7, 6, 5, 4, 13, 22, 21, 20, 11, 10, 1, 0]
[00:00:00:00:598] ! Unidirectional t-s. expansions: 259, time: 598 [ms], path length: 27 [edges], generated: 428
[00:00:00:00:997] Path of length 27 found: [71, 62, 61, 60, 59, 58, 49, 40, 41, 32, 33, 34, 35, 26, 17, 8, 7, 6, 5, 4, 13, 22, 21, 20, 19, 10, 9, 0]
[00:00:00:01:479] ! Bidirectional. expansions: 359, time: 997 [ms], path length: 27 [edges], g_F: 11, g_B: 16, generated: 590, MM: 5, MMPER: 16.857142857142858%
[00:00:00:01:479] 
---------- SM_Grids/8x9_grid_with_random_blocks_20per_5 ----------
[00:00:00:01:087] Path of length 29 found: [0, 1, 10, 19, 18, 27, 36, 45, 54, 55, 56, 47, 38, 39, 40, 31, 22, 13, 4, 5, 6, 15, 16, 17, 26, 35, 44, 53, 62, 71]
[00:00:00:01:088] ! Unidirectional s-t. expansions: 652, time: 1,088 [ms], path length: 29 [edges], generated: 1,037
[00:00:00:01:663] Path of length 29 found: [71, 62, 53, 44, 35, 26, 17, 16, 15, 6, 5, 4, 13, 22, 31, 40, 39, 38, 47, 56, 55, 54, 45, 36, 27, 18, 19, 10, 1, 0]
[00:00:00:01:663] ! Unidirectional t-s. expansions: 870, time: 1,663 [ms], path length: 29 [edges], generated: 1,422
[00:00:00:01:602] Path of length 29 found: [0, 1, 10, 19, 18, 27, 36, 45, 54, 55, 56, 47, 38, 39, 40, 31, 22, 13, 4, 5, 6, 15, 16, 17, 26, 35, 44, 53, 62, 71]
[00:00:00:02:087] ! Bidirectional. expansions: 620, time: 1,602 [ms], path length: 29 [edges], g_F: 16, g_B: 13, generated: 1,018, MM: 3, MMPER: 9.0%
[00:00:00:02:087] 
---------- SM_Grids/8x9_grid_with_random_blocks_20per_6 ----------
[00:00:00:00:416] Path of length 35 found: [0, 9, 10, 11, 2, 3, 4, 5, 6, 15, 24, 23, 22, 21, 30, 29, 28, 27, 36, 45, 46, 47, 56, 65, 66, 67, 68, 59, 50, 41, 42, 43, 52, 53, 62, 71]
[00:00:00:00:417] ! Unidirectional s-t. expansions: 196, time: 416 [ms], path length: 35 [edges], generated: 314
[00:00:00:00:543] Path of length 35 found: [71, 62, 53, 52, 43, 42, 41, 50, 59, 68, 67, 66, 57, 56, 47, 46, 45, 36, 27, 28, 29, 30, 31, 22, 23, 24, 15, 6, 5, 4, 3, 2, 11, 10, 9, 0]
[00:00:00:00:543] ! Unidirectional t-s. expansions: 315, time: 543 [ms], path length: 35 [edges], generated: 492
[00:00:00:00:820] Path of length 35 found: [0, 9, 10, 11, 2, 3, 4, 5, 6, 15, 24, 23, 22, 21, 30, 29, 28, 27, 36, 45, 46, 47, 56, 57, 66, 67, 68, 59, 50, 41, 42, 43, 52, 53, 62, 71]
[00:00:00:01:330] ! Bidirectional. expansions: 338, time: 820 [ms], path length: 35 [edges], g_F: 15, g_B: 20, generated: 519, MM: 5, MMPER: 12.88888888888889%
[00:00:00:01:330] 
---------- SM_Grids/8x9_grid_with_random_blocks_20per_7 ----------
[00:00:00:01:901] Path of length 23 found: [0, 1, 10, 11, 20, 29, 28, 27, 36, 45, 54, 55, 56, 47, 48, 39, 40, 41, 42, 43, 44, 53, 62, 71]
[00:00:00:01:901] ! Unidirectional s-t. expansions: 1,356, time: 1,901 [ms], path length: 23 [edges], generated: 1,989
[00:00:00:04:201] Path of length 23 found: [71, 62, 53, 44, 43, 42, 51, 50, 49, 48, 57, 56, 55, 46, 45, 36, 27, 28, 29, 20, 11, 10, 1, 0]
[00:00:00:04:202] ! Unidirectional t-s. expansions: 2,158, time: 4,201 [ms], path length: 23 [edges], generated: 3,695
[00:00:00:02:733] Path of length 23 found: [71, 62, 53, 44, 43, 42, 51, 50, 49, 48, 57, 56, 55, 54, 45, 36, 27, 28, 29, 20, 11, 10, 1, 0]
[00:00:00:03:207] ! Bidirectional. expansions: 1,169, time: 2,733 [ms], path length: 23 [edges], g_F: 12, g_B: 11, generated: 1,830, MM: 1, MMPER: 3.166666666666667%
[00:00:00:03:207] 
---------- SM_Grids/8x9_grid_with_random_blocks_20per_8 ----------
[00:00:00:01:787] Path of length 25 found: [0, 1, 10, 19, 20, 21, 30, 31, 32, 23, 24, 25, 34, 43, 42, 51, 50, 49, 48, 57, 66, 67, 68, 69, 70, 71]
[00:00:00:01:787] ! Unidirectional s-t. expansions: 648, time: 1,787 [ms], path length: 25 [edges], generated: 1,327
[00:00:00:00:881] Path of length 25 found: [71, 70, 61, 60, 59, 68, 67, 66, 57, 48, 49, 40, 41, 42, 43, 34, 25, 24, 23, 22, 13, 12, 11, 2, 1, 0]
[00:00:00:00:881] ! Unidirectional t-s. expansions: 321, time: 881 [ms], path length: 25 [edges], generated: 648
[00:00:00:02:818] Path of length 25 found: [0, 1, 10, 19, 20, 21, 30, 31, 32, 23, 24, 25, 34, 43, 52, 51, 50, 49, 48, 57, 66, 67, 68, 69, 70, 71]
[00:00:00:03:299] ! Bidirectional. expansions: 876, time: 2,818 [ms], path length: 25 [edges], g_F: 10, g_B: 15, generated: 1,871, MM: 5, MMPER: 18.23076923076923%
[00:00:00:03:300] 
---------- SM_Grids/8x9_grid_with_random_blocks_20per_9 ----------
[00:00:00:00:407] Path of length 31 found: [0, 1, 2, 3, 4, 5, 14, 23, 22, 31, 30, 29, 38, 37, 46, 55, 56, 57, 48, 49, 50, 41, 42, 33, 34, 35, 44, 53, 52, 61, 70, 71]
[00:00:00:00:407] ! Unidirectional s-t. expansions: 158, time: 407 [ms], path length: 31 [edges], generated: 307
[00:00:00:01:104] Path of length 31 found: [71, 70, 61, 52, 53, 44, 35, 34, 33, 42, 41, 50, 49, 48, 57, 56, 55, 46, 37, 38, 29, 30, 31, 22, 23, 14, 5, 4, 3, 2, 1, 0]
[00:00:00:01:104] ! Unidirectional t-s. expansions: 519, time: 1,104 [ms], path length: 31 [edges], generated: 888
[00:00:00:01:225] Path of length 31 found: [0, 1, 2, 3, 4, 5, 14, 23, 22, 31, 30, 29, 38, 37, 46, 55, 56, 57, 48, 49, 50, 41, 42, 33, 34, 35, 44, 53, 52, 61, 70, 71]
[00:00:00:01:707] ! Bidirectional. expansions: 393, time: 1,226 [ms], path length: 31 [edges], g_F: 12, g_B: 19, generated: 769, MM: 7, MMPER: 20.875%

[00:00:00:01:708] average expansions: (500, 1,423, 627, 0)
[00:00:00:01:708] average time: (973, 1,852, 1,714, 0)
[00:00:00:01:708] A*: 500 , 973 (expansions , time[ms])
[00:00:00:01:708] XMM: 627 , 1,714 (expansions , time[ms])

[00:00:00:01:708] 
---------- SM_Grids/8x9_grid_with_random_blocks_20per_0 ----------
[00:00:00:00:094] New longest path found with length 21 at expansion 22
[00:00:00:01:033] Path of length 21 found: [0, 9, 18, 19, 20, 11, 2, 3, 4, 13, 14, 23, 32, 33, 34, 35, 44, 53, 52, 61, 70, 71]
[00:00:00:01:034] ! Unidirectional s-t. expansions: 243, time: 1,034 [ms], path length: 21 [edges], generated: 419
[00:00:00:00:271] New longest path found with length 19 at expansion 150
[00:00:00:00:284] New longest path found with length 21 at expansion 155
[00:00:00:11:773] Path of length 21 found: [71, 70, 61, 52, 43, 44, 35, 26, 25, 24, 15, 14, 5, 4, 3, 2, 11, 20, 19, 18, 9, 0]
[00:00:00:11:773] ! Unidirectional t-s. expansions: 6,682, time: 11,773 [ms], path length: 21 [edges], generated: 7,165
[00:00:00:00:071] New longest path found with length 21 at expansion 11
[00:00:00:00:756] Path of length 21 found: [0, 9, 18, 19, 20, 11, 2, 3, 4, 13, 14, 15, 24, 25, 26, 35, 44, 43, 52, 61, 70, 71]
[00:00:00:01:237] ! Bidirectional. expansions: 131, time: 756 [ms], path length: 21 [edges], g_F: 11, g_B: 10, generated: {'F': 207, 'B': 200}, MM: 1, MMPER: 3.545454545454546%
[00:00:00:01:237] 
---------- SM_Grids/8x9_grid_with_random_blocks_20per_1 ----------
[00:00:00:00:092] New longest path found with length 21 at expansion 20
[00:00:00:00:295] New longest path found with length 27 at expansion 75
[00:00:00:00:795] New longest path found with length 35 at expansion 210
[00:00:00:01:082] Path of length 35 found: [0, 9, 18, 19, 20, 11, 2, 3, 4, 13, 22, 31, 30, 39, 38, 47, 56, 65, 66, 67, 58, 49, 50, 41, 42, 33, 24, 25, 26, 35, 44, 53, 52, 61, 70, 71]
[00:00:00:01:082] ! Unidirectional s-t. expansions: 262, time: 1,082 [ms], path length: 35 [edges], generated: 461
[00:00:00:00:127] New longest path found with length 33 at expansion 37
[00:00:00:00:132] New longest path found with length 35 at expansion 42
[00:00:00:01:179] Path of length 35 found: [71, 70, 61, 52, 53, 44, 35, 26, 25, 24, 33, 42, 41, 50, 49, 58, 67, 66, 65, 56, 47, 38, 39, 30, 31, 22, 13, 4, 3, 2, 11, 20, 19, 18, 9, 0]
[00:00:00:01:180] ! Unidirectional t-s. expansions: 331, time: 1,180 [ms], path length: 35 [edges], generated: 546
[00:00:00:00:084] New longest path found with length 27 at expansion 14
[00:00:00:00:256] New longest path found with length 35 at expansion 46
[00:00:00:00:599] Path of length 35 found: [0, 9, 18, 19, 20, 11, 2, 3, 4, 13, 22, 31, 30, 39, 38, 47, 56, 65, 66, 67, 58, 49, 50, 41, 42, 33, 24, 25, 26, 35, 44, 53, 52, 61, 70, 71]
[00:00:00:01:075] ! Bidirectional. expansions: 88, time: 599 [ms], path length: 35 [edges], g_F: 18, g_B: 17, generated: {'F': 164, 'B': 140}, MM: 1, MMPER: 1.7777777777777777%
[00:00:00:01:076] 
---------- SM_Grids/8x9_grid_with_random_blocks_20per_2 ----------
[00:00:00:00:220] New longest path found with length 19 at expansion 101
[00:00:00:00:261] New longest path found with length 29 at expansion 116
[00:00:00:03:335] Path of length 29 found: [0, 9, 10, 19, 20, 29, 38, 47, 56, 65, 66, 67, 58, 49, 40, 31, 22, 13, 14, 15, 16, 25, 34, 43, 42, 51, 60, 69, 70, 71]
[00:00:00:03:335] ! Unidirectional s-t. expansions: 837, time: 3,335 [ms], path length: 29 [edges], generated: 1,554
[00:00:00:00:115] New longest path found with length 25 at expansion 24
[00:00:00:00:145] New longest path found with length 29 at expansion 38
[00:00:00:01:252] Path of length 29 found: [71, 70, 69, 60, 51, 52, 43, 34, 25, 16, 15, 14, 13, 22, 31, 40, 49, 58, 67, 66, 65, 56, 47, 46, 37, 28, 19, 10, 1, 0]
[00:00:00:01:252] ! Unidirectional t-s. expansions: 292, time: 1,252 [ms], path length: 29 [edges], generated: 541
[00:00:00:00:093] New longest path found with length 29 at expansion 14
[00:00:00:02:136] Path of length 29 found: [0, 9, 10, 19, 20, 29, 38, 47, 56, 65, 66, 67, 58, 49, 40, 31, 22, 13, 14, 15, 16, 25, 34, 43, 52, 51, 60, 69, 70, 71]
[00:00:00:02:646] ! Bidirectional. expansions: 326, time: 2,136 [ms], path length: 29 [edges], g_F: 15, g_B: 14, generated: {'F': 611, 'B': 667}, MM: 1, MMPER: 2.3333333333333335%
[00:00:00:02:646] 
---------- SM_Grids/8x9_grid_with_random_blocks_20per_3 ----------
[00:00:00:00:103] New longest path found with length 25 at expansion 24
[00:00:00:00:756] New longest path found with length 27 at expansion 178
[00:00:00:00:955] New longest path found with length 31 at expansion 234
[00:00:00:01:354] New longest path found with length 33 at expansion 345
[00:00:00:02:085] Path of length 33 found: [0, 1, 2, 11, 12, 13, 4, 5, 6, 7, 8, 17, 26, 25, 24, 23, 32, 31, 40, 39, 38, 47, 56, 65, 66, 67, 58, 59, 60, 51, 52, 53, 62, 71]
[00:00:00:02:085] ! Unidirectional s-t. expansions: 533, time: 2,085 [ms], path length: 33 [edges], generated: 911
[00:00:00:00:415] New longest path found with length 21 at expansion 256
[00:00:00:02:614] New longest path found with length 31 at expansion 1,728
[00:00:00:02:624] New longest path found with length 33 at expansion 1,736
[00:00:00:09:945] Path of length 33 found: [71, 62, 53, 52, 51, 60, 69, 68, 67, 58, 57, 56, 47, 38, 39, 40, 31, 32, 23, 24, 25, 26, 17, 8, 7, 6, 5, 4, 3, 12, 11, 10, 1, 0]
[00:00:00:09:945] ! Unidirectional t-s. expansions: 4,172, time: 9,945 [ms], path length: 33 [edges], generated: 5,506
[00:00:00:00:073] New longest path found with length 25 at expansion 15
[00:00:00:01:088] New longest path found with length 27 at expansion 302
[00:00:00:01:237] New longest path found with length 31 at expansion 365
[00:00:00:01:775] New longest path found with length 33 at expansion 484
[00:00:00:04:186] Path of length 33 found: [0, 1, 2, 11, 12, 13, 4, 5, 6, 7, 8, 17, 26, 25, 24, 23, 32, 31, 40, 39, 38, 47, 56, 57, 58, 67, 68, 69, 60, 51, 52, 53, 62, 71]
[00:00:00:04:669] ! Bidirectional. expansions: 889, time: 4,186 [ms], path length: 33 [edges], g_F: 17, g_B: 16, generated: {'F': 1,506, 'B': 1,516}, MM: 1, MMPER: 1.9411764705882355%
[00:00:00:04:670] 
---------- SM_Grids/8x9_grid_with_random_blocks_20per_4 ----------
[00:00:00:00:179] New longest path found with length 23 at expansion 88
[00:00:00:01:845] New longest path found with length 27 at expansion 1,033
[00:00:00:03:452] Path of length 27 found: [0, 9, 10, 19, 20, 21, 22, 13, 4, 5, 6, 7, 8, 17, 26, 35, 34, 33, 32, 41, 40, 49, 58, 59, 68, 69, 70, 71]
[00:00:00:03:452] ! Unidirectional s-t. expansions: 1,509, time: 3,452 [ms], path length: 27 [edges], generated: 1,875
[00:00:00:00:091] New longest path found with length 21 at expansion 20
[00:00:00:00:114] New longest path found with length 23 at expansion 28
[00:00:00:00:317] New longest path found with length 27 at expansion 79
[00:00:00:01:189] Path of length 27 found: [71, 62, 61, 60, 59, 58, 49, 40, 41, 32, 33, 34, 35, 26, 17, 8, 7, 6, 5, 4, 13, 22, 21, 20, 11, 10, 1, 0]
[00:00:00:01:189] ! Unidirectional t-s. expansions: 287, time: 1,189 [ms], path length: 27 [edges], generated: 472
[00:00:00:00:069] New longest path found with length 23 at expansion 12
[00:00:00:00:182] New longest path found with length 27 at expansion 35
[00:00:00:01:546] Path of length 27 found: [0, 9, 10, 19, 20, 21, 22, 13, 4, 5, 6, 7, 8, 17, 26, 35, 34, 33, 32, 41, 40, 49, 58, 59, 60, 61, 62, 71]
[00:00:00:02:057] ! Bidirectional. expansions: 278, time: 1,546 [ms], path length: 27 [edges], g_F: 14, g_B: 13, generated: {'F': 435, 'B': 460}, MM: 1, MMPER: 2.5714285714285716%
[00:00:00:02:057] 
---------- SM_Grids/8x9_grid_with_random_blocks_20per_5 ----------
[00:00:00:00:097] New longest path found with length 21 at expansion 20
[00:00:00:00:252] New longest path found with length 23 at expansion 74
[00:00:00:01:068] New longest path found with length 27 at expansion 330
[00:00:00:01:636] New longest path found with length 29 at expansion 628
[00:00:00:03:417] Path of length 29 found: [0, 9, 18, 27, 36, 45, 54, 55, 56, 47, 38, 29, 20, 11, 12, 13, 22, 31, 32, 33, 24, 15, 16, 17, 26, 35, 44, 53, 62, 71]
[00:00:00:03:417] ! Unidirectional s-t. expansions: 1,171, time: 3,417 [ms], path length: 29 [edges], generated: 1,843
[00:00:00:00:118] New longest path found with length 29 at expansion 29
[00:00:00:03:187] Path of length 29 found: [71, 62, 53, 44, 43, 42, 33, 24, 15, 6, 5, 4, 13, 22, 31, 40, 39, 38, 47, 56, 55, 54, 45, 36, 27, 18, 19, 10, 1, 0]
[00:00:00:03:187] ! Unidirectional t-s. expansions: 839, time: 3,187 [ms], path length: 29 [edges], generated: 1,422
[00:00:00:00:081] New longest path found with length 23 at expansion 11
[00:00:00:00:301] New longest path found with length 27 at expansion 58
[00:00:00:00:744] New longest path found with length 29 at expansion 134
[00:00:00:02:878] Path of length 29 found: [0, 9, 18, 27, 36, 45, 54, 55, 56, 47, 38, 29, 20, 11, 12, 13, 22, 31, 32, 33, 24, 15, 16, 17, 26, 35, 44, 53, 62, 71]
[00:00:00:03:390] ! Bidirectional. expansions: 490, time: 2,878 [ms], path length: 29 [edges], g_F: 15, g_B: 14, generated: {'F': 883, 'B': 945}, MM: 1, MMPER: 2.3333333333333335%
[00:00:00:03:390] 
---------- SM_Grids/8x9_grid_with_random_blocks_20per_6 ----------
[00:00:00:00:197] New longest path found with length 25 at expansion 91
[00:00:00:02:898] New longest path found with length 29 at expansion 839
[00:00:00:02:915] New longest path found with length 31 at expansion 849
[00:00:00:02:986] New longest path found with length 33 at expansion 884
[00:00:00:03:000] New longest path found with length 35 at expansion 894
[00:00:00:03:491] Path of length 35 found: [0, 9, 10, 11, 2, 3, 4, 5, 6, 15, 24, 23, 22, 21, 30, 29, 28, 27, 36, 45, 46, 47, 56, 65, 66, 67, 68, 59, 50, 41, 42, 43, 52, 53, 62, 71]
[00:00:00:03:491] ! Unidirectional s-t. expansions: 1,022, time: 3,491 [ms], path length: 35 [edges], generated: 1,661
[00:00:00:00:092] New longest path found with length 21 at expansion 20
[00:00:00:00:160] New longest path found with length 31 at expansion 46
[00:00:00:00:274] New longest path found with length 35 at expansion 82
[00:00:00:01:237] Path of length 35 found: [71, 62, 53, 52, 43, 42, 41, 50, 59, 68, 67, 66, 57, 56, 47, 46, 45, 36, 27, 28, 29, 30, 31, 22, 23, 24, 15, 6, 5, 4, 3, 2, 11, 10, 9, 0]
[00:00:00:01:237] ! Unidirectional t-s. expansions: 349, time: 1,237 [ms], path length: 35 [edges], generated: 548
[00:00:00:00:082] New longest path found with length 25 at expansion 15
[00:00:00:00:369] New longest path found with length 35 at expansion 89
[00:00:00:00:703] Path of length 35 found: [0, 9, 10, 11, 2, 3, 4, 5, 6, 15, 24, 23, 22, 21, 30, 29, 28, 27, 36, 45, 46, 47, 56, 57, 66, 67, 68, 59, 50, 41, 42, 43, 52, 53, 62, 71]
[00:00:00:01:185] ! Bidirectional. expansions: 135, time: 703 [ms], path length: 35 [edges], g_F: 18, g_B: 17, generated: {'F': 235, 'B': 232}, MM: 1, MMPER: 1.7777777777777777%
[00:00:00:01:186] 
---------- SM_Grids/8x9_grid_with_random_blocks_20per_7 ----------
[00:00:00:00:115] New longest path found with length 21 at expansion 33
[00:00:00:02:261] New longest path found with length 23 at expansion 832
[00:00:00:05:178] Path of length 23 found: [0, 1, 10, 11, 20, 29, 28, 27, 36, 45, 54, 55, 56, 47, 48, 39, 40, 41, 50, 59, 60, 61, 70, 71]
[00:00:00:05:178] ! Unidirectional s-t. expansions: 1,809, time: 5,178 [ms], path length: 23 [edges], generated: 2,709
[00:00:00:00:124] New longest path found with length 21 at expansion 40
[00:00:00:00:200] New longest path found with length 23 at expansion 85
[00:00:00:08:078] Path of length 23 found: [71, 70, 61, 52, 43, 42, 41, 40, 39, 48, 57, 56, 55, 46, 45, 36, 27, 28, 29, 20, 11, 10, 1, 0]
[00:00:00:08:078] ! Unidirectional t-s. expansions: 2,231, time: 8,078 [ms], path length: 23 [edges], generated: 3,767
[00:00:00:00:080] New longest path found with length 21 at expansion 15
[00:00:00:00:297] New longest path found with length 23 at expansion 56
[00:00:00:02:971] Path of length 23 found: [0, 1, 10, 11, 20, 29, 28, 27, 36, 45, 54, 55, 56, 47, 48, 39, 40, 41, 42, 51, 60, 69, 70, 71]
[00:00:00:03:454] ! Bidirectional. expansions: 518, time: 2,971 [ms], path length: 23 [edges], g_F: 12, g_B: 11, generated: {'F': 750, 'B': 1,008}, MM: 1, MMPER: 3.166666666666667%
[00:00:00:03:454] 
---------- SM_Grids/8x9_grid_with_random_blocks_20per_8 ----------
[00:00:00:00:103] New longest path found with length 25 at expansion 24
[00:00:00:03:164] Path of length 25 found: [0, 1, 10, 19, 20, 21, 30, 31, 32, 23, 24, 25, 34, 43, 42, 51, 50, 49, 48, 57, 66, 67, 68, 69, 70, 71]
[00:00:00:03:164] ! Unidirectional s-t. expansions: 647, time: 3,164 [ms], path length: 25 [edges], generated: 1,327
[00:00:00:00:081] New longest path found with length 15 at expansion 14
[00:00:00:00:969] New longest path found with length 17 at expansion 304
[00:00:00:01:357] New longest path found with length 19 at expansion 388
[00:00:00:01:459] New longest path found with length 25 at expansion 423
[00:00:00:02:788] Path of length 25 found: [71, 70, 61, 60, 59, 68, 67, 66, 57, 48, 49, 40, 41, 42, 43, 34, 25, 24, 23, 22, 13, 12, 11, 2, 1, 0]
[00:00:00:02:788] ! Unidirectional t-s. expansions: 697, time: 2,788 [ms], path length: 25 [edges], generated: 1,210
[00:00:00:00:185] New longest path found with length 15 at expansion 64
[00:00:00:00:554] New longest path found with length 17 at expansion 251
[00:00:00:01:079] New longest path found with length 19 at expansion 360
[00:00:00:01:112] New longest path found with length 25 at expansion 368
[00:00:00:03:633] Path of length 25 found: [0, 1, 10, 19, 20, 21, 22, 23, 24, 25, 34, 43, 42, 41, 40, 49, 48, 57, 66, 67, 68, 59, 60, 61, 70, 71]
[00:00:00:04:146] ! Bidirectional. expansions: 743, time: 3,633 [ms], path length: 25 [edges], g_F: 13, g_B: 12, generated: {'F': 1,435, 'B': 1,122}, MM: 1, MMPER: 2.8461538461538463%
[00:00:00:04:146] 
---------- SM_Grids/8x9_grid_with_random_blocks_20per_9 ----------
[00:00:00:00:095] New longest path found with length 19 at expansion 18
[00:00:00:00:142] New longest path found with length 29 at expansion 35
[00:00:00:00:762] New longest path found with length 31 at expansion 185
[00:00:00:00:845] Path of length 31 found: [0, 1, 2, 3, 4, 5, 14, 23, 22, 31, 30, 29, 38, 37, 46, 55, 56, 57, 48, 49, 50, 41, 42, 33, 34, 35, 44, 53, 52, 61, 70, 71]
[00:00:00:00:845] ! Unidirectional s-t. expansions: 201, time: 845 [ms], path length: 31 [edges], generated: 374
[00:00:00:00:078] New longest path found with length 17 at expansion 16
[00:00:00:00:209] New longest path found with length 31 at expansion 57
[00:00:00:02:111] Path of length 31 found: [71, 70, 61, 52, 53, 44, 35, 34, 33, 42, 41, 50, 49, 48, 57, 56, 55, 46, 37, 38, 29, 30, 31, 22, 23, 14, 5, 4, 3, 2, 1, 0]
[00:00:00:02:111] ! Unidirectional t-s. expansions: 537, time: 2,111 [ms], path length: 31 [edges], generated: 915
[00:00:00:00:061] New longest path found with length 15 at expansion 8
[00:00:00:00:362] New longest path found with length 17 at expansion 148
[00:00:00:00:546] New longest path found with length 19 at expansion 211
[00:00:00:00:592] New longest path found with length 29 at expansion 219
[00:00:00:00:839] New longest path found with length 31 at expansion 273
[00:00:00:01:641] Path of length 31 found: [0, 1, 2, 3, 4, 5, 14, 23, 22, 31, 30, 29, 38, 37, 46, 55, 56, 57, 48, 49, 50, 41, 42, 33, 34, 35, 44, 53, 52, 61, 70, 71]
[00:00:00:02:125] ! Bidirectional. expansions: 369, time: 1,641 [ms], path length: 31 [edges], g_F: 16, g_B: 15, generated: {'F': 582, 'B': 682}, MM: 1, MMPER: 2.125%

[00:00:00:02:125] average expansions: (823, 1,642, 397, 0)
[00:00:00:02:125] average time: (2,708, 4,274, 2,105, 0)
[00:00:00:02:125] X-DFBnB: 823 , 2,708 (expansions , time[ms])
[00:00:00:02:125] BiX-DFBnB: 397 , 2,105 (expansions , time[ms])

