Thu 12 Mar 2026 16:04:39 IST

SLURM_JOBID:		 15618400
SLURM_JOB_NODELIST:	 ise-cpu256-29 

--------------------------
date: SM_Grids
number_of_graphs: 10
graph_type: grid
size_of_graphs: [9, 9]
heuristic: bcc_heuristic
snake: True
run_uni: True
run_bi: True
run_multi: False
solution_vertices: []
algorithms: ['full', 'DFBnB']
bsd: False
cube_first_dims: 4
cube_buffer_dim: None
backward_sym_generation: False
sym_coil: False
prefix_set: None

---------- SM_Grids/9x9_grid_with_random_blocks_20per_0 ----------
[00:00:00:05:989] Path of length 34 found: [0, 9, 18, 19, 20, 29, 38, 37, 46, 45, 54, 63, 64, 65, 56, 57, 48, 49, 50, 41, 32, 31, 22, 13, 14, 15, 24, 25, 34, 43, 52, 61, 70, 71, 80]
[00:00:00:05:990] ! Unidirectional s-t. expansions: 2,889, time: 5,989 [ms], path length: 34 [edges], generated: 5,182
[00:00:00:10:956] Path of length 34 found: [80, 71, 62, 53, 52, 43, 34, 25, 16, 15, 14, 13, 12, 21, 30, 31, 40, 41, 50, 59, 58, 57, 56, 65, 64, 63, 54, 45, 46, 37, 28, 19, 10, 9, 0]
[00:00:00:10:956] ! Unidirectional t-s. expansions: 4,887, time: 10,956 [ms], path length: 34 [edges], generated: 8,840
[00:00:00:15:907] Path of length 34 found: [80, 71, 70, 69, 60, 51, 52, 43, 34, 25, 16, 15, 14, 13, 22, 31, 40, 49, 48, 57, 56, 65, 64, 63, 54, 45, 46, 37, 38, 29, 20, 19, 18, 9, 0]
[00:00:00:16:474] ! Bidirectional. expansions: 5,279, time: 15,907 [ms], path length: 34 [edges], g_F: 15, g_B: 19, generated: 10,099, MM: 4, MMPER: 10.428571428571429%
[00:00:00:16:474] 
---------- SM_Grids/9x9_grid_with_random_blocks_20per_1 ----------
[00:00:00:02:465] Path of length 30 found: [0, 9, 18, 27, 28, 37, 38, 39, 40, 31, 22, 21, 12, 3, 4, 5, 6, 7, 16, 25, 26, 35, 44, 43, 42, 51, 60, 61, 62, 71, 80]
[00:00:00:02:465] ! Unidirectional s-t. expansions: 918, time: 2,465 [ms], path length: 30 [edges], generated: 1,596
[00:00:00:02:760] Path of length 30 found: [80, 71, 62, 61, 60, 51, 42, 43, 44, 35, 26, 25, 16, 7, 6, 5, 4, 3, 12, 21, 22, 31, 40, 39, 38, 29, 28, 27, 18, 9, 0]
[00:00:00:02:761] ! Unidirectional t-s. expansions: 1,152, time: 2,760 [ms], path length: 30 [edges], generated: 1,995
[00:00:00:03:613] Path of length 30 found: [0, 9, 18, 27, 28, 37, 38, 39, 40, 31, 22, 21, 12, 3, 4, 5, 6, 7, 16, 25, 26, 35, 44, 43, 42, 51, 60, 61, 62, 71, 80]
[00:00:00:04:159] ! Bidirectional. expansions: 1,138, time: 3,613 [ms], path length: 30 [edges], g_F: 11, g_B: 19, generated: 2,080, MM: 8, MMPER: 24.806451612903224%
[00:00:00:04:159] 
---------- SM_Grids/9x9_grid_with_random_blocks_20per_2 ----------
[00:00:00:02:129] Path of length 34 found: [0, 9, 10, 19, 20, 21, 30, 31, 32, 23, 14, 5, 6, 7, 16, 25, 26, 35, 44, 43, 42, 51, 60, 59, 58, 57, 56, 65, 74, 75, 76, 77, 78, 79, 80]
[00:00:00:02:130] ! Unidirectional s-t. expansions: 805, time: 2,129 [ms], path length: 34 [edges], generated: 1,502
[00:00:00:01:496] Path of length 34 found: [80, 79, 78, 77, 76, 75, 74, 65, 56, 57, 58, 59, 60, 51, 42, 43, 44, 35, 26, 25, 16, 7, 6, 5, 14, 23, 32, 31, 30, 21, 20, 19, 10, 9, 0]
[00:00:00:01:497] ! Unidirectional t-s. expansions: 487, time: 1,496 [ms], path length: 34 [edges], generated: 864
[00:00:00:03:111] Path of length 34 found: [80, 79, 78, 77, 76, 75, 74, 65, 56, 57, 58, 59, 60, 51, 42, 43, 44, 35, 26, 25, 16, 7, 6, 5, 14, 23, 32, 31, 30, 21, 20, 19, 10, 9, 0]
[00:00:00:03:664] ! Bidirectional. expansions: 1,008, time: 3,111 [ms], path length: 34 [edges], g_F: 14, g_B: 20, generated: 1,798, MM: 6, MMPER: 16.142857142857142%
[00:00:00:03:664] 
---------- SM_Grids/9x9_grid_with_random_blocks_20per_3 ----------
[00:00:00:03:020] Path of length 38 found: [0, 9, 10, 11, 2, 3, 4, 13, 14, 15, 16, 17, 26, 35, 34, 33, 32, 41, 40, 39, 30, 29, 28, 27, 36, 45, 54, 55, 56, 57, 66, 67, 68, 59, 60, 61, 70, 79, 80]
[00:00:00:03:020] ! Unidirectional s-t. expansions: 1,828, time: 3,020 [ms], path length: 38 [edges], generated: 2,714
[00:00:00:01:528] Path of length 38 found: [80, 79, 70, 61, 60, 59, 68, 67, 66, 57, 56, 55, 46, 45, 36, 27, 28, 29, 38, 39, 40, 41, 32, 33, 34, 35, 26, 17, 16, 15, 14, 5, 4, 3, 2, 11, 10, 9, 0]
[00:00:00:01:528] ! Unidirectional t-s. expansions: 634, time: 1,528 [ms], path length: 38 [edges], generated: 1,044
[00:00:00:03:459] Path of length 38 found: [80, 79, 70, 61, 60, 59, 68, 67, 66, 57, 56, 55, 46, 45, 36, 27, 28, 29, 30, 39, 40, 41, 32, 33, 34, 35, 26, 17, 16, 15, 14, 13, 4, 3, 2, 11, 10, 9, 0]
[00:00:00:03:999] ! Bidirectional. expansions: 1,115, time: 3,459 [ms], path length: 38 [edges], g_F: 16, g_B: 22, generated: 1,988, MM: 6, MMPER: 14.384615384615385%
[00:00:00:03:999] 
---------- SM_Grids/9x9_grid_with_random_blocks_20per_4 ----------
[00:00:00:01:452] Path of length 36 found: [0, 9, 18, 19, 28, 37, 36, 45, 54, 63, 64, 65, 56, 47, 48, 49, 40, 31, 30, 21, 12, 3, 4, 5, 14, 15, 16, 25, 34, 43, 42, 51, 60, 69, 70, 79, 80]
[00:00:00:01:452] ! Unidirectional s-t. expansions: 696, time: 1,452 [ms], path length: 36 [edges], generated: 1,070
[00:00:00:01:277] Path of length 36 found: [80, 71, 62, 61, 60, 51, 42, 43, 34, 25, 16, 15, 6, 5, 4, 13, 12, 21, 30, 31, 40, 49, 48, 57, 56, 65, 64, 63, 54, 45, 36, 37, 28, 19, 10, 1, 0]
[00:00:00:01:277] ! Unidirectional t-s. expansions: 557, time: 1,277 [ms], path length: 36 [edges], generated: 931
[00:00:00:01:968] Path of length 36 found: [80, 71, 62, 61, 60, 51, 42, 43, 34, 25, 16, 15, 6, 5, 4, 13, 12, 21, 30, 31, 40, 49, 48, 47, 56, 65, 64, 63, 54, 45, 36, 37, 28, 19, 18, 9, 0]
[00:00:00:02:514] ! Bidirectional. expansions: 632, time: 1,969 [ms], path length: 36 [edges], g_F: 16, g_B: 20, generated: 1,109, MM: 4, MMPER: 9.81081081081081%
[00:00:00:02:514] 
---------- SM_Grids/9x9_grid_with_random_blocks_20per_5 ----------
[00:00:00:06:770] Path of length 34 found: [0, 9, 18, 27, 28, 29, 38, 39, 48, 57, 66, 67, 68, 59, 50, 41, 32, 31, 22, 13, 14, 15, 6, 7, 8, 17, 26, 25, 34, 43, 52, 61, 70, 79, 80]
[00:00:00:06:771] ! Unidirectional s-t. expansions: 3,014, time: 6,770 [ms], path length: 34 [edges], generated: 5,079
[00:00:00:06:079] Path of length 34 found: [80, 71, 62, 61, 52, 43, 44, 35, 26, 17, 8, 7, 6, 15, 24, 33, 32, 41, 50, 59, 58, 67, 66, 65, 56, 47, 48, 39, 30, 21, 20, 19, 10, 1, 0]
[00:00:00:06:080] ! Unidirectional t-s. expansions: 3,016, time: 6,079 [ms], path length: 34 [edges], generated: 4,846
[00:00:00:08:192] Path of length 34 found: [0, 9, 18, 27, 28, 29, 38, 39, 48, 57, 66, 67, 68, 59, 50, 41, 32, 31, 22, 13, 14, 15, 6, 7, 8, 17, 26, 35, 44, 43, 52, 61, 62, 71, 80]
[00:00:00:08:740] ! Bidirectional. expansions: 2,775, time: 8,192 [ms], path length: 34 [edges], g_F: 15, g_B: 19, generated: 4,770, MM: 4, MMPER: 10.428571428571429%
[00:00:00:08:740] 
---------- SM_Grids/9x9_grid_with_random_blocks_20per_6 ----------
[00:00:00:00:870] Path of length 18 found: [0, 9, 10, 11, 20, 21, 30, 39, 40, 41, 50, 59, 58, 67, 76, 77, 78, 79, 80]
[00:00:00:00:870] ! Unidirectional s-t. expansions: 330, time: 870 [ms], path length: 18 [edges], generated: 547
[00:00:00:01:618] Path of length 18 found: [80, 79, 78, 77, 76, 67, 58, 59, 50, 41, 40, 39, 30, 29, 28, 27, 18, 9, 0]
[00:00:00:01:618] ! Unidirectional t-s. expansions: 852, time: 1,618 [ms], path length: 18 [edges], generated: 1,311
[00:00:00:00:889] Path of length 18 found: [0, 9, 10, 11, 20, 21, 30, 39, 40, 41, 50, 59, 58, 67, 76, 77, 78, 79, 80]
[00:00:00:01:435] ! Bidirectional. expansions: 245, time: 889 [ms], path length: 18 [edges], g_F: 9, g_B: 9, generated: 477, MM: 0, MMPER: -1.0%
[00:00:00:01:436] 
---------- SM_Grids/9x9_grid_with_random_blocks_20per_7 ----------
[00:00:00:13:251] Path of length 28 found: [0, 9, 18, 27, 28, 29, 20, 21, 22, 31, 40, 39, 48, 47, 46, 45, 54, 63, 64, 65, 66, 67, 68, 59, 60, 61, 70, 79, 80]
[00:00:00:13:252] ! Unidirectional s-t. expansions: 7,321, time: 13,251 [ms], path length: 28 [edges], generated: 11,779
[00:00:00:02:090] Path of length 28 found: [80, 71, 62, 61, 60, 59, 68, 67, 66, 65, 64, 63, 54, 45, 46, 47, 48, 39, 40, 31, 22, 21, 20, 29, 28, 27, 18, 9, 0]
[00:00:00:02:091] ! Unidirectional t-s. expansions: 849, time: 2,090 [ms], path length: 28 [edges], generated: 1,509
[00:00:00:10:274] Path of length 28 found: [80, 71, 62, 61, 60, 59, 68, 67, 66, 65, 64, 63, 54, 45, 46, 47, 48, 39, 40, 31, 22, 21, 20, 29, 28, 27, 18, 9, 0]
[00:00:00:10:821] ! Bidirectional. expansions: 3,243, time: 10,274 [ms], path length: 28 [edges], g_F: 9, g_B: 19, generated: 6,102, MM: 10, MMPER: 33.48275862068966%
[00:00:00:10:821] 
---------- SM_Grids/9x9_grid_with_random_blocks_20per_8 ----------
[00:00:00:05:958] Path of length 38 found: [0, 9, 18, 27, 28, 29, 20, 21, 12, 3, 4, 5, 14, 15, 16, 17, 26, 35, 34, 43, 52, 61, 60, 59, 50, 49, 48, 47, 46, 55, 64, 65, 66, 75, 76, 77, 78, 79, 80]
[00:00:00:05:958] ! Unidirectional s-t. expansions: 2,770, time: 5,958 [ms], path length: 38 [edges], generated: 4,696
[00:00:00:03:930] Path of length 38 found: [80, 79, 78, 77, 76, 75, 66, 65, 64, 55, 46, 47, 48, 49, 58, 59, 60, 51, 52, 53, 44, 35, 26, 17, 16, 15, 14, 5, 4, 3, 12, 21, 30, 29, 28, 19, 10, 9, 0]
[00:00:00:03:930] ! Unidirectional t-s. expansions: 2,103, time: 3,930 [ms], path length: 38 [edges], generated: 3,393
[00:00:00:05:834] Path of length 38 found: [0, 9, 18, 27, 28, 29, 20, 21, 12, 3, 4, 5, 14, 15, 16, 17, 26, 35, 44, 53, 52, 51, 60, 59, 58, 49, 48, 47, 46, 55, 64, 65, 66, 75, 76, 77, 78, 79, 80]
[00:00:00:06:379] ! Bidirectional. expansions: 2,056, time: 5,834 [ms], path length: 38 [edges], g_F: 15, g_B: 23, generated: 3,479, MM: 8, MMPER: 19.512820512820515%
[00:00:00:06:380] 
---------- SM_Grids/9x9_grid_with_random_blocks_20per_9 ----------
[00:00:00:02:942] Path of length 34 found: [0, 9, 18, 27, 36, 37, 46, 55, 54, 63, 72, 73, 74, 75, 76, 67, 58, 49, 48, 39, 30, 21, 22, 23, 24, 25, 34, 43, 42, 51, 60, 69, 70, 71, 80]
[00:00:00:02:943] ! Unidirectional s-t. expansions: 1,296, time: 2,942 [ms], path length: 34 [edges], generated: 2,234
[00:00:00:01:864] Path of length 34 found: [80, 71, 70, 69, 60, 51, 52, 43, 34, 25, 24, 23, 22, 21, 30, 39, 40, 49, 58, 67, 76, 75, 74, 73, 72, 63, 54, 55, 46, 37, 36, 27, 18, 9, 0]
[00:00:00:01:865] ! Unidirectional t-s. expansions: 1,270, time: 1,864 [ms], path length: 34 [edges], generated: 1,863
[00:00:00:02:371] Path of length 34 found: [80, 71, 70, 69, 60, 51, 52, 43, 34, 25, 24, 23, 22, 21, 30, 39, 48, 49, 58, 67, 76, 75, 74, 73, 72, 63, 54, 55, 46, 37, 36, 27, 18, 9, 0]
[00:00:00:02:912] ! Bidirectional. expansions: 842, time: 2,371 [ms], path length: 34 [edges], g_F: 13, g_B: 21, generated: 1,441, MM: 8, MMPER: 21.857142857142858%

[00:00:00:02:912] average expansions: (2,187, 1,581, 1,833, 0)
[00:00:00:02:912] average time: (4,485, 3,360, 5,562, 0)
[00:00:00:02:913] A*: 1,581 , 3,360 (expansions , time[ms])
[00:00:00:02:913] XMM: 1,833 , 5,562 (expansions , time[ms])

[00:00:00:02:913] 
---------- SM_Grids/9x9_grid_with_random_blocks_20per_0 ----------
[00:00:00:00:162] New longest path found with length 32 at expansion 38
[00:00:00:00:317] New longest path found with length 34 at expansion 93
[00:00:00:12:434] Path of length 34 found: [0, 9, 18, 27, 28, 37, 46, 45, 54, 63, 64, 65, 56, 57, 48, 49, 40, 31, 30, 21, 12, 13, 14, 15, 16, 25, 34, 33, 42, 51, 60, 69, 70, 71, 80]
[00:00:00:12:434] ! Unidirectional s-t. expansions: 2,886, time: 12,434 [ms], path length: 34 [edges], generated: 5,245
[00:00:00:00:141] New longest path found with length 28 at expansion 27
[00:00:00:00:707] New longest path found with length 34 at expansion 147
[00:00:00:21:841] Path of length 34 found: [80, 71, 62, 53, 52, 51, 42, 33, 34, 25, 16, 15, 14, 13, 12, 21, 30, 31, 40, 49, 58, 57, 56, 65, 64, 63, 54, 45, 46, 37, 28, 19, 10, 9, 0]
[00:00:00:21:841] ! Unidirectional t-s. expansions: 4,906, time: 21,841 [ms], path length: 34 [edges], generated: 8,882
[00:00:00:00:176] New longest path found with length 34 at expansion 18
[00:00:00:11:437] Path of length 34 found: [0, 9, 18, 27, 28, 37, 46, 45, 54, 63, 64, 65, 56, 57, 48, 49, 40, 31, 30, 21, 12, 13, 14, 15, 16, 25, 34, 33, 42, 51, 52, 53, 62, 71, 80]
[00:00:00:12:009] ! Bidirectional. expansions: 1,236, time: 11,437 [ms], path length: 34 [edges], g_F: 17, g_B: 17, generated: {'F': 2,342, 'B': 2,536}, MM: 0, MMPER: -1.0%
[00:00:00:12:009] 
---------- SM_Grids/9x9_grid_with_random_blocks_20per_1 ----------
[00:00:00:01:227] New longest path found with length 18 at expansion 595
[00:00:00:01:377] New longest path found with length 28 at expansion 639
[00:00:00:01:444] New longest path found with length 30 at expansion 670
[00:00:00:05:706] Path of length 30 found: [0, 9, 18, 27, 28, 37, 38, 39, 40, 31, 22, 21, 12, 3, 4, 5, 14, 15, 16, 25, 26, 35, 44, 43, 42, 51, 60, 61, 62, 71, 80]
[00:00:00:05:706] ! Unidirectional s-t. expansions: 1,527, time: 5,706 [ms], path length: 30 [edges], generated: 2,212
[00:00:00:00:138] New longest path found with length 28 at expansion 27
[00:00:00:05:373] New longest path found with length 30 at expansion 1,212
[00:00:00:06:991] Path of length 30 found: [80, 71, 62, 61, 60, 51, 42, 43, 44, 35, 26, 25, 16, 7, 6, 5, 4, 3, 12, 21, 22, 31, 40, 39, 38, 29, 28, 27, 18, 9, 0]
[00:00:00:06:991] ! Unidirectional t-s. expansions: 1,635, time: 6,991 [ms], path length: 30 [edges], generated: 2,848
[00:00:00:01:018] New longest path found with length 16 at expansion 540
[00:00:00:01:066] New longest path found with length 26 at expansion 547
[00:00:00:01:088] New longest path found with length 28 at expansion 554
[00:00:00:01:114] New longest path found with length 30 at expansion 562
[00:00:00:03:142] Path of length 30 found: [0, 9, 18, 27, 28, 37, 38, 39, 40, 31, 22, 21, 12, 3, 4, 5, 6, 7, 16, 25, 26, 35, 44, 43, 42, 51, 60, 61, 62, 71, 80]
[00:00:00:03:679] ! Bidirectional. expansions: 804, time: 3,142 [ms], path length: 30 [edges], g_F: 15, g_B: 15, generated: {'F': 1,362, 'B': 797}, MM: 0, MMPER: -1.0%
[00:00:00:03:679] 
---------- SM_Grids/9x9_grid_with_random_blocks_20per_2 ----------
[00:00:00:00:190] New longest path found with length 34 at expansion 33
[00:00:00:03:950] Path of length 34 found: [0, 9, 10, 19, 20, 21, 30, 31, 32, 23, 14, 5, 6, 7, 16, 25, 26, 35, 44, 43, 42, 51, 60, 59, 58, 57, 56, 65, 74, 75, 76, 77, 78, 79, 80]
[00:00:00:03:951] ! Unidirectional s-t. expansions: 803, time: 3,950 [ms], path length: 34 [edges], generated: 1,502
[00:00:00:00:118] New longest path found with length 22 at expansion 21
[00:00:00:00:714] New longest path found with length 24 at expansion 130
[00:00:00:00:756] New longest path found with length 26 at expansion 142
[00:00:00:03:178] New longest path found with length 32 at expansion 588
[00:00:00:03:208] New longest path found with length 34 at expansion 600
[00:00:00:03:754] Path of length 34 found: [80, 79, 78, 77, 76, 75, 74, 65, 56, 57, 58, 59, 60, 51, 42, 43, 44, 35, 26, 25, 16, 7, 6, 5, 14, 23, 32, 31, 30, 21, 20, 19, 10, 9, 0]
[00:00:00:03:755] ! Unidirectional t-s. expansions: 693, time: 3,755 [ms], path length: 34 [edges], generated: 1,231
[00:00:00:00:085] New longest path found with length 22 at expansion 13
[00:00:00:00:233] New longest path found with length 24 at expansion 34
[00:00:00:00:257] New longest path found with length 26 at expansion 41
[00:00:00:00:719] New longest path found with length 34 at expansion 106
[00:00:00:00:954] Path of length 34 found: [0, 9, 10, 19, 20, 21, 30, 31, 32, 23, 14, 5, 6, 7, 16, 25, 26, 35, 44, 43, 42, 51, 60, 59, 58, 57, 56, 65, 74, 75, 76, 77, 78, 79, 80]
[00:00:00:01:526] ! Bidirectional. expansions: 130, time: 954 [ms], path length: 34 [edges], g_F: 17, g_B: 17, generated: {'F': 252, 'B': 227}, MM: 0, MMPER: -1.0%
[00:00:00:01:526] 
---------- SM_Grids/9x9_grid_with_random_blocks_20per_3 ----------
[00:00:00:01:885] New longest path found with length 20 at expansion 1,178
[00:00:00:01:915] New longest path found with length 26 at expansion 1,186
[00:00:00:02:039] New longest path found with length 34 at expansion 1,231
[00:00:00:02:055] New longest path found with length 36 at expansion 1,240
[00:00:00:02:820] New longest path found with length 38 at expansion 1,494
[00:00:00:07:677] Path of length 38 found: [0, 9, 10, 11, 2, 3, 4, 13, 14, 15, 16, 17, 26, 35, 34, 33, 32, 41, 40, 39, 30, 29, 28, 27, 36, 45, 54, 55, 56, 57, 66, 67, 68, 59, 60, 61, 70, 79, 80]
[00:00:00:07:677] ! Unidirectional s-t. expansions: 2,659, time: 7,677 [ms], path length: 38 [edges], generated: 3,697
[00:00:00:00:153] New longest path found with length 30 at expansion 36
[00:00:00:03:109] New longest path found with length 36 at expansion 1,016
[00:00:00:03:135] New longest path found with length 38 at expansion 1,029
[00:00:00:05:187] Path of length 38 found: [80, 79, 70, 61, 60, 59, 68, 67, 66, 57, 56, 55, 46, 45, 36, 27, 28, 29, 38, 39, 40, 41, 32, 33, 34, 35, 26, 17, 16, 15, 14, 5, 4, 3, 2, 11, 10, 9, 0]
[00:00:00:05:188] ! Unidirectional t-s. expansions: 1,445, time: 5,187 [ms], path length: 38 [edges], generated: 2,268
[00:00:00:00:113] New longest path found with length 28 at expansion 14
[00:00:00:00:133] New longest path found with length 30 at expansion 19
[00:00:00:00:167] New longest path found with length 38 at expansion 28
[00:00:00:02:366] Path of length 38 found: [0, 9, 10, 11, 2, 3, 4, 13, 14, 15, 16, 17, 26, 35, 34, 33, 32, 41, 40, 39, 38, 29, 28, 27, 36, 45, 46, 55, 56, 57, 66, 67, 68, 59, 60, 61, 70, 79, 80]
[00:00:00:02:938] ! Bidirectional. expansions: 338, time: 2,366 [ms], path length: 38 [edges], g_F: 19, g_B: 19, generated: {'F': 489, 'B': 627}, MM: 0, MMPER: -1.0%
[00:00:00:02:938] 
---------- SM_Grids/9x9_grid_with_random_blocks_20per_4 ----------
[00:00:00:00:171] New longest path found with length 36 at expansion 50
[00:00:00:02:711] Path of length 36 found: [0, 9, 10, 19, 28, 37, 36, 45, 54, 63, 64, 65, 56, 47, 48, 49, 40, 31, 30, 21, 12, 3, 4, 5, 14, 15, 16, 25, 34, 43, 42, 51, 60, 69, 70, 79, 80]
[00:00:00:02:711] ! Unidirectional s-t. expansions: 696, time: 2,711 [ms], path length: 36 [edges], generated: 1,072
[00:00:00:00:128] New longest path found with length 26 at expansion 25
[00:00:00:00:895] New longest path found with length 36 at expansion 290
[00:00:00:03:123] Path of length 36 found: [80, 71, 62, 61, 60, 51, 42, 43, 34, 25, 16, 15, 6, 5, 4, 3, 12, 21, 30, 31, 40, 49, 48, 47, 56, 65, 64, 63, 54, 45, 36, 37, 28, 19, 10, 1, 0]
[00:00:00:03:123] ! Unidirectional t-s. expansions: 808, time: 3,123 [ms], path length: 36 [edges], generated: 1,269
[00:00:00:00:099] New longest path found with length 22 at expansion 13
[00:00:00:00:162] New longest path found with length 36 at expansion 27
[00:00:00:03:705] Path of length 36 found: [0, 9, 10, 19, 28, 37, 36, 45, 54, 63, 64, 65, 56, 47, 48, 49, 40, 31, 30, 21, 12, 3, 4, 5, 6, 15, 16, 25, 34, 43, 42, 51, 60, 61, 62, 71, 80]
[00:00:00:04:241] ! Bidirectional. expansions: 489, time: 3,705 [ms], path length: 36 [edges], g_F: 18, g_B: 18, generated: {'F': 774, 'B': 921}, MM: 0, MMPER: -1.0%
[00:00:00:04:241] 
---------- SM_Grids/9x9_grid_with_random_blocks_20per_5 ----------
[00:00:00:00:519] New longest path found with length 20 at expansion 239
[00:00:00:00:582] New longest path found with length 34 at expansion 262
[00:00:00:13:233] Path of length 34 found: [0, 1, 10, 19, 28, 29, 38, 47, 56, 65, 66, 67, 58, 59, 50, 41, 32, 31, 22, 13, 14, 15, 6, 7, 8, 17, 26, 25, 34, 43, 52, 61, 70, 79, 80]
[00:00:00:13:233] ! Unidirectional s-t. expansions: 3,244, time: 13,233 [ms], path length: 34 [edges], generated: 5,312
[00:00:00:00:126] New longest path found with length 24 at expansion 23
[00:00:00:00:196] New longest path found with length 26 at expansion 49
[00:00:00:00:258] New longest path found with length 34 at expansion 68
[00:00:00:11:790] Path of length 34 found: [80, 71, 62, 61, 52, 43, 44, 35, 26, 17, 8, 7, 6, 15, 24, 33, 32, 41, 50, 59, 58, 67, 66, 65, 56, 47, 48, 39, 30, 21, 20, 19, 10, 1, 0]
[00:00:00:11:790] ! Unidirectional t-s. expansions: 2,952, time: 11,790 [ms], path length: 34 [edges], generated: 4,892
[00:00:00:00:127] New longest path found with length 34 at expansion 22
[00:00:00:06:273] Path of length 34 found: [0, 1, 10, 19, 28, 29, 38, 39, 48, 57, 66, 67, 68, 59, 50, 41, 32, 31, 22, 13, 14, 15, 6, 7, 8, 17, 26, 35, 44, 43, 52, 61, 62, 71, 80]
[00:00:00:06:815] ! Bidirectional. expansions: 866, time: 6,273 [ms], path length: 34 [edges], g_F: 17, g_B: 17, generated: {'F': 1,682, 'B': 1,441}, MM: 0, MMPER: -1.0%
[00:00:00:06:816] 
---------- SM_Grids/9x9_grid_with_random_blocks_20per_6 ----------
[00:00:00:00:156] New longest path found with length 16 at expansion 40
[00:00:00:00:310] New longest path found with length 18 at expansion 76
[00:00:00:01:774] Path of length 18 found: [0, 9, 18, 27, 28, 29, 38, 39, 40, 41, 50, 59, 58, 67, 76, 77, 78, 79, 80]
[00:00:00:01:775] ! Unidirectional s-t. expansions: 368, time: 1,774 [ms], path length: 18 [edges], generated: 613
[00:00:00:00:125] New longest path found with length 16 at expansion 15
[00:00:00:02:224] New longest path found with length 18 at expansion 588
[00:00:00:03:443] Path of length 18 found: [80, 79, 78, 77, 76, 67, 58, 59, 50, 41, 40, 39, 30, 29, 28, 27, 18, 9, 0]
[00:00:00:03:444] ! Unidirectional t-s. expansions: 930, time: 3,443 [ms], path length: 18 [edges], generated: 1,421
[00:00:00:00:077] New longest path found with length 16 at expansion 8
[00:00:00:00:758] New longest path found with length 18 at expansion 174
[00:00:00:02:341] Path of length 18 found: [0, 9, 18, 27, 28, 29, 38, 39, 40, 41, 50, 59, 58, 67, 76, 77, 78, 79, 80]
[00:00:00:02:886] ! Bidirectional. expansions: 368, time: 2,342 [ms], path length: 18 [edges], g_F: 9, g_B: 9, generated: {'F': 556, 'B': 766}, MM: 0, MMPER: -1.0%
[00:00:00:02:887] 
---------- SM_Grids/9x9_grid_with_random_blocks_20per_7 ----------
[00:00:00:00:169] New longest path found with length 28 at expansion 48
[00:00:00:26:722] Path of length 28 found: [0, 9, 10, 11, 20, 21, 30, 31, 40, 49, 48, 47, 38, 37, 36, 45, 54, 63, 64, 65, 66, 67, 68, 59, 60, 61, 70, 79, 80]
[00:00:00:26:723] ! Unidirectional s-t. expansions: 7,281, time: 26,722 [ms], path length: 28 [edges], generated: 11,779
[00:00:00:00:119] New longest path found with length 22 at expansion 21
[00:00:00:00:169] New longest path found with length 28 at expansion 37
[00:00:00:03:980] Path of length 28 found: [80, 71, 62, 61, 60, 59, 68, 67, 66, 65, 64, 63, 54, 45, 36, 37, 38, 47, 48, 49, 40, 31, 22, 21, 20, 11, 10, 1, 0]
[00:00:00:03:980] ! Unidirectional t-s. expansions: 849, time: 3,980 [ms], path length: 28 [edges], generated: 1,524
[00:00:00:00:098] New longest path found with length 20 at expansion 12
[00:00:00:00:140] New longest path found with length 24 at expansion 21
[00:00:00:00:182] New longest path found with length 26 at expansion 28
[00:00:00:00:566] New longest path found with length 28 at expansion 79
[00:00:00:05:686] Path of length 28 found: [0, 1, 10, 19, 20, 21, 22, 31, 40, 49, 48, 47, 38, 37, 36, 45, 54, 63, 64, 65, 66, 67, 68, 59, 60, 61, 62, 71, 80]
[00:00:00:06:223] ! Bidirectional. expansions: 697, time: 5,686 [ms], path length: 28 [edges], g_F: 14, g_B: 14, generated: {'F': 1,286, 'B': 1,399}, MM: 0, MMPER: -1.0%
[00:00:00:06:224] 
---------- SM_Grids/9x9_grid_with_random_blocks_20per_8 ----------
[00:00:00:00:161] New longest path found with length 36 at expansion 36
[00:00:00:00:220] New longest path found with length 38 at expansion 56
[00:00:00:11:579] Path of length 38 found: [0, 9, 18, 27, 28, 29, 20, 21, 12, 3, 4, 5, 14, 15, 16, 17, 26, 35, 34, 43, 52, 61, 60, 59, 50, 49, 48, 47, 46, 55, 64, 65, 66, 75, 76, 77, 78, 79, 80]
[00:00:00:11:579] ! Unidirectional s-t. expansions: 2,782, time: 11,579 [ms], path length: 38 [edges], generated: 4,716
[00:00:00:00:126] New longest path found with length 16 at expansion 15
[00:00:00:00:235] New longest path found with length 26 at expansion 44
[00:00:00:00:315] New longest path found with length 28 at expansion 66
[00:00:00:01:369] New longest path found with length 34 at expansion 279
[00:00:00:01:451] New longest path found with length 36 at expansion 311
[00:00:00:02:794] New longest path found with length 38 at expansion 611
[00:00:00:08:599] Path of length 38 found: [80, 79, 78, 77, 76, 75, 66, 65, 64, 55, 46, 47, 48, 49, 58, 59, 60, 51, 52, 53, 44, 35, 26, 17, 16, 15, 14, 5, 4, 3, 12, 21, 20, 29, 28, 27, 18, 9, 0]
[00:00:00:08:599] ! Unidirectional t-s. expansions: 2,361, time: 8,599 [ms], path length: 38 [edges], generated: 3,801
[00:00:00:00:073] New longest path found with length 16 at expansion 8
[00:00:00:00:101] New longest path found with length 26 at expansion 14
[00:00:00:00:109] New longest path found with length 28 at expansion 17
[00:00:00:00:381] New longest path found with length 36 at expansion 60
[00:00:00:01:086] New longest path found with length 38 at expansion 147
[00:00:00:06:193] Path of length 38 found: [0, 9, 18, 27, 28, 29, 20, 21, 12, 3, 4, 5, 14, 15, 16, 17, 26, 35, 34, 43, 52, 61, 60, 59, 50, 49, 48, 47, 46, 55, 64, 65, 66, 75, 76, 77, 78, 79, 80]
[00:00:00:06:737] ! Bidirectional. expansions: 885, time: 6,193 [ms], path length: 38 [edges], g_F: 19, g_B: 19, generated: {'F': 1,603, 'B': 1,613}, MM: 0, MMPER: -1.0%
[00:00:00:06:737] 
---------- SM_Grids/9x9_grid_with_random_blocks_20per_9 ----------
[00:00:00:00:141] New longest path found with length 32 at expansion 32
[00:00:00:00:493] New longest path found with length 34 at expansion 116
[00:00:00:05:598] Path of length 34 found: [0, 9, 18, 27, 36, 37, 46, 55, 54, 63, 72, 73, 74, 75, 76, 67, 58, 49, 48, 39, 30, 21, 22, 23, 24, 25, 34, 43, 42, 51, 60, 69, 70, 71, 80]
[00:00:00:05:599] ! Unidirectional s-t. expansions: 1,314, time: 5,598 [ms], path length: 34 [edges], generated: 2,266
[00:00:00:00:101] New longest path found with length 18 at expansion 21
[00:00:00:00:173] New longest path found with length 24 at expansion 46
[00:00:00:00:431] New longest path found with length 32 at expansion 103
[00:00:00:00:707] New longest path found with length 34 at expansion 241
[00:00:00:04:276] Path of length 34 found: [80, 71, 70, 69, 60, 51, 52, 43, 34, 25, 24, 23, 22, 21, 30, 39, 40, 49, 58, 67, 76, 75, 74, 73, 72, 63, 54, 55, 46, 37, 36, 27, 18, 9, 0]
[00:00:00:04:276] ! Unidirectional t-s. expansions: 1,417, time: 4,276 [ms], path length: 34 [edges], generated: 2,088
[00:00:00:00:132] New longest path found with length 18 at expansion 37
[00:00:00:00:191] New longest path found with length 20 at expansion 52
[00:00:00:00:277] New longest path found with length 24 at expansion 68
[00:00:00:00:384] New longest path found with length 32 at expansion 86
[00:00:00:00:436] New longest path found with length 34 at expansion 96
[00:00:00:01:429] Path of length 34 found: [0, 9, 18, 27, 36, 37, 46, 55, 54, 63, 72, 73, 74, 75, 76, 67, 58, 49, 48, 39, 30, 21, 22, 23, 24, 25, 34, 43, 52, 51, 60, 69, 70, 71, 80]
[00:00:00:02:006] ! Bidirectional. expansions: 222, time: 1,429 [ms], path length: 34 [edges], g_F: 17, g_B: 17, generated: {'F': 356, 'B': 424}, MM: 0, MMPER: -1.0%

[00:00:00:02:006] average expansions: (2,356, 1,800, 604, 0)
[00:00:00:02:006] average time: (9,138, 7,298, 4,353, 0)
[00:00:00:02:006] X-DFBnB: 1,800 , 7,298 (expansions , time[ms])
[00:00:00:02:006] BiX-DFBnB: 604 , 4,353 (expansions , time[ms])

