Mon 09 Mar 2026 17:31:53 IST

SLURM_JOBID:		 15365902
SLURM_JOB_NODELIST:	 ise-cpu256-03 

--------------------------
date: SM_Grids
number_of_graphs: 10
graph_type: grid
size_of_graphs: [9, 9]
heuristic: bcc_heuristic
snake: True
run_uni: True
run_bi: True
run_multi: False
solution_vertices: []
algorithms: ['DFBnB']
bsd: False
cube_first_dims: 4
cube_buffer_dim: None
backward_sym_generation: False
sym_coil: False
prefix_set: None

---------- SM_Grids/9x9_grid_with_random_blocks_16per_0 ----------
[00:00:00:39:111] Path of length 40 found: [0, 1, 2, 3, 4, 13, 14, 23, 24, 25, 26, 35, 44, 43, 42, 41, 40, 39, 30, 21, 20, 19, 28, 37, 46, 45, 54, 63, 72, 73, 74, 65, 56, 57, 58, 59, 60, 61, 70, 79, 80]
[00:00:00:39:112] ! Unidirectional s-t. expansions: 12,544, time: 39,111 [ms], path length: 40 [edges], generated: 16,402
[00:00:01:02:011] Path of length 40 found: [80, 71, 62, 53, 44, 35, 26, 25, 24, 23, 14, 5, 4, 3, 12, 21, 30, 39, 40, 41, 42, 51, 60, 59, 58, 67, 66, 75, 74, 73, 72, 63, 54, 55, 46, 37, 28, 19, 10, 1, 0]
[00:00:01:02:011] ! Unidirectional t-s. expansions: 15,268, time: 62,011 [ms], path length: 40 [edges], generated: 26,376
[00:00:04:12:446] Path of length 40 found: [0, 1, 10, 11, 12, 3, 4, 5, 14, 23, 24, 25, 26, 35, 44, 43, 42, 41, 40, 39, 30, 29, 28, 37, 46, 45, 54, 63, 72, 73, 74, 75, 66, 67, 68, 59, 60, 61, 70, 79, 80]
[00:00:04:13:089] ! Bidirectional. expansions: 160,728, time: 252,446 [ms], path length: 40 [edges], g_F: 20, g_B: 20, generated: {'F': 123,734, 'B': 119,868}, MM: 0, MMPER: -1.0%
[00:00:04:13:090] 
---------- SM_Grids/9x9_grid_with_random_blocks_16per_1 ----------
[00:00:01:04:727] Path of length 34 found: [0, 9, 10, 11, 2, 3, 4, 5, 6, 15, 24, 23, 22, 21, 30, 29, 28, 27, 36, 45, 54, 55, 56, 47, 48, 49, 50, 41, 42, 43, 52, 61, 70, 71, 80]
[00:00:01:04:727] ! Unidirectional s-t. expansions: 16,975, time: 64,727 [ms], path length: 34 [edges], generated: 28,669
[00:00:00:10:463] Path of length 34 found: [80, 71, 62, 53, 44, 43, 42, 51, 50, 49, 48, 47, 56, 55, 54, 45, 36, 27, 18, 19, 20, 29, 30, 31, 32, 23, 24, 15, 6, 5, 4, 3, 2, 1, 0]
[00:00:00:10:463] ! Unidirectional t-s. expansions: 1,967, time: 10,463 [ms], path length: 34 [edges], generated: 3,492
[00:00:04:08:727] Path of length 34 found: [0, 1, 2, 3, 4, 5, 6, 15, 24, 23, 32, 31, 30, 21, 20, 19, 18, 27, 36, 45, 54, 55, 56, 47, 48, 49, 50, 51, 42, 43, 44, 53, 62, 71, 80]
[00:00:04:09:277] ! Bidirectional. expansions: 135,130, time: 248,727 [ms], path length: 34 [edges], g_F: 17, g_B: 17, generated: {'F': 103,570, 'B': 112,164}, MM: 0, MMPER: -1.0%
[00:00:04:09:278] 
---------- SM_Grids/9x9_grid_with_random_blocks_16per_2 ----------
[00:00:00:25:376] Path of length 44 found: [0, 9, 18, 19, 20, 11, 12, 13, 22, 31, 32, 33, 24, 15, 6, 7, 8, 17, 26, 35, 44, 43, 52, 51, 60, 59, 58, 49, 48, 39, 38, 37, 36, 45, 54, 63, 72, 73, 74, 75, 76, 77, 78, 79, 80]
[00:00:00:25:376] ! Unidirectional s-t. expansions: 6,044, time: 25,376 [ms], path length: 44 [edges], generated: 9,478
[00:00:00:47:145] Path of length 44 found: [80, 79, 78, 77, 76, 75, 66, 65, 64, 55, 54, 45, 36, 37, 38, 39, 48, 49, 58, 59, 60, 61, 52, 43, 44, 35, 26, 17, 8, 7, 6, 15, 24, 33, 32, 31, 22, 13, 12, 11, 20, 19, 18, 9, 0]
[00:00:00:47:145] ! Unidirectional t-s. expansions: 11,025, time: 47,145 [ms], path length: 44 [edges], generated: 17,344
[00:00:07:11:676] Valid meeting checks so far: 200,000, state_vs_state: 794, state_vs_prefix: 0, prefix_vs_prefix: 199,206
[00:00:14:48:705] Path of length 44 found: [0, 9, 18, 19, 20, 11, 12, 13, 22, 31, 32, 33, 24, 15, 6, 7, 8, 17, 26, 35, 44, 43, 52, 61, 60, 59, 58, 49, 48, 39, 38, 37, 36, 45, 54, 55, 56, 65, 74, 75, 76, 77, 78, 79, 80]
[00:00:14:49:290] ! Bidirectional. expansions: 588,370, time: 888,705 [ms], path length: 44 [edges], g_F: 22, g_B: 22, generated: {'F': 481,357, 'B': 393,694}, MM: 0, MMPER: -1.0%
[00:00:14:49:290] 
---------- SM_Grids/9x9_grid_with_random_blocks_16per_3 ----------
[00:00:00:07:466] Path of length 42 found: [0, 9, 10, 11, 20, 21, 30, 39, 38, 37, 46, 55, 56, 65, 74, 75, 76, 67, 58, 49, 50, 41, 42, 33, 24, 23, 14, 5, 6, 7, 16, 17, 26, 35, 44, 53, 52, 61, 60, 69, 78, 79, 80]
[00:00:00:07:467] ! Unidirectional s-t. expansions: 1,334, time: 7,466 [ms], path length: 42 [edges], generated: 2,529
[00:00:00:28:945] Path of length 42 found: [80, 79, 78, 69, 60, 61, 62, 53, 44, 35, 26, 17, 16, 7, 6, 5, 14, 23, 24, 33, 42, 41, 50, 49, 58, 67, 76, 75, 74, 65, 56, 55, 46, 37, 38, 39, 30, 21, 20, 11, 10, 1, 0]
[00:00:00:28:946] ! Unidirectional t-s. expansions: 5,560, time: 28,945 [ms], path length: 42 [edges], generated: 9,629
[00:00:07:24:847] Valid meeting checks so far: 200,000, state_vs_state: 2,200, state_vs_prefix: 0, prefix_vs_prefix: 197,800
[00:00:13:15:401] Path of length 42 found: [0, 9, 10, 11, 20, 21, 30, 39, 38, 37, 46, 55, 56, 65, 74, 75, 76, 67, 58, 49, 50, 41, 42, 33, 24, 23, 14, 5, 6, 7, 16, 17, 26, 35, 44, 53, 62, 61, 60, 69, 78, 79, 80]
[00:00:13:15:974] ! Bidirectional. expansions: 453,168, time: 795,401 [ms], path length: 42 [edges], g_F: 21, g_B: 21, generated: {'F': 397,869, 'B': 345,907}, MM: 0, MMPER: -1.0%
[00:00:13:15:975] 
---------- SM_Grids/9x9_grid_with_random_blocks_16per_4 ----------
[00:00:00:46:615] Path of length 44 found: [0, 1, 2, 3, 4, 13, 22, 21, 20, 19, 18, 27, 36, 37, 46, 55, 64, 65, 74, 75, 76, 77, 78, 69, 60, 59, 58, 49, 40, 41, 42, 33, 24, 15, 6, 7, 8, 17, 26, 35, 44, 53, 62, 71, 80]
[00:00:00:46:616] ! Unidirectional s-t. expansions: 10,697, time: 46,615 [ms], path length: 44 [edges], generated: 17,648
[00:00:00:30:910] Path of length 44 found: [80, 71, 62, 61, 60, 69, 78, 77, 76, 67, 66, 65, 56, 55, 46, 45, 36, 27, 18, 19, 20, 29, 38, 39, 48, 49, 50, 41, 42, 43, 44, 35, 26, 17, 8, 7, 6, 15, 14, 13, 4, 3, 2, 1, 0]
[00:00:00:30:910] ! Unidirectional t-s. expansions: 7,022, time: 30,910 [ms], path length: 44 [edges], generated: 11,537
[00:00:06:44:621] Path of length 44 found: [0, 9, 18, 19, 20, 11, 2, 3, 4, 13, 14, 15, 6, 7, 8, 17, 26, 35, 44, 43, 42, 41, 40, 49, 48, 47, 38, 37, 36, 45, 54, 55, 64, 65, 74, 75, 76, 77, 68, 59, 60, 61, 62, 71, 80]
[00:00:06:45:148] ! Bidirectional. expansions: 257,764, time: 404,621 [ms], path length: 44 [edges], g_F: 22, g_B: 22, generated: {'F': 198,859, 'B': 208,014}, MM: 0, MMPER: -1.0%
[00:00:06:45:148] 
---------- SM_Grids/9x9_grid_with_random_blocks_16per_5 ----------
[00:00:01:19:156] Path of length 40 found: [0, 1, 2, 3, 4, 13, 22, 23, 24, 25, 26, 35, 44, 43, 52, 51, 50, 41, 40, 39, 30, 29, 20, 19, 18, 27, 36, 45, 54, 63, 72, 73, 74, 65, 66, 67, 68, 69, 70, 71, 80]
[00:00:01:19:157] ! Unidirectional s-t. expansions: 20,992, time: 79,156 [ms], path length: 40 [edges], generated: 35,529
[00:00:00:28:071] Path of length 40 found: [80, 71, 70, 69, 68, 67, 66, 65, 74, 73, 72, 63, 54, 45, 36, 27, 18, 19, 20, 29, 38, 47, 48, 49, 50, 51, 52, 53, 44, 35, 26, 25, 24, 23, 22, 13, 4, 3, 2, 1, 0]
[00:00:00:28:071] ! Unidirectional t-s. expansions: 9,393, time: 28,071 [ms], path length: 40 [edges], generated: 13,106
[00:00:03:38:581] Path of length 40 found: [0, 1, 2, 3, 4, 13, 22, 23, 24, 33, 34, 35, 44, 53, 52, 51, 50, 41, 40, 39, 30, 29, 20, 19, 18, 27, 36, 45, 54, 63, 72, 73, 74, 75, 66, 67, 68, 69, 70, 71, 80]
[00:00:03:39:188] ! Bidirectional. expansions: 129,322, time: 218,581 [ms], path length: 40 [edges], g_F: 20, g_B: 20, generated: {'F': 105,238, 'B': 104,307}, MM: 0, MMPER: -1.0%
[00:00:03:39:189] 
---------- SM_Grids/9x9_grid_with_random_blocks_16per_6 ----------
[00:00:00:10:328] Path of length 46 found: [0, 1, 2, 3, 4, 13, 14, 15, 6, 7, 8, 17, 26, 35, 44, 53, 52, 51, 42, 33, 32, 31, 30, 21, 20, 19, 18, 27, 36, 45, 54, 63, 64, 65, 56, 47, 48, 49, 58, 67, 76, 77, 78, 69, 70, 71, 80]
[00:00:00:10:329] ! Unidirectional s-t. expansions: 2,998, time: 10,328 [ms], path length: 46 [edges], generated: 4,334
[00:00:00:16:699] Path of length 46 found: [80, 71, 70, 69, 78, 77, 76, 67, 58, 49, 48, 47, 56, 65, 64, 63, 54, 45, 36, 27, 18, 19, 20, 21, 30, 31, 32, 41, 42, 51, 52, 53, 44, 35, 26, 17, 8, 7, 6, 15, 14, 13, 4, 3, 2, 1, 0]
[00:00:00:16:699] ! Unidirectional t-s. expansions: 4,151, time: 16,699 [ms], path length: 46 [edges], generated: 6,679
[00:00:03:15:899] Path of length 46 found: [0, 1, 2, 3, 4, 13, 14, 15, 6, 7, 8, 17, 26, 35, 44, 53, 52, 51, 42, 33, 32, 31, 30, 21, 20, 19, 18, 27, 36, 45, 54, 63, 64, 65, 56, 47, 48, 49, 58, 67, 76, 77, 78, 69, 70, 71, 80]
[00:00:03:16:564] ! Bidirectional. expansions: 124,522, time: 195,900 [ms], path length: 46 [edges], g_F: 23, g_B: 23, generated: {'F': 93,933, 'B': 90,966}, MM: 0, MMPER: -1.0%
[00:00:03:16:564] 
---------- SM_Grids/9x9_grid_with_random_blocks_16per_7 ----------
[00:00:00:19:809] Path of length 42 found: [0, 9, 10, 19, 28, 27, 36, 45, 54, 63, 72, 73, 74, 65, 56, 47, 38, 39, 40, 41, 32, 23, 22, 21, 12, 3, 4, 5, 6, 15, 16, 25, 34, 43, 52, 51, 60, 59, 68, 77, 78, 79, 80]
[00:00:00:19:810] ! Unidirectional s-t. expansions: 4,040, time: 19,809 [ms], path length: 42 [edges], generated: 7,526
[00:00:00:39:280] Path of length 42 found: [80, 79, 78, 77, 68, 67, 58, 57, 56, 65, 74, 73, 72, 63, 54, 45, 36, 27, 28, 29, 30, 21, 22, 23, 32, 41, 50, 51, 52, 43, 34, 25, 16, 15, 6, 5, 4, 3, 2, 11, 10, 9, 0]
[00:00:00:39:281] ! Unidirectional t-s. expansions: 13,254, time: 39,280 [ms], path length: 42 [edges], generated: 17,453
[00:00:06:10:388] Path of length 42 found: [0, 9, 10, 19, 28, 27, 36, 45, 54, 63, 72, 73, 74, 65, 56, 47, 38, 39, 40, 41, 32, 23, 22, 21, 12, 3, 4, 5, 6, 15, 16, 25, 34, 43, 52, 61, 60, 59, 68, 77, 78, 79, 80]
[00:00:06:10:910] ! Bidirectional. expansions: 228,778, time: 370,388 [ms], path length: 42 [edges], g_F: 21, g_B: 21, generated: {'F': 184,755, 'B': 174,512}, MM: 0, MMPER: -1.0%
[00:00:06:10:910] 
---------- SM_Grids/9x9_grid_with_random_blocks_16per_8 ----------
[00:00:00:46:928] Path of length 44 found: [0, 9, 18, 19, 28, 37, 36, 45, 54, 63, 72, 73, 74, 65, 56, 47, 48, 39, 40, 41, 32, 23, 22, 13, 4, 5, 6, 7, 8, 17, 26, 35, 44, 53, 52, 61, 60, 59, 58, 67, 76, 77, 78, 79, 80]
[00:00:00:46:929] ! Unidirectional s-t. expansions: 15,450, time: 46,928 [ms], path length: 44 [edges], generated: 21,310
[00:00:00:10:627] Path of length 44 found: [80, 79, 78, 69, 60, 61, 52, 53, 44, 35, 34, 25, 16, 7, 6, 5, 4, 13, 22, 23, 32, 41, 40, 39, 48, 57, 58, 67, 76, 75, 74, 73, 72, 63, 54, 55, 46, 37, 36, 27, 18, 19, 10, 1, 0]
[00:00:00:10:628] ! Unidirectional t-s. expansions: 2,487, time: 10,628 [ms], path length: 44 [edges], generated: 4,010
[00:00:05:59:909] Path of length 44 found: [0, 1, 10, 19, 18, 27, 36, 37, 38, 39, 40, 41, 32, 23, 22, 13, 4, 5, 6, 7, 8, 17, 26, 35, 44, 53, 52, 61, 60, 59, 58, 57, 56, 55, 54, 63, 72, 73, 74, 75, 76, 77, 78, 79, 80]
[00:00:06:00:431] ! Bidirectional. expansions: 248,500, time: 359,910 [ms], path length: 44 [edges], g_F: 22, g_B: 22, generated: {'F': 182,113, 'B': 183,151}, MM: 0, MMPER: -1.0%
[00:00:06:00:431] 
---------- SM_Grids/9x9_grid_with_random_blocks_16per_9 ----------
[00:00:00:40:023] Path of length 40 found: [0, 1, 10, 19, 28, 29, 30, 21, 12, 13, 4, 5, 6, 7, 8, 17, 26, 25, 24, 23, 32, 41, 40, 49, 48, 47, 46, 45, 54, 63, 64, 65, 66, 67, 76, 77, 78, 69, 70, 71, 80]
[00:00:00:40:023] ! Unidirectional s-t. expansions: 11,151, time: 40,023 [ms], path length: 40 [edges], generated: 16,774
[00:00:00:47:134] Path of length 40 found: [80, 71, 70, 61, 60, 59, 68, 67, 66, 65, 64, 63, 54, 45, 46, 47, 48, 49, 40, 41, 32, 33, 34, 25, 26, 17, 8, 7, 6, 5, 4, 13, 12, 21, 20, 29, 28, 27, 18, 9, 0]
[00:00:00:47:135] ! Unidirectional t-s. expansions: 12,843, time: 47,134 [ms], path length: 40 [edges], generated: 19,970
[00:00:08:24:324] Valid meeting checks so far: 200,000, state_vs_state: 2,295, state_vs_prefix: 0, prefix_vs_prefix: 197,705
[00:00:11:26:266] Path of length 40 found: [0, 9, 18, 27, 28, 29, 30, 21, 12, 13, 4, 5, 6, 7, 8, 17, 26, 25, 34, 33, 32, 41, 40, 49, 48, 47, 46, 45, 54, 63, 64, 65, 66, 67, 68, 59, 60, 61, 70, 71, 80]
[00:00:11:26:789] ! Bidirectional. expansions: 445,484, time: 686,266 [ms], path length: 40 [edges], g_F: 20, g_B: 20, generated: {'F': 306,549, 'B': 361,338}, MM: 0, MMPER: -1.0%

[00:00:11:26:790] average expansions: (10,222, 8,297, 277,177, 0)
[00:00:11:26:790] average time: (37,954, 32,129, 442,094, 0)
[00:00:11:26:790] X-DFBnB: 8,297 , 32,129 (expansions , time[ms])
[00:00:11:26:790] BiX-DFBnB: 277,177 , 442,094 (expansions , time[ms])

