Mon 09 Mar 2026 17:31:53 IST

SLURM_JOBID:		 15365900
SLURM_JOB_NODELIST:	 ise-cpu256-03 

--------------------------
date: SM_Grids
number_of_graphs: 10
graph_type: grid
size_of_graphs: [9, 9]
heuristic: bcc_heuristic
snake: True
run_uni: True
run_bi: True
run_multi: False
solution_vertices: []
algorithms: ['DFBnB']
bsd: False
cube_first_dims: 4
cube_buffer_dim: None
backward_sym_generation: False
sym_coil: False
prefix_set: None

---------- SM_Grids/9x9_grid_with_random_blocks_8per_0 ----------
[00:00:02:15:709] Path of length 48 found: [0, 1, 10, 19, 18, 27, 36, 37, 38, 29, 30, 31, 22, 13, 4, 5, 6, 7, 8, 17, 26, 25, 24, 33, 42, 43, 44, 53, 62, 61, 60, 59, 50, 49, 48, 57, 56, 55, 54, 63, 72, 73, 74, 75, 76, 77, 78, 79, 80]
[00:00:02:15:710] ! Unidirectional s-t. expansions: 24,187, time: 135,709 [ms], path length: 48 [edges], generated: 41,532
[00:00:03:25:852] Path of length 48 found: [80, 71, 62, 53, 44, 35, 26, 17, 8, 7, 6, 5, 4, 13, 22, 23, 24, 33, 42, 41, 50, 59, 60, 69, 78, 77, 76, 75, 74, 73, 72, 63, 54, 55, 56, 57, 48, 39, 38, 37, 36, 27, 18, 19, 20, 11, 2, 1, 0]
[00:00:03:25:853] ! Unidirectional t-s. expansions: 39,155, time: 205,852 [ms], path length: 48 [edges], generated: 65,770
[00:00:08:18:332] Valid meeting checks so far: 200,000, state_vs_state: 677, state_vs_prefix: 0, prefix_vs_prefix: 199,323
[00:00:17:05:248] Valid meeting checks so far: 400,000, state_vs_state: 2,345, state_vs_prefix: 0, prefix_vs_prefix: 397,655
[00:00:25:41:958] Valid meeting checks so far: 600,000, state_vs_state: 2,944, state_vs_prefix: 0, prefix_vs_prefix: 597,056
[00:00:34:27:284] Valid meeting checks so far: 800,000, state_vs_state: 4,034, state_vs_prefix: 0, prefix_vs_prefix: 795,966
[00:00:43:02:545] Valid meeting checks so far: 1,000,000, state_vs_state: 4,612, state_vs_prefix: 0, prefix_vs_prefix: 995,388
[00:00:51:39:121] Valid meeting checks so far: 1,200,000, state_vs_state: 5,866, state_vs_prefix: 0, prefix_vs_prefix: 1,194,134
[00:01:00:33:308] Valid meeting checks so far: 1,400,000, state_vs_state: 6,785, state_vs_prefix: 0, prefix_vs_prefix: 1,393,215
[00:01:08:57:513] Valid meeting checks so far: 1,600,000, state_vs_state: 7,772, state_vs_prefix: 0, prefix_vs_prefix: 1,592,228
[00:01:17:30:175] Valid meeting checks so far: 1,800,000, state_vs_state: 8,871, state_vs_prefix: 0, prefix_vs_prefix: 1,791,129
[00:01:26:00:152] Valid meeting checks so far: 2,000,000, state_vs_state: 10,292, state_vs_prefix: 0, prefix_vs_prefix: 1,989,708
[00:01:34:43:581] Valid meeting checks so far: 2,200,000, state_vs_state: 11,439, state_vs_prefix: 0, prefix_vs_prefix: 2,188,561
[00:01:44:15:419] Valid meeting checks so far: 2,400,000, state_vs_state: 12,132, state_vs_prefix: 0, prefix_vs_prefix: 2,387,868
[00:01:53:34:125] Valid meeting checks so far: 2,600,000, state_vs_state: 13,686, state_vs_prefix: 0, prefix_vs_prefix: 2,586,314
[00:02:02:06:909] Valid meeting checks so far: 2,800,000, state_vs_state: 15,699, state_vs_prefix: 0, prefix_vs_prefix: 2,784,301
[00:02:10:17:742] Valid meeting checks so far: 3,000,000, state_vs_state: 16,840, state_vs_prefix: 0, prefix_vs_prefix: 2,983,160
[00:02:19:04:629] Valid meeting checks so far: 3,200,000, state_vs_state: 18,142, state_vs_prefix: 0, prefix_vs_prefix: 3,181,858
[00:02:27:35:368] Valid meeting checks so far: 3,400,000, state_vs_state: 20,738, state_vs_prefix: 0, prefix_vs_prefix: 3,379,262
[00:02:35:54:163] Valid meeting checks so far: 3,600,000, state_vs_state: 21,197, state_vs_prefix: 0, prefix_vs_prefix: 3,578,803
[00:02:44:20:981] Valid meeting checks so far: 3,800,000, state_vs_state: 21,540, state_vs_prefix: 0, prefix_vs_prefix: 3,778,460
[00:02:53:02:352] Valid meeting checks so far: 4,000,000, state_vs_state: 22,316, state_vs_prefix: 0, prefix_vs_prefix: 3,977,684
[00:03:02:18:647] Valid meeting checks so far: 4,200,000, state_vs_state: 23,405, state_vs_prefix: 0, prefix_vs_prefix: 4,176,595
[00:03:10:49:318] Valid meeting checks so far: 4,400,000, state_vs_state: 24,812, state_vs_prefix: 0, prefix_vs_prefix: 4,375,188
[00:03:20:41:545] Valid meeting checks so far: 4,600,000, state_vs_state: 26,361, state_vs_prefix: 0, prefix_vs_prefix: 4,573,639
[00:03:30:41:511] Valid meeting checks so far: 4,800,000, state_vs_state: 28,132, state_vs_prefix: 0, prefix_vs_prefix: 4,771,868
[00:03:39:34:712] Valid meeting checks so far: 5,000,000, state_vs_state: 30,006, state_vs_prefix: 0, prefix_vs_prefix: 4,969,994
[00:03:47:49:333] Valid meeting checks so far: 5,200,000, state_vs_state: 31,017, state_vs_prefix: 0, prefix_vs_prefix: 5,168,983
[00:03:56:47:215] Valid meeting checks so far: 5,400,000, state_vs_state: 31,912, state_vs_prefix: 0, prefix_vs_prefix: 5,368,088
[00:04:05:59:273] Valid meeting checks so far: 5,600,000, state_vs_state: 33,292, state_vs_prefix: 0, prefix_vs_prefix: 5,566,708
[00:04:06:50:925] Path of length 48 found: [0, 9, 18, 27, 36, 37, 38, 29, 20, 11, 2, 3, 4, 5, 6, 7, 8, 17, 26, 35, 44, 43, 42, 33, 24, 23, 22, 31, 40, 49, 48, 57, 56, 55, 54, 63, 72, 73, 74, 75, 76, 77, 68, 59, 60, 61, 62, 71, 80]
[00:04:06:51:472] ! Bidirectional. expansions: 7,558,018, time: 14,810,925 [ms], path length: 48 [edges], g_F: 24, g_B: 24, generated: {'F': 6,443,712, 'B': 6,323,707}, MM: 0, MMPER: -1.0%
[00:04:06:51:472] 
---------- SM_Grids/9x9_grid_with_random_blocks_8per_1 ----------
[00:00:02:18:638] Path of length 44 found: [0, 9, 18, 27, 36, 45, 46, 47, 48, 57, 66, 75, 76, 77, 78, 69, 60, 59, 50, 41, 40, 31, 30, 29, 20, 11, 2, 3, 4, 13, 14, 15, 6, 7, 8, 17, 26, 25, 34, 43, 52, 53, 62, 71, 80]
[00:00:02:18:639] ! Unidirectional s-t. expansions: 29,479, time: 138,639 [ms], path length: 44 [edges], generated: 50,834
[00:00:04:00:068] Path of length 44 found: [80, 71, 62, 53, 44, 35, 26, 17, 8, 7, 6, 15, 24, 33, 42, 41, 50, 59, 60, 69, 78, 77, 76, 75, 66, 57, 48, 47, 46, 37, 36, 27, 18, 19, 20, 29, 30, 31, 22, 13, 4, 3, 2, 1, 0]
[00:00:04:00:068] ! Unidirectional t-s. expansions: 47,274, time: 240,068 [ms], path length: 44 [edges], generated: 83,729
[00:00:07:35:587] Valid meeting checks so far: 200,000, state_vs_state: 764, state_vs_prefix: 0, prefix_vs_prefix: 199,236
[00:00:17:20:962] Valid meeting checks so far: 400,000, state_vs_state: 1,422, state_vs_prefix: 0, prefix_vs_prefix: 398,578
[00:00:27:31:438] Valid meeting checks so far: 600,000, state_vs_state: 1,652, state_vs_prefix: 0, prefix_vs_prefix: 598,348
[00:00:36:40:297] Valid meeting checks so far: 800,000, state_vs_state: 2,256, state_vs_prefix: 0, prefix_vs_prefix: 797,744
[00:00:46:58:482] Valid meeting checks so far: 1,000,000, state_vs_state: 3,589, state_vs_prefix: 0, prefix_vs_prefix: 996,411
[00:00:56:24:191] Valid meeting checks so far: 1,200,000, state_vs_state: 4,529, state_vs_prefix: 0, prefix_vs_prefix: 1,195,471
[00:01:06:27:163] Valid meeting checks so far: 1,400,000, state_vs_state: 5,256, state_vs_prefix: 0, prefix_vs_prefix: 1,394,744
[00:01:15:42:563] Valid meeting checks so far: 1,600,000, state_vs_state: 5,921, state_vs_prefix: 0, prefix_vs_prefix: 1,594,079
[00:01:23:59:272] Valid meeting checks so far: 1,800,000, state_vs_state: 6,805, state_vs_prefix: 0, prefix_vs_prefix: 1,793,195
[00:01:32:10:148] Valid meeting checks so far: 2,000,000, state_vs_state: 7,605, state_vs_prefix: 0, prefix_vs_prefix: 1,992,395
[00:01:40:58:591] Valid meeting checks so far: 2,200,000, state_vs_state: 8,068, state_vs_prefix: 0, prefix_vs_prefix: 2,191,932
[00:01:50:33:184] Valid meeting checks so far: 2,400,000, state_vs_state: 8,526, state_vs_prefix: 0, prefix_vs_prefix: 2,391,474
[00:02:00:00:663] Valid meeting checks so far: 2,600,000, state_vs_state: 9,682, state_vs_prefix: 0, prefix_vs_prefix: 2,590,318
[00:02:08:22:014] Valid meeting checks so far: 2,800,000, state_vs_state: 10,255, state_vs_prefix: 0, prefix_vs_prefix: 2,789,745
[00:02:15:01:494] Path of length 44 found: [0, 9, 18, 27, 36, 45, 46, 47, 48, 57, 66, 75, 76, 77, 78, 69, 60, 59, 50, 41, 42, 33, 24, 23, 22, 31, 30, 29, 20, 11, 2, 3, 4, 5, 6, 7, 8, 17, 26, 35, 44, 53, 62, 71, 80]
[00:02:15:02:018] ! Bidirectional. expansions: 3,900,548, time: 8,101,494 [ms], path length: 44 [edges], g_F: 22, g_B: 22, generated: {'F': 3,440,725, 'B': 3,102,713}, MM: 0, MMPER: -1.0%
[00:02:15:02:019] 
---------- SM_Grids/9x9_grid_with_random_blocks_8per_2 ----------
[00:00:03:38:505] Path of length 48 found: [0, 9, 18, 27, 36, 37, 38, 39, 48, 57, 56, 55, 54, 63, 72, 73, 74, 75, 76, 67, 68, 59, 50, 51, 42, 33, 32, 31, 22, 21, 20, 11, 2, 3, 4, 5, 6, 7, 16, 25, 26, 35, 44, 53, 62, 61, 70, 79, 80]
[00:00:03:38:506] ! Unidirectional s-t. expansions: 47,072, time: 218,506 [ms], path length: 48 [edges], generated: 78,272
[00:00:04:58:733] Path of length 48 found: [80, 71, 70, 69, 78, 77, 76, 67, 58, 49, 48, 47, 56, 65, 74, 73, 72, 63, 54, 45, 36, 37, 28, 29, 30, 21, 22, 23, 32, 41, 42, 51, 52, 53, 44, 35, 26, 25, 16, 7, 6, 5, 4, 3, 2, 11, 10, 9, 0]
[00:00:04:58:734] ! Unidirectional t-s. expansions: 99,744, time: 298,734 [ms], path length: 48 [edges], generated: 124,698
[00:00:07:33:171] Valid meeting checks so far: 200,000, state_vs_state: 2,122, state_vs_prefix: 0, prefix_vs_prefix: 197,878
[00:00:15:18:382] Valid meeting checks so far: 400,000, state_vs_state: 3,084, state_vs_prefix: 0, prefix_vs_prefix: 396,916
[00:00:24:08:429] Valid meeting checks so far: 600,000, state_vs_state: 3,305, state_vs_prefix: 0, prefix_vs_prefix: 596,695
[00:00:32:41:005] Valid meeting checks so far: 800,000, state_vs_state: 3,727, state_vs_prefix: 0, prefix_vs_prefix: 796,273
[00:00:41:03:751] Valid meeting checks so far: 1,000,000, state_vs_state: 3,899, state_vs_prefix: 0, prefix_vs_prefix: 996,101
[00:00:49:50:559] Valid meeting checks so far: 1,200,000, state_vs_state: 4,475, state_vs_prefix: 0, prefix_vs_prefix: 1,195,525
[00:00:58:31:360] Valid meeting checks so far: 1,400,000, state_vs_state: 5,484, state_vs_prefix: 0, prefix_vs_prefix: 1,394,516
[00:01:07:18:415] Valid meeting checks so far: 1,600,000, state_vs_state: 5,900, state_vs_prefix: 0, prefix_vs_prefix: 1,594,100
[00:01:16:06:753] Valid meeting checks so far: 1,800,000, state_vs_state: 6,844, state_vs_prefix: 0, prefix_vs_prefix: 1,793,156
[00:01:25:26:484] Valid meeting checks so far: 2,000,000, state_vs_state: 7,249, state_vs_prefix: 0, prefix_vs_prefix: 1,992,751
[00:01:34:35:366] Valid meeting checks so far: 2,200,000, state_vs_state: 8,094, state_vs_prefix: 0, prefix_vs_prefix: 2,191,906
[00:01:43:31:628] Valid meeting checks so far: 2,400,000, state_vs_state: 8,603, state_vs_prefix: 0, prefix_vs_prefix: 2,391,397
[00:01:51:56:346] Valid meeting checks so far: 2,600,000, state_vs_state: 9,376, state_vs_prefix: 0, prefix_vs_prefix: 2,590,624
[00:02:01:03:295] Valid meeting checks so far: 2,800,000, state_vs_state: 9,947, state_vs_prefix: 0, prefix_vs_prefix: 2,790,053
[00:02:11:03:034] Valid meeting checks so far: 3,000,000, state_vs_state: 10,250, state_vs_prefix: 0, prefix_vs_prefix: 2,989,750
[00:02:21:06:629] Valid meeting checks so far: 3,200,000, state_vs_state: 10,420, state_vs_prefix: 0, prefix_vs_prefix: 3,189,580
[00:02:29:54:603] Valid meeting checks so far: 3,400,000, state_vs_state: 10,828, state_vs_prefix: 0, prefix_vs_prefix: 3,389,172
[00:02:38:58:086] Valid meeting checks so far: 3,600,000, state_vs_state: 11,139, state_vs_prefix: 0, prefix_vs_prefix: 3,588,861
[00:02:48:27:682] Valid meeting checks so far: 3,800,000, state_vs_state: 11,348, state_vs_prefix: 0, prefix_vs_prefix: 3,788,652
[00:02:57:07:489] Valid meeting checks so far: 4,000,000, state_vs_state: 11,595, state_vs_prefix: 0, prefix_vs_prefix: 3,988,405
[00:03:06:37:745] Valid meeting checks so far: 4,200,000, state_vs_state: 11,890, state_vs_prefix: 0, prefix_vs_prefix: 4,188,110
[00:03:16:11:716] Valid meeting checks so far: 4,400,000, state_vs_state: 12,181, state_vs_prefix: 0, prefix_vs_prefix: 4,387,819
[00:03:25:40:646] Valid meeting checks so far: 4,600,000, state_vs_state: 12,523, state_vs_prefix: 0, prefix_vs_prefix: 4,587,477
[00:03:34:56:991] Valid meeting checks so far: 4,800,000, state_vs_state: 12,835, state_vs_prefix: 0, prefix_vs_prefix: 4,787,165
[00:03:43:52:700] Valid meeting checks so far: 5,000,000, state_vs_state: 13,352, state_vs_prefix: 0, prefix_vs_prefix: 4,986,648
[00:03:53:31:979] Valid meeting checks so far: 5,200,000, state_vs_state: 13,586, state_vs_prefix: 0, prefix_vs_prefix: 5,186,414
[00:04:02:00:806] Path of length 48 found: [0, 9, 18, 27, 36, 37, 38, 39, 48, 57, 56, 55, 54, 63, 72, 73, 74, 75, 76, 77, 68, 59, 50, 51, 42, 33, 32, 31, 22, 21, 20, 11, 2, 3, 4, 5, 6, 7, 16, 25, 26, 35, 44, 53, 62, 61, 70, 79, 80]
[00:04:02:01:302] ! Bidirectional. expansions: 7,029,402, time: 14,520,806 [ms], path length: 48 [edges], g_F: 24, g_B: 24, generated: {'F': 5,791,259, 'B': 6,130,147}, MM: 0, MMPER: -1.0%
[00:04:02:01:302] 
---------- SM_Grids/9x9_grid_with_random_blocks_8per_3 ----------
[00:00:08:28:151] Path of length 46 found: [0, 9, 18, 27, 28, 37, 46, 45, 54, 63, 72, 73, 74, 65, 56, 57, 58, 67, 76, 77, 78, 69, 60, 51, 50, 41, 40, 31, 30, 21, 20, 11, 2, 3, 4, 13, 14, 15, 24, 33, 34, 43, 44, 53, 62, 71, 80]
[00:00:08:28:151] ! Unidirectional s-t. expansions: 115,033, time: 508,151 [ms], path length: 46 [edges], generated: 192,417
[00:00:06:45:507] Path of length 46 found: [80, 71, 62, 53, 44, 35, 34, 25, 16, 7, 6, 5, 4, 3, 2, 11, 20, 21, 30, 31, 40, 41, 50, 51, 60, 69, 78, 77, 76, 67, 58, 57, 56, 65, 74, 73, 72, 63, 54, 45, 46, 37, 28, 27, 18, 9, 0]
[00:00:06:45:507] ! Unidirectional t-s. expansions: 118,721, time: 405,507 [ms], path length: 46 [edges], generated: 170,346
[00:00:07:11:487] Valid meeting checks so far: 200,000, state_vs_state: 2,607, state_vs_prefix: 0, prefix_vs_prefix: 197,393
[00:00:14:52:864] Valid meeting checks so far: 400,000, state_vs_state: 4,881, state_vs_prefix: 0, prefix_vs_prefix: 395,119
[00:00:22:20:701] Valid meeting checks so far: 600,000, state_vs_state: 5,375, state_vs_prefix: 0, prefix_vs_prefix: 594,625
[00:00:29:26:713] Valid meeting checks so far: 800,000, state_vs_state: 7,783, state_vs_prefix: 0, prefix_vs_prefix: 792,217
[00:00:37:09:671] Valid meeting checks so far: 1,000,000, state_vs_state: 8,391, state_vs_prefix: 0, prefix_vs_prefix: 991,609
[00:00:44:57:769] Valid meeting checks so far: 1,200,000, state_vs_state: 10,349, state_vs_prefix: 0, prefix_vs_prefix: 1,189,651
[00:00:52:06:747] Valid meeting checks so far: 1,400,000, state_vs_state: 12,121, state_vs_prefix: 0, prefix_vs_prefix: 1,387,879
[00:00:59:38:201] Valid meeting checks so far: 1,600,000, state_vs_state: 12,996, state_vs_prefix: 0, prefix_vs_prefix: 1,587,004
[00:01:07:32:675] Valid meeting checks so far: 1,800,000, state_vs_state: 14,050, state_vs_prefix: 0, prefix_vs_prefix: 1,785,950
[00:01:15:15:142] Valid meeting checks so far: 2,000,000, state_vs_state: 15,225, state_vs_prefix: 0, prefix_vs_prefix: 1,984,775
[00:01:22:58:705] Valid meeting checks so far: 2,200,000, state_vs_state: 16,494, state_vs_prefix: 0, prefix_vs_prefix: 2,183,506
[00:01:29:34:561] Valid meeting checks so far: 2,400,000, state_vs_state: 19,359, state_vs_prefix: 0, prefix_vs_prefix: 2,380,641
[00:01:35:34:291] Valid meeting checks so far: 2,600,000, state_vs_state: 22,837, state_vs_prefix: 0, prefix_vs_prefix: 2,577,163
[00:01:41:48:942] Valid meeting checks so far: 2,800,000, state_vs_state: 25,464, state_vs_prefix: 0, prefix_vs_prefix: 2,774,536
[00:01:48:48:122] Valid meeting checks so far: 3,000,000, state_vs_state: 27,194, state_vs_prefix: 0, prefix_vs_prefix: 2,972,806
[00:01:56:45:903] Valid meeting checks so far: 3,200,000, state_vs_state: 28,422, state_vs_prefix: 0, prefix_vs_prefix: 3,171,578
[00:02:04:32:504] Valid meeting checks so far: 3,400,000, state_vs_state: 30,456, state_vs_prefix: 0, prefix_vs_prefix: 3,369,544
[00:02:12:01:477] Valid meeting checks so far: 3,600,000, state_vs_state: 32,014, state_vs_prefix: 0, prefix_vs_prefix: 3,567,986
[00:02:19:46:154] Valid meeting checks so far: 3,800,000, state_vs_state: 33,092, state_vs_prefix: 0, prefix_vs_prefix: 3,766,908
[00:02:28:01:218] Valid meeting checks so far: 4,000,000, state_vs_state: 34,264, state_vs_prefix: 0, prefix_vs_prefix: 3,965,736
[00:02:36:25:454] Valid meeting checks so far: 4,200,000, state_vs_state: 35,056, state_vs_prefix: 0, prefix_vs_prefix: 4,164,944
[00:02:44:30:476] Valid meeting checks so far: 4,400,000, state_vs_state: 35,796, state_vs_prefix: 0, prefix_vs_prefix: 4,364,204
[00:02:52:04:074] Valid meeting checks so far: 4,600,000, state_vs_state: 37,752, state_vs_prefix: 0, prefix_vs_prefix: 4,562,248
[00:02:59:31:920] Valid meeting checks so far: 4,800,000, state_vs_state: 40,718, state_vs_prefix: 0, prefix_vs_prefix: 4,759,282
[00:03:07:07:077] Valid meeting checks so far: 5,000,000, state_vs_state: 42,203, state_vs_prefix: 0, prefix_vs_prefix: 4,957,797
[00:03:15:00:795] Valid meeting checks so far: 5,200,000, state_vs_state: 43,639, state_vs_prefix: 0, prefix_vs_prefix: 5,156,361
[00:03:22:54:646] Valid meeting checks so far: 5,400,000, state_vs_state: 44,522, state_vs_prefix: 0, prefix_vs_prefix: 5,355,478
[00:03:30:58:562] Valid meeting checks so far: 5,600,000, state_vs_state: 46,293, state_vs_prefix: 0, prefix_vs_prefix: 5,553,707
[00:03:38:53:090] Valid meeting checks so far: 5,800,000, state_vs_state: 47,570, state_vs_prefix: 0, prefix_vs_prefix: 5,752,430
[00:03:47:22:755] Valid meeting checks so far: 6,000,000, state_vs_state: 48,223, state_vs_prefix: 0, prefix_vs_prefix: 5,951,777
[00:03:55:31:792] Valid meeting checks so far: 6,200,000, state_vs_state: 48,847, state_vs_prefix: 0, prefix_vs_prefix: 6,151,153
[00:04:03:25:847] Valid meeting checks so far: 6,400,000, state_vs_state: 49,707, state_vs_prefix: 0, prefix_vs_prefix: 6,350,293
[00:04:11:40:266] Valid meeting checks so far: 6,600,000, state_vs_state: 50,610, state_vs_prefix: 0, prefix_vs_prefix: 6,549,390
[00:04:19:51:096] Valid meeting checks so far: 6,800,000, state_vs_state: 51,980, state_vs_prefix: 0, prefix_vs_prefix: 6,748,020
[00:04:27:50:360] Valid meeting checks so far: 7,000,000, state_vs_state: 52,464, state_vs_prefix: 0, prefix_vs_prefix: 6,947,536
[00:04:36:23:817] Valid meeting checks so far: 7,200,000, state_vs_state: 52,936, state_vs_prefix: 0, prefix_vs_prefix: 7,147,064
[00:04:44:33:979] Valid meeting checks so far: 7,400,000, state_vs_state: 54,588, state_vs_prefix: 0, prefix_vs_prefix: 7,345,412
[00:04:52:40:702] Valid meeting checks so far: 7,600,000, state_vs_state: 55,292, state_vs_prefix: 0, prefix_vs_prefix: 7,544,708
[00:04:56:38:152] Path of length 46 found: [0, 9, 18, 27, 28, 37, 46, 45, 54, 63, 72, 73, 74, 65, 56, 57, 58, 67, 76, 77, 78, 69, 60, 51, 50, 41, 40, 39, 30, 21, 20, 11, 2, 3, 4, 5, 6, 15, 24, 25, 34, 35, 44, 53, 62, 71, 80]
[00:04:56:38:697] ! Bidirectional. expansions: 9,602,230, time: 17,798,152 [ms], path length: 46 [edges], g_F: 23, g_B: 23, generated: {'F': 8,050,633, 'B': 8,478,275}, MM: 0, MMPER: -1.0%
[00:04:56:38:697] 
---------- SM_Grids/9x9_grid_with_random_blocks_8per_4 ----------
[00:00:02:47:677] Path of length 48 found: [0, 1, 2, 3, 12, 21, 20, 19, 18, 27, 36, 37, 38, 47, 56, 55, 54, 63, 72, 73, 74, 75, 76, 77, 78, 69, 60, 59, 58, 49, 40, 41, 42, 33, 24, 23, 14, 5, 6, 7, 16, 17, 26, 35, 44, 53, 62, 71, 80]
[00:00:02:47:677] ! Unidirectional s-t. expansions: 33,839, time: 167,677 [ms], path length: 48 [edges], generated: 58,796
[00:00:01:17:367] Path of length 48 found: [80, 71, 62, 53, 44, 35, 26, 17, 8, 7, 6, 5, 14, 23, 32, 33, 42, 51, 60, 69, 68, 77, 76, 75, 74, 73, 72, 63, 54, 55, 56, 57, 58, 49, 40, 39, 38, 37, 36, 27, 18, 19, 20, 21, 12, 3, 2, 1, 0]
[00:00:01:17:367] ! Unidirectional t-s. expansions: 15,171, time: 77,367 [ms], path length: 48 [edges], generated: 27,027
[00:00:06:11:621] Valid meeting checks so far: 200,000, state_vs_state: 4,824, state_vs_prefix: 0, prefix_vs_prefix: 195,176
[00:00:12:59:455] Valid meeting checks so far: 400,000, state_vs_state: 4,960, state_vs_prefix: 0, prefix_vs_prefix: 395,040
[00:00:19:30:525] Valid meeting checks so far: 600,000, state_vs_state: 8,236, state_vs_prefix: 0, prefix_vs_prefix: 591,764
[00:00:27:36:022] Valid meeting checks so far: 800,000, state_vs_state: 8,283, state_vs_prefix: 0, prefix_vs_prefix: 791,717
[00:00:35:09:083] Valid meeting checks so far: 1,000,000, state_vs_state: 9,490, state_vs_prefix: 0, prefix_vs_prefix: 990,510
[00:00:42:24:203] Valid meeting checks so far: 1,200,000, state_vs_state: 10,250, state_vs_prefix: 0, prefix_vs_prefix: 1,189,750
[00:00:49:40:562] Valid meeting checks so far: 1,400,000, state_vs_state: 10,710, state_vs_prefix: 0, prefix_vs_prefix: 1,389,290
[00:00:56:36:436] Valid meeting checks so far: 1,600,000, state_vs_state: 12,820, state_vs_prefix: 0, prefix_vs_prefix: 1,587,180
[00:01:04:23:090] Valid meeting checks so far: 1,800,000, state_vs_state: 14,357, state_vs_prefix: 0, prefix_vs_prefix: 1,785,643
[00:01:11:55:366] Valid meeting checks so far: 2,000,000, state_vs_state: 14,693, state_vs_prefix: 0, prefix_vs_prefix: 1,985,307
[00:01:19:34:721] Valid meeting checks so far: 2,200,000, state_vs_state: 15,188, state_vs_prefix: 0, prefix_vs_prefix: 2,184,812
[00:01:27:42:494] Valid meeting checks so far: 2,400,000, state_vs_state: 16,470, state_vs_prefix: 0, prefix_vs_prefix: 2,383,530
[00:01:35:16:399] Valid meeting checks so far: 2,600,000, state_vs_state: 17,231, state_vs_prefix: 0, prefix_vs_prefix: 2,582,769
[00:01:43:01:035] Valid meeting checks so far: 2,800,000, state_vs_state: 18,722, state_vs_prefix: 0, prefix_vs_prefix: 2,781,278
[00:01:50:26:753] Valid meeting checks so far: 3,000,000, state_vs_state: 19,835, state_vs_prefix: 0, prefix_vs_prefix: 2,980,165
[00:01:58:07:109] Valid meeting checks so far: 3,200,000, state_vs_state: 21,711, state_vs_prefix: 0, prefix_vs_prefix: 3,178,289
[00:02:05:37:368] Valid meeting checks so far: 3,400,000, state_vs_state: 22,743, state_vs_prefix: 0, prefix_vs_prefix: 3,377,257
[00:02:12:55:599] Valid meeting checks so far: 3,600,000, state_vs_state: 23,566, state_vs_prefix: 0, prefix_vs_prefix: 3,576,434
[00:02:20:26:734] Valid meeting checks so far: 3,800,000, state_vs_state: 24,045, state_vs_prefix: 0, prefix_vs_prefix: 3,775,955
[00:02:28:27:262] Valid meeting checks so far: 4,000,000, state_vs_state: 25,241, state_vs_prefix: 0, prefix_vs_prefix: 3,974,759
[00:02:36:23:003] Valid meeting checks so far: 4,200,000, state_vs_state: 26,753, state_vs_prefix: 0, prefix_vs_prefix: 4,173,247
[00:02:44:58:019] Valid meeting checks so far: 4,400,000, state_vs_state: 27,940, state_vs_prefix: 0, prefix_vs_prefix: 4,372,060
[00:02:53:20:191] Valid meeting checks so far: 4,600,000, state_vs_state: 28,454, state_vs_prefix: 0, prefix_vs_prefix: 4,571,546
[00:03:01:36:123] Valid meeting checks so far: 4,800,000, state_vs_state: 29,652, state_vs_prefix: 0, prefix_vs_prefix: 4,770,348
[00:03:09:47:743] Valid meeting checks so far: 5,000,000, state_vs_state: 30,895, state_vs_prefix: 0, prefix_vs_prefix: 4,969,105
[00:03:17:59:681] Valid meeting checks so far: 5,200,000, state_vs_state: 31,725, state_vs_prefix: 0, prefix_vs_prefix: 5,168,275
[00:03:26:12:773] Valid meeting checks so far: 5,400,000, state_vs_state: 33,194, state_vs_prefix: 0, prefix_vs_prefix: 5,366,806
[00:03:34:47:049] Valid meeting checks so far: 5,600,000, state_vs_state: 34,336, state_vs_prefix: 0, prefix_vs_prefix: 5,565,664
[00:03:43:17:921] Valid meeting checks so far: 5,800,000, state_vs_state: 35,079, state_vs_prefix: 0, prefix_vs_prefix: 5,764,921
[00:03:51:25:452] Valid meeting checks so far: 6,000,000, state_vs_state: 35,769, state_vs_prefix: 0, prefix_vs_prefix: 5,964,231
[00:03:59:28:455] Valid meeting checks so far: 6,200,000, state_vs_state: 36,843, state_vs_prefix: 0, prefix_vs_prefix: 6,163,157
[00:04:07:26:356] Valid meeting checks so far: 6,400,000, state_vs_state: 37,909, state_vs_prefix: 0, prefix_vs_prefix: 6,362,091
[00:04:15:27:679] Valid meeting checks so far: 6,600,000, state_vs_state: 39,200, state_vs_prefix: 0, prefix_vs_prefix: 6,560,800
[00:04:23:32:166] Valid meeting checks so far: 6,800,000, state_vs_state: 40,468, state_vs_prefix: 0, prefix_vs_prefix: 6,759,532
[00:04:31:37:355] Valid meeting checks so far: 7,000,000, state_vs_state: 41,362, state_vs_prefix: 0, prefix_vs_prefix: 6,958,638
[00:04:39:23:038] Valid meeting checks so far: 7,200,000, state_vs_state: 42,144, state_vs_prefix: 0, prefix_vs_prefix: 7,157,856
[00:04:47:38:016] Valid meeting checks so far: 7,400,000, state_vs_state: 42,899, state_vs_prefix: 0, prefix_vs_prefix: 7,357,101
[00:04:56:16:573] Valid meeting checks so far: 7,600,000, state_vs_state: 42,992, state_vs_prefix: 0, prefix_vs_prefix: 7,557,008
[00:05:04:59:761] Valid meeting checks so far: 7,800,000, state_vs_state: 43,782, state_vs_prefix: 0, prefix_vs_prefix: 7,756,218
[00:05:05:02:580] Path of length 48 found: [0, 1, 2, 3, 12, 21, 20, 19, 18, 27, 36, 45, 54, 63, 72, 73, 74, 65, 56, 47, 38, 39, 40, 49, 58, 67, 76, 77, 78, 69, 60, 51, 42, 33, 32, 23, 14, 5, 6, 7, 8, 17, 26, 35, 44, 53, 62, 71, 80]
[00:05:05:03:047] ! Bidirectional. expansions: 10,209,130, time: 18,302,580 [ms], path length: 48 [edges], g_F: 24, g_B: 24, generated: {'F': 8,180,609, 'B': 8,344,419}, MM: 0, MMPER: -1.0%
[00:05:05:03:047] 
---------- SM_Grids/9x9_grid_with_random_blocks_8per_5 ----------
[00:00:00:52:591] Path of length 48 found: [0, 9, 18, 27, 28, 37, 46, 45, 54, 63, 64, 65, 74, 75, 76, 77, 68, 59, 58, 57, 48, 39, 40, 41, 42, 33, 24, 23, 22, 21, 20, 11, 2, 3, 4, 5, 6, 7, 16, 17, 26, 35, 44, 53, 52, 61, 70, 79, 80]
[00:00:00:52:592] ! Unidirectional s-t. expansions: 10,047, time: 52,591 [ms], path length: 48 [edges], generated: 17,267
[00:00:01:24:094] Path of length 48 found: [80, 71, 70, 61, 52, 53, 44, 35, 26, 17, 8, 7, 6, 5, 4, 3, 2, 11, 20, 21, 22, 23, 24, 33, 42, 41, 40, 39, 48, 57, 58, 59, 68, 77, 76, 75, 74, 65, 64, 63, 54, 45, 46, 37, 28, 27, 18, 9, 0]
[00:00:01:24:094] ! Unidirectional t-s. expansions: 14,496, time: 84,094 [ms], path length: 48 [edges], generated: 27,086
[00:00:07:22:980] Valid meeting checks so far: 200,000, state_vs_state: 2,385, state_vs_prefix: 0, prefix_vs_prefix: 197,615
[00:00:15:32:046] Valid meeting checks so far: 400,000, state_vs_state: 3,181, state_vs_prefix: 0, prefix_vs_prefix: 396,819
[00:00:23:49:957] Valid meeting checks so far: 600,000, state_vs_state: 5,184, state_vs_prefix: 0, prefix_vs_prefix: 594,816
[00:00:32:04:637] Valid meeting checks so far: 800,000, state_vs_state: 7,098, state_vs_prefix: 0, prefix_vs_prefix: 792,902
[00:00:40:17:941] Valid meeting checks so far: 1,000,000, state_vs_state: 9,958, state_vs_prefix: 0, prefix_vs_prefix: 990,042
[00:00:49:28:445] Valid meeting checks so far: 1,200,000, state_vs_state: 10,982, state_vs_prefix: 0, prefix_vs_prefix: 1,189,018
[00:00:57:44:239] Valid meeting checks so far: 1,400,000, state_vs_state: 12,440, state_vs_prefix: 0, prefix_vs_prefix: 1,387,560
[00:01:05:54:656] Valid meeting checks so far: 1,600,000, state_vs_state: 14,182, state_vs_prefix: 0, prefix_vs_prefix: 1,585,818
[00:01:14:56:832] Valid meeting checks so far: 1,800,000, state_vs_state: 15,138, state_vs_prefix: 0, prefix_vs_prefix: 1,784,862
[00:01:23:45:636] Valid meeting checks so far: 2,000,000, state_vs_state: 16,338, state_vs_prefix: 0, prefix_vs_prefix: 1,983,662
[00:01:32:34:944] Valid meeting checks so far: 2,200,000, state_vs_state: 17,287, state_vs_prefix: 0, prefix_vs_prefix: 2,182,713
[00:01:41:11:631] Valid meeting checks so far: 2,400,000, state_vs_state: 19,362, state_vs_prefix: 0, prefix_vs_prefix: 2,380,638
[00:01:50:41:510] Valid meeting checks so far: 2,600,000, state_vs_state: 20,171, state_vs_prefix: 0, prefix_vs_prefix: 2,579,829
[00:02:00:21:108] Valid meeting checks so far: 2,800,000, state_vs_state: 21,017, state_vs_prefix: 0, prefix_vs_prefix: 2,778,983
[00:02:09:00:398] Valid meeting checks so far: 3,000,000, state_vs_state: 22,239, state_vs_prefix: 0, prefix_vs_prefix: 2,977,761
[00:02:18:41:915] Valid meeting checks so far: 3,200,000, state_vs_state: 22,968, state_vs_prefix: 0, prefix_vs_prefix: 3,177,032
[00:02:28:04:194] Valid meeting checks so far: 3,400,000, state_vs_state: 24,402, state_vs_prefix: 0, prefix_vs_prefix: 3,375,598
[00:02:37:21:571] Valid meeting checks so far: 3,600,000, state_vs_state: 26,140, state_vs_prefix: 0, prefix_vs_prefix: 3,573,860
[00:02:46:43:764] Valid meeting checks so far: 3,800,000, state_vs_state: 27,539, state_vs_prefix: 0, prefix_vs_prefix: 3,772,461
[00:02:55:28:529] Valid meeting checks so far: 4,000,000, state_vs_state: 29,583, state_vs_prefix: 0, prefix_vs_prefix: 3,970,417
[00:03:04:18:540] Valid meeting checks so far: 4,200,000, state_vs_state: 30,674, state_vs_prefix: 0, prefix_vs_prefix: 4,169,326
[00:03:12:14:988] Valid meeting checks so far: 4,400,000, state_vs_state: 32,004, state_vs_prefix: 0, prefix_vs_prefix: 4,367,996
[00:03:21:28:427] Valid meeting checks so far: 4,600,000, state_vs_state: 33,330, state_vs_prefix: 0, prefix_vs_prefix: 4,566,670
[00:03:29:03:423] Path of length 48 found: [0, 9, 18, 27, 28, 37, 46, 45, 54, 63, 64, 65, 74, 75, 76, 77, 68, 59, 58, 57, 48, 39, 40, 41, 42, 33, 24, 23, 22, 21, 20, 11, 2, 3, 4, 5, 6, 7, 8, 17, 26, 35, 44, 53, 52, 61, 70, 71, 80]
[00:03:29:03:886] ! Bidirectional. expansions: 6,306,212, time: 12,543,423 [ms], path length: 48 [edges], g_F: 24, g_B: 24, generated: {'F': 5,542,905, 'B': 5,438,428}, MM: 0, MMPER: -1.0%
[00:03:29:03:886] 
---------- SM_Grids/9x9_grid_with_random_blocks_8per_6 ----------
[00:00:02:36:036] Path of length 48 found: [0, 9, 18, 27, 36, 37, 38, 29, 20, 11, 2, 3, 4, 13, 22, 23, 24, 15, 6, 7, 8, 17, 26, 35, 34, 43, 42, 41, 40, 49, 48, 57, 56, 55, 54, 63, 72, 73, 74, 75, 76, 67, 68, 59, 60, 61, 70, 79, 80]
[00:00:02:36:037] ! Unidirectional s-t. expansions: 36,482, time: 156,037 [ms], path length: 48 [edges], generated: 60,786
[00:00:02:16:853] Path of length 48 found: [80, 79, 70, 61, 60, 59, 68, 67, 76, 75, 74, 73, 72, 63, 54, 55, 56, 57, 48, 49, 40, 41, 42, 43, 34, 35, 26, 17, 8, 7, 6, 15, 24, 23, 22, 13, 4, 3, 2, 11, 20, 29, 38, 37, 36, 27, 18, 9, 0]
[00:00:02:16:853] ! Unidirectional t-s. expansions: 27,475, time: 136,853 [ms], path length: 48 [edges], generated: 49,173
[00:00:05:43:101] Valid meeting checks so far: 200,000, state_vs_state: 3,918, state_vs_prefix: 0, prefix_vs_prefix: 196,082
[00:00:12:00:441] Valid meeting checks so far: 400,000, state_vs_state: 6,095, state_vs_prefix: 0, prefix_vs_prefix: 393,905
[00:00:18:28:233] Valid meeting checks so far: 600,000, state_vs_state: 8,305, state_vs_prefix: 0, prefix_vs_prefix: 591,695
[00:00:25:06:434] Valid meeting checks so far: 800,000, state_vs_state: 12,479, state_vs_prefix: 0, prefix_vs_prefix: 787,521
[00:00:32:08:787] Valid meeting checks so far: 1,000,000, state_vs_state: 16,682, state_vs_prefix: 0, prefix_vs_prefix: 983,318
[00:00:39:56:996] Valid meeting checks so far: 1,200,000, state_vs_state: 18,566, state_vs_prefix: 0, prefix_vs_prefix: 1,181,434
[00:00:48:02:179] Valid meeting checks so far: 1,400,000, state_vs_state: 20,207, state_vs_prefix: 0, prefix_vs_prefix: 1,379,793
[00:00:55:50:236] Valid meeting checks so far: 1,600,000, state_vs_state: 20,407, state_vs_prefix: 0, prefix_vs_prefix: 1,579,593
[00:01:03:12:762] Valid meeting checks so far: 1,800,000, state_vs_state: 23,266, state_vs_prefix: 0, prefix_vs_prefix: 1,776,734
[00:01:11:07:447] Valid meeting checks so far: 2,000,000, state_vs_state: 25,253, state_vs_prefix: 0, prefix_vs_prefix: 1,974,747
[00:01:19:05:252] Valid meeting checks so far: 2,200,000, state_vs_state: 26,907, state_vs_prefix: 0, prefix_vs_prefix: 2,173,093
[00:01:26:30:130] Valid meeting checks so far: 2,400,000, state_vs_state: 28,430, state_vs_prefix: 0, prefix_vs_prefix: 2,371,570
[00:01:34:01:833] Valid meeting checks so far: 2,600,000, state_vs_state: 30,330, state_vs_prefix: 0, prefix_vs_prefix: 2,569,670
[00:01:41:10:753] Valid meeting checks so far: 2,800,000, state_vs_state: 33,465, state_vs_prefix: 0, prefix_vs_prefix: 2,766,535
[00:01:48:55:306] Valid meeting checks so far: 3,000,000, state_vs_state: 33,648, state_vs_prefix: 0, prefix_vs_prefix: 2,966,352
[00:01:56:40:168] Valid meeting checks so far: 3,200,000, state_vs_state: 35,170, state_vs_prefix: 0, prefix_vs_prefix: 3,164,830
[00:02:04:13:184] Valid meeting checks so far: 3,400,000, state_vs_state: 38,593, state_vs_prefix: 0, prefix_vs_prefix: 3,361,407
[00:02:12:16:097] Valid meeting checks so far: 3,600,000, state_vs_state: 40,492, state_vs_prefix: 0, prefix_vs_prefix: 3,559,508
[00:02:20:27:279] Valid meeting checks so far: 3,800,000, state_vs_state: 42,656, state_vs_prefix: 0, prefix_vs_prefix: 3,757,344
[00:02:28:35:124] Valid meeting checks so far: 4,000,000, state_vs_state: 44,573, state_vs_prefix: 0, prefix_vs_prefix: 3,955,427
[00:02:36:40:178] Valid meeting checks so far: 4,200,000, state_vs_state: 46,336, state_vs_prefix: 0, prefix_vs_prefix: 4,153,664
[00:02:45:12:550] Valid meeting checks so far: 4,400,000, state_vs_state: 47,103, state_vs_prefix: 0, prefix_vs_prefix: 4,352,897
[00:02:53:57:994] Valid meeting checks so far: 4,600,000, state_vs_state: 48,381, state_vs_prefix: 0, prefix_vs_prefix: 4,551,619
[00:03:03:05:244] Valid meeting checks so far: 4,800,000, state_vs_state: 49,712, state_vs_prefix: 0, prefix_vs_prefix: 4,750,288
[00:03:12:00:397] Valid meeting checks so far: 5,000,000, state_vs_state: 51,630, state_vs_prefix: 0, prefix_vs_prefix: 4,948,370
[00:03:20:31:544] Valid meeting checks so far: 5,200,000, state_vs_state: 52,808, state_vs_prefix: 0, prefix_vs_prefix: 5,147,192
[00:03:28:47:667] Valid meeting checks so far: 5,400,000, state_vs_state: 55,659, state_vs_prefix: 0, prefix_vs_prefix: 5,344,341
[00:03:37:10:054] Valid meeting checks so far: 5,600,000, state_vs_state: 56,932, state_vs_prefix: 0, prefix_vs_prefix: 5,543,068
[00:03:45:37:175] Valid meeting checks so far: 5,800,000, state_vs_state: 59,075, state_vs_prefix: 0, prefix_vs_prefix: 5,740,925
[00:03:53:23:805] Valid meeting checks so far: 6,000,000, state_vs_state: 62,226, state_vs_prefix: 0, prefix_vs_prefix: 5,937,774
[00:04:01:33:898] Valid meeting checks so far: 6,200,000, state_vs_state: 64,576, state_vs_prefix: 0, prefix_vs_prefix: 6,135,424
[00:04:10:02:221] Valid meeting checks so far: 6,400,000, state_vs_state: 66,188, state_vs_prefix: 0, prefix_vs_prefix: 6,333,812
[00:04:18:24:192] Valid meeting checks so far: 6,600,000, state_vs_state: 67,314, state_vs_prefix: 0, prefix_vs_prefix: 6,532,686
[00:04:26:23:736] Valid meeting checks so far: 6,800,000, state_vs_state: 69,295, state_vs_prefix: 0, prefix_vs_prefix: 6,730,705
[00:04:27:56:022] Path of length 48 found: [0, 9, 18, 27, 36, 37, 38, 29, 20, 11, 2, 3, 4, 13, 22, 23, 24, 15, 6, 7, 8, 17, 26, 35, 44, 43, 42, 41, 40, 49, 48, 57, 56, 55, 54, 63, 72, 73, 74, 75, 76, 67, 68, 69, 60, 61, 62, 71, 80]
[00:04:27:56:726] ! Bidirectional. expansions: 8,673,992, time: 16,076,022 [ms], path length: 48 [edges], g_F: 24, g_B: 24, generated: {'F': 7,155,866, 'B': 7,902,818}, MM: 0, MMPER: -1.0%
[00:04:27:56:727] 
---------- SM_Grids/9x9_grid_with_random_blocks_8per_7 ----------
[00:00:04:12:155] Path of length 48 found: [0, 9, 10, 11, 2, 3, 4, 13, 14, 15, 6, 7, 8, 17, 26, 25, 34, 43, 44, 53, 62, 61, 60, 51, 50, 41, 32, 31, 30, 29, 28, 27, 36, 45, 54, 63, 72, 73, 74, 65, 56, 57, 58, 67, 76, 77, 78, 79, 80]
[00:00:04:12:155] ! Unidirectional s-t. expansions: 43,038, time: 252,155 [ms], path length: 48 [edges], generated: 78,739
[00:00:04:19:538] Path of length 48 found: [80, 79, 78, 77, 68, 67, 58, 57, 56, 65, 74, 73, 72, 63, 54, 45, 46, 37, 38, 29, 30, 31, 40, 41, 50, 51, 60, 61, 62, 53, 44, 43, 34, 25, 26, 17, 8, 7, 6, 15, 14, 13, 4, 3, 2, 11, 10, 9, 0]
[00:00:04:19:538] ! Unidirectional t-s. expansions: 55,068, time: 259,538 [ms], path length: 48 [edges], generated: 90,556
[00:00:07:38:351] Valid meeting checks so far: 200,000, state_vs_state: 2,912, state_vs_prefix: 0, prefix_vs_prefix: 197,088
[00:00:16:16:600] Valid meeting checks so far: 400,000, state_vs_state: 6,197, state_vs_prefix: 0, prefix_vs_prefix: 393,803
[00:00:25:23:753] Valid meeting checks so far: 600,000, state_vs_state: 10,213, state_vs_prefix: 0, prefix_vs_prefix: 589,787
[00:00:34:31:202] Valid meeting checks so far: 800,000, state_vs_state: 12,840, state_vs_prefix: 0, prefix_vs_prefix: 787,160
[00:00:43:40:706] Valid meeting checks so far: 1,000,000, state_vs_state: 14,413, state_vs_prefix: 0, prefix_vs_prefix: 985,587
[00:00:52:21:695] Valid meeting checks so far: 1,200,000, state_vs_state: 16,307, state_vs_prefix: 0, prefix_vs_prefix: 1,183,693
[00:01:01:18:366] Valid meeting checks so far: 1,400,000, state_vs_state: 18,059, state_vs_prefix: 0, prefix_vs_prefix: 1,381,941
[00:01:10:00:310] Valid meeting checks so far: 1,600,000, state_vs_state: 19,746, state_vs_prefix: 0, prefix_vs_prefix: 1,580,254
[00:01:18:50:314] Valid meeting checks so far: 1,800,000, state_vs_state: 21,024, state_vs_prefix: 0, prefix_vs_prefix: 1,778,976
[00:01:27:06:825] Valid meeting checks so far: 2,000,000, state_vs_state: 25,887, state_vs_prefix: 0, prefix_vs_prefix: 1,974,113
[00:01:35:59:238] Valid meeting checks so far: 2,200,000, state_vs_state: 28,580, state_vs_prefix: 0, prefix_vs_prefix: 2,171,420
[00:01:45:02:870] Valid meeting checks so far: 2,400,000, state_vs_state: 29,585, state_vs_prefix: 0, prefix_vs_prefix: 2,370,415
[00:01:53:39:288] Valid meeting checks so far: 2,600,000, state_vs_state: 31,533, state_vs_prefix: 0, prefix_vs_prefix: 2,568,467
[00:02:02:41:254] Valid meeting checks so far: 2,800,000, state_vs_state: 32,580, state_vs_prefix: 0, prefix_vs_prefix: 2,767,420
[00:02:11:19:157] Valid meeting checks so far: 3,000,000, state_vs_state: 34,131, state_vs_prefix: 0, prefix_vs_prefix: 2,965,869
[00:02:19:35:119] Valid meeting checks so far: 3,200,000, state_vs_state: 34,334, state_vs_prefix: 0, prefix_vs_prefix: 3,165,666
[00:02:27:49:298] Valid meeting checks so far: 3,400,000, state_vs_state: 34,411, state_vs_prefix: 0, prefix_vs_prefix: 3,365,589
[00:02:35:17:608] Valid meeting checks so far: 3,600,000, state_vs_state: 34,631, state_vs_prefix: 0, prefix_vs_prefix: 3,565,369
[00:02:43:18:111] Valid meeting checks so far: 3,800,000, state_vs_state: 34,723, state_vs_prefix: 0, prefix_vs_prefix: 3,765,277
[00:02:52:12:091] Valid meeting checks so far: 4,000,000, state_vs_state: 35,012, state_vs_prefix: 0, prefix_vs_prefix: 3,964,988
[00:03:01:02:790] Valid meeting checks so far: 4,200,000, state_vs_state: 36,528, state_vs_prefix: 0, prefix_vs_prefix: 4,163,472
[00:03:09:59:839] Valid meeting checks so far: 4,400,000, state_vs_state: 40,133, state_vs_prefix: 0, prefix_vs_prefix: 4,359,867
[00:03:19:09:597] Valid meeting checks so far: 4,600,000, state_vs_state: 42,962, state_vs_prefix: 0, prefix_vs_prefix: 4,557,038
[00:03:28:58:517] Valid meeting checks so far: 4,800,000, state_vs_state: 44,188, state_vs_prefix: 0, prefix_vs_prefix: 4,755,812
[00:03:38:47:028] Valid meeting checks so far: 5,000,000, state_vs_state: 45,273, state_vs_prefix: 0, prefix_vs_prefix: 4,954,727
[00:03:47:59:681] Valid meeting checks so far: 5,200,000, state_vs_state: 46,868, state_vs_prefix: 0, prefix_vs_prefix: 5,153,132
[00:03:49:01:759] Path of length 48 found: [0, 9, 10, 11, 2, 3, 4, 13, 14, 15, 6, 7, 8, 17, 26, 25, 34, 43, 44, 53, 62, 61, 60, 51, 50, 41, 40, 39, 38, 29, 28, 27, 36, 45, 54, 63, 72, 73, 74, 65, 56, 57, 58, 67, 68, 77, 78, 79, 80]
[00:03:49:02:258] ! Bidirectional. expansions: 6,883,136, time: 13,741,759 [ms], path length: 48 [edges], g_F: 24, g_B: 24, generated: {'F': 5,882,276, 'B': 5,736,165}, MM: 0, MMPER: -1.0%
[00:03:49:02:258] 
---------- SM_Grids/9x9_grid_with_random_blocks_8per_8 ----------
[00:00:00:56:961] Path of length 50 found: [0, 9, 18, 27, 36, 37, 46, 55, 54, 63, 72, 73, 74, 65, 66, 67, 76, 77, 78, 69, 60, 59, 50, 49, 48, 39, 30, 29, 20, 11, 2, 3, 4, 13, 22, 23, 24, 15, 6, 7, 8, 17, 26, 35, 34, 43, 52, 53, 62, 71, 80]
[00:00:00:56:962] ! Unidirectional s-t. expansions: 11,225, time: 56,962 [ms], path length: 50 [edges], generated: 18,509
[00:00:01:30:584] Path of length 50 found: [80, 79, 78, 77, 76, 67, 66, 65, 74, 73, 72, 63, 54, 55, 46, 37, 36, 27, 18, 19, 20, 29, 30, 39, 48, 49, 50, 59, 60, 61, 62, 53, 44, 43, 42, 33, 24, 25, 26, 17, 8, 7, 6, 5, 14, 13, 12, 3, 2, 1, 0]
[00:00:01:30:584] ! Unidirectional t-s. expansions: 18,158, time: 90,584 [ms], path length: 50 [edges], generated: 30,072
[00:00:08:17:450] Valid meeting checks so far: 200,000, state_vs_state: 49, state_vs_prefix: 0, prefix_vs_prefix: 199,951
[00:00:17:41:118] Valid meeting checks so far: 400,000, state_vs_state: 120, state_vs_prefix: 0, prefix_vs_prefix: 399,880
[00:00:26:42:619] Valid meeting checks so far: 600,000, state_vs_state: 170, state_vs_prefix: 0, prefix_vs_prefix: 599,830
[00:00:36:22:757] Valid meeting checks so far: 800,000, state_vs_state: 233, state_vs_prefix: 0, prefix_vs_prefix: 799,767
[00:00:45:33:227] Valid meeting checks so far: 1,000,000, state_vs_state: 264, state_vs_prefix: 0, prefix_vs_prefix: 999,736
[00:00:54:31:624] Valid meeting checks so far: 1,200,000, state_vs_state: 384, state_vs_prefix: 0, prefix_vs_prefix: 1,199,616
[00:01:02:49:938] Valid meeting checks so far: 1,400,000, state_vs_state: 800, state_vs_prefix: 0, prefix_vs_prefix: 1,399,200
[00:01:11:56:662] Valid meeting checks so far: 1,600,000, state_vs_state: 937, state_vs_prefix: 0, prefix_vs_prefix: 1,599,063
[00:01:20:15:710] Valid meeting checks so far: 1,800,000, state_vs_state: 1,007, state_vs_prefix: 0, prefix_vs_prefix: 1,798,993
[00:01:28:56:358] Valid meeting checks so far: 2,000,000, state_vs_state: 1,359, state_vs_prefix: 0, prefix_vs_prefix: 1,998,641
[00:01:37:59:940] Valid meeting checks so far: 2,200,000, state_vs_state: 1,393, state_vs_prefix: 0, prefix_vs_prefix: 2,198,607
[00:01:47:48:427] Valid meeting checks so far: 2,400,000, state_vs_state: 1,425, state_vs_prefix: 0, prefix_vs_prefix: 2,398,575
[00:01:57:11:392] Valid meeting checks so far: 2,600,000, state_vs_state: 1,446, state_vs_prefix: 0, prefix_vs_prefix: 2,598,554
[00:02:05:40:545] Valid meeting checks so far: 2,800,000, state_vs_state: 1,500, state_vs_prefix: 0, prefix_vs_prefix: 2,798,500
[00:02:14:29:813] Valid meeting checks so far: 3,000,000, state_vs_state: 1,535, state_vs_prefix: 0, prefix_vs_prefix: 2,998,465
[00:02:23:31:172] Valid meeting checks so far: 3,200,000, state_vs_state: 1,591, state_vs_prefix: 0, prefix_vs_prefix: 3,198,409
[00:02:26:06:762] Path of length 50 found: [0, 9, 18, 27, 36, 37, 46, 55, 54, 63, 72, 73, 74, 65, 66, 67, 76, 77, 78, 69, 60, 59, 50, 49, 48, 39, 30, 29, 20, 11, 2, 3, 4, 13, 22, 23, 24, 15, 6, 7, 8, 17, 26, 35, 34, 43, 52, 53, 62, 71, 80]
[00:02:26:07:262] ! Bidirectional. expansions: 4,458,002, time: 8,766,762 [ms], path length: 50 [edges], g_F: 25, g_B: 25, generated: {'F': 3,714,761, 'B': 3,619,047}, MM: 0, MMPER: -1.0%
[00:02:26:07:262] 
---------- SM_Grids/9x9_grid_with_random_blocks_8per_9 ----------
[00:00:03:33:024] Path of length 46 found: [0, 9, 18, 27, 36, 45, 54, 55, 64, 73, 74, 75, 66, 67, 68, 59, 60, 51, 42, 33, 24, 23, 22, 31, 40, 49, 48, 47, 38, 29, 20, 11, 2, 3, 4, 5, 6, 7, 16, 17, 26, 35, 44, 53, 62, 71, 80]
[00:00:03:33:024] ! Unidirectional s-t. expansions: 41,619, time: 213,024 [ms], path length: 46 [edges], generated: 73,917
[00:00:01:35:698] Path of length 46 found: [80, 79, 78, 77, 68, 59, 58, 57, 66, 75, 74, 73, 64, 55, 46, 45, 36, 27, 18, 19, 20, 29, 38, 39, 40, 31, 22, 23, 24, 33, 42, 51, 52, 53, 44, 35, 26, 17, 8, 7, 6, 5, 4, 3, 2, 1, 0]
[00:00:01:35:698] ! Unidirectional t-s. expansions: 21,293, time: 95,698 [ms], path length: 46 [edges], generated: 35,779
[00:00:08:07:308] Valid meeting checks so far: 200,000, state_vs_state: 2,537, state_vs_prefix: 0, prefix_vs_prefix: 197,463
[00:00:16:50:922] Valid meeting checks so far: 400,000, state_vs_state: 3,483, state_vs_prefix: 0, prefix_vs_prefix: 396,517
[00:00:26:09:995] Valid meeting checks so far: 600,000, state_vs_state: 4,379, state_vs_prefix: 0, prefix_vs_prefix: 595,621
[00:00:34:55:376] Valid meeting checks so far: 800,000, state_vs_state: 5,895, state_vs_prefix: 0, prefix_vs_prefix: 794,105
[00:00:44:23:019] Valid meeting checks so far: 1,000,000, state_vs_state: 7,858, state_vs_prefix: 0, prefix_vs_prefix: 992,142
[00:00:53:22:516] Valid meeting checks so far: 1,200,000, state_vs_state: 8,875, state_vs_prefix: 0, prefix_vs_prefix: 1,191,125
[00:01:02:30:572] Valid meeting checks so far: 1,400,000, state_vs_state: 9,856, state_vs_prefix: 0, prefix_vs_prefix: 1,390,144
[00:01:11:20:530] Valid meeting checks so far: 1,600,000, state_vs_state: 11,634, state_vs_prefix: 0, prefix_vs_prefix: 1,588,366
[00:01:19:36:600] Valid meeting checks so far: 1,800,000, state_vs_state: 14,259, state_vs_prefix: 0, prefix_vs_prefix: 1,785,741
[00:01:28:38:690] Valid meeting checks so far: 2,000,000, state_vs_state: 15,810, state_vs_prefix: 0, prefix_vs_prefix: 1,984,190
[00:01:37:42:938] Valid meeting checks so far: 2,200,000, state_vs_state: 16,718, state_vs_prefix: 0, prefix_vs_prefix: 2,183,282
[00:01:46:21:348] Valid meeting checks so far: 2,400,000, state_vs_state: 17,968, state_vs_prefix: 0, prefix_vs_prefix: 2,382,032
[00:01:55:00:404] Valid meeting checks so far: 2,600,000, state_vs_state: 19,161, state_vs_prefix: 0, prefix_vs_prefix: 2,580,839
[00:02:03:36:683] Valid meeting checks so far: 2,800,000, state_vs_state: 20,048, state_vs_prefix: 0, prefix_vs_prefix: 2,779,952
[00:02:12:10:789] Path of length 46 found: [0, 9, 18, 27, 36, 45, 54, 55, 64, 73, 74, 75, 66, 67, 68, 59, 60, 51, 42, 33, 24, 23, 22, 31, 40, 49, 48, 47, 38, 29, 20, 11, 2, 3, 4, 5, 6, 7, 8, 17, 26, 35, 44, 53, 62, 71, 80]
[00:02:12:11:291] ! Bidirectional. expansions: 3,910,772, time: 7,930,789 [ms], path length: 46 [edges], g_F: 23, g_B: 23, generated: {'F': 3,285,378, 'B': 3,491,426}, MM: 0, MMPER: -1.0%

[00:02:12:11:291] average expansions: (39,202, 45,656, 6,853,144, 0)
[00:02:12:11:292] average time: (189,945, 189,430, 13,259,271, 0)
[00:02:12:11:292] X-DFBnB: 39,202 , 189,430 (expansions , time[ms])
[00:02:12:11:292] BiX-DFBnB: 6,853,144 , 13,259,271 (expansions , time[ms])

