Thu 12 Mar 2026 17:41:59 IST

SLURM_JOBID:		 15627549
SLURM_JOB_NODELIST:	 ise-cpu256-28 

--------------------------
date: SM_Grids
number_of_graphs: 10
graph_type: grid
size_of_graphs: [9, 9]
heuristic: bcc_heuristic
snake: True
run_uni: True
run_bi: True
run_multi: False
solution_vertices: []
algorithms: ['DFBnB']
bsd: False
cube_first_dims: 4
cube_buffer_dim: None
backward_sym_generation: False
sym_coil: False
prefix_set: None

---------- SM_Grids/9x9_grid_with_random_blocks_20per_0 ----------
[00:00:00:12:415] Path of length 34 found: [0, 9, 18, 27, 28, 37, 46, 45, 54, 63, 64, 65, 56, 57, 48, 49, 40, 31, 30, 21, 12, 13, 14, 15, 16, 25, 34, 33, 42, 51, 60, 69, 70, 71, 80]
[00:00:00:12:416] ! Unidirectional s-t. expansions: 2,886, time: 12,415 [ms], path length: 34 [edges], generated: 5,245
[00:00:00:23:482] Path of length 34 found: [80, 71, 62, 53, 52, 51, 42, 33, 34, 25, 16, 15, 14, 13, 12, 21, 30, 31, 40, 49, 58, 57, 56, 65, 64, 63, 54, 45, 46, 37, 28, 19, 10, 9, 0]
[00:00:00:23:482] ! Unidirectional t-s. expansions: 4,906, time: 23,482 [ms], path length: 34 [edges], generated: 8,882
[00:00:08:20:731] Path of length 34 found: [0, 9, 18, 27, 28, 37, 46, 45, 54, 63, 64, 65, 56, 57, 48, 49, 40, 31, 30, 21, 12, 13, 14, 15, 16, 25, 34, 33, 42, 51, 52, 53, 62, 71, 80]
[00:00:08:21:388] ! Bidirectional. expansions: 39,384, time: 500,731 [ms], path length: 34 [edges], g_F: 17, g_B: 17, generated: {'F': 72,908, 'B': 72,222}, MM: 0, MMPER: -1.0%
[00:00:08:21:388] 
---------- SM_Grids/9x9_grid_with_random_blocks_20per_1 ----------
[00:00:00:06:207] Path of length 30 found: [0, 9, 18, 27, 28, 37, 38, 39, 40, 31, 22, 21, 12, 3, 4, 5, 14, 15, 16, 25, 26, 35, 44, 43, 42, 51, 60, 61, 62, 71, 80]
[00:00:00:06:207] ! Unidirectional s-t. expansions: 1,527, time: 6,207 [ms], path length: 30 [edges], generated: 2,212
[00:00:00:07:612] Path of length 30 found: [80, 71, 62, 61, 60, 51, 42, 43, 44, 35, 26, 25, 16, 7, 6, 5, 4, 3, 12, 21, 22, 31, 40, 39, 38, 29, 28, 27, 18, 9, 0]
[00:00:00:07:613] ! Unidirectional t-s. expansions: 1,635, time: 7,612 [ms], path length: 30 [edges], generated: 2,848
[00:00:01:07:323] Path of length 30 found: [0, 9, 18, 27, 28, 37, 38, 39, 40, 31, 22, 21, 12, 3, 4, 5, 6, 7, 16, 25, 26, 35, 44, 43, 42, 51, 60, 61, 62, 71, 80]
[00:00:01:07:926] ! Bidirectional. expansions: 5,388, time: 67,323 [ms], path length: 30 [edges], g_F: 15, g_B: 15, generated: {'F': 9,671, 'B': 10,213}, MM: 0, MMPER: -1.0%
[00:00:01:07:926] 
---------- SM_Grids/9x9_grid_with_random_blocks_20per_2 ----------
[00:00:00:04:370] Path of length 34 found: [0, 9, 10, 19, 20, 21, 30, 31, 32, 23, 14, 5, 6, 7, 16, 25, 26, 35, 44, 43, 42, 51, 60, 59, 58, 57, 56, 65, 74, 75, 76, 77, 78, 79, 80]
[00:00:00:04:370] ! Unidirectional s-t. expansions: 803, time: 4,370 [ms], path length: 34 [edges], generated: 1,502
[00:00:00:04:047] Path of length 34 found: [80, 79, 78, 77, 76, 75, 74, 65, 56, 57, 58, 59, 60, 51, 42, 43, 44, 35, 26, 25, 16, 7, 6, 5, 14, 23, 32, 31, 30, 21, 20, 19, 10, 9, 0]
[00:00:00:04:047] ! Unidirectional t-s. expansions: 693, time: 4,047 [ms], path length: 34 [edges], generated: 1,231
[00:00:02:29:329] Path of length 34 found: [0, 9, 10, 19, 20, 21, 30, 31, 32, 23, 14, 5, 6, 7, 16, 25, 26, 35, 44, 43, 42, 51, 60, 59, 58, 57, 56, 65, 74, 75, 76, 77, 78, 79, 80]
[00:00:02:29:957] ! Bidirectional. expansions: 13,744, time: 149,329 [ms], path length: 34 [edges], g_F: 17, g_B: 17, generated: {'F': 22,687, 'B': 20,486}, MM: 0, MMPER: -1.0%
[00:00:02:29:957] 
---------- SM_Grids/9x9_grid_with_random_blocks_20per_3 ----------
[00:00:00:08:368] Path of length 38 found: [0, 9, 10, 11, 2, 3, 4, 13, 14, 15, 16, 17, 26, 35, 34, 33, 32, 41, 40, 39, 30, 29, 28, 27, 36, 45, 54, 55, 56, 57, 66, 67, 68, 59, 60, 61, 70, 79, 80]
[00:00:00:08:369] ! Unidirectional s-t. expansions: 2,659, time: 8,368 [ms], path length: 38 [edges], generated: 3,697
[00:00:00:05:673] Path of length 38 found: [80, 79, 70, 61, 60, 59, 68, 67, 66, 57, 56, 55, 46, 45, 36, 27, 28, 29, 38, 39, 40, 41, 32, 33, 34, 35, 26, 17, 16, 15, 14, 5, 4, 3, 2, 11, 10, 9, 0]
[00:00:00:05:673] ! Unidirectional t-s. expansions: 1,445, time: 5,673 [ms], path length: 38 [edges], generated: 2,268
[00:00:00:40:425] Path of length 38 found: [0, 9, 10, 11, 2, 3, 4, 13, 14, 15, 16, 17, 26, 35, 34, 33, 32, 41, 40, 39, 38, 29, 28, 27, 36, 45, 46, 55, 56, 57, 66, 67, 68, 59, 60, 61, 70, 79, 80]
[00:00:00:41:061] ! Bidirectional. expansions: 3,187, time: 40,425 [ms], path length: 38 [edges], g_F: 19, g_B: 19, generated: {'F': 5,685, 'B': 5,660}, MM: 0, MMPER: -1.0%
[00:00:00:41:061] 
---------- SM_Grids/9x9_grid_with_random_blocks_20per_4 ----------
[00:00:00:02:964] Path of length 36 found: [0, 9, 10, 19, 28, 37, 36, 45, 54, 63, 64, 65, 56, 47, 48, 49, 40, 31, 30, 21, 12, 3, 4, 5, 14, 15, 16, 25, 34, 43, 42, 51, 60, 69, 70, 79, 80]
[00:00:00:02:965] ! Unidirectional s-t. expansions: 696, time: 2,964 [ms], path length: 36 [edges], generated: 1,072
[00:00:00:03:400] Path of length 36 found: [80, 71, 62, 61, 60, 51, 42, 43, 34, 25, 16, 15, 6, 5, 4, 3, 12, 21, 30, 31, 40, 49, 48, 47, 56, 65, 64, 63, 54, 45, 36, 37, 28, 19, 10, 1, 0]
[00:00:00:03:400] ! Unidirectional t-s. expansions: 808, time: 3,400 [ms], path length: 36 [edges], generated: 1,269
[00:00:00:34:436] Path of length 36 found: [0, 9, 18, 19, 28, 37, 36, 45, 54, 63, 64, 65, 56, 47, 48, 49, 40, 31, 30, 21, 12, 3, 4, 5, 6, 15, 16, 25, 34, 43, 42, 51, 60, 61, 62, 71, 80]
[00:00:00:35:047] ! Bidirectional. expansions: 2,957, time: 34,436 [ms], path length: 36 [edges], g_F: 18, g_B: 18, generated: {'F': 4,579, 'B': 5,177}, MM: 0, MMPER: -1.0%
[00:00:00:35:047] 
---------- SM_Grids/9x9_grid_with_random_blocks_20per_5 ----------
[00:00:00:14:823] Path of length 34 found: [0, 1, 10, 19, 28, 29, 38, 47, 56, 65, 66, 67, 58, 59, 50, 41, 32, 31, 22, 13, 14, 15, 6, 7, 8, 17, 26, 25, 34, 43, 52, 61, 70, 79, 80]
[00:00:00:14:823] ! Unidirectional s-t. expansions: 3,244, time: 14,823 [ms], path length: 34 [edges], generated: 5,312
[00:00:00:12:908] Path of length 34 found: [80, 71, 62, 61, 52, 43, 44, 35, 26, 17, 8, 7, 6, 15, 24, 33, 32, 41, 50, 59, 58, 67, 66, 65, 56, 47, 48, 39, 30, 21, 20, 19, 10, 1, 0]
[00:00:00:12:909] ! Unidirectional t-s. expansions: 2,952, time: 12,908 [ms], path length: 34 [edges], generated: 4,892
[00:00:07:51:853] Path of length 34 found: [0, 9, 18, 27, 28, 29, 38, 47, 56, 65, 66, 67, 58, 59, 50, 41, 32, 31, 22, 13, 14, 15, 6, 7, 8, 17, 26, 35, 44, 43, 52, 61, 62, 71, 80]
[00:00:07:52:492] ! Bidirectional. expansions: 39,701, time: 471,853 [ms], path length: 34 [edges], g_F: 17, g_B: 17, generated: {'F': 72,130, 'B': 65,930}, MM: 0, MMPER: -1.0%
[00:00:07:52:492] 
---------- SM_Grids/9x9_grid_with_random_blocks_20per_6 ----------
[00:00:00:01:954] Path of length 18 found: [0, 9, 18, 27, 28, 29, 38, 39, 40, 41, 50, 59, 58, 67, 76, 77, 78, 79, 80]
[00:00:00:01:954] ! Unidirectional s-t. expansions: 368, time: 1,954 [ms], path length: 18 [edges], generated: 613
[00:00:00:03:793] Path of length 18 found: [80, 79, 78, 77, 76, 67, 58, 59, 50, 41, 40, 39, 30, 29, 28, 27, 18, 9, 0]
[00:00:00:03:793] ! Unidirectional t-s. expansions: 930, time: 3,793 [ms], path length: 18 [edges], generated: 1,421
[00:00:00:08:454] Path of length 18 found: [0, 9, 18, 27, 28, 29, 38, 39, 40, 41, 50, 59, 58, 67, 76, 77, 78, 79, 80]
[00:00:00:09:053] ! Bidirectional. expansions: 619, time: 8,454 [ms], path length: 18 [edges], g_F: 9, g_B: 9, generated: {'F': 1,177, 'B': 1,179}, MM: 0, MMPER: -1.0%
[00:00:00:09:053] 
---------- SM_Grids/9x9_grid_with_random_blocks_20per_7 ----------
[00:00:00:29:029] Path of length 28 found: [0, 9, 10, 11, 20, 21, 30, 31, 40, 49, 48, 47, 38, 37, 36, 45, 54, 63, 64, 65, 66, 67, 68, 59, 60, 61, 70, 79, 80]
[00:00:00:29:029] ! Unidirectional s-t. expansions: 7,281, time: 29,029 [ms], path length: 28 [edges], generated: 11,779
[00:00:00:04:265] Path of length 28 found: [80, 71, 62, 61, 60, 59, 68, 67, 66, 65, 64, 63, 54, 45, 36, 37, 38, 47, 48, 49, 40, 31, 22, 21, 20, 11, 10, 1, 0]
[00:00:00:04:265] ! Unidirectional t-s. expansions: 849, time: 4,265 [ms], path length: 28 [edges], generated: 1,524
[00:00:02:53:929] Path of length 28 found: [0, 9, 18, 27, 28, 29, 20, 21, 22, 31, 40, 39, 48, 47, 46, 45, 54, 63, 64, 65, 66, 67, 68, 59, 60, 61, 62, 71, 80]
[00:00:02:54:481] ! Bidirectional. expansions: 14,772, time: 173,929 [ms], path length: 28 [edges], g_F: 14, g_B: 14, generated: {'F': 25,963, 'B': 27,229}, MM: 0, MMPER: -1.0%
[00:00:02:54:481] 
---------- SM_Grids/9x9_grid_with_random_blocks_20per_8 ----------
[00:00:00:11:629] Path of length 38 found: [0, 9, 18, 27, 28, 29, 20, 21, 12, 3, 4, 5, 14, 15, 16, 17, 26, 35, 34, 43, 52, 61, 60, 59, 50, 49, 48, 47, 46, 55, 64, 65, 66, 75, 76, 77, 78, 79, 80]
[00:00:00:11:629] ! Unidirectional s-t. expansions: 2,782, time: 11,629 [ms], path length: 38 [edges], generated: 4,716
[00:00:00:08:920] Path of length 38 found: [80, 79, 78, 77, 76, 75, 66, 65, 64, 55, 46, 47, 48, 49, 58, 59, 60, 51, 52, 53, 44, 35, 26, 17, 16, 15, 14, 5, 4, 3, 12, 21, 20, 29, 28, 27, 18, 9, 0]
[00:00:00:08:921] ! Unidirectional t-s. expansions: 2,361, time: 8,920 [ms], path length: 38 [edges], generated: 3,801
[00:00:03:44:707] Path of length 38 found: [0, 9, 18, 27, 28, 29, 20, 21, 12, 3, 4, 5, 14, 15, 16, 17, 26, 35, 34, 43, 52, 51, 60, 59, 58, 49, 48, 47, 46, 55, 64, 65, 66, 75, 76, 77, 78, 79, 80]
[00:00:03:45:263] ! Bidirectional. expansions: 22,108, time: 224,707 [ms], path length: 38 [edges], g_F: 19, g_B: 19, generated: {'F': 36,850, 'B': 34,187}, MM: 0, MMPER: -1.0%
[00:00:03:45:263] 
---------- SM_Grids/9x9_grid_with_random_blocks_20per_9 ----------
[00:00:00:05:850] Path of length 34 found: [0, 9, 18, 27, 36, 37, 46, 55, 54, 63, 72, 73, 74, 75, 76, 67, 58, 49, 48, 39, 30, 21, 22, 23, 24, 25, 34, 43, 42, 51, 60, 69, 70, 71, 80]
[00:00:00:05:851] ! Unidirectional s-t. expansions: 1,314, time: 5,850 [ms], path length: 34 [edges], generated: 2,266
[00:00:00:04:367] Path of length 34 found: [80, 71, 70, 69, 60, 51, 52, 43, 34, 25, 24, 23, 22, 21, 30, 39, 40, 49, 58, 67, 76, 75, 74, 73, 72, 63, 54, 55, 46, 37, 36, 27, 18, 9, 0]
[00:00:00:04:367] ! Unidirectional t-s. expansions: 1,417, time: 4,367 [ms], path length: 34 [edges], generated: 2,088
[00:00:00:38:464] Path of length 34 found: [0, 9, 18, 27, 36, 37, 46, 55, 54, 63, 72, 73, 74, 75, 76, 67, 58, 49, 40, 39, 30, 21, 22, 23, 24, 25, 34, 43, 52, 51, 60, 69, 70, 71, 80]
[00:00:00:39:043] ! Bidirectional. expansions: 3,698, time: 38,465 [ms], path length: 34 [edges], g_F: 17, g_B: 17, generated: {'F': 5,392, 'B': 6,771}, MM: 0, MMPER: -1.0%

[00:00:00:39:043] average expansions: (2,356, 1,800, 14,556, 0)
[00:00:00:39:043] average time: (9,761, 7,847, 170,965, 0)
[00:00:00:39:043] X-DFBnB: 1,800 , 7,847 (expansions , time[ms])
[00:00:00:39:043] BiX-DFBnB: 14,556 , 170,965 (expansions , time[ms])

