Thu 12 Mar 2026 17:41:58 IST

SLURM_JOBID:		 15627548
SLURM_JOB_NODELIST:	 ise-cpu256-27 

--------------------------
date: SM_Grids
number_of_graphs: 10
graph_type: grid
size_of_graphs: [9, 9]
heuristic: bcc_heuristic
snake: True
run_uni: True
run_bi: True
run_multi: False
solution_vertices: []
algorithms: ['DFBnB']
bsd: False
cube_first_dims: 4
cube_buffer_dim: None
backward_sym_generation: False
sym_coil: False
prefix_set: None

---------- SM_Grids/9x9_grid_with_random_blocks_16per_0 ----------
[00:00:00:38:445] Path of length 40 found: [0, 1, 2, 3, 4, 13, 14, 23, 24, 25, 26, 35, 44, 43, 42, 41, 40, 39, 30, 21, 20, 19, 28, 37, 46, 45, 54, 63, 72, 73, 74, 65, 56, 57, 58, 59, 60, 61, 70, 79, 80]
[00:00:00:38:445] ! Unidirectional s-t. expansions: 12,544, time: 38,445 [ms], path length: 40 [edges], generated: 16,402
[00:00:01:00:479] Path of length 40 found: [80, 71, 62, 53, 44, 35, 26, 25, 24, 23, 14, 5, 4, 3, 12, 21, 30, 39, 40, 41, 42, 51, 60, 59, 58, 67, 66, 75, 74, 73, 72, 63, 54, 55, 46, 37, 28, 19, 10, 1, 0]
[00:00:01:00:479] ! Unidirectional t-s. expansions: 15,268, time: 60,479 [ms], path length: 40 [edges], generated: 26,376
[00:00:15:04:938] Path of length 40 found: [0, 1, 2, 3, 4, 13, 14, 23, 24, 25, 26, 35, 44, 43, 42, 41, 40, 39, 30, 21, 20, 19, 28, 37, 46, 45, 54, 63, 64, 73, 74, 75, 66, 67, 58, 59, 60, 61, 62, 71, 80]
[00:00:15:05:516] ! Bidirectional. expansions: 80,253, time: 904,938 [ms], path length: 40 [edges], g_F: 20, g_B: 20, generated: {'F': 132,481, 'B': 132,168}, MM: 0, MMPER: -1.0%
[00:00:15:05:516] 
---------- SM_Grids/9x9_grid_with_random_blocks_16per_1 ----------
[00:00:01:01:872] Path of length 34 found: [0, 9, 10, 11, 2, 3, 4, 5, 6, 15, 24, 23, 22, 21, 30, 29, 28, 27, 36, 45, 54, 55, 56, 47, 48, 49, 50, 41, 42, 43, 52, 61, 70, 71, 80]
[00:00:01:01:872] ! Unidirectional s-t. expansions: 16,975, time: 61,872 [ms], path length: 34 [edges], generated: 28,669
[00:00:00:10:090] Path of length 34 found: [80, 71, 62, 53, 44, 43, 42, 51, 50, 49, 48, 47, 56, 55, 54, 45, 36, 27, 18, 19, 20, 29, 30, 31, 32, 23, 24, 15, 6, 5, 4, 3, 2, 1, 0]
[00:00:00:10:091] ! Unidirectional t-s. expansions: 1,967, time: 10,091 [ms], path length: 34 [edges], generated: 3,492
[00:00:11:01:450] Path of length 34 found: [0, 9, 10, 11, 2, 3, 4, 5, 6, 15, 24, 23, 22, 21, 30, 29, 28, 27, 36, 45, 54, 55, 56, 47, 48, 49, 50, 51, 42, 43, 44, 53, 62, 71, 80]
[00:00:11:02:065] ! Bidirectional. expansions: 57,141, time: 661,450 [ms], path length: 34 [edges], g_F: 17, g_B: 17, generated: {'F': 95,436, 'B': 99,806}, MM: 0, MMPER: -1.0%
[00:00:11:02:065] 
---------- SM_Grids/9x9_grid_with_random_blocks_16per_2 ----------
[00:00:00:25:346] Path of length 44 found: [0, 9, 18, 19, 20, 11, 12, 13, 22, 31, 32, 33, 24, 15, 6, 7, 8, 17, 26, 35, 44, 43, 52, 51, 60, 59, 58, 49, 48, 39, 38, 37, 36, 45, 54, 63, 72, 73, 74, 75, 76, 77, 78, 79, 80]
[00:00:00:25:346] ! Unidirectional s-t. expansions: 6,044, time: 25,346 [ms], path length: 44 [edges], generated: 9,478
[00:00:00:46:300] Path of length 44 found: [80, 79, 78, 77, 76, 75, 66, 65, 64, 55, 54, 45, 36, 37, 38, 39, 48, 49, 58, 59, 60, 61, 52, 43, 44, 35, 26, 17, 8, 7, 6, 15, 24, 33, 32, 31, 22, 13, 12, 11, 20, 19, 18, 9, 0]
[00:00:00:46:300] ! Unidirectional t-s. expansions: 11,025, time: 46,300 [ms], path length: 44 [edges], generated: 17,344
[00:00:24:52:368] Valid meeting checks so far: 200,000, state_vs_state: 14,778, state_vs_prefix: 0, prefix_vs_prefix: 185,222
[00:00:30:36:052] Path of length 44 found: [0, 9, 18, 19, 20, 11, 12, 13, 22, 31, 32, 33, 24, 15, 6, 7, 8, 17, 26, 35, 44, 43, 52, 61, 60, 59, 58, 49, 48, 39, 38, 37, 36, 45, 54, 55, 64, 65, 66, 75, 76, 77, 78, 79, 80]
[00:00:30:36:608] ! Bidirectional. expansions: 162,644, time: 1,836,053 [ms], path length: 44 [edges], g_F: 22, g_B: 22, generated: {'F': 277,738, 'B': 252,003}, MM: 0, MMPER: -1.0%
[00:00:30:36:608] 
---------- SM_Grids/9x9_grid_with_random_blocks_16per_3 ----------
[00:00:00:07:523] Path of length 42 found: [0, 9, 10, 11, 20, 21, 30, 39, 38, 37, 46, 55, 56, 65, 74, 75, 76, 67, 58, 49, 50, 41, 42, 33, 24, 23, 14, 5, 6, 7, 16, 17, 26, 35, 44, 53, 52, 61, 60, 69, 78, 79, 80]
[00:00:00:07:523] ! Unidirectional s-t. expansions: 1,334, time: 7,523 [ms], path length: 42 [edges], generated: 2,529
[00:00:00:28:482] Path of length 42 found: [80, 79, 78, 69, 60, 61, 62, 53, 44, 35, 26, 17, 16, 7, 6, 5, 14, 23, 24, 33, 42, 41, 50, 49, 58, 67, 76, 75, 74, 65, 56, 55, 46, 37, 38, 39, 30, 21, 20, 11, 10, 1, 0]
[00:00:00:28:483] ! Unidirectional t-s. expansions: 5,560, time: 28,483 [ms], path length: 42 [edges], generated: 9,629
[00:00:13:59:598] Path of length 42 found: [0, 9, 10, 11, 20, 21, 30, 39, 38, 37, 46, 55, 56, 65, 74, 75, 76, 67, 58, 49, 50, 41, 42, 33, 24, 23, 14, 5, 6, 7, 16, 17, 26, 35, 44, 53, 62, 61, 60, 69, 78, 79, 80]
[00:00:14:00:185] ! Bidirectional. expansions: 70,119, time: 839,598 [ms], path length: 42 [edges], g_F: 21, g_B: 21, generated: {'F': 127,248, 'B': 115,605}, MM: 0, MMPER: -1.0%
[00:00:14:00:185] 
---------- SM_Grids/9x9_grid_with_random_blocks_16per_4 ----------
[00:00:00:48:299] Path of length 44 found: [0, 1, 2, 3, 4, 13, 22, 21, 20, 19, 18, 27, 36, 37, 46, 55, 64, 65, 74, 75, 76, 77, 78, 69, 60, 59, 58, 49, 40, 41, 42, 33, 24, 15, 6, 7, 8, 17, 26, 35, 44, 53, 62, 71, 80]
[00:00:00:48:299] ! Unidirectional s-t. expansions: 10,697, time: 48,299 [ms], path length: 44 [edges], generated: 17,648
[00:00:00:32:118] Path of length 44 found: [80, 71, 62, 61, 60, 69, 78, 77, 76, 67, 66, 65, 56, 55, 46, 45, 36, 27, 18, 19, 20, 29, 38, 39, 48, 49, 50, 41, 42, 43, 44, 35, 26, 17, 8, 7, 6, 15, 14, 13, 4, 3, 2, 1, 0]
[00:00:00:32:119] ! Unidirectional t-s. expansions: 7,022, time: 32,118 [ms], path length: 44 [edges], generated: 11,537
[00:00:18:56:159] Path of length 44 found: [0, 9, 18, 19, 20, 11, 2, 3, 4, 13, 14, 15, 6, 7, 8, 17, 26, 35, 44, 43, 42, 41, 40, 49, 48, 47, 38, 37, 36, 45, 54, 55, 64, 65, 74, 75, 76, 67, 68, 59, 60, 61, 62, 71, 80]
[00:00:18:56:714] ! Bidirectional. expansions: 99,249, time: 1,136,159 [ms], path length: 44 [edges], g_F: 22, g_B: 22, generated: {'F': 167,729, 'B': 171,123}, MM: 0, MMPER: -1.0%
[00:00:18:56:714] 
---------- SM_Grids/9x9_grid_with_random_blocks_16per_5 ----------
[00:00:01:22:397] Path of length 40 found: [0, 1, 2, 3, 4, 13, 22, 23, 24, 25, 26, 35, 44, 43, 52, 51, 50, 41, 40, 39, 30, 29, 20, 19, 18, 27, 36, 45, 54, 63, 72, 73, 74, 65, 66, 67, 68, 69, 70, 71, 80]
[00:00:01:22:397] ! Unidirectional s-t. expansions: 20,992, time: 82,397 [ms], path length: 40 [edges], generated: 35,529
[00:00:00:29:265] Path of length 40 found: [80, 71, 70, 69, 68, 67, 66, 65, 74, 73, 72, 63, 54, 45, 36, 27, 18, 19, 20, 29, 38, 47, 48, 49, 50, 51, 52, 53, 44, 35, 26, 25, 24, 23, 22, 13, 4, 3, 2, 1, 0]
[00:00:00:29:266] ! Unidirectional t-s. expansions: 9,393, time: 29,265 [ms], path length: 40 [edges], generated: 13,106
[00:00:08:50:613] Path of length 40 found: [0, 1, 2, 3, 12, 13, 22, 23, 24, 33, 34, 35, 44, 53, 52, 51, 50, 41, 40, 39, 38, 29, 20, 19, 18, 27, 36, 45, 54, 63, 72, 73, 74, 65, 66, 67, 68, 69, 70, 71, 80]
[00:00:08:51:160] ! Bidirectional. expansions: 44,857, time: 530,614 [ms], path length: 40 [edges], g_F: 20, g_B: 20, generated: {'F': 79,563, 'B': 77,146}, MM: 0, MMPER: -1.0%
[00:00:08:51:160] 
---------- SM_Grids/9x9_grid_with_random_blocks_16per_6 ----------
[00:00:00:10:553] Path of length 46 found: [0, 1, 2, 3, 4, 13, 14, 15, 6, 7, 8, 17, 26, 35, 44, 53, 52, 51, 42, 33, 32, 31, 30, 21, 20, 19, 18, 27, 36, 45, 54, 63, 64, 65, 56, 47, 48, 49, 58, 67, 76, 77, 78, 69, 70, 71, 80]
[00:00:00:10:553] ! Unidirectional s-t. expansions: 2,998, time: 10,553 [ms], path length: 46 [edges], generated: 4,334
[00:00:00:17:394] Path of length 46 found: [80, 71, 70, 69, 78, 77, 76, 67, 58, 49, 48, 47, 56, 65, 64, 63, 54, 45, 36, 27, 18, 19, 20, 21, 30, 31, 32, 41, 42, 51, 52, 53, 44, 35, 26, 17, 8, 7, 6, 15, 14, 13, 4, 3, 2, 1, 0]
[00:00:00:17:394] ! Unidirectional t-s. expansions: 4,151, time: 17,394 [ms], path length: 46 [edges], generated: 6,679
[00:00:12:00:292] Path of length 46 found: [0, 1, 2, 3, 4, 13, 14, 15, 6, 7, 8, 17, 26, 35, 44, 53, 52, 51, 42, 33, 32, 31, 30, 21, 20, 19, 18, 27, 36, 45, 54, 63, 64, 65, 56, 47, 48, 49, 58, 67, 76, 77, 78, 69, 70, 71, 80]
[00:00:12:00:865] ! Bidirectional. expansions: 63,633, time: 720,292 [ms], path length: 46 [edges], g_F: 23, g_B: 23, generated: {'F': 101,148, 'B': 103,778}, MM: 0, MMPER: -1.0%
[00:00:12:00:865] 
---------- SM_Grids/9x9_grid_with_random_blocks_16per_7 ----------
[00:00:00:20:490] Path of length 42 found: [0, 9, 10, 19, 28, 27, 36, 45, 54, 63, 72, 73, 74, 65, 56, 47, 38, 39, 40, 41, 32, 23, 22, 21, 12, 3, 4, 5, 6, 15, 16, 25, 34, 43, 52, 51, 60, 59, 68, 77, 78, 79, 80]
[00:00:00:20:490] ! Unidirectional s-t. expansions: 4,040, time: 20,490 [ms], path length: 42 [edges], generated: 7,526
[00:00:00:41:068] Path of length 42 found: [80, 79, 78, 77, 68, 67, 58, 57, 56, 65, 74, 73, 72, 63, 54, 45, 36, 27, 28, 29, 30, 21, 22, 23, 32, 41, 50, 51, 52, 43, 34, 25, 16, 15, 6, 5, 4, 3, 2, 11, 10, 9, 0]
[00:00:00:41:069] ! Unidirectional t-s. expansions: 13,254, time: 41,069 [ms], path length: 42 [edges], generated: 17,453
[00:00:17:03:272] Path of length 42 found: [0, 9, 10, 19, 28, 27, 36, 45, 54, 63, 72, 73, 74, 65, 56, 47, 38, 39, 40, 41, 32, 23, 22, 21, 12, 3, 4, 5, 6, 15, 16, 25, 34, 43, 52, 51, 60, 59, 68, 77, 78, 79, 80]
[00:00:17:03:808] ! Bidirectional. expansions: 87,214, time: 1,023,272 [ms], path length: 42 [edges], g_F: 21, g_B: 21, generated: {'F': 159,211, 'B': 141,255}, MM: 0, MMPER: -1.0%
[00:00:17:03:808] 
---------- SM_Grids/9x9_grid_with_random_blocks_16per_8 ----------
[00:00:00:48:635] Path of length 44 found: [0, 9, 18, 19, 28, 37, 36, 45, 54, 63, 72, 73, 74, 65, 56, 47, 48, 39, 40, 41, 32, 23, 22, 13, 4, 5, 6, 7, 8, 17, 26, 35, 44, 53, 52, 61, 60, 59, 58, 67, 76, 77, 78, 79, 80]
[00:00:00:48:635] ! Unidirectional s-t. expansions: 15,450, time: 48,635 [ms], path length: 44 [edges], generated: 21,310
[00:00:00:10:976] Path of length 44 found: [80, 79, 78, 69, 60, 61, 52, 53, 44, 35, 34, 25, 16, 7, 6, 5, 4, 13, 22, 23, 32, 41, 40, 39, 48, 57, 58, 67, 76, 75, 74, 73, 72, 63, 54, 55, 46, 37, 36, 27, 18, 19, 10, 1, 0]
[00:00:00:10:976] ! Unidirectional t-s. expansions: 2,487, time: 10,976 [ms], path length: 44 [edges], generated: 4,010
[00:00:24:38:423] Path of length 44 found: [0, 9, 18, 19, 28, 37, 36, 45, 54, 63, 72, 73, 74, 65, 56, 47, 48, 39, 40, 41, 32, 23, 22, 13, 4, 5, 6, 7, 8, 17, 26, 35, 44, 53, 52, 61, 60, 59, 58, 67, 76, 77, 78, 79, 80]
[00:00:24:38:957] ! Bidirectional. expansions: 135,728, time: 1,478,423 [ms], path length: 44 [edges], g_F: 22, g_B: 22, generated: {'F': 204,827, 'B': 238,268}, MM: 0, MMPER: -1.0%
[00:00:24:38:957] 
---------- SM_Grids/9x9_grid_with_random_blocks_16per_9 ----------
[00:00:00:40:254] Path of length 40 found: [0, 1, 10, 19, 28, 29, 30, 21, 12, 13, 4, 5, 6, 7, 8, 17, 26, 25, 24, 23, 32, 41, 40, 49, 48, 47, 46, 45, 54, 63, 64, 65, 66, 67, 76, 77, 78, 69, 70, 71, 80]
[00:00:00:40:255] ! Unidirectional s-t. expansions: 11,151, time: 40,254 [ms], path length: 40 [edges], generated: 16,774
[00:00:00:47:546] Path of length 40 found: [80, 71, 70, 61, 60, 59, 68, 67, 66, 65, 64, 63, 54, 45, 46, 47, 48, 49, 40, 41, 32, 33, 34, 25, 26, 17, 8, 7, 6, 5, 4, 13, 12, 21, 20, 29, 28, 27, 18, 9, 0]
[00:00:00:47:547] ! Unidirectional t-s. expansions: 12,843, time: 47,546 [ms], path length: 40 [edges], generated: 19,970
[00:00:19:28:409] Path of length 40 found: [0, 1, 10, 19, 28, 29, 30, 21, 12, 13, 4, 5, 6, 7, 8, 17, 26, 25, 24, 23, 32, 41, 40, 49, 48, 47, 46, 45, 54, 63, 64, 65, 66, 67, 68, 59, 60, 61, 70, 71, 80]
[00:00:19:28:947] ! Bidirectional. expansions: 97,424, time: 1,168,409 [ms], path length: 40 [edges], g_F: 20, g_B: 20, generated: {'F': 147,576, 'B': 192,040}, MM: 0, MMPER: -1.0%

[00:00:19:28:947] average expansions: (10,222, 8,297, 89,826, 0)
[00:00:19:28:947] average time: (38,381, 32,372, 1,029,921, 0)
[00:00:19:28:947] X-DFBnB: 8,297 , 32,372 (expansions , time[ms])
[00:00:19:28:947] BiX-DFBnB: 89,826 , 1,029,921 (expansions , time[ms])

