Mon 09 Mar 2026 17:31:53 IST

SLURM_JOBID:		 15365901
SLURM_JOB_NODELIST:	 ise-cpu256-03 

--------------------------
date: SM_Grids
number_of_graphs: 10
graph_type: grid
size_of_graphs: [9, 9]
heuristic: bcc_heuristic
snake: True
run_uni: True
run_bi: True
run_multi: False
solution_vertices: []
algorithms: ['DFBnB']
bsd: False
cube_first_dims: 4
cube_buffer_dim: None
backward_sym_generation: False
sym_coil: False
prefix_set: None

---------- SM_Grids/9x9_grid_with_random_blocks_12per_0 ----------
[00:00:00:46:750] Path of length 46 found: [0, 1, 2, 3, 4, 5, 6, 7, 16, 17, 26, 35, 44, 53, 52, 51, 42, 33, 24, 23, 22, 21, 20, 19, 18, 27, 36, 45, 54, 63, 72, 73, 74, 65, 56, 47, 48, 49, 58, 67, 76, 77, 78, 69, 70, 71, 80]
[00:00:00:46:751] ! Unidirectional s-t. expansions: 8,650, time: 46,750 [ms], path length: 46 [edges], generated: 15,751
[00:00:00:27:851] Path of length 46 found: [80, 71, 70, 69, 78, 77, 76, 67, 58, 49, 48, 47, 56, 65, 74, 73, 72, 63, 54, 45, 36, 27, 18, 19, 20, 21, 22, 23, 24, 33, 42, 51, 52, 53, 44, 35, 26, 17, 8, 7, 6, 5, 4, 3, 2, 1, 0]
[00:00:00:27:852] ! Unidirectional t-s. expansions: 5,152, time: 27,851 [ms], path length: 46 [edges], generated: 8,628
[00:00:07:09:532] Valid meeting checks so far: 200,000, state_vs_state: 953, state_vs_prefix: 0, prefix_vs_prefix: 199,047
[00:00:15:11:378] Valid meeting checks so far: 400,000, state_vs_state: 1,059, state_vs_prefix: 0, prefix_vs_prefix: 398,941
[00:00:17:58:200] Path of length 46 found: [0, 1, 2, 3, 4, 5, 6, 7, 8, 17, 26, 35, 44, 53, 52, 51, 42, 33, 24, 23, 22, 21, 20, 19, 18, 27, 36, 45, 54, 63, 72, 73, 74, 65, 56, 47, 48, 49, 58, 67, 76, 77, 78, 69, 70, 71, 80]
[00:00:17:58:828] ! Bidirectional. expansions: 613,006, time: 1,078,200 [ms], path length: 46 [edges], g_F: 23, g_B: 23, generated: {'F': 520,948, 'B': 470,697}, MM: 0, MMPER: -1.0%
[00:00:17:58:829] 
---------- SM_Grids/9x9_grid_with_random_blocks_12per_1 ----------
[00:00:00:54:199] Path of length 46 found: [0, 9, 10, 19, 20, 29, 30, 39, 40, 49, 58, 57, 56, 47, 46, 45, 54, 63, 72, 73, 74, 75, 76, 77, 68, 69, 60, 51, 42, 33, 32, 23, 22, 13, 4, 5, 6, 15, 16, 25, 26, 35, 44, 53, 62, 71, 80]
[00:00:00:54:199] ! Unidirectional s-t. expansions: 10,729, time: 54,199 [ms], path length: 46 [edges], generated: 18,091
[00:00:00:38:012] Path of length 46 found: [80, 71, 62, 61, 60, 69, 78, 77, 76, 67, 58, 57, 56, 65, 74, 73, 72, 63, 54, 45, 46, 37, 38, 29, 30, 21, 22, 23, 32, 41, 42, 43, 44, 35, 26, 17, 8, 7, 6, 5, 4, 3, 2, 11, 10, 9, 0]
[00:00:00:38:012] ! Unidirectional t-s. expansions: 7,048, time: 38,012 [ms], path length: 46 [edges], generated: 12,263
[00:00:07:45:288] Valid meeting checks so far: 200,000, state_vs_state: 476, state_vs_prefix: 0, prefix_vs_prefix: 199,524
[00:00:15:27:175] Valid meeting checks so far: 400,000, state_vs_state: 1,027, state_vs_prefix: 0, prefix_vs_prefix: 398,973
[00:00:22:42:139] Valid meeting checks so far: 600,000, state_vs_state: 1,243, state_vs_prefix: 0, prefix_vs_prefix: 598,757
[00:00:29:54:600] Valid meeting checks so far: 800,000, state_vs_state: 2,626, state_vs_prefix: 0, prefix_vs_prefix: 797,374
[00:00:30:12:597] Path of length 46 found: [0, 9, 10, 19, 20, 29, 30, 39, 40, 49, 58, 57, 56, 47, 46, 45, 54, 63, 72, 73, 74, 75, 76, 77, 78, 69, 60, 51, 42, 33, 32, 23, 22, 13, 4, 5, 6, 7, 16, 25, 26, 35, 44, 53, 62, 71, 80]
[00:00:30:13:127] ! Bidirectional. expansions: 1,058,182, time: 1,812,597 [ms], path length: 46 [edges], g_F: 23, g_B: 23, generated: {'F': 862,156, 'B': 867,294}, MM: 0, MMPER: -1.0%
[00:00:30:13:128] 
---------- SM_Grids/9x9_grid_with_random_blocks_12per_2 ----------
[00:00:00:57:739] Path of length 44 found: [0, 9, 18, 27, 28, 29, 20, 11, 12, 13, 22, 31, 40, 39, 48, 47, 46, 55, 64, 73, 74, 75, 66, 67, 58, 59, 50, 51, 42, 33, 24, 15, 6, 7, 8, 17, 26, 35, 44, 53, 62, 61, 70, 79, 80]
[00:00:00:57:740] ! Unidirectional s-t. expansions: 11,042, time: 57,739 [ms], path length: 44 [edges], generated: 19,270
[00:00:01:07:698] Path of length 44 found: [80, 71, 62, 53, 44, 43, 42, 33, 24, 25, 26, 17, 8, 7, 6, 5, 14, 13, 22, 31, 40, 49, 50, 59, 60, 69, 78, 77, 76, 75, 74, 73, 64, 55, 56, 47, 38, 37, 28, 19, 20, 11, 2, 1, 0]
[00:00:01:07:699] ! Unidirectional t-s. expansions: 14,868, time: 67,698 [ms], path length: 44 [edges], generated: 25,120
[00:00:09:35:849] Valid meeting checks so far: 200,000, state_vs_state: 100, state_vs_prefix: 0, prefix_vs_prefix: 199,900
[00:00:18:42:949] Valid meeting checks so far: 400,000, state_vs_state: 217, state_vs_prefix: 0, prefix_vs_prefix: 399,783
[00:00:28:24:348] Valid meeting checks so far: 600,000, state_vs_state: 511, state_vs_prefix: 0, prefix_vs_prefix: 599,489
[00:00:33:51:115] Path of length 44 found: [0, 9, 18, 27, 28, 29, 20, 11, 12, 13, 22, 31, 40, 39, 48, 47, 46, 55, 64, 73, 74, 75, 66, 67, 58, 59, 50, 51, 42, 33, 24, 15, 6, 7, 8, 17, 26, 35, 44, 53, 62, 61, 70, 79, 80]
[00:00:33:51:697] ! Bidirectional. expansions: 1,158,188, time: 2,031,115 [ms], path length: 44 [edges], g_F: 22, g_B: 22, generated: {'F': 924,565, 'B': 873,523}, MM: 0, MMPER: -1.0%
[00:00:33:51:697] 
---------- SM_Grids/9x9_grid_with_random_blocks_12per_3 ----------
[00:00:00:35:228] Path of length 46 found: [0, 1, 10, 19, 28, 37, 46, 45, 54, 63, 72, 73, 74, 75, 76, 67, 58, 57, 48, 39, 40, 31, 22, 21, 12, 3, 4, 5, 6, 7, 8, 17, 26, 25, 24, 33, 42, 43, 44, 53, 62, 61, 60, 69, 78, 79, 80]
[00:00:00:35:228] ! Unidirectional s-t. expansions: 7,545, time: 35,228 [ms], path length: 46 [edges], generated: 12,718
[00:00:01:19:897] Path of length 46 found: [80, 79, 78, 69, 60, 61, 62, 53, 44, 35, 26, 17, 8, 7, 6, 15, 24, 33, 32, 41, 40, 39, 48, 57, 58, 67, 76, 75, 74, 73, 64, 63, 54, 45, 46, 37, 28, 19, 20, 21, 22, 13, 4, 3, 2, 1, 0]
[00:00:01:19:898] ! Unidirectional t-s. expansions: 16,029, time: 79,897 [ms], path length: 46 [edges], generated: 27,374
[00:00:07:50:552] Valid meeting checks so far: 200,000, state_vs_state: 2,366, state_vs_prefix: 0, prefix_vs_prefix: 197,634
[00:00:16:23:673] Valid meeting checks so far: 400,000, state_vs_state: 3,178, state_vs_prefix: 0, prefix_vs_prefix: 396,822
[00:00:25:16:172] Valid meeting checks so far: 600,000, state_vs_state: 4,787, state_vs_prefix: 0, prefix_vs_prefix: 595,213
[00:00:34:02:298] Path of length 46 found: [0, 1, 10, 19, 28, 37, 46, 45, 54, 63, 72, 73, 74, 75, 76, 67, 58, 57, 48, 39, 40, 41, 42, 33, 24, 23, 22, 21, 12, 3, 4, 5, 6, 7, 8, 17, 26, 35, 44, 53, 62, 61, 60, 69, 78, 79, 80]
[00:00:34:02:835] ! Bidirectional. expansions: 1,159,068, time: 2,042,298 [ms], path length: 46 [edges], g_F: 23, g_B: 23, generated: {'F': 949,870, 'B': 923,564}, MM: 0, MMPER: -1.0%
[00:00:34:02:836] 
---------- SM_Grids/9x9_grid_with_random_blocks_12per_4 ----------
[00:00:00:21:327] Path of length 46 found: [0, 9, 10, 11, 2, 3, 4, 5, 6, 15, 16, 25, 26, 35, 44, 53, 62, 61, 60, 51, 42, 33, 32, 23, 22, 21, 30, 39, 38, 37, 36, 45, 54, 63, 72, 73, 74, 65, 56, 57, 58, 67, 68, 77, 78, 79, 80]
[00:00:00:21:327] ! Unidirectional s-t. expansions: 3,877, time: 21,327 [ms], path length: 46 [edges], generated: 7,118
[00:00:00:12:461] Path of length 46 found: [80, 79, 78, 77, 68, 59, 60, 51, 52, 43, 44, 35, 26, 17, 16, 15, 6, 5, 4, 3, 2, 11, 20, 21, 22, 23, 32, 41, 40, 49, 48, 57, 56, 65, 74, 73, 72, 63, 54, 45, 46, 37, 28, 27, 18, 9, 0]
[00:00:00:12:462] ! Unidirectional t-s. expansions: 2,208, time: 12,461 [ms], path length: 46 [edges], generated: 3,707
[00:00:09:25:669] Valid meeting checks so far: 200,000, state_vs_state: 435, state_vs_prefix: 0, prefix_vs_prefix: 199,565
[00:00:10:47:986] Path of length 46 found: [0, 9, 18, 27, 28, 37, 46, 45, 54, 63, 72, 73, 74, 65, 56, 57, 48, 39, 40, 41, 32, 23, 22, 21, 20, 11, 2, 3, 4, 5, 6, 15, 16, 17, 26, 35, 44, 53, 52, 51, 60, 59, 68, 77, 78, 79, 80]
[00:00:10:48:573] ! Bidirectional. expansions: 344,836, time: 647,986 [ms], path length: 46 [edges], g_F: 23, g_B: 23, generated: {'F': 282,191, 'B': 270,637}, MM: 0, MMPER: -1.0%
[00:00:10:48:573] 
---------- SM_Grids/9x9_grid_with_random_blocks_12per_5 ----------
[00:00:00:12:956] Path of length 40 found: [0, 9, 18, 27, 36, 45, 46, 47, 56, 65, 66, 67, 76, 77, 78, 69, 60, 59, 50, 49, 40, 39, 30, 29, 20, 11, 2, 3, 4, 13, 22, 23, 32, 33, 42, 43, 52, 53, 62, 71, 80]
[00:00:00:12:956] ! Unidirectional s-t. expansions: 2,175, time: 12,956 [ms], path length: 40 [edges], generated: 4,027
[00:00:00:11:440] Path of length 40 found: [80, 71, 62, 53, 44, 43, 42, 33, 24, 23, 14, 13, 4, 3, 2, 11, 20, 21, 30, 31, 40, 49, 50, 59, 60, 69, 78, 77, 76, 67, 66, 57, 56, 47, 38, 37, 28, 27, 18, 9, 0]
[00:00:00:11:441] ! Unidirectional t-s. expansions: 3,065, time: 11,440 [ms], path length: 40 [edges], generated: 4,099
[00:00:08:50:135] Valid meeting checks so far: 200,000, state_vs_state: 884, state_vs_prefix: 0, prefix_vs_prefix: 199,116
[00:00:17:20:692] Valid meeting checks so far: 400,000, state_vs_state: 1,120, state_vs_prefix: 0, prefix_vs_prefix: 398,880
[00:00:24:52:091] Valid meeting checks so far: 600,000, state_vs_state: 1,342, state_vs_prefix: 0, prefix_vs_prefix: 598,658
[00:00:32:18:854] Path of length 40 found: [0, 1, 2, 3, 12, 13, 14, 23, 24, 33, 42, 43, 44, 53, 62, 61, 60, 59, 50, 49, 40, 31, 30, 29, 20, 19, 18, 27, 36, 45, 46, 47, 56, 65, 66, 67, 76, 77, 78, 79, 80]
[00:00:32:19:441] ! Bidirectional. expansions: 898,642, time: 1,938,854 [ms], path length: 40 [edges], g_F: 20, g_B: 20, generated: {'F': 784,754, 'B': 782,473}, MM: 0, MMPER: -1.0%
[00:00:32:19:441] 
---------- SM_Grids/9x9_grid_with_random_blocks_12per_6 ----------
[00:00:00:33:827] Path of length 48 found: [0, 1, 10, 19, 18, 27, 36, 37, 38, 39, 48, 57, 56, 55, 54, 63, 72, 73, 74, 75, 76, 67, 68, 59, 50, 51, 42, 33, 32, 23, 22, 21, 12, 3, 4, 5, 6, 15, 16, 25, 26, 35, 44, 53, 62, 61, 70, 79, 80]
[00:00:00:33:828] ! Unidirectional s-t. expansions: 5,958, time: 33,827 [ms], path length: 48 [edges], generated: 10,479
[00:00:01:14:904] Path of length 48 found: [80, 71, 62, 53, 44, 35, 26, 17, 16, 7, 6, 5, 4, 3, 12, 21, 22, 23, 24, 33, 42, 41, 50, 59, 60, 69, 78, 77, 76, 75, 74, 73, 72, 63, 54, 55, 56, 57, 48, 39, 38, 37, 36, 27, 18, 19, 10, 1, 0]
[00:00:01:14:904] ! Unidirectional t-s. expansions: 34,731, time: 74,904 [ms], path length: 48 [edges], generated: 37,809
[00:00:09:18:697] Valid meeting checks so far: 200,000, state_vs_state: 643, state_vs_prefix: 0, prefix_vs_prefix: 199,357
[00:00:18:49:169] Valid meeting checks so far: 400,000, state_vs_state: 979, state_vs_prefix: 0, prefix_vs_prefix: 399,021
[00:00:27:54:854] Valid meeting checks so far: 600,000, state_vs_state: 1,273, state_vs_prefix: 0, prefix_vs_prefix: 598,727
[00:00:36:45:483] Path of length 48 found: [0, 1, 10, 19, 18, 27, 36, 37, 38, 39, 48, 57, 56, 55, 54, 63, 72, 73, 74, 75, 76, 77, 78, 69, 60, 59, 50, 41, 42, 33, 24, 23, 22, 21, 12, 3, 4, 5, 6, 7, 8, 17, 26, 35, 44, 53, 62, 71, 80]
[00:00:36:46:133] ! Bidirectional. expansions: 1,209,330, time: 2,205,483 [ms], path length: 48 [edges], g_F: 24, g_B: 24, generated: {'F': 967,944, 'B': 902,137}, MM: 0, MMPER: -1.0%
[00:00:36:46:133] 
---------- SM_Grids/9x9_grid_with_random_blocks_12per_7 ----------
[00:00:01:16:848] Path of length 44 found: [0, 9, 18, 27, 36, 45, 54, 63, 64, 73, 74, 75, 76, 77, 68, 59, 58, 57, 56, 47, 38, 39, 40, 31, 22, 21, 20, 11, 2, 3, 4, 5, 6, 7, 16, 25, 24, 33, 42, 51, 52, 53, 62, 71, 80]
[00:00:01:16:849] ! Unidirectional s-t. expansions: 11,900, time: 76,849 [ms], path length: 44 [edges], generated: 20,661
[00:00:01:47:679] Path of length 44 found: [80, 79, 70, 61, 52, 51, 42, 33, 34, 25, 16, 7, 6, 5, 4, 3, 2, 11, 20, 21, 22, 31, 40, 39, 38, 47, 56, 57, 58, 59, 68, 77, 76, 75, 74, 73, 64, 63, 54, 45, 36, 27, 18, 9, 0]
[00:00:01:47:679] ! Unidirectional t-s. expansions: 15,485, time: 107,679 [ms], path length: 44 [edges], generated: 27,609
[00:00:07:29:501] Valid meeting checks so far: 200,000, state_vs_state: 1,137, state_vs_prefix: 0, prefix_vs_prefix: 198,863
[00:00:15:09:223] Valid meeting checks so far: 400,000, state_vs_state: 1,693, state_vs_prefix: 0, prefix_vs_prefix: 398,307
[00:00:22:46:193] Valid meeting checks so far: 600,000, state_vs_state: 2,282, state_vs_prefix: 0, prefix_vs_prefix: 597,718
[00:00:30:42:877] Valid meeting checks so far: 800,000, state_vs_state: 2,705, state_vs_prefix: 0, prefix_vs_prefix: 797,295
[00:00:39:08:044] Valid meeting checks so far: 1,000,000, state_vs_state: 2,960, state_vs_prefix: 0, prefix_vs_prefix: 997,040
[00:00:48:06:067] Valid meeting checks so far: 1,200,000, state_vs_state: 4,292, state_vs_prefix: 0, prefix_vs_prefix: 1,195,708
[00:00:56:38:714] Valid meeting checks so far: 1,400,000, state_vs_state: 4,804, state_vs_prefix: 0, prefix_vs_prefix: 1,395,196
[00:01:03:10:824] Path of length 44 found: [0, 9, 18, 27, 36, 45, 54, 63, 64, 73, 74, 75, 76, 77, 68, 59, 58, 57, 48, 47, 38, 29, 20, 11, 2, 3, 4, 5, 6, 7, 16, 25, 24, 23, 22, 31, 40, 41, 42, 51, 52, 53, 62, 71, 80]
[00:01:03:11:352] ! Bidirectional. expansions: 2,182,116, time: 3,790,824 [ms], path length: 44 [edges], g_F: 22, g_B: 22, generated: {'F': 1,823,675, 'B': 1,611,994}, MM: 0, MMPER: -1.0%
[00:01:03:11:353] 
---------- SM_Grids/9x9_grid_with_random_blocks_12per_8 ----------
[00:00:00:17:845] Path of length 48 found: [0, 9, 18, 19, 20, 11, 2, 3, 4, 13, 22, 31, 32, 33, 24, 15, 6, 7, 8, 17, 26, 35, 44, 53, 62, 61, 60, 51, 50, 49, 48, 47, 38, 37, 36, 45, 54, 63, 72, 73, 74, 75, 66, 67, 68, 77, 78, 79, 80]
[00:00:00:17:845] ! Unidirectional s-t. expansions: 3,327, time: 17,845 [ms], path length: 48 [edges], generated: 5,524
[00:00:01:02:694] Path of length 48 found: [80, 79, 78, 77, 68, 67, 66, 75, 74, 73, 72, 63, 54, 45, 36, 37, 38, 47, 48, 49, 40, 31, 22, 23, 24, 33, 42, 51, 60, 61, 62, 53, 44, 35, 26, 17, 8, 7, 6, 5, 4, 3, 2, 11, 20, 19, 18, 9, 0]
[00:00:01:02:694] ! Unidirectional t-s. expansions: 16,628, time: 62,694 [ms], path length: 48 [edges], generated: 23,413
[00:00:07:42:455] Valid meeting checks so far: 200,000, state_vs_state: 2,751, state_vs_prefix: 0, prefix_vs_prefix: 197,249
[00:00:15:46:132] Valid meeting checks so far: 400,000, state_vs_state: 3,865, state_vs_prefix: 0, prefix_vs_prefix: 396,135
[00:00:23:45:104] Valid meeting checks so far: 600,000, state_vs_state: 4,931, state_vs_prefix: 0, prefix_vs_prefix: 595,069
[00:00:31:36:845] Valid meeting checks so far: 800,000, state_vs_state: 5,715, state_vs_prefix: 0, prefix_vs_prefix: 794,285
[00:00:36:42:894] Path of length 48 found: [0, 9, 18, 19, 20, 11, 2, 3, 4, 13, 22, 31, 32, 33, 24, 15, 6, 7, 8, 17, 26, 35, 44, 53, 62, 61, 60, 51, 50, 49, 48, 47, 38, 37, 36, 45, 54, 63, 72, 73, 74, 75, 66, 67, 68, 77, 78, 79, 80]
[00:00:36:43:420] ! Bidirectional. expansions: 1,298,100, time: 2,202,894 [ms], path length: 48 [edges], g_F: 24, g_B: 24, generated: {'F': 1,088,440, 'B': 1,008,139}, MM: 0, MMPER: -1.0%
[00:00:36:43:420] 
---------- SM_Grids/9x9_grid_with_random_blocks_12per_9 ----------
[00:00:03:18:080] Path of length 44 found: [0, 1, 2, 11, 20, 19, 18, 27, 36, 37, 46, 55, 54, 63, 72, 73, 74, 75, 76, 77, 78, 69, 60, 59, 58, 57, 48, 39, 40, 31, 22, 13, 14, 15, 16, 17, 26, 35, 34, 43, 52, 53, 62, 71, 80]
[00:00:03:18:080] ! Unidirectional s-t. expansions: 45,155, time: 198,080 [ms], path length: 44 [edges], generated: 75,567
[00:00:02:27:494] Path of length 44 found: [80, 71, 62, 53, 52, 43, 34, 35, 26, 17, 16, 15, 14, 23, 22, 31, 40, 41, 50, 59, 60, 69, 78, 77, 76, 75, 74, 73, 72, 63, 54, 55, 56, 47, 38, 37, 36, 27, 18, 19, 20, 11, 2, 1, 0]
[00:00:02:27:494] ! Unidirectional t-s. expansions: 43,336, time: 147,494 [ms], path length: 44 [edges], generated: 61,115
[00:00:06:18:701] Valid meeting checks so far: 200,000, state_vs_state: 3,160, state_vs_prefix: 0, prefix_vs_prefix: 196,840
[00:00:12:29:863] Valid meeting checks so far: 400,000, state_vs_state: 5,841, state_vs_prefix: 0, prefix_vs_prefix: 394,159
[00:00:19:34:102] Valid meeting checks so far: 600,000, state_vs_state: 10,442, state_vs_prefix: 0, prefix_vs_prefix: 589,558
[00:00:26:45:371] Valid meeting checks so far: 800,000, state_vs_state: 12,971, state_vs_prefix: 0, prefix_vs_prefix: 787,029
[00:00:34:06:312] Valid meeting checks so far: 1,000,000, state_vs_state: 15,742, state_vs_prefix: 0, prefix_vs_prefix: 984,258
[00:00:41:34:409] Valid meeting checks so far: 1,200,000, state_vs_state: 18,497, state_vs_prefix: 0, prefix_vs_prefix: 1,181,503
[00:00:48:25:687] Valid meeting checks so far: 1,400,000, state_vs_state: 20,189, state_vs_prefix: 0, prefix_vs_prefix: 1,379,811
[00:00:55:36:603] Valid meeting checks so far: 1,600,000, state_vs_state: 23,304, state_vs_prefix: 0, prefix_vs_prefix: 1,576,696
[00:01:02:55:678] Valid meeting checks so far: 1,800,000, state_vs_state: 25,335, state_vs_prefix: 0, prefix_vs_prefix: 1,774,665
[00:01:10:00:402] Valid meeting checks so far: 2,000,000, state_vs_state: 28,939, state_vs_prefix: 0, prefix_vs_prefix: 1,971,061
[00:01:17:39:650] Valid meeting checks so far: 2,200,000, state_vs_state: 32,590, state_vs_prefix: 0, prefix_vs_prefix: 2,167,410
[00:01:25:21:343] Valid meeting checks so far: 2,400,000, state_vs_state: 33,648, state_vs_prefix: 0, prefix_vs_prefix: 2,366,352
[00:01:26:57:793] Path of length 44 found: [0, 1, 2, 11, 20, 19, 18, 27, 36, 45, 54, 63, 72, 73, 74, 75, 76, 77, 78, 69, 60, 59, 58, 57, 56, 47, 38, 39, 40, 31, 22, 13, 14, 15, 16, 17, 26, 35, 34, 43, 52, 53, 62, 71, 80]
[00:01:26:58:314] ! Bidirectional. expansions: 2,748,500, time: 5,217,793 [ms], path length: 44 [edges], g_F: 22, g_B: 22, generated: {'F': 2,421,373, 'B': 2,295,022}, MM: 0, MMPER: -1.0%

[00:01:26:58:314] average expansions: (11,036, 15,855, 1,266,997, 0)
[00:01:26:58:314] average time: (55,480, 63,013, 2,296,804, 0)
[00:01:26:58:314] X-DFBnB: 11,036 , 55,480 (expansions , time[ms])
[00:01:26:58:314] BiX-DFBnB: 1,266,997 , 2,296,804 (expansions , time[ms])

