Thu 12 Mar 2026 16:04:39 IST

SLURM_JOBID:		 15618397
SLURM_JOB_NODELIST:	 ise-cpu256-29 

--------------------------
date: SM_Grids
number_of_graphs: 10
graph_type: grid
size_of_graphs: [9, 9]
heuristic: bcc_heuristic
snake: True
run_uni: True
run_bi: True
run_multi: False
solution_vertices: []
algorithms: ['full', 'DFBnB']
bsd: False
cube_first_dims: 4
cube_buffer_dim: None
backward_sym_generation: False
sym_coil: False
prefix_set: None

---------- SM_Grids/9x9_grid_with_random_blocks_8per_0 ----------
[00:00:01:02:610] Path of length 48 found: [0, 1, 2, 3, 4, 5, 6, 7, 8, 17, 26, 25, 24, 23, 22, 31, 30, 29, 20, 19, 18, 27, 36, 37, 46, 55, 54, 63, 72, 73, 74, 75, 66, 57, 48, 49, 50, 41, 42, 43, 44, 53, 62, 61, 60, 69, 78, 79, 80]
[00:00:01:02:611] ! Unidirectional s-t. expansions: 22,186, time: 62,610 [ms], path length: 48 [edges], generated: 38,394
[00:00:01:26:151] Path of length 48 found: [80, 79, 78, 77, 76, 75, 74, 73, 72, 63, 54, 55, 56, 57, 48, 49, 50, 59, 60, 61, 62, 53, 44, 43, 42, 33, 24, 25, 26, 17, 8, 7, 6, 5, 14, 13, 22, 31, 30, 29, 38, 37, 36, 27, 18, 19, 10, 1, 0]
[00:00:01:26:152] ! Unidirectional t-s. expansions: 32,229, time: 86,151 [ms], path length: 48 [edges], generated: 54,236
[00:00:02:02:468] Path of length 48 found: [80, 79, 78, 77, 68, 59, 60, 61, 62, 53, 44, 43, 34, 25, 26, 17, 8, 7, 6, 5, 4, 13, 22, 23, 32, 41, 40, 39, 38, 47, 56, 57, 66, 75, 74, 73, 72, 63, 54, 45, 36, 27, 18, 19, 20, 11, 2, 1, 0]
[00:00:02:03:084] ! Bidirectional. expansions: 36,730, time: 122,468 [ms], path length: 48 [edges], g_F: 26, g_B: 22, generated: 64,906, MM: 4, MMPER: 7.163265306122449%
[00:00:02:03:084] 
---------- SM_Grids/9x9_grid_with_random_blocks_8per_1 ----------
[00:00:01:03:560] Path of length 44 found: [0, 1, 2, 3, 12, 13, 14, 5, 6, 7, 8, 17, 26, 25, 34, 43, 44, 53, 62, 61, 60, 51, 50, 41, 32, 31, 30, 29, 20, 19, 18, 27, 36, 45, 46, 47, 48, 57, 66, 75, 76, 77, 78, 79, 80]
[00:00:01:03:561] ! Unidirectional s-t. expansions: 26,795, time: 63,560 [ms], path length: 44 [edges], generated: 46,053
[00:00:01:48:648] Path of length 44 found: [80, 79, 70, 61, 62, 53, 44, 43, 42, 51, 50, 59, 68, 77, 76, 75, 66, 57, 48, 47, 46, 37, 36, 27, 18, 19, 20, 29, 30, 31, 32, 23, 24, 25, 26, 17, 8, 7, 6, 5, 4, 3, 2, 1, 0]
[00:00:01:48:649] ! Unidirectional t-s. expansions: 39,829, time: 108,648 [ms], path length: 44 [edges], generated: 70,986
[00:00:03:14:474] Path of length 44 found: [0, 1, 2, 3, 4, 5, 6, 7, 8, 17, 26, 25, 24, 23, 22, 31, 30, 29, 20, 19, 18, 27, 36, 45, 46, 47, 48, 57, 66, 75, 76, 77, 68, 59, 50, 51, 42, 43, 44, 53, 62, 61, 70, 79, 80]
[00:00:03:15:096] ! Bidirectional. expansions: 62,056, time: 194,474 [ms], path length: 44 [edges], g_F: 24, g_B: 20, generated: 114,981, MM: 4, MMPER: 7.888888888888889%
[00:00:03:15:096] 
---------- SM_Grids/9x9_grid_with_random_blocks_8per_2 ----------
[00:00:00:44:702] Path of length 48 found: [0, 9, 10, 11, 2, 3, 4, 5, 6, 7, 16, 25, 26, 35, 44, 53, 52, 51, 42, 33, 32, 23, 22, 21, 30, 29, 28, 27, 36, 45, 54, 63, 72, 73, 74, 65, 56, 47, 48, 49, 58, 67, 76, 77, 78, 69, 70, 71, 80]
[00:00:00:44:703] ! Unidirectional s-t. expansions: 14,098, time: 44,702 [ms], path length: 48 [edges], generated: 24,585
[00:00:00:57:197] Path of length 48 found: [80, 79, 70, 61, 62, 53, 44, 35, 26, 25, 16, 7, 6, 5, 4, 3, 2, 11, 20, 21, 22, 31, 32, 33, 42, 51, 50, 59, 68, 67, 76, 75, 74, 73, 72, 63, 54, 55, 56, 57, 48, 39, 38, 37, 28, 27, 18, 9, 0]
[00:00:00:57:199] ! Unidirectional t-s. expansions: 17,250, time: 57,197 [ms], path length: 48 [edges], generated: 31,216
[00:00:01:36:425] Path of length 48 found: [80, 71, 70, 69, 78, 77, 76, 67, 58, 49, 48, 47, 56, 65, 74, 73, 72, 63, 54, 45, 36, 37, 28, 29, 30, 21, 22, 23, 32, 33, 42, 51, 52, 53, 44, 35, 26, 25, 16, 7, 6, 5, 4, 3, 2, 11, 10, 9, 0]
[00:00:01:37:018] ! Bidirectional. expansions: 27,118, time: 96,425 [ms], path length: 48 [edges], g_F: 23, g_B: 25, generated: 48,955, MM: 2, MMPER: 3.0816326530612246%
[00:00:01:37:018] 
---------- SM_Grids/9x9_grid_with_random_blocks_8per_3 ----------
[00:00:02:44:910] Path of length 46 found: [0, 1, 10, 19, 18, 27, 36, 37, 38, 29, 30, 21, 12, 3, 4, 5, 6, 7, 16, 25, 24, 33, 32, 41, 40, 49, 48, 57, 56, 55, 54, 63, 72, 73, 74, 75, 76, 67, 68, 59, 60, 51, 52, 53, 62, 71, 80]
[00:00:02:44:912] ! Unidirectional s-t. expansions: 61,884, time: 164,910 [ms], path length: 46 [edges], generated: 106,072
[00:00:02:52:163] Path of length 46 found: [80, 71, 70, 69, 78, 77, 76, 67, 58, 57, 56, 65, 74, 73, 72, 63, 54, 45, 46, 37, 38, 39, 30, 31, 32, 41, 50, 51, 52, 53, 44, 35, 34, 25, 16, 7, 6, 5, 4, 13, 12, 11, 20, 19, 18, 9, 0]
[00:00:02:52:164] ! Unidirectional t-s. expansions: 69,573, time: 172,163 [ms], path length: 46 [edges], generated: 120,860
[00:00:06:56:398] Path of length 46 found: [80, 71, 62, 53, 52, 51, 60, 69, 78, 77, 76, 67, 58, 49, 40, 41, 32, 33, 34, 25, 16, 7, 6, 5, 4, 3, 12, 21, 30, 29, 38, 47, 56, 65, 74, 73, 72, 63, 54, 45, 36, 27, 18, 19, 10, 1, 0]
[00:00:06:57:117] ! Bidirectional. expansions: 132,130, time: 416,410 [ms], path length: 46 [edges], g_F: 22, g_B: 24, generated: 242,308, MM: 2, MMPER: 3.25531914893617%
[00:00:06:57:117] 
---------- SM_Grids/9x9_grid_with_random_blocks_8per_4 ----------
[00:00:00:48:086] Path of length 48 found: [0, 1, 2, 3, 12, 21, 20, 19, 18, 27, 36, 37, 38, 39, 40, 49, 58, 57, 56, 55, 54, 63, 72, 73, 74, 75, 76, 77, 68, 69, 60, 51, 42, 33, 24, 23, 14, 5, 6, 7, 16, 17, 26, 35, 44, 53, 62, 71, 80]
[00:00:00:48:087] ! Unidirectional s-t. expansions: 13,821, time: 48,086 [ms], path length: 48 [edges], generated: 24,015
[00:00:00:40:460] Path of length 48 found: [80, 71, 62, 53, 44, 35, 26, 17, 8, 7, 6, 5, 14, 23, 32, 33, 42, 51, 60, 69, 78, 77, 76, 67, 58, 49, 40, 39, 38, 47, 56, 65, 74, 73, 72, 63, 54, 45, 36, 27, 18, 19, 20, 21, 12, 3, 2, 1, 0]
[00:00:00:40:461] ! Unidirectional t-s. expansions: 13,297, time: 40,460 [ms], path length: 48 [edges], generated: 23,814
[00:00:01:17:001] Path of length 48 found: [0, 1, 2, 3, 12, 21, 20, 19, 18, 27, 36, 37, 38, 47, 56, 55, 54, 63, 72, 73, 74, 75, 76, 77, 78, 69, 60, 59, 58, 49, 40, 41, 32, 23, 14, 5, 6, 7, 8, 17, 26, 25, 34, 43, 44, 53, 62, 71, 80]
[00:00:01:17:572] ! Bidirectional. expansions: 21,602, time: 77,001 [ms], path length: 48 [edges], g_F: 22, g_B: 26, generated: 38,417, MM: 4, MMPER: 7.163265306122449%
[00:00:01:17:572] 
---------- SM_Grids/9x9_grid_with_random_blocks_8per_5 ----------
[00:00:00:32:102] Path of length 48 found: [0, 9, 18, 27, 28, 37, 46, 45, 54, 63, 64, 65, 74, 75, 76, 77, 68, 59, 58, 57, 48, 39, 40, 41, 42, 33, 24, 23, 22, 21, 20, 11, 2, 3, 4, 5, 6, 7, 16, 17, 26, 35, 44, 53, 52, 61, 70, 79, 80]
[00:00:00:32:104] ! Unidirectional s-t. expansions: 10,947, time: 32,103 [ms], path length: 48 [edges], generated: 19,180
[00:00:00:35:045] Path of length 48 found: [80, 79, 70, 61, 62, 53, 44, 35, 26, 17, 8, 7, 6, 5, 4, 3, 2, 11, 20, 21, 22, 23, 24, 33, 42, 41, 40, 39, 48, 57, 58, 59, 68, 77, 76, 75, 74, 65, 64, 63, 54, 45, 46, 37, 28, 27, 18, 9, 0]
[00:00:00:35:046] ! Unidirectional t-s. expansions: 10,165, time: 35,045 [ms], path length: 48 [edges], generated: 18,452
[00:00:00:57:660] Path of length 48 found: [0, 9, 18, 27, 28, 37, 46, 45, 54, 63, 64, 65, 74, 75, 76, 77, 68, 59, 58, 57, 48, 39, 40, 41, 42, 33, 24, 23, 22, 21, 20, 11, 2, 3, 4, 5, 6, 7, 8, 17, 26, 35, 44, 53, 62, 61, 70, 79, 80]
[00:00:00:58:210] ! Bidirectional. expansions: 15,747, time: 57,661 [ms], path length: 48 [edges], g_F: 22, g_B: 26, generated: 28,502, MM: 4, MMPER: 7.163265306122449%
[00:00:00:58:210] 
---------- SM_Grids/9x9_grid_with_random_blocks_8per_6 ----------
[00:00:00:47:962] Path of length 48 found: [0, 9, 18, 27, 36, 37, 38, 29, 20, 11, 2, 3, 4, 13, 22, 23, 24, 15, 6, 7, 8, 17, 26, 35, 34, 43, 42, 41, 40, 49, 48, 57, 56, 55, 54, 63, 72, 73, 74, 75, 76, 67, 68, 59, 60, 61, 70, 79, 80]
[00:00:00:47:963] ! Unidirectional s-t. expansions: 15,939, time: 47,962 [ms], path length: 48 [edges], generated: 27,730
[00:00:00:55:580] Path of length 48 found: [80, 71, 70, 61, 60, 59, 68, 67, 76, 75, 74, 73, 72, 63, 54, 55, 56, 57, 48, 49, 40, 41, 42, 43, 34, 35, 26, 17, 8, 7, 6, 15, 24, 23, 22, 13, 4, 3, 2, 11, 20, 29, 38, 37, 36, 27, 18, 9, 0]
[00:00:00:55:581] ! Unidirectional t-s. expansions: 17,024, time: 55,580 [ms], path length: 48 [edges], generated: 31,150
[00:00:01:35:440] Path of length 48 found: [0, 9, 18, 27, 36, 37, 38, 29, 20, 11, 2, 3, 4, 13, 22, 23, 24, 15, 6, 7, 8, 17, 26, 35, 34, 43, 42, 41, 40, 49, 48, 57, 56, 55, 54, 63, 72, 73, 74, 75, 76, 67, 68, 69, 60, 61, 62, 71, 80]
[00:00:01:36:002] ! Bidirectional. expansions: 26,834, time: 95,440 [ms], path length: 48 [edges], g_F: 25, g_B: 23, generated: 49,294, MM: 2, MMPER: 3.0816326530612246%
[00:00:01:36:002] 
---------- SM_Grids/9x9_grid_with_random_blocks_8per_7 ----------
[00:00:01:13:463] Path of length 48 found: [0, 9, 10, 11, 2, 3, 4, 13, 14, 15, 6, 7, 8, 17, 26, 25, 34, 43, 44, 53, 62, 61, 60, 51, 50, 41, 32, 31, 30, 29, 28, 27, 36, 45, 54, 63, 72, 73, 74, 65, 56, 57, 58, 67, 76, 77, 78, 79, 80]
[00:00:01:13:464] ! Unidirectional s-t. expansions: 23,331, time: 73,463 [ms], path length: 48 [edges], generated: 43,466
[00:00:00:57:325] Path of length 48 found: [80, 79, 78, 77, 68, 67, 58, 57, 56, 65, 74, 73, 72, 63, 54, 45, 46, 37, 38, 29, 30, 31, 40, 41, 50, 51, 60, 61, 62, 53, 44, 43, 34, 25, 26, 17, 8, 7, 6, 15, 14, 13, 4, 3, 2, 11, 10, 9, 0]
[00:00:00:57:326] ! Unidirectional t-s. expansions: 21,045, time: 57,326 [ms], path length: 48 [edges], generated: 34,844
[00:00:03:46:722] Path of length 48 found: [80, 79, 78, 77, 68, 67, 58, 57, 56, 65, 74, 73, 72, 63, 54, 45, 46, 37, 38, 29, 30, 31, 40, 41, 50, 51, 60, 61, 62, 53, 44, 43, 34, 25, 26, 17, 8, 7, 6, 15, 14, 13, 4, 3, 2, 11, 10, 9, 0]
[00:00:03:47:354] ! Bidirectional. expansions: 68,866, time: 226,722 [ms], path length: 48 [edges], g_F: 22, g_B: 26, generated: 127,238, MM: 4, MMPER: 7.163265306122449%
[00:00:03:47:355] 
---------- SM_Grids/9x9_grid_with_random_blocks_8per_8 ----------
[00:00:00:15:688] Path of length 50 found: [0, 1, 2, 11, 20, 19, 18, 27, 36, 37, 46, 55, 54, 63, 72, 73, 74, 65, 66, 67, 76, 77, 78, 69, 60, 59, 50, 49, 48, 39, 30, 31, 22, 13, 4, 5, 6, 7, 8, 17, 26, 25, 24, 33, 42, 43, 52, 53, 62, 71, 80]
[00:00:00:15:690] ! Unidirectional s-t. expansions: 4,254, time: 15,689 [ms], path length: 50 [edges], generated: 7,162
[00:00:00:17:206] Path of length 50 found: [80, 71, 62, 61, 60, 69, 78, 77, 76, 67, 66, 65, 74, 73, 72, 63, 54, 55, 46, 37, 36, 27, 18, 19, 20, 29, 30, 39, 48, 49, 50, 41, 42, 43, 44, 35, 26, 17, 8, 7, 6, 15, 24, 23, 22, 13, 4, 3, 2, 1, 0]
[00:00:00:17:207] ! Unidirectional t-s. expansions: 5,051, time: 17,207 [ms], path length: 50 [edges], generated: 8,128
[00:00:00:32:414] Path of length 50 found: [80, 71, 62, 53, 52, 43, 34, 35, 26, 17, 8, 7, 6, 15, 24, 23, 22, 13, 4, 3, 2, 11, 20, 29, 30, 39, 48, 49, 50, 59, 60, 69, 78, 77, 76, 67, 66, 65, 74, 73, 72, 63, 54, 55, 46, 37, 36, 27, 18, 9, 0]
[00:00:00:33:001] ! Bidirectional. expansions: 8,514, time: 32,414 [ms], path length: 50 [edges], g_F: 24, g_B: 26, generated: 14,155, MM: 2, MMPER: 2.9215686274509802%
[00:00:00:33:002] 
---------- SM_Grids/9x9_grid_with_random_blocks_8per_9 ----------
[00:00:01:54:139] Path of length 46 found: [0, 9, 18, 19, 20, 11, 2, 3, 4, 5, 6, 7, 16, 17, 26, 35, 34, 33, 24, 23, 22, 31, 40, 49, 48, 47, 38, 37, 36, 45, 54, 55, 64, 73, 74, 75, 66, 67, 68, 59, 60, 51, 52, 53, 62, 71, 80]
[00:00:01:54:141] ! Unidirectional s-t. expansions: 39,467, time: 114,140 [ms], path length: 46 [edges], generated: 70,240
[00:00:00:34:801] Path of length 46 found: [80, 71, 62, 53, 52, 51, 60, 59, 68, 67, 66, 75, 74, 73, 64, 55, 54, 45, 36, 27, 18, 19, 20, 29, 38, 47, 48, 49, 40, 41, 32, 33, 24, 25, 26, 17, 8, 7, 6, 5, 14, 13, 12, 3, 2, 1, 0]
[00:00:00:34:802] ! Unidirectional t-s. expansions: 11,525, time: 34,801 [ms], path length: 46 [edges], generated: 20,901
[00:00:01:56:360] Path of length 46 found: [80, 71, 62, 53, 52, 51, 60, 59, 68, 67, 66, 75, 74, 73, 64, 55, 54, 45, 36, 37, 38, 47, 48, 49, 40, 31, 22, 23, 24, 33, 34, 35, 26, 17, 16, 7, 6, 5, 4, 3, 2, 11, 20, 19, 18, 9, 0]
[00:00:01:56:979] ! Bidirectional. expansions: 31,833, time: 116,360 [ms], path length: 46 [edges], g_F: 24, g_B: 22, generated: 59,447, MM: 2, MMPER: 3.25531914893617%

[00:00:01:56:979] average expansions: (23,272, 23,699, 43,143, 0)
[00:00:01:56:979] average time: (66,722, 66,458, 143,538, 0)
[00:00:01:56:979] A*: 23,272 , 66,458 (expansions , time[ms])
[00:00:01:56:979] XMM: 43,143 , 143,538 (expansions , time[ms])

[00:00:01:56:979] 
---------- SM_Grids/9x9_grid_with_random_blocks_8per_0 ----------
[00:00:00:01:474] New longest path found with length 30 at expansion 642
[00:00:00:01:538] New longest path found with length 42 at expansion 660
[00:00:00:01:672] New longest path found with length 46 at expansion 691
[00:00:00:14:501] New longest path found with length 48 at expansion 2,838
[00:00:02:20:966] Path of length 48 found: [0, 1, 10, 19, 18, 27, 36, 37, 38, 29, 30, 31, 22, 13, 4, 5, 6, 7, 8, 17, 26, 25, 24, 33, 42, 43, 44, 53, 62, 61, 60, 59, 50, 49, 48, 57, 56, 55, 54, 63, 72, 73, 74, 75, 76, 77, 78, 79, 80]
[00:00:02:20:966] ! Unidirectional s-t. expansions: 24,187, time: 140,966 [ms], path length: 48 [edges], generated: 41,532
[00:00:00:00:242] New longest path found with length 40 at expansion 39
[00:00:00:00:281] New longest path found with length 42 at expansion 53
[00:00:00:12:312] New longest path found with length 44 at expansion 3,228
[00:00:00:12:404] New longest path found with length 46 at expansion 3,258
[00:00:00:37:635] New longest path found with length 48 at expansion 8,598
[00:00:03:26:668] Path of length 48 found: [80, 71, 62, 53, 44, 35, 26, 17, 8, 7, 6, 5, 4, 13, 22, 23, 24, 33, 42, 41, 50, 59, 60, 69, 78, 77, 76, 75, 74, 73, 72, 63, 54, 55, 56, 57, 48, 39, 38, 37, 36, 27, 18, 19, 20, 11, 2, 1, 0]
[00:00:03:26:668] ! Unidirectional t-s. expansions: 39,155, time: 206,668 [ms], path length: 48 [edges], generated: 65,770
[00:00:00:00:195] New longest path found with length 40 at expansion 20
[00:00:00:00:234] New longest path found with length 42 at expansion 29
[00:00:00:03:065] New longest path found with length 44 at expansion 519
[00:00:00:03:317] New longest path found with length 46 at expansion 584
[00:00:00:11:233] New longest path found with length 48 at expansion 1,752
[00:00:01:50:782] Path of length 48 found: [0, 1, 2, 11, 20, 19, 18, 27, 36, 37, 38, 39, 48, 57, 56, 55, 54, 63, 72, 73, 74, 75, 76, 77, 78, 69, 60, 59, 50, 41, 32, 31, 22, 13, 4, 5, 6, 7, 8, 17, 26, 25, 34, 43, 44, 53, 62, 71, 80]
[00:00:01:51:351] ! Bidirectional. expansions: 13,501, time: 110,782 [ms], path length: 48 [edges], g_F: 24, g_B: 24, generated: {'F': 23,540, 'B': 22,981}, MM: 0, MMPER: -1.0%
[00:00:01:51:351] 
---------- SM_Grids/9x9_grid_with_random_blocks_8per_1 ----------
[00:00:00:00:346] New longest path found with length 30 at expansion 77
[00:00:00:00:380] New longest path found with length 36 at expansion 90
[00:00:00:00:652] New longest path found with length 38 at expansion 151
[00:00:00:01:028] New longest path found with length 42 at expansion 241
[00:00:00:18:056] New longest path found with length 44 at expansion 3,893
[00:00:02:27:370] Path of length 44 found: [0, 9, 18, 27, 36, 45, 46, 47, 48, 57, 66, 75, 76, 77, 78, 69, 60, 59, 50, 41, 40, 31, 30, 29, 20, 11, 2, 3, 4, 13, 14, 15, 6, 7, 8, 17, 26, 25, 34, 43, 52, 53, 62, 71, 80]
[00:00:02:27:371] ! Unidirectional s-t. expansions: 29,479, time: 147,370 [ms], path length: 44 [edges], generated: 50,834
[00:00:00:00:138] New longest path found with length 16 at expansion 15
[00:00:00:00:237] New longest path found with length 40 at expansion 40
[00:00:00:34:188] New longest path found with length 42 at expansion 8,270
[00:00:00:39:487] New longest path found with length 44 at expansion 9,419
[00:00:04:09:582] Path of length 44 found: [80, 71, 62, 53, 44, 35, 26, 17, 8, 7, 6, 15, 24, 33, 42, 41, 50, 59, 60, 69, 78, 77, 76, 75, 66, 57, 48, 47, 46, 37, 36, 27, 18, 19, 20, 29, 30, 31, 22, 13, 4, 3, 2, 1, 0]
[00:00:04:09:583] ! Unidirectional t-s. expansions: 47,274, time: 249,582 [ms], path length: 44 [edges], generated: 83,729
[00:00:00:00:203] New longest path found with length 40 at expansion 20
[00:00:00:01:534] New longest path found with length 42 at expansion 282
[00:00:00:01:660] New longest path found with length 44 at expansion 309
[00:00:01:06:129] Path of length 44 found: [0, 9, 18, 27, 36, 45, 46, 47, 48, 57, 66, 75, 76, 77, 78, 69, 60, 59, 50, 41, 42, 33, 24, 23, 22, 31, 30, 29, 20, 11, 2, 3, 4, 5, 6, 7, 8, 17, 26, 35, 44, 53, 62, 71, 80]
[00:00:01:06:666] ! Bidirectional. expansions: 7,034, time: 66,129 [ms], path length: 44 [edges], g_F: 22, g_B: 22, generated: {'F': 13,067, 'B': 13,709}, MM: 0, MMPER: -1.0%
[00:00:01:06:666] 
---------- SM_Grids/9x9_grid_with_random_blocks_8per_2 ----------
[00:00:00:00:238] New longest path found with length 42 at expansion 41
[00:00:00:00:925] New longest path found with length 44 at expansion 244
[00:00:02:39:894] New longest path found with length 48 at expansion 36,522
[00:00:03:44:408] Path of length 48 found: [0, 9, 18, 27, 36, 37, 38, 39, 48, 57, 56, 55, 54, 63, 72, 73, 74, 75, 76, 67, 68, 59, 50, 51, 42, 33, 32, 31, 22, 21, 20, 11, 2, 3, 4, 5, 6, 7, 16, 25, 26, 35, 44, 53, 62, 61, 70, 79, 80]
[00:00:03:44:408] ! Unidirectional s-t. expansions: 47,072, time: 224,408 [ms], path length: 48 [edges], generated: 78,272
[00:00:01:20:241] New longest path found with length 18 at expansion 40,509
[00:00:01:43:923] New longest path found with length 20 at expansion 52,363
[00:00:02:19:116] New longest path found with length 40 at expansion 69,470
[00:00:02:19:164] New longest path found with length 42 at expansion 69,486
[00:00:02:35:354] New longest path found with length 44 at expansion 73,375
[00:00:02:38:394] New longest path found with length 46 at expansion 74,084
[00:00:03:48:283] New longest path found with length 48 at expansion 85,593
[00:00:05:17:994] Path of length 48 found: [80, 71, 70, 69, 78, 77, 76, 67, 58, 49, 48, 47, 56, 65, 74, 73, 72, 63, 54, 45, 36, 37, 28, 29, 30, 21, 22, 23, 32, 41, 42, 51, 52, 53, 44, 35, 26, 25, 16, 7, 6, 5, 4, 3, 2, 11, 10, 9, 0]
[00:00:05:17:994] ! Unidirectional t-s. expansions: 99,744, time: 317,994 [ms], path length: 48 [edges], generated: 124,698
[00:00:00:00:206] New longest path found with length 40 at expansion 20
[00:00:00:32:589] New longest path found with length 42 at expansion 4,449
[00:00:00:32:628] New longest path found with length 44 at expansion 4,459
[00:00:00:32:631] New longest path found with length 46 at expansion 4,461
[00:00:01:23:753] New longest path found with length 48 at expansion 10,142
[00:00:01:51:430] Path of length 48 found: [0, 9, 10, 11, 2, 3, 4, 5, 6, 7, 16, 25, 34, 35, 44, 53, 52, 51, 42, 41, 32, 23, 22, 21, 30, 29, 28, 27, 36, 45, 54, 63, 72, 73, 74, 65, 56, 47, 48, 49, 58, 67, 76, 77, 78, 69, 70, 71, 80]
[00:00:01:51:995] ! Bidirectional. expansions: 12,791, time: 111,431 [ms], path length: 48 [edges], g_F: 24, g_B: 24, generated: {'F': 23,600, 'B': 24,837}, MM: 0, MMPER: -1.0%
[00:00:01:51:995] 
---------- SM_Grids/9x9_grid_with_random_blocks_8per_3 ----------
[00:00:00:00:271] New longest path found with length 36 at expansion 35
[00:00:00:00:333] New longest path found with length 40 at expansion 64
[00:00:00:00:378] New longest path found with length 44 at expansion 80
[00:00:05:34:106] New longest path found with length 46 at expansion 72,257
[00:00:09:24:499] Path of length 46 found: [0, 9, 18, 27, 28, 37, 46, 45, 54, 63, 72, 73, 74, 65, 56, 57, 58, 67, 76, 77, 78, 69, 60, 51, 50, 41, 40, 31, 30, 21, 20, 11, 2, 3, 4, 13, 14, 15, 24, 33, 34, 43, 44, 53, 62, 71, 80]
[00:00:09:24:500] ! Unidirectional s-t. expansions: 115,033, time: 564,499 [ms], path length: 46 [edges], generated: 192,417
[00:00:00:00:143] New longest path found with length 18 at expansion 17
[00:00:01:21:929] New longest path found with length 22 at expansion 44,801
[00:00:01:29:814] New longest path found with length 44 at expansion 48,663
[00:00:01:32:836] New longest path found with length 46 at expansion 49,355
[00:00:07:39:017] Path of length 46 found: [80, 71, 62, 53, 44, 35, 34, 25, 16, 7, 6, 5, 4, 3, 2, 11, 20, 21, 30, 31, 40, 41, 50, 51, 60, 69, 78, 77, 76, 67, 58, 57, 56, 65, 74, 73, 72, 63, 54, 45, 46, 37, 28, 27, 18, 9, 0]
[00:00:07:39:018] ! Unidirectional t-s. expansions: 118,721, time: 459,017 [ms], path length: 46 [edges], generated: 170,346
[00:00:00:00:187] New longest path found with length 34 at expansion 17
[00:00:00:00:206] New longest path found with length 38 at expansion 23
[00:00:00:00:237] New longest path found with length 44 at expansion 30
[00:00:01:00:214] New longest path found with length 46 at expansion 9,518
[00:00:03:29:467] Path of length 46 found: [0, 9, 18, 27, 28, 37, 46, 45, 54, 63, 72, 73, 74, 65, 56, 57, 58, 67, 76, 77, 78, 69, 60, 51, 50, 41, 40, 39, 30, 21, 20, 11, 2, 3, 4, 5, 6, 15, 24, 33, 34, 35, 44, 53, 62, 71, 80]
[00:00:03:30:059] ! Bidirectional. expansions: 26,489, time: 209,467 [ms], path length: 46 [edges], g_F: 23, g_B: 23, generated: {'F': 47,392, 'B': 47,481}, MM: 0, MMPER: -1.0%
[00:00:03:30:059] 
---------- SM_Grids/9x9_grid_with_random_blocks_8per_4 ----------
[00:00:00:00:147] New longest path found with length 18 at expansion 17
[00:00:00:00:235] New longest path found with length 34 at expansion 38
[00:00:00:02:279] New longest path found with length 36 at expansion 606
[00:00:00:02:616] New longest path found with length 38 at expansion 674
[00:00:00:02:838] New longest path found with length 40 at expansion 727
[00:00:00:05:012] New longest path found with length 42 at expansion 1,184
[00:00:00:13:934] New longest path found with length 44 at expansion 3,045
[00:00:00:20:943] New longest path found with length 46 at expansion 4,241
[00:00:02:32:501] New longest path found with length 48 at expansion 26,981
[00:00:03:15:932] Path of length 48 found: [0, 1, 2, 3, 12, 21, 20, 19, 18, 27, 36, 37, 38, 47, 56, 55, 54, 63, 72, 73, 74, 75, 76, 77, 78, 69, 60, 59, 58, 49, 40, 41, 42, 33, 24, 23, 14, 5, 6, 7, 16, 17, 26, 35, 44, 53, 62, 71, 80]
[00:00:03:15:933] ! Unidirectional s-t. expansions: 33,839, time: 195,932 [ms], path length: 48 [edges], generated: 58,796
[00:00:00:00:195] New longest path found with length 26 at expansion 28
[00:00:00:00:295] New longest path found with length 46 at expansion 59
[00:00:00:12:455] New longest path found with length 48 at expansion 2,523
[00:00:01:30:617] Path of length 48 found: [80, 71, 62, 53, 44, 35, 26, 17, 8, 7, 6, 5, 14, 23, 32, 33, 42, 51, 60, 69, 68, 77, 76, 75, 74, 73, 72, 63, 54, 55, 56, 57, 58, 49, 40, 39, 38, 37, 36, 27, 18, 19, 20, 21, 12, 3, 2, 1, 0]
[00:00:01:30:617] ! Unidirectional t-s. expansions: 15,171, time: 90,617 [ms], path length: 48 [edges], generated: 27,027
[00:00:00:00:117] New longest path found with length 16 at expansion 8
[00:00:00:00:216] New longest path found with length 44 at expansion 24
[00:00:00:00:221] New longest path found with length 46 at expansion 26
[00:00:00:00:225] New longest path found with length 48 at expansion 29
[00:00:00:34:209] Path of length 48 found: [0, 1, 2, 3, 12, 21, 20, 19, 18, 27, 36, 37, 38, 47, 56, 55, 54, 63, 72, 73, 74, 75, 76, 77, 78, 69, 60, 59, 58, 49, 40, 41, 32, 23, 14, 5, 6, 7, 8, 17, 26, 25, 34, 43, 44, 53, 62, 71, 80]
[00:00:00:34:810] ! Bidirectional. expansions: 3,590, time: 34,209 [ms], path length: 48 [edges], g_F: 24, g_B: 24, generated: {'F': 6,258, 'B': 5,820}, MM: 0, MMPER: -1.0%
[00:00:00:34:811] 
---------- SM_Grids/9x9_grid_with_random_blocks_8per_5 ----------
[00:00:00:00:250] New longest path found with length 44 at expansion 43
[00:00:00:01:304] New longest path found with length 46 at expansion 423
[00:00:00:03:229] New longest path found with length 48 at expansion 900
[00:00:00:59:650] Path of length 48 found: [0, 9, 18, 27, 28, 37, 46, 45, 54, 63, 64, 65, 74, 75, 76, 77, 68, 59, 58, 57, 48, 39, 40, 41, 42, 33, 24, 23, 22, 21, 20, 11, 2, 3, 4, 5, 6, 7, 16, 17, 26, 35, 44, 53, 52, 61, 70, 79, 80]
[00:00:00:59:650] ! Unidirectional s-t. expansions: 10,047, time: 59,650 [ms], path length: 48 [edges], generated: 17,267
[00:00:00:00:219] New longest path found with length 32 at expansion 31
[00:00:00:00:257] New longest path found with length 38 at expansion 42
[00:00:00:00:317] New longest path found with length 46 at expansion 63
[00:00:00:44:853] New longest path found with length 48 at expansion 6,958
[00:00:01:36:011] Path of length 48 found: [80, 71, 70, 61, 52, 53, 44, 35, 26, 17, 8, 7, 6, 5, 4, 3, 2, 11, 20, 21, 22, 23, 24, 33, 42, 41, 40, 39, 48, 57, 58, 59, 68, 77, 76, 75, 74, 65, 64, 63, 54, 45, 46, 37, 28, 27, 18, 9, 0]
[00:00:01:36:012] ! Unidirectional t-s. expansions: 14,496, time: 96,011 [ms], path length: 48 [edges], generated: 27,086
[00:00:00:00:198] New longest path found with length 40 at expansion 20
[00:00:00:00:208] New longest path found with length 44 at expansion 23
[00:00:00:08:519] New longest path found with length 46 at expansion 1,233
[00:00:00:30:629] New longest path found with length 48 at expansion 3,853
[00:00:01:01:904] Path of length 48 found: [0, 9, 18, 27, 28, 37, 46, 45, 54, 63, 64, 65, 74, 75, 76, 77, 68, 59, 58, 57, 48, 39, 40, 41, 42, 33, 24, 23, 22, 21, 20, 11, 2, 3, 4, 5, 6, 7, 8, 17, 26, 35, 44, 53, 52, 61, 70, 71, 80]
[00:00:01:02:465] ! Bidirectional. expansions: 6,954, time: 61,904 [ms], path length: 48 [edges], g_F: 24, g_B: 24, generated: {'F': 12,680, 'B': 11,921}, MM: 0, MMPER: -1.0%
[00:00:01:02:465] 
---------- SM_Grids/9x9_grid_with_random_blocks_8per_6 ----------
[00:00:00:02:373] New longest path found with length 26 at expansion 1,097
[00:00:00:03:476] New longest path found with length 44 at expansion 1,621
[00:00:01:13:630] New longest path found with length 46 at expansion 16,831
[00:00:01:53:202] New longest path found with length 48 at expansion 24,422
[00:00:03:06:121] Path of length 48 found: [0, 9, 18, 27, 36, 37, 38, 29, 20, 11, 2, 3, 4, 13, 22, 23, 24, 15, 6, 7, 8, 17, 26, 35, 34, 43, 42, 41, 40, 49, 48, 57, 56, 55, 54, 63, 72, 73, 74, 75, 76, 67, 68, 59, 60, 61, 70, 79, 80]
[00:00:03:06:121] ! Unidirectional s-t. expansions: 36,482, time: 186,121 [ms], path length: 48 [edges], generated: 60,786
[00:00:00:00:219] New longest path found with length 34 at expansion 33
[00:00:00:00:257] New longest path found with length 44 at expansion 48
[00:00:00:00:842] New longest path found with length 46 at expansion 217
[00:00:01:11:813] New longest path found with length 48 at expansion 13,277
[00:00:02:39:836] Path of length 48 found: [80, 79, 70, 61, 60, 59, 68, 67, 76, 75, 74, 73, 72, 63, 54, 55, 56, 57, 48, 49, 40, 41, 42, 43, 34, 35, 26, 17, 8, 7, 6, 15, 24, 23, 22, 13, 4, 3, 2, 11, 20, 29, 38, 37, 36, 27, 18, 9, 0]
[00:00:02:39:837] ! Unidirectional t-s. expansions: 27,475, time: 159,837 [ms], path length: 48 [edges], generated: 49,173
[00:00:00:00:185] New longest path found with length 46 at expansion 23
[00:00:00:17:249] New longest path found with length 48 at expansion 2,295
[00:00:01:13:564] Path of length 48 found: [0, 9, 18, 27, 36, 37, 38, 29, 20, 11, 2, 3, 4, 13, 22, 23, 24, 15, 6, 7, 8, 17, 26, 35, 34, 43, 42, 41, 40, 49, 48, 57, 56, 55, 54, 63, 72, 73, 74, 75, 76, 67, 68, 69, 60, 61, 62, 71, 80]
[00:00:01:14:104] ! Bidirectional. expansions: 8,835, time: 73,564 [ms], path length: 48 [edges], g_F: 24, g_B: 24, generated: {'F': 15,335, 'B': 14,029}, MM: 0, MMPER: -1.0%
[00:00:01:14:104] 
---------- SM_Grids/9x9_grid_with_random_blocks_8per_7 ----------
[00:00:00:00:242] New longest path found with length 42 at expansion 41
[00:00:00:03:090] New longest path found with length 44 at expansion 660
[00:00:02:06:885] New longest path found with length 46 at expansion 23,073
[00:00:02:34:195] New longest path found with length 48 at expansion 27,644
[00:00:04:03:023] Path of length 48 found: [0, 9, 10, 11, 2, 3, 4, 13, 14, 15, 6, 7, 8, 17, 26, 25, 34, 43, 44, 53, 62, 61, 60, 51, 50, 41, 32, 31, 30, 29, 28, 27, 36, 45, 54, 63, 72, 73, 74, 65, 56, 57, 58, 67, 76, 77, 78, 79, 80]
[00:00:04:03:024] ! Unidirectional s-t. expansions: 43,038, time: 243,023 [ms], path length: 48 [edges], generated: 78,739
[00:00:00:00:128] New longest path found with length 16 at expansion 15
[00:00:00:03:651] New longest path found with length 32 at expansion 1,451
[00:00:00:04:928] New longest path found with length 44 at expansion 1,721
[00:00:02:42:838] New longest path found with length 48 at expansion 38,719
[00:00:04:08:300] Path of length 48 found: [80, 79, 78, 77, 68, 67, 58, 57, 56, 65, 74, 73, 72, 63, 54, 45, 46, 37, 38, 29, 30, 31, 40, 41, 50, 51, 60, 61, 62, 53, 44, 43, 34, 25, 26, 17, 8, 7, 6, 15, 14, 13, 4, 3, 2, 11, 10, 9, 0]
[00:00:04:08:301] ! Unidirectional t-s. expansions: 55,068, time: 248,300 [ms], path length: 48 [edges], generated: 90,556
[00:00:00:00:419] New longest path found with length 16 at expansion 98
[00:00:00:00:440] New longest path found with length 20 at expansion 101
[00:00:00:00:544] New longest path found with length 40 at expansion 119
[00:00:00:03:829] New longest path found with length 42 at expansion 686
[00:00:00:33:476] New longest path found with length 44 at expansion 5,273
[00:00:01:18:201] New longest path found with length 46 at expansion 11,174
[00:00:01:54:865] New longest path found with length 48 at expansion 16,285
[00:00:02:46:321] Path of length 48 found: [0, 9, 10, 11, 2, 3, 4, 13, 14, 15, 6, 7, 8, 17, 26, 25, 34, 43, 44, 53, 62, 61, 60, 51, 50, 41, 40, 39, 38, 29, 28, 27, 36, 45, 54, 63, 72, 73, 74, 65, 56, 57, 58, 67, 68, 77, 78, 79, 80]
[00:00:02:46:919] ! Bidirectional. expansions: 22,402, time: 166,322 [ms], path length: 48 [edges], g_F: 24, g_B: 24, generated: {'F': 39,220, 'B': 39,421}, MM: 0, MMPER: -1.0%
[00:00:02:46:919] 
---------- SM_Grids/9x9_grid_with_random_blocks_8per_8 ----------
[00:00:00:00:230] New longest path found with length 40 at expansion 39
[00:00:00:00:308] New longest path found with length 42 at expansion 78
[00:00:00:00:332] New longest path found with length 44 at expansion 89
[00:00:00:03:511] New longest path found with length 46 at expansion 939
[00:00:00:23:167] New longest path found with length 48 at expansion 4,954
[00:00:00:40:023] New longest path found with length 50 at expansion 8,048
[00:00:00:59:658] Path of length 50 found: [0, 9, 18, 27, 36, 37, 46, 55, 54, 63, 72, 73, 74, 65, 66, 67, 76, 77, 78, 69, 60, 59, 50, 49, 48, 39, 30, 29, 20, 11, 2, 3, 4, 13, 22, 23, 24, 15, 6, 7, 8, 17, 26, 35, 34, 43, 52, 53, 62, 71, 80]
[00:00:00:59:658] ! Unidirectional s-t. expansions: 11,225, time: 59,658 [ms], path length: 50 [edges], generated: 18,509
[00:00:00:00:238] New longest path found with length 42 at expansion 48
[00:00:00:00:248] New longest path found with length 44 at expansion 54
[00:00:00:00:408] New longest path found with length 46 at expansion 112
[00:00:00:57:553] New longest path found with length 48 at expansion 11,567
[00:00:01:17:802] New longest path found with length 50 at expansion 15,620
[00:00:01:33:854] Path of length 50 found: [80, 79, 78, 77, 76, 67, 66, 65, 74, 73, 72, 63, 54, 55, 46, 37, 36, 27, 18, 19, 20, 29, 30, 39, 48, 49, 50, 59, 60, 61, 62, 53, 44, 43, 42, 33, 24, 25, 26, 17, 8, 7, 6, 5, 14, 13, 12, 3, 2, 1, 0]
[00:00:01:33:854] ! Unidirectional t-s. expansions: 18,158, time: 93,854 [ms], path length: 50 [edges], generated: 30,072
[00:00:00:00:183] New longest path found with length 44 at expansion 22
[00:00:00:00:624] New longest path found with length 46 at expansion 99
[00:00:00:05:894] New longest path found with length 48 at expansion 764
[00:00:00:07:635] New longest path found with length 50 at expansion 986
[00:00:00:22:383] Path of length 50 found: [0, 9, 18, 27, 36, 37, 46, 55, 54, 63, 72, 73, 74, 65, 66, 67, 76, 77, 78, 69, 60, 59, 50, 49, 48, 39, 30, 29, 20, 11, 2, 3, 4, 13, 22, 23, 24, 15, 6, 7, 8, 17, 26, 35, 34, 43, 52, 53, 62, 71, 80]
[00:00:00:22:916] ! Bidirectional. expansions: 2,301, time: 22,383 [ms], path length: 50 [edges], g_F: 25, g_B: 25, generated: {'F': 3,991, 'B': 3,958}, MM: 0, MMPER: -1.0%
[00:00:00:22:916] 
---------- SM_Grids/9x9_grid_with_random_blocks_8per_9 ----------
[00:00:00:00:230] New longest path found with length 40 at expansion 39
[00:00:00:00:363] New longest path found with length 42 at expansion 94
[00:00:00:02:742] New longest path found with length 44 at expansion 733
[00:00:00:11:990] New longest path found with length 46 at expansion 3,151
[00:00:03:41:146] Path of length 46 found: [0, 9, 18, 27, 36, 45, 54, 55, 64, 73, 74, 75, 66, 67, 68, 59, 60, 51, 42, 33, 24, 23, 22, 31, 40, 49, 48, 47, 38, 29, 20, 11, 2, 3, 4, 5, 6, 7, 16, 17, 26, 35, 44, 53, 62, 71, 80]
[00:00:03:41:147] ! Unidirectional s-t. expansions: 41,619, time: 221,146 [ms], path length: 46 [edges], generated: 73,917
[00:00:00:00:158] New longest path found with length 22 at expansion 21
[00:00:00:06:895] New longest path found with length 24 at expansion 3,445
[00:00:00:06:972] New longest path found with length 40 at expansion 3,463
[00:00:00:07:020] New longest path found with length 42 at expansion 3,480
[00:00:00:07:046] New longest path found with length 44 at expansion 3,492
[00:00:00:54:700] New longest path found with length 46 at expansion 13,468
[00:00:01:40:053] Path of length 46 found: [80, 79, 78, 77, 68, 59, 58, 57, 66, 75, 74, 73, 64, 55, 46, 45, 36, 27, 18, 19, 20, 29, 38, 39, 40, 31, 22, 23, 24, 33, 42, 51, 52, 53, 44, 35, 26, 17, 8, 7, 6, 5, 4, 3, 2, 1, 0]
[00:00:01:40:053] ! Unidirectional t-s. expansions: 21,293, time: 100,053 [ms], path length: 46 [edges], generated: 35,779
[00:00:00:00:201] New longest path found with length 40 at expansion 28
[00:00:00:00:301] New longest path found with length 44 at expansion 57
[00:00:00:07:213] New longest path found with length 46 at expansion 1,004
[00:00:00:40:879] Path of length 46 found: [0, 9, 18, 19, 20, 11, 2, 3, 4, 5, 6, 7, 8, 17, 26, 35, 44, 53, 52, 51, 42, 33, 24, 23, 22, 31, 30, 39, 38, 37, 36, 45, 54, 55, 64, 73, 74, 75, 66, 57, 58, 59, 68, 77, 78, 79, 80]
[00:00:00:41:449] ! Bidirectional. expansions: 4,504, time: 40,879 [ms], path length: 46 [edges], g_F: 23, g_B: 23, generated: {'F': 8,290, 'B': 8,049}, MM: 0, MMPER: -1.0%

[00:00:00:41:450] average expansions: (39,202, 45,656, 10,840, 0)
[00:00:00:41:450] average time: (204,277, 202,193, 89,707, 0)
[00:00:00:41:450] X-DFBnB: 39,202 , 202,193 (expansions , time[ms])
[00:00:00:41:450] BiX-DFBnB: 10,840 , 89,707 (expansions , time[ms])

