Thu 12 Mar 2026 16:04:39 IST

SLURM_JOBID:		 15618398
SLURM_JOB_NODELIST:	 ise-cpu256-29 

--------------------------
date: SM_Grids
number_of_graphs: 10
graph_type: grid
size_of_graphs: [9, 9]
heuristic: bcc_heuristic
snake: True
run_uni: True
run_bi: True
run_multi: False
solution_vertices: []
algorithms: ['full', 'DFBnB']
bsd: False
cube_first_dims: 4
cube_buffer_dim: None
backward_sym_generation: False
sym_coil: False
prefix_set: None

---------- SM_Grids/9x9_grid_with_random_blocks_12per_0 ----------
[00:00:00:15:831] Path of length 46 found: [0, 1, 2, 3, 4, 5, 6, 7, 16, 17, 26, 35, 44, 53, 52, 51, 42, 33, 24, 23, 22, 21, 20, 19, 18, 27, 36, 45, 54, 63, 72, 73, 74, 65, 56, 47, 48, 49, 58, 67, 76, 77, 78, 69, 70, 71, 80]
[00:00:00:15:831] ! Unidirectional s-t. expansions: 5,505, time: 15,831 [ms], path length: 46 [edges], generated: 10,180
[00:00:00:13:106] Path of length 46 found: [80, 71, 70, 69, 78, 77, 76, 67, 58, 49, 48, 47, 56, 65, 74, 73, 72, 63, 54, 45, 36, 27, 28, 29, 20, 21, 22, 23, 24, 33, 42, 51, 52, 53, 44, 35, 26, 17, 8, 7, 6, 5, 4, 3, 2, 1, 0]
[00:00:00:13:106] ! Unidirectional t-s. expansions: 4,965, time: 13,106 [ms], path length: 46 [edges], generated: 8,138
[00:00:00:26:309] Path of length 46 found: [80, 71, 70, 69, 78, 77, 76, 67, 58, 49, 48, 47, 56, 65, 74, 73, 72, 63, 54, 45, 36, 27, 28, 29, 20, 21, 22, 23, 24, 33, 42, 51, 52, 53, 44, 35, 26, 17, 16, 7, 6, 5, 4, 3, 2, 1, 0]
[00:00:00:26:876] ! Bidirectional. expansions: 7,994, time: 26,309 [ms], path length: 46 [edges], g_F: 23, g_B: 23, generated: 14,093, MM: 0, MMPER: -1.0%
[00:00:00:26:876] 
---------- SM_Grids/9x9_grid_with_random_blocks_12per_1 ----------
[00:00:00:24:297] Path of length 46 found: [0, 9, 10, 11, 2, 3, 4, 5, 6, 15, 16, 25, 26, 35, 44, 53, 62, 61, 60, 51, 42, 33, 32, 23, 22, 21, 30, 29, 38, 37, 46, 45, 54, 63, 72, 73, 74, 65, 56, 57, 58, 67, 76, 77, 78, 79, 80]
[00:00:00:24:298] ! Unidirectional s-t. expansions: 9,277, time: 24,297 [ms], path length: 46 [edges], generated: 15,732
[00:00:00:17:975] Path of length 46 found: [80, 71, 62, 53, 44, 35, 26, 17, 8, 7, 6, 5, 4, 13, 22, 23, 32, 33, 42, 51, 60, 69, 78, 77, 76, 75, 74, 73, 72, 63, 54, 45, 46, 47, 56, 57, 58, 49, 40, 39, 30, 29, 20, 11, 2, 1, 0]
[00:00:00:17:976] ! Unidirectional t-s. expansions: 6,579, time: 17,975 [ms], path length: 46 [edges], generated: 11,422
[00:00:00:34:945] Path of length 46 found: [0, 9, 10, 11, 2, 3, 4, 5, 6, 15, 16, 25, 26, 35, 44, 53, 62, 61, 60, 51, 42, 33, 32, 23, 22, 21, 30, 39, 38, 37, 46, 45, 54, 63, 72, 73, 74, 65, 56, 57, 58, 67, 68, 77, 78, 79, 80]
[00:00:00:35:486] ! Bidirectional. expansions: 10,811, time: 34,946 [ms], path length: 46 [edges], g_F: 25, g_B: 21, generated: 19,433, MM: 4, MMPER: 7.51063829787234%
[00:00:00:35:486] 
---------- SM_Grids/9x9_grid_with_random_blocks_12per_2 ----------
[00:00:00:30:163] Path of length 44 found: [0, 9, 18, 27, 28, 29, 20, 11, 12, 13, 22, 31, 40, 39, 48, 47, 46, 55, 64, 73, 74, 75, 66, 67, 58, 59, 50, 51, 42, 33, 24, 15, 6, 7, 8, 17, 26, 35, 44, 53, 62, 61, 70, 79, 80]
[00:00:00:30:164] ! Unidirectional s-t. expansions: 11,048, time: 30,163 [ms], path length: 44 [edges], generated: 19,270
[00:00:00:26:509] Path of length 44 found: [80, 79, 78, 69, 60, 61, 62, 53, 44, 43, 42, 33, 24, 25, 26, 17, 8, 7, 6, 5, 14, 13, 22, 31, 40, 39, 48, 57, 58, 67, 76, 75, 74, 65, 64, 55, 46, 37, 28, 29, 20, 11, 2, 1, 0]
[00:00:00:26:509] ! Unidirectional t-s. expansions: 10,393, time: 26,509 [ms], path length: 44 [edges], generated: 17,423
[00:00:00:45:884] Path of length 44 found: [0, 9, 18, 27, 28, 29, 20, 11, 12, 13, 22, 31, 40, 39, 48, 47, 46, 55, 64, 73, 74, 75, 76, 67, 58, 59, 50, 51, 42, 33, 24, 15, 6, 7, 8, 17, 26, 35, 44, 53, 62, 61, 70, 79, 80]
[00:00:00:46:548] ! Bidirectional. expansions: 14,699, time: 45,884 [ms], path length: 44 [edges], g_F: 19, g_B: 25, generated: 25,692, MM: 6, MMPER: 12.333333333333334%
[00:00:00:46:548] 
---------- SM_Grids/9x9_grid_with_random_blocks_12per_3 ----------
[00:00:00:15:897] Path of length 46 found: [0, 1, 2, 3, 12, 21, 20, 19, 28, 37, 46, 45, 54, 63, 72, 73, 74, 75, 76, 67, 58, 57, 48, 39, 40, 31, 32, 23, 14, 5, 6, 7, 8, 17, 26, 25, 34, 43, 44, 53, 62, 61, 60, 69, 78, 79, 80]
[00:00:00:15:898] ! Unidirectional s-t. expansions: 6,366, time: 15,897 [ms], path length: 46 [edges], generated: 10,961
[00:00:00:29:660] Path of length 46 found: [80, 71, 62, 53, 44, 43, 42, 51, 60, 69, 68, 77, 76, 75, 74, 73, 72, 63, 54, 45, 46, 47, 56, 57, 58, 49, 40, 31, 32, 23, 24, 25, 26, 17, 8, 7, 6, 5, 4, 3, 12, 21, 20, 19, 10, 1, 0]
[00:00:00:29:661] ! Unidirectional t-s. expansions: 10,624, time: 29,660 [ms], path length: 46 [edges], generated: 18,287
[00:00:00:36:639] Path of length 46 found: [80, 79, 78, 69, 60, 61, 62, 53, 44, 43, 34, 25, 26, 17, 8, 7, 6, 15, 14, 23, 32, 31, 40, 39, 48, 57, 58, 67, 76, 75, 74, 73, 72, 63, 54, 45, 46, 37, 28, 19, 20, 21, 12, 3, 2, 1, 0]
[00:00:00:37:179] ! Bidirectional. expansions: 10,993, time: 36,639 [ms], path length: 46 [edges], g_F: 21, g_B: 25, generated: 19,638, MM: 4, MMPER: 7.51063829787234%
[00:00:00:37:180] 
---------- SM_Grids/9x9_grid_with_random_blocks_12per_4 ----------
[00:00:00:08:699] Path of length 46 found: [0, 9, 18, 27, 28, 37, 46, 45, 54, 63, 72, 73, 74, 65, 56, 57, 48, 49, 40, 41, 32, 23, 22, 21, 20, 11, 2, 3, 4, 5, 6, 15, 16, 25, 26, 35, 44, 43, 52, 51, 60, 59, 68, 77, 78, 79, 80]
[00:00:00:08:700] ! Unidirectional s-t. expansions: 2,961, time: 8,699 [ms], path length: 46 [edges], generated: 5,340
[00:00:00:05:959] Path of length 46 found: [80, 79, 78, 77, 68, 59, 60, 61, 52, 53, 44, 35, 26, 17, 16, 15, 6, 5, 4, 3, 2, 11, 20, 21, 22, 23, 32, 41, 40, 49, 48, 57, 56, 65, 74, 73, 72, 63, 54, 45, 46, 37, 28, 27, 18, 9, 0]
[00:00:00:05:959] ! Unidirectional t-s. expansions: 1,905, time: 5,959 [ms], path length: 46 [edges], generated: 3,191
[00:00:00:13:421] Path of length 46 found: [80, 79, 78, 77, 68, 67, 58, 57, 56, 65, 74, 73, 72, 63, 54, 45, 46, 37, 38, 39, 30, 21, 22, 23, 32, 33, 42, 51, 60, 61, 62, 53, 44, 35, 26, 25, 16, 15, 6, 5, 4, 3, 2, 11, 10, 9, 0]
[00:00:00:13:953] ! Bidirectional. expansions: 3,919, time: 13,421 [ms], path length: 46 [edges], g_F: 21, g_B: 25, generated: 6,920, MM: 4, MMPER: 7.51063829787234%
[00:00:00:13:954] 
---------- SM_Grids/9x9_grid_with_random_blocks_12per_5 ----------
[00:00:00:04:798] Path of length 40 found: [0, 9, 18, 27, 36, 45, 46, 47, 56, 65, 66, 67, 76, 77, 78, 69, 60, 59, 50, 49, 40, 39, 30, 29, 20, 11, 2, 3, 4, 13, 22, 23, 32, 33, 42, 43, 52, 53, 62, 71, 80]
[00:00:00:04:799] ! Unidirectional s-t. expansions: 1,479, time: 4,799 [ms], path length: 40 [edges], generated: 2,662
[00:00:00:04:095] Path of length 40 found: [80, 71, 62, 53, 44, 43, 42, 33, 24, 23, 14, 13, 4, 3, 2, 11, 20, 21, 30, 31, 40, 49, 50, 59, 60, 69, 78, 77, 76, 67, 66, 57, 56, 47, 38, 37, 28, 27, 18, 9, 0]
[00:00:00:04:096] ! Unidirectional t-s. expansions: 1,298, time: 4,096 [ms], path length: 40 [edges], generated: 2,331
[00:00:00:08:902] Path of length 40 found: [0, 1, 2, 3, 4, 13, 14, 23, 24, 33, 42, 43, 44, 53, 62, 61, 60, 59, 50, 49, 40, 39, 30, 29, 20, 19, 18, 27, 36, 37, 46, 47, 56, 57, 66, 67, 76, 77, 78, 79, 80]
[00:00:00:09:456] ! Bidirectional. expansions: 2,558, time: 8,902 [ms], path length: 40 [edges], g_F: 19, g_B: 21, generated: 4,687, MM: 2, MMPER: 3.8780487804878048%
[00:00:00:09:456] 
---------- SM_Grids/9x9_grid_with_random_blocks_12per_6 ----------
[00:00:00:18:143] Path of length 48 found: [0, 1, 10, 19, 18, 27, 36, 37, 38, 39, 48, 57, 56, 55, 54, 63, 72, 73, 74, 75, 76, 67, 68, 59, 50, 51, 42, 33, 32, 23, 22, 21, 12, 3, 4, 5, 6, 15, 16, 25, 26, 35, 44, 53, 62, 61, 70, 79, 80]
[00:00:00:18:144] ! Unidirectional s-t. expansions: 5,959, time: 18,143 [ms], path length: 48 [edges], generated: 10,479
[00:00:00:11:604] Path of length 48 found: [80, 71, 62, 53, 44, 35, 26, 17, 16, 7, 6, 5, 4, 3, 12, 21, 22, 23, 24, 33, 42, 41, 50, 59, 60, 69, 78, 77, 76, 75, 74, 73, 72, 63, 54, 55, 56, 57, 48, 39, 38, 37, 36, 27, 18, 19, 10, 1, 0]
[00:00:00:11:604] ! Unidirectional t-s. expansions: 4,154, time: 11,604 [ms], path length: 48 [edges], generated: 6,706
[00:00:00:27:977] Path of length 48 found: [80, 71, 62, 53, 44, 35, 26, 17, 16, 7, 6, 5, 4, 3, 12, 21, 22, 23, 24, 33, 42, 41, 50, 59, 60, 69, 78, 77, 76, 75, 74, 73, 72, 63, 54, 55, 56, 57, 48, 39, 38, 37, 36, 27, 18, 19, 10, 1, 0]
[00:00:00:28:503] ! Bidirectional. expansions: 8,311, time: 27,978 [ms], path length: 48 [edges], g_F: 23, g_B: 25, generated: 14,470, MM: 2, MMPER: 3.0816326530612246%
[00:00:00:28:503] 
---------- SM_Grids/9x9_grid_with_random_blocks_12per_7 ----------
[00:00:00:30:008] Path of length 44 found: [0, 9, 18, 27, 36, 45, 54, 63, 64, 73, 74, 75, 76, 77, 68, 59, 58, 57, 56, 47, 38, 39, 40, 31, 22, 21, 20, 11, 2, 3, 4, 5, 6, 7, 16, 25, 24, 33, 42, 51, 52, 53, 62, 71, 80]
[00:00:00:30:009] ! Unidirectional s-t. expansions: 11,380, time: 30,008 [ms], path length: 44 [edges], generated: 19,782
[00:00:00:46:092] Path of length 44 found: [80, 71, 62, 53, 52, 51, 42, 41, 40, 31, 22, 23, 24, 25, 16, 7, 6, 5, 4, 3, 2, 11, 20, 29, 38, 47, 48, 57, 58, 59, 68, 77, 76, 75, 74, 65, 64, 55, 54, 45, 36, 27, 18, 9, 0]
[00:00:00:46:093] ! Unidirectional t-s. expansions: 16,618, time: 46,092 [ms], path length: 44 [edges], generated: 29,289
[00:00:01:53:770] Path of length 44 found: [0, 9, 18, 27, 36, 45, 54, 63, 64, 73, 74, 75, 76, 77, 68, 59, 58, 57, 56, 47, 38, 29, 20, 11, 2, 3, 4, 5, 6, 7, 16, 25, 24, 23, 22, 31, 40, 41, 42, 51, 52, 53, 62, 71, 80]
[00:00:01:54:760] ! Bidirectional. expansions: 36,862, time: 113,771 [ms], path length: 44 [edges], g_F: 22, g_B: 22, generated: 67,501, MM: 0, MMPER: -1.0%
[00:00:01:54:760] 
---------- SM_Grids/9x9_grid_with_random_blocks_12per_8 ----------
[00:00:00:05:249] Path of length 48 found: [0, 9, 18, 19, 20, 11, 2, 3, 4, 13, 22, 31, 32, 33, 24, 15, 6, 7, 8, 17, 26, 35, 44, 53, 62, 61, 60, 51, 50, 49, 48, 47, 38, 37, 36, 45, 54, 63, 72, 73, 74, 75, 66, 67, 68, 77, 78, 79, 80]
[00:00:00:05:250] ! Unidirectional s-t. expansions: 1,622, time: 5,249 [ms], path length: 48 [edges], generated: 2,585
[00:00:00:11:072] Path of length 48 found: [80, 79, 78, 77, 68, 67, 66, 75, 74, 73, 72, 63, 54, 45, 36, 37, 38, 47, 48, 49, 40, 41, 42, 51, 60, 61, 62, 53, 44, 35, 26, 17, 8, 7, 6, 15, 24, 23, 22, 13, 4, 3, 2, 11, 20, 19, 18, 9, 0]
[00:00:00:11:073] ! Unidirectional t-s. expansions: 3,577, time: 11,072 [ms], path length: 48 [edges], generated: 5,824
[00:00:00:15:738] Path of length 48 found: [0, 9, 18, 19, 20, 11, 2, 3, 4, 13, 22, 31, 32, 33, 24, 15, 6, 7, 8, 17, 26, 35, 44, 53, 62, 61, 60, 51, 50, 49, 48, 47, 38, 37, 36, 45, 54, 63, 72, 73, 74, 75, 66, 67, 68, 77, 78, 79, 80]
[00:00:00:16:290] ! Bidirectional. expansions: 4,511, time: 15,739 [ms], path length: 48 [edges], g_F: 23, g_B: 25, generated: 7,399, MM: 2, MMPER: 3.0816326530612246%
[00:00:00:16:290] 
---------- SM_Grids/9x9_grid_with_random_blocks_12per_9 ----------
[00:00:00:35:439] Path of length 44 found: [0, 1, 2, 11, 20, 19, 18, 27, 36, 37, 38, 47, 56, 55, 54, 63, 72, 73, 74, 75, 76, 77, 78, 69, 60, 59, 50, 41, 40, 31, 22, 13, 14, 15, 16, 17, 26, 35, 34, 43, 52, 53, 62, 71, 80]
[00:00:00:35:440] ! Unidirectional s-t. expansions: 12,244, time: 35,439 [ms], path length: 44 [edges], generated: 22,680
[00:00:00:53:342] Path of length 44 found: [80, 71, 62, 53, 52, 43, 34, 35, 26, 17, 16, 15, 14, 23, 22, 31, 40, 39, 48, 57, 58, 59, 60, 69, 78, 77, 76, 75, 74, 73, 72, 63, 54, 55, 46, 37, 36, 27, 18, 19, 20, 11, 2, 1, 0]
[00:00:00:53:344] ! Unidirectional t-s. expansions: 23,984, time: 53,343 [ms], path length: 44 [edges], generated: 39,438
[00:00:01:05:316] Path of length 44 found: [0, 1, 2, 11, 20, 19, 18, 27, 36, 37, 38, 47, 56, 55, 54, 63, 72, 73, 74, 75, 76, 77, 78, 69, 60, 59, 50, 41, 40, 31, 22, 23, 14, 15, 16, 17, 26, 35, 34, 43, 52, 53, 62, 71, 80]
[00:00:01:05:892] ! Bidirectional. expansions: 20,131, time: 65,316 [ms], path length: 44 [edges], g_F: 19, g_B: 25, generated: 36,950, MM: 6, MMPER: 12.333333333333334%

[00:00:01:05:892] average expansions: (6,784, 8,410, 12,079, 0)
[00:00:01:05:892] average time: (18,852, 21,942, 38,890, 0)
[00:00:01:05:892] A*: 6,784 , 18,852 (expansions , time[ms])
[00:00:01:05:892] XMM: 12,079 , 38,890 (expansions , time[ms])

[00:00:01:05:892] 
---------- SM_Grids/9x9_grid_with_random_blocks_12per_0 ----------
[00:00:00:00:244] New longest path found with length 44 at expansion 50
[00:00:00:26:688] New longest path found with length 46 at expansion 5,141
[00:00:00:47:598] Path of length 46 found: [0, 1, 2, 3, 4, 5, 6, 7, 16, 17, 26, 35, 44, 53, 52, 51, 42, 33, 24, 23, 22, 21, 20, 19, 18, 27, 36, 45, 54, 63, 72, 73, 74, 65, 56, 47, 48, 49, 58, 67, 76, 77, 78, 69, 70, 71, 80]
[00:00:00:47:599] ! Unidirectional s-t. expansions: 8,650, time: 47,598 [ms], path length: 46 [edges], generated: 15,751
[00:00:00:00:187] New longest path found with length 30 at expansion 30
[00:00:00:08:853] New longest path found with length 34 at expansion 1,726
[00:00:00:08:896] New longest path found with length 46 at expansion 1,744
[00:00:00:27:516] Path of length 46 found: [80, 71, 70, 69, 78, 77, 76, 67, 58, 49, 48, 47, 56, 65, 74, 73, 72, 63, 54, 45, 36, 27, 18, 19, 20, 21, 22, 23, 24, 33, 42, 51, 52, 53, 44, 35, 26, 17, 8, 7, 6, 5, 4, 3, 2, 1, 0]
[00:00:00:27:516] ! Unidirectional t-s. expansions: 5,152, time: 27,516 [ms], path length: 46 [edges], generated: 8,628
[00:00:00:00:137] New longest path found with length 30 at expansion 15
[00:00:00:00:358] New longest path found with length 44 at expansion 52
[00:00:00:04:189] New longest path found with length 46 at expansion 689
[00:00:00:07:204] Path of length 46 found: [0, 1, 2, 3, 4, 5, 6, 7, 16, 17, 26, 35, 44, 53, 52, 51, 42, 33, 24, 23, 22, 21, 20, 19, 18, 27, 36, 45, 54, 63, 72, 73, 74, 65, 56, 47, 48, 49, 58, 67, 76, 77, 78, 69, 70, 71, 80]
[00:00:00:07:785] ! Bidirectional. expansions: 1,025, time: 7,204 [ms], path length: 46 [edges], g_F: 23, g_B: 23, generated: {'F': 1,718, 'B': 1,707}, MM: 0, MMPER: -1.0%
[00:00:00:07:785] 
---------- SM_Grids/9x9_grid_with_random_blocks_12per_1 ----------
[00:00:00:00:210] New longest path found with length 44 at expansion 44
[00:00:00:09:126] New longest path found with length 46 at expansion 2,113
[00:00:00:53:540] Path of length 46 found: [0, 9, 10, 19, 20, 29, 30, 39, 40, 49, 58, 57, 56, 47, 46, 45, 54, 63, 72, 73, 74, 75, 76, 77, 68, 69, 60, 51, 42, 33, 32, 23, 22, 13, 4, 5, 6, 15, 16, 25, 26, 35, 44, 53, 62, 71, 80]
[00:00:00:53:541] ! Unidirectional s-t. expansions: 10,729, time: 53,541 [ms], path length: 46 [edges], generated: 18,091
[00:00:00:00:145] New longest path found with length 22 at expansion 21
[00:00:00:00:222] New longest path found with length 28 at expansion 37
[00:00:00:00:304] New longest path found with length 40 at expansion 62
[00:00:00:00:482] New longest path found with length 42 at expansion 123
[00:00:00:03:496] New longest path found with length 46 at expansion 701
[00:00:00:37:202] Path of length 46 found: [80, 71, 62, 61, 60, 69, 78, 77, 76, 67, 58, 57, 56, 65, 74, 73, 72, 63, 54, 45, 46, 37, 38, 29, 30, 21, 22, 23, 32, 41, 42, 43, 44, 35, 26, 17, 8, 7, 6, 5, 4, 3, 2, 11, 10, 9, 0]
[00:00:00:37:203] ! Unidirectional t-s. expansions: 7,048, time: 37,202 [ms], path length: 46 [edges], generated: 12,263
[00:00:00:00:159] New longest path found with length 40 at expansion 20
[00:00:00:00:195] New longest path found with length 42 at expansion 27
[00:00:00:02:410] New longest path found with length 46 at expansion 452
[00:00:00:24:948] Path of length 46 found: [0, 9, 10, 19, 20, 21, 12, 3, 4, 5, 6, 15, 16, 25, 26, 35, 44, 43, 42, 33, 32, 31, 40, 39, 38, 37, 46, 45, 54, 63, 72, 73, 74, 65, 56, 57, 58, 67, 76, 77, 78, 69, 60, 61, 62, 71, 80]
[00:00:00:25:476] ! Bidirectional. expansions: 3,919, time: 24,948 [ms], path length: 46 [edges], g_F: 23, g_B: 23, generated: {'F': 5,926, 'B': 5,987}, MM: 0, MMPER: -1.0%
[00:00:00:25:476] 
---------- SM_Grids/9x9_grid_with_random_blocks_12per_2 ----------
[00:00:00:00:216] New longest path found with length 44 at expansion 46
[00:00:00:59:201] Path of length 44 found: [0, 9, 18, 27, 28, 29, 20, 11, 12, 13, 22, 31, 40, 39, 48, 47, 46, 55, 64, 73, 74, 75, 66, 67, 58, 59, 50, 51, 42, 33, 24, 15, 6, 7, 8, 17, 26, 35, 44, 53, 62, 61, 70, 79, 80]
[00:00:00:59:202] ! Unidirectional s-t. expansions: 11,042, time: 59,202 [ms], path length: 44 [edges], generated: 19,270
[00:00:00:00:176] New longest path found with length 26 at expansion 25
[00:00:00:00:255] New longest path found with length 38 at expansion 45
[00:00:00:00:568] New longest path found with length 40 at expansion 152
[00:00:00:14:469] New longest path found with length 42 at expansion 3,555
[00:00:00:25:795] New longest path found with length 44 at expansion 6,097
[00:00:01:09:765] Path of length 44 found: [80, 71, 62, 53, 44, 43, 42, 33, 24, 25, 26, 17, 8, 7, 6, 5, 14, 13, 22, 31, 40, 49, 50, 59, 60, 69, 78, 77, 76, 75, 74, 73, 64, 55, 56, 47, 38, 37, 28, 19, 20, 11, 2, 1, 0]
[00:00:01:09:765] ! Unidirectional t-s. expansions: 14,868, time: 69,765 [ms], path length: 44 [edges], generated: 25,120
[00:00:00:00:177] New longest path found with length 38 at expansion 20
[00:00:00:04:243] New longest path found with length 42 at expansion 697
[00:00:00:13:340] New longest path found with length 44 at expansion 1,814
[00:00:00:32:845] Path of length 44 found: [0, 9, 10, 11, 20, 29, 28, 37, 46, 55, 64, 73, 74, 75, 76, 77, 78, 69, 60, 59, 58, 57, 48, 39, 40, 31, 22, 13, 14, 5, 6, 7, 8, 17, 26, 25, 24, 33, 42, 43, 44, 53, 62, 71, 80]
[00:00:00:33:376] ! Bidirectional. expansions: 3,701, time: 32,845 [ms], path length: 44 [edges], g_F: 22, g_B: 22, generated: {'F': 6,819, 'B': 6,498}, MM: 0, MMPER: -1.0%
[00:00:00:33:376] 
---------- SM_Grids/9x9_grid_with_random_blocks_12per_3 ----------
[00:00:00:00:216] New longest path found with length 40 at expansion 40
[00:00:00:00:362] New longest path found with length 44 at expansion 93
[00:00:00:04:752] New longest path found with length 46 at expansion 1,419
[00:00:00:35:546] Path of length 46 found: [0, 1, 10, 19, 28, 37, 46, 45, 54, 63, 72, 73, 74, 75, 76, 67, 58, 57, 48, 39, 40, 31, 22, 21, 12, 3, 4, 5, 6, 7, 8, 17, 26, 25, 24, 33, 42, 43, 44, 53, 62, 61, 60, 69, 78, 79, 80]
[00:00:00:35:546] ! Unidirectional s-t. expansions: 7,545, time: 35,546 [ms], path length: 46 [edges], generated: 12,718
[00:00:00:00:211] New longest path found with length 42 at expansion 41
[00:00:00:00:541] New longest path found with length 44 at expansion 148
[00:00:00:35:174] New longest path found with length 46 at expansion 7,303
[00:00:01:20:607] Path of length 46 found: [80, 79, 78, 69, 60, 61, 62, 53, 44, 35, 26, 17, 8, 7, 6, 15, 24, 33, 32, 41, 40, 39, 48, 57, 58, 67, 76, 75, 74, 73, 64, 63, 54, 45, 46, 37, 28, 19, 20, 21, 22, 13, 4, 3, 2, 1, 0]
[00:00:01:20:608] ! Unidirectional t-s. expansions: 16,029, time: 80,607 [ms], path length: 46 [edges], generated: 27,374
[00:00:00:00:166] New longest path found with length 40 at expansion 20
[00:00:00:00:176] New longest path found with length 42 at expansion 25
[00:00:00:00:738] New longest path found with length 44 at expansion 133
[00:00:00:05:231] New longest path found with length 46 at expansion 815
[00:00:00:22:203] Path of length 46 found: [0, 1, 10, 19, 28, 37, 46, 45, 54, 63, 72, 73, 74, 75, 76, 67, 58, 57, 48, 39, 40, 41, 42, 33, 24, 23, 22, 21, 12, 3, 4, 5, 6, 7, 8, 17, 26, 35, 44, 53, 62, 61, 60, 69, 78, 79, 80]
[00:00:00:22:763] ! Bidirectional. expansions: 2,988, time: 22,203 [ms], path length: 46 [edges], g_F: 23, g_B: 23, generated: {'F': 5,011, 'B': 5,132}, MM: 0, MMPER: -1.0%
[00:00:00:22:764] 
---------- SM_Grids/9x9_grid_with_random_blocks_12per_4 ----------
[00:00:00:00:156] New longest path found with length 24 at expansion 24
[00:00:00:00:210] New longest path found with length 30 at expansion 37
[00:00:00:00:258] New longest path found with length 40 at expansion 55
[00:00:00:00:515] New longest path found with length 42 at expansion 119
[00:00:00:01:929] New longest path found with length 44 at expansion 403
[00:00:00:09:037] New longest path found with length 46 at expansion 1,689
[00:00:00:21:294] Path of length 46 found: [0, 9, 10, 11, 2, 3, 4, 5, 6, 15, 16, 25, 26, 35, 44, 53, 62, 61, 60, 51, 42, 33, 32, 23, 22, 21, 30, 39, 38, 37, 36, 45, 54, 63, 72, 73, 74, 65, 56, 57, 58, 67, 68, 77, 78, 79, 80]
[00:00:00:21:294] ! Unidirectional s-t. expansions: 3,877, time: 21,294 [ms], path length: 46 [edges], generated: 7,118
[00:00:00:00:110] New longest path found with length 16 at expansion 15
[00:00:00:00:228] New longest path found with length 34 at expansion 43
[00:00:00:01:471] New longest path found with length 44 at expansion 288
[00:00:00:02:372] New longest path found with length 46 at expansion 468
[00:00:00:12:333] Path of length 46 found: [80, 79, 78, 77, 68, 59, 60, 51, 52, 43, 44, 35, 26, 17, 16, 15, 6, 5, 4, 3, 2, 11, 20, 21, 22, 23, 32, 41, 40, 49, 48, 57, 56, 65, 74, 73, 72, 63, 54, 45, 46, 37, 28, 27, 18, 9, 0]
[00:00:00:12:334] ! Unidirectional t-s. expansions: 2,208, time: 12,334 [ms], path length: 46 [edges], generated: 3,707
[00:00:00:00:144] New longest path found with length 32 at expansion 17
[00:00:00:00:206] New longest path found with length 34 at expansion 27
[00:00:00:00:343] New longest path found with length 40 at expansion 45
[00:00:00:00:379] New longest path found with length 42 at expansion 56
[00:00:00:00:495] New longest path found with length 44 at expansion 78
[00:00:00:01:397] New longest path found with length 46 at expansion 226
[00:00:00:08:586] Path of length 46 found: [0, 9, 10, 11, 2, 3, 4, 5, 6, 15, 16, 25, 26, 35, 44, 53, 62, 61, 60, 51, 42, 33, 32, 23, 22, 21, 30, 39, 38, 37, 36, 45, 54, 63, 72, 73, 74, 65, 56, 57, 58, 67, 68, 77, 78, 79, 80]
[00:00:00:09:126] ! Bidirectional. expansions: 949, time: 8,586 [ms], path length: 46 [edges], g_F: 23, g_B: 23, generated: {'F': 1,720, 'B': 1,710}, MM: 0, MMPER: -1.0%
[00:00:00:09:126] 
---------- SM_Grids/9x9_grid_with_random_blocks_12per_5 ----------
[00:00:00:00:115] New longest path found with length 16 at expansion 15
[00:00:00:00:190] New longest path found with length 36 at expansion 36
[00:00:00:05:080] New longest path found with length 40 at expansion 892
[00:00:00:12:950] Path of length 40 found: [0, 9, 18, 27, 36, 45, 46, 47, 56, 65, 66, 67, 76, 77, 78, 69, 60, 59, 50, 49, 40, 39, 30, 29, 20, 11, 2, 3, 4, 13, 22, 23, 32, 33, 42, 43, 52, 53, 62, 71, 80]
[00:00:00:12:950] ! Unidirectional s-t. expansions: 2,175, time: 12,950 [ms], path length: 40 [edges], generated: 4,027
[00:00:00:03:794] New longest path found with length 18 at expansion 1,784
[00:00:00:03:876] New longest path found with length 40 at expansion 1,808
[00:00:00:11:481] Path of length 40 found: [80, 71, 62, 53, 44, 43, 42, 33, 24, 23, 14, 13, 4, 3, 2, 11, 20, 21, 30, 31, 40, 49, 50, 59, 60, 69, 78, 77, 76, 67, 66, 57, 56, 47, 38, 37, 28, 27, 18, 9, 0]
[00:00:00:11:481] ! Unidirectional t-s. expansions: 3,065, time: 11,481 [ms], path length: 40 [edges], generated: 4,099
[00:00:00:00:161] New longest path found with length 38 at expansion 19
[00:00:00:01:571] New longest path found with length 40 at expansion 163
[00:00:00:05:022] Path of length 40 found: [0, 9, 18, 27, 36, 45, 46, 47, 56, 65, 66, 67, 76, 77, 78, 69, 60, 59, 50, 49, 40, 39, 30, 29, 20, 11, 2, 3, 4, 13, 14, 23, 24, 33, 42, 43, 44, 53, 62, 71, 80]
[00:00:00:05:546] ! Bidirectional. expansions: 479, time: 5,022 [ms], path length: 40 [edges], g_F: 20, g_B: 20, generated: {'F': 898, 'B': 872}, MM: 0, MMPER: -1.0%
[00:00:00:05:546] 
---------- SM_Grids/9x9_grid_with_random_blocks_12per_6 ----------
[00:00:00:00:286] New longest path found with length 48 at expansion 47
[00:00:00:34:189] Path of length 48 found: [0, 1, 10, 19, 18, 27, 36, 37, 38, 39, 48, 57, 56, 55, 54, 63, 72, 73, 74, 75, 76, 67, 68, 59, 50, 51, 42, 33, 32, 23, 22, 21, 12, 3, 4, 5, 6, 15, 16, 25, 26, 35, 44, 53, 62, 61, 70, 79, 80]
[00:00:00:34:189] ! Unidirectional s-t. expansions: 5,958, time: 34,189 [ms], path length: 48 [edges], generated: 10,479
[00:00:00:00:128] New longest path found with length 18 at expansion 17
[00:00:00:27:088] New longest path found with length 20 at expansion 15,883
[00:00:00:49:569] New longest path found with length 36 at expansion 29,498
[00:00:00:50:260] New longest path found with length 42 at expansion 29,778
[00:00:00:51:636] New longest path found with length 44 at expansion 30,208
[00:00:00:53:786] New longest path found with length 48 at expansion 30,788
[00:00:01:15:244] Path of length 48 found: [80, 71, 62, 53, 44, 35, 26, 17, 16, 7, 6, 5, 4, 3, 12, 21, 22, 23, 24, 33, 42, 41, 50, 59, 60, 69, 78, 77, 76, 75, 74, 73, 72, 63, 54, 55, 56, 57, 48, 39, 38, 37, 36, 27, 18, 19, 10, 1, 0]
[00:00:01:15:244] ! Unidirectional t-s. expansions: 34,731, time: 75,244 [ms], path length: 48 [edges], generated: 37,809
[00:00:00:00:151] New longest path found with length 30 at expansion 17
[00:00:00:00:188] New longest path found with length 34 at expansion 24
[00:00:00:00:337] New longest path found with length 46 at expansion 46
[00:00:00:00:359] New longest path found with length 48 at expansion 56
[00:00:00:09:675] Path of length 48 found: [0, 1, 10, 19, 18, 27, 36, 37, 38, 39, 48, 57, 56, 55, 54, 63, 72, 73, 74, 75, 76, 77, 78, 69, 60, 59, 50, 41, 42, 33, 24, 23, 22, 21, 12, 3, 4, 5, 6, 7, 8, 17, 26, 35, 44, 53, 62, 71, 80]
[00:00:00:10:203] ! Bidirectional. expansions: 1,088, time: 9,675 [ms], path length: 48 [edges], g_F: 24, g_B: 24, generated: {'F': 1,750, 'B': 1,917}, MM: 0, MMPER: -1.0%
[00:00:00:10:203] 
---------- SM_Grids/9x9_grid_with_random_blocks_12per_7 ----------
[00:00:00:00:387] New longest path found with length 40 at expansion 39
[00:00:00:00:573] New longest path found with length 42 at expansion 122
[00:00:00:04:146] New longest path found with length 44 at expansion 1,040
[00:00:01:00:913] Path of length 44 found: [0, 9, 18, 27, 36, 45, 54, 63, 64, 73, 74, 75, 76, 77, 68, 59, 58, 57, 56, 47, 38, 39, 40, 31, 22, 21, 20, 11, 2, 3, 4, 5, 6, 7, 16, 25, 24, 33, 42, 51, 52, 53, 62, 71, 80]
[00:00:01:00:914] ! Unidirectional s-t. expansions: 11,900, time: 60,913 [ms], path length: 44 [edges], generated: 20,661
[00:00:00:00:213] New longest path found with length 44 at expansion 43
[00:00:01:25:403] Path of length 44 found: [80, 79, 70, 61, 52, 51, 42, 33, 34, 25, 16, 7, 6, 5, 4, 3, 2, 11, 20, 21, 22, 31, 40, 39, 38, 47, 56, 57, 58, 59, 68, 77, 76, 75, 74, 73, 64, 63, 54, 45, 36, 27, 18, 9, 0]
[00:00:01:25:403] ! Unidirectional t-s. expansions: 15,485, time: 85,403 [ms], path length: 44 [edges], generated: 27,609
[00:00:00:00:170] New longest path found with length 38 at expansion 20
[00:00:00:00:193] New longest path found with length 40 at expansion 27
[00:00:00:00:225] New longest path found with length 42 at expansion 36
[00:00:00:00:251] New longest path found with length 44 at expansion 45
[00:00:00:32:769] Path of length 44 found: [0, 9, 18, 27, 36, 45, 54, 63, 64, 73, 74, 75, 76, 77, 68, 59, 58, 57, 56, 47, 38, 39, 40, 31, 22, 21, 20, 11, 2, 3, 4, 5, 6, 7, 16, 25, 34, 33, 42, 51, 52, 61, 70, 79, 80]
[00:00:00:33:300] ! Bidirectional. expansions: 3,566, time: 32,769 [ms], path length: 44 [edges], g_F: 22, g_B: 22, generated: {'F': 6,265, 'B': 6,858}, MM: 0, MMPER: -1.0%
[00:00:00:33:300] 
---------- SM_Grids/9x9_grid_with_random_blocks_12per_8 ----------
[00:00:00:00:258] New longest path found with length 44 at expansion 43
[00:00:00:01:193] New longest path found with length 46 at expansion 292
[00:00:00:11:853] New longest path found with length 48 at expansion 2,276
[00:00:00:18:010] Path of length 48 found: [0, 9, 18, 19, 20, 11, 2, 3, 4, 13, 22, 31, 32, 33, 24, 15, 6, 7, 8, 17, 26, 35, 44, 53, 62, 61, 60, 51, 50, 49, 48, 47, 38, 37, 36, 45, 54, 63, 72, 73, 74, 75, 66, 67, 68, 77, 78, 79, 80]
[00:00:00:18:011] ! Unidirectional s-t. expansions: 3,327, time: 18,011 [ms], path length: 48 [edges], generated: 5,524
[00:00:00:00:138] New longest path found with length 20 at expansion 19
[00:00:00:10:549] New longest path found with length 44 at expansion 5,838
[00:00:00:10:575] New longest path found with length 46 at expansion 5,854
[00:00:00:59:317] New longest path found with length 48 at expansion 15,833
[00:00:01:03:820] Path of length 48 found: [80, 79, 78, 77, 68, 67, 66, 75, 74, 73, 72, 63, 54, 45, 36, 37, 38, 47, 48, 49, 40, 31, 22, 23, 24, 33, 42, 51, 60, 61, 62, 53, 44, 35, 26, 17, 8, 7, 6, 5, 4, 3, 2, 11, 20, 19, 18, 9, 0]
[00:00:01:03:820] ! Unidirectional t-s. expansions: 16,628, time: 63,820 [ms], path length: 48 [edges], generated: 23,413
[00:00:00:00:274] New longest path found with length 44 at expansion 22
[00:00:00:11:268] New longest path found with length 46 at expansion 1,754
[00:00:00:18:642] New longest path found with length 48 at expansion 2,941
[00:00:00:21:752] Path of length 48 found: [0, 9, 18, 19, 20, 11, 2, 3, 4, 13, 22, 31, 32, 33, 24, 15, 6, 7, 8, 17, 26, 35, 44, 53, 62, 61, 60, 51, 50, 49, 48, 47, 38, 37, 36, 45, 54, 63, 72, 73, 74, 75, 66, 67, 68, 77, 78, 79, 80]
[00:00:00:22:276] ! Bidirectional. expansions: 3,259, time: 21,752 [ms], path length: 48 [edges], g_F: 24, g_B: 24, generated: {'F': 5,341, 'B': 5,223}, MM: 0, MMPER: -1.0%
[00:00:00:22:276] 
---------- SM_Grids/9x9_grid_with_random_blocks_12per_9 ----------
[00:00:00:00:179] New longest path found with length 20 at expansion 19
[00:00:00:07:945] New longest path found with length 22 at expansion 4,461
[00:00:00:08:010] New longest path found with length 38 at expansion 4,481
[00:00:00:09:405] New longest path found with length 40 at expansion 4,970
[00:00:01:05:949] New longest path found with length 42 at expansion 18,432
[00:00:02:59:385] New longest path found with length 44 at expansion 41,811
[00:00:03:16:459] Path of length 44 found: [0, 1, 2, 11, 20, 19, 18, 27, 36, 37, 46, 55, 54, 63, 72, 73, 74, 75, 76, 77, 78, 69, 60, 59, 58, 57, 48, 39, 40, 31, 22, 13, 14, 15, 16, 17, 26, 35, 34, 43, 52, 53, 62, 71, 80]
[00:00:03:16:459] ! Unidirectional s-t. expansions: 45,155, time: 196,459 [ms], path length: 44 [edges], generated: 75,567
[00:00:00:00:127] New longest path found with length 18 at expansion 17
[00:00:00:23:126] New longest path found with length 20 at expansion 13,458
[00:00:00:26:568] New longest path found with length 22 at expansion 15,167
[00:00:00:26:625] New longest path found with length 32 at expansion 15,182
[00:00:00:26:676] New longest path found with length 38 at expansion 15,200
[00:00:00:27:933] New longest path found with length 40 at expansion 15,685
[00:00:00:28:301] New longest path found with length 42 at expansion 15,830
[00:00:00:47:646] New longest path found with length 44 at expansion 20,938
[00:00:02:28:186] Path of length 44 found: [80, 71, 62, 53, 52, 43, 34, 35, 26, 17, 16, 15, 14, 23, 22, 31, 40, 41, 50, 59, 60, 69, 78, 77, 76, 75, 74, 73, 72, 63, 54, 55, 56, 47, 38, 37, 36, 27, 18, 19, 20, 11, 2, 1, 0]
[00:00:02:28:186] ! Unidirectional t-s. expansions: 43,336, time: 148,186 [ms], path length: 44 [edges], generated: 61,115
[00:00:00:00:144] New longest path found with length 22 at expansion 11
[00:00:00:00:209] New longest path found with length 34 at expansion 21
[00:00:00:00:216] New longest path found with length 36 at expansion 23
[00:00:00:00:220] New longest path found with length 38 at expansion 25
[00:00:00:03:641] New longest path found with length 40 at expansion 668
[00:00:00:47:278] New longest path found with length 42 at expansion 8,011
[00:00:01:50:529] New longest path found with length 44 at expansion 18,016
[00:00:02:10:104] Path of length 44 found: [0, 1, 2, 11, 20, 19, 18, 27, 36, 37, 38, 47, 56, 55, 54, 63, 72, 73, 74, 75, 76, 77, 78, 69, 60, 59, 50, 49, 40, 31, 22, 13, 14, 15, 16, 17, 26, 35, 34, 43, 52, 53, 62, 71, 80]
[00:00:02:10:655] ! Bidirectional. expansions: 20,690, time: 130,104 [ms], path length: 44 [edges], g_F: 22, g_B: 22, generated: {'F': 33,260, 'B': 35,678}, MM: 0, MMPER: -1.0%

[00:00:02:10:656] average expansions: (11,036, 15,855, 4,166, 0)
[00:00:02:10:656] average time: (53,970, 61,156, 29,511, 0)
[00:00:02:10:656] X-DFBnB: 11,036 , 53,970 (expansions , time[ms])
[00:00:02:10:656] BiX-DFBnB: 4,166 , 29,511 (expansions , time[ms])

