Mon 09 Mar 2026 17:31:24 IST

SLURM_JOBID:		 15365797
SLURM_JOB_NODELIST:	 ise-cpu256-08 

--------------------------
date: SM_Grids
number_of_graphs: 10
graph_type: grid
size_of_graphs: [7, 7]
heuristic: heuristic0
snake: True
run_uni: True
run_bi: True
run_multi: False
solution_vertices: []
algorithms: ['DFBnB']
bsd: False
cube_first_dims: 4
cube_buffer_dim: None
backward_sym_generation: False
sym_coil: False
prefix_set: None

---------- SM_Grids/7x7_grid_with_random_blocks_12per_0 ----------
[00:00:00:17:848] Path of length 26 found: [0, 7, 14, 15, 16, 9, 2, 3, 4, 11, 18, 19, 26, 33, 32, 31, 30, 29, 28, 35, 42, 43, 44, 45, 46, 47, 48]
[00:00:00:17:848] ! Unidirectional s-t. expansions: 26,311, time: 17,848 [ms], path length: 26 [edges], generated: 27,476
[00:00:00:24:697] Path of length 26 found: [48, 47, 46, 45, 44, 43, 42, 35, 28, 29, 30, 31, 32, 33, 26, 19, 18, 11, 4, 3, 2, 9, 16, 15, 14, 7, 0]
[00:00:00:24:697] ! Unidirectional t-s. expansions: 37,135, time: 24,697 [ms], path length: 26 [edges], generated: 38,300
[00:00:00:21:643] Path of length 26 found: [0, 7, 14, 15, 16, 9, 2, 3, 4, 11, 18, 19, 26, 33, 32, 31, 30, 29, 28, 35, 42, 43, 44, 45, 46, 47, 48]
[00:00:00:21:996] ! Bidirectional. expansions: 47,630, time: 21,643 [ms], path length: 26 [edges], g_F: 13, g_B: 13, generated: {'F': 27,640, 'B': 33,816}, MM: 0, MMPER: -1.0%
[00:00:00:21:996] 
---------- SM_Grids/7x7_grid_with_random_blocks_12per_1 ----------
[00:00:00:22:821] Path of length 28 found: [0, 7, 14, 21, 28, 35, 42, 43, 44, 45, 46, 39, 32, 31, 30, 23, 16, 9, 2, 3, 4, 11, 18, 19, 26, 27, 34, 41, 48]
[00:00:00:22:821] ! Unidirectional s-t. expansions: 34,123, time: 22,821 [ms], path length: 28 [edges], generated: 35,260
[00:00:00:24:209] Path of length 28 found: [48, 41, 34, 27, 20, 19, 18, 11, 4, 3, 2, 9, 16, 23, 30, 31, 32, 39, 46, 45, 44, 43, 36, 35, 28, 21, 14, 7, 0]
[00:00:00:24:210] ! Unidirectional t-s. expansions: 35,163, time: 24,209 [ms], path length: 28 [edges], generated: 36,300
[00:00:00:23:042] Path of length 28 found: [0, 7, 14, 21, 28, 35, 42, 43, 44, 45, 46, 39, 32, 31, 30, 23, 16, 9, 2, 3, 4, 11, 18, 19, 20, 27, 34, 41, 48]
[00:00:00:23:366] ! Bidirectional. expansions: 47,746, time: 23,042 [ms], path length: 28 [edges], g_F: 14, g_B: 14, generated: {'F': 29,995, 'B': 32,822}, MM: 0, MMPER: -1.0%
[00:00:00:23:366] 
---------- SM_Grids/7x7_grid_with_random_blocks_12per_2 ----------
[00:00:00:16:536] Path of length 26 found: [0, 7, 14, 21, 28, 29, 36, 43, 44, 45, 38, 31, 24, 23, 16, 9, 2, 3, 4, 11, 18, 19, 26, 33, 40, 47, 48]
[00:00:00:16:536] ! Unidirectional s-t. expansions: 21,073, time: 16,536 [ms], path length: 26 [edges], generated: 22,434
[00:00:00:26:774] Path of length 26 found: [48, 41, 34, 33, 26, 19, 18, 11, 4, 3, 2, 9, 16, 23, 24, 31, 38, 45, 44, 43, 36, 29, 28, 21, 14, 7, 0]
[00:00:00:26:774] ! Unidirectional t-s. expansions: 38,014, time: 26,774 [ms], path length: 26 [edges], generated: 39,375
[00:00:00:27:795] Path of length 26 found: [0, 7, 14, 21, 28, 29, 36, 43, 44, 45, 38, 31, 24, 23, 16, 9, 2, 3, 4, 11, 18, 19, 26, 33, 34, 41, 48]
[00:00:00:28:124] ! Bidirectional. expansions: 57,204, time: 27,795 [ms], path length: 26 [edges], g_F: 13, g_B: 13, generated: {'F': 33,441, 'B': 40,233}, MM: 0, MMPER: -1.0%
[00:00:00:28:124] 
---------- SM_Grids/7x7_grid_with_random_blocks_12per_3 ----------
[00:00:00:08:105] Path of length 28 found: [0, 1, 8, 15, 14, 21, 28, 35, 36, 37, 30, 23, 24, 17, 10, 3, 4, 5, 12, 19, 20, 27, 34, 33, 32, 39, 46, 47, 48]
[00:00:00:08:106] ! Unidirectional s-t. expansions: 10,644, time: 8,106 [ms], path length: 28 [edges], generated: 11,723
[00:00:00:20:944] Path of length 28 found: [48, 41, 40, 39, 32, 25, 26, 19, 20, 13, 6, 5, 4, 3, 10, 17, 16, 23, 30, 37, 36, 35, 28, 21, 14, 7, 8, 1, 0]
[00:00:00:20:944] ! Unidirectional t-s. expansions: 31,053, time: 20,944 [ms], path length: 28 [edges], generated: 32,132
[00:00:00:17:757] Path of length 28 found: [0, 1, 8, 15, 14, 21, 28, 35, 36, 37, 30, 23, 24, 17, 10, 3, 4, 5, 6, 13, 20, 19, 26, 33, 32, 39, 46, 47, 48]
[00:00:00:18:077] ! Bidirectional. expansions: 43,156, time: 17,757 [ms], path length: 28 [edges], g_F: 14, g_B: 14, generated: {'F': 24,432, 'B': 26,742}, MM: 0, MMPER: -1.0%
[00:00:00:18:077] 
---------- SM_Grids/7x7_grid_with_random_blocks_12per_4 ----------
[00:00:00:19:277] Path of length 26 found: [0, 7, 8, 15, 22, 29, 36, 43, 44, 45, 38, 31, 24, 17, 10, 3, 4, 5, 12, 13, 20, 27, 26, 33, 40, 47, 48]
[00:00:00:19:277] ! Unidirectional s-t. expansions: 28,080, time: 19,277 [ms], path length: 26 [edges], generated: 29,244
[00:00:00:22:433] Path of length 28 found: [48, 41, 40, 33, 32, 31, 38, 45, 44, 43, 36, 29, 22, 23, 16, 17, 18, 19, 20, 13, 6, 5, 4, 3, 2, 1, 8, 7, 0]
[00:00:00:22:433] ! Unidirectional t-s. expansions: 32,484, time: 22,433 [ms], path length: 28 [edges], generated: 33,648
[00:00:00:25:120] Path of length 26 found: [0, 7, 8, 15, 22, 29, 36, 43, 44, 45, 38, 31, 24, 17, 10, 3, 4, 5, 6, 13, 20, 19, 26, 33, 40, 41, 48]
[00:00:00:25:447] ! Bidirectional. expansions: 58,748, time: 25,120 [ms], path length: 26 [edges], g_F: 13, g_B: 13, generated: {'F': 34,713, 'B': 36,812}, MM: 0, MMPER: -1.0%
[00:00:00:25:447] 
---------- SM_Grids/7x7_grid_with_random_blocks_12per_5 ----------
[00:00:00:13:642] Path of length 28 found: [0, 7, 8, 9, 10, 11, 4, 5, 6, 13, 20, 27, 34, 33, 32, 25, 24, 23, 22, 21, 28, 35, 36, 37, 38, 45, 46, 47, 48]
[00:00:00:13:642] ! Unidirectional s-t. expansions: 18,770, time: 13,642 [ms], path length: 28 [edges], generated: 19,553
[00:00:00:11:270] Path of length 28 found: [48, 47, 46, 45, 38, 37, 36, 35, 28, 21, 22, 23, 24, 25, 32, 33, 34, 27, 20, 13, 6, 5, 4, 11, 10, 9, 2, 1, 0]
[00:00:00:11:270] ! Unidirectional t-s. expansions: 16,084, time: 11,270 [ms], path length: 28 [edges], generated: 16,867
[00:00:00:17:398] Path of length 28 found: [0, 7, 8, 9, 10, 11, 4, 5, 6, 13, 20, 27, 34, 33, 32, 25, 24, 23, 22, 21, 28, 35, 36, 37, 38, 45, 46, 47, 48]
[00:00:00:17:745] ! Bidirectional. expansions: 39,902, time: 17,398 [ms], path length: 28 [edges], g_F: 14, g_B: 14, generated: {'F': 24,693, 'B': 23,803}, MM: 0, MMPER: -1.0%
[00:00:00:17:745] 
---------- SM_Grids/7x7_grid_with_random_blocks_12per_6 ----------
[00:00:00:14:800] Path of length 28 found: [0, 7, 14, 21, 28, 35, 42, 43, 44, 45, 46, 39, 32, 31, 30, 23, 16, 17, 18, 11, 4, 5, 6, 13, 20, 27, 34, 41, 48]
[00:00:00:14:800] ! Unidirectional s-t. expansions: 20,979, time: 14,800 [ms], path length: 28 [edges], generated: 22,483
[00:00:00:19:843] Path of length 30 found: [48, 41, 34, 27, 20, 13, 6, 5, 4, 11, 18, 17, 16, 23, 30, 31, 32, 39, 46, 45, 44, 43, 36, 35, 28, 21, 14, 7, 8, 1, 0]
[00:00:00:19:843] ! Unidirectional t-s. expansions: 29,801, time: 19,843 [ms], path length: 30 [edges], generated: 31,305
[00:00:00:14:322] Path of length 28 found: [0, 7, 14, 21, 28, 35, 42, 43, 44, 45, 46, 39, 32, 31, 30, 23, 16, 17, 18, 11, 4, 5, 6, 13, 20, 27, 34, 41, 48]
[00:00:00:14:649] ! Bidirectional. expansions: 28,278, time: 14,322 [ms], path length: 28 [edges], g_F: 14, g_B: 14, generated: {'F': 19,984, 'B': 19,415}, MM: 0, MMPER: -1.0%
[00:00:00:14:649] 
---------- SM_Grids/7x7_grid_with_random_blocks_12per_7 ----------
[00:00:00:19:261] Path of length 28 found: [0, 7, 14, 15, 16, 9, 2, 3, 4, 11, 12, 19, 26, 25, 24, 31, 30, 29, 28, 35, 42, 43, 44, 45, 46, 39, 40, 41, 48]
[00:00:00:19:262] ! Unidirectional s-t. expansions: 26,774, time: 19,261 [ms], path length: 28 [edges], generated: 27,660
[00:00:00:17:090] Path of length 28 found: [48, 41, 40, 39, 46, 45, 44, 43, 42, 35, 28, 29, 30, 31, 24, 25, 26, 19, 12, 11, 4, 3, 2, 9, 16, 15, 14, 7, 0]
[00:00:00:17:090] ! Unidirectional t-s. expansions: 24,606, time: 17,090 [ms], path length: 28 [edges], generated: 25,492
[00:00:00:15:304] Path of length 28 found: [0, 7, 14, 15, 16, 9, 2, 3, 4, 11, 12, 19, 26, 25, 24, 31, 30, 29, 28, 35, 42, 43, 44, 45, 46, 39, 40, 41, 48]
[00:00:00:15:627] ! Bidirectional. expansions: 32,926, time: 15,304 [ms], path length: 28 [edges], g_F: 14, g_B: 14, generated: {'F': 19,452, 'B': 21,733}, MM: 0, MMPER: -1.0%
[00:00:00:15:627] 
---------- SM_Grids/7x7_grid_with_random_blocks_12per_8 ----------
[00:00:00:32:267] Path of length 30 found: [0, 1, 8, 15, 14, 21, 28, 35, 42, 43, 44, 37, 30, 23, 24, 17, 10, 3, 4, 5, 12, 13, 20, 27, 26, 33, 32, 39, 46, 47, 48]
[00:00:00:32:267] ! Unidirectional s-t. expansions: 47,382, time: 32,267 [ms], path length: 30 [edges], generated: 48,187
[00:00:00:18:277] Path of length 30 found: [48, 47, 46, 39, 32, 25, 26, 19, 20, 13, 6, 5, 4, 3, 10, 17, 16, 23, 30, 37, 44, 43, 42, 35, 28, 21, 14, 7, 8, 1, 0]
[00:00:00:18:278] ! Unidirectional t-s. expansions: 27,895, time: 18,277 [ms], path length: 30 [edges], generated: 28,700
[00:00:00:15:476] Path of length 30 found: [0, 1, 8, 15, 14, 21, 28, 35, 42, 43, 44, 37, 30, 23, 24, 17, 10, 3, 4, 5, 6, 13, 20, 19, 26, 33, 32, 39, 46, 47, 48]
[00:00:00:15:796] ! Bidirectional. expansions: 35,084, time: 15,476 [ms], path length: 30 [edges], g_F: 15, g_B: 15, generated: {'F': 20,739, 'B': 22,637}, MM: 0, MMPER: -1.0%
[00:00:00:15:796] 
---------- SM_Grids/7x7_grid_with_random_blocks_12per_9 ----------
[00:00:00:23:601] Path of length 26 found: [0, 7, 14, 21, 28, 29, 36, 37, 38, 31, 24, 17, 16, 9, 2, 3, 4, 5, 6, 13, 20, 19, 26, 33, 34, 41, 48]
[00:00:00:23:601] ! Unidirectional s-t. expansions: 33,131, time: 23,601 [ms], path length: 26 [edges], generated: 33,941
[00:00:00:15:642] Path of length 26 found: [48, 41, 34, 27, 20, 13, 6, 5, 4, 3, 2, 9, 16, 23, 24, 25, 32, 39, 38, 37, 36, 29, 28, 21, 14, 7, 0]
[00:00:00:15:642] ! Unidirectional t-s. expansions: 22,459, time: 15,642 [ms], path length: 26 [edges], generated: 23,269
[00:00:00:15:929] Path of length 26 found: [0, 7, 14, 21, 28, 29, 36, 37, 38, 31, 32, 25, 18, 17, 16, 9, 2, 3, 4, 5, 6, 13, 20, 27, 34, 41, 48]
[00:00:00:16:251] ! Bidirectional. expansions: 32,742, time: 15,929 [ms], path length: 26 [edges], g_F: 13, g_B: 13, generated: {'F': 21,120, 'B': 22,445}, MM: 0, MMPER: -1.0%

[00:00:00:16:252] average expansions: (26,727, 29,469, 42,342, 0)
[00:00:00:16:252] average time: (18,816, 20,118, 19,379, 0)
[00:00:00:16:252] X-DFBnB: 26,727 , 18,816 (expansions , time[ms])
[00:00:00:16:252] BiX-DFBnB: 42,342 , 19,379 (expansions , time[ms])

