Mon 09 Mar 2026 17:31:24 IST

SLURM_JOBID:		 15365793
SLURM_JOB_NODELIST:	 ise-cpu256-08 

--------------------------
date: SM_Grids
number_of_graphs: 10
graph_type: grid
size_of_graphs: [7, 9]
heuristic: heuristic0
snake: True
run_uni: True
run_bi: True
run_multi: False
solution_vertices: []
algorithms: ['DFBnB']
bsd: False
cube_first_dims: 4
cube_buffer_dim: None
backward_sym_generation: False
sym_coil: False
prefix_set: None

---------- SM_Grids/7x9_grid_with_random_blocks_12per_0 ----------
[00:00:02:56:021] Valid states checked so far: 200,000, Expansions: 191,251, Global best: 33
[00:00:05:55:349] Valid states checked so far: 400,000, Expansions: 382,290, Global best: 33
[00:00:06:25:997] Path of length 32 found: [0, 9, 18, 19, 20, 11, 2, 3, 4, 13, 14, 15, 24, 25, 26, 35, 44, 43, 42, 41, 32, 31, 30, 39, 38, 47, 56, 57, 58, 59, 60, 61, 62]
[00:00:06:25:998] ! Unidirectional s-t. expansions: 413,824, time: 385,997 [ms], path length: 32 [edges], generated: 432,618
[00:00:02:54:486] Valid states checked so far: 200,000, Expansions: 190,445, Global best: 31
[00:00:05:51:424] Valid states checked so far: 400,000, Expansions: 383,784, Global best: 33
[00:00:06:27:875] Path of length 32 found: [62, 53, 44, 43, 42, 41, 50, 49, 58, 57, 56, 47, 38, 39, 30, 31, 22, 23, 24, 25, 16, 7, 6, 5, 4, 3, 2, 11, 20, 19, 18, 9, 0]
[00:00:06:27:876] ! Unidirectional t-s. expansions: 424,232, time: 387,875 [ms], path length: 32 [edges], generated: 443,026
[00:00:01:58:597] Valid meeting checks so far: 200,000, state_vs_state: 3,881, state_vs_prefix: 0, prefix_vs_prefix: 196,119
[00:00:04:10:783] Valid meeting checks so far: 400,000, state_vs_state: 8,786, state_vs_prefix: 0, prefix_vs_prefix: 391,214
[00:00:06:16:883] Valid meeting checks so far: 600,000, state_vs_state: 15,023, state_vs_prefix: 0, prefix_vs_prefix: 584,977
[00:00:08:15:485] Path of length 32 found: [0, 9, 18, 19, 20, 11, 2, 3, 4, 5, 6, 7, 16, 25, 24, 23, 22, 31, 30, 39, 38, 47, 56, 57, 58, 49, 50, 41, 42, 43, 44, 53, 62]
[00:00:08:15:972] ! Bidirectional. expansions: 767,236, time: 495,485 [ms], path length: 32 [edges], g_F: 16, g_B: 16, generated: {'F': 559,933, 'B': 527,759}, MM: 0, MMPER: -1.0%
[00:00:08:15:973] 
---------- SM_Grids/7x9_grid_with_random_blocks_12per_1 ----------
[00:00:02:55:130] Valid states checked so far: 200,000, Expansions: 192,240, Global best: 33
[00:00:05:06:284] Path of length 32 found: [0, 9, 18, 19, 20, 11, 12, 13, 14, 5, 6, 7, 16, 25, 26, 35, 44, 43, 42, 41, 32, 31, 30, 39, 38, 47, 56, 57, 58, 59, 60, 61, 62]
[00:00:05:06:284] ! Unidirectional s-t. expansions: 334,272, time: 306,284 [ms], path length: 32 [edges], generated: 346,797
[00:00:02:33:870] Path of length 32 found: [62, 53, 52, 43, 34, 35, 26, 17, 16, 7, 6, 5, 14, 23, 32, 31, 40, 49, 58, 57, 56, 47, 38, 29, 20, 21, 12, 3, 2, 1, 10, 9, 0]
[00:00:02:33:871] ! Unidirectional t-s. expansions: 157,311, time: 153,870 [ms], path length: 32 [edges], generated: 169,836
[00:00:02:16:493] Valid meeting checks so far: 200,000, state_vs_state: 6,508, state_vs_prefix: 0, prefix_vs_prefix: 193,492
[00:00:04:27:835] Path of length 32 found: [0, 9, 18, 19, 20, 11, 12, 13, 14, 5, 6, 7, 16, 25, 26, 35, 44, 43, 42, 41, 32, 31, 30, 39, 38, 47, 56, 57, 58, 59, 60, 61, 62]
[00:00:04:28:237] ! Bidirectional. expansions: 439,062, time: 267,835 [ms], path length: 32 [edges], g_F: 16, g_B: 16, generated: {'F': 302,816, 'B': 288,280}, MM: 0, MMPER: -1.0%
[00:00:04:28:237] 
---------- SM_Grids/7x9_grid_with_random_blocks_12per_2 ----------
[00:00:02:57:806] Valid states checked so far: 200,000, Expansions: 189,196, Global best: 33
[00:00:03:54:864] Path of length 32 found: [0, 9, 18, 27, 36, 45, 54, 55, 56, 47, 38, 39, 30, 21, 20, 11, 2, 3, 4, 5, 6, 7, 16, 25, 24, 23, 32, 41, 42, 43, 52, 61, 62]
[00:00:03:54:864] ! Unidirectional s-t. expansions: 251,442, time: 234,864 [ms], path length: 32 [edges], generated: 264,356
[00:00:02:44:210] Valid states checked so far: 200,000, Expansions: 194,877, Global best: 35
[00:00:05:24:674] Valid states checked so far: 400,000, Expansions: 389,801, Global best: 35
[00:00:07:05:712] Path of length 34 found: [62, 53, 44, 43, 34, 25, 16, 7, 6, 5, 14, 23, 32, 31, 40, 39, 48, 47, 56, 55, 54, 45, 36, 27, 28, 29, 20, 21, 12, 3, 2, 1, 10, 9, 0]
[00:00:07:05:712] ! Unidirectional t-s. expansions: 510,013, time: 425,712 [ms], path length: 34 [edges], generated: 522,927
[00:00:02:11:811] Valid meeting checks so far: 200,000, state_vs_state: 4,828, state_vs_prefix: 0, prefix_vs_prefix: 195,172
[00:00:04:19:625] Valid meeting checks so far: 400,000, state_vs_state: 9,620, state_vs_prefix: 0, prefix_vs_prefix: 390,380
[00:00:05:49:113] Path of length 32 found: [0, 9, 18, 27, 36, 45, 54, 55, 56, 47, 48, 49, 50, 41, 32, 31, 30, 29, 20, 11, 2, 3, 4, 5, 6, 7, 16, 25, 34, 43, 44, 53, 62]
[00:00:05:49:501] ! Bidirectional. expansions: 611,074, time: 349,113 [ms], path length: 32 [edges], g_F: 16, g_B: 16, generated: {'F': 362,132, 'B': 439,021}, MM: 0, MMPER: -1.0%
[00:00:05:49:502] 
---------- SM_Grids/7x9_grid_with_random_blocks_12per_3 ----------
[00:00:02:48:565] Valid states checked so far: 200,000, Expansions: 190,925, Global best: 37
[00:00:03:04:378] Path of length 36 found: [0, 9, 10, 11, 2, 3, 4, 5, 6, 7, 8, 17, 26, 25, 34, 43, 42, 41, 32, 23, 22, 21, 30, 29, 28, 27, 36, 45, 46, 47, 48, 49, 58, 59, 60, 61, 62]
[00:00:03:04:378] ! Unidirectional s-t. expansions: 209,089, time: 184,378 [ms], path length: 36 [edges], generated: 218,927
[00:00:02:48:597] Valid states checked so far: 200,000, Expansions: 193,432, Global best: 37
[00:00:04:44:916] Path of length 36 found: [62, 61, 60, 59, 50, 41, 40, 39, 48, 47, 46, 45, 36, 27, 28, 29, 20, 21, 22, 23, 24, 33, 34, 35, 26, 17, 8, 7, 6, 5, 4, 3, 2, 1, 10, 9, 0]
[00:00:04:44:916] ! Unidirectional t-s. expansions: 337,587, time: 284,916 [ms], path length: 36 [edges], generated: 347,425
[00:00:02:04:905] Valid meeting checks so far: 200,000, state_vs_state: 4,815, state_vs_prefix: 0, prefix_vs_prefix: 195,185
[00:00:04:14:299] Valid meeting checks so far: 400,000, state_vs_state: 9,326, state_vs_prefix: 0, prefix_vs_prefix: 390,674
[00:00:04:25:150] Path of length 36 found: [0, 9, 10, 11, 2, 3, 4, 5, 6, 7, 8, 17, 26, 35, 44, 43, 42, 33, 24, 23, 22, 21, 30, 29, 28, 27, 36, 45, 46, 47, 48, 49, 50, 59, 60, 61, 62]
[00:00:04:25:528] ! Bidirectional. expansions: 484,418, time: 265,150 [ms], path length: 36 [edges], g_F: 18, g_B: 18, generated: {'F': 313,921, 'B': 315,456}, MM: 0, MMPER: -1.0%
[00:00:04:25:528] 
---------- SM_Grids/7x9_grid_with_random_blocks_12per_4 ----------
[00:00:02:38:383] Valid states checked so far: 200,000, Expansions: 193,415, Global best: 37
[00:00:03:39:393] Path of length 36 found: [0, 1, 10, 11, 12, 13, 4, 5, 6, 7, 8, 17, 26, 25, 24, 23, 32, 41, 40, 39, 30, 29, 28, 27, 36, 45, 46, 47, 56, 57, 58, 59, 60, 51, 52, 53, 62]
[00:00:03:39:394] ! Unidirectional s-t. expansions: 267,544, time: 219,394 [ms], path length: 36 [edges], generated: 275,712
[00:00:02:41:616] Valid states checked so far: 200,000, Expansions: 195,520, Global best: 35
[00:00:05:22:770] Valid states checked so far: 400,000, Expansions: 392,164, Global best: 37
[00:00:05:45:175] Path of length 36 found: [62, 53, 52, 51, 60, 59, 58, 57, 56, 47, 46, 45, 36, 27, 28, 29, 30, 39, 40, 41, 32, 23, 24, 25, 26, 17, 8, 7, 6, 5, 4, 13, 12, 11, 2, 1, 0]
[00:00:05:45:175] ! Unidirectional t-s. expansions: 418,482, time: 345,175 [ms], path length: 36 [edges], generated: 426,650
[00:00:02:08:086] Valid meeting checks so far: 200,000, state_vs_state: 4,297, state_vs_prefix: 0, prefix_vs_prefix: 195,703
[00:00:04:22:789] Valid meeting checks so far: 400,000, state_vs_state: 7,118, state_vs_prefix: 0, prefix_vs_prefix: 392,882
[00:00:05:35:476] Path of length 36 found: [0, 1, 10, 11, 12, 13, 4, 5, 6, 7, 8, 17, 26, 25, 24, 23, 32, 41, 40, 39, 30, 29, 28, 27, 36, 45, 46, 47, 56, 57, 58, 59, 60, 51, 52, 53, 62]
[00:00:05:35:855] ! Bidirectional. expansions: 658,162, time: 335,476 [ms], path length: 36 [edges], g_F: 18, g_B: 18, generated: {'F': 409,588, 'B': 388,492}, MM: 0, MMPER: -1.0%
[00:00:05:35:855] 
---------- SM_Grids/7x9_grid_with_random_blocks_12per_5 ----------
[00:00:02:50:270] Valid states checked so far: 200,000, Expansions: 193,100, Global best: 31
[00:00:03:06:643] Path of length 30 found: [0, 1, 10, 19, 28, 29, 38, 39, 48, 49, 50, 41, 32, 23, 22, 21, 12, 3, 4, 5, 6, 15, 16, 25, 34, 35, 44, 53, 52, 61, 62]
[00:00:03:06:644] ! Unidirectional s-t. expansions: 212,953, time: 186,644 [ms], path length: 30 [edges], generated: 220,049
[00:00:02:55:926] Valid states checked so far: 200,000, Expansions: 195,899, Global best: 31
[00:00:05:18:616] Path of length 30 found: [62, 53, 44, 35, 26, 17, 16, 15, 6, 5, 4, 3, 12, 21, 22, 31, 32, 33, 42, 51, 50, 49, 48, 39, 38, 29, 28, 19, 10, 1, 0]
[00:00:05:18:617] ! Unidirectional t-s. expansions: 358,385, time: 318,616 [ms], path length: 30 [edges], generated: 365,481
[00:00:02:07:440] Valid meeting checks so far: 200,000, state_vs_state: 3,797, state_vs_prefix: 0, prefix_vs_prefix: 196,203
[00:00:04:07:046] Path of length 30 found: [0, 1, 10, 19, 28, 29, 38, 39, 48, 49, 50, 51, 42, 33, 32, 23, 22, 21, 12, 3, 4, 5, 6, 15, 16, 17, 26, 35, 44, 53, 62]
[00:00:04:07:445] ! Bidirectional. expansions: 401,212, time: 247,047 [ms], path length: 30 [edges], g_F: 15, g_B: 15, generated: {'F': 258,070, 'B': 277,361}, MM: 0, MMPER: -1.0%
[00:00:04:07:445] 
---------- SM_Grids/7x9_grid_with_random_blocks_12per_6 ----------
[00:00:02:33:389] Valid states checked so far: 200,000, Expansions: 196,479, Global best: 37
[00:00:05:06:622] Valid states checked so far: 400,000, Expansions: 394,238, Global best: 37
[00:00:07:38:510] Valid states checked so far: 600,000, Expansions: 590,940, Global best: 37
[00:00:10:11:074] Valid states checked so far: 800,000, Expansions: 787,969, Global best: 37
[00:00:11:02:295] Path of length 36 found: [0, 9, 18, 19, 20, 11, 2, 3, 4, 13, 22, 31, 40, 39, 38, 37, 36, 45, 54, 55, 56, 57, 58, 59, 50, 51, 42, 33, 24, 15, 16, 17, 26, 35, 44, 53, 62]
[00:00:11:02:296] ! Unidirectional s-t. expansions: 852,847, time: 662,295 [ms], path length: 36 [edges], generated: 865,664
[00:00:02:31:383] Valid states checked so far: 200,000, Expansions: 195,087, Global best: 37
[00:00:05:03:056] Valid states checked so far: 400,000, Expansions: 391,202, Global best: 37
[00:00:07:38:122] Valid states checked so far: 600,000, Expansions: 587,761, Global best: 37
[00:00:08:20:684] Path of length 36 found: [62, 53, 44, 35, 26, 17, 16, 15, 24, 33, 42, 51, 50, 59, 58, 57, 56, 55, 54, 45, 36, 37, 38, 39, 40, 31, 22, 13, 4, 3, 2, 11, 20, 19, 18, 9, 0]
[00:00:08:20:684] ! Unidirectional t-s. expansions: 642,587, time: 500,684 [ms], path length: 36 [edges], generated: 655,404
[00:00:01:49:698] Valid meeting checks so far: 200,000, state_vs_state: 3,430, state_vs_prefix: 0, prefix_vs_prefix: 196,570
[00:00:03:40:787] Valid meeting checks so far: 400,000, state_vs_state: 8,917, state_vs_prefix: 0, prefix_vs_prefix: 391,083
[00:00:04:31:729] Path of length 36 found: [0, 9, 18, 19, 20, 11, 2, 3, 4, 13, 22, 31, 40, 39, 38, 37, 36, 45, 54, 55, 56, 57, 58, 59, 50, 51, 42, 33, 24, 15, 16, 17, 26, 35, 44, 53, 62]
[00:00:04:32:106] ! Bidirectional. expansions: 469,362, time: 271,729 [ms], path length: 36 [edges], g_F: 18, g_B: 18, generated: {'F': 328,659, 'B': 346,053}, MM: 0, MMPER: -1.0%
[00:00:04:32:106] 
---------- SM_Grids/7x9_grid_with_random_blocks_12per_7 ----------
[00:00:02:32:662] Valid states checked so far: 200,000, Expansions: 188,921, Global best: 35
[00:00:05:04:301] Valid states checked so far: 400,000, Expansions: 378,698, Global best: 35
[00:00:06:51:166] Path of length 34 found: [0, 9, 18, 19, 28, 37, 36, 45, 54, 55, 56, 57, 48, 49, 50, 41, 32, 31, 22, 21, 12, 3, 4, 5, 14, 15, 24, 25, 34, 35, 44, 53, 52, 61, 62]
[00:00:06:51:167] ! Unidirectional s-t. expansions: 513,667, time: 411,166 [ms], path length: 34 [edges], generated: 538,245
[00:00:02:34:223] Valid states checked so far: 200,000, Expansions: 190,859, Global best: 35
[00:00:05:08:524] Valid states checked so far: 400,000, Expansions: 381,888, Global best: 35
[00:00:07:46:063] Valid states checked so far: 600,000, Expansions: 575,427, Global best: 35
[00:00:07:46:104] Path of length 34 found: [62, 53, 44, 35, 34, 25, 24, 15, 14, 5, 4, 3, 12, 21, 30, 39, 40, 41, 42, 51, 60, 59, 58, 57, 56, 55, 46, 37, 28, 27, 18, 9, 10, 1, 0]
[00:00:07:46:104] ! Unidirectional t-s. expansions: 575,478, time: 466,104 [ms], path length: 34 [edges], generated: 600,056
[00:00:01:49:422] Valid meeting checks so far: 200,000, state_vs_state: 6,806, state_vs_prefix: 0, prefix_vs_prefix: 193,194
[00:00:03:39:784] Valid meeting checks so far: 400,000, state_vs_state: 13,982, state_vs_prefix: 0, prefix_vs_prefix: 386,018
[00:00:05:31:708] Valid meeting checks so far: 600,000, state_vs_state: 23,799, state_vs_prefix: 0, prefix_vs_prefix: 576,201
[00:00:05:56:965] Path of length 34 found: [0, 9, 18, 19, 28, 37, 36, 45, 54, 55, 56, 57, 58, 59, 60, 51, 42, 41, 40, 39, 30, 21, 12, 3, 4, 5, 14, 15, 24, 25, 34, 35, 44, 53, 62]
[00:00:05:57:348] ! Bidirectional. expansions: 574,010, time: 356,966 [ms], path length: 34 [edges], g_F: 17, g_B: 17, generated: {'F': 466,287, 'B': 399,873}, MM: 0, MMPER: -1.0%
[00:00:05:57:348] 
---------- SM_Grids/7x9_grid_with_random_blocks_12per_8 ----------
[00:00:02:41:567] Valid states checked so far: 200,000, Expansions: 186,015, Global best: 33
[00:00:05:29:771] Valid states checked so far: 400,000, Expansions: 375,243, Global best: 33
[00:00:07:31:419] Path of length 32 found: [0, 9, 18, 27, 36, 37, 38, 29, 20, 11, 2, 3, 4, 13, 22, 31, 40, 49, 50, 51, 42, 33, 24, 15, 6, 7, 8, 17, 26, 35, 44, 53, 62]
[00:00:07:31:419] ! Unidirectional s-t. expansions: 520,444, time: 451,419 [ms], path length: 32 [edges], generated: 547,902
[00:00:02:53:540] Valid states checked so far: 200,000, Expansions: 187,804, Global best: 33
[00:00:05:41:664] Valid states checked so far: 400,000, Expansions: 375,240, Global best: 33
[00:00:06:24:951] Path of length 32 found: [62, 53, 44, 35, 26, 17, 8, 7, 6, 5, 4, 3, 2, 11, 20, 21, 22, 23, 32, 33, 42, 51, 50, 49, 40, 39, 38, 37, 28, 27, 18, 9, 0]
[00:00:06:24:951] ! Unidirectional t-s. expansions: 425,037, time: 384,951 [ms], path length: 32 [edges], generated: 452,495
[00:00:01:56:467] Valid meeting checks so far: 200,000, state_vs_state: 8,850, state_vs_prefix: 0, prefix_vs_prefix: 191,150
[00:00:04:07:343] Valid meeting checks so far: 400,000, state_vs_state: 22,454, state_vs_prefix: 0, prefix_vs_prefix: 377,546
[00:00:06:20:767] Valid meeting checks so far: 600,000, state_vs_state: 25,732, state_vs_prefix: 0, prefix_vs_prefix: 574,268
[00:00:08:07:706] Path of length 32 found: [0, 9, 18, 27, 36, 37, 38, 29, 20, 11, 2, 3, 4, 13, 22, 31, 40, 49, 50, 51, 42, 33, 24, 15, 6, 7, 8, 17, 26, 35, 44, 53, 62]
[00:00:08:08:127] ! Bidirectional. expansions: 774,548, time: 487,706 [ms], path length: 32 [edges], g_F: 16, g_B: 16, generated: {'F': 531,004, 'B': 539,704}, MM: 0, MMPER: -1.0%
[00:00:08:08:127] 
---------- SM_Grids/7x9_grid_with_random_blocks_12per_9 ----------
[00:00:02:30:987] Valid states checked so far: 200,000, Expansions: 188,674, Global best: 37
[00:00:05:07:010] Valid states checked so far: 400,000, Expansions: 379,684, Global best: 37
[00:00:06:09:318] Path of length 36 found: [0, 9, 18, 19, 28, 37, 36, 45, 54, 55, 56, 47, 48, 49, 58, 59, 60, 51, 42, 33, 32, 23, 22, 21, 12, 3, 4, 5, 6, 15, 16, 25, 26, 35, 44, 53, 62]
[00:00:06:09:319] ! Unidirectional s-t. expansions: 448,522, time: 369,318 [ms], path length: 36 [edges], generated: 469,637
[00:00:02:35:154] Valid states checked so far: 200,000, Expansions: 188,204, Global best: 37
[00:00:05:10:861] Valid states checked so far: 400,000, Expansions: 380,808, Global best: 37
[00:00:06:51:552] Path of length 36 found: [62, 53, 44, 35, 26, 17, 16, 7, 6, 5, 4, 3, 12, 21, 30, 31, 32, 41, 42, 51, 60, 59, 58, 49, 48, 47, 56, 55, 54, 45, 36, 27, 18, 9, 10, 1, 0]
[00:00:06:51:552] ! Unidirectional t-s. expansions: 510,416, time: 411,552 [ms], path length: 36 [edges], generated: 531,531
[00:00:01:44:413] Valid meeting checks so far: 200,000, state_vs_state: 11,047, state_vs_prefix: 0, prefix_vs_prefix: 188,953
[00:00:03:38:084] Valid meeting checks so far: 400,000, state_vs_state: 20,573, state_vs_prefix: 0, prefix_vs_prefix: 379,427
[00:00:04:16:288] Path of length 36 found: [0, 9, 18, 19, 28, 37, 36, 45, 54, 55, 56, 47, 48, 49, 58, 59, 60, 51, 42, 41, 32, 31, 30, 21, 12, 3, 4, 5, 6, 7, 16, 17, 26, 35, 44, 53, 62]
[00:00:04:16:715] ! Bidirectional. expansions: 407,412, time: 256,288 [ms], path length: 36 [edges], g_F: 18, g_B: 18, generated: {'F': 326,337, 'B': 286,405}, MM: 0, MMPER: -1.0%

[00:00:04:16:716] average expansions: (402,460, 435,953, 558,650, 0)
[00:00:04:16:716] average time: (341,176, 367,946, 333,280, 0)
[00:00:04:16:716] X-DFBnB: 402,460 , 341,176 (expansions , time[ms])
[00:00:04:16:716] BiX-DFBnB: 558,650 , 333,280 (expansions , time[ms])

