Mon 09 Mar 2026 17:31:24 IST

SLURM_JOBID:		 15365798
SLURM_JOB_NODELIST:	 ise-cpu256-08 

--------------------------
date: SM_Grids
number_of_graphs: 10
graph_type: grid
size_of_graphs: [7, 7]
heuristic: heuristic0
snake: True
run_uni: True
run_bi: True
run_multi: False
solution_vertices: []
algorithms: ['DFBnB']
bsd: False
cube_first_dims: 4
cube_buffer_dim: None
backward_sym_generation: False
sym_coil: False
prefix_set: None

---------- SM_Grids/7x7_grid_with_random_blocks_16per_0 ----------
[00:00:00:03:466] Path of length 22 found: [0, 7, 14, 21, 28, 35, 42, 43, 44, 37, 30, 31, 24, 17, 18, 19, 26, 27, 34, 41, 40, 47, 48]
[00:00:00:03:466] ! Unidirectional s-t. expansions: 6,568, time: 3,466 [ms], path length: 22 [edges], generated: 6,911
[00:00:00:03:530] Path of length 24 found: [48, 41, 34, 27, 20, 19, 18, 17, 24, 31, 32, 39, 46, 45, 44, 37, 36, 29, 22, 21, 14, 7, 8, 1, 0]
[00:00:00:03:530] ! Unidirectional t-s. expansions: 4,900, time: 3,530 [ms], path length: 24 [edges], generated: 5,243
[00:00:00:03:288] Path of length 22 found: [0, 7, 14, 21, 28, 35, 42, 43, 44, 45, 46, 39, 32, 31, 24, 17, 18, 19, 20, 27, 34, 41, 48]
[00:00:00:03:653] ! Bidirectional. expansions: 7,548, time: 3,288 [ms], path length: 22 [edges], g_F: 11, g_B: 11, generated: {'F': 5,550, 'B': 3,804}, MM: 0, MMPER: -1.0%
[00:00:00:03:653] 
---------- SM_Grids/7x7_grid_with_random_blocks_16per_1 ----------
[00:00:00:04:000] Path of length 26 found: [0, 1, 2, 9, 10, 11, 12, 13, 20, 27, 26, 25, 24, 31, 30, 29, 28, 35, 42, 43, 44, 45, 46, 39, 40, 41, 48]
[00:00:00:04:000] ! Unidirectional s-t. expansions: 6,299, time: 4,000 [ms], path length: 26 [edges], generated: 6,555
[00:00:00:06:631] Path of length 26 found: [48, 41, 40, 39, 46, 45, 44, 43, 42, 35, 28, 29, 30, 31, 24, 25, 26, 27, 20, 13, 12, 5, 4, 3, 2, 1, 0]
[00:00:00:06:631] ! Unidirectional t-s. expansions: 10,941, time: 6,631 [ms], path length: 26 [edges], generated: 11,197
[00:00:00:06:581] Path of length 26 found: [0, 1, 2, 9, 10, 11, 12, 13, 20, 27, 26, 25, 24, 31, 30, 29, 28, 35, 42, 43, 44, 45, 46, 39, 40, 41, 48]
[00:00:00:06:922] ! Bidirectional. expansions: 18,118, time: 6,581 [ms], path length: 26 [edges], g_F: 13, g_B: 13, generated: {'F': 9,727, 'B': 10,536}, MM: 0, MMPER: -1.0%
[00:00:00:06:922] 
---------- SM_Grids/7x7_grid_with_random_blocks_16per_2 ----------
[00:00:00:05:540] Path of length 24 found: [0, 1, 2, 3, 4, 5, 12, 19, 18, 17, 16, 23, 22, 29, 36, 43, 44, 45, 38, 31, 32, 33, 40, 47, 48]
[00:00:00:05:541] ! Unidirectional s-t. expansions: 8,415, time: 5,540 [ms], path length: 24 [edges], generated: 8,677
[00:00:00:02:773] Path of length 26 found: [48, 47, 40, 33, 32, 31, 38, 45, 44, 43, 36, 29, 22, 23, 16, 17, 18, 19, 12, 5, 4, 3, 2, 1, 8, 7, 0]
[00:00:00:02:773] ! Unidirectional t-s. expansions: 3,945, time: 2,773 [ms], path length: 26 [edges], generated: 4,207
[00:00:00:05:393] Path of length 24 found: [0, 1, 2, 3, 4, 5, 12, 19, 18, 17, 16, 23, 22, 29, 36, 43, 44, 45, 38, 31, 32, 33, 40, 47, 48]
[00:00:00:05:722] ! Bidirectional. expansions: 13,596, time: 5,393 [ms], path length: 24 [edges], g_F: 12, g_B: 12, generated: {'F': 9,159, 'B': 7,065}, MM: 0, MMPER: -1.0%
[00:00:00:05:723] 
---------- SM_Grids/7x7_grid_with_random_blocks_16per_3 ----------
[00:00:00:04:144] Path of length 22 found: [0, 7, 8, 15, 22, 21, 28, 35, 36, 37, 30, 31, 24, 17, 18, 19, 26, 27, 34, 41, 40, 47, 48]
[00:00:00:04:144] ! Unidirectional s-t. expansions: 5,522, time: 4,144 [ms], path length: 22 [edges], generated: 6,109
[00:00:00:07:620] Path of length 22 found: [48, 41, 34, 33, 32, 31, 30, 37, 36, 35, 28, 21, 14, 15, 16, 17, 18, 11, 4, 3, 2, 1, 0]
[00:00:00:07:620] ! Unidirectional t-s. expansions: 11,064, time: 7,620 [ms], path length: 22 [edges], generated: 11,651
[00:00:00:08:436] Path of length 22 found: [0, 1, 2, 3, 4, 11, 18, 17, 16, 15, 14, 21, 28, 35, 36, 37, 30, 31, 32, 33, 34, 41, 48]
[00:00:00:08:776] ! Bidirectional. expansions: 19,578, time: 8,436 [ms], path length: 22 [edges], g_F: 11, g_B: 11, generated: {'F': 11,263, 'B': 12,640}, MM: 0, MMPER: -1.0%
[00:00:00:08:776] 
---------- SM_Grids/7x7_grid_with_random_blocks_16per_4 ----------
[00:00:00:04:770] Path of length 26 found: [0, 7, 14, 21, 28, 35, 42, 43, 44, 45, 38, 31, 30, 23, 16, 9, 10, 11, 18, 25, 26, 27, 34, 41, 40, 47, 48]
[00:00:00:04:770] ! Unidirectional s-t. expansions: 7,933, time: 4,770 [ms], path length: 26 [edges], generated: 8,120
[00:00:00:03:825] Path of length 26 found: [48, 41, 40, 33, 26, 27, 20, 13, 12, 11, 10, 9, 16, 23, 30, 31, 38, 45, 44, 43, 36, 35, 28, 21, 14, 7, 0]
[00:00:00:03:825] ! Unidirectional t-s. expansions: 6,132, time: 3,825 [ms], path length: 26 [edges], generated: 6,319
[00:00:00:05:352] Path of length 26 found: [0, 7, 14, 21, 28, 35, 42, 43, 44, 45, 38, 31, 30, 23, 16, 9, 10, 11, 12, 13, 20, 27, 26, 33, 40, 41, 48]
[00:00:00:05:721] ! Bidirectional. expansions: 14,110, time: 5,352 [ms], path length: 26 [edges], g_F: 13, g_B: 13, generated: {'F': 8,923, 'B': 7,591}, MM: 0, MMPER: -1.0%
[00:00:00:05:721] 
---------- SM_Grids/7x7_grid_with_random_blocks_16per_5 ----------
[00:00:00:16:130] Path of length 26 found: [0, 1, 2, 9, 16, 15, 14, 21, 28, 29, 30, 37, 38, 39, 32, 25, 18, 11, 4, 5, 6, 13, 20, 27, 34, 41, 48]
[00:00:00:16:130] ! Unidirectional s-t. expansions: 23,788, time: 16,130 [ms], path length: 26 [edges], generated: 24,503
[00:00:00:05:313] Path of length 26 found: [48, 41, 34, 27, 20, 13, 6, 5, 4, 11, 18, 25, 32, 39, 38, 37, 30, 29, 28, 21, 14, 15, 16, 9, 2, 1, 0]
[00:00:00:05:313] ! Unidirectional t-s. expansions: 6,838, time: 5,313 [ms], path length: 26 [edges], generated: 7,553
[00:00:00:12:611] Path of length 26 found: [0, 1, 2, 9, 16, 15, 14, 21, 28, 29, 30, 37, 38, 39, 32, 25, 18, 11, 4, 5, 6, 13, 20, 27, 34, 41, 48]
[00:00:00:12:943] ! Bidirectional. expansions: 28,498, time: 12,611 [ms], path length: 26 [edges], g_F: 13, g_B: 13, generated: {'F': 18,261, 'B': 16,295}, MM: 0, MMPER: -1.0%
[00:00:00:12:944] 
---------- SM_Grids/7x7_grid_with_random_blocks_16per_6 ----------
[00:00:00:06:756] Path of length 26 found: [0, 1, 8, 15, 22, 23, 30, 37, 44, 45, 46, 39, 32, 25, 18, 17, 10, 3, 4, 5, 12, 13, 20, 27, 34, 41, 48]
[00:00:00:06:756] ! Unidirectional s-t. expansions: 9,860, time: 6,756 [ms], path length: 26 [edges], generated: 10,105
[00:00:00:06:083] Path of length 26 found: [48, 41, 34, 27, 20, 13, 6, 5, 4, 3, 10, 17, 18, 25, 32, 39, 46, 45, 44, 37, 30, 23, 22, 15, 8, 1, 0]
[00:00:00:06:083] ! Unidirectional t-s. expansions: 9,343, time: 6,083 [ms], path length: 26 [edges], generated: 9,588
[00:00:00:03:693] Path of length 26 found: [0, 1, 8, 15, 22, 23, 30, 37, 44, 45, 46, 39, 32, 25, 18, 17, 10, 3, 4, 5, 6, 13, 20, 27, 34, 41, 48]
[00:00:00:04:023] ! Bidirectional. expansions: 7,710, time: 3,693 [ms], path length: 26 [edges], g_F: 13, g_B: 13, generated: {'F': 5,153, 'B': 5,290}, MM: 0, MMPER: -1.0%
[00:00:00:04:023] 
---------- SM_Grids/7x7_grid_with_random_blocks_16per_7 ----------
[00:00:00:02:386] Path of length 26 found: [0, 7, 8, 15, 22, 21, 28, 35, 36, 37, 30, 31, 24, 17, 10, 3, 4, 5, 12, 19, 20, 27, 34, 33, 40, 47, 48]
[00:00:00:02:386] ! Unidirectional s-t. expansions: 3,562, time: 2,386 [ms], path length: 26 [edges], generated: 3,748
[00:00:00:01:805] Path of length 26 found: [48, 47, 40, 33, 26, 19, 20, 13, 6, 5, 4, 3, 10, 17, 24, 31, 30, 37, 36, 35, 28, 21, 14, 7, 8, 1, 0]
[00:00:00:01:806] ! Unidirectional t-s. expansions: 2,870, time: 1,805 [ms], path length: 26 [edges], generated: 3,056
[00:00:00:01:183] Path of length 26 found: [0, 7, 8, 15, 22, 21, 28, 35, 36, 37, 30, 31, 24, 17, 10, 3, 4, 5, 6, 13, 20, 19, 26, 33, 40, 47, 48]
[00:00:00:01:511] ! Bidirectional. expansions: 2,918, time: 1,183 [ms], path length: 26 [edges], g_F: 13, g_B: 13, generated: {'F': 1,669, 'B': 2,112}, MM: 0, MMPER: -1.0%
[00:00:00:01:511] 
---------- SM_Grids/7x7_grid_with_random_blocks_16per_8 ----------
[00:00:00:07:511] Path of length 30 found: [0, 1, 2, 9, 16, 15, 22, 21, 28, 35, 42, 43, 44, 37, 30, 31, 24, 25, 18, 11, 4, 5, 6, 13, 20, 27, 34, 33, 40, 47, 48]
[00:00:00:07:512] ! Unidirectional s-t. expansions: 11,256, time: 7,511 [ms], path length: 30 [edges], generated: 11,484
[00:00:00:06:496] Path of length 30 found: [48, 47, 40, 33, 34, 27, 20, 13, 6, 5, 4, 11, 18, 25, 24, 31, 30, 37, 44, 43, 42, 35, 28, 21, 22, 15, 16, 9, 2, 1, 0]
[00:00:00:06:496] ! Unidirectional t-s. expansions: 10,390, time: 6,496 [ms], path length: 30 [edges], generated: 10,618
[00:00:00:03:741] Path of length 30 found: [0, 1, 2, 9, 16, 15, 22, 21, 28, 35, 42, 43, 44, 37, 30, 31, 24, 25, 18, 11, 4, 5, 6, 13, 20, 27, 34, 33, 40, 47, 48]
[00:00:00:04:067] ! Bidirectional. expansions: 8,730, time: 3,741 [ms], path length: 30 [edges], g_F: 15, g_B: 15, generated: {'F': 5,283, 'B': 5,822}, MM: 0, MMPER: -1.0%
[00:00:00:04:067] 
---------- SM_Grids/7x7_grid_with_random_blocks_16per_9 ----------
[00:00:00:13:346] Path of length 24 found: [0, 7, 8, 15, 22, 21, 28, 35, 42, 43, 44, 45, 46, 39, 32, 31, 24, 17, 18, 19, 26, 27, 34, 41, 48]
[00:00:00:13:347] ! Unidirectional s-t. expansions: 21,337, time: 13,346 [ms], path length: 24 [edges], generated: 22,108
[00:00:00:08:186] Path of length 26 found: [48, 41, 34, 27, 26, 25, 32, 39, 46, 45, 44, 37, 36, 35, 28, 21, 22, 23, 16, 17, 10, 3, 2, 1, 8, 7, 0]
[00:00:00:08:187] ! Unidirectional t-s. expansions: 11,785, time: 8,186 [ms], path length: 26 [edges], generated: 12,556
[00:00:00:09:942] Path of length 24 found: [0, 7, 8, 15, 22, 21, 28, 35, 42, 43, 44, 45, 46, 39, 32, 31, 24, 17, 18, 19, 20, 27, 34, 41, 48]
[00:00:00:10:273] ! Bidirectional. expansions: 21,956, time: 9,942 [ms], path length: 24 [edges], g_F: 12, g_B: 12, generated: {'F': 15,464, 'B': 13,365}, MM: 0, MMPER: -1.0%

[00:00:00:10:273] average expansions: (10,454, 7,821, 14,276, 0)
[00:00:00:10:273] average time: (6,805, 5,226, 6,022, 0)
[00:00:00:10:273] X-DFBnB: 7,821 , 5,226 (expansions , time[ms])
[00:00:00:10:273] BiX-DFBnB: 14,276 , 6,022 (expansions , time[ms])

