Mon 09 Mar 2026 17:31:24 IST

SLURM_JOBID:		 15365794
SLURM_JOB_NODELIST:	 ise-cpu256-08 

--------------------------
date: SM_Grids
number_of_graphs: 10
graph_type: grid
size_of_graphs: [7, 9]
heuristic: heuristic0
snake: True
run_uni: True
run_bi: True
run_multi: False
solution_vertices: []
algorithms: ['DFBnB']
bsd: False
cube_first_dims: 4
cube_buffer_dim: None
backward_sym_generation: False
sym_coil: False
prefix_set: None

---------- SM_Grids/7x9_grid_with_random_blocks_16per_0 ----------
[00:00:00:21:954] Path of length 26 found: [0, 1, 10, 19, 18, 27, 36, 45, 54, 55, 56, 47, 38, 29, 30, 31, 40, 41, 42, 33, 34, 35, 44, 53, 52, 61, 62]
[00:00:00:21:954] ! Unidirectional s-t. expansions: 27,641, time: 21,954 [ms], path length: 26 [edges], generated: 29,496
[00:00:01:40:846] Path of length 24 found: [62, 53, 44, 35, 34, 33, 32, 31, 30, 39, 38, 47, 56, 55, 54, 45, 36, 27, 18, 19, 20, 11, 2, 1, 0]
[00:00:01:40:847] ! Unidirectional t-s. expansions: 128,144, time: 100,846 [ms], path length: 24 [edges], generated: 129,999
[00:00:00:46:730] Path of length 24 found: [0, 1, 10, 19, 18, 27, 36, 45, 54, 55, 56, 47, 38, 29, 30, 31, 40, 41, 42, 33, 34, 35, 44, 53, 62]
[00:00:00:47:164] ! Bidirectional. expansions: 88,764, time: 46,730 [ms], path length: 24 [edges], g_F: 12, g_B: 12, generated: {'F': 57,424, 'B': 48,383}, MM: 0, MMPER: -1.0%
[00:00:00:47:164] 
---------- SM_Grids/7x9_grid_with_random_blocks_16per_1 ----------
[00:00:00:26:861] Path of length 38 found: [0, 1, 2, 3, 12, 21, 20, 19, 18, 27, 36, 45, 54, 55, 56, 47, 38, 39, 40, 49, 58, 59, 60, 51, 42, 33, 32, 23, 14, 5, 6, 7, 16, 25, 26, 35, 44, 53, 62]
[00:00:00:26:861] ! Unidirectional s-t. expansions: 32,491, time: 26,861 [ms], path length: 38 [edges], generated: 35,679
[00:00:00:45:774] Path of length 38 found: [62, 53, 44, 35, 26, 17, 8, 7, 6, 5, 14, 23, 32, 33, 42, 51, 60, 59, 58, 49, 40, 39, 38, 47, 56, 55, 54, 45, 36, 27, 18, 19, 20, 21, 12, 3, 2, 1, 0]
[00:00:00:45:774] ! Unidirectional t-s. expansions: 61,651, time: 45,774 [ms], path length: 38 [edges], generated: 64,839
[00:00:00:36:262] Path of length 38 found: [0, 1, 2, 3, 12, 21, 20, 19, 18, 27, 36, 45, 54, 55, 56, 47, 38, 39, 40, 49, 58, 59, 60, 51, 42, 33, 32, 23, 14, 5, 6, 7, 8, 17, 26, 35, 44, 53, 62]
[00:00:00:36:684] ! Bidirectional. expansions: 73,442, time: 36,262 [ms], path length: 38 [edges], g_F: 19, g_B: 19, generated: {'F': 46,789, 'B': 49,155}, MM: 0, MMPER: -1.0%
[00:00:00:36:684] 
---------- SM_Grids/7x9_grid_with_random_blocks_16per_2 ----------
[00:00:00:22:446] Path of length 26 found: [0, 1, 2, 11, 20, 19, 28, 37, 38, 39, 30, 31, 22, 13, 4, 5, 6, 15, 16, 25, 26, 35, 44, 43, 52, 61, 62]
[00:00:00:22:446] ! Unidirectional s-t. expansions: 28,863, time: 22,446 [ms], path length: 26 [edges], generated: 29,468
[00:00:00:18:972] Path of length 26 found: [62, 61, 52, 43, 44, 35, 26, 17, 8, 7, 6, 5, 4, 13, 22, 31, 30, 39, 38, 37, 28, 19, 20, 11, 2, 1, 0]
[00:00:00:18:973] ! Unidirectional t-s. expansions: 22,193, time: 18,972 [ms], path length: 26 [edges], generated: 22,798
[00:00:00:17:930] Path of length 26 found: [0, 1, 2, 11, 20, 19, 28, 37, 38, 39, 30, 31, 22, 13, 4, 5, 6, 7, 8, 17, 26, 35, 44, 43, 52, 61, 62]
[00:00:00:18:372] ! Bidirectional. expansions: 36,934, time: 17,930 [ms], path length: 26 [edges], g_F: 13, g_B: 13, generated: {'F': 21,989, 'B': 22,257}, MM: 0, MMPER: -1.0%
[00:00:00:18:372] 
---------- SM_Grids/7x9_grid_with_random_blocks_16per_3 ----------
[00:00:01:29:055] Path of length 34 found: [0, 9, 18, 27, 36, 45, 46, 47, 38, 29, 20, 11, 2, 3, 4, 13, 14, 15, 6, 7, 8, 17, 26, 35, 34, 33, 32, 31, 40, 49, 50, 51, 52, 61, 62]
[00:00:01:29:055] ! Unidirectional s-t. expansions: 105,729, time: 89,055 [ms], path length: 34 [edges], generated: 108,437
[00:00:00:50:278] Path of length 34 found: [62, 61, 52, 51, 42, 33, 34, 35, 26, 17, 8, 7, 6, 15, 14, 13, 4, 3, 2, 11, 20, 29, 30, 31, 40, 49, 48, 47, 46, 45, 36, 27, 18, 9, 0]
[00:00:00:50:279] ! Unidirectional t-s. expansions: 59,740, time: 50,278 [ms], path length: 34 [edges], generated: 62,448
[00:00:00:53:779] Path of length 34 found: [0, 9, 18, 27, 36, 45, 46, 47, 48, 49, 40, 31, 30, 21, 20, 11, 2, 3, 4, 13, 14, 15, 6, 7, 8, 17, 26, 35, 34, 33, 42, 51, 52, 61, 62]
[00:00:00:54:184] ! Bidirectional. expansions: 98,602, time: 53,779 [ms], path length: 34 [edges], g_F: 17, g_B: 17, generated: {'F': 62,147, 'B': 62,874}, MM: 0, MMPER: -1.0%
[00:00:00:54:185] 
---------- SM_Grids/7x9_grid_with_random_blocks_16per_4 ----------
[00:00:01:02:304] Path of length 26 found: [0, 9, 18, 27, 36, 37, 38, 29, 20, 11, 12, 13, 22, 31, 32, 33, 24, 15, 16, 17, 26, 35, 44, 43, 52, 61, 62]
[00:00:01:02:304] ! Unidirectional s-t. expansions: 80,422, time: 62,304 [ms], path length: 26 [edges], generated: 81,967
[00:00:01:10:980] Path of length 26 found: [62, 53, 52, 43, 34, 35, 26, 17, 16, 7, 6, 5, 4, 3, 12, 21, 20, 29, 38, 37, 36, 27, 18, 9, 10, 1, 0]
[00:00:01:10:981] ! Unidirectional t-s. expansions: 85,834, time: 70,980 [ms], path length: 26 [edges], generated: 87,379
[00:00:01:04:899] Path of length 26 found: [0, 9, 18, 27, 36, 37, 38, 29, 20, 11, 12, 13, 22, 31, 32, 33, 24, 15, 16, 17, 26, 35, 44, 43, 52, 61, 62]
[00:00:01:05:309] ! Bidirectional. expansions: 126,452, time: 64,899 [ms], path length: 26 [edges], g_F: 13, g_B: 13, generated: {'F': 66,573, 'B': 90,838}, MM: 0, MMPER: -1.0%
[00:00:01:05:309] 
---------- SM_Grids/7x9_grid_with_random_blocks_16per_5 ----------
[00:00:01:02:270] Path of length 30 found: [0, 9, 18, 27, 36, 37, 38, 47, 56, 57, 58, 59, 50, 41, 40, 31, 30, 21, 12, 3, 4, 5, 14, 23, 24, 33, 34, 43, 52, 61, 62]
[00:00:01:02:270] ! Unidirectional s-t. expansions: 75,287, time: 62,270 [ms], path length: 30 [edges], generated: 77,203
[00:00:00:19:253] Path of length 30 found: [62, 53, 52, 43, 34, 25, 24, 23, 14, 5, 4, 3, 12, 21, 30, 31, 40, 41, 50, 59, 58, 57, 48, 47, 38, 37, 28, 19, 18, 9, 0]
[00:00:00:19:254] ! Unidirectional t-s. expansions: 19,603, time: 19,253 [ms], path length: 30 [edges], generated: 21,519
[00:00:01:10:278] Path of length 30 found: [0, 9, 18, 27, 36, 37, 38, 47, 56, 57, 58, 59, 50, 41, 40, 31, 30, 21, 12, 3, 4, 5, 14, 23, 24, 25, 34, 43, 52, 53, 62]
[00:00:01:10:689] ! Bidirectional. expansions: 135,424, time: 70,278 [ms], path length: 30 [edges], g_F: 15, g_B: 15, generated: {'F': 80,464, 'B': 91,572}, MM: 0, MMPER: -1.0%
[00:00:01:10:689] 
---------- SM_Grids/7x9_grid_with_random_blocks_16per_6 ----------
[00:00:01:15:715] Path of length 34 found: [0, 9, 10, 11, 2, 3, 4, 5, 14, 15, 16, 17, 26, 35, 34, 33, 42, 41, 40, 31, 30, 29, 28, 37, 46, 47, 56, 57, 58, 59, 60, 61, 52, 53, 62]
[00:00:01:15:715] ! Unidirectional s-t. expansions: 91,894, time: 75,715 [ms], path length: 34 [edges], generated: 93,562
[00:00:00:37:596] Path of length 34 found: [62, 61, 60, 59, 58, 57, 56, 47, 46, 37, 28, 29, 20, 21, 22, 31, 40, 41, 42, 33, 24, 25, 26, 17, 8, 7, 6, 5, 4, 3, 2, 1, 10, 9, 0]
[00:00:00:37:596] ! Unidirectional t-s. expansions: 47,070, time: 37,596 [ms], path length: 34 [edges], generated: 48,738
[00:00:00:20:403] Path of length 32 found: [0, 9, 10, 11, 2, 3, 4, 5, 14, 15, 16, 17, 26, 35, 34, 33, 42, 41, 40, 31, 30, 29, 28, 37, 46, 47, 56, 57, 58, 59, 60, 61, 62]
[00:00:00:20:864] ! Bidirectional. expansions: 37,044, time: 20,403 [ms], path length: 32 [edges], g_F: 16, g_B: 16, generated: {'F': 22,947, 'B': 26,330}, MM: 0, MMPER: -1.0%
[00:00:00:20:865] 
---------- SM_Grids/7x9_grid_with_random_blocks_16per_7 ----------
[00:00:00:32:147] Path of length 32 found: [0, 1, 10, 11, 20, 21, 22, 13, 4, 5, 6, 15, 16, 17, 26, 35, 34, 33, 32, 41, 40, 39, 38, 47, 56, 57, 58, 59, 60, 51, 52, 53, 62]
[00:00:00:32:148] ! Unidirectional s-t. expansions: 37,728, time: 32,148 [ms], path length: 32 [edges], generated: 39,476
[00:00:00:32:805] Path of length 32 found: [62, 53, 52, 51, 60, 59, 58, 57, 56, 47, 38, 39, 40, 41, 32, 33, 34, 25, 26, 17, 8, 7, 6, 5, 4, 13, 22, 21, 20, 11, 2, 1, 0]
[00:00:00:32:805] ! Unidirectional t-s. expansions: 39,279, time: 32,805 [ms], path length: 32 [edges], generated: 41,027
[00:00:00:47:912] Path of length 32 found: [0, 1, 10, 11, 20, 21, 22, 13, 4, 5, 6, 15, 16, 17, 26, 35, 34, 33, 32, 41, 40, 39, 38, 47, 56, 57, 58, 59, 60, 51, 52, 53, 62]
[00:00:00:48:317] ! Bidirectional. expansions: 105,270, time: 47,912 [ms], path length: 32 [edges], g_F: 16, g_B: 16, generated: {'F': 64,151, 'B': 62,673}, MM: 0, MMPER: -1.0%
[00:00:00:48:318] 
---------- SM_Grids/7x9_grid_with_random_blocks_16per_8 ----------
[00:00:00:45:877] Path of length 34 found: [0, 9, 18, 27, 36, 45, 54, 55, 56, 47, 48, 39, 30, 21, 12, 3, 4, 5, 6, 7, 8, 17, 26, 25, 24, 33, 32, 41, 50, 59, 60, 61, 52, 53, 62]
[00:00:00:45:878] ! Unidirectional s-t. expansions: 62,845, time: 45,877 [ms], path length: 34 [edges], generated: 65,785
[00:00:01:12:711] Path of length 32 found: [62, 53, 52, 43, 34, 25, 26, 17, 8, 7, 6, 5, 4, 3, 12, 21, 30, 39, 40, 41, 50, 59, 58, 57, 56, 47, 46, 37, 36, 27, 18, 9, 0]
[00:00:01:12:711] ! Unidirectional t-s. expansions: 100,128, time: 72,711 [ms], path length: 32 [edges], generated: 103,068
[00:00:00:30:194] Path of length 32 found: [0, 9, 18, 27, 36, 45, 54, 55, 56, 57, 58, 59, 50, 41, 40, 39, 30, 21, 12, 3, 4, 5, 6, 7, 8, 17, 26, 25, 34, 43, 52, 53, 62]
[00:00:00:30:612] ! Bidirectional. expansions: 60,064, time: 30,194 [ms], path length: 32 [edges], g_F: 16, g_B: 16, generated: {'F': 42,064, 'B': 37,251}, MM: 0, MMPER: -1.0%
[00:00:00:30:612] 
---------- SM_Grids/7x9_grid_with_random_blocks_16per_9 ----------
[00:00:00:06:317] Path of length 26 found: [0, 1, 2, 3, 4, 5, 6, 7, 16, 17, 26, 35, 34, 33, 24, 23, 22, 31, 40, 41, 50, 59, 60, 61, 52, 53, 62]
[00:00:00:06:317] ! Unidirectional s-t. expansions: 6,612, time: 6,317 [ms], path length: 26 [edges], generated: 6,723
[00:00:00:13:845] Path of length 26 found: [62, 53, 52, 51, 50, 41, 40, 31, 22, 23, 24, 33, 34, 35, 26, 17, 8, 7, 6, 5, 4, 3, 2, 1, 10, 9, 0]
[00:00:00:13:845] ! Unidirectional t-s. expansions: 18,050, time: 13,845 [ms], path length: 26 [edges], generated: 18,161
[00:00:00:11:313] Path of length 24 found: [0, 1, 2, 3, 4, 5, 6, 7, 16, 17, 26, 35, 34, 33, 24, 23, 22, 31, 40, 41, 50, 51, 52, 53, 62]
[00:00:00:11:726] ! Bidirectional. expansions: 26,400, time: 11,313 [ms], path length: 24 [edges], g_F: 12, g_B: 12, generated: {'F': 11,614, 'B': 18,033}, MM: 0, MMPER: -1.0%

[00:00:00:11:726] average expansions: (54,951, 58,169, 78,840, 0)
[00:00:00:11:726] average time: (44,495, 46,306, 39,970, 0)
[00:00:00:11:727] X-DFBnB: 54,951 , 44,495 (expansions , time[ms])
[00:00:00:11:727] BiX-DFBnB: 78,840 , 39,970 (expansions , time[ms])

