Mon 09 Mar 2026 17:31:24 IST

SLURM_JOBID:		 15365796
SLURM_JOB_NODELIST:	 ise-cpu256-08 

--------------------------
date: SM_Grids
number_of_graphs: 10
graph_type: grid
size_of_graphs: [7, 7]
heuristic: heuristic0
snake: True
run_uni: True
run_bi: True
run_multi: False
solution_vertices: []
algorithms: ['DFBnB']
bsd: False
cube_first_dims: 4
cube_buffer_dim: None
backward_sym_generation: False
sym_coil: False
prefix_set: None

---------- SM_Grids/7x7_grid_with_random_blocks_8per_0 ----------
[00:00:01:45:137] Path of length 30 found: [0, 7, 8, 15, 22, 21, 28, 35, 42, 43, 44, 37, 30, 31, 32, 25, 18, 17, 10, 3, 4, 5, 12, 13, 20, 27, 34, 41, 40, 47, 48]
[00:00:01:45:137] ! Unidirectional s-t. expansions: 153,824, time: 105,137 [ms], path length: 30 [edges], generated: 156,786
[00:00:01:23:766] Path of length 28 found: [48, 41, 34, 27, 20, 13, 6, 5, 4, 3, 10, 17, 18, 25, 32, 31, 30, 37, 44, 43, 42, 35, 28, 21, 22, 15, 8, 1, 0]
[00:00:01:23:766] ! Unidirectional t-s. expansions: 116,961, time: 83,766 [ms], path length: 28 [edges], generated: 119,923
[00:00:01:28:104] Path of length 28 found: [0, 7, 8, 15, 22, 21, 28, 35, 42, 43, 44, 37, 30, 31, 32, 25, 18, 17, 10, 3, 4, 5, 6, 13, 20, 27, 34, 41, 48]
[00:00:01:28:454] ! Bidirectional. expansions: 185,434, time: 88,104 [ms], path length: 28 [edges], g_F: 14, g_B: 14, generated: {'F': 126,074, 'B': 106,107}, MM: 0, MMPER: -1.0%
[00:00:01:28:454] 
---------- SM_Grids/7x7_grid_with_random_blocks_8per_1 ----------
[00:00:00:30:600] Path of length 26 found: [0, 7, 14, 21, 28, 29, 30, 31, 32, 25, 18, 17, 16, 9, 2, 3, 4, 5, 12, 13, 20, 27, 34, 41, 40, 47, 48]
[00:00:00:30:600] ! Unidirectional s-t. expansions: 39,207, time: 30,600 [ms], path length: 26 [edges], generated: 41,509
[00:00:01:08:713] Path of length 24 found: [48, 41, 34, 27, 20, 13, 6, 5, 4, 3, 2, 9, 16, 17, 18, 25, 32, 31, 30, 29, 22, 21, 14, 7, 0]
[00:00:01:08:713] ! Unidirectional t-s. expansions: 91,830, time: 68,713 [ms], path length: 24 [edges], generated: 94,132
[00:00:00:40:731] Path of length 24 found: [0, 7, 14, 21, 28, 29, 30, 31, 32, 25, 18, 17, 16, 9, 2, 3, 4, 5, 6, 13, 20, 27, 34, 41, 48]
[00:00:00:41:491] ! Bidirectional. expansions: 81,846, time: 40,731 [ms], path length: 24 [edges], g_F: 12, g_B: 12, generated: {'F': 49,668, 'B': 54,896}, MM: 0, MMPER: -1.0%
[00:00:00:41:491] 
---------- SM_Grids/7x7_grid_with_random_blocks_8per_2 ----------
[00:00:01:46:052] Path of length 30 found: [0, 7, 8, 9, 2, 3, 4, 5, 6, 13, 20, 19, 18, 17, 24, 23, 22, 21, 28, 35, 36, 43, 44, 45, 38, 39, 32, 33, 34, 41, 48]
[00:00:01:46:052] ! Unidirectional s-t. expansions: 150,288, time: 106,052 [ms], path length: 30 [edges], generated: 154,528
[00:00:02:16:605] Path of length 30 found: [48, 41, 34, 33, 32, 39, 38, 45, 44, 43, 36, 35, 28, 21, 22, 23, 24, 17, 18, 19, 20, 13, 6, 5, 4, 3, 2, 9, 8, 7, 0]
[00:00:02:16:605] ! Unidirectional t-s. expansions: 191,528, time: 136,605 [ms], path length: 30 [edges], generated: 195,768
[00:00:01:13:919] Path of length 30 found: [0, 7, 8, 9, 2, 3, 4, 5, 6, 13, 20, 19, 18, 17, 24, 23, 22, 21, 28, 35, 36, 43, 44, 45, 38, 39, 32, 33, 34, 41, 48]
[00:00:01:14:244] ! Bidirectional. expansions: 136,436, time: 73,919 [ms], path length: 30 [edges], g_F: 15, g_B: 15, generated: {'F': 97,482, 'B': 93,222}, MM: 0, MMPER: -1.0%
[00:00:01:14:244] 
---------- SM_Grids/7x7_grid_with_random_blocks_8per_3 ----------
[00:00:01:04:096] Path of length 30 found: [0, 7, 8, 9, 2, 3, 4, 11, 12, 13, 20, 27, 26, 25, 32, 31, 30, 23, 22, 21, 28, 35, 42, 43, 44, 45, 46, 47, 40, 41, 48]
[00:00:01:04:097] ! Unidirectional s-t. expansions: 88,033, time: 64,096 [ms], path length: 30 [edges], generated: 92,423
[00:00:01:06:565] Path of length 30 found: [48, 41, 40, 33, 26, 19, 20, 13, 6, 5, 4, 3, 10, 17, 16, 23, 30, 31, 38, 45, 44, 43, 42, 35, 28, 21, 14, 7, 8, 1, 0]
[00:00:01:06:565] ! Unidirectional t-s. expansions: 93,020, time: 66,565 [ms], path length: 30 [edges], generated: 97,410
[00:00:01:02:093] Path of length 28 found: [0, 7, 14, 21, 28, 35, 42, 43, 44, 37, 30, 31, 24, 17, 16, 9, 2, 3, 4, 5, 6, 13, 20, 19, 26, 33, 40, 41, 48]
[00:00:01:02:416] ! Bidirectional. expansions: 124,262, time: 62,093 [ms], path length: 28 [edges], g_F: 14, g_B: 14, generated: {'F': 81,582, 'B': 83,283}, MM: 0, MMPER: -1.0%
[00:00:01:02:417] 
---------- SM_Grids/7x7_grid_with_random_blocks_8per_4 ----------
[00:00:00:53:931] Path of length 28 found: [0, 7, 8, 9, 16, 23, 22, 21, 28, 35, 36, 37, 38, 31, 32, 25, 18, 11, 4, 5, 6, 13, 20, 27, 34, 41, 40, 47, 48]
[00:00:00:53:931] ! Unidirectional s-t. expansions: 72,352, time: 53,931 [ms], path length: 28 [edges], generated: 74,536
[00:00:00:38:273] Path of length 28 found: [48, 47, 40, 33, 34, 27, 20, 13, 6, 5, 4, 11, 18, 25, 24, 31, 30, 37, 36, 35, 28, 21, 14, 15, 16, 9, 2, 1, 0]
[00:00:00:38:274] ! Unidirectional t-s. expansions: 49,244, time: 38,273 [ms], path length: 28 [edges], generated: 51,428
[00:00:01:08:338] Path of length 28 found: [0, 7, 8, 9, 10, 11, 4, 5, 6, 13, 20, 27, 34, 33, 32, 25, 24, 23, 22, 21, 28, 35, 36, 37, 38, 45, 46, 47, 48]
[00:00:01:08:659] ! Bidirectional. expansions: 141,018, time: 68,338 [ms], path length: 28 [edges], g_F: 14, g_B: 14, generated: {'F': 89,922, 'B': 85,864}, MM: 0, MMPER: -1.0%
[00:00:01:08:659] 
---------- SM_Grids/7x7_grid_with_random_blocks_8per_5 ----------
[00:00:01:24:640] Path of length 26 found: [0, 7, 14, 15, 22, 29, 28, 35, 42, 43, 44, 37, 38, 31, 24, 17, 10, 11, 12, 13, 20, 27, 26, 33, 40, 41, 48]
[00:00:01:24:640] ! Unidirectional s-t. expansions: 116,654, time: 84,640 [ms], path length: 26 [edges], generated: 119,298
[00:00:00:52:408] Path of length 28 found: [48, 41, 40, 39, 38, 37, 44, 43, 42, 35, 28, 21, 22, 23, 24, 25, 26, 27, 20, 13, 12, 11, 10, 3, 2, 1, 8, 7, 0]
[00:00:00:52:409] ! Unidirectional t-s. expansions: 72,640, time: 52,408 [ms], path length: 28 [edges], generated: 75,284
[00:00:00:48:977] Path of length 26 found: [0, 7, 14, 15, 22, 29, 28, 35, 42, 43, 44, 37, 38, 39, 32, 25, 24, 17, 10, 11, 12, 13, 20, 27, 34, 41, 48]
[00:00:00:49:315] ! Bidirectional. expansions: 92,056, time: 48,977 [ms], path length: 26 [edges], g_F: 13, g_B: 13, generated: {'F': 61,522, 'B': 62,218}, MM: 0, MMPER: -1.0%
[00:00:00:49:315] 
---------- SM_Grids/7x7_grid_with_random_blocks_8per_6 ----------
[00:00:01:08:412] Path of length 30 found: [0, 1, 2, 9, 16, 15, 14, 21, 28, 35, 42, 43, 44, 37, 30, 31, 24, 25, 18, 11, 4, 5, 6, 13, 20, 27, 34, 33, 40, 47, 48]
[00:00:01:08:412] ! Unidirectional s-t. expansions: 98,717, time: 68,412 [ms], path length: 30 [edges], generated: 102,007
[00:00:01:32:925] Path of length 30 found: [48, 47, 40, 33, 34, 27, 20, 13, 6, 5, 4, 11, 18, 25, 24, 31, 30, 37, 44, 43, 42, 35, 28, 21, 14, 15, 16, 9, 2, 1, 0]
[00:00:01:32:925] ! Unidirectional t-s. expansions: 130,864, time: 92,925 [ms], path length: 30 [edges], generated: 134,154
[00:00:00:49:462] Path of length 30 found: [0, 1, 2, 9, 16, 15, 14, 21, 28, 35, 42, 43, 44, 37, 30, 31, 24, 25, 18, 11, 4, 5, 6, 13, 20, 27, 34, 33, 40, 47, 48]
[00:00:00:49:803] ! Bidirectional. expansions: 93,668, time: 49,462 [ms], path length: 30 [edges], g_F: 15, g_B: 15, generated: {'F': 68,348, 'B': 59,726}, MM: 0, MMPER: -1.0%
[00:00:00:49:803] 
---------- SM_Grids/7x7_grid_with_random_blocks_8per_7 ----------
[00:00:01:50:316] Path of length 28 found: [0, 7, 14, 15, 16, 9, 2, 3, 4, 11, 12, 19, 26, 25, 24, 31, 30, 29, 28, 35, 42, 43, 44, 45, 46, 39, 40, 41, 48]
[00:00:01:50:316] ! Unidirectional s-t. expansions: 143,201, time: 110,316 [ms], path length: 28 [edges], generated: 149,001
[00:00:02:05:818] Path of length 28 found: [48, 41, 40, 33, 26, 19, 12, 5, 4, 3, 10, 17, 16, 23, 30, 31, 38, 45, 44, 43, 36, 35, 28, 21, 14, 7, 8, 1, 0]
[00:00:02:05:819] ! Unidirectional t-s. expansions: 169,483, time: 125,818 [ms], path length: 28 [edges], generated: 175,283
[00:00:01:47:756] Path of length 28 found: [0, 7, 14, 15, 16, 9, 2, 3, 4, 11, 12, 19, 26, 25, 24, 31, 30, 29, 28, 35, 42, 43, 44, 45, 46, 39, 40, 41, 48]
[00:00:01:48:120] ! Bidirectional. expansions: 195,650, time: 107,756 [ms], path length: 28 [edges], g_F: 14, g_B: 14, generated: {'F': 130,502, 'B': 141,509}, MM: 0, MMPER: -1.0%
[00:00:01:48:120] 
---------- SM_Grids/7x7_grid_with_random_blocks_8per_8 ----------
[00:00:01:15:010] Path of length 30 found: [0, 7, 8, 15, 22, 21, 28, 35, 42, 43, 44, 37, 38, 31, 32, 25, 18, 17, 10, 3, 4, 5, 12, 13, 20, 27, 34, 41, 40, 47, 48]
[00:00:01:15:010] ! Unidirectional s-t. expansions: 105,900, time: 75,010 [ms], path length: 30 [edges], generated: 110,319
[00:00:01:11:638] Path of length 30 found: [48, 41, 34, 33, 32, 31, 38, 37, 44, 43, 42, 35, 28, 21, 22, 23, 16, 17, 18, 19, 20, 13, 6, 5, 4, 3, 2, 1, 8, 7, 0]
[00:00:01:11:638] ! Unidirectional t-s. expansions: 100,367, time: 71,638 [ms], path length: 30 [edges], generated: 104,786
[00:00:00:52:456] Path of length 30 found: [0, 7, 8, 9, 2, 3, 4, 5, 6, 13, 20, 19, 18, 17, 24, 23, 22, 21, 28, 35, 42, 43, 44, 37, 38, 39, 32, 33, 34, 41, 48]
[00:00:00:52:821] ! Bidirectional. expansions: 99,058, time: 52,456 [ms], path length: 30 [edges], g_F: 15, g_B: 15, generated: {'F': 72,742, 'B': 69,939}, MM: 0, MMPER: -1.0%
[00:00:00:52:821] 
---------- SM_Grids/7x7_grid_with_random_blocks_8per_9 ----------
[00:00:01:43:318] Path of length 28 found: [0, 7, 14, 21, 28, 35, 42, 43, 44, 37, 30, 23, 16, 9, 2, 3, 4, 11, 12, 13, 20, 27, 26, 25, 32, 39, 40, 41, 48]
[00:00:01:43:318] ! Unidirectional s-t. expansions: 150,256, time: 103,318 [ms], path length: 28 [edges], generated: 153,151
[00:00:01:11:763] Path of length 30 found: [48, 41, 34, 27, 20, 13, 6, 5, 4, 3, 10, 17, 16, 23, 30, 31, 32, 39, 46, 45, 44, 43, 36, 35, 28, 21, 14, 7, 8, 1, 0]
[00:00:01:11:763] ! Unidirectional t-s. expansions: 103,844, time: 71,763 [ms], path length: 30 [edges], generated: 106,739
[00:00:00:55:820] Path of length 28 found: [0, 7, 14, 21, 28, 35, 42, 43, 44, 37, 30, 31, 32, 25, 18, 17, 16, 9, 2, 3, 4, 5, 6, 13, 20, 27, 34, 41, 48]
[00:00:00:56:147] ! Bidirectional. expansions: 115,392, time: 55,820 [ms], path length: 28 [edges], g_F: 14, g_B: 14, generated: {'F': 71,200, 'B': 78,245}, MM: 0, MMPER: -1.0%

[00:00:00:56:147] average expansions: (111,843, 111,978, 126,482, 0)
[00:00:00:56:147] average time: (80,151, 80,847, 64,766, 0)
[00:00:00:56:147] X-DFBnB: 111,843 , 80,151 (expansions , time[ms])
[00:00:00:56:147] BiX-DFBnB: 126,482 , 64,766 (expansions , time[ms])

