Mon 09 Mar 2026 17:31:24 IST

SLURM_JOBID:		 15365804
SLURM_JOB_NODELIST:	 ise-cpu256-08 

--------------------------
date: SM_Grids
number_of_graphs: 10
graph_type: grid
size_of_graphs: [7, 8]
heuristic: heuristic0
snake: True
run_uni: True
run_bi: True
run_multi: False
solution_vertices: []
algorithms: ['DFBnB']
bsd: False
cube_first_dims: 4
cube_buffer_dim: None
backward_sym_generation: False
sym_coil: False
prefix_set: None

---------- SM_Grids/7x8_grid_with_random_blocks_20per_0 ----------
[00:00:00:02:540] Path of length 19 found: [0, 8, 16, 17, 18, 19, 11, 3, 4, 5, 6, 7, 15, 23, 22, 30, 38, 46, 47, 55]
[00:00:00:02:540] ! Unidirectional s-t. expansions: 4,393, time: 2,540 [ms], path length: 19 [edges], generated: 4,440
[00:00:00:00:951] Path of length 19 found: [55, 47, 46, 38, 30, 22, 23, 15, 7, 6, 5, 4, 3, 11, 19, 18, 17, 9, 1, 0]
[00:00:00:00:951] ! Unidirectional t-s. expansions: 1,389, time: 951 [ms], path length: 19 [edges], generated: 1,436
[00:00:00:01:252] Path of length 19 found: [0, 8, 16, 17, 18, 19, 11, 3, 4, 5, 6, 7, 15, 23, 22, 30, 38, 46, 47, 55]
[00:00:00:01:712] ! Bidirectional. expansions: 3,424, time: 1,252 [ms], path length: 19 [edges], g_F: 10, g_B: 9, generated: {'F': 2,002, 'B': 1,627}, MM: 1, MMPER: 4.0%
[00:00:00:01:713] 
---------- SM_Grids/7x8_grid_with_random_blocks_20per_1 ----------
[00:00:00:09:098] Path of length 27 found: [0, 8, 16, 24, 32, 40, 41, 42, 34, 26, 18, 10, 2, 3, 4, 12, 13, 14, 22, 30, 29, 28, 36, 44, 45, 46, 54, 55]
[00:00:00:09:099] ! Unidirectional s-t. expansions: 12,634, time: 9,099 [ms], path length: 27 [edges], generated: 12,989
[00:00:00:08:050] Path of length 27 found: [55, 54, 46, 38, 30, 22, 14, 13, 5, 4, 3, 2, 10, 18, 26, 27, 28, 36, 44, 43, 42, 41, 40, 32, 24, 16, 8, 0]
[00:00:00:08:050] ! Unidirectional t-s. expansions: 11,761, time: 8,050 [ms], path length: 27 [edges], generated: 12,116
[00:00:00:05:267] Path of length 27 found: [0, 8, 16, 24, 32, 40, 41, 42, 43, 44, 36, 28, 27, 26, 18, 10, 2, 3, 4, 5, 13, 14, 22, 30, 38, 46, 54, 55]
[00:00:00:05:651] ! Bidirectional. expansions: 11,184, time: 5,267 [ms], path length: 27 [edges], g_F: 14, g_B: 13, generated: {'F': 7,370, 'B': 7,129}, MM: 1, MMPER: 2.5714285714285716%
[00:00:00:05:651] 
---------- SM_Grids/7x8_grid_with_random_blocks_20per_2 ----------
[00:00:00:01:590] Path of length 21 found: [0, 1, 2, 3, 11, 19, 18, 17, 16, 24, 32, 40, 41, 42, 34, 35, 36, 44, 45, 53, 54, 55]
[00:00:00:01:591] ! Unidirectional s-t. expansions: 1,767, time: 1,591 [ms], path length: 21 [edges], generated: 1,864
[00:00:00:01:119] Path of length 21 found: [55, 54, 53, 45, 44, 36, 35, 34, 42, 41, 40, 32, 24, 16, 17, 18, 19, 11, 3, 2, 1, 0]
[00:00:00:01:120] ! Unidirectional t-s. expansions: 1,315, time: 1,119 [ms], path length: 21 [edges], generated: 1,412
[00:00:00:02:030] Path of length 21 found: [0, 1, 2, 3, 11, 19, 18, 17, 16, 24, 32, 40, 41, 42, 34, 35, 36, 44, 45, 53, 54, 55]
[00:00:00:02:450] ! Bidirectional. expansions: 4,938, time: 2,030 [ms], path length: 21 [edges], g_F: 11, g_B: 10, generated: {'F': 3,511, 'B': 1,966}, MM: 1, MMPER: 3.545454545454546%
[00:00:00:02:450] 
---------- SM_Grids/7x8_grid_with_random_blocks_20per_3 ----------
[00:00:00:05:245] Path of length 23 found: [0, 8, 16, 24, 25, 26, 18, 10, 11, 12, 4, 5, 6, 14, 15, 23, 31, 30, 29, 37, 45, 46, 47, 55]
[00:00:00:05:245] ! Unidirectional s-t. expansions: 6,773, time: 5,245 [ms], path length: 23 [edges], generated: 7,444
[00:00:00:06:575] Path of length 25 found: [55, 47, 39, 38, 37, 29, 21, 22, 23, 15, 7, 6, 5, 4, 12, 11, 19, 18, 26, 25, 24, 16, 8, 9, 1, 0]
[00:00:00:06:575] ! Unidirectional t-s. expansions: 8,933, time: 6,575 [ms], path length: 25 [edges], generated: 9,604
[00:00:00:04:278] Path of length 23 found: [0, 8, 16, 24, 25, 26, 18, 10, 11, 12, 4, 5, 6, 7, 15, 23, 22, 21, 29, 37, 38, 39, 47, 55]
[00:00:00:04:660] ! Bidirectional. expansions: 9,506, time: 4,278 [ms], path length: 23 [edges], g_F: 12, g_B: 11, generated: {'F': 4,450, 'B': 6,923}, MM: 1, MMPER: 3.166666666666667%
[00:00:00:04:660] 
---------- SM_Grids/7x8_grid_with_random_blocks_20per_4 ----------
[00:00:00:05:751] Path of length 21 found: [0, 8, 16, 17, 25, 26, 27, 19, 20, 12, 4, 5, 6, 14, 15, 23, 31, 30, 38, 46, 47, 55]
[00:00:00:05:751] ! Unidirectional s-t. expansions: 7,289, time: 5,751 [ms], path length: 21 [edges], generated: 7,948
[00:00:00:06:073] Path of length 21 found: [55, 47, 46, 38, 30, 31, 23, 15, 14, 6, 5, 4, 12, 20, 19, 27, 26, 25, 17, 9, 1, 0]
[00:00:00:06:073] ! Unidirectional t-s. expansions: 7,922, time: 6,073 [ms], path length: 21 [edges], generated: 8,581
[00:00:00:06:745] Path of length 21 found: [0, 8, 16, 17, 25, 26, 27, 19, 20, 12, 4, 5, 6, 14, 15, 23, 31, 30, 38, 46, 47, 55]
[00:00:00:07:134] ! Bidirectional. expansions: 14,738, time: 6,745 [ms], path length: 21 [edges], g_F: 11, g_B: 10, generated: {'F': 7,715, 'B': 10,611}, MM: 1, MMPER: 3.545454545454546%
[00:00:00:07:135] 
---------- SM_Grids/7x8_grid_with_random_blocks_20per_5 ----------
[00:00:00:03:771] Path of length 19 found: [0, 1, 9, 17, 25, 26, 27, 28, 20, 12, 4, 5, 6, 14, 22, 30, 31, 39, 47, 55]
[00:00:00:03:772] ! Unidirectional s-t. expansions: 5,576, time: 3,772 [ms], path length: 19 [edges], generated: 5,676
[00:00:00:04:881] Path of length 19 found: [55, 47, 39, 31, 23, 15, 7, 6, 5, 4, 12, 20, 28, 27, 26, 18, 10, 2, 1, 0]
[00:00:00:04:881] ! Unidirectional t-s. expansions: 7,398, time: 4,881 [ms], path length: 19 [edges], generated: 7,498
[00:00:00:03:504] Path of length 19 found: [0, 1, 9, 17, 25, 26, 27, 28, 20, 12, 4, 5, 6, 7, 15, 23, 31, 39, 47, 55]
[00:00:00:03:886] ! Bidirectional. expansions: 8,494, time: 3,504 [ms], path length: 19 [edges], g_F: 10, g_B: 9, generated: {'F': 4,994, 'B': 5,599}, MM: 1, MMPER: 4.0%
[00:00:00:03:886] 
---------- SM_Grids/7x8_grid_with_random_blocks_20per_6 ----------
[00:00:00:05:358] Path of length 15 found: [0, 8, 16, 17, 25, 26, 34, 42, 50, 51, 52, 44, 45, 46, 54, 55]
[00:00:00:05:358] ! Unidirectional s-t. expansions: 7,281, time: 5,358 [ms], path length: 15 [edges], generated: 7,505
[00:00:00:01:744] Path of length 15 found: [55, 47, 46, 45, 44, 52, 51, 50, 42, 34, 26, 18, 10, 2, 1, 0]
[00:00:00:01:745] ! Unidirectional t-s. expansions: 1,985, time: 1,744 [ms], path length: 15 [edges], generated: 2,209
[00:00:00:06:312] Path of length 15 found: [0, 8, 16, 17, 25, 26, 34, 42, 50, 51, 52, 44, 45, 46, 47, 55]
[00:00:00:06:702] ! Bidirectional. expansions: 16,120, time: 6,312 [ms], path length: 15 [edges], g_F: 8, g_B: 7, generated: {'F': 11,921, 'B': 6,549}, MM: 1, MMPER: 5.25%
[00:00:00:06:702] 
---------- SM_Grids/7x8_grid_with_random_blocks_20per_7 ----------
[00:00:00:04:997] Path of length 27 found: [0, 8, 16, 24, 32, 33, 34, 26, 18, 10, 11, 12, 13, 5, 6, 7, 15, 23, 22, 30, 29, 28, 36, 44, 45, 46, 54, 55]
[00:00:00:04:998] ! Unidirectional s-t. expansions: 6,970, time: 4,997 [ms], path length: 27 [edges], generated: 7,307
[00:00:00:05:679] Path of length 27 found: [55, 47, 46, 45, 44, 36, 28, 29, 30, 22, 23, 15, 7, 6, 5, 13, 12, 11, 10, 18, 26, 34, 33, 32, 24, 16, 8, 0]
[00:00:00:05:679] ! Unidirectional t-s. expansions: 8,376, time: 5,679 [ms], path length: 27 [edges], generated: 8,713
[00:00:00:04:196] Path of length 27 found: [0, 8, 16, 24, 32, 33, 34, 26, 18, 10, 11, 12, 13, 5, 6, 7, 15, 23, 22, 30, 29, 28, 36, 44, 45, 46, 47, 55]
[00:00:00:04:585] ! Bidirectional. expansions: 9,476, time: 4,196 [ms], path length: 27 [edges], g_F: 14, g_B: 13, generated: {'F': 5,579, 'B': 5,987}, MM: 1, MMPER: 2.5714285714285716%
[00:00:00:04:586] 
---------- SM_Grids/7x8_grid_with_random_blocks_20per_8 ----------
[00:00:00:05:936] Path of length 27 found: [0, 1, 2, 10, 18, 17, 16, 24, 32, 33, 34, 35, 27, 28, 20, 12, 4, 5, 6, 14, 22, 30, 38, 37, 45, 53, 54, 55]
[00:00:00:05:936] ! Unidirectional s-t. expansions: 8,076, time: 5,936 [ms], path length: 27 [edges], generated: 8,411
[00:00:00:11:309] Path of length 27 found: [55, 54, 53, 45, 37, 38, 30, 22, 14, 6, 5, 4, 12, 20, 28, 27, 35, 34, 33, 32, 24, 16, 17, 18, 10, 2, 1, 0]
[00:00:00:11:309] ! Unidirectional t-s. expansions: 16,056, time: 11,309 [ms], path length: 27 [edges], generated: 16,391
[00:00:00:07:486] Path of length 27 found: [0, 1, 2, 10, 18, 17, 16, 24, 32, 33, 34, 35, 27, 28, 20, 12, 4, 5, 6, 14, 22, 30, 38, 37, 45, 53, 54, 55]
[00:00:00:07:980] ! Bidirectional. expansions: 17,390, time: 7,486 [ms], path length: 27 [edges], g_F: 14, g_B: 13, generated: {'F': 9,267, 'B': 12,001}, MM: 1, MMPER: 2.5714285714285716%
[00:00:00:07:980] 
---------- SM_Grids/7x8_grid_with_random_blocks_20per_9 ----------
[00:00:00:01:317] Path of length 19 found: [0, 1, 2, 3, 4, 12, 20, 19, 18, 17, 25, 33, 34, 35, 36, 44, 45, 46, 54, 55]
[00:00:00:01:318] ! Unidirectional s-t. expansions: 1,540, time: 1,317 [ms], path length: 19 [edges], generated: 1,679
[00:00:00:02:224] Path of length 19 found: [55, 47, 39, 38, 37, 36, 35, 34, 33, 25, 17, 18, 19, 20, 12, 4, 3, 2, 1, 0]
[00:00:00:02:224] ! Unidirectional t-s. expansions: 2,702, time: 2,224 [ms], path length: 19 [edges], generated: 2,841
[00:00:00:02:247] Path of length 19 found: [0, 1, 2, 3, 4, 12, 20, 19, 18, 17, 25, 33, 34, 35, 36, 37, 38, 39, 47, 55]
[00:00:00:02:637] ! Bidirectional. expansions: 5,700, time: 2,247 [ms], path length: 19 [edges], g_F: 10, g_B: 9, generated: {'F': 2,467, 'B': 3,880}, MM: 1, MMPER: 4.0%

[00:00:00:02:637] average expansions: (6,230, 6,784, 10,097, 0)
[00:00:00:02:637] average time: (4,561, 4,860, 4,332, 0)
[00:00:00:02:637] X-DFBnB: 6,230 , 4,561 (expansions , time[ms])
[00:00:00:02:637] BiX-DFBnB: 10,097 , 4,332 (expansions , time[ms])

