Mon 09 Mar 2026 17:31:24 IST

SLURM_JOBID:		 15365799
SLURM_JOB_NODELIST:	 ise-cpu256-08 

--------------------------
date: SM_Grids
number_of_graphs: 10
graph_type: grid
size_of_graphs: [7, 7]
heuristic: heuristic0
snake: True
run_uni: True
run_bi: True
run_multi: False
solution_vertices: []
algorithms: ['DFBnB']
bsd: False
cube_first_dims: 4
cube_buffer_dim: None
backward_sym_generation: False
sym_coil: False
prefix_set: None

---------- SM_Grids/7x7_grid_with_random_blocks_20per_0 ----------
[00:00:00:00:313] Path of length 16 found: [0, 7, 14, 21, 28, 35, 42, 43, 44, 45, 38, 31, 32, 33, 40, 47, 48]
[00:00:00:00:313] ! Unidirectional s-t. expansions: 613, time: 313 [ms], path length: 16 [edges], generated: 658
[00:00:00:00:596] Path of length 18 found: [48, 41, 34, 33, 32, 31, 38, 45, 44, 43, 36, 29, 22, 21, 14, 7, 8, 1, 0]
[00:00:00:00:596] ! Unidirectional t-s. expansions: 1,128, time: 596 [ms], path length: 18 [edges], generated: 1,173
[00:00:00:00:535] Path of length 16 found: [0, 7, 14, 21, 28, 35, 42, 43, 44, 45, 38, 31, 32, 33, 34, 41, 48]
[00:00:00:00:889] ! Bidirectional. expansions: 1,302, time: 535 [ms], path length: 16 [edges], g_F: 8, g_B: 8, generated: {'F': 758, 'B': 733}, MM: 0, MMPER: -1.0%
[00:00:00:00:889] 
---------- SM_Grids/7x7_grid_with_random_blocks_20per_1 ----------
[00:00:00:00:384] Path of length 12 found: [0, 7, 14, 21, 22, 29, 30, 31, 32, 39, 40, 47, 48]
[00:00:00:00:384] ! Unidirectional s-t. expansions: 501, time: 384 [ms], path length: 12 [edges], generated: 545
[00:00:00:00:471] Path of length 12 found: [48, 41, 34, 33, 32, 31, 30, 23, 16, 9, 8, 7, 0]
[00:00:00:00:472] ! Unidirectional t-s. expansions: 652, time: 471 [ms], path length: 12 [edges], generated: 696
[00:00:00:00:745] Path of length 12 found: [0, 7, 14, 21, 22, 29, 30, 31, 32, 33, 34, 41, 48]
[00:00:00:01:083] ! Bidirectional. expansions: 2,052, time: 745 [ms], path length: 12 [edges], g_F: 6, g_B: 6, generated: {'F': 1,198, 'B': 1,066}, MM: 0, MMPER: -1.0%
[00:00:00:01:083] 
---------- SM_Grids/7x7_grid_with_random_blocks_20per_2 ----------
[00:00:00:09:358] Path of length 28 found: [0, 7, 8, 9, 2, 3, 4, 11, 12, 13, 20, 27, 26, 25, 32, 31, 30, 29, 28, 35, 42, 43, 44, 45, 46, 47, 40, 41, 48]
[00:00:00:09:358] ! Unidirectional s-t. expansions: 15,853, time: 9,358 [ms], path length: 28 [edges], generated: 16,658
[00:00:00:03:037] Path of length 26 found: [48, 47, 46, 45, 44, 43, 42, 35, 28, 29, 30, 31, 32, 25, 18, 19, 20, 13, 6, 5, 4, 3, 2, 1, 8, 7, 0]
[00:00:00:03:037] ! Unidirectional t-s. expansions: 4,120, time: 3,037 [ms], path length: 26 [edges], generated: 4,925
[00:00:00:06:495] Path of length 26 found: [0, 7, 8, 9, 2, 3, 4, 11, 18, 19, 20, 27, 34, 33, 32, 31, 30, 29, 28, 35, 42, 43, 44, 45, 46, 47, 48]
[00:00:00:06:864] ! Bidirectional. expansions: 16,774, time: 6,495 [ms], path length: 26 [edges], g_F: 13, g_B: 13, generated: {'F': 12,148, 'B': 8,970}, MM: 0, MMPER: -1.0%
[00:00:00:06:864] 
---------- SM_Grids/7x7_grid_with_random_blocks_20per_3 ----------
[00:00:00:01:827] Path of length 28 found: [0, 7, 14, 21, 28, 35, 42, 43, 44, 37, 30, 31, 24, 17, 16, 9, 2, 3, 4, 11, 12, 19, 20, 27, 34, 33, 40, 47, 48]
[00:00:00:01:827] ! Unidirectional s-t. expansions: 3,012, time: 1,827 [ms], path length: 28 [edges], generated: 3,119
[00:00:00:01:105] Path of length 28 found: [48, 47, 40, 33, 34, 27, 20, 19, 12, 11, 4, 3, 2, 9, 16, 23, 30, 31, 38, 45, 44, 43, 36, 35, 28, 21, 14, 7, 0]
[00:00:00:01:105] ! Unidirectional t-s. expansions: 1,875, time: 1,105 [ms], path length: 28 [edges], generated: 1,982
[00:00:00:00:844] Path of length 28 found: [0, 7, 14, 21, 28, 35, 42, 43, 44, 37, 30, 31, 24, 17, 16, 9, 2, 3, 4, 11, 12, 19, 20, 27, 34, 33, 40, 47, 48]
[00:00:00:01:178] ! Bidirectional. expansions: 2,104, time: 844 [ms], path length: 28 [edges], g_F: 14, g_B: 14, generated: {'F': 1,333, 'B': 1,431}, MM: 0, MMPER: -1.0%
[00:00:00:01:178] 
---------- SM_Grids/7x7_grid_with_random_blocks_20per_4 ----------
[00:00:00:08:346] Path of length 24 found: [0, 7, 8, 9, 2, 3, 4, 11, 18, 17, 24, 23, 22, 29, 36, 37, 44, 45, 46, 39, 32, 33, 34, 41, 48]
[00:00:00:08:346] ! Unidirectional s-t. expansions: 13,211, time: 8,346 [ms], path length: 24 [edges], generated: 13,920
[00:00:00:07:578] Path of length 24 found: [48, 41, 34, 27, 26, 25, 32, 39, 46, 45, 44, 37, 36, 29, 22, 23, 16, 17, 10, 3, 2, 1, 8, 7, 0]
[00:00:00:07:579] ! Unidirectional t-s. expansions: 11,608, time: 7,578 [ms], path length: 24 [edges], generated: 12,317
[00:00:00:09:411] Path of length 24 found: [0, 7, 8, 9, 2, 3, 4, 11, 18, 17, 24, 23, 22, 29, 36, 37, 44, 45, 46, 39, 32, 33, 34, 41, 48]
[00:00:00:09:745] ! Bidirectional. expansions: 21,522, time: 9,412 [ms], path length: 24 [edges], g_F: 12, g_B: 12, generated: {'F': 15,136, 'B': 13,037}, MM: 0, MMPER: -1.0%
[00:00:00:09:745] 
---------- SM_Grids/7x7_grid_with_random_blocks_20per_5 ----------
[00:00:00:01:342] Path of length 24 found: [0, 1, 2, 3, 4, 5, 6, 13, 20, 19, 18, 17, 16, 15, 14, 21, 28, 29, 30, 31, 38, 39, 40, 47, 48]
[00:00:00:01:343] ! Unidirectional s-t. expansions: 1,941, time: 1,342 [ms], path length: 24 [edges], generated: 2,024
[00:00:00:01:200] Path of length 24 found: [48, 47, 40, 39, 32, 31, 30, 29, 28, 21, 14, 15, 16, 17, 18, 19, 20, 13, 6, 5, 4, 3, 2, 1, 0]
[00:00:00:01:200] ! Unidirectional t-s. expansions: 2,083, time: 1,200 [ms], path length: 24 [edges], generated: 2,166
[00:00:00:01:210] Path of length 24 found: [0, 1, 2, 3, 4, 5, 6, 13, 20, 19, 18, 17, 16, 15, 14, 21, 28, 29, 30, 31, 32, 39, 40, 47, 48]
[00:00:00:01:535] ! Bidirectional. expansions: 3,610, time: 1,210 [ms], path length: 24 [edges], g_F: 12, g_B: 12, generated: {'F': 1,967, 'B': 1,961}, MM: 0, MMPER: -1.0%
[00:00:00:01:535] 
---------- SM_Grids/7x7_grid_with_random_blocks_20per_6 ----------
[00:00:00:01:813] Path of length 24 found: [0, 7, 14, 21, 28, 29, 30, 23, 16, 9, 10, 3, 4, 5, 6, 13, 20, 19, 18, 25, 32, 33, 40, 47, 48]
[00:00:00:01:813] ! Unidirectional s-t. expansions: 2,743, time: 1,813 [ms], path length: 24 [edges], generated: 2,977
[00:00:00:02:321] Path of length 24 found: [48, 41, 34, 27, 20, 13, 6, 5, 4, 3, 10, 17, 18, 25, 32, 31, 30, 23, 22, 21, 14, 7, 8, 1, 0]
[00:00:00:02:321] ! Unidirectional t-s. expansions: 3,758, time: 2,321 [ms], path length: 24 [edges], generated: 3,992
[00:00:00:02:265] Path of length 24 found: [0, 7, 14, 21, 28, 29, 30, 23, 16, 9, 10, 3, 4, 5, 6, 13, 20, 19, 18, 25, 32, 33, 34, 41, 48]
[00:00:00:02:627] ! Bidirectional. expansions: 6,076, time: 2,265 [ms], path length: 24 [edges], g_F: 12, g_B: 12, generated: {'F': 3,605, 'B': 3,590}, MM: 0, MMPER: -1.0%
[00:00:00:02:627] 
---------- SM_Grids/7x7_grid_with_random_blocks_20per_7 ----------
[00:00:00:00:776] Path of length 16 found: [0, 1, 2, 9, 10, 11, 12, 19, 26, 25, 24, 31, 38, 39, 46, 47, 48]
[00:00:00:00:776] ! Unidirectional s-t. expansions: 1,016, time: 776 [ms], path length: 16 [edges], generated: 1,204
[00:00:00:01:922] Path of length 16 found: [48, 41, 40, 33, 32, 31, 24, 17, 18, 19, 12, 5, 4, 3, 2, 1, 0]
[00:00:00:01:922] ! Unidirectional t-s. expansions: 2,800, time: 1,922 [ms], path length: 16 [edges], generated: 2,988
[00:00:00:01:191] Path of length 16 found: [0, 1, 2, 9, 10, 11, 12, 19, 26, 25, 24, 31, 38, 39, 40, 41, 48]
[00:00:00:01:551] ! Bidirectional. expansions: 2,372, time: 1,191 [ms], path length: 16 [edges], g_F: 8, g_B: 8, generated: {'F': 1,482, 'B': 1,853}, MM: 0, MMPER: -1.0%
[00:00:00:01:551] 
---------- SM_Grids/7x7_grid_with_random_blocks_20per_8 ----------
[00:00:00:02:546] Path of length 24 found: [0, 1, 2, 3, 10, 17, 16, 23, 30, 29, 28, 35, 42, 43, 44, 45, 38, 39, 32, 25, 26, 27, 34, 41, 48]
[00:00:00:02:546] ! Unidirectional s-t. expansions: 3,833, time: 2,546 [ms], path length: 24 [edges], generated: 4,025
[00:00:00:01:447] Path of length 26 found: [48, 41, 34, 27, 26, 25, 32, 39, 38, 45, 44, 43, 42, 35, 28, 29, 30, 23, 16, 17, 10, 3, 2, 1, 8, 7, 0]
[00:00:00:01:447] ! Unidirectional t-s. expansions: 2,150, time: 1,447 [ms], path length: 26 [edges], generated: 2,342
[00:00:00:02:707] Path of length 24 found: [0, 1, 2, 3, 10, 17, 16, 23, 30, 29, 28, 35, 42, 43, 44, 45, 38, 39, 32, 25, 26, 27, 34, 41, 48]
[00:00:00:03:076] ! Bidirectional. expansions: 7,316, time: 2,707 [ms], path length: 24 [edges], g_F: 12, g_B: 12, generated: {'F': 4,131, 'B': 4,287}, MM: 0, MMPER: -1.0%
[00:00:00:03:076] 
---------- SM_Grids/7x7_grid_with_random_blocks_20per_9 ----------
[00:00:00:01:911] Path of length 28 found: [0, 7, 8, 15, 22, 29, 28, 35, 42, 43, 44, 45, 46, 39, 32, 25, 18, 17, 10, 3, 4, 5, 12, 13, 20, 27, 34, 41, 48]
[00:00:00:01:912] ! Unidirectional s-t. expansions: 3,419, time: 1,911 [ms], path length: 28 [edges], generated: 3,498
[00:00:00:01:260] Path of length 28 found: [48, 41, 34, 27, 20, 13, 6, 5, 4, 3, 10, 17, 18, 25, 32, 39, 46, 45, 44, 43, 42, 35, 28, 29, 22, 15, 8, 1, 0]
[00:00:00:01:260] ! Unidirectional t-s. expansions: 2,092, time: 1,260 [ms], path length: 28 [edges], generated: 2,171
[00:00:00:01:226] Path of length 28 found: [0, 7, 8, 15, 22, 29, 28, 35, 42, 43, 44, 45, 46, 39, 32, 25, 18, 17, 10, 3, 4, 5, 6, 13, 20, 27, 34, 41, 48]
[00:00:00:01:552] ! Bidirectional. expansions: 3,432, time: 1,226 [ms], path length: 28 [edges], g_F: 14, g_B: 14, generated: {'F': 1,948, 'B': 2,254}, MM: 0, MMPER: -1.0%

[00:00:00:01:552] average expansions: (4,614, 3,227, 6,656, 0)
[00:00:00:01:552] average time: (2,862, 2,094, 2,663, 0)
[00:00:00:01:552] X-DFBnB: 3,227 , 2,094 (expansions , time[ms])
[00:00:00:01:552] BiX-DFBnB: 6,656 , 2,663 (expansions , time[ms])

