Mon 09 Mar 2026 17:31:24 IST

SLURM_JOBID:		 15365801
SLURM_JOB_NODELIST:	 ise-cpu256-08 

--------------------------
date: SM_Grids
number_of_graphs: 10
graph_type: grid
size_of_graphs: [7, 8]
heuristic: heuristic0
snake: True
run_uni: True
run_bi: True
run_multi: False
solution_vertices: []
algorithms: ['DFBnB']
bsd: False
cube_first_dims: 4
cube_buffer_dim: None
backward_sym_generation: False
sym_coil: False
prefix_set: None

---------- SM_Grids/7x8_grid_with_random_blocks_12per_0 ----------
[00:00:01:30:083] Path of length 33 found: [0, 1, 2, 3, 11, 12, 13, 5, 6, 7, 15, 23, 22, 30, 29, 28, 27, 26, 18, 17, 16, 24, 32, 40, 48, 49, 50, 42, 43, 44, 45, 46, 47, 55]
[00:00:01:30:083] ! Unidirectional s-t. expansions: 126,610, time: 90,083 [ms], path length: 33 [edges], generated: 128,979
[00:00:01:57:771] Path of length 33 found: [55, 47, 39, 38, 37, 45, 44, 43, 42, 50, 49, 48, 40, 32, 24, 16, 17, 18, 26, 27, 28, 20, 21, 22, 23, 15, 7, 6, 5, 4, 3, 2, 1, 0]
[00:00:01:57:772] ! Unidirectional t-s. expansions: 150,919, time: 117,772 [ms], path length: 33 [edges], generated: 153,288
[00:00:00:41:927] Path of length 33 found: [0, 1, 2, 3, 4, 5, 6, 7, 15, 23, 22, 21, 20, 28, 27, 26, 18, 17, 16, 24, 32, 40, 48, 49, 50, 42, 43, 44, 45, 37, 38, 39, 47, 55]
[00:00:00:42:324] ! Bidirectional. expansions: 82,210, time: 41,927 [ms], path length: 33 [edges], g_F: 17, g_B: 16, generated: {'F': 51,669, 'B': 51,895}, MM: 1, MMPER: 1.9411764705882355%
[00:00:00:42:325] 
---------- SM_Grids/7x8_grid_with_random_blocks_12per_1 ----------
[00:00:00:41:891] Path of length 29 found: [0, 8, 9, 10, 2, 3, 4, 5, 6, 14, 22, 21, 20, 19, 27, 26, 25, 24, 32, 40, 41, 42, 43, 44, 36, 37, 38, 46, 54, 55]
[00:00:00:41:892] ! Unidirectional s-t. expansions: 48,095, time: 41,892 [ms], path length: 29 [edges], generated: 51,659
[00:00:02:16:548] Path of length 29 found: [55, 47, 39, 38, 37, 36, 44, 43, 42, 41, 40, 32, 24, 25, 26, 27, 19, 20, 21, 22, 14, 6, 5, 4, 3, 2, 10, 9, 8, 0]
[00:00:02:16:548] ! Unidirectional t-s. expansions: 171,060, time: 136,548 [ms], path length: 29 [edges], generated: 174,624
[00:00:01:18:740] Path of length 29 found: [0, 8, 9, 10, 2, 3, 4, 5, 6, 14, 22, 21, 20, 19, 27, 26, 25, 24, 32, 40, 41, 42, 43, 44, 36, 37, 38, 39, 47, 55]
[00:00:01:19:155] ! Bidirectional. expansions: 145,424, time: 78,740 [ms], path length: 29 [edges], g_F: 15, g_B: 14, generated: {'F': 86,367, 'B': 103,783}, MM: 1, MMPER: 2.3333333333333335%
[00:00:01:19:155] 
---------- SM_Grids/7x8_grid_with_random_blocks_12per_2 ----------
[00:00:00:25:141] Path of length 31 found: [0, 1, 2, 3, 4, 5, 13, 14, 22, 23, 31, 39, 38, 37, 29, 28, 20, 19, 18, 17, 16, 24, 32, 33, 34, 35, 43, 44, 52, 53, 54, 55]
[00:00:00:25:141] ! Unidirectional s-t. expansions: 28,946, time: 25,141 [ms], path length: 31 [edges], generated: 30,701
[00:00:00:40:482] Path of length 31 found: [55, 54, 53, 52, 44, 43, 35, 34, 33, 32, 24, 16, 17, 18, 19, 20, 28, 29, 37, 38, 39, 31, 23, 15, 7, 6, 5, 4, 3, 2, 1, 0]
[00:00:00:40:482] ! Unidirectional t-s. expansions: 50,587, time: 40,482 [ms], path length: 31 [edges], generated: 52,342
[00:00:00:38:928] Path of length 31 found: [0, 1, 2, 3, 4, 5, 13, 14, 22, 23, 31, 39, 38, 37, 29, 28, 20, 19, 18, 17, 16, 24, 32, 33, 34, 35, 43, 44, 52, 53, 54, 55]
[00:00:00:39:346] ! Bidirectional. expansions: 78,226, time: 38,928 [ms], path length: 31 [edges], g_F: 16, g_B: 15, generated: {'F': 47,780, 'B': 49,808}, MM: 1, MMPER: 2.125%
[00:00:00:39:346] 
---------- SM_Grids/7x8_grid_with_random_blocks_12per_3 ----------
[00:00:02:07:243] Path of length 31 found: [0, 1, 9, 17, 16, 24, 32, 33, 41, 49, 50, 51, 52, 53, 45, 37, 36, 28, 20, 19, 11, 3, 4, 5, 6, 14, 22, 30, 31, 39, 47, 55]
[00:00:02:07:243] ! Unidirectional s-t. expansions: 155,960, time: 127,243 [ms], path length: 31 [edges], generated: 160,636
[00:00:02:00:443] Path of length 31 found: [55, 47, 39, 31, 30, 22, 14, 6, 5, 4, 3, 11, 19, 27, 35, 36, 37, 45, 53, 52, 51, 50, 42, 41, 33, 25, 24, 16, 8, 9, 1, 0]
[00:00:02:00:444] ! Unidirectional t-s. expansions: 153,344, time: 120,444 [ms], path length: 31 [edges], generated: 158,020
[00:00:01:35:500] Path of length 31 found: [0, 1, 9, 17, 16, 24, 32, 33, 41, 49, 50, 51, 52, 53, 45, 37, 36, 35, 27, 19, 11, 3, 4, 5, 6, 14, 22, 30, 31, 39, 47, 55]
[00:00:01:35:882] ! Bidirectional. expansions: 165,128, time: 95,500 [ms], path length: 31 [edges], g_F: 16, g_B: 15, generated: {'F': 112,509, 'B': 119,206}, MM: 1, MMPER: 2.125%
[00:00:01:35:882] 
---------- SM_Grids/7x8_grid_with_random_blocks_12per_4 ----------
[00:00:01:27:568] Path of length 33 found: [0, 1, 2, 10, 18, 17, 16, 24, 32, 40, 48, 49, 50, 42, 34, 35, 27, 28, 20, 12, 4, 5, 6, 7, 15, 23, 22, 30, 38, 37, 45, 53, 54, 55]
[00:00:01:27:569] ! Unidirectional s-t. expansions: 120,387, time: 87,568 [ms], path length: 33 [edges], generated: 125,413
[00:00:01:36:241] Path of length 33 found: [55, 54, 53, 45, 37, 38, 30, 22, 23, 15, 7, 6, 5, 4, 12, 20, 28, 27, 35, 34, 42, 50, 49, 48, 40, 32, 24, 16, 17, 18, 10, 2, 1, 0]
[00:00:01:36:242] ! Unidirectional t-s. expansions: 127,732, time: 96,241 [ms], path length: 33 [edges], generated: 132,758
[00:00:01:01:676] Path of length 33 found: [0, 1, 2, 10, 18, 17, 16, 24, 32, 40, 48, 49, 50, 42, 34, 35, 27, 28, 20, 12, 4, 5, 6, 7, 15, 23, 22, 30, 38, 37, 45, 53, 54, 55]
[00:00:01:02:047] ! Bidirectional. expansions: 123,350, time: 61,676 [ms], path length: 33 [edges], g_F: 17, g_B: 16, generated: {'F': 82,696, 'B': 80,284}, MM: 1, MMPER: 1.9411764705882355%
[00:00:01:02:047] 
---------- SM_Grids/7x8_grid_with_random_blocks_12per_5 ----------
[00:00:01:18:464] Path of length 31 found: [0, 8, 16, 17, 18, 10, 2, 3, 4, 12, 13, 14, 22, 30, 29, 28, 27, 35, 34, 33, 32, 40, 48, 49, 50, 51, 52, 53, 45, 46, 47, 55]
[00:00:01:18:465] ! Unidirectional s-t. expansions: 99,529, time: 78,464 [ms], path length: 31 [edges], generated: 102,406
[00:00:00:54:500] Path of length 31 found: [55, 47, 46, 45, 53, 52, 51, 50, 49, 48, 40, 32, 33, 25, 26, 18, 19, 20, 28, 29, 30, 22, 14, 6, 5, 4, 3, 2, 1, 9, 8, 0]
[00:00:00:54:500] ! Unidirectional t-s. expansions: 65,915, time: 54,500 [ms], path length: 31 [edges], generated: 68,792
[00:00:00:52:851] Path of length 31 found: [0, 8, 16, 17, 18, 10, 2, 3, 4, 12, 13, 14, 22, 30, 29, 28, 27, 35, 34, 33, 32, 40, 48, 49, 50, 51, 52, 53, 45, 46, 47, 55]
[00:00:00:53:230] ! Bidirectional. expansions: 95,000, time: 52,851 [ms], path length: 31 [edges], g_F: 16, g_B: 15, generated: {'F': 59,134, 'B': 68,128}, MM: 1, MMPER: 2.125%
[00:00:00:53:230] 
---------- SM_Grids/7x8_grid_with_random_blocks_12per_6 ----------
[00:00:00:38:909] Path of length 29 found: [0, 8, 9, 10, 11, 19, 27, 26, 34, 33, 32, 40, 48, 49, 50, 51, 43, 44, 36, 37, 29, 21, 22, 23, 31, 39, 47, 46, 54, 55]
[00:00:00:38:910] ! Unidirectional s-t. expansions: 46,521, time: 38,909 [ms], path length: 29 [edges], generated: 47,523
[00:00:00:27:534] Path of length 27 found: [55, 47, 39, 31, 23, 22, 21, 20, 28, 36, 37, 45, 53, 52, 51, 50, 49, 48, 40, 32, 33, 34, 26, 18, 10, 9, 8, 0]
[00:00:00:27:534] ! Unidirectional t-s. expansions: 29,285, time: 27,534 [ms], path length: 27 [edges], generated: 30,287
[00:00:00:39:809] Path of length 27 found: [0, 8, 9, 17, 18, 26, 34, 33, 32, 40, 48, 49, 50, 51, 52, 53, 45, 37, 36, 28, 20, 21, 22, 23, 31, 39, 47, 55]
[00:00:00:40:187] ! Bidirectional. expansions: 85,330, time: 39,809 [ms], path length: 27 [edges], g_F: 14, g_B: 13, generated: {'F': 59,099, 'B': 40,063}, MM: 1, MMPER: 2.5714285714285716%
[00:00:00:40:187] 
---------- SM_Grids/7x8_grid_with_random_blocks_12per_7 ----------
[00:00:02:34:020] Valid states checked so far: 200,000, Expansions: 193,199, Global best: 32
[00:00:03:20:922] Path of length 31 found: [0, 8, 9, 17, 18, 19, 11, 3, 4, 5, 13, 14, 15, 23, 31, 30, 29, 28, 36, 35, 34, 33, 41, 49, 50, 51, 52, 53, 45, 46, 47, 55]
[00:00:03:20:922] ! Unidirectional s-t. expansions: 251,998, time: 200,922 [ms], path length: 31 [edges], generated: 261,135
[00:00:02:37:346] Valid states checked so far: 200,000, Expansions: 192,444, Global best: 32
[00:00:02:58:693] Path of length 31 found: [55, 47, 46, 45, 44, 43, 51, 50, 49, 41, 33, 25, 26, 18, 19, 20, 28, 29, 30, 31, 23, 15, 14, 6, 5, 4, 3, 2, 1, 9, 8, 0]
[00:00:02:58:693] ! Unidirectional t-s. expansions: 220,050, time: 178,693 [ms], path length: 31 [edges], generated: 229,187
[00:00:01:58:043] Valid meeting checks so far: 200,000, state_vs_state: 0, state_vs_prefix: 0, prefix_vs_prefix: 200,000
[00:00:02:32:920] Path of length 31 found: [0, 8, 9, 17, 18, 19, 11, 3, 4, 5, 13, 14, 15, 23, 31, 30, 29, 28, 36, 35, 34, 33, 41, 49, 50, 51, 52, 53, 45, 46, 47, 55]
[00:00:02:33:302] ! Bidirectional. expansions: 263,962, time: 152,920 [ms], path length: 31 [edges], g_F: 16, g_B: 15, generated: {'F': 181,460, 'B': 189,082}, MM: 1, MMPER: 2.125%
[00:00:02:33:302] 
---------- SM_Grids/7x8_grid_with_random_blocks_12per_8 ----------
[00:00:01:46:136] Path of length 31 found: [0, 8, 16, 24, 32, 33, 34, 42, 50, 51, 52, 44, 36, 28, 20, 19, 18, 10, 2, 3, 4, 5, 13, 14, 22, 30, 31, 39, 47, 46, 54, 55]
[00:00:01:46:136] ! Unidirectional s-t. expansions: 127,445, time: 106,136 [ms], path length: 31 [edges], generated: 132,538
[00:00:01:50:630] Path of length 31 found: [55, 47, 39, 31, 30, 22, 14, 6, 5, 4, 3, 2, 10, 18, 19, 27, 28, 36, 37, 45, 53, 52, 51, 43, 42, 34, 33, 32, 24, 16, 8, 0]
[00:00:01:50:630] ! Unidirectional t-s. expansions: 134,722, time: 110,630 [ms], path length: 31 [edges], generated: 139,815
[00:00:01:45:430] Path of length 31 found: [0, 8, 16, 24, 32, 33, 34, 42, 50, 51, 52, 53, 45, 37, 36, 28, 27, 19, 18, 10, 2, 3, 4, 5, 6, 14, 22, 30, 31, 39, 47, 55]
[00:00:01:45:800] ! Bidirectional. expansions: 190,438, time: 105,430 [ms], path length: 31 [edges], g_F: 16, g_B: 15, generated: {'F': 127,763, 'B': 126,832}, MM: 1, MMPER: 2.125%
[00:00:01:45:801] 
---------- SM_Grids/7x8_grid_with_random_blocks_12per_9 ----------
[00:00:00:31:920] Path of length 31 found: [0, 8, 16, 24, 32, 40, 48, 49, 50, 42, 43, 44, 36, 28, 27, 26, 18, 10, 11, 12, 13, 5, 6, 7, 15, 23, 22, 30, 38, 46, 54, 55]
[00:00:00:31:920] ! Unidirectional s-t. expansions: 37,492, time: 31,920 [ms], path length: 31 [edges], generated: 42,902
[00:00:01:28:141] Path of length 31 found: [55, 47, 39, 38, 30, 22, 23, 15, 7, 6, 5, 13, 12, 11, 10, 18, 26, 27, 28, 36, 44, 43, 42, 50, 49, 48, 40, 32, 24, 16, 8, 0]
[00:00:01:28:141] ! Unidirectional t-s. expansions: 114,980, time: 88,141 [ms], path length: 31 [edges], generated: 120,390
[00:00:00:50:358] Path of length 31 found: [0, 8, 16, 24, 32, 40, 48, 49, 50, 42, 43, 44, 36, 28, 27, 26, 18, 10, 11, 12, 13, 5, 6, 7, 15, 23, 22, 30, 38, 39, 47, 55]
[00:00:00:50:718] ! Bidirectional. expansions: 96,316, time: 50,358 [ms], path length: 31 [edges], g_F: 16, g_B: 15, generated: {'F': 61,338, 'B': 66,595}, MM: 1, MMPER: 2.125%

[00:00:00:50:718] average expansions: (104,298, 121,859, 132,538, 0)
[00:00:00:50:718] average time: (82,828, 97,098, 71,814, 0)
[00:00:00:50:719] X-DFBnB: 104,298 , 82,828 (expansions , time[ms])
[00:00:00:50:719] BiX-DFBnB: 132,538 , 71,814 (expansions , time[ms])

