Mon 09 Mar 2026 17:31:24 IST

SLURM_JOBID:		 15365803
SLURM_JOB_NODELIST:	 ise-cpu256-08 

--------------------------
date: SM_Grids
number_of_graphs: 10
graph_type: grid
size_of_graphs: [7, 8]
heuristic: heuristic0
snake: True
run_uni: True
run_bi: True
run_multi: False
solution_vertices: []
algorithms: ['DFBnB']
bsd: False
cube_first_dims: 4
cube_buffer_dim: None
backward_sym_generation: False
sym_coil: False
prefix_set: None

---------- SM_Grids/7x8_grid_with_random_blocks_16per_0 ----------
[00:00:00:29:066] Path of length 33 found: [0, 1, 2, 3, 4, 12, 13, 14, 15, 23, 31, 30, 29, 28, 27, 19, 18, 17, 25, 24, 32, 40, 48, 49, 50, 42, 43, 44, 52, 53, 54, 46, 47, 55]
[00:00:00:29:066] ! Unidirectional s-t. expansions: 42,832, time: 29,066 [ms], path length: 33 [edges], generated: 44,624
[00:00:00:39:070] Path of length 31 found: [55, 47, 46, 45, 44, 43, 42, 50, 49, 48, 40, 32, 24, 25, 17, 18, 19, 27, 28, 29, 30, 31, 23, 15, 14, 13, 5, 4, 3, 2, 1, 0]
[00:00:00:39:070] ! Unidirectional t-s. expansions: 55,062, time: 39,070 [ms], path length: 31 [edges], generated: 56,854
[00:00:00:18:948] Path of length 31 found: [0, 1, 2, 3, 4, 12, 13, 14, 15, 23, 31, 30, 29, 28, 27, 19, 18, 17, 25, 24, 32, 40, 48, 49, 50, 42, 43, 44, 45, 46, 47, 55]
[00:00:00:19:392] ! Bidirectional. expansions: 35,582, time: 18,948 [ms], path length: 31 [edges], g_F: 16, g_B: 15, generated: {'F': 25,657, 'B': 23,812}, MM: 1, MMPER: 2.125%
[00:00:00:19:392] 
---------- SM_Grids/7x8_grid_with_random_blocks_16per_1 ----------
[00:00:00:46:609] Path of length 25 found: [0, 8, 16, 17, 25, 26, 34, 42, 43, 51, 52, 53, 45, 37, 36, 28, 20, 12, 13, 14, 22, 30, 31, 39, 47, 55]
[00:00:00:46:609] ! Unidirectional s-t. expansions: 56,829, time: 46,609 [ms], path length: 25 [edges], generated: 59,033
[00:00:00:25:878] Path of length 25 found: [55, 47, 39, 31, 30, 22, 14, 13, 12, 20, 28, 36, 37, 45, 53, 52, 51, 43, 42, 34, 26, 18, 10, 9, 1, 0]
[00:00:00:25:878] ! Unidirectional t-s. expansions: 28,659, time: 25,878 [ms], path length: 25 [edges], generated: 30,863
[00:00:00:55:335] Path of length 25 found: [0, 8, 16, 17, 25, 26, 34, 42, 43, 51, 52, 53, 45, 37, 36, 28, 20, 12, 13, 14, 22, 30, 31, 39, 47, 55]
[00:00:00:55:717] ! Bidirectional. expansions: 105,634, time: 55,335 [ms], path length: 25 [edges], g_F: 13, g_B: 12, generated: {'F': 74,661, 'B': 59,811}, MM: 1, MMPER: 2.8461538461538463%
[00:00:00:55:718] 
---------- SM_Grids/7x8_grid_with_random_blocks_16per_2 ----------
[00:00:00:09:803] Path of length 27 found: [0, 8, 16, 17, 25, 33, 32, 40, 48, 49, 50, 51, 43, 35, 27, 28, 20, 12, 4, 5, 6, 14, 22, 23, 31, 39, 47, 55]
[00:00:00:09:804] ! Unidirectional s-t. expansions: 12,438, time: 9,804 [ms], path length: 27 [edges], generated: 12,877
[00:00:00:10:905] Path of length 27 found: [55, 47, 39, 31, 23, 15, 7, 6, 5, 4, 12, 20, 28, 27, 35, 43, 51, 50, 49, 41, 33, 25, 24, 16, 8, 9, 1, 0]
[00:00:00:10:905] ! Unidirectional t-s. expansions: 14,767, time: 10,905 [ms], path length: 27 [edges], generated: 15,206
[00:00:00:14:476] Path of length 27 found: [0, 8, 16, 17, 25, 33, 32, 40, 48, 49, 50, 51, 43, 35, 27, 28, 20, 12, 4, 5, 6, 7, 15, 23, 31, 39, 47, 55]
[00:00:00:14:851] ! Bidirectional. expansions: 35,866, time: 14,476 [ms], path length: 27 [edges], g_F: 14, g_B: 13, generated: {'F': 18,559, 'B': 20,709}, MM: 1, MMPER: 2.5714285714285716%
[00:00:00:14:851] 
---------- SM_Grids/7x8_grid_with_random_blocks_16per_3 ----------
[00:00:00:45:666] Path of length 31 found: [0, 1, 2, 3, 4, 12, 13, 14, 15, 23, 31, 30, 29, 28, 27, 19, 18, 17, 16, 24, 32, 40, 48, 49, 50, 42, 43, 44, 45, 46, 47, 55]
[00:00:00:45:667] ! Unidirectional s-t. expansions: 65,535, time: 45,667 [ms], path length: 31 [edges], generated: 66,581
[00:00:00:39:484] Path of length 31 found: [55, 47, 46, 45, 44, 43, 42, 50, 49, 48, 40, 32, 24, 16, 17, 18, 19, 27, 28, 29, 30, 31, 23, 15, 14, 13, 12, 4, 3, 2, 1, 0]
[00:00:00:39:484] ! Unidirectional t-s. expansions: 57,079, time: 39,484 [ms], path length: 31 [edges], generated: 58,125
[00:00:00:22:355] Path of length 31 found: [0, 1, 2, 3, 4, 12, 13, 14, 15, 23, 31, 30, 29, 28, 27, 19, 18, 17, 16, 24, 32, 40, 48, 49, 50, 42, 43, 44, 45, 46, 47, 55]
[00:00:00:22:740] ! Bidirectional. expansions: 51,428, time: 22,355 [ms], path length: 31 [edges], g_F: 16, g_B: 15, generated: {'F': 31,856, 'B': 28,969}, MM: 1, MMPER: 2.125%
[00:00:00:22:740] 
---------- SM_Grids/7x8_grid_with_random_blocks_16per_4 ----------
[00:00:00:44:418] Path of length 29 found: [0, 8, 16, 24, 32, 40, 48, 49, 50, 51, 52, 44, 36, 35, 34, 26, 18, 19, 11, 12, 13, 14, 22, 30, 31, 39, 47, 46, 54, 55]
[00:00:00:44:418] ! Unidirectional s-t. expansions: 56,459, time: 44,418 [ms], path length: 29 [edges], generated: 59,507
[00:00:00:49:958] Path of length 31 found: [55, 47, 39, 31, 30, 22, 14, 13, 12, 11, 19, 18, 26, 34, 35, 36, 37, 45, 53, 52, 51, 50, 49, 41, 40, 32, 24, 16, 8, 9, 1, 0]
[00:00:00:49:959] ! Unidirectional t-s. expansions: 63,320, time: 49,958 [ms], path length: 31 [edges], generated: 66,368
[00:00:00:41:201] Path of length 29 found: [0, 8, 16, 24, 32, 40, 48, 49, 50, 51, 52, 53, 45, 37, 36, 35, 34, 26, 18, 19, 11, 12, 13, 14, 22, 30, 31, 39, 47, 55]
[00:00:00:41:580] ! Bidirectional. expansions: 77,660, time: 41,201 [ms], path length: 29 [edges], g_F: 15, g_B: 14, generated: {'F': 51,089, 'B': 52,514}, MM: 1, MMPER: 2.3333333333333335%
[00:00:00:41:580] 
---------- SM_Grids/7x8_grid_with_random_blocks_16per_5 ----------
[00:00:00:24:696] Path of length 29 found: [0, 8, 9, 10, 2, 3, 4, 5, 6, 14, 15, 23, 31, 39, 38, 37, 29, 21, 20, 19, 27, 26, 34, 42, 43, 44, 52, 53, 54, 55]
[00:00:00:24:696] ! Unidirectional s-t. expansions: 30,735, time: 24,696 [ms], path length: 29 [edges], generated: 31,613
[00:00:00:13:260] Path of length 29 found: [55, 54, 53, 52, 44, 43, 35, 34, 26, 18, 19, 20, 28, 29, 37, 38, 39, 31, 23, 15, 7, 6, 5, 4, 3, 2, 1, 9, 8, 0]
[00:00:00:13:261] ! Unidirectional t-s. expansions: 16,472, time: 13,260 [ms], path length: 29 [edges], generated: 17,350
[00:00:00:16:545] Path of length 29 found: [0, 8, 9, 10, 2, 3, 4, 5, 6, 14, 15, 23, 31, 39, 38, 37, 29, 21, 20, 19, 27, 26, 34, 42, 43, 44, 52, 53, 54, 55]
[00:00:00:16:921] ! Bidirectional. expansions: 35,914, time: 16,545 [ms], path length: 29 [edges], g_F: 15, g_B: 14, generated: {'F': 23,000, 'B': 20,544}, MM: 1, MMPER: 2.3333333333333335%
[00:00:00:16:922] 
---------- SM_Grids/7x8_grid_with_random_blocks_16per_6 ----------
[00:00:00:49:413] Path of length 29 found: [0, 1, 9, 17, 16, 24, 32, 33, 34, 26, 27, 19, 11, 3, 4, 5, 13, 14, 15, 23, 31, 30, 29, 37, 36, 44, 52, 53, 54, 55]
[00:00:00:49:413] ! Unidirectional s-t. expansions: 63,919, time: 49,413 [ms], path length: 29 [edges], generated: 65,708
[00:00:01:07:174] Path of length 29 found: [55, 54, 46, 45, 44, 36, 35, 34, 33, 32, 24, 16, 17, 18, 19, 20, 21, 29, 30, 31, 23, 15, 7, 6, 5, 4, 3, 2, 1, 0]
[00:00:01:07:175] ! Unidirectional t-s. expansions: 85,721, time: 67,174 [ms], path length: 29 [edges], generated: 87,510
[00:00:00:39:203] Path of length 29 found: [0, 1, 9, 17, 16, 24, 32, 33, 34, 26, 27, 19, 11, 3, 4, 5, 6, 7, 15, 23, 31, 30, 29, 37, 36, 44, 52, 53, 54, 55]
[00:00:00:39:584] ! Bidirectional. expansions: 75,518, time: 39,204 [ms], path length: 29 [edges], g_F: 15, g_B: 14, generated: {'F': 45,941, 'B': 51,035}, MM: 1, MMPER: 2.3333333333333335%
[00:00:00:39:584] 
---------- SM_Grids/7x8_grid_with_random_blocks_16per_7 ----------
[00:00:00:25:800] Path of length 27 found: [0, 8, 16, 17, 25, 33, 32, 40, 48, 49, 50, 42, 43, 44, 36, 28, 27, 19, 11, 12, 13, 21, 22, 30, 38, 46, 54, 55]
[00:00:00:25:800] ! Unidirectional s-t. expansions: 34,363, time: 25,800 [ms], path length: 27 [edges], generated: 35,886
[00:00:00:06:322] Path of length 27 found: [55, 47, 39, 38, 30, 22, 14, 13, 12, 11, 19, 27, 28, 36, 44, 43, 42, 50, 49, 48, 40, 32, 24, 16, 8, 9, 1, 0]
[00:00:00:06:322] ! Unidirectional t-s. expansions: 7,139, time: 6,322 [ms], path length: 27 [edges], generated: 8,662
[00:00:00:27:517] Path of length 27 found: [0, 8, 16, 17, 25, 33, 32, 40, 48, 49, 50, 42, 43, 44, 36, 28, 27, 19, 11, 12, 13, 14, 22, 30, 38, 39, 47, 55]
[00:00:00:27:899] ! Bidirectional. expansions: 59,216, time: 27,517 [ms], path length: 27 [edges], g_F: 14, g_B: 13, generated: {'F': 40,699, 'B': 32,330}, MM: 1, MMPER: 2.5714285714285716%
[00:00:00:27:899] 
---------- SM_Grids/7x8_grid_with_random_blocks_16per_8 ----------
[00:00:00:15:822] Path of length 29 found: [0, 8, 9, 10, 18, 26, 25, 33, 41, 42, 43, 35, 36, 37, 29, 21, 20, 12, 4, 5, 6, 7, 15, 23, 31, 39, 47, 46, 54, 55]
[00:00:00:15:822] ! Unidirectional s-t. expansions: 19,795, time: 15,822 [ms], path length: 29 [edges], generated: 20,789
[00:00:00:22:121] Path of length 27 found: [55, 47, 39, 31, 23, 15, 7, 6, 5, 4, 12, 20, 28, 29, 37, 45, 44, 43, 42, 41, 33, 25, 26, 18, 10, 9, 8, 0]
[00:00:00:22:121] ! Unidirectional t-s. expansions: 27,462, time: 22,121 [ms], path length: 27 [edges], generated: 28,456
[00:00:00:24:503] Path of length 27 found: [0, 8, 9, 10, 18, 26, 25, 33, 41, 42, 43, 35, 36, 37, 29, 21, 20, 12, 4, 5, 6, 7, 15, 23, 31, 39, 47, 55]
[00:00:00:24:876] ! Bidirectional. expansions: 51,636, time: 24,503 [ms], path length: 27 [edges], g_F: 14, g_B: 13, generated: {'F': 29,242, 'B': 32,106}, MM: 1, MMPER: 2.5714285714285716%
[00:00:00:24:876] 
---------- SM_Grids/7x8_grid_with_random_blocks_16per_9 ----------
[00:00:00:35:400] Path of length 25 found: [0, 8, 16, 17, 18, 10, 2, 3, 4, 12, 20, 28, 27, 35, 34, 42, 50, 51, 52, 44, 45, 37, 38, 39, 47, 55]
[00:00:00:35:401] ! Unidirectional s-t. expansions: 48,015, time: 35,400 [ms], path length: 25 [edges], generated: 49,095
[00:00:00:21:837] Path of length 25 found: [55, 47, 39, 38, 37, 45, 44, 52, 51, 50, 42, 34, 35, 27, 28, 20, 12, 4, 3, 2, 10, 18, 17, 16, 8, 0]
[00:00:00:21:837] ! Unidirectional t-s. expansions: 27,859, time: 21,837 [ms], path length: 25 [edges], generated: 28,939
[00:00:00:27:841] Path of length 25 found: [0, 8, 16, 17, 18, 10, 2, 3, 4, 12, 20, 28, 27, 35, 34, 42, 50, 51, 52, 44, 45, 37, 38, 39, 47, 55]
[00:00:00:28:220] ! Bidirectional. expansions: 60,202, time: 27,841 [ms], path length: 25 [edges], g_F: 13, g_B: 12, generated: {'F': 33,540, 'B': 39,316}, MM: 1, MMPER: 2.8461538461538463%

[00:00:00:28:220] average expansions: (43,092, 38,354, 58,866, 0)
[00:00:00:28:220] average time: (32,670, 29,601, 28,792, 0)
[00:00:00:28:220] X-DFBnB: 38,354 , 29,601 (expansions , time[ms])
[00:00:00:28:220] BiX-DFBnB: 58,866 , 28,792 (expansions , time[ms])

