Mon 09 Mar 2026 17:31:23 IST

SLURM_JOBID:		 15365792
SLURM_JOB_NODELIST:	 ise-cpu256-08 

--------------------------
date: SM_Grids
number_of_graphs: 10
graph_type: grid
size_of_graphs: [7, 9]
heuristic: heuristic0
snake: True
run_uni: True
run_bi: True
run_multi: False
solution_vertices: []
algorithms: ['DFBnB']
bsd: False
cube_first_dims: 4
cube_buffer_dim: None
backward_sym_generation: False
sym_coil: False
prefix_set: None

---------- SM_Grids/7x9_grid_with_random_blocks_8per_0 ----------
[00:00:03:08:297] Valid states checked so far: 200,000, Expansions: 188,677, Global best: 39
[00:00:06:17:878] Valid states checked so far: 400,000, Expansions: 378,466, Global best: 39
[00:00:09:25:313] Valid states checked so far: 600,000, Expansions: 567,633, Global best: 39
[00:00:11:47:902] Path of length 38 found: [0, 9, 18, 27, 36, 45, 54, 55, 56, 47, 38, 39, 40, 49, 58, 59, 60, 51, 42, 33, 32, 23, 22, 21, 20, 11, 2, 3, 4, 5, 6, 15, 16, 25, 26, 35, 44, 53, 62]
[00:00:11:47:903] ! Unidirectional s-t. expansions: 710,617, time: 707,902 [ms], path length: 38 [edges], generated: 749,474
[00:00:02:53:493] Valid states checked so far: 200,000, Expansions: 190,093, Global best: 39
[00:00:06:00:015] Valid states checked so far: 400,000, Expansions: 382,095, Global best: 39
[00:00:09:04:736] Valid states checked so far: 600,000, Expansions: 576,229, Global best: 39
[00:00:12:10:459] Valid states checked so far: 800,000, Expansions: 769,588, Global best: 39
[00:00:15:20:726] Valid states checked so far: 1,000,000, Expansions: 965,595, Global best: 39
[00:00:17:20:491] Path of length 38 found: [62, 53, 44, 35, 26, 25, 16, 7, 6, 5, 4, 3, 2, 11, 20, 21, 22, 23, 32, 33, 42, 51, 60, 59, 58, 49, 40, 39, 38, 47, 56, 55, 54, 45, 36, 27, 18, 9, 0]
[00:00:17:20:492] ! Unidirectional t-s. expansions: 1,095,154, time: 1,040,491 [ms], path length: 38 [edges], generated: 1,134,011
[00:00:02:07:806] Valid meeting checks so far: 200,000, state_vs_state: 8,074, state_vs_prefix: 0, prefix_vs_prefix: 191,926
[00:00:04:23:467] Valid meeting checks so far: 400,000, state_vs_state: 16,943, state_vs_prefix: 0, prefix_vs_prefix: 383,057
[00:00:06:35:816] Valid meeting checks so far: 600,000, state_vs_state: 24,870, state_vs_prefix: 0, prefix_vs_prefix: 575,130
[00:00:08:51:325] Valid meeting checks so far: 800,000, state_vs_state: 33,557, state_vs_prefix: 0, prefix_vs_prefix: 766,443
[00:00:10:45:015] Path of length 38 found: [0, 9, 18, 27, 36, 45, 54, 55, 56, 47, 38, 39, 40, 49, 58, 59, 60, 51, 42, 33, 32, 23, 22, 21, 20, 11, 2, 3, 4, 5, 6, 7, 16, 25, 26, 35, 44, 53, 62]
[00:00:10:45:461] ! Bidirectional. expansions: 911,266, time: 645,015 [ms], path length: 38 [edges], g_F: 19, g_B: 19, generated: {'F': 640,782, 'B': 683,681}, MM: 0, MMPER: -1.0%
[00:00:10:45:461] 
---------- SM_Grids/7x9_grid_with_random_blocks_8per_1 ----------
[00:00:02:59:576] Valid states checked so far: 200,000, Expansions: 194,710, Global best: 35
[00:00:05:59:164] Valid states checked so far: 400,000, Expansions: 389,586, Global best: 37
[00:00:08:50:799] Valid states checked so far: 600,000, Expansions: 582,984, Global best: 37
[00:00:11:36:706] Valid states checked so far: 800,000, Expansions: 778,731, Global best: 39
[00:00:12:58:545] Path of length 38 found: [0, 1, 2, 3, 12, 21, 20, 19, 18, 27, 36, 45, 54, 55, 56, 47, 38, 39, 40, 49, 58, 59, 60, 51, 42, 33, 24, 23, 14, 5, 6, 7, 16, 17, 26, 35, 44, 53, 62]
[00:00:12:58:545] ! Unidirectional s-t. expansions: 875,676, time: 778,545 [ms], path length: 38 [edges], generated: 898,397
[00:00:02:54:687] Valid states checked so far: 200,000, Expansions: 187,688, Global best: 39
[00:00:05:51:756] Valid states checked so far: 400,000, Expansions: 378,847, Global best: 39
[00:00:06:39:594] Path of length 38 found: [62, 53, 44, 35, 26, 17, 8, 7, 6, 5, 14, 23, 24, 33, 42, 51, 60, 59, 58, 49, 40, 39, 38, 47, 56, 55, 54, 45, 36, 27, 18, 19, 20, 21, 12, 3, 2, 1, 0]
[00:00:06:39:594] ! Unidirectional t-s. expansions: 430,884, time: 399,594 [ms], path length: 38 [edges], generated: 453,605
[00:00:02:04:650] Valid meeting checks so far: 200,000, state_vs_state: 4,692, state_vs_prefix: 0, prefix_vs_prefix: 195,308
[00:00:04:23:802] Valid meeting checks so far: 400,000, state_vs_state: 10,819, state_vs_prefix: 0, prefix_vs_prefix: 389,181
[00:00:06:39:073] Valid meeting checks so far: 600,000, state_vs_state: 18,106, state_vs_prefix: 0, prefix_vs_prefix: 581,894
[00:00:08:53:345] Valid meeting checks so far: 800,000, state_vs_state: 22,097, state_vs_prefix: 0, prefix_vs_prefix: 777,903
[00:00:09:40:688] Path of length 38 found: [0, 1, 2, 3, 12, 21, 20, 19, 18, 27, 36, 45, 54, 55, 56, 47, 38, 39, 40, 49, 58, 59, 60, 51, 42, 33, 24, 23, 14, 5, 6, 7, 8, 17, 26, 35, 44, 53, 62]
[00:00:09:41:083] ! Bidirectional. expansions: 1,010,020, time: 580,688 [ms], path length: 38 [edges], g_F: 19, g_B: 19, generated: {'F': 675,390, 'B': 640,609}, MM: 0, MMPER: -1.0%
[00:00:09:41:083] 
---------- SM_Grids/7x9_grid_with_random_blocks_8per_2 ----------
[00:00:02:52:346] Valid states checked so far: 200,000, Expansions: 190,785, Global best: 35
[00:00:05:52:906] Valid states checked so far: 400,000, Expansions: 384,971, Global best: 35
[00:00:08:47:723] Valid states checked so far: 600,000, Expansions: 578,200, Global best: 35
[00:00:11:41:269] Valid states checked so far: 800,000, Expansions: 774,405, Global best: 37
[00:00:14:27:588] Valid states checked so far: 1,000,000, Expansions: 964,356, Global best: 37
[00:00:17:23:011] Valid states checked so far: 1,200,000, Expansions: 1,159,932, Global best: 37
[00:00:20:12:679] Valid states checked so far: 1,400,000, Expansions: 1,353,748, Global best: 37
[00:00:23:07:890] Valid states checked so far: 1,600,000, Expansions: 1,551,163, Global best: 37
[00:00:25:32:352] Path of length 36 found: [0, 9, 10, 11, 12, 21, 22, 23, 14, 5, 6, 7, 16, 25, 34, 33, 42, 41, 40, 39, 38, 29, 28, 27, 36, 45, 54, 55, 56, 57, 58, 59, 60, 61, 52, 53, 62]
[00:00:25:32:352] ! Unidirectional s-t. expansions: 1,716,572, time: 1,532,352 [ms], path length: 36 [edges], generated: 1,767,325
[00:00:02:59:836] Valid states checked so far: 200,000, Expansions: 190,740, Global best: 37
[00:00:05:58:794] Valid states checked so far: 400,000, Expansions: 382,722, Global best: 37
[00:00:08:58:835] Valid states checked so far: 600,000, Expansions: 575,760, Global best: 37
[00:00:11:59:088] Valid states checked so far: 800,000, Expansions: 768,726, Global best: 37
[00:00:14:54:773] Valid states checked so far: 1,000,000, Expansions: 961,342, Global best: 37
[00:00:17:52:673] Valid states checked so far: 1,200,000, Expansions: 1,154,473, Global best: 37
[00:00:20:21:037] Path of length 38 found: [62, 61, 60, 59, 58, 57, 56, 55, 46, 45, 36, 27, 28, 29, 38, 39, 40, 41, 42, 43, 44, 35, 26, 25, 16, 7, 6, 5, 14, 23, 22, 21, 12, 3, 2, 1, 10, 9, 0]
[00:00:20:21:037] ! Unidirectional t-s. expansions: 1,319,767, time: 1,221,037 [ms], path length: 38 [edges], generated: 1,370,520
[00:00:01:51:624] Valid meeting checks so far: 200,000, state_vs_state: 5,126, state_vs_prefix: 0, prefix_vs_prefix: 194,874
[00:00:03:54:678] Valid meeting checks so far: 400,000, state_vs_state: 10,607, state_vs_prefix: 0, prefix_vs_prefix: 389,393
[00:00:06:03:871] Valid meeting checks so far: 600,000, state_vs_state: 17,085, state_vs_prefix: 0, prefix_vs_prefix: 582,915
[00:00:08:24:787] Valid meeting checks so far: 800,000, state_vs_state: 23,879, state_vs_prefix: 0, prefix_vs_prefix: 776,121
[00:00:10:30:161] Valid meeting checks so far: 1,000,000, state_vs_state: 29,950, state_vs_prefix: 0, prefix_vs_prefix: 970,050
[00:00:12:45:232] Valid meeting checks so far: 1,200,000, state_vs_state: 38,034, state_vs_prefix: 0, prefix_vs_prefix: 1,161,966
[00:00:14:55:616] Valid meeting checks so far: 1,400,000, state_vs_state: 43,960, state_vs_prefix: 0, prefix_vs_prefix: 1,356,040
[00:00:17:10:926] Valid meeting checks so far: 1,600,000, state_vs_state: 48,607, state_vs_prefix: 0, prefix_vs_prefix: 1,551,393
[00:00:18:56:139] Path of length 36 found: [0, 9, 10, 11, 12, 21, 22, 23, 14, 5, 6, 7, 16, 25, 26, 35, 44, 43, 42, 41, 40, 39, 38, 29, 28, 27, 36, 45, 46, 55, 56, 57, 58, 59, 60, 61, 62]
[00:00:18:56:535] ! Bidirectional. expansions: 1,678,562, time: 1,136,139 [ms], path length: 36 [edges], g_F: 18, g_B: 18, generated: {'F': 1,186,439, 'B': 1,227,069}, MM: 0, MMPER: -1.0%
[00:00:18:56:536] 
---------- SM_Grids/7x9_grid_with_random_blocks_8per_3 ----------
[00:00:02:52:114] Valid states checked so far: 200,000, Expansions: 195,180, Global best: 35
[00:00:05:39:662] Valid states checked so far: 400,000, Expansions: 389,988, Global best: 35
[00:00:08:27:349] Valid states checked so far: 600,000, Expansions: 586,311, Global best: 39
[00:00:11:10:710] Valid states checked so far: 800,000, Expansions: 781,998, Global best: 39
[00:00:13:57:465] Valid states checked so far: 1,000,000, Expansions: 976,496, Global best: 39
[00:00:16:44:750] Valid states checked so far: 1,200,000, Expansions: 1,174,659, Global best: 39
[00:00:19:43:708] Path of length 38 found: [0, 9, 10, 11, 2, 3, 4, 13, 22, 23, 24, 15, 6, 7, 8, 17, 26, 35, 34, 43, 42, 41, 40, 39, 30, 29, 28, 27, 36, 45, 54, 55, 56, 57, 58, 59, 60, 61, 62]
[00:00:19:43:709] ! Unidirectional s-t. expansions: 1,359,581, time: 1,183,709 [ms], path length: 38 [edges], generated: 1,386,814
[00:00:02:59:378] Valid states checked so far: 200,000, Expansions: 190,978, Global best: 37
[00:00:05:58:043] Valid states checked so far: 400,000, Expansions: 384,995, Global best: 37
[00:00:08:55:143] Valid states checked so far: 600,000, Expansions: 578,529, Global best: 37
[00:00:11:57:048] Valid states checked so far: 800,000, Expansions: 775,578, Global best: 37
[00:00:12:56:319] Path of length 38 found: [62, 61, 60, 59, 58, 57, 56, 55, 54, 45, 36, 27, 28, 29, 38, 39, 40, 41, 42, 33, 34, 25, 26, 17, 8, 7, 6, 5, 14, 23, 22, 21, 12, 3, 2, 1, 10, 9, 0]
[00:00:12:56:320] ! Unidirectional t-s. expansions: 841,029, time: 776,320 [ms], path length: 38 [edges], generated: 868,262
[00:00:02:11:833] Valid meeting checks so far: 200,000, state_vs_state: 13,054, state_vs_prefix: 0, prefix_vs_prefix: 186,946
[00:00:04:26:145] Valid meeting checks so far: 400,000, state_vs_state: 23,368, state_vs_prefix: 0, prefix_vs_prefix: 376,632
[00:00:06:53:858] Valid meeting checks so far: 600,000, state_vs_state: 25,561, state_vs_prefix: 0, prefix_vs_prefix: 574,439
[00:00:08:30:836] Path of length 38 found: [0, 9, 10, 11, 2, 3, 4, 13, 22, 23, 24, 15, 6, 7, 8, 17, 26, 35, 34, 43, 42, 41, 40, 39, 38, 29, 28, 27, 36, 45, 54, 55, 56, 57, 58, 59, 60, 61, 62]
[00:00:08:31:234] ! Bidirectional. expansions: 821,052, time: 510,837 [ms], path length: 38 [edges], g_F: 19, g_B: 19, generated: {'F': 521,487, 'B': 559,153}, MM: 0, MMPER: -1.0%
[00:00:08:31:234] 
---------- SM_Grids/7x9_grid_with_random_blocks_8per_4 ----------
[00:00:03:07:720] Valid states checked so far: 200,000, Expansions: 191,562, Global best: 37
[00:00:06:15:031] Valid states checked so far: 400,000, Expansions: 383,551, Global best: 37
[00:00:09:15:183] Path of length 36 found: [0, 9, 18, 27, 36, 45, 54, 55, 56, 47, 48, 49, 58, 59, 60, 51, 42, 41, 32, 31, 30, 21, 20, 11, 2, 3, 4, 13, 14, 15, 24, 25, 34, 35, 44, 53, 62]
[00:00:09:15:184] ! Unidirectional s-t. expansions: 570,569, time: 555,183 [ms], path length: 36 [edges], generated: 594,572
[00:00:02:56:166] Valid states checked so far: 200,000, Expansions: 192,982, Global best: 37
[00:00:05:54:779] Valid states checked so far: 400,000, Expansions: 386,112, Global best: 37
[00:00:09:01:469] Valid states checked so far: 600,000, Expansions: 581,305, Global best: 37
[00:00:12:06:393] Valid states checked so far: 800,000, Expansions: 777,584, Global best: 37
[00:00:12:56:892] Path of length 36 found: [62, 53, 44, 35, 34, 25, 24, 15, 14, 13, 4, 3, 2, 11, 20, 29, 30, 31, 32, 41, 42, 51, 60, 59, 58, 49, 48, 47, 56, 55, 54, 45, 36, 27, 18, 9, 0]
[00:00:12:56:893] ! Unidirectional t-s. expansions: 829,061, time: 776,892 [ms], path length: 36 [edges], generated: 853,064
[00:00:02:04:001] Valid meeting checks so far: 200,000, state_vs_state: 4,890, state_vs_prefix: 0, prefix_vs_prefix: 195,110
[00:00:04:37:200] Valid meeting checks so far: 400,000, state_vs_state: 9,896, state_vs_prefix: 0, prefix_vs_prefix: 390,104
[00:00:06:59:305] Valid meeting checks so far: 600,000, state_vs_state: 19,055, state_vs_prefix: 0, prefix_vs_prefix: 580,945
[00:00:09:30:818] Valid meeting checks so far: 800,000, state_vs_state: 21,759, state_vs_prefix: 0, prefix_vs_prefix: 778,241
[00:00:11:17:899] Path of length 36 found: [0, 9, 18, 27, 36, 45, 54, 55, 56, 47, 48, 49, 58, 59, 60, 51, 42, 41, 32, 31, 30, 29, 20, 11, 2, 3, 4, 13, 14, 15, 24, 25, 34, 35, 44, 53, 62]
[00:00:11:18:503] ! Bidirectional. expansions: 896,656, time: 677,900 [ms], path length: 36 [edges], g_F: 18, g_B: 18, generated: {'F': 606,680, 'B': 655,370}, MM: 0, MMPER: -1.0%
[00:00:11:18:504] 
---------- SM_Grids/7x9_grid_with_random_blocks_8per_5 ----------
[00:00:04:02:059] Valid states checked so far: 200,000, Expansions: 193,415, Global best: 39
[00:00:08:13:146] Valid states checked so far: 400,000, Expansions: 388,071, Global best: 39
[00:00:12:19:221] Valid states checked so far: 600,000, Expansions: 583,508, Global best: 39
[00:00:16:21:954] Valid states checked so far: 800,000, Expansions: 779,611, Global best: 39
[00:00:20:21:874] Valid states checked so far: 1,000,000, Expansions: 975,180, Global best: 39
[00:00:24:42:647] Valid states checked so far: 1,200,000, Expansions: 1,168,706, Global best: 39
[00:00:28:46:483] Valid states checked so far: 1,400,000, Expansions: 1,365,333, Global best: 39
[00:00:32:06:207] Valid states checked so far: 1,600,000, Expansions: 1,559,251, Global best: 39
[00:00:34:50:280] Valid states checked so far: 1,800,000, Expansions: 1,753,867, Global best: 39
[00:00:37:06:382] Path of length 38 found: [0, 9, 18, 27, 36, 45, 54, 55, 56, 57, 58, 59, 50, 51, 42, 33, 24, 23, 22, 31, 40, 39, 38, 29, 20, 11, 2, 3, 4, 5, 6, 7, 16, 17, 26, 35, 44, 53, 62]
[00:00:37:06:382] ! Unidirectional s-t. expansions: 1,916,587, time: 2,226,382 [ms], path length: 38 [edges], generated: 1,964,647
[00:00:02:46:249] Valid states checked so far: 200,000, Expansions: 189,546, Global best: 39
[00:00:05:31:848] Valid states checked so far: 400,000, Expansions: 380,642, Global best: 39
[00:00:08:22:906] Valid states checked so far: 600,000, Expansions: 573,892, Global best: 39
[00:00:11:16:652] Valid states checked so far: 800,000, Expansions: 769,257, Global best: 39
[00:00:14:04:588] Valid states checked so far: 1,000,000, Expansions: 960,703, Global best: 39
[00:00:17:00:089] Valid states checked so far: 1,200,000, Expansions: 1,156,198, Global best: 39
[00:00:19:51:445] Valid states checked so far: 1,400,000, Expansions: 1,352,425, Global best: 39
[00:00:19:59:141] Path of length 38 found: [62, 53, 44, 35, 26, 17, 16, 7, 6, 5, 4, 3, 2, 11, 20, 29, 38, 39, 40, 31, 22, 23, 24, 33, 42, 51, 50, 59, 58, 57, 56, 55, 46, 45, 36, 27, 18, 9, 0]
[00:00:19:59:142] ! Unidirectional t-s. expansions: 1,361,493, time: 1,199,141 [ms], path length: 38 [edges], generated: 1,409,553
[00:00:01:47:839] Valid meeting checks so far: 200,000, state_vs_state: 6,115, state_vs_prefix: 0, prefix_vs_prefix: 193,885
[00:00:03:46:068] Valid meeting checks so far: 400,000, state_vs_state: 12,966, state_vs_prefix: 0, prefix_vs_prefix: 387,034
[00:00:05:51:949] Valid meeting checks so far: 600,000, state_vs_state: 20,838, state_vs_prefix: 0, prefix_vs_prefix: 579,162
[00:00:08:00:987] Valid meeting checks so far: 800,000, state_vs_state: 28,149, state_vs_prefix: 0, prefix_vs_prefix: 771,851
[00:00:10:09:651] Valid meeting checks so far: 1,000,000, state_vs_state: 34,431, state_vs_prefix: 0, prefix_vs_prefix: 965,569
[00:00:12:23:223] Valid meeting checks so far: 1,200,000, state_vs_state: 46,627, state_vs_prefix: 0, prefix_vs_prefix: 1,153,373
[00:00:12:35:963] Path of length 38 found: [0, 9, 18, 27, 36, 45, 54, 55, 56, 57, 58, 59, 50, 51, 42, 33, 24, 23, 22, 31, 40, 39, 38, 29, 20, 11, 2, 3, 4, 5, 6, 7, 16, 17, 26, 35, 44, 53, 62]
[00:00:12:36:349] ! Bidirectional. expansions: 1,135,106, time: 755,963 [ms], path length: 38 [edges], g_F: 19, g_B: 19, generated: {'F': 832,405, 'B': 828,940}, MM: 0, MMPER: -1.0%
[00:00:12:36:349] 
---------- SM_Grids/7x9_grid_with_random_blocks_8per_6 ----------
[00:00:02:47:768] Valid states checked so far: 200,000, Expansions: 180,943, Global best: 35
[00:00:05:42:321] Valid states checked so far: 400,000, Expansions: 366,343, Global best: 35
[00:00:08:35:574] Valid states checked so far: 600,000, Expansions: 550,794, Global best: 37
[00:00:10:27:580] Path of length 36 found: [0, 1, 10, 19, 18, 27, 36, 37, 46, 55, 56, 57, 58, 49, 40, 41, 42, 33, 24, 23, 22, 21, 12, 3, 4, 5, 6, 7, 16, 17, 26, 35, 44, 53, 52, 61, 62]
[00:00:10:27:580] ! Unidirectional s-t. expansions: 671,386, time: 627,580 [ms], path length: 36 [edges], generated: 725,743
[00:00:03:00:469] Valid states checked so far: 200,000, Expansions: 188,371, Global best: 35
[00:00:05:54:299] Valid states checked so far: 400,000, Expansions: 377,540, Global best: 35
[00:00:08:45:424] Valid states checked so far: 600,000, Expansions: 567,407, Global best: 35
[00:00:11:39:052] Valid states checked so far: 800,000, Expansions: 756,113, Global best: 35
[00:00:14:19:358] Path of length 34 found: [62, 53, 44, 35, 26, 17, 8, 7, 6, 5, 4, 3, 12, 21, 22, 23, 24, 33, 42, 41, 40, 49, 58, 57, 56, 47, 38, 29, 28, 27, 18, 9, 10, 1, 0]
[00:00:14:19:358] ! Unidirectional t-s. expansions: 934,350, time: 859,358 [ms], path length: 34 [edges], generated: 988,707
[00:00:02:03:302] Valid meeting checks so far: 200,000, state_vs_state: 8,372, state_vs_prefix: 0, prefix_vs_prefix: 191,628
[00:00:04:17:855] Valid meeting checks so far: 400,000, state_vs_state: 17,653, state_vs_prefix: 0, prefix_vs_prefix: 382,347
[00:00:06:27:837] Valid meeting checks so far: 600,000, state_vs_state: 24,269, state_vs_prefix: 0, prefix_vs_prefix: 575,731
[00:00:08:34:851] Valid meeting checks so far: 800,000, state_vs_state: 34,520, state_vs_prefix: 0, prefix_vs_prefix: 765,480
[00:00:10:46:314] Valid meeting checks so far: 1,000,000, state_vs_state: 41,342, state_vs_prefix: 0, prefix_vs_prefix: 958,658
[00:00:13:00:012] Valid meeting checks so far: 1,200,000, state_vs_state: 47,785, state_vs_prefix: 0, prefix_vs_prefix: 1,152,215
[00:00:14:55:725] Path of length 34 found: [0, 9, 18, 27, 36, 37, 46, 55, 56, 57, 58, 49, 40, 31, 30, 29, 20, 11, 12, 3, 4, 5, 6, 7, 8, 17, 26, 25, 24, 33, 42, 43, 44, 53, 62]
[00:00:14:56:115] ! Bidirectional. expansions: 1,431,626, time: 895,725 [ms], path length: 34 [edges], g_F: 17, g_B: 17, generated: {'F': 923,828, 'B': 1,024,992}, MM: 0, MMPER: -1.0%
[00:00:14:56:116] 
---------- SM_Grids/7x9_grid_with_random_blocks_8per_7 ----------
[00:00:02:52:962] Valid states checked so far: 200,000, Expansions: 191,391, Global best: 39
[00:00:05:44:911] Valid states checked so far: 400,000, Expansions: 385,035, Global best: 39
[00:00:08:34:449] Valid states checked so far: 600,000, Expansions: 579,125, Global best: 39
[00:00:08:45:226] Path of length 38 found: [0, 9, 18, 27, 36, 45, 54, 55, 56, 47, 48, 39, 30, 29, 20, 11, 2, 3, 4, 13, 14, 15, 6, 7, 8, 17, 26, 25, 34, 33, 32, 41, 50, 59, 60, 61, 52, 53, 62]
[00:00:08:45:226] ! Unidirectional s-t. expansions: 591,369, time: 525,226 [ms], path length: 38 [edges], generated: 612,528
[00:00:02:54:325] Valid states checked so far: 200,000, Expansions: 196,407, Global best: 37
[00:00:05:43:812] Valid states checked so far: 400,000, Expansions: 392,880, Global best: 37
[00:00:08:32:103] Valid states checked so far: 600,000, Expansions: 588,783, Global best: 39
[00:00:11:19:908] Valid states checked so far: 800,000, Expansions: 784,999, Global best: 39
[00:00:14:05:069] Valid states checked so far: 1,000,000, Expansions: 980,928, Global best: 39
[00:00:15:46:299] Path of length 38 found: [62, 53, 52, 51, 60, 59, 58, 49, 48, 47, 56, 55, 54, 45, 36, 27, 18, 19, 20, 29, 30, 31, 32, 33, 24, 25, 26, 17, 8, 7, 6, 5, 14, 13, 12, 3, 2, 1, 0]
[00:00:15:46:299] ! Unidirectional t-s. expansions: 1,097,311, time: 946,299 [ms], path length: 38 [edges], generated: 1,118,470
[00:00:02:12:117] Valid meeting checks so far: 200,000, state_vs_state: 3,928, state_vs_prefix: 0, prefix_vs_prefix: 196,072
[00:00:04:35:569] Valid meeting checks so far: 400,000, state_vs_state: 9,589, state_vs_prefix: 0, prefix_vs_prefix: 390,411
[00:00:06:50:966] Valid meeting checks so far: 600,000, state_vs_state: 13,082, state_vs_prefix: 0, prefix_vs_prefix: 586,918
[00:00:09:06:713] Valid meeting checks so far: 800,000, state_vs_state: 17,346, state_vs_prefix: 0, prefix_vs_prefix: 782,654
[00:00:11:20:102] Valid meeting checks so far: 1,000,000, state_vs_state: 20,798, state_vs_prefix: 0, prefix_vs_prefix: 979,202
[00:00:11:37:128] Path of length 38 found: [0, 9, 10, 11, 2, 3, 4, 13, 14, 15, 6, 7, 8, 17, 26, 25, 34, 33, 32, 31, 30, 29, 28, 27, 36, 45, 54, 55, 56, 47, 48, 49, 58, 59, 60, 51, 52, 53, 62]
[00:00:11:37:528] ! Bidirectional. expansions: 1,185,354, time: 697,128 [ms], path length: 38 [edges], g_F: 19, g_B: 19, generated: {'F': 733,824, 'B': 813,154}, MM: 0, MMPER: -1.0%
[00:00:11:37:529] 
---------- SM_Grids/7x9_grid_with_random_blocks_8per_8 ----------
[00:00:02:41:791] Valid states checked so far: 200,000, Expansions: 188,975, Global best: 39
[00:00:05:26:054] Valid states checked so far: 400,000, Expansions: 381,324, Global best: 39
[00:00:08:13:377] Valid states checked so far: 600,000, Expansions: 574,025, Global best: 39
[00:00:10:11:221] Path of length 38 found: [0, 9, 18, 27, 36, 45, 54, 55, 56, 47, 38, 29, 20, 11, 2, 3, 4, 13, 22, 31, 40, 49, 58, 59, 60, 51, 42, 33, 24, 15, 6, 7, 8, 17, 26, 35, 44, 53, 62]
[00:00:10:11:221] ! Unidirectional s-t. expansions: 710,873, time: 611,221 [ms], path length: 38 [edges], generated: 742,309
[00:00:02:39:476] Valid states checked so far: 200,000, Expansions: 191,224, Global best: 39
[00:00:05:33:048] Valid states checked so far: 400,000, Expansions: 384,932, Global best: 39
[00:00:08:15:077] Valid states checked so far: 600,000, Expansions: 576,572, Global best: 39
[00:00:10:58:822] Valid states checked so far: 800,000, Expansions: 771,774, Global best: 39
[00:00:12:29:955] Path of length 38 found: [62, 53, 44, 35, 26, 17, 8, 7, 6, 5, 4, 3, 2, 11, 20, 29, 38, 39, 40, 31, 22, 23, 24, 33, 42, 51, 50, 59, 58, 57, 56, 55, 46, 45, 36, 27, 18, 9, 0]
[00:00:12:29:955] ! Unidirectional t-s. expansions: 880,844, time: 749,955 [ms], path length: 38 [edges], generated: 912,280
[00:00:01:48:533] Valid meeting checks so far: 200,000, state_vs_state: 6,745, state_vs_prefix: 0, prefix_vs_prefix: 193,255
[00:00:03:48:991] Valid meeting checks so far: 400,000, state_vs_state: 16,772, state_vs_prefix: 0, prefix_vs_prefix: 383,228
[00:00:06:01:299] Valid meeting checks so far: 600,000, state_vs_state: 25,499, state_vs_prefix: 0, prefix_vs_prefix: 574,501
[00:00:08:09:496] Valid meeting checks so far: 800,000, state_vs_state: 28,646, state_vs_prefix: 0, prefix_vs_prefix: 771,354
[00:00:09:17:894] Path of length 38 found: [0, 9, 18, 27, 36, 45, 54, 55, 56, 47, 38, 39, 40, 49, 58, 59, 60, 51, 42, 33, 32, 23, 22, 21, 20, 11, 2, 3, 4, 5, 6, 7, 8, 17, 26, 35, 44, 53, 62]
[00:00:09:18:288] ! Bidirectional. expansions: 938,926, time: 557,894 [ms], path length: 38 [edges], g_F: 19, g_B: 19, generated: {'F': 650,994, 'B': 639,577}, MM: 0, MMPER: -1.0%
[00:00:09:18:288] 
---------- SM_Grids/7x9_grid_with_random_blocks_8per_9 ----------
[00:00:02:49:729] Valid states checked so far: 200,000, Expansions: 191,368, Global best: 37
[00:00:05:43:061] Valid states checked so far: 400,000, Expansions: 383,849, Global best: 37
[00:00:08:40:510] Valid states checked so far: 600,000, Expansions: 576,250, Global best: 37
[00:00:11:39:059] Valid states checked so far: 800,000, Expansions: 770,981, Global best: 37
[00:00:12:16:865] Path of length 36 found: [0, 9, 18, 27, 28, 37, 38, 47, 56, 57, 58, 59, 50, 41, 40, 31, 30, 21, 20, 11, 2, 3, 4, 13, 14, 15, 6, 7, 8, 17, 26, 25, 34, 43, 52, 61, 62]
[00:00:12:16:866] ! Unidirectional s-t. expansions: 811,845, time: 736,866 [ms], path length: 36 [edges], generated: 841,815
[00:00:03:00:128] Valid states checked so far: 200,000, Expansions: 192,250, Global best: 37
[00:00:05:56:114] Valid states checked so far: 400,000, Expansions: 386,174, Global best: 37
[00:00:08:50:237] Valid states checked so far: 600,000, Expansions: 578,921, Global best: 37
[00:00:11:41:043] Valid states checked so far: 800,000, Expansions: 772,082, Global best: 37
[00:00:12:12:191] Path of length 36 found: [62, 53, 44, 43, 34, 25, 26, 17, 8, 7, 6, 15, 14, 13, 4, 3, 2, 11, 20, 21, 30, 31, 40, 41, 50, 59, 58, 57, 48, 47, 38, 37, 28, 27, 18, 9, 0]
[00:00:12:12:192] ! Unidirectional t-s. expansions: 808,707, time: 732,191 [ms], path length: 36 [edges], generated: 838,677
[00:00:02:10:598] Valid meeting checks so far: 200,000, state_vs_state: 5,218, state_vs_prefix: 0, prefix_vs_prefix: 194,782
[00:00:04:20:065] Valid meeting checks so far: 400,000, state_vs_state: 10,396, state_vs_prefix: 0, prefix_vs_prefix: 389,604
[00:00:06:29:848] Valid meeting checks so far: 600,000, state_vs_state: 19,375, state_vs_prefix: 0, prefix_vs_prefix: 580,625
[00:00:08:46:048] Valid meeting checks so far: 800,000, state_vs_state: 23,513, state_vs_prefix: 0, prefix_vs_prefix: 776,487
[00:00:11:01:604] Valid meeting checks so far: 1,000,000, state_vs_state: 29,329, state_vs_prefix: 0, prefix_vs_prefix: 970,671
[00:00:11:19:014] Path of length 36 found: [0, 9, 18, 27, 28, 37, 38, 47, 56, 57, 58, 59, 50, 41, 40, 31, 30, 21, 20, 11, 2, 3, 4, 13, 14, 15, 6, 7, 8, 17, 26, 25, 34, 43, 44, 53, 62]
[00:00:11:19:405] ! Bidirectional. expansions: 1,067,168, time: 679,014 [ms], path length: 36 [edges], g_F: 18, g_B: 18, generated: {'F': 695,651, 'B': 793,368}, MM: 0, MMPER: -1.0%

[00:00:11:19:405] average expansions: (993,508, 959,860, 1,107,574, 0)
[00:00:11:19:405] average time: (948,497, 870,128, 713,630, 0)
[00:00:11:19:405] X-DFBnB: 959,860 , 870,128 (expansions , time[ms])
[00:00:11:19:405] BiX-DFBnB: 1,107,574 , 713,630 (expansions , time[ms])

