Mon 09 Mar 2026 17:31:24 IST

SLURM_JOBID:		 15365800
SLURM_JOB_NODELIST:	 ise-cpu256-08 

--------------------------
date: SM_Grids
number_of_graphs: 10
graph_type: grid
size_of_graphs: [7, 8]
heuristic: heuristic0
snake: True
run_uni: True
run_bi: True
run_multi: False
solution_vertices: []
algorithms: ['DFBnB']
bsd: False
cube_first_dims: 4
cube_buffer_dim: None
backward_sym_generation: False
sym_coil: False
prefix_set: None

---------- SM_Grids/7x8_grid_with_random_blocks_8per_0 ----------
[00:00:02:45:842] Valid states checked so far: 200,000, Expansions: 194,519, Global best: 32
[00:00:05:35:453] Valid states checked so far: 400,000, Expansions: 390,348, Global best: 32
[00:00:06:01:625] Path of length 31 found: [0, 8, 16, 24, 32, 33, 34, 42, 50, 51, 52, 44, 36, 28, 20, 19, 18, 10, 2, 3, 4, 5, 13, 14, 15, 23, 31, 30, 38, 46, 47, 55]
[00:00:06:01:626] ! Unidirectional s-t. expansions: 421,070, time: 361,625 [ms], path length: 31 [edges], generated: 431,113
[00:00:02:49:581] Valid states checked so far: 200,000, Expansions: 192,253, Global best: 32
[00:00:03:53:092] Path of length 31 found: [55, 47, 39, 31, 23, 15, 7, 6, 5, 4, 3, 2, 10, 18, 19, 27, 28, 36, 37, 45, 53, 52, 51, 50, 42, 34, 33, 25, 24, 16, 8, 0]
[00:00:03:53:093] ! Unidirectional t-s. expansions: 267,651, time: 233,092 [ms], path length: 31 [edges], generated: 277,694
[00:00:02:01:552] Valid meeting checks so far: 200,000, state_vs_state: 0, state_vs_prefix: 0, prefix_vs_prefix: 200,000
[00:00:03:23:371] Path of length 31 found: [0, 8, 16, 24, 32, 33, 34, 42, 50, 51, 52, 44, 36, 37, 29, 21, 20, 19, 18, 10, 2, 3, 4, 5, 6, 7, 15, 23, 31, 39, 47, 55]
[00:00:03:23:773] ! Bidirectional. expansions: 314,636, time: 203,371 [ms], path length: 31 [edges], g_F: 16, g_B: 15, generated: {'F': 218,049, 'B': 233,239}, MM: 1, MMPER: 2.125%
[00:00:03:23:773] 
---------- SM_Grids/7x8_grid_with_random_blocks_8per_1 ----------
[00:00:02:39:989] Valid states checked so far: 200,000, Expansions: 194,132, Global best: 34
[00:00:03:11:409] Path of length 33 found: [0, 1, 9, 17, 16, 24, 32, 40, 41, 42, 34, 26, 27, 19, 11, 3, 4, 5, 13, 14, 15, 23, 31, 30, 29, 37, 36, 44, 52, 53, 54, 46, 47, 55]
[00:00:03:11:409] ! Unidirectional s-t. expansions: 233,193, time: 191,409 [ms], path length: 33 [edges], generated: 240,789
[00:00:02:48:382] Valid states checked so far: 200,000, Expansions: 195,260, Global best: 34
[00:00:04:20:741] Path of length 33 found: [55, 47, 39, 38, 37, 45, 53, 52, 51, 43, 42, 41, 33, 32, 24, 16, 17, 18, 26, 27, 28, 20, 21, 22, 23, 15, 7, 6, 5, 4, 3, 2, 1, 0]
[00:00:04:20:741] ! Unidirectional t-s. expansions: 306,714, time: 260,741 [ms], path length: 33 [edges], generated: 314,310
[00:00:02:09:334] Valid meeting checks so far: 200,000, state_vs_state: 0, state_vs_prefix: 0, prefix_vs_prefix: 200,000
[00:00:02:21:755] Path of length 33 found: [0, 1, 2, 3, 4, 5, 6, 7, 15, 23, 22, 21, 20, 28, 27, 26, 18, 17, 16, 24, 32, 33, 41, 42, 43, 51, 52, 53, 45, 37, 38, 39, 47, 55]
[00:00:02:22:145] ! Bidirectional. expansions: 230,372, time: 141,755 [ms], path length: 33 [edges], g_F: 17, g_B: 16, generated: {'F': 157,619, 'B': 158,865}, MM: 1, MMPER: 1.9411764705882355%
[00:00:02:22:145] 
---------- SM_Grids/7x8_grid_with_random_blocks_8per_2 ----------
[00:00:02:55:744] Valid states checked so far: 200,000, Expansions: 193,492, Global best: 30
[00:00:05:45:914] Valid states checked so far: 400,000, Expansions: 387,108, Global best: 30
[00:00:06:36:648] Path of length 31 found: [0, 1, 2, 3, 11, 12, 20, 21, 22, 23, 31, 39, 38, 37, 36, 35, 27, 26, 18, 17, 16, 24, 32, 40, 41, 49, 50, 51, 52, 53, 54, 55]
[00:00:06:36:648] ! Unidirectional s-t. expansions: 445,901, time: 396,648 [ms], path length: 31 [edges], generated: 460,262
[00:00:02:52:139] Valid states checked so far: 200,000, Expansions: 191,934, Global best: 32
[00:00:05:42:645] Valid states checked so far: 400,000, Expansions: 386,244, Global best: 32
[00:00:06:03:703] Path of length 31 found: [55, 47, 39, 31, 23, 22, 21, 13, 12, 11, 19, 18, 26, 34, 35, 36, 37, 45, 53, 52, 51, 50, 49, 41, 40, 32, 24, 16, 8, 9, 1, 0]
[00:00:06:03:704] ! Unidirectional t-s. expansions: 410,766, time: 363,704 [ms], path length: 31 [edges], generated: 425,127
[00:00:01:56:597] Valid meeting checks so far: 200,000, state_vs_state: 0, state_vs_prefix: 0, prefix_vs_prefix: 200,000
[00:00:04:04:280] Valid meeting checks so far: 400,000, state_vs_state: 0, state_vs_prefix: 0, prefix_vs_prefix: 400,000
[00:00:05:49:320] Path of length 31 found: [0, 1, 2, 3, 11, 12, 13, 21, 22, 23, 31, 39, 38, 37, 36, 28, 27, 26, 18, 17, 16, 24, 32, 33, 41, 42, 43, 51, 52, 53, 54, 55]
[00:00:05:49:698] ! Bidirectional. expansions: 543,342, time: 349,320 [ms], path length: 31 [edges], g_F: 16, g_B: 15, generated: {'F': 395,025, 'B': 391,718}, MM: 1, MMPER: 2.125%
[00:00:05:49:698] 
---------- SM_Grids/7x8_grid_with_random_blocks_8per_3 ----------
[00:00:02:32:980] Valid states checked so far: 200,000, Expansions: 194,994, Global best: 34
[00:00:04:47:077] Path of length 33 found: [0, 8, 9, 10, 2, 3, 4, 5, 6, 7, 15, 23, 22, 21, 20, 19, 27, 26, 34, 33, 32, 40, 48, 49, 50, 51, 43, 44, 36, 37, 38, 46, 47, 55]
[00:00:04:47:078] ! Unidirectional s-t. expansions: 366,466, time: 287,077 [ms], path length: 33 [edges], generated: 374,787
[00:00:02:33:005] Valid states checked so far: 200,000, Expansions: 193,254, Global best: 34
[00:00:03:38:973] Path of length 33 found: [55, 47, 39, 31, 23, 15, 7, 6, 5, 13, 21, 29, 28, 36, 44, 43, 51, 50, 49, 48, 40, 32, 33, 34, 26, 18, 19, 11, 3, 2, 1, 9, 8, 0]
[00:00:03:38:973] ! Unidirectional t-s. expansions: 278,232, time: 218,973 [ms], path length: 33 [edges], generated: 286,553
[00:00:01:55:631] Valid meeting checks so far: 200,000, state_vs_state: 0, state_vs_prefix: 0, prefix_vs_prefix: 200,000
[00:00:03:06:781] Path of length 33 found: [0, 8, 9, 10, 2, 3, 4, 5, 6, 7, 15, 23, 22, 21, 20, 19, 27, 26, 34, 33, 32, 40, 48, 49, 50, 51, 43, 44, 36, 37, 38, 39, 47, 55]
[00:00:03:07:118] ! Bidirectional. expansions: 366,554, time: 186,781 [ms], path length: 33 [edges], g_F: 17, g_B: 16, generated: {'F': 228,809, 'B': 241,682}, MM: 1, MMPER: 1.9411764705882355%
[00:00:03:07:118] 
---------- SM_Grids/7x8_grid_with_random_blocks_8per_4 ----------
[00:00:02:28:318] Path of length 33 found: [0, 8, 9, 10, 11, 19, 27, 26, 25, 24, 32, 40, 48, 49, 50, 42, 43, 44, 36, 37, 29, 21, 13, 5, 6, 7, 15, 23, 31, 39, 47, 46, 54, 55]
[00:00:02:28:318] ! Unidirectional s-t. expansions: 190,461, time: 148,318 [ms], path length: 33 [edges], generated: 196,279
[00:00:01:38:091] Path of length 31 found: [55, 47, 39, 31, 23, 15, 7, 6, 5, 13, 21, 20, 19, 27, 35, 36, 37, 45, 53, 52, 51, 50, 42, 41, 33, 25, 24, 16, 8, 9, 1, 0]
[00:00:01:38:091] ! Unidirectional t-s. expansions: 124,388, time: 98,091 [ms], path length: 31 [edges], generated: 130,206
[00:00:01:57:908] Valid meeting checks so far: 200,000, state_vs_state: 0, state_vs_prefix: 0, prefix_vs_prefix: 200,000
[00:00:02:10:955] Path of length 31 found: [0, 8, 16, 17, 25, 33, 32, 40, 48, 49, 50, 51, 52, 53, 45, 37, 36, 35, 27, 19, 20, 21, 13, 5, 6, 7, 15, 23, 31, 39, 47, 55]
[00:00:02:11:296] ! Bidirectional. expansions: 260,914, time: 130,955 [ms], path length: 31 [edges], g_F: 16, g_B: 15, generated: {'F': 174,606, 'B': 163,070}, MM: 1, MMPER: 2.125%
[00:00:02:11:296] 
---------- SM_Grids/7x8_grid_with_random_blocks_8per_5 ----------
[00:00:02:16:919] Valid states checked so far: 200,000, Expansions: 194,432, Global best: 32
[00:00:04:33:608] Valid states checked so far: 400,000, Expansions: 390,851, Global best: 34
[00:00:04:41:020] Path of length 33 found: [0, 1, 2, 3, 11, 12, 13, 5, 6, 7, 15, 23, 22, 30, 38, 37, 36, 28, 27, 26, 18, 17, 16, 24, 32, 40, 48, 49, 50, 51, 52, 53, 54, 55]
[00:00:04:41:020] ! Unidirectional s-t. expansions: 401,127, time: 281,020 [ms], path length: 33 [edges], generated: 410,377
[00:00:02:22:315] Valid states checked so far: 200,000, Expansions: 195,036, Global best: 32
[00:00:04:17:203] Path of length 33 found: [55, 54, 53, 52, 51, 50, 49, 41, 33, 32, 24, 16, 17, 18, 26, 27, 28, 36, 37, 38, 30, 22, 23, 15, 7, 6, 5, 13, 12, 11, 3, 2, 1, 0]
[00:00:04:17:203] ! Unidirectional t-s. expansions: 353,983, time: 257,203 [ms], path length: 33 [edges], generated: 363,233
[00:00:01:42:824] Valid meeting checks so far: 200,000, state_vs_state: 0, state_vs_prefix: 0, prefix_vs_prefix: 200,000
[00:00:02:29:634] Path of length 33 found: [0, 1, 2, 3, 11, 12, 13, 5, 6, 7, 15, 23, 22, 30, 38, 37, 36, 28, 27, 26, 18, 17, 16, 24, 32, 33, 41, 49, 50, 51, 52, 53, 54, 55]
[00:00:02:29:977] ! Bidirectional. expansions: 273,296, time: 149,634 [ms], path length: 33 [edges], g_F: 17, g_B: 16, generated: {'F': 190,268, 'B': 204,514}, MM: 1, MMPER: 1.9411764705882355%
[00:00:02:29:978] 
---------- SM_Grids/7x8_grid_with_random_blocks_8per_6 ----------
[00:00:02:31:152] Path of length 29 found: [0, 8, 16, 24, 32, 40, 48, 49, 50, 42, 43, 35, 27, 26, 18, 10, 11, 12, 20, 21, 22, 23, 31, 39, 38, 37, 45, 53, 54, 55]
[00:00:02:31:152] ! Unidirectional s-t. expansions: 180,841, time: 151,152 [ms], path length: 29 [edges], generated: 190,312
[00:00:02:37:723] Valid states checked so far: 200,000, Expansions: 190,566, Global best: 30
[00:00:02:39:359] Path of length 29 found: [55, 54, 53, 45, 37, 38, 39, 31, 23, 22, 21, 20, 12, 11, 10, 18, 26, 34, 35, 43, 51, 50, 49, 41, 40, 32, 24, 16, 8, 0]
[00:00:02:39:359] ! Unidirectional t-s. expansions: 192,657, time: 159,359 [ms], path length: 29 [edges], generated: 202,128
[00:00:02:07:929] Valid meeting checks so far: 200,000, state_vs_state: 0, state_vs_prefix: 0, prefix_vs_prefix: 200,000
[00:00:03:46:146] Path of length 29 found: [0, 8, 16, 24, 32, 40, 48, 49, 50, 42, 43, 35, 27, 26, 18, 10, 11, 12, 20, 21, 22, 23, 31, 39, 38, 37, 45, 53, 54, 55]
[00:00:03:46:534] ! Bidirectional. expansions: 442,722, time: 226,146 [ms], path length: 29 [edges], g_F: 15, g_B: 14, generated: {'F': 287,845, 'B': 267,169}, MM: 1, MMPER: 2.3333333333333335%
[00:00:03:46:534] 
---------- SM_Grids/7x8_grid_with_random_blocks_8per_7 ----------
[00:00:02:29:091] Valid states checked so far: 200,000, Expansions: 195,240, Global best: 32
[00:00:02:52:146] Path of length 31 found: [0, 1, 9, 17, 16, 24, 32, 40, 41, 42, 34, 35, 36, 37, 29, 21, 20, 19, 11, 3, 4, 5, 6, 14, 15, 23, 31, 39, 47, 46, 54, 55]
[00:00:02:52:146] ! Unidirectional s-t. expansions: 225,953, time: 172,146 [ms], path length: 31 [edges], generated: 231,560
[00:00:02:32:063] Valid states checked so far: 200,000, Expansions: 196,847, Global best: 32
[00:00:05:00:823] Valid states checked so far: 400,000, Expansions: 394,456, Global best: 32
[00:00:05:04:592] Path of length 31 found: [55, 47, 39, 31, 23, 15, 7, 6, 5, 4, 3, 11, 19, 20, 28, 36, 37, 45, 53, 52, 51, 43, 42, 34, 33, 32, 24, 16, 17, 9, 1, 0]
[00:00:05:04:593] ! Unidirectional t-s. expansions: 399,826, time: 304,593 [ms], path length: 31 [edges], generated: 405,433
[00:00:02:05:002] Valid meeting checks so far: 200,000, state_vs_state: 0, state_vs_prefix: 0, prefix_vs_prefix: 200,000
[00:00:02:46:045] Path of length 31 found: [0, 1, 9, 17, 16, 24, 32, 40, 41, 42, 43, 51, 52, 53, 45, 37, 36, 28, 20, 19, 11, 3, 4, 5, 6, 7, 15, 23, 31, 39, 47, 55]
[00:00:02:46:413] ! Bidirectional. expansions: 326,250, time: 166,045 [ms], path length: 31 [edges], g_F: 16, g_B: 15, generated: {'F': 199,107, 'B': 214,296}, MM: 1, MMPER: 2.125%
[00:00:02:46:413] 
---------- SM_Grids/7x8_grid_with_random_blocks_8per_8 ----------
[00:00:02:21:536] Valid states checked so far: 200,000, Expansions: 193,512, Global best: 30
[00:00:04:42:915] Valid states checked so far: 400,000, Expansions: 389,787, Global best: 30
[00:00:05:09:551] Path of length 29 found: [0, 8, 16, 24, 32, 40, 41, 42, 34, 35, 27, 19, 18, 10, 2, 3, 4, 12, 13, 14, 22, 23, 31, 39, 38, 37, 45, 53, 54, 55]
[00:00:05:09:551] ! Unidirectional s-t. expansions: 426,824, time: 309,551 [ms], path length: 29 [edges], generated: 437,235
[00:00:02:31:000] Valid states checked so far: 200,000, Expansions: 193,873, Global best: 30
[00:00:04:22:220] Path of length 29 found: [55, 47, 39, 31, 30, 29, 37, 45, 53, 52, 51, 43, 42, 41, 40, 32, 24, 25, 26, 18, 19, 20, 12, 4, 3, 2, 1, 9, 8, 0]
[00:00:04:22:220] ! Unidirectional t-s. expansions: 341,560, time: 262,220 [ms], path length: 29 [edges], generated: 351,971
[00:00:01:53:505] Valid meeting checks so far: 200,000, state_vs_state: 0, state_vs_prefix: 0, prefix_vs_prefix: 200,000
[00:00:03:06:351] Path of length 29 found: [0, 8, 16, 24, 32, 40, 41, 42, 34, 35, 27, 19, 18, 10, 2, 3, 4, 5, 6, 7, 15, 23, 22, 30, 29, 37, 45, 46, 47, 55]
[00:00:03:06:689] ! Bidirectional. expansions: 351,872, time: 186,351 [ms], path length: 29 [edges], g_F: 15, g_B: 14, generated: {'F': 233,153, 'B': 252,659}, MM: 1, MMPER: 2.3333333333333335%
[00:00:03:06:689] 
---------- SM_Grids/7x8_grid_with_random_blocks_8per_9 ----------
[00:00:02:23:723] Valid states checked so far: 200,000, Expansions: 188,520, Global best: 32
[00:00:04:48:026] Valid states checked so far: 400,000, Expansions: 380,973, Global best: 32
[00:00:07:11:374] Valid states checked so far: 600,000, Expansions: 571,868, Global best: 32
[00:00:07:18:908] Path of length 31 found: [0, 8, 16, 24, 32, 40, 41, 49, 50, 51, 43, 35, 27, 26, 18, 10, 11, 3, 4, 5, 13, 14, 15, 23, 31, 30, 29, 37, 45, 46, 54, 55]
[00:00:07:18:908] ! Unidirectional s-t. expansions: 581,084, time: 438,908 [ms], path length: 31 [edges], generated: 609,298
[00:00:02:26:983] Valid states checked so far: 200,000, Expansions: 189,086, Global best: 34
[00:00:04:50:177] Valid states checked so far: 400,000, Expansions: 379,907, Global best: 34
[00:00:06:56:858] Path of length 33 found: [55, 47, 39, 38, 30, 22, 23, 15, 7, 6, 5, 4, 3, 11, 19, 18, 26, 34, 35, 36, 44, 52, 51, 50, 49, 41, 40, 32, 24, 16, 8, 9, 1, 0]
[00:00:06:56:858] ! Unidirectional t-s. expansions: 548,876, time: 416,858 [ms], path length: 33 [edges], generated: 577,090
[00:00:01:42:697] Valid meeting checks so far: 200,000, state_vs_state: 0, state_vs_prefix: 0, prefix_vs_prefix: 200,000
[00:00:03:31:465] Valid meeting checks so far: 400,000, state_vs_state: 0, state_vs_prefix: 0, prefix_vs_prefix: 400,000
[00:00:05:18:570] Valid meeting checks so far: 600,000, state_vs_state: 0, state_vs_prefix: 0, prefix_vs_prefix: 600,000
[00:00:05:36:249] Path of length 31 found: [0, 8, 16, 24, 32, 40, 41, 49, 50, 51, 43, 44, 45, 37, 29, 28, 27, 26, 18, 10, 11, 3, 4, 5, 6, 7, 15, 23, 31, 39, 47, 55]
[00:00:05:36:589] ! Bidirectional. expansions: 602,256, time: 336,249 [ms], path length: 31 [edges], g_F: 16, g_B: 15, generated: {'F': 421,095, 'B': 445,843}, MM: 1, MMPER: 2.125%

[00:00:05:36:589] average expansions: (347,292, 322,465, 371,221, 0)
[00:00:05:36:589] average time: (273,785, 257,483, 207,661, 0)
[00:00:05:36:589] X-DFBnB: 322,465 , 257,483 (expansions , time[ms])
[00:00:05:36:589] BiX-DFBnB: 371,221 , 207,661 (expansions , time[ms])

