Mon 09 Mar 2026 17:31:24 IST

SLURM_JOBID:		 15365806
SLURM_JOB_NODELIST:	 ise-cpu256-08 

--------------------------
date: SM_Grids
number_of_graphs: 10
graph_type: grid
size_of_graphs: [8, 9]
heuristic: heuristic0
snake: True
run_uni: True
run_bi: True
run_multi: False
solution_vertices: []
algorithms: ['DFBnB']
bsd: False
cube_first_dims: 4
cube_buffer_dim: None
backward_sym_generation: False
sym_coil: False
prefix_set: None

---------- SM_Grids/8x9_grid_with_random_blocks_12per_0 ----------
[00:00:03:23:483] Valid states checked so far: 200,000, Expansions: 185,810, Global best: 38
[00:00:06:46:912] Valid states checked so far: 400,000, Expansions: 372,554, Global best: 38
[00:00:10:14:790] Valid states checked so far: 600,000, Expansions: 560,509, Global best: 38
[00:00:13:38:990] Valid states checked so far: 800,000, Expansions: 749,344, Global best: 38
[00:00:17:14:603] Valid states checked so far: 1,000,000, Expansions: 939,680, Global best: 38
[00:00:20:37:419] Valid states checked so far: 1,200,000, Expansions: 1,128,091, Global best: 38
[00:00:24:11:238] Valid states checked so far: 1,400,000, Expansions: 1,319,888, Global best: 38
[00:00:27:22:160] Valid states checked so far: 1,600,000, Expansions: 1,504,659, Global best: 40
[00:00:30:44:174] Valid states checked so far: 1,800,000, Expansions: 1,692,794, Global best: 40
[00:00:34:16:352] Valid states checked so far: 2,000,000, Expansions: 1,886,529, Global best: 42
[00:00:37:41:292] Valid states checked so far: 2,200,000, Expansions: 2,077,027, Global best: 42
[00:00:41:05:379] Valid states checked so far: 2,400,000, Expansions: 2,268,796, Global best: 42
[00:00:44:21:706] Valid states checked so far: 2,600,000, Expansions: 2,458,620, Global best: 42
[00:00:47:26:659] Valid states checked so far: 2,800,000, Expansions: 2,644,200, Global best: 42
[00:00:50:29:236] Valid states checked so far: 3,000,000, Expansions: 2,829,749, Global best: 42
[00:00:53:27:347] Valid states checked so far: 3,200,000, Expansions: 3,016,212, Global best: 42
[00:00:56:23:527] Valid states checked so far: 3,400,000, Expansions: 3,200,672, Global best: 42
[00:00:59:37:845] Valid states checked so far: 3,600,000, Expansions: 3,391,021, Global best: 42
[00:01:02:48:043] Valid states checked so far: 3,800,000, Expansions: 3,582,750, Global best: 42
[00:01:06:04:471] Valid states checked so far: 4,000,000, Expansions: 3,775,129, Global best: 42
[00:01:09:17:273] Valid states checked so far: 4,200,000, Expansions: 3,967,549, Global best: 42
[00:01:12:25:531] Valid states checked so far: 4,400,000, Expansions: 4,159,269, Global best: 42
[00:01:15:41:261] Valid states checked so far: 4,600,000, Expansions: 4,352,464, Global best: 42
[00:01:18:57:385] Valid states checked so far: 4,800,000, Expansions: 4,545,533, Global best: 42
[00:01:21:12:713] Path of length 41 found: [0, 9, 10, 11, 2, 3, 4, 13, 14, 15, 6, 7, 8, 17, 26, 25, 34, 33, 32, 31, 40, 39, 38, 29, 28, 27, 36, 45, 46, 55, 56, 57, 66, 67, 68, 59, 50, 51, 52, 61, 70, 71]
[00:01:21:12:713] ! Unidirectional s-t. expansions: 4,678,072, time: 4,872,713 [ms], path length: 41 [edges], generated: 4,938,092
[00:00:03:22:183] Valid states checked so far: 200,000, Expansions: 190,114, Global best: 36
[00:00:06:24:098] Valid states checked so far: 400,000, Expansions: 383,008, Global best: 38
[00:00:09:20:214] Valid states checked so far: 600,000, Expansions: 573,041, Global best: 38
[00:00:12:29:640] Valid states checked so far: 800,000, Expansions: 768,438, Global best: 40
[00:00:15:33:437] Valid states checked so far: 1,000,000, Expansions: 961,657, Global best: 40
[00:00:18:39:416] Valid states checked so far: 1,200,000, Expansions: 1,156,878, Global best: 40
[00:00:21:42:811] Valid states checked so far: 1,400,000, Expansions: 1,353,178, Global best: 40
[00:00:24:39:282] Valid states checked so far: 1,600,000, Expansions: 1,548,692, Global best: 42
[00:00:27:33:671] Valid states checked so far: 1,800,000, Expansions: 1,743,599, Global best: 42
[00:00:30:27:007] Valid states checked so far: 2,000,000, Expansions: 1,934,575, Global best: 42
[00:00:33:23:858] Valid states checked so far: 2,200,000, Expansions: 2,124,901, Global best: 42
[00:00:36:15:221] Valid states checked so far: 2,400,000, Expansions: 2,316,124, Global best: 42
[00:00:39:17:284] Valid states checked so far: 2,600,000, Expansions: 2,510,049, Global best: 42
[00:00:42:20:700] Valid states checked so far: 2,800,000, Expansions: 2,704,682, Global best: 42
[00:00:45:16:041] Valid states checked so far: 3,000,000, Expansions: 2,898,982, Global best: 42
[00:00:48:16:559] Valid states checked so far: 3,200,000, Expansions: 3,095,320, Global best: 42
[00:00:51:06:793] Valid states checked so far: 3,400,000, Expansions: 3,289,300, Global best: 42
[00:00:54:08:183] Valid states checked so far: 3,600,000, Expansions: 3,482,258, Global best: 42
[00:00:57:05:702] Valid states checked so far: 3,800,000, Expansions: 3,674,317, Global best: 42
[00:01:00:07:163] Valid states checked so far: 4,000,000, Expansions: 3,870,613, Global best: 42
[00:01:03:10:411] Valid states checked so far: 4,200,000, Expansions: 4,063,145, Global best: 42
[00:01:06:13:877] Valid states checked so far: 4,400,000, Expansions: 4,259,546, Global best: 42
[00:01:09:09:324] Valid states checked so far: 4,600,000, Expansions: 4,454,954, Global best: 42
[00:01:12:11:114] Valid states checked so far: 4,800,000, Expansions: 4,648,544, Global best: 42
[00:01:15:01:489] Valid states checked so far: 5,000,000, Expansions: 4,841,978, Global best: 42
[00:01:17:59:911] Valid states checked so far: 5,200,000, Expansions: 5,031,070, Global best: 42
[00:01:21:06:431] Valid states checked so far: 5,400,000, Expansions: 5,223,585, Global best: 42
[00:01:24:02:041] Valid states checked so far: 5,600,000, Expansions: 5,413,207, Global best: 42
[00:01:27:11:303] Valid states checked so far: 5,800,000, Expansions: 5,608,868, Global best: 42
[00:01:30:13:894] Valid states checked so far: 6,000,000, Expansions: 5,801,584, Global best: 42
[00:01:33:30:607] Valid states checked so far: 6,200,000, Expansions: 5,997,436, Global best: 42
[00:01:36:33:481] Valid states checked so far: 6,400,000, Expansions: 6,193,511, Global best: 42
[00:01:39:31:671] Valid states checked so far: 6,600,000, Expansions: 6,387,178, Global best: 42
[00:01:42:32:660] Valid states checked so far: 6,800,000, Expansions: 6,579,680, Global best: 42
[00:01:45:43:544] Valid states checked so far: 7,000,000, Expansions: 6,772,367, Global best: 42
[00:01:48:48:969] Valid states checked so far: 7,200,000, Expansions: 6,968,053, Global best: 42
[00:01:51:55:375] Valid states checked so far: 7,400,000, Expansions: 7,161,960, Global best: 42
[00:01:55:00:005] Valid states checked so far: 7,600,000, Expansions: 7,357,878, Global best: 42
[00:01:58:03:794] Valid states checked so far: 7,800,000, Expansions: 7,552,218, Global best: 42
[00:02:01:08:364] Valid states checked so far: 8,000,000, Expansions: 7,745,888, Global best: 42
[00:02:03:23:071] Path of length 41 found: [71, 62, 53, 52, 51, 50, 59, 68, 67, 66, 57, 56, 55, 46, 45, 36, 27, 28, 29, 38, 39, 40, 31, 32, 33, 24, 25, 26, 17, 8, 7, 6, 5, 14, 13, 12, 3, 2, 1, 10, 9, 0]
[00:02:03:23:072] ! Unidirectional t-s. expansions: 7,897,585, time: 7,403,071 [ms], path length: 41 [edges], generated: 8,157,605
[00:00:02:12:437] Valid meeting checks so far: 200,000, state_vs_state: 0, state_vs_prefix: 0, prefix_vs_prefix: 200,000
[00:00:05:10:723] Valid meeting checks so far: 400,000, state_vs_state: 0, state_vs_prefix: 0, prefix_vs_prefix: 400,000
[00:00:08:11:988] Valid meeting checks so far: 600,000, state_vs_state: 0, state_vs_prefix: 0, prefix_vs_prefix: 600,000
[00:00:11:27:355] Valid meeting checks so far: 800,000, state_vs_state: 0, state_vs_prefix: 0, prefix_vs_prefix: 800,000
[00:00:14:33:460] Valid meeting checks so far: 1,000,000, state_vs_state: 0, state_vs_prefix: 0, prefix_vs_prefix: 1,000,000
[00:00:17:45:899] Valid meeting checks so far: 1,200,000, state_vs_state: 0, state_vs_prefix: 0, prefix_vs_prefix: 1,200,000
[00:00:20:42:005] Valid meeting checks so far: 1,400,000, state_vs_state: 0, state_vs_prefix: 0, prefix_vs_prefix: 1,400,000
[00:00:23:57:412] Valid meeting checks so far: 1,600,000, state_vs_state: 0, state_vs_prefix: 0, prefix_vs_prefix: 1,600,000
[00:00:27:07:075] Valid meeting checks so far: 1,800,000, state_vs_state: 0, state_vs_prefix: 0, prefix_vs_prefix: 1,800,000
[00:00:30:04:748] Valid meeting checks so far: 2,000,000, state_vs_state: 0, state_vs_prefix: 0, prefix_vs_prefix: 2,000,000
[00:00:32:55:732] Valid meeting checks so far: 2,200,000, state_vs_state: 0, state_vs_prefix: 0, prefix_vs_prefix: 2,200,000
[00:00:35:34:549] Valid meeting checks so far: 2,400,000, state_vs_state: 0, state_vs_prefix: 0, prefix_vs_prefix: 2,400,000
[00:00:38:31:013] Valid meeting checks so far: 2,600,000, state_vs_state: 0, state_vs_prefix: 0, prefix_vs_prefix: 2,600,000
[00:00:40:52:461] Valid meeting checks so far: 2,800,000, state_vs_state: 0, state_vs_prefix: 0, prefix_vs_prefix: 2,800,000
[00:00:43:09:357] Valid meeting checks so far: 3,000,000, state_vs_state: 0, state_vs_prefix: 0, prefix_vs_prefix: 3,000,000
[00:00:45:12:131] Valid meeting checks so far: 3,200,000, state_vs_state: 0, state_vs_prefix: 0, prefix_vs_prefix: 3,200,000
[00:00:47:29:724] Valid meeting checks so far: 3,400,000, state_vs_state: 0, state_vs_prefix: 0, prefix_vs_prefix: 3,400,000
[00:00:49:32:454] Valid meeting checks so far: 3,600,000, state_vs_state: 0, state_vs_prefix: 0, prefix_vs_prefix: 3,600,000
[00:00:51:42:873] Valid meeting checks so far: 3,800,000, state_vs_state: 0, state_vs_prefix: 0, prefix_vs_prefix: 3,800,000
[00:00:54:03:080] Valid meeting checks so far: 4,000,000, state_vs_state: 0, state_vs_prefix: 0, prefix_vs_prefix: 4,000,000
[00:00:56:17:415] Valid meeting checks so far: 4,200,000, state_vs_state: 0, state_vs_prefix: 0, prefix_vs_prefix: 4,200,000
[00:00:58:32:846] Valid meeting checks so far: 4,400,000, state_vs_state: 0, state_vs_prefix: 0, prefix_vs_prefix: 4,400,000
[00:01:00:51:360] Valid meeting checks so far: 4,600,000, state_vs_state: 0, state_vs_prefix: 0, prefix_vs_prefix: 4,600,000
[00:01:03:08:657] Valid meeting checks so far: 4,800,000, state_vs_state: 0, state_vs_prefix: 0, prefix_vs_prefix: 4,800,000
[00:01:05:27:192] Valid meeting checks so far: 5,000,000, state_vs_state: 0, state_vs_prefix: 0, prefix_vs_prefix: 5,000,000
[00:01:07:45:222] Valid meeting checks so far: 5,200,000, state_vs_state: 0, state_vs_prefix: 0, prefix_vs_prefix: 5,200,000
[00:01:09:45:763] Valid meeting checks so far: 5,400,000, state_vs_state: 0, state_vs_prefix: 0, prefix_vs_prefix: 5,400,000
[00:01:12:02:669] Valid meeting checks so far: 5,600,000, state_vs_state: 0, state_vs_prefix: 0, prefix_vs_prefix: 5,600,000
[00:01:14:24:370] Valid meeting checks so far: 5,800,000, state_vs_state: 0, state_vs_prefix: 0, prefix_vs_prefix: 5,800,000
[00:01:16:40:619] Valid meeting checks so far: 6,000,000, state_vs_state: 0, state_vs_prefix: 0, prefix_vs_prefix: 6,000,000
[00:01:18:59:697] Valid meeting checks so far: 6,200,000, state_vs_state: 0, state_vs_prefix: 0, prefix_vs_prefix: 6,200,000
[00:01:21:21:825] Valid meeting checks so far: 6,400,000, state_vs_state: 0, state_vs_prefix: 0, prefix_vs_prefix: 6,400,000
[00:01:23:41:667] Valid meeting checks so far: 6,600,000, state_vs_state: 0, state_vs_prefix: 0, prefix_vs_prefix: 6,600,000
[00:01:24:12:022] Path of length 41 found: [0, 9, 10, 11, 2, 3, 4, 13, 14, 15, 6, 7, 8, 17, 26, 25, 34, 33, 32, 31, 40, 39, 38, 29, 28, 27, 36, 45, 46, 55, 56, 57, 66, 67, 68, 59, 50, 51, 52, 53, 62, 71]
[00:01:24:12:485] ! Bidirectional. expansions: 6,659,902, time: 5,052,022 [ms], path length: 41 [edges], g_F: 21, g_B: 20, generated: {'F': 4,591,120, 'B': 4,826,036}, MM: 1, MMPER: 1.380952380952381%
[00:01:24:12:485] 
---------- SM_Grids/8x9_grid_with_random_blocks_12per_1 ----------
[00:00:03:18:587] Valid states checked so far: 200,000, Expansions: 196,622, Global best: 34
[00:00:06:32:924] Valid states checked so far: 400,000, Expansions: 392,871, Global best: 34
[00:00:09:50:249] Valid states checked so far: 600,000, Expansions: 589,038, Global best: 34
[00:00:09:50:260] Path of length 33 found: [0, 9, 10, 19, 20, 21, 12, 3, 4, 5, 6, 7, 8, 17, 26, 25, 24, 23, 32, 31, 40, 39, 48, 57, 58, 59, 50, 51, 42, 43, 44, 53, 62, 71]
[00:00:09:50:260] ! Unidirectional s-t. expansions: 589,041, time: 590,260 [ms], path length: 33 [edges], generated: 600,003
[00:00:03:01:464] Valid states checked so far: 200,000, Expansions: 198,919, Global best: 32
[00:00:05:56:345] Valid states checked so far: 400,000, Expansions: 397,699, Global best: 34
[00:00:08:53:986] Valid states checked so far: 600,000, Expansions: 596,506, Global best: 34
[00:00:11:52:074] Valid states checked so far: 800,000, Expansions: 795,254, Global best: 34
[00:00:14:53:153] Valid states checked so far: 1,000,000, Expansions: 993,949, Global best: 34
[00:00:17:52:458] Valid states checked so far: 1,200,000, Expansions: 1,192,676, Global best: 34
[00:00:20:53:913] Valid states checked so far: 1,400,000, Expansions: 1,391,554, Global best: 34
[00:00:23:58:254] Valid states checked so far: 1,600,000, Expansions: 1,590,471, Global best: 34
[00:00:26:59:720] Valid states checked so far: 1,800,000, Expansions: 1,789,159, Global best: 34
[00:00:28:00:931] Path of length 33 found: [71, 62, 53, 44, 43, 42, 51, 50, 59, 58, 57, 48, 39, 40, 31, 32, 23, 24, 25, 26, 17, 8, 7, 6, 5, 4, 3, 12, 21, 20, 19, 10, 1, 0]
[00:00:28:00:932] ! Unidirectional t-s. expansions: 1,855,246, time: 1,680,932 [ms], path length: 33 [edges], generated: 1,866,208
[00:00:02:26:776] Valid meeting checks so far: 200,000, state_vs_state: 0, state_vs_prefix: 0, prefix_vs_prefix: 200,000
[00:00:05:04:456] Valid meeting checks so far: 400,000, state_vs_state: 0, state_vs_prefix: 0, prefix_vs_prefix: 400,000
[00:00:07:28:664] Valid meeting checks so far: 600,000, state_vs_state: 0, state_vs_prefix: 0, prefix_vs_prefix: 600,000
[00:00:09:58:668] Valid meeting checks so far: 800,000, state_vs_state: 0, state_vs_prefix: 0, prefix_vs_prefix: 800,000
[00:00:12:25:065] Valid meeting checks so far: 1,000,000, state_vs_state: 0, state_vs_prefix: 0, prefix_vs_prefix: 1,000,000
[00:00:14:24:737] Path of length 33 found: [0, 9, 10, 19, 20, 21, 12, 3, 4, 5, 6, 7, 8, 17, 26, 25, 24, 23, 32, 31, 40, 39, 48, 57, 58, 59, 50, 51, 42, 43, 44, 53, 62, 71]
[00:00:14:25:172] ! Bidirectional. expansions: 1,504,628, time: 864,737 [ms], path length: 33 [edges], g_F: 17, g_B: 16, generated: {'F': 941,949, 'B': 936,411}, MM: 1, MMPER: 1.9411764705882355%
[00:00:14:25:172] 
---------- SM_Grids/8x9_grid_with_random_blocks_12per_2 ----------
[00:00:03:08:641] Valid states checked so far: 200,000, Expansions: 194,397, Global best: 38
[00:00:06:17:526] Valid states checked so far: 400,000, Expansions: 389,055, Global best: 38
[00:00:09:27:913] Valid states checked so far: 600,000, Expansions: 583,713, Global best: 38
[00:00:12:35:975] Valid states checked so far: 800,000, Expansions: 779,568, Global best: 40
[00:00:13:59:781] Path of length 39 found: [0, 1, 2, 3, 12, 21, 20, 29, 38, 47, 46, 45, 54, 63, 64, 65, 66, 67, 68, 59, 50, 49, 40, 31, 32, 23, 24, 15, 6, 7, 8, 17, 26, 35, 34, 43, 52, 61, 70, 71]
[00:00:13:59:782] ! Unidirectional s-t. expansions: 864,660, time: 839,781 [ms], path length: 39 [edges], generated: 886,024
[00:00:03:08:598] Valid states checked so far: 200,000, Expansions: 194,158, Global best: 40
[00:00:06:03:941] Valid states checked so far: 400,000, Expansions: 387,947, Global best: 40
[00:00:09:07:685] Valid states checked so far: 600,000, Expansions: 582,229, Global best: 40
[00:00:10:57:926] Path of length 39 found: [71, 62, 53, 52, 43, 34, 35, 26, 17, 8, 7, 6, 15, 24, 23, 32, 31, 40, 49, 50, 59, 68, 67, 66, 65, 64, 63, 54, 45, 46, 47, 38, 29, 20, 21, 12, 3, 2, 1, 0]
[00:00:10:57:926] ! Unidirectional t-s. expansions: 697,425, time: 657,926 [ms], path length: 39 [edges], generated: 718,789
[00:00:02:30:579] Valid meeting checks so far: 200,000, state_vs_state: 0, state_vs_prefix: 0, prefix_vs_prefix: 200,000
[00:00:05:10:597] Valid meeting checks so far: 400,000, state_vs_state: 0, state_vs_prefix: 0, prefix_vs_prefix: 400,000
[00:00:07:44:534] Valid meeting checks so far: 600,000, state_vs_state: 0, state_vs_prefix: 0, prefix_vs_prefix: 600,000
[00:00:10:21:954] Valid meeting checks so far: 800,000, state_vs_state: 0, state_vs_prefix: 0, prefix_vs_prefix: 800,000
[00:00:11:30:737] Path of length 39 found: [0, 1, 2, 3, 12, 21, 20, 29, 38, 47, 46, 45, 54, 63, 64, 65, 66, 67, 68, 59, 50, 49, 40, 31, 32, 23, 24, 15, 6, 7, 8, 17, 26, 35, 34, 43, 52, 53, 62, 71]
[00:00:11:31:170] ! Bidirectional. expansions: 1,169,268, time: 690,737 [ms], path length: 39 [edges], g_F: 20, g_B: 19, generated: {'F': 759,661, 'B': 686,999}, MM: 1, MMPER: 1.5%
[00:00:11:31:171] 
---------- SM_Grids/8x9_grid_with_random_blocks_12per_3 ----------
[00:00:02:58:949] Valid states checked so far: 200,000, Expansions: 185,100, Global best: 40
[00:00:06:02:150] Valid states checked so far: 400,000, Expansions: 374,636, Global best: 40
[00:00:09:05:814] Valid states checked so far: 600,000, Expansions: 565,585, Global best: 40
[00:00:12:09:663] Valid states checked so far: 800,000, Expansions: 755,201, Global best: 40
[00:00:13:52:290] Path of length 39 found: [0, 9, 18, 27, 28, 37, 46, 45, 54, 63, 64, 65, 56, 57, 48, 49, 50, 41, 32, 31, 22, 21, 20, 11, 2, 3, 4, 5, 6, 7, 16, 25, 34, 43, 44, 53, 62, 61, 70, 71]
[00:00:13:52:290] ! Unidirectional s-t. expansions: 861,219, time: 832,290 [ms], path length: 39 [edges], generated: 911,551
[00:00:02:59:072] Valid states checked so far: 200,000, Expansions: 191,997, Global best: 40
[00:00:06:06:885] Valid states checked so far: 400,000, Expansions: 384,218, Global best: 40
[00:00:09:09:438] Valid states checked so far: 600,000, Expansions: 575,755, Global best: 40
[00:00:12:21:134] Valid states checked so far: 800,000, Expansions: 769,818, Global best: 40
[00:00:15:25:585] Valid states checked so far: 1,000,000, Expansions: 961,566, Global best: 40
[00:00:18:41:881] Valid states checked so far: 1,200,000, Expansions: 1,156,241, Global best: 40
[00:00:21:49:732] Path of length 39 found: [71, 62, 53, 44, 43, 34, 25, 16, 7, 6, 5, 4, 3, 12, 21, 22, 31, 40, 41, 50, 59, 58, 57, 66, 65, 64, 63, 54, 45, 46, 47, 38, 29, 28, 27, 18, 9, 10, 1, 0]
[00:00:21:49:733] ! Unidirectional t-s. expansions: 1,346,779, time: 1,309,732 [ms], path length: 39 [edges], generated: 1,397,111
[00:00:02:03:294] Valid meeting checks so far: 200,000, state_vs_state: 0, state_vs_prefix: 0, prefix_vs_prefix: 200,000
[00:00:04:28:972] Valid meeting checks so far: 400,000, state_vs_state: 0, state_vs_prefix: 0, prefix_vs_prefix: 400,000
[00:00:06:51:666] Valid meeting checks so far: 600,000, state_vs_state: 0, state_vs_prefix: 0, prefix_vs_prefix: 600,000
[00:00:09:12:437] Valid meeting checks so far: 800,000, state_vs_state: 0, state_vs_prefix: 0, prefix_vs_prefix: 800,000
[00:00:11:37:429] Valid meeting checks so far: 1,000,000, state_vs_state: 0, state_vs_prefix: 0, prefix_vs_prefix: 1,000,000
[00:00:13:29:874] Path of length 37 found: [0, 9, 18, 27, 28, 37, 46, 45, 54, 63, 64, 65, 56, 57, 48, 49, 50, 41, 32, 31, 30, 21, 20, 11, 2, 3, 4, 5, 6, 7, 16, 25, 34, 43, 44, 53, 62, 71]
[00:00:13:30:303] ! Bidirectional. expansions: 1,223,362, time: 809,874 [ms], path length: 37 [edges], g_F: 19, g_B: 18, generated: {'F': 758,464, 'B': 920,154}, MM: 1, MMPER: 1.6315789473684212%
[00:00:13:30:303] 
---------- SM_Grids/8x9_grid_with_random_blocks_12per_4 ----------
[00:00:03:00:215] Valid states checked so far: 200,000, Expansions: 193,584, Global best: 40
[00:00:06:07:356] Valid states checked so far: 400,000, Expansions: 388,996, Global best: 40
[00:00:09:16:401] Valid states checked so far: 600,000, Expansions: 584,484, Global best: 40
[00:00:12:20:443] Valid states checked so far: 800,000, Expansions: 779,802, Global best: 40
[00:00:15:27:420] Valid states checked so far: 1,000,000, Expansions: 974,734, Global best: 40
[00:00:18:59:276] Valid states checked so far: 1,200,000, Expansions: 1,170,263, Global best: 40
[00:00:22:32:768] Valid states checked so far: 1,400,000, Expansions: 1,366,606, Global best: 40
[00:00:24:05:641] Path of length 39 found: [0, 9, 18, 27, 36, 37, 46, 55, 64, 65, 66, 57, 48, 39, 40, 31, 22, 21, 20, 11, 2, 3, 4, 5, 14, 15, 16, 25, 26, 35, 44, 43, 52, 51, 50, 59, 68, 69, 70, 71]
[00:00:24:05:642] ! Unidirectional s-t. expansions: 1,453,947, time: 1,445,641 [ms], path length: 39 [edges], generated: 1,488,881
[00:00:03:29:403] Valid states checked so far: 200,000, Expansions: 193,773, Global best: 40
[00:00:07:12:692] Valid states checked so far: 400,000, Expansions: 389,958, Global best: 40
[00:00:10:38:840] Valid states checked so far: 600,000, Expansions: 584,634, Global best: 40
[00:00:14:10:127] Valid states checked so far: 800,000, Expansions: 779,272, Global best: 40
[00:00:17:46:285] Valid states checked so far: 1,000,000, Expansions: 974,699, Global best: 40
[00:00:21:23:751] Valid states checked so far: 1,200,000, Expansions: 1,169,874, Global best: 40
[00:00:24:26:099] Path of length 39 found: [71, 62, 61, 52, 43, 34, 35, 26, 17, 16, 15, 14, 5, 4, 3, 12, 21, 22, 31, 40, 49, 50, 59, 68, 67, 66, 65, 64, 55, 46, 47, 38, 29, 28, 27, 18, 9, 10, 1, 0]
[00:00:24:26:099] ! Unidirectional t-s. expansions: 1,337,764, time: 1,466,099 [ms], path length: 39 [edges], generated: 1,372,698
[00:00:02:39:847] Valid meeting checks so far: 200,000, state_vs_state: 0, state_vs_prefix: 0, prefix_vs_prefix: 200,000
[00:00:05:16:836] Valid meeting checks so far: 400,000, state_vs_state: 0, state_vs_prefix: 0, prefix_vs_prefix: 400,000
[00:00:08:03:848] Valid meeting checks so far: 600,000, state_vs_state: 0, state_vs_prefix: 0, prefix_vs_prefix: 600,000
[00:00:10:54:387] Valid meeting checks so far: 800,000, state_vs_state: 0, state_vs_prefix: 0, prefix_vs_prefix: 800,000
[00:00:13:37:528] Valid meeting checks so far: 1,000,000, state_vs_state: 0, state_vs_prefix: 0, prefix_vs_prefix: 1,000,000
[00:00:16:22:782] Valid meeting checks so far: 1,200,000, state_vs_state: 0, state_vs_prefix: 0, prefix_vs_prefix: 1,200,000
[00:00:19:15:908] Valid meeting checks so far: 1,400,000, state_vs_state: 0, state_vs_prefix: 0, prefix_vs_prefix: 1,400,000
[00:00:21:08:438] Path of length 39 found: [0, 9, 18, 27, 36, 37, 46, 55, 64, 65, 66, 57, 48, 39, 40, 31, 22, 21, 20, 11, 2, 3, 4, 5, 14, 15, 16, 17, 26, 35, 34, 43, 52, 51, 50, 59, 68, 69, 70, 71]
[00:00:21:08:937] ! Bidirectional. expansions: 1,711,128, time: 1,268,438 [ms], path length: 39 [edges], g_F: 20, g_B: 19, generated: {'F': 1,077,065, 'B': 1,224,814}, MM: 1, MMPER: 1.5%
[00:00:21:08:937] 
---------- SM_Grids/8x9_grid_with_random_blocks_12per_5 ----------
[00:00:03:20:051] Valid states checked so far: 200,000, Expansions: 193,960, Global best: 44
[00:00:06:41:290] Valid states checked so far: 400,000, Expansions: 389,494, Global best: 44
[00:00:10:01:767] Valid states checked so far: 600,000, Expansions: 584,456, Global best: 44
[00:00:13:19:558] Valid states checked so far: 800,000, Expansions: 778,585, Global best: 44
[00:00:16:37:711] Valid states checked so far: 1,000,000, Expansions: 973,804, Global best: 44
[00:00:19:53:828] Valid states checked so far: 1,200,000, Expansions: 1,169,074, Global best: 44
[00:00:23:13:074] Valid states checked so far: 1,400,000, Expansions: 1,363,317, Global best: 44
[00:00:26:32:363] Valid states checked so far: 1,600,000, Expansions: 1,558,887, Global best: 44
[00:00:29:52:886] Valid states checked so far: 1,800,000, Expansions: 1,754,334, Global best: 44
[00:00:33:16:318] Valid states checked so far: 2,000,000, Expansions: 1,950,791, Global best: 44
[00:00:36:38:143] Valid states checked so far: 2,200,000, Expansions: 2,146,459, Global best: 44
[00:00:40:01:878] Valid states checked so far: 2,400,000, Expansions: 2,342,327, Global best: 44
[00:00:41:45:606] Path of length 43 found: [0, 9, 18, 27, 28, 37, 46, 45, 54, 63, 64, 65, 66, 57, 58, 59, 50, 41, 40, 39, 30, 21, 20, 11, 2, 3, 4, 13, 14, 15, 6, 7, 8, 17, 26, 25, 34, 43, 44, 53, 62, 61, 70, 71]
[00:00:41:45:606] ! Unidirectional s-t. expansions: 2,440,619, time: 2,505,606 [ms], path length: 43 [edges], generated: 2,501,172
[00:00:03:32:437] Valid states checked so far: 200,000, Expansions: 197,463, Global best: 42
[00:00:06:55:432] Valid states checked so far: 400,000, Expansions: 395,209, Global best: 42
[00:00:10:21:226] Valid states checked so far: 600,000, Expansions: 592,429, Global best: 42
[00:00:13:37:047] Valid states checked so far: 800,000, Expansions: 789,716, Global best: 42
[00:00:16:57:776] Valid states checked so far: 1,000,000, Expansions: 986,023, Global best: 42
[00:00:20:21:128] Valid states checked so far: 1,200,000, Expansions: 1,182,076, Global best: 42
[00:00:23:27:767] Valid states checked so far: 1,400,000, Expansions: 1,373,098, Global best: 42
[00:00:26:45:529] Valid states checked so far: 1,600,000, Expansions: 1,569,224, Global best: 42
[00:00:30:07:176] Valid states checked so far: 1,800,000, Expansions: 1,766,581, Global best: 42
[00:00:33:15:944] Valid states checked so far: 2,000,000, Expansions: 1,957,330, Global best: 42
[00:00:36:32:117] Valid states checked so far: 2,200,000, Expansions: 2,153,145, Global best: 42
[00:00:39:55:336] Valid states checked so far: 2,400,000, Expansions: 2,350,330, Global best: 42
[00:00:43:12:815] Valid states checked so far: 2,600,000, Expansions: 2,543,468, Global best: 42
[00:00:44:15:619] Path of length 41 found: [71, 62, 53, 44, 35, 26, 17, 8, 7, 6, 15, 14, 13, 4, 3, 2, 11, 20, 21, 30, 39, 40, 41, 42, 51, 60, 59, 58, 57, 66, 65, 64, 63, 54, 45, 46, 37, 28, 27, 18, 9, 0]
[00:00:44:15:619] ! Unidirectional t-s. expansions: 2,606,864, time: 2,655,619 [ms], path length: 41 [edges], generated: 2,667,417
[00:00:02:30:853] Valid meeting checks so far: 200,000, state_vs_state: 0, state_vs_prefix: 0, prefix_vs_prefix: 200,000
[00:00:04:58:443] Valid meeting checks so far: 400,000, state_vs_state: 0, state_vs_prefix: 0, prefix_vs_prefix: 400,000
[00:00:07:28:802] Valid meeting checks so far: 600,000, state_vs_state: 0, state_vs_prefix: 0, prefix_vs_prefix: 600,000
[00:00:09:58:872] Valid meeting checks so far: 800,000, state_vs_state: 0, state_vs_prefix: 0, prefix_vs_prefix: 800,000
[00:00:12:25:307] Valid meeting checks so far: 1,000,000, state_vs_state: 0, state_vs_prefix: 0, prefix_vs_prefix: 1,000,000
[00:00:14:54:490] Valid meeting checks so far: 1,200,000, state_vs_state: 0, state_vs_prefix: 0, prefix_vs_prefix: 1,200,000
[00:00:17:21:290] Valid meeting checks so far: 1,400,000, state_vs_state: 0, state_vs_prefix: 0, prefix_vs_prefix: 1,400,000
[00:00:19:51:788] Valid meeting checks so far: 1,600,000, state_vs_state: 0, state_vs_prefix: 0, prefix_vs_prefix: 1,600,000
[00:00:22:18:035] Valid meeting checks so far: 1,800,000, state_vs_state: 0, state_vs_prefix: 0, prefix_vs_prefix: 1,800,000
[00:00:24:51:869] Valid meeting checks so far: 2,000,000, state_vs_state: 0, state_vs_prefix: 0, prefix_vs_prefix: 2,000,000
[00:00:27:30:758] Valid meeting checks so far: 2,200,000, state_vs_state: 0, state_vs_prefix: 0, prefix_vs_prefix: 2,200,000
[00:00:29:59:112] Valid meeting checks so far: 2,400,000, state_vs_state: 0, state_vs_prefix: 0, prefix_vs_prefix: 2,400,000
[00:00:32:28:053] Valid meeting checks so far: 2,600,000, state_vs_state: 0, state_vs_prefix: 0, prefix_vs_prefix: 2,600,000
[00:00:34:59:152] Valid meeting checks so far: 2,800,000, state_vs_state: 0, state_vs_prefix: 0, prefix_vs_prefix: 2,800,000
[00:00:37:29:241] Valid meeting checks so far: 3,000,000, state_vs_state: 0, state_vs_prefix: 0, prefix_vs_prefix: 3,000,000
[00:00:39:44:033] Path of length 41 found: [0, 9, 18, 27, 28, 37, 46, 45, 54, 63, 64, 65, 66, 57, 58, 59, 60, 51, 42, 41, 40, 39, 30, 21, 20, 11, 2, 3, 4, 13, 14, 15, 6, 7, 8, 17, 26, 35, 44, 53, 62, 71]
[00:00:39:44:540] ! Bidirectional. expansions: 3,612,562, time: 2,384,033 [ms], path length: 41 [edges], g_F: 21, g_B: 20, generated: {'F': 2,317,816, 'B': 2,453,626}, MM: 1, MMPER: 1.380952380952381%
[00:00:39:44:540] 
---------- SM_Grids/8x9_grid_with_random_blocks_12per_6 ----------
[00:00:03:21:734] Valid states checked so far: 200,000, Expansions: 181,170, Global best: 40
[00:00:06:48:925] Valid states checked so far: 400,000, Expansions: 369,359, Global best: 40
[00:00:10:20:993] Path of length 39 found: [0, 1, 10, 19, 28, 37, 36, 45, 54, 63, 64, 65, 56, 47, 48, 39, 40, 31, 22, 21, 12, 3, 4, 5, 6, 7, 8, 17, 26, 25, 24, 33, 42, 43, 44, 53, 62, 61, 70, 71]
[00:00:10:20:994] ! Unidirectional s-t. expansions: 556,600, time: 620,993 [ms], path length: 39 [edges], generated: 589,415
[00:00:03:42:961] Valid states checked so far: 200,000, Expansions: 196,872, Global best: 38
[00:00:07:22:419] Valid states checked so far: 400,000, Expansions: 394,234, Global best: 38
[00:00:10:58:665] Valid states checked so far: 600,000, Expansions: 591,856, Global best: 38
[00:00:14:23:399] Valid states checked so far: 800,000, Expansions: 789,219, Global best: 38
[00:00:17:41:488] Valid states checked so far: 1,000,000, Expansions: 986,604, Global best: 38
[00:00:20:53:325] Valid states checked so far: 1,200,000, Expansions: 1,183,722, Global best: 38
[00:00:24:08:479] Valid states checked so far: 1,400,000, Expansions: 1,381,157, Global best: 38
[00:00:27:22:586] Valid states checked so far: 1,600,000, Expansions: 1,578,448, Global best: 38
[00:00:30:33:173] Valid states checked so far: 1,800,000, Expansions: 1,775,580, Global best: 38
[00:00:33:40:981] Valid states checked so far: 2,000,000, Expansions: 1,972,825, Global best: 38
[00:00:36:47:152] Valid states checked so far: 2,200,000, Expansions: 2,169,638, Global best: 40
[00:00:39:53:420] Path of length 39 found: [71, 70, 61, 52, 53, 44, 35, 26, 17, 8, 7, 6, 5, 4, 3, 12, 21, 22, 23, 24, 33, 42, 41, 40, 39, 48, 47, 56, 65, 64, 63, 54, 45, 36, 37, 28, 19, 10, 1, 0]
[00:00:39:53:420] ! Unidirectional t-s. expansions: 2,366,202, time: 2,393,420 [ms], path length: 39 [edges], generated: 2,399,017
[00:00:02:30:798] Valid meeting checks so far: 200,000, state_vs_state: 0, state_vs_prefix: 0, prefix_vs_prefix: 200,000
[00:00:05:14:751] Valid meeting checks so far: 400,000, state_vs_state: 0, state_vs_prefix: 0, prefix_vs_prefix: 400,000
[00:00:07:38:755] Valid meeting checks so far: 600,000, state_vs_state: 0, state_vs_prefix: 0, prefix_vs_prefix: 600,000
[00:00:10:06:776] Valid meeting checks so far: 800,000, state_vs_state: 0, state_vs_prefix: 0, prefix_vs_prefix: 800,000
[00:00:12:35:953] Valid meeting checks so far: 1,000,000, state_vs_state: 0, state_vs_prefix: 0, prefix_vs_prefix: 1,000,000
[00:00:14:59:410] Valid meeting checks so far: 1,200,000, state_vs_state: 0, state_vs_prefix: 0, prefix_vs_prefix: 1,200,000
[00:00:17:23:054] Valid meeting checks so far: 1,400,000, state_vs_state: 0, state_vs_prefix: 0, prefix_vs_prefix: 1,400,000
[00:00:19:48:410] Valid meeting checks so far: 1,600,000, state_vs_state: 0, state_vs_prefix: 0, prefix_vs_prefix: 1,600,000
[00:00:20:05:087] Path of length 39 found: [0, 1, 10, 19, 28, 37, 36, 45, 54, 63, 64, 65, 56, 47, 48, 39, 40, 41, 42, 33, 24, 23, 22, 21, 12, 3, 4, 5, 6, 7, 8, 17, 26, 35, 44, 53, 52, 61, 70, 71]
[00:00:20:05:517] ! Bidirectional. expansions: 2,008,106, time: 1,205,087 [ms], path length: 39 [edges], g_F: 20, g_B: 19, generated: {'F': 1,121,595, 'B': 1,453,963}, MM: 1, MMPER: 1.5%
[00:00:20:05:517] 
---------- SM_Grids/8x9_grid_with_random_blocks_12per_7 ----------
[00:00:03:08:791] Path of length 31 found: [0, 1, 2, 11, 20, 29, 30, 31, 22, 13, 4, 5, 6, 15, 16, 17, 26, 35, 34, 33, 42, 41, 50, 49, 58, 67, 68, 69, 60, 61, 62, 71]
[00:00:03:08:791] ! Unidirectional s-t. expansions: 184,869, time: 188,791 [ms], path length: 31 [edges], generated: 194,832
[00:00:03:20:026] Valid states checked so far: 200,000, Expansions: 197,473, Global best: 32
[00:00:06:31:870] Valid states checked so far: 400,000, Expansions: 394,680, Global best: 32
[00:00:09:48:009] Valid states checked so far: 600,000, Expansions: 591,717, Global best: 32
[00:00:11:26:990] Path of length 31 found: [71, 62, 53, 52, 51, 60, 69, 68, 67, 58, 49, 40, 41, 32, 33, 24, 25, 26, 17, 8, 7, 6, 5, 4, 13, 22, 21, 20, 11, 2, 1, 0]
[00:00:11:26:990] ! Unidirectional t-s. expansions: 695,528, time: 686,990 [ms], path length: 31 [edges], generated: 705,491
[00:00:02:39:846] Valid meeting checks so far: 200,000, state_vs_state: 0, state_vs_prefix: 0, prefix_vs_prefix: 200,000
[00:00:05:14:928] Valid meeting checks so far: 400,000, state_vs_state: 0, state_vs_prefix: 0, prefix_vs_prefix: 400,000
[00:00:05:40:749] Path of length 31 found: [0, 1, 2, 11, 20, 21, 22, 13, 4, 5, 6, 15, 16, 17, 26, 35, 34, 33, 32, 41, 40, 49, 58, 67, 68, 69, 60, 51, 52, 53, 62, 71]
[00:00:05:41:167] ! Bidirectional. expansions: 576,668, time: 340,749 [ms], path length: 31 [edges], g_F: 16, g_B: 15, generated: {'F': 323,088, 'B': 382,951}, MM: 1, MMPER: 2.125%
[00:00:05:41:168] 
---------- SM_Grids/8x9_grid_with_random_blocks_12per_8 ----------
[00:00:02:57:664] Valid states checked so far: 200,000, Expansions: 189,761, Global best: 40
[00:00:06:04:165] Valid states checked so far: 400,000, Expansions: 381,948, Global best: 40
[00:00:09:13:004] Valid states checked so far: 600,000, Expansions: 575,566, Global best: 40
[00:00:12:17:718] Valid states checked so far: 800,000, Expansions: 767,176, Global best: 40
[00:00:15:19:016] Valid states checked so far: 1,000,000, Expansions: 960,527, Global best: 40
[00:00:18:18:424] Valid states checked so far: 1,200,000, Expansions: 1,151,941, Global best: 40
[00:00:21:19:898] Valid states checked so far: 1,400,000, Expansions: 1,342,512, Global best: 40
[00:00:24:37:530] Valid states checked so far: 1,600,000, Expansions: 1,536,496, Global best: 40
[00:00:27:52:617] Valid states checked so far: 1,800,000, Expansions: 1,727,374, Global best: 40
[00:00:31:12:327] Valid states checked so far: 2,000,000, Expansions: 1,921,123, Global best: 42
[00:00:34:20:914] Valid states checked so far: 2,200,000, Expansions: 2,114,839, Global best: 42
[00:00:35:48:722] Path of length 41 found: [0, 1, 2, 3, 12, 21, 20, 19, 18, 27, 36, 45, 54, 55, 64, 65, 66, 57, 48, 39, 40, 31, 32, 23, 14, 5, 6, 7, 16, 25, 26, 35, 44, 53, 52, 51, 50, 59, 68, 69, 70, 71]
[00:00:35:48:722] ! Unidirectional s-t. expansions: 2,211,291, time: 2,148,722 [ms], path length: 41 [edges], generated: 2,300,188
[00:00:03:01:246] Valid states checked so far: 200,000, Expansions: 188,933, Global best: 38
[00:00:06:11:100] Valid states checked so far: 400,000, Expansions: 379,855, Global best: 38
[00:00:09:18:949] Valid states checked so far: 600,000, Expansions: 572,687, Global best: 38
[00:00:12:24:981] Valid states checked so far: 800,000, Expansions: 769,072, Global best: 38
[00:00:15:31:152] Valid states checked so far: 1,000,000, Expansions: 964,914, Global best: 38
[00:00:18:37:781] Valid states checked so far: 1,200,000, Expansions: 1,161,439, Global best: 38
[00:00:21:44:842] Valid states checked so far: 1,400,000, Expansions: 1,357,347, Global best: 38
[00:00:24:54:149] Valid states checked so far: 1,600,000, Expansions: 1,553,913, Global best: 38
[00:00:27:57:732] Valid states checked so far: 1,800,000, Expansions: 1,748,839, Global best: 38
[00:00:30:48:657] Valid states checked so far: 2,000,000, Expansions: 1,936,987, Global best: 40
[00:00:33:46:178] Valid states checked so far: 2,200,000, Expansions: 2,127,518, Global best: 40
[00:00:36:47:030] Valid states checked so far: 2,400,000, Expansions: 2,322,188, Global best: 40
[00:00:39:49:597] Valid states checked so far: 2,600,000, Expansions: 2,516,759, Global best: 44
[00:00:43:01:994] Valid states checked so far: 2,800,000, Expansions: 2,712,685, Global best: 44
[00:00:44:12:744] Path of length 43 found: [71, 70, 69, 68, 59, 50, 51, 52, 53, 44, 35, 26, 25, 16, 7, 6, 5, 14, 23, 32, 31, 40, 39, 48, 57, 66, 65, 64, 55, 46, 45, 36, 27, 28, 29, 20, 21, 12, 3, 2, 1, 10, 9, 0]
[00:00:44:12:745] ! Unidirectional t-s. expansions: 2,785,452, time: 2,652,744 [ms], path length: 43 [edges], generated: 2,874,349
[00:00:02:04:278] Valid meeting checks so far: 200,000, state_vs_state: 0, state_vs_prefix: 0, prefix_vs_prefix: 200,000
[00:00:04:25:786] Valid meeting checks so far: 400,000, state_vs_state: 0, state_vs_prefix: 0, prefix_vs_prefix: 400,000
[00:00:06:50:781] Valid meeting checks so far: 600,000, state_vs_state: 0, state_vs_prefix: 0, prefix_vs_prefix: 600,000
[00:00:08:52:388] Valid meeting checks so far: 800,000, state_vs_state: 0, state_vs_prefix: 0, prefix_vs_prefix: 800,000
[00:00:11:21:659] Valid meeting checks so far: 1,000,000, state_vs_state: 0, state_vs_prefix: 0, prefix_vs_prefix: 1,000,000
[00:00:13:39:916] Valid meeting checks so far: 1,200,000, state_vs_state: 0, state_vs_prefix: 0, prefix_vs_prefix: 1,200,000
[00:00:15:51:097] Valid meeting checks so far: 1,400,000, state_vs_state: 0, state_vs_prefix: 0, prefix_vs_prefix: 1,400,000
[00:00:18:13:289] Valid meeting checks so far: 1,600,000, state_vs_state: 0, state_vs_prefix: 0, prefix_vs_prefix: 1,600,000
[00:00:20:41:037] Valid meeting checks so far: 1,800,000, state_vs_state: 0, state_vs_prefix: 0, prefix_vs_prefix: 1,800,000
[00:00:22:46:199] Valid meeting checks so far: 2,000,000, state_vs_state: 0, state_vs_prefix: 0, prefix_vs_prefix: 2,000,000
[00:00:25:07:097] Valid meeting checks so far: 2,200,000, state_vs_state: 0, state_vs_prefix: 0, prefix_vs_prefix: 2,200,000
[00:00:27:24:641] Valid meeting checks so far: 2,400,000, state_vs_state: 0, state_vs_prefix: 0, prefix_vs_prefix: 2,400,000
[00:00:28:31:592] Path of length 41 found: [0, 1, 2, 3, 12, 21, 20, 19, 18, 27, 36, 45, 54, 55, 64, 65, 66, 57, 48, 39, 40, 31, 32, 23, 14, 5, 6, 7, 16, 25, 26, 35, 44, 53, 52, 51, 50, 59, 68, 69, 70, 71]
[00:00:28:32:088] ! Bidirectional. expansions: 2,622,802, time: 1,711,592 [ms], path length: 41 [edges], g_F: 21, g_B: 20, generated: {'F': 1,682,178, 'B': 1,931,866}, MM: 1, MMPER: 1.380952380952381%
[00:00:28:32:088] 
---------- SM_Grids/8x9_grid_with_random_blocks_12per_9 ----------
[00:00:02:49:351] Valid states checked so far: 200,000, Expansions: 185,789, Global best: 40
[00:00:05:44:347] Valid states checked so far: 400,000, Expansions: 371,093, Global best: 42
[00:00:08:31:601] Valid states checked so far: 600,000, Expansions: 558,736, Global best: 42
[00:00:11:20:585] Valid states checked so far: 800,000, Expansions: 747,936, Global best: 42
[00:00:14:07:310] Valid states checked so far: 1,000,000, Expansions: 936,807, Global best: 42
[00:00:16:51:569] Valid states checked so far: 1,200,000, Expansions: 1,119,580, Global best: 42
[00:00:19:40:121] Valid states checked so far: 1,400,000, Expansions: 1,306,140, Global best: 42
[00:00:22:22:365] Valid states checked so far: 1,600,000, Expansions: 1,491,364, Global best: 42
[00:00:25:13:113] Valid states checked so far: 1,800,000, Expansions: 1,678,821, Global best: 42
[00:00:27:50:588] Path of length 41 found: [0, 9, 18, 27, 28, 37, 46, 45, 54, 63, 64, 65, 66, 67, 58, 59, 50, 41, 32, 23, 22, 21, 20, 11, 2, 3, 4, 5, 6, 7, 8, 17, 26, 25, 34, 43, 44, 53, 62, 61, 70, 71]
[00:00:27:50:588] ! Unidirectional s-t. expansions: 1,856,474, time: 1,670,588 [ms], path length: 41 [edges], generated: 1,978,623
[00:00:03:02:114] Valid states checked so far: 200,000, Expansions: 190,044, Global best: 40
[00:00:06:03:899] Valid states checked so far: 400,000, Expansions: 382,241, Global best: 40
[00:00:08:58:632] Valid states checked so far: 600,000, Expansions: 573,211, Global best: 42
[00:00:11:51:563] Valid states checked so far: 800,000, Expansions: 763,860, Global best: 42
[00:00:14:39:770] Valid states checked so far: 1,000,000, Expansions: 953,194, Global best: 42
[00:00:17:30:438] Valid states checked so far: 1,200,000, Expansions: 1,144,353, Global best: 42
[00:00:20:15:629] Valid states checked so far: 1,400,000, Expansions: 1,333,861, Global best: 42
[00:00:23:04:864] Valid states checked so far: 1,600,000, Expansions: 1,524,308, Global best: 42
[00:00:25:55:370] Valid states checked so far: 1,800,000, Expansions: 1,715,326, Global best: 42
[00:00:28:39:360] Valid states checked so far: 2,000,000, Expansions: 1,904,249, Global best: 42
[00:00:31:27:783] Valid states checked so far: 2,200,000, Expansions: 2,095,243, Global best: 42
[00:00:34:12:280] Valid states checked so far: 2,400,000, Expansions: 2,285,834, Global best: 42
[00:00:37:14:148] Valid states checked so far: 2,600,000, Expansions: 2,480,027, Global best: 42
[00:00:39:11:856] Path of length 41 found: [71, 62, 53, 44, 43, 34, 25, 26, 17, 8, 7, 6, 5, 4, 3, 12, 21, 22, 31, 32, 41, 50, 59, 58, 67, 66, 65, 64, 63, 54, 45, 46, 47, 38, 29, 28, 27, 18, 9, 10, 1, 0]
[00:00:39:11:856] ! Unidirectional t-s. expansions: 2,601,289, time: 2,351,856 [ms], path length: 41 [edges], generated: 2,723,438
[00:00:02:11:607] Valid meeting checks so far: 200,000, state_vs_state: 0, state_vs_prefix: 0, prefix_vs_prefix: 200,000
[00:00:04:08:710] Valid meeting checks so far: 400,000, state_vs_state: 0, state_vs_prefix: 0, prefix_vs_prefix: 400,000
[00:00:06:16:703] Valid meeting checks so far: 600,000, state_vs_state: 0, state_vs_prefix: 0, prefix_vs_prefix: 600,000
[00:00:08:08:600] Valid meeting checks so far: 800,000, state_vs_state: 0, state_vs_prefix: 0, prefix_vs_prefix: 800,000
[00:00:10:16:084] Valid meeting checks so far: 1,000,000, state_vs_state: 0, state_vs_prefix: 0, prefix_vs_prefix: 1,000,000
[00:00:12:23:327] Valid meeting checks so far: 1,200,000, state_vs_state: 0, state_vs_prefix: 0, prefix_vs_prefix: 1,200,000
[00:00:14:26:329] Valid meeting checks so far: 1,400,000, state_vs_state: 0, state_vs_prefix: 0, prefix_vs_prefix: 1,400,000
[00:00:16:39:341] Valid meeting checks so far: 1,600,000, state_vs_state: 0, state_vs_prefix: 0, prefix_vs_prefix: 1,600,000
[00:00:18:41:104] Valid meeting checks so far: 1,800,000, state_vs_state: 0, state_vs_prefix: 0, prefix_vs_prefix: 1,800,000
[00:00:20:53:209] Valid meeting checks so far: 2,000,000, state_vs_state: 0, state_vs_prefix: 0, prefix_vs_prefix: 2,000,000
[00:00:21:47:192] Path of length 39 found: [0, 9, 18, 27, 28, 37, 46, 45, 54, 63, 64, 65, 66, 67, 58, 59, 50, 41, 32, 23, 22, 21, 20, 11, 2, 3, 4, 5, 6, 7, 8, 17, 26, 25, 34, 43, 44, 53, 62, 71]
[00:00:21:47:616] ! Bidirectional. expansions: 2,070,772, time: 1,307,192 [ms], path length: 39 [edges], g_F: 20, g_B: 19, generated: {'F': 1,286,194, 'B': 1,670,385}, MM: 1, MMPER: 1.5%

[00:00:21:47:617] average expansions: (1,569,679, 2,419,013, 2,315,920, 0)
[00:00:21:47:617] average time: (1,571,538, 2,325,839, 1,563,446, 0)
[00:00:21:47:617] X-DFBnB: 1,569,679 , 1,571,538 (expansions , time[ms])
[00:00:21:47:617] BiX-DFBnB: 2,315,920 , 1,563,446 (expansions , time[ms])

