Mon 09 Mar 2026 17:31:24 IST

SLURM_JOBID:		 15365809
SLURM_JOB_NODELIST:	 ise-cpu256-07 

--------------------------
date: SM_Grids
number_of_graphs: 10
graph_type: grid
size_of_graphs: [8, 8]
heuristic: heuristic0
snake: True
run_uni: True
run_bi: True
run_multi: False
solution_vertices: []
algorithms: ['DFBnB']
bsd: False
cube_first_dims: 4
cube_buffer_dim: None
backward_sym_generation: False
sym_coil: False
prefix_set: None

---------- SM_Grids/8x8_grid_with_random_blocks_8per_0 ----------
[00:00:03:02:627] Valid states checked so far: 200,000, Expansions: 189,580, Global best: 37
[00:00:06:15:360] Valid states checked so far: 400,000, Expansions: 381,192, Global best: 37
[00:00:09:32:863] Valid states checked so far: 600,000, Expansions: 574,340, Global best: 37
[00:00:12:45:785] Valid states checked so far: 800,000, Expansions: 767,302, Global best: 37
[00:00:16:02:781] Valid states checked so far: 1,000,000, Expansions: 961,097, Global best: 39
[00:00:18:51:062] Path of length 38 found: [0, 8, 9, 10, 2, 3, 4, 5, 6, 7, 15, 23, 22, 21, 20, 19, 27, 26, 25, 24, 32, 40, 41, 49, 57, 58, 59, 51, 43, 44, 36, 37, 38, 39, 47, 55, 54, 62, 63]
[00:00:18:51:063] ! Unidirectional s-t. expansions: 1,126,734, time: 1,131,062 [ms], path length: 38 [edges], generated: 1,170,073
[00:00:03:20:411] Valid states checked so far: 200,000, Expansions: 193,967, Global best: 35
[00:00:06:37:648] Valid states checked so far: 400,000, Expansions: 389,982, Global best: 37
[00:00:09:49:815] Valid states checked so far: 600,000, Expansions: 585,344, Global best: 37
[00:00:13:02:427] Valid states checked so far: 800,000, Expansions: 781,997, Global best: 37
[00:00:16:09:030] Valid states checked so far: 1,000,000, Expansions: 976,971, Global best: 37
[00:00:19:19:500] Valid states checked so far: 1,200,000, Expansions: 1,171,959, Global best: 37
[00:00:22:29:609] Valid states checked so far: 1,400,000, Expansions: 1,368,109, Global best: 37
[00:00:25:36:454] Valid states checked so far: 1,600,000, Expansions: 1,563,460, Global best: 37
[00:00:28:34:750] Valid states checked so far: 1,800,000, Expansions: 1,759,901, Global best: 37
[00:00:29:26:354] Path of length 36 found: [63, 55, 47, 39, 38, 30, 22, 23, 15, 7, 6, 5, 4, 3, 2, 10, 18, 26, 34, 35, 43, 44, 45, 53, 61, 60, 59, 58, 57, 49, 41, 40, 32, 24, 16, 8, 0]
[00:00:29:26:354] ! Unidirectional t-s. expansions: 1,813,180, time: 1,766,354 [ms], path length: 36 [edges], generated: 1,856,519
[00:00:02:15:185] Valid meeting checks so far: 200,000, state_vs_state: 7,120, state_vs_prefix: 0, prefix_vs_prefix: 192,880
[00:00:04:38:481] Valid meeting checks so far: 400,000, state_vs_state: 15,168, state_vs_prefix: 0, prefix_vs_prefix: 384,832
[00:00:07:05:879] Valid meeting checks so far: 600,000, state_vs_state: 19,313, state_vs_prefix: 0, prefix_vs_prefix: 580,687
[00:00:09:35:946] Valid meeting checks so far: 800,000, state_vs_state: 27,102, state_vs_prefix: 0, prefix_vs_prefix: 772,898
[00:00:12:00:764] Valid meeting checks so far: 1,000,000, state_vs_state: 36,811, state_vs_prefix: 0, prefix_vs_prefix: 963,189
[00:00:14:22:372] Valid meeting checks so far: 1,200,000, state_vs_state: 41,880, state_vs_prefix: 0, prefix_vs_prefix: 1,158,120
[00:00:14:37:273] Path of length 36 found: [0, 8, 16, 24, 32, 40, 41, 49, 57, 58, 59, 60, 61, 53, 45, 44, 36, 28, 27, 26, 18, 10, 2, 3, 4, 5, 6, 7, 15, 23, 22, 30, 38, 39, 47, 55, 63]
[00:00:14:37:840] ! Bidirectional. expansions: 1,275,636, time: 877,273 [ms], path length: 36 [edges], g_F: 18, g_B: 18, generated: {'F': 885,952, 'B': 867,848}, MM: 0, MMPER: -1.0%
[00:00:14:37:840] 
---------- SM_Grids/8x8_grid_with_random_blocks_8per_1 ----------
[00:00:02:58:997] Valid states checked so far: 200,000, Expansions: 192,259, Global best: 35
[00:00:06:05:108] Valid states checked so far: 400,000, Expansions: 387,251, Global best: 35
[00:00:09:15:811] Valid states checked so far: 600,000, Expansions: 583,033, Global best: 35
[00:00:12:21:323] Valid states checked so far: 800,000, Expansions: 778,221, Global best: 35
[00:00:15:27:065] Valid states checked so far: 1,000,000, Expansions: 973,649, Global best: 35
[00:00:18:35:042] Valid states checked so far: 1,200,000, Expansions: 1,169,064, Global best: 35
[00:00:21:15:429] Path of length 36 found: [0, 1, 2, 3, 11, 12, 13, 5, 6, 7, 15, 23, 22, 30, 29, 28, 36, 35, 34, 26, 18, 17, 16, 24, 32, 40, 48, 49, 50, 51, 59, 60, 61, 53, 54, 55, 63]
[00:00:21:15:429] ! Unidirectional s-t. expansions: 1,338,363, time: 1,275,429 [ms], path length: 36 [edges], generated: 1,373,599
[00:00:03:14:747] Valid states checked so far: 200,000, Expansions: 195,343, Global best: 35
[00:00:06:18:937] Valid states checked so far: 400,000, Expansions: 390,425, Global best: 35
[00:00:09:19:166] Valid states checked so far: 600,000, Expansions: 583,832, Global best: 37
[00:00:12:22:849] Valid states checked so far: 800,000, Expansions: 778,022, Global best: 37
[00:00:15:26:378] Valid states checked so far: 1,000,000, Expansions: 972,076, Global best: 37
[00:00:18:29:250] Valid states checked so far: 1,200,000, Expansions: 1,166,800, Global best: 37
[00:00:19:27:299] Path of length 36 found: [63, 55, 54, 53, 61, 60, 59, 51, 50, 49, 41, 40, 32, 24, 16, 17, 18, 26, 34, 35, 36, 28, 29, 30, 22, 23, 15, 7, 6, 5, 13, 12, 11, 3, 2, 1, 0]
[00:00:19:27:299] ! Unidirectional t-s. expansions: 1,228,662, time: 1,167,299 [ms], path length: 36 [edges], generated: 1,263,898
[00:00:02:17:739] Valid meeting checks so far: 200,000, state_vs_state: 5,772, state_vs_prefix: 0, prefix_vs_prefix: 194,228
[00:00:04:38:406] Valid meeting checks so far: 400,000, state_vs_state: 11,026, state_vs_prefix: 0, prefix_vs_prefix: 388,974
[00:00:07:03:807] Valid meeting checks so far: 600,000, state_vs_state: 19,103, state_vs_prefix: 0, prefix_vs_prefix: 580,897
[00:00:09:24:020] Valid meeting checks so far: 800,000, state_vs_state: 23,076, state_vs_prefix: 0, prefix_vs_prefix: 776,924
[00:00:11:42:983] Valid meeting checks so far: 1,000,000, state_vs_state: 27,922, state_vs_prefix: 0, prefix_vs_prefix: 972,078
[00:00:14:09:348] Valid meeting checks so far: 1,200,000, state_vs_state: 33,091, state_vs_prefix: 0, prefix_vs_prefix: 1,166,909
[00:00:15:20:939] Path of length 36 found: [0, 1, 2, 3, 11, 12, 13, 5, 6, 7, 15, 23, 22, 30, 29, 28, 36, 35, 34, 26, 18, 17, 16, 24, 32, 40, 41, 49, 50, 51, 59, 60, 61, 53, 54, 55, 63]
[00:00:15:21:343] ! Bidirectional. expansions: 1,397,506, time: 920,939 [ms], path length: 36 [edges], g_F: 18, g_B: 18, generated: {'F': 971,040, 'B': 929,077}, MM: 0, MMPER: -1.0%
[00:00:15:21:343] 
---------- SM_Grids/8x8_grid_with_random_blocks_8per_2 ----------
[00:00:03:00:655] Valid states checked so far: 200,000, Expansions: 193,075, Global best: 37
[00:00:06:05:965] Valid states checked so far: 400,000, Expansions: 389,901, Global best: 37
[00:00:09:08:647] Valid states checked so far: 600,000, Expansions: 586,497, Global best: 37
[00:00:12:04:362] Valid states checked so far: 800,000, Expansions: 782,713, Global best: 37
[00:00:15:05:028] Valid states checked so far: 1,000,000, Expansions: 979,721, Global best: 37
[00:00:16:47:018] Path of length 36 found: [0, 8, 16, 24, 32, 40, 48, 56, 57, 58, 50, 51, 52, 44, 36, 35, 27, 26, 18, 10, 11, 12, 13, 5, 6, 7, 15, 23, 22, 30, 38, 39, 47, 55, 54, 62, 63]
[00:00:16:47:019] ! Unidirectional s-t. expansions: 1,094,309, time: 1,007,018 [ms], path length: 36 [edges], generated: 1,116,211
[00:00:03:00:231] Valid states checked so far: 200,000, Expansions: 194,561, Global best: 37
[00:00:05:59:419] Valid states checked so far: 400,000, Expansions: 391,736, Global best: 37
[00:00:08:58:294] Valid states checked so far: 600,000, Expansions: 588,631, Global best: 37
[00:00:11:55:893] Valid states checked so far: 800,000, Expansions: 784,407, Global best: 37
[00:00:14:53:268] Valid states checked so far: 1,000,000, Expansions: 979,696, Global best: 37
[00:00:15:25:768] Path of length 36 found: [63, 55, 47, 39, 31, 23, 15, 7, 6, 5, 13, 21, 29, 37, 45, 53, 52, 60, 59, 58, 57, 56, 48, 40, 41, 42, 43, 35, 27, 26, 25, 24, 16, 8, 9, 1, 0]
[00:00:15:25:768] ! Unidirectional t-s. expansions: 1,014,709, time: 925,768 [ms], path length: 36 [edges], generated: 1,036,611
[00:00:02:22:226] Valid meeting checks so far: 200,000, state_vs_state: 4,463, state_vs_prefix: 0, prefix_vs_prefix: 195,537
[00:00:04:50:466] Valid meeting checks so far: 400,000, state_vs_state: 7,691, state_vs_prefix: 0, prefix_vs_prefix: 392,309
[00:00:07:19:458] Valid meeting checks so far: 600,000, state_vs_state: 10,536, state_vs_prefix: 0, prefix_vs_prefix: 589,464
[00:00:09:44:755] Valid meeting checks so far: 800,000, state_vs_state: 13,620, state_vs_prefix: 0, prefix_vs_prefix: 786,380
[00:00:12:03:917] Valid meeting checks so far: 1,000,000, state_vs_state: 18,273, state_vs_prefix: 0, prefix_vs_prefix: 981,727
[00:00:14:22:377] Valid meeting checks so far: 1,200,000, state_vs_state: 21,449, state_vs_prefix: 0, prefix_vs_prefix: 1,178,551
[00:00:14:26:674] Path of length 36 found: [0, 8, 16, 24, 25, 26, 18, 10, 11, 12, 13, 5, 6, 7, 15, 23, 22, 30, 29, 37, 36, 35, 43, 42, 41, 40, 48, 56, 57, 58, 59, 60, 52, 53, 54, 55, 63]
[00:00:14:27:160] ! Bidirectional. expansions: 1,469,772, time: 866,674 [ms], path length: 36 [edges], g_F: 18, g_B: 18, generated: {'F': 991,968, 'B': 863,190}, MM: 0, MMPER: -1.0%
[00:00:14:27:161] 
---------- SM_Grids/8x8_grid_with_random_blocks_8per_3 ----------
[00:00:02:52:342] Valid states checked so far: 200,000, Expansions: 194,225, Global best: 35
[00:00:05:34:715] Valid states checked so far: 400,000, Expansions: 386,452, Global best: 39
[00:00:08:22:023] Valid states checked so far: 600,000, Expansions: 581,212, Global best: 39
[00:00:11:07:891] Valid states checked so far: 800,000, Expansions: 775,646, Global best: 39
[00:00:13:58:498] Valid states checked so far: 1,000,000, Expansions: 969,364, Global best: 39
[00:00:16:38:867] Valid states checked so far: 1,200,000, Expansions: 1,158,792, Global best: 39
[00:00:19:06:293] Path of length 38 found: [0, 8, 16, 17, 18, 10, 2, 3, 4, 12, 13, 14, 22, 23, 31, 39, 47, 46, 45, 37, 29, 28, 27, 35, 34, 33, 32, 40, 48, 56, 57, 58, 50, 51, 52, 60, 61, 62, 63]
[00:00:19:06:294] ! Unidirectional s-t. expansions: 1,335,655, time: 1,146,293 [ms], path length: 38 [edges], generated: 1,388,859
[00:00:02:49:349] Valid states checked so far: 200,000, Expansions: 191,285, Global best: 37
[00:00:05:39:192] Valid states checked so far: 400,000, Expansions: 382,601, Global best: 37
[00:00:08:29:206] Valid states checked so far: 600,000, Expansions: 574,478, Global best: 37
[00:00:11:14:609] Valid states checked so far: 800,000, Expansions: 765,835, Global best: 37
[00:00:14:08:250] Valid states checked so far: 1,000,000, Expansions: 958,420, Global best: 37
[00:00:17:10:159] Valid states checked so far: 1,200,000, Expansions: 1,149,580, Global best: 39
[00:00:17:48:401] Path of length 38 found: [63, 62, 61, 60, 52, 51, 50, 58, 57, 56, 48, 40, 32, 33, 34, 35, 27, 28, 29, 37, 45, 46, 47, 39, 31, 23, 15, 7, 6, 5, 4, 3, 2, 10, 18, 17, 16, 8, 0]
[00:00:17:48:402] ! Unidirectional t-s. expansions: 1,190,659, time: 1,068,401 [ms], path length: 38 [edges], generated: 1,243,863
[00:00:02:05:023] Valid meeting checks so far: 200,000, state_vs_state: 6,204, state_vs_prefix: 0, prefix_vs_prefix: 193,796
[00:00:04:15:027] Valid meeting checks so far: 400,000, state_vs_state: 10,165, state_vs_prefix: 0, prefix_vs_prefix: 389,835
[00:00:06:39:111] Valid meeting checks so far: 600,000, state_vs_state: 14,998, state_vs_prefix: 0, prefix_vs_prefix: 585,002
[00:00:08:50:891] Valid meeting checks so far: 800,000, state_vs_state: 26,953, state_vs_prefix: 0, prefix_vs_prefix: 773,047
[00:00:11:03:940] Valid meeting checks so far: 1,000,000, state_vs_state: 36,984, state_vs_prefix: 0, prefix_vs_prefix: 963,016
[00:00:13:20:695] Valid meeting checks so far: 1,200,000, state_vs_state: 44,182, state_vs_prefix: 0, prefix_vs_prefix: 1,155,818
[00:00:15:13:444] Path of length 38 found: [0, 8, 16, 17, 18, 10, 2, 3, 4, 12, 13, 14, 22, 23, 31, 39, 47, 46, 45, 37, 29, 28, 27, 35, 34, 33, 32, 40, 48, 56, 57, 58, 50, 51, 52, 60, 61, 62, 63]
[00:00:15:13:901] ! Bidirectional. expansions: 1,413,190, time: 913,444 [ms], path length: 38 [edges], g_F: 19, g_B: 19, generated: {'F': 1,016,896, 'B': 952,441}, MM: 0, MMPER: -1.0%
[00:00:15:13:901] 
---------- SM_Grids/8x8_grid_with_random_blocks_8per_4 ----------
[00:00:03:14:876] Valid states checked so far: 200,000, Expansions: 189,122, Global best: 37
[00:00:06:31:193] Valid states checked so far: 400,000, Expansions: 381,880, Global best: 37
[00:00:09:47:263] Valid states checked so far: 600,000, Expansions: 572,961, Global best: 37
[00:00:12:56:875] Valid states checked so far: 800,000, Expansions: 765,677, Global best: 37
[00:00:16:05:341] Valid states checked so far: 1,000,000, Expansions: 959,401, Global best: 37
[00:00:17:04:142] Path of length 36 found: [0, 8, 16, 24, 25, 33, 41, 40, 48, 56, 57, 58, 59, 51, 43, 44, 36, 28, 27, 19, 18, 10, 2, 3, 4, 12, 13, 21, 22, 30, 38, 39, 47, 55, 54, 62, 63]
[00:00:17:04:142] ! Unidirectional s-t. expansions: 1,022,502, time: 1,024,142 [ms], path length: 36 [edges], generated: 1,064,701
[00:00:03:07:582] Valid states checked so far: 200,000, Expansions: 193,703, Global best: 35
[00:00:06:10:055] Valid states checked so far: 400,000, Expansions: 388,486, Global best: 35
[00:00:09:09:970] Valid states checked so far: 600,000, Expansions: 583,266, Global best: 35
[00:00:12:10:854] Valid states checked so far: 800,000, Expansions: 778,858, Global best: 35
[00:00:15:02:807] Valid states checked so far: 1,000,000, Expansions: 971,122, Global best: 35
[00:00:17:53:735] Valid states checked so far: 1,200,000, Expansions: 1,165,722, Global best: 37
[00:00:20:49:259] Valid states checked so far: 1,400,000, Expansions: 1,360,349, Global best: 37
[00:00:21:37:954] Path of length 36 found: [63, 62, 54, 46, 47, 39, 31, 30, 22, 14, 13, 12, 4, 3, 2, 10, 18, 19, 27, 35, 43, 44, 52, 60, 59, 58, 57, 56, 48, 40, 41, 33, 25, 24, 16, 8, 0]
[00:00:21:37:955] ! Unidirectional t-s. expansions: 1,415,422, time: 1,297,954 [ms], path length: 36 [edges], generated: 1,457,621
[00:00:02:09:677] Valid meeting checks so far: 200,000, state_vs_state: 6,384, state_vs_prefix: 0, prefix_vs_prefix: 193,616
[00:00:04:31:724] Valid meeting checks so far: 400,000, state_vs_state: 11,664, state_vs_prefix: 0, prefix_vs_prefix: 388,336
[00:00:06:37:647] Valid meeting checks so far: 600,000, state_vs_state: 17,454, state_vs_prefix: 0, prefix_vs_prefix: 582,546
[00:00:08:48:714] Valid meeting checks so far: 800,000, state_vs_state: 23,470, state_vs_prefix: 0, prefix_vs_prefix: 776,530
[00:00:11:07:811] Valid meeting checks so far: 1,000,000, state_vs_state: 31,124, state_vs_prefix: 0, prefix_vs_prefix: 968,876
[00:00:13:19:099] Valid meeting checks so far: 1,200,000, state_vs_state: 37,260, state_vs_prefix: 0, prefix_vs_prefix: 1,162,740
[00:00:14:48:250] Path of length 36 found: [0, 8, 16, 24, 25, 33, 41, 40, 48, 56, 57, 58, 59, 51, 43, 44, 36, 28, 27, 19, 18, 10, 2, 3, 4, 12, 13, 14, 22, 30, 31, 39, 47, 46, 54, 62, 63]
[00:00:14:48:644] ! Bidirectional. expansions: 1,366,054, time: 888,250 [ms], path length: 36 [edges], g_F: 18, g_B: 18, generated: {'F': 899,388, 'B': 995,574}, MM: 0, MMPER: -1.0%
[00:00:14:48:644] 
---------- SM_Grids/8x8_grid_with_random_blocks_8per_5 ----------
[00:00:02:58:228] Valid states checked so far: 200,000, Expansions: 195,159, Global best: 37
[00:00:05:51:306] Valid states checked so far: 400,000, Expansions: 390,556, Global best: 37
[00:00:08:42:714] Valid states checked so far: 600,000, Expansions: 586,195, Global best: 37
[00:00:11:32:470] Valid states checked so far: 800,000, Expansions: 782,491, Global best: 39
[00:00:14:18:216] Valid states checked so far: 1,000,000, Expansions: 977,761, Global best: 39
[00:00:17:07:293] Valid states checked so far: 1,200,000, Expansions: 1,173,534, Global best: 39
[00:00:19:55:007] Valid states checked so far: 1,400,000, Expansions: 1,367,940, Global best: 39
[00:00:22:20:279] Path of length 38 found: [0, 1, 2, 3, 11, 12, 13, 5, 6, 7, 15, 23, 22, 30, 29, 28, 36, 44, 43, 42, 34, 26, 18, 17, 16, 24, 32, 40, 48, 56, 57, 58, 59, 60, 61, 53, 54, 55, 63]
[00:00:22:20:279] ! Unidirectional s-t. expansions: 1,532,091, time: 1,340,279 [ms], path length: 38 [edges], generated: 1,569,134
[00:00:02:57:996] Valid states checked so far: 200,000, Expansions: 186,280, Global best: 37
[00:00:05:43:977] Valid states checked so far: 400,000, Expansions: 369,991, Global best: 39
[00:00:06:46:842] Path of length 38 found: [63, 55, 54, 53, 52, 44, 43, 42, 50, 58, 57, 56, 48, 40, 32, 24, 16, 17, 18, 26, 27, 28, 29, 37, 38, 39, 31, 23, 15, 7, 6, 5, 13, 12, 11, 3, 2, 1, 0]
[00:00:06:46:843] ! Unidirectional t-s. expansions: 440,561, time: 406,842 [ms], path length: 38 [edges], generated: 477,604
[00:00:02:16:237] Valid meeting checks so far: 200,000, state_vs_state: 7,058, state_vs_prefix: 0, prefix_vs_prefix: 192,942
[00:00:04:34:428] Valid meeting checks so far: 400,000, state_vs_state: 14,391, state_vs_prefix: 0, prefix_vs_prefix: 385,609
[00:00:06:47:962] Valid meeting checks so far: 600,000, state_vs_state: 18,889, state_vs_prefix: 0, prefix_vs_prefix: 581,111
[00:00:08:47:822] Valid meeting checks so far: 800,000, state_vs_state: 30,245, state_vs_prefix: 0, prefix_vs_prefix: 769,755
[00:00:09:49:630] Path of length 38 found: [0, 1, 2, 3, 11, 12, 13, 5, 6, 7, 15, 23, 31, 39, 38, 37, 29, 28, 27, 26, 18, 17, 16, 24, 32, 40, 48, 56, 57, 58, 50, 42, 43, 44, 52, 53, 54, 55, 63]
[00:00:09:50:034] ! Bidirectional. expansions: 964,520, time: 589,630 [ms], path length: 38 [edges], g_F: 19, g_B: 19, generated: {'F': 683,371, 'B': 622,853}, MM: 0, MMPER: -1.0%
[00:00:09:50:034] 
---------- SM_Grids/8x8_grid_with_random_blocks_8per_6 ----------
[00:00:02:50:718] Valid states checked so far: 200,000, Expansions: 188,863, Global best: 35
[00:00:05:56:768] Valid states checked so far: 400,000, Expansions: 381,820, Global best: 35
[00:00:09:13:236] Valid states checked so far: 600,000, Expansions: 576,362, Global best: 35
[00:00:12:30:788] Valid states checked so far: 800,000, Expansions: 772,599, Global best: 35
[00:00:15:40:494] Valid states checked so far: 1,000,000, Expansions: 965,338, Global best: 35
[00:00:18:55:466] Valid states checked so far: 1,200,000, Expansions: 1,161,779, Global best: 35
[00:00:22:05:312] Valid states checked so far: 1,400,000, Expansions: 1,356,847, Global best: 37
[00:00:25:14:339] Valid states checked so far: 1,600,000, Expansions: 1,549,944, Global best: 37
[00:00:28:19:771] Valid states checked so far: 1,800,000, Expansions: 1,741,543, Global best: 37
[00:00:31:37:703] Valid states checked so far: 2,000,000, Expansions: 1,937,950, Global best: 37
[00:00:34:51:804] Valid states checked so far: 2,200,000, Expansions: 2,133,869, Global best: 37
[00:00:38:04:758] Valid states checked so far: 2,400,000, Expansions: 2,327,938, Global best: 37
[00:00:41:21:841] Valid states checked so far: 2,600,000, Expansions: 2,524,242, Global best: 37
[00:00:44:36:652] Valid states checked so far: 2,800,000, Expansions: 2,720,063, Global best: 37
[00:00:47:42:672] Valid states checked so far: 3,000,000, Expansions: 2,912,843, Global best: 37
[00:00:48:11:444] Path of length 36 found: [0, 8, 9, 10, 2, 3, 4, 5, 6, 14, 15, 23, 31, 39, 38, 37, 29, 21, 20, 19, 27, 26, 25, 24, 32, 40, 48, 49, 50, 42, 43, 44, 52, 53, 61, 62, 63]
[00:00:48:11:444] ! Unidirectional s-t. expansions: 2,943,145, time: 2,891,444 [ms], path length: 36 [edges], generated: 3,031,081
[00:00:03:23:085] Valid states checked so far: 200,000, Expansions: 192,507, Global best: 35
[00:00:06:29:570] Valid states checked so far: 400,000, Expansions: 385,448, Global best: 35
[00:00:09:44:092] Valid states checked so far: 600,000, Expansions: 581,344, Global best: 35
[00:00:12:49:160] Valid states checked so far: 800,000, Expansions: 773,373, Global best: 35
[00:00:15:55:596] Valid states checked so far: 1,000,000, Expansions: 966,003, Global best: 35
[00:00:19:04:537] Valid states checked so far: 1,200,000, Expansions: 1,160,680, Global best: 35
[00:00:22:13:592] Valid states checked so far: 1,400,000, Expansions: 1,356,796, Global best: 35
[00:00:25:22:654] Valid states checked so far: 1,600,000, Expansions: 1,552,922, Global best: 37
[00:00:28:27:362] Valid states checked so far: 1,800,000, Expansions: 1,746,937, Global best: 37
[00:00:31:37:088] Valid states checked so far: 2,000,000, Expansions: 1,940,336, Global best: 37
[00:00:34:46:406] Valid states checked so far: 2,200,000, Expansions: 2,135,820, Global best: 37
[00:00:37:45:690] Valid states checked so far: 2,400,000, Expansions: 2,327,950, Global best: 37
[00:00:40:49:627] Valid states checked so far: 2,600,000, Expansions: 2,522,786, Global best: 37
[00:00:44:01:686] Valid states checked so far: 2,800,000, Expansions: 2,719,637, Global best: 37
[00:00:47:05:481] Valid states checked so far: 3,000,000, Expansions: 2,913,020, Global best: 37
[00:00:47:12:771] Path of length 36 found: [63, 62, 54, 53, 52, 44, 43, 42, 50, 49, 48, 40, 32, 24, 25, 26, 18, 19, 20, 28, 29, 37, 38, 39, 31, 23, 15, 14, 6, 5, 4, 3, 2, 1, 9, 8, 0]
[00:00:47:12:771] ! Unidirectional t-s. expansions: 2,920,413, time: 2,832,771 [ms], path length: 36 [edges], generated: 3,008,349
[00:00:02:09:031] Valid meeting checks so far: 200,000, state_vs_state: 13,249, state_vs_prefix: 0, prefix_vs_prefix: 186,751
[00:00:04:41:915] Valid meeting checks so far: 400,000, state_vs_state: 17,918, state_vs_prefix: 0, prefix_vs_prefix: 382,082
[00:00:07:00:435] Valid meeting checks so far: 600,000, state_vs_state: 30,079, state_vs_prefix: 0, prefix_vs_prefix: 569,921
[00:00:09:17:268] Valid meeting checks so far: 800,000, state_vs_state: 34,702, state_vs_prefix: 0, prefix_vs_prefix: 765,298
[00:00:11:33:680] Valid meeting checks so far: 1,000,000, state_vs_state: 38,109, state_vs_prefix: 0, prefix_vs_prefix: 961,891
[00:00:13:47:144] Valid meeting checks so far: 1,200,000, state_vs_state: 43,725, state_vs_prefix: 0, prefix_vs_prefix: 1,156,275
[00:00:15:58:165] Valid meeting checks so far: 1,400,000, state_vs_state: 49,458, state_vs_prefix: 0, prefix_vs_prefix: 1,350,542
[00:00:18:15:444] Valid meeting checks so far: 1,600,000, state_vs_state: 55,573, state_vs_prefix: 0, prefix_vs_prefix: 1,544,427
[00:00:20:33:665] Valid meeting checks so far: 1,800,000, state_vs_state: 58,474, state_vs_prefix: 0, prefix_vs_prefix: 1,741,526
[00:00:22:50:675] Valid meeting checks so far: 2,000,000, state_vs_state: 64,740, state_vs_prefix: 0, prefix_vs_prefix: 1,935,260
[00:00:25:07:138] Valid meeting checks so far: 2,200,000, state_vs_state: 69,752, state_vs_prefix: 0, prefix_vs_prefix: 2,130,248
[00:00:27:27:584] Valid meeting checks so far: 2,400,000, state_vs_state: 74,298, state_vs_prefix: 0, prefix_vs_prefix: 2,325,702
[00:00:29:39:066] Valid meeting checks so far: 2,600,000, state_vs_state: 80,331, state_vs_prefix: 0, prefix_vs_prefix: 2,519,669
[00:00:31:59:953] Valid meeting checks so far: 2,800,000, state_vs_state: 82,800, state_vs_prefix: 0, prefix_vs_prefix: 2,717,200
[00:00:34:00:675] Path of length 36 found: [0, 8, 9, 10, 2, 3, 4, 5, 6, 14, 15, 23, 31, 39, 38, 37, 29, 21, 20, 19, 27, 26, 25, 24, 32, 40, 48, 49, 50, 42, 43, 44, 52, 53, 54, 62, 63]
[00:00:34:01:083] ! Bidirectional. expansions: 2,902,850, time: 2,040,675 [ms], path length: 36 [edges], g_F: 18, g_B: 18, generated: {'F': 1,964,603, 'B': 2,162,531}, MM: 0, MMPER: -1.0%
[00:00:34:01:084] 
---------- SM_Grids/8x8_grid_with_random_blocks_8per_7 ----------
[00:00:02:48:585] Valid states checked so far: 200,000, Expansions: 191,299, Global best: 37
[00:00:05:54:169] Valid states checked so far: 400,000, Expansions: 386,282, Global best: 37
[00:00:08:54:415] Valid states checked so far: 600,000, Expansions: 579,965, Global best: 39
[00:00:11:52:745] Valid states checked so far: 800,000, Expansions: 773,679, Global best: 39
[00:00:14:48:476] Valid states checked so far: 1,000,000, Expansions: 965,069, Global best: 39
[00:00:17:46:402] Valid states checked so far: 1,200,000, Expansions: 1,159,060, Global best: 39
[00:00:20:43:087] Valid states checked so far: 1,400,000, Expansions: 1,354,344, Global best: 39
[00:00:23:37:163] Valid states checked so far: 1,600,000, Expansions: 1,546,662, Global best: 39
[00:00:23:56:808] Path of length 38 found: [0, 8, 16, 17, 18, 10, 2, 3, 4, 5, 6, 14, 22, 21, 20, 28, 27, 35, 34, 33, 32, 40, 48, 56, 57, 58, 50, 51, 52, 44, 45, 37, 38, 39, 47, 55, 54, 62, 63]
[00:00:23:56:808] ! Unidirectional s-t. expansions: 1,569,156, time: 1,436,808 [ms], path length: 38 [edges], generated: 1,622,793
[00:00:03:03:233] Valid states checked so far: 200,000, Expansions: 190,404, Global best: 37
[00:00:06:06:167] Valid states checked so far: 400,000, Expansions: 383,009, Global best: 37
[00:00:09:08:564] Valid states checked so far: 600,000, Expansions: 575,929, Global best: 37
[00:00:12:06:055] Valid states checked so far: 800,000, Expansions: 767,539, Global best: 37
[00:00:15:03:030] Valid states checked so far: 1,000,000, Expansions: 959,360, Global best: 37
[00:00:18:06:094] Valid states checked so far: 1,200,000, Expansions: 1,152,242, Global best: 39
[00:00:19:56:244] Path of length 38 found: [63, 62, 61, 60, 52, 51, 50, 58, 57, 56, 48, 40, 32, 33, 34, 35, 27, 28, 29, 37, 45, 46, 47, 39, 31, 23, 22, 14, 6, 5, 4, 3, 2, 10, 18, 17, 16, 8, 0]
[00:00:19:56:245] ! Unidirectional t-s. expansions: 1,269,180, time: 1,196,244 [ms], path length: 38 [edges], generated: 1,322,817
[00:00:02:02:517] Valid meeting checks so far: 200,000, state_vs_state: 6,732, state_vs_prefix: 0, prefix_vs_prefix: 193,268
[00:00:04:21:645] Valid meeting checks so far: 400,000, state_vs_state: 11,862, state_vs_prefix: 0, prefix_vs_prefix: 388,138
[00:00:06:29:926] Valid meeting checks so far: 600,000, state_vs_state: 18,095, state_vs_prefix: 0, prefix_vs_prefix: 581,905
[00:00:08:41:864] Valid meeting checks so far: 800,000, state_vs_state: 28,114, state_vs_prefix: 0, prefix_vs_prefix: 771,886
[00:00:10:53:072] Valid meeting checks so far: 1,000,000, state_vs_state: 37,841, state_vs_prefix: 0, prefix_vs_prefix: 962,159
[00:00:13:01:828] Valid meeting checks so far: 1,200,000, state_vs_state: 46,216, state_vs_prefix: 0, prefix_vs_prefix: 1,153,784
[00:00:15:07:036] Valid meeting checks so far: 1,400,000, state_vs_state: 52,204, state_vs_prefix: 0, prefix_vs_prefix: 1,347,796
[00:00:15:19:637] Path of length 38 found: [0, 8, 16, 17, 18, 10, 2, 3, 4, 5, 6, 14, 22, 23, 31, 39, 47, 46, 45, 37, 29, 28, 27, 35, 34, 33, 32, 40, 48, 56, 57, 58, 50, 51, 52, 60, 61, 62, 63]
[00:00:15:20:065] ! Bidirectional. expansions: 1,328,416, time: 919,638 [ms], path length: 38 [edges], g_F: 19, g_B: 19, generated: {'F': 1,004,725, 'B': 931,289}, MM: 0, MMPER: -1.0%
[00:00:15:20:065] 
---------- SM_Grids/8x8_grid_with_random_blocks_8per_8 ----------
[00:00:03:05:884] Valid states checked so far: 200,000, Expansions: 193,964, Global best: 37
[00:00:06:17:560] Valid states checked so far: 400,000, Expansions: 388,550, Global best: 37
[00:00:09:26:641] Valid states checked so far: 600,000, Expansions: 582,726, Global best: 37
[00:00:12:37:241] Valid states checked so far: 800,000, Expansions: 777,465, Global best: 39
[00:00:15:09:183] Path of length 38 found: [0, 1, 2, 3, 11, 19, 18, 17, 16, 24, 32, 33, 41, 49, 57, 58, 59, 51, 43, 35, 36, 28, 29, 21, 13, 5, 6, 7, 15, 23, 31, 39, 38, 46, 45, 53, 61, 62, 63]
[00:00:15:09:183] ! Unidirectional s-t. expansions: 933,106, time: 909,183 [ms], path length: 38 [edges], generated: 961,338
[00:00:03:14:928] Valid states checked so far: 200,000, Expansions: 195,576, Global best: 37
[00:00:06:27:025] Valid states checked so far: 400,000, Expansions: 391,829, Global best: 37
[00:00:09:42:738] Valid states checked so far: 600,000, Expansions: 587,925, Global best: 37
[00:00:12:52:544] Valid states checked so far: 800,000, Expansions: 783,411, Global best: 37
[00:00:16:03:974] Valid states checked so far: 1,000,000, Expansions: 979,095, Global best: 37
[00:00:19:17:791] Valid states checked so far: 1,200,000, Expansions: 1,175,320, Global best: 39
[00:00:21:29:710] Path of length 38 found: [63, 62, 61, 53, 45, 46, 38, 39, 31, 23, 15, 7, 6, 5, 13, 21, 29, 28, 36, 35, 43, 51, 59, 58, 57, 49, 41, 33, 32, 24, 16, 17, 18, 19, 11, 3, 2, 1, 0]
[00:00:21:29:713] ! Unidirectional t-s. expansions: 1,309,972, time: 1,289,711 [ms], path length: 38 [edges], generated: 1,338,204
[00:00:02:24:436] Valid meeting checks so far: 200,000, state_vs_state: 4,384, state_vs_prefix: 0, prefix_vs_prefix: 195,616
[00:00:04:48:887] Valid meeting checks so far: 400,000, state_vs_state: 10,971, state_vs_prefix: 0, prefix_vs_prefix: 389,029
[00:00:07:12:096] Valid meeting checks so far: 600,000, state_vs_state: 16,235, state_vs_prefix: 0, prefix_vs_prefix: 583,765
[00:00:09:39:741] Valid meeting checks so far: 800,000, state_vs_state: 21,921, state_vs_prefix: 0, prefix_vs_prefix: 778,079
[00:00:12:07:772] Valid meeting checks so far: 1,000,000, state_vs_state: 26,309, state_vs_prefix: 0, prefix_vs_prefix: 973,691
[00:00:13:13:220] Path of length 38 found: [0, 1, 2, 3, 11, 19, 18, 17, 16, 24, 32, 33, 41, 49, 57, 58, 59, 51, 43, 35, 36, 28, 29, 21, 13, 5, 6, 7, 15, 23, 31, 39, 38, 46, 45, 53, 61, 62, 63]
[00:00:13:13:775] ! Bidirectional. expansions: 1,148,554, time: 793,220 [ms], path length: 38 [edges], g_F: 19, g_B: 19, generated: {'F': 805,276, 'B': 763,455}, MM: 0, MMPER: -1.0%
[00:00:13:13:776] 
---------- SM_Grids/8x8_grid_with_random_blocks_8per_9 ----------
[00:00:02:53:571] Valid states checked so far: 200,000, Expansions: 189,072, Global best: 37
[00:00:05:53:801] Valid states checked so far: 400,000, Expansions: 385,851, Global best: 37
[00:00:09:01:077] Valid states checked so far: 600,000, Expansions: 582,554, Global best: 37
[00:00:12:08:377] Valid states checked so far: 800,000, Expansions: 779,085, Global best: 37
[00:00:15:13:059] Valid states checked so far: 1,000,000, Expansions: 974,144, Global best: 37
[00:00:18:22:010] Valid states checked so far: 1,200,000, Expansions: 1,167,066, Global best: 37
[00:00:18:47:271] Path of length 36 found: [0, 8, 16, 24, 32, 40, 48, 56, 57, 58, 50, 42, 34, 35, 36, 28, 20, 19, 18, 10, 2, 3, 4, 5, 13, 14, 22, 30, 31, 39, 47, 46, 45, 53, 61, 62, 63]
[00:00:18:47:274] ! Unidirectional s-t. expansions: 1,194,425, time: 1,127,271 [ms], path length: 36 [edges], generated: 1,228,472
[00:00:03:16:971] Valid states checked so far: 200,000, Expansions: 192,377, Global best: 35
[00:00:06:26:449] Valid states checked so far: 400,000, Expansions: 383,207, Global best: 35
[00:00:09:36:404] Valid states checked so far: 600,000, Expansions: 574,022, Global best: 35
[00:00:12:33:506] Path of length 36 found: [63, 62, 61, 53, 45, 46, 47, 39, 31, 30, 22, 14, 6, 5, 4, 3, 2, 10, 18, 19, 20, 28, 36, 35, 34, 42, 50, 58, 57, 56, 48, 40, 32, 24, 16, 8, 0]
[00:00:12:33:507] ! Unidirectional t-s. expansions: 751,524, time: 753,507 [ms], path length: 36 [edges], generated: 785,571
[00:00:02:12:403] Valid meeting checks so far: 200,000, state_vs_state: 5,138, state_vs_prefix: 0, prefix_vs_prefix: 194,862
[00:00:04:35:858] Valid meeting checks so far: 400,000, state_vs_state: 11,629, state_vs_prefix: 0, prefix_vs_prefix: 388,371
[00:00:07:10:437] Valid meeting checks so far: 600,000, state_vs_state: 20,903, state_vs_prefix: 0, prefix_vs_prefix: 579,097
[00:00:09:38:593] Valid meeting checks so far: 800,000, state_vs_state: 27,028, state_vs_prefix: 0, prefix_vs_prefix: 772,972
[00:00:12:02:712] Valid meeting checks so far: 1,000,000, state_vs_state: 32,249, state_vs_prefix: 0, prefix_vs_prefix: 967,751
[00:00:12:38:273] Path of length 36 found: [0, 8, 16, 24, 32, 40, 48, 56, 57, 58, 50, 42, 34, 35, 36, 28, 20, 19, 18, 10, 2, 3, 4, 5, 6, 14, 22, 30, 31, 39, 47, 46, 45, 53, 61, 62, 63]
[00:00:12:38:761] ! Bidirectional. expansions: 1,106,582, time: 758,273 [ms], path length: 36 [edges], g_F: 18, g_B: 18, generated: {'F': 760,790, 'B': 753,331}, MM: 0, MMPER: -1.0%

[00:00:12:38:761] average expansions: (1,408,949, 1,335,428, 1,437,308, 0)
[00:00:12:38:761] average time: (1,328,893, 1,270,485, 956,802, 0)
[00:00:12:38:761] X-DFBnB: 1,335,428 , 1,270,485 (expansions , time[ms])
[00:00:12:38:761] BiX-DFBnB: 1,437,308 , 956,802 (expansions , time[ms])

