Mon 09 Mar 2026 17:31:24 IST

SLURM_JOBID:		 15365808
SLURM_JOB_NODELIST:	 ise-cpu256-07 

--------------------------
date: SM_Grids
number_of_graphs: 10
graph_type: grid
size_of_graphs: [8, 9]
heuristic: heuristic0
snake: True
run_uni: True
run_bi: True
run_multi: False
solution_vertices: []
algorithms: ['DFBnB']
bsd: False
cube_first_dims: 4
cube_buffer_dim: None
backward_sym_generation: False
sym_coil: False
prefix_set: None

---------- SM_Grids/8x9_grid_with_random_blocks_20per_0 ----------
[00:00:00:07:481] Path of length 21 found: [0, 9, 18, 19, 20, 11, 2, 3, 4, 13, 14, 23, 32, 33, 42, 43, 44, 53, 62, 61, 70, 71]
[00:00:00:07:482] ! Unidirectional s-t. expansions: 6,504, time: 7,481 [ms], path length: 21 [edges], generated: 7,683
[00:00:02:24:826] Path of length 21 found: [71, 62, 61, 52, 43, 44, 35, 26, 25, 24, 15, 14, 5, 4, 3, 2, 11, 20, 19, 18, 9, 0]
[00:00:02:24:827] ! Unidirectional t-s. expansions: 159,081, time: 144,826 [ms], path length: 21 [edges], generated: 160,260
[00:00:01:31:735] Path of length 21 found: [0, 9, 18, 19, 20, 11, 2, 3, 4, 13, 14, 15, 24, 25, 26, 35, 44, 43, 52, 61, 62, 71]
[00:00:01:32:250] ! Bidirectional. expansions: 179,618, time: 91,735 [ms], path length: 21 [edges], g_F: 11, g_B: 10, generated: {'F': 75,608, 'B': 130,389}, MM: 1, MMPER: 3.545454545454546%
[00:00:01:32:250] 
---------- SM_Grids/8x9_grid_with_random_blocks_20per_1 ----------
[00:00:00:51:039] Path of length 35 found: [0, 9, 18, 19, 20, 11, 2, 3, 4, 13, 22, 31, 30, 39, 38, 47, 56, 65, 66, 67, 58, 49, 50, 41, 42, 33, 24, 25, 26, 35, 44, 53, 52, 61, 70, 71]
[00:00:00:51:039] ! Unidirectional s-t. expansions: 44,435, time: 51,039 [ms], path length: 35 [edges], generated: 47,887
[00:00:00:50:253] Path of length 35 found: [71, 70, 61, 52, 53, 44, 35, 26, 25, 24, 33, 42, 41, 50, 49, 58, 67, 66, 65, 56, 47, 38, 39, 30, 31, 22, 13, 4, 3, 2, 11, 20, 19, 18, 9, 0]
[00:00:00:50:254] ! Unidirectional t-s. expansions: 47,970, time: 50,254 [ms], path length: 35 [edges], generated: 51,422
[00:00:01:15:012] Path of length 35 found: [0, 9, 18, 19, 20, 11, 2, 3, 4, 13, 22, 31, 30, 39, 38, 47, 56, 65, 66, 67, 58, 49, 50, 41, 42, 33, 24, 25, 26, 35, 44, 53, 52, 61, 70, 71]
[00:00:01:15:543] ! Bidirectional. expansions: 119,774, time: 75,012 [ms], path length: 35 [edges], g_F: 18, g_B: 17, generated: {'F': 73,540, 'B': 70,795}, MM: 1, MMPER: 1.7777777777777777%
[00:00:01:15:543] 
---------- SM_Grids/8x9_grid_with_random_blocks_20per_2 ----------
[00:00:01:14:596] Path of length 29 found: [0, 9, 10, 19, 28, 37, 46, 47, 56, 65, 66, 67, 58, 49, 40, 31, 22, 13, 14, 15, 24, 33, 34, 43, 52, 51, 60, 69, 70, 71]
[00:00:01:14:597] ! Unidirectional s-t. expansions: 76,001, time: 74,597 [ms], path length: 29 [edges], generated: 76,744
[00:00:00:18:588] Path of length 29 found: [71, 70, 69, 60, 51, 42, 33, 34, 25, 16, 15, 14, 13, 22, 31, 40, 49, 58, 67, 66, 65, 56, 47, 38, 29, 20, 19, 10, 1, 0]
[00:00:00:18:589] ! Unidirectional t-s. expansions: 16,442, time: 18,588 [ms], path length: 29 [edges], generated: 17,185
[00:00:00:30:909] Path of length 29 found: [0, 9, 10, 19, 28, 37, 46, 47, 56, 65, 66, 67, 58, 49, 40, 31, 22, 13, 14, 15, 16, 25, 34, 33, 42, 51, 60, 69, 70, 71]
[00:00:00:31:404] ! Bidirectional. expansions: 50,252, time: 30,909 [ms], path length: 29 [edges], g_F: 15, g_B: 14, generated: {'F': 32,940, 'B': 29,469}, MM: 1, MMPER: 2.3333333333333335%
[00:00:00:31:404] 
---------- SM_Grids/8x9_grid_with_random_blocks_20per_3 ----------
[00:00:00:17:574] Path of length 33 found: [0, 1, 10, 11, 12, 3, 4, 5, 6, 7, 8, 17, 26, 25, 24, 23, 22, 31, 40, 39, 38, 47, 56, 65, 66, 67, 58, 59, 60, 51, 52, 53, 62, 71]
[00:00:00:17:574] ! Unidirectional s-t. expansions: 14,981, time: 17,574 [ms], path length: 33 [edges], generated: 16,590
[00:00:02:33:831] Path of length 33 found: [71, 62, 53, 52, 51, 60, 59, 58, 67, 66, 65, 56, 47, 38, 39, 40, 31, 22, 23, 24, 25, 26, 17, 8, 7, 6, 5, 4, 3, 12, 11, 10, 1, 0]
[00:00:02:33:831] ! Unidirectional t-s. expansions: 167,956, time: 153,831 [ms], path length: 33 [edges], generated: 169,565
[00:00:01:10:660] Path of length 33 found: [0, 1, 10, 11, 12, 3, 4, 5, 6, 7, 8, 17, 26, 25, 24, 23, 22, 31, 40, 39, 38, 47, 56, 65, 66, 67, 58, 59, 60, 51, 52, 53, 62, 71]
[00:00:01:11:206] ! Bidirectional. expansions: 131,584, time: 70,660 [ms], path length: 33 [edges], g_F: 17, g_B: 16, generated: {'F': 61,167, 'B': 89,969}, MM: 1, MMPER: 1.9411764705882355%
[00:00:01:11:206] 
---------- SM_Grids/8x9_grid_with_random_blocks_20per_4 ----------
[00:00:00:28:341] Path of length 29 found: [0, 9, 10, 19, 20, 21, 22, 13, 4, 5, 6, 7, 8, 17, 26, 35, 34, 33, 32, 41, 40, 49, 58, 59, 68, 69, 70, 61, 62, 71]
[00:00:00:28:341] ! Unidirectional s-t. expansions: 28,873, time: 28,341 [ms], path length: 29 [edges], generated: 29,592
[00:00:00:14:169] Path of length 27 found: [71, 62, 61, 60, 59, 58, 49, 40, 41, 32, 33, 34, 35, 26, 17, 8, 7, 6, 5, 4, 13, 22, 21, 20, 11, 10, 1, 0]
[00:00:00:14:169] ! Unidirectional t-s. expansions: 12,469, time: 14,169 [ms], path length: 27 [edges], generated: 13,188
[00:00:00:48:267] Path of length 27 found: [0, 9, 10, 19, 20, 21, 22, 13, 4, 5, 6, 7, 8, 17, 26, 35, 34, 33, 32, 41, 40, 49, 58, 59, 60, 61, 62, 71]
[00:00:00:48:844] ! Bidirectional. expansions: 92,226, time: 48,267 [ms], path length: 27 [edges], g_F: 14, g_B: 13, generated: {'F': 60,302, 'B': 44,860}, MM: 1, MMPER: 2.5714285714285716%
[00:00:00:48:844] 
---------- SM_Grids/8x9_grid_with_random_blocks_20per_5 ----------
[00:00:00:32:911] Path of length 31 found: [0, 9, 18, 27, 36, 45, 54, 55, 56, 47, 38, 29, 20, 11, 12, 13, 22, 31, 32, 33, 24, 15, 16, 17, 26, 35, 44, 53, 62, 61, 70, 71]
[00:00:00:32:912] ! Unidirectional s-t. expansions: 29,180, time: 32,912 [ms], path length: 31 [edges], generated: 30,702
[00:00:01:04:537] Path of length 29 found: [71, 62, 53, 44, 35, 26, 17, 16, 15, 6, 5, 4, 13, 22, 31, 40, 39, 38, 47, 56, 55, 54, 45, 36, 27, 18, 9, 10, 1, 0]
[00:00:01:04:538] ! Unidirectional t-s. expansions: 62,473, time: 64,537 [ms], path length: 29 [edges], generated: 63,995
[00:00:01:22:527] Path of length 29 found: [0, 9, 18, 27, 36, 45, 54, 55, 56, 47, 38, 29, 20, 11, 12, 13, 22, 31, 32, 33, 24, 15, 16, 17, 26, 35, 44, 53, 62, 71]
[00:00:01:23:036] ! Bidirectional. expansions: 153,082, time: 82,527 [ms], path length: 29 [edges], g_F: 15, g_B: 14, generated: {'F': 66,640, 'B': 99,772}, MM: 1, MMPER: 2.3333333333333335%
[00:00:01:23:036] 
---------- SM_Grids/8x9_grid_with_random_blocks_20per_6 ----------
[00:00:01:25:547] Path of length 35 found: [0, 9, 10, 11, 2, 3, 4, 5, 6, 15, 24, 23, 22, 21, 30, 29, 28, 27, 36, 45, 46, 47, 56, 65, 66, 67, 68, 59, 50, 41, 42, 43, 52, 53, 62, 71]
[00:00:01:25:547] ! Unidirectional s-t. expansions: 95,171, time: 85,547 [ms], path length: 35 [edges], generated: 96,176
[00:00:00:36:536] Path of length 35 found: [71, 62, 53, 52, 43, 42, 41, 50, 59, 68, 67, 66, 57, 56, 47, 46, 45, 36, 27, 28, 29, 30, 21, 22, 23, 24, 15, 6, 5, 4, 3, 2, 1, 10, 9, 0]
[00:00:00:36:536] ! Unidirectional t-s. expansions: 40,222, time: 36,536 [ms], path length: 35 [edges], generated: 41,227
[00:00:00:18:369] Path of length 35 found: [0, 9, 10, 11, 2, 3, 4, 5, 6, 15, 24, 23, 22, 21, 30, 29, 28, 27, 36, 45, 46, 47, 56, 57, 66, 67, 68, 59, 50, 41, 42, 43, 52, 53, 62, 71]
[00:00:00:19:196] ! Bidirectional. expansions: 30,596, time: 18,369 [ms], path length: 35 [edges], g_F: 18, g_B: 17, generated: {'F': 19,751, 'B': 20,191}, MM: 1, MMPER: 1.7777777777777777%
[00:00:00:19:197] 
---------- SM_Grids/8x9_grid_with_random_blocks_20per_7 ----------
[00:00:00:20:168] Path of length 25 found: [0, 9, 10, 11, 20, 29, 28, 27, 36, 45, 54, 55, 56, 47, 48, 39, 40, 41, 42, 43, 44, 53, 62, 61, 70, 71]
[00:00:00:20:169] ! Unidirectional s-t. expansions: 18,300, time: 20,168 [ms], path length: 25 [edges], generated: 19,911
[00:00:01:07:192] Path of length 23 found: [71, 62, 53, 44, 43, 42, 41, 40, 39, 48, 47, 56, 55, 54, 45, 36, 27, 28, 29, 20, 11, 10, 1, 0]
[00:00:01:07:192] ! Unidirectional t-s. expansions: 67,534, time: 67,192 [ms], path length: 23 [edges], generated: 69,145
[00:00:00:53:499] Path of length 23 found: [0, 9, 10, 11, 20, 29, 28, 27, 36, 45, 54, 55, 56, 47, 48, 39, 40, 41, 42, 43, 44, 53, 62, 71]
[00:00:00:54:042] ! Bidirectional. expansions: 89,920, time: 53,499 [ms], path length: 23 [edges], g_F: 12, g_B: 11, generated: {'F': 50,009, 'B': 57,269}, MM: 1, MMPER: 3.166666666666667%
[00:00:00:54:042] 
---------- SM_Grids/8x9_grid_with_random_blocks_20per_8 ----------
[00:00:00:52:723] Path of length 25 found: [0, 1, 10, 19, 20, 21, 30, 31, 32, 23, 24, 25, 34, 43, 42, 51, 50, 49, 48, 57, 66, 67, 68, 69, 70, 71]
[00:00:00:52:723] ! Unidirectional s-t. expansions: 49,266, time: 52,723 [ms], path length: 25 [edges], generated: 50,681
[00:00:00:18:517] Path of length 25 found: [71, 70, 61, 60, 59, 68, 67, 66, 57, 48, 49, 40, 41, 42, 43, 34, 25, 24, 23, 22, 13, 12, 3, 2, 1, 0]
[00:00:00:18:518] ! Unidirectional t-s. expansions: 15,249, time: 18,517 [ms], path length: 25 [edges], generated: 16,664
[00:00:00:28:211] Path of length 25 found: [0, 1, 10, 19, 20, 21, 22, 23, 24, 25, 34, 43, 42, 41, 40, 49, 48, 57, 66, 67, 68, 59, 60, 61, 70, 71]
[00:00:00:28:704] ! Bidirectional. expansions: 45,282, time: 28,211 [ms], path length: 25 [edges], g_F: 13, g_B: 12, generated: {'F': 32,878, 'B': 21,800}, MM: 1, MMPER: 2.8461538461538463%
[00:00:00:28:704] 
---------- SM_Grids/8x9_grid_with_random_blocks_20per_9 ----------
[00:00:00:19:875] Path of length 31 found: [0, 1, 2, 3, 4, 5, 14, 23, 22, 31, 30, 29, 38, 37, 46, 55, 56, 57, 48, 49, 50, 41, 42, 33, 34, 35, 44, 53, 52, 61, 70, 71]
[00:00:00:19:876] ! Unidirectional s-t. expansions: 19,263, time: 19,875 [ms], path length: 31 [edges], generated: 19,702
[00:00:00:52:492] Path of length 33 found: [71, 70, 61, 52, 53, 44, 35, 34, 33, 42, 41, 50, 49, 48, 57, 56, 55, 46, 37, 38, 29, 30, 31, 22, 23, 14, 5, 4, 3, 2, 1, 10, 9, 0]
[00:00:00:52:493] ! Unidirectional t-s. expansions: 47,835, time: 52,493 [ms], path length: 33 [edges], generated: 48,274
[00:00:00:19:046] Path of length 31 found: [0, 1, 2, 3, 4, 5, 14, 23, 22, 31, 30, 29, 38, 37, 46, 55, 56, 57, 48, 49, 50, 41, 42, 33, 34, 35, 44, 53, 52, 61, 70, 71]
[00:00:00:19:612] ! Bidirectional. expansions: 26,288, time: 19,046 [ms], path length: 31 [edges], g_F: 16, g_B: 15, generated: {'F': 18,323, 'B': 18,499}, MM: 1, MMPER: 2.125%

[00:00:00:19:612] average expansions: (38,197, 63,723, 91,862, 0)
[00:00:00:19:612] average time: (39,026, 62,094, 51,824, 0)
[00:00:00:19:612] X-DFBnB: 38,197 , 39,026 (expansions , time[ms])
[00:00:00:19:612] BiX-DFBnB: 91,862 , 51,824 (expansions , time[ms])

