Mon 09 Mar 2026 17:31:24 IST

SLURM_JOBID:		 15365812
SLURM_JOB_NODELIST:	 ise-cpu256-07 

--------------------------
date: SM_Grids
number_of_graphs: 10
graph_type: grid
size_of_graphs: [8, 8]
heuristic: heuristic0
snake: True
run_uni: True
run_bi: True
run_multi: False
solution_vertices: []
algorithms: ['DFBnB']
bsd: False
cube_first_dims: 4
cube_buffer_dim: None
backward_sym_generation: False
sym_coil: False
prefix_set: None

---------- SM_Grids/8x8_grid_with_random_blocks_20per_0 ----------
[00:00:00:10:344] Path of length 20 found: [0, 1, 9, 17, 16, 24, 32, 40, 48, 49, 50, 42, 34, 35, 36, 44, 52, 53, 61, 62, 63]
[00:00:00:10:344] ! Unidirectional s-t. expansions: 14,293, time: 10,344 [ms], path length: 20 [edges], generated: 14,353
[00:00:00:09:174] Path of length 20 found: [63, 62, 61, 53, 52, 44, 36, 28, 20, 21, 22, 23, 15, 7, 6, 5, 4, 3, 2, 1, 0]
[00:00:00:09:175] ! Unidirectional t-s. expansions: 13,373, time: 9,175 [ms], path length: 20 [edges], generated: 13,433
[00:00:00:03:809] Path of length 20 found: [0, 1, 9, 17, 16, 24, 32, 40, 48, 49, 50, 42, 34, 35, 36, 44, 52, 53, 61, 62, 63]
[00:00:00:04:255] ! Bidirectional. expansions: 8,952, time: 3,809 [ms], path length: 20 [edges], g_F: 10, g_B: 10, generated: {'F': 4,444, 'B': 5,862}, MM: 0, MMPER: -1.0%
[00:00:00:04:255] 
---------- SM_Grids/8x8_grid_with_random_blocks_20per_1 ----------
[00:00:00:05:312] Path of length 24 found: [0, 8, 16, 24, 25, 33, 41, 49, 50, 51, 43, 35, 27, 19, 20, 21, 29, 30, 31, 39, 47, 46, 54, 62, 63]
[00:00:00:05:312] ! Unidirectional s-t. expansions: 5,146, time: 5,312 [ms], path length: 24 [edges], generated: 5,510
[00:00:00:09:006] Path of length 26 found: [63, 62, 54, 46, 47, 39, 31, 30, 29, 21, 20, 19, 27, 35, 43, 51, 50, 49, 41, 33, 25, 24, 16, 8, 9, 1, 0]
[00:00:00:09:007] ! Unidirectional t-s. expansions: 10,574, time: 9,006 [ms], path length: 26 [edges], generated: 10,938
[00:00:00:17:785] Path of length 24 found: [0, 8, 16, 24, 25, 33, 41, 49, 50, 51, 43, 35, 27, 19, 20, 21, 29, 30, 31, 39, 47, 46, 54, 62, 63]
[00:00:00:18:213] ! Bidirectional. expansions: 37,876, time: 17,785 [ms], path length: 24 [edges], g_F: 12, g_B: 12, generated: {'F': 22,493, 'B': 19,078}, MM: 0, MMPER: -1.0%
[00:00:00:18:213] 
---------- SM_Grids/8x8_grid_with_random_blocks_20per_2 ----------
[00:00:00:46:417] Path of length 34 found: [0, 8, 16, 17, 18, 19, 20, 12, 4, 5, 6, 14, 22, 30, 31, 39, 47, 46, 45, 37, 36, 35, 34, 33, 41, 40, 48, 56, 57, 58, 59, 60, 61, 62, 63]
[00:00:00:46:418] ! Unidirectional s-t. expansions: 62,085, time: 46,418 [ms], path length: 34 [edges], generated: 63,258
[00:00:00:19:914] Path of length 36 found: [63, 62, 61, 60, 59, 58, 57, 56, 48, 40, 41, 33, 34, 26, 18, 19, 20, 28, 36, 37, 45, 46, 47, 39, 31, 23, 15, 14, 6, 5, 4, 3, 2, 1, 9, 8, 0]
[00:00:00:19:914] ! Unidirectional t-s. expansions: 23,708, time: 19,914 [ms], path length: 36 [edges], generated: 24,881
[00:00:00:21:960] Path of length 34 found: [0, 8, 16, 17, 18, 19, 20, 12, 4, 5, 6, 14, 22, 30, 31, 39, 47, 46, 45, 37, 36, 35, 34, 33, 41, 40, 48, 56, 57, 58, 59, 60, 61, 62, 63]
[00:00:00:22:429] ! Bidirectional. expansions: 44,462, time: 21,960 [ms], path length: 34 [edges], g_F: 17, g_B: 17, generated: {'F': 27,198, 'B': 29,606}, MM: 0, MMPER: -1.0%
[00:00:00:22:430] 
---------- SM_Grids/8x8_grid_with_random_blocks_20per_3 ----------
[00:00:00:21:095] Path of length 32 found: [0, 8, 16, 24, 32, 40, 41, 49, 50, 51, 43, 35, 27, 26, 18, 10, 11, 3, 4, 5, 6, 7, 15, 23, 22, 30, 29, 37, 45, 53, 61, 62, 63]
[00:00:00:21:095] ! Unidirectional s-t. expansions: 26,781, time: 21,095 [ms], path length: 32 [edges], generated: 27,886
[00:00:00:13:581] Path of length 34 found: [63, 62, 61, 53, 45, 37, 29, 30, 22, 23, 15, 7, 6, 5, 4, 3, 11, 19, 18, 26, 34, 35, 43, 51, 50, 49, 41, 40, 32, 24, 16, 8, 9, 1, 0]
[00:00:00:13:581] ! Unidirectional t-s. expansions: 17,934, time: 13,581 [ms], path length: 34 [edges], generated: 19,039
[00:00:00:07:821] Path of length 32 found: [0, 8, 16, 24, 32, 40, 41, 49, 50, 51, 43, 35, 27, 26, 18, 10, 11, 3, 4, 5, 6, 7, 15, 23, 22, 30, 29, 37, 45, 53, 61, 62, 63]
[00:00:00:08:240] ! Bidirectional. expansions: 16,508, time: 7,821 [ms], path length: 32 [edges], g_F: 16, g_B: 16, generated: {'F': 9,346, 'B': 10,665}, MM: 0, MMPER: -1.0%
[00:00:00:08:240] 
---------- SM_Grids/8x8_grid_with_random_blocks_20per_4 ----------
[00:00:00:23:132] Path of length 36 found: [0, 8, 9, 10, 2, 3, 4, 5, 6, 7, 15, 23, 22, 21, 20, 19, 27, 26, 25, 24, 32, 40, 48, 49, 57, 58, 59, 51, 43, 44, 36, 37, 38, 46, 54, 62, 63]
[00:00:00:23:133] ! Unidirectional s-t. expansions: 28,434, time: 23,133 [ms], path length: 36 [edges], generated: 30,143
[00:00:00:35:413] Path of length 36 found: [63, 55, 54, 46, 38, 37, 36, 44, 43, 51, 59, 58, 57, 49, 41, 40, 32, 24, 25, 26, 18, 19, 20, 21, 22, 23, 15, 7, 6, 5, 4, 3, 2, 1, 9, 8, 0]
[00:00:00:35:413] ! Unidirectional t-s. expansions: 47,056, time: 35,413 [ms], path length: 36 [edges], generated: 48,765
[00:00:00:24:934] Path of length 36 found: [0, 8, 9, 10, 2, 3, 4, 5, 6, 7, 15, 23, 22, 21, 20, 19, 27, 26, 25, 24, 32, 40, 41, 49, 57, 58, 59, 51, 43, 44, 36, 37, 38, 46, 54, 55, 63]
[00:00:00:25:360] ! Bidirectional. expansions: 51,266, time: 24,934 [ms], path length: 36 [edges], g_F: 18, g_B: 18, generated: {'F': 29,438, 'B': 34,028}, MM: 0, MMPER: -1.0%
[00:00:00:25:361] 
---------- SM_Grids/8x8_grid_with_random_blocks_20per_5 ----------
[00:00:01:16:250] Path of length 32 found: [0, 8, 16, 17, 25, 33, 32, 40, 48, 49, 57, 58, 59, 51, 43, 35, 36, 28, 20, 12, 13, 14, 22, 23, 31, 39, 38, 46, 45, 53, 61, 62, 63]
[00:00:01:16:250] ! Unidirectional s-t. expansions: 95,179, time: 76,250 [ms], path length: 32 [edges], generated: 100,182
[00:00:00:32:631] Path of length 32 found: [63, 55, 47, 39, 31, 23, 15, 14, 13, 12, 20, 28, 36, 37, 45, 53, 52, 51, 59, 58, 57, 49, 41, 42, 34, 26, 25, 24, 16, 8, 9, 1, 0]
[00:00:00:32:631] ! Unidirectional t-s. expansions: 36,765, time: 32,631 [ms], path length: 32 [edges], generated: 41,768
[00:00:02:18:159] Valid meeting checks so far: 200,000, state_vs_state: 4,957, state_vs_prefix: 0, prefix_vs_prefix: 195,043
[00:00:02:20:330] Path of length 32 found: [0, 8, 16, 17, 18, 26, 34, 33, 32, 40, 48, 49, 57, 58, 59, 51, 52, 53, 45, 37, 36, 28, 20, 12, 13, 14, 15, 23, 31, 39, 47, 55, 63]
[00:00:02:20:770] ! Bidirectional. expansions: 317,768, time: 140,330 [ms], path length: 32 [edges], g_F: 16, g_B: 16, generated: {'F': 169,893, 'B': 156,519}, MM: 0, MMPER: -1.0%
[00:00:02:20:770] 
---------- SM_Grids/8x8_grid_with_random_blocks_20per_6 ----------
[00:00:00:38:703] Path of length 32 found: [0, 8, 16, 17, 18, 26, 27, 28, 20, 12, 4, 5, 6, 14, 15, 23, 31, 39, 38, 37, 45, 44, 43, 42, 50, 58, 59, 60, 61, 62, 54, 55, 63]
[00:00:00:38:703] ! Unidirectional s-t. expansions: 46,331, time: 38,703 [ms], path length: 32 [edges], generated: 47,672
[00:00:00:10:815] Path of length 30 found: [63, 55, 54, 53, 61, 60, 59, 58, 50, 42, 43, 44, 36, 37, 38, 39, 31, 23, 15, 14, 6, 5, 4, 12, 11, 10, 18, 17, 16, 8, 0]
[00:00:00:10:816] ! Unidirectional t-s. expansions: 10,980, time: 10,815 [ms], path length: 30 [edges], generated: 12,321
[00:00:00:40:581] Path of length 30 found: [0, 8, 16, 17, 18, 10, 11, 12, 4, 5, 6, 14, 15, 23, 31, 39, 38, 37, 36, 44, 43, 42, 50, 58, 59, 60, 61, 53, 54, 55, 63]
[00:00:00:41:006] ! Bidirectional. expansions: 85,088, time: 40,582 [ms], path length: 30 [edges], g_F: 15, g_B: 15, generated: {'F': 54,936, 'B': 40,215}, MM: 0, MMPER: -1.0%
[00:00:00:41:007] 
---------- SM_Grids/8x8_grid_with_random_blocks_20per_7 ----------
[00:00:00:11:318] Path of length 30 found: [0, 8, 9, 17, 25, 24, 32, 40, 41, 42, 34, 35, 36, 28, 20, 19, 11, 3, 4, 5, 6, 14, 15, 23, 31, 39, 47, 55, 54, 62, 63]
[00:00:00:11:318] ! Unidirectional s-t. expansions: 13,134, time: 11,318 [ms], path length: 30 [edges], generated: 13,667
[00:00:00:07:371] Path of length 28 found: [63, 55, 47, 39, 31, 23, 15, 7, 6, 5, 4, 3, 11, 19, 20, 28, 36, 35, 34, 42, 41, 40, 32, 24, 16, 8, 9, 1, 0]
[00:00:00:07:371] ! Unidirectional t-s. expansions: 9,117, time: 7,371 [ms], path length: 28 [edges], generated: 9,650
[00:00:00:05:696] Path of length 28 found: [0, 8, 9, 17, 25, 24, 32, 40, 41, 42, 34, 35, 36, 28, 20, 19, 11, 3, 4, 5, 6, 7, 15, 23, 31, 39, 47, 55, 63]
[00:00:00:06:099] ! Bidirectional. expansions: 11,362, time: 5,696 [ms], path length: 28 [edges], g_F: 14, g_B: 14, generated: {'F': 6,238, 'B': 8,644}, MM: 0, MMPER: -1.0%
[00:00:00:06:099] 
---------- SM_Grids/8x8_grid_with_random_blocks_20per_8 ----------
[00:00:00:16:108] Path of length 24 found: [0, 8, 9, 10, 2, 3, 4, 5, 6, 7, 15, 23, 22, 21, 20, 19, 27, 35, 36, 44, 52, 60, 61, 62, 63]
[00:00:00:16:108] ! Unidirectional s-t. expansions: 20,872, time: 16,108 [ms], path length: 24 [edges], generated: 21,079
[00:00:00:34:959] Path of length 24 found: [63, 55, 47, 46, 45, 44, 36, 35, 27, 19, 20, 21, 22, 23, 15, 7, 6, 5, 4, 3, 2, 10, 9, 8, 0]
[00:00:00:34:959] ! Unidirectional t-s. expansions: 48,823, time: 34,959 [ms], path length: 24 [edges], generated: 49,030
[00:00:00:13:044] Path of length 24 found: [0, 8, 9, 10, 2, 3, 4, 5, 6, 7, 15, 23, 22, 21, 20, 19, 27, 35, 36, 44, 45, 46, 47, 55, 63]
[00:00:00:13:472] ! Bidirectional. expansions: 25,648, time: 13,044 [ms], path length: 24 [edges], g_F: 12, g_B: 12, generated: {'F': 15,182, 'B': 17,640}, MM: 0, MMPER: -1.0%
[00:00:00:13:473] 
---------- SM_Grids/8x8_grid_with_random_blocks_20per_9 ----------
[00:00:00:06:949] Path of length 24 found: [0, 8, 9, 17, 18, 26, 34, 35, 36, 28, 29, 21, 13, 5, 6, 7, 15, 23, 31, 39, 47, 55, 54, 62, 63]
[00:00:00:06:949] ! Unidirectional s-t. expansions: 7,915, time: 6,949 [ms], path length: 24 [edges], generated: 8,129
[00:00:00:02:008] Path of length 22 found: [63, 55, 47, 39, 31, 23, 15, 7, 6, 5, 13, 21, 29, 28, 36, 35, 34, 26, 18, 10, 2, 1, 0]
[00:00:00:02:008] ! Unidirectional t-s. expansions: 1,912, time: 2,008 [ms], path length: 22 [edges], generated: 2,126
[00:00:00:04:577] Path of length 22 found: [0, 8, 9, 17, 18, 26, 34, 35, 36, 28, 29, 21, 13, 5, 6, 7, 15, 23, 31, 39, 47, 55, 63]
[00:00:00:05:053] ! Bidirectional. expansions: 8,740, time: 4,577 [ms], path length: 22 [edges], g_F: 11, g_B: 11, generated: {'F': 5,311, 'B': 4,891}, MM: 0, MMPER: -1.0%

[00:00:00:05:054] average expansions: (32,017, 22,024, 60,767, 0)
[00:00:00:05:054] average time: (25,563, 17,487, 28,054, 0)
[00:00:00:05:054] X-DFBnB: 22,024 , 17,487 (expansions , time[ms])
[00:00:00:05:054] BiX-DFBnB: 60,767 , 28,054 (expansions , time[ms])

