Mon 09 Mar 2026 17:31:24 IST

SLURM_JOBID:		 15365811
SLURM_JOB_NODELIST:	 ise-cpu256-07 

--------------------------
date: SM_Grids
number_of_graphs: 10
graph_type: grid
size_of_graphs: [8, 8]
heuristic: heuristic0
snake: True
run_uni: True
run_bi: True
run_multi: False
solution_vertices: []
algorithms: ['DFBnB']
bsd: False
cube_first_dims: 4
cube_buffer_dim: None
backward_sym_generation: False
sym_coil: False
prefix_set: None

---------- SM_Grids/8x8_grid_with_random_blocks_16per_0 ----------
[00:00:00:23:629] Path of length 32 found: [0, 1, 9, 10, 18, 26, 25, 24, 32, 40, 48, 49, 50, 42, 43, 35, 36, 28, 20, 12, 13, 5, 6, 7, 15, 23, 22, 30, 38, 46, 47, 55, 63]
[00:00:00:23:629] ! Unidirectional s-t. expansions: 29,681, time: 23,629 [ms], path length: 32 [edges], generated: 30,546
[00:00:00:16:523] Path of length 32 found: [63, 55, 47, 39, 38, 30, 22, 23, 15, 7, 6, 5, 13, 12, 20, 28, 36, 35, 43, 42, 50, 49, 48, 40, 32, 24, 25, 26, 18, 10, 2, 1, 0]
[00:00:00:16:523] ! Unidirectional t-s. expansions: 19,440, time: 16,523 [ms], path length: 32 [edges], generated: 20,305
[00:00:00:13:267] Path of length 32 found: [0, 1, 9, 10, 18, 26, 25, 24, 32, 40, 48, 49, 50, 42, 43, 35, 36, 28, 20, 12, 13, 5, 6, 7, 15, 23, 22, 30, 38, 39, 47, 55, 63]
[00:00:00:13:827] ! Bidirectional. expansions: 26,116, time: 13,267 [ms], path length: 32 [edges], g_F: 16, g_B: 16, generated: {'F': 16,001, 'B': 15,913}, MM: 0, MMPER: -1.0%
[00:00:00:13:827] 
---------- SM_Grids/8x8_grid_with_random_blocks_16per_1 ----------
[00:00:00:35:016] Path of length 28 found: [0, 8, 16, 24, 32, 33, 41, 42, 43, 35, 27, 26, 18, 10, 2, 3, 4, 12, 20, 21, 29, 30, 38, 39, 47, 55, 54, 62, 63]
[00:00:00:35:016] ! Unidirectional s-t. expansions: 40,137, time: 35,016 [ms], path length: 28 [edges], generated: 41,124
[00:00:00:44:515] Path of length 28 found: [63, 55, 54, 46, 38, 39, 31, 23, 22, 21, 20, 12, 4, 3, 2, 10, 18, 26, 27, 35, 43, 42, 41, 33, 32, 24, 16, 8, 0]
[00:00:00:44:516] ! Unidirectional t-s. expansions: 49,051, time: 44,516 [ms], path length: 28 [edges], generated: 50,038
[00:00:00:34:095] Path of length 28 found: [0, 8, 16, 24, 32, 33, 41, 42, 43, 35, 27, 26, 18, 10, 2, 3, 4, 12, 20, 21, 22, 23, 31, 39, 38, 46, 54, 55, 63]
[00:00:00:34:553] ! Bidirectional. expansions: 60,466, time: 34,095 [ms], path length: 28 [edges], g_F: 14, g_B: 14, generated: {'F': 38,195, 'B': 37,055}, MM: 0, MMPER: -1.0%
[00:00:00:34:553] 
---------- SM_Grids/8x8_grid_with_random_blocks_16per_2 ----------
[00:00:00:59:047] Path of length 28 found: [0, 8, 16, 24, 32, 40, 48, 56, 57, 58, 50, 42, 34, 26, 18, 19, 20, 28, 29, 30, 38, 46, 45, 44, 52, 60, 61, 62, 63]
[00:00:00:59:048] ! Unidirectional s-t. expansions: 68,383, time: 59,048 [ms], path length: 28 [edges], generated: 71,667
[00:00:00:54:089] Path of length 28 found: [63, 55, 47, 46, 38, 30, 29, 21, 20, 19, 18, 26, 34, 42, 43, 44, 52, 60, 59, 58, 57, 49, 48, 40, 32, 24, 16, 8, 0]
[00:00:00:54:089] ! Unidirectional t-s. expansions: 57,893, time: 54,089 [ms], path length: 28 [edges], generated: 61,177
[00:00:01:10:984] Path of length 28 found: [0, 8, 16, 24, 32, 40, 48, 56, 57, 58, 59, 60, 52, 44, 43, 42, 34, 26, 18, 19, 20, 21, 29, 30, 38, 46, 47, 55, 63]
[00:00:01:11:409] ! Bidirectional. expansions: 126,368, time: 70,984 [ms], path length: 28 [edges], g_F: 14, g_B: 14, generated: {'F': 77,503, 'B': 83,592}, MM: 0, MMPER: -1.0%
[00:00:01:11:409] 
---------- SM_Grids/8x8_grid_with_random_blocks_16per_3 ----------
[00:00:01:10:624] Path of length 30 found: [0, 8, 16, 17, 18, 10, 11, 12, 13, 14, 15, 23, 31, 30, 29, 28, 27, 35, 34, 33, 41, 49, 50, 51, 52, 44, 45, 46, 54, 62, 63]
[00:00:01:10:625] ! Unidirectional s-t. expansions: 84,183, time: 70,624 [ms], path length: 30 [edges], generated: 87,019
[00:00:01:28:880] Path of length 30 found: [63, 55, 47, 46, 45, 44, 52, 51, 50, 49, 41, 33, 34, 35, 27, 28, 29, 30, 31, 23, 15, 14, 13, 12, 11, 10, 18, 17, 16, 8, 0]
[00:00:01:28:880] ! Unidirectional t-s. expansions: 98,706, time: 88,880 [ms], path length: 30 [edges], generated: 101,542
[00:00:01:00:973] Path of length 30 found: [0, 8, 16, 17, 18, 10, 11, 12, 13, 14, 15, 23, 31, 30, 29, 28, 27, 35, 34, 33, 41, 49, 50, 51, 52, 44, 45, 46, 47, 55, 63]
[00:00:01:01:413] ! Bidirectional. expansions: 102,826, time: 60,973 [ms], path length: 30 [edges], g_F: 15, g_B: 15, generated: {'F': 69,900, 'B': 62,356}, MM: 0, MMPER: -1.0%
[00:00:01:01:413] 
---------- SM_Grids/8x8_grid_with_random_blocks_16per_4 ----------
[00:00:00:48:841] Path of length 30 found: [0, 8, 16, 17, 18, 10, 11, 12, 20, 28, 27, 35, 34, 33, 32, 40, 48, 49, 50, 51, 52, 44, 45, 37, 38, 39, 47, 55, 54, 62, 63]
[00:00:00:48:841] ! Unidirectional s-t. expansions: 53,791, time: 48,841 [ms], path length: 30 [edges], generated: 56,381
[00:00:00:44:608] Path of length 30 found: [63, 55, 47, 46, 45, 44, 52, 51, 50, 49, 48, 40, 32, 33, 34, 35, 27, 28, 29, 30, 22, 14, 13, 12, 11, 10, 18, 17, 16, 8, 0]
[00:00:00:44:608] ! Unidirectional t-s. expansions: 46,621, time: 44,608 [ms], path length: 30 [edges], generated: 49,211
[00:00:01:38:204] Path of length 30 found: [0, 8, 16, 17, 18, 10, 11, 12, 13, 14, 22, 30, 29, 28, 27, 35, 34, 33, 32, 40, 48, 49, 50, 51, 52, 44, 45, 46, 47, 55, 63]
[00:00:01:38:630] ! Bidirectional. expansions: 186,252, time: 98,204 [ms], path length: 30 [edges], g_F: 15, g_B: 15, generated: {'F': 106,271, 'B': 112,341}, MM: 0, MMPER: -1.0%
[00:00:01:38:630] 
---------- SM_Grids/8x8_grid_with_random_blocks_16per_5 ----------
[00:00:01:10:990] Path of length 28 found: [0, 8, 9, 10, 2, 3, 4, 5, 6, 14, 15, 23, 31, 30, 29, 28, 36, 35, 43, 51, 59, 60, 61, 53, 45, 46, 47, 55, 63]
[00:00:01:10:991] ! Unidirectional s-t. expansions: 84,630, time: 70,990 [ms], path length: 28 [edges], generated: 85,315
[00:00:00:46:136] Path of length 28 found: [63, 55, 47, 46, 38, 30, 31, 23, 15, 14, 6, 5, 4, 3, 11, 19, 20, 28, 36, 35, 34, 26, 25, 24, 16, 8, 9, 1, 0]
[00:00:00:46:136] ! Unidirectional t-s. expansions: 54,914, time: 46,136 [ms], path length: 28 [edges], generated: 55,599
[00:00:00:47:050] Path of length 28 found: [0, 8, 9, 10, 2, 3, 4, 5, 6, 14, 15, 23, 31, 30, 29, 28, 36, 35, 43, 51, 59, 60, 61, 53, 45, 46, 47, 55, 63]
[00:00:00:47:473] ! Bidirectional. expansions: 91,956, time: 47,050 [ms], path length: 28 [edges], g_F: 14, g_B: 14, generated: {'F': 58,209, 'B': 54,515}, MM: 0, MMPER: -1.0%
[00:00:00:47:473] 
---------- SM_Grids/8x8_grid_with_random_blocks_16per_6 ----------
[00:00:00:22:919] Path of length 34 found: [0, 1, 9, 17, 16, 24, 32, 40, 48, 49, 50, 42, 34, 26, 27, 19, 20, 21, 13, 5, 6, 7, 15, 23, 31, 30, 38, 37, 36, 44, 52, 53, 54, 62, 63]
[00:00:00:22:920] ! Unidirectional s-t. expansions: 22,488, time: 22,919 [ms], path length: 34 [edges], generated: 24,150
[00:00:00:47:346] Path of length 34 found: [63, 55, 54, 53, 52, 44, 36, 37, 38, 30, 31, 23, 15, 7, 6, 5, 13, 21, 20, 19, 18, 26, 34, 42, 50, 49, 48, 40, 32, 24, 16, 8, 9, 1, 0]
[00:00:00:47:346] ! Unidirectional t-s. expansions: 49,441, time: 47,346 [ms], path length: 34 [edges], generated: 51,103
[00:00:02:26:963] Path of length 34 found: [0, 1, 9, 17, 16, 24, 32, 40, 48, 49, 50, 42, 34, 26, 27, 19, 20, 21, 13, 5, 6, 7, 15, 23, 31, 30, 38, 37, 36, 44, 52, 53, 54, 55, 63]
[00:00:02:27:391] ! Bidirectional. expansions: 307,586, time: 146,963 [ms], path length: 34 [edges], g_F: 17, g_B: 17, generated: {'F': 149,655, 'B': 167,887}, MM: 0, MMPER: -1.0%
[00:00:02:27:391] 
---------- SM_Grids/8x8_grid_with_random_blocks_16per_7 ----------
[00:00:01:01:214] Path of length 32 found: [0, 8, 16, 24, 32, 40, 48, 56, 57, 58, 50, 42, 43, 35, 27, 26, 18, 10, 11, 12, 13, 14, 15, 23, 31, 30, 38, 37, 45, 53, 54, 55, 63]
[00:00:01:01:214] ! Unidirectional s-t. expansions: 74,950, time: 61,214 [ms], path length: 32 [edges], generated: 76,035
[00:00:00:41:157] Path of length 32 found: [63, 55, 54, 53, 45, 37, 38, 30, 31, 23, 15, 14, 13, 12, 11, 10, 18, 26, 34, 42, 43, 51, 59, 58, 57, 49, 48, 40, 32, 24, 16, 8, 0]
[00:00:00:41:157] ! Unidirectional t-s. expansions: 49,659, time: 41,157 [ms], path length: 32 [edges], generated: 50,744
[00:00:00:25:741] Path of length 32 found: [0, 8, 16, 24, 32, 40, 48, 56, 57, 58, 50, 42, 43, 35, 27, 26, 18, 10, 11, 12, 13, 14, 15, 23, 31, 30, 38, 37, 45, 53, 54, 55, 63]
[00:00:00:26:221] ! Bidirectional. expansions: 48,372, time: 25,741 [ms], path length: 32 [edges], g_F: 16, g_B: 16, generated: {'F': 29,259, 'B': 31,404}, MM: 0, MMPER: -1.0%
[00:00:00:26:221] 
---------- SM_Grids/8x8_grid_with_random_blocks_16per_8 ----------
[00:00:01:15:503] Path of length 32 found: [0, 8, 16, 17, 18, 10, 2, 3, 4, 5, 6, 7, 15, 23, 22, 21, 20, 28, 36, 35, 34, 33, 32, 40, 48, 49, 50, 51, 59, 60, 61, 62, 63]
[00:00:01:15:503] ! Unidirectional s-t. expansions: 88,195, time: 75,503 [ms], path length: 32 [edges], generated: 89,421
[00:00:00:23:896] Path of length 32 found: [63, 62, 61, 60, 59, 51, 50, 49, 48, 40, 32, 33, 34, 35, 36, 28, 20, 21, 22, 23, 15, 7, 6, 5, 4, 3, 2, 10, 18, 17, 16, 8, 0]
[00:00:00:23:897] ! Unidirectional t-s. expansions: 25,686, time: 23,897 [ms], path length: 32 [edges], generated: 26,912
[00:00:01:50:430] Path of length 32 found: [0, 8, 16, 17, 18, 10, 2, 3, 4, 5, 6, 7, 15, 23, 22, 21, 20, 28, 36, 35, 34, 33, 32, 40, 48, 49, 50, 51, 59, 60, 61, 62, 63]
[00:00:01:50:883] ! Bidirectional. expansions: 244,266, time: 110,430 [ms], path length: 32 [edges], g_F: 16, g_B: 16, generated: {'F': 116,216, 'B': 142,491}, MM: 0, MMPER: -1.0%
[00:00:01:50:883] 
---------- SM_Grids/8x8_grid_with_random_blocks_16per_9 ----------
[00:00:00:10:978] Path of length 32 found: [0, 1, 2, 3, 4, 5, 13, 21, 20, 28, 27, 26, 18, 17, 16, 24, 32, 33, 41, 42, 50, 51, 52, 44, 45, 37, 38, 39, 47, 55, 54, 62, 63]
[00:00:00:10:979] ! Unidirectional s-t. expansions: 11,027, time: 10,979 [ms], path length: 32 [edges], generated: 11,632
[00:00:00:20:600] Path of length 30 found: [63, 55, 47, 39, 38, 37, 45, 44, 52, 51, 50, 42, 41, 33, 32, 24, 16, 17, 18, 26, 27, 28, 20, 21, 13, 5, 4, 3, 2, 1, 0]
[00:00:00:20:600] ! Unidirectional t-s. expansions: 23,150, time: 20,600 [ms], path length: 30 [edges], generated: 23,755
[00:00:00:24:341] Path of length 30 found: [0, 1, 2, 3, 4, 5, 13, 21, 20, 28, 27, 26, 18, 17, 16, 24, 32, 33, 41, 42, 50, 51, 52, 44, 45, 37, 38, 39, 47, 55, 63]
[00:00:00:24:763] ! Bidirectional. expansions: 48,724, time: 24,341 [ms], path length: 30 [edges], g_F: 15, g_B: 15, generated: {'F': 26,011, 'B': 28,937}, MM: 0, MMPER: -1.0%

[00:00:00:24:763] average expansions: (55,746, 47,456, 124,293, 0)
[00:00:00:24:763] average time: (47,876, 42,775, 63,205, 0)
[00:00:00:24:763] X-DFBnB: 47,456 , 42,775 (expansions , time[ms])
[00:00:00:24:763] BiX-DFBnB: 124,293 , 63,205 (expansions , time[ms])

