Mon 09 Mar 2026 17:31:24 IST

SLURM_JOBID:		 15365810
SLURM_JOB_NODELIST:	 ise-cpu256-07 

--------------------------
date: SM_Grids
number_of_graphs: 10
graph_type: grid
size_of_graphs: [8, 8]
heuristic: heuristic0
snake: True
run_uni: True
run_bi: True
run_multi: False
solution_vertices: []
algorithms: ['DFBnB']
bsd: False
cube_first_dims: 4
cube_buffer_dim: None
backward_sym_generation: False
sym_coil: False
prefix_set: None

---------- SM_Grids/8x8_grid_with_random_blocks_12per_0 ----------
[00:00:03:04:019] Valid states checked so far: 200,000, Expansions: 193,480, Global best: 37
[00:00:03:31:821] Path of length 36 found: [0, 8, 16, 24, 25, 33, 41, 40, 48, 56, 57, 58, 50, 51, 43, 44, 36, 28, 27, 19, 18, 10, 2, 3, 4, 12, 13, 21, 22, 30, 31, 39, 47, 55, 54, 62, 63]
[00:00:03:31:822] ! Unidirectional s-t. expansions: 223,026, time: 211,822 [ms], path length: 36 [edges], generated: 230,467
[00:00:03:05:803] Valid states checked so far: 200,000, Expansions: 194,144, Global best: 37
[00:00:03:52:663] Path of length 36 found: [63, 55, 47, 39, 31, 30, 22, 14, 13, 12, 4, 3, 2, 10, 18, 19, 27, 35, 43, 44, 45, 53, 61, 60, 59, 58, 57, 56, 48, 40, 41, 33, 25, 24, 16, 8, 0]
[00:00:03:52:663] ! Unidirectional t-s. expansions: 239,920, time: 232,663 [ms], path length: 36 [edges], generated: 247,361
[00:00:02:25:431] Valid meeting checks so far: 200,000, state_vs_state: 3,960, state_vs_prefix: 0, prefix_vs_prefix: 196,040
[00:00:04:21:651] Path of length 36 found: [0, 8, 16, 24, 25, 33, 41, 40, 48, 56, 57, 58, 50, 51, 52, 53, 45, 37, 36, 35, 27, 19, 18, 10, 2, 3, 4, 12, 13, 14, 22, 30, 31, 39, 47, 55, 63]
[00:00:04:22:099] ! Bidirectional. expansions: 427,232, time: 261,651 [ms], path length: 36 [edges], g_F: 18, g_B: 18, generated: {'F': 245,522, 'B': 294,247}, MM: 0, MMPER: -1.0%
[00:00:04:22:099] 
---------- SM_Grids/8x8_grid_with_random_blocks_12per_1 ----------
[00:00:02:55:227] Valid states checked so far: 200,000, Expansions: 196,654, Global best: 35
[00:00:04:36:024] Path of length 34 found: [0, 8, 9, 10, 2, 3, 4, 5, 6, 14, 22, 21, 20, 19, 27, 26, 25, 33, 41, 49, 50, 58, 59, 60, 52, 44, 36, 37, 38, 39, 47, 55, 54, 62, 63]
[00:00:04:36:025] ! Unidirectional s-t. expansions: 300,689, time: 276,024 [ms], path length: 34 [edges], generated: 307,417
[00:00:03:04:260] Valid states checked so far: 200,000, Expansions: 196,617, Global best: 33
[00:00:06:06:306] Valid states checked so far: 400,000, Expansions: 393,411, Global best: 33
[00:00:06:19:680] Path of length 32 found: [63, 55, 47, 39, 38, 37, 36, 44, 52, 60, 59, 58, 50, 42, 41, 33, 25, 26, 27, 19, 20, 21, 22, 14, 6, 5, 4, 3, 2, 1, 9, 8, 0]
[00:00:06:19:680] ! Unidirectional t-s. expansions: 408,215, time: 379,680 [ms], path length: 32 [edges], generated: 414,943
[00:00:02:12:118] Valid meeting checks so far: 200,000, state_vs_state: 2,050, state_vs_prefix: 0, prefix_vs_prefix: 197,950
[00:00:04:32:890] Valid meeting checks so far: 400,000, state_vs_state: 5,900, state_vs_prefix: 0, prefix_vs_prefix: 394,100
[00:00:05:15:351] Path of length 32 found: [0, 8, 9, 10, 2, 3, 4, 5, 6, 14, 22, 21, 20, 19, 27, 26, 25, 33, 41, 42, 50, 58, 59, 60, 52, 44, 36, 37, 38, 39, 47, 55, 63]
[00:00:05:15:774] ! Bidirectional. expansions: 490,360, time: 315,351 [ms], path length: 32 [edges], g_F: 16, g_B: 16, generated: {'F': 327,478, 'B': 346,170}, MM: 0, MMPER: -1.0%
[00:00:05:15:774] 
---------- SM_Grids/8x8_grid_with_random_blocks_12per_2 ----------
[00:00:02:49:000] Path of length 34 found: [0, 8, 16, 24, 32, 33, 34, 42, 50, 58, 59, 60, 52, 44, 36, 28, 20, 19, 18, 10, 2, 3, 4, 5, 13, 14, 15, 23, 31, 30, 38, 46, 54, 62, 63]
[00:00:02:49:001] ! Unidirectional s-t. expansions: 175,256, time: 169,000 [ms], path length: 34 [edges], generated: 180,437
[00:00:03:01:490] Valid states checked so far: 200,000, Expansions: 196,507, Global best: 35
[00:00:04:06:857] Path of length 34 found: [63, 55, 47, 46, 38, 30, 31, 23, 15, 14, 13, 5, 4, 3, 2, 10, 18, 19, 27, 28, 36, 44, 52, 60, 59, 58, 50, 42, 34, 33, 25, 24, 16, 8, 0]
[00:00:04:06:858] ! Unidirectional t-s. expansions: 267,880, time: 246,857 [ms], path length: 34 [edges], generated: 273,061
[00:00:02:26:329] Valid meeting checks so far: 200,000, state_vs_state: 2,995, state_vs_prefix: 0, prefix_vs_prefix: 197,005
[00:00:03:54:001] Path of length 34 found: [0, 8, 16, 24, 32, 33, 34, 42, 50, 58, 59, 60, 52, 44, 36, 28, 20, 19, 18, 10, 2, 3, 4, 5, 13, 14, 15, 23, 31, 30, 38, 46, 47, 55, 63]
[00:00:03:54:414] ! Bidirectional. expansions: 396,118, time: 234,001 [ms], path length: 34 [edges], g_F: 17, g_B: 17, generated: {'F': 250,609, 'B': 250,158}, MM: 0, MMPER: -1.0%
[00:00:03:54:414] 
---------- SM_Grids/8x8_grid_with_random_blocks_12per_3 ----------
[00:00:02:47:859] Valid states checked so far: 200,000, Expansions: 193,066, Global best: 37
[00:00:05:25:963] Path of length 36 found: [0, 8, 16, 24, 32, 33, 41, 49, 57, 58, 59, 51, 52, 44, 36, 35, 27, 19, 18, 10, 2, 3, 4, 5, 6, 7, 15, 23, 22, 30, 38, 39, 47, 55, 54, 62, 63]
[00:00:05:25:964] ! Unidirectional s-t. expansions: 372,930, time: 325,963 [ms], path length: 36 [edges], generated: 384,730
[00:00:02:45:072] Valid states checked so far: 200,000, Expansions: 194,437, Global best: 35
[00:00:05:25:726] Path of length 34 found: [63, 55, 47, 39, 38, 30, 22, 23, 15, 7, 6, 5, 4, 3, 2, 10, 18, 26, 27, 35, 43, 44, 52, 60, 59, 58, 50, 49, 41, 33, 32, 24, 16, 8, 0]
[00:00:05:25:726] ! Unidirectional t-s. expansions: 386,967, time: 325,726 [ms], path length: 34 [edges], generated: 398,767
[00:00:02:06:887] Valid meeting checks so far: 200,000, state_vs_state: 6,118, state_vs_prefix: 0, prefix_vs_prefix: 193,882
[00:00:04:05:149] Path of length 34 found: [0, 8, 16, 24, 32, 33, 41, 49, 57, 58, 59, 51, 52, 44, 36, 35, 27, 19, 18, 10, 2, 3, 4, 5, 6, 7, 15, 23, 22, 30, 38, 39, 47, 55, 63]
[00:00:04:05:601] ! Bidirectional. expansions: 426,862, time: 245,149 [ms], path length: 34 [edges], g_F: 17, g_B: 17, generated: {'F': 292,252, 'B': 279,337}, MM: 0, MMPER: -1.0%
[00:00:04:05:601] 
---------- SM_Grids/8x8_grid_with_random_blocks_12per_4 ----------
[00:00:02:58:410] Valid states checked so far: 200,000, Expansions: 195,738, Global best: 35
[00:00:05:54:772] Valid states checked so far: 400,000, Expansions: 390,356, Global best: 35
[00:00:07:49:535] Path of length 34 found: [0, 8, 16, 24, 25, 33, 41, 49, 57, 58, 59, 60, 52, 44, 43, 35, 27, 19, 11, 12, 4, 5, 6, 14, 22, 21, 29, 37, 38, 39, 47, 55, 54, 62, 63]
[00:00:07:49:536] ! Unidirectional s-t. expansions: 514,199, time: 469,535 [ms], path length: 34 [edges], generated: 528,193
[00:00:03:04:491] Valid states checked so far: 200,000, Expansions: 194,963, Global best: 35
[00:00:06:01:545] Valid states checked so far: 400,000, Expansions: 389,433, Global best: 35
[00:00:07:54:984] Path of length 34 found: [63, 55, 54, 53, 52, 51, 59, 58, 57, 49, 41, 33, 34, 35, 27, 28, 29, 37, 38, 39, 31, 23, 22, 14, 6, 5, 4, 12, 11, 10, 18, 17, 16, 8, 0]
[00:00:07:54:985] ! Unidirectional t-s. expansions: 508,520, time: 474,984 [ms], path length: 34 [edges], generated: 522,514
[00:00:02:17:870] Valid meeting checks so far: 200,000, state_vs_state: 4,381, state_vs_prefix: 0, prefix_vs_prefix: 195,619
[00:00:04:43:120] Valid meeting checks so far: 400,000, state_vs_state: 9,939, state_vs_prefix: 0, prefix_vs_prefix: 390,061
[00:00:06:24:448] Path of length 34 found: [0, 8, 16, 24, 25, 26, 18, 10, 11, 12, 4, 5, 6, 14, 22, 23, 31, 39, 38, 37, 36, 35, 43, 42, 41, 49, 57, 58, 59, 60, 52, 53, 54, 55, 63]
[00:00:06:24:858] ! Bidirectional. expansions: 596,724, time: 384,448 [ms], path length: 34 [edges], g_F: 17, g_B: 17, generated: {'F': 409,721, 'B': 390,726}, MM: 0, MMPER: -1.0%
[00:00:06:24:858] 
---------- SM_Grids/8x8_grid_with_random_blocks_12per_5 ----------
[00:00:02:52:357] Valid states checked so far: 200,000, Expansions: 194,515, Global best: 35
[00:00:05:38:754] Valid states checked so far: 400,000, Expansions: 388,775, Global best: 35
[00:00:08:29:314] Path of length 34 found: [0, 8, 9, 17, 25, 24, 32, 40, 41, 42, 50, 58, 59, 60, 52, 44, 45, 37, 29, 21, 20, 19, 11, 3, 4, 5, 6, 14, 15, 23, 31, 39, 47, 55, 63]
[00:00:08:29:315] ! Unidirectional s-t. expansions: 578,979, time: 509,314 [ms], path length: 34 [edges], generated: 596,579
[00:00:02:51:507] Valid states checked so far: 200,000, Expansions: 193,996, Global best: 35
[00:00:05:41:235] Valid states checked so far: 400,000, Expansions: 387,980, Global best: 35
[00:00:08:31:329] Valid states checked so far: 600,000, Expansions: 583,485, Global best: 35
[00:00:09:15:085] Path of length 34 found: [63, 55, 47, 39, 31, 23, 15, 14, 6, 5, 4, 3, 11, 19, 27, 28, 29, 37, 45, 44, 52, 60, 59, 58, 50, 42, 34, 33, 25, 24, 16, 8, 9, 1, 0]
[00:00:09:15:086] ! Unidirectional t-s. expansions: 635,131, time: 555,085 [ms], path length: 34 [edges], generated: 652,731
[00:00:02:09:844] Valid meeting checks so far: 200,000, state_vs_state: 3,180, state_vs_prefix: 0, prefix_vs_prefix: 196,820
[00:00:04:18:757] Valid meeting checks so far: 400,000, state_vs_state: 9,480, state_vs_prefix: 0, prefix_vs_prefix: 390,520
[00:00:06:28:504] Valid meeting checks so far: 600,000, state_vs_state: 15,483, state_vs_prefix: 0, prefix_vs_prefix: 584,517
[00:00:07:32:941] Path of length 34 found: [0, 8, 9, 17, 25, 24, 32, 40, 41, 42, 50, 58, 59, 60, 52, 44, 45, 37, 29, 28, 27, 19, 11, 3, 4, 5, 6, 14, 15, 23, 31, 39, 47, 55, 63]
[00:00:07:33:349] ! Bidirectional. expansions: 749,572, time: 452,942 [ms], path length: 34 [edges], g_F: 17, g_B: 17, generated: {'F': 528,471, 'B': 503,851}, MM: 0, MMPER: -1.0%
[00:00:07:33:349] 
---------- SM_Grids/8x8_grid_with_random_blocks_12per_6 ----------
[00:00:02:52:617] Valid states checked so far: 200,000, Expansions: 195,731, Global best: 35
[00:00:05:04:904] Path of length 34 found: [0, 8, 9, 10, 2, 3, 4, 5, 6, 7, 15, 23, 22, 21, 20, 19, 27, 26, 25, 24, 32, 40, 48, 49, 50, 42, 43, 44, 36, 37, 38, 46, 54, 62, 63]
[00:00:05:04:904] ! Unidirectional s-t. expansions: 338,116, time: 304,904 [ms], path length: 34 [edges], generated: 345,788
[00:00:02:56:793] Valid states checked so far: 200,000, Expansions: 196,318, Global best: 35
[00:00:05:29:222] Path of length 34 found: [63, 62, 54, 46, 38, 37, 29, 21, 22, 23, 15, 7, 6, 5, 4, 3, 11, 19, 18, 26, 34, 35, 43, 51, 50, 49, 41, 40, 32, 24, 16, 8, 9, 1, 0]
[00:00:05:29:222] ! Unidirectional t-s. expansions: 363,550, time: 329,222 [ms], path length: 34 [edges], generated: 371,222
[00:00:02:22:593] Valid meeting checks so far: 200,000, state_vs_state: 3,894, state_vs_prefix: 0, prefix_vs_prefix: 196,106
[00:00:04:48:645] Valid meeting checks so far: 400,000, state_vs_state: 7,269, state_vs_prefix: 0, prefix_vs_prefix: 392,731
[00:00:04:55:865] Path of length 34 found: [0, 8, 9, 10, 2, 3, 4, 5, 6, 7, 15, 23, 22, 21, 20, 19, 27, 26, 25, 24, 32, 40, 48, 49, 50, 42, 43, 44, 36, 37, 38, 46, 54, 62, 63]
[00:00:04:56:291] ! Bidirectional. expansions: 528,574, time: 295,865 [ms], path length: 34 [edges], g_F: 17, g_B: 17, generated: {'F': 302,157, 'B': 349,802}, MM: 0, MMPER: -1.0%
[00:00:04:56:291] 
---------- SM_Grids/8x8_grid_with_random_blocks_12per_7 ----------
[00:00:02:46:266] Valid states checked so far: 200,000, Expansions: 192,252, Global best: 37
[00:00:05:29:103] Valid states checked so far: 400,000, Expansions: 386,097, Global best: 37
[00:00:08:15:071] Valid states checked so far: 600,000, Expansions: 579,907, Global best: 37
[00:00:10:06:587] Path of length 36 found: [0, 8, 16, 24, 32, 40, 48, 56, 57, 58, 59, 60, 52, 44, 36, 35, 34, 26, 18, 19, 20, 12, 13, 5, 6, 7, 15, 23, 22, 30, 38, 39, 47, 55, 54, 62, 63]
[00:00:10:06:587] ! Unidirectional s-t. expansions: 711,630, time: 606,587 [ms], path length: 36 [edges], generated: 735,181
[00:00:02:47:279] Valid states checked so far: 200,000, Expansions: 191,225, Global best: 37
[00:00:05:35:251] Valid states checked so far: 400,000, Expansions: 383,892, Global best: 37
[00:00:08:25:538] Valid states checked so far: 600,000, Expansions: 577,858, Global best: 37
[00:00:08:55:272] Path of length 36 found: [63, 55, 47, 39, 38, 30, 22, 23, 15, 7, 6, 5, 13, 12, 20, 19, 18, 26, 34, 42, 43, 44, 45, 53, 61, 60, 59, 58, 57, 49, 48, 40, 32, 24, 16, 8, 0]
[00:00:08:55:272] ! Unidirectional t-s. expansions: 612,990, time: 535,272 [ms], path length: 36 [edges], generated: 636,541
[00:00:02:03:990] Valid meeting checks so far: 200,000, state_vs_state: 7,701, state_vs_prefix: 0, prefix_vs_prefix: 192,299
[00:00:04:13:773] Valid meeting checks so far: 400,000, state_vs_state: 14,174, state_vs_prefix: 0, prefix_vs_prefix: 385,826
[00:00:06:31:467] Valid meeting checks so far: 600,000, state_vs_state: 21,318, state_vs_prefix: 0, prefix_vs_prefix: 578,682
[00:00:07:09:302] Path of length 36 found: [0, 8, 16, 24, 32, 40, 48, 56, 57, 58, 59, 60, 61, 53, 45, 44, 36, 35, 34, 26, 18, 19, 20, 12, 13, 5, 6, 7, 15, 23, 22, 30, 38, 39, 47, 55, 63]
[00:00:07:09:737] ! Bidirectional. expansions: 704,902, time: 429,302 [ms], path length: 36 [edges], g_F: 18, g_B: 18, generated: {'F': 482,805, 'B': 470,332}, MM: 0, MMPER: -1.0%
[00:00:07:09:737] 
---------- SM_Grids/8x8_grid_with_random_blocks_12per_8 ----------
[00:00:03:04:767] Valid states checked so far: 200,000, Expansions: 195,636, Global best: 37
[00:00:05:45:751] Path of length 36 found: [0, 8, 16, 24, 32, 33, 41, 49, 57, 58, 59, 60, 52, 44, 43, 35, 27, 19, 18, 10, 2, 3, 4, 5, 6, 7, 15, 23, 22, 21, 29, 37, 38, 46, 47, 55, 63]
[00:00:05:45:752] ! Unidirectional s-t. expansions: 365,756, time: 345,751 [ms], path length: 36 [edges], generated: 373,263
[00:00:02:57:830] Valid states checked so far: 200,000, Expansions: 193,249, Global best: 37
[00:00:03:22:668] Path of length 36 found: [63, 55, 47, 39, 38, 30, 22, 23, 15, 7, 6, 5, 4, 12, 20, 28, 27, 35, 43, 44, 52, 60, 59, 58, 57, 49, 41, 33, 32, 24, 16, 17, 18, 10, 2, 1, 0]
[00:00:03:22:669] ! Unidirectional t-s. expansions: 220,873, time: 202,668 [ms], path length: 36 [edges], generated: 228,380
[00:00:02:17:700] Valid meeting checks so far: 200,000, state_vs_state: 5,693, state_vs_prefix: 0, prefix_vs_prefix: 194,307
[00:00:03:05:143] Path of length 36 found: [0, 8, 16, 24, 32, 33, 41, 49, 57, 58, 59, 60, 52, 44, 43, 35, 27, 19, 18, 10, 2, 3, 4, 5, 6, 7, 15, 23, 22, 21, 29, 37, 38, 39, 47, 55, 63]
[00:00:03:05:541] ! Bidirectional. expansions: 305,226, time: 185,143 [ms], path length: 36 [edges], g_F: 18, g_B: 18, generated: {'F': 197,415, 'B': 200,669}, MM: 0, MMPER: -1.0%
[00:00:03:05:541] 
---------- SM_Grids/8x8_grid_with_random_blocks_12per_9 ----------
[00:00:02:41:660] Valid states checked so far: 200,000, Expansions: 193,942, Global best: 37
[00:00:05:19:492] Valid states checked so far: 400,000, Expansions: 384,483, Global best: 39
[00:00:07:05:505] Path of length 38 found: [0, 8, 9, 10, 11, 19, 20, 21, 13, 5, 6, 7, 15, 23, 31, 30, 38, 37, 36, 35, 34, 26, 25, 24, 32, 40, 48, 56, 57, 58, 50, 51, 52, 60, 61, 62, 54, 55, 63]
[00:00:07:05:505] ! Unidirectional s-t. expansions: 509,887, time: 425,505 [ms], path length: 38 [edges], generated: 530,766
[00:00:02:47:930] Valid states checked so far: 200,000, Expansions: 192,722, Global best: 37
[00:00:05:28:237] Valid states checked so far: 400,000, Expansions: 383,660, Global best: 37
[00:00:06:46:457] Path of length 36 found: [63, 55, 47, 46, 45, 37, 29, 30, 31, 23, 15, 7, 6, 5, 4, 12, 11, 19, 18, 26, 34, 35, 43, 51, 50, 58, 57, 56, 48, 40, 32, 24, 16, 8, 9, 1, 0]
[00:00:06:46:457] ! Unidirectional t-s. expansions: 472,360, time: 406,457 [ms], path length: 36 [edges], generated: 493,239
[00:00:02:00:947] Valid meeting checks so far: 200,000, state_vs_state: 5,574, state_vs_prefix: 0, prefix_vs_prefix: 194,426
[00:00:04:04:163] Valid meeting checks so far: 400,000, state_vs_state: 12,335, state_vs_prefix: 0, prefix_vs_prefix: 387,665
[00:00:06:07:127] Valid meeting checks so far: 600,000, state_vs_state: 18,430, state_vs_prefix: 0, prefix_vs_prefix: 581,570
[00:00:06:47:714] Path of length 36 found: [0, 8, 9, 10, 11, 12, 4, 5, 6, 7, 15, 23, 31, 30, 29, 28, 36, 35, 34, 26, 25, 24, 32, 40, 48, 56, 57, 58, 50, 51, 52, 53, 45, 46, 47, 55, 63]
[00:00:06:48:100] ! Bidirectional. expansions: 725,212, time: 407,714 [ms], path length: 36 [edges], g_F: 18, g_B: 18, generated: {'F': 486,695, 'B': 491,741}, MM: 0, MMPER: -1.0%

[00:00:06:48:100] average expansions: (409,047, 411,641, 535,078, 0)
[00:00:06:48:100] average time: (364,440, 368,861, 321,157, 0)
[00:00:06:48:100] X-DFBnB: 409,047 , 364,440 (expansions , time[ms])
[00:00:06:48:100] BiX-DFBnB: 535,078 , 321,157 (expansions , time[ms])

