Mon 09 Mar 2026 17:31:24 IST

SLURM_JOBID:		 15365807
SLURM_JOB_NODELIST:	 ise-cpu256-07 

--------------------------
date: SM_Grids
number_of_graphs: 10
graph_type: grid
size_of_graphs: [8, 9]
heuristic: heuristic0
snake: True
run_uni: True
run_bi: True
run_multi: False
solution_vertices: []
algorithms: ['DFBnB']
bsd: False
cube_first_dims: 4
cube_buffer_dim: None
backward_sym_generation: False
sym_coil: False
prefix_set: None

---------- SM_Grids/8x9_grid_with_random_blocks_16per_0 ----------
[00:00:03:15:333] Valid states checked so far: 200,000, Expansions: 189,690, Global best: 40
[00:00:06:32:460] Valid states checked so far: 400,000, Expansions: 380,412, Global best: 40
[00:00:09:49:373] Valid states checked so far: 600,000, Expansions: 572,693, Global best: 40
[00:00:11:12:854] Path of length 39 found: [0, 9, 10, 19, 28, 27, 36, 45, 54, 63, 64, 65, 56, 47, 38, 39, 30, 21, 12, 3, 4, 5, 14, 15, 16, 25, 34, 33, 32, 41, 50, 49, 58, 67, 68, 69, 60, 61, 62, 71]
[00:00:11:12:855] ! Unidirectional s-t. expansions: 654,133, time: 672,855 [ms], path length: 39 [edges], generated: 688,483
[00:00:03:18:864] Valid states checked so far: 200,000, Expansions: 194,868, Global best: 38
[00:00:06:29:328] Valid states checked so far: 400,000, Expansions: 387,527, Global best: 40
[00:00:09:45:848] Valid states checked so far: 600,000, Expansions: 581,458, Global best: 40
[00:00:12:54:185] Valid states checked so far: 800,000, Expansions: 774,458, Global best: 40
[00:00:16:10:164] Valid states checked so far: 1,000,000, Expansions: 969,535, Global best: 40
[00:00:17:57:814] Path of length 39 found: [71, 62, 61, 60, 69, 68, 67, 58, 49, 50, 41, 32, 23, 24, 25, 16, 7, 6, 5, 4, 3, 12, 21, 30, 39, 38, 47, 56, 65, 64, 63, 54, 45, 36, 27, 28, 19, 10, 1, 0]
[00:00:17:57:814] ! Unidirectional t-s. expansions: 1,072,595, time: 1,077,814 [ms], path length: 39 [edges], generated: 1,106,945
[00:00:02:32:099] Valid meeting checks so far: 200,000, state_vs_state: 0, state_vs_prefix: 0, prefix_vs_prefix: 200,000
[00:00:05:05:953] Valid meeting checks so far: 400,000, state_vs_state: 0, state_vs_prefix: 0, prefix_vs_prefix: 400,000
[00:00:07:41:241] Valid meeting checks so far: 600,000, state_vs_state: 0, state_vs_prefix: 0, prefix_vs_prefix: 600,000
[00:00:10:18:298] Valid meeting checks so far: 800,000, state_vs_state: 0, state_vs_prefix: 0, prefix_vs_prefix: 800,000
[00:00:12:51:549] Valid meeting checks so far: 1,000,000, state_vs_state: 0, state_vs_prefix: 0, prefix_vs_prefix: 1,000,000
[00:00:15:24:198] Valid meeting checks so far: 1,200,000, state_vs_state: 0, state_vs_prefix: 0, prefix_vs_prefix: 1,200,000
[00:00:17:05:700] Path of length 39 found: [0, 9, 10, 19, 28, 27, 36, 45, 54, 63, 64, 65, 56, 47, 38, 39, 30, 21, 12, 3, 4, 5, 6, 7, 16, 25, 24, 23, 32, 41, 50, 49, 58, 67, 68, 69, 60, 61, 62, 71]
[00:00:17:06:206] ! Bidirectional. expansions: 1,669,676, time: 1,025,701 [ms], path length: 39 [edges], g_F: 20, g_B: 19, generated: {'F': 1,022,830, 'B': 1,071,906}, MM: 1, MMPER: 1.5%
[00:00:17:06:206] 
---------- SM_Grids/8x9_grid_with_random_blocks_16per_1 ----------
[00:00:03:17:186] Valid states checked so far: 200,000, Expansions: 194,065, Global best: 30
[00:00:06:40:390] Valid states checked so far: 400,000, Expansions: 388,513, Global best: 30
[00:00:10:03:434] Valid states checked so far: 600,000, Expansions: 583,248, Global best: 30
[00:00:10:37:902] Path of length 29 found: [0, 9, 18, 27, 28, 29, 38, 47, 56, 57, 58, 49, 40, 31, 22, 13, 14, 15, 24, 25, 34, 35, 44, 53, 52, 51, 60, 69, 70, 71]
[00:00:10:37:903] ! Unidirectional s-t. expansions: 616,797, time: 637,902 [ms], path length: 29 [edges], generated: 633,738
[00:00:03:29:945] Valid states checked so far: 200,000, Expansions: 186,123, Global best: 32
[00:00:04:29:313] Path of length 31 found: [71, 62, 53, 52, 43, 34, 35, 26, 17, 16, 15, 14, 13, 22, 31, 40, 41, 50, 59, 58, 57, 48, 47, 38, 29, 28, 27, 18, 9, 10, 1, 0]
[00:00:04:29:313] ! Unidirectional t-s. expansions: 239,800, time: 269,313 [ms], path length: 31 [edges], generated: 256,741
[00:00:02:31:953] Valid meeting checks so far: 200,000, state_vs_state: 0, state_vs_prefix: 0, prefix_vs_prefix: 200,000
[00:00:05:10:975] Valid meeting checks so far: 400,000, state_vs_state: 0, state_vs_prefix: 0, prefix_vs_prefix: 400,000
[00:00:07:46:025] Valid meeting checks so far: 600,000, state_vs_state: 0, state_vs_prefix: 0, prefix_vs_prefix: 600,000
[00:00:08:49:279] Path of length 29 found: [0, 9, 18, 27, 28, 29, 38, 47, 56, 57, 58, 49, 50, 41, 32, 31, 22, 13, 14, 15, 16, 17, 26, 35, 34, 43, 52, 53, 62, 71]
[00:00:08:49:839] ! Bidirectional. expansions: 789,762, time: 529,279 [ms], path length: 29 [edges], g_F: 15, g_B: 14, generated: {'F': 527,007, 'B': 507,184}, MM: 1, MMPER: 2.3333333333333335%
[00:00:08:49:839] 
---------- SM_Grids/8x9_grid_with_random_blocks_16per_2 ----------
[00:00:03:12:837] Valid states checked so far: 200,000, Expansions: 196,272, Global best: 40
[00:00:03:39:659] Path of length 39 found: [0, 9, 10, 11, 2, 3, 4, 13, 14, 15, 16, 25, 26, 35, 44, 43, 42, 33, 32, 31, 40, 39, 38, 29, 28, 27, 36, 45, 46, 55, 64, 65, 66, 57, 58, 59, 68, 69, 70, 71]
[00:00:03:39:660] ! Unidirectional s-t. expansions: 223,486, time: 219,660 [ms], path length: 39 [edges], generated: 227,549
[00:00:03:09:898] Valid states checked so far: 200,000, Expansions: 196,645, Global best: 38
[00:00:04:27:863] Path of length 39 found: [71, 70, 69, 68, 59, 58, 57, 66, 65, 64, 55, 46, 45, 36, 27, 28, 29, 38, 39, 40, 31, 32, 33, 42, 43, 44, 35, 26, 17, 16, 15, 14, 5, 4, 3, 2, 11, 10, 9, 0]
[00:00:04:27:864] ! Unidirectional t-s. expansions: 282,878, time: 267,864 [ms], path length: 39 [edges], generated: 286,941
[00:00:02:13:855] Path of length 39 found: [0, 9, 10, 11, 2, 3, 4, 13, 14, 15, 16, 25, 26, 35, 44, 43, 42, 33, 32, 31, 40, 39, 38, 29, 28, 27, 36, 45, 46, 55, 64, 65, 66, 57, 58, 59, 68, 69, 70, 71]
[00:00:02:14:364] ! Bidirectional. expansions: 217,880, time: 133,855 [ms], path length: 39 [edges], g_F: 20, g_B: 19, generated: {'F': 134,736, 'B': 141,276}, MM: 1, MMPER: 1.5%
[00:00:02:14:364] 
---------- SM_Grids/8x9_grid_with_random_blocks_16per_3 ----------
[00:00:01:29:885] Path of length 37 found: [0, 1, 2, 3, 4, 5, 14, 23, 24, 25, 34, 35, 44, 53, 52, 51, 42, 41, 40, 31, 30, 21, 20, 19, 28, 37, 46, 55, 64, 65, 66, 57, 58, 59, 68, 69, 70, 71]
[00:00:01:29:886] ! Unidirectional s-t. expansions: 85,190, time: 89,885 [ms], path length: 37 [edges], generated: 89,025
[00:00:02:35:872] Path of length 37 found: [71, 70, 69, 68, 59, 58, 57, 66, 65, 64, 55, 46, 37, 28, 19, 20, 21, 30, 39, 40, 41, 42, 51, 52, 53, 44, 35, 26, 25, 24, 23, 14, 5, 4, 3, 2, 1, 0]
[00:00:02:35:873] ! Unidirectional t-s. expansions: 154,572, time: 155,872 [ms], path length: 37 [edges], generated: 158,407
[00:00:02:18:646] Path of length 37 found: [0, 1, 2, 3, 4, 5, 14, 23, 24, 25, 34, 35, 44, 53, 52, 51, 42, 41, 40, 39, 30, 21, 20, 19, 28, 37, 46, 55, 64, 65, 66, 57, 58, 59, 68, 69, 70, 71]
[00:00:02:19:125] ! Bidirectional. expansions: 235,220, time: 138,646 [ms], path length: 37 [edges], g_F: 19, g_B: 18, generated: {'F': 158,743, 'B': 125,515}, MM: 1, MMPER: 1.6315789473684212%
[00:00:02:19:126] 
---------- SM_Grids/8x9_grid_with_random_blocks_16per_4 ----------
[00:00:03:15:138] Valid states checked so far: 200,000, Expansions: 194,581, Global best: 34
[00:00:04:06:125] Path of length 33 found: [0, 9, 18, 27, 36, 37, 38, 29, 20, 11, 12, 3, 4, 5, 6, 7, 16, 25, 24, 23, 32, 31, 40, 49, 50, 51, 42, 43, 44, 53, 62, 61, 70, 71]
[00:00:04:06:126] ! Unidirectional s-t. expansions: 244,603, time: 246,125 [ms], path length: 33 [edges], generated: 251,045
[00:00:03:23:688] Valid states checked so far: 200,000, Expansions: 194,241, Global best: 34
[00:00:03:42:810] Path of length 33 found: [71, 62, 53, 44, 43, 42, 51, 50, 49, 40, 31, 32, 23, 24, 25, 16, 7, 6, 5, 4, 3, 12, 21, 20, 29, 38, 37, 36, 27, 18, 9, 10, 1, 0]
[00:00:03:42:810] ! Unidirectional t-s. expansions: 213,863, time: 222,810 [ms], path length: 33 [edges], generated: 220,305
[00:00:02:47:171] Valid meeting checks so far: 200,000, state_vs_state: 0, state_vs_prefix: 0, prefix_vs_prefix: 200,000
[00:00:05:35:574] Valid meeting checks so far: 400,000, state_vs_state: 0, state_vs_prefix: 0, prefix_vs_prefix: 400,000
[00:00:07:32:636] Path of length 33 found: [0, 1, 10, 19, 18, 27, 36, 37, 38, 47, 48, 49, 40, 31, 30, 21, 12, 3, 4, 5, 6, 7, 16, 25, 34, 35, 44, 53, 52, 51, 60, 69, 70, 71]
[00:00:07:33:107] ! Bidirectional. expansions: 806,120, time: 452,636 [ms], path length: 33 [edges], g_F: 17, g_B: 16, generated: {'F': 481,207, 'B': 451,823}, MM: 1, MMPER: 1.9411764705882355%
[00:00:07:33:107] 
---------- SM_Grids/8x9_grid_with_random_blocks_16per_5 ----------
[00:00:01:22:738] Path of length 31 found: [0, 9, 18, 19, 28, 37, 38, 39, 30, 21, 22, 23, 24, 15, 6, 7, 8, 17, 26, 35, 34, 43, 42, 41, 50, 49, 58, 67, 68, 69, 70, 71]
[00:00:01:22:738] ! Unidirectional s-t. expansions: 76,559, time: 82,738 [ms], path length: 31 [edges], generated: 78,125
[00:00:01:02:431] Path of length 31 found: [71, 70, 69, 60, 59, 58, 57, 48, 39, 40, 41, 42, 43, 34, 35, 26, 17, 8, 7, 6, 15, 24, 23, 22, 13, 12, 11, 20, 19, 18, 9, 0]
[00:00:01:02:431] ! Unidirectional t-s. expansions: 58,320, time: 62,431 [ms], path length: 31 [edges], generated: 59,886
[00:00:01:21:510] Path of length 31 found: [0, 9, 18, 19, 20, 11, 12, 13, 22, 23, 24, 15, 6, 7, 8, 17, 26, 35, 34, 43, 42, 41, 40, 39, 48, 57, 58, 59, 60, 69, 70, 71]
[00:00:01:21:992] ! Bidirectional. expansions: 144,678, time: 81,510 [ms], path length: 31 [edges], g_F: 16, g_B: 15, generated: {'F': 73,758, 'B': 89,389}, MM: 1, MMPER: 2.125%
[00:00:01:21:992] 
---------- SM_Grids/8x9_grid_with_random_blocks_16per_6 ----------
[00:00:02:18:411] Path of length 25 found: [0, 1, 2, 11, 20, 19, 18, 27, 36, 45, 54, 63, 64, 65, 56, 57, 58, 49, 40, 41, 42, 51, 60, 61, 62, 71]
[00:00:02:18:411] ! Unidirectional s-t. expansions: 133,680, time: 138,411 [ms], path length: 25 [edges], generated: 135,086
[00:00:00:55:614] Path of length 25 found: [71, 62, 53, 52, 51, 42, 41, 40, 49, 58, 57, 56, 65, 64, 63, 54, 45, 36, 27, 18, 19, 20, 11, 2, 1, 0]
[00:00:00:55:614] ! Unidirectional t-s. expansions: 53,897, time: 55,614 [ms], path length: 25 [edges], generated: 55,303
[00:00:00:42:231] Path of length 25 found: [0, 1, 2, 11, 20, 19, 18, 27, 36, 45, 54, 63, 64, 65, 56, 57, 58, 49, 40, 41, 42, 51, 52, 53, 62, 71]
[00:00:00:42:732] ! Bidirectional. expansions: 59,214, time: 42,231 [ms], path length: 25 [edges], g_F: 13, g_B: 12, generated: {'F': 47,949, 'B': 35,534}, MM: 1, MMPER: 2.8461538461538463%
[00:00:00:42:732] 
---------- SM_Grids/8x9_grid_with_random_blocks_16per_7 ----------
[00:00:03:06:329] Valid states checked so far: 200,000, Expansions: 195,500, Global best: 36
[00:00:05:42:253] Path of length 37 found: [0, 1, 10, 19, 18, 27, 36, 45, 46, 47, 56, 57, 58, 67, 68, 69, 60, 51, 50, 41, 32, 31, 22, 21, 12, 3, 4, 5, 14, 15, 24, 25, 34, 43, 44, 53, 62, 71]
[00:00:05:42:253] ! Unidirectional s-t. expansions: 361,052, time: 342,253 [ms], path length: 37 [edges], generated: 369,233
[00:00:03:17:413] Valid states checked so far: 200,000, Expansions: 193,205, Global best: 38
[00:00:04:03:398] Path of length 37 found: [71, 62, 53, 44, 43, 34, 25, 24, 15, 6, 5, 4, 3, 12, 21, 30, 31, 32, 41, 50, 51, 60, 69, 68, 67, 58, 57, 48, 47, 38, 37, 36, 27, 18, 9, 10, 1, 0]
[00:00:04:03:399] ! Unidirectional t-s. expansions: 238,301, time: 243,399 [ms], path length: 37 [edges], generated: 246,482
[00:00:02:24:996] Valid meeting checks so far: 200,000, state_vs_state: 0, state_vs_prefix: 0, prefix_vs_prefix: 200,000
[00:00:04:53:630] Valid meeting checks so far: 400,000, state_vs_state: 0, state_vs_prefix: 0, prefix_vs_prefix: 400,000
[00:00:06:22:378] Path of length 37 found: [0, 1, 10, 19, 18, 27, 36, 45, 46, 47, 56, 57, 58, 67, 68, 69, 60, 51, 50, 41, 32, 31, 30, 21, 12, 3, 4, 5, 6, 15, 24, 25, 34, 43, 44, 53, 62, 71]
[00:00:06:22:856] ! Bidirectional. expansions: 640,932, time: 382,378 [ms], path length: 37 [edges], g_F: 19, g_B: 18, generated: {'F': 430,447, 'B': 386,429}, MM: 1, MMPER: 1.6315789473684212%
[00:00:06:22:856] 
---------- SM_Grids/8x9_grid_with_random_blocks_16per_8 ----------
[00:00:03:04:866] Valid states checked so far: 200,000, Expansions: 192,978, Global best: 36
[00:00:04:19:167] Path of length 35 found: [0, 9, 18, 27, 36, 45, 54, 63, 64, 65, 66, 67, 68, 59, 50, 49, 48, 39, 30, 29, 20, 11, 12, 13, 22, 23, 24, 25, 26, 35, 44, 43, 52, 61, 62, 71]
[00:00:04:19:168] ! Unidirectional s-t. expansions: 271,975, time: 259,167 [ms], path length: 35 [edges], generated: 282,358
[00:00:03:03:423] Valid states checked so far: 200,000, Expansions: 194,886, Global best: 34
[00:00:06:07:729] Valid states checked so far: 400,000, Expansions: 390,256, Global best: 36
[00:00:06:37:252] Path of length 35 found: [71, 62, 61, 52, 43, 44, 35, 26, 25, 24, 23, 22, 13, 12, 11, 20, 29, 38, 47, 48, 49, 50, 59, 68, 67, 66, 65, 64, 55, 54, 45, 36, 27, 18, 9, 0]
[00:00:06:37:253] ! Unidirectional t-s. expansions: 420,751, time: 397,253 [ms], path length: 35 [edges], generated: 431,134
[00:00:02:26:336] Valid meeting checks so far: 200,000, state_vs_state: 0, state_vs_prefix: 0, prefix_vs_prefix: 200,000
[00:00:04:06:587] Path of length 35 found: [0, 9, 18, 27, 36, 45, 54, 63, 64, 65, 66, 67, 68, 59, 50, 49, 48, 39, 38, 29, 20, 11, 12, 13, 22, 23, 24, 25, 26, 35, 44, 43, 52, 61, 62, 71]
[00:00:04:07:073] ! Bidirectional. expansions: 400,794, time: 246,587 [ms], path length: 35 [edges], g_F: 18, g_B: 17, generated: {'F': 253,293, 'B': 246,713}, MM: 1, MMPER: 1.7777777777777777%
[00:00:04:07:073] 
---------- SM_Grids/8x9_grid_with_random_blocks_16per_9 ----------
[00:00:03:07:199] Valid states checked so far: 200,000, Expansions: 194,433, Global best: 36
[00:00:06:12:007] Valid states checked so far: 400,000, Expansions: 388,675, Global best: 36
[00:00:08:19:011] Path of length 35 found: [0, 9, 10, 19, 28, 27, 36, 45, 46, 47, 48, 57, 58, 59, 50, 41, 32, 31, 22, 21, 12, 3, 4, 5, 14, 15, 24, 25, 34, 43, 44, 53, 62, 61, 70, 71]
[00:00:08:19:012] ! Unidirectional s-t. expansions: 520,896, time: 499,011 [ms], path length: 35 [edges], generated: 532,796
[00:00:03:08:262] Valid states checked so far: 200,000, Expansions: 194,044, Global best: 34
[00:00:06:09:579] Valid states checked so far: 400,000, Expansions: 389,818, Global best: 36
[00:00:07:49:644] Path of length 35 found: [71, 62, 61, 52, 43, 44, 35, 26, 25, 24, 15, 6, 5, 4, 3, 12, 21, 22, 31, 40, 41, 50, 59, 58, 57, 48, 47, 38, 29, 28, 27, 18, 9, 10, 1, 0]
[00:00:07:49:644] ! Unidirectional t-s. expansions: 500,169, time: 469,644 [ms], path length: 35 [edges], generated: 512,069
[00:00:02:20:742] Valid meeting checks so far: 200,000, state_vs_state: 0, state_vs_prefix: 0, prefix_vs_prefix: 200,000
[00:00:04:39:374] Valid meeting checks so far: 400,000, state_vs_state: 0, state_vs_prefix: 0, prefix_vs_prefix: 400,000
[00:00:06:56:838] Valid meeting checks so far: 600,000, state_vs_state: 0, state_vs_prefix: 0, prefix_vs_prefix: 600,000
[00:00:06:58:902] Path of length 35 found: [0, 9, 10, 19, 28, 27, 36, 45, 46, 47, 48, 57, 58, 59, 50, 41, 32, 31, 22, 21, 12, 3, 4, 5, 6, 15, 24, 25, 26, 35, 44, 43, 52, 61, 62, 71]
[00:00:06:59:362] ! Bidirectional. expansions: 682,298, time: 418,902 [ms], path length: 35 [edges], g_F: 18, g_B: 17, generated: {'F': 433,071, 'B': 464,290}, MM: 1, MMPER: 1.7777777777777777%

[00:00:06:59:362] average expansions: (318,837, 323,515, 564,657, 0)
[00:00:06:59:362] average time: (318,801, 322,201, 345,172, 0)
[00:00:06:59:362] X-DFBnB: 318,837 , 318,801 (expansions , time[ms])
[00:00:06:59:362] BiX-DFBnB: 564,657 , 345,172 (expansions , time[ms])

