Mon 09 Mar 2026 17:31:24 IST

SLURM_JOBID:		 15365790
SLURM_JOB_NODELIST:	 ise-cpu256-06 

--------------------------
date: SM_Grids
number_of_graphs: 10
graph_type: grid
size_of_graphs: [9, 9]
heuristic: heuristic0
snake: True
run_uni: True
run_bi: True
run_multi: False
solution_vertices: []
algorithms: ['DFBnB']
bsd: False
cube_first_dims: 4
cube_buffer_dim: None
backward_sym_generation: False
sym_coil: False
prefix_set: None

---------- SM_Grids/9x9_grid_with_random_blocks_16per_0 ----------
[00:00:03:37:279] Valid states checked so far: 200,000, Expansions: 192,190, Global best: 43
[00:00:07:16:790] Valid states checked so far: 400,000, Expansions: 383,200, Global best: 43
[00:00:11:02:083] Valid states checked so far: 600,000, Expansions: 573,446, Global best: 43
[00:00:14:39:420] Valid states checked so far: 800,000, Expansions: 763,530, Global best: 43
[00:00:18:22:487] Valid states checked so far: 1,000,000, Expansions: 956,042, Global best: 43
[00:00:19:46:312] Path of length 42 found: [0, 1, 10, 19, 28, 37, 46, 45, 54, 63, 72, 73, 74, 65, 56, 57, 58, 59, 60, 51, 42, 41, 40, 39, 30, 21, 12, 3, 4, 5, 14, 23, 24, 25, 26, 35, 44, 53, 62, 71, 70, 79, 80]
[00:00:19:46:312] ! Unidirectional s-t. expansions: 1,029,568, time: 1,186,312 [ms], path length: 42 [edges], generated: 1,074,481
[00:00:03:38:991] Valid states checked so far: 200,000, Expansions: 195,017, Global best: 41
[00:00:07:11:126] Valid states checked so far: 400,000, Expansions: 390,522, Global best: 41
[00:00:10:44:638] Valid states checked so far: 600,000, Expansions: 586,280, Global best: 41
[00:00:14:17:006] Valid states checked so far: 800,000, Expansions: 783,903, Global best: 41
[00:00:17:53:162] Valid states checked so far: 1,000,000, Expansions: 981,002, Global best: 41
[00:00:21:21:103] Valid states checked so far: 1,200,000, Expansions: 1,177,327, Global best: 41
[00:00:24:48:937] Valid states checked so far: 1,400,000, Expansions: 1,374,331, Global best: 41
[00:00:28:22:011] Valid states checked so far: 1,600,000, Expansions: 1,571,296, Global best: 41
[00:00:31:52:118] Valid states checked so far: 1,800,000, Expansions: 1,768,394, Global best: 41
[00:00:35:15:707] Valid states checked so far: 2,000,000, Expansions: 1,964,932, Global best: 41
[00:00:38:36:135] Valid states checked so far: 2,200,000, Expansions: 2,161,578, Global best: 41
[00:00:41:45:065] Valid states checked so far: 2,400,000, Expansions: 2,356,702, Global best: 41
[00:00:42:38:481] Path of length 40 found: [80, 71, 62, 53, 44, 35, 26, 25, 24, 23, 14, 5, 4, 3, 12, 21, 30, 39, 40, 41, 42, 51, 60, 59, 58, 57, 56, 65, 74, 73, 72, 63, 54, 45, 46, 37, 28, 19, 10, 1, 0]
[00:00:42:38:482] ! Unidirectional t-s. expansions: 2,414,758, time: 2,558,482 [ms], path length: 40 [edges], generated: 2,459,671
[00:00:02:40:087] Valid meeting checks so far: 200,000, state_vs_state: 6,022, state_vs_prefix: 0, prefix_vs_prefix: 193,978
[00:00:05:22:686] Valid meeting checks so far: 400,000, state_vs_state: 11,855, state_vs_prefix: 0, prefix_vs_prefix: 388,145
[00:00:08:19:255] Valid meeting checks so far: 600,000, state_vs_state: 22,466, state_vs_prefix: 0, prefix_vs_prefix: 577,534
[00:00:11:04:134] Valid meeting checks so far: 800,000, state_vs_state: 30,121, state_vs_prefix: 0, prefix_vs_prefix: 769,879
[00:00:13:48:226] Valid meeting checks so far: 1,000,000, state_vs_state: 35,249, state_vs_prefix: 0, prefix_vs_prefix: 964,751
[00:00:16:34:437] Valid meeting checks so far: 1,200,000, state_vs_state: 44,616, state_vs_prefix: 0, prefix_vs_prefix: 1,155,384
[00:00:16:39:254] Path of length 40 found: [0, 1, 10, 19, 28, 37, 46, 45, 54, 63, 72, 73, 74, 65, 56, 57, 58, 59, 60, 51, 42, 41, 40, 39, 30, 21, 12, 3, 4, 5, 14, 23, 24, 25, 26, 35, 44, 53, 62, 71, 80]
[00:00:16:39:822] ! Bidirectional. expansions: 1,514,400, time: 999,254 [ms], path length: 40 [edges], g_F: 20, g_B: 20, generated: {'F': 965,345, 'B': 949,016}, MM: 0, MMPER: -1.0%
[00:00:16:39:822] 
---------- SM_Grids/9x9_grid_with_random_blocks_16per_1 ----------
[00:00:03:33:973] Valid states checked so far: 200,000, Expansions: 192,104, Global best: 33
[00:00:07:06:078] Valid states checked so far: 400,000, Expansions: 384,780, Global best: 35
[00:00:10:50:188] Valid states checked so far: 600,000, Expansions: 579,199, Global best: 35
[00:00:10:59:652] Path of length 34 found: [0, 9, 10, 11, 2, 3, 4, 5, 6, 15, 24, 23, 22, 21, 30, 29, 28, 27, 36, 45, 54, 55, 56, 47, 48, 49, 50, 41, 42, 43, 52, 61, 70, 71, 80]
[00:00:10:59:652] ! Unidirectional s-t. expansions: 587,918, time: 659,652 [ms], path length: 34 [edges], generated: 608,976
[00:00:03:42:801] Valid states checked so far: 200,000, Expansions: 195,890, Global best: 35
[00:00:07:21:639] Valid states checked so far: 400,000, Expansions: 391,242, Global best: 35
[00:00:11:00:794] Valid states checked so far: 600,000, Expansions: 586,440, Global best: 35
[00:00:14:39:665] Valid states checked so far: 800,000, Expansions: 781,701, Global best: 35
[00:00:16:44:381] Path of length 34 found: [80, 71, 62, 53, 44, 43, 42, 41, 50, 49, 48, 47, 56, 55, 54, 45, 36, 27, 18, 19, 20, 29, 30, 31, 22, 23, 24, 15, 6, 5, 4, 3, 2, 1, 0]
[00:00:16:44:381] ! Unidirectional t-s. expansions: 893,729, time: 1,004,381 [ms], path length: 34 [edges], generated: 914,787
[00:00:03:00:832] Valid meeting checks so far: 200,000, state_vs_state: 6,591, state_vs_prefix: 0, prefix_vs_prefix: 193,409
[00:00:06:02:324] Valid meeting checks so far: 400,000, state_vs_state: 9,441, state_vs_prefix: 0, prefix_vs_prefix: 390,559
[00:00:08:57:609] Valid meeting checks so far: 600,000, state_vs_state: 13,193, state_vs_prefix: 0, prefix_vs_prefix: 586,807
[00:00:11:58:170] Valid meeting checks so far: 800,000, state_vs_state: 16,729, state_vs_prefix: 0, prefix_vs_prefix: 783,271
[00:00:14:58:939] Valid meeting checks so far: 1,000,000, state_vs_state: 19,641, state_vs_prefix: 0, prefix_vs_prefix: 980,359
[00:00:16:18:660] Path of length 34 found: [0, 9, 10, 11, 2, 3, 4, 5, 6, 15, 24, 23, 22, 21, 30, 29, 28, 27, 36, 45, 54, 55, 56, 47, 48, 49, 50, 41, 42, 43, 44, 53, 62, 71, 80]
[00:00:16:19:168] ! Bidirectional. expansions: 1,513,572, time: 978,660 [ms], path length: 34 [edges], g_F: 17, g_B: 17, generated: {'F': 838,364, 'B': 971,366}, MM: 0, MMPER: -1.0%
[00:00:16:19:168] 
---------- SM_Grids/9x9_grid_with_random_blocks_16per_2 ----------
[00:00:03:03:702] Valid states checked so far: 200,000, Expansions: 198,735, Global best: 45
[00:00:06:07:209] Valid states checked so far: 400,000, Expansions: 391,550, Global best: 45
[00:00:09:11:838] Valid states checked so far: 600,000, Expansions: 584,729, Global best: 45
[00:00:12:26:253] Valid states checked so far: 800,000, Expansions: 781,708, Global best: 45
[00:00:15:44:505] Valid states checked so far: 1,000,000, Expansions: 980,762, Global best: 45
[00:00:18:59:113] Valid states checked so far: 1,200,000, Expansions: 1,176,764, Global best: 45
[00:00:22:12:563] Valid states checked so far: 1,400,000, Expansions: 1,375,088, Global best: 45
[00:00:25:30:648] Valid states checked so far: 1,600,000, Expansions: 1,573,160, Global best: 45
[00:00:28:44:856] Valid states checked so far: 1,800,000, Expansions: 1,769,344, Global best: 45
[00:00:31:59:269] Valid states checked so far: 2,000,000, Expansions: 1,968,437, Global best: 45
[00:00:35:10:029] Valid states checked so far: 2,200,000, Expansions: 2,167,694, Global best: 45
[00:00:38:17:620] Valid states checked so far: 2,400,000, Expansions: 2,362,414, Global best: 45
[00:00:41:28:915] Valid states checked so far: 2,600,000, Expansions: 2,555,516, Global best: 45
[00:00:44:30:826] Valid states checked so far: 2,800,000, Expansions: 2,747,503, Global best: 45
[00:00:47:43:994] Valid states checked so far: 3,000,000, Expansions: 2,943,699, Global best: 45
[00:00:51:02:609] Valid states checked so far: 3,200,000, Expansions: 3,142,808, Global best: 45
[00:00:54:20:446] Valid states checked so far: 3,400,000, Expansions: 3,339,367, Global best: 45
[00:00:57:35:823] Valid states checked so far: 3,600,000, Expansions: 3,536,980, Global best: 45
[00:01:01:05:284] Valid states checked so far: 3,800,000, Expansions: 3,736,146, Global best: 45
[00:01:04:23:093] Valid states checked so far: 4,000,000, Expansions: 3,935,435, Global best: 45
[00:01:07:31:422] Valid states checked so far: 4,200,000, Expansions: 4,127,747, Global best: 45
[00:01:10:47:950] Valid states checked so far: 4,400,000, Expansions: 4,320,272, Global best: 45
[00:01:12:11:935] Path of length 44 found: [0, 9, 18, 19, 20, 11, 12, 13, 22, 31, 32, 33, 24, 15, 6, 7, 8, 17, 26, 35, 44, 43, 52, 51, 60, 59, 58, 49, 48, 39, 38, 37, 36, 45, 54, 63, 72, 73, 74, 75, 76, 77, 78, 79, 80]
[00:01:12:11:935] ! Unidirectional s-t. expansions: 4,405,687, time: 4,331,935 [ms], path length: 44 [edges], generated: 4,489,040
[00:00:03:38:783] Valid states checked so far: 200,000, Expansions: 189,958, Global best: 43
[00:00:06:58:420] Valid states checked so far: 400,000, Expansions: 376,714, Global best: 43
[00:00:10:13:584] Valid states checked so far: 600,000, Expansions: 563,444, Global best: 43
[00:00:14:20:173] Valid states checked so far: 800,000, Expansions: 751,057, Global best: 43
[00:00:19:02:090] Valid states checked so far: 1,000,000, Expansions: 938,387, Global best: 43
[00:00:23:55:275] Valid states checked so far: 1,200,000, Expansions: 1,126,888, Global best: 43
[00:00:27:23:962] Path of length 44 found: [80, 79, 78, 77, 76, 75, 66, 65, 56, 55, 54, 45, 36, 37, 38, 39, 48, 49, 58, 59, 60, 51, 52, 43, 44, 35, 26, 17, 8, 7, 6, 15, 24, 33, 32, 31, 22, 13, 12, 11, 20, 19, 18, 9, 0]
[00:00:27:23:963] ! Unidirectional t-s. expansions: 1,262,936, time: 1,643,962 [ms], path length: 44 [edges], generated: 1,346,289
[00:00:03:37:037] Valid meeting checks so far: 200,000, state_vs_state: 4,622, state_vs_prefix: 0, prefix_vs_prefix: 195,378
[00:00:07:06:076] Valid meeting checks so far: 400,000, state_vs_state: 9,478, state_vs_prefix: 0, prefix_vs_prefix: 390,522
[00:00:10:40:637] Valid meeting checks so far: 600,000, state_vs_state: 13,407, state_vs_prefix: 0, prefix_vs_prefix: 586,593
[00:00:13:55:389] Valid meeting checks so far: 800,000, state_vs_state: 18,550, state_vs_prefix: 0, prefix_vs_prefix: 781,450
[00:00:16:56:839] Valid meeting checks so far: 1,000,000, state_vs_state: 21,687, state_vs_prefix: 0, prefix_vs_prefix: 978,313
[00:00:19:32:137] Valid meeting checks so far: 1,200,000, state_vs_state: 24,153, state_vs_prefix: 0, prefix_vs_prefix: 1,175,847
[00:00:22:02:311] Valid meeting checks so far: 1,400,000, state_vs_state: 29,685, state_vs_prefix: 0, prefix_vs_prefix: 1,370,315
[00:00:24:31:244] Valid meeting checks so far: 1,600,000, state_vs_state: 36,443, state_vs_prefix: 0, prefix_vs_prefix: 1,563,557
[00:00:27:03:741] Valid meeting checks so far: 1,800,000, state_vs_state: 39,568, state_vs_prefix: 0, prefix_vs_prefix: 1,760,432
[00:00:29:34:029] Valid meeting checks so far: 2,000,000, state_vs_state: 45,234, state_vs_prefix: 0, prefix_vs_prefix: 1,954,766
[00:00:31:57:573] Valid meeting checks so far: 2,200,000, state_vs_state: 51,054, state_vs_prefix: 0, prefix_vs_prefix: 2,148,946
[00:00:34:26:899] Valid meeting checks so far: 2,400,000, state_vs_state: 54,245, state_vs_prefix: 0, prefix_vs_prefix: 2,345,755
[00:00:37:01:905] Valid meeting checks so far: 2,600,000, state_vs_state: 56,170, state_vs_prefix: 0, prefix_vs_prefix: 2,543,830
[00:00:39:36:017] Valid meeting checks so far: 2,800,000, state_vs_state: 61,706, state_vs_prefix: 0, prefix_vs_prefix: 2,738,294
[00:00:42:07:353] Valid meeting checks so far: 3,000,000, state_vs_state: 68,540, state_vs_prefix: 0, prefix_vs_prefix: 2,931,460
[00:00:44:42:656] Valid meeting checks so far: 3,200,000, state_vs_state: 71,595, state_vs_prefix: 0, prefix_vs_prefix: 3,128,405
[00:00:47:16:288] Valid meeting checks so far: 3,400,000, state_vs_state: 77,326, state_vs_prefix: 0, prefix_vs_prefix: 3,322,674
[00:00:49:29:051] Path of length 44 found: [0, 9, 18, 19, 20, 11, 12, 13, 22, 31, 32, 33, 24, 15, 6, 7, 8, 17, 26, 35, 44, 43, 52, 51, 60, 59, 58, 49, 48, 39, 38, 37, 36, 45, 54, 55, 56, 65, 66, 75, 76, 77, 78, 79, 80]
[00:00:49:29:530] ! Bidirectional. expansions: 4,563,816, time: 2,969,051 [ms], path length: 44 [edges], g_F: 22, g_B: 22, generated: {'F': 3,174,529, 'B': 2,532,978}, MM: 0, MMPER: -1.0%
[00:00:49:29:530] 
---------- SM_Grids/9x9_grid_with_random_blocks_16per_3 ----------
[00:00:03:21:423] Valid states checked so far: 200,000, Expansions: 196,849, Global best: 43
[00:00:06:46:954] Valid states checked so far: 400,000, Expansions: 392,667, Global best: 43
[00:00:09:58:902] Valid states checked so far: 600,000, Expansions: 584,235, Global best: 43
[00:00:13:19:312] Valid states checked so far: 800,000, Expansions: 779,356, Global best: 43
[00:00:16:43:205] Valid states checked so far: 1,000,000, Expansions: 973,635, Global best: 43
[00:00:20:07:977] Valid states checked so far: 1,200,000, Expansions: 1,170,782, Global best: 43
[00:00:23:32:899] Valid states checked so far: 1,400,000, Expansions: 1,366,592, Global best: 43
[00:00:26:43:267] Valid states checked so far: 1,600,000, Expansions: 1,558,037, Global best: 43
[00:00:30:06:782] Valid states checked so far: 1,800,000, Expansions: 1,753,092, Global best: 43
[00:00:33:21:282] Path of length 42 found: [0, 9, 10, 11, 20, 21, 30, 39, 38, 37, 46, 55, 56, 65, 74, 75, 76, 67, 58, 49, 50, 41, 42, 33, 24, 23, 14, 5, 6, 7, 16, 17, 26, 35, 44, 53, 52, 61, 60, 69, 78, 79, 80]
[00:00:33:21:283] ! Unidirectional s-t. expansions: 1,937,083, time: 2,001,283 [ms], path length: 42 [edges], generated: 1,989,104
[00:00:03:39:298] Valid states checked so far: 200,000, Expansions: 196,967, Global best: 41
[00:00:07:14:551] Valid states checked so far: 400,000, Expansions: 394,821, Global best: 41
[00:00:10:55:455] Valid states checked so far: 600,000, Expansions: 589,197, Global best: 41
[00:00:14:49:390] Valid states checked so far: 800,000, Expansions: 783,925, Global best: 41
[00:00:18:33:423] Valid states checked so far: 1,000,000, Expansions: 975,777, Global best: 41
[00:00:22:27:947] Valid states checked so far: 1,200,000, Expansions: 1,172,797, Global best: 41
[00:00:26:16:582] Valid states checked so far: 1,400,000, Expansions: 1,366,319, Global best: 41
[00:00:30:13:927] Valid states checked so far: 1,600,000, Expansions: 1,561,589, Global best: 43
[00:00:34:04:503] Valid states checked so far: 1,800,000, Expansions: 1,752,937, Global best: 43
[00:00:35:39:232] Path of length 42 found: [80, 79, 78, 69, 60, 61, 52, 53, 44, 35, 26, 17, 16, 7, 6, 5, 14, 23, 24, 33, 42, 41, 50, 49, 58, 67, 76, 75, 74, 65, 56, 55, 46, 37, 38, 39, 30, 21, 20, 11, 10, 1, 0]
[00:00:35:39:232] ! Unidirectional t-s. expansions: 1,832,506, time: 2,139,232 [ms], path length: 42 [edges], generated: 1,884,527
[00:00:02:54:084] Valid meeting checks so far: 200,000, state_vs_state: 3,244, state_vs_prefix: 0, prefix_vs_prefix: 196,756
[00:00:05:41:725] Valid meeting checks so far: 400,000, state_vs_state: 6,441, state_vs_prefix: 0, prefix_vs_prefix: 393,559
[00:00:08:26:516] Valid meeting checks so far: 600,000, state_vs_state: 12,676, state_vs_prefix: 0, prefix_vs_prefix: 587,324
[00:00:11:23:234] Valid meeting checks so far: 800,000, state_vs_state: 16,972, state_vs_prefix: 0, prefix_vs_prefix: 783,028
[00:00:14:08:533] Valid meeting checks so far: 1,000,000, state_vs_state: 26,255, state_vs_prefix: 0, prefix_vs_prefix: 973,745
[00:00:17:02:948] Valid meeting checks so far: 1,200,000, state_vs_state: 29,275, state_vs_prefix: 0, prefix_vs_prefix: 1,170,725
[00:00:19:51:685] Valid meeting checks so far: 1,400,000, state_vs_state: 32,496, state_vs_prefix: 0, prefix_vs_prefix: 1,367,504
[00:00:22:37:627] Valid meeting checks so far: 1,600,000, state_vs_state: 38,904, state_vs_prefix: 0, prefix_vs_prefix: 1,561,096
[00:00:25:26:936] Valid meeting checks so far: 1,800,000, state_vs_state: 43,015, state_vs_prefix: 0, prefix_vs_prefix: 1,756,985
[00:00:28:06:786] Path of length 42 found: [0, 9, 10, 11, 20, 21, 30, 39, 38, 37, 46, 55, 56, 65, 74, 75, 76, 67, 58, 49, 50, 41, 42, 33, 24, 23, 14, 5, 6, 7, 16, 17, 26, 35, 44, 53, 52, 61, 60, 69, 78, 79, 80]
[00:00:28:07:327] ! Bidirectional. expansions: 2,389,646, time: 1,686,786 [ms], path length: 42 [edges], g_F: 21, g_B: 21, generated: {'F': 1,720,964, 'B': 1,372,738}, MM: 0, MMPER: -1.0%
[00:00:28:07:327] 
---------- SM_Grids/9x9_grid_with_random_blocks_16per_4 ----------
[00:00:03:15:125] Valid states checked so far: 200,000, Expansions: 196,671, Global best: 43
[00:00:06:45:101] Valid states checked so far: 400,000, Expansions: 393,979, Global best: 43
[00:00:10:15:167] Valid states checked so far: 600,000, Expansions: 590,480, Global best: 43
[00:00:13:49:761] Valid states checked so far: 800,000, Expansions: 787,693, Global best: 43
[00:00:17:07:017] Valid states checked so far: 1,000,000, Expansions: 983,104, Global best: 45
[00:00:20:32:738] Valid states checked so far: 1,200,000, Expansions: 1,177,795, Global best: 45
[00:00:23:59:002] Valid states checked so far: 1,400,000, Expansions: 1,374,644, Global best: 45
[00:00:27:29:200] Valid states checked so far: 1,600,000, Expansions: 1,571,351, Global best: 45
[00:00:30:55:217] Valid states checked so far: 1,800,000, Expansions: 1,767,153, Global best: 45
[00:00:34:19:687] Valid states checked so far: 2,000,000, Expansions: 1,964,191, Global best: 45
[00:00:37:41:937] Valid states checked so far: 2,200,000, Expansions: 2,160,685, Global best: 45
[00:00:41:05:094] Valid states checked so far: 2,400,000, Expansions: 2,358,034, Global best: 45
[00:00:44:23:592] Valid states checked so far: 2,600,000, Expansions: 2,553,807, Global best: 45
[00:00:47:39:376] Valid states checked so far: 2,800,000, Expansions: 2,750,471, Global best: 45
[00:00:50:58:292] Valid states checked so far: 3,000,000, Expansions: 2,946,796, Global best: 45
[00:00:52:21:473] Path of length 44 found: [0, 9, 18, 19, 20, 11, 2, 3, 4, 13, 14, 15, 6, 7, 8, 17, 26, 35, 44, 43, 42, 41, 40, 49, 48, 47, 38, 37, 36, 45, 54, 55, 64, 65, 74, 75, 76, 67, 68, 59, 60, 61, 70, 71, 80]
[00:00:52:21:474] ! Unidirectional s-t. expansions: 3,028,647, time: 3,141,473 [ms], path length: 44 [edges], generated: 3,083,478
[00:00:03:26:677] Valid states checked so far: 200,000, Expansions: 190,886, Global best: 45
[00:00:06:52:003] Valid states checked so far: 400,000, Expansions: 383,509, Global best: 45
[00:00:10:25:138] Valid states checked so far: 600,000, Expansions: 578,223, Global best: 45
[00:00:13:47:292] Valid states checked so far: 800,000, Expansions: 771,896, Global best: 45
[00:00:17:03:776] Valid states checked so far: 1,000,000, Expansions: 964,877, Global best: 45
[00:00:20:36:009] Valid states checked so far: 1,200,000, Expansions: 1,159,804, Global best: 45
[00:00:24:15:856] Valid states checked so far: 1,400,000, Expansions: 1,355,495, Global best: 45
[00:00:27:50:512] Valid states checked so far: 1,600,000, Expansions: 1,549,044, Global best: 45
[00:00:29:56:852] Path of length 44 found: [80, 71, 62, 53, 44, 35, 26, 17, 8, 7, 6, 15, 24, 33, 42, 41, 40, 49, 58, 59, 60, 69, 78, 77, 76, 75, 66, 65, 56, 47, 38, 37, 36, 27, 18, 19, 20, 21, 22, 13, 4, 3, 2, 1, 0]
[00:00:29:56:853] ! Unidirectional t-s. expansions: 1,660,693, time: 1,796,852 [ms], path length: 44 [edges], generated: 1,715,524
[00:00:02:26:027] Valid meeting checks so far: 200,000, state_vs_state: 5,694, state_vs_prefix: 0, prefix_vs_prefix: 194,306
[00:00:05:13:989] Valid meeting checks so far: 400,000, state_vs_state: 11,352, state_vs_prefix: 0, prefix_vs_prefix: 388,648
[00:00:07:53:934] Valid meeting checks so far: 600,000, state_vs_state: 17,970, state_vs_prefix: 0, prefix_vs_prefix: 582,030
[00:00:10:29:925] Valid meeting checks so far: 800,000, state_vs_state: 25,023, state_vs_prefix: 0, prefix_vs_prefix: 774,977
[00:00:13:02:116] Valid meeting checks so far: 1,000,000, state_vs_state: 31,364, state_vs_prefix: 0, prefix_vs_prefix: 968,636
[00:00:15:31:826] Valid meeting checks so far: 1,200,000, state_vs_state: 39,883, state_vs_prefix: 0, prefix_vs_prefix: 1,160,117
[00:00:17:53:671] Valid meeting checks so far: 1,400,000, state_vs_state: 44,414, state_vs_prefix: 0, prefix_vs_prefix: 1,355,586
[00:00:20:30:737] Valid meeting checks so far: 1,600,000, state_vs_state: 47,293, state_vs_prefix: 0, prefix_vs_prefix: 1,552,707
[00:00:23:05:608] Valid meeting checks so far: 1,800,000, state_vs_state: 50,740, state_vs_prefix: 0, prefix_vs_prefix: 1,749,260
[00:00:25:35:637] Valid meeting checks so far: 2,000,000, state_vs_state: 54,295, state_vs_prefix: 0, prefix_vs_prefix: 1,945,705
[00:00:25:50:593] Path of length 44 found: [0, 9, 18, 19, 20, 11, 2, 3, 4, 13, 14, 15, 6, 7, 8, 17, 26, 35, 44, 43, 42, 41, 40, 49, 48, 47, 38, 37, 36, 45, 54, 55, 64, 65, 74, 75, 76, 67, 68, 59, 60, 61, 62, 71, 80]
[00:00:25:51:155] ! Bidirectional. expansions: 2,148,616, time: 1,550,593 [ms], path length: 44 [edges], g_F: 22, g_B: 22, generated: {'F': 1,390,331, 'B': 1,557,249}, MM: 0, MMPER: -1.0%
[00:00:25:51:155] 
---------- SM_Grids/9x9_grid_with_random_blocks_16per_5 ----------
[00:00:03:35:131] Valid states checked so far: 200,000, Expansions: 194,481, Global best: 39
[00:00:07:22:047] Valid states checked so far: 400,000, Expansions: 390,472, Global best: 39
[00:00:11:06:004] Valid states checked so far: 600,000, Expansions: 587,795, Global best: 39
[00:00:14:38:409] Valid states checked so far: 800,000, Expansions: 785,623, Global best: 39
[00:00:18:14:685] Valid states checked so far: 1,000,000, Expansions: 984,427, Global best: 39
[00:00:21:57:835] Valid states checked so far: 1,200,000, Expansions: 1,181,017, Global best: 39
[00:00:25:26:786] Valid states checked so far: 1,400,000, Expansions: 1,378,451, Global best: 39
[00:00:28:57:939] Valid states checked so far: 1,600,000, Expansions: 1,577,664, Global best: 41
[00:00:32:28:302] Valid states checked so far: 1,800,000, Expansions: 1,774,667, Global best: 41
[00:00:36:05:037] Valid states checked so far: 2,000,000, Expansions: 1,971,452, Global best: 41
[00:00:39:33:953] Valid states checked so far: 2,200,000, Expansions: 2,170,856, Global best: 41
[00:00:39:36:514] Path of length 40 found: [0, 1, 2, 3, 12, 13, 22, 23, 24, 33, 34, 35, 44, 53, 52, 51, 50, 41, 40, 39, 30, 29, 20, 19, 18, 27, 36, 45, 54, 63, 72, 73, 74, 65, 66, 67, 68, 69, 70, 71, 80]
[00:00:39:36:515] ! Unidirectional s-t. expansions: 2,173,329, time: 2,376,514 [ms], path length: 40 [edges], generated: 2,202,472
[00:00:03:52:709] Valid states checked so far: 200,000, Expansions: 197,976, Global best: 39
[00:00:07:40:458] Valid states checked so far: 400,000, Expansions: 392,412, Global best: 39
[00:00:11:31:807] Valid states checked so far: 600,000, Expansions: 586,663, Global best: 39
[00:00:15:12:043] Valid states checked so far: 800,000, Expansions: 782,207, Global best: 39
[00:00:18:59:760] Valid states checked so far: 1,000,000, Expansions: 977,494, Global best: 39
[00:00:22:43:210] Valid states checked so far: 1,200,000, Expansions: 1,171,715, Global best: 41
[00:00:22:59:992] Path of length 40 found: [80, 71, 70, 69, 68, 67, 66, 65, 74, 73, 72, 63, 54, 45, 36, 27, 18, 19, 20, 29, 38, 47, 48, 49, 50, 51, 52, 43, 44, 35, 26, 25, 24, 23, 22, 13, 4, 3, 2, 1, 0]
[00:00:22:59:993] ! Unidirectional t-s. expansions: 1,187,107, time: 1,379,992 [ms], path length: 40 [edges], generated: 1,216,250
[00:00:02:52:100] Valid meeting checks so far: 200,000, state_vs_state: 12,399, state_vs_prefix: 0, prefix_vs_prefix: 187,601
[00:00:05:41:298] Valid meeting checks so far: 400,000, state_vs_state: 19,926, state_vs_prefix: 0, prefix_vs_prefix: 380,074
[00:00:08:25:401] Valid meeting checks so far: 600,000, state_vs_state: 27,382, state_vs_prefix: 0, prefix_vs_prefix: 572,618
[00:00:09:07:552] Path of length 40 found: [0, 1, 2, 3, 12, 13, 22, 23, 24, 33, 34, 35, 44, 53, 52, 51, 50, 41, 40, 39, 30, 29, 20, 19, 18, 27, 36, 45, 54, 63, 72, 73, 74, 65, 66, 67, 68, 69, 70, 71, 80]
[00:00:09:08:086] ! Bidirectional. expansions: 710,680, time: 547,552 [ms], path length: 40 [edges], g_F: 20, g_B: 20, generated: {'F': 487,764, 'B': 474,682}, MM: 0, MMPER: -1.0%
[00:00:09:08:086] 
---------- SM_Grids/9x9_grid_with_random_blocks_16per_6 ----------
[00:00:03:31:293] Valid states checked so far: 200,000, Expansions: 196,549, Global best: 45
[00:00:07:07:772] Valid states checked so far: 400,000, Expansions: 393,810, Global best: 45
[00:00:10:47:169] Valid states checked so far: 600,000, Expansions: 591,212, Global best: 45
[00:00:14:26:329] Valid states checked so far: 800,000, Expansions: 788,693, Global best: 45
[00:00:17:58:340] Valid states checked so far: 1,000,000, Expansions: 985,626, Global best: 45
[00:00:21:30:915] Valid states checked so far: 1,200,000, Expansions: 1,182,427, Global best: 45
[00:00:25:12:098] Valid states checked so far: 1,400,000, Expansions: 1,380,226, Global best: 45
[00:00:28:44:477] Valid states checked so far: 1,600,000, Expansions: 1,576,975, Global best: 45
[00:00:32:30:436] Valid states checked so far: 1,800,000, Expansions: 1,774,671, Global best: 45
[00:00:36:13:289] Valid states checked so far: 2,000,000, Expansions: 1,972,167, Global best: 45
[00:00:38:24:300] Path of length 46 found: [0, 1, 2, 3, 4, 13, 14, 15, 6, 7, 8, 17, 26, 35, 44, 53, 52, 51, 42, 33, 32, 31, 30, 21, 20, 19, 18, 27, 36, 45, 54, 63, 64, 65, 56, 47, 48, 49, 58, 67, 76, 77, 78, 69, 70, 71, 80]
[00:00:38:24:301] ! Unidirectional s-t. expansions: 2,090,633, time: 2,304,300 [ms], path length: 46 [edges], generated: 2,120,665
[00:00:03:35:490] Valid states checked so far: 200,000, Expansions: 195,039, Global best: 43
[00:00:07:19:967] Valid states checked so far: 400,000, Expansions: 392,585, Global best: 45
[00:00:10:55:357] Valid states checked so far: 600,000, Expansions: 590,320, Global best: 45
[00:00:14:26:002] Valid states checked so far: 800,000, Expansions: 787,651, Global best: 45
[00:00:17:58:072] Valid states checked so far: 1,000,000, Expansions: 982,804, Global best: 45
[00:00:21:31:119] Valid states checked so far: 1,200,000, Expansions: 1,179,394, Global best: 45
[00:00:24:51:182] Valid states checked so far: 1,400,000, Expansions: 1,374,913, Global best: 47
[00:00:28:12:597] Valid states checked so far: 1,600,000, Expansions: 1,570,796, Global best: 47
[00:00:28:54:224] Path of length 46 found: [80, 71, 70, 69, 78, 77, 76, 67, 58, 49, 48, 47, 56, 65, 64, 63, 54, 45, 36, 27, 18, 19, 20, 21, 30, 31, 32, 41, 42, 51, 52, 53, 44, 35, 26, 17, 8, 7, 6, 15, 14, 13, 4, 3, 2, 1, 0]
[00:00:28:54:224] ! Unidirectional t-s. expansions: 1,609,622, time: 1,734,224 [ms], path length: 46 [edges], generated: 1,639,654
[00:00:02:45:802] Valid meeting checks so far: 200,000, state_vs_state: 3,375, state_vs_prefix: 0, prefix_vs_prefix: 196,625
[00:00:05:34:672] Valid meeting checks so far: 400,000, state_vs_state: 8,240, state_vs_prefix: 0, prefix_vs_prefix: 391,760
[00:00:08:45:008] Valid meeting checks so far: 600,000, state_vs_state: 10,865, state_vs_prefix: 0, prefix_vs_prefix: 589,135
[00:00:11:34:027] Valid meeting checks so far: 800,000, state_vs_state: 15,165, state_vs_prefix: 0, prefix_vs_prefix: 784,835
[00:00:14:29:079] Valid meeting checks so far: 1,000,000, state_vs_state: 18,812, state_vs_prefix: 0, prefix_vs_prefix: 981,188
[00:00:17:22:085] Valid meeting checks so far: 1,200,000, state_vs_state: 22,245, state_vs_prefix: 0, prefix_vs_prefix: 1,177,755
[00:00:20:21:388] Valid meeting checks so far: 1,400,000, state_vs_state: 25,766, state_vs_prefix: 0, prefix_vs_prefix: 1,374,234
[00:00:23:06:875] Valid meeting checks so far: 1,600,000, state_vs_state: 28,962, state_vs_prefix: 0, prefix_vs_prefix: 1,571,038
[00:00:23:37:081] Path of length 46 found: [0, 1, 2, 3, 4, 13, 14, 15, 6, 7, 8, 17, 26, 35, 44, 53, 52, 51, 42, 33, 32, 31, 30, 21, 20, 19, 18, 27, 36, 45, 54, 63, 64, 65, 56, 47, 48, 49, 58, 67, 76, 77, 78, 69, 70, 71, 80]
[00:00:23:37:603] ! Bidirectional. expansions: 2,160,590, time: 1,417,081 [ms], path length: 46 [edges], g_F: 23, g_B: 23, generated: {'F': 1,322,013, 'B': 1,305,851}, MM: 0, MMPER: -1.0%
[00:00:23:37:603] 
---------- SM_Grids/9x9_grid_with_random_blocks_16per_7 ----------
[00:00:03:38:245] Valid states checked so far: 200,000, Expansions: 194,935, Global best: 43
[00:00:07:12:459] Valid states checked so far: 400,000, Expansions: 391,575, Global best: 43
[00:00:10:37:540] Valid states checked so far: 600,000, Expansions: 586,162, Global best: 43
[00:00:14:09:928] Valid states checked so far: 800,000, Expansions: 782,996, Global best: 43
[00:00:17:38:059] Valid states checked so far: 1,000,000, Expansions: 978,865, Global best: 43
[00:00:17:50:728] Path of length 42 found: [0, 9, 10, 19, 28, 27, 36, 45, 54, 63, 72, 73, 74, 65, 56, 47, 38, 39, 40, 41, 32, 23, 22, 21, 12, 3, 4, 5, 6, 15, 16, 25, 34, 43, 52, 51, 60, 59, 68, 77, 78, 79, 80]
[00:00:17:50:728] ! Unidirectional s-t. expansions: 990,615, time: 1,070,728 [ms], path length: 42 [edges], generated: 1,012,027
[00:00:03:27:719] Valid states checked so far: 200,000, Expansions: 198,470, Global best: 41
[00:00:06:46:214] Valid states checked so far: 400,000, Expansions: 396,596, Global best: 43
[00:00:10:00:130] Valid states checked so far: 600,000, Expansions: 594,120, Global best: 43
[00:00:13:20:710] Valid states checked so far: 800,000, Expansions: 792,765, Global best: 43
[00:00:16:44:250] Valid states checked so far: 1,000,000, Expansions: 990,557, Global best: 43
[00:00:20:06:830] Valid states checked so far: 1,200,000, Expansions: 1,186,731, Global best: 43
[00:00:23:29:883] Valid states checked so far: 1,400,000, Expansions: 1,384,972, Global best: 43
[00:00:26:47:275] Valid states checked so far: 1,600,000, Expansions: 1,583,162, Global best: 43
[00:00:30:20:075] Valid states checked so far: 1,800,000, Expansions: 1,779,954, Global best: 43
[00:00:31:02:006] Path of length 42 found: [80, 79, 78, 69, 60, 59, 58, 49, 48, 47, 56, 65, 74, 73, 72, 63, 54, 45, 36, 27, 28, 29, 30, 21, 22, 23, 32, 41, 42, 43, 34, 25, 16, 15, 6, 5, 4, 3, 2, 11, 10, 9, 0]
[00:00:31:02:007] ! Unidirectional t-s. expansions: 1,819,164, time: 1,862,007 [ms], path length: 42 [edges], generated: 1,840,576
[00:00:02:33:712] Valid meeting checks so far: 200,000, state_vs_state: 3,960, state_vs_prefix: 0, prefix_vs_prefix: 196,040
[00:00:05:14:922] Valid meeting checks so far: 400,000, state_vs_state: 7,700, state_vs_prefix: 0, prefix_vs_prefix: 392,300
[00:00:07:57:454] Valid meeting checks so far: 600,000, state_vs_state: 12,219, state_vs_prefix: 0, prefix_vs_prefix: 587,781
[00:00:10:40:427] Valid meeting checks so far: 800,000, state_vs_state: 14,794, state_vs_prefix: 0, prefix_vs_prefix: 785,206
[00:00:13:13:220] Valid meeting checks so far: 1,000,000, state_vs_state: 18,717, state_vs_prefix: 0, prefix_vs_prefix: 981,283
[00:00:15:13:427] Path of length 42 found: [0, 9, 10, 19, 28, 27, 36, 45, 54, 63, 72, 73, 74, 65, 56, 47, 38, 39, 40, 41, 32, 23, 22, 21, 12, 3, 4, 5, 6, 15, 16, 25, 34, 43, 52, 51, 60, 59, 68, 77, 78, 79, 80]
[00:00:15:13:924] ! Bidirectional. expansions: 1,402,328, time: 913,427 [ms], path length: 42 [edges], g_F: 21, g_B: 21, generated: {'F': 891,405, 'B': 888,982}, MM: 0, MMPER: -1.0%
[00:00:15:13:925] 
---------- SM_Grids/9x9_grid_with_random_blocks_16per_8 ----------
[00:00:03:15:846] Valid states checked so far: 200,000, Expansions: 193,525, Global best: 43
[00:00:06:26:794] Valid states checked so far: 400,000, Expansions: 388,317, Global best: 43
[00:00:09:31:808] Valid states checked so far: 600,000, Expansions: 583,134, Global best: 45
[00:00:12:37:045] Valid states checked so far: 800,000, Expansions: 777,594, Global best: 45
[00:00:15:39:426] Valid states checked so far: 1,000,000, Expansions: 971,814, Global best: 45
[00:00:18:44:246] Valid states checked so far: 1,200,000, Expansions: 1,165,085, Global best: 45
[00:00:21:49:983] Valid states checked so far: 1,400,000, Expansions: 1,360,388, Global best: 45
[00:00:24:53:282] Valid states checked so far: 1,600,000, Expansions: 1,554,892, Global best: 45
[00:00:27:57:160] Valid states checked so far: 1,800,000, Expansions: 1,749,135, Global best: 45
[00:00:31:02:002] Valid states checked so far: 2,000,000, Expansions: 1,942,389, Global best: 45
[00:00:33:19:549] Path of length 44 found: [0, 9, 18, 19, 28, 37, 36, 45, 54, 63, 72, 73, 74, 65, 56, 47, 48, 39, 40, 41, 32, 23, 22, 13, 4, 5, 6, 7, 16, 25, 34, 35, 44, 53, 52, 61, 60, 59, 58, 67, 76, 77, 78, 79, 80]
[00:00:33:19:550] ! Unidirectional s-t. expansions: 2,087,982, time: 1,999,549 [ms], path length: 44 [edges], generated: 2,148,417
[00:00:03:00:366] Valid states checked so far: 200,000, Expansions: 176,751, Global best: 43
[00:00:06:22:931] Valid states checked so far: 400,000, Expansions: 368,044, Global best: 43
[00:00:09:28:209] Valid states checked so far: 600,000, Expansions: 551,012, Global best: 43
[00:00:12:40:439] Valid states checked so far: 800,000, Expansions: 740,572, Global best: 45
[00:00:13:40:251] Path of length 44 found: [80, 79, 78, 69, 60, 61, 52, 53, 44, 35, 26, 17, 8, 7, 6, 5, 4, 13, 22, 23, 32, 41, 40, 39, 38, 47, 56, 57, 58, 67, 76, 75, 74, 73, 64, 63, 54, 45, 36, 27, 18, 9, 10, 1, 0]
[00:00:13:40:252] ! Unidirectional t-s. expansions: 799,827, time: 820,251 [ms], path length: 44 [edges], generated: 860,262
[00:00:02:32:033] Valid meeting checks so far: 200,000, state_vs_state: 6,920, state_vs_prefix: 0, prefix_vs_prefix: 193,080
[00:00:05:00:091] Valid meeting checks so far: 400,000, state_vs_state: 15,017, state_vs_prefix: 0, prefix_vs_prefix: 384,983
[00:00:07:30:890] Valid meeting checks so far: 600,000, state_vs_state: 21,331, state_vs_prefix: 0, prefix_vs_prefix: 578,669
[00:00:10:03:596] Valid meeting checks so far: 800,000, state_vs_state: 26,395, state_vs_prefix: 0, prefix_vs_prefix: 773,605
[00:00:12:32:744] Valid meeting checks so far: 1,000,000, state_vs_state: 35,058, state_vs_prefix: 0, prefix_vs_prefix: 964,942
[00:00:15:01:389] Valid meeting checks so far: 1,200,000, state_vs_state: 40,425, state_vs_prefix: 0, prefix_vs_prefix: 1,159,575
[00:00:17:26:096] Valid meeting checks so far: 1,400,000, state_vs_state: 46,933, state_vs_prefix: 0, prefix_vs_prefix: 1,353,067
[00:00:19:52:262] Valid meeting checks so far: 1,600,000, state_vs_state: 55,730, state_vs_prefix: 0, prefix_vs_prefix: 1,544,270
[00:00:22:22:063] Valid meeting checks so far: 1,800,000, state_vs_state: 59,786, state_vs_prefix: 0, prefix_vs_prefix: 1,740,214
[00:00:22:32:061] Path of length 44 found: [0, 9, 18, 19, 28, 37, 36, 45, 54, 63, 72, 73, 74, 65, 56, 47, 48, 39, 40, 41, 32, 23, 22, 13, 4, 5, 6, 7, 8, 17, 26, 35, 44, 53, 52, 61, 60, 59, 58, 67, 76, 77, 78, 79, 80]
[00:00:22:32:574] ! Bidirectional. expansions: 2,386,102, time: 1,352,061 [ms], path length: 44 [edges], g_F: 22, g_B: 22, generated: {'F': 1,430,454, 'B': 1,493,424}, MM: 0, MMPER: -1.0%
[00:00:22:32:574] 
---------- SM_Grids/9x9_grid_with_random_blocks_16per_9 ----------
[00:00:03:13:113] Valid states checked so far: 200,000, Expansions: 181,906, Global best: 41
[00:00:06:25:193] Valid states checked so far: 400,000, Expansions: 362,233, Global best: 41
[00:00:09:39:309] Valid states checked so far: 600,000, Expansions: 541,627, Global best: 41
[00:00:12:57:483] Valid states checked so far: 800,000, Expansions: 721,426, Global best: 41
[00:00:14:42:193] Path of length 40 found: [0, 9, 18, 27, 28, 29, 20, 11, 12, 13, 4, 5, 6, 7, 8, 17, 26, 25, 24, 23, 32, 31, 40, 39, 48, 47, 46, 45, 54, 63, 64, 65, 66, 67, 58, 59, 60, 69, 78, 79, 80]
[00:00:14:42:193] ! Unidirectional s-t. expansions: 816,453, time: 882,193 [ms], path length: 40 [edges], generated: 907,356
[00:00:03:23:027] Valid states checked so far: 200,000, Expansions: 189,406, Global best: 43
[00:00:06:44:637] Valid states checked so far: 400,000, Expansions: 380,638, Global best: 43
[00:00:10:05:695] Valid states checked so far: 600,000, Expansions: 570,779, Global best: 43
[00:00:13:25:949] Valid states checked so far: 800,000, Expansions: 759,506, Global best: 43
[00:00:16:42:302] Valid states checked so far: 1,000,000, Expansions: 948,027, Global best: 43
[00:00:20:04:706] Valid states checked so far: 1,200,000, Expansions: 1,138,947, Global best: 43
[00:00:23:28:157] Valid states checked so far: 1,400,000, Expansions: 1,331,712, Global best: 43
[00:00:26:55:814] Valid states checked so far: 1,600,000, Expansions: 1,522,766, Global best: 43
[00:00:30:22:643] Valid states checked so far: 1,800,000, Expansions: 1,710,920, Global best: 43
[00:00:30:39:307] Path of length 42 found: [80, 71, 70, 61, 60, 59, 58, 67, 66, 65, 64, 63, 54, 45, 46, 47, 48, 39, 40, 31, 32, 23, 24, 25, 26, 17, 8, 7, 6, 5, 4, 13, 12, 21, 20, 29, 28, 27, 18, 9, 10, 1, 0]
[00:00:30:39:307] ! Unidirectional t-s. expansions: 1,726,503, time: 1,839,307 [ms], path length: 42 [edges], generated: 1,817,406
[00:00:02:49:042] Valid meeting checks so far: 200,000, state_vs_state: 6,731, state_vs_prefix: 0, prefix_vs_prefix: 193,269
[00:00:05:41:425] Valid meeting checks so far: 400,000, state_vs_state: 12,356, state_vs_prefix: 0, prefix_vs_prefix: 387,644
[00:00:08:32:154] Valid meeting checks so far: 600,000, state_vs_state: 17,068, state_vs_prefix: 0, prefix_vs_prefix: 582,932
[00:00:11:14:521] Valid meeting checks so far: 800,000, state_vs_state: 24,483, state_vs_prefix: 0, prefix_vs_prefix: 775,517
[00:00:14:03:170] Valid meeting checks so far: 1,000,000, state_vs_state: 31,306, state_vs_prefix: 0, prefix_vs_prefix: 968,694
[00:00:16:52:774] Valid meeting checks so far: 1,200,000, state_vs_state: 37,090, state_vs_prefix: 0, prefix_vs_prefix: 1,162,910
[00:00:19:34:097] Valid meeting checks so far: 1,400,000, state_vs_state: 42,036, state_vs_prefix: 0, prefix_vs_prefix: 1,357,964
[00:00:22:22:911] Valid meeting checks so far: 1,600,000, state_vs_state: 46,579, state_vs_prefix: 0, prefix_vs_prefix: 1,553,421
[00:00:25:07:450] Valid meeting checks so far: 1,800,000, state_vs_state: 51,909, state_vs_prefix: 0, prefix_vs_prefix: 1,748,091
[00:00:27:52:977] Valid meeting checks so far: 2,000,000, state_vs_state: 56,600, state_vs_prefix: 0, prefix_vs_prefix: 1,943,400
[00:00:30:33:944] Valid meeting checks so far: 2,200,000, state_vs_state: 62,175, state_vs_prefix: 0, prefix_vs_prefix: 2,137,825
[00:00:33:17:611] Valid meeting checks so far: 2,400,000, state_vs_state: 66,780, state_vs_prefix: 0, prefix_vs_prefix: 2,333,220
[00:00:36:02:156] Valid meeting checks so far: 2,600,000, state_vs_state: 71,218, state_vs_prefix: 0, prefix_vs_prefix: 2,528,782
[00:00:38:49:984] Valid meeting checks so far: 2,800,000, state_vs_state: 76,376, state_vs_prefix: 0, prefix_vs_prefix: 2,723,624
[00:00:41:36:530] Valid meeting checks so far: 3,000,000, state_vs_state: 80,886, state_vs_prefix: 0, prefix_vs_prefix: 2,919,114
[00:00:44:18:802] Valid meeting checks so far: 3,200,000, state_vs_state: 85,480, state_vs_prefix: 0, prefix_vs_prefix: 3,114,520
[00:00:47:07:363] Valid meeting checks so far: 3,400,000, state_vs_state: 88,943, state_vs_prefix: 0, prefix_vs_prefix: 3,311,057
[00:00:47:52:132] Path of length 40 found: [0, 9, 18, 27, 28, 29, 20, 11, 12, 13, 4, 5, 6, 7, 8, 17, 26, 25, 24, 23, 32, 31, 40, 39, 48, 47, 46, 45, 54, 63, 64, 65, 66, 67, 58, 59, 60, 61, 70, 71, 80]
[00:00:47:52:604] ! Bidirectional. expansions: 4,784,738, time: 2,872,132 [ms], path length: 40 [edges], g_F: 20, g_B: 20, generated: {'F': 2,638,630, 'B': 3,035,613}, MM: 0, MMPER: -1.0%

[00:00:47:52:604] average expansions: (1,914,792, 1,520,684, 2,357,449, 0)
[00:00:47:52:604] average time: (1,995,394, 1,677,869, 1,528,660, 0)
[00:00:47:52:604] X-DFBnB: 1,520,684 , 1,677,869 (expansions , time[ms])
[00:00:47:52:604] BiX-DFBnB: 2,357,449 , 1,528,660 (expansions , time[ms])

