Mon 09 Mar 2026 17:31:23 IST

SLURM_JOBID:		 15365791
SLURM_JOB_NODELIST:	 ise-cpu256-05 

--------------------------
date: SM_Grids
number_of_graphs: 10
graph_type: grid
size_of_graphs: [9, 9]
heuristic: heuristic0
snake: True
run_uni: True
run_bi: True
run_multi: False
solution_vertices: []
algorithms: ['DFBnB']
bsd: False
cube_first_dims: 4
cube_buffer_dim: None
backward_sym_generation: False
sym_coil: False
prefix_set: None

---------- SM_Grids/9x9_grid_with_random_blocks_20per_0 ----------
[00:00:03:29:481] Valid states checked so far: 200,000, Expansions: 195,206, Global best: 35
[00:00:05:53:471] Path of length 34 found: [0, 9, 18, 27, 28, 37, 46, 45, 54, 63, 64, 65, 56, 57, 48, 49, 40, 31, 30, 21, 12, 13, 14, 15, 24, 33, 34, 43, 52, 51, 60, 69, 70, 71, 80]
[00:00:05:53:472] ! Unidirectional s-t. expansions: 323,806, time: 353,472 [ms], path length: 34 [edges], generated: 331,586
[00:00:03:45:768] Valid states checked so far: 200,000, Expansions: 193,772, Global best: 35
[00:00:05:05:607] Path of length 34 found: [80, 71, 62, 53, 52, 43, 34, 25, 16, 15, 14, 13, 12, 21, 30, 31, 40, 41, 50, 59, 58, 57, 56, 65, 64, 63, 54, 45, 46, 37, 28, 19, 10, 9, 0]
[00:00:05:05:608] ! Unidirectional t-s. expansions: 263,454, time: 305,608 [ms], path length: 34 [edges], generated: 271,234
[00:00:02:56:072] Valid meeting checks so far: 200,000, state_vs_state: 2,581, state_vs_prefix: 0, prefix_vs_prefix: 197,419
[00:00:05:56:512] Valid meeting checks so far: 400,000, state_vs_state: 4,861, state_vs_prefix: 0, prefix_vs_prefix: 395,139
[00:00:08:53:313] Valid meeting checks so far: 600,000, state_vs_state: 7,339, state_vs_prefix: 0, prefix_vs_prefix: 592,661
[00:00:09:47:452] Path of length 34 found: [0, 9, 18, 27, 28, 37, 46, 45, 54, 63, 64, 65, 56, 57, 48, 49, 50, 41, 32, 31, 30, 21, 12, 13, 14, 15, 16, 25, 34, 43, 52, 53, 62, 71, 80]
[00:00:09:48:033] ! Bidirectional. expansions: 924,862, time: 587,453 [ms], path length: 34 [edges], g_F: 17, g_B: 17, generated: {'F': 529,722, 'B': 571,920}, MM: 0, MMPER: -1.0%
[00:00:09:48:034] 
---------- SM_Grids/9x9_grid_with_random_blocks_20per_1 ----------
[00:00:02:30:570] Path of length 30 found: [0, 9, 18, 27, 28, 37, 38, 39, 40, 31, 22, 21, 12, 3, 4, 5, 14, 15, 24, 25, 26, 35, 44, 43, 42, 51, 60, 61, 62, 71, 80]
[00:00:02:30:571] ! Unidirectional s-t. expansions: 133,364, time: 150,570 [ms], path length: 30 [edges], generated: 134,737
[00:00:01:46:055] Path of length 32 found: [80, 71, 62, 61, 60, 51, 42, 43, 44, 35, 26, 25, 16, 7, 6, 5, 4, 3, 12, 21, 22, 31, 40, 39, 38, 29, 28, 27, 18, 9, 10, 1, 0]
[00:00:01:46:056] ! Unidirectional t-s. expansions: 94,003, time: 106,056 [ms], path length: 32 [edges], generated: 95,376
[00:00:01:32:300] Path of length 30 found: [0, 9, 18, 27, 28, 37, 38, 39, 40, 31, 22, 21, 12, 3, 4, 5, 6, 7, 16, 25, 26, 35, 44, 43, 42, 51, 60, 61, 62, 71, 80]
[00:00:01:32:852] ! Bidirectional. expansions: 142,948, time: 92,300 [ms], path length: 30 [edges], g_F: 15, g_B: 15, generated: {'F': 82,624, 'B': 87,552}, MM: 0, MMPER: -1.0%
[00:00:01:32:852] 
---------- SM_Grids/9x9_grid_with_random_blocks_20per_2 ----------
[00:00:00:57:740] Path of length 36 found: [0, 9, 10, 19, 20, 21, 30, 31, 32, 23, 14, 5, 6, 7, 16, 25, 26, 35, 44, 43, 42, 51, 60, 59, 58, 57, 56, 65, 74, 75, 76, 77, 78, 79, 70, 71, 80]
[00:00:00:57:740] ! Unidirectional s-t. expansions: 53,869, time: 57,740 [ms], path length: 36 [edges], generated: 54,762
[00:00:03:36:599] Valid states checked so far: 200,000, Expansions: 199,390, Global best: 27
[00:00:04:16:654] Path of length 34 found: [80, 79, 78, 77, 76, 75, 74, 65, 56, 57, 58, 59, 60, 51, 42, 43, 44, 35, 26, 25, 16, 7, 6, 5, 14, 23, 32, 31, 30, 21, 20, 19, 10, 9, 0]
[00:00:04:16:654] ! Unidirectional t-s. expansions: 235,482, time: 256,654 [ms], path length: 34 [edges], generated: 236,375
[00:00:02:37:486] Path of length 34 found: [0, 9, 10, 19, 20, 21, 30, 31, 32, 23, 14, 5, 6, 7, 16, 25, 26, 35, 44, 43, 42, 51, 60, 59, 58, 57, 56, 65, 74, 75, 76, 77, 78, 79, 80]
[00:00:02:38:094] ! Bidirectional. expansions: 276,878, time: 157,486 [ms], path length: 34 [edges], g_F: 17, g_B: 17, generated: {'F': 172,842, 'B': 131,067}, MM: 0, MMPER: -1.0%
[00:00:02:38:095] 
---------- SM_Grids/9x9_grid_with_random_blocks_20per_3 ----------
[00:00:03:10:687] Valid states checked so far: 200,000, Expansions: 197,280, Global best: 39
[00:00:05:55:135] Path of length 38 found: [0, 9, 10, 11, 2, 3, 4, 13, 14, 15, 16, 17, 26, 35, 34, 33, 32, 41, 40, 39, 30, 29, 28, 27, 36, 45, 54, 55, 56, 57, 66, 67, 68, 59, 60, 61, 70, 79, 80]
[00:00:05:55:136] ! Unidirectional s-t. expansions: 365,210, time: 355,136 [ms], path length: 38 [edges], generated: 369,973
[00:00:03:23:749] Valid states checked so far: 200,000, Expansions: 195,606, Global best: 39
[00:00:03:38:349] Path of length 38 found: [80, 79, 70, 61, 60, 59, 68, 67, 66, 57, 56, 47, 46, 45, 36, 27, 28, 29, 30, 39, 40, 41, 32, 33, 34, 35, 26, 17, 16, 15, 14, 5, 4, 3, 2, 1, 10, 9, 0]
[00:00:03:38:350] ! Unidirectional t-s. expansions: 210,417, time: 218,349 [ms], path length: 38 [edges], generated: 215,180
[00:00:02:39:001] Valid meeting checks so far: 200,000, state_vs_state: 4,094, state_vs_prefix: 0, prefix_vs_prefix: 195,906
[00:00:03:11:096] Path of length 38 found: [0, 9, 10, 11, 2, 3, 4, 13, 14, 15, 16, 17, 26, 35, 34, 33, 32, 41, 40, 39, 30, 29, 28, 27, 36, 45, 46, 47, 56, 57, 66, 67, 68, 59, 60, 61, 70, 79, 80]
[00:00:03:11:653] ! Bidirectional. expansions: 301,122, time: 191,097 [ms], path length: 38 [edges], g_F: 19, g_B: 19, generated: {'F': 201,629, 'B': 180,170}, MM: 0, MMPER: -1.0%
[00:00:03:11:653] 
---------- SM_Grids/9x9_grid_with_random_blocks_20per_4 ----------
[00:00:00:40:307] Path of length 36 found: [0, 9, 18, 19, 28, 37, 36, 45, 54, 63, 64, 65, 56, 47, 48, 49, 40, 31, 30, 21, 12, 3, 4, 5, 14, 15, 16, 25, 34, 43, 42, 51, 60, 69, 70, 79, 80]
[00:00:00:40:307] ! Unidirectional s-t. expansions: 33,008, time: 40,307 [ms], path length: 36 [edges], generated: 35,677
[00:00:01:44:564] Path of length 36 found: [80, 71, 62, 61, 60, 51, 42, 43, 34, 25, 16, 15, 6, 5, 4, 3, 12, 21, 30, 31, 40, 49, 48, 47, 56, 65, 64, 63, 54, 45, 36, 37, 28, 19, 10, 1, 0]
[00:00:01:44:564] ! Unidirectional t-s. expansions: 95,162, time: 104,564 [ms], path length: 36 [edges], generated: 97,831
[00:00:01:46:501] Path of length 36 found: [0, 9, 18, 19, 28, 37, 36, 45, 54, 63, 64, 65, 56, 47, 48, 49, 40, 31, 30, 21, 12, 3, 4, 5, 6, 15, 16, 25, 34, 43, 42, 51, 60, 61, 62, 71, 80]
[00:00:01:47:054] ! Bidirectional. expansions: 166,436, time: 106,501 [ms], path length: 36 [edges], g_F: 18, g_B: 18, generated: {'F': 93,388, 'B': 110,134}, MM: 0, MMPER: -1.0%
[00:00:01:47:054] 
---------- SM_Grids/9x9_grid_with_random_blocks_20per_5 ----------
[00:00:03:27:455] Valid states checked so far: 200,000, Expansions: 194,126, Global best: 35
[00:00:04:24:539] Path of length 34 found: [0, 9, 18, 27, 28, 29, 38, 47, 56, 65, 66, 67, 58, 59, 50, 41, 32, 31, 22, 13, 14, 15, 6, 7, 8, 17, 26, 25, 34, 43, 52, 61, 70, 79, 80]
[00:00:04:24:540] ! Unidirectional s-t. expansions: 247,724, time: 264,539 [ms], path length: 34 [edges], generated: 255,221
[00:00:03:09:887] Path of length 36 found: [80, 71, 62, 61, 52, 43, 34, 25, 26, 17, 8, 7, 6, 15, 14, 13, 22, 31, 32, 41, 50, 59, 58, 67, 66, 65, 56, 47, 38, 29, 28, 27, 18, 9, 10, 1, 0]
[00:00:03:09:888] ! Unidirectional t-s. expansions: 172,006, time: 189,888 [ms], path length: 36 [edges], generated: 179,503
[00:00:02:47:443] Valid meeting checks so far: 200,000, state_vs_state: 3,585, state_vs_prefix: 0, prefix_vs_prefix: 196,415
[00:00:05:37:135] Valid meeting checks so far: 400,000, state_vs_state: 7,337, state_vs_prefix: 0, prefix_vs_prefix: 392,663
[00:00:05:41:414] Path of length 34 found: [0, 9, 18, 27, 28, 29, 38, 47, 56, 65, 66, 67, 58, 59, 50, 41, 32, 31, 22, 13, 14, 15, 6, 7, 8, 17, 26, 25, 34, 43, 52, 61, 62, 71, 80]
[00:00:05:42:024] ! Bidirectional. expansions: 548,704, time: 341,414 [ms], path length: 34 [edges], g_F: 17, g_B: 17, generated: {'F': 345,705, 'B': 336,024}, MM: 0, MMPER: -1.0%
[00:00:05:42:024] 
---------- SM_Grids/9x9_grid_with_random_blocks_20per_6 ----------
[00:00:00:38:624] Path of length 18 found: [0, 9, 18, 27, 28, 37, 38, 39, 40, 41, 50, 59, 58, 67, 76, 77, 78, 79, 80]
[00:00:00:38:624] ! Unidirectional s-t. expansions: 32,241, time: 38,624 [ms], path length: 18 [edges], generated: 32,697
[00:00:00:14:542] Path of length 20 found: [80, 79, 78, 77, 76, 67, 58, 59, 50, 41, 40, 39, 30, 29, 28, 27, 18, 9, 10, 1, 0]
[00:00:00:14:543] ! Unidirectional t-s. expansions: 11,353, time: 14,542 [ms], path length: 20 [edges], generated: 11,809
[00:00:00:10:392] Path of length 18 found: [0, 9, 18, 27, 28, 37, 38, 39, 40, 41, 50, 59, 58, 67, 76, 77, 78, 79, 80]
[00:00:00:10:921] ! Bidirectional. expansions: 14,374, time: 10,392 [ms], path length: 18 [edges], g_F: 9, g_B: 9, generated: {'F': 9,867, 'B': 9,153}, MM: 0, MMPER: -1.0%
[00:00:00:10:921] 
---------- SM_Grids/9x9_grid_with_random_blocks_20per_7 ----------
[00:00:03:35:645] Valid states checked so far: 200,000, Expansions: 195,401, Global best: 29
[00:00:03:43:892] Path of length 28 found: [0, 9, 18, 27, 36, 45, 54, 63, 64, 65, 56, 47, 38, 29, 20, 21, 22, 31, 40, 49, 58, 67, 76, 77, 78, 79, 70, 71, 80]
[00:00:03:43:892] ! Unidirectional s-t. expansions: 203,085, time: 223,892 [ms], path length: 28 [edges], generated: 207,854
[00:00:01:16:512] Path of length 30 found: [80, 71, 62, 61, 60, 59, 58, 67, 66, 65, 64, 63, 54, 45, 46, 47, 48, 39, 40, 31, 22, 21, 20, 29, 28, 27, 18, 9, 10, 1, 0]
[00:00:01:16:512] ! Unidirectional t-s. expansions: 62,749, time: 76,512 [ms], path length: 30 [edges], generated: 67,518
[00:00:02:09:607] Path of length 28 found: [0, 9, 18, 27, 28, 29, 20, 21, 22, 31, 40, 39, 48, 47, 46, 45, 54, 63, 64, 65, 66, 67, 58, 59, 60, 61, 62, 71, 80]
[00:00:02:10:179] ! Bidirectional. expansions: 192,216, time: 129,607 [ms], path length: 28 [edges], g_F: 14, g_B: 14, generated: {'F': 135,231, 'B': 101,729}, MM: 0, MMPER: -1.0%
[00:00:02:10:179] 
---------- SM_Grids/9x9_grid_with_random_blocks_20per_8 ----------
[00:00:03:11:228] Valid states checked so far: 200,000, Expansions: 194,736, Global best: 39
[00:00:06:05:460] Path of length 38 found: [0, 9, 18, 27, 28, 29, 20, 21, 12, 3, 4, 5, 14, 15, 24, 33, 34, 35, 44, 53, 52, 51, 60, 59, 58, 49, 48, 47, 46, 55, 64, 65, 66, 75, 76, 77, 78, 79, 80]
[00:00:06:05:460] ! Unidirectional s-t. expansions: 368,042, time: 365,460 [ms], path length: 38 [edges], generated: 377,606
[00:00:02:01:233] Path of length 38 found: [80, 79, 78, 77, 76, 67, 66, 65, 64, 55, 46, 47, 48, 49, 50, 59, 60, 61, 52, 43, 34, 35, 26, 17, 16, 15, 14, 5, 4, 3, 12, 21, 20, 29, 28, 27, 18, 9, 0]
[00:00:02:01:233] ! Unidirectional t-s. expansions: 112,303, time: 121,233 [ms], path length: 38 [edges], generated: 121,867
[00:00:02:46:582] Valid meeting checks so far: 200,000, state_vs_state: 6,459, state_vs_prefix: 0, prefix_vs_prefix: 193,541
[00:00:03:35:657] Path of length 38 found: [0, 9, 18, 27, 28, 29, 20, 21, 12, 3, 4, 5, 14, 15, 24, 33, 34, 35, 44, 53, 52, 61, 60, 59, 50, 49, 48, 47, 46, 55, 64, 65, 66, 67, 76, 77, 78, 79, 80]
[00:00:03:36:187] ! Bidirectional. expansions: 377,936, time: 215,658 [ms], path length: 38 [edges], g_F: 19, g_B: 19, generated: {'F': 240,263, 'B': 197,452}, MM: 0, MMPER: -1.0%
[00:00:03:36:187] 
---------- SM_Grids/9x9_grid_with_random_blocks_20per_9 ----------
[00:00:00:46:866] Path of length 34 found: [0, 9, 18, 27, 36, 37, 46, 55, 54, 63, 72, 73, 74, 75, 76, 67, 58, 49, 40, 39, 30, 21, 22, 23, 24, 25, 34, 43, 42, 51, 60, 69, 70, 71, 80]
[00:00:00:46:866] ! Unidirectional s-t. expansions: 44,383, time: 46,866 [ms], path length: 34 [edges], generated: 45,887
[00:00:00:39:735] Path of length 34 found: [80, 71, 70, 61, 60, 51, 42, 43, 34, 25, 24, 23, 22, 21, 30, 39, 48, 57, 58, 67, 76, 75, 74, 73, 72, 63, 54, 55, 46, 37, 36, 27, 18, 9, 0]
[00:00:00:39:735] ! Unidirectional t-s. expansions: 37,053, time: 39,735 [ms], path length: 34 [edges], generated: 38,557
[00:00:00:28:549] Path of length 34 found: [0, 9, 18, 27, 36, 37, 46, 55, 54, 63, 72, 73, 74, 75, 76, 67, 58, 49, 48, 39, 30, 21, 22, 23, 24, 25, 34, 43, 42, 51, 60, 61, 70, 71, 80]
[00:00:00:29:076] ! Bidirectional. expansions: 46,796, time: 28,549 [ms], path length: 34 [edges], g_F: 17, g_B: 17, generated: {'F': 29,398, 'B': 25,836}, MM: 0, MMPER: -1.0%

[00:00:00:29:076] average expansions: (180,473, 129,398, 299,227, 0)
[00:00:00:29:076] average time: (189,661, 143,314, 186,046, 0)
[00:00:00:29:076] X-DFBnB: 129,398 , 143,314 (expansions , time[ms])
[00:00:00:29:076] BiX-DFBnB: 299,227 , 186,046 (expansions , time[ms])

